-0.513077 1
-0.501149 2
-0.499174 1
0 0
0 0
0 0
0 0
-0.466016 1
0 0
-0.448887 1
-0.445758 2
-0.438679 4
-0.428843 1
-0.424876 3
-0.418533 2
-0.414484 1
-0.403432 1
-0.399357 3
-0.391565 5
-0.385032 3
-0.379246 4
-0.373825 5
-0.36601 5
-0.360306 2
-0.352672 4
-0.34819 4
-0.340348 8
-0.334957 7
-0.327232 9
-0.32022 13
-0.31497 5
-0.307627 10
-0.300978 22
-0.295168 18
-0.28898 18
-0.2826 19
-0.27629 17
-0.269217 16
-0.262584 15
-0.255616 19
-0.249427 18
-0.242845 17
-0.235941 33
-0.230666 26
-0.223204 12
-0.21687 32
-0.210743 26
-0.204369 26
-0.197294 30
-0.191227 27
-0.184665 31
-0.177546 35
-0.171251 26
-0.165294 33
-0.158317 28
-0.151924 32
-0.14539 33
-0.139192 33
-0.132134 45
-0.126033 37
-0.119179 41
-0.112997 36
-0.106411 56
-0.10005 54
-0.0933158 63
-0.0866491 70
-0.0804218 96
-0.0736101 145
-0.0668394 166
-0.0607264 296
-0.0543558 286
-0.0477907 268
-0.0415877 252
-0.0346911 196
-0.0282091 181
-0.0217764 214
-0.0153108 285
-0.00861482 303
-0.000117412 6205
0.00379778 309
0.0105701 271
0.0170967 244
0.0237151 196
0.0303586 189
0.0369153 206
0.0432367 225
0.0497981 231
0.05613 202
0.0621728 153
0.069048 71
0.0758995 50
0.0823593 45
0.0884653 35
0.0953584 28
0.101684 28
0.108324 18
0.114611 22
0.121428 16
0.128075 12
0.134843 14
0.141124 18
0.147676 23
0.154655 21
0.160015 11
0.167185 13
0.173682 12
0.180248 12
0.187501 12
0.192585 11
0.199423 8
0.207321 7
0.212248 3
0.219639 8
0.225119 6
0.232688 8
0.240398 6
0.246409 4
0.251357 3
0.255695 1
0.26515 5
0.269309 3
0.277421 7
0.28607 2
0.291694 4
0.297582 3
0.302071 2
0.309065 2
0.314495 1
0.323522 3
0.331629 1
0.335666 2
0.344781 1
0 0
0 0
0.363391 3
0 0
0 0
0.383345 1
0 0
0 0
0 0
0 0
0 0
0 0
0.428676 2
0.431025 1
0.440986 1
0 0
0.454339 1
0 0
0 0
0.470822 1
0 0
0.486003 1
0 0
0 0
0 0
0 0
0 0
0 0
0.531637 2
0 0
0.543885 1
0 0
0.554828 1
0 0
0 0
0 0
0 0
0 0
0 0
0 0
0 0
0 0
0 0
0 0
0 0
0.639943 1
0.646224 1
0 0
0 0
0 0
0 0
0 0
0 0
0 0
0 0
0 0
0 0
0 0
0 0
0 0
0 0
0 0
0 0
0 0
0 0
0 0
0 0
0 0
0.788452 1
