-0.874476 1
-0.850303 1
0 0
0 0
-0.808927 2
-0.798055 3
-0.78896 2
0 0
0 0
0 0
-0.739766 1
0 0
0 0
0 0
0 0
0 0
0 0
0 0
0 0
0 0
0 0
0 0
0 0
0 0
0 0
0 0
-0.515765 1
0 0
0 0
-0.480491 2
0 0
0 0
0 0
0 0
0 0
0 0
0 0
0 0
0 0
0 0
-0.334825 1
-0.323333 1
0 0
-0.295201 2
-0.282166 2
-0.260742 2
-0.257189 2
-0.241703 5
-0.227439 3
-0.211443 6
-0.201027 5
-0.185226 5
-0.172577 4
-0.158035 7
-0.14538 7
-0.132347 19
-0.119618 17
-0.104381 19
-0.0929501 30
-0.0789734 24
-0.0662685 22
-0.0522174 24
-0.0385974 14
-0.0248857 19
-0.0125093 14
-6.75745e-06 194
0.0159329 4
0.027656 2
0.0387679 2
0.054051 2
0.0704275 1
0.0827043 2
0 0
0.109232 2
0.118401 1
0 0
0 0
0 0
0.18058 1
0.187701 1
0.206851 1
0 0
0 0
0 0
0 0
0.273914 1
0 0
0.299617 2
0 0
0.318701 1
0.336402 2
0 0
0 0
0.372166 1
0 0
0 0
0.421682 1
0 0
0 0
0 0
0 0
0.485714 1
0 0
0 0
0 0
0 0
0 0
0 0
0 0
0 0
0.598637 1
0 0
0 0
0 0
0 0
0 0
0 0
0.695158 2
0.705325 1
0 0
0 0
0.749964 1
0 0
0 0
0 0
0 0
0 0
0 0
0 0
0.8614 1
0 0
0 0
0 0
0.910943 2
0.92896 1
0 0
0 0
0 0
0 0
0 0
1.01007 1
0 0
0 0
0 0
0 0
0 0
0 0
1.09772 1
0 0
0 0
0 0
1.15223 1
0 0
0 0
0 0
0 0
1.22477 1
1.23191 1
1.24478 1
0 0
1.27201 1
0 0
0 0
0 0
0 0
0 0
0 0
0 0
0 0
0 0
0 0
0 0
0 0
0 0
0 0
1.46976 1
0 0
0 0
0 0
0 0
0 0
0 0
0 0
0 0
0 0
0 0
0 0
0 0
1.64313 1
1.66201 1
0 0
0 0
1.70463 1
0 0
0 0
0 0
0 0
0 0
0 0
0 0
1.79974 1
