-0.469457 2
0 0
-0.458637 1
0 0
0 0
0 0
-0.438413 1
0 0
-0.426872 1
0 0
-0.420823 2
-0.412215 1
-0.40799 1
0 0
-0.398243 1
0 0
0 0
-0.382862 2
-0.380721 1
-0.37252 1
-0.368212 1
-0.365339 2
0 0
0 0
-0.350197 4
0 0
-0.339633 6
-0.336707 4
0 0
-0.325699 3
-0.320497 4
-0.315696 3
-0.309606 3
-0.305462 1
-0.301756 5
-0.296595 5
-0.291644 8
-0.286032 4
-0.282051 12
-0.275423 9
-0.27094 12
-0.266226 8
-0.26194 8
-0.256932 7
-0.251231 9
-0.246163 16
-0.241595 9
-0.236401 10
-0.231671 13
-0.226892 8
-0.221526 11
-0.217305 13
-0.211779 17
-0.207174 15
-0.202472 14
-0.197563 20
-0.1926 24
-0.187772 17
-0.182008 22
-0.177783 28
-0.172355 25
-0.167689 31
-0.162447 23
-0.157662 33
-0.152899 29
-0.147863 32
-0.143042 33
-0.137963 42
-0.133359 47
-0.128216 63
-0.12374 24
-0.118272 37
-0.113517 37
-0.10835 38
-0.103436 52
-0.0986133 59
-0.0936089 57
-0.0890254 63
-0.0838948 104
-0.0788715 109
-0.0740861 136
-0.0690079 151
-0.0639207 237
-0.0592911 313
-0.0542111 299
-0.0492047 330
-0.0444007 373
-0.0395138 381
-0.0344996 329
-0.0294923 314
-0.0245553 477
-0.0197476 551
-0.0148137 744
-0.00991801 738
-0.0046872 1029
-4.81128e-05 7931
0.00447229 626
0.00978822 437
0.0146727 409
0.0194236 333
0.024568 296
0.0294268 254
0.0343495 253
0.0393708 240
0.0442116 263
0.0493038 248
0.0541558 220
0.059207 225
0.0638057 161
0.0689551 113
0.0737299 104
0.0787115 79
0.08413 105
0.0890919 76
0.0939399 71
0.0983906 48
0.103675 56
0.108494 49
0.113345 33
0.118896 42
0.122881 25
0.128126 26
0.132571 33
0.137833 26
0.143111 31
0.148059 25
0.153283 27
0.157631 22
0.162543 24
0.167616 23
0.172582 25
0.177827 17
0.18306 20
0.187022 16
0.192231 13
0.197622 26
0.202153 11
0.206834 14
0.212069 19
0.21709 14
0.221613 10
0.227075 14
0.231268 12
0.236365 7
0.241869 10
0.24559 8
0.251762 11
0.256371 8
0.26065 6
0.266543 7
0.272043 5
0.278053 1
0.281347 5
0.287214 3
0.289041 1
0.296145 4
0.300894 5
0.305259 5
0.311735 6
0.314838 3
0.319401 2
0.324987 4
0.330442 3
0.335286 3
0.340227 6
0.344918 3
0.35008 1
0.352719 1
0.359356 2
0 0
0.372183 1
0.37509 2
0.38029 3
0.384598 1
0.387186 1
0 0
0 0
0.405489 1
0.408101 1
0 0
0 0
0.421985 2
0.430012 1
0.432728 1
0.437012 1
0 0
0 0
0 0
0 0
0 0
0 0
0.471918 1
0 0
0 0
0 0
0 0
0 0
0 0
0.508435 1
0 0
0.515351 1
