-0.573535 1
0 0
0 0
-0.552733 1
-0.53946 1
-0.534187 1
0 0
0 0
-0.51379 1
0 0
0 0
-0.491343 1
0 0
-0.480006 2
0 0
0 0
0 0
-0.450904 1
-0.446923 4
0 0
0 0
-0.423843 4
-0.417413 3
-0.411689 4
-0.403527 1
-0.396079 5
-0.389979 3
-0.38089 2
-0.374993 3
-0.368512 7
-0.364294 4
-0.356636 6
-0.349477 3
-0.342475 5
-0.33512 5
-0.328315 4
-0.321622 7
-0.315473 8
-0.307823 10
-0.300662 16
-0.293097 16
-0.286926 15
-0.280081 9
-0.272738 15
-0.264811 12
-0.25905 19
-0.251521 18
-0.243931 18
-0.237907 22
-0.231299 27
-0.224158 26
-0.217484 22
-0.210435 35
-0.203212 35
-0.196695 44
-0.189887 49
-0.182366 28
-0.17582 40
-0.16897 41
-0.16165 55
-0.154869 48
-0.147197 42
-0.141099 41
-0.134457 47
-0.127697 22
-0.120545 53
-0.113264 69
-0.106167 79
-0.0996385 90
-0.0925619 107
-0.085694 98
-0.0784786 131
-0.0716919 161
-0.0642271 242
-0.0579829 242
-0.0508602 232
-0.0442917 223
-0.0371851 254
-0.0301385 230
-0.0234052 289
-0.0163163 395
-0.00950794 490
-0.000342874 5581
0.00355198 557
0.0111648 353
0.0180743 274
0.0250085 240
0.0318827 185
0.0387868 197
0.0457225 158
0.0526517 142
0.0598233 150
0.0666032 70
0.0730156 72
0.0802967 49
0.0869285 31
0.0943891 35
0.100744 26
0.1081 27
0.115077 18
0.121304 7
0.129568 22
0.136103 24
0.142583 26
0.149389 22
0.156491 24
0.162979 12
0.170366 14
0.177253 16
0.184421 12
0.192064 17
0.197428 16
0.206056 12
0.2109 7
0.22064 13
0.224889 10
0.23189 9
0.239615 6
0.245417 11
0.25311 12
0.259821 5
0.267351 8
0.275118 5
0.280164 6
0.289275 4
0.294271 9
0.30126 3
0.306794 1
0.315058 6
0.321228 9
0.329867 2
0.334985 4
0.341916 2
0.350127 10
0.357277 2
0.364411 2
0.368699 2
0.378547 4
0.385667 4
0.390474 2
0.399119 4
0.405643 4
0.412662 2
0.416338 1
0 0
0.4303 1
0.439955 4
0.447797 6
0.453993 8
0 0
0.467472 3
0 0
0.481581 1
0.490303 1
0 0
0 0
0.511668 1
0.518361 1
0 0
0.532196 1
0 0
0.542558 1
0 0
0.557989 1
0.568045 1
0.573827 1
0 0
0.585193 1
0.589399 1
0.598938 4
0.609002 1
0.614854 2
0.619816 2
0.628185 1
0 0
0 0
0.649833 1
0 0
0 0
0.66878 1
0 0
0 0
0 0
0 0
0 0
0 0
0 0
0 0
0 0
0 0
0 0
0 0
0 0
0 0
0 0
0.780028 2
0 0
0 0
0 0
0 0
0.810415 1
