-0.908155 1
0 0
0 0
-0.861261 1
0 0
-0.845267 1
-0.828031 2
0 0
-0.806032 1
0 0
0 0
-0.774545 1
0 0
-0.744503 1
-0.737221 1
0 0
-0.71148 1
0 0
0 0
0 0
0 0
0 0
0 0
0 0
0 0
0 0
0 0
0 0
0 0
0 0
0 0
0 0
0 0
0 0
0 0
0 0
0 0
0 0
0 0
0 0
0 0
-0.407582 2
-0.391927 1
-0.380713 2
0 0
0 0
0 0
0 0
-0.322346 2
0 0
-0.298397 2
0 0
-0.271724 2
-0.258682 5
-0.241342 1
-0.232974 5
-0.224696 3
-0.209838 7
-0.199525 8
-0.185941 10
-0.172954 16
-0.160232 12
-0.150406 18
-0.13778 17
-0.123594 10
-0.111612 16
-0.100769 21
-0.0900834 24
-0.0762327 17
-0.06355 30
-0.0522928 24
-0.0400805 19
-0.0261262 15
-0.0157748 39
-0.00362989 56
0.00806138 24
0.0202578 9
0.0343077 8
0.042608 4
0.0591304 3
0.0658594 1
0.0865851 1
0.0960442 2
0.1006 1
0 0
0.128147 5
0.1375 1
0.155448 1
0 0
0 0
0.191511 1
0.198451 1
0.214667 2
0.231493 1
0.234017 2
0.25241 2
0.263224 1
0.274511 1
0.287567 3
0.297962 1
0.314563 1
0.320893 1
0.338789 1
0.352146 2
0.362204 1
0.370647 1
0 0
0.394135 2
0 0
0.417067 1
0.437897 1
0.445937 1
0.461841 1
0.467176 2
0 0
0.496038 1
0.508666 1
0 0
0 0
0 0
0 0
0.56655 1
0 0
0 0
0.600804 2
0 0
0 0
0 0
0 0
0 0
0 0
0 0
0.705814 1
0.709876 2
0.728096 1
0 0
0 0
0 0
0.767278 1
0 0
0 0
0 0
0 0
0 0
0 0
0.854185 1
0 0
0 0
0.889627 1
0 0
0 0
0.924927 1
0.938742 2
0 0
0 0
0 0
0 0
0 0
0 0
1.02701 1
0 0
0 0
0 0
0 0
0 0
0 0
0 0
1.12204 2
0 0
0 0
0 0
0 0
1.18373 3
0 0
0 0
0 0
0 0
0 0
1.25223 1
1.26871 1
0 0
0 0
0 0
0 0
0 0
1.34675 1
0 0
0 0
0 0
1.38683 1
0 0
0 0
0 0
0 0
0 0
0 0
0 0
0 0
0 0
0 0
1.51896 1
