-0.0995168 4
-0.0982458 2
-0.0969681 1
-0.096155 2
-0.0954496 4
-0.0946035 5
-0.0932366 2
-0.0920876 1
-0.0914045 2
-0.090171 3
-0.0896673 1
-0.0883625 4
-0.0874028 7
-0.086234 6
-0.0852088 3
-0.0838933 1
-0.0832674 2
-0.0821087 3
-0.0812718 3
-0.0798561 1
-0.0792502 2
0 0
0 0
-0.0765268 2
-0.0754108 1
-0.0742949 4
0 0
-0.0727176 3
-0.0712068 3
-0.0703851 2
0 0
-0.0684813 4
-0.0671751 3
-0.066807 2
-0.0654531 1
-0.0644698 3
-0.0634183 1
-0.0624328 4
-0.0610824 4
-0.0601554 3
-0.0594004 7
-0.058211 4
-0.0572051 1
-0.0564144 4
-0.0552963 5
-0.0545219 4
-0.0535464 3
-0.0525085 4
-0.0509745 1
-0.0498569 1
-0.0492608 2
-0.0485639 3
-0.0472611 3
-0.0467061 2
-0.0452071 2
-0.0442467 3
-0.0433791 4
-0.0424025 4
-0.0412951 4
-0.0404757 4
-0.0394464 3
-0.0384426 4
-0.037449 6
-0.0362407 3
-0.0354522 2
-0.0343665 3
-0.0334863 2
-0.0322631 6
-0.0315195 2
-0.0304336 4
-0.0294676 6
-0.0284097 3
-0.0276265 3
-0.0266858 2
-0.0254498 3
-0.0243443 2
-0.0234101 4
-0.0226518 2
-0.0212192 3
-0.0203137 3
-0.0191179 2
-0.0185304 1
-0.0175198 4
-0.0163967 3
0 0
-0.0142062 3
-0.0135759 4
-0.012386 2
-0.0115291 5
-0.0101359 5
-0.00936285 3
-0.00813042 1
-0.00717322 2
-0.00633882 4
-0.00529978 3
-0.00456728 1
-0.00360656 2
-0.00258092 3
0 0
-0.00026221 1
0.00061235 2
0.0013292 2
0.00232089 2
0.00335292 3
0.00471134 1
0.00533849 4
0.00615418 1
0.00761627 2
0.00863113 6
0.00918018 2
0 0
0.0120361 2
0.0128194 6
0.0133795 2
0.0146073 2
0.0156228 3
0.016538 4
0.0171588 1
0.0185522 2
0.0195657 4
0.0206953 1
0.0213144 2
0.0228488 3
0 0
0.0246019 3
0.025461 3
0.026567 5
0.0274429 2
0.0286498 3
0.0295348 5
0 0
0.0317116 3
0.0326296 3
0.0335366 1
0.0346899 2
0.0355284 4
0.0365795 3
0.0372447 2
0.0386815 1
0.0390175 2
0.040409 3
0.041272 1
0.0424118 2
0.043667 3
0.0441766 4
0.0450351 1
0.0465538 3
0.047941 1
0.0485928 5
0.0492759 4
0.05042 2
0.0516423 2
0.0520512 1
0.0535893 4
0 0
0.0555303 5
0.0563654 5
0.0576093 4
0.0587924 3
0.0597386 1
0.0605454 2
0.060977 1
0.062754 2
0.0635306 3
0.0644468 1
0.0654446 1
0.0664607 6
0.0678399 1
0.0683566 3
0.0696255 1
0.070751 3
0.0711669 1
0.072471 4
0.0734313 3
0.0741462 3
0 0
0.0763173 2
0.0773904 4
0.0783742 2
0.07944 4
0.0802047 3
0.0816315 2
0.0828291 2
0.0831389 1
0.0843843 4
0.0854603 3
0.0863056 8
0.087335 5
0.08837 7
0 0
0.0904169 4
0.0914112 4
0.0925551 5
0.0938036 2
0.0942779 5
0.09533 7
0.0960988 2
0.097428 4
0.0984089 6
0.0993907 7
0.0998996 1
