-0.0996601 1
0 0
-0.0972756 2
-0.0963028 1
-0.0954884 2
-0.0939167 1
-0.0936184 1
0 0
-0.0912728 1
-0.090525 1
-0.0895726 1
-0.0880801 3
-0.0871086 2
0 0
0 0
-0.0841085 5
-0.083194 1
-0.082636 2
-0.0811917 4
-0.0805575 1
0 0
-0.0783039 3
-0.0771402 2
0 0
-0.0756165 1
0 0
-0.0734373 1
-0.0725837 1
-0.0713845 1
-0.0702865 2
-0.0691026 3
0 0
0 0
-0.0658097 1
-0.0650714 2
-0.0644639 1
-0.063189 3
0 0
-0.0611953 2
-0.0604505 2
-0.05922 2
-0.0583825 3
-0.057691 1
-0.0562463 2
0 0
0 0
0 0
0 0
0 0
-0.0507472 1
-0.0493583 2
-0.0487883 1
-0.0473815 2
0 0
-0.0450163 1
-0.0445764 1
0 0
0 0
-0.041581 1
-0.0402989 1
-0.0393839 1
0 0
0 0
-0.0368203 1
-0.0352391 3
-0.034227 2
0 0
-0.0324873 1
-0.0313236 1
-0.0306926 2
-0.029349 2
-0.0285281 1
-0.0274446 1
-0.0265932 2
-0.0251177 1
-0.0244045 1
-0.0232106 1
-0.0228557 1
-0.0213467 3
-0.0205032 3
0 0
-0.0181507 1
-0.017208 1
-0.0159935 1
-0.0153057 1
-0.0143852 3
-0.0131554 3
-0.0125312 3
-0.0115765 4
-0.0107957 2
0 0
-0.00811713 1
0 0
-0.00686634 1
-0.00532419 3
-0.0042864 3
-0.00384407 1
0 0
-0.00130062 1
0 0
0.00070057 2
0.00129405 2
0 0
0 0
0.00411793 1
0 0
0.00603605 1
0.00756354 2
0.00819606 4
0.00969124 1
0.0107067 4
0.0115867 3
0 0
0.0135126 2
0 0
0.0153643 1
0.0167793 2
0.0173955 3
0.0181666 1
0.0196716 3
0 0
0 0
0 0
0.0237772 4
0 0
0.0254056 2
0 0
0.0274666 1
0.0280971 1
0.029346 2
0.0304424 1
0.0314785 1
0.0329174 1
0.0334602 2
0.0344207 1
0.0354512 3
0.036512 1
0 0
0 0
0.0393318 1
0.0403387 3
0.0414236 2
0.0420878 1
0.0436274 1
0.0443358 2
0 0
0 0
0 0
0.0484877 3
0 0
0 0
0.0514676 1
0.0523941 1
0.0534684 1
0.0543493 3
0.0552047 1
0.0560405 1
0.0574802 2
0.05816 3
0.0594206 1
0.0602449 2
0.0612947 3
0.0624673 2
0.063497 3
0.0639751 1
0.0651272 1
0.0662536 1
0 0
0.0680979 3
0 0
0.0705605 3
0.071113 1
0.0723446 1
0.0730983 1
0.0743204 2
0.0754328 3
0.0764617 1
0.0770416 1
0.0783192 2
0.0794912 1
0.080059 1
0 0
0.0823597 2
0.0832635 1
0 0
0 0
0.0862817 2
0.0868466 2
0.0879261 3
0 0
0.0904697 1
0.091653 1
0.0924706 1
0 0
0.0939376 1
0 0
0.0964768 4
0.0973721 1
0.098256 3
0.0987905 1
0.0997163 1
