-0.0993216 2
-0.0980067 2
-0.0968686 3
-0.0962844 2
-0.0948996 3
-0.0939682 1
-0.0927281 1
-0.0922829 1
-0.091044 5
-0.0900078 3
-0.0893678 1
-0.0880217 5
-0.0869678 4
-0.0861283 2
-0.0850452 2
-0.0842967 1
-0.0831966 3
-0.0820873 3
-0.0811799 5
-0.0800486 5
-0.0790503 3
-0.0781226 2
-0.077411 2
-0.0760892 4
-0.0749104 4
-0.0741621 2
-0.0733948 3
0 0
-0.0708875 2
-0.0701837 4
-0.0691272 2
-0.0684621 1
-0.0672568 3
-0.0657339 2
-0.06494 8
-0.0642423 3
-0.0630036 2
-0.0623956 2
-0.0615294 2
-0.0606093 1
0 0
-0.05805 4
-0.0572035 2
-0.0563248 4
-0.0552051 3
-0.0540862 4
-0.0531824 8
-0.052178 2
-0.0513907 3
-0.050033 2
-0.0493343 3
-0.0481619 5
-0.0470751 4
-0.0460321 2
-0.0454314 1
-0.0439607 3
-0.0435436 3
-0.0425988 1
-0.0411366 7
-0.0402495 2
-0.0389824 1
-0.0382788 3
-0.0371586 3
-0.0363116 2
-0.0354871 1
-0.0341529 4
-0.0332904 9
-0.0320334 2
0 0
-0.0301812 2
-0.0294772 4
-0.0282012 3
-0.0268457 3
-0.0261009 3
0 0
-0.024107 3
-0.0235796 2
-0.0225442 2
-0.0215621 3
-0.0204704 8
-0.0193324 7
-0.0183996 1
0 0
-0.0163255 2
-0.0154637 3
-0.0145026 3
-0.0134144 4
-0.0123731 1
-0.0114609 5
-0.0103364 3
-0.00930292 2
-0.00846282 3
-0.0072114 6
-0.00639596 3
-0.00526476 2
-0.00422418 4
-0.00331466 8
-0.00200421 3
-0.00131109 1
-0.00039018 4
0.00085286 2
0.00131118 2
0.00281136 3
0.00357466 2
0.00462957 6
0.00529246 2
0.00651753 3
0.00783279 4
0.00893773 2
0.00950436 4
0.0103231 1
0.0117296 2
0.0125616 4
0.0134527 5
0.014861 2
0.0154067 5
0.0163894 2
0.0176861 1
0.0183564 5
0.0195491 9
0.0205594 3
0.0219312 2
0.0225707 3
0.0234974 3
0.0246907 5
0.0251061 1
0.0264326 5
0.0275875 1
0.0283403 3
0.0295471 2
0.0304329 4
0.0315625 3
0.0323199 3
0.0334996 3
0.0347174 3
0.0353821 3
0.036535 2
0.0371897 2
0.0382218 3
0.0394628 2
0.0405171 3
0.0414323 1
0.0427628 3
0.043478 2
0.0447312 5
0.0452736 1
0.0467875 2
0.0478892 1
0.0482688 3
0 0
0.0506644 4
0.0511178 3
0.0524116 5
0.0536052 2
0.0546573 1
0.0554787 4
0.056264 3
0.0571291 2
0.0582568 3
0.0594242 5
0.0601805 5
0.0618809 2
0.062328 5
0.0630796 1
0.064247 4
0 0
0 0
0.0674152 2
0.0680888 1
0 0
0.0706109 4
0.0713104 2
0.072316 2
0.0732362 6
0.0742245 4
0.075372 5
0.0758775 1
0.0777293 2
0.0784688 5
0.0793441 1
0.0800782 2
0.0811923 7
0.0821752 4
0.083278 1
0.0845542 4
0 0
0.0862889 2
0.0873139 4
0.0881353 3
0.0895894 4
0.089885 2
0.0911233 2
0.0923651 4
0.0931966 2
0.0942373 5
0.0952314 2
0.0964951 2
0.0971173 3
0.0981878 2
0.0997034 2
0 0
