-0.0989454 2
-0.0980646 2
-0.0973433 1
-0.0957588 2
-0.0946466 1
-0.093911 6
-0.0930932 2
-0.0918819 2
-0.090772 2
-0.0903824 1
-0.0887901 3
-0.0881266 3
0 0
-0.0856643 3
-0.0846524 1
-0.0838804 2
-0.0826645 2
-0.0821544 3
-0.0806279 1
0 0
-0.0787713 2
0 0
-0.076501 1
0 0
-0.0749783 3
0 0
-0.0729423 1
-0.0719159 3
-0.0707462 3
-0.0700565 2
0 0
-0.0679276 2
-0.0668529 2
-0.0660568 3
-0.0650178 2
0 0
-0.0632417 1
-0.0615974 2
0 0
0 0
-0.0594965 1
-0.0579953 1
0 0
-0.0561302 2
-0.0548065 1
-0.0539752 2
0 0
0 0
-0.0510642 3
0 0
-0.0492705 1
0 0
-0.0467873 2
-0.0461334 3
-0.0449668 1
-0.0440752 1
-0.0431347 1
-0.0418591 1
-0.0415568 1
-0.0403087 2
-0.0393104 1
0 0
-0.0369692 3
-0.0360358 3
0 0
-0.0339285 1
-0.0332985 2
-0.0322812 1
-0.0308135 2
-0.0299531 2
-0.0294655 1
-0.0281534 3
-0.0266988 2
-0.0261414 2
-0.0249748 1
-0.0238124 2
-0.0232376 1
-0.0219237 1
-0.0207905 1
-0.0201421 1
-0.0189632 2
-0.0179576 2
0 0
-0.0163653 2
-0.0151313 2
-0.0142508 1
-0.0129665 2
-0.0118854 3
-0.0110932 1
-0.0103437 2
-0.00918311 1
-0.00837732 3
0 0
0 0
-0.00507055 3
-0.00369755 1
-0.00327614 1
-0.00200831 1
-0.00154342 1
-9.829e-05 1
0.0008086 3
0.00147479 2
0 0
0 0
0.00477618 3
0.00588911 3
0 0
0.00790502 1
0.00845681 2
0.00966595 4
0.0108781 1
0.0118225 1
0.0123742 2
0.0138263 2
0.0152129 1
0.0157658 2
0.0165777 1
0.017739 1
0.0183312 1
0.0195679 1
0 0
0.0216239 2
0.0229103 1
0.0238277 2
0.0244435 1
0.0258131 2
0.0270731 3
0 0
0.0287385 3
0.0298153 2
0 0
0.0321724 1
0.0325611 1
0.0336685 5
0 0
0.0356095 3
0 0
0 0
0.0386603 3
0 0
0 0
0 0
0.0427858 1
0.0435878 2
0.0445531 2
0.0454028 1
0.0464719 2
0.0479724 1
0.0487293 3
0.0499879 1
0.0502632 1
0.0519078 1
0.0521441 1
0.0531334 1
0.0541339 1
0.0555904 2
0.0567584 2
0.0575719 1
0 0
0.0600209 1
0.0605522 2
0.0614125 1
0.0623508 2
0 0
0.0642023 2
0.06519 1
0.0667837 2
0.0676949 2
0 0
0.0691012 1
0.0706391 2
0.0719823 2
0 0
0 0
0.0743051 1
0.0753563 2
0.0764335 3
0.0776493 2
0 0
0.0795388 2
0.0804609 1
0 0
0 0
0.0831457 1
0.0845109 3
0.0858291 2
0 0
0 0
0.0884026 1
0.0894823 2
0.0907929 1
0.091473 2
0.0924096 1
0.0936342 2
0 0
0.095365 4
0.096446 3
0.0973105 2
0.0983527 2
0.0994393 1
0.0999514 1
