-0.933274 1
0 0
0 0
-0.902175 1
0 0
0 0
0 0
0 0
0 0
0 0
0 0
0 0
0 0
0 0
0 0
0 0
0 0
0 0
0 0
0 0
0 0
0 0
0 0
0 0
0 0
0 0
0 0
0 0
-0.693428 1
0 0
0 0
0 0
0 0
0 0
0 0
-0.631806 1
0 0
0 0
0 0
0 0
0 0
0 0
0 0
0 0
0 0
0 0
-0.53611 1
0 0
0 0
0 0
0 0
-0.49212 1
0 0
-0.481068 1
0 0
0 0
-0.452179 1
0 0
0 0
0 0
0 0
-0.406447 2
0 0
0 0
0 0
0 0
-0.367592 1
0 0
-0.348444 1
-0.339715 2
-0.333093 1
0 0
0 0
0 0
0 0
0 0
0 0
-0.269495 1
0 0
0 0
0 0
0 0
0 0
0 0
0 0
0 0
0 0
0 0
-0.179995 1
-0.168663 1
0 0
0 0
0 0
-0.134034 1
-0.129018 2
0 0
-0.108731 1
0 0
-0.0954195 3
-0.0862652 1
-0.0770011 2
-0.0676178 2
-0.0602866 1
-0.0517649 4
0 0
0 0
-0.0246541 1
-0.0144016 1
-0.0114851 1
-0.000979526 3
0 0
0 0
0 0
0.0316202 1
0 0
0.0480002 2
0.058621 2
0.0691083 1
0.0760581 1
0.0851502 4
0.0924964 2
0 0
0 0
0 0
0 0
0 0
0 0
0 0
0 0
0 0
0.175013 1
0 0
0.197122 1
0.20613 1
0 0
0 0
0 0
0 0
0.245852 1
0.255903 1
0 0
0 0
0.280516 1
0.292106 1
0.298353 1
0 0
0 0
0 0
0 0
0 0
0 0
0 0
0 0
0 0
0 0
0 0
0 0
0.410939 1
0 0
0 0
0 0
0 0
0 0
0.461234 1
0 0
0 0
0 0
0 0
0 0
0.513125 1
0 0
0 0
0 0
0 0
0 0
0 0
0 0
0 0
0 0
0 0
0 0
0 0
0 0
0 0
0 0
0 0
0 0
0 0
0 0
0 0
0 0
0 0
0 0
0 0
0 0
0 0
0 0
0 0
0 0
0 0
0.770457 1
