-0.360046 1
0 0
0 0
0 0
0 0
0 0
0 0
0 0
0 0
0 0
0 0
0 0
0 0
0 0
0 0
-0.302755 1
0 0
0 0
0 0
0 0
0 0
0 0
0 0
-0.27008 1
-0.267341 1
0 0
-0.257977 1
-0.255206 2
-0.250387 1
-0.247968 2
-0.243291 2
-0.238806 2
0 0
0 0
-0.227097 2
-0.223909 3
-0.221916 1
-0.217874 1
0 0
0 0
-0.204625 2
-0.202203 2
-0.197462 2
-0.193461 2
-0.190977 3
0 0
0 0
-0.178508 6
-0.175524 3
-0.170956 1
-0.166763 3
-0.16337 5
-0.160156 5
-0.155896 5
-0.151864 7
-0.148058 8
-0.143905 6
-0.140371 10
-0.136811 8
-0.133257 19
-0.129146 13
-0.125111 17
-0.121621 21
-0.117028 24
-0.113873 33
-0.110011 31
-0.106037 35
-0.102185 39
-0.0983826 60
-0.0948836 79
-0.0908986 105
-0.0870928 94
-0.0831814 107
-0.0793499 112
-0.0756256 98
-0.0716964 97
-0.0682684 83
-0.0640517 99
-0.0602109 119
-0.0565341 99
-0.0529421 123
-0.0489907 144
-0.0451571 132
-0.0409918 111
-0.0373477 131
-0.0334901 110
-0.0296875 136
-0.0259536 115
-0.0221947 129
-0.0182155 126
-0.0144724 96
-0.0107737 118
-0.00680481 107
-0.00320476 122
0.000757308 127
0.00451767 136
0.00830448 125
0.0121883 130
0.0159186 122
0.0197558 132
0.0236056 113
0.0273788 117
0.031144 106
0.0351755 115
0.039025 112
0.0427859 124
0.0463848 113
0.0504966 109
0.0542496 116
0.0581108 103
0.0617508 100
0.0656813 94
0.0693651 84
0.0733704 98
0.07704 81
0.0809522 86
0.0845698 60
0.0885113 89
0.0923641 85
0.0959707 74
0.0996353 36
0.10421 20
0.107575 14
0.111018 18
0.115285 14
0.118463 7
0.12316 10
0.126322 7
0.130868 7
0.133981 8
0.138113 5
0.141906 3
0.146192 6
0.149368 7
0.153684 6
0.157768 4
0.160284 4
0.165577 2
0.168672 3
0.171803 3
0.177323 3
0.181103 1
0.184305 1
0 0
0.191301 3
0.196161 1
0.197836 1
0 0
0.205695 1
0.209781 1
0.215135 1
0.219259 1
0.223738 1
0.225313 2
0 0
0 0
0 0
0 0
0 0
0 0
0 0
0.256562 1
0 0
0 0
0 0
0 0
0 0
0.278783 1
0 0
0.28666 1
0 0
0.294478 1
0.299776 1
0.300667 1
0 0
0.308318 1
0 0
0 0
0 0
0.325346 1
0 0
0 0
0 0
0 0
0 0
0 0
0 0
0 0
0 0
0 0
0 0
0 0
0 0
0 0
0 0
0 0
0 0
0 0
0 0
0 0
0.403507 1
