-0.156972 2
0 0
0 0
0 0
0 0
-0.138317 1
0 0
0 0
0 0
0 0
0 0
0 0
0 0
-0.114124 1
0 0
0 0
-0.105931 1
-0.101432 1
-0.0991244 1
-0.0959276 3
0 0
-0.089474 3
-0.0871413 2
-0.082626 2
-0.0796998 4
-0.0763654 4
-0.0730835 2
-0.0698551 5
-0.0674686 4
-0.0634167 3
-0.0590557 2
-0.0576053 3
-0.0534842 2
0 0
-0.0472248 4
-0.0446038 4
-0.0409534 3
-0.0385814 9
-0.0354297 5
-0.0317705 2
-0.028992 6
-0.0255429 7
-0.0217179 2
-0.0187649 3
-0.0153906 3
-0.0134455 4
-0.00996883 5
-0.00614418 1
-0.00326452 9
-0.00072758 2
0.00379393 6
0.00547973 2
0.0099211 2
0.0128399 2
0.0155328 6
0.0193016 2
0.0220252 4
0.0246474 2
0.0280486 3
0.0309794 4
0.0348753 6
0.0386168 3
0.0411044 5
0.0432762 4
0.0468686 2
0.0492545 2
0.0537096 5
0.0570082 2
0.0602468 4
0.0627299 2
0.0651064 1
0 0
0.0720269 2
0.0758723 5
0.0784892 2
0.0820339 5
0.0856114 5
0.0884811 4
0.0916835 3
0.0950209 2
0.0979819 2
0 0
0 0
0 0
0 0
0 0
0.116797 3
0.121373 1
0.123499 3
0 0
0.128955 1
0.132512 3
0 0
0.138876 2
0 0
0.145504 1
0 0
0.151386 2
0 0
0.158719 4
0.162883 1
0.164632 2
0.167264 1
0.170254 1
0 0
0.178755 1
0.180771 2
0.1825 1
0.186485 2
0 0
0.193027 1
0 0
0.199655 1
0.201613 1
0.20692 1
0 0
0.213482 1
0.216166 1
0 0
0.221615 1
0.223701 1
0 0
0 0
0 0
0 0
0 0
0 0
0 0
0 0
0.252184 1
0.257062 1
0.260849 1
0 0
0.266534 1
0.269865 1
0 0
0 0
0 0
0 0
0 0
0 0
0 0
0.294187 1
0 0
0 0
0 0
0 0
0 0
0 0
0 0
0 0
0 0
0 0
0 0
0 0
0 0
0 0
0 0
0 0
0.348133 1
0 0
0 0
0 0
0 0
0 0
0 0
0 0
0 0
0.37756 1
0 0
0.383067 1
0 0
0 0
0 0
0 0
0 0
0 0
0 0
0 0
0 0
0 0
0.417991 1
0 0
0 0
0 0
0 0
0 0
0 0
0 0
0 0
0 0
0 0
0 0
0 0
0 0
0 0
0 0
0 0
0 0
0.476826 1
0 0
