-0.248878 83
-0.24599 77
-0.243597 107
-0.241222 76
-0.238787 94
-0.23606 89
-0.233711 93
-0.231088 88
-0.228753 71
-0.226262 83
-0.223669 84
-0.221231 68
-0.218672 82
-0.216158 93
-0.21373 90
-0.211233 80
-0.20865 65
-0.206187 77
-0.203592 96
-0.201163 87
-0.198707 91
-0.196213 70
-0.193662 74
-0.191277 82
-0.188611 93
-0.186132 91
-0.183741 93
-0.181128 86
-0.178774 84
-0.176232 83
-0.173723 77
-0.171222 66
-0.168706 73
-0.166258 71
-0.163794 84
-0.161269 101
-0.158705 80
-0.156284 80
-0.153758 91
-0.151341 80
-0.148686 98
-0.146285 88
-0.143628 84
-0.141226 80
-0.138533 79
-0.136233 79
-0.133703 78
-0.13111 75
-0.128707 86
-0.12637 92
-0.123673 86
-0.121142 94
-0.118688 74
-0.116018 90
-0.11369 82
-0.111262 76
-0.108721 81
-0.106343 87
-0.103826 74
-0.101295 77
-0.0987638 89
-0.0962307 83
-0.0937391 82
-0.0912114 76
-0.0887192 70
-0.0861535 75
-0.0837084 90
-0.0811706 96
-0.0786399 83
-0.07629 88
-0.0737628 83
-0.0711352 88
-0.0686957 85
-0.0662789 101
-0.0636623 89
-0.0612402 84
-0.0588779 74
-0.0562359 93
-0.0537672 86
-0.051192 78
-0.0486085 79
-0.0462453 85
-0.0437369 88
-0.0412815 75
-0.0388327 84
-0.0361794 76
-0.0337413 85
-0.031124 83
-0.0287639 92
-0.0261432 83
-0.0239117 78
-0.0212132 92
-0.0188461 71
-0.0162076 86
-0.0137452 86
-0.0112538 74
-0.00871685 81
-0.00623917 86
-0.00371798 76
-0.00127934 83
0.0012888 77
0.00375299 87
0.00611638 73
0.00862961 75
0.0112865 92
0.0138122 72
0.0162723 71
0.018785 75
0.0214167 79
0.0238351 79
0.0262836 83
0.0286629 76
0.031186 100
0.0336687 107
0.0362096 85
0.0387385 70
0.0412629 91
0.0436658 71
0.0462067 79
0.0486673 90
0.0512242 78
0.0537106 92
0.0561826 85
0.0588887 85
0.0613259 87
0.0636127 86
0.0662873 71
0.0686979 76
0.0712042 83
0.0737489 72
0.0761654 84
0.0787525 92
0.0813191 88
0.0836952 84
0.0861087 65
0.0887519 80
0.091341 74
0.093532 87
0.0963034 98
0.0987154 84
0.101275 89
0.103678 88
0.106303 86
0.108764 89
0.111152 86
0.113715 77
0.116149 78
0.118805 72
0.121008 82
0.123788 86
0.126124 100
0.128665 91
0.131258 71
0.133762 84
0.136278 74
0.138551 83
0.141238 64
0.14369 79
0.146227 79
0.148794 97
0.151116 105
0.153705 98
0.156032 87
0.158751 92
0.161198 85
0.163676 89
0.166303 94
0.168692 61
0.171263 95
0.173735 87
0.176165 95
0.178611 109
0.181252 84
0.183789 93
0.18608 62
0.188639 81
0.191201 77
0.193606 86
0.196145 84
0.198765 77
0.201363 82
0.203818 112
0.206318 80
0.208685 67
0.211122 78
0.213654 73
0.216282 69
0.218644 98
0.221068 86
0.223642 102
0.226131 72
0.22874 84
0.231167 73
0.23376 69
0.236214 92
0.238673 91
0.241163 94
0.243672 64
0.246185 70
0.248591 75
0.249947 1
