-0.248723 68
-0.246361 77
-0.243603 74
-0.241223 83
-0.238776 88
-0.236156 76
-0.23372 69
-0.231086 83
-0.228828 74
-0.226039 72
-0.223823 74
-0.221335 69
-0.218743 69
-0.216289 93
-0.213688 89
-0.211203 85
-0.208824 83
-0.206163 76
-0.203659 79
-0.201155 87
-0.19867 89
-0.196247 105
-0.193614 72
-0.191346 81
-0.18874 74
-0.186112 91
-0.183704 79
-0.181274 90
-0.178738 81
-0.176342 93
-0.173786 73
-0.17132 84
-0.168799 90
-0.166327 71
-0.163689 82
-0.161223 89
-0.15868 84
-0.156163 77
-0.153772 91
-0.15113 83
-0.148701 80
-0.146317 85
-0.143726 106
-0.141164 102
-0.138798 86
-0.136181 81
-0.133685 87
-0.131204 75
-0.128676 63
-0.126263 79
-0.123758 76
-0.121266 87
-0.118653 89
-0.116196 99
-0.11371 75
-0.111245 85
-0.10856 73
-0.106192 90
-0.103674 88
-0.101174 92
-0.0988006 72
-0.0961142 84
-0.0937244 102
-0.0912907 85
-0.0889141 84
-0.0862436 90
-0.0837288 89
-0.0812107 91
-0.0787418 72
-0.0762812 81
-0.0737542 86
-0.0712252 80
-0.0687742 75
-0.0662834 62
-0.0637049 76
-0.0612046 77
-0.0586946 87
-0.0562466 71
-0.0538829 84
-0.0511588 78
-0.0486585 92
-0.046179 77
-0.0435948 84
-0.0413748 77
-0.038661 69
-0.0363523 85
-0.0337334 91
-0.0312631 90
-0.0287343 85
-0.0262965 84
-0.0236658 76
-0.0212041 85
-0.0186896 86
-0.0160755 77
-0.013796 89
-0.011122 88
-0.00864589 101
-0.0063321 76
-0.00373331 86
-0.00128028 76
0.00132413 80
0.00374866 78
0.00625096 79
0.00891229 84
0.0111613 82
0.0137862 79
0.016295 92
0.0188423 92
0.0211981 73
0.0236876 90
0.0262358 87
0.028763 92
0.0311973 99
0.0338089 81
0.0362086 82
0.0387842 96
0.041277 77
0.043733 85
0.0462537 101
0.0485654 55
0.051361 88
0.0537976 89
0.0561626 76
0.0587566 75
0.0615134 83
0.0638685 82
0.0662747 84
0.0688112 102
0.0712808 69
0.0738597 85
0.0762271 67
0.0788232 61
0.0812064 87
0.0837102 83
0.0864091 78
0.088872 84
0.0912862 76
0.0937447 80
0.0962707 85
0.0986761 82
0.101317 73
0.103778 93
0.106259 78
0.108833 65
0.111386 66
0.113918 88
0.11616 93
0.118825 105
0.121286 76
0.123661 82
0.126326 70
0.128736 88
0.131223 85
0.133902 89
0.136239 70
0.138818 99
0.141221 86
0.143772 78
0.146266 82
0.148728 89
0.151211 68
0.153829 78
0.156267 81
0.158774 80
0.161183 78
0.163702 69
0.166174 92
0.168776 83
0.171295 97
0.173775 77
0.176321 87
0.178853 112
0.181397 79
0.183824 75
0.186263 90
0.188691 59
0.19147 78
0.193816 82
0.196238 66
0.198813 94
0.201197 76
0.203883 78
0.206134 97
0.2088 83
0.211286 81
0.213744 82
0.216323 89
0.218846 86
0.221242 84
0.22377 86
0.226223 98
0.228947 77
0.231316 76
0.233646 75
0.236284 80
0.238725 77
0.241318 80
0.243683 68
0.246234 65
0.248818 84
0.24999 1
