-0.248591 19
-0.245916 13
-0.243663 16
-0.241058 22
-0.238735 18
-0.236211 11
-0.233777 17
-0.231224 18
-0.228744 17
-0.226178 14
-0.22334 14
-0.220795 6
-0.218546 17
-0.215944 8
-0.213794 15
-0.211432 11
-0.208526 12
-0.206167 15
-0.204019 11
-0.201436 8
-0.198764 14
-0.196159 14
-0.193617 13
-0.190954 9
-0.188696 10
-0.186162 10
-0.183673 15
-0.181655 12
-0.178767 22
-0.176562 8
-0.173644 12
-0.170965 11
-0.168327 9
-0.166556 8
-0.163848 18
-0.161242 13
-0.159326 9
-0.156204 21
-0.153709 15
-0.150859 10
-0.148526 11
-0.146277 14
-0.143468 18
-0.141311 20
-0.138483 13
-0.136229 20
-0.133769 19
-0.131304 13
-0.128546 8
-0.126406 15
-0.123459 18
-0.121176 16
-0.1186 16
-0.115882 9
-0.113798 12
-0.111259 14
-0.108503 18
-0.106307 10
-0.103474 13
-0.101332 14
-0.099039 7
-0.0960166 17
-0.0934285 13
-0.0910773 10
-0.0887674 17
-0.0858499 11
-0.0834647 15
-0.0811398 17
-0.0786106 11
-0.0762059 8
-0.0739032 11
-0.0709381 8
-0.0686858 13
-0.0660074 10
-0.0634059 16
-0.0610031 11
-0.0587184 12
-0.0563551 11
-0.053966 13
-0.0509973 16
-0.0488172 20
-0.0467038 8
-0.0437271 12
-0.0408631 17
-0.0385666 11
-0.0360978 8
-0.0339533 18
-0.0314836 15
-0.0285079 14
-0.0259764 8
-0.0236574 14
-0.0214566 16
-0.0188656 16
-0.0165313 12
-0.0139665 14
-0.0117775 6
-0.0087703 13
-0.00672483 16
-0.00398588 15
-0.00104539 18
0.00102813 17
0.00369314 11
0.00575592 15
0.00896779 13
0.0113172 17
0.0137009 7
0.0162279 18
0.0188185 10
0.0212995 16
0.0233576 10
0.0262848 16
0.0288761 16
0.0312677 11
0.0335868 9
0.0361317 14
0.038957 12
0.0413797 14
0.0438205 9
0.0461422 19
0.0486528 12
0.0512383 6
0.0535952 14
0.0560247 14
0.0587874 11
0.0612732 15
0.0638356 18
0.0661134 7
0.0687032 16
0.0708736 13
0.0735018 10
0.0759521 13
0.0784892 8
0.0813373 9
0.0835638 16
0.0860779 14
0.088705 13
0.0911409 14
0.093813 16
0.096118 15
0.0985144 15
0.101112 14
0.103894 9
0.106083 12
0.108657 17
0.111043 16
0.113489 17
0.116375 13
0.119031 11
0.121197 14
0.12396 12
0.126125 9
0.128604 12
0.131131 23
0.133757 8
0.136219 8
0.138612 16
0.141077 13
0.144051 14
0.145953 12
0.148559 10
0.150944 7
0.153202 11
0.156107 10
0.158473 14
0.160974 18
0.163988 9
0.166076 11
0.168399 11
0.171129 12
0.173926 7
0.176138 8
0.178888 14
0.180741 13
0.18346 12
0.18592 11
0.188452 13
0.191397 8
0.193748 10
0.195738 16
0.198368 11
0.201216 11
0.203365 16
0.206231 8
0.208583 14
0.211193 19
0.213604 13
0.215863 16
0.218641 7
0.220752 11
0.22334 17
0.226206 12
0.2288 11
0.231115 12
0.233542 11
0.235809 7
0.238851 6
0.241393 12
0.243436 18
0.246004 11
0.248592 14
0.249809 1
