-0.248953 109
-0.246339 111
-0.243749 106
-0.241255 126
-0.238543 97
-0.23616 118
-0.233638 100
-0.231249 110
-0.228715 100
-0.226106 95
-0.223693 97
-0.22123 89
-0.218764 111
-0.216211 110
-0.213798 110
-0.21123 120
-0.208741 82
-0.206299 113
-0.20365 109
-0.201247 121
-0.198626 97
-0.196148 103
-0.193687 92
-0.191305 91
-0.188837 92
-0.186234 95
-0.183831 87
-0.181351 124
-0.178662 89
-0.176329 96
-0.173887 100
-0.171264 96
-0.16877 94
-0.166108 108
-0.163824 117
-0.161197 129
-0.158725 123
-0.156239 108
-0.153726 104
-0.151331 97
-0.148762 101
-0.146297 101
-0.143684 117
-0.141227 102
-0.138639 99
-0.13616 112
-0.13382 104
-0.131295 114
-0.128833 105
-0.126332 113
-0.123799 130
-0.121296 105
-0.118621 96
-0.116135 99
-0.113693 123
-0.111281 81
-0.108941 111
-0.106185 96
-0.103844 97
-0.101221 93
-0.0989235 111
-0.0961 109
-0.0937982 115
-0.0912987 112
-0.0887399 116
-0.0863396 107
-0.0838647 122
-0.081363 112
-0.0788549 112
-0.0762667 108
-0.0737899 95
-0.0712115 113
-0.0687077 112
-0.0662582 107
-0.0637399 106
-0.0612506 106
-0.0588732 104
-0.0562511 101
-0.053645 107
-0.0511883 102
-0.04879 102
-0.0462456 98
-0.0437685 114
-0.0412467 110
-0.0388617 106
-0.036226 113
-0.0337224 98
-0.0312088 120
-0.0287398 97
-0.0263494 125
-0.023852 112
-0.0212075 89
-0.0187166 117
-0.0163454 104
-0.0137992 102
-0.011214 104
-0.00876522 112
-0.0062414 109
-0.00378131 109
-0.00122163 96
0.00122103 107
0.00363558 104
0.00617386 110
0.00868072 92
0.0111558 114
0.0137305 108
0.0162949 92
0.0186575 111
0.0212188 111
0.0237212 104
0.0263677 118
0.0287595 99
0.0311401 111
0.0337415 108
0.0362438 108
0.0387056 119
0.041237 107
0.0436063 90
0.0461922 117
0.0486921 124
0.051218 107
0.0536915 111
0.0561815 109
0.0586228 108
0.0611026 95
0.0637831 102
0.0661604 98
0.0688192 115
0.0711634 106
0.0736366 93
0.0760678 103
0.0786309 113
0.0812044 98
0.0837894 94
0.0862532 97
0.0886131 101
0.0911404 102
0.0938056 102
0.0961288 101
0.0986638 96
0.101089 120
0.103617 102
0.106206 123
0.108749 101
0.111266 91
0.113624 121
0.116078 101
0.118661 109
0.121201 101
0.123664 88
0.126154 104
0.128768 117
0.131045 94
0.133601 122
0.136201 94
0.138704 102
0.141285 101
0.143617 119
0.146222 100
0.148718 113
0.151187 110
0.153475 106
0.156304 94
0.15866 95
0.16127 89
0.16376 98
0.166205 109
0.168737 97
0.171076 91
0.173721 96
0.176269 107
0.178558 97
0.181205 125
0.183679 98
0.186027 98
0.188821 109
0.191151 100
0.193702 100
0.196153 113
0.198773 103
0.20103 102
0.203676 121
0.206162 107
0.208663 111
0.211127 101
0.213623 109
0.216195 107
0.218627 124
0.221173 112
0.22364 85
0.226154 108
0.228678 98
0.231122 88
0.233699 95
0.236128 109
0.238712 98
0.241162 85
0.243587 98
0.246141 104
0.248588 77
0.249923 1
