-0.248875 88
-0.246159 107
-0.243716 74
-0.241141 107
-0.238802 108
-0.236248 97
-0.233843 92
-0.231285 105
-0.228743 107
-0.226235 109
-0.223795 128
-0.221326 119
-0.218723 102
-0.216141 122
-0.21381 110
-0.211186 114
-0.208719 97
-0.206233 104
-0.203668 113
-0.201144 114
-0.198667 98
-0.196276 98
-0.193582 113
-0.191222 112
-0.188733 112
-0.186199 89
-0.183742 108
-0.181176 93
-0.178671 114
-0.176181 109
-0.173762 113
-0.17119 92
-0.168707 101
-0.166276 97
-0.163717 104
-0.161328 115
-0.158694 114
-0.156312 92
-0.153866 100
-0.151275 109
-0.148655 113
-0.146201 103
-0.143682 96
-0.141222 108
-0.138664 110
-0.136163 103
-0.13371 104
-0.131238 87
-0.128682 120
-0.126241 97
-0.123739 105
-0.121272 102
-0.118797 103
-0.116269 90
-0.113703 113
-0.111124 115
-0.108807 99
-0.106243 85
-0.103785 90
-0.10111 114
-0.0986554 107
-0.0961209 96
-0.09367 98
-0.09124 99
-0.0887661 112
-0.0862798 96
-0.0837697 104
-0.0812168 101
-0.0787724 120
-0.0761516 104
-0.0736597 111
-0.0713023 102
-0.068682 89
-0.0661715 96
-0.0637352 101
-0.061258 109
-0.0585837 96
-0.0562522 110
-0.0536482 97
-0.0511837 91
-0.0487353 108
-0.0461721 103
-0.0438379 102
-0.0412357 91
-0.038803 114
-0.0363119 110
-0.0338099 96
-0.0312397 102
-0.0287155 95
-0.0263048 107
-0.0237423 106
-0.0212224 124
-0.0187998 98
-0.0163193 105
-0.0137301 106
-0.0110956 101
-0.00876036 103
-0.00637894 115
-0.00381593 74
-0.00117619 111
0.00127487 85
0.00387337 89
0.00623678 99
0.00878136 118
0.0112974 101
0.0138712 106
0.0163445 103
0.018544 113
0.0213719 105
0.0238129 116
0.0263155 93
0.028813 95
0.0312967 113
0.0337369 113
0.0362624 100
0.0387629 111
0.0411011 113
0.0437907 131
0.046159 106
0.0487984 96
0.051244 109
0.0537551 105
0.0562287 106
0.0587546 109
0.0612406 109
0.0638076 104
0.066288 110
0.0687226 89
0.071256 100
0.0737204 101
0.0763652 106
0.0787543 98
0.0813166 121
0.0838128 104
0.0862543 114
0.0888351 106
0.0911637 115
0.0936315 96
0.096295 107
0.0988607 110
0.101131 111
0.103614 95
0.106295 106
0.10876 102
0.111164 117
0.113866 113
0.116354 96
0.118775 102
0.121191 110
0.12364 101
0.126283 96
0.128678 93
0.131192 108
0.133664 107
0.136276 87
0.13869 107
0.141259 87
0.143696 108
0.146278 110
0.148656 101
0.151373 99
0.153784 96
0.156271 115
0.158727 113
0.161271 109
0.163769 91
0.166347 104
0.168736 119
0.171201 105
0.173814 98
0.176225 91
0.178617 100
0.181148 117
0.183616 116
0.186178 97
0.188749 99
0.19122 103
0.19372 93
0.196242 106
0.198722 94
0.201171 100
0.203816 102
0.206326 91
0.208655 118
0.211225 109
0.213626 96
0.216274 86
0.218623 98
0.221149 103
0.223791 100
0.226216 118
0.228752 94
0.231288 115
0.233728 103
0.236208 111
0.238737 105
0.241212 122
0.243723 123
0.246216 96
0.248802 112
0.25 1
