-0.876147 3
0 0
-0.843167 2
-0.829673 2
-0.810933 1
-0.799275 1
0 0
0 0
0 0
0 0
0 0
0 0
0 0
0 0
0 0
0 0
0 0
0 0
0 0
0 0
0 0
0 0
0 0
0 0
0 0
0 0
0 0
0 0
0 0
-0.474823 1
0 0
-0.439935 2
0 0
0 0
0 0
-0.390248 1
0 0
0 0
0 0
-0.329153 1
0 0
0 0
-0.287692 2
0 0
-0.267478 2
-0.249759 5
-0.230393 1
-0.221348 4
-0.20765 5
-0.189372 4
-0.181464 6
-0.161847 6
-0.152689 6
-0.139339 12
-0.123229 17
-0.110014 11
-0.0950127 13
-0.0800868 11
-0.0660698 10
-0.0554116 17
-0.0393919 17
-0.0290552 13
-0.012768 11
1.79896e-05 283
0.010387 1
0.0236802 2
0.0416087 4
0.0548528 2
0.0667151 2
0.0823899 1
0.100868 4
0.107503 1
0.129029 1
0.134594 2
0 0
0 0
0.18448 1
0 0
0.207288 2
0 0
0 0
0 0
0 0
0.272598 1
0 0
0 0
0 0
0 0
0 0
0 0
0 0
0.38779 1
0 0
0 0
0.429701 1
0 0
0 0
0 0
0 0
0 0
0 0
0.523837 1
0 0
0 0
0.570523 1
0.584145 1
0.598155 1
0 0
0 0
0 0
0 0
0 0
0 0
0 0
0 0
0 0
0 0
0 0
0 0
0 0
0 0
0 0
0 0
0 0
0 0
0 0
0 0
0 0
0 0
0 0
0 0
0 0
0 0
0 0
0 0
0 0
0 0
0 0
1.04171 1
1.05704 1
0 0
0 0
0 0
0 0
0 0
0 0
0 0
0 0
0 0
0 0
0 0
0 0
0 0
0 0
0 0
0 0
0 0
0 0
0 0
1.33709 1
0 0
0 0
0 0
0 0
0 0
0 0
1.42062 1
0 0
0 0
0 0
0 0
1.50106 1
0 0
1.52771 1
0 0
0 0
1.56406 1
0 0
1.58678 1
0 0
0 0
0 0
0 0
0 0
0 0
0 0
0 0
0 0
0 0
0 0
0 0
0 0
1.78627 1
0 0
0 0
0 0
0 0
0 0
0 0
0 0
1.89106 1
