-0.527641 1
0 0
0 0
-0.510653 1
0 0
0 0
-0.492809 1
0 0
0 0
0 0
0 0
0 0
0 0
0 0
0 0
-0.448099 2
-0.443251 2
0 0
0 0
0 0
0 0
0 0
-0.410831 3
0 0
-0.400838 2
-0.398692 2
-0.390979 1
0 0
-0.381798 1
-0.374935 1
-0.373305 2
-0.366597 2
0 0
-0.355949 3
-0.350656 4
-0.343713 3
-0.341356 1
-0.33519 8
-0.330039 2
-0.324665 6
-0.318547 5
-0.315162 4
-0.309578 9
-0.305133 8
-0.299355 6
-0.294026 7
-0.289923 4
-0.283617 10
-0.27815 7
-0.273226 6
-0.268561 14
-0.262763 14
-0.258412 17
-0.252753 16
-0.247978 17
-0.242683 17
-0.237034 18
-0.232249 10
-0.226977 19
-0.221889 25
-0.217296 22
-0.211969 39
-0.206698 54
-0.202104 75
-0.196758 64
-0.191526 77
-0.186389 97
-0.181241 98
-0.176167 111
-0.171135 104
-0.165976 117
-0.160522 122
-0.155637 120
-0.150752 137
-0.145148 139
-0.140067 152
-0.135184 137
-0.129828 123
-0.125253 92
-0.119935 79
-0.114538 98
-0.109095 109
-0.104207 110
-0.0990181 138
-0.093942 148
-0.0888966 163
-0.083667 189
-0.0787965 199
-0.0736099 224
-0.0683972 266
-0.0629359 335
-0.0581228 364
-0.0530667 397
-0.0477129 345
-0.0427809 398
-0.037696 353
-0.0324109 326
-0.0273327 364
-0.0222075 412
-0.0168744 503
-0.0120467 591
-0.00677786 679
-0.000469916 3770
0.0029042 934
0.00851241 474
0.0135981 428
0.0188503 355
0.024021 318
0.0290648 284
0.0342459 302
0.0394936 320
0.0444539 349
0.0496241 342
0.0546633 363
0.0598956 353
0.0649189 256
0.0702683 218
0.0753067 183
0.0804287 175
0.0856372 143
0.0906205 142
0.095667 123
0.100905 120
0.105867 101
0.111041 87
0.116326 85
0.121774 76
0.126818 94
0.131931 116
0.136869 129
0.141745 121
0.146933 119
0.152184 119
0.157425 108
0.162558 95
0.167682 93
0.172636 77
0.177938 54
0.183198 68
0.187993 66
0.19339 49
0.198419 47
0.203137 30
0.208678 26
0.213831 30
0.218658 24
0.224135 26
0.229333 20
0.234861 17
0.239885 21
0.245057 15
0.249668 15
0.255188 6
0.260514 14
0.264685 9
0.269784 12
0.275211 11
0.280473 4
0.285411 15
0.29054 11
0.294662 3
0.300279 8
0.305185 5
0.310374 9
0.316847 6
0.323458 1
0.328126 8
0.332407 3
0.3347 3
0.34161 3
0.346175 3
0 0
0.358058 3
0.363434 2
0.368372 3
0 0
0 0
0.382808 1
0.388674 3
0.393458 1
0 0
0.405496 1
0.408932 3
0 0
0 0
0 0
0.427753 2
0 0
0.438884 2
0 0
0.450679 2
0.45486 1
0 0
0.462898 1
0.470801 1
0 0
0 0
0 0
0 0
0 0
0.498613 1
