-0.467831 1
0 0
-0.453805 2
0 0
0 0
-0.439215 1
-0.435301 1
0 0
-0.421893 1
-0.417429 1
-0.412545 1
0 0
0 0
-0.400486 2
0 0
-0.389015 2
-0.383632 2
-0.379418 1
-0.372934 1
-0.370285 1
0 0
-0.356706 2
-0.353099 2
-0.348897 1
-0.342092 1
-0.337549 1
-0.332499 1
-0.326703 3
-0.322103 3
-0.316363 5
-0.312422 5
-0.306582 6
-0.303174 3
-0.296449 3
-0.292675 5
-0.287433 6
-0.281932 4
-0.276548 8
-0.271063 11
-0.266577 11
-0.261168 10
-0.256187 7
-0.25117 3
-0.246438 12
-0.240422 10
-0.235444 16
-0.230556 13
-0.224986 15
-0.220812 16
-0.215413 12
-0.211394 5
-0.205278 18
-0.200115 15
-0.194741 22
-0.190741 12
-0.185074 21
-0.179832 14
-0.174063 18
-0.169151 22
-0.16408 31
-0.158742 34
-0.153771 30
-0.14851 29
-0.14351 32
-0.138527 32
-0.133312 36
-0.127993 43
-0.123282 48
-0.118297 39
-0.112797 53
-0.107808 54
-0.10238 46
-0.0978049 59
-0.0924351 41
-0.0876064 64
-0.082378 55
-0.0773145 53
-0.0721818 66
-0.0668779 62
-0.0621204 80
-0.0569755 77
-0.0514168 86
-0.0465529 93
-0.0414352 103
-0.0363884 128
-0.0310438 129
-0.0261399 141
-0.0211293 147
-0.0160456 182
-0.0109411 192
-0.00597548 207
-0.000348803 399
0.00428515 211
0.009455 189
0.0144887 157
0.0196138 174
0.0247867 151
0.0300167 157
0.0350615 140
0.0400783 111
0.0452324 92
0.0504955 100
0.055637 102
0.0606656 87
0.0655247 81
0.0709226 84
0.0758696 90
0.0809516 65
0.086019 69
0.0912219 73
0.0961525 66
0.101507 53
0.106312 49
0.111608 59
0.116704 47
0.121715 42
0.127197 45
0.13203 45
0.137691 20
0.142091 33
0.147713 35
0.152214 24
0.157473 19
0.163111 18
0.167873 32
0.173117 22
0.17744 18
0.183294 15
0.18845 15
0.1928 12
0.197868 13
0.203397 12
0.208744 18
0.213823 9
0.218699 10
0.225163 1
0.228966 9
0.233161 1
0.23896 8
0.243192 4
0.249996 6
0.25429 4
0.260035 5
0.264455 3
0.271526 3
0 0
0.279006 4
0 0
0.288934 1
0.293527 1
0.301848 3
0.304393 3
0.310802 2
0.317125 2
0.320863 3
0.325233 2
0.330838 2
0.335441 2
0 0
0.345857 2
0.350495 2
0.35751 1
0 0
0.364476 1
0 0
0 0
0 0
0 0
0.394903 1
0 0
0 0
0 0
0 0
0.417427 1
0 0
0 0
0 0
0 0
0.444688 1
0 0
0.45615 1
0 0
0 0
0.468145 1
0 0
0 0
0 0
0 0
0 0
0 0
0 0
0 0
0 0
0 0
0 0
0 0
0 0
0 0
0 0
0 0
0.553322 1
