-0.355174 1
0 0
0 0
0 0
0 0
0 0
0 0
0 0
0 0
0 0
-0.318015 1
0 0
-0.312091 1
0 0
-0.304766 1
0 0
-0.297555 1
0 0
-0.291289 3
0 0
0 0
0 0
0 0
0 0
-0.270023 1
0 0
-0.262539 2
0 0
-0.258343 1
0 0
0 0
0 0
-0.242476 2
-0.239719 2
-0.236158 2
-0.23105 1
0 0
-0.226124 1
-0.220718 1
-0.217568 2
-0.216165 2
-0.212094 4
-0.207909 6
-0.204178 3
-0.199997 1
-0.19828 3
-0.194054 6
-0.191107 2
-0.188184 3
-0.184462 4
-0.180305 1
0 0
-0.174009 3
-0.16949 4
-0.167094 3
-0.163106 7
-0.160186 5
-0.156817 4
-0.152676 6
-0.1493 7
-0.146265 7
-0.142279 4
-0.139006 11
-0.135614 7
-0.132295 5
-0.128512 10
-0.12503 9
-0.121986 6
-0.118231 9
-0.115134 10
-0.111653 9
-0.107749 7
-0.104024 7
-0.100976 13
-0.0973264 20
-0.0939921 19
-0.0905255 26
-0.0870711 25
-0.0835701 25
-0.0804104 30
-0.0767033 32
-0.0735106 33
-0.0698725 22
-0.0662682 23
-0.0630632 25
-0.0592676 20
-0.056339 23
-0.0528533 25
-0.0493712 23
-0.0460066 33
-0.0420086 27
-0.0390724 29
-0.0350982 36
-0.0316664 31
-0.028414 29
-0.0245643 27
-0.021538 30
-0.0179287 36
-0.0143413 21
-0.0110457 33
-0.00752124 27
-0.00408974 27
-0.000388098 97
0.00229325 34
0.00637368 24
0.00951126 36
0.0127763 24
0.0163861 25
0.020087 26
0.0231827 36
0.0270405 39
0.0304227 31
0.0339097 33
0.0373451 34
0.0406148 21
0.044402 25
0.0476924 17
0.0511326 26
0.0548178 34
0.0583386 30
0.0611559 19
0.0651379 26
0.0685155 33
0.0716454 21
0.0753159 24
0.0788863 26
0.0824307 28
0.0859195 15
0.0892446 22
0.0923509 24
0.0959263 11
0.100036 15
0.102851 14
0.105883 8
0.110355 7
0.112966 15
0.116666 11
0.120635 10
0.123913 9
0.12751 4
0.130891 6
0.133467 9
0.137591 7
0.140729 8
0.144364 6
0.147132 6
0.150888 6
0.154627 3
0.158289 7
0.162501 8
0.164861 8
0.168481 7
0.172042 7
0.175672 5
0.178644 2
0.182451 6
0.186792 2
0.188938 9
0.193433 6
0.196046 6
0.199573 3
0.203792 4
0.206746 2
0.210352 5
0.213693 4
0.217606 3
0.221166 5
0.224537 5
0.226904 6
0.229869 3
0.234634 1
0.237185 2
0.240638 4
0.244592 4
0.248093 2
0.251055 1
0 0
0.259158 4
0 0
0.26425 1
0.270346 1
0.27254 2
0 0
0.279268 4
0.281698 1
0.285603 3
0.290154 2
0.292516 2
0.297906 1
0.299861 2
0.302026 1
0 0
0.31148 1
0.314722 2
0.317248 2
0 0
0.323929 1
0 0
0 0
0.335471 1
0.33641 1
