-0.586235 1
0 0
0 0
0 0
0 0
-0.556389 2
0 0
0 0
0 0
0 0
0 0
0 0
0 0
0 0
-0.504836 1
0 0
-0.491645 1
0 0
0 0
0 0
0 0
0 0
-0.458836 1
0 0
0 0
0 0
-0.430851 1
0 0
0 0
0 0
0 0
0 0
0 0
0 0
0 0
-0.381614 1
-0.375179 1
0 0
0 0
-0.357972 1
-0.355231 1
0 0
-0.342494 1
0 0
0 0
-0.325643 1
0 0
0 0
-0.3046 1
0 0
0 0
-0.29154 1
0 0
-0.277888 3
0 0
0 0
0 0
-0.256044 1
0 0
0 0
0 0
-0.231309 1
0 0
0 0
0 0
0 0
0 0
0 0
0 0
0 0
0 0
-0.177536 1
0 0
0 0
0 0
0 0
0 0
0 0
0 0
0 0
0 0
0 0
0 0
-0.10594 1
0 0
-0.0934569 1
-0.0870497 2
0 0
0 0
-0.068381 1
0 0
-0.0578304 1
0 0
-0.0470418 1
-0.0405492 1
-0.0377753 2
-0.0335111 1
-0.0257556 2
0 0
0 0
-0.00862299 1
-0.00164207 4
0 0
0 0
0 0
0.018489 1
0.0264722 3
0 0
0 0
0.0453342 1
0 0
0.0566038 1
0 0
0.0652367 1
0.0732378 1
0 0
0.0843178 1
0.0918823 2
0.0979092 1
0 0
0 0
0 0
0 0
0 0
0.128389 2
0 0
0 0
0 0
0.151242 1
0.158017 1
0 0
0 0
0 0
0 0
0 0
0 0
0 0
0 0
0 0
0.214954 1
0 0
0 0
0 0
0.238387 1
0 0
0 0
0 0
0 0
0 0
0 0
0 0
0 0
0 0
0 0
0 0
0 0
0 0
0 0
0 0
0 0
0 0
0 0
0 0
0 0
0 0
0.366864 1
0 0
0 0
0.383942 2
0 0
0.397085 1
0 0
0 0
0.412365 1
0 0
0 0
0.426739 1
0 0
0 0
0 0
0 0
0 0
0 0
0.469884 1
0 0
0 0
0 0
0 0
0 0
0 0
0 0
0 0
0 0
0 0
0 0
0.539623 1
0 0
0 0
0 0
0.564806 1
0 0
