-0.419053 1
0 0
0 0
0 0
0 0
0 0
0 0
0 0
-0.375761 1
0 0
0 0
0 0
0 0
0 0
-0.347196 1
0 0
0 0
0 0
-0.324889 1
-0.321754 1
0 0
0 0
0 0
-0.301545 1
-0.29411 1
-0.290181 3
0 0
0 0
0 0
0 0
0 0
0 0
-0.255443 1
0 0
-0.246324 1
0 0
-0.238213 1
-0.231868 1
-0.227383 2
0 0
0 0
-0.211278 3
-0.205144 3
0 0
-0.196184 4
-0.190917 1
-0.185974 2
-0.180952 3
-0.174753 4
-0.169823 3
-0.166244 3
-0.158684 1
-0.155753 2
-0.149853 5
-0.144251 5
-0.140898 6
-0.134889 10
-0.130025 7
-0.126638 8
-0.120753 2
-0.115765 4
-0.110999 10
-0.104831 15
-0.0999495 25
-0.0955291 42
-0.0902724 33
-0.0855231 45
-0.0803206 43
-0.0750981 35
-0.0704345 54
-0.0654629 55
-0.0602776 42
-0.0550707 38
-0.0503282 41
-0.0451869 47
-0.0399468 50
-0.0352921 40
-0.0302838 38
-0.0250714 44
-0.0201429 41
-0.0151378 54
-0.010211 48
-0.00508867 48
-9.29252e-05 53
0.00514858 50
0.009905 40
0.0148622 54
0.0198434 46
0.025411 54
0.0300919 42
0.0355184 48
0.0402399 47
0.0458028 34
0.0501261 49
0.0551505 63
0.0601863 41
0.0651011 47
0.0698836 30
0.0750336 36
0.0803434 40
0.0852072 49
0.0904552 43
0.0951586 41
0.100189 31
0.104653 18
0.110239 21
0.114389 9
0.120157 9
0.126566 9
0.130072 15
0.135427 10
0.141178 2
0.146484 8
0.150448 8
0.155428 6
0.161563 4
0.165016 5
0.171159 2
0.175233 2
0.180601 2
0.187597 2
0.191397 3
0.197336 1
0.200519 2
0.207339 3
0.210048 4
0.215394 3
0 0
0.226632 2
0.230214 1
0.235627 4
0.24042 1
0.245701 1
0.248746 1
0 0
0 0
0 0
0 0
0 0
0 0
0 0
0.292479 1
0.297345 1
0 0
0 0
0 0
0 0
0 0
0 0
0 0
0 0
0 0
0 0
0 0
0 0
0 0
0 0
0 0
0 0
0.383524 1
0 0
0 0
0 0
0 0
0 0
0 0
0 0
0 0
0 0
0 0
0 0
0 0
0 0
0 0
0 0
0 0
0 0
0 0
0 0
0 0
0 0
0 0
0 0
0 0
0 0
0 0
0 0
0 0
0 0
0 0
0 0
0 0
0 0
0 0
0 0
0 0
0 0
0 0
0 0
0 0
0.584556 1
