-0.441374 1
0 0
0 0
0 0
0 0
0 0
0 0
0 0
0 0
0 0
0 0
0 0
0 0
0 0
0 0
0 0
0 0
-0.371535 1
0 0
0 0
0 0
0 0
0 0
0 0
0 0
0 0
0 0
0 0
0 0
0 0
0 0
0 0
0 0
0 0
0 0
-0.298139 1
0 0
0 0
0 0
0 0
0 0
0 0
0 0
0 0
-0.265684 1
0 0
-0.256539 1
0 0
0 0
0 0
-0.240936 3
-0.237189 1
-0.232867 4
-0.229367 1
-0.222956 1
0 0
-0.214865 2
-0.211505 2
-0.208802 2
0 0
-0.199557 4
-0.195117 3
-0.190294 1
-0.187579 2
-0.183104 1
-0.179923 2
-0.176945 2
-0.171985 2
-0.166774 2
-0.162366 1
-0.160362 3
-0.156572 4
-0.151493 5
-0.14766 10
-0.143393 2
-0.139855 11
-0.135946 11
-0.131979 10
-0.128247 18
-0.123585 16
-0.120076 18
-0.116582 14
-0.111987 25
-0.108085 32
-0.10428 38
-0.099794 54
-0.0962714 68
-0.0920199 80
-0.0881232 82
-0.0841853 96
-0.0803888 108
-0.0761939 110
-0.0722399 114
-0.0682974 114
-0.0642091 105
-0.0603813 110
-0.0563143 118
-0.0522187 88
-0.0483232 118
-0.0441847 94
-0.0404557 123
-0.0364716 107
-0.0324729 116
-0.0283621 117
-0.0241881 134
-0.0204131 141
-0.0161537 110
-0.0122448 119
-0.00831738 121
-0.00445988 117
-0.000145598 124
0.00352245 132
0.00752939 138
0.0117175 118
0.0154999 116
0.0193867 155
0.0234605 114
0.0274511 132
0.0314946 122
0.0354872 121
0.0394238 131
0.0434359 126
0.047618 107
0.0512538 104
0.0555803 99
0.0594881 134
0.0633209 105
0.0674672 112
0.0715586 111
0.0755291 109
0.079338 110
0.083236 95
0.0871693 99
0.0912859 92
0.0953252 86
0.0990751 62
0.103021 32
0.107448 42
0.111256 22
0.115252 16
0.119429 20
0.123213 14
0.126418 11
0.131279 13
0.135708 9
0.138838 6
0.143671 6
0.147203 10
0.150384 1
0.154748 5
0.158877 10
0.162633 2
0.166361 2
0.1713 3
0.175374 4
0.180496 1
0.184951 1
0.187556 2
0.189369 2
0.194101 2
0.199264 3
0.203871 1
0 0
0.211507 4
0.215446 1
0 0
0.223697 2
0.225583 1
0.23135 3
0 0
0.238746 2
0 0
0 0
0.249835 1
0.256241 1
0.259724 1
0 0
0.265857 1
0 0
0.273383 1
0 0
0.284295 2
0.285089 1
0.291696 1
0.294805 1
0 0
0 0
0.306499 1
0.309475 1
0 0
0 0
0 0
0 0
0 0
0 0
0 0
0.341595 1
0.345163 1
0 0
0 0
0.356734 1
