-0.308883 1
0 0
0 0
0 0
0 0
0 0
0 0
0 0
-0.277691 1
0 0
-0.270098 1
0 0
0 0
0 0
0 0
0 0
0 0
-0.248753 1
0 0
0 0
-0.236642 1
-0.234378 1
-0.229748 1
-0.22548 2
0 0
0 0
-0.215119 2
0 0
-0.207436 2
-0.205151 1
-0.200832 2
0 0
-0.194406 3
-0.189827 4
-0.188512 1
-0.183164 3
-0.17908 2
-0.176618 2
-0.172623 3
-0.169081 3
-0.165457 6
-0.162779 4
-0.158018 1
-0.155186 5
-0.151602 9
-0.148154 6
-0.144837 7
-0.141182 7
-0.137701 11
-0.134128 10
-0.130655 8
-0.127051 9
-0.123387 18
-0.119497 9
-0.116131 15
-0.112936 20
-0.109284 13
-0.10527 20
-0.101602 26
-0.0983072 21
-0.0948393 14
-0.0913649 16
-0.0875431 12
-0.084379 23
-0.0811325 22
-0.077834 17
-0.0740665 20
-0.0705791 28
-0.0668085 21
-0.0636922 24
-0.0598527 32
-0.0560245 15
-0.0520205 17
-0.0489916 20
-0.0455564 22
-0.0418788 20
-0.0384728 29
-0.0348653 31
-0.0313321 22
-0.0279841 34
-0.0240041 29
-0.0207021 34
-0.0167258 30
-0.01371 39
-0.0102252 33
-0.00655342 52
-0.00301513 62
0.000340376 104
0.00398818 49
0.00734256 41
0.0112438 47
0.0142075 42
0.0180396 32
0.0218465 34
0.0252254 22
0.0287477 22
0.0321547 21
0.0357077 24
0.0394946 25
0.0431588 24
0.04643 28
0.0494986 22
0.0533034 14
0.0573905 19
0.0605273 27
0.0640734 22
0.0676636 22
0.0712505 14
0.0748552 18
0.0782256 11
0.0820599 13
0.0853915 19
0.0886987 18
0.0924528 16
0.0958779 19
0.0994836 13
0.102559 9
0.106465 16
0.110235 10
0.113941 15
0.116831 16
0.120798 13
0.124984 9
0.128042 17
0.130935 8
0.13549 9
0.13847 9
0.141934 14
0.145963 9
0.14848 6
0.152034 9
0.156081 5
0.159071 12
0.161508 2
0.166185 5
0.169846 8
0.174054 7
0.177029 4
0.181329 6
0.183642 6
0.188163 7
0.191233 4
0.194332 5
0.198566 5
0.201874 5
0.204772 5
0.209982 1
0.212801 8
0.21659 4
0.218645 3
0.223569 3
0.227231 1
0.229295 2
0 0
0.238618 1
0.241323 6
0 0
0.249601 1
0.250558 1
0.254626 2
0.258661 3
0.261142 3
0.265553 4
0.27062 1
0 0
0.276475 1
0.279704 4
0 0
0.287486 1
0 0
0 0
0 0
0 0
0 0
0.307593 1
0.31099 2
0 0
0 0
0 0
0 0
0.329872 1
0 0
0 0
0 0
0.343156 1
0 0
0.349623 1
0 0
0 0
0.361443 1
0.365817 1
0 0
0.37313 1
0.375185 1
0 0
0 0
0 0
0 0
0.393283 1
0.396804 1
0.398185 1
