-0.495737 1
0 0
0 0
0 0
0 0
0 0
0 0
0 0
0 0
0 0
0 0
0 0
-0.43083 2
0 0
-0.419873 2
0 0
-0.409706 1
-0.406468 1
-0.400947 1
-0.393012 3
-0.390501 1
-0.384314 1
-0.376542 1
-0.374511 1
-0.367297 1
-0.364423 1
-0.355879 2
0 0
-0.348673 1
0 0
-0.337019 1
-0.330705 2
-0.326174 5
-0.321156 4
-0.314017 2
-0.31003 9
-0.30403 5
-0.298944 4
-0.294177 7
0 0
-0.283516 6
-0.277582 6
-0.274202 4
-0.268162 7
-0.263575 2
-0.257621 7
-0.251144 3
-0.246217 1
0 0
-0.236685 3
-0.231566 4
-0.225776 4
-0.221243 2
-0.215005 7
-0.210382 14
-0.204604 16
-0.199749 1
-0.194702 14
-0.18913 24
-0.183623 16
-0.178711 21
-0.173478 21
-0.167925 20
-0.162624 27
-0.157762 14
-0.152649 32
-0.147338 21
-0.142154 31
-0.136653 41
-0.13126 34
-0.125778 64
-0.12134 62
-0.116165 53
-0.110822 82
-0.105448 55
-0.100283 52
-0.0947951 66
-0.0895518 65
-0.0846176 68
-0.0788384 71
-0.073755 81
-0.0689228 98
-0.0635761 88
-0.0580758 77
-0.052728 77
-0.0475409 72
-0.0424352 101
-0.0371975 110
-0.0319069 120
-0.0268624 120
-0.0218797 155
-0.0162439 124
-0.0109693 159
-0.00554683 228
-0.000188788 1138
0.00445678 222
0.0100057 153
0.0150918 144
0.0203637 130
0.0253939 158
0.030588 115
0.0360507 107
0.0414723 101
0.0465128 83
0.0519026 67
0.0569801 58
0.0621125 84
0.0676873 96
0.0731247 83
0.0776806 87
0.0833988 63
0.0886524 51
0.093493 48
0.0992083 38
0.104108 39
0.109969 41
0.114732 34
0.119938 46
0.124704 40
0.130306 26
0.135867 9
0.140538 11
0.146011 10
0.151039 10
0.156611 8
0.162673 3
0.16721 5
0.173264 7
0.177591 11
0.182542 6
0.18772 1
0.194938 2
0.198176 4
0.204268 4
0.208734 2
0.213368 2
0.219769 4
0.223681 2
0.228726 2
0 0
0.241268 4
0 0
0 0
0.256792 3
0.26075 2
0.268256 3
0.270585 2
0.276583 6
0.28231 1
0.2883 5
0.294782 1
0.295994 3
0.303783 3
0.309131 2
0 0
0.31909 3
0.324026 4
0.330396 3
0.335371 2
0.342399 2
0.345073 2
0.349942 1
0.354117 2
0.359589 1
0.366199 1
0.372367 1
0.378629 1
0 0
0.386927 1
0.393082 1
0.395754 1
0.405083 1
0.40795 2
0.415548 2
0.417001 3
0.426057 1
0.429632 2
0.433301 1
0 0
0 0
0.448656 1
0 0
0 0
0 0
0.468406 1
0.477003 1
0 0
0 0
0 0
0 0
0 0
0 0
0.510448 1
0 0
0 0
0 0
0 0
0 0
0 0
0.548809 1
0.552244 1
