-0.384624 1
0 0
0 0
0 0
0 0
0 0
0 0
0 0
0 0
0 0
0 0
0 0
0 0
0 0
0 0
0 0
0 0
0 0
0 0
0 0
0 0
0 0
0 0
0 0
0 0
0 0
0 0
0 0
0 0
0 0
-0.267445 2
0 0
0 0
0 0
0 0
-0.247109 1
0 0
0 0
0 0
0 0
0 0
0 0
0 0
0 0
0 0
0 0
0 0
-0.200753 1
-0.197648 1
0 0
0 0
0 0
0 0
0 0
0 0
0 0
0 0
0 0
0 0
-0.154775 1
0 0
0 0
0 0
-0.138505 1
0 0
0 0
0 0
-0.12242 1
0 0
0 0
0 0
0 0
0 0
0 0
0 0
-0.0925485 2
0 0
0 0
0 0
-0.0764764 2
0 0
-0.0692324 2
-0.064813 1
0 0
0 0
-0.0537225 1
0 0
0 0
-0.0418633 3
-0.0390249 3
-0.03485 1
0 0
-0.0283937 2
-0.0225553 2
-0.0183308 1
0 0
-0.0129676 1
-0.0065361 1
0 0
-0.000606242 3
0.00457933 1
0.00766764 1
0.0129116 1
0 0
0 0
0 0
0.027306 2
0.0309872 1
0 0
0.0394161 1
0.0442636 1
0 0
0 0
0.0554996 1
0 0
0.0603345 3
0.0669552 1
0.0710167 1
0.0719845 1
0.0788044 1
0 0
0.0852376 2
0 0
0.0931196 1
0.0975681 2
0.0991962 1
0.102765 1
0.106661 1
0 0
0 0
0 0
0 0
0.127945 1
0 0
0 0
0 0
0 0
0.148146 1
0 0
0 0
0 0
0 0
0 0
0 0
0.172967 1
0 0
0 0
0.18717 1
0 0
0 0
0 0
0.199511 1
0 0
0 0
0.211424 1
0.214769 1
0 0
0 0
0 0
0 0
0 0
0 0
0 0
0 0
0 0
0 0
0 0
0 0
0 0
0 0
0 0
0 0
0 0
0 0
0 0
0 0
0 0
0 0
0 0
0 0
0 0
0 0
0 0
0 0
0 0
0 0
0 0
0 0
0 0
0 0
0 0
0 0
0 0
0 0
0 0
0 0
0 0
0 0
0 0
0 0
0.388718 1
