-0.386192 1
0 0
0 0
0 0
-0.354828 1
0 0
0 0
-0.337429 2
-0.33273 1
-0.326555 3
-0.319145 1
0 0
-0.30626 5
-0.299641 7
-0.29507 4
-0.288616 4
-0.281428 3
-0.273176 5
-0.266848 8
-0.262608 3
-0.255195 17
-0.249976 11
-0.242457 15
-0.236383 22
-0.229631 17
-0.223296 31
-0.216489 36
-0.210463 34
-0.204929 33
-0.197487 54
-0.191181 92
-0.185165 144
-0.178931 144
-0.172563 161
-0.165872 168
-0.159847 170
-0.153462 171
-0.147063 199
-0.140585 185
-0.134155 195
-0.128054 196
-0.121484 197
-0.115172 215
-0.108568 197
-0.102566 207
-0.0959833 235
-0.0896675 247
-0.0833507 253
-0.0768254 230
-0.0701583 256
-0.0639056 288
-0.0577286 307
-0.0512661 289
-0.0447751 315
-0.0386239 308
-0.0321556 318
-0.02563 338
-0.0193614 371
-0.0129387 402
-0.0065586 516
-7.09831e-05 4257
0.00575914 505
0.0124957 428
0.0186332 368
0.0253269 361
0.0316763 375
0.0380156 321
0.0444139 339
0.0508374 297
0.0571029 307
0.0634738 308
0.0697139 282
0.0760923 275
0.0825924 311
0.0888519 301
0.0953219 261
0.101607 255
0.108365 282
0.114539 258
0.120927 220
0.127254 251
0.133733 256
0.140034 254
0.146368 223
0.152863 240
0.159221 205
0.165518 205
0.171919 180
0.178238 202
0.184634 155
0.19123 146
0.197244 86
0.203909 80
0.210186 55
0.216373 49
0.222983 41
0.228557 43
0.236123 31
0.24256 21
0.248773 25
0.255126 13
0.259748 7
0.268529 15
0.274187 9
0.28339 1
0.285065 3
0.291231 3
0.297523 4
0.305107 5
0.312449 5
0.316958 3
0.326528 3
0.330826 1
0 0
0.345289 2
0.353541 1
0.358043 1
0 0
0.367411 1
0 0
0 0
0 0
0 0
0 0
0.408745 1
0 0
0 0
0 0
0 0
0 0
0 0
0 0
0 0
0 0
0 0
0 0
0 0
0 0
0.4963 1
0 0
0.512187 1
0 0
0.522926 2
0 0
0 0
0.544571 1
0 0
0 0
0.558038 1
0.564685 1
0 0
0 0
0.587505 1
0.593916 1
0 0
0 0
0 0
0 0
0.624865 1
0.631486 1
0.637117 1
0 0
0 0
0.655125 2
0.664184 2
0.669094 1
0.674648 1
0.68263 2
0.6892 1
0 0
0 0
0 0
0.713219 2
0.719957 1
0.726312 2
0.736144 1
0.739054 1
0.74413 2
0 0
0.760116 2
0.764542 3
0.770115 2
0.77727 2
0.783954 1
0.793112 1
0.796435 1
0 0
0 0
0.814788 1
0.825052 2
0.831617 1
0 0
0.844101 1
0 0
0 0
0 0
0 0
0 0
0 0
0.889579 1
0 0
