-0.358455 1
0 0
0 0
0 0
-0.342079 1
0 0
0 0
0 0
0 0
0 0
0 0
0 0
0 0
0 0
0 0
0 0
-0.304238 1
-0.298612 2
-0.295872 1
0 0
0 0
0 0
-0.283427 1
-0.279372 1
0 0
-0.273846 1
-0.270244 1
-0.266567 2
-0.26107 1
-0.258522 2
-0.255877 6
-0.252696 5
-0.249069 3
-0.245425 6
-0.242428 7
-0.238813 7
-0.235618 14
-0.231635 13
-0.228551 6
-0.225703 13
-0.222333 15
-0.219307 26
-0.215637 23
-0.212181 32
-0.208631 37
-0.205194 39
-0.201928 55
-0.198891 44
-0.195374 57
-0.192001 66
-0.188531 74
-0.185236 103
-0.182 102
-0.178652 92
-0.17515 90
-0.171881 86
-0.168723 99
-0.16512 114
-0.16178 112
-0.158292 122
-0.154956 127
-0.151653 117
-0.148306 132
-0.144946 121
-0.14158 135
-0.138226 128
-0.135027 148
-0.131438 143
-0.128264 134
-0.124989 131
-0.12154 135
-0.118003 110
-0.114683 131
-0.1112 129
-0.107908 128
-0.104676 146
-0.101171 127
-0.0980472 128
-0.0944809 128
-0.0913307 145
-0.0878396 131
-0.0845233 136
-0.0810802 117
-0.0777394 119
-0.0744079 137
-0.0711059 165
-0.0676769 139
-0.0642201 126
-0.0609999 139
-0.0577151 152
-0.0540682 154
-0.0509278 159
-0.0474901 174
-0.0442871 165
-0.0408035 166
-0.0373164 150
-0.0341079 159
-0.0304909 157
-0.0273247 177
-0.0240962 171
-0.0206093 160
-0.0172211 172
-0.0138041 194
-0.0104517 188
-0.0071008 223
-0.00367619 279
-1.92169e-05 4348
0.00262791 353
0.00626787 235
0.00961482 212
0.0129353 203
0.0162565 158
0.0198182 157
0.0230473 159
0.0263669 143
0.0299284 141
0.0330873 150
0.0365969 158
0.0398527 157
0.0431562 163
0.0467037 159
0.0499684 141
0.053365 160
0.056749 149
0.0599916 145
0.0633582 169
0.0666643 125
0.0703772 143
0.0734775 152
0.076831 136
0.0803285 142
0.0834932 136
0.0870257 151
0.0905003 106
0.0937192 142
0.0970733 160
0.100362 123
0.103789 138
0.107156 114
0.110652 116
0.113901 126
0.117082 148
0.120533 119
0.123868 120
0.127326 142
0.13075 141
0.133948 154
0.137428 154
0.140901 139
0.144028 147
0.147577 127
0.151004 132
0.154219 128
0.157551 138
0.16098 113
0.164188 129
0.167639 98
0.171105 97
0.174321 80
0.1778 82
0.181165 85
0.184202 67
0.187954 56
0.191182 51
0.194276 57
0.197891 51
0.201275 29
0.204782 37
0.207913 21
0.211336 21
0.214598 20
0.21793 22
0.221532 18
0.225421 9
0.227964 8
0.231364 6
0.23496 9
0.238365 10
0.241933 8
0.244327 5
0.24826 2
0.251789 9
0.254497 1
0.257636 3
0.261275 3
0.264261 2
0 0
0.272785 4
0.274944 3
0 0
0 0
0 0
0 0
0 0
0 0
0 0
0 0
0 0
0.309996 1
0 0
0.313875 1
