-0.502195 1
0 0
0 0
0 0
0 0
0 0
0 0
0 0
0 0
0 0
0 0
0 0
0 0
0 0
0 0
0 0
0 0
0 0
0 0
0 0
0 0
-0.407585 1
0 0
-0.40012 1
0 0
-0.392441 1
0 0
0 0
0 0
0 0
0 0
0 0
0 0
0 0
0 0
0 0
0 0
0 0
0 0
0 0
0 0
0 0
0 0
-0.311402 2
0 0
0 0
0 0
0 0
0 0
0 0
0 0
-0.27831 2
0 0
-0.270228 1
-0.265671 3
0 0
-0.255868 1
0 0
-0.246797 2
0 0
-0.23794 1
-0.235063 1
-0.231069 4
-0.226915 7
-0.221389 3
-0.217639 8
-0.213177 16
-0.208919 26
-0.204319 41
-0.200206 69
-0.196075 100
-0.191721 106
-0.187404 105
-0.183149 106
-0.178826 106
-0.174229 100
-0.170049 95
-0.165506 111
-0.161289 99
-0.156888 98
-0.152569 127
-0.14849 100
-0.144054 130
-0.13971 109
-0.135525 112
-0.131046 127
-0.126794 99
-0.122434 103
-0.118105 101
-0.113354 94
-0.109267 105
-0.105071 96
-0.100499 116
-0.096078 81
-0.0918492 110
-0.0875649 94
-0.0829351 93
-0.0788736 94
-0.0744485 106
-0.0701988 108
-0.0656636 107
-0.0616427 130
-0.0572891 141
-0.0528196 137
-0.0486932 121
-0.0442004 143
-0.0399149 113
-0.0353104 120
-0.0309279 121
-0.0267236 114
-0.0224007 126
-0.0178947 125
-0.0137241 125
-0.00915495 140
-0.00505624 133
-3.50717e-05 3028
0.00374552 130
0.00767055 116
0.012364 152
0.0168996 124
0.0211295 125
0.0252533 142
0.0297559 151
0.0341757 124
0.0386008 130
0.0428098 132
0.0469463 144
0.0515301 123
0.055796 124
0.0600639 125
0.0645575 105
0.0689084 110
0.0732264 113
0.0773958 110
0.0818547 103
0.0859397 93
0.0905404 97
0.0947899 98
0.0991194 101
0.103498 115
0.108067 97
0.112227 107
0.116692 90
0.120784 88
0.125305 86
0.129608 99
0.133905 94
0.138189 94
0.142545 91
0.147013 95
0.151333 99
0.155491 97
0.160268 80
0.164571 88
0.168557 73
0.172739 81
0.177277 74
0.181381 61
0.18587 52
0.190016 35
0.193792 11
0.199914 2
0 0
0.208636 1
0.211559 4
0.216625 5
0.220185 1
0.224124 1
0.229859 1
0.233514 2
0 0
0 0
0.247539 1
0 0
0 0
0 0
0 0
0.267708 1
0 0
0.275232 1
0 0
0 0
0 0
0 0
0.298315 1
0 0
0 0
0 0
0 0
0.318771 2
0.325976 1
0 0
0 0
0 0
0 0
0 0
0 0
0 0
0 0
0 0
0.366174 1
