-0.10819 5
-0.107462 1
-0.105867 2
-0.104108 1
-0.103254 2
0 0
-0.101212 1
0 0
-0.0991986 1
-0.0977749 1
-0.0966571 2
-0.0952138 3
-0.0944424 4
-0.0933066 5
-0.0920786 3
-0.0908584 5
-0.0899155 1
-0.0886072 2
-0.0877592 6
-0.0863966 5
-0.0851776 6
-0.0837827 3
-0.0833479 2
-0.0819211 3
-0.0807556 5
-0.0795168 2
-0.0783774 4
-0.0772134 2
-0.0762207 3
-0.0746813 2
-0.0735976 4
-0.0724743 3
-0.0716927 5
-0.0703988 6
-0.0696291 2
-0.0681098 5
-0.0668797 5
-0.0658775 4
-0.0646855 4
-0.0635182 2
-0.0622028 1
-0.0609825 1
-0.0605846 1
-0.0589501 2
-0.0577025 5
-0.0566222 4
-0.0553419 5
-0.054546 1
-0.0529066 4
-0.0516284 3
-0.0507502 6
-0.0501987 1
-0.0483425 2
-0.0475159 1
-0.0463853 4
-0.0451997 3
-0.0438774 2
-0.0424803 3
-0.0418333 1
0 0
-0.0391789 2
-0.0386375 5
-0.0371516 2
-0.0362961 3
-0.0346771 1
-0.0336862 10
-0.0327239 2
-0.031301 3
-0.0305592 5
-0.0295795 3
-0.0281438 3
-0.0270181 3
-0.0256799 3
-0.0248317 3
-0.0233609 4
-0.0221348 2
-0.0208795 2
-0.0201622 4
-0.0189965 3
-0.0179048 3
-0.0165013 4
-0.0157203 3
-0.0142138 2
-0.0129502 9
0 0
-0.0108729 3
-0.00965664 3
-0.00879291 4
-0.00743898 5
-0.00619898 4
-0.00518954 2
-0.00400116 3
-0.00300087 3
-0.0019569 5
-0.000567588 4
0 0
0 0
0.0032456 1
0.00364888 4
0.00482454 8
0.00607924 4
0 0
0.00835416 6
0.00960972 5
0.0110826 1
0.0118617 6
0.0127305 2
0.0143793 5
0.0153978 2
0.0163632 3
0.0175785 3
0.018708 3
0.0197022 2
0.02066 3
0.0223206 2
0.0233932 6
0.0243315 4
0.0255251 5
0.0265779 1
0.027905 4
0.0285628 2
0.0301061 2
0.0313841 4
0.0326707 2
0.0340838 1
0.0346253 2
0.0357123 2
0.0366362 3
0.0380209 4
0.0392441 5
0.0401731 4
0.0417679 5
0.0427184 5
0.0439174 5
0.0450651 4
0.0462477 2
0.0470426 3
0.0486846 4
0.0497175 7
0.0505881 4
0.0518987 2
0.0530232 2
0.0542091 4
0.0552205 4
0.0566315 1
0.0573928 1
0.0587583 3
0.0600991 3
0.0611536 2
0.0620428 4
0.0632662 4
0.0645821 5
0.0655262 5
0.066941 3
0.0679978 4
0.0693291 2
0.0705325 1
0.0711874 6
0.0725367 6
0.0735951 3
0.0744615 3
0.0757761 4
0.0775276 2
0.0779908 3
0.0791904 4
0.0806366 3
0.0817112 3
0.0827755 2
0.083709 4
0.0853993 2
0.0859856 4
0.0871995 5
0.0878835 1
0.0894737 5
0.0903217 2
0.0916077 3
0.093267 1
0 0
0.0951444 3
0.0968592 2
0.0975501 4
0.0989701 3
0.0996275 1
0.101354 1
0 0
0 0
0.104767 1
0 0
0 0
0 0
0 0
0.109666 1
0.111432 1
0 0
0 0
0 0
0 0
0 0
0 0
0 0
0.119864 1
