-0.250684 2
0 0
0 0
-0.234959 1
0 0
-0.223833 3
0 0
-0.215042 5
-0.209689 3
-0.207734 2
-0.200646 4
-0.194773 2
-0.1924 3
-0.186049 1
-0.181315 5
-0.176219 5
-0.17187 4
-0.168529 3
-0.163039 13
-0.157613 16
-0.153285 13
-0.148708 10
-0.143785 20
-0.139122 15
-0.134139 10
-0.129044 12
-0.123997 12
-0.119665 14
-0.115362 13
-0.109939 13
-0.104976 23
-0.100511 28
-0.0961676 23
-0.0902443 32
-0.0861093 17
-0.0816709 24
-0.0763215 45
-0.0715917 42
-0.0668535 42
-0.0617514 56
-0.0572856 54
-0.0525557 61
-0.0478497 64
-0.0429259 66
-0.0378226 76
-0.0334922 72
-0.02875 93
-0.0239413 100
-0.0191367 99
-0.0140971 127
-0.00930936 171
-0.00416867 335
1.52981e-05 12118
0.004541 337
0.00962655 150
0.0144389 116
0.0190747 101
0.0239354 88
0.0287417 88
0.0338138 66
0.0384811 69
0.0433231 87
0.0482841 71
0.0528691 60
0.0575499 57
0.0624439 61
0.0670897 57
0.0719042 34
0.0769213 41
0.0817073 35
0.0861687 43
0.0914644 41
0.0960921 28
0.101039 34
0.105457 24
0.110002 29
0.114961 35
0.120132 24
0.124214 20
0.129569 25
0.134608 23
0.139009 21
0.143509 22
0.148305 15
0.153407 35
0.158213 24
0.162793 29
0.167555 21
0.172748 14
0.177205 27
0.182569 21
0.18651 21
0.191548 13
0.196519 15
0.201597 9
0.20618 17
0.211019 17
0.21534 12
0.219968 13
0.224919 10
0.230493 8
0.234594 13
0.23915 9
0.244029 8
0.249268 17
0.253056 8
0.257703 10
0.262805 11
0.268179 9
0.273564 8
0.277949 11
0.282085 9
0.287662 8
0.291991 7
0.297544 2
0.301558 3
0.305832 8
0.31097 4
0.315844 8
0.320971 5
0.325511 4
0.330125 9
0.334985 6
0.340319 3
0.345468 4
0.349178 5
0.355095 2
0.360193 6
0.364616 3
0.368222 7
0.373567 1
0.378128 2
0.383387 4
0.387349 4
0.393641 3
0.398745 2
0.400787 2
0.407781 2
0.410746 3
0.416305 2
0.421636 2
0.424536 2
0 0
0.436264 3
0.440082 2
0.444508 2
0 0
0.45697 1
0.460514 3
0.46633 2
0 0
0.473384 3
0.477715 2
0 0
0.488378 2
0.495439 1
0 0
0.501761 1
0 0
0.511419 1
0.517374 2
0 0
0 0
0.529203 1
0 0
0 0
0.545252 1
0.551501 1
0 0
0 0
0.567414 1
0 0
0 0
0 0
0 0
0 0
0 0
0 0
0 0
0.606792 1
0 0
0 0
0 0
0 0
0 0
0 0
0 0
0.64533 1
0 0
0 0
0 0
0 0
0 0
0 0
0 0
0 0
0 0
0 0
0 0
0 0
0.706332 1
