-0.444365 2
0 0
0 0
0 0
-0.41799 1
0 0
0 0
0 0
-0.390006 2
0 0
-0.372963 3
0 0
-0.35748 3
-0.352529 4
-0.344255 1
-0.334162 2
0 0
-0.322889 3
-0.313406 3
-0.309072 6
-0.300232 3
-0.293777 8
-0.286438 3
-0.281161 6
-0.271341 4
-0.266645 7
-0.257544 8
-0.25053 11
-0.243346 17
-0.236215 13
-0.22907 14
-0.221998 15
-0.214965 17
-0.207234 18
-0.20037 21
-0.193566 16
-0.186164 17
-0.179917 23
-0.171985 25
-0.165161 29
-0.158237 33
-0.150211 51
-0.14317 40
-0.136164 40
-0.128463 40
-0.121829 36
-0.114492 50
-0.107346 58
-0.100444 55
-0.0934091 67
-0.0857137 82
-0.0786114 97
-0.0719346 104
-0.0643988 123
-0.0576618 115
-0.0504487 148
-0.0428886 180
-0.0361328 180
-0.0286664 223
-0.0215702 303
-0.014303 418
-0.00695846 668
3.37062e-05 13485
0.00664585 884
0.0141346 502
0.0209335 338
0.028256 314
0.0355072 245
0.0429147 224
0.0500358 139
0.0571591 147
0.0641792 153
0.071667 101
0.0784887 84
0.0855786 91
0.0930826 82
0.100026 57
0.107285 36
0.114432 51
0.121468 41
0.128656 33
0.135328 33
0.142846 31
0.150299 26
0.157333 28
0.164822 27
0.170984 12
0.178773 19
0.186456 16
0.193305 14
0.200764 17
0.20829 12
0.215652 12
0.221993 13
0.227449 6
0.235572 10
0.243973 9
0.250428 16
0.256532 3
0.2637 5
0.272615 2
0.277184 2
0.286216 3
0.293725 5
0.302986 3
0.307323 1
0.31278 1
0 0
0.327665 2
0.334221 2
0.344273 1
0.347697 1
0 0
0 0
0 0
0.380417 1
0.383211 1
0.39294 2
0 0
0.409682 2
0.41236 1
0.421966 2
0 0
0 0
0.444426 1
0 0
0 0
0 0
0 0
0.480166 1
0.489304 1
0 0
0 0
0 0
0.513061 1
0 0
0 0
0 0
0 0
0 0
0 0
0 0
0 0
0.583757 1
0.587955 1
0 0
0 0
0 0
0 0
0 0
0 0
0.63512 1
0.645652 1
0 0
0 0
0 0
0 0
0 0
0 0
0 0
0 0
0 0
0 0
0.721289 1
0 0
0 0
0.744047 1
0 0
0 0
0 0
0.770805 1
0.783195 1
0.789097 3
0 0
0.801702 2
0 0
0.815254 1
0.824942 1
0 0
0.840783 2
0 0
0 0
0 0
0.86493 1
0 0
0.883812 1
0 0
0.894857 2
0 0
0 0
0 0
0.926986 1
0.927977 1
0.937538 3
0.946028 1
0.952561 2
0 0
0.967926 4
0.974868 9
0.981297 6
0.985039 1
