-0.719508 1
0 0
0 0
0 0
-0.669928 1
0 0
-0.648772 1
-0.636018 1
-0.622966 1
0 0
-0.60586 1
0 0
0 0
0 0
-0.557535 1
0 0
-0.540965 4
-0.524822 1
-0.520948 3
-0.506409 4
0 0
-0.483291 3
-0.473554 3
-0.466407 5
-0.452634 5
-0.440464 4
-0.436371 1
-0.419746 2
-0.407582 6
-0.397065 1
-0.386306 4
-0.380256 3
-0.365176 5
-0.352817 2
-0.343346 6
-0.333972 8
-0.322983 10
-0.310351 5
-0.298377 3
-0.289056 11
-0.277176 7
-0.268201 13
-0.256042 9
-0.248224 14
-0.235177 9
-0.225256 3
-0.212844 12
-0.20377 8
-0.191366 13
-0.180243 12
-0.169665 7
-0.159541 17
-0.15019 11
-0.136869 9
-0.128801 9
-0.11647 23
-0.104735 23
-0.0930255 16
-0.0831001 22
-0.0713585 34
-0.0611779 27
-0.0498475 30
-0.0390139 47
-0.0281034 46
-0.0168371 71
-0.00459161 257
0.00133222 985
0.0152085 139
0.02602 89
0.0369455 64
0.0473515 47
0.0580115 37
0.0694477 35
0.0800889 27
0.0895797 26
0.101873 19
0.113207 12
0.122519 8
0.134935 14
0.145647 19
0.156523 5
0.168511 14
0.17819 16
0.189281 9
0.200614 9
0.211539 11
0.223071 12
0.233778 9
0.24293 11
0.253843 4
0.26679 6
0.273246 4
0.286334 8
0.297226 2
0.311753 4
0.31969 9
0.332245 4
0.341077 7
0.356729 2
0.363985 4
0.369591 1
0.386108 5
0.399013 1
0.409896 2
0.418029 7
0.430974 3
0.438734 3
0.449187 2
0.463727 2
0.471652 2
0.482545 4
0.493229 3
0.503044 4
0.514697 1
0 0
0.537154 5
0.553617 2
0.558991 2
0.566545 3
0.579707 1
0.589427 1
0.605535 1
0 0
0 0
0.635278 2
0.65041 1
0.658696 1
0.667517 4
0.675146 1
0.687359 1
0 0
0.706915 1
0.722394 2
0.732858 2
0.742165 1
0.757421 3
0 0
0 0
0.78531 1
0 0
0 0
0.815163 1
0.827711 1
0.841677 1
0.851909 1
0.868075 1
0.878094 1
0 0
0.89885 2
0.907696 1
0.913394 1
0 0
0.939403 1
0 0
0 0
0 0
0.987919 1
0 0
1.00298 2
1.02134 1
0 0
1.0403 1
0 0
0 0
1.07312 1
1.07975 1
0 0
0 0
0 0
0 0
0 0
0 0
0 0
0 0
0 0
0 0
0 0
0 0
0 0
0 0
0 0
0 0
0 0
1.2753 1
0 0
0 0
0 0
0 0
0 0
0 0
1.35714 1
0 0
1.37698 1
0 0
0 0
0 0
1.418 1
0 0
0 0
0 0
1.45719 1
