-0.446262 1
0 0
0 0
0 0
0 0
0 0
0 0
0 0
0 0
0 0
-0.384249 1
0 0
0 0
-0.362552 1
0 0
-0.350206 1
0 0
0 0
0 0
0 0
0 0
0 0
0 0
0 0
-0.300565 1
0 0
0 0
0 0
0 0
0 0
0 0
0 0
-0.248446 1
0 0
0 0
-0.233075 1
0 0
-0.218784 2
-0.210613 1
-0.20601 2
-0.203188 2
-0.192053 1
-0.187369 1
-0.182166 4
-0.175625 5
0 0
-0.163649 5
-0.156173 3
-0.152653 6
-0.14686 7
-0.139977 2
-0.134358 8
-0.128812 4
-0.121294 7
-0.115147 13
-0.109581 5
-0.10359 10
-0.0967437 4
-0.090948 9
-0.0855143 22
-0.0792347 22
-0.0728422 37
-0.0672508 34
-0.0615582 36
-0.055279 46
-0.0493374 19
-0.0425518 49
-0.0365605 47
-0.0303596 52
-0.0245043 57
-0.018743 69
-0.0128588 56
-0.00610246 80
-3.3292e-05 504
0.00556752 79
0.0116629 54
0.0179397 65
0.0236727 65
0.0296936 55
0.0359914 46
0.041862 45
0.0479362 36
0.0543384 39
0.0606258 42
0.0665202 46
0.0717975 50
0.0783941 33
0.0847702 20
0.0907067 18
0.09667 20
0.102391 17
0.108479 12
0.114584 16
0.12092 20
0.126818 9
0.132754 8
0.140464 5
0.146419 1
0.152482 4
0.157278 6
0.164855 3
0.170145 2
0.176182 4
0.180631 4
0.185027 1
0.191278 1
0 0
0.205049 1
0.21049 1
0 0
0.225879 1
0.229007 3
0 0
0 0
0.249251 1
0 0
0.261833 1
0 0
0 0
0 0
0 0
0.288291 1
0 0
0.305667 1
0 0
0 0
0 0
0.327679 1
0 0
0.337107 1
0 0
0 0
0.357799 1
0 0
0.368597 1
0 0
0 0
0 0
0.39309 1
0 0
0 0
0 0
0 0
0 0
0 0
0 0
0 0
0 0
0 0
0 0
0 0
0 0
0 0
0 0
0 0
0 0
0 0
0 0
0 0
0 0
0 0
0 0
0 0
0 0
0 0
0 0
0 0
0 0
0 0
0 0
0 0
0 0
0 0
0 0
0 0
0 0
0 0
0 0
0 0
0 0
0 0
0 0
0 0
0 0
0 0
0 0
0 0
0 0
0 0
0 0
0 0
0 0
0 0
0 0
0 0
0 0
0 0
0 0
0 0
0 0
0.766951 1
