-0.321695 1
-0.317522 1
0 0
0 0
0 0
-0.302757 1
0 0
0 0
0 0
0 0
0 0
0 0
0 0
0 0
0 0
0 0
0 0
0 0
0 0
-0.253445 1
0 0
-0.245256 1
0 0
0 0
0 0
-0.231645 1
0 0
0 0
-0.222237 1
0 0
0 0
-0.211452 2
0 0
0 0
0 0
0 0
0 0
0 0
0 0
-0.183027 2
0 0
-0.177635 2
-0.172648 1
-0.167891 1
-0.164396 1
-0.163189 3
-0.15756 1
-0.154403 1
-0.151939 2
-0.147904 5
-0.144398 4
-0.141843 4
-0.139063 2
-0.134544 4
-0.130592 3
-0.127284 5
-0.123691 5
-0.120282 8
-0.117589 10
-0.11312 12
-0.109807 13
-0.106679 15
-0.103225 7
-0.0997654 12
-0.0960892 18
-0.0923102 30
-0.088667 25
-0.0852495 30
-0.0817728 38
-0.0781835 47
-0.0748274 53
-0.0716315 79
-0.0676872 73
-0.0646156 78
-0.0610483 63
-0.0573161 68
-0.0538433 64
-0.0502313 78
-0.0469915 59
-0.0437206 82
-0.0398441 70
-0.036307 93
-0.0329709 103
-0.0294034 136
-0.0259287 123
-0.022503 126
-0.0188168 138
-0.0153553 128
-0.0118198 130
-0.0084654 153
-0.00474121 243
-0.000507386 990
0.00167031 379
0.00546094 194
0.00908789 140
0.0125565 152
0.0162117 135
0.0196757 122
0.0232391 150
0.0265767 127
0.0301554 129
0.0334482 90
0.0369709 86
0.0405022 78
0.0440916 73
0.0475227 80
0.0511021 76
0.0543633 74
0.0581226 73
0.0615381 84
0.0648717 65
0.0685073 64
0.0720922 74
0.0757919 49
0.0788974 34
0.0821887 20
0.086112 19
0.0894314 14
0.0932231 12
0.0961599 10
0.100168 7
0.103298 7
0.106705 5
0.110573 5
0.113815 9
0.118205 5
0.121298 5
0.124745 6
0.12817 1
0.131374 2
0.135167 8
0.137567 2
0.141478 3
0.14575 3
0 0
0.152759 1
0.155812 1
0.15896 1
0 0
0 0
0.170836 2
0 0
0.177668 1
0.18081 3
0.183343 1
0 0
0 0
0 0
0.199043 1
0 0
0.203439 1
0 0
0 0
0.214483 2
0 0
0.222528 1
0 0
0.230054 1
0 0
0.237738 1
0 0
0.243219 1
0 0
0 0
0 0
0 0
0 0
0 0
0 0
0 0
0 0
0 0
0.281259 1
0 0
0 0
0 0
0 0
0 0
0 0
0 0
0 0
0 0
0.318571 1
0 0
0.324356 1
0 0
0 0
0 0
0 0
0 0
0 0
0.346879 1
0 0
0 0
0 0
0 0
0 0
0 0
0 0
0 0
0.378328 1
