-0.991173 1
0 0
0 0
0 0
0 0
0 0
0 0
0 0
0 0
0 0
0 0
0 0
0 0
0 0
0 0
-0.859069 1
0 0
0 0
0 0
0 0
0 0
0 0
0 0
0 0
-0.78834 1
0 0
0 0
0 0
0 0
0 0
0 0
0 0
0 0
0 0
0 0
0 0
0 0
0 0
0 0
-0.663256 1
0 0
0 0
0 0
0 0
-0.620889 1
0 0
0 0
0 0
0 0
0 0
0 0
0 0
0 0
0 0
-0.538428 1
-0.535517 1
-0.524046 1
0 0
0 0
0 0
0 0
0 0
0 0
0 0
0 0
-0.448873 1
0 0
-0.434038 1
0 0
0 0
0 0
0 0
0 0
-0.380205 1
0 0
0 0
0 0
0 0
-0.340029 1
0 0
0 0
0 0
0 0
0 0
-0.296283 1
0 0
0 0
0 0
-0.260523 1
0 0
0 0
0 0
0 0
-0.215817 1
-0.207965 2
-0.198178 1
0 0
-0.188369 1
0 0
0 0
0 0
0 0
0 0
0 0
0 0
0 0
0 0
0 0
-0.0972874 3
-0.0886015 1
0 0
-0.0661983 1
0 0
0 0
0 0
-0.0338303 4
-0.0283878 1
-0.0188138 3
0 0
-0.00363878 3
0.00677402 1
0.0128964 2
0.0193826 3
0.0312936 2
0 0
0 0
0.0528596 2
0.063566 1
0 0
0.076664 2
0 0
0.0980307 2
0.104931 1
0.108321 1
0.123317 1
0 0
0.139953 1
0 0
0 0
0.165768 1
0 0
0 0
0 0
0.195373 1
0 0
0 0
0 0
0 0
0.232289 1
0 0
0 0
0 0
0.268366 1
0 0
0.281991 1
0 0
0 0
0 0
0 0
0.329688 1
0 0
0 0
0 0
0 0
0 0
0 0
0.385359 1
0 0
0 0
0 0
0 0
0 0
0 0
0.446075 1
0 0
0 0
0 0
0 0
0 0
0.489695 1
0 0
0 0
0 0
0 0
0 0
0 0
0.55453 1
0.558537 1
0 0
0 0
0 0
0 0
0 0
0 0
0 0
0 0
0 0
0 0
0 0
0 0
0.662131 1
