-0.434602 1
0 0
0 0
0 0
0 0
0 0
0 0
0 0
0 0
0 0
0 0
0 0
0 0
0 0
0 0
0 0
0 0
0 0
0 0
-0.349917 1
0 0
0 0
0 0
0 0
-0.328894 1
0 0
0 0
0 0
0 0
0 0
0 0
0 0
0 0
0 0
-0.284446 1
-0.280182 1
0 0
-0.272707 1
0 0
-0.26345 2
-0.258406 1
0 0
0 0
-0.245737 1
0 0
-0.23759 1
0 0
-0.231396 1
0 0
-0.222205 1
-0.216614 2
-0.210255 1
-0.208257 6
-0.202223 2
-0.199672 2
-0.194899 1
0 0
-0.186121 2
-0.181776 1
-0.176306 1
-0.173326 2
-0.168574 5
-0.164973 6
-0.160913 6
-0.15694 9
-0.15102 5
-0.147042 7
-0.14327 10
-0.139468 8
-0.135151 14
-0.130485 13
-0.12652 20
-0.121225 23
-0.117164 18
-0.113046 32
-0.108762 29
-0.104499 51
-0.100229 62
-0.0959981 76
-0.0917571 74
-0.0873047 89
-0.083032 99
-0.0785517 108
-0.0742917 112
-0.0700053 118
-0.0657194 106
-0.0611317 122
-0.056933 119
-0.0528 119
-0.0484671 121
-0.0443018 127
-0.039729 138
-0.0355844 139
-0.0311633 167
-0.0267739 118
-0.022614 136
-0.0182594 134
-0.0138582 127
-0.00960897 144
-0.00509921 126
-0.00101123 137
0.00306921 116
0.0075603 160
0.011966 134
0.0161453 137
0.020547 133
0.0249679 121
0.0291585 108
0.0334556 126
0.0378631 112
0.0421125 124
0.046638 145
0.050908 111
0.0549681 138
0.0593459 111
0.0635177 103
0.0680022 129
0.0724229 119
0.0766588 123
0.0807441 114
0.0853029 98
0.0896361 102
0.0939339 86
0.0981492 78
0.102523 38
0.106499 22
0.111027 32
0.115468 27
0.119782 26
0.124007 11
0.128272 12
0.132973 14
0.136798 21
0.141464 10
0.145004 10
0.149473 10
0.15367 7
0.157459 3
0.163174 6
0.167663 3
0.171789 2
0.177962 1
0.179563 5
0.18389 4
0.189254 5
0.191639 2
0.196981 2
0.20359 1
0 0
0.21047 4
0.21328 1
0.219628 4
0.223069 3
0 0
0.232758 3
0.235584 2
0.241172 2
0 0
0.249019 1
0.254159 1
0 0
0.262566 1
0 0
0.271488 1
0.27504 1
0.277888 1
0 0
0 0
0.293185 1
0.298381 1
0 0
0 0
0 0
0 0
0 0
0 0
0.326523 2
0 0
0 0
0 0
0 0
0 0
0 0
0 0
0.359717 1
0.364715 1
0 0
0 0
0 0
0.383237 1
0 0
0.39347 1
0 0
0.399024 1
0 0
0 0
0 0
0 0
0 0
0.428348 1
0 0
