-0.0994681 1
-0.0980313 2
0 0
-0.0962435 2
-0.094723 1
0 0
-0.0934695 1
0 0
-0.091058 6
0 0
0 0
0 0
0 0
0 0
-0.0850597 1
0 0
-0.0831691 1
0 0
-0.0806039 1
0 0
-0.0787053 2
-0.0778102 1
-0.0767241 1
-0.0758545 1
-0.0753836 1
-0.0744856 1
-0.0728551 1
-0.0720747 2
-0.0710254 1
-0.0696673 1
-0.0691257 2
-0.0679633 3
-0.0674843 1
-0.0660179 1
-0.0650168 4
-0.0644963 1
0 0
-0.0620244 3
-0.0610425 1
0 0
-0.0593237 1
-0.0578177 2
-0.0574297 2
-0.0561447 3
-0.0548514 3
0 0
-0.053081 3
-0.0523169 3
-0.0509678 3
-0.0500952 3
-0.0494841 1
0 0
-0.0471518 3
-0.0461178 4
-0.0452751 1
0 0
-0.0430657 5
-0.0419612 4
-0.0414906 1
-0.0402363 7
-0.0391069 2
0 0
-0.0372459 2
-0.0361845 2
-0.0351454 1
-0.0341569 3
-0.0333627 1
-0.0320098 2
-0.0312065 1
0 0
-0.0293784 2
0 0
-0.027237 1
-0.0262709 2
-0.0254348 2
-0.0238689 1
0 0
-0.0221764 2
-0.0214651 1
-0.020365 1
-0.0195874 2
-0.0184198 2
-0.0172 3
-0.0162273 2
-0.0156351 3
-0.0139482 2
-0.0132329 1
-0.0119541 1
0 0
-0.0107544 1
-0.00975607 1
0 0
0 0
-0.00668574 1
0 0
-0.00428742 5
0 0
-0.00230105 2
0 0
-0.00031764 1
0.000563793 3
0 0
0.00279614 2
0.00354774 2
0 0
0.00575491 2
0.00649944 2
0.00770271 3
0.00860243 2
0 0
0.0108032 1
0.0117006 1
0 0
0.0134993 1
0.0147878 1
0 0
0.0167016 1
0.0177224 1
0 0
0.0196769 2
0.0204734 1
0 0
0.0226734 4
0.023984 1
0.0244825 3
0 0
0 0
0 0
0.0283837 2
0.0299591 2
0.0302883 3
0.0312883 2
0.0327553 2
0.033924 1
0.0342182 1
0.035544 1
0 0
0.0377283 1
0.038772 3
0.0397288 1
0.0406569 1
0.0411714 1
0.0423466 2
0.0434102 2
0.0445174 4
0.0458748 1
0.0468109 2
0.0472625 2
0 0
0.04946 4
0.0504728 3
0.0518028 1
0.052626 1
0.0529818 2
0.054647 2
0 0
0.0566237 1
0.0571639 2
0.0578844 1
0.0595053 2
0.0602135 3
0 0
0.062234 1
0.0635148 2
0.0643794 1
0.0654982 2
0.0661782 1
0.0670361 2
0 0
0.0697015 1
0 0
0.071155 2
0.0722101 1
0.0731503 2
0.0744612 1
0 0
0.076642 1
0.0777183 2
0.0781871 2
0.0792418 3
0.0806033 1
0.0812994 4
0.0824202 3
0 0
0.0841574 1
0.0854506 1
0.0861809 2
0 0
0 0
0.0890879 4
0.0902677 2
0.0913187 1
0 0
0.0928076 1
0.0940287 1
0.0952013 1
0.0964227 3
0.0973054 2
0 0
0.0989026 1
0.0997023 1
