-0.0997256 2
0 0
-0.0975596 2
-0.096226 2
-0.0956413 1
-0.0939048 2
-0.0932705 2
0 0
-0.0916037 1
-0.090122 2
-0.0893893 5
-0.0878279 1
-0.0872517 4
-0.0863109 2
-0.0850894 2
-0.0847556 1
-0.0830066 1
-0.0820757 3
-0.0811053 4
-0.0800607 3
-0.0792665 1
-0.0783117 5
-0.0774654 2
-0.0762705 4
-0.0752522 6
-0.0744451 2
-0.0732187 2
-0.0722107 4
-0.0716557 1
-0.0700176 2
0 0
-0.0682367 3
-0.0675391 5
-0.0664679 2
-0.0652739 2
-0.0644315 4
-0.0634165 3
-0.0627096 3
-0.0613492 3
-0.0605168 2
-0.0593002 3
-0.0582594 5
-0.0574023 6
-0.0565274 4
-0.0554355 4
-0.0546039 4
0 0
-0.0526066 3
-0.0514052 4
-0.0500748 1
-0.0491205 1
-0.0484206 1
-0.0474591 2
-0.0463307 3
-0.0452236 3
-0.0444137 4
-0.0436946 2
-0.0424846 2
-0.0411826 4
-0.0402347 5
-0.0391994 6
-0.038048 1
-0.0374848 7
-0.0363601 2
-0.0354831 4
-0.0342492 3
-0.0333139 3
-0.0323565 2
-0.031589 5
-0.0306215 2
0 0
-0.0283427 4
-0.02738 7
-0.0264361 5
-0.0252914 4
0 0
-0.0232368 4
-0.0223808 4
-0.0213712 3
-0.0205131 4
-0.0194493 1
-0.0183251 3
0 0
-0.0161681 2
-0.0153194 4
-0.0144473 3
-0.0134129 4
-0.0120706 1
-0.0115525 3
0 0
-0.00919325 4
-0.00842851 3
-0.0078999 2
0 0
-0.00548389 4
-0.00451781 3
-0.00347756 4
-0.002509 7
-0.00170523 1
-0.000579375 2
0.00032413 5
0.00139844 4
0 0
0.00350407 2
0.00477497 5
0.00537281 5
0.00647862 7
0.00766171 6
0.00835331 2
0.0098026 3
0.0104524 4
0.0114033 2
0.012752 2
0 0
0.0147326 2
0.0155882 1
0.0161686 2
0 0
0.0187216 4
0.0192309 1
0.0206287 3
0.0213039 3
0.0224184 2
0.023747 3
0.0246048 5
0 0
0.0263841 7
0.0272873 3
0.0283967 4
0.0295176 5
0.0306208 6
0.0314017 4
0.0324643 2
0.0337685 2
0.0342976 3
0.0354978 3
0.0363379 6
0.0375682 7
0 0
0.039766 1
0.0405702 1
0.0413619 4
0.0423633 3
0.0434566 3
0.0444168 3
0.045569 1
0.0461742 3
0.0475458 1
0.0482479 4
0.0495307 7
0.0504043 2
0.0513489 7
0.0522612 3
0.0533981 1
0.0546453 1
0.0553525 4
0.0563667 7
0.0576355 1
0.0585153 5
0.0589761 1
0.0604651 4
0 0
0.0628368 1
0.0630575 5
0.0646348 3
0.065647 2
0.0661493 2
0.0674032 3
0.0687818 1
0.0692851 1
0.0700858 2
0.0715111 5
0.072281 1
0.0733699 2
0.0744123 5
0.0753982 3
0.0768447 1
0.0773051 4
0 0
0.0789284 2
0.0803001 4
0.0813606 2
0.0823454 2
0.0830496 1
0.0846963 2
0.085301 4
0 0
0 0
0.0882168 4
0.0893311 5
0.0906491 1
0.0912206 3
0.0922108 2
0.0936862 2
0.0946201 1
0.095408 4
0.0963321 2
0 0
0.0982024 5
0.0992272 4
0 0
