-0.0989915 4
-0.0978246 3
-0.0967017 2
-0.0959451 2
-0.0950936 3
-0.0940783 3
-0.0926122 2
-0.0918351 1
-0.0907964 2
-0.0900714 3
-0.0886192 2
-0.0879436 2
-0.086894 3
-0.0859045 3
-0.0849501 6
-0.083936 4
-0.0830776 2
-0.0817282 4
-0.0806397 1
-0.0798663 3
-0.0789861 3
0 0
-0.0771899 4
-0.0757934 2
-0.0751494 2
-0.0739712 4
-0.0730067 4
-0.0723993 2
-0.0710125 4
-0.0701516 4
-0.0689632 4
-0.0683523 1
-0.0670654 5
-0.0661801 4
-0.065213 5
-0.0641119 2
-0.0627345 2
-0.0621854 4
0 0
-0.059946 5
-0.0594491 2
-0.0582737 4
-0.0574617 1
-0.0563352 4
-0.0552486 2
-0.0542112 4
-0.0527137 1
-0.0521657 5
-0.0511701 5
-0.0500471 3
-0.0491025 3
0 0
-0.0471455 5
-0.046361 3
-0.0455688 2
-0.0446612 1
-0.0431336 3
-0.0423268 1
-0.0410288 2
-0.0403323 7
-0.0394461 3
-0.0382771 4
-0.0368239 2
-0.0362544 2
-0.0347972 1
-0.0342456 3
-0.0332302 2
-0.0322654 3
-0.0314363 9
-0.0300662 3
0 0
-0.0281968 5
-0.0274952 4
-0.0261706 2
-0.0252149 6
-0.0241922 2
-0.0233492 6
-0.0224503 4
-0.0213144 3
-0.0201397 6
-0.0192725 5
-0.018537 8
-0.0173808 3
-0.0166278 2
-0.0156287 2
-0.0142668 1
-0.0129903 1
-0.012445 5
-0.0111165 2
-0.0104749 1
-0.00958292 3
-0.0083589 1
0 0
-0.00638392 5
-0.00522974 6
-0.00430367 5
-0.0037007 2
-0.00261732 4
-0.00169258 1
0 0
0.00053931 2
0.00186693 2
0.0025411 4
0 0
0.00503207 1
0.00552459 5
0 0
0.00779861 2
0.00858201 4
0.00950062 2
0.0104583 5
0.0115891 3
0.0122854 3
0.0139956 1
0.0146229 3
0.0154735 2
0.0163339 7
0.0176074 3
0 0
0.0196421 4
0.0204352 3
0.0217093 2
0.0226028 3
0 0
0.0243661 2
0.0252114 3
0.0263983 7
0.0276947 4
0.0285407 2
0.0293205 5
0.030204 5
0.0313688 7
0.032583 3
0 0
0.0343608 3
0.0354272 4
0.0366496 4
0.037369 2
0.0387417 2
0.0398529 1
0.040494 5
0.0416067 2
0.0423437 3
0.0433676 1
0.044307 6
0.0453006 4
0.0463997 2
0.0476781 3
0.0485552 2
0.0494297 4
0.050468 1
0.0514539 1
0.0523756 3
0.0536011 2
0.0542202 2
0.0551368 3
0.0559137 1
0.0571679 4
0.0582686 5
0.0590941 2
0.0601764 1
0.0610835 4
0 0
0.0631926 3
0.0644028 2
0.0657596 1
0.0663511 3
0.0674149 4
0.068446 2
0.0693014 3
0.0700389 7
0.0712705 2
0.0723206 4
0.0733659 4
0.0743398 2
0.075233 3
0.0760156 2
0.0774127 1
0.0780137 1
0 0
0.0801439 2
0.0813258 4
0.0818356 1
0.0832794 4
0.0843518 2
0.0853616 2
0.086192 2
0.08702 3
0.0877738 2
0.0891169 4
0.0900334 2
0.0914213 1
0.0920292 5
0.0934663 1
0.0939579 4
0.0951336 3
0.0961745 4
0.0971498 5
0.0980847 2
0.0990377 1
0.0996016 1
