-0.0992374 13
-0.0982656 13
-0.0972551 10
-0.0963774 9
-0.0952611 11
-0.0945048 9
-0.0931745 15
-0.0923694 16
-0.0913038 14
-0.0901021 1
-0.0895161 10
-0.0883233 10
-0.0874264 15
-0.0864221 14
-0.0853318 14
-0.0842816 11
-0.0832323 8
-0.082268 14
-0.0812661 14
-0.0804215 9
-0.0794426 14
-0.0783512 14
-0.077459 8
-0.0764181 5
-0.0756696 6
-0.0742211 9
-0.0734718 9
-0.0722323 11
-0.0714688 12
-0.0704736 13
-0.0696149 6
-0.0684268 10
-0.0673522 7
-0.0663958 8
-0.0655696 10
-0.0645502 9
-0.0633358 14
-0.0623982 8
-0.0612651 10
-0.0604318 13
-0.059431 13
-0.058403 12
-0.0574958 13
-0.0564254 14
-0.0553731 13
-0.0544855 12
-0.0535037 15
-0.0525187 10
-0.0515587 10
-0.0504818 7
-0.0493447 11
-0.0484057 10
-0.0475321 12
-0.0464149 6
-0.0453765 11
-0.044488 6
-0.0435033 14
-0.0423976 10
-0.0414405 10
-0.0404435 14
-0.0395002 15
-0.0385111 6
-0.0375093 13
-0.0364936 12
-0.0355073 15
-0.0344381 13
-0.0335757 11
-0.0325033 15
-0.0315617 8
-0.030601 16
-0.0293883 13
-0.0286786 11
-0.0274647 10
-0.0265452 11
-0.0256838 9
-0.024497 14
-0.023602 11
-0.0226274 19
-0.0214499 14
-0.0203282 11
-0.0196383 9
-0.0185899 12
-0.0176065 11
-0.0165332 8
-0.0155366 16
-0.0145164 14
-0.0135464 9
-0.0125648 11
-0.0116057 15
-0.0104321 10
-0.00953494 12
-0.00859795 10
-0.00776095 9
-0.00644242 12
-0.0055334 10
-0.00442458 10
-0.00344968 9
-0.00260962 16
-0.00164929 12
-0.000486169 8
0.00028517 10
0.00140222 8
0.00251693 9
0.0034262 11
0.00458163 4
0.00547441 11
0.00624646 5
0.00731673 9
0.00841944 7
0.00925139 7
0.0104532 14
0.0113028 9
0.0123895 9
0.0134319 8
0.0145289 11
0.0154433 5
0.0163456 14
0.0174154 7
0.0183898 10
0.0194323 11
0.0205188 8
0.0212913 12
0.0223979 8
0.0234552 9
0.0244345 10
0.0253635 14
0.0261941 9
0.0272418 14
0.0283228 5
0.0292547 15
0.0302716 10
0.031399 8
0.0323699 8
0.0333647 16
0.0344174 9
0.0352362 4
0.0363151 8
0.0373701 11
0.0382393 11
0.0392708 5
0.0402605 13
0.041346 15
0.0423382 9
0.0432739 10
0.0442586 7
0.0450609 6
0.0463104 14
0.0471767 6
0.0482563 15
0.0492179 10
0.0502516 10
0.0513172 14
0.0521794 9
0.0534786 8
0.0543475 10
0.0553248 13
0.0562609 14
0.0571935 5
0.0580725 4
0.0593127 14
0.060212 10
0.061217 9
0.0621594 11
0.0631781 13
0.0643198 13
0.0651719 9
0.0662641 10
0.0673443 8
0.0682369 6
0.0693353 13
0.0702664 11
0.0712779 18
0.0721719 12
0.0732151 12
0.0743008 11
0.0752992 12
0.0760259 6
0.076944 7
0.0781125 5
0.0792455 9
0.0802783 18
0.0811597 6
0.0820864 10
0.0832453 15
0.0843127 7
0.0852923 10
0.0861183 10
0.087293 8
0.0880378 10
0.0893076 8
0.0902322 8
0.0911775 14
0.0921136 12
0.0930321 13
0.0940425 13
0.0951982 12
0.0961697 15
0.0971269 7
0.0981985 6
0.0990044 6
0.0996418 1
