-0.0994338 41
-0.0983895 33
-0.0973968 33
-0.0963587 22
-0.0953808 25
-0.0944114 25
-0.0934267 31
-0.092377 38
-0.091456 31
-0.0904127 32
-0.0894812 27
-0.0883977 36
-0.0873479 35
-0.0864171 38
-0.0854303 39
-0.0845117 33
-0.0834368 27
-0.0823777 30
-0.0814336 28
-0.0803683 35
-0.0794346 32
-0.0785129 29
-0.0774306 26
-0.0764536 27
-0.0754908 33
-0.0743682 32
-0.0734716 31
-0.0723823 38
-0.0714755 35
-0.0704229 25
-0.0693086 35
-0.0684771 33
-0.0675141 35
-0.0665484 32
-0.0654 33
-0.064513 26
-0.0634917 29
-0.062384 30
-0.061383 28
-0.0603258 28
-0.0593761 28
-0.058435 29
-0.0573905 25
-0.0563913 31
-0.0553826 35
-0.0545077 29
-0.0535127 33
-0.0524629 22
-0.0513721 36
-0.0504672 34
-0.0493975 31
-0.0484622 28
-0.0474822 32
-0.0464403 33
-0.0454478 24
-0.0444335 33
-0.0434769 34
-0.0424843 31
-0.0414216 31
-0.0404301 24
-0.0394115 28
-0.0384744 28
-0.0374138 29
-0.0363872 39
-0.0354917 31
-0.0344318 29
-0.0335631 30
-0.0324561 31
-0.0314906 27
-0.0304967 29
-0.0293634 19
-0.0284809 18
-0.0275602 32
-0.0265545 21
-0.0255322 29
-0.0244347 19
-0.0234661 27
-0.0225654 27
-0.0214888 35
-0.0203874 28
-0.0194226 30
-0.0185012 33
-0.0174759 23
-0.0164315 27
-0.0154941 37
-0.0144898 20
-0.0135596 32
-0.0124949 33
-0.0114755 40
-0.0104826 32
-0.00933371 38
-0.00847535 36
-0.0075034 34
-0.00646392 29
-0.00549803 33
-0.00449092 33
-0.00357721 41
-0.00241083 38
-0.00144982 30
-0.000531551 26
0.000512716 28
0.00148779 27
0.00253085 38
0.00352135 33
0.00453062 39
0.00544381 27
0.00655218 41
0.00743313 32
0.00854778 25
0.00950368 39
0.0105273 20
0.0114704 32
0.0124756 36
0.0135369 41
0.0144014 32
0.0155319 37
0.0164781 33
0.0175628 31
0.0185485 24
0.0195022 21
0.0205754 28
0.0213967 28
0.0225483 22
0.0235221 37
0.0245052 32
0.0254966 37
0.0265357 33
0.0275136 30
0.0285245 29
0.0294914 40
0.0304898 32
0.0315243 31
0.0325393 34
0.0335254 23
0.0344209 35
0.0354911 34
0.0365451 33
0.0375099 27
0.0384949 39
0.0394823 34
0.0403029 25
0.0414854 28
0.0424423 31
0.0434969 29
0.0444674 34
0.0454891 27
0.0464829 30
0.0474289 39
0.0485037 40
0.0494495 33
0.0503479 27
0.0514409 33
0.0525174 28
0.0534746 36
0.054532 31
0.0554692 28
0.0565082 27
0.0574983 38
0.0585117 22
0.0594221 28
0.0604786 29
0.0615503 32
0.0625216 36
0.0634237 39
0.0645559 32
0.0654606 27
0.0664462 27
0.0674628 31
0.0686046 32
0.06943 32
0.0704831 30
0.0715183 27
0.0723549 32
0.0734947 35
0.0744777 29
0.0754893 35
0.0764291 26
0.077493 28
0.0784044 17
0.0794739 34
0.0804131 40
0.0814388 33
0.0825762 28
0.0835053 28
0.0844478 30
0.0855253 21
0.0864927 30
0.0875699 28
0.0884382 36
0.0894864 32
0.0904564 27
0.0914191 32
0.0923904 27
0.0933657 35
0.0944391 25
0.0954356 35
0.096414 34
0.0974518 40
0.0984928 26
0.0995672 29
0.0999525 1
