-0.0994052 35
-0.0984946 32
-0.0974871 36
-0.096511 34
-0.0954991 33
-0.0945151 27
-0.0934805 40
-0.092445 29
-0.0916312 28
-0.0904881 23
-0.089583 32
-0.0885301 37
-0.0874208 32
-0.086495 23
-0.0855102 33
-0.0845419 30
-0.0835033 28
-0.0824482 24
-0.081483 30
-0.0804762 32
-0.0795191 36
-0.0785657 21
-0.0775281 30
-0.0765758 28
-0.0755395 33
-0.0745059 38
-0.073402 33
-0.0724806 35
-0.0714775 28
-0.0705628 27
-0.0695481 29
-0.0684168 31
-0.067524 33
-0.0665202 30
-0.065544 32
-0.0644706 30
-0.063457 32
-0.0625097 24
-0.0614749 35
-0.0605044 28
-0.0595517 25
-0.0584547 28
-0.0575432 35
-0.0564378 28
-0.055515 26
-0.0545348 31
-0.0534112 33
-0.0525544 23
-0.0515425 32
-0.0505507 18
-0.0494655 25
-0.0485298 29
-0.0474621 44
-0.0464753 32
-0.0454218 29
-0.0445878 29
-0.0435988 25
-0.0424874 24
-0.0415133 30
-0.0404811 26
-0.0394722 22
-0.0385446 45
-0.0375058 31
-0.0365876 30
-0.035473 36
-0.0344743 37
-0.0334308 28
-0.0325588 22
-0.0315997 37
-0.0304508 36
-0.029489 35
-0.0285538 30
-0.027462 31
-0.0266067 26
-0.0255363 27
-0.0245413 27
-0.0235933 36
-0.0226054 37
-0.0215361 25
-0.0204849 27
-0.0195883 28
-0.0185239 37
-0.0174632 35
-0.0166223 26
-0.0155151 30
-0.0145828 32
-0.01357 34
-0.0125174 40
-0.0114779 34
-0.0105902 32
-0.00954934 42
-0.00845093 35
-0.00750096 29
-0.00650185 25
-0.00555459 29
-0.00457354 29
-0.00350437 41
-0.00253927 29
-0.00162824 19
-0.00053002 32
0.000377662 33
0.00144185 35
0.00253211 28
0.00342227 29
0.00450145 47
0.00543908 38
0.00647012 33
0.00749676 29
0.00847239 25
0.00947337 33
0.0104561 24
0.011375 22
0.0124448 31
0.0134787 42
0.0144526 28
0.0154114 28
0.0164115 35
0.017345 25
0.0185481 32
0.0195235 30
0.020504 29
0.0213915 36
0.0224786 33
0.0234652 36
0.0244869 44
0.0254165 33
0.0265005 30
0.027393 25
0.0284174 31
0.0295504 28
0.0305063 36
0.0313878 25
0.0323583 31
0.0335063 32
0.0344726 22
0.0354728 23
0.0364881 28
0.037462 42
0.0384861 23
0.0393869 35
0.0403975 33
0.041475 32
0.0425306 32
0.0435026 30
0.0443906 35
0.0454215 41
0.046444 33
0.0473958 30
0.0484568 31
0.0493843 35
0.0504522 28
0.0514623 26
0.0524099 37
0.0534781 21
0.0544213 30
0.0554915 26
0.0563773 29
0.0574651 33
0.0584743 29
0.0593285 37
0.0603406 29
0.0614086 37
0.0624129 43
0.0634263 39
0.0643788 40
0.0653634 36
0.0664813 31
0.0673495 26
0.0684183 21
0.0693624 28
0.0704719 29
0.0715589 31
0.0724732 22
0.0734721 28
0.0744047 26
0.0754262 27
0.0764918 25
0.0774091 31
0.0784483 35
0.0794157 29
0.0803554 26
0.0814345 31
0.08241 25
0.0833262 28
0.0844127 36
0.0854921 24
0.0864814 33
0.0874352 34
0.0884082 34
0.0894565 33
0.0903316 23
0.0914885 31
0.0924211 32
0.093386 27
0.0943711 36
0.095332 30
0.0963824 31
0.097475 23
0.0984568 29
0.0995859 22
0 0
