-0.529681 1
0 0
-0.514462 1
0 0
0 0
0 0
0 0
-0.48553 1
0 0
0 0
-0.469227 1
0 0
0 0
-0.451567 1
0 0
-0.440914 1
-0.433662 2
-0.427445 2
0 0
0 0
-0.409053 4
-0.406643 3
-0.399004 2
-0.393257 2
-0.388362 5
-0.383853 1
-0.374871 2
-0.369405 3
-0.361986 2
-0.359078 2
-0.34982 1
-0.348419 2
-0.339921 7
-0.335725 3
-0.329278 3
-0.323884 2
-0.316179 5
-0.31118 7
-0.305025 7
-0.299385 4
-0.294088 4
-0.288001 4
-0.282301 12
-0.275254 3
-0.26966 11
-0.264596 5
-0.260076 11
-0.253883 15
-0.246655 13
-0.241235 14
-0.235753 10
-0.230201 18
-0.2232 11
-0.217827 14
-0.212005 22
-0.20681 12
-0.200823 13
-0.194279 18
-0.189405 24
-0.182616 25
-0.177562 22
-0.171187 36
-0.165053 35
-0.159995 25
-0.153289 30
-0.147606 40
-0.141602 36
-0.136705 41
-0.129999 38
-0.124651 45
-0.119066 42
-0.112906 46
-0.106667 48
-0.101283 66
-0.0956339 63
-0.0894645 57
-0.0837999 73
-0.0778012 80
-0.0721832 81
-0.0662453 95
-0.0605941 101
-0.0544307 102
-0.0485974 117
-0.0430244 125
-0.0372719 143
-0.0311368 142
-0.0257349 169
-0.0195515 172
-0.0138985 224
-0.00788599 198
-0.00211919 208
0.00365737 203
0.00946738 224
0.0151479 189
0.0210902 159
0.0270034 193
0.0327235 175
0.0382859 168
0.0442905 130
0.0500321 137
0.0561291 119
0.0619764 113
0.0674631 118
0.0732781 96
0.0792235 101
0.0851945 89
0.09105 103
0.0970222 81
0.102851 72
0.108529 61
0.114247 63
0.1201 47
0.126006 43
0.131984 53
0.137507 39
0.14337 38
0.149465 32
0.155255 22
0.161339 35
0.166554 26
0.172252 19
0.178421 20
0.185095 12
0.189483 19
0.195576 16
0.201578 21
0.208106 15
0.214181 5
0.218874 4
0.225288 7
0.229761 6
0.235365 4
0.243866 7
0.249064 6
0.254067 9
0.25831 3
0.267402 3
0.272652 3
0.277587 3
0.284816 4
0 0
0 0
0.301979 3
0.307585 1
0.312916 1
0 0
0 0
0.329993 3
0.338475 1
0.339569 1
0 0
0.355181 1
0 0
0.363084 1
0 0
0.373897 1
0.38521 1
0 0
0 0
0.399687 2
0 0
0 0
0.418086 1
0 0
0 0
0 0
0 0
0 0
0 0
0 0
0.461769 1
0 0
0 0
0.481306 1
0 0
0 0
0 0
0 0
0 0
0 0
0 0
0 0
0 0
0 0
0 0
0 0
0.559855 1
0 0
0 0
0.575343 1
0 0
0.585615 1
0 0
0 0
0 0
0.610227 1
0 0
0 0
0 0
0 0
0.635993 1
