-0.32014 1
0 0
0 0
0 0
0 0
0 0
0 0
0 0
0 0
0 0
0 0
0 0
0 0
0 0
0 0
0 0
-0.26071 1
-0.258302 1
0 0
0 0
-0.247962 1
0 0
-0.240421 1
0 0
-0.231693 2
-0.227426 1
0 0
-0.221899 4
0 0
-0.21465 3
0 0
-0.205739 2
-0.203539 2
-0.200771 2
-0.197169 3
-0.192524 4
-0.188761 5
-0.185262 5
-0.180563 3
-0.178463 5
-0.175179 4
-0.170606 6
-0.167398 5
-0.163934 6
-0.160596 9
-0.156445 8
-0.153644 8
-0.149999 5
-0.145895 10
-0.142517 10
-0.138446 3
-0.135345 13
-0.131278 12
-0.128547 10
-0.125248 5
-0.121278 9
-0.117888 16
-0.114028 20
-0.110335 14
-0.106652 16
-0.102978 13
-0.0996835 18
-0.0956114 28
-0.0922818 36
-0.088935 31
-0.0853641 36
-0.0813175 35
-0.0781288 28
-0.0743995 34
-0.0708334 30
-0.0671435 38
-0.0634248 29
-0.0599788 37
-0.0566927 17
-0.0526754 34
-0.049189 33
-0.0458159 37
-0.0417934 27
-0.038401 23
-0.0346612 35
-0.0312696 28
-0.0277653 40
-0.024243 25
-0.0207133 37
-0.0167736 35
-0.0139386 26
-0.00981502 25
-0.00617186 34
-0.00247016 19
0.000924546 34
0.00477381 33
0.00851264 31
0.0119367 33
0.0156132 33
0.0188227 32
0.022412 19
0.02585 30
0.0299193 19
0.0333643 27
0.0369893 22
0.0403384 27
0.0442172 26
0.0478884 29
0.0510347 22
0.0548896 23
0.0586197 31
0.061769 29
0.0658569 19
0.0690745 30
0.0730291 18
0.0765454 22
0.0799374 27
0.0839675 26
0.0872697 22
0.0902857 14
0.0942086 19
0.0977272 16
0.101587 15
0.105624 6
0.108468 12
0.111949 11
0.11607 12
0.119307 5
0.122983 14
0.126492 12
0.129904 9
0.133851 10
0.137681 5
0.140776 13
0.144587 9
0.148023 7
0.152772 5
0.155187 4
0.15899 8
0.162278 13
0.165869 7
0.17005 3
0.172772 9
0.176537 8
0.180646 2
0.184222 7
0.187758 6
0.190906 6
0.195542 4
0.198581 2
0.201281 2
0.2052 6
0.208821 3
0.213557 2
0.21618 1
0.22082 1
0.222894 3
0.226658 1
0.230527 1
0.234659 4
0.237693 3
0.240715 3
0.244851 1
0 0
0.251798 2
0.255524 4
0.259332 2
0.262507 3
0.266954 3
0 0
0.272715 2
0.2791 1
0 0
0.283991 1
0.28827 2
0.290838 1
0.294821 1
0.29729 1
0.30249 1
0.30646 1
0 0
0 0
0.316463 1
0.321993 1
0.323683 3
0 0
0 0
0.336202 1
0.338402 1
0 0
0.346338 1
0 0
0.353265 3
0.35536 1
0 0
0.364845 2
0 0
0 0
0 0
0 0
0 0
0.385029 1
0 0
0 0
0 0
0.397544 1
