-0.331644 1
0 0
0 0
0 0
0 0
0 0
0 0
0 0
0 0
0 0
0 0
-0.289901 1
0 0
0 0
0 0
0 0
0 0
0 0
-0.265447 1
-0.26462 1
-0.259219 2
0 0
-0.252343 1
-0.248138 1
0 0
0 0
0 0
0 0
-0.232377 1
0 0
-0.224539 1
0 0
-0.217383 2
-0.215059 1
-0.21042 1
-0.207229 1
-0.203977 3
-0.199821 2
-0.19565 2
-0.19236 1
-0.189239 3
-0.185942 3
-0.181942 3
-0.179486 3
-0.175193 5
-0.171499 7
-0.16745 4
-0.16384 4
-0.161282 7
-0.156686 6
-0.153682 4
-0.150352 6
-0.147105 8
-0.14354 2
-0.139301 7
-0.13589 6
-0.132859 8
-0.128724 11
-0.12621 7
-0.122152 9
-0.118649 14
-0.11475 8
-0.112038 7
-0.108201 15
-0.104529 14
-0.101327 16
-0.097467 29
-0.0937715 15
-0.0905315 18
-0.0866928 20
-0.0834637 22
-0.0800474 29
-0.0765679 25
-0.0732054 23
-0.0696139 33
-0.0658734 27
-0.0629069 28
-0.0585806 27
-0.0551437 26
-0.0519725 27
-0.0481708 29
-0.0445195 21
-0.0412525 26
-0.0378397 32
-0.0337612 23
-0.0304798 28
-0.0269216 22
-0.023976 26
-0.0201895 25
-0.016821 20
-0.0130256 31
-0.00931236 26
-0.00604934 29
-0.00240131 26
0.00131525 23
0.00417359 34
0.00805867 26
0.0114606 18
0.0150917 21
0.0182491 21
0.0220461 31
0.0252729 27
0.0290059 21
0.0328366 24
0.0362895 28
0.0397848 27
0.0433066 29
0.0468487 37
0.0500019 28
0.0536285 27
0.0571639 26
0.0606051 29
0.0640726 30
0.0679929 21
0.0709862 25
0.0749332 27
0.0782879 31
0.0819569 26
0.0853949 37
0.0886239 26
0.0921268 21
0.0963968 14
0.0992667 23
0.102823 15
0.106657 21
0.109783 20
0.113845 23
0.11675 6
0.120615 17
0.124433 10
0.1274 15
0.131204 9
0.13517 17
0.138021 20
0.141669 14
0.145104 10
0.148875 8
0.152126 5
0.156069 2
0.159608 5
0.162794 13
0.166256 8
0.16962 9
0.173266 17
0.176612 6
0.179944 9
0.183741 7
0.187447 5
0.191238 8
0.194162 3
0.198285 8
0.200782 4
0.204514 7
0.208934 5
0.212098 4
0.216083 4
0.219519 1
0.222009 5
0.226443 3
0.22986 4
0.234258 5
0.236639 4
0.24066 6
0.243298 1
0.247729 3
0.252189 2
0.254918 2
0.256135 1
0.261588 1
0.26551 2
0.26913 1
0.271431 3
0 0
0.278853 1
0.283748 2
0.286449 2
0.288085 1
0.292568 2
0.296417 2
0.2996 3
0.305068 1
0 0
0 0
0.31289 1
0.316748 1
0.32097 1
0.32373 1
0 0
0.332833 1
0 0
0 0
0 0
0 0
0 0
0 0
0 0
0 0
0 0
0 0
0.369239 1
0.372192 1
