-0.799208 1
0 0
0 0
0 0
0 0
0 0
0 0
-0.737252 2
0 0
0 0
-0.708371 1
0 0
0 0
0 0
0 0
-0.669846 1
-0.657292 1
0 0
0 0
-0.632452 3
0 0
-0.615197 1
-0.602738 1
-0.597134 2
-0.586228 1
-0.578037 2
-0.572461 3
-0.567408 1
0 0
0 0
-0.537796 3
-0.529675 3
-0.517123 2
-0.511227 2
-0.505152 2
0 0
-0.485503 4
-0.480858 2
-0.469031 2
-0.460866 5
-0.451882 2
-0.444644 5
-0.438534 2
-0.427017 2
-0.416922 3
-0.410017 5
-0.400459 4
-0.390326 3
-0.38249 5
-0.376829 4
-0.3664 5
-0.35668 7
-0.346916 3
-0.339311 9
-0.330827 7
-0.322498 9
-0.314248 15
-0.305873 13
-0.295706 8
-0.288074 8
-0.27958 12
-0.272761 11
-0.263532 11
-0.254589 9
-0.244434 15
-0.238822 9
-0.228667 13
-0.219071 17
-0.211236 34
-0.203493 24
-0.193814 21
-0.185461 24
-0.177336 33
-0.16854 31
-0.160748 36
-0.151744 34
-0.142355 44
-0.134411 52
-0.125739 43
-0.116318 44
-0.108281 56
-0.0992908 58
-0.0911979 67
-0.0833754 80
-0.0747645 71
-0.0659224 75
-0.0564634 91
-0.0481779 96
-0.0398322 137
-0.0316205 135
-0.0232328 159
-0.0136134 234
-0.00475641 480
0.00135194 1150
0.0111081 287
0.0202828 267
0.0285583 261
0.0372785 252
0.0459044 246
0.0543126 228
0.0630163 206
0.0711089 164
0.0802917 154
0.0884454 123
0.0973629 89
0.105359 78
0.114709 44
0.122733 50
0.131552 36
0.140344 29
0.149353 18
0.157542 10
0.165755 12
0.173012 3
0.183396 4
0.18955 2
0.199505 2
0.206724 1
0.217031 3
0.22837 1
0 0
0 0
0.247602 1
0.257474 1
0.26962 1
0.277818 1
0 0
0.295753 1
0.301708 2
0 0
0.31707 2
0 0
0.334694 1
0 0
0 0
0 0
0 0
0.380972 1
0 0
0.393746 1
0.405671 2
0.416345 1
0 0
0.428053 1
0.436962 1
0.451384 1
0 0
0 0
0.473765 1
0.486073 1
0.493663 2
0 0
0.50909 2
0 0
0.525616 1
0.535324 2
0.539247 1
0.552882 2
0 0
0 0
0 0
0 0
0.595267 1
0.604655 1
0 0
0 0
0 0
0 0
0 0
0 0
0 0
0 0
0 0
0.689391 1
0 0
0 0
0 0
0 0
0 0
0 0
0 0
0 0
0 0
0.773792 1
0 0
0 0
0 0
0 0
0 0
0 0
0 0
0 0
0 0
0 0
0 0
0 0
0 0
0 0
0 0
0 0
0.916666 1
