-0.292977 1
0 0
0 0
0 0
0 0
-0.274073 1
0 0
0 0
-0.264539 1
0 0
0 0
0 0
0 0
-0.247219 3
0 0
-0.238827 3
-0.235669 3
-0.230383 2
0 0
-0.22559 3
0 0
-0.218765 3
0 0
-0.21105 2
-0.20792 2
-0.204239 4
-0.200594 3
-0.196474 2
0 0
-0.1897 2
-0.188157 2
-0.18335 6
-0.179647 7
-0.176163 5
-0.172805 4
-0.168834 7
-0.164999 7
-0.162585 15
-0.159345 13
-0.155452 8
-0.151471 7
-0.148496 11
-0.145448 8
-0.140728 8
-0.13801 15
-0.134484 8
-0.131225 17
-0.127178 11
-0.123707 13
-0.120582 11
-0.117132 17
-0.113487 11
-0.110533 21
-0.106591 16
-0.102909 18
-0.100016 19
-0.0966999 18
-0.0926164 19
-0.0892189 26
-0.0856883 27
-0.0825015 25
-0.0788304 29
-0.0751546 19
-0.0718266 25
-0.0685372 25
-0.0647125 22
-0.0613864 27
-0.0577203 38
-0.054522 31
-0.0510023 25
-0.0472471 31
-0.0440378 19
-0.040585 32
-0.0369338 41
-0.033663 39
-0.0299719 21
-0.0264983 33
-0.0229701 30
-0.0196135 31
-0.01615 27
-0.0130101 42
-0.00924739 34
-0.00552834 24
-0.00237631 30
0.000921954 45
0.00449784 35
0.0082507 29
0.0119234 35
0.0155144 29
0.0186053 25
0.0220587 34
0.025853 24
0.0293286 27
0.0322407 29
0.0362757 19
0.0393901 22
0.0429129 30
0.0460768 21
0.0501513 21
0.0539486 21
0.0570741 27
0.0606568 17
0.0640264 20
0.0677082 16
0.0710162 11
0.0744533 16
0.0777666 20
0.0815099 20
0.0847257 11
0.0882014 15
0.0920416 19
0.0945523 11
0.0987397 9
0.102205 13
0.105972 15
0.108944 13
0.11278 17
0.116255 5
0.119804 6
0.123446 6
0.127078 12
0.129932 12
0.133888 12
0.136562 6
0.140637 7
0.143305 4
0.147366 6
0.151154 9
0.154591 8
0.158248 4
0.160572 6
0.164973 5
0.168047 12
0.17245 6
0.175356 8
0.179122 2
0.181807 9
0.186437 5
0.188962 2
0.192888 6
0.195328 3
0.200206 4
0.202356 5
0.207008 5
0.210864 4
0.21334 5
0.217244 3
0.220224 7
0.223763 6
0.227768 5
0.229593 1
0.234545 6
0.238572 4
0.241352 3
0.245033 6
0 0
0.25096 1
0.255759 2
0.2578 3
0.263153 1
0.265339 5
0.269938 5
0.272662 2
0.275711 4
0.279669 3
0.28436 5
0.287281 1
0 0
0.293931 5
0 0
0.299178 3
0.302764 1
0.306184 2
0.31256 2
0 0
0.317646 1
0 0
0.326382 1
0.327102 1
0.332468 1
0 0
0.339275 1
0 0
0.345554 2
0.349745 2
0 0
0.357984 1
0.358335 1
0.362107 1
0.365851 1
0 0
0 0
0 0
0 0
0 0
0 0
0 0
0 0
0.396618 2
0 0
0.403455 1
