0 7.750775 
59999 78.557854 
119998 84.308434 
179997 86.068604 
239996 87.278725 
299995 88.208824 
359994 88.678871 
419993 89.438942 
479992 89.678970 
539991 89.978996 
599990 90.419044 
659989 90.669067 
719988 90.999100 
779987 91.299133 
839986 91.589157 
899985 91.639160 
959984 91.979195 
1019983 92.139214 
1079982 92.219223 
1139981 92.599258 
1199980 92.779282 
1259979 92.819283 
1319978 93.009300 
1379977 93.189316 
1439976 93.199318 
1499975 93.389336 
1559974 93.529350 
1619973 93.579361 
1679972 93.619362 
1739971 93.709373 
1799970 93.919395 
1859969 93.859383 
1919968 93.899391 
1979967 94.169418 
2039966 94.079407 
2099965 94.199417 
2159964 94.249428 
2219963 94.349434 
2279962 94.349434 
2339961 94.439445 
2399960 94.559456 
2459959 94.529449 
2519958 94.589462 
2579957 94.679466 
2639956 94.659470 
2699955 94.749474 
2759954 94.879486 
2819953 94.849487 
2879952 94.919495 
2939951 94.959496 
2999950 95.029503 
3059949 95.049507 
3119948 95.019501 
3179947 95.079506 
3239946 95.169518 
3299945 95.199516 
3359944 95.149513 
3419943 95.319534 
3479942 95.389542 
3539941 95.319534 
3599940 95.369537 
3659939 95.469543 
3719938 95.459549 
3779937 95.469543 
3839936 95.479546 
3899935 95.559555 
3959934 95.559555 
4019933 95.599564 
4079932 95.639565 
4139931 95.579559 
4199930 95.559555 
4259929 95.669563 
4319928 95.739571 
4379927 95.689568 
4439926 95.679565 
4499925 95.709572 
4559924 95.709572 
4619923 95.829582 
4679922 95.759575 
4739921 95.809578 
4799920 95.849586 
4859919 95.799583 
4919918 95.919594 
4979917 95.879585 
5039916 95.859589 
5099915 95.889587 
5159914 95.909592 
5219913 95.919594 
5279912 95.939590 
5339911 96.009598 
5399910 96.079605 
5459909 96.089607 
5519908 96.129616 
5579907 96.089607 
5639906 96.159615 
5699905 96.189621 
5759904 96.169617 
5819903 96.169617 
5879902 96.119614 
5939901 96.229622 
