-0.135689 1
0 0
0 0
-0.12518 1
0 0
0 0
0 0
-0.113376 1
0 0
-0.107898 1
0 0
0 0
0 0
0 0
-0.0944787 1
-0.0913054 1
-0.0888199 2
0 0
-0.0838584 3
-0.0796552 3
-0.0773819 1
-0.07417 2
-0.0715012 2
-0.0688017 5
-0.0672176 1
-0.0641564 5
-0.0608737 2
0 0
-0.0547377 4
-0.0518133 1
-0.0481541 2
0 0
-0.0437452 7
-0.0409049 2
-0.0374713 3
-0.0347821 2
-0.031293 2
-0.0289997 2
-0.026644 4
-0.024063 6
-0.0210768 1
-0.018622 5
-0.016247 2
-0.0127139 1
-0.00988304 5
-0.00675487 5
-0.00373574 3
-0.000456785 12
0.00191337 2
0.00405576 4
0.00781049 4
0.00898307 1
0.0129664 2
0.0160256 3
0.0187177 6
0.021158 5
0.0240211 2
0.0268327 3
0.0307141 4
0.0325759 3
0.0355818 7
0.0384804 4
0.0408565 5
0.0441055 6
0.0476603 1
0.049146 2
0.0533703 1
0.0567361 2
0.0573714 3
0.0617093 3
0.0636772 5
0.0661184 1
0.0708419 1
0.0715347 1
0.0757653 3
0.0784004 3
0.0806845 1
0.083807 4
0.0864164 5
0 0
0.0919544 3
0.0949404 3
0.0967172 1
0.100701 2
0.104459 4
0 0
0.108758 2
0.111338 1
0.114861 1
0 0
0 0
0.124756 1
0.125844 1
0.128854 3
0.131756 3
0 0
0 0
0.139582 2
0.141838 1
0.145463 2
0.149423 1
0 0
0.155845 1
0.158275 1
0 0
0 0
0.166512 2
0 0
0.170655 1
0.174778 1
0.177862 1
0 0
0 0
0.184767 1
0.187855 1
0.192109 1
0.194295 1
0.196508 1
0 0
0 0
0.20414 1
0 0
0.211598 1
0.215366 1
0.216727 1
0.219239 1
0 0
0 0
0 0
0.229973 2
0.23365 2
0 0
0.238858 1
0 0
0.245068 2
0 0
0 0
0 0
0 0
0 0
0.261623 1
0 0
0.268584 2
0 0
0 0
0 0
0 0
0.280971 1
0.284075 1
0 0
0 0
0 0
0 0
0 0
0 0
0 0
0 0
0 0
0 0
0 0
0.318737 2
0.320569 1
0 0
0 0
0 0
0 0
0 0
0.338453 1
0 0
0 0
0 0
0 0
0 0
0 0
0.358498 1
0 0
0 0
0 0
0 0
0 0
0 0
0 0
0 0
0 0
0 0
0 0
0 0
0 0
0 0
0 0
0 0
0 0
0 0
0 0
0 0
0 0
0 0
0 0
0 0
0 0
0.430641 1
