-0.0980619 1
0 0
-0.0925913 1
-0.090406 1
0 0
-0.085407 1
-0.0822454 3
-0.0791713 1
-0.0767107 2
0 0
-0.0724627 3
-0.0697958 4
-0.0674036 1
-0.0649132 1
-0.0623066 1
0 0
-0.0571264 1
-0.0555709 5
-0.0535989 4
-0.0514829 1
-0.0486841 2
-0.0460403 4
-0.0438926 2
-0.0413305 2
-0.0385167 2
-0.036758 3
-0.0347236 1
0 0
-0.029569 2
-0.0258542 5
-0.0246847 1
-0.0213648 1
-0.0193459 3
-0.0158169 2
-0.0139842 3
-0.011479 2
-0.00988285 6
-0.00733377 2
-0.0047517 2
-0.0021335 7
-2.50476e-05 60
0.00357878 2
0.00575366 2
0.00716528 1
0.00968605 2
0.0121204 4
0.0149422 2
0.0175029 2
0.0196453 1
0.0224822 1
0.0244332 2
0.0255698 1
0.0293937 4
0.0315242 7
0.0341827 3
0 0
0.0389572 3
0.0406549 2
0 0
0.0458242 2
0.0494457 1
0.051815 2
0.0534145 1
0.0552342 1
0 0
0.0608475 1
0.0630871 1
0.0662105 1
0.0686935 3
0.0697306 2
0.0728214 4
0.0751456 2
0.0786 1
0.0809807 2
0.0836125 1
0.0842401 1
0 0
0.0899207 2
0.092151 2
0.0936471 1
0.0963645 1
0 0
0 0
0.104248 2
0.105899 2
0.108673 3
0 0
0 0
0.117142 1
0.119145 2
0.121169 4
0 0
0 0
0.128158 3
0 0
0.133318 2
0 0
0 0
0 0
0.143629 1
0.146244 1
0 0
0 0
0 0
0.155838 4
0 0
0.159709 2
0 0
0 0
0.166993 1
0.169496 1
0 0
0 0
0.177457 1
0.180512 1
0 0
0.183189 1
0 0
0.188983 1
0 0
0 0
0.19672 1
0 0
0.201315 1
0 0
0 0
0 0
0 0
0 0
0 0
0 0
0 0
0 0
0 0
0 0
0 0
0 0
0 0
0 0
0.239939 1
0 0
0.245838 1
0.246874 1
0 0
0 0
0 0
0 0
0 0
0.261979 2
0 0
0.267654 1
0 0
0 0
0 0
0 0
0 0
0 0
0 0
0 0
0 0
0 0
0 0
0 0
0.299355 1
0 0
0 0
0 0
0.308187 1
0.310026 1
0.311954 1
0 0
0.317728 1
0 0
0 0
0 0
0 0
0 0
0 0
0 0
0.337865 1
0 0
0 0
0 0
0 0
0 0
0 0
0 0
0 0
0 0
0 0
0.362819 1
0 0
0.368743 1
0 0
0 0
0 0
0 0
0 0
0 0
0 0
0.386713 1
