-0.0990796 1
-0.0971558 1
-0.0966089 1
-0.0955653 1
0 0
-0.0936282 1
-0.0923092 2
0 0
-0.0904163 2
-0.0899219 2
-0.0886917 1
-0.0877817 2
-0.0868929 2
0 0
-0.084722 1
-0.0839682 1
-0.0826488 2
-0.0818926 2
-0.0803285 1
-0.0796916 1
0 0
-0.0781492 2
0 0
-0.0759573 2
-0.0747465 3
0 0
-0.072818 1
-0.071912 2
0 0
-0.0697348 1
-0.069211 1
-0.0675707 2
-0.0665911 4
-0.0657654 2
-0.0648077 3
-0.0641028 3
-0.0625312 1
0 0
-0.060834 2
-0.0602421 1
-0.058612 2
-0.0578904 1
-0.0568127 1
0 0
-0.054687 1
-0.0540769 1
-0.0525495 1
-0.0521236 2
0 0
-0.0497594 1
-0.0492381 2
-0.0478387 2
0 0
-0.045871 1
-0.0444914 1
-0.0436701 2
0 0
-0.0414903 2
0 0
-0.0398704 3
0 0
-0.0376755 1
-0.0370421 4
-0.0358957 3
-0.0349625 3
-0.0340795 1
-0.0334398 1
-0.0314674 1
-0.0308304 1
-0.0300267 3
0 0
-0.0281264 3
-0.0269177 3
-0.0260921 2
-0.0249442 2
-0.0244401 2
-0.0232983 2
-0.0219145 2
0 0
-0.02005 2
0 0
-0.0181947 1
-0.0174202 1
-0.016439 1
-0.0148779 4
0 0
-0.0131628 2
-0.0124445 2
-0.0107135 3
-0.00993706 1
-0.00888652 2
-0.00838325 2
-0.00709719 1
-0.00646305 2
-0.00538815 1
-0.00432117 1
-0.00331456 3
-0.0021593 2
-0.00128503 3
0 0
0.00092954 1
0.00157746 2
0.00283419 3
0 0
0.00533526 1
0.00556738 1
0.00654306 2
0.00789683 2
0.00857716 3
0.00958168 2
0 0
0 0
0.0124983 1
0.0139622 2
0.0145072 1
0 0
0 0
0.0178518 2
0 0
0.0197138 1
0.0204992 1
0.021746 3
0.0223957 4
0 0
0.0244471 2
0.0260075 1
0 0
0.0276916 1
0.028791 3
0.029853 2
0.0307268 4
0.0313295 1
0.0330443 1
0 0
0.0347606 1
0.0356842 2
0 0
0.0378105 1
0.0388432 1
0 0
0 0
0 0
0 0
0.0433497 2
0.0446021 3
0.045748 2
0.0464255 3
0.0476565 2
0.0486898 2
0.0494748 1
0.0510003 1
0.0514937 1
0.0526277 2
0.0538556 2
0.0545433 1
0 0
0.0566196 2
0 0
0.0584168 3
0.0594603 1
0.0605687 1
0.0612687 1
0 0
0.0636168 1
0.0646307 1
0.0656953 2
0.0663989 3
0.067819 1
0.0684937 2
0.0698769 1
0.0706867 2
0.0716725 1
0.0729527 1
0 0
0.0743237 2
0.0754243 1
0.0764408 2
0.0773779 2
0.0786504 4
0.0791357 1
0.0804626 2
0.0812756 1
0.0820437 1
0.0831803 2
0.0847232 1
0 0
0 0
0.0871889 3
0.0879131 1
0.0892302 3
0.0908329 1
0.0913748 2
0.0925852 3
0.0929099 2
0.0946134 2
0.0954061 1
0.0961665 3
0.0972542 2
0.098087 2
0.0993298 1
0.0998188 1
