-0.09978 3
-0.0984736 3
-0.0975754 2
-0.0968201 2
-0.0959492 4
0 0
-0.0937126 2
-0.0927106 1
-0.0913738 5
-0.0906231 4
-0.0895441 3
-0.0884895 4
-0.0877806 2
-0.0869502 3
-0.0856495 5
-0.0847208 5
-0.0838972 1
-0.0824448 5
0 0
-0.0805695 3
-0.0792526 1
-0.0785651 4
-0.0777001 7
-0.0764878 2
0 0
-0.074252 1
-0.0734254 5
-0.072542 5
-0.0712701 1
-0.070494 3
-0.0700164 1
-0.0685791 1
-0.0676825 1
-0.0663195 2
0 0
-0.0642937 3
0 0
-0.0627008 3
-0.0613601 2
-0.0606453 3
-0.0596381 2
-0.0586939 4
-0.0574864 3
-0.0563656 2
-0.055732 4
-0.0547898 2
-0.0535503 5
-0.0524902 4
-0.0516217 5
-0.050672 2
-0.0498501 1
-0.0489113 2
-0.0475608 3
-0.0465315 5
-0.0459075 3
-0.0443611 5
-0.0434061 7
-0.0426623 3
0 0
-0.040577 3
-0.039597 6
-0.0385283 6
-0.0375743 2
-0.0362593 2
-0.0355873 3
-0.0342317 3
-0.033199 1
-0.0324469 3
-0.0313756 8
-0.0304833 2
-0.0293316 5
-0.0285013 5
-0.0276063 3
-0.0266901 3
-0.0254944 3
-0.024413 3
-0.0233144 4
-0.0220185 3
-0.0212616 3
-0.0205652 4
-0.0195256 3
-0.0183555 2
-0.0175949 3
-0.0166942 1
-0.0156028 3
-0.0146505 3
-0.0133808 7
-0.0126085 1
-0.0112412 5
-0.0106203 4
-0.00939255 3
-0.00840363 3
-0.00772667 3
-0.006387 4
-0.00513162 2
0 0
-0.00316214 3
-0.00247746 6
-0.00146856 1
-0.000523148 3
0.000579566 4
0.0017911 3
0.00256962 9
0.00373905 2
0.00414892 1
0.00563355 7
0.00681378 3
0.00730354 1
0.00844923 5
0.00949604 3
0.0108574 1
0.0111945 3
0.0124422 1
0.0137626 4
0.014713 2
0.0154167 2
0.016865 2
0.0176866 2
0.0188268 4
0.0192287 1
0.0208935 4
0.0215226 4
0.0226923 2
0 0
0.024369 5
0.0257361 5
0.0264507 2
0.0275288 3
0.028604 2
0.0299359 4
0.0305927 2
0 0
0.0325053 5
0.0336865 4
0.0345528 4
0.0355563 4
0.0363534 2
0 0
0.0387578 2
0.0396101 2
0.0409133 1
0.041455 1
0.0429484 4
0.0435875 2
0.0444969 2
0.0456052 2
0.0468601 1
0.0474989 4
0.0488183 2
0.0500385 1
0.0508362 5
0.0517513 1
0.0525711 2
0.0534656 1
0.0542695 1
0.0557376 3
0.056636 5
0.058024 1
0.058928 2
0.0598364 3
0.0606851 3
0.0614361 4
0 0
0.0636318 3
0.064767 2
0.0656892 3
0.066952 3
0.0680137 3
0 0
0.0696931 4
0.0708254 1
0.0715718 5
0.0725148 3
0.0734308 4
0.07485 4
0.0753869 1
0.0766224 4
0.0777892 5
0.0789854 3
0.0799561 3
0.080755 1
0.0817639 8
0.0825757 3
0.0839139 1
0.0845076 2
0.0858667 3
0.0866065 2
0.0875867 4
0.0888978 3
0.0898321 4
0 0
0.0916493 1
0.0928646 5
0.0938172 3
0.0945971 3
0.0958224 3
0.0968629 3
0.0978271 5
0.0986124 3
0.0997666 1
0.100278 1
