-0.152939 1
0 0
-0.143307 1
0 0
-0.13378 1
0 0
0 0
-0.118348 2
0 0
-0.106692 1
0 0
-0.0972344 2
-0.0939847 3
-0.0892333 10
-0.084354 6
-0.0798153 6
-0.0746964 5
-0.0724782 4
-0.0678012 3
-0.0619228 5
-0.0567172 3
-0.0517792 6
-0.0466423 4
-0.0427202 3
-0.0377315 2
-0.0326067 5
-0.0294658 4
-0.0232768 9
-0.0198943 5
-0.0139937 8
-0.0099353 3
-0.00484455 1
-0.000145916 6
0.00453412 5
0.00942987 6
0.0152908 5
0.0203927 2
0.0234777 8
0.0291064 3
0.0327417 4
0.0377261 5
0.0422879 5
0.0471767 7
0.0506196 7
0.0560814 7
0.0608933 3
0.0652747 5
0.0693665 7
0.0742121 3
0.0782591 8
0.0831336 5
0.0887975 5
0.0939619 6
0.0977735 4
0.102693 7
0.106071 3
0.112119 4
0.1193 1
0.120615 1
0.126204 1
0.130071 1
0.133999 2
0.139473 1
0.144153 4
0 0
0 0
0 0
0.165142 1
0 0
0 0
0.178308 2
0.181843 3
0.187554 3
0.190757 1
0 0
0.200907 2
0 0
0 0
0.215842 1
0.221712 1
0 0
0.229169 1
0.233249 1
0 0
0 0
0 0
0 0
0 0
0 0
0 0
0 0
0 0
0 0
0 0
0 0
0.293713 1
0 0
0 0
0 0
0 0
0 0
0 0
0 0
0 0
0.339116 1
0 0
0 0
0 0
0 0
0 0
0 0
0 0
0.376091 1
0 0
0 0
0 0
0 0
0 0
0 0
0 0
0 0
0 0
0 0
0 0
0 0
0 0
0 0
0 0
0 0
0 0
0 0
0 0
0 0
0 0
0 0
0 0
0 0
0 0
0 0
0 0
0 0
0 0
0 0
0 0
0 0
0 0
0 0
0 0
0 0
0 0
0 0
0 0
0 0
0 0
0 0
0 0
0 0
0 0
0 0
0 0
0 0
0 0
0 0
0 0
0 0
0 0
0 0
0 0
0 0
0 0
0 0
0 0
0 0
0 0
0 0
0 0
0 0
0 0
0 0
0 0
0 0
0 0
0 0
0 0
0 0
0 0
0 0
0 0
0 0
0 0
0 0
0 0
0 0
0 0
0 0
0 0
0 0
0 0
0 0
0 0
0.786631 1
