-0.0973079 1
-0.0940377 2
-0.0910546 1
0 0
-0.0880772 1
-0.0852772 1
-0.0831374 1
-0.0807461 2
-0.0777701 4
0 0
-0.0737804 2
-0.070921 2
-0.0695548 1
-0.0662704 1
-0.0642691 3
-0.0627585 2
-0.0589372 2
-0.0574884 2
-0.0558662 1
-0.0528835 2
-0.0506915 1
-0.0477959 2
-0.0454885 1
0 0
0 0
0 0
0 0
-0.0340572 4
-0.0322819 1
-0.0297623 3
0 0
-0.0252021 2
-0.0225526 4
-0.0203439 6
-0.0177403 4
-0.0164292 3
-0.0133684 3
-0.0124194 1
-0.00911723 1
-0.00613238 2
-0.00434479 3
-0.00127843 3
3.51452e-05 48
0.00229041 5
0.00448652 4
0.00725339 5
0.00959829 4
0.011845 5
0.0129883 1
0.0165248 5
0 0
0.0208757 3
0.0237787 1
0.0250354 3
0.0270323 1
0.0290705 1
0 0
0 0
0.0363393 1
0.0383903 4
0 0
0.043798 5
0.0454631 5
0.04905 1
0.050109 2
0.0528282 1
0.0551994 1
0.0574015 4
0.0595838 1
0.0610383 1
0.065434 1
0.0672601 2
0.0691697 1
0.0711547 4
0.0734701 3
0 0
0.0791962 1
0.0807287 1
0.0818951 1
0.0841871 3
0.0863219 1
0 0
0 0
0.0944158 4
0.0964603 2
0.0983713 1
0.100761 3
0 0
0.105764 2
0.107118 1
0.110284 1
0 0
0.114418 4
0.116949 2
0 0
0 0
0.123051 2
0 0
0 0
0 0
0 0
0 0
0.137781 3
0.1408 1
0.141935 1
0.144322 1
0.146689 1
0 0
0 0
0 0
0.155149 1
0.158645 2
0.160404 1
0 0
0.165144 1
0.16866 1
0 0
0 0
0.175473 1
0.177798 1
0.179632 3
0.181163 1
0.183003 1
0 0
0.187202 1
0 0
0 0
0 0
0 0
0.200203 1
0 0
0.205452 1
0 0
0 0
0 0
0 0
0 0
0.218289 1
0.220402 1
0.222999 1
0 0
0 0
0 0
0.232714 1
0 0
0.235483 1
0.237879 1
0 0
0 0
0 0
0.248375 1
0 0
0 0
0 0
0 0
0 0
0 0
0.263151 1
0 0
0 0
0 0
0 0
0 0
0.277539 1
0 0
0 0
0 0
0 0
0 0
0 0
0 0
0 0
0 0
0 0
0 0
0 0
0.307263 1
0 0
0 0
0 0
0 0
0 0
0.322292 1
0 0
0 0
0 0
0 0
0 0
0 0
0 0
0 0
0.343008 1
0 0
0 0
0 0
0 0
0 0
0.356578 1
0 0
0 0
0.3615 1
