-0.256713 1
0 0
0 0
-0.246157 1
-0.24238 1
0 0
-0.238856 1
0 0
0 0
-0.229537 1
-0.226224 2
-0.224131 2
0 0
-0.217018 3
-0.216023 1
-0.212517 3
-0.208089 1
-0.206153 1
-0.203728 2
-0.201648 2
0 0
0 0
0 0
-0.187703 1
-0.18642 3
-0.182816 2
-0.180345 2
0 0
-0.175932 1
-0.173094 1
-0.168796 1
-0.166106 1
-0.162663 4
-0.158978 1
-0.158561 1
0 0
-0.151551 5
-0.149158 4
-0.146028 5
-0.141881 1
-0.141286 1
-0.137664 3
-0.133746 2
-0.131367 2
-0.128878 5
-0.125907 4
-0.122588 6
-0.119965 8
-0.116943 5
-0.114232 4
-0.111144 6
-0.108295 3
-0.105767 6
0 0
-0.100407 3
-0.0967095 4
-0.0944306 4
-0.091064 3
-0.0887532 4
-0.0852661 3
-0.0824616 3
-0.0800849 2
-0.0765856 3
-0.0741174 4
-0.0716539 1
-0.0690433 6
-0.0650905 3
-0.0632205 4
-0.059371 7
-0.0566488 5
-0.0539997 6
-0.0507174 6
-0.0466042 1
-0.045903 7
-0.0424612 4
-0.0396501 7
-0.0370596 7
-0.0342244 7
-0.0311362 9
-0.02774 4
-0.0250259 5
-0.0229522 3
-0.018996 5
-0.0162812 6
-0.0137053 5
-0.00984327 2
-0.00798457 4
-0.00484551 6
-0.00177584 10
0.000589971 21
0.00409744 5
0.00617956 7
0.010356 7
0.0136687 1
0.0153767 5
0.0185614 5
0.0214816 5
0.0234633 5
0.0270559 8
0.0297656 7
0.0328971 6
0.034845 7
0.0384902 9
0.0415535 3
0.0444082 8
0.0471916 7
0.0496127 4
0.0532446 3
0.0548349 2
0.0584564 8
0.0617356 3
0.0651629 6
0.067816 5
0.0704751 7
0.0724828 4
0.0756172 8
0.0790205 6
0.0807313 2
0.0850278 6
0.0879002 5
0.0895712 1
0.0925284 1
0.09558 6
0.0987954 7
0.100804 1
0.105039 3
0.106911 5
0.109609 2
0.112942 4
0.115648 2
0.118639 5
0.122199 4
0.124497 2
0.128079 3
0.129962 2
0.13391 1
0.137017 2
0.138874 4
0.142464 1
0.144613 5
0.147612 3
0.151107 3
0.154503 3
0.156155 1
0.159065 2
0.160957 1
0.165718 1
0.168173 1
0.170293 3
0 0
0.176783 2
0 0
0.181612 2
0.184804 4
0.189221 1
0 0
0 0
0.196886 1
0 0
0.202374 4
0.206105 4
0 0
0 0
0.213194 1
0.216333 2
0.219965 2
0.222432 1
0.225524 2
0.228907 1
0 0
0.234641 1
0 0
0 0
0.2424 1
0.245427 3
0.248274 1
0.251165 1
0 0
0 0
0 0
0.264407 1
0 0
0.267882 1
0.271188 1
0 0
0 0
0 0
0 0
0 0
0 0
0 0
0 0
0 0
0 0
0 0
0 0
0 0
0 0
0.314305 1
0 0
0.319123 1
