-0.124317 1
0 0
0 0
0 0
0 0
0 0
0 0
0 0
-0.102785 1
-0.0989157 4
-0.0955945 1
-0.0941214 3
-0.0919784 3
-0.0890889 2
-0.0861791 3
-0.0830367 4
-0.0807643 4
-0.0778238 2
-0.0761011 2
-0.0730662 2
-0.0703405 2
-0.0673771 4
-0.0650345 3
-0.0615702 4
-0.0589749 2
-0.0567842 4
-0.0546625 2
-0.0513823 2
-0.0478132 2
-0.0463938 4
-0.0437464 6
-0.0411241 4
-0.0388314 3
-0.0361896 3
-0.0333959 4
-0.0306611 4
-0.0276764 5
-0.0251288 7
-0.0215085 1
-0.0211654 1
-0.0176849 5
-0.0145551 2
-0.0127124 2
-0.00914697 4
-0.00687846 2
-0.00377451 4
-0.00161074 7
0 0
0 0
0.00614289 1
0.00895187 2
0 0
0.014873 2
0.0164309 1
0.0195813 3
0.0228621 2
0.0250199 2
0.0278143 2
0.0304146 6
0.0326661 3
0.0360057 4
0.038179 3
0.0404928 2
0.0439209 3
0.0472531 1
0.0488249 5
0 0
0.05456 6
0.0563074 1
0.0592777 2
0.0621998 6
0.0636624 1
0.0666475 2
0.0712084 1
0.072751 2
0 0
0.0774136 3
0.0806683 4
0.08409 1
0.0860486 1
0.0892659 2
0.0908347 3
0.0936347 2
0.0957489 2
0.0986892 2
0 0
0.104 2
0.106265 1
0.109681 2
0.112493 2
0.114426 2
0.117708 2
0 0
0.122714 2
0.126033 3
0 0
0.129843 2
0.133474 2
0.136028 2
0 0
0 0
0.14513 1
0.146421 2
0 0
0 0
0 0
0 0
0.160847 1
0 0
0 0
0.166741 1
0.171142 1
0.172541 1
0 0
0.177009 1
0 0
0 0
0 0
0.187649 1
0 0
0.194709 1
0 0
0.198155 1
0.201915 2
0.205202 3
0 0
0 0
0 0
0.215486 1
0 0
0 0
0.223323 2
0 0
0 0
0.232018 1
0 0
0 0
0.2387 2
0 0
0 0
0 0
0.249755 1
0 0
0 0
0 0
0.261098 1
0.263213 2
0 0
0.268773 1
0.272092 1
0 0
0 0
0 0
0 0
0 0
0 0
0 0
0 0
0 0
0 0
0 0
0.303461 1
0 0
0 0
0 0
0.313063 1
0 0
0.318615 1
0 0
0.324948 1
0 0
0 0
0 0
0 0
0 0
0 0
0 0
0 0
0 0
0 0
0 0
0 0
0 0
0 0
0 0
0 0
0 0
0 0
0 0
0.377017 1
0 0
0 0
0 0
0 0
0 0
0 0
0 0
0 0
0 0
0 0
0.404305 1
