-0.168779 1
-0.165351 1
0 0
0 0
0 0
0 0
0 0
0 0
0 0
0 0
0 0
-0.131167 2
0 0
0 0
-0.120218 1
0 0
0 0
-0.110714 1
0 0
-0.105702 1
0 0
-0.0977539 2
-0.0953295 5
-0.0925863 2
-0.0896592 3
0 0
-0.081459 4
-0.0789035 6
-0.0756899 6
-0.0718726 5
-0.0689814 5
-0.0659171 5
-0.0642768 1
-0.0595015 3
-0.0563766 6
-0.0537813 4
-0.0495875 2
-0.0461505 3
-0.0430043 4
-0.039893 2
-0.0365036 8
-0.0339252 5
-0.0306909 6
-0.0271042 5
-0.0240884 4
-0.0208105 3
-0.0177344 5
-0.0151504 1
-0.0107943 8
-0.00669758 5
-0.00447574 4
-0.000203243 14
0.00203045 2
0.00534556 5
0.00878485 3
0.0122011 4
0.0161728 6
0.0187714 6
0.0215946 5
0.0249409 3
0.0286186 5
0.0314665 4
0.0342632 4
0.0391406 4
0.0413402 3
0 0
0.0476538 1
0.0519406 3
0.0555476 3
0.0572458 2
0.0604174 1
0.0644526 2
0 0
0.070098 5
0.0743615 5
0.0781243 4
0.0807204 1
0.0849418 3
0.08884 2
0.0909042 4
0.0939076 6
0.0969987 3
0 0
0.103829 3
0.108302 1
0 0
0.114905 1
0.116092 2
0 0
0.123609 3
0 0
0 0
0 0
0 0
0 0
0 0
0 0
0.148926 2
0.153337 1
0.154146 1
0 0
0 0
0 0
0.168217 1
0 0
0 0
0.17918 1
0.181033 1
0.183846 1
0.18861 2
0 0
0 0
0.197501 2
0 0
0 0
0 0
0 0
0 0
0 0
0.219965 2
0 0
0.227832 1
0 0
0 0
0 0
0 0
0.242506 2
0.246665 1
0 0
0 0
0 0
0.259223 3
0.263928 2
0.266975 1
0 0
0 0
0 0
0.278115 1
0 0
0 0
0.28911 1
0 0
0 0
0 0
0 0
0 0
0 0
0 0
0 0
0 0
0.322854 1
0.324399 1
0 0
0 0
0 0
0.337582 2
0 0
0 0
0 0
0 0
0.354535 1
0 0
0.359742 2
0 0
0 0
0 0
0 0
0 0
0 0
0 0
0 0
0 0
0.394502 1
0.397251 1
0 0
0 0
0 0
0 0
0 0
0 0
0 0
0 0
0 0
0 0
0 0
0 0
0 0
0 0
0 0
0 0
0 0
0 0
0 0
0 0
0 0
0 0
0 0
0 0
0 0
0 0
0.483475 1
