-0.248793 97
-0.246205 93
-0.243867 91
-0.241178 125
-0.238806 98
-0.236181 89
-0.233775 112
-0.231371 94
-0.228756 107
-0.226305 106
-0.223747 100
-0.221158 95
-0.218722 107
-0.216172 103
-0.213588 91
-0.211219 110
-0.208812 89
-0.206342 118
-0.203787 108
-0.201232 107
-0.1988 99
-0.196243 113
-0.193824 92
-0.191193 104
-0.188695 98
-0.186172 117
-0.183727 108
-0.181238 106
-0.178726 104
-0.176181 97
-0.173794 107
-0.1713 111
-0.168728 108
-0.166346 92
-0.163724 90
-0.161296 107
-0.158805 124
-0.156378 117
-0.153716 101
-0.15137 106
-0.148697 98
-0.146272 99
-0.143834 98
-0.14138 121
-0.138651 88
-0.136289 93
-0.133727 108
-0.131332 106
-0.128756 99
-0.126236 98
-0.123856 83
-0.121139 89
-0.118702 91
-0.116229 120
-0.113715 89
-0.111312 113
-0.108763 121
-0.106127 103
-0.103698 111
-0.101112 106
-0.0987975 100
-0.096135 96
-0.0938627 98
-0.0912116 105
-0.0887759 100
-0.0861797 93
-0.083777 102
-0.0812498 124
-0.0787485 100
-0.0761378 95
-0.0738268 105
-0.0712397 97
-0.0687046 105
-0.0662825 101
-0.0637047 122
-0.0612241 92
-0.0588861 113
-0.0562532 108
-0.0537964 100
-0.0511166 101
-0.0487533 111
-0.0461195 110
-0.043714 114
-0.0411665 108
-0.0387778 95
-0.0361215 114
-0.0338189 96
-0.0311703 98
-0.0286746 96
-0.0261779 111
-0.0236595 108
-0.0212419 110
-0.0186305 108
-0.0161974 99
-0.0138909 108
-0.0112755 98
-0.00874352 109
-0.00636826 99
-0.00374203 101
-0.00125075 111
0.00120023 109
0.00380124 102
0.00627021 121
0.00883137 98
0.0112635 95
0.0136875 109
0.0161265 114
0.0186184 95
0.0212077 103
0.0237239 84
0.0263001 109
0.0288459 114
0.0312129 93
0.033702 95
0.0362334 90
0.0387723 114
0.0413641 93
0.0438756 104
0.0462402 115
0.0488506 98
0.0512172 107
0.0539067 95
0.0563055 108
0.0586832 113
0.0614169 102
0.0637389 105
0.066303 103
0.0688944 99
0.0711149 123
0.0737913 101
0.0762084 102
0.0786887 90
0.0811506 111
0.0838199 91
0.086253 108
0.0887992 106
0.0912891 100
0.0937403 126
0.0963332 109
0.0987635 95
0.101283 112
0.10376 97
0.106223 101
0.10879 117
0.111187 109
0.11373 107
0.116172 100
0.118773 99
0.121306 116
0.123772 108
0.126273 94
0.128739 99
0.131226 98
0.133633 93
0.136227 120
0.138769 98
0.141107 120
0.143671 96
0.14627 104
0.14877 122
0.151161 113
0.153733 83
0.156306 94
0.158774 114
0.161152 101
0.163666 103
0.166264 117
0.16869 89
0.171328 95
0.173701 108
0.176112 105
0.178778 101
0.181345 96
0.183869 102
0.186262 115
0.188852 111
0.191252 118
0.193727 106
0.196165 126
0.198755 96
0.201228 90
0.203803 106
0.206231 124
0.208762 127
0.211208 104
0.213805 104
0.216226 90
0.21868 110
0.221242 95
0.223703 111
0.226126 113
0.228829 108
0.231319 96
0.233789 105
0.23632 114
0.238916 106
0.241241 109
0.243714 105
0.246327 98
0.248805 113
0.249991 1
