-0.24871 67
-0.246215 64
-0.243672 62
-0.241267 64
-0.238707 82
-0.236141 66
-0.233843 65
-0.231293 62
-0.228676 62
-0.226385 63
-0.223773 74
-0.2212 66
-0.218657 54
-0.216455 79
-0.213676 60
-0.211225 67
-0.209018 68
-0.206403 54
-0.203862 61
-0.201139 67
-0.198717 57
-0.196242 65
-0.193712 73
-0.191272 70
-0.188764 64
-0.186056 71
-0.183697 71
-0.181281 59
-0.178668 54
-0.176308 52
-0.173801 70
-0.171172 57
-0.168756 60
-0.166178 68
-0.163676 81
-0.161386 50
-0.158615 64
-0.156195 69
-0.153788 74
-0.151181 66
-0.148873 64
-0.146204 69
-0.143777 70
-0.141234 62
-0.138689 71
-0.136354 69
-0.133903 53
-0.131268 66
-0.128577 59
-0.126276 69
-0.123653 64
-0.121173 72
-0.118837 64
-0.116129 71
-0.113765 52
-0.111209 71
-0.108966 63
-0.106201 52
-0.103645 55
-0.101109 66
-0.0987643 68
-0.0962351 64
-0.0937183 57
-0.0911836 65
-0.0886463 54
-0.086125 52
-0.0836792 66
-0.0810979 55
-0.0787174 72
-0.0762022 60
-0.0736995 68
-0.0711084 58
-0.0686761 56
-0.0663206 62
-0.0637629 62
-0.0611388 62
-0.0589371 66
-0.0561994 59
-0.0537011 80
-0.0512779 62
-0.0488154 68
-0.0463994 60
-0.0438672 65
-0.0411188 63
-0.0387409 70
-0.0362342 78
-0.0338702 40
-0.0313827 62
-0.0288261 67
-0.026263 75
-0.0237237 74
-0.0212366 63
-0.0187204 54
-0.0161632 64
-0.0137938 69
-0.0112692 62
-0.00869456 79
-0.00626462 61
-0.00378022 68
-0.00121665 73
0.00117214 72
0.00370066 74
0.0062377 74
0.00866101 62
0.0111635 57
0.0138251 89
0.0161561 71
0.0187458 68
0.0212481 74
0.0237042 61
0.0263786 65
0.0286392 69
0.0312564 83
0.0338554 60
0.0360534 69
0.0387208 69
0.0412992 72
0.0437924 83
0.046264 90
0.0487777 51
0.0511781 67
0.0537993 62
0.0563805 72
0.0587919 78
0.0612945 84
0.0637969 53
0.066111 71
0.0687501 61
0.070971 64
0.0735737 74
0.0762728 75
0.0787872 57
0.0812268 77
0.083709 57
0.0862983 69
0.0885482 64
0.0912095 51
0.0936844 71
0.0961473 66
0.0986698 65
0.100993 55
0.103686 79
0.106111 58
0.108754 64
0.11129 68
0.113733 72
0.116242 75
0.1187 73
0.121192 57
0.123702 55
0.126161 57
0.128776 63
0.13116 60
0.133739 68
0.13622 67
0.138846 63
0.141008 63
0.143553 73
0.14617 70
0.148825 66
0.151241 57
0.15368 72
0.156293 57
0.15869 67
0.161285 72
0.163603 57
0.166205 60
0.168759 61
0.171248 59
0.173814 64
0.176127 57
0.178876 54
0.181167 57
0.183727 68
0.186205 79
0.188716 74
0.191165 65
0.19383 64
0.196141 63
0.198561 73
0.201265 69
0.203836 65
0.206191 73
0.208695 72
0.211157 61
0.213698 72
0.216138 69
0.218533 56
0.221095 75
0.223641 61
0.226198 65
0.22871 61
0.231351 55
0.233591 42
0.236032 70
0.238662 55
0.241067 73
0.243586 57
0.246215 63
0.248634 57
0.249955 1
