-0.157783 2
0 0
0 0
0 0
0 0
0 0
0 0
0 0
0 0
0 0
0 0
-0.128116 1
0 0
0 0
0 0
0 0
0 0
0 0
0 0
-0.105039 1
-0.10373 1
0 0
-0.0976688 3
-0.0944623 3
-0.0919793 2
-0.0894666 3
-0.0860454 4
-0.0831447 2
-0.0812735 1
-0.0771214 1
-0.0758143 4
-0.0727226 4
-0.0708127 3
-0.0676696 4
-0.0636549 2
-0.0614315 5
-0.0587179 6
-0.0559671 3
-0.053573 3
-0.0506043 6
-0.0482377 5
-0.0442231 1
-0.0417899 2
-0.0401792 2
-0.0373418 5
-0.0335551 4
-0.0313743 4
0 0
-0.0273251 1
-0.0243274 2
-0.0209649 7
-0.0168577 1
-0.0153643 4
-0.0121044 3
-0.00937664 2
-0.00730577 2
-0.00405992 5
-0.00215224 4
0.00206652 2
0.00392338 3
0.00582427 1
0.0102715 3
0.0120014 3
0.0144379 2
0.0174059 3
0.0199764 1
0.0219157 2
0.0254804 3
0 0
0.0313693 5
0.0332412 2
0.0363637 5
0.039383 6
0.0424785 6
0 0
0.0477994 4
0.0504301 1
0.0521639 2
0.0570376 2
0 0
0.0614691 4
0.0637492 6
0.0668897 4
0.0694519 2
0.0727332 3
0.074748 3
0.0783511 4
0.0810869 2
0.0841052 2
0.0857422 1
0.0891661 4
0.0915035 3
0.0947125 2
0.0963081 2
0 0
0.102508 1
0 0
0.107339 1
0 0
0.112353 1
0.116939 3
0.119464 1
0.120748 1
0.123736 3
0 0
0.129841 1
0 0
0 0
0 0
0 0
0.144235 1
0.146721 3
0.148556 1
0.150683 1
0.154 1
0 0
0.159444 3
0.162651 2
0 0
0 0
0 0
0 0
0 0
0 0
0.181977 1
0.184264 1
0.188444 1
0 0
0 0
0 0
0.198275 1
0 0
0.203449 1
0 0
0.209432 1
0 0
0 0
0 0
0.219606 1
0.222275 1
0 0
0 0
0.230565 1
0 0
0 0
0 0
0.243309 2
0 0
0.247833 1
0 0
0 0
0.255394 2
0.258511 1
0 0
0 0
0 0
0 0
0 0
0 0
0 0
0.280241 1
0 0
0 0
0 0
0.291906 1
0 0
0 0
0 0
0 0
0 0
0 0
0 0
0 0
0 0
0 0
0 0
0.323147 1
0 0
0 0
0 0
0.334536 1
0.337121 1
0 0
0 0
0 0
0 0
0 0
0 0
0.35766 1
0 0
0 0
0 0
0 0
0 0
0.372243 1
0 0
0 0
0 0
0 0
0.386276 1
0.388452 1
