-0.0995724 2
0 0
-0.097261 3
-0.0965776 2
-0.0954381 4
0 0
0 0
-0.0920789 4
0 0
-0.0899201 1
0 0
-0.0885371 2
0 0
0 0
-0.0851483 1
-0.0845177 2
-0.0828583 1
-0.0823768 2
-0.0814397 1
-0.0803332 1
-0.0792449 2
-0.0783239 2
-0.0776696 1
-0.0760472 1
-0.0754134 2
-0.0744873 2
-0.07307 1
0 0
-0.0709465 1
-0.0705933 3
-0.0694477 4
-0.0687187 1
-0.0673207 4
-0.0663518 5
-0.0655191 1
-0.0648081 2
-0.0634023 3
-0.0621357 1
-0.0611084 1
0 0
0 0
0 0
-0.0572711 2
0 0
0 0
-0.0542984 1
0 0
-0.0527472 3
-0.0517546 1
-0.0507353 2
-0.0497174 1
-0.0483605 1
-0.0472301 3
-0.0464348 6
0 0
0 0
0 0
-0.0423073 1
-0.0414509 1
0 0
-0.0395795 3
-0.038999 1
-0.0377079 2
-0.0365746 2
0 0
-0.0345977 2
-0.0337295 1
-0.0327116 3
-0.0316714 1
-0.0304748 4
-0.0296415 2
-0.0289224 2
0 0
-0.0263861 1
-0.0257699 2
-0.0250021 2
-0.0236674 3
0 0
0 0
0 0
-0.019207 1
-0.0189069 2
0 0
-0.0166179 1
-0.0157528 2
-0.0147499 4
-0.0138217 1
-0.0128037 1
-0.0116394 4
-0.0103689 1
-0.00951598 2
-0.0088764 2
0 0
-0.00677212 1
-0.00572836 2
-0.00498249 1
0 0
-0.00264055 2
-0.00135938 1
-0.00042189 1
-2.966e-05 3
0.00100413 2
0 0
0.00360562 1
0.00393016 3
0.00514894 1
0.0060112 2
0.00749641 1
0 0
0.0090107 4
0.010572 1
0.0111468 3
0.0124928 2
0 0
0.0141046 3
0 0
0.0162595 1
0.016974 3
0.0180512 6
0.0192618 4
0.0203839 1
0.0213119 2
0 0
0.0229971 4
0.0245366 1
0 0
0.0261957 2
0 0
0.0279115 1
0.0285874 1
0.0303978 1
0 0
0.0323379 1
0.0330321 2
0 0
0.0350942 3
0.0361413 1
0.0370708 2
0.0377619 1
0.0393593 1
0.0395442 1
0 0
0 0
0.0428887 1
0.0435041 1
0.0452499 3
0.0457123 2
0.0471765 1
0.0475043 1
0.0490592 2
0.0499273 3
0.0508041 3
0.0519882 1
0.0525838 1
0.0542715 1
0 0
0 0
0.0568341 1
0.0579472 4
0 0
0.0594537 2
0.0606623 1
0.0616496 3
0 0
0 0
0.0645436 2
0.0657311 1
0.0668373 2
0.0679606 3
0.0690698 2
0.070071 3
0.0712999 1
0.0718457 2
0.0724076 1
0.0741061 1
0.0746599 1
0.0760775 1
0 0
0 0
0.0790716 1
0.0801132 1
0 0
0.0818991 1
0.0825868 3
0.0839639 4
0 0
0.0855667 1
0.0868998 2
0 0
0.0885853 1
0.0901637 2
0 0
0.0918574 2
0.0923252 2
0.093629 1
0 0
0 0
0.0962144 1
0 0
0.0987259 4
0.0991632 1
