-0.0991946 4
-0.0982273 1
-0.0966388 2
-0.0963281 3
-0.094528 1
0 0
-0.0933052 3
-0.0919634 1
-0.09102 2
-0.0896747 1
-0.088768 2
-0.0881545 5
-0.0873494 2
0 0
-0.0848709 3
-0.0840226 7
-0.0830121 4
-0.0820052 5
-0.0807062 5
-0.0799878 4
-0.0793222 2
-0.0781508 4
-0.0770051 8
-0.0759934 2
-0.0751001 5
-0.07439 3
0 0
-0.0720276 6
-0.0708292 2
0 0
-0.0692076 2
-0.0684258 2
-0.0669868 1
-0.0660096 3
-0.0653726 1
-0.0643844 2
-0.0630058 5
-0.0623742 3
-0.0609692 7
-0.0602183 6
-0.0589611 3
-0.0578165 5
0 0
-0.0559766 3
-0.0550042 2
-0.0546027 1
-0.0528548 2
-0.0518562 2
-0.0513128 3
0 0
-0.0493049 3
-0.0484402 4
-0.0471186 4
-0.0460626 5
0 0
-0.0438112 3
-0.0429661 3
-0.0420111 3
-0.0411036 4
-0.0402994 4
-0.0393981 3
-0.0381627 3
-0.0371265 4
-0.0359839 1
-0.0351674 4
-0.0344301 1
-0.0332487 3
-0.0319342 1
-0.0309916 4
-0.0305652 2
-0.0293064 4
-0.0283727 3
-0.0271418 1
-0.0266373 1
-0.0252951 3
-0.0242004 2
-0.0233606 4
-0.0221769 5
0 0
-0.020167 3
-0.0192827 2
-0.0182809 3
-0.0170244 2
-0.0164504 3
-0.01531 6
-0.0142332 3
-0.0132736 6
-0.0120682 1
-0.0110845 1
-0.0104428 4
-0.00936039 3
-0.00829318 4
-0.00736978 7
-0.00666006 2
-0.00507462 2
-0.00449019 3
-0.00334898 3
-0.00238679 4
-0.00107126 1
-7.878e-05 5
0 0
0.00123748 1
0.00277656 5
0.00358178 3
0.00483043 3
0.00600574 3
0.00615032 1
0.00767576 5
0.00859683 1
0.0095033 4
0.0104972 7
0.0116297 2
0.0126135 1
0.0133994 4
0.0145998 3
0.0155644 3
0.0163241 2
0.0171684 1
0.0186611 3
0.0194578 2
0.0209614 2
0 0
0.0224955 5
0.0234243 4
0.0246849 4
0.0255776 1
0.0263572 4
0.0275835 3
0.0286092 5
0.0296756 2
0.0305633 5
0.03152 3
0.0324539 1
0.0333533 6
0.0344964 5
0.0353228 4
0 0
0.0373207 1
0.0384609 4
0.0392913 4
0.040928 2
0.0414548 3
0.042436 2
0.0438186 1
0.0445562 3
0.0458253 2
0.0462234 1
0.0474313 2
0.0482694 2
0.0490898 2
0.0504094 2
0.051512 4
0.0524718 2
0.0533431 3
0.0545451 6
0.0554424 3
0.0563146 3
0.0570329 3
0.0584292 2
0.0598408 3
0.0601973 4
0.0614471 4
0.0622563 3
0.0633888 4
0.0642727 3
0.0656503 1
0.0664518 5
0.0674907 2
0.0684015 3
0.0693457 2
0.0703344 2
0.0714144 1
0.0725035 2
0.0733989 2
0.0742778 5
0.0756072 2
0.0767147 1
0.077292 5
0.0783063 5
0.0789827 2
0.0799967 3
0.0813627 4
0.0821339 2
0.083573 2
0.0842058 4
0.0850902 3
0.0863901 5
0.0871163 3
0.0880462 2
0.0893686 3
0.0903922 5
0.0909908 1
0.092256 4
0.0930687 3
0 0
0.0953176 3
0.0962336 2
0.0972465 3
0.0982288 4
0.0990731 3
0.0997512 1
