-0.535834 1
0 0
0 0
0 0
0 0
0 0
0 0
0 0
0 0
0 0
0 0
-0.481962 1
0 0
0 0
0 0
0 0
0 0
0 0
-0.446543 1
0 0
0 0
0 0
-0.429429 1
0 0
0 0
0 0
0 0
0 0
0 0
0 0
0 0
0 0
0 0
0 0
0 0
-0.367101 1
-0.362704 1
0 0
0 0
0 0
0 0
0 0
-0.330916 1
0 0
0 0
-0.317383 1
0 0
0 0
0 0
0 0
0 0
0 0
0 0
0 0
0 0
0 0
-0.265075 1
0 0
0 0
0 0
-0.244301 1
0 0
0 0
0 0
0 0
0 0
0 0
0 0
-0.209349 1
0 0
-0.199518 1
0 0
0 0
0 0
-0.177241 1
0 0
-0.166963 3
0 0
0 0
0 0
-0.147074 1
0 0
-0.139558 2
0 0
-0.132199 1
-0.124665 1
-0.119724 1
0 0
0 0
0 0
-0.102602 1
0 0
0 0
-0.0866976 1
-0.0798854 1
0 0
0 0
0 0
0 0
0 0
-0.0539803 1
0 0
-0.0430323 1
-0.0378647 1
-0.0321655 1
0 0
-0.0244912 3
-0.0201656 1
-0.0141187 2
0 0
-0.00712576 1
-0.000753068 2
0 0
0.00853966 1
0 0
0 0
0.0257287 1
0 0
0.0334785 2
0.0376489 1
0 0
0 0
0.0499182 1
0 0
0 0
0 0
0 0
0 0
0.0829729 1
0.0852263 1
0 0
0 0
0.0996676 1
0 0
0 0
0 0
0.12086 1
0.122973 1
0 0
0 0
0.140552 1
0 0
0.148575 1
0.154819 1
0 0
0 0
0 0
0 0
0.176067 1
0.181909 1
0 0
0 0
0 0
0 0
0 0
0 0
0 0
0.218077 1
0 0
0 0
0 0
0 0
0 0
0 0
0.253456 1
0 0
0 0
0 0
0.27089 1
0 0
0 0
0 0
0 0
0.298481 1
0 0
0 0
0.310084 1
0 0
0 0
0.327886 1
0.330057 1
0 0
0.341706 2
0 0
0 0
0 0
0 0
0.365176 1
0 0
0 0
0.379551 1
0 0
0 0
0 0
0 0
0 0
0 0
0 0
0 0
0 0
0.424379 1
