-0.53653 1
0 0
0 0
0 0
0 0
0 0
0 0
0 0
0 0
0 0
0 0
0 0
0 0
0 0
-0.457382 1
-0.452844 1
-0.445219 1
-0.441178 4
0 0
0 0
-0.427054 1
0 0
0 0
0 0
-0.403442 2
-0.397612 3
-0.394998 1
-0.387138 2
-0.381177 3
-0.376666 3
-0.371205 3
-0.366217 2
-0.358462 1
-0.352277 2
-0.348254 6
-0.343225 5
-0.336852 1
-0.332889 2
-0.328057 4
-0.322958 4
-0.318443 2
-0.311357 2
-0.308197 1
-0.299975 6
-0.293914 4
-0.289035 6
-0.282847 5
-0.278441 4
-0.272177 9
-0.267178 9
-0.262368 5
-0.257095 7
-0.251738 3
-0.245731 4
-0.239357 5
-0.234573 6
-0.229494 6
-0.223223 9
-0.218839 9
-0.213085 9
-0.207369 12
-0.201967 8
-0.196699 19
-0.190978 21
-0.186666 14
-0.180971 17
-0.175334 15
-0.169544 30
-0.163612 29
-0.159188 19
-0.15303 21
-0.147904 26
-0.142351 24
-0.136938 41
-0.130985 36
-0.126254 69
-0.120633 71
-0.115361 53
-0.1096 58
-0.104351 55
-0.0990523 58
-0.0935394 62
-0.0885555 61
-0.0830143 55
-0.0770913 73
-0.0717998 110
-0.0663952 89
-0.0612754 68
-0.0558694 86
-0.0499765 72
-0.0447955 100
-0.0393924 99
-0.0336405 118
-0.0281556 170
-0.0227026 172
-0.0174059 171
-0.0119987 158
-0.00633246 211
-0.000399854 1094
0.00379941 248
0.00959222 154
0.0150057 167
0.0205576 138
0.0258357 169
0.0312716 123
0.0367285 119
0.0425446 97
0.0474148 102
0.052791 73
0.0583575 75
0.0642422 104
0.0695352 79
0.075018 106
0.0802299 63
0.0858409 44
0.0916131 40
0.0967902 38
0.102271 45
0.10775 31
0.113324 34
0.118318 30
0.123433 32
0.12898 22
0.134609 15
0.139363 13
0.145271 12
0.15199 7
0.155542 9
0.161774 8
0.166391 5
0.173599 6
0.178674 4
0.183636 6
0.189863 5
0.194659 1
0.199625 5
0 0
0.209824 2
0.215829 2
0.223124 3
0.224843 1
0 0
0 0
0.243613 2
0.248635 3
0 0
0 0
0.266056 2
0.27076 2
0.273485 2
0.282465 2
0.28737 6
0 0
0.298549 5
0.303421 2
0 0
0.314435 3
0.319626 2
0.325036 2
0.332256 4
0.335233 2
0.338942 2
0.344668 1
0.352454 2
0.355978 3
0.361609 3
0.369886 2
0.372348 2
0.37777 2
0.385399 1
0.391598 2
0.395149 4
0 0
0 0
0 0
0.416725 2
0.4241 1
0 0
0.431498 2
0 0
0.442701 1
0 0
0.454096 1
0.463364 1
0 0
0 0
0.479359 1
0.482155 1
0 0
0.492906 2
0.501297 2
0 0
0 0
0 0
0 0
0 0
0 0
0 0
0 0
0 0
0.550444 1
