-0.340227 1
0 0
0 0
0 0
0 0
0 0
0 0
0 0
0 0
0 0
0 0
-0.295737 1
0 0
0 0
0 0
0 0
0 0
0 0
0 0
0 0
0 0
0 0
0 0
0 0
0 0
-0.24331 1
-0.237617 1
-0.233394 1
-0.230031 1
-0.226155 1
-0.223728 1
-0.218588 1
-0.214122 1
-0.211465 3
-0.207768 1
-0.205492 1
-0.202044 2
-0.197167 3
-0.192688 5
-0.188736 5
-0.185088 2
-0.181093 5
-0.176162 5
-0.174239 4
-0.168477 5
-0.165842 8
-0.162394 7
-0.158475 6
-0.155106 9
-0.15083 5
-0.147386 5
-0.143102 11
-0.140015 5
-0.136114 4
-0.131478 10
-0.128342 10
-0.12478 10
-0.120679 18
-0.117004 9
-0.112403 15
-0.108532 13
-0.105212 11
-0.100971 17
-0.0971763 17
-0.0937804 24
-0.0895344 19
-0.0856619 15
-0.081969 15
-0.0776041 13
-0.0741786 29
-0.0705811 22
-0.0666445 24
-0.0627629 20
-0.0590852 27
-0.0549735 26
-0.0517925 20
-0.0477623 31
-0.0440594 23
-0.0398183 25
-0.03623 35
-0.032021 26
-0.0285484 33
-0.0249388 30
-0.020582 29
-0.0168682 37
-0.0130316 31
-0.00918647 41
-0.00548221 50
-0.00104777 105
0.00176898 90
0.00582237 60
0.00969798 36
0.0133785 36
0.0172132 34
0.0213292 23
0.0250481 32
0.0287721 27
0.0326887 27
0.0365645 18
0.0402951 19
0.0444038 28
0.0476961 15
0.0517904 23
0.0556672 26
0.059493 20
0.063651 20
0.0669615 19
0.070931 19
0.0751902 20
0.0789079 14
0.0820722 14
0.086559 17
0.0898875 17
0.0941822 11
0.0978803 17
0.101538 8
0.105382 14
0.108775 21
0.112725 16
0.116511 10
0.120662 18
0.124296 17
0.128055 13
0.132289 11
0.136051 9
0.140353 12
0.143974 12
0.147688 10
0.151885 17
0.155676 5
0.158825 8
0.162216 10
0.166345 7
0.170213 9
0.173997 9
0.178908 8
0.182113 10
0.185599 9
0.189845 8
0.193647 7
0.196645 6
0.202244 6
0.204876 8
0.209075 6
0.212706 8
0.216603 6
0.22015 4
0.223626 1
0.227607 3
0.233185 1
0.237269 2
0.23915 4
0.244155 6
0.247742 1
0.250231 3
0.255214 5
0.258106 9
0.263404 2
0.264365 1
0 0
0.274147 2
0.278639 3
0.282915 1
0 0
0.288586 2
0.291973 4
0.295198 2
0.299689 2
0.30487 3
0.30876 1
0.312664 3
0 0
0.320584 1
0.323168 1
0.327886 2
0.331541 2
0.33446 4
0.338239 2
0.341747 3
0.346896 2
0 0
0.354313 3
0.357718 2
0 0
0 0
0 0
0 0
0 0
0 0
0 0
0 0
0 0
0 0
0 0
0 0
0 0
0 0
0.415716 1
0 0
0 0
0.42484 1
