-0.0836105 1
0 0
0 0
0 0
0 0
0 0
0 0
0 0
0 0
0 0
0 0
0 0
0 0
-0.0692945 1
0 0
0 0
0 0
0 0
0 0
0 0
0 0
0 0
0 0
0 0
0 0
0 0
0 0
0 0
0 0
0 0
0 0
0 0
0 0
0 0
0 0
0 0
0 0
0 0
0 0
0 0
0 0
0 0
0 0
0 0
0 0
0 0
0 0
0 0
-0.0330562 1
0 0
0 0
0 0
0 0
0 0
0 0
-0.0258652 1
0 0
0 0
0 0
0 0
0 0
0 0
0 0
0 0
0 0
0 0
0 0
0 0
0 0
0 0
0 0
0 0
0 0
-0.00682579 1
0 0
0 0
0 0
0 0
0 0
0 0
0 0
0 0
0.00284034 1
0.00315871 2
0 0
0 0
0 0
0 0
0.00826938 1
0 0
0 0
0 0
0 0
0.0133146 1
0 0
0 0
0 0
0 0
0 0
0 0
0.0207198 1
0 0
0 0
0 0
0 0
0 0
0 0
0 0
0 0
0.0307144 1
0 0
0 0
0 0
0 0
0 0
0 0
0 0
0 0
0 0
0 0
0 0
0 0
0 0
0 0
0.0456031 1
0.0474944 1
0.0483499 1
0 0
0 0
0 0
0 0
0.0532671 1
0 0
0 0
0.0569828 1
0 0
0 0
0.0599402 1
0 0
0 0
0.0625044 2
0 0
0 0
0 0
0 0
0 0
0.0689116 2
0 0
0 0
0 0
0 0
0 0
0 0
0 0
0 0
0 0
0 0
0 0
0 0
0 0
0.0836184 1
0 0
0 0
0 0
0 0
0 0
0 0
0 0
0 0
0 0
0 0
0 0
0 0
0.0968433 1
0 0
0 0
0 0
0 0
0.102246 1
0 0
0 0
0.10581 1
0 0
0 0
0 0
0 0
0 0
0 0
0 0
0 0
0 0
0 0
0 0
0 0
0 0
0 0
0 0
0 0
0 0
0 0
0.124756 1
