-0.264627 1
0 0
0 0
-0.254871 1
0 0
0 0
-0.246849 1
0 0
0 0
-0.238061 1
0 0
0 0
0 0
0 0
-0.225285 1
0 0
0 0
0 0
0 0
0 0
-0.208805 1
-0.205264 1
0 0
0 0
-0.196198 2
-0.194361 1
0 0
-0.187959 1
0 0
-0.181585 1
-0.17982 2
-0.17622 1
-0.173607 2
0 0
-0.168574 1
0 0
-0.162624 1
0 0
-0.156976 1
-0.15476 2
-0.151264 1
0 0
-0.146621 3
-0.143882 3
-0.140395 1
-0.138689 1
-0.135759 2
-0.13333 1
-0.130267 4
-0.127996 1
-0.124376 3
-0.121759 8
-0.118695 8
-0.116105 2
-0.11321 3
-0.110582 2
-0.108648 4
-0.104092 1
-0.102171 5
-0.0993144 6
-0.0964357 9
-0.0936909 4
-0.090918 3
-0.0877273 2
-0.0843404 1
-0.0828279 7
-0.0798424 4
-0.0774907 4
-0.0747236 5
-0.0709814 5
-0.068661 6
-0.0663474 2
-0.0638759 5
-0.0610398 3
-0.0573214 5
-0.055458 8
-0.0524206 5
-0.0487634 1
-0.0465814 1
-0.0436589 6
-0.0409446 6
-0.0386842 5
-0.0353304 5
-0.0331929 7
0 0
-0.0269514 7
-0.0246257 2
-0.0218866 6
-0.0192492 6
-0.0164969 5
-0.0130946 2
-0.0105189 13
-0.00797633 4
-0.00596575 3
-0.00246332 10
0.000129654 105
0.00358327 5
0.00643216 8
0.00891836 3
0.0115088 7
0.0148062 3
0.0169692 4
0.0195603 3
0.0231994 5
0.0246934 4
0.0285844 5
0.0306381 4
0.0337077 9
0.0371907 5
0.0393032 2
0.0422252 1
0.0447824 6
0.0478298 8
0.0504338 4
0.0539887 1
0.0560453 2
0.0590424 3
0.061467 4
0.0641121 4
0.0671434 3
0.0698617 4
0 0
0.0746901 3
0.0788691 5
0.0821383 1
0.0841115 5
0.0857193 2
0.0888965 3
0.0928479 1
0.0940448 2
0.0973286 6
0.100092 2
0.104171 1
0.106537 6
0.110071 1
0.111563 2
0.11489 3
0.117246 6
0.119556 1
0.122442 4
0.126287 1
0.127521 5
0.131622 2
0.134771 2
0.137292 2
0.138911 5
0.142392 2
0.145088 2
0.147439 2
0.14946 1
0.152694 2
0.154972 1
0.158802 3
0.162022 1
0.164111 5
0.167299 3
0.169285 1
0.173009 1
0.175798 1
0 0
0.17986 2
0 0
0.186905 3
0.188644 1
0 0
0 0
0.197337 2
0 0
0.203166 3
0.206276 2
0.207835 1
0 0
0.21323 1
0.217444 1
0 0
0 0
0 0
0.228979 1
0 0
0 0
0 0
0 0
0 0
0.244958 1
0 0
0 0
0 0
0 0
0 0
0 0
0 0
0 0
0 0
0 0
0 0
0 0
0 0
0 0
0.286243 1
0.290528 1
0 0
