-0.112447 2
0 0
0 0
0 0
0 0
0 0
0 0
0 0
0 0
-0.0868385 1
0 0
0 0
-0.0777476 3
-0.0761369 6
-0.0732456 2
-0.0702597 5
-0.0672168 4
-0.0658036 4
-0.0619491 4
-0.0582181 1
-0.056607 5
-0.0544874 2
-0.0511361 3
-0.0475534 1
-0.0447013 1
0 0
-0.0402133 4
-0.0375454 2
-0.0344603 4
-0.031307 2
-0.0290632 5
-0.0253465 2
-0.0230898 5
-0.019483 1
-0.0182994 4
-0.0151212 4
-0.0130376 5
-0.00992357 6
-0.00700418 4
-0.00377698 9
-0.000900233 8
0.000214887 36
0.00374399 5
0.0074546 4
0.00934197 1
0.0117645 4
0.0157582 1
0.0173974 2
0.0214814 3
0.0235557 7
0.025536 5
0.0299946 2
0.0318616 2
0.0343444 3
0.036837 1
0.0399002 4
0.0436336 1
0.0444806 1
0.047762 2
0 0
0.0540104 3
0.0557522 3
0.0584414 2
0.0622091 2
0 0
0.0681885 2
0.0694443 1
0 0
0.07669 3
0.0783678 2
0.0812115 1
0 0
0.085886 2
0 0
0 0
0 0
0.0970483 3
0.100552 1
0 0
0.105737 3
0.108734 3
0.112141 1
0.114506 1
0 0
0.119313 2
0 0
0 0
0.127362 1
0.131317 1
0.132919 1
0 0
0.139031 1
0 0
0.144799 1
0.148206 2
0.15051 1
0.154132 2
0.15456 1
0 0
0 0
0.16404 1
0 0
0 0
0 0
0 0
0.178526 3
0 0
0.18339 1
0 0
0.188497 2
0 0
0.194039 2
0 0
0.198761 1
0 0
0.204883 2
0 0
0.210297 1
0 0
0 0
0.219071 1
0 0
0.226017 1
0.227839 2
0 0
0 0
0 0
0.239652 1
0 0
0 0
0 0
0 0
0.252272 1
0 0
0 0
0 0
0 0
0 0
0 0
0 0
0 0
0 0
0 0
0 0
0 0
0 0
0.291472 1
0 0
0.297524 1
0 0
0 0
0.303621 1
0 0
0 0
0 0
0 0
0 0
0 0
0 0
0.326179 1
0 0
0 0
0 0
0 0
0 0
0 0
0 0
0 0
0 0
0.354692 1
0 0
0 0
0 0
0 0
0 0
0 0
0 0
0 0
0 0
0 0
0 0
0 0
0 0
0 0
0 0
0 0
0 0
0 0
0 0
0 0
0 0
0 0
0 0
0 0
0 0
0 0
0 0
0 0
0 0
0 0
0.43834 1
