-0.33072 1
0 0
0 0
0 0
0 0
0 0
0 0
0 0
0 0
0 0
0 0
0 0
0 0
0 0
0 0
0 0
0 0
0 0
0 0
0 0
0 0
0 0
0 0
0 0
0 0
0 0
0 0
0 0
0 0
0 0
0 0
0 0
0 0
0 0
0 0
0 0
0 0
0 0
0 0
0 0
0 0
0 0
-0.155669 1
0 0
0 0
0 0
-0.137518 1
0 0
-0.129947 2
-0.123899 1
0 0
-0.116798 1
0 0
0 0
0 0
-0.100414 2
-0.0972038 6
-0.0936545 6
-0.0871918 1
-0.0844797 5
-0.0811342 4
-0.0766882 4
-0.0714799 3
-0.0684545 2
-0.0641049 7
-0.0595762 10
-0.0549986 6
-0.0510152 7
-0.047684 3
-0.0430539 7
-0.0386437 5
-0.0352578 5
-0.0315493 3
-0.0270665 7
-0.0217147 4
-0.0181516 7
-0.0147291 6
-0.00987672 7
-0.00677069 4
-0.000940474 7
0.00268113 6
0.00672576 2
0.0105858 6
0.0143017 9
0.0195415 6
0.023382 3
0.0277869 5
0.031583 5
0.0357413 5
0.0394576 3
0.0438681 3
0.0485352 8
0.0520851 4
0.0556785 1
0.0600271 4
0.0643845 3
0.0687623 6
0.0728919 10
0.0760831 5
0.0805185 3
0.0865141 2
0.0887278 5
0.0929216 4
0.0978931 3
0 0
0.105038 3
0.109369 2
0.114782 2
0.118812 1
0 0
0 0
0.130949 1
0.135601 2
0 0
0.143411 2
0.146478 4
0.150422 1
0 0
0 0
0.163346 1
0.167649 1
0 0
0 0
0 0
0 0
0.189316 1
0 0
0.198634 1
0 0
0 0
0 0
0 0
0.215559 1
0 0
0.225305 2
0.229543 1
0 0
0 0
0 0
0.246052 3
0 0
0.254728 1
0 0
0 0
0 0
0.272176 1
0 0
0 0
0 0
0 0
0 0
0 0
0 0
0.30546 3
0 0
0.313417 2
0 0
0 0
0.323135 1
0 0
0 0
0 0
0 0
0 0
0 0
0.355638 1
0 0
0 0
0 0
0 0
0 0
0 0
0 0
0 0
0 0
0 0
0 0
0 0
0 0
0 0
0 0
0 0
0 0
0.429856 1
0 0
0 0
0 0
0 0
0 0
0 0
0 0
0 0
0 0
0 0
0 0
0 0
0.482159 1
0.484872 1
0 0
0 0
0.496727 1
