-0.318937 1
0 0
0 0
0 0
0 0
0 0
0 0
0 0
0 0
0 0
0 0
0 0
-0.274003 3
0 0
0 0
0 0
-0.258386 1
0 0
-0.250266 1
-0.247744 1
-0.244572 1
-0.239606 3
-0.236615 3
-0.232228 1
0 0
-0.227573 1
-0.224017 1
-0.217437 1
-0.216062 1
0 0
-0.209165 1
-0.205897 1
-0.200765 4
0 0
-0.191973 3
-0.19012 2
-0.18499 1
-0.181382 1
-0.179852 3
-0.175333 3
-0.172748 1
-0.168282 3
-0.164207 6
-0.161758 2
-0.157135 4
-0.153456 3
-0.149461 4
-0.1456 2
-0.141462 5
-0.139255 5
-0.134197 5
-0.131854 2
-0.127762 6
-0.123885 6
-0.120918 4
-0.115161 2
-0.113298 3
-0.108167 3
-0.104522 1
-0.103069 2
-0.0993438 4
-0.0951745 5
-0.0902705 3
-0.087652 5
-0.0836769 7
-0.0809141 3
-0.0772333 6
-0.0737256 3
-0.0685543 2
-0.0651808 5
-0.0619792 6
-0.0581747 4
-0.0547785 4
-0.0516741 2
-0.0477976 7
-0.042932 3
-0.0398342 1
-0.0366797 8
-0.033295 8
-0.0294297 4
-0.0256518 4
-0.0217529 7
-0.0189337 5
-0.0146146 5
-0.011294 9
-0.00794369 13
-0.0031776 7
-3.09963e-05 39
0.00355509 12
0.00783752 5
0.0112908 5
0.0142322 8
0.0186325 6
0.0222897 9
0.0246857 5
0.0289886 13
0.0329892 8
0.0357579 5
0.0392392 6
0.0431677 10
0.0481022 11
0.0511345 4
0.0542585 4
0.0590187 5
0.061413 4
0.0658014 10
0.0686475 8
0.0723661 4
0.0765683 9
0.080509 6
0.0839104 6
0.0877017 6
0.0913699 5
0.0958281 1
0.0971917 2
0.101763 5
0.1067 4
0.108933 4
0.113217 2
0.116434 4
0.120925 4
0.123492 6
0.126398 4
0.131442 7
0.135843 2
0.138961 2
0.141524 5
0.145264 3
0.151091 1
0.152807 1
0.155971 1
0.159448 2
0.164551 4
0 0
0.170472 3
0.174104 2
0.179927 1
0.181776 1
0.186135 3
0.190013 2
0 0
0.19701 2
0 0
0.203105 2
0.208512 1
0.211336 3
0.215617 1
0 0
0 0
0.225317 1
0.229761 2
0 0
0.237424 1
0.240511 1
0 0
0.24624 1
0.252174 1
0 0
0 0
0 0
0 0
0.269299 1
0.27201 1
0 0
0 0
0 0
0 0
0 0
0.294717 1
0 0
0.300797 1
0.307541 1
0 0
0 0
0 0
0 0
0 0
0.328994 2
0 0
0 0
0 0
0 0
0 0
0.350453 1
0 0
0 0
0 0
0 0
0 0
0 0
0 0
0 0
0 0
0 0
0 0
0 0
0 0
0 0
0 0
0 0
0.409878 1
