-0.302655 1
0 0
0 0
-0.289572 1
0 0
-0.283383 1
0 0
0 0
0 0
-0.266433 2
-0.262747 3
0 0
0 0
0 0
-0.245165 1
-0.243592 5
-0.238101 4
-0.235657 1
-0.231393 3
0 0
0 0
-0.219532 2
0 0
-0.211225 2
-0.208715 3
-0.205042 3
-0.201519 1
-0.197162 8
-0.194187 6
-0.188826 6
-0.185956 3
-0.182337 8
-0.179159 4
-0.174536 8
-0.170162 5
-0.165601 2
-0.162696 7
-0.158623 5
-0.155374 10
-0.151384 7
-0.147171 20
-0.143102 13
-0.139136 9
-0.135376 15
-0.131768 14
-0.128049 14
-0.12427 21
-0.120181 13
-0.116109 8
-0.112749 19
-0.108351 22
-0.104515 16
-0.100724 18
-0.097132 22
-0.0931242 29
-0.0893545 26
-0.0857591 31
-0.0819682 29
-0.0780395 27
-0.0738386 30
-0.0704133 31
-0.0668122 37
-0.0627479 19
-0.0589897 27
-0.0550998 37
-0.050906 34
-0.0473925 39
-0.043624 32
-0.0400549 39
-0.0357286 44
-0.0319711 29
-0.0278617 49
-0.0242795 37
-0.0202483 25
-0.0164168 31
-0.0127791 27
-0.00879983 32
-0.00520185 22
-0.000989492 32
0.00264023 41
0.00645235 25
0.0101839 32
0.0139784 25
0.0180153 33
0.0218348 38
0.0260227 41
0.0293079 22
0.0332232 33
0.037185 33
0.0410503 22
0.0446101 36
0.0486415 30
0.0522194 35
0.0566387 31
0.0608549 15
0.0639938 30
0.0680285 28
0.0714436 26
0.0756845 18
0.0791695 21
0.0834979 20
0.0875631 14
0.090711 26
0.094861 16
0.0988342 16
0.102522 10
0.10647 13
0.110001 14
0.11415 11
0.117483 9
0.121513 11
0.125785 13
0.128751 10
0.133327 12
0.136325 5
0.14105 5
0.145307 4
0.148464 11
0.15302 7
0.156868 4
0.160946 6
0.163798 7
0.168019 8
0.172005 6
0.175649 4
0.180095 6
0.182964 10
0.187229 6
0.191061 6
0.194275 4
0.19797 4
0.202517 3
0.205678 1
0.210538 3
0.214338 3
0.218224 3
0 0
0.225167 5
0.228493 3
0.234155 3
0.235912 1
0.240686 2
0.243977 1
0.247375 4
0.252353 2
0.25499 1
0.259341 1
0 0
0.266522 1
0 0
0.274795 2
0.277687 1
0.284367 1
0.286034 2
0.291212 1
0.294186 1
0.298366 2
0.301078 1
0.304679 1
0 0
0 0
0 0
0.320336 1
0.324258 1
0.327674 1
0.331346 1
0.335416 1
0.341864 3
0.345437 1
0 0
0 0
0.355357 1
0 0
0.3639 2
0.36761 1
0.371736 3
0 0
0 0
0.382131 1
0 0
0 0
0 0
0 0
0 0
0 0
0 0
0 0
0 0
0 0
0 0
0 0
0 0
0 0
0 0
0 0
0 0
0.45079 1
0 0
0 0
0 0
0.465464 1
