-0.732339 1
0 0
0 0
0 0
0 0
0 0
0 0
0 0
0 0
0 0
0 0
0 0
0 0
0 0
0 0
0 0
0 0
-0.623532 1
0 0
0 0
-0.605609 1
-0.59625 1
-0.593694 1
0 0
0 0
-0.570359 1
0 0
-0.561262 1
-0.550862 1
0 0
-0.540142 1
0 0
-0.527725 4
-0.521169 2
-0.51541 1
0 0
-0.501182 1
-0.49821 1
-0.490298 4
-0.482029 1
-0.479769 3
-0.470611 2
-0.465817 2
-0.459276 5
-0.455558 2
0 0
-0.438731 5
-0.433713 2
-0.42888 2
-0.420732 2
-0.415291 2
-0.411638 3
-0.403371 1
-0.397115 4
-0.390677 6
-0.383817 3
-0.378929 4
-0.369185 4
-0.365343 7
-0.359479 7
-0.351866 7
-0.346164 5
-0.340123 3
-0.333364 9
-0.328024 4
-0.321979 6
-0.315839 3
-0.309234 6
-0.301825 7
-0.297006 10
-0.28952 9
-0.283517 9
-0.278611 11
-0.271221 14
-0.265352 9
-0.25891 18
-0.252488 12
-0.246501 11
-0.240189 19
-0.233773 22
-0.226696 14
-0.221084 21
-0.21453 18
-0.20896 23
-0.201198 19
-0.195388 17
-0.18952 22
-0.183268 32
-0.176455 29
-0.170699 27
-0.164541 29
-0.158466 39
-0.152501 30
-0.145894 38
-0.139174 36
-0.132905 47
-0.126959 45
-0.12023 36
-0.114581 43
-0.10818 55
-0.101315 63
-0.0955416 81
-0.089282 102
-0.0829752 98
-0.0767798 123
-0.0704901 109
-0.0642372 107
-0.0580108 118
-0.0515166 128
-0.0453946 126
-0.0391265 142
-0.0330412 106
-0.0262365 143
-0.0202294 144
-0.0140525 182
-0.00757408 184
-0.00147078 220
0.00473852 191
0.011111 192
0.017432 215
0.0239027 196
0.0299425 185
0.0361822 174
0.0426054 224
0.0487893 205
0.0549595 213
0.0609947 199
0.0674245 179
0.0738729 172
0.0801356 151
0.0865039 139
0.0924786 121
0.0985446 93
0.104857 40
0.111534 31
0.117816 26
0.123759 24
0.130697 16
0.1367 9
0.142065 5
0.14778 3
0.155467 5
0.162219 4
0.168346 3
0.176414 1
0.180526 4
0.184342 2
0.192283 3
0.201187 1
0.203851 1
0.212445 5
0 0
0.224459 4
0.229763 4
0.23565 1
0.245985 1
0 0
0 0
0.263195 1
0.268197 1
0 0
0.280042 1
0.286043 2
0 0
0 0
0.306825 2
0 0
0.32075 1
0.322702 1
0.330734 1
0.336467 1
0 0
0 0
0.357081 1
0 0
0.367936 1
0.37319 1
0.381335 2
0.387514 1
0 0
0 0
0 0
0 0
0 0
0 0
0 0
0.435233 1
0 0
0 0
0 0
0 0
0 0
0 0
0 0
0.487694 2
0.492634 2
0 0
0 0
0 0
0 0
0.522473 1
