-0.237799 3
0 0
0 0
-0.227835 1
-0.223237 2
-0.218189 2
-0.215581 3
-0.211475 2
-0.208806 2
0 0
0 0
-0.197114 5
-0.192868 2
-0.189231 4
-0.184596 2
-0.181754 4
-0.178125 5
-0.174449 8
-0.170737 1
-0.166766 14
-0.162614 3
-0.159572 3
-0.155935 5
-0.152444 7
-0.148534 11
-0.144651 5
-0.140936 5
-0.137256 9
-0.132879 11
-0.130009 15
-0.126258 15
-0.122514 18
-0.118683 11
-0.115251 15
-0.1109 18
-0.107335 16
-0.103772 19
-0.0996246 14
-0.0965206 35
-0.092505 29
-0.0888581 34
-0.0852441 26
-0.0815627 21
-0.0775358 30
-0.0740563 23
-0.0700174 31
-0.0667962 29
-0.0626904 31
-0.0589174 25
-0.0550837 25
-0.0513088 33
-0.0478423 26
-0.0443641 25
-0.0403724 29
-0.0369654 29
-0.0329512 26
-0.0297292 28
-0.0256654 27
-0.0216759 23
-0.0183194 39
-0.0144527 27
-0.0106607 27
-0.00678772 32
-0.00312184 38
0.000295677 30
0.00395209 23
0.00772972 40
0.0117095 29
0.0149234 27
0.0191384 26
0.0228931 32
0.0263757 32
0.0300798 24
0.0337514 20
0.037628 33
0.0412515 30
0.0451736 30
0.0486879 20
0.0527167 33
0.0559061 26
0.0602473 21
0.0636541 27
0.0677235 28
0.0711467 17
0.0752796 30
0.0786951 22
0.0817547 20
0.0858597 18
0.0894341 19
0.0933411 21
0.0972274 13
0.100906 31
0.104666 15
0.108528 18
0.11185 17
0.115664 15
0.119009 15
0.123423 7
0.126285 7
0.130644 17
0.135101 6
0.138054 10
0.141655 12
0.145703 9
0.149147 7
0.15365 8
0.156211 12
0.160985 7
0.163911 14
0.168274 8
0.17139 10
0.174935 6
0.17898 10
0.182895 4
0.186287 6
0.190276 7
0.193915 3
0.197717 11
0.20132 4
0.20567 3
0.207601 4
0.211963 3
0.21672 6
0.220338 8
0.222344 2
0.226874 5
0 0
0.235162 5
0.239174 5
0.242665 2
0.245243 4
0.249708 3
0.252129 2
0.257202 3
0.259365 1
0.266056 1
0.26815 2
0 0
0 0
0 0
0.283111 1
0.286211 2
0.289776 2
0.295436 3
0.296795 1
0 0
0 0
0 0
0.31393 1
0 0
0.319458 1
0.323851 1
0.327062 2
0.332211 1
0 0
0.338854 1
0.3427 2
0.347874 1
0 0
0 0
0.358046 1
0.361023 2
0 0
0 0
0 0
0 0
0 0
0 0
0 0
0 0
0 0
0 0
0.400956 1
0 0
0.409693 1
0 0
0 0
0 0
0 0
0 0
0 0
0 0
0 0
0 0
0 0
0.45211 1
0 0
0 0
0 0
0 0
0 0
0 0
0 0
0 0
0 0
0 0
0 0
0 0
0 0
0 0
0.504535 1
