0.000000 0.000000 0.000000 0.000000 0.000000 
-7.400001 -0.004561 0.000000 0.000000 0.000000 
-14.199999 -0.005956 0.000000 0.000000 0.000000 
-20.099998 -0.006039 0.000000 0.000000 0.000000 
-27.799997 -0.007529 0.000000 0.000000 0.000000 
-39.399994 -0.010421 0.000000 0.000000 0.000000 
-48.299995 -0.009414 0.000000 0.000000 0.000000 
-55.099998 -0.007314 0.000000 0.000000 0.000000 
-65.000000 -0.009343 0.000000 0.000000 0.000000 
-72.300011 -0.008352 0.000000 0.000000 0.000000 
-81.300011 -0.008992 0.000000 0.000000 0.000000 
-85.200012 -0.005223 0.000000 0.000000 0.000000 
-92.900017 -0.007140 0.000000 0.000000 0.000000 
-100.900017 -0.007841 0.000000 0.000000 0.000000 
-111.300026 -0.008912 0.000000 0.000000 0.000000 
-118.900032 -0.007404 0.000000 0.000000 0.000000 
-126.100044 -0.007643 0.000000 0.000000 0.000000 
-133.100037 -0.007129 0.000000 0.000000 0.000000 
-142.100037 -0.008272 0.000000 0.000000 0.000000 
-149.100037 -0.007193 0.000000 0.000000 0.000000 
-156.900024 -0.007761 0.000000 0.000000 0.000000 
-163.800018 -0.007018 0.000000 0.000000 0.000000 
-173.700012 -0.009243 0.000000 0.000000 0.000000 
-182.700012 -0.009108 0.000000 0.000000 0.000000 
-188.700012 -0.006798 0.000000 0.000000 0.000000 
-195.999969 -0.007481 0.000000 0.000000 0.000000 
-206.999969 -0.009373 0.000000 0.000000 0.000000 
-214.999969 -0.008718 0.000000 0.000000 0.000000 
-226.999969 -0.010953 0.000000 0.000000 0.000000 
-232.499939 -0.007253 0.000000 0.000000 0.000000 
-241.499939 -0.008275 0.000000 0.000000 0.000000 
-248.299927 -0.007179 0.000000 0.000000 0.000000 
-258.699890 -0.009292 0.000000 0.000000 0.000000 
-267.199860 -0.008800 0.000000 0.000000 0.000000 
-273.599823 -0.007293 0.000000 0.000000 0.000000 
-281.299805 -0.007373 0.000000 0.000000 0.000000 
-291.199799 -0.009240 0.000000 0.000000 0.000000 
-297.599762 -0.008045 0.000000 0.000000 0.000000 
-302.099731 -0.005749 0.000000 0.000000 0.000000 
-309.799713 -0.007031 0.000000 0.000000 0.000000 
-316.699707 -0.006565 0.000000 0.000000 0.000000 
-325.699707 -0.007502 0.000000 0.000000 0.000000 
-334.699707 -0.008574 0.000000 0.000000 0.000000 
-344.199677 -0.008963 0.000000 0.000000 0.000000 
-350.099670 -0.007443 0.000000 0.000000 0.000000 
-356.799652 -0.006848 0.000000 0.000000 0.000000 
-363.799652 -0.006818 0.000000 0.000000 0.000000 
-371.799652 -0.008039 0.000000 0.000000 0.000000 
-379.899597 -0.008169 0.000000 0.000000 0.000000 
-389.899597 -0.009144 0.000000 0.000000 0.000000 
-396.799591 -0.008169 0.000000 0.000000 0.000000 
-403.799591 -0.006959 0.000000 0.000000 0.000000 
-411.699585 -0.007842 0.000000 0.000000 0.000000 
-421.299561 -0.009646 0.000000 0.000000 0.000000 
-430.999542 -0.009695 0.000000 0.000000 0.000000 
-439.999542 -0.008998 0.000000 0.000000 0.000000 
-444.999542 -0.006298 0.000000 0.000000 0.000000 
-449.699524 -0.005458 0.000000 0.000000 0.000000 
-459.599518 -0.007746 0.000000 0.000000 0.000000 
-469.599518 -0.009020 0.000000 0.000000 0.000000 
-478.599518 -0.008797 0.000000 0.000000 0.000000 
-485.199493 -0.007153 0.000000 0.000000 0.000000 
-493.099487 -0.006965 0.000000 0.000000 0.000000 
-500.099487 -0.006966 0.000000 0.000000 0.000000 
-508.099487 -0.007462 0.000000 0.000000 0.000000 
-517.099487 -0.008407 0.000000 0.000000 0.000000 
-523.099487 -0.006977 0.000000 0.000000 0.000000 
-534.899536 -0.009932 0.000000 0.000000 0.000000 
-539.899536 -0.006526 0.000000 0.000000 0.000000 
-546.899536 -0.007122 0.000000 0.000000 0.000000 
-552.899536 -0.006361 0.000000 0.000000 0.000000 
-563.599609 -0.009205 0.000000 0.000000 0.000000 
-568.499634 -0.006755 0.000000 0.000000 0.000000 
-577.499634 -0.008698 0.000000 0.000000 0.000000 
-583.499634 -0.007031 0.000000 0.000000 0.000000 
-591.399658 -0.008158 0.000000 0.000000 0.000000 
-602.199707 -0.010025 0.000000 0.000000 0.000000 
-609.899780 -0.008475 0.000000 0.000000 0.000000 
-617.799805 -0.007999 0.000000 0.000000 0.000000 
-625.599854 -0.007795 0.000000 0.000000 0.000000 
-631.199951 -0.006792 0.000000 0.000000 0.000000 
-640.199951 -0.008355 0.000000 0.000000 0.000000 
-648.600098 -0.008151 0.000000 0.000000 0.000000 
-657.600098 -0.008801 0.000000 0.000000 0.000000 
-663.600098 -0.006648 0.000000 0.000000 0.000000 
-671.600098 -0.007401 0.000000 0.000000 0.000000 
-676.500122 -0.005963 0.000000 0.000000 0.000000 
-684.200195 -0.006404 0.000000 0.000000 0.000000 
-692.200195 -0.007157 0.000000 0.000000 0.000000 
-700.200195 -0.007666 0.000000 0.000000 0.000000 
-712.200195 -0.010079 0.000000 0.000000 0.000000 
-718.000244 -0.007625 0.000000 0.000000 0.000000 
-729.500366 -0.010338 0.000000 0.000000 0.000000 
-733.000488 -0.006103 0.000000 0.000000 0.000000 
-739.600586 -0.006335 0.000000 0.000000 0.000000 
-746.901001 -0.007136 0.000000 0.000000 0.000000 
-754.701050 -0.006951 0.000000 0.000000 0.000000 
-759.001221 -0.005664 0.000000 0.000000 0.000000 
-766.001221 -0.005893 0.000000 0.000000 0.000000 
-771.901245 -0.005811 0.000000 0.000000 0.000000 
-779.401367 -0.007219 0.000000 0.000000 0.000000 
0.000000 0.000000 0.000000 0.000000 0.000000 
0.000000 0.000000 0.000000 0.000000 0.000000 
0.000000 0.000000 0.000000 0.000000 0.000000 
0.000000 0.000000 0.000000 0.000000 0.000000 
0.000000 0.000000 0.000000 0.000000 0.000000 
-6.000000 -0.003748 0.000000 0.000000 0.000000 
-7.000000 -0.002052 0.000000 0.000000 0.000000 
-7.000000 -0.000755 0.000000 0.000000 0.000000 
-7.000000 -0.000277 0.000000 0.000000 0.000000 
-7.000000 -0.000102 0.000000 0.000000 0.000000 
-7.000000 -0.000038 0.000000 0.000000 0.000000 
0.699996 0.005159 0.000000 0.000000 0.000000 
5.799993 0.005205 0.000000 0.000000 0.000000 
12.200006 0.006192 0.000000 0.000000 0.000000 
15.000017 0.004292 0.000000 0.000000 0.000000 
18.100029 0.003789 0.000000 0.000000 0.000000 
12.300030 -0.002528 0.000000 0.000000 0.000000 
4.500031 -0.005826 0.000000 0.000000 0.000000 
4.500031 -0.002142 0.000000 0.000000 0.000000 
4.500031 -0.000788 0.000000 0.000000 0.000000 
3.500031 -0.000931 0.000000 0.000000 0.000000 
3.900027 -0.000288 0.000000 0.000000 0.000000 
10.400032 0.004193 0.000000 0.000000 0.000000 
18.900064 0.006797 0.000000 0.000000 0.000000 
26.400093 0.007478 0.000000 0.000000 0.000000 
33.900085 0.007475 0.000000 0.000000 0.000000 
39.100006 0.005797 0.000000 0.000000 0.000000 
40.099991 0.002534 0.000000 0.000000 0.000000 
40.099991 0.000932 0.000000 0.000000 0.000000 
45.599907 0.003483 0.000000 0.000000 0.000000 
51.299820 0.005088 0.000000 0.000000 0.000000 
57.799721 0.005964 0.000000 0.000000 0.000000 
64.799614 0.006339 0.000000 0.000000 0.000000 
65.299561 0.002037 0.000000 0.000000 0.000000 
65.299561 0.000749 0.000000 0.000000 0.000000 
72.599449 0.004919 0.000000 0.000000 0.000000 
72.499435 0.001447 0.000000 0.000000 0.000000 
67.499435 -0.002627 0.000000 0.000000 0.000000 
67.699432 -0.000805 0.000000 0.000000 0.000000 
67.799431 -0.000255 0.000000 0.000000 0.000000 
67.799431 -0.000094 0.000000 0.000000 0.000000 
71.399376 0.002281 0.000000 0.000000 0.000000 
71.599373 0.000916 0.000000 0.000000 0.000000 
71.599373 0.000337 0.000000 0.000000 0.000000 
79.699234 0.005486 0.000000 0.000000 0.000000 
85.999138 0.005629 0.000000 0.000000 0.000000 
84.199135 0.000767 0.000000 0.000000 0.000000 
77.899124 -0.002940 0.000000 0.000000 0.000000 
84.599022 0.003358 0.000000 0.000000 0.000000 
90.498932 0.004919 0.000000 0.000000 0.000000 
96.498840 0.005422 0.000000 0.000000 0.000000 
102.798744 0.006046 0.000000 0.000000 0.000000 
107.898666 0.005743 0.000000 0.000000 0.000000 
114.598564 0.006356 0.000000 0.000000 0.000000 
125.698395 0.009086 0.000000 0.000000 0.000000 
128.098343 0.005522 0.000000 0.000000 0.000000 
121.098343 -0.002778 0.000000 0.000000 0.000000 
127.398247 0.003401 0.000000 0.000000 0.000000 
133.098541 0.004915 0.000000 0.000000 0.000000 
137.198792 0.004015 0.000000 0.000000 0.000000 
144.399231 0.005825 0.000000 0.000000 0.000000 
151.599670 0.006954 0.000000 0.000000 0.000000 
159.800171 0.007901 0.000000 0.000000 0.000000 
168.300690 0.008535 0.000000 0.000000 0.000000 
174.701080 0.006943 0.000000 0.000000 0.000000 
172.901154 0.001208 0.000000 0.000000 0.000000 
172.901154 0.000444 0.000000 0.000000 0.000000 
172.901154 0.000163 0.000000 0.000000 0.000000 
172.901154 0.000060 0.000000 0.000000 0.000000 
181.501678 0.006092 0.000000 0.000000 0.000000 
189.902191 0.007378 0.000000 0.000000 0.000000 
197.602661 0.008065 0.000000 0.000000 0.000000 
206.003174 0.008311 0.000000 0.000000 0.000000 
214.403687 0.008353 0.000000 0.000000 0.000000 
221.004089 0.007090 0.000000 0.000000 0.000000 
225.304352 0.005284 0.000000 0.000000 0.000000 
217.204407 -0.003086 0.000000 0.000000 0.000000 
216.204407 -0.001872 0.000000 0.000000 0.000000 
216.204407 -0.000688 0.000000 0.000000 0.000000 
218.704559 0.001148 0.000000 0.000000 0.000000 
218.904572 0.000526 0.000000 0.000000 0.000000 
216.904572 -0.000922 0.000000 0.000000 0.000000 
211.104584 -0.004117 0.000000 0.000000 0.000000 
215.004822 0.000970 0.000000 0.000000 0.000000 
222.005249 0.004431 0.000000 0.000000 0.000000 
226.305511 0.004156 0.000000 0.000000 0.000000 
234.706024 0.006888 0.000000 0.000000 0.000000 
237.106171 0.003727 0.000000 0.000000 0.000000 
237.106171 0.001371 0.000000 0.000000 0.000000 
229.606201 -0.004755 0.000000 0.000000 0.000000 
227.706207 -0.002933 0.000000 0.000000 0.000000 
224.706207 -0.002835 0.000000 0.000000 0.000000 
224.706207 -0.001042 0.000000 0.000000 0.000000 
224.806213 -0.000341 0.000000 0.000000 0.000000 
231.706635 0.004474 0.000000 0.000000 0.000000 
239.407104 0.007048 0.000000 0.000000 0.000000 
243.607361 0.005397 0.000000 0.000000 0.000000 
238.107391 -0.000726 0.000000 0.000000 0.000000 
245.107819 0.004065 0.000000 0.000000 0.000000 
252.108246 0.006303 0.000000 0.000000 0.000000 
259.908722 0.007442 0.000000 0.000000 0.000000 
263.808960 0.005130 0.000000 0.000000 0.000000 
269.609314 0.006106 0.000000 0.000000 0.000000 
276.209778 0.006130 0.000000 0.000000 0.000000 
272.209778 -0.000931 0.000000 0.000000 0.000000 
263.509796 -0.005807 0.000000 0.000000 0.000000 
268.010071 0.001042 0.000000 0.000000 0.000000 
273.210388 0.003523 0.000000 0.000000 0.000000 
279.210754 0.005625 0.000000 0.000000 0.000000 
283.711029 0.004817 0.000000 0.000000 0.000000 
292.311554 0.006901 0.000000 0.000000 0.000000 
299.511993 0.006848 0.000000 0.000000 0.000000 
309.512604 0.008726 0.000000 0.000000 0.000000 
318.513153 0.009022 0.000000 0.000000 0.000000 
325.313568 0.008024 0.000000 0.000000 0.000000 
333.114044 0.007980 0.000000 0.000000 0.000000 
342.314606 0.008865 0.000000 0.000000 0.000000 
349.215027 0.007389 0.000000 0.000000 0.000000 
353.815308 0.005237 0.000000 0.000000 0.000000 
353.915375 0.001627 0.000000 0.000000 0.000000 
359.315704 0.004007 0.000000 0.000000 0.000000 
367.216187 0.006298 0.000000 0.000000 0.000000 
377.216797 0.008401 0.000000 0.000000 0.000000 
385.917328 0.008572 0.000000 0.000000 0.000000 
393.917816 0.008179 0.000000 0.000000 0.000000 
400.718231 0.007120 0.000000 0.000000 0.000000 
393.218262 -0.002092 0.000000 0.000000 0.000000 
397.218506 0.001521 0.000000 0.000000 0.000000 
406.819092 0.006154 0.000000 0.000000 0.000000 
414.119537 0.007425 0.000000 0.000000 0.000000 
419.719879 0.006385 0.000000 0.000000 0.000000 
427.520355 0.007041 0.000000 0.000000 0.000000 
434.520782 0.007024 0.000000 0.000000 0.000000 
441.721222 0.007175 0.000000 0.000000 0.000000 
449.321686 0.007747 0.000000 0.000000 0.000000 
454.221985 0.005923 0.000000 0.000000 0.000000 
463.822571 0.008227 0.000000 0.000000 0.000000 
474.223206 0.009952 0.000000 0.000000 0.000000 
479.323517 0.007119 0.000000 0.000000 0.000000 
472.423584 -0.001868 0.000000 0.000000 0.000000 
478.223938 0.003140 0.000000 0.000000 0.000000 
487.224487 0.007166 0.000000 0.000000 0.000000 
492.824829 0.006271 0.000000 0.000000 0.000000 
501.125336 0.007629 0.000000 0.000000 0.000000 
506.925690 0.006408 0.000000 0.000000 0.000000 
511.825989 0.005576 0.000000 0.000000 0.000000 
510.326080 0.001082 0.000000 0.000000 0.000000 
510.326080 0.000398 0.000000 0.000000 0.000000 
520.224182 0.006473 0.000000 0.000000 0.000000 
519.424133 0.001697 0.000000 0.000000 0.000000 
512.223938 -0.004056 0.000000 0.000000 0.000000 
511.223938 -0.002071 0.000000 0.000000 0.000000 
511.223938 -0.000762 0.000000 0.000000 0.000000 
511.223938 -0.000280 0.000000 0.000000 0.000000 
510.223938 -0.000554 0.000000 0.000000 0.000000 
514.823364 0.002543 0.000000 0.000000 0.000000 
522.421509 0.005764 0.000000 0.000000 0.000000 
529.319824 0.006568 0.000000 0.000000 0.000000 
533.818726 0.004963 0.000000 0.000000 0.000000 
526.518555 -0.002964 0.000000 0.000000 0.000000 
526.518555 -0.001090 0.000000 0.000000 0.000000 
527.918213 0.000587 0.000000 0.000000 0.000000 
527.918213 0.000216 0.000000 0.000000 0.000000 
520.918213 -0.004460 0.000000 0.000000 0.000000 
513.918213 -0.005990 0.000000 0.000000 0.000000 
512.918213 -0.002601 0.000000 0.000000 0.000000 
512.918213 -0.000956 0.000000 0.000000 0.000000 
512.918213 -0.000352 0.000000 0.000000 0.000000 
512.918213 -0.000129 0.000000 0.000000 0.000000 
512.918213 -0.000048 0.000000 0.000000 0.000000 
518.716797 0.003588 0.000000 0.000000 0.000000 
518.716797 0.001319 0.000000 0.000000 0.000000 
518.716797 0.000485 0.000000 0.000000 0.000000 
515.616577 -0.001704 0.000000 0.000000 0.000000 
506.616577 -0.006250 0.000000 0.000000 0.000000 
505.616577 -0.002738 0.000000 0.000000 0.000000 
512.016968 0.002703 0.000000 0.000000 0.000000 
519.615112 0.005898 0.000000 0.000000 0.000000 
523.414185 0.004544 0.000000 0.000000 0.000000 
531.012329 0.006331 0.000000 0.000000 0.000000 
538.110596 0.006384 0.000000 0.000000 0.000000 
527.210571 -0.004797 0.000000 0.000000 0.000000 
531.409546 0.000881 0.000000 0.000000 0.000000 
536.308350 0.003266 0.000000 0.000000 0.000000 
537.408081 0.002126 0.000000 0.000000 0.000000 
528.508057 -0.005106 0.000000 0.000000 0.000000 
520.807983 -0.007565 0.000000 0.000000 0.000000 
526.106689 0.000439 0.000000 0.000000 0.000000 
533.404907 0.004499 0.000000 0.000000 0.000000 
538.203735 0.004506 0.000000 0.000000 0.000000 
545.002075 0.005727 0.000000 0.000000 0.000000 
551.700439 0.006438 0.000000 0.000000 0.000000 
560.398315 0.007831 0.000000 0.000000 0.000000 
566.996704 0.007082 0.000000 0.000000 0.000000 
570.795776 0.005184 0.000000 0.000000 0.000000 
558.795776 -0.005737 0.000000 0.000000 0.000000 
558.795776 -0.002109 0.000000 0.000000 0.000000 
558.395630 -0.000808 0.000000 0.000000 0.000000 
558.395630 -0.000297 0.000000 0.000000 0.000000 
