0.000000 0.000000 0.000000 0.000000 0.000000 
3.799999 0.002670 0.000000 0.000000 0.000000 
3.799999 0.000982 0.000000 0.000000 0.000000 
3.799999 0.000361 0.000000 0.000000 0.000000 
3.799999 0.000133 0.000000 0.000000 0.000000 
2.799999 -0.000363 0.000000 0.000000 0.000000 
2.799999 -0.000133 0.000000 0.000000 0.000000 
2.799999 -0.000049 0.000000 0.000000 0.000000 
2.799999 -0.000018 0.000000 0.000000 0.000000 
2.799999 -0.000007 0.000000 0.000000 0.000000 
2.799999 -0.000002 0.000000 0.000000 0.000000 
2.799999 -0.000001 0.000000 0.000000 0.000000 
2.799999 -0.000000 0.000000 0.000000 0.000000 
2.799999 -0.000000 0.000000 0.000000 0.000000 
2.799999 -0.000000 0.000000 0.000000 0.000000 
5.999996 0.001828 0.000000 0.000000 0.000000 
6.599995 0.001047 0.000000 0.000000 0.000000 
6.599995 0.000385 0.000000 0.000000 0.000000 
5.599995 -0.000813 0.000000 0.000000 0.000000 
5.599995 -0.000299 0.000000 0.000000 0.000000 
5.599995 -0.000110 0.000000 0.000000 0.000000 
5.599995 -0.000040 0.000000 0.000000 0.000000 
5.599995 -0.000015 0.000000 0.000000 0.000000 
5.599995 -0.000005 0.000000 0.000000 0.000000 
5.599995 -0.000002 0.000000 0.000000 0.000000 
4.599995 -0.000937 0.000000 0.000000 0.000000 
4.599995 -0.000344 0.000000 0.000000 0.000000 
4.599995 -0.000127 0.000000 0.000000 0.000000 
4.599995 -0.000047 0.000000 0.000000 0.000000 
4.599995 -0.000017 0.000000 0.000000 0.000000 
4.599995 -0.000006 0.000000 0.000000 0.000000 
4.599995 -0.000002 0.000000 0.000000 0.000000 
4.599995 -0.000001 0.000000 0.000000 0.000000 
3.599995 -0.000955 0.000000 0.000000 0.000000 
3.599995 -0.000351 0.000000 0.000000 0.000000 
3.599995 -0.000129 0.000000 0.000000 0.000000 
3.599995 -0.000047 0.000000 0.000000 0.000000 
3.599995 -0.000017 0.000000 0.000000 0.000000 
6.499992 0.001638 0.000000 0.000000 0.000000 
5.499992 0.000038 0.000000 0.000000 0.000000 
6.299992 0.000751 0.000000 0.000000 0.000000 
6.499991 0.000350 0.000000 0.000000 0.000000 
6.499991 0.000129 0.000000 0.000000 0.000000 
6.499991 0.000047 0.000000 0.000000 0.000000 
6.499991 0.000017 0.000000 0.000000 0.000000 
6.499991 0.000006 0.000000 0.000000 0.000000 
6.499991 0.000002 0.000000 0.000000 0.000000 
6.499991 0.000001 0.000000 0.000000 0.000000 
6.499991 0.000000 0.000000 0.000000 0.000000 
6.499991 0.000000 0.000000 0.000000 0.000000 
5.499991 -0.000678 0.000000 0.000000 0.000000 
5.499991 -0.000249 0.000000 0.000000 0.000000 
5.499991 -0.000092 0.000000 0.000000 0.000000 
5.499991 -0.000034 0.000000 0.000000 0.000000 
5.499991 -0.000012 0.000000 0.000000 0.000000 
5.499991 -0.000005 0.000000 0.000000 0.000000 
5.499991 -0.000002 0.000000 0.000000 0.000000 
5.499991 -0.000001 0.000000 0.000000 0.000000 
4.499991 -0.000910 0.000000 0.000000 0.000000 
5.299991 0.000443 0.000000 0.000000 0.000000 
7.899988 0.001351 0.000000 0.000000 0.000000 
7.899988 0.000497 0.000000 0.000000 0.000000 
7.899988 0.000183 0.000000 0.000000 0.000000 
7.899988 0.000067 0.000000 0.000000 0.000000 
7.899988 0.000025 0.000000 0.000000 0.000000 
7.899988 0.000009 0.000000 0.000000 0.000000 
7.899988 0.000003 0.000000 0.000000 0.000000 
7.899988 0.000001 0.000000 0.000000 0.000000 
6.899988 -0.000815 0.000000 0.000000 0.000000 
6.899988 -0.000300 0.000000 0.000000 0.000000 
6.899988 -0.000110 0.000000 0.000000 0.000000 
6.899988 -0.000041 0.000000 0.000000 0.000000 
6.899988 -0.000015 0.000000 0.000000 0.000000 
6.899988 -0.000005 0.000000 0.000000 0.000000 
6.899988 -0.000002 0.000000 0.000000 0.000000 
6.899988 -0.000001 0.000000 0.000000 0.000000 
6.899988 -0.000000 0.000000 0.000000 0.000000 
6.899988 -0.000000 0.000000 0.000000 0.000000 
6.899988 -0.000000 0.000000 0.000000 0.000000 
6.899988 -0.000000 0.000000 0.000000 0.000000 
5.899988 -0.000410 0.000000 0.000000 0.000000 
5.899988 -0.000151 0.000000 0.000000 0.000000 
6.199988 0.000112 0.000000 0.000000 0.000000 
6.199988 0.000041 0.000000 0.000000 0.000000 
6.199988 0.000015 0.000000 0.000000 0.000000 
6.199988 0.000006 0.000000 0.000000 0.000000 
7.599986 0.000912 0.000000 0.000000 0.000000 
7.599986 0.000335 0.000000 0.000000 0.000000 
7.599986 0.000123 0.000000 0.000000 0.000000 
7.899985 0.000244 0.000000 0.000000 0.000000 
7.899985 0.000090 0.000000 0.000000 0.000000 
7.899985 0.000033 0.000000 0.000000 0.000000 
7.899985 0.000012 0.000000 0.000000 0.000000 
6.899985 -0.000572 0.000000 0.000000 0.000000 
6.899985 -0.000210 0.000000 0.000000 0.000000 
6.899985 -0.000077 0.000000 0.000000 0.000000 
6.899985 -0.000028 0.000000 0.000000 0.000000 
6.899985 -0.000010 0.000000 0.000000 0.000000 
6.899985 -0.000004 0.000000 0.000000 0.000000 
6.899985 -0.000001 0.000000 0.000000 0.000000 
6.899985 -0.000001 0.000000 0.000000 0.000000 
0.000000 0.000000 0.000000 0.000000 0.000000 
-10.599999 -0.006848 0.000000 0.000000 0.000000 
-8.799993 -0.001230 0.000000 0.000000 0.000000 
-2.899995 0.003169 0.000000 0.000000 0.000000 
1.500005 0.003519 0.000000 0.000000 0.000000 
9.100003 0.006107 0.000000 0.000000 0.000000 
16.700031 0.006709 0.000000 0.000000 0.000000 
21.200052 0.005883 0.000000 0.000000 0.000000 
27.400076 0.005714 0.000000 0.000000 0.000000 
34.300056 0.006240 0.000000 0.000000 0.000000 
38.299995 0.004843 0.000000 0.000000 0.000000 
38.899971 0.002361 0.000000 0.000000 0.000000 
44.099892 0.004228 0.000000 0.000000 0.000000 
48.699821 0.004535 0.000000 0.000000 0.000000 
53.099754 0.004378 0.000000 0.000000 0.000000 
58.799667 0.005288 0.000000 0.000000 0.000000 
57.999649 0.001685 0.000000 0.000000 0.000000 
47.099648 -0.006414 0.000000 0.000000 0.000000 
53.599548 0.002142 0.000000 0.000000 0.000000 
54.899529 0.001448 0.000000 0.000000 0.000000 
56.599503 0.001745 0.000000 0.000000 0.000000 
65.299370 0.006827 0.000000 0.000000 0.000000 
74.999222 0.008185 0.000000 0.000000 0.000000 
81.599121 0.007301 0.000000 0.000000 0.000000 
84.999069 0.004437 0.000000 0.000000 0.000000 
84.699059 0.001584 0.000000 0.000000 0.000000 
82.899055 -0.000556 0.000000 0.000000 0.000000 
81.899010 -0.000943 0.000000 0.000000 0.000000 
88.998901 0.004151 0.000000 0.000000 0.000000 
94.498817 0.004882 0.000000 0.000000 0.000000 
100.898720 0.005941 0.000000 0.000000 0.000000 
108.198608 0.007064 0.000000 0.000000 0.000000 
112.198547 0.004879 0.000000 0.000000 0.000000 
107.198547 -0.001976 0.000000 0.000000 0.000000 
97.198547 -0.007453 0.000000 0.000000 0.000000 
96.198547 -0.003189 0.000000 0.000000 0.000000 
100.298485 0.001361 0.000000 0.000000 0.000000 
106.498390 0.004494 0.000000 0.000000 0.000000 
111.098320 0.004823 0.000000 0.000000 0.000000 
118.498207 0.006690 0.000000 0.000000 0.000000 
122.598145 0.005417 0.000000 0.000000 0.000000 
128.598099 0.005485 0.000000 0.000000 0.000000 
137.398636 0.007698 0.000000 0.000000 0.000000 
145.799149 0.007812 0.000000 0.000000 0.000000 
153.099594 0.007433 0.000000 0.000000 0.000000 
156.299789 0.005100 0.000000 0.000000 0.000000 
148.599869 -0.003425 0.000000 0.000000 0.000000 
154.800247 0.002833 0.000000 0.000000 0.000000 
162.200699 0.005615 0.000000 0.000000 0.000000 
167.100998 0.005251 0.000000 0.000000 0.000000 
175.501511 0.006961 0.000000 0.000000 0.000000 
183.702011 0.007507 0.000000 0.000000 0.000000 
192.902573 0.008541 0.000000 0.000000 0.000000 
199.802994 0.007988 0.000000 0.000000 0.000000 
206.203384 0.006900 0.000000 0.000000 0.000000 
216.203995 0.008923 0.000000 0.000000 0.000000 
223.504440 0.008135 0.000000 0.000000 0.000000 
230.604874 0.007383 0.000000 0.000000 0.000000 
239.005386 0.008295 0.000000 0.000000 0.000000 
248.005936 0.008585 0.000000 0.000000 0.000000 
254.206314 0.007081 0.000000 0.000000 0.000000 
249.406326 -0.000646 0.000000 0.000000 0.000000 
255.606705 0.004448 0.000000 0.000000 0.000000 
260.807007 0.004497 0.000000 0.000000 0.000000 
267.907440 0.006284 0.000000 0.000000 0.000000 
272.207703 0.005596 0.000000 0.000000 0.000000 
280.108185 0.007047 0.000000 0.000000 0.000000 
287.208618 0.007086 0.000000 0.000000 0.000000 
294.209045 0.007245 0.000000 0.000000 0.000000 
297.509308 0.004318 0.000000 0.000000 0.000000 
306.809875 0.007320 0.000000 0.000000 0.000000 
315.810425 0.008653 0.000000 0.000000 0.000000 
320.910736 0.006352 0.000000 0.000000 0.000000 
311.910736 -0.003476 0.000000 0.000000 0.000000 
317.411072 0.002398 0.000000 0.000000 0.000000 
323.911469 0.004905 0.000000 0.000000 0.000000 
334.012085 0.007768 0.000000 0.000000 0.000000 
339.812439 0.006454 0.000000 0.000000 0.000000 
349.913055 0.008569 0.000000 0.000000 0.000000 
356.213440 0.007249 0.000000 0.000000 0.000000 
365.013977 0.008280 0.000000 0.000000 0.000000 
372.514435 0.007949 0.000000 0.000000 0.000000 
381.114960 0.008035 0.000000 0.000000 0.000000 
387.915375 0.006968 0.000000 0.000000 0.000000 
395.315826 0.006853 0.000000 0.000000 0.000000 
399.716156 0.005732 0.000000 0.000000 0.000000 
407.016602 0.006733 0.000000 0.000000 0.000000 
416.517181 0.008172 0.000000 0.000000 0.000000 
424.717682 0.008071 0.000000 0.000000 0.000000 
430.818054 0.006990 0.000000 0.000000 0.000000 
436.318390 0.006019 0.000000 0.000000 0.000000 
445.318939 0.007945 0.000000 0.000000 0.000000 
455.019531 0.009189 0.000000 0.000000 0.000000 
461.519928 0.007349 0.000000 0.000000 0.000000 
469.120392 0.007945 0.000000 0.000000 0.000000 
476.020813 0.007783 0.000000 0.000000 0.000000 
480.421082 0.005691 0.000000 0.000000 0.000000 
485.321381 0.005129 0.000000 0.000000 0.000000 
492.921844 0.006013 0.000000 0.000000 0.000000 
502.622437 0.008007 0.000000 0.000000 0.000000 
510.022888 0.007895 0.000000 0.000000 0.000000 
516.122009 0.006344 0.000000 0.000000 0.000000 
525.719666 0.008510 0.000000 0.000000 0.000000 
531.618225 0.006768 0.000000 0.000000 0.000000 
540.815979 0.008466 0.000000 0.000000 0.000000 
550.113708 0.008384 0.000000 0.000000 0.000000 
553.712830 0.005502 0.000000 0.000000 0.000000 
551.312195 -0.000130 0.000000 0.000000 0.000000 
551.912048 0.000239 0.000000 0.000000 0.000000 
560.609924 0.005253 0.000000 0.000000 0.000000 
568.607971 0.006731 0.000000 0.000000 0.000000 
575.206360 0.006591 0.000000 0.000000 0.000000 
582.404602 0.006892 0.000000 0.000000 0.000000 
589.302917 0.006923 0.000000 0.000000 0.000000 
598.400696 0.008240 0.000000 0.000000 0.000000 
607.698425 0.008840 0.000000 0.000000 0.000000 
614.196838 0.007603 0.000000 0.000000 0.000000 
622.794739 0.008347 0.000000 0.000000 0.000000 
629.593079 0.006924 0.000000 0.000000 0.000000 
622.593079 -0.002762 0.000000 0.000000 0.000000 
629.791321 0.003474 0.000000 0.000000 0.000000 
634.390198 0.004053 0.000000 0.000000 0.000000 
644.487732 0.007728 0.000000 0.000000 0.000000 
650.986145 0.006906 0.000000 0.000000 0.000000 
657.184631 0.006563 0.000000 0.000000 0.000000 
665.582581 0.007797 0.000000 0.000000 0.000000 
674.880310 0.008742 0.000000 0.000000 0.000000 
682.578430 0.007953 0.000000 0.000000 0.000000 
689.776672 0.007302 0.000000 0.000000 0.000000 
697.874695 0.007552 0.000000 0.000000 0.000000 
705.472839 0.007404 0.000000 0.000000 0.000000 
713.270935 0.007560 0.000000 0.000000 0.000000 
721.169006 0.007648 0.000000 0.000000 0.000000 
731.066589 0.008627 0.000000 0.000000 0.000000 
738.064880 0.007917 0.000000 0.000000 0.000000 
727.064880 -0.004053 0.000000 0.000000 0.000000 
728.664490 -0.000514 0.000000 0.000000 0.000000 
735.562805 0.004121 0.000000 0.000000 0.000000 
742.661072 0.006301 0.000000 0.000000 0.000000 
746.860046 0.005234 0.000000 0.000000 0.000000 
750.559143 0.004472 0.000000 0.000000 0.000000 
755.557922 0.004888 0.000000 0.000000 0.000000 
762.156311 0.005874 0.000000 0.000000 0.000000 
770.354309 0.007101 0.000000 0.000000 0.000000 
778.052429 0.007278 0.000000 0.000000 0.000000 
786.050476 0.007561 0.000000 0.000000 0.000000 
796.247986 0.008990 0.000000 0.000000 0.000000 
802.146545 0.007361 0.000000 0.000000 0.000000 
807.545227 0.006224 0.000000 0.000000 0.000000 
816.742981 0.008166 0.000000 0.000000 0.000000 
826.740540 0.009235 0.000000 0.000000 0.000000 
833.738831 0.007931 0.000000 0.000000 0.000000 
836.338196 0.004867 0.000000 0.000000 0.000000 
843.536438 0.006131 0.000000 0.000000 0.000000 
851.534485 0.007448 0.000000 0.000000 0.000000 
857.832947 0.006464 0.000000 0.000000 0.000000 
865.331116 0.006555 0.000000 0.000000 0.000000 
872.329407 0.007210 0.000000 0.000000 0.000000 
880.527405 0.007579 0.000000 0.000000 0.000000 
885.925842 0.006884 0.000000 0.000000 0.000000 
894.223816 0.007566 0.000000 0.000000 0.000000 
900.122375 0.006560 0.000000 0.000000 0.000000 
907.720520 0.007429 0.000000 0.000000 0.000000 
917.118225 0.008880 0.000000 0.000000 0.000000 
925.816101 0.008752 0.000000 0.000000 0.000000 
936.613464 0.009634 0.000000 0.000000 0.000000 
946.311096 0.009489 0.000000 0.000000 0.000000 
948.410095 0.004726 0.000000 0.000000 0.000000 
948.410095 0.001738 0.000000 0.000000 0.000000 
948.410095 0.000639 0.000000 0.000000 0.000000 
946.509827 -0.001111 0.000000 0.000000 0.000000 
953.408142 0.003666 0.000000 0.000000 0.000000 
962.006042 0.006647 0.000000 0.000000 0.000000 
969.104309 0.007060 0.000000 0.000000 0.000000 
978.002136 0.008219 0.000000 0.000000 0.000000 
986.799988 0.008615 0.000000 0.000000 0.000000 
994.598083 0.008552 0.000000 0.000000 0.000000 
1003.096008 0.008948 0.000000 0.000000 0.000000 
1011.393982 0.008534 0.000000 0.000000 0.000000 
1021.791443 0.009504 0.000000 0.000000 0.000000 
1027.090210 0.006867 0.000000 0.000000 0.000000 
1016.989990 -0.004362 0.000000 0.000000 0.000000 
1023.188477 0.002069 0.000000 0.000000 0.000000 
1034.585693 0.007825 0.000000 0.000000 0.000000 
1044.183350 0.009168 0.000000 0.000000 0.000000 
1050.681763 0.007540 0.000000 0.000000 0.000000 
1058.279907 0.007040 0.000000 0.000000 0.000000 
1067.077759 0.008200 0.000000 0.000000 0.000000 
1075.375732 0.008692 0.000000 0.000000 0.000000 
1080.774414 0.006556 0.000000 0.000000 0.000000 
1075.574219 -0.000953 0.000000 0.000000 0.000000 
1081.272827 0.003336 0.000000 0.000000 0.000000 
1083.472290 0.002988 0.000000 0.000000 0.000000 
1088.870972 0.004705 0.000000 0.000000 0.000000 
1099.168457 0.008707 0.000000 0.000000 0.000000 
1107.466431 0.008278 0.000000 0.000000 0.000000 
1112.665161 0.006700 0.000000 0.000000 0.000000 
1110.864380 0.000518 0.000000 0.000000 0.000000 
1120.162109 0.006001 0.000000 0.000000 0.000000 
