0.000000 0.000000 0.000000 0.000000 0.000000 
0.000000 0.000000 0.000000 0.000000 0.000000 
0.000000 0.000000 0.000000 0.000000 0.000000 
0.000000 0.000000 0.000000 0.000000 0.000000 
0.000000 0.000000 0.000000 0.000000 0.000000 
0.000000 0.000000 0.000000 0.000000 0.000000 
0.000000 0.000000 0.000000 0.000000 0.000000 
0.000000 0.000000 0.000000 0.000000 0.000000 
0.000000 0.000000 0.000000 0.000000 0.000000 
0.000000 0.000000 0.000000 0.000000 0.000000 
-1.000000 -0.000936 0.000000 0.000000 0.000000 
-1.000000 -0.000344 0.000000 0.000000 0.000000 
-1.000000 -0.000127 0.000000 0.000000 0.000000 
-1.000000 -0.000047 0.000000 0.000000 0.000000 
-1.000000 -0.000017 0.000000 0.000000 0.000000 
0.400000 0.001066 0.000000 0.000000 0.000000 
1.000000 0.000630 0.000000 0.000000 0.000000 
1.000000 0.000232 0.000000 0.000000 0.000000 
1.000000 0.000085 0.000000 0.000000 0.000000 
1.000000 0.000031 0.000000 0.000000 0.000000 
1.000000 0.000012 0.000000 0.000000 0.000000 
1.000000 0.000004 0.000000 0.000000 0.000000 
1.000000 0.000002 0.000000 0.000000 0.000000 
0.000000 -0.000736 0.000000 0.000000 0.000000 
0.100000 -0.000173 0.000000 0.000000 0.000000 
0.800000 0.000262 0.000000 0.000000 0.000000 
0.800000 0.000096 0.000000 0.000000 0.000000 
0.800000 0.000035 0.000000 0.000000 0.000000 
-0.200000 -0.000722 0.000000 0.000000 0.000000 
-0.100000 -0.000199 0.000000 0.000000 0.000000 
0.800000 0.000289 0.000000 0.000000 0.000000 
0.800000 0.000106 0.000000 0.000000 0.000000 
0.800000 0.000039 0.000000 0.000000 0.000000 
0.800000 0.000014 0.000000 0.000000 0.000000 
0.800000 0.000005 0.000000 0.000000 0.000000 
-0.200000 -0.000656 0.000000 0.000000 0.000000 
-0.200000 -0.000241 0.000000 0.000000 0.000000 
-0.200000 -0.000089 0.000000 0.000000 0.000000 
-0.200000 -0.000033 0.000000 0.000000 0.000000 
-0.200000 -0.000012 0.000000 0.000000 0.000000 
-0.200000 -0.000004 0.000000 0.000000 0.000000 
2.000000 0.000933 0.000000 0.000000 0.000000 
2.500000 0.000767 0.000000 0.000000 0.000000 
2.500000 0.000282 0.000000 0.000000 0.000000 
2.700000 0.000219 0.000000 0.000000 0.000000 
2.700000 0.000081 0.000000 0.000000 0.000000 
3.199999 0.000393 0.000000 0.000000 0.000000 
3.599999 0.000300 0.000000 0.000000 0.000000 
3.599999 0.000110 0.000000 0.000000 0.000000 
3.799999 0.000157 0.000000 0.000000 0.000000 
3.799999 0.000058 0.000000 0.000000 0.000000 
3.899999 0.000111 0.000000 0.000000 0.000000 
5.899997 0.000899 0.000000 0.000000 0.000000 
5.899997 0.000331 0.000000 0.000000 0.000000 
5.899997 0.000122 0.000000 0.000000 0.000000 
4.899997 -0.000907 0.000000 0.000000 0.000000 
4.899997 -0.000334 0.000000 0.000000 0.000000 
4.899997 -0.000123 0.000000 0.000000 0.000000 
4.899997 -0.000045 0.000000 0.000000 0.000000 
3.899997 -0.000431 0.000000 0.000000 0.000000 
3.899997 -0.000158 0.000000 0.000000 0.000000 
2.899997 -0.000496 0.000000 0.000000 0.000000 
2.899997 -0.000182 0.000000 0.000000 0.000000 
2.899997 -0.000067 0.000000 0.000000 0.000000 
2.899997 -0.000025 0.000000 0.000000 0.000000 
3.599996 0.000342 0.000000 0.000000 0.000000 
3.599996 0.000126 0.000000 0.000000 0.000000 
3.599996 0.000046 0.000000 0.000000 0.000000 
3.599996 0.000017 0.000000 0.000000 0.000000 
3.599996 0.000006 0.000000 0.000000 0.000000 
3.599996 0.000002 0.000000 0.000000 0.000000 
3.599996 0.000001 0.000000 0.000000 0.000000 
3.599996 0.000000 0.000000 0.000000 0.000000 
3.599996 0.000000 0.000000 0.000000 0.000000 
3.599996 0.000000 0.000000 0.000000 0.000000 
2.599996 -0.000444 0.000000 0.000000 0.000000 
2.599996 -0.000163 0.000000 0.000000 0.000000 
2.599996 -0.000060 0.000000 0.000000 0.000000 
2.599996 -0.000022 0.000000 0.000000 0.000000 
2.599996 -0.000008 0.000000 0.000000 0.000000 
2.599996 -0.000003 0.000000 0.000000 0.000000 
1.599996 -0.000499 0.000000 0.000000 0.000000 
1.599996 -0.000183 0.000000 0.000000 0.000000 
1.599996 -0.000067 0.000000 0.000000 0.000000 
1.799996 0.000069 0.000000 0.000000 0.000000 
1.799996 0.000025 0.000000 0.000000 0.000000 
0.799996 -0.000380 0.000000 0.000000 0.000000 
0.799996 -0.000140 0.000000 0.000000 0.000000 
0.799996 -0.000051 0.000000 0.000000 0.000000 
0.799996 -0.000019 0.000000 0.000000 0.000000 
0.799996 -0.000007 0.000000 0.000000 0.000000 
-0.200004 -0.000611 0.000000 0.000000 0.000000 
-0.200004 -0.000225 0.000000 0.000000 0.000000 
-0.200004 -0.000083 0.000000 0.000000 0.000000 
-0.200004 -0.000030 0.000000 0.000000 0.000000 
-0.200004 -0.000011 0.000000 0.000000 0.000000 
-0.200004 -0.000004 0.000000 0.000000 0.000000 
-0.200004 -0.000002 0.000000 0.000000 0.000000 
-0.200004 -0.000001 0.000000 0.000000 0.000000 
-0.200004 -0.000000 0.000000 0.000000 0.000000 
-0.200004 -0.000000 0.000000 0.000000 0.000000 
0.000000 0.000000 0.000000 0.000000 0.000000 
8.899998 0.005893 0.000000 0.000000 0.000000 
15.800024 0.006398 0.000000 0.000000 0.000000 
25.700062 0.008631 0.000000 0.000000 0.000000 
36.800011 0.010169 0.000000 0.000000 0.000000 
44.999886 0.009479 0.000000 0.000000 0.000000 
52.799767 0.008303 0.000000 0.000000 0.000000 
62.999611 0.009629 0.000000 0.000000 0.000000 
71.399483 0.008491 0.000000 0.000000 0.000000 
74.199440 0.004969 0.000000 0.000000 0.000000 
67.499435 -0.002374 0.000000 0.000000 0.000000 
74.799324 0.003989 0.000000 0.000000 0.000000 
82.199211 0.006220 0.000000 0.000000 0.000000 
90.399086 0.007502 0.000000 0.000000 0.000000 
99.598946 0.008492 0.000000 0.000000 0.000000 
107.398827 0.008189 0.000000 0.000000 0.000000 
116.398689 0.008598 0.000000 0.000000 0.000000 
125.998543 0.008973 0.000000 0.000000 0.000000 
136.199005 0.009837 0.000000 0.000000 0.000000 
145.199554 0.008719 0.000000 0.000000 0.000000 
153.500061 0.008841 0.000000 0.000000 0.000000 
160.600494 0.008054 0.000000 0.000000 0.000000 
170.501099 0.009297 0.000000 0.000000 0.000000 
179.601654 0.009040 0.000000 0.000000 0.000000 
188.502197 0.009072 0.000000 0.000000 0.000000 
196.402679 0.008507 0.000000 0.000000 0.000000 
200.002899 0.005464 0.000000 0.000000 0.000000 
210.103516 0.008441 0.000000 0.000000 0.000000 
218.204010 0.008144 0.000000 0.000000 0.000000 
228.904663 0.009433 0.000000 0.000000 0.000000 
236.305115 0.008315 0.000000 0.000000 0.000000 
244.305603 0.008564 0.000000 0.000000 0.000000 
249.905945 0.006474 0.000000 0.000000 0.000000 
251.406219 0.003511 0.000000 0.000000 0.000000 
259.106689 0.006505 0.000000 0.000000 0.000000 
269.707336 0.009002 0.000000 0.000000 0.000000 
278.707886 0.009549 0.000000 0.000000 0.000000 
284.908264 0.007598 0.000000 0.000000 0.000000 
294.608856 0.009041 0.000000 0.000000 0.000000 
302.109314 0.007819 0.000000 0.000000 0.000000 
312.109924 0.009141 0.000000 0.000000 0.000000 
320.710449 0.008829 0.000000 0.000000 0.000000 
330.511047 0.009356 0.000000 0.000000 0.000000 
339.111572 0.009245 0.000000 0.000000 0.000000 
347.812103 0.008948 0.000000 0.000000 0.000000 
358.712769 0.010275 0.000000 0.000000 0.000000 
368.513367 0.009672 0.000000 0.000000 0.000000 
376.913879 0.008748 0.000000 0.000000 0.000000 
387.214508 0.009396 0.000000 0.000000 0.000000 
395.615021 0.008641 0.000000 0.000000 0.000000 
401.715393 0.007056 0.000000 0.000000 0.000000 
392.715393 -0.003244 0.000000 0.000000 0.000000 
392.715393 -0.001193 0.000000 0.000000 0.000000 
399.415802 0.003394 0.000000 0.000000 0.000000 
406.716248 0.006003 0.000000 0.000000 0.000000 
411.816559 0.005471 0.000000 0.000000 0.000000 
417.516907 0.006137 0.000000 0.000000 0.000000 
422.717224 0.005837 0.000000 0.000000 0.000000 
430.017670 0.006642 0.000000 0.000000 0.000000 
433.717896 0.004207 0.000000 0.000000 0.000000 
433.817902 0.001585 0.000000 0.000000 0.000000 
440.018280 0.004456 0.000000 0.000000 0.000000 
443.518494 0.004100 0.000000 0.000000 0.000000 
450.818939 0.006415 0.000000 0.000000 0.000000 
456.019257 0.005761 0.000000 0.000000 0.000000 
451.319275 -0.001292 0.000000 0.000000 0.000000 
442.619293 -0.006087 0.000000 0.000000 0.000000 
450.219757 0.002692 0.000000 0.000000 0.000000 
457.820221 0.005294 0.000000 0.000000 0.000000 
464.820648 0.006573 0.000000 0.000000 0.000000 
469.220917 0.005075 0.000000 0.000000 0.000000 
476.821381 0.006592 0.000000 0.000000 0.000000 
486.721985 0.008193 0.000000 0.000000 0.000000 
491.422272 0.006048 0.000000 0.000000 0.000000 
494.122498 0.004004 0.000000 0.000000 0.000000 
502.423004 0.006500 0.000000 0.000000 0.000000 
511.823578 0.008142 0.000000 0.000000 0.000000 
518.921875 0.007667 0.000000 0.000000 0.000000 
527.419800 0.008136 0.000000 0.000000 0.000000 
533.318359 0.006592 0.000000 0.000000 0.000000 
538.217163 0.005221 0.000000 0.000000 0.000000 
538.217163 0.001920 0.000000 0.000000 0.000000 
540.116699 0.001682 0.000000 0.000000 0.000000 
541.816284 0.002016 0.000000 0.000000 0.000000 
547.114990 0.003876 0.000000 0.000000 0.000000 
554.613159 0.006285 0.000000 0.000000 0.000000 
560.011841 0.006248 0.000000 0.000000 0.000000 
561.611450 0.002952 0.000000 0.000000 0.000000 
553.611450 -0.004003 0.000000 0.000000 0.000000 
548.911133 -0.003970 0.000000 0.000000 0.000000 
556.609253 0.003134 0.000000 0.000000 0.000000 
567.306641 0.008268 0.000000 0.000000 0.000000 
573.305176 0.007298 0.000000 0.000000 0.000000 
582.502930 0.008502 0.000000 0.000000 0.000000 
590.900879 0.008479 0.000000 0.000000 0.000000 
598.399048 0.007482 0.000000 0.000000 0.000000 
607.396851 0.008174 0.000000 0.000000 0.000000 
616.294678 0.008813 0.000000 0.000000 0.000000 
623.392944 0.008080 0.000000 0.000000 0.000000 
631.790894 0.008164 0.000000 0.000000 0.000000 
641.088623 0.008708 0.000000 0.000000 0.000000 
647.287109 0.007054 0.000000 0.000000 0.000000 
649.186401 0.003459 0.000000 0.000000 0.000000 
656.384644 0.006250 0.000000 0.000000 0.000000 
665.582397 0.008243 0.000000 0.000000 0.000000 
671.680908 0.006660 0.000000 0.000000 0.000000 
680.178833 0.007691 0.000000 0.000000 0.000000 
688.576782 0.008648 0.000000 0.000000 0.000000 
696.974731 0.008572 0.000000 0.000000 0.000000 
705.572632 0.008569 0.000000 0.000000 0.000000 
714.570435 0.008864 0.000000 0.000000 0.000000 
722.668457 0.008367 0.000000 0.000000 0.000000 
733.465820 0.009698 0.000000 0.000000 0.000000 
742.363647 0.009221 0.000000 0.000000 0.000000 
749.561890 0.007699 0.000000 0.000000 0.000000 
744.861572 -0.000586 0.000000 0.000000 0.000000 
744.861572 -0.000215 0.000000 0.000000 0.000000 
744.861572 -0.000079 0.000000 0.000000 0.000000 
753.259521 0.005738 0.000000 0.000000 0.000000 
759.657959 0.006148 0.000000 0.000000 0.000000 
765.456543 0.005762 0.000000 0.000000 0.000000 
766.156372 0.002402 0.000000 0.000000 0.000000 
766.156372 0.000883 0.000000 0.000000 0.000000 
773.054688 0.005332 0.000000 0.000000 0.000000 
779.553101 0.006568 0.000000 0.000000 0.000000 
784.551880 0.006020 0.000000 0.000000 0.000000 
791.450195 0.007140 0.000000 0.000000 0.000000 
797.148804 0.006216 0.000000 0.000000 0.000000 
792.648682 -0.000922 0.000000 0.000000 0.000000 
784.648682 -0.005991 0.000000 0.000000 0.000000 
790.347290 0.001293 0.000000 0.000000 0.000000 
797.045654 0.004395 0.000000 0.000000 0.000000 
803.544067 0.005619 0.000000 0.000000 0.000000 
806.543335 0.003625 0.000000 0.000000 0.000000 
814.141479 0.005593 0.000000 0.000000 0.000000 
824.338989 0.008346 0.000000 0.000000 0.000000 
832.736938 0.008310 0.000000 0.000000 0.000000 
840.635010 0.008072 0.000000 0.000000 0.000000 
850.432617 0.009036 0.000000 0.000000 0.000000 
858.730591 0.008739 0.000000 0.000000 0.000000 
869.328003 0.009862 0.000000 0.000000 0.000000 
875.826416 0.007597 0.000000 0.000000 0.000000 
884.424316 0.008368 0.000000 0.000000 0.000000 
893.822021 0.008809 0.000000 0.000000 0.000000 
903.219727 0.009369 0.000000 0.000000 0.000000 
913.517212 0.009747 0.000000 0.000000 0.000000 
920.115601 0.007606 0.000000 0.000000 0.000000 
910.315552 -0.003087 0.000000 0.000000 0.000000 
909.315552 -0.001503 0.000000 0.000000 0.000000 
915.913940 0.003318 0.000000 0.000000 0.000000 
924.211914 0.006342 0.000000 0.000000 0.000000 
931.210205 0.006650 0.000000 0.000000 0.000000 
937.708618 0.006425 0.000000 0.000000 0.000000 
942.307495 0.005573 0.000000 0.000000 0.000000 
936.807373 -0.001732 0.000000 0.000000 0.000000 
934.006836 -0.002389 0.000000 0.000000 0.000000 
938.505737 0.001936 0.000000 0.000000 0.000000 
946.003906 0.005123 0.000000 0.000000 0.000000 
951.602295 0.005077 0.000000 0.000000 0.000000 
957.200928 0.005365 0.000000 0.000000 0.000000 
961.999756 0.004441 0.000000 0.000000 0.000000 
969.197998 0.005891 0.000000 0.000000 0.000000 
975.896362 0.006413 0.000000 0.000000 0.000000 
979.795410 0.004949 0.000000 0.000000 0.000000 
979.495239 0.001259 0.000000 0.000000 0.000000 
969.495239 -0.005862 0.000000 0.000000 0.000000 
960.495239 -0.007262 0.000000 0.000000 0.000000 
968.593262 0.002770 0.000000 0.000000 0.000000 
979.690552 0.007906 0.000000 0.000000 0.000000 
988.588379 0.008417 0.000000 0.000000 0.000000 
996.986328 0.008153 0.000000 0.000000 0.000000 
1005.784180 0.008714 0.000000 0.000000 0.000000 
1013.782227 0.008104 0.000000 0.000000 0.000000 
1021.280396 0.007588 0.000000 0.000000 0.000000 
1030.178223 0.007995 0.000000 0.000000 0.000000 
1037.476440 0.007056 0.000000 0.000000 0.000000 
1045.974365 0.007829 0.000000 0.000000 0.000000 
1052.272827 0.006268 0.000000 0.000000 0.000000 
1050.572754 0.001570 0.000000 0.000000 0.000000 
1050.572754 0.000577 0.000000 0.000000 0.000000 
1043.572754 -0.004427 0.000000 0.000000 0.000000 
1034.572754 -0.007741 0.000000 0.000000 0.000000 
1037.671997 -0.000937 0.000000 0.000000 0.000000 
1038.071899 -0.000194 0.000000 0.000000 0.000000 
1045.270142 0.004966 0.000000 0.000000 0.000000 
1052.168457 0.005704 0.000000 0.000000 0.000000 
1058.366943 0.006185 0.000000 0.000000 0.000000 
1064.465454 0.005947 0.000000 0.000000 0.000000 
1071.863647 0.006592 0.000000 0.000000 0.000000 
1081.761230 0.009085 0.000000 0.000000 0.000000 
1088.759521 0.007880 0.000000 0.000000 0.000000 
1084.159424 -0.000315 0.000000 0.000000 0.000000 
1075.259399 -0.005334 0.000000 0.000000 0.000000 
1072.259399 -0.004004 0.000000 0.000000 0.000000 
1081.857056 0.004557 0.000000 0.000000 0.000000 
1088.855347 0.006576 0.000000 0.000000 0.000000 
1096.653442 0.007238 0.000000 0.000000 0.000000 
1104.951416 0.007549 0.000000 0.000000 0.000000 
1112.149658 0.007028 0.000000 0.000000 0.000000 
