0.000000 0.000000 0.000000 0.000000 0.000000 
0.000000 0.000000 0.000000 0.000000 0.000000 
0.000000 0.000000 0.000000 0.000000 0.000000 
0.000000 0.000000 0.000000 0.000000 0.000000 
0.000000 0.000000 0.000000 0.000000 0.000000 
0.000000 0.000000 0.000000 0.000000 0.000000 
0.000000 0.000000 0.000000 0.000000 0.000000 
0.000000 0.000000 0.000000 0.000000 0.000000 
0.000000 0.000000 0.000000 0.000000 0.000000 
0.000000 0.000000 0.000000 0.000000 0.000000 
0.000000 0.000000 0.000000 0.000000 0.000000 
0.000000 0.000000 0.000000 0.000000 0.000000 
0.000000 0.000000 0.000000 0.000000 0.000000 
0.000000 0.000000 0.000000 0.000000 0.000000 
0.000000 0.000000 0.000000 0.000000 0.000000 
0.000000 0.000000 0.000000 0.000000 0.000000 
0.000000 0.000000 0.000000 0.000000 0.000000 
0.000000 0.000000 0.000000 0.000000 0.000000 
-1.000000 -0.000835 0.000000 0.000000 0.000000 
-1.000000 -0.000307 0.000000 0.000000 0.000000 
-1.000000 -0.000113 0.000000 0.000000 0.000000 
-1.000000 -0.000042 0.000000 0.000000 0.000000 
-1.000000 -0.000015 0.000000 0.000000 0.000000 
-1.000000 -0.000006 0.000000 0.000000 0.000000 
-1.000000 -0.000002 0.000000 0.000000 0.000000 
-1.000000 -0.000001 0.000000 0.000000 0.000000 
-1.000000 -0.000000 0.000000 0.000000 0.000000 
-1.000000 -0.000000 0.000000 0.000000 0.000000 
-1.000000 -0.000000 0.000000 0.000000 0.000000 
-1.000000 -0.000000 0.000000 0.000000 0.000000 
-1.000000 -0.000000 0.000000 0.000000 0.000000 
-1.000000 -0.000000 0.000000 0.000000 0.000000 
-1.000000 -0.000000 0.000000 0.000000 0.000000 
-1.000000 -0.000000 0.000000 0.000000 0.000000 
-1.000000 -0.000000 0.000000 0.000000 0.000000 
-1.000000 -0.000000 0.000000 0.000000 0.000000 
-1.000000 -0.000000 0.000000 0.000000 0.000000 
-1.000000 -0.000000 0.000000 0.000000 0.000000 
-1.000000 -0.000000 0.000000 0.000000 0.000000 
-1.000000 -0.000000 0.000000 0.000000 0.000000 
-1.000000 -0.000000 0.000000 0.000000 0.000000 
-1.000000 -0.000000 0.000000 0.000000 0.000000 
-1.000000 -0.000000 0.000000 0.000000 0.000000 
1.400000 0.001926 0.000000 0.000000 0.000000 
2.000000 0.000966 0.000000 0.000000 0.000000 
2.300000 0.000504 0.000000 0.000000 0.000000 
2.300000 0.000185 0.000000 0.000000 0.000000 
2.300000 0.000068 0.000000 0.000000 0.000000 
2.300000 0.000025 0.000000 0.000000 0.000000 
2.300000 0.000009 0.000000 0.000000 0.000000 
2.300000 0.000003 0.000000 0.000000 0.000000 
2.300000 0.000001 0.000000 0.000000 0.000000 
2.300000 0.000000 0.000000 0.000000 0.000000 
2.300000 0.000000 0.000000 0.000000 0.000000 
1.300000 -0.000930 0.000000 0.000000 0.000000 
1.300000 -0.000342 0.000000 0.000000 0.000000 
1.300000 -0.000126 0.000000 0.000000 0.000000 
1.300000 -0.000046 0.000000 0.000000 0.000000 
1.300000 -0.000017 0.000000 0.000000 0.000000 
1.300000 -0.000006 0.000000 0.000000 0.000000 
1.300000 -0.000002 0.000000 0.000000 0.000000 
1.300000 -0.000001 0.000000 0.000000 0.000000 
1.300000 -0.000000 0.000000 0.000000 0.000000 
1.300000 -0.000000 0.000000 0.000000 0.000000 
1.300000 -0.000000 0.000000 0.000000 0.000000 
1.300000 -0.000000 0.000000 0.000000 0.000000 
1.300000 -0.000000 0.000000 0.000000 0.000000 
1.300000 -0.000000 0.000000 0.000000 0.000000 
1.300000 -0.000000 0.000000 0.000000 0.000000 
0.300000 -0.000835 0.000000 0.000000 0.000000 
0.600000 -0.000089 0.000000 0.000000 0.000000 
0.600000 -0.000033 0.000000 0.000000 0.000000 
0.600000 -0.000012 0.000000 0.000000 0.000000 
0.600000 -0.000004 0.000000 0.000000 0.000000 
0.600000 -0.000002 0.000000 0.000000 0.000000 
0.600000 -0.000001 0.000000 0.000000 0.000000 
0.600000 -0.000000 0.000000 0.000000 0.000000 
0.700000 0.000038 0.000000 0.000000 0.000000 
0.700000 0.000014 0.000000 0.000000 0.000000 
0.700000 0.000005 0.000000 0.000000 0.000000 
0.700000 0.000002 0.000000 0.000000 0.000000 
0.700000 0.000001 0.000000 0.000000 0.000000 
0.700000 0.000000 0.000000 0.000000 0.000000 
0.700000 0.000000 0.000000 0.000000 0.000000 
0.700000 0.000000 0.000000 0.000000 0.000000 
0.800000 0.000068 0.000000 0.000000 0.000000 
0.800000 0.000025 0.000000 0.000000 0.000000 
0.800000 0.000009 0.000000 0.000000 0.000000 
0.800000 0.000003 0.000000 0.000000 0.000000 
0.800000 0.000001 0.000000 0.000000 0.000000 
0.800000 0.000000 0.000000 0.000000 0.000000 
0.800000 0.000000 0.000000 0.000000 0.000000 
0.800000 0.000000 0.000000 0.000000 0.000000 
0.800000 0.000000 0.000000 0.000000 0.000000 
0.800000 0.000000 0.000000 0.000000 0.000000 
0.800000 0.000000 0.000000 0.000000 0.000000 
0.800000 0.000000 0.000000 0.000000 0.000000 
0.800000 0.000000 0.000000 0.000000 0.000000 
0.800000 0.000000 0.000000 0.000000 0.000000 
0.800000 0.000000 0.000000 0.000000 0.000000 
0.800000 0.000000 0.000000 0.000000 0.000000 
0.000000 0.000000 0.000000 0.000000 0.000000 
-11.000000 -0.007004 0.000000 0.000000 0.000000 
-2.299994 0.002909 0.000000 0.000000 0.000000 
4.200004 0.005281 0.000000 0.000000 0.000000 
10.300010 0.006149 0.000000 0.000000 0.000000 
17.500036 0.006900 0.000000 0.000000 0.000000 
23.900061 0.006486 0.000000 0.000000 0.000000 
33.200073 0.008423 0.000000 0.000000 0.000000 
42.499931 0.009218 0.000000 0.000000 0.000000 
49.399826 0.007722 0.000000 0.000000 0.000000 
55.999725 0.006746 0.000000 0.000000 0.000000 
63.899605 0.007402 0.000000 0.000000 0.000000 
70.199509 0.006645 0.000000 0.000000 0.000000 
65.299507 -0.001047 0.000000 0.000000 0.000000 
52.299507 -0.008785 0.000000 0.000000 0.000000 
52.699501 -0.002873 0.000000 0.000000 0.000000 
52.699501 -0.001057 0.000000 0.000000 0.000000 
61.099373 0.004936 0.000000 0.000000 0.000000 
61.299370 0.001899 0.000000 0.000000 0.000000 
54.299370 -0.003647 0.000000 0.000000 0.000000 
44.599365 -0.007371 0.000000 0.000000 0.000000 
44.299355 -0.002674 0.000000 0.000000 0.000000 
51.199249 0.003158 0.000000 0.000000 0.000000 
58.799133 0.005963 0.000000 0.000000 0.000000 
67.798996 0.007548 0.000000 0.000000 0.000000 
74.798889 0.006748 0.000000 0.000000 0.000000 
81.798782 0.006669 0.000000 0.000000 0.000000 
90.098656 0.007727 0.000000 0.000000 0.000000 
97.398544 0.007136 0.000000 0.000000 0.000000 
106.798401 0.008381 0.000000 0.000000 0.000000 
119.298210 0.011421 0.000000 0.000000 0.000000 
127.398087 0.009479 0.000000 0.000000 0.000000 
135.098511 0.008586 0.000000 0.000000 0.000000 
142.398956 0.007873 0.000000 0.000000 0.000000 
149.999420 0.007814 0.000000 0.000000 0.000000 
157.099854 0.007763 0.000000 0.000000 0.000000 
165.700378 0.007653 0.000000 0.000000 0.000000 
173.400848 0.007405 0.000000 0.000000 0.000000 
182.801422 0.008562 0.000000 0.000000 0.000000 
190.701904 0.008459 0.000000 0.000000 0.000000 
197.102295 0.006799 0.000000 0.000000 0.000000 
202.802643 0.005991 0.000000 0.000000 0.000000 
210.003082 0.006973 0.000000 0.000000 0.000000 
217.303528 0.007273 0.000000 0.000000 0.000000 
225.404022 0.008305 0.000000 0.000000 0.000000 
234.004547 0.008582 0.000000 0.000000 0.000000 
241.505005 0.008096 0.000000 0.000000 0.000000 
252.005646 0.009472 0.000000 0.000000 0.000000 
259.206085 0.007980 0.000000 0.000000 0.000000 
255.906128 0.000908 0.000000 0.000000 0.000000 
260.006378 0.003008 0.000000 0.000000 0.000000 
266.106750 0.005152 0.000000 0.000000 0.000000 
275.107300 0.007425 0.000000 0.000000 0.000000 
282.407745 0.006837 0.000000 0.000000 0.000000 
291.008270 0.008161 0.000000 0.000000 0.000000 
301.408905 0.009476 0.000000 0.000000 0.000000 
309.709412 0.008553 0.000000 0.000000 0.000000 
313.609650 0.005428 0.000000 0.000000 0.000000 
309.209686 -0.000897 0.000000 0.000000 0.000000 
318.710266 0.006115 0.000000 0.000000 0.000000 
327.310791 0.007834 0.000000 0.000000 0.000000 
336.011322 0.008183 0.000000 0.000000 0.000000 
343.011749 0.006785 0.000000 0.000000 0.000000 
350.612213 0.007102 0.000000 0.000000 0.000000 
361.612885 0.009464 0.000000 0.000000 0.000000 
370.613434 0.009504 0.000000 0.000000 0.000000 
378.513916 0.008549 0.000000 0.000000 0.000000 
388.114502 0.008796 0.000000 0.000000 0.000000 
396.214996 0.008187 0.000000 0.000000 0.000000 
404.515503 0.008075 0.000000 0.000000 0.000000 
414.516113 0.009503 0.000000 0.000000 0.000000 
422.316589 0.008581 0.000000 0.000000 0.000000 
430.417084 0.008295 0.000000 0.000000 0.000000 
438.317566 0.008107 0.000000 0.000000 0.000000 
443.717896 0.006153 0.000000 0.000000 0.000000 
443.918091 0.002334 0.000000 0.000000 0.000000 
438.518127 -0.002253 0.000000 0.000000 0.000000 
443.218475 0.002949 0.000000 0.000000 0.000000 
450.818939 0.005578 0.000000 0.000000 0.000000 
460.019501 0.007682 0.000000 0.000000 0.000000 
468.220001 0.008323 0.000000 0.000000 0.000000 
477.320557 0.009043 0.000000 0.000000 0.000000 
484.420990 0.007616 0.000000 0.000000 0.000000 
483.321045 0.002121 0.000000 0.000000 0.000000 
490.321472 0.005268 0.000000 0.000000 0.000000 
499.322021 0.007571 0.000000 0.000000 0.000000 
503.222260 0.005194 0.000000 0.000000 0.000000 
502.922363 0.001540 0.000000 0.000000 0.000000 
497.522400 -0.003294 0.000000 0.000000 0.000000 
504.322815 0.003145 0.000000 0.000000 0.000000 
508.623077 0.003856 0.000000 0.000000 0.000000 
515.522400 0.005768 0.000000 0.000000 0.000000 
524.020325 0.006671 0.000000 0.000000 0.000000 
530.018860 0.006306 0.000000 0.000000 0.000000 
539.016663 0.008303 0.000000 0.000000 0.000000 
546.814758 0.007895 0.000000 0.000000 0.000000 
554.812805 0.007446 0.000000 0.000000 0.000000 
564.410461 0.009131 0.000000 0.000000 0.000000 
570.109070 0.006740 0.000000 0.000000 0.000000 
577.507263 0.006917 0.000000 0.000000 0.000000 
585.805237 0.007337 0.000000 0.000000 0.000000 
595.902771 0.008724 0.000000 0.000000 0.000000 
603.700867 0.007941 0.000000 0.000000 0.000000 
607.999817 0.005695 0.000000 0.000000 0.000000 
607.999817 0.002094 0.000000 0.000000 0.000000 
598.999817 -0.004789 0.000000 0.000000 0.000000 
604.598450 0.001957 0.000000 0.000000 0.000000 
609.197327 0.003385 0.000000 0.000000 0.000000 
614.096130 0.003949 0.000000 0.000000 0.000000 
614.895935 0.002017 0.000000 0.000000 0.000000 
608.195618 -0.003330 0.000000 0.000000 0.000000 
599.495544 -0.006865 0.000000 0.000000 0.000000 
604.494324 0.001097 0.000000 0.000000 0.000000 
609.393127 0.003499 0.000000 0.000000 0.000000 
616.291443 0.005495 0.000000 0.000000 0.000000 
623.389709 0.006283 0.000000 0.000000 0.000000 
629.288269 0.006079 0.000000 0.000000 0.000000 
634.886902 0.005561 0.000000 0.000000 0.000000 
642.185120 0.006532 0.000000 0.000000 0.000000 
650.083191 0.007815 0.000000 0.000000 0.000000 
656.881531 0.007178 0.000000 0.000000 0.000000 
666.079285 0.008626 0.000000 0.000000 0.000000 
675.776917 0.009131 0.000000 0.000000 0.000000 
684.374817 0.008857 0.000000 0.000000 0.000000 
686.274353 0.004235 0.000000 0.000000 0.000000 
690.873230 0.004591 0.000000 0.000000 0.000000 
697.371643 0.006578 0.000000 0.000000 0.000000 
706.869324 0.008348 0.000000 0.000000 0.000000 
713.467712 0.007344 0.000000 0.000000 0.000000 
722.165588 0.008404 0.000000 0.000000 0.000000 
727.764221 0.006424 0.000000 0.000000 0.000000 
732.362854 0.005513 0.000000 0.000000 0.000000 
737.861511 0.005624 0.000000 0.000000 0.000000 
743.760071 0.005529 0.000000 0.000000 0.000000 
751.858093 0.007213 0.000000 0.000000 0.000000 
761.055847 0.008415 0.000000 0.000000 0.000000 
770.153625 0.009095 0.000000 0.000000 0.000000 
777.351868 0.008387 0.000000 0.000000 0.000000 
784.450134 0.007582 0.000000 0.000000 0.000000 
788.848816 0.005863 0.000000 0.000000 0.000000 
794.747375 0.006128 0.000000 0.000000 0.000000 
803.445251 0.008111 0.000000 0.000000 0.000000 
811.543274 0.007767 0.000000 0.000000 0.000000 
822.840515 0.009866 0.000000 0.000000 0.000000 
830.738586 0.008331 0.000000 0.000000 0.000000 
837.336975 0.007540 0.000000 0.000000 0.000000 
844.435242 0.007467 0.000000 0.000000 0.000000 
850.733459 0.006801 0.000000 0.000000 0.000000 
857.631775 0.007054 0.000000 0.000000 0.000000 
865.329895 0.007354 0.000000 0.000000 0.000000 
874.927551 0.008848 0.000000 0.000000 0.000000 
882.925598 0.008349 0.000000 0.000000 0.000000 
893.323059 0.009513 0.000000 0.000000 0.000000 
903.920471 0.010373 0.000000 0.000000 0.000000 
911.818542 0.008984 0.000000 0.000000 0.000000 
917.117249 0.006770 0.000000 0.000000 0.000000 
927.714661 0.009404 0.000000 0.000000 0.000000 
937.012390 0.009463 0.000000 0.000000 0.000000 
946.510071 0.009417 0.000000 0.000000 0.000000 
954.808044 0.008698 0.000000 0.000000 0.000000 
959.106995 0.005579 0.000000 0.000000 0.000000 
963.505920 0.004575 0.000000 0.000000 0.000000 
970.304260 0.005351 0.000000 0.000000 0.000000 
979.502014 0.007734 0.000000 0.000000 0.000000 
986.000427 0.006954 0.000000 0.000000 0.000000 
993.098694 0.007476 0.000000 0.000000 0.000000 
999.897034 0.007206 0.000000 0.000000 0.000000 
999.996277 0.002230 0.000000 0.000000 0.000000 
1005.294983 0.003954 0.000000 0.000000 0.000000 
1010.593689 0.004883 0.000000 0.000000 0.000000 
1016.392273 0.004942 0.000000 0.000000 0.000000 
1024.290405 0.006407 0.000000 0.000000 0.000000 
1027.889526 0.004362 0.000000 0.000000 0.000000 
1035.287720 0.006006 0.000000 0.000000 0.000000 
1042.985840 0.007280 0.000000 0.000000 0.000000 
1050.583984 0.007361 0.000000 0.000000 0.000000 
1057.882202 0.007273 0.000000 0.000000 0.000000 
1050.781982 -0.002161 0.000000 0.000000 0.000000 
1042.781982 -0.005490 0.000000 0.000000 0.000000 
1051.179932 0.003194 0.000000 0.000000 0.000000 
1060.777588 0.007415 0.000000 0.000000 0.000000 
1068.375732 0.007691 0.000000 0.000000 0.000000 
1076.473755 0.007621 0.000000 0.000000 0.000000 
1084.071899 0.007775 0.000000 0.000000 0.000000 
1094.969238 0.009719 0.000000 0.000000 0.000000 
1103.267212 0.009107 0.000000 0.000000 0.000000 
1110.565430 0.007915 0.000000 0.000000 0.000000 
1117.563721 0.007253 0.000000 0.000000 0.000000 
1127.161377 0.009008 0.000000 0.000000 0.000000 
1137.158936 0.009506 0.000000 0.000000 0.000000 
1147.956299 0.010068 0.000000 0.000000 0.000000 
1155.354492 0.008591 0.000000 0.000000 0.000000 
1161.253052 0.006742 0.000000 0.000000 0.000000 
1167.651489 0.006351 0.000000 0.000000 0.000000 
1169.451050 0.003485 0.000000 0.000000 0.000000 
1176.649292 0.005798 0.000000 0.000000 0.000000 
1186.846802 0.008252 0.000000 0.000000 0.000000 
1195.144775 0.008159 0.000000 0.000000 0.000000 
1201.843140 0.007015 0.000000 0.000000 0.000000 
