0.000000 0.000000 0.000000 0.000000 0.000000 
-6.300000 -0.004101 0.000000 0.000000 0.000000 
-14.199999 -0.006413 0.000000 0.000000 0.000000 
-20.599997 -0.006398 0.000000 0.000000 0.000000 
-27.599997 -0.007482 0.000000 0.000000 0.000000 
-30.599997 -0.004608 0.000000 0.000000 0.000000 
-37.599998 -0.006502 0.000000 0.000000 0.000000 
-45.599998 -0.007218 0.000000 0.000000 0.000000 
-56.400002 -0.009155 0.000000 0.000000 0.000000 
-62.100006 -0.006697 0.000000 0.000000 0.000000 
-73.100006 -0.009812 0.000000 0.000000 0.000000 
-82.100006 -0.009796 0.000000 0.000000 0.000000 
-86.100006 -0.006606 0.000000 0.000000 0.000000 
-95.000008 -0.008371 0.000000 0.000000 0.000000 
-100.300018 -0.006495 0.000000 0.000000 0.000000 
-108.000023 -0.007301 0.000000 0.000000 0.000000 
-118.000023 -0.009201 0.000000 0.000000 0.000000 
-126.600029 -0.008457 0.000000 0.000000 0.000000 
-135.400024 -0.008746 0.000000 0.000000 0.000000 
-139.300018 -0.005501 0.000000 0.000000 0.000000 
-144.000000 -0.004640 0.000000 0.000000 0.000000 
-151.699982 -0.006841 0.000000 0.000000 0.000000 
-158.599976 -0.006962 0.000000 0.000000 0.000000 
-167.899933 -0.008356 0.000000 0.000000 0.000000 
-176.599915 -0.008307 0.000000 0.000000 0.000000 
-186.499908 -0.009507 0.000000 0.000000 0.000000 
-194.399841 -0.008296 0.000000 0.000000 0.000000 
-203.399841 -0.009692 0.000000 0.000000 0.000000 
-210.299835 -0.007737 0.000000 0.000000 0.000000 
-216.799805 -0.007454 0.000000 0.000000 0.000000 
-221.599792 -0.005829 0.000000 0.000000 0.000000 
-224.899750 -0.004359 0.000000 0.000000 0.000000 
-228.699677 -0.003550 0.000000 0.000000 0.000000 
-232.699615 -0.003850 0.000000 0.000000 0.000000 
-241.599548 -0.006776 0.000000 0.000000 0.000000 
-250.099518 -0.007632 0.000000 0.000000 0.000000 
-258.799500 -0.008317 0.000000 0.000000 0.000000 
-267.499481 -0.008506 0.000000 0.000000 0.000000 
-275.499420 -0.007963 0.000000 0.000000 0.000000 
-284.499420 -0.008178 0.000000 0.000000 0.000000 
-292.499420 -0.007779 0.000000 0.000000 0.000000 
-300.099396 -0.007778 0.000000 0.000000 0.000000 
-309.999390 -0.008828 0.000000 0.000000 0.000000 
-316.599365 -0.007172 0.000000 0.000000 0.000000 
-325.099335 -0.008169 0.000000 0.000000 0.000000 
-333.099335 -0.007930 0.000000 0.000000 0.000000 
-340.199280 -0.007229 0.000000 0.000000 0.000000 
-348.599243 -0.007591 0.000000 0.000000 0.000000 
-355.299164 -0.006754 0.000000 0.000000 0.000000 
-363.099152 -0.007096 0.000000 0.000000 0.000000 
-371.099091 -0.007512 0.000000 0.000000 0.000000 
-379.099091 -0.008143 0.000000 0.000000 0.000000 
-389.399048 -0.009368 0.000000 0.000000 0.000000 
-395.699005 -0.007192 0.000000 0.000000 0.000000 
-401.699005 -0.006657 0.000000 0.000000 0.000000 
-409.699005 -0.007410 0.000000 0.000000 0.000000 
-419.098969 -0.008451 0.000000 0.000000 0.000000 
-425.898956 -0.007331 0.000000 0.000000 0.000000 
-430.598938 -0.005336 0.000000 0.000000 0.000000 
-440.298920 -0.008270 0.000000 0.000000 0.000000 
-446.498871 -0.006974 0.000000 0.000000 0.000000 
-454.498871 -0.007005 0.000000 0.000000 0.000000 
-459.398865 -0.005676 0.000000 0.000000 0.000000 
-468.398865 -0.007218 0.000000 0.000000 0.000000 
-476.298859 -0.007383 0.000000 0.000000 0.000000 
-485.298859 -0.008280 0.000000 0.000000 0.000000 
-489.198792 -0.006019 0.000000 0.000000 0.000000 
-499.198792 -0.008782 0.000000 0.000000 0.000000 
-506.198792 -0.007043 0.000000 0.000000 0.000000 
-513.098816 -0.006338 0.000000 0.000000 0.000000 
-521.798889 -0.007740 0.000000 0.000000 0.000000 
-529.798889 -0.007779 0.000000 0.000000 0.000000 
-534.598938 -0.005449 0.000000 0.000000 0.000000 
-542.799133 -0.007597 0.000000 0.000000 0.000000 
-551.599182 -0.008797 0.000000 0.000000 0.000000 
-559.399231 -0.008440 0.000000 0.000000 0.000000 
-565.999329 -0.007819 0.000000 0.000000 0.000000 
-575.999329 -0.009103 0.000000 0.000000 0.000000 
-583.399475 -0.008431 0.000000 0.000000 0.000000 
-589.699646 -0.007098 0.000000 0.000000 0.000000 
-597.399719 -0.007977 0.000000 0.000000 0.000000 
-606.399719 -0.008591 0.000000 0.000000 0.000000 
-613.899841 -0.007469 0.000000 0.000000 0.000000 
-622.899841 -0.008077 0.000000 0.000000 0.000000 
-629.899841 -0.007918 0.000000 0.000000 0.000000 
-636.100037 -0.006366 0.000000 0.000000 0.000000 
-641.100037 -0.005525 0.000000 0.000000 0.000000 
-649.100037 -0.007502 0.000000 0.000000 0.000000 
-657.500183 -0.008203 0.000000 0.000000 0.000000 
-667.500183 -0.009062 0.000000 0.000000 0.000000 
-675.500183 -0.008296 0.000000 0.000000 0.000000 
-684.400208 -0.008533 0.000000 0.000000 0.000000 
-690.400208 -0.006711 0.000000 0.000000 0.000000 
-700.100281 -0.008691 0.000000 0.000000 0.000000 
-710.100281 -0.009759 0.000000 0.000000 0.000000 
-717.800354 -0.008163 0.000000 0.000000 0.000000 
-724.800354 -0.007863 0.000000 0.000000 0.000000 
-732.800354 -0.008117 0.000000 0.000000 0.000000 
-742.800354 -0.009244 0.000000 0.000000 0.000000 
-750.100525 -0.007487 0.000000 0.000000 0.000000 
-759.000549 -0.008220 0.000000 0.000000 0.000000 
0.000000 0.000000 0.000000 0.000000 0.000000 
2.600000 0.001552 0.000000 0.000000 0.000000 
10.500004 0.005521 0.000000 0.000000 0.000000 
18.900036 0.007426 0.000000 0.000000 0.000000 
24.700058 0.006579 0.000000 0.000000 0.000000 
23.800058 0.001586 0.000000 0.000000 0.000000 
17.100060 -0.003493 0.000000 0.000000 0.000000 
17.100060 -0.001284 0.000000 0.000000 0.000000 
20.000071 0.001813 0.000000 0.000000 0.000000 
20.900074 0.001425 0.000000 0.000000 0.000000 
19.300076 -0.000324 0.000000 0.000000 0.000000 
27.000105 0.004679 0.000000 0.000000 0.000000 
34.200089 0.006227 0.000000 0.000000 0.000000 
41.299980 0.007030 0.000000 0.000000 0.000000 
49.999847 0.008038 0.000000 0.000000 0.000000 
57.199738 0.007188 0.000000 0.000000 0.000000 
57.599731 0.002823 0.000000 0.000000 0.000000 
58.899696 0.001683 0.000000 0.000000 0.000000 
63.899620 0.003982 0.000000 0.000000 0.000000 
75.099449 0.008345 0.000000 0.000000 0.000000 
81.099358 0.006887 0.000000 0.000000 0.000000 
83.199326 0.003801 0.000000 0.000000 0.000000 
75.399323 -0.003757 0.000000 0.000000 0.000000 
80.099251 0.001361 0.000000 0.000000 0.000000 
85.799164 0.004302 0.000000 0.000000 0.000000 
86.199158 0.001742 0.000000 0.000000 0.000000 
92.299065 0.005033 0.000000 0.000000 0.000000 
101.698921 0.007991 0.000000 0.000000 0.000000 
108.998810 0.007555 0.000000 0.000000 0.000000 
116.398697 0.007932 0.000000 0.000000 0.000000 
123.798584 0.007714 0.000000 0.000000 0.000000 
130.498672 0.007406 0.000000 0.000000 0.000000 
139.599228 0.008316 0.000000 0.000000 0.000000 
146.299637 0.007557 0.000000 0.000000 0.000000 
151.899979 0.006318 0.000000 0.000000 0.000000 
153.600143 0.002997 0.000000 0.000000 0.000000 
144.600143 -0.004801 0.000000 0.000000 0.000000 
136.900162 -0.006883 0.000000 0.000000 0.000000 
142.900528 0.001491 0.000000 0.000000 0.000000 
148.400864 0.003664 0.000000 0.000000 0.000000 
152.201096 0.003381 0.000000 0.000000 0.000000 
152.201096 0.001243 0.000000 0.000000 0.000000 
156.001328 0.002879 0.000000 0.000000 0.000000 
161.001633 0.004255 0.000000 0.000000 0.000000 
167.001999 0.005090 0.000000 0.000000 0.000000 
171.602280 0.004836 0.000000 0.000000 0.000000 
180.902847 0.007433 0.000000 0.000000 0.000000 
189.403366 0.008263 0.000000 0.000000 0.000000 
196.603806 0.007972 0.000000 0.000000 0.000000 
200.904068 0.005917 0.000000 0.000000 0.000000 
200.604233 0.002704 0.000000 0.000000 0.000000 
205.904556 0.004245 0.000000 0.000000 0.000000 
213.705032 0.006051 0.000000 0.000000 0.000000 
223.905655 0.008959 0.000000 0.000000 0.000000 
232.506180 0.008981 0.000000 0.000000 0.000000 
240.206650 0.008419 0.000000 0.000000 0.000000 
246.707047 0.007110 0.000000 0.000000 0.000000 
254.007492 0.007155 0.000000 0.000000 0.000000 
263.908081 0.008912 0.000000 0.000000 0.000000 
274.308716 0.010171 0.000000 0.000000 0.000000 
284.009308 0.009802 0.000000 0.000000 0.000000 
293.609894 0.009410 0.000000 0.000000 0.000000 
303.310486 0.009494 0.000000 0.000000 0.000000 
308.810822 0.007005 0.000000 0.000000 0.000000 
300.310852 -0.002637 0.000000 0.000000 0.000000 
309.811432 0.005541 0.000000 0.000000 0.000000 
318.811981 0.008392 0.000000 0.000000 0.000000 
325.612396 0.007498 0.000000 0.000000 0.000000 
331.412750 0.006708 0.000000 0.000000 0.000000 
341.013336 0.008623 0.000000 0.000000 0.000000 
349.113831 0.008010 0.000000 0.000000 0.000000 
354.514160 0.006509 0.000000 0.000000 0.000000 
364.314758 0.008286 0.000000 0.000000 0.000000 
373.515320 0.008793 0.000000 0.000000 0.000000 
383.815948 0.009743 0.000000 0.000000 0.000000 
390.416351 0.007157 0.000000 0.000000 0.000000 
395.716675 0.006017 0.000000 0.000000 0.000000 
404.017181 0.007651 0.000000 0.000000 0.000000 
411.817657 0.007507 0.000000 0.000000 0.000000 
419.818146 0.007920 0.000000 0.000000 0.000000 
425.218475 0.006340 0.000000 0.000000 0.000000 
432.418915 0.006358 0.000000 0.000000 0.000000 
438.419281 0.006270 0.000000 0.000000 0.000000 
446.819794 0.007583 0.000000 0.000000 0.000000 
451.320068 0.005232 0.000000 0.000000 0.000000 
445.620087 -0.002080 0.000000 0.000000 0.000000 
451.020477 0.003284 0.000000 0.000000 0.000000 
456.120789 0.004397 0.000000 0.000000 0.000000 
463.821259 0.006274 0.000000 0.000000 0.000000 
471.421722 0.007306 0.000000 0.000000 0.000000 
478.522156 0.007489 0.000000 0.000000 0.000000 
486.622650 0.007810 0.000000 0.000000 0.000000 
496.423248 0.008947 0.000000 0.000000 0.000000 
503.223663 0.007762 0.000000 0.000000 0.000000 
510.024078 0.007006 0.000000 0.000000 0.000000 
518.622559 0.007841 0.000000 0.000000 0.000000 
527.020508 0.007906 0.000000 0.000000 0.000000 
535.918335 0.008407 0.000000 0.000000 0.000000 
542.816650 0.007631 0.000000 0.000000 0.000000 
551.114624 0.007934 0.000000 0.000000 0.000000 
558.812744 0.007431 0.000000 0.000000 0.000000 
565.211182 0.006639 0.000000 0.000000 0.000000 
573.409180 0.007453 0.000000 0.000000 0.000000 
581.607178 0.007878 0.000000 0.000000 0.000000 
589.305298 0.007514 0.000000 0.000000 0.000000 
599.802734 0.009510 0.000000 0.000000 0.000000 
608.200684 0.008596 0.000000 0.000000 0.000000 
616.498657 0.008204 0.000000 0.000000 0.000000 
623.097046 0.007042 0.000000 0.000000 0.000000 
622.096313 0.001704 0.000000 0.000000 0.000000 
630.294312 0.005991 0.000000 0.000000 0.000000 
637.592529 0.006899 0.000000 0.000000 0.000000 
645.390625 0.007755 0.000000 0.000000 0.000000 
656.687866 0.010119 0.000000 0.000000 0.000000 
663.586182 0.008059 0.000000 0.000000 0.000000 
668.684937 0.006184 0.000000 0.000000 0.000000 
676.383057 0.007169 0.000000 0.000000 0.000000 
685.880737 0.008487 0.000000 0.000000 0.000000 
694.978516 0.008786 0.000000 0.000000 0.000000 
700.877075 0.007257 0.000000 0.000000 0.000000 
706.775635 0.006272 0.000000 0.000000 0.000000 
714.373779 0.006665 0.000000 0.000000 0.000000 
722.371826 0.007247 0.000000 0.000000 0.000000 
729.570068 0.006949 0.000000 0.000000 0.000000 
739.167725 0.008428 0.000000 0.000000 0.000000 
747.365723 0.008225 0.000000 0.000000 0.000000 
749.564941 0.004396 0.000000 0.000000 0.000000 
752.664185 0.003620 0.000000 0.000000 0.000000 
761.961914 0.007294 0.000000 0.000000 0.000000 
767.360596 0.006232 0.000000 0.000000 0.000000 
777.958008 0.008654 0.000000 0.000000 0.000000 
786.156006 0.007995 0.000000 0.000000 0.000000 
793.054321 0.007121 0.000000 0.000000 0.000000 
801.852173 0.007951 0.000000 0.000000 0.000000 
810.350098 0.008426 0.000000 0.000000 0.000000 
818.448120 0.008154 0.000000 0.000000 0.000000 
825.046509 0.007562 0.000000 0.000000 0.000000 
834.144287 0.008501 0.000000 0.000000 0.000000 
842.142334 0.008390 0.000000 0.000000 0.000000 
850.140381 0.008165 0.000000 0.000000 0.000000 
861.237671 0.009960 0.000000 0.000000 0.000000 
868.535889 0.008082 0.000000 0.000000 0.000000 
871.635132 0.005298 0.000000 0.000000 0.000000 
872.934814 0.002625 0.000000 0.000000 0.000000 
874.534424 0.002485 0.000000 0.000000 0.000000 
865.734375 -0.004903 0.000000 0.000000 0.000000 
871.532959 0.001858 0.000000 0.000000 0.000000 
879.031128 0.005331 0.000000 0.000000 0.000000 
885.129639 0.005446 0.000000 0.000000 0.000000 
892.427856 0.007004 0.000000 0.000000 0.000000 
901.825562 0.008622 0.000000 0.000000 0.000000 
909.123779 0.007662 0.000000 0.000000 0.000000 
919.521240 0.009429 0.000000 0.000000 0.000000 
928.419067 0.009177 0.000000 0.000000 0.000000 
934.317627 0.006992 0.000000 0.000000 0.000000 
940.616089 0.006777 0.000000 0.000000 0.000000 
950.313721 0.008409 0.000000 0.000000 0.000000 
960.111328 0.009355 0.000000 0.000000 0.000000 
967.509521 0.008102 0.000000 0.000000 0.000000 
976.907227 0.008843 0.000000 0.000000 0.000000 
983.205688 0.007024 0.000000 0.000000 0.000000 
987.104736 0.004994 0.000000 0.000000 0.000000 
979.104736 -0.003215 0.000000 0.000000 0.000000 
985.103271 0.002687 0.000000 0.000000 0.000000 
994.900879 0.006977 0.000000 0.000000 0.000000 
1003.698730 0.007987 0.000000 0.000000 0.000000 
1010.896973 0.007582 0.000000 0.000000 0.000000 
1020.394653 0.008964 0.000000 0.000000 0.000000 
1031.991821 0.010051 0.000000 0.000000 0.000000 
1040.589722 0.009182 0.000000 0.000000 0.000000 
1048.887695 0.009003 0.000000 0.000000 0.000000 
1056.485840 0.008586 0.000000 0.000000 0.000000 
1067.483154 0.010500 0.000000 0.000000 0.000000 
1076.181030 0.009763 0.000000 0.000000 0.000000 
1086.278564 0.010114 0.000000 0.000000 0.000000 
1095.776245 0.009766 0.000000 0.000000 0.000000 
1104.274170 0.008400 0.000000 0.000000 0.000000 
1111.472412 0.007652 0.000000 0.000000 0.000000 
1120.870117 0.008954 0.000000 0.000000 0.000000 
1125.668945 0.006162 0.000000 0.000000 0.000000 
1117.868896 -0.002806 0.000000 0.000000 0.000000 
1116.868896 -0.001740 0.000000 0.000000 0.000000 
1116.868896 -0.000640 0.000000 0.000000 0.000000 
1120.468018 0.001891 0.000000 0.000000 0.000000 
1124.267090 0.003028 0.000000 0.000000 0.000000 
1126.766479 0.002687 0.000000 0.000000 0.000000 
1134.664551 0.006107 0.000000 0.000000 0.000000 
1143.762329 0.008116 0.000000 0.000000 0.000000 
1152.460205 0.008419 0.000000 0.000000 0.000000 
1161.557983 0.008792 0.000000 0.000000 0.000000 
1168.356323 0.007494 0.000000 0.000000 0.000000 
1174.854736 0.007061 0.000000 0.000000 0.000000 
1184.552368 0.008575 0.000000 0.000000 0.000000 
1195.949585 0.010534 0.000000 0.000000 0.000000 
1203.847656 0.008985 0.000000 0.000000 0.000000 
1211.245850 0.007796 0.000000 0.000000 0.000000 
1218.744019 0.007827 0.000000 0.000000 0.000000 
1226.642090 0.007654 0.000000 0.000000 0.000000 
1236.039795 0.008718 0.000000 0.000000 0.000000 
