0.000000 0.000000 0.000000 0.000000 0.000000 
-9.000000 -0.005285 0.000000 0.000000 0.000000 
-16.599998 -0.006633 0.000000 0.000000 0.000000 
-22.599995 -0.005661 0.000000 0.000000 0.000000 
-32.399990 -0.008078 0.000000 0.000000 0.000000 
-40.399990 -0.008071 0.000000 0.000000 0.000000 
-46.399990 -0.006445 0.000000 0.000000 0.000000 
-52.099995 -0.005885 0.000000 0.000000 0.000000 
-59.700001 -0.006669 0.000000 0.000000 0.000000 
-69.300011 -0.008336 0.000000 0.000000 0.000000 
-74.300011 -0.006034 0.000000 0.000000 0.000000 
-83.300011 -0.008338 0.000000 0.000000 0.000000 
-90.300011 -0.007870 0.000000 0.000000 0.000000 
-100.400024 -0.009122 0.000000 0.000000 0.000000 
-106.200043 -0.006818 0.000000 0.000000 0.000000 
-110.500053 -0.005279 0.000000 0.000000 0.000000 
-116.200058 -0.005478 0.000000 0.000000 0.000000 
-124.900063 -0.007391 0.000000 0.000000 0.000000 
-135.700043 -0.009270 0.000000 0.000000 0.000000 
-142.399963 -0.007945 0.000000 0.000000 0.000000 
-150.399963 -0.007690 0.000000 0.000000 0.000000 
-155.699921 -0.006491 0.000000 0.000000 0.000000 
-162.099884 -0.006862 0.000000 0.000000 0.000000 
-168.899872 -0.006544 0.000000 0.000000 0.000000 
-176.599854 -0.007673 0.000000 0.000000 0.000000 
-185.299835 -0.008424 0.000000 0.000000 0.000000 
-193.199829 -0.008268 0.000000 0.000000 0.000000 
-201.999817 -0.008436 0.000000 0.000000 0.000000 
-213.699799 -0.010733 0.000000 0.000000 0.000000 
-221.699799 -0.008550 0.000000 0.000000 0.000000 
-227.399719 -0.006766 0.000000 0.000000 0.000000 
-232.099701 -0.005022 0.000000 0.000000 0.000000 
-239.099701 -0.006268 0.000000 0.000000 0.000000 
-248.899689 -0.008414 0.000000 0.000000 0.000000 
-255.699677 -0.007416 0.000000 0.000000 0.000000 
-259.599670 -0.005888 0.000000 0.000000 0.000000 
-268.999634 -0.008426 0.000000 0.000000 0.000000 
-275.799622 -0.007747 0.000000 0.000000 0.000000 
-281.299591 -0.006173 0.000000 0.000000 0.000000 
-291.899567 -0.009153 0.000000 0.000000 0.000000 
-299.899567 -0.008505 0.000000 0.000000 0.000000 
-306.099518 -0.007279 0.000000 0.000000 0.000000 
-316.099518 -0.008858 0.000000 0.000000 0.000000 
-320.199463 -0.006021 0.000000 0.000000 0.000000 
-330.099457 -0.007833 0.000000 0.000000 0.000000 
-335.799438 -0.006552 0.000000 0.000000 0.000000 
-343.299408 -0.007414 0.000000 0.000000 0.000000 
-351.899384 -0.008423 0.000000 0.000000 0.000000 
-362.699371 -0.009680 0.000000 0.000000 0.000000 
-370.699371 -0.008648 0.000000 0.000000 0.000000 
-379.699371 -0.008294 0.000000 0.000000 0.000000 
-386.399353 -0.007185 0.000000 0.000000 0.000000 
-397.199341 -0.009605 0.000000 0.000000 0.000000 
-405.999329 -0.008760 0.000000 0.000000 0.000000 
-414.799255 -0.008842 0.000000 0.000000 0.000000 
-418.799194 -0.006007 0.000000 0.000000 0.000000 
-425.399170 -0.006423 0.000000 0.000000 0.000000 
-435.299164 -0.008900 0.000000 0.000000 0.000000 
-442.999146 -0.008088 0.000000 0.000000 0.000000 
-451.999146 -0.008809 0.000000 0.000000 0.000000 
-461.499115 -0.009089 0.000000 0.000000 0.000000 
-470.399109 -0.009194 0.000000 0.000000 0.000000 
-477.299103 -0.007355 0.000000 0.000000 0.000000 
-483.299103 -0.005952 0.000000 0.000000 0.000000 
-490.699066 -0.007428 0.000000 0.000000 0.000000 
-497.199036 -0.006708 0.000000 0.000000 0.000000 
-504.999023 -0.007469 0.000000 0.000000 0.000000 
-513.999023 -0.008234 0.000000 0.000000 0.000000 
-524.499146 -0.009391 0.000000 0.000000 0.000000 
-531.699341 -0.008206 0.000000 0.000000 0.000000 
-541.499390 -0.009278 0.000000 0.000000 0.000000 
-549.199463 -0.008166 0.000000 0.000000 0.000000 
-558.099487 -0.008524 0.000000 0.000000 0.000000 
-564.099487 -0.006993 0.000000 0.000000 0.000000 
-572.799561 -0.007728 0.000000 0.000000 0.000000 
-581.699585 -0.008390 0.000000 0.000000 0.000000 
-588.699585 -0.007822 0.000000 0.000000 0.000000 
-595.599609 -0.007212 0.000000 0.000000 0.000000 
-603.499634 -0.007909 0.000000 0.000000 0.000000 
-611.499878 -0.008162 0.000000 0.000000 0.000000 
-619.900024 -0.008435 0.000000 0.000000 0.000000 
-626.800049 -0.006865 0.000000 0.000000 0.000000 
-634.600098 -0.007257 0.000000 0.000000 0.000000 
-641.000244 -0.006999 0.000000 0.000000 0.000000 
-651.000244 -0.009259 0.000000 0.000000 0.000000 
-660.000488 -0.009365 0.000000 0.000000 0.000000 
-669.000732 -0.009282 0.000000 0.000000 0.000000 
-676.000732 -0.007616 0.000000 0.000000 0.000000 
-684.800781 -0.008056 0.000000 0.000000 0.000000 
-689.200928 -0.005653 0.000000 0.000000 0.000000 
-695.701050 -0.005643 0.000000 0.000000 0.000000 
-705.701050 -0.008152 0.000000 0.000000 0.000000 
-712.701050 -0.008393 0.000000 0.000000 0.000000 
-720.301147 -0.008049 0.000000 0.000000 0.000000 
-729.101196 -0.008164 0.000000 0.000000 0.000000 
-738.901245 -0.009180 0.000000 0.000000 0.000000 
-743.901245 -0.006742 0.000000 0.000000 0.000000 
-751.901245 -0.007410 0.000000 0.000000 0.000000 
-762.901245 -0.009955 0.000000 0.000000 0.000000 
-770.801270 -0.008440 0.000000 0.000000 0.000000 
-780.501343 -0.009596 0.000000 0.000000 0.000000 
0.000000 0.000000 0.000000 0.000000 0.000000 
7.099996 0.004430 0.000000 0.000000 0.000000 
11.900009 0.004995 0.000000 0.000000 0.000000 
19.000036 0.006203 0.000000 0.000000 0.000000 
23.300053 0.005176 0.000000 0.000000 0.000000 
30.600080 0.006318 0.000000 0.000000 0.000000 
37.300003 0.006972 0.000000 0.000000 0.000000 
44.399895 0.007172 0.000000 0.000000 0.000000 
52.699768 0.008322 0.000000 0.000000 0.000000 
62.999611 0.009908 0.000000 0.000000 0.000000 
69.699509 0.007888 0.000000 0.000000 0.000000 
77.399391 0.007537 0.000000 0.000000 0.000000 
82.599312 0.006332 0.000000 0.000000 0.000000 
89.699203 0.007117 0.000000 0.000000 0.000000 
95.899109 0.006516 0.000000 0.000000 0.000000 
104.898972 0.007501 0.000000 0.000000 0.000000 
111.798866 0.007084 0.000000 0.000000 0.000000 
118.298767 0.006770 0.000000 0.000000 0.000000 
123.698685 0.005896 0.000000 0.000000 0.000000 
128.998672 0.005447 0.000000 0.000000 0.000000 
136.599136 0.006946 0.000000 0.000000 0.000000 
143.799576 0.007038 0.000000 0.000000 0.000000 
151.000015 0.007255 0.000000 0.000000 0.000000 
158.500473 0.007665 0.000000 0.000000 0.000000 
166.700974 0.007455 0.000000 0.000000 0.000000 
171.601273 0.005829 0.000000 0.000000 0.000000 
179.201736 0.006700 0.000000 0.000000 0.000000 
176.501755 0.000545 0.000000 0.000000 0.000000 
180.001968 0.001984 0.000000 0.000000 0.000000 
186.302353 0.004856 0.000000 0.000000 0.000000 
191.702682 0.005230 0.000000 0.000000 0.000000 
197.903061 0.005987 0.000000 0.000000 0.000000 
202.603348 0.005168 0.000000 0.000000 0.000000 
206.403580 0.004770 0.000000 0.000000 0.000000 
213.704025 0.005939 0.000000 0.000000 0.000000 
221.604507 0.007803 0.000000 0.000000 0.000000 
226.404800 0.005793 0.000000 0.000000 0.000000 
224.104843 0.000075 0.000000 0.000000 0.000000 
229.305161 0.003613 0.000000 0.000000 0.000000 
237.105637 0.005796 0.000000 0.000000 0.000000 
242.905991 0.005973 0.000000 0.000000 0.000000 
249.006363 0.005871 0.000000 0.000000 0.000000 
258.606934 0.008202 0.000000 0.000000 0.000000 
267.307465 0.008240 0.000000 0.000000 0.000000 
274.807922 0.007794 0.000000 0.000000 0.000000 
282.808411 0.008148 0.000000 0.000000 0.000000 
291.608948 0.008279 0.000000 0.000000 0.000000 
300.709503 0.008871 0.000000 0.000000 0.000000 
308.309967 0.008814 0.000000 0.000000 0.000000 
317.010498 0.008630 0.000000 0.000000 0.000000 
324.810974 0.007865 0.000000 0.000000 0.000000 
333.311493 0.008414 0.000000 0.000000 0.000000 
342.012024 0.008703 0.000000 0.000000 0.000000 
350.112518 0.008357 0.000000 0.000000 0.000000 
355.512848 0.006162 0.000000 0.000000 0.000000 
355.612854 0.002316 0.000000 0.000000 0.000000 
350.212952 -0.003077 0.000000 0.000000 0.000000 
354.913239 0.002127 0.000000 0.000000 0.000000 
361.413635 0.005123 0.000000 0.000000 0.000000 
370.414185 0.008137 0.000000 0.000000 0.000000 
377.514618 0.007687 0.000000 0.000000 0.000000 
383.014954 0.006430 0.000000 0.000000 0.000000 
390.315399 0.006565 0.000000 0.000000 0.000000 
398.015869 0.007041 0.000000 0.000000 0.000000 
408.316498 0.009391 0.000000 0.000000 0.000000 
418.817139 0.010019 0.000000 0.000000 0.000000 
427.617676 0.009227 0.000000 0.000000 0.000000 
436.118195 0.008704 0.000000 0.000000 0.000000 
441.418518 0.006403 0.000000 0.000000 0.000000 
449.719025 0.007552 0.000000 0.000000 0.000000 
458.619568 0.008510 0.000000 0.000000 0.000000 
468.720184 0.009799 0.000000 0.000000 0.000000 
477.820740 0.009159 0.000000 0.000000 0.000000 
486.621277 0.008709 0.000000 0.000000 0.000000 
492.521637 0.007267 0.000000 0.000000 0.000000 
486.721649 -0.001699 0.000000 0.000000 0.000000 
494.622131 0.004657 0.000000 0.000000 0.000000 
501.922577 0.006311 0.000000 0.000000 0.000000 
512.723022 0.009590 0.000000 0.000000 0.000000 
521.920776 0.009443 0.000000 0.000000 0.000000 
531.818359 0.009788 0.000000 0.000000 0.000000 
540.216309 0.009138 0.000000 0.000000 0.000000 
549.913940 0.009491 0.000000 0.000000 0.000000 
558.811768 0.009036 0.000000 0.000000 0.000000 
566.609863 0.008222 0.000000 0.000000 0.000000 
571.508423 0.005606 0.000000 0.000000 0.000000 
582.405762 0.008978 0.000000 0.000000 0.000000 
591.003662 0.008601 0.000000 0.000000 0.000000 
597.202148 0.007103 0.000000 0.000000 0.000000 
606.699829 0.008294 0.000000 0.000000 0.000000 
613.098267 0.007170 0.000000 0.000000 0.000000 
620.496460 0.007105 0.000000 0.000000 0.000000 
626.594971 0.006406 0.000000 0.000000 0.000000 
628.994141 0.003907 0.000000 0.000000 0.000000 
625.893433 -0.000480 0.000000 0.000000 0.000000 
630.492310 0.003093 0.000000 0.000000 0.000000 
630.992188 0.001327 0.000000 0.000000 0.000000 
637.790527 0.004704 0.000000 0.000000 0.000000 
642.189453 0.004529 0.000000 0.000000 0.000000 
649.487671 0.005997 0.000000 0.000000 0.000000 
656.485962 0.006971 0.000000 0.000000 0.000000 
664.384033 0.007499 0.000000 0.000000 0.000000 
672.282104 0.007943 0.000000 0.000000 0.000000 
681.679810 0.008730 0.000000 0.000000 0.000000 
689.377930 0.007884 0.000000 0.000000 0.000000 
695.576416 0.006925 0.000000 0.000000 0.000000 
705.374023 0.009040 0.000000 0.000000 0.000000 
710.472778 0.005867 0.000000 0.000000 0.000000 
710.772705 0.002288 0.000000 0.000000 0.000000 
706.872437 -0.001890 0.000000 0.000000 0.000000 
706.872437 -0.000695 0.000000 0.000000 0.000000 
709.971680 0.001669 0.000000 0.000000 0.000000 
713.370850 0.002704 0.000000 0.000000 0.000000 
720.869019 0.005733 0.000000 0.000000 0.000000 
727.267456 0.005644 0.000000 0.000000 0.000000 
732.666138 0.005553 0.000000 0.000000 0.000000 
743.563477 0.009038 0.000000 0.000000 0.000000 
749.262085 0.006938 0.000000 0.000000 0.000000 
754.860718 0.006134 0.000000 0.000000 0.000000 
761.559082 0.006507 0.000000 0.000000 0.000000 
770.356934 0.007879 0.000000 0.000000 0.000000 
778.854858 0.008342 0.000000 0.000000 0.000000 
785.053345 0.006916 0.000000 0.000000 0.000000 
788.052612 0.004466 0.000000 0.000000 0.000000 
781.252563 -0.001914 0.000000 0.000000 0.000000 
789.050659 0.004335 0.000000 0.000000 0.000000 
789.350586 0.001736 0.000000 0.000000 0.000000 
789.350586 0.000638 0.000000 0.000000 0.000000 
797.748535 0.005420 0.000000 0.000000 0.000000 
804.646851 0.006131 0.000000 0.000000 0.000000 
812.045044 0.007290 0.000000 0.000000 0.000000 
820.343018 0.007682 0.000000 0.000000 0.000000 
827.141357 0.007241 0.000000 0.000000 0.000000 
835.439331 0.007753 0.000000 0.000000 0.000000 
846.236694 0.010007 0.000000 0.000000 0.000000 
854.734619 0.008542 0.000000 0.000000 0.000000 
864.132324 0.009094 0.000000 0.000000 0.000000 
872.330322 0.008447 0.000000 0.000000 0.000000 
882.627808 0.009518 0.000000 0.000000 0.000000 
889.826050 0.007713 0.000000 0.000000 0.000000 
891.125732 0.003456 0.000000 0.000000 0.000000 
896.524414 0.005110 0.000000 0.000000 0.000000 
906.521973 0.008316 0.000000 0.000000 0.000000 
914.420044 0.008482 0.000000 0.000000 0.000000 
922.418091 0.008417 0.000000 0.000000 0.000000 
927.316895 0.006262 0.000000 0.000000 0.000000 
928.616577 0.003085 0.000000 0.000000 0.000000 
933.715332 0.004259 0.000000 0.000000 0.000000 
940.713623 0.006185 0.000000 0.000000 0.000000 
947.012085 0.006209 0.000000 0.000000 0.000000 
952.810669 0.006189 0.000000 0.000000 0.000000 
960.108887 0.006915 0.000000 0.000000 0.000000 
967.107178 0.006923 0.000000 0.000000 0.000000 
975.505127 0.007600 0.000000 0.000000 0.000000 
982.403442 0.007065 0.000000 0.000000 0.000000 
987.502197 0.006282 0.000000 0.000000 0.000000 
989.901367 0.003441 0.000000 0.000000 0.000000 
993.400513 0.003041 0.000000 0.000000 0.000000 
996.899658 0.003236 0.000000 0.000000 0.000000 
1004.797729 0.005735 0.000000 0.000000 0.000000 
1010.796265 0.006516 0.000000 0.000000 0.000000 
1020.693848 0.008157 0.000000 0.000000 0.000000 
1028.291992 0.007989 0.000000 0.000000 0.000000 
1034.090576 0.006355 0.000000 0.000000 0.000000 
1026.490479 -0.002765 0.000000 0.000000 0.000000 
1030.389526 0.001352 0.000000 0.000000 0.000000 
1040.786987 0.006520 0.000000 0.000000 0.000000 
1051.084473 0.009095 0.000000 0.000000 0.000000 
1058.082764 0.007227 0.000000 0.000000 0.000000 
1062.981567 0.005728 0.000000 0.000000 0.000000 
1072.579224 0.008541 0.000000 0.000000 0.000000 
1082.076904 0.009349 0.000000 0.000000 0.000000 
1089.075195 0.007895 0.000000 0.000000 0.000000 
1098.272949 0.008782 0.000000 0.000000 0.000000 
1107.370728 0.009107 0.000000 0.000000 0.000000 
1118.867920 0.010615 0.000000 0.000000 0.000000 
1128.865479 0.010295 0.000000 0.000000 0.000000 
1136.963501 0.009159 0.000000 0.000000 0.000000 
1129.963501 -0.001293 0.000000 0.000000 0.000000 
1135.962036 0.003191 0.000000 0.000000 0.000000 
1141.160767 0.004407 0.000000 0.000000 0.000000 
1148.758911 0.006739 0.000000 0.000000 0.000000 
1156.157104 0.007269 0.000000 0.000000 0.000000 
1161.255859 0.006089 0.000000 0.000000 0.000000 
1166.254639 0.005294 0.000000 0.000000 0.000000 
1172.853027 0.005746 0.000000 0.000000 0.000000 
1177.351929 0.004592 0.000000 0.000000 0.000000 
1187.649414 0.007989 0.000000 0.000000 0.000000 
1191.348511 0.005127 0.000000 0.000000 0.000000 
1191.848389 0.002256 0.000000 0.000000 0.000000 
1194.447754 0.002909 0.000000 0.000000 0.000000 
1195.647461 0.001633 0.000000 0.000000 0.000000 
1188.847168 -0.003920 0.000000 0.000000 0.000000 
1191.446533 0.000104 0.000000 0.000000 0.000000 
1191.446533 0.000038 0.000000 0.000000 0.000000 
1195.245605 0.002211 0.000000 0.000000 0.000000 
1202.843750 0.005354 0.000000 0.000000 0.000000 
1210.341919 0.006444 0.000000 0.000000 0.000000 
1215.640625 0.005738 0.000000 0.000000 0.000000 
