-0.210036 1
0 0
-0.19698 1
0 0
-0.188062 1
0 0
0 0
0 0
-0.167431 1
-0.163452 1
0 0
0 0
-0.149965 2
0 0
0 0
0 0
-0.130517 2
0 0
0 0
-0.117425 2
-0.111104 1
-0.108516 1
-0.103517 1
-0.0959235 4
-0.0919838 4
-0.0878255 7
-0.0828922 6
-0.0772786 4
-0.0730894 9
-0.068083 4
-0.0636014 5
-0.0578946 7
-0.0542796 4
-0.0483008 7
-0.0445195 5
-0.0396055 4
-0.0345668 7
-0.0293124 4
-0.0243177 5
-0.0185866 7
-0.0148494 6
-0.0109379 5
-0.00480708 7
-0.000142385 18
0.00446002 4
0.00871353 5
0.0145566 7
0.0182649 4
0.0241962 5
0.0269146 7
0.0332984 4
0.0384101 5
0.0429078 12
0.0480994 3
0.0530704 8
0.0574268 9
0.0619825 7
0.0676152 8
0.071809 3
0.077149 5
0.0815183 6
0.0865771 2
0.0903483 2
0.0950142 2
0.0998102 1
0.103691 1
0.110035 2
0.115234 2
0.118645 1
0 0
0.130282 3
0 0
0 0
0 0
0 0
0.153053 2
0 0
0.163474 1
0.167983 2
0.173483 1
0.177189 1
0.184186 1
0 0
0.189957 1
0 0
0 0
0 0
0 0
0.217309 1
0.219362 1
0.226762 1
0.228695 1
0 0
0 0
0 0
0.249278 2
0 0
0 0
0.263969 1
0.269297 2
0 0
0 0
0.28619 1
0 0
0 0
0 0
0 0
0 0
0 0
0 0
0 0
0 0
0 0
0 0
0 0
0.348677 1
0 0
0.357573 1
0 0
0 0
0 0
0 0
0 0
0 0
0 0
0 0
0 0
0 0
0 0
0.413939 1
0 0
0 0
0 0
0 0
0 0
0 0
0 0
0.453758 1
0.456761 1
0.460082 1
0 0
0 0
0 0
0 0
0 0
0 0
0 0
0 0
0 0
0 0
0 0
0 0
0 0
0 0
0 0
0 0
0 0
0 0
0 0
0 0
0 0
0 0
0 0
0 0
0 0
0 0
0 0
0 0
0 0
0 0
0.611156 1
0 0
0 0
0 0
0 0
0 0
0 0
0 0
0 0
0 0
0 0
0 0
0 0
0 0
0 0
0 0
0 0
0 0
0 0
0 0
0 0
0 0
0 0
0 0
0 0
0 0
0 0
0 0
0 0
0 0
0.753608 1
