-0.323938 1
0 0
0 0
-0.313004 1
0 0
0 0
0 0
0 0
-0.29269 1
0 0
0 0
0 0
-0.278326 1
0 0
0 0
-0.268289 1
0 0
0 0
-0.256847 1
-0.25614 1
0 0
0 0
-0.244702 1
0 0
-0.237413 2
-0.233826 3
-0.229859 5
-0.22635 1
-0.222198 1
-0.219522 1
-0.216442 2
0 0
-0.209193 1
-0.204643 1
0 0
-0.198341 5
-0.193146 1
-0.192244 2
-0.188376 2
-0.18452 2
-0.180782 4
-0.176095 2
-0.172355 3
-0.169202 1
-0.167173 2
-0.16311 2
0 0
-0.154839 2
-0.151588 3
-0.148272 5
-0.145489 5
-0.141322 2
0 0
-0.133754 4
-0.131546 1
-0.128189 3
-0.122975 5
-0.120497 2
0 0
-0.113812 2
-0.110339 4
-0.106247 9
-0.101381 1
-0.0983116 7
-0.0955484 4
-0.0921388 4
-0.0880763 5
-0.0856911 4
-0.0811265 10
-0.0776831 5
-0.0735573 3
-0.0695017 2
-0.0671021 5
-0.0634379 6
-0.059229 9
-0.0568111 4
-0.0528785 7
-0.0491842 2
-0.046402 6
-0.0422282 5
-0.0387257 5
-0.0354222 5
-0.0320862 9
-0.0277929 13
-0.0243718 4
-0.0216913 3
-0.0172173 5
-0.0143635 11
-0.0103537 9
-0.00634591 3
-0.00354189 10
0.000104015 26
0.00336764 9
0.00727676 9
0.0111712 4
0.0142538 9
0.0177862 5
0.0218471 6
0.0246893 8
0.0285835 9
0.0316875 9
0.0354537 4
0.0393092 8
0.0425999 6
0.0464929 5
0.049575 5
0.0536825 10
0.0567661 2
0.0609797 4
0.0638549 5
0.0675768 6
0.0716423 4
0.0744234 6
0.077884 2
0.0810867 2
0.085852 5
0.0891971 3
0.0921855 8
0.0954243 3
0.100642 2
0.102631 5
0.106879 3
0.109964 7
0.11324 5
0.117361 5
0.120464 5
0.125328 2
0.128266 3
0.130598 5
0.13455 4
0.139568 1
0.142565 1
0.144634 3
0 0
0.153022 2
0.156414 3
0 0
0.163042 3
0.16744 3
0 0
0.173671 2
0.177688 3
0.180981 2
0.184538 2
0.187377 3
0.192001 2
0.194714 2
0.197932 4
0 0
0.206018 1
0 0
0.214283 1
0.21566 1
0.220413 6
0.223642 1
0.227448 4
0.230609 1
0 0
0.23856 1
0.242119 1
0 0
0 0
0.252239 1
0.255073 2
0.259417 2
0.261825 1
0 0
0 0
0 0
0 0
0.280532 1
0 0
0.285616 1
0.290913 1
0.294929 1
0 0
0 0
0 0
0 0
0 0
0 0
0.320328 1
0 0
0 0
0 0
0.332319 1
0 0
0.338814 1
0 0
0 0
0 0
0.353593 1
0 0
0 0
0 0
0 0
0 0
0 0
0 0
0.381547 1
0.384521 1
