-0.120428 1
0 0
-0.113056 1
0 0
0 0
-0.106998 1
-0.10472 2
0 0
-0.0995335 1
-0.0980385 1
-0.0937887 1
-0.0924298 2
-0.0895561 3
0 0
-0.0844844 4
-0.0815277 2
-0.0792554 4
-0.0772867 3
-0.07451 1
-0.0729578 3
-0.0699398 2
-0.0682145 2
-0.065081 1
-0.0626813 1
0 0
-0.0574137 1
-0.0562966 1
-0.0526999 2
-0.0506529 2
0 0
-0.045907 3
-0.0433382 3
-0.0403688 5
-0.0377942 3
-0.0355805 6
-0.0324019 3
0 0
-0.0283353 1
-0.0258752 2
-0.0234713 5
-0.0207406 2
0 0
-0.0160487 2
-0.0133026 4
-0.0113927 1
-0.00881596 1
-0.00600542 9
-0.00278689 3
-4.82803e-05 11
0.00135932 4
0.00295884 2
0.00631796 3
0.008713 2
0.010279 1
0.0141499 2
0.0162322 1
0.0181248 4
0.0210485 4
0.0234102 5
0.0261079 3
0.0285186 3
0.0307955 4
0.0334706 3
0.0358168 3
0.0390014 2
0.0407771 3
0 0
0.0454413 5
0 0
0.0504632 2
0.0538166 1
0.0561414 1
0 0
0.0602313 3
0.063389 3
0.0656556 4
0.067152 6
0 0
0.0730016 4
0.0760285 2
0.078089 1
0.0803706 2
0.0826928 3
0.0854193 1
0.088555 1
0.088712 1
0.0921389 2
0.0956299 1
0.096493 1
0 0
0.101895 3
0.104337 1
0.105933 1
0.110351 3
0.110817 1
0.113801 2
0.116711 2
0.119236 3
0.12212 2
0.123451 1
0.126164 1
0 0
0.13145 4
0 0
0.137617 1
0.138112 1
0.140965 1
0 0
0.145982 1
0 0
0 0
0.154065 1
0.156328 1
0.159204 1
0.161542 1
0 0
0.165813 2
0.168134 2
0 0
0 0
0.175626 1
0 0
0.180937 1
0.184244 1
0 0
0.188487 1
0.189663 1
0.193257 1
0.194491 1
0.198917 1
0 0
0.202989 1
0.20639 1
0.208021 1
0.210806 1
0 0
0 0
0.218277 1
0.219883 1
0.222664 1
0.226176 1
0 0
0 0
0 0
0 0
0.236733 1
0 0
0 0
0 0
0.247057 1
0 0
0.251195 1
0 0
0.25689 2
0 0
0.261292 1
0 0
0.266936 1
0 0
0 0
0 0
0 0
0 0
0 0
0.283706 1
0 0
0 0
0 0
0 0
0 0
0 0
0 0
0 0
0 0
0 0
0 0
0.314079 1
0 0
0 0
0 0
0 0
0 0
0 0
0 0
0 0
0 0
0 0
0 0
0.343523 1
0.345321 1
0 0
0 0
0 0
0 0
0 0
0.359596 1
0 0
0 0
0 0
0 0
0.371409 1
