0 8.980898 
59999 70.897087 
119998 80.868088 
179997 86.018600 
239996 88.118813 
299995 89.198921 
359994 89.778976 
419993 90.459045 
479992 90.939095 
539991 91.319130 
599990 91.789177 
659989 92.329231 
719988 92.559258 
779987 92.819283 
839986 92.989296 
899985 93.349335 
959984 93.599358 
1019983 93.639366 
1079982 93.939392 
1139981 94.169418 
1199980 94.409439 
1259979 94.439445 
1319978 94.679466 
1379977 94.679466 
1439976 94.829483 
1499975 94.919495 
1559974 95.019501 
1619973 95.199516 
1679972 95.159515 
1739971 95.199516 
1799970 95.359535 
1859969 95.419540 
1919968 95.479546 
1979967 95.609558 
2039966 95.699570 
2099965 95.749573 
2159964 95.669563 
2219963 95.799583 
2279962 95.879585 
2339961 95.839584 
2399960 95.959595 
2459959 95.979599 
2519958 95.999603 
2579957 96.029602 
2639956 96.049606 
2699955 96.119614 
2759954 96.149612 
2819953 96.259628 
2879952 96.279625 
2939951 96.409637 
2999950 96.389641 
3059949 96.339638 
3119948 96.399643 
3179947 96.429642 
3239946 96.599663 
3299945 96.579659 
3359944 96.569656 
3419943 96.649666 
3479942 96.669670 
3539941 96.649666 
3599940 96.749672 
3659939 96.689667 
3719938 96.709671 
3779937 96.699669 
3839936 96.849686 
3899935 96.869690 
3959934 96.879684 
4019933 96.859688 
4079932 96.949692 
4139931 96.929695 
4199930 97.039703 
4259929 96.889687 
4319928 96.919693 
4379927 97.059708 
4439926 96.969696 
4499925 96.879684 
4559924 96.989700 
4619923 97.029701 
4679922 97.169716 
4739921 97.059708 
4799920 97.079704 
4859919 96.979698 
4919918 97.089706 
4979917 97.209724 
5039916 97.089706 
5099915 97.149712 
5159914 97.249725 
5219913 97.229721 
5279912 97.159714 
5339911 97.129715 
5399910 97.209724 
5459909 97.309731 
5519908 97.259727 
5579907 97.349731 
5639906 97.319733 
5699905 97.349731 
5759904 97.199722 
5819903 97.379738 
5879902 97.279732 
5939901 97.349731 
