-0.248879 99
-0.246247 81
-0.243737 87
-0.241223 64
-0.23874 76
-0.236285 77
-0.233762 80
-0.231263 92
-0.228772 81
-0.226447 82
-0.223897 67
-0.221282 62
-0.218742 90
-0.21621 72
-0.213668 79
-0.211177 74
-0.208842 90
-0.206305 71
-0.203741 81
-0.201193 92
-0.198686 79
-0.196384 80
-0.193708 76
-0.191105 87
-0.188805 80
-0.186263 77
-0.183869 81
-0.181186 98
-0.178725 91
-0.176289 62
-0.173673 67
-0.171208 81
-0.168722 81
-0.166298 93
-0.163863 95
-0.161203 87
-0.158819 84
-0.156242 76
-0.153736 77
-0.151361 74
-0.148604 82
-0.146283 75
-0.143718 95
-0.141266 89
-0.138738 83
-0.136292 97
-0.133779 84
-0.131279 70
-0.128798 72
-0.126343 79
-0.123651 80
-0.121348 74
-0.118709 89
-0.11613 81
-0.11375 93
-0.111258 94
-0.108782 81
-0.106169 109
-0.103663 87
-0.101275 87
-0.0989387 86
-0.0961892 74
-0.0937727 91
-0.0913309 86
-0.0887744 88
-0.0861923 75
-0.0836782 84
-0.0811558 85
-0.0788456 88
-0.0761786 67
-0.0736924 89
-0.0714501 66
-0.0688026 86
-0.0662334 88
-0.0636875 72
-0.0612161 93
-0.0588167 93
-0.0561326 78
-0.053838 67
-0.0512413 81
-0.0486864 70
-0.0464172 85
-0.0437014 86
-0.0412365 94
-0.0387008 91
-0.0363066 77
-0.0337398 80
-0.0313453 79
-0.0289256 88
-0.0260946 72
-0.0237072 79
-0.0212164 62
-0.0187973 85
-0.0162918 89
-0.0136718 89
-0.0112428 71
-0.00870354 81
-0.00619859 93
-0.00377295 74
-0.00129037 83
0.001282 86
0.0037856 85
0.00623328 79
0.00881768 84
0.0113568 78
0.0137872 96
0.0161974 94
0.0186717 94
0.0211691 91
0.0237437 87
0.0262942 77
0.0286459 79
0.0312435 75
0.0338032 80
0.0362913 75
0.0386639 101
0.0412415 89
0.0437228 85
0.0461806 74
0.0487005 80
0.0512872 73
0.0536578 86
0.0561978 69
0.058726 72
0.0612554 83
0.0637929 76
0.0662485 86
0.0688043 82
0.0710535 75
0.073727 97
0.0762566 90
0.0788577 75
0.0814033 66
0.0837986 91
0.0862338 82
0.0886267 96
0.0911979 113
0.093673 98
0.0963029 91
0.0988132 86
0.101101 96
0.103563 86
0.106328 79
0.108697 85
0.111216 87
0.113692 95
0.116152 93
0.118673 85
0.121337 87
0.12372 97
0.126233 93
0.128653 73
0.131257 82
0.133856 93
0.13622 94
0.13873 82
0.141232 74
0.143702 78
0.146235 78
0.148706 79
0.151317 92
0.153773 87
0.156123 89
0.158709 84
0.161302 88
0.16381 65
0.166317 80
0.168835 91
0.171208 83
0.173653 93
0.176197 77
0.17879 82
0.181325 91
0.183803 68
0.186279 77
0.188714 76
0.191213 81
0.193735 95
0.196332 66
0.19868 89
0.201319 77
0.203765 81
0.20623 99
0.208836 83
0.211381 78
0.213813 84
0.216223 96
0.21855 69
0.221249 78
0.223827 85
0.226226 82
0.22869 93
0.231209 95
0.233761 85
0.236168 89
0.238699 89
0.241289 87
0.243717 82
0.24614 83
0.248743 89
0.249981 1
