-0.248755 83
-0.246177 93
-0.243778 110
-0.241128 93
-0.238767 85
-0.23618 80
-0.233786 70
-0.231237 66
-0.228803 82
-0.226154 86
-0.223673 80
-0.221268 86
-0.218903 80
-0.216126 73
-0.213667 80
-0.211321 78
-0.208742 79
-0.206153 95
-0.20365 79
-0.201226 89
-0.198786 92
-0.196146 74
-0.193818 68
-0.191242 81
-0.188724 91
-0.186279 80
-0.183801 86
-0.18123 103
-0.178861 81
-0.176217 86
-0.173739 77
-0.171355 88
-0.168777 82
-0.16614 84
-0.163726 88
-0.161316 95
-0.158748 87
-0.156111 77
-0.153744 89
-0.15109 88
-0.148751 87
-0.146321 82
-0.143687 75
-0.141126 79
-0.138898 77
-0.136196 74
-0.133666 82
-0.131195 87
-0.128782 100
-0.126241 69
-0.123805 79
-0.121117 71
-0.118712 67
-0.116205 78
-0.113736 72
-0.11114 76
-0.108708 82
-0.106183 72
-0.103753 91
-0.101207 100
-0.0988254 87
-0.0964268 73
-0.093697 78
-0.0911984 90
-0.088791 79
-0.086287 79
-0.0836555 62
-0.0811701 88
-0.0787193 77
-0.0762007 88
-0.0739099 73
-0.07132 71
-0.0687897 70
-0.066296 85
-0.063719 89
-0.0612826 79
-0.0588083 89
-0.0563009 82
-0.0538649 83
-0.0513245 74
-0.0486744 93
-0.046256 98
-0.0437226 95
-0.0412747 67
-0.0387619 68
-0.0361241 68
-0.0337827 93
-0.031143 90
-0.0287009 74
-0.0262652 76
-0.0237931 94
-0.0212078 84
-0.0187676 80
-0.0162605 80
-0.0137028 83
-0.0112284 94
-0.00881059 91
-0.00628981 84
-0.00390784 67
-0.00128444 79
0.00130003 78
0.00365057 83
0.00626665 80
0.0087122 80
0.0112753 85
0.0139641 89
0.0161744 83
0.0185975 84
0.0211575 75
0.0237234 83
0.0262786 91
0.0287073 81
0.0311968 84
0.0336789 81
0.0362061 72
0.0387464 78
0.0411965 91
0.0436297 85
0.0463003 97
0.0488593 81
0.0510726 70
0.0536264 94
0.0563009 93
0.0586369 90
0.0612889 95
0.0637888 80
0.0662409 84
0.0686366 89
0.0713259 92
0.0736913 91
0.0761353 75
0.0787501 83
0.0814486 94
0.083709 74
0.0860383 83
0.0888222 88
0.09142 75
0.093672 81
0.0962308 76
0.0987174 70
0.10106 78
0.103792 64
0.106195 89
0.108725 73
0.111104 78
0.113636 81
0.11632 88
0.118754 87
0.121148 88
0.12376 78
0.126246 93
0.128702 70
0.131257 101
0.133836 87
0.136311 91
0.138589 75
0.141327 79
0.14376 68
0.146255 89
0.148533 89
0.151261 83
0.153828 81
0.156209 91
0.158942 77
0.161096 69
0.163823 87
0.166391 79
0.168701 64
0.171216 88
0.173678 87
0.17635 86
0.178845 75
0.181241 74
0.183594 98
0.186168 86
0.188894 64
0.191265 79
0.193823 95
0.196117 70
0.198693 78
0.201177 78
0.203709 93
0.206204 85
0.208718 83
0.211399 84
0.213673 91
0.21619 79
0.218669 75
0.22136 71
0.223657 81
0.226157 86
0.228782 65
0.231228 77
0.233726 83
0.236206 76
0.238735 85
0.241184 78
0.243754 76
0.246118 95
0.248772 93
0.249971 1
