0.000000 0.000000 0.000000 0.000000 0.000000 
0.000000 0.000000 0.000000 0.000000 0.000000 
-1.000000 -0.000383 0.000000 0.000000 0.000000 
-1.000000 -0.000141 0.000000 0.000000 0.000000 
-1.000000 -0.000052 0.000000 0.000000 0.000000 
-1.000000 -0.000019 0.000000 0.000000 0.000000 
-1.000000 -0.000007 0.000000 0.000000 0.000000 
-1.000000 -0.000003 0.000000 0.000000 0.000000 
-1.000000 -0.000001 0.000000 0.000000 0.000000 
-1.000000 -0.000000 0.000000 0.000000 0.000000 
-0.900000 0.000083 0.000000 0.000000 0.000000 
-0.900000 0.000030 0.000000 0.000000 0.000000 
-0.900000 0.000011 0.000000 0.000000 0.000000 
-0.900000 0.000004 0.000000 0.000000 0.000000 
-0.900000 0.000002 0.000000 0.000000 0.000000 
-0.900000 0.000001 0.000000 0.000000 0.000000 
-0.900000 0.000000 0.000000 0.000000 0.000000 
-0.900000 0.000000 0.000000 0.000000 0.000000 
-0.900000 0.000000 0.000000 0.000000 0.000000 
-0.900000 0.000000 0.000000 0.000000 0.000000 
-0.900000 0.000000 0.000000 0.000000 0.000000 
-0.900000 0.000000 0.000000 0.000000 0.000000 
-0.900000 0.000000 0.000000 0.000000 0.000000 
-0.900000 0.000000 0.000000 0.000000 0.000000 
-0.900000 0.000000 0.000000 0.000000 0.000000 
-0.900000 0.000000 0.000000 0.000000 0.000000 
-1.900000 -0.000517 0.000000 0.000000 0.000000 
-1.900000 -0.000190 0.000000 0.000000 0.000000 
-1.900000 -0.000070 0.000000 0.000000 0.000000 
-1.900000 -0.000026 0.000000 0.000000 0.000000 
-2.900000 -0.000891 0.000000 0.000000 0.000000 
-2.900000 -0.000328 0.000000 0.000000 0.000000 
-2.900000 -0.000120 0.000000 0.000000 0.000000 
-2.900000 -0.000044 0.000000 0.000000 0.000000 
-2.900000 -0.000016 0.000000 0.000000 0.000000 
-2.900000 -0.000006 0.000000 0.000000 0.000000 
-3.900000 -0.000964 0.000000 0.000000 0.000000 
-3.900000 -0.000354 0.000000 0.000000 0.000000 
-3.900000 -0.000130 0.000000 0.000000 0.000000 
-3.900000 -0.000048 0.000000 0.000000 0.000000 
-3.900000 -0.000018 0.000000 0.000000 0.000000 
-3.900000 -0.000006 0.000000 0.000000 0.000000 
-3.900000 -0.000002 0.000000 0.000000 0.000000 
-3.900000 -0.000001 0.000000 0.000000 0.000000 
-4.900000 -0.000593 0.000000 0.000000 0.000000 
-3.100002 0.001049 0.000000 0.000000 0.000000 
-1.200003 0.001381 0.000000 0.000000 0.000000 
-1.900003 0.000214 0.000000 0.000000 0.000000 
-1.200003 0.000629 0.000000 0.000000 0.000000 
-1.200003 0.000231 0.000000 0.000000 0.000000 
-1.200003 0.000085 0.000000 0.000000 0.000000 
-1.200003 0.000031 0.000000 0.000000 0.000000 
-1.200003 0.000012 0.000000 0.000000 0.000000 
-0.600003 0.000453 0.000000 0.000000 0.000000 
-0.600003 0.000167 0.000000 0.000000 0.000000 
-0.600003 0.000061 0.000000 0.000000 0.000000 
-0.600003 0.000023 0.000000 0.000000 0.000000 
-1.600003 -0.000991 0.000000 0.000000 0.000000 
-1.600003 -0.000364 0.000000 0.000000 0.000000 
-1.600003 -0.000134 0.000000 0.000000 0.000000 
-1.600003 -0.000049 0.000000 0.000000 0.000000 
-1.800003 0.000087 0.000000 0.000000 0.000000 
-1.400003 0.000224 0.000000 0.000000 0.000000 
-1.400003 0.000082 0.000000 0.000000 0.000000 
-1.400003 0.000030 0.000000 0.000000 0.000000 
-1.400003 0.000011 0.000000 0.000000 0.000000 
-1.400003 0.000004 0.000000 0.000000 0.000000 
-1.400003 0.000002 0.000000 0.000000 0.000000 
-1.400003 0.000001 0.000000 0.000000 0.000000 
-1.400003 0.000000 0.000000 0.000000 0.000000 
-1.400003 0.000000 0.000000 0.000000 0.000000 
-1.400003 0.000000 0.000000 0.000000 0.000000 
-1.400003 0.000000 0.000000 0.000000 0.000000 
-2.400003 -0.000563 0.000000 0.000000 0.000000 
-2.400003 -0.000207 0.000000 0.000000 0.000000 
-2.400003 -0.000076 0.000000 0.000000 0.000000 
-2.400003 -0.000028 0.000000 0.000000 0.000000 
-2.400003 -0.000010 0.000000 0.000000 0.000000 
-2.400003 -0.000004 0.000000 0.000000 0.000000 
-2.400003 -0.000001 0.000000 0.000000 0.000000 
-2.400003 -0.000001 0.000000 0.000000 0.000000 
-2.400003 -0.000000 0.000000 0.000000 0.000000 
1.399997 0.002411 0.000000 0.000000 0.000000 
1.399997 0.000887 0.000000 0.000000 0.000000 
0.399997 -0.000507 0.000000 0.000000 0.000000 
-6.600003 -0.005129 0.000000 0.000000 0.000000 
-6.600003 -0.001886 0.000000 0.000000 0.000000 
-6.600003 -0.000693 0.000000 0.000000 0.000000 
-6.600003 -0.000255 0.000000 0.000000 0.000000 
-6.600003 -0.000094 0.000000 0.000000 0.000000 
-6.600003 -0.000034 0.000000 0.000000 0.000000 
-7.600003 -0.000865 0.000000 0.000000 0.000000 
-6.800004 0.000430 0.000000 0.000000 0.000000 
-5.100005 0.000856 0.000000 0.000000 0.000000 
-5.100005 0.000315 0.000000 0.000000 0.000000 
-5.100005 0.000116 0.000000 0.000000 0.000000 
-5.100005 0.000043 0.000000 0.000000 0.000000 
-6.100005 -0.000602 0.000000 0.000000 0.000000 
-5.300006 0.000414 0.000000 0.000000 0.000000 
-5.300006 0.000152 0.000000 0.000000 0.000000 
-5.300006 0.000056 0.000000 0.000000 0.000000 
-5.300006 0.000021 0.000000 0.000000 0.000000 
-5.300006 0.000008 0.000000 0.000000 0.000000 
-5.300006 0.000003 0.000000 0.000000 0.000000 
-5.300006 0.000001 0.000000 0.000000 0.000000 
-6.300006 -0.000659 0.000000 0.000000 0.000000 
-6.300006 -0.000242 0.000000 0.000000 0.000000 
-6.300006 -0.000089 0.000000 0.000000 0.000000 
-6.300006 -0.000033 0.000000 0.000000 0.000000 
-6.300006 -0.000012 0.000000 0.000000 0.000000 
-6.300006 -0.000004 0.000000 0.000000 0.000000 
-6.300006 -0.000002 0.000000 0.000000 0.000000 
-5.800006 0.000202 0.000000 0.000000 0.000000 
-5.800006 0.000074 0.000000 0.000000 0.000000 
-5.800006 0.000027 0.000000 0.000000 0.000000 
-6.800006 -0.000734 0.000000 0.000000 0.000000 
-6.800006 -0.000270 0.000000 0.000000 0.000000 
-6.800006 -0.000099 0.000000 0.000000 0.000000 
-6.800006 -0.000037 0.000000 0.000000 0.000000 
-6.800006 -0.000013 0.000000 0.000000 0.000000 
-6.800006 -0.000005 0.000000 0.000000 0.000000 
-6.800006 -0.000002 0.000000 0.000000 0.000000 
-6.800006 -0.000001 0.000000 0.000000 0.000000 
-7.800006 -0.000845 0.000000 0.000000 0.000000 
-7.800006 -0.000311 0.000000 0.000000 0.000000 
-6.700007 0.000656 0.000000 0.000000 0.000000 
-5.200009 0.000957 0.000000 0.000000 0.000000 
-5.200009 0.000352 0.000000 0.000000 0.000000 
-5.200009 0.000129 0.000000 0.000000 0.000000 
-5.200009 0.000048 0.000000 0.000000 0.000000 
-5.200009 0.000017 0.000000 0.000000 0.000000 
-5.200009 0.000006 0.000000 0.000000 0.000000 
-5.200009 0.000002 0.000000 0.000000 0.000000 
-5.200009 0.000001 0.000000 0.000000 0.000000 
-5.200009 0.000000 0.000000 0.000000 0.000000 
-5.200009 0.000000 0.000000 0.000000 0.000000 
-5.200009 0.000000 0.000000 0.000000 0.000000 
-4.000010 0.000519 0.000000 0.000000 0.000000 
-4.000010 0.000191 0.000000 0.000000 0.000000 
-4.000010 0.000070 0.000000 0.000000 0.000000 
-4.000010 0.000026 0.000000 0.000000 0.000000 
-4.000010 0.000009 0.000000 0.000000 0.000000 
-4.000010 0.000003 0.000000 0.000000 0.000000 
-4.000010 0.000001 0.000000 0.000000 0.000000 
-4.000010 0.000000 0.000000 0.000000 0.000000 
-4.000010 0.000000 0.000000 0.000000 0.000000 
-4.000010 0.000000 0.000000 0.000000 0.000000 
-5.000010 -0.000720 0.000000 0.000000 0.000000 
-5.000010 -0.000265 0.000000 0.000000 0.000000 
-5.000010 -0.000097 0.000000 0.000000 0.000000 
-5.000010 -0.000036 0.000000 0.000000 0.000000 
-5.000010 -0.000013 0.000000 0.000000 0.000000 
-5.000010 -0.000005 0.000000 0.000000 0.000000 
-5.000010 -0.000002 0.000000 0.000000 0.000000 
-5.000010 -0.000001 0.000000 0.000000 0.000000 
-5.000010 -0.000000 0.000000 0.000000 0.000000 
-5.000010 -0.000000 0.000000 0.000000 0.000000 
-5.000010 -0.000000 0.000000 0.000000 0.000000 
-5.000010 -0.000000 0.000000 0.000000 0.000000 
-5.000010 -0.000000 0.000000 0.000000 0.000000 
-5.000010 -0.000000 0.000000 0.000000 0.000000 
-5.000010 -0.000000 0.000000 0.000000 0.000000 
-5.000010 -0.000000 0.000000 0.000000 0.000000 
-5.000010 -0.000000 0.000000 0.000000 0.000000 
-6.000010 -0.000382 0.000000 0.000000 0.000000 
-6.000010 -0.000140 0.000000 0.000000 0.000000 
-6.000010 -0.000052 0.000000 0.000000 0.000000 
-6.000010 -0.000019 0.000000 0.000000 0.000000 
-6.000010 -0.000007 0.000000 0.000000 0.000000 
-6.000010 -0.000003 0.000000 0.000000 0.000000 
-7.000010 -0.000610 0.000000 0.000000 0.000000 
-14.900009 -0.005110 0.000000 0.000000 0.000000 
-14.900009 -0.001879 0.000000 0.000000 0.000000 
-14.900009 -0.000691 0.000000 0.000000 0.000000 
-14.900009 -0.000254 0.000000 0.000000 0.000000 
-14.900009 -0.000093 0.000000 0.000000 0.000000 
-14.900009 -0.000034 0.000000 0.000000 0.000000 
-14.900009 -0.000013 0.000000 0.000000 0.000000 
-14.900009 -0.000005 0.000000 0.000000 0.000000 
-14.900009 -0.000002 0.000000 0.000000 0.000000 
-14.900009 -0.000001 0.000000 0.000000 0.000000 
-14.900009 -0.000000 0.000000 0.000000 0.000000 
-14.900009 -0.000000 0.000000 0.000000 0.000000 
-14.900009 -0.000000 0.000000 0.000000 0.000000 
-14.900009 -0.000000 0.000000 0.000000 0.000000 
-14.900009 -0.000000 0.000000 0.000000 0.000000 
-14.900009 -0.000000 0.000000 0.000000 0.000000 
-14.900009 -0.000000 0.000000 0.000000 0.000000 
-14.900009 -0.000000 0.000000 0.000000 0.000000 
-14.900009 -0.000000 0.000000 0.000000 0.000000 
-15.900009 -0.000546 0.000000 0.000000 0.000000 
-15.900009 -0.000201 0.000000 0.000000 0.000000 
-15.900009 -0.000074 0.000000 0.000000 0.000000 
-15.900009 -0.000027 0.000000 0.000000 0.000000 
-15.900009 -0.000010 0.000000 0.000000 0.000000 
-15.900009 -0.000004 0.000000 0.000000 0.000000 
-15.900009 -0.000001 0.000000 0.000000 0.000000 
-14.700005 0.001107 0.000000 0.000000 0.000000 
-14.700005 0.000407 0.000000 0.000000 0.000000 
-14.700005 0.000150 0.000000 0.000000 0.000000 
-14.700005 0.000055 0.000000 0.000000 0.000000 
-14.700005 0.000020 0.000000 0.000000 0.000000 
-12.199995 0.001461 0.000000 0.000000 0.000000 
-12.199995 0.000537 0.000000 0.000000 0.000000 
-12.199995 0.000198 0.000000 0.000000 0.000000 
-12.199995 0.000073 0.000000 0.000000 0.000000 
-12.199995 0.000027 0.000000 0.000000 0.000000 
-12.199995 0.000010 0.000000 0.000000 0.000000 
-12.199995 0.000004 0.000000 0.000000 0.000000 
-12.199995 0.000001 0.000000 0.000000 0.000000 
-4.699983 0.005105 0.000000 0.000000 0.000000 
-4.599983 0.001921 0.000000 0.000000 0.000000 
-5.599983 0.000064 0.000000 0.000000 0.000000 
-5.599983 0.000024 0.000000 0.000000 0.000000 
-5.599983 0.000009 0.000000 0.000000 0.000000 
-5.599983 0.000003 0.000000 0.000000 0.000000 
-6.599983 -0.000795 0.000000 0.000000 0.000000 
-6.599983 -0.000292 0.000000 0.000000 0.000000 
-5.099984 0.001119 0.000000 0.000000 0.000000 
-3.199986 0.001174 0.000000 0.000000 0.000000 
-3.199986 0.000432 0.000000 0.000000 0.000000 
-3.199986 0.000159 0.000000 0.000000 0.000000 
-3.199986 0.000058 0.000000 0.000000 0.000000 
-3.199986 0.000021 0.000000 0.000000 0.000000 
-3.199986 0.000008 0.000000 0.000000 0.000000 
-3.199986 0.000003 0.000000 0.000000 0.000000 
-3.199986 0.000001 0.000000 0.000000 0.000000 
4.300012 0.005077 0.000000 0.000000 0.000000 
-2.199988 -0.002327 0.000000 0.000000 0.000000 
-2.199988 -0.000856 0.000000 0.000000 0.000000 
-3.199988 -0.000710 0.000000 0.000000 0.000000 
-3.199988 -0.000261 0.000000 0.000000 0.000000 
-3.199988 -0.000096 0.000000 0.000000 0.000000 
-3.199988 -0.000035 0.000000 0.000000 0.000000 
-4.199988 -0.000586 0.000000 0.000000 0.000000 
-4.199988 -0.000216 0.000000 0.000000 0.000000 
-4.199988 -0.000079 0.000000 0.000000 0.000000 
-4.199988 -0.000029 0.000000 0.000000 0.000000 
-4.199988 -0.000011 0.000000 0.000000 0.000000 
-4.199988 -0.000004 0.000000 0.000000 0.000000 
-4.199988 -0.000001 0.000000 0.000000 0.000000 
-4.199988 -0.000001 0.000000 0.000000 0.000000 
-4.199988 -0.000000 0.000000 0.000000 0.000000 
-2.799990 0.001135 0.000000 0.000000 0.000000 
-2.799990 0.000418 0.000000 0.000000 0.000000 
-2.799990 0.000154 0.000000 0.000000 0.000000 
-1.599990 0.000914 0.000000 0.000000 0.000000 
-1.599990 0.000336 0.000000 0.000000 0.000000 
-1.599990 0.000124 0.000000 0.000000 0.000000 
-1.599990 0.000045 0.000000 0.000000 0.000000 
-1.599990 0.000017 0.000000 0.000000 0.000000 
-1.599990 0.000006 0.000000 0.000000 0.000000 
-1.599990 0.000002 0.000000 0.000000 0.000000 
-1.599990 0.000001 0.000000 0.000000 0.000000 
-1.599990 0.000000 0.000000 0.000000 0.000000 
8.100005 0.006062 0.000000 0.000000 0.000000 
9.900012 0.003057 0.000000 0.000000 0.000000 
10.700015 0.001479 0.000000 0.000000 0.000000 
10.700015 0.000544 0.000000 0.000000 0.000000 
10.700015 0.000200 0.000000 0.000000 0.000000 
10.700015 0.000074 0.000000 0.000000 0.000000 
10.700015 0.000027 0.000000 0.000000 0.000000 
9.700015 -0.000809 0.000000 0.000000 0.000000 
9.700015 -0.000297 0.000000 0.000000 0.000000 
9.700015 -0.000109 0.000000 0.000000 0.000000 
9.700015 -0.000040 0.000000 0.000000 0.000000 
8.700015 -0.000384 0.000000 0.000000 0.000000 
8.700015 -0.000141 0.000000 0.000000 0.000000 
8.700015 -0.000052 0.000000 0.000000 0.000000 
7.700015 -0.000427 0.000000 0.000000 0.000000 
7.700015 -0.000157 0.000000 0.000000 0.000000 
7.700015 -0.000058 0.000000 0.000000 0.000000 
7.700015 -0.000021 0.000000 0.000000 0.000000 
6.700015 -0.000753 0.000000 0.000000 0.000000 
-2.099985 -0.006512 0.000000 0.000000 0.000000 
-2.099985 -0.002394 0.000000 0.000000 0.000000 
-2.099985 -0.000880 0.000000 0.000000 0.000000 
-2.099985 -0.000324 0.000000 0.000000 0.000000 
-2.099985 -0.000119 0.000000 0.000000 0.000000 
-2.099985 -0.000044 0.000000 0.000000 0.000000 
-2.099985 -0.000016 0.000000 0.000000 0.000000 
-2.099985 -0.000006 0.000000 0.000000 0.000000 
-2.099985 -0.000002 0.000000 0.000000 0.000000 
-2.099985 -0.000001 0.000000 0.000000 0.000000 
-2.099985 -0.000000 0.000000 0.000000 0.000000 
-2.099985 -0.000000 0.000000 0.000000 0.000000 
-2.099985 -0.000000 0.000000 0.000000 0.000000 
-3.099985 -0.000395 0.000000 0.000000 0.000000 
-3.099985 -0.000145 0.000000 0.000000 0.000000 
-3.099985 -0.000053 0.000000 0.000000 0.000000 
-2.999985 0.000039 0.000000 0.000000 0.000000 
-2.999985 0.000014 0.000000 0.000000 0.000000 
-2.999985 0.000005 0.000000 0.000000 0.000000 
-2.999985 0.000002 0.000000 0.000000 0.000000 
-2.999985 0.000001 0.000000 0.000000 0.000000 
-3.999985 -0.000558 0.000000 0.000000 0.000000 
-3.999985 -0.000205 0.000000 0.000000 0.000000 
-3.999985 -0.000075 0.000000 0.000000 0.000000 
-3.999985 -0.000028 0.000000 0.000000 0.000000 
-4.999985 -0.000539 0.000000 0.000000 0.000000 
