0.000000 0.000000 0.000000 0.000000 0.000000 
0.000000 0.000000 0.000000 0.000000 0.000000 
-10.300000 -0.007125 0.000000 0.000000 0.000000 
-10.300000 -0.002620 0.000000 0.000000 0.000000 
-10.300000 -0.000963 0.000000 0.000000 0.000000 
-10.300000 -0.000354 0.000000 0.000000 0.000000 
-10.300000 -0.000130 0.000000 0.000000 0.000000 
-10.300000 -0.000048 0.000000 0.000000 0.000000 
-10.300000 -0.000018 0.000000 0.000000 0.000000 
-10.300000 -0.000006 0.000000 0.000000 0.000000 
-10.300000 -0.000002 0.000000 0.000000 0.000000 
-10.300000 -0.000001 0.000000 0.000000 0.000000 
-9.099996 0.001069 0.000000 0.000000 0.000000 
-7.999992 0.000818 0.000000 0.000000 0.000000 
-7.199993 0.000806 0.000000 0.000000 0.000000 
-7.199993 0.000296 0.000000 0.000000 0.000000 
-7.199993 0.000109 0.000000 0.000000 0.000000 
-7.199993 0.000040 0.000000 0.000000 0.000000 
-7.199993 0.000015 0.000000 0.000000 0.000000 
-7.199993 0.000005 0.000000 0.000000 0.000000 
-7.199993 0.000002 0.000000 0.000000 0.000000 
-7.199993 0.000001 0.000000 0.000000 0.000000 
-7.199993 0.000000 0.000000 0.000000 0.000000 
-7.199993 0.000000 0.000000 0.000000 0.000000 
-7.199993 0.000000 0.000000 0.000000 0.000000 
-7.199993 0.000000 0.000000 0.000000 0.000000 
-7.199993 0.000000 0.000000 0.000000 0.000000 
-7.199993 0.000000 0.000000 0.000000 0.000000 
-7.199993 0.000000 0.000000 0.000000 0.000000 
-7.199993 0.000000 0.000000 0.000000 0.000000 
-7.099993 0.000063 0.000000 0.000000 0.000000 
-7.099993 0.000023 0.000000 0.000000 0.000000 
-7.099993 0.000009 0.000000 0.000000 0.000000 
-7.099993 0.000003 0.000000 0.000000 0.000000 
-8.099993 -0.000695 0.000000 0.000000 0.000000 
-2.199998 0.003554 0.000000 0.000000 0.000000 
-0.599998 0.002099 0.000000 0.000000 0.000000 
-0.599998 0.000772 0.000000 0.000000 0.000000 
-0.599998 0.000284 0.000000 0.000000 0.000000 
6.999998 0.005025 0.000000 0.000000 0.000000 
6.999998 0.001848 0.000000 0.000000 0.000000 
6.999998 0.000679 0.000000 0.000000 0.000000 
0.999998 -0.003478 0.000000 0.000000 0.000000 
-4.500002 -0.004925 0.000000 0.000000 0.000000 
2.299996 0.002372 0.000000 0.000000 0.000000 
2.299996 0.000872 0.000000 0.000000 0.000000 
5.999992 0.002249 0.000000 0.000000 0.000000 
5.999992 0.000827 0.000000 0.000000 0.000000 
14.300014 0.005476 0.000000 0.000000 0.000000 
16.600023 0.003088 0.000000 0.000000 0.000000 
16.600023 0.001136 0.000000 0.000000 0.000000 
25.700058 0.006616 0.000000 0.000000 0.000000 
26.900063 0.002949 0.000000 0.000000 0.000000 
32.700069 0.004968 0.000000 0.000000 0.000000 
33.000065 0.001985 0.000000 0.000000 0.000000 
33.000065 0.000730 0.000000 0.000000 0.000000 
37.000004 0.002639 0.000000 0.000000 0.000000 
39.299969 0.001985 0.000000 0.000000 0.000000 
47.899837 0.006342 0.000000 0.000000 0.000000 
48.199833 0.002519 0.000000 0.000000 0.000000 
56.799702 0.005998 0.000000 0.000000 0.000000 
58.199680 0.002776 0.000000 0.000000 0.000000 
53.199680 -0.002491 0.000000 0.000000 0.000000 
61.399555 0.004521 0.000000 0.000000 0.000000 
62.099545 0.002107 0.000000 0.000000 0.000000 
68.999443 0.005036 0.000000 0.000000 0.000000 
69.799431 0.002182 0.000000 0.000000 0.000000 
69.799431 0.000802 0.000000 0.000000 0.000000 
69.799431 0.000295 0.000000 0.000000 0.000000 
68.799431 -0.000521 0.000000 0.000000 0.000000 
64.799431 -0.002553 0.000000 0.000000 0.000000 
59.799431 -0.003865 0.000000 0.000000 0.000000 
67.399315 0.002848 0.000000 0.000000 0.000000 
69.099289 0.001741 0.000000 0.000000 0.000000 
69.099289 0.000640 0.000000 0.000000 0.000000 
73.699219 0.003354 0.000000 0.000000 0.000000 
74.999199 0.001746 0.000000 0.000000 0.000000 
73.999199 -0.000322 0.000000 0.000000 0.000000 
80.499100 0.004311 0.000000 0.000000 0.000000 
78.999092 0.000447 0.000000 0.000000 0.000000 
86.098984 0.004884 0.000000 0.000000 0.000000 
87.198967 0.002278 0.000000 0.000000 0.000000 
95.098846 0.005744 0.000000 0.000000 0.000000 
102.098740 0.006253 0.000000 0.000000 0.000000 
104.998695 0.004583 0.000000 0.000000 0.000000 
114.898544 0.007943 0.000000 0.000000 0.000000 
121.398445 0.007026 0.000000 0.000000 0.000000 
126.698364 0.005786 0.000000 0.000000 0.000000 
135.798813 0.008177 0.000000 0.000000 0.000000 
136.598862 0.003393 0.000000 0.000000 0.000000 
136.598862 0.001248 0.000000 0.000000 0.000000 
135.698868 0.000054 0.000000 0.000000 0.000000 
135.698868 0.000020 0.000000 0.000000 0.000000 
143.099319 0.004558 0.000000 0.000000 0.000000 
143.099319 0.001676 0.000000 0.000000 0.000000 
143.199326 0.000666 0.000000 0.000000 0.000000 
134.199326 -0.005836 0.000000 0.000000 0.000000 
141.599777 0.002830 0.000000 0.000000 0.000000 
150.500320 0.006563 0.000000 0.000000 0.000000 
151.400375 0.002797 0.000000 0.000000 0.000000 
157.000717 0.004878 0.000000 0.000000 0.000000 
162.201035 0.005104 0.000000 0.000000 0.000000 
167.701370 0.005432 0.000000 0.000000 0.000000 
172.201645 0.004415 0.000000 0.000000 0.000000 
172.201645 0.001623 0.000000 0.000000 0.000000 
169.201645 -0.001026 0.000000 0.000000 0.000000 
172.901871 0.002422 0.000000 0.000000 0.000000 
176.802109 0.003076 0.000000 0.000000 0.000000 
175.802109 0.000541 0.000000 0.000000 0.000000 
175.402145 0.000107 0.000000 0.000000 0.000000 
178.602341 0.002243 0.000000 0.000000 0.000000 
184.602707 0.004977 0.000000 0.000000 0.000000 
184.602707 0.001830 0.000000 0.000000 0.000000 
191.603134 0.005499 0.000000 0.000000 0.000000 
192.403183 0.002338 0.000000 0.000000 0.000000 
197.703506 0.003920 0.000000 0.000000 0.000000 
207.704117 0.007894 0.000000 0.000000 0.000000 
207.704117 0.002903 0.000000 0.000000 0.000000 
207.704117 0.001067 0.000000 0.000000 0.000000 
214.404526 0.004925 0.000000 0.000000 0.000000 
214.804550 0.001961 0.000000 0.000000 0.000000 
221.804977 0.005205 0.000000 0.000000 0.000000 
230.705521 0.007436 0.000000 0.000000 0.000000 
235.305801 0.005861 0.000000 0.000000 0.000000 
242.406235 0.006790 0.000000 0.000000 0.000000 
250.506729 0.008050 0.000000 0.000000 0.000000 
250.806747 0.003118 0.000000 0.000000 0.000000 
250.806747 0.001146 0.000000 0.000000 0.000000 
258.407196 0.005035 0.000000 0.000000 0.000000 
258.407196 0.001851 0.000000 0.000000 0.000000 
252.407196 -0.003334 0.000000 0.000000 0.000000 
246.307251 -0.005214 0.000000 0.000000 0.000000 
254.707764 0.003533 0.000000 0.000000 0.000000 
261.108154 0.005403 0.000000 0.000000 0.000000 
268.308594 0.006344 0.000000 0.000000 0.000000 
276.309082 0.007291 0.000000 0.000000 0.000000 
284.409576 0.007802 0.000000 0.000000 0.000000 
286.809723 0.004197 0.000000 0.000000 0.000000 
292.510071 0.005262 0.000000 0.000000 0.000000 
298.310425 0.005602 0.000000 0.000000 0.000000 
304.010773 0.006066 0.000000 0.000000 0.000000 
309.911133 0.005601 0.000000 0.000000 0.000000 
314.611420 0.004975 0.000000 0.000000 0.000000 
317.611603 0.003402 0.000000 0.000000 0.000000 
324.412018 0.005639 0.000000 0.000000 0.000000 
329.812347 0.005252 0.000000 0.000000 0.000000 
335.512695 0.005346 0.000000 0.000000 0.000000 
342.313110 0.006654 0.000000 0.000000 0.000000 
348.413483 0.006600 0.000000 0.000000 0.000000 
354.213837 0.006015 0.000000 0.000000 0.000000 
359.114136 0.005833 0.000000 0.000000 0.000000 
364.014435 0.005281 0.000000 0.000000 0.000000 
370.714844 0.005376 0.000000 0.000000 0.000000 
378.315308 0.006577 0.000000 0.000000 0.000000 
385.415741 0.006872 0.000000 0.000000 0.000000 
393.716248 0.007938 0.000000 0.000000 0.000000 
403.416840 0.009134 0.000000 0.000000 0.000000 
411.517334 0.008692 0.000000 0.000000 0.000000 
419.917847 0.008258 0.000000 0.000000 0.000000 
426.818268 0.007921 0.000000 0.000000 0.000000 
434.218719 0.007457 0.000000 0.000000 0.000000 
442.719238 0.007955 0.000000 0.000000 0.000000 
450.219696 0.007946 0.000000 0.000000 0.000000 
457.720154 0.007936 0.000000 0.000000 0.000000 
465.820648 0.007981 0.000000 0.000000 0.000000 
473.521118 0.007535 0.000000 0.000000 0.000000 
482.621674 0.008571 0.000000 0.000000 0.000000 
489.222076 0.007099 0.000000 0.000000 0.000000 
497.122559 0.007386 0.000000 0.000000 0.000000 
503.822968 0.006721 0.000000 0.000000 0.000000 
510.523376 0.006863 0.000000 0.000000 0.000000 
515.122681 0.005124 0.000000 0.000000 0.000000 
521.721069 0.005837 0.000000 0.000000 0.000000 
527.319702 0.005377 0.000000 0.000000 0.000000 
534.218018 0.006099 0.000000 0.000000 0.000000 
542.815918 0.007599 0.000000 0.000000 0.000000 
549.714233 0.006837 0.000000 0.000000 0.000000 
558.712036 0.008276 0.000000 0.000000 0.000000 
567.409912 0.008810 0.000000 0.000000 0.000000 
576.007812 0.008695 0.000000 0.000000 0.000000 
580.606689 0.006531 0.000000 0.000000 0.000000 
585.605469 0.005388 0.000000 0.000000 0.000000 
591.204102 0.005594 0.000000 0.000000 0.000000 
599.702026 0.007374 0.000000 0.000000 0.000000 
608.699829 0.008654 0.000000 0.000000 0.000000 
617.697632 0.009116 0.000000 0.000000 0.000000 
624.995850 0.008267 0.000000 0.000000 0.000000 
632.194092 0.007886 0.000000 0.000000 0.000000 
639.992188 0.007961 0.000000 0.000000 0.000000 
648.890015 0.008184 0.000000 0.000000 0.000000 
656.388184 0.007443 0.000000 0.000000 0.000000 
664.886108 0.008163 0.000000 0.000000 0.000000 
671.184570 0.007102 0.000000 0.000000 0.000000 
678.082886 0.007198 0.000000 0.000000 0.000000 
683.081665 0.006349 0.000000 0.000000 0.000000 
689.979980 0.006201 0.000000 0.000000 0.000000 
697.078247 0.006988 0.000000 0.000000 0.000000 
704.776367 0.007145 0.000000 0.000000 0.000000 
712.774414 0.007489 0.000000 0.000000 0.000000 
718.972900 0.006747 0.000000 0.000000 0.000000 
724.171631 0.005908 0.000000 0.000000 0.000000 
729.470337 0.005256 0.000000 0.000000 0.000000 
734.968994 0.005348 0.000000 0.000000 0.000000 
739.167969 0.004501 0.000000 0.000000 0.000000 
744.266724 0.005102 0.000000 0.000000 0.000000 
752.764648 0.007224 0.000000 0.000000 0.000000 
760.962646 0.007709 0.000000 0.000000 0.000000 
765.861450 0.005987 0.000000 0.000000 0.000000 
772.059937 0.006016 0.000000 0.000000 0.000000 
772.559570 0.002185 0.000000 0.000000 0.000000 
764.559570 -0.004070 0.000000 0.000000 0.000000 
772.857544 0.004084 0.000000 0.000000 0.000000 
779.755859 0.005353 0.000000 0.000000 0.000000 
777.755859 0.000618 0.000000 0.000000 0.000000 
777.755859 0.000227 0.000000 0.000000 0.000000 
772.755859 -0.003242 0.000000 0.000000 0.000000 
779.554199 0.003263 0.000000 0.000000 0.000000 
780.054077 0.001394 0.000000 0.000000 0.000000 
788.751953 0.006225 0.000000 0.000000 0.000000 
788.751953 0.002289 0.000000 0.000000 0.000000 
796.650024 0.005940 0.000000 0.000000 0.000000 
806.947510 0.008446 0.000000 0.000000 0.000000 
806.947510 0.003106 0.000000 0.000000 0.000000 
806.947510 0.001142 0.000000 0.000000 0.000000 
813.845825 0.004938 0.000000 0.000000 0.000000 
813.845825 0.001816 0.000000 0.000000 0.000000 
821.144043 0.005460 0.000000 0.000000 0.000000 
825.942871 0.005317 0.000000 0.000000 0.000000 
837.040161 0.009004 0.000000 0.000000 0.000000 
844.138428 0.007905 0.000000 0.000000 0.000000 
853.536133 0.008371 0.000000 0.000000 0.000000 
857.235229 0.005469 0.000000 0.000000 0.000000 
863.033813 0.005612 0.000000 0.000000 0.000000 
870.631958 0.006714 0.000000 0.000000 0.000000 
878.330078 0.007623 0.000000 0.000000 0.000000 
885.828247 0.007707 0.000000 0.000000 0.000000 
894.326172 0.007943 0.000000 0.000000 0.000000 
902.124268 0.007284 0.000000 0.000000 0.000000 
911.222046 0.008320 0.000000 0.000000 0.000000 
920.919678 0.009233 0.000000 0.000000 0.000000 
928.517822 0.007948 0.000000 0.000000 0.000000 
936.115967 0.007635 0.000000 0.000000 0.000000 
946.613403 0.009350 0.000000 0.000000 0.000000 
954.311523 0.008148 0.000000 0.000000 0.000000 
962.109619 0.008297 0.000000 0.000000 0.000000 
968.907959 0.007564 0.000000 0.000000 0.000000 
975.706299 0.007209 0.000000 0.000000 0.000000 
982.304688 0.006678 0.000000 0.000000 0.000000 
988.503174 0.006452 0.000000 0.000000 0.000000 
993.901855 0.005702 0.000000 0.000000 0.000000 
1000.700195 0.006044 0.000000 0.000000 0.000000 
1007.498535 0.006360 0.000000 0.000000 0.000000 
1015.196655 0.007503 0.000000 0.000000 0.000000 
1019.695557 0.005315 0.000000 0.000000 0.000000 
1026.193970 0.005683 0.000000 0.000000 0.000000 
1033.492188 0.007266 0.000000 0.000000 0.000000 
1038.690918 0.005972 0.000000 0.000000 0.000000 
1045.689209 0.006594 0.000000 0.000000 0.000000 
1053.887207 0.007841 0.000000 0.000000 0.000000 
1061.085449 0.007573 0.000000 0.000000 0.000000 
1068.983521 0.007668 0.000000 0.000000 0.000000 
1076.281738 0.007261 0.000000 0.000000 0.000000 
1083.280029 0.007190 0.000000 0.000000 0.000000 
1089.478516 0.006671 0.000000 0.000000 0.000000 
1095.677002 0.006420 0.000000 0.000000 0.000000 
1105.974487 0.008651 0.000000 0.000000 0.000000 
1114.272461 0.008062 0.000000 0.000000 0.000000 
1124.270020 0.009298 0.000000 0.000000 0.000000 
1129.668701 0.007082 0.000000 0.000000 0.000000 
1136.067139 0.006696 0.000000 0.000000 0.000000 
1143.865234 0.007598 0.000000 0.000000 0.000000 
1152.663086 0.008211 0.000000 0.000000 0.000000 
1159.861328 0.007333 0.000000 0.000000 0.000000 
1168.759155 0.008854 0.000000 0.000000 0.000000 
1175.457520 0.007080 0.000000 0.000000 0.000000 
1182.755737 0.007108 0.000000 0.000000 0.000000 
1190.153931 0.007578 0.000000 0.000000 0.000000 
1198.251953 0.007740 0.000000 0.000000 0.000000 
1207.749634 0.008818 0.000000 0.000000 0.000000 
1213.248291 0.006501 0.000000 0.000000 0.000000 
1220.546509 0.006860 0.000000 0.000000 0.000000 
1228.644531 0.007527 0.000000 0.000000 0.000000 
1238.442139 0.009025 0.000000 0.000000 0.000000 
1245.740356 0.008104 0.000000 0.000000 0.000000 
1251.239014 0.006289 0.000000 0.000000 0.000000 
1258.137329 0.006385 0.000000 0.000000 0.000000 
1265.135620 0.006948 0.000000 0.000000 0.000000 
1270.434326 0.005900 0.000000 0.000000 0.000000 
1265.434326 -0.000868 0.000000 0.000000 0.000000 
1272.532593 0.004261 0.000000 0.000000 0.000000 
1279.031006 0.005725 0.000000 0.000000 0.000000 
1285.829346 0.006485 0.000000 0.000000 0.000000 
1293.427490 0.006862 0.000000 0.000000 0.000000 
1299.226074 0.006648 0.000000 0.000000 0.000000 
1306.124390 0.006940 0.000000 0.000000 0.000000 
1312.922729 0.007081 0.000000 0.000000 0.000000 
1321.220703 0.007891 0.000000 0.000000 0.000000 
1329.918579 0.008591 0.000000 0.000000 0.000000 
1338.616455 0.008296 0.000000 0.000000 0.000000 
1348.514038 0.009549 0.000000 0.000000 0.000000 
