0.000000 0.000000 0.000000 0.000000 0.000000 
0.000000 0.000000 0.000000 0.000000 0.000000 
0.000000 0.000000 0.000000 0.000000 0.000000 
-1.000000 -0.000654 0.000000 0.000000 0.000000 
-1.000000 -0.000241 0.000000 0.000000 0.000000 
0.400000 0.000563 0.000000 0.000000 0.000000 
0.500000 0.000258 0.000000 0.000000 0.000000 
0.500000 0.000095 0.000000 0.000000 0.000000 
0.500000 0.000035 0.000000 0.000000 0.000000 
0.500000 0.000013 0.000000 0.000000 0.000000 
0.500000 0.000005 0.000000 0.000000 0.000000 
-0.500000 -0.000764 0.000000 0.000000 0.000000 
-5.900001 -0.003637 0.000000 0.000000 0.000000 
-5.900001 -0.001337 0.000000 0.000000 0.000000 
-5.500001 -0.000237 0.000000 0.000000 0.000000 
-3.600003 0.001200 0.000000 0.000000 0.000000 
-2.200004 0.001025 0.000000 0.000000 0.000000 
-1.600004 0.000643 0.000000 0.000000 0.000000 
-1.600004 0.000237 0.000000 0.000000 0.000000 
-1.600004 0.000087 0.000000 0.000000 0.000000 
-1.600004 0.000032 0.000000 0.000000 0.000000 
-1.600004 0.000012 0.000000 0.000000 0.000000 
-2.600004 -0.000404 0.000000 0.000000 0.000000 
-2.600004 -0.000149 0.000000 0.000000 0.000000 
-2.600004 -0.000055 0.000000 0.000000 0.000000 
-2.600004 -0.000020 0.000000 0.000000 0.000000 
-3.600004 -0.000496 0.000000 0.000000 0.000000 
-3.600004 -0.000182 0.000000 0.000000 0.000000 
-3.600004 -0.000067 0.000000 0.000000 0.000000 
-3.600004 -0.000025 0.000000 0.000000 0.000000 
-3.600004 -0.000009 0.000000 0.000000 0.000000 
-3.600004 -0.000003 0.000000 0.000000 0.000000 
-3.600004 -0.000001 0.000000 0.000000 0.000000 
-3.600004 -0.000000 0.000000 0.000000 0.000000 
-4.600004 -0.000792 0.000000 0.000000 0.000000 
-4.600004 -0.000291 0.000000 0.000000 0.000000 
-4.600004 -0.000107 0.000000 0.000000 0.000000 
-4.600004 -0.000039 0.000000 0.000000 0.000000 
-4.600004 -0.000014 0.000000 0.000000 0.000000 
-4.600004 -0.000005 0.000000 0.000000 0.000000 
-4.600004 -0.000002 0.000000 0.000000 0.000000 
-4.600004 -0.000001 0.000000 0.000000 0.000000 
-4.600004 -0.000000 0.000000 0.000000 0.000000 
-5.600004 -0.000492 0.000000 0.000000 0.000000 
-5.600004 -0.000181 0.000000 0.000000 0.000000 
-5.600004 -0.000066 0.000000 0.000000 0.000000 
-5.600004 -0.000024 0.000000 0.000000 0.000000 
-5.600004 -0.000009 0.000000 0.000000 0.000000 
-5.600004 -0.000003 0.000000 0.000000 0.000000 
-5.600004 -0.000001 0.000000 0.000000 0.000000 
-5.500004 0.000042 0.000000 0.000000 0.000000 
-5.500004 0.000015 0.000000 0.000000 0.000000 
-6.500004 -0.000976 0.000000 0.000000 0.000000 
-6.500004 -0.000359 0.000000 0.000000 0.000000 
-6.500004 -0.000132 0.000000 0.000000 0.000000 
-5.800005 0.000374 0.000000 0.000000 0.000000 
-5.800005 0.000137 0.000000 0.000000 0.000000 
-5.800005 0.000051 0.000000 0.000000 0.000000 
-5.800005 0.000019 0.000000 0.000000 0.000000 
-6.800005 -0.000733 0.000000 0.000000 0.000000 
-13.199999 -0.004906 0.000000 0.000000 0.000000 
-13.199999 -0.001804 0.000000 0.000000 0.000000 
-13.199999 -0.000663 0.000000 0.000000 0.000000 
-13.199999 -0.000244 0.000000 0.000000 0.000000 
-13.199999 -0.000090 0.000000 0.000000 0.000000 
-13.199999 -0.000033 0.000000 0.000000 0.000000 
-13.199999 -0.000012 0.000000 0.000000 0.000000 
-11.999990 0.000828 0.000000 0.000000 0.000000 
-11.999990 0.000304 0.000000 0.000000 0.000000 
-10.099983 0.001449 0.000000 0.000000 0.000000 
-10.099983 0.000533 0.000000 0.000000 0.000000 
-11.099983 -0.000676 0.000000 0.000000 0.000000 
-11.099983 -0.000249 0.000000 0.000000 0.000000 
-11.099983 -0.000091 0.000000 0.000000 0.000000 
-10.999979 -0.000459 0.000000 0.000000 0.000000 
-10.999979 -0.000169 0.000000 0.000000 0.000000 
-10.999979 -0.000062 0.000000 0.000000 0.000000 
-10.999979 -0.000023 0.000000 0.000000 0.000000 
-10.999979 -0.000008 0.000000 0.000000 0.000000 
-10.999979 -0.000003 0.000000 0.000000 0.000000 
-10.999979 -0.000001 0.000000 0.000000 0.000000 
-10.999979 -0.000000 0.000000 0.000000 0.000000 
-10.999979 -0.000000 0.000000 0.000000 0.000000 
-10.999979 -0.000000 0.000000 0.000000 0.000000 
-10.999979 -0.000000 0.000000 0.000000 0.000000 
-10.999979 -0.000000 0.000000 0.000000 0.000000 
-10.999979 -0.000000 0.000000 0.000000 0.000000 
-11.999979 -0.000579 0.000000 0.000000 0.000000 
-17.999979 -0.004159 0.000000 0.000000 0.000000 
-28.799978 -0.008498 0.000000 0.000000 0.000000 
-28.799978 -0.003125 0.000000 0.000000 0.000000 
-28.799978 -0.001149 0.000000 0.000000 0.000000 
-29.799978 -0.000795 0.000000 0.000000 0.000000 
-29.799978 -0.000292 0.000000 0.000000 0.000000 
-29.799978 -0.000107 0.000000 0.000000 0.000000 
-29.799978 -0.000040 0.000000 0.000000 0.000000 
-29.199976 0.000296 0.000000 0.000000 0.000000 
-29.999975 -0.000501 0.000000 0.000000 0.000000 
-28.299969 0.000489 0.000000 0.000000 0.000000 
-28.299969 0.000180 0.000000 0.000000 0.000000 
-28.299969 0.000066 0.000000 0.000000 0.000000 
-28.299969 0.000024 0.000000 0.000000 0.000000 
-28.299969 0.000009 0.000000 0.000000 0.000000 
-28.299969 0.000003 0.000000 0.000000 0.000000 
-28.299969 0.000001 0.000000 0.000000 0.000000 
-29.299969 -0.000371 0.000000 0.000000 0.000000 
-29.299969 -0.000137 0.000000 0.000000 0.000000 
-29.299969 -0.000050 0.000000 0.000000 0.000000 
-29.299969 -0.000018 0.000000 0.000000 0.000000 
-28.999968 0.000147 0.000000 0.000000 0.000000 
-28.999968 0.000054 0.000000 0.000000 0.000000 
-28.999968 0.000020 0.000000 0.000000 0.000000 
-28.999968 0.000007 0.000000 0.000000 0.000000 
-29.999968 -0.000428 0.000000 0.000000 0.000000 
-29.999968 -0.000157 0.000000 0.000000 0.000000 
-28.399961 0.000837 0.000000 0.000000 0.000000 
-28.399961 0.000308 0.000000 0.000000 0.000000 
-28.399961 0.000113 0.000000 0.000000 0.000000 
-28.399961 0.000042 0.000000 0.000000 0.000000 
-28.399961 0.000015 0.000000 0.000000 0.000000 
-28.399961 0.000006 0.000000 0.000000 0.000000 
-28.399961 0.000002 0.000000 0.000000 0.000000 
-28.399961 0.000001 0.000000 0.000000 0.000000 
-28.399961 0.000000 0.000000 0.000000 0.000000 
-28.399961 0.000000 0.000000 0.000000 0.000000 
-28.399961 0.000000 0.000000 0.000000 0.000000 
-28.699959 -0.000151 0.000000 0.000000 0.000000 
-28.699959 -0.000055 0.000000 0.000000 0.000000 
-28.699959 -0.000020 0.000000 0.000000 0.000000 
-28.699959 -0.000007 0.000000 0.000000 0.000000 
-28.699959 -0.000003 0.000000 0.000000 0.000000 
-28.699959 -0.000001 0.000000 0.000000 0.000000 
-28.699959 -0.000000 0.000000 0.000000 0.000000 
-28.699959 -0.000000 0.000000 0.000000 0.000000 
-28.699959 -0.000000 0.000000 0.000000 0.000000 
-29.399958 -0.000572 0.000000 0.000000 0.000000 
-28.799955 0.000046 0.000000 0.000000 0.000000 
-26.699947 0.001353 0.000000 0.000000 0.000000 
-26.699947 0.000497 0.000000 0.000000 0.000000 
-26.699947 0.000183 0.000000 0.000000 0.000000 
-26.699947 0.000067 0.000000 0.000000 0.000000 
-26.599947 0.000088 0.000000 0.000000 0.000000 
-26.599947 0.000032 0.000000 0.000000 0.000000 
-26.599947 0.000012 0.000000 0.000000 0.000000 
-26.599947 0.000004 0.000000 0.000000 0.000000 
-26.599947 0.000002 0.000000 0.000000 0.000000 
-27.599947 -0.000502 0.000000 0.000000 0.000000 
-36.299950 -0.005624 0.000000 0.000000 0.000000 
-37.299950 -0.002992 0.000000 0.000000 0.000000 
-37.299950 -0.001100 0.000000 0.000000 0.000000 
-37.299950 -0.000405 0.000000 0.000000 0.000000 
-37.299950 -0.000149 0.000000 0.000000 0.000000 
-37.299950 -0.000055 0.000000 0.000000 0.000000 
-38.299950 -0.000435 0.000000 0.000000 0.000000 
-38.299950 -0.000160 0.000000 0.000000 0.000000 
-38.299950 -0.000059 0.000000 0.000000 0.000000 
-38.299950 -0.000022 0.000000 0.000000 0.000000 
-38.299950 -0.000008 0.000000 0.000000 0.000000 
-39.299950 -0.000956 0.000000 0.000000 0.000000 
-39.299950 -0.000352 0.000000 0.000000 0.000000 
-39.299950 -0.000129 0.000000 0.000000 0.000000 
-39.299950 -0.000048 0.000000 0.000000 0.000000 
-39.299950 -0.000017 0.000000 0.000000 0.000000 
-39.299950 -0.000006 0.000000 0.000000 0.000000 
-40.299950 -0.000436 0.000000 0.000000 0.000000 
-40.299950 -0.000160 0.000000 0.000000 0.000000 
-40.299950 -0.000059 0.000000 0.000000 0.000000 
-40.299950 -0.000022 0.000000 0.000000 0.000000 
-40.299950 -0.000008 0.000000 0.000000 0.000000 
-40.299950 -0.000003 0.000000 0.000000 0.000000 
-40.299950 -0.000001 0.000000 0.000000 0.000000 
-40.299950 -0.000000 0.000000 0.000000 0.000000 
-40.299950 -0.000000 0.000000 0.000000 0.000000 
-40.299950 -0.000000 0.000000 0.000000 0.000000 
-40.299950 -0.000000 0.000000 0.000000 0.000000 
-40.299950 -0.000000 0.000000 0.000000 0.000000 
-40.299950 -0.000000 0.000000 0.000000 0.000000 
-40.299950 -0.000000 0.000000 0.000000 0.000000 
-40.299950 -0.000000 0.000000 0.000000 0.000000 
-40.299950 -0.000000 0.000000 0.000000 0.000000 
-41.299950 -0.000516 0.000000 0.000000 0.000000 
-48.299950 -0.004884 0.000000 0.000000 0.000000 
-55.299965 -0.005734 0.000000 0.000000 0.000000 
-55.199966 -0.002014 0.000000 0.000000 0.000000 
-54.299980 0.000067 0.000000 0.000000 0.000000 
-53.599991 0.000410 0.000000 0.000000 0.000000 
-53.599991 0.000151 0.000000 0.000000 0.000000 
-54.599991 -0.000637 0.000000 0.000000 0.000000 
-54.599991 -0.000234 0.000000 0.000000 0.000000 
-54.599991 -0.000086 0.000000 0.000000 0.000000 
-54.599991 -0.000032 0.000000 0.000000 0.000000 
-54.599991 -0.000012 0.000000 0.000000 0.000000 
-54.599991 -0.000004 0.000000 0.000000 0.000000 
-54.599991 -0.000002 0.000000 0.000000 0.000000 
-54.599991 -0.000001 0.000000 0.000000 0.000000 
-55.599991 -0.000806 0.000000 0.000000 0.000000 
-55.599991 -0.000296 0.000000 0.000000 0.000000 
-55.599991 -0.000109 0.000000 0.000000 0.000000 
-55.599991 -0.000040 0.000000 0.000000 0.000000 
-55.599991 -0.000015 0.000000 0.000000 0.000000 
-55.599991 -0.000005 0.000000 0.000000 0.000000 
-55.599991 -0.000002 0.000000 0.000000 0.000000 
-55.599991 -0.000001 0.000000 0.000000 0.000000 
-55.599991 -0.000000 0.000000 0.000000 0.000000 
-56.599991 -0.000991 0.000000 0.000000 0.000000 
-60.199997 -0.003133 0.000000 0.000000 0.000000 
-52.900108 0.003843 0.000000 0.000000 0.000000 
-59.700111 -0.003318 0.000000 0.000000 0.000000 
-59.700111 -0.001220 0.000000 0.000000 0.000000 
-59.700111 -0.000449 0.000000 0.000000 0.000000 
-59.700111 -0.000165 0.000000 0.000000 0.000000 
-59.700111 -0.000061 0.000000 0.000000 0.000000 
-60.200119 -0.000149 0.000000 0.000000 0.000000 
-60.200119 -0.000055 0.000000 0.000000 0.000000 
-60.200119 -0.000020 0.000000 0.000000 0.000000 
-60.200119 -0.000007 0.000000 0.000000 0.000000 
-60.200119 -0.000003 0.000000 0.000000 0.000000 
-60.200119 -0.000001 0.000000 0.000000 0.000000 
-60.200119 -0.000000 0.000000 0.000000 0.000000 
-60.200119 -0.000000 0.000000 0.000000 0.000000 
-60.200119 -0.000000 0.000000 0.000000 0.000000 
-60.200119 -0.000000 0.000000 0.000000 0.000000 
-60.200119 -0.000000 0.000000 0.000000 0.000000 
-60.200119 -0.000000 0.000000 0.000000 0.000000 
-60.200119 -0.000000 0.000000 0.000000 0.000000 
-61.200119 -0.000652 0.000000 0.000000 0.000000 
-59.800140 0.000907 0.000000 0.000000 0.000000 
-66.800140 -0.004267 0.000000 0.000000 0.000000 
-74.800140 -0.006382 0.000000 0.000000 0.000000 
-74.800140 -0.002347 0.000000 0.000000 0.000000 
-75.800140 -0.001558 0.000000 0.000000 0.000000 
-75.800140 -0.000573 0.000000 0.000000 0.000000 
-75.800140 -0.000211 0.000000 0.000000 0.000000 
-75.800140 -0.000077 0.000000 0.000000 0.000000 
-75.800140 -0.000028 0.000000 0.000000 0.000000 
-73.400177 0.001204 0.000000 0.000000 0.000000 
-73.400177 0.000443 0.000000 0.000000 0.000000 
-73.400177 0.000163 0.000000 0.000000 0.000000 
-73.400177 0.000060 0.000000 0.000000 0.000000 
-73.400177 0.000022 0.000000 0.000000 0.000000 
-73.400177 0.000008 0.000000 0.000000 0.000000 
-73.400177 0.000003 0.000000 0.000000 0.000000 
-73.400177 0.000001 0.000000 0.000000 0.000000 
-73.400177 0.000000 0.000000 0.000000 0.000000 
-73.400177 0.000000 0.000000 0.000000 0.000000 
-73.400177 0.000000 0.000000 0.000000 0.000000 
-73.400177 0.000000 0.000000 0.000000 0.000000 
-73.400177 0.000000 0.000000 0.000000 0.000000 
-73.400177 0.000000 0.000000 0.000000 0.000000 
-73.400177 0.000000 0.000000 0.000000 0.000000 
-74.400177 -0.000378 0.000000 0.000000 0.000000 
-74.400177 -0.000139 0.000000 0.000000 0.000000 
-74.400177 -0.000051 0.000000 0.000000 0.000000 
-75.400177 -0.000708 0.000000 0.000000 0.000000 
-70.800262 0.002434 0.000000 0.000000 0.000000 
-67.700310 0.002665 0.000000 0.000000 0.000000 
-61.400406 0.004946 0.000000 0.000000 0.000000 
-52.800537 0.007258 0.000000 0.000000 0.000000 
-52.600540 0.002746 0.000000 0.000000 0.000000 
-57.900551 -0.001908 0.000000 0.000000 0.000000 
-57.900551 -0.000702 0.000000 0.000000 0.000000 
-56.800583 0.000411 0.000000 0.000000 0.000000 
-56.800583 0.000151 0.000000 0.000000 0.000000 
-56.800583 0.000056 0.000000 0.000000 0.000000 
-56.800583 0.000020 0.000000 0.000000 0.000000 
-56.800583 0.000008 0.000000 0.000000 0.000000 
-56.800583 0.000003 0.000000 0.000000 0.000000 
-56.800583 0.000001 0.000000 0.000000 0.000000 
-53.000641 0.001951 0.000000 0.000000 0.000000 
-52.900642 0.000755 0.000000 0.000000 0.000000 
-45.700752 0.005093 0.000000 0.000000 0.000000 
-39.000854 0.006409 0.000000 0.000000 0.000000 
-32.100960 0.006815 0.000000 0.000000 0.000000 
-25.500937 0.006860 0.000000 0.000000 0.000000 
-21.000919 0.005491 0.000000 0.000000 0.000000 
-14.600895 0.006276 0.000000 0.000000 0.000000 
-7.400870 0.006991 0.000000 0.000000 0.000000 
0.399125 0.006840 0.000000 0.000000 0.000000 
8.499122 0.007628 0.000000 0.000000 0.000000 
19.399162 0.009739 0.000000 0.000000 0.000000 
26.199188 0.007492 0.000000 0.000000 0.000000 
34.199177 0.007949 0.000000 0.000000 0.000000 
41.899059 0.007871 0.000000 0.000000 0.000000 
51.198917 0.008738 0.000000 0.000000 0.000000 
59.198795 0.008399 0.000000 0.000000 0.000000 
65.598701 0.007187 0.000000 0.000000 0.000000 
74.298569 0.008105 0.000000 0.000000 0.000000 
78.898499 0.006115 0.000000 0.000000 0.000000 
90.498322 0.009586 0.000000 0.000000 0.000000 
97.198219 0.008046 0.000000 0.000000 0.000000 
105.098099 0.007962 0.000000 0.000000 0.000000 
105.098099 0.002928 0.000000 0.000000 0.000000 
111.797997 0.005129 0.000000 0.000000 0.000000 
119.997871 0.007232 0.000000 0.000000 0.000000 
127.297760 0.007490 0.000000 0.000000 0.000000 
133.998108 0.006846 0.000000 0.000000 0.000000 
142.098602 0.007609 0.000000 0.000000 0.000000 
148.398987 0.006642 0.000000 0.000000 0.000000 
155.799438 0.006366 0.000000 0.000000 0.000000 
160.299713 0.005151 0.000000 0.000000 0.000000 
