0.000000 0.000000 0.000000 0.000000 0.000000 
0.000000 0.000000 0.000000 0.000000 0.000000 
0.000000 0.000000 0.000000 0.000000 0.000000 
0.000000 0.000000 0.000000 0.000000 0.000000 
0.000000 0.000000 0.000000 0.000000 0.000000 
0.000000 0.000000 0.000000 0.000000 0.000000 
0.000000 0.000000 0.000000 0.000000 0.000000 
0.000000 0.000000 0.000000 0.000000 0.000000 
0.000000 0.000000 0.000000 0.000000 0.000000 
-1.000000 -0.000808 0.000000 0.000000 0.000000 
-9.000000 -0.005400 0.000000 0.000000 0.000000 
-16.899996 -0.006642 0.000000 0.000000 0.000000 
-22.899996 -0.006021 0.000000 0.000000 0.000000 
-23.099993 -0.001982 0.000000 0.000000 0.000000 
-23.099993 -0.000729 0.000000 0.000000 0.000000 
-23.099993 -0.000268 0.000000 0.000000 0.000000 
-23.099993 -0.000099 0.000000 0.000000 0.000000 
-23.099993 -0.000036 0.000000 0.000000 0.000000 
-22.799992 0.000144 0.000000 0.000000 0.000000 
-22.799992 0.000053 0.000000 0.000000 0.000000 
-22.799992 0.000019 0.000000 0.000000 0.000000 
-22.499990 0.000245 0.000000 0.000000 0.000000 
-22.499990 0.000090 0.000000 0.000000 0.000000 
-22.299990 0.000200 0.000000 0.000000 0.000000 
-21.999989 0.000186 0.000000 0.000000 0.000000 
-21.999989 0.000068 0.000000 0.000000 0.000000 
-21.999989 0.000025 0.000000 0.000000 0.000000 
-22.999989 -0.000623 0.000000 0.000000 0.000000 
-22.999989 -0.000229 0.000000 0.000000 0.000000 
-22.999989 -0.000084 0.000000 0.000000 0.000000 
-22.999989 -0.000031 0.000000 0.000000 0.000000 
-22.999989 -0.000011 0.000000 0.000000 0.000000 
-22.999989 -0.000004 0.000000 0.000000 0.000000 
-22.999989 -0.000002 0.000000 0.000000 0.000000 
-22.399986 0.000467 0.000000 0.000000 0.000000 
-22.199986 0.000255 0.000000 0.000000 0.000000 
-22.199986 0.000094 0.000000 0.000000 0.000000 
-22.199986 0.000034 0.000000 0.000000 0.000000 
-22.199986 0.000013 0.000000 0.000000 0.000000 
-23.199986 -0.000625 0.000000 0.000000 0.000000 
-23.199986 -0.000230 0.000000 0.000000 0.000000 
-23.199986 -0.000084 0.000000 0.000000 0.000000 
-23.199986 -0.000031 0.000000 0.000000 0.000000 
-23.199986 -0.000011 0.000000 0.000000 0.000000 
-23.199986 -0.000004 0.000000 0.000000 0.000000 
-23.199986 -0.000002 0.000000 0.000000 0.000000 
-23.199986 -0.000001 0.000000 0.000000 0.000000 
-23.199986 -0.000000 0.000000 0.000000 0.000000 
-24.199986 -0.000515 0.000000 0.000000 0.000000 
-18.799965 0.003251 0.000000 0.000000 0.000000 
-18.399963 0.001386 0.000000 0.000000 0.000000 
-18.399963 0.000510 0.000000 0.000000 0.000000 
-18.399963 0.000187 0.000000 0.000000 0.000000 
-17.699961 0.000413 0.000000 0.000000 0.000000 
-17.699961 0.000152 0.000000 0.000000 0.000000 
-17.399960 0.000335 0.000000 0.000000 0.000000 
-18.399960 -0.000761 0.000000 0.000000 0.000000 
-18.399960 -0.000280 0.000000 0.000000 0.000000 
-18.399960 -0.000103 0.000000 0.000000 0.000000 
-18.399960 -0.000038 0.000000 0.000000 0.000000 
-19.399960 -0.000516 0.000000 0.000000 0.000000 
-23.399960 -0.003105 0.000000 0.000000 0.000000 
-23.599957 -0.000927 0.000000 0.000000 0.000000 
-23.599957 -0.000341 0.000000 0.000000 0.000000 
-23.599957 -0.000125 0.000000 0.000000 0.000000 
-23.499956 0.000014 0.000000 0.000000 0.000000 
-23.499956 0.000005 0.000000 0.000000 0.000000 
-20.599945 0.002030 0.000000 0.000000 0.000000 
-20.399944 0.000906 0.000000 0.000000 0.000000 
-20.299944 0.000387 0.000000 0.000000 0.000000 
-20.299944 0.000142 0.000000 0.000000 0.000000 
-20.299944 0.000052 0.000000 0.000000 0.000000 
-19.999943 0.000185 0.000000 0.000000 0.000000 
-19.999943 0.000068 0.000000 0.000000 0.000000 
-19.999943 0.000025 0.000000 0.000000 0.000000 
-19.999943 0.000009 0.000000 0.000000 0.000000 
-19.999943 0.000003 0.000000 0.000000 0.000000 
-20.999943 -0.000720 0.000000 0.000000 0.000000 
-20.999943 -0.000265 0.000000 0.000000 0.000000 
-20.999943 -0.000097 0.000000 0.000000 0.000000 
-20.999943 -0.000036 0.000000 0.000000 0.000000 
-20.899942 0.000059 0.000000 0.000000 0.000000 
-20.799942 0.000064 0.000000 0.000000 0.000000 
-20.799942 0.000023 0.000000 0.000000 0.000000 
-20.799942 0.000009 0.000000 0.000000 0.000000 
-20.799942 0.000003 0.000000 0.000000 0.000000 
-21.799942 -0.000717 0.000000 0.000000 0.000000 
-14.199913 0.004568 0.000000 0.000000 0.000000 
-14.199913 0.001680 0.000000 0.000000 0.000000 
-14.599903 0.000809 0.000000 0.000000 0.000000 
-14.599903 0.000298 0.000000 0.000000 0.000000 
-13.099897 0.001029 0.000000 0.000000 0.000000 
-12.099894 0.001044 0.000000 0.000000 0.000000 
-11.899893 0.000476 0.000000 0.000000 0.000000 
-2.799883 0.006562 0.000000 0.000000 0.000000 
-1.999884 0.002742 0.000000 0.000000 0.000000 
1.800117 0.003026 0.000000 0.000000 0.000000 
-2.899884 -0.002458 0.000000 0.000000 0.000000 
-2.899884 -0.000904 0.000000 0.000000 0.000000 
-3.899884 -0.000769 0.000000 0.000000 0.000000 
-3.899884 -0.000283 0.000000 0.000000 0.000000 
-0.999885 0.002071 0.000000 0.000000 0.000000 
-0.399885 0.001095 0.000000 0.000000 0.000000 
3.900114 0.002898 0.000000 0.000000 0.000000 
4.200113 0.001180 0.000000 0.000000 0.000000 
4.900113 0.001003 0.000000 0.000000 0.000000 
6.900111 0.001741 0.000000 0.000000 0.000000 
7.200110 0.000798 0.000000 0.000000 0.000000 
7.200110 0.000293 0.000000 0.000000 0.000000 
7.200110 0.000108 0.000000 0.000000 0.000000 
7.200110 0.000040 0.000000 0.000000 0.000000 
7.200110 0.000015 0.000000 0.000000 0.000000 
0.500110 -0.004445 0.000000 0.000000 0.000000 
-6.199890 -0.005917 0.000000 0.000000 0.000000 
-6.199890 -0.002176 0.000000 0.000000 0.000000 
-6.199890 -0.000800 0.000000 0.000000 0.000000 
-6.199890 -0.000294 0.000000 0.000000 0.000000 
-6.199890 -0.000108 0.000000 0.000000 0.000000 
-6.199890 -0.000040 0.000000 0.000000 0.000000 
-7.199890 -0.000660 0.000000 0.000000 0.000000 
-4.599893 0.001839 0.000000 0.000000 0.000000 
-3.999893 0.000923 0.000000 0.000000 0.000000 
-3.999893 0.000339 0.000000 0.000000 0.000000 
-3.999893 0.000125 0.000000 0.000000 0.000000 
-3.999893 0.000046 0.000000 0.000000 0.000000 
-3.999893 0.000017 0.000000 0.000000 0.000000 
-3.999893 0.000006 0.000000 0.000000 0.000000 
-3.999893 0.000002 0.000000 0.000000 0.000000 
-3.999893 0.000001 0.000000 0.000000 0.000000 
-3.999893 0.000000 0.000000 0.000000 0.000000 
-3.999893 0.000000 0.000000 0.000000 0.000000 
-3.999893 0.000000 0.000000 0.000000 0.000000 
-3.999893 0.000000 0.000000 0.000000 0.000000 
-3.999893 0.000000 0.000000 0.000000 0.000000 
-3.999893 0.000000 0.000000 0.000000 0.000000 
-2.899894 0.001060 0.000000 0.000000 0.000000 
-2.499895 0.000542 0.000000 0.000000 0.000000 
-1.199895 0.000969 0.000000 0.000000 0.000000 
-1.199895 0.000356 0.000000 0.000000 0.000000 
-1.199895 0.000131 0.000000 0.000000 0.000000 
-1.199895 0.000048 0.000000 0.000000 0.000000 
-1.199895 0.000018 0.000000 0.000000 0.000000 
-1.199895 0.000007 0.000000 0.000000 0.000000 
-1.199895 0.000002 0.000000 0.000000 0.000000 
-1.199895 0.000001 0.000000 0.000000 0.000000 
-1.199895 0.000000 0.000000 0.000000 0.000000 
-1.199895 0.000000 0.000000 0.000000 0.000000 
-2.199895 -0.000625 0.000000 0.000000 0.000000 
5.000103 0.004427 0.000000 0.000000 0.000000 
6.400102 0.002261 0.000000 0.000000 0.000000 
6.400102 0.000831 0.000000 0.000000 0.000000 
-1.999899 -0.004785 0.000000 0.000000 0.000000 
-1.999899 -0.001760 0.000000 0.000000 0.000000 
-1.999899 -0.000647 0.000000 0.000000 0.000000 
-1.099898 0.000240 0.000000 0.000000 0.000000 
-1.099898 0.000088 0.000000 0.000000 0.000000 
-1.099898 0.000032 0.000000 0.000000 0.000000 
-1.099898 0.000012 0.000000 0.000000 0.000000 
-1.099898 0.000004 0.000000 0.000000 0.000000 
-1.099898 0.000002 0.000000 0.000000 0.000000 
-1.099898 0.000001 0.000000 0.000000 0.000000 
-1.099898 0.000000 0.000000 0.000000 0.000000 
-1.099898 0.000000 0.000000 0.000000 0.000000 
-1.099898 0.000000 0.000000 0.000000 0.000000 
-1.099898 0.000000 0.000000 0.000000 0.000000 
-1.099898 0.000000 0.000000 0.000000 0.000000 
-1.099898 0.000000 0.000000 0.000000 0.000000 
-2.099898 -0.000691 0.000000 0.000000 0.000000 
-2.099898 -0.000254 0.000000 0.000000 0.000000 
-2.099898 -0.000093 0.000000 0.000000 0.000000 
-2.099898 -0.000034 0.000000 0.000000 0.000000 
-2.099898 -0.000013 0.000000 0.000000 0.000000 
-2.099898 -0.000005 0.000000 0.000000 0.000000 
-2.099898 -0.000002 0.000000 0.000000 0.000000 
-2.099898 -0.000001 0.000000 0.000000 0.000000 
-2.099898 -0.000000 0.000000 0.000000 0.000000 
-2.099898 -0.000000 0.000000 0.000000 0.000000 
-2.099898 -0.000000 0.000000 0.000000 0.000000 
-2.099898 -0.000000 0.000000 0.000000 0.000000 
-2.099898 -0.000000 0.000000 0.000000 0.000000 
-2.099898 -0.000000 0.000000 0.000000 0.000000 
-2.099898 -0.000000 0.000000 0.000000 0.000000 
-3.099898 -0.000856 0.000000 0.000000 0.000000 
2.900100 0.003426 0.000000 0.000000 0.000000 
3.000100 0.001297 0.000000 0.000000 0.000000 
3.000100 0.000477 0.000000 0.000000 0.000000 
-2.499900 -0.003819 0.000000 0.000000 0.000000 
-2.499900 -0.001404 0.000000 0.000000 0.000000 
-2.499900 -0.000516 0.000000 0.000000 0.000000 
-2.499900 -0.000190 0.000000 0.000000 0.000000 
-2.499900 -0.000070 0.000000 0.000000 0.000000 
-2.499900 -0.000026 0.000000 0.000000 0.000000 
-2.499900 -0.000009 0.000000 0.000000 0.000000 
-2.499900 -0.000003 0.000000 0.000000 0.000000 
-2.499900 -0.000001 0.000000 0.000000 0.000000 
-2.499900 -0.000000 0.000000 0.000000 0.000000 
-2.499900 -0.000000 0.000000 0.000000 0.000000 
-2.499900 -0.000000 0.000000 0.000000 0.000000 
-1.699900 0.000389 0.000000 0.000000 0.000000 
-1.699900 0.000143 0.000000 0.000000 0.000000 
-1.699900 0.000053 0.000000 0.000000 0.000000 
-1.699900 0.000019 0.000000 0.000000 0.000000 
-1.699900 0.000007 0.000000 0.000000 0.000000 
-1.699900 0.000003 0.000000 0.000000 0.000000 
-2.699900 -0.000562 0.000000 0.000000 0.000000 
-1.999900 0.000237 0.000000 0.000000 0.000000 
-1.999900 0.000087 0.000000 0.000000 0.000000 
-2.999900 -0.000595 0.000000 0.000000 0.000000 
-2.999900 -0.000219 0.000000 0.000000 0.000000 
-2.999900 -0.000080 0.000000 0.000000 0.000000 
-2.999900 -0.000030 0.000000 0.000000 0.000000 
-2.999900 -0.000011 0.000000 0.000000 0.000000 
-2.999900 -0.000004 0.000000 0.000000 0.000000 
-2.999900 -0.000001 0.000000 0.000000 0.000000 
-2.999900 -0.000001 0.000000 0.000000 0.000000 
-1.399901 0.001046 0.000000 0.000000 0.000000 
-1.199901 0.000472 0.000000 0.000000 0.000000 
-1.199901 0.000174 0.000000 0.000000 0.000000 
-1.199901 0.000064 0.000000 0.000000 0.000000 
-1.199901 0.000023 0.000000 0.000000 0.000000 
-1.199901 0.000009 0.000000 0.000000 0.000000 
-1.199901 0.000003 0.000000 0.000000 0.000000 
-1.199901 0.000001 0.000000 0.000000 0.000000 
-1.199901 0.000000 0.000000 0.000000 0.000000 
-1.199901 0.000000 0.000000 0.000000 0.000000 
-1.199901 0.000000 0.000000 0.000000 0.000000 
-1.199901 0.000000 0.000000 0.000000 0.000000 
-1.199901 0.000000 0.000000 0.000000 0.000000 
-1.199901 0.000000 0.000000 0.000000 0.000000 
-1.199901 0.000000 0.000000 0.000000 0.000000 
-4.199901 -0.002062 0.000000 0.000000 0.000000 
-12.599901 -0.006519 0.000000 0.000000 0.000000 
-12.599901 -0.002397 0.000000 0.000000 0.000000 
-12.599901 -0.000881 0.000000 0.000000 0.000000 
-13.599901 -0.001265 0.000000 0.000000 0.000000 
-12.399897 0.000241 0.000000 0.000000 0.000000 
-12.199896 0.000171 0.000000 0.000000 0.000000 
-12.199896 0.000063 0.000000 0.000000 0.000000 
-12.199896 0.000023 0.000000 0.000000 0.000000 
-12.199896 0.000009 0.000000 0.000000 0.000000 
-12.199896 0.000003 0.000000 0.000000 0.000000 
-12.199896 0.000001 0.000000 0.000000 0.000000 
-13.199896 -0.000964 0.000000 0.000000 0.000000 
-13.199896 -0.000355 0.000000 0.000000 0.000000 
-12.899895 0.000075 0.000000 0.000000 0.000000 
-12.899895 0.000027 0.000000 0.000000 0.000000 
-12.899895 0.000010 0.000000 0.000000 0.000000 
-11.399889 0.000600 0.000000 0.000000 0.000000 
-11.399889 0.000221 0.000000 0.000000 0.000000 
-11.399889 0.000081 0.000000 0.000000 0.000000 
-11.399889 0.000030 0.000000 0.000000 0.000000 
-11.399889 0.000011 0.000000 0.000000 0.000000 
-11.399889 0.000004 0.000000 0.000000 0.000000 
-11.399889 0.000001 0.000000 0.000000 0.000000 
-11.399889 0.000001 0.000000 0.000000 0.000000 
-12.399889 -0.000665 0.000000 0.000000 0.000000 
-7.499873 0.003038 0.000000 0.000000 0.000000 
-6.699874 0.001463 0.000000 0.000000 0.000000 
-6.699874 0.000538 0.000000 0.000000 0.000000 
-7.699874 -0.000354 0.000000 0.000000 0.000000 
-14.699874 -0.004590 0.000000 0.000000 0.000000 
-19.499872 -0.004807 0.000000 0.000000 0.000000 
-19.099871 -0.001534 0.000000 0.000000 0.000000 
-19.099871 -0.000564 0.000000 0.000000 0.000000 
-17.799866 0.000601 0.000000 0.000000 0.000000 
-17.799866 0.000221 0.000000 0.000000 0.000000 
-17.799866 0.000081 0.000000 0.000000 0.000000 
-18.799866 -0.000480 0.000000 0.000000 0.000000 
-18.799866 -0.000177 0.000000 0.000000 0.000000 
-18.799866 -0.000065 0.000000 0.000000 0.000000 
-18.799866 -0.000024 0.000000 0.000000 0.000000 
-18.799866 -0.000009 0.000000 0.000000 0.000000 
-18.799866 -0.000003 0.000000 0.000000 0.000000 
-18.799866 -0.000001 0.000000 0.000000 0.000000 
-19.799866 -0.000432 0.000000 0.000000 0.000000 
-19.799866 -0.000159 0.000000 0.000000 0.000000 
-19.799866 -0.000058 0.000000 0.000000 0.000000 
-19.799866 -0.000021 0.000000 0.000000 0.000000 
-19.799866 -0.000008 0.000000 0.000000 0.000000 
-20.799866 -0.000588 0.000000 0.000000 0.000000 
-20.799866 -0.000216 0.000000 0.000000 0.000000 
-20.799866 -0.000080 0.000000 0.000000 0.000000 
-21.799866 -0.000639 0.000000 0.000000 0.000000 
-21.399864 -0.000029 0.000000 0.000000 0.000000 
-21.399864 -0.000011 0.000000 0.000000 0.000000 
-21.399864 -0.000004 0.000000 0.000000 0.000000 
-21.399864 -0.000001 0.000000 0.000000 0.000000 
-21.399864 -0.000001 0.000000 0.000000 0.000000 
-21.399864 -0.000000 0.000000 0.000000 0.000000 
-21.399864 -0.000000 0.000000 0.000000 0.000000 
-21.399864 -0.000000 0.000000 0.000000 0.000000 
-21.399864 -0.000000 0.000000 0.000000 0.000000 
-21.399864 -0.000000 0.000000 0.000000 0.000000 
-21.399864 -0.000000 0.000000 0.000000 0.000000 
-21.399864 -0.000000 0.000000 0.000000 0.000000 
-21.399864 -0.000000 0.000000 0.000000 0.000000 
-21.399864 -0.000000 0.000000 0.000000 0.000000 
-21.399864 -0.000000 0.000000 0.000000 0.000000 
-21.399864 -0.000000 0.000000 0.000000 0.000000 
-21.399864 -0.000000 0.000000 0.000000 0.000000 
