0.000000 0.000000 0.000000 0.000000 0.000000 
0.000000 0.000000 0.000000 0.000000 0.000000 
0.000000 0.000000 0.000000 0.000000 0.000000 
-1.000000 -0.000591 0.000000 0.000000 0.000000 
-1.000000 -0.000217 0.000000 0.000000 0.000000 
-0.300000 0.000422 0.000000 0.000000 0.000000 
-0.300000 0.000155 0.000000 0.000000 0.000000 
-0.300000 0.000057 0.000000 0.000000 0.000000 
-0.300000 0.000021 0.000000 0.000000 0.000000 
-0.300000 0.000008 0.000000 0.000000 0.000000 
-0.300000 0.000003 0.000000 0.000000 0.000000 
-0.300000 0.000001 0.000000 0.000000 0.000000 
-0.300000 0.000000 0.000000 0.000000 0.000000 
-0.300000 0.000000 0.000000 0.000000 0.000000 
-0.300000 0.000000 0.000000 0.000000 0.000000 
-0.300000 0.000000 0.000000 0.000000 0.000000 
-0.300000 0.000000 0.000000 0.000000 0.000000 
-0.300000 0.000000 0.000000 0.000000 0.000000 
-0.300000 0.000000 0.000000 0.000000 0.000000 
-0.300000 0.000000 0.000000 0.000000 0.000000 
-0.300000 0.000000 0.000000 0.000000 0.000000 
-0.300000 0.000000 0.000000 0.000000 0.000000 
-0.300000 0.000000 0.000000 0.000000 0.000000 
-0.300000 0.000000 0.000000 0.000000 0.000000 
-0.300000 0.000000 0.000000 0.000000 0.000000 
-0.300000 0.000000 0.000000 0.000000 0.000000 
-0.300000 0.000000 0.000000 0.000000 0.000000 
-0.300000 0.000000 0.000000 0.000000 0.000000 
-0.300000 0.000000 0.000000 0.000000 0.000000 
-0.300000 0.000000 0.000000 0.000000 0.000000 
-0.300000 0.000000 0.000000 0.000000 0.000000 
-0.300000 0.000000 0.000000 0.000000 0.000000 
-0.300000 0.000000 0.000000 0.000000 0.000000 
-0.300000 0.000000 0.000000 0.000000 0.000000 
-0.300000 0.000000 0.000000 0.000000 0.000000 
-0.300000 0.000000 0.000000 0.000000 0.000000 
-1.300000 -0.000753 0.000000 0.000000 0.000000 
-1.300000 -0.000277 0.000000 0.000000 0.000000 
-1.300000 -0.000102 0.000000 0.000000 0.000000 
-1.300000 -0.000037 0.000000 0.000000 0.000000 
-1.300000 -0.000014 0.000000 0.000000 0.000000 
-1.300000 -0.000005 0.000000 0.000000 0.000000 
-1.300000 -0.000002 0.000000 0.000000 0.000000 
-1.300000 -0.000001 0.000000 0.000000 0.000000 
-1.300000 -0.000000 0.000000 0.000000 0.000000 
-1.300000 -0.000000 0.000000 0.000000 0.000000 
-1.300000 -0.000000 0.000000 0.000000 0.000000 
-2.300000 -0.000505 0.000000 0.000000 0.000000 
-11.599998 -0.005800 0.000000 0.000000 0.000000 
-6.899986 0.001578 0.000000 0.000000 0.000000 
-5.999987 0.000941 0.000000 0.000000 0.000000 
-5.999987 0.000346 0.000000 0.000000 0.000000 
0.200009 0.004357 0.000000 0.000000 0.000000 
0.200009 0.001602 0.000000 0.000000 0.000000 
-0.699991 0.000285 0.000000 0.000000 0.000000 
-0.699991 0.000105 0.000000 0.000000 0.000000 
-0.699991 0.000039 0.000000 0.000000 0.000000 
-0.699991 0.000014 0.000000 0.000000 0.000000 
-0.699991 0.000005 0.000000 0.000000 0.000000 
4.500008 0.003397 0.000000 0.000000 0.000000 
7.500005 0.002517 0.000000 0.000000 0.000000 
6.500005 0.000528 0.000000 0.000000 0.000000 
6.500005 0.000194 0.000000 0.000000 0.000000 
13.300024 0.004992 0.000000 0.000000 0.000000 
13.500025 0.001932 0.000000 0.000000 0.000000 
13.500025 0.000711 0.000000 0.000000 0.000000 
21.400055 0.005471 0.000000 0.000000 0.000000 
21.400055 0.002012 0.000000 0.000000 0.000000 
21.400055 0.000740 0.000000 0.000000 0.000000 
21.500055 0.000366 0.000000 0.000000 0.000000 
20.500055 -0.000488 0.000000 0.000000 0.000000 
20.500055 -0.000179 0.000000 0.000000 0.000000 
23.600071 0.002645 0.000000 0.000000 0.000000 
31.300100 0.005340 0.000000 0.000000 0.000000 
31.800102 0.002153 0.000000 0.000000 0.000000 
31.400105 0.000437 0.000000 0.000000 0.000000 
31.600105 0.000251 0.000000 0.000000 0.000000 
41.899956 0.006795 0.000000 0.000000 0.000000 
42.199951 0.002639 0.000000 0.000000 0.000000 
33.599945 -0.004532 0.000000 0.000000 0.000000 
33.599945 -0.001666 0.000000 0.000000 0.000000 
41.299828 0.004656 0.000000 0.000000 0.000000 
41.799820 0.001942 0.000000 0.000000 0.000000 
39.799820 -0.000490 0.000000 0.000000 0.000000 
33.799820 -0.003919 0.000000 0.000000 0.000000 
40.399719 0.002853 0.000000 0.000000 0.000000 
44.199661 0.003093 0.000000 0.000000 0.000000 
44.199661 0.001137 0.000000 0.000000 0.000000 
53.599518 0.006438 0.000000 0.000000 0.000000 
54.499504 0.002707 0.000000 0.000000 0.000000 
54.499504 0.000995 0.000000 0.000000 0.000000 
61.599396 0.005097 0.000000 0.000000 0.000000 
61.999390 0.002040 0.000000 0.000000 0.000000 
63.199371 0.001581 0.000000 0.000000 0.000000 
61.199371 -0.000462 0.000000 0.000000 0.000000 
66.199295 0.003402 0.000000 0.000000 0.000000 
71.999207 0.004888 0.000000 0.000000 0.000000 
76.299141 0.004697 0.000000 0.000000 0.000000 
80.199081 0.004182 0.000000 0.000000 0.000000 
86.298988 0.005450 0.000000 0.000000 0.000000 
92.698891 0.006023 0.000000 0.000000 0.000000 
99.198792 0.005974 0.000000 0.000000 0.000000 
102.998734 0.004383 0.000000 0.000000 0.000000 
107.498665 0.003992 0.000000 0.000000 0.000000 
114.198563 0.005323 0.000000 0.000000 0.000000 
119.798477 0.005523 0.000000 0.000000 0.000000 
127.498360 0.006872 0.000000 0.000000 0.000000 
134.698761 0.007253 0.000000 0.000000 0.000000 
139.399048 0.005516 0.000000 0.000000 0.000000 
128.699066 -0.005194 0.000000 0.000000 0.000000 
134.999451 0.002582 0.000000 0.000000 0.000000 
141.499847 0.004945 0.000000 0.000000 0.000000 
149.300323 0.006712 0.000000 0.000000 0.000000 
156.100739 0.006548 0.000000 0.000000 0.000000 
163.901215 0.006797 0.000000 0.000000 0.000000 
172.101715 0.007635 0.000000 0.000000 0.000000 
178.502106 0.007026 0.000000 0.000000 0.000000 
182.802368 0.005292 0.000000 0.000000 0.000000 
188.402710 0.005420 0.000000 0.000000 0.000000 
194.203064 0.005955 0.000000 0.000000 0.000000 
197.903290 0.004742 0.000000 0.000000 0.000000 
196.003296 0.000030 0.000000 0.000000 0.000000 
194.503448 -0.000377 0.000000 0.000000 0.000000 
200.803833 0.003448 0.000000 0.000000 0.000000 
207.404236 0.005436 0.000000 0.000000 0.000000 
215.204712 0.007413 0.000000 0.000000 0.000000 
220.505035 0.005865 0.000000 0.000000 0.000000 
229.005554 0.007597 0.000000 0.000000 0.000000 
234.105865 0.005916 0.000000 0.000000 0.000000 
240.206238 0.006616 0.000000 0.000000 0.000000 
247.506683 0.006993 0.000000 0.000000 0.000000 
249.906830 0.004107 0.000000 0.000000 0.000000 
253.607117 0.003409 0.000000 0.000000 0.000000 
257.807373 0.003958 0.000000 0.000000 0.000000 
260.907562 0.003446 0.000000 0.000000 0.000000 
266.707916 0.004799 0.000000 0.000000 0.000000 
273.008301 0.006324 0.000000 0.000000 0.000000 
281.408813 0.007284 0.000000 0.000000 0.000000 
287.609192 0.006693 0.000000 0.000000 0.000000 
295.809692 0.007855 0.000000 0.000000 0.000000 
302.110077 0.006844 0.000000 0.000000 0.000000 
302.710114 0.002975 0.000000 0.000000 0.000000 
305.410278 0.002609 0.000000 0.000000 0.000000 
310.910614 0.004392 0.000000 0.000000 0.000000 
305.710663 -0.001642 0.000000 0.000000 0.000000 
305.710663 -0.000604 0.000000 0.000000 0.000000 
309.310883 0.002096 0.000000 0.000000 0.000000 
309.510895 0.000904 0.000000 0.000000 0.000000 
314.011169 0.003138 0.000000 0.000000 0.000000 
310.011169 -0.001502 0.000000 0.000000 0.000000 
313.911407 0.002083 0.000000 0.000000 0.000000 
320.611816 0.005288 0.000000 0.000000 0.000000 
321.411865 0.002298 0.000000 0.000000 0.000000 
315.411865 -0.003239 0.000000 0.000000 0.000000 
305.411865 -0.007762 0.000000 0.000000 0.000000 
305.411865 -0.002854 0.000000 0.000000 0.000000 
305.411865 -0.001049 0.000000 0.000000 0.000000 
305.411865 -0.000386 0.000000 0.000000 0.000000 
305.411865 -0.000142 0.000000 0.000000 0.000000 
305.411865 -0.000052 0.000000 0.000000 0.000000 
305.411865 -0.000019 0.000000 0.000000 0.000000 
305.411865 -0.000007 0.000000 0.000000 0.000000 
304.411865 -0.000715 0.000000 0.000000 0.000000 
304.411865 -0.000263 0.000000 0.000000 0.000000 
304.411865 -0.000097 0.000000 0.000000 0.000000 
304.411865 -0.000036 0.000000 0.000000 0.000000 
304.411865 -0.000013 0.000000 0.000000 0.000000 
304.411865 -0.000005 0.000000 0.000000 0.000000 
304.411865 -0.000002 0.000000 0.000000 0.000000 
304.411865 -0.000001 0.000000 0.000000 0.000000 
304.411865 -0.000000 0.000000 0.000000 0.000000 
304.411865 -0.000000 0.000000 0.000000 0.000000 
304.411865 -0.000000 0.000000 0.000000 0.000000 
304.411865 -0.000000 0.000000 0.000000 0.000000 
308.512115 0.002716 0.000000 0.000000 0.000000 
308.912140 0.001263 0.000000 0.000000 0.000000 
317.312653 0.005155 0.000000 0.000000 0.000000 
324.013062 0.005954 0.000000 0.000000 0.000000 
323.013062 0.001536 0.000000 0.000000 0.000000 
323.613098 0.000874 0.000000 0.000000 0.000000 
314.913116 -0.005455 0.000000 0.000000 0.000000 
324.413696 0.003554 0.000000 0.000000 0.000000 
333.014221 0.007014 0.000000 0.000000 0.000000 
340.214661 0.006963 0.000000 0.000000 0.000000 
347.415100 0.007381 0.000000 0.000000 0.000000 
355.815613 0.008066 0.000000 0.000000 0.000000 
362.316010 0.007039 0.000000 0.000000 0.000000 
367.816345 0.006208 0.000000 0.000000 0.000000 
374.216736 0.005998 0.000000 0.000000 0.000000 
379.217041 0.005843 0.000000 0.000000 0.000000 
384.717377 0.005832 0.000000 0.000000 0.000000 
383.317413 0.000903 0.000000 0.000000 0.000000 
377.417419 -0.003087 0.000000 0.000000 0.000000 
378.217468 -0.000694 0.000000 0.000000 0.000000 
378.317474 -0.000213 0.000000 0.000000 0.000000 
378.917511 0.000367 0.000000 0.000000 0.000000 
378.917511 0.000135 0.000000 0.000000 0.000000 
385.717926 0.004066 0.000000 0.000000 0.000000 
385.817932 0.001532 0.000000 0.000000 0.000000 
394.218445 0.005702 0.000000 0.000000 0.000000 
395.418518 0.002593 0.000000 0.000000 0.000000 
387.418518 -0.004053 0.000000 0.000000 0.000000 
376.818542 -0.007944 0.000000 0.000000 0.000000 
380.218750 -0.000438 0.000000 0.000000 0.000000 
380.918793 0.000440 0.000000 0.000000 0.000000 
381.618835 0.000696 0.000000 0.000000 0.000000 
381.618835 0.000256 0.000000 0.000000 0.000000 
387.319183 0.004335 0.000000 0.000000 0.000000 
393.419556 0.005555 0.000000 0.000000 0.000000 
393.419556 0.002042 0.000000 0.000000 0.000000 
400.820007 0.005597 0.000000 0.000000 0.000000 
407.120392 0.006209 0.000000 0.000000 0.000000 
413.920807 0.006482 0.000000 0.000000 0.000000 
420.621216 0.006255 0.000000 0.000000 0.000000 
430.221802 0.008543 0.000000 0.000000 0.000000 
436.722198 0.007258 0.000000 0.000000 0.000000 
445.422729 0.008353 0.000000 0.000000 0.000000 
447.522858 0.004305 0.000000 0.000000 0.000000 
450.423035 0.003201 0.000000 0.000000 0.000000 
456.823425 0.005282 0.000000 0.000000 0.000000 
456.023499 0.001143 0.000000 0.000000 0.000000 
450.523590 -0.002509 0.000000 0.000000 0.000000 
456.423950 0.002932 0.000000 0.000000 0.000000 
456.623962 0.001154 0.000000 0.000000 0.000000 
463.424377 0.004855 0.000000 0.000000 0.000000 
471.524872 0.006826 0.000000 0.000000 0.000000 
475.625122 0.005170 0.000000 0.000000 0.000000 
481.225464 0.005516 0.000000 0.000000 0.000000 
487.425842 0.005790 0.000000 0.000000 0.000000 
494.726288 0.005761 0.000000 0.000000 0.000000 
503.526825 0.008445 0.000000 0.000000 0.000000 
512.327271 0.008780 0.000000 0.000000 0.000000 
520.725220 0.008250 0.000000 0.000000 0.000000 
526.723755 0.006772 0.000000 0.000000 0.000000 
532.422363 0.005764 0.000000 0.000000 0.000000 
532.622314 0.002196 0.000000 0.000000 0.000000 
526.522095 -0.002910 0.000000 0.000000 0.000000 
531.520874 0.002206 0.000000 0.000000 0.000000 
531.820801 0.000923 0.000000 0.000000 0.000000 
523.820801 -0.004658 0.000000 0.000000 0.000000 
527.319702 0.000998 0.000000 0.000000 0.000000 
528.019531 0.000667 0.000000 0.000000 0.000000 
528.718872 0.000705 0.000000 0.000000 0.000000 
522.818604 -0.003587 0.000000 0.000000 0.000000 
529.916870 0.003308 0.000000 0.000000 0.000000 
537.914917 0.006659 0.000000 0.000000 0.000000 
543.513550 0.005869 0.000000 0.000000 0.000000 
553.011230 0.008086 0.000000 0.000000 0.000000 
560.209473 0.007816 0.000000 0.000000 0.000000 
567.407715 0.007364 0.000000 0.000000 0.000000 
573.906128 0.007102 0.000000 0.000000 0.000000 
578.904907 0.006225 0.000000 0.000000 0.000000 
587.302856 0.007126 0.000000 0.000000 0.000000 
593.501099 0.007050 0.000000 0.000000 0.000000 
599.399658 0.006314 0.000000 0.000000 0.000000 
594.699585 -0.000708 0.000000 0.000000 0.000000 
588.499390 -0.004145 0.000000 0.000000 0.000000 
580.799316 -0.006352 0.000000 0.000000 0.000000 
574.499146 -0.006395 0.000000 0.000000 0.000000 
564.098999 -0.009271 0.000000 0.000000 0.000000 
557.098999 -0.007803 0.000000 0.000000 0.000000 
556.098999 -0.003354 0.000000 0.000000 0.000000 
556.098999 -0.001233 0.000000 0.000000 0.000000 
556.098999 -0.000454 0.000000 0.000000 0.000000 
556.098999 -0.000167 0.000000 0.000000 0.000000 
556.098999 -0.000061 0.000000 0.000000 0.000000 
556.098999 -0.000023 0.000000 0.000000 0.000000 
556.098999 -0.000008 0.000000 0.000000 0.000000 
556.098999 -0.000003 0.000000 0.000000 0.000000 
556.098999 -0.000001 0.000000 0.000000 0.000000 
548.098999 -0.005073 0.000000 0.000000 0.000000 
541.898804 -0.006392 0.000000 0.000000 0.000000 
533.898804 -0.007578 0.000000 0.000000 0.000000 
533.898804 -0.002786 0.000000 0.000000 0.000000 
532.898804 -0.001627 0.000000 0.000000 0.000000 
532.898804 -0.000598 0.000000 0.000000 0.000000 
532.898804 -0.000220 0.000000 0.000000 0.000000 
532.898804 -0.000081 0.000000 0.000000 0.000000 
532.898804 -0.000030 0.000000 0.000000 0.000000 
532.898804 -0.000011 0.000000 0.000000 0.000000 
532.898804 -0.000004 0.000000 0.000000 0.000000 
531.898804 -0.000428 0.000000 0.000000 0.000000 
528.898804 -0.001769 0.000000 0.000000 0.000000 
520.998779 -0.005735 0.000000 0.000000 0.000000 
520.998779 -0.002109 0.000000 0.000000 0.000000 
519.998779 -0.001326 0.000000 0.000000 0.000000 
519.998779 -0.000488 0.000000 0.000000 0.000000 
520.798584 0.000564 0.000000 0.000000 0.000000 
520.998535 0.000311 0.000000 0.000000 0.000000 
520.998535 0.000114 0.000000 0.000000 0.000000 
524.997559 0.002994 0.000000 0.000000 0.000000 
526.197266 0.001595 0.000000 0.000000 0.000000 
521.197266 -0.002666 0.000000 0.000000 0.000000 
512.197266 -0.006405 0.000000 0.000000 0.000000 
515.996338 -0.000129 0.000000 0.000000 0.000000 
517.895874 0.001140 0.000000 0.000000 0.000000 
519.595459 0.001429 0.000000 0.000000 0.000000 
522.294800 0.002341 0.000000 0.000000 0.000000 
522.394775 0.000898 0.000000 0.000000 0.000000 
524.994141 0.002143 0.000000 0.000000 0.000000 
