-0.0996494 4
-0.0985371 1
-0.0975841 1
-0.0963342 3
-0.0955026 2
-0.0948337 1
-0.0931341 1
-0.0920598 1
-0.0919426 1
-0.0905347 3
0 0
-0.0881547 3
-0.0873295 1
-0.0865791 3
-0.0852758 1
0 0
-0.0835712 1
-0.0827644 1
0 0
-0.0801022 1
-0.0793933 2
-0.0786828 3
-0.0777881 3
-0.0766434 1
-0.0757885 1
-0.0745555 2
-0.0734342 3
-0.07283 2
-0.0717032 1
-0.0708325 1
0 0
-0.0691203 1
-0.0675284 1
0 0
-0.0656209 1
-0.0645321 2
-0.0639803 1
-0.0625735 2
-0.0619246 5
0 0
-0.0596143 2
-0.0586608 1
-0.0575603 2
-0.0571434 1
0 0
0 0
-0.0535579 3
-0.0525685 1
-0.0515483 1
-0.0507953 1
-0.0496155 3
-0.0487344 3
-0.0481555 1
-0.0470533 1
-0.045359 1
-0.0449907 1
0 0
-0.0431248 2
-0.0421544 3
-0.0410905 2
-0.0401138 3
-0.0386351 2
0 0
-0.0365554 3
0 0
-0.0350558 2
-0.0336794 1
-0.0328644 1
0 0
-0.030648 2
0 0
0 0
-0.0279049 3
-0.0268214 1
-0.0253589 1
-0.0249929 1
-0.0238613 5
-0.0232093 1
-0.0222822 1
-0.0209016 2
-0.0199729 2
-0.0186512 2
-0.017866 2
0 0
-0.0160008 4
0 0
-0.0141363 3
0 0
-0.0123496 1
-0.0111385 4
-0.0102259 2
0 0
-0.00771943 1
-0.00717987 1
0 0
0 0
-0.00396032 2
0 0
-0.00191838 2
-0.000624385 2
-0.00016832 1
0.00096412 3
0 0
0.00315736 4
0 0
0.00469959 1
0.0063823 3
0 0
0.00770602 1
0.0091854 2
0 0
0.0105217 1
0 0
0.01297 3
0.0136976 2
0 0
0.0159532 2
0.0166647 1
0.0181222 1
0.0190413 4
0 0
0.0208316 1
0.0216941 1
0.022953 3
0 0
0.02495 1
0.0257833 2
0.0265268 2
0.0280316 1
0.0294268 1
0.0297738 5
0.0305466 1
0 0
0.0325267 1
0.0337243 1
0.0349317 2
0.0356317 2
0 0
0.0378215 2
0.039262 2
0.0400532 2
0.0410019 2
0.0418919 1
0 0
0.0435347 3
0.0447125 1
0.0457022 2
0.0467649 3
0.0474684 1
0.0492463 1
0 0
0 0
0.0518116 4
0 0
0.0537743 2
0 0
0.0558226 3
0 0
0.0578146 2
0 0
0.0595729 2
0.0610337 1
0.0622801 1
0 0
0.0636733 3
0.0645607 1
0.0657204 3
0.0664005 1
0.0677183 2
0.0684761 1
0.0697534 2
0.0710503 3
0.0716134 2
0.0726861 2
0.0733217 1
0 0
0.0756357 6
0 0
0.0776996 2
0.0790105 2
0.079508 2
0.0804226 2
0 0
0 0
0.0837273 2
0.0846268 2
0.0858746 3
0.0863369 1
0.0878878 1
0 0
0.0892174 1
0.0904184 1
0.0915336 1
0 0
0 0
0.0944546 1
0.0957219 1
0.0967739 2
0 0
0.0983235 1
0.0991214 1
