-0.0980233 2
-0.097 8
-0.0959569 3
-0.0948063 3
-0.0938179 7
-0.0928428 4
-0.0919233 4
-0.0910721 3
-0.0895621 1
-0.0888326 3
-0.0879217 4
-0.086825 4
-0.0858909 3
-0.0853153 4
-0.0843102 1
-0.082594 1
-0.0821564 2
-0.0805728 1
-0.0797109 2
-0.0790167 3
-0.077837 2
-0.0768875 7
-0.0762235 4
-0.0750477 6
-0.0739303 4
-0.0730748 6
-0.071919 2
-0.0712016 2
-0.070205 3
-0.0694269 5
-0.0684729 1
-0.067075 5
-0.0660532 6
-0.0651764 2
-0.0641287 2
-0.0636375 1
-0.062195 3
-0.0612882 3
-0.0604711 1
-0.0591293 2
-0.0586433 1
-0.05711 1
-0.0565935 2
-0.0550871 3
-0.0544354 2
-0.0532828 1
-0.0523267 5
-0.0515838 2
-0.0502263 4
-0.049172 3
0 0
-0.0470509 2
0 0
-0.0454693 2
-0.0442713 2
-0.0433969 1
-0.0421035 1
0 0
-0.0407469 3
-0.0393657 4
-0.0386047 4
-0.0374688 2
-0.036631 2
-0.0357685 1
-0.0340734 1
-0.0333424 5
-0.032682 3
-0.0314819 3
-0.0305825 5
-0.0291764 2
-0.0286324 4
-0.0274515 3
-0.0263096 1
-0.0256344 3
-0.0242435 3
-0.0236172 3
-0.0224529 2
-0.0214867 2
-0.0207224 3
-0.0198146 1
-0.0188266 1
-0.017725 4
-0.0163181 4
-0.0156481 3
-0.0151308 2
-0.0139179 3
-0.0126251 3
-0.0115764 3
-0.0107247 4
-0.00935468 2
-0.00866411 5
-0.00747107 3
-0.00695498 2
-0.0058885 4
-0.00478976 3
-0.00360295 2
-0.00290536 5
-0.00189387 2
-0.00118371 1
-4.10999e-06 3
0.00118066 4
0.00220062 3
0.00312232 7
0.00402847 2
0.00517952 2
0.00644382 1
0.0072297 2
0.00815363 3
0.00900215 2
0.0102784 2
0 0
0.0123672 1
0.0131411 1
0.0141281 3
0.0147141 4
0.0159581 3
0.0171049 4
0.0178568 1
0.0190159 2
0.0197826 2
0.0205912 1
0.0218613 7
0 0
0.0235211 2
0.0248093 3
0.0259119 8
0.0269622 2
0.0275384 2
0.0288501 3
0.0298262 1
0.0308743 3
0.0318432 4
0.0326914 4
0.034267 1
0.0347445 4
0 0
0.0364363 2
0.0377779 3
0.0386871 6
0.039691 5
0.0405978 4
0.0413072 1
0.0424502 2
0.0436928 3
0.0444603 2
0.0455167 1
0 0
0.047174 1
0.0487854 6
0.0496471 3
0.0507178 5
0.0514561 3
0.0524372 3
0.0538232 3
0.0545035 3
0.0550747 1
0.0570005 2
0.0575709 2
0.0584249 3
0.0595902 1
0.0603732 2
0.0614193 5
0.0626339 3
0.0631988 1
0.0641097 3
0.0653502 6
0.066375 1
0.0674836 2
0.0684962 4
0.0693518 2
0.0703047 4
0.0717053 2
0.0723844 1
0.0731222 4
0.0744532 1
0.0753668 5
0.0765235 4
0.0770696 1
0.0785782 2
0.0793941 2
0.0806019 1
0.0815491 6
0.0823708 6
0.0836395 2
0.084371 2
0.0851572 3
0.0861631 4
0.0871879 1
0.0881336 4
0.0891718 5
0.0900307 2
0.0912664 4
0.0921782 3
0.0931449 5
0.0938027 1
0.0950435 4
0.0960331 5
0.096984 3
0.0978925 1
0.0991726 3
0.0995949 1
