-0.0989091 4
-0.0979104 2
-0.0968336 4
0 0
-0.0950028 4
-0.0940089 3
-0.0930004 2
-0.0918816 3
-0.0911012 4
-0.0903594 1
-0.0889328 3
-0.0875603 2
0 0
-0.0861002 1
-0.0846558 2
-0.084275 1
-0.0830833 4
0 0
-0.0809199 5
-0.08005 4
-0.0788738 4
-0.0780537 3
-0.0771264 4
-0.0759882 3
-0.0751664 3
-0.0736398 1
-0.0730898 6
-0.0721023 2
-0.0706615 1
-0.0701449 4
-0.0689502 3
-0.0678761 4
-0.0668199 2
-0.06594 5
-0.0650165 2
-0.0638527 5
-0.0629469 5
-0.0619821 6
-0.0610211 4
-0.0603308 2
-0.0592534 4
-0.0582182 4
-0.057295 2
-0.0556958 1
-0.055481 1
-0.0542156 3
-0.0533591 4
-0.052246 5
-0.0509061 3
-0.0502152 4
-0.0495101 1
-0.0484739 1
-0.0471741 3
-0.0460351 3
0 0
-0.0438358 3
-0.0425901 1
-0.0422553 7
-0.0410163 2
-0.0400789 3
-0.0390264 3
-0.0383397 3
0 0
-0.0361982 2
-0.0354699 4
-0.0340759 4
-0.0328979 1
-0.032044 1
-0.0309326 2
-0.0300027 5
-0.0289393 7
-0.0283626 2
-0.0272795 1
-0.0260013 3
-0.0248515 3
-0.024126 2
-0.0229222 3
-0.0219436 2
-0.021097 5
0 0
-0.0194238 1
-0.0179653 1
-0.0175273 1
-0.016187 4
-0.0150293 3
-0.014181 3
-0.0133441 4
-0.0120799 3
-0.0111213 5
-0.0103547 3
0 0
-0.00775806 1
-0.00695785 4
-0.00649174 2
-0.00557319 2
0 0
-0.00313997 2
-0.00208997 6
-0.00145859 2
-0.00034543 5
0.000631048 6
0.0019504 1
0.00283017 2
0.0038408 3
0.00470459 3
0.00579395 4
0.00687505 1
0.00750146 3
0.00905532 3
0.00996053 3
0.0107889 7
0.0116097 2
0.0125601 1
0.0139302 5
0.0143503 2
0 0
0.0168253 4
0.0177634 1
0.018686 4
0 0
0.0204886 1
0.0218428 4
0.0227323 2
0.023755 3
0.0246528 2
0.0258257 2
0.0269189 1
0.0279898 1
0.0287431 2
0.0296455 2
0.0307885 5
0.0316392 5
0.0328028 2
0.033657 2
0.034651 3
0.0355195 1
0.0369039 1
0.0376341 5
0.0385367 4
0.039797 4
0.0406958 4
0.0417437 5
0.0430325 1
0.0435952 4
0.0445344 7
0.0456495 3
0.046374 2
0.0477723 5
0.0481941 1
0.049652 7
0.0508092 5
0.0517822 3
0.05245 3
0.053482 6
0.0543428 4
0.0551429 2
0.0565112 4
0.0577018 2
0 0
0.0594173 4
0.0605015 3
0.0616776 4
0.0628634 2
0.0639124 1
0.0642767 2
0.0655862 3
0.0666273 3
0 0
0.0686321 5
0.0694937 1
0.070673 2
0.0716958 4
0.0724091 1
0.0734803 2
0.0748434 3
0.0756559 3
0.0767129 3
0.0776556 4
0.0784527 6
0.07965 6
0.0806006 2
0.0814887 4
0.0824759 1
0.0835978 3
0.0845703 9
0.0851681 3
0.0864064 5
0.0876396 3
0.0884373 2
0.0890003 1
0.0902913 2
0.0917811 3
0.0922356 3
0.0933153 2
0.0943104 3
0.0950145 1
0.0960465 1
0.0976958 3
0.0984297 5
0.0992373 4
0.0999527 1
