-0.099571 3
-0.0987336 1
0 0
-0.096519 1
0 0
-0.0945225 1
-0.0935708 1
-0.0919591 1
-0.0914308 2
-0.0902403 2
-0.0897053 1
-0.0882602 1
-0.0876618 3
0 0
-0.0851402 2
-0.0842806 2
0 0
0 0
0 0
-0.0802372 2
-0.079149 2
-0.0782953 2
0 0
-0.0767164 1
-0.0756282 2
-0.0746037 3
-0.0735555 4
0 0
-0.0716763 2
-0.0706208 5
0 0
-0.0687776 2
-0.0674771 2
0 0
-0.0650514 1
-0.0645142 2
-0.0637645 2
-0.0628444 2
-0.0619059 1
-0.0600593 1
0 0
-0.058561 4
-0.0580463 1
-0.056259 1
0 0
-0.0541598 1
-0.0540879 1
-0.0530663 1
-0.0514206 2
-0.0506105 4
0 0
-0.0486627 2
0 0
-0.0465102 2
-0.045494 2
-0.0443563 2
0 0
-0.0424477 4
-0.0417736 4
-0.0405337 1
-0.0396036 2
0 0
0 0
0 0
-0.0352503 1
0 0
-0.0339735 1
0 0
-0.0312738 1
-0.0309103 1
-0.030062 1
-0.028417 2
-0.0282239 1
-0.0263394 1
0 0
-0.0248253 5
-0.0237848 3
-0.0232024 1
0 0
-0.0209809 3
-0.020084 2
-0.0189291 2
0 0
0 0
-0.0156555 1
-0.0144185 1
-0.013435 1
-0.0132204 1
0 0
-0.0105378 1
-0.00988615 2
0 0
-0.00824247 2
-0.00659472 1
-0.00610794 1
0 0
-0.00424701 2
0 0
-0.00190403 2
-0.00077867 1
0 0
0.00083851 2
0.00211621 2
0.0028523 3
0.004298 1
0.00491395 5
0 0
0.00718521 2
0 0
0.00883864 1
0.00979609 2
0 0
0 0
0.0130119 5
0 0
0.0153083 2
0.016069 3
0.0170657 2
0 0
0.0191918 1
0 0
0.0208001 2
0.0218584 2
0 0
0 0
0.0251062 2
0.0259669 3
0.0268892 2
0.0282106 2
0 0
0.029595 1
0 0
0.0320711 1
0.0324933 1
0.0339933 1
0 0
0 0
0.0370367 2
0.0379823 2
0.0386711 2
0 0
0.0408691 1
0.0421657 1
0.0428591 2
0 0
0.0452105 1
0 0
0.0469198 2
0 0
0.0489792 1
0.0497186 6
0.0504502 1
0.0516885 1
0.0526862 3
0 0
0.054812 3
0.0560178 1
0.0567734 5
0.0575063 5
0 0
0.0595651 3
0.0607774 2
0.0620658 1
0.0629842 1
0 0
0 0
0 0
0.0668752 3
0.06741 2
0 0
0 0
0.0706995 3
0.0718032 1
0.0729638 2
0.0739236 1
0.0750891 1
0.0756408 1
0.0766668 1
0.0771763 1
0.0790217 1
0.0800276 2
0.0806408 1
0.0815595 1
0.0822885 1
0 0
0.084462 1
0.0854711 1
0 0
0 0
0.0886108 2
0 0
0.0906883 2
0 0
0.0924947 4
0.0932252 1
0.094515 1
0.0953268 2
0 0
0.097579 1
0 0
0.0989992 1
