-0.0990214 2
-0.0975041 3
-0.0968761 1
-0.0952981 1
-0.0949467 1
-0.0933791 2
-0.0926137 2
-0.0911668 2
-0.0903023 2
-0.0888533 1
-0.087777 1
-0.0872418 1
-0.0864713 1
-0.0849904 1
-0.0840275 1
-0.0827897 1
-0.0818077 2
-0.0809498 1
0 0
0 0
-0.0776019 1
-0.0765335 2
-0.0749583 2
0 0
-0.0732204 2
-0.0725491 1
-0.0708324 3
-0.0699324 3
-0.0691741 2
-0.0682567 2
0 0
-0.0659189 2
0 0
-0.0633959 1
0 0
0 0
0 0
-0.0591986 2
-0.0580758 2
-0.0571463 2
-0.0559511 2
0 0
-0.0536582 1
-0.0527466 2
-0.0512286 1
0 0
0 0
-0.0486916 3
-0.0477951 1
-0.0465034 1
-0.045368 2
-0.0445133 1
-0.0435132 1
-0.041995 2
-0.0413509 1
0 0
0 0
0 0
-0.0367095 4
-0.035665 3
0 0
-0.0329952 1
-0.0326862 1
-0.0312099 3
-0.0305355 1
-0.0286302 1
-0.027878 1
-0.0272927 1
0 0
-0.0247025 2
-0.0239697 2
-0.0231174 1
-0.0216777 3
0 0
-0.0196222 1
-0.0184041 2
-0.0169368 1
0 0
-0.015308 1
-0.0142486 4
-0.0133501 2
-0.0123894 3
-0.0108996 3
-0.00992005 1
0 0
-0.00737628 1
-0.00629654 2
-0.00527915 1
-0.00411742 1
-0.00350168 1
-0.00259208 2
0 0
9.23256e-05 2
0.00123301 3
0.00224317 2
0.00289846 3
0.00380296 1
0.00562357 1
0.00584935 2
0.00777554 1
0.00856315 2
0.00915281 1
0.0105335 1
0.0114502 3
0 0
0.0136542 2
0.0147498 2
0 0
0.0165862 1
0.0181488 2
0 0
0.020457 3
0.0213251 1
0.0222944 2
0.0237129 1
0.0242462 2
0 0
0.026385 2
0.0280909 1
0.0284688 3
0.0299824 1
0.0314937 1
0.0323119 2
0 0
0 0
0.0349246 3
0.0360398 1
0 0
0 0
0.0392325 3
0.0407436 2
0.0418121 1
0.043127 1
0.0439563 1
0.0450769 2
0 0
0 0
0.0481476 2
0.0492168 2
0.0500164 2
0 0
0.052621 1
0.0531942 2
0.0544058 1
0.0556625 1
0.0567795 3
0.0575947 3
0.0592991 2
0.0603038 2
0.0608848 2
0.0621801 1
0.0633816 2
0.0641873 1
0.0652043 2
0.0665235 1
0.0672641 2
0.0681264 2
0.069594 6
0.0703385 1
0.071674 2
0 0
0.0739235 1
0 0
0.076322 1
0.0775884 1
0.0781641 2
0.0791476 3
0.080168 3
0.081329 4
0 0
0 0
0.0846866 3
0.0852496 1
0 0
0.0876379 1
0.0887368 2
0 0
0.0910708 4
0.0919342 1
0.0933827 2
0.0946481 2
0.0956502 2
0 0
0 0
0.0984015 1
0.0997103 1
0 0
0 0
0.103207 2
0 0
0 0
0 0
0 0
0 0
0 0
0 0
0 0
0 0
0 0
0 0
0.115261 1
