-0.131798 1
0 0
0 0
0 0
0 0
0 0
0 0
0 0
0 0
0 0
0 0
0 0
0 0
0 0
0 0
0 0
0 0
0 0
0 0
0 0
0 0
0 0
0 0
0 0
0 0
-0.0900141 1
0 0
0 0
0 0
0 0
-0.0813276 1
0 0
0 0
0 0
-0.0749075 1
0 0
0 0
0 0
0 0
0 0
0 0
0 0
0 0
0 0
0 0
0 0
-0.0557354 1
0 0
0 0
0 0
0 0
0 0
0 0
0 0
0 0
-0.0398605 1
0 0
0 0
0 0
0 0
0 0
0 0
0 0
0 0
0 0
0 0
0 0
0 0
0 0
0 0
0 0
0 0
0 0
-0.0111216 1
0 0
0 0
0 0
0 0
0 0
0 0
0.00185737 1
0.00206305 1
0 0
0 0
0 0
0 0
0 0
0.0121507 1
0 0
0 0
0 0
0.0195559 2
0 0
0 0
0.0234239 1
0 0
0 0
0 0
0 0
0 0
0 0
0 0
0 0
0.0388825 2
0 0
0 0
0 0
0.0451726 1
0 0
0 0
0 0
0 0
0.0544951 1
0.0547798 1
0 0
0 0
0 0
0.0626815 2
0 0
0 0
0 0
0 0
0 0
0 0
0 0
0 0
0.0763598 1
0 0
0 0
0 0
0 0
0 0
0 0
0.0887523 2
0 0
0 0
0 0
0 0
0 0
0 0
0.099787 1
0 0
0 0
0 0
0 0
0 0
0 0
0 0
0 0
0.114279 1
0 0
0 0
0 0
0 0
0 0
0 0
0 0
0 0
0 0
0 0
0 0
0 0
0 0
0 0
0 0
0 0
0 0
0 0
0 0
0 0
0 0
0 0
0 0
0 0
0 0
0 0
0 0
0 0
0.162743 1
0 0
0 0
0 0
0 0
0 0
0 0
0 0
0 0
0 0
0 0
0 0
0 0
0 0
0 0
0 0
0 0
0 0
0 0
0 0
0 0
0 0
0.19827 1
