-0.0984743 3
-0.0972073 1
-0.0963985 3
-0.0955033 3
0 0
-0.0935199 2
-0.0928814 1
-0.091242 2
-0.0900539 1
-0.0895941 4
-0.0890045 1
-0.0877705 1
-0.0866466 2
0 0
-0.0842871 1
-0.0835833 2
0 0
0 0
-0.0801873 2
0 0
-0.0784759 2
-0.0771771 1
-0.0768527 3
-0.0754963 2
-0.0746546 1
0 0
-0.0724046 3
-0.0713292 1
-0.0711234 1
0 0
0 0
-0.0678499 3
-0.066344 1
-0.0659813 2
0 0
-0.0640499 1
0 0
0 0
0 0
-0.0595885 3
-0.0587817 1
0 0
-0.0564904 1
0 0
-0.0548612 3
-0.0539463 1
-0.0531276 1
-0.0521102 2
-0.0508032 2
-0.0495633 1
-0.0490556 4
0 0
-0.0468133 1
-0.045976 2
0 0
0 0
-0.043328 1
-0.0422934 2
0 0
-0.0399205 2
0 0
-0.0379015 1
0 0
0 0
-0.0351724 1
0 0
-0.0334551 2
-0.0322793 2
0 0
-0.0301024 2
0 0
0 0
-0.0271171 3
-0.0263214 2
-0.0251079 3
0 0
-0.0235039 1
-0.0223276 2
-0.0216318 1
-0.0203056 1
-0.0189452 1
-0.0181556 2
0 0
0 0
-0.0154351 2
-0.0145293 2
-0.0135655 2
-0.0119266 1
0 0
-0.0105149 2
-0.00912856 2
0 0
-0.00739798 4
-0.00633586 1
0 0
-0.00461356 1
-0.00386207 1
0 0
0 0
-0.000482555 2
0.000345715 2
0.00171301 4
0 0
0.00351063 2
0.00439807 1
0.0057892 2
0 0
0.00783456 2
0.00840012 2
0 0
0.0100934 1
0.0110734 1
0.0122554 1
0.0134309 3
0 0
0.0154296 2
0 0
0 0
0.0182294 1
0.0192877 4
0.0206166 3
0.0215198 2
0.0222276 2
0.0234082 1
0.0245719 3
0.025405 2
0.0260621 2
0 0
0.0279149 1
0.029487 1
0.0304072 1
0.0315865 1
0 0
0.0332556 3
0.0338824 2
0.0354213 2
0.0363108 2
0 0
0.0383897 1
0.0394396 1
0.0401077 3
0.0410444 2
0.042611 1
0.0434858 1
0.0439657 2
0.0451175 3
0 0
0 0
0.0477742 2
0.0487913 1
0.0500209 2
0.0510676 1
0.0518344 1
0.0526158 1
0 0
0.0549162 3
0.0563885 1
0.0565742 1
0.0582138 1
0.058723 2
0.0601617 1
0.0613653 1
0.0619887 3
0 0
0.0635866 1
0.0649922 3
0.0661368 1
0.0669977 1
0.0680254 2
0.0692989 1
0.0698604 2
0.0708323 2
0.07223 1
0 0
0.0738597 1
0 0
0.0756479 2
0.0769866 1
0.0773566 1
0.0786873 5
0 0
0 0
0.0818237 1
0 0
0.0840726 1
0.0843394 1
0.0858027 2
0.0868332 2
0 0
0.0884716 2
0.089663 2
0.0909331 3
0.091712 1
0.0923028 2
0.0935438 2
0.0944427 2
0.0953699 3
0 0
0.0974483 2
0.0985609 1
0.0990235 1
