-0.338718 1
0 0
0 0
-0.323091 1
0 0
0 0
0 0
0 0
0 0
-0.297384 2
0 0
0 0
0 0
-0.27975 1
-0.273329 1
-0.268728 3
-0.264336 2
0 0
0 0
0 0
0 0
-0.24201 1
0 0
-0.232969 1
-0.229082 1
-0.2263 1
0 0
0 0
-0.211527 1
0 0
-0.202316 1
-0.20151 1
0 0
-0.191393 3
-0.185777 1
-0.181522 3
-0.176503 2
-0.1721 2
-0.169678 3
-0.164336 4
-0.158471 4
-0.155258 3
-0.150067 3
-0.148152 1
-0.142552 6
-0.137773 3
-0.132972 8
-0.128509 6
-0.123445 2
-0.119798 7
-0.115322 10
-0.111191 8
-0.106735 5
-0.10091 7
-0.0975612 6
-0.0932691 15
-0.0890254 16
-0.0836695 9
-0.0797595 17
-0.07486 30
-0.0709047 33
-0.0668344 26
-0.0622213 31
-0.0578932 26
-0.0531734 20
-0.0488682 30
-0.0444628 32
-0.040449 25
-0.0358161 28
-0.0312476 30
-0.0267344 55
-0.0224954 42
-0.0182643 48
-0.0135262 55
-0.00915176 43
-0.00427478 52
-2.64798e-05 407
0.00360924 74
0.00855903 50
0.0126498 56
0.017628 51
0.0216933 48
0.0266134 49
0.0306574 41
0.0353298 54
0.0395632 34
0.0441005 32
0.0480613 23
0.0527833 24
0.0570553 26
0.0622593 28
0.0662244 38
0.0705753 28
0.0745245 38
0.0789917 23
0.0831412 13
0.0879288 13
0.0930592 8
0.0970469 12
0.1015 6
0.105704 9
0.110941 8
0.115613 7
0.119737 8
0.122826 8
0.128383 4
0.132978 6
0.135783 3
0.14134 3
0.146631 3
0.149674 5
0.155156 7
0.158943 7
0.163166 4
0 0
0.172201 4
0.176843 2
0.182028 2
0.18583 3
0.18958 4
0.19402 3
0 0
0.201156 1
0.208934 2
0.211668 3
0.21544 3
0 0
0.224538 1
0.230575 1
0 0
0 0
0 0
0 0
0.250441 1
0 0
0 0
0 0
0 0
0 0
0.27924 1
0 0
0.288242 1
0 0
0 0
0.298972 1
0.306229 2
0 0
0.315656 1
0.318355 1
0.323529 1
0.32871 1
0 0
0 0
0 0
0 0
0 0
0.354678 1
0 0
0 0
0.36691 1
0 0
0.37721 1
0 0
0 0
0 0
0 0
0 0
0 0
0.406277 1
0 0
0 0
0 0
0 0
0 0
0 0
0 0
0 0
0 0
0 0
0 0
0 0
0 0
0 0
0 0
0 0
0 0
0 0
0 0
0 0
0 0
0 0
0 0
0 0
0 0
0 0
0 0
0 0
0 0
0 0
0 0
0.545969 1
