-0.289451 1
-0.283072 1
0 0
-0.277385 1
-0.274258 1
0 0
0 0
0 0
0 0
-0.258064 1
0 0
-0.248445 1
-0.245357 1
0 0
0 0
-0.236587 1
-0.234217 1
-0.229543 1
0 0
0 0
-0.219857 1
-0.214232 1
-0.213186 2
-0.208336 2
-0.203748 1
-0.201644 1
-0.198817 3
-0.194853 2
-0.191904 1
-0.187273 1
-0.184466 2
-0.179778 1
-0.177392 2
-0.175193 1
-0.170787 3
-0.165837 1
-0.164698 3
-0.160596 3
-0.156015 2
-0.153014 1
-0.150373 2
-0.14709 7
-0.144328 2
-0.139271 2
-0.136628 5
-0.132527 8
-0.12984 7
-0.126189 8
-0.122406 7
-0.119375 15
-0.116159 11
-0.112368 21
-0.108531 13
-0.106413 6
-0.102024 22
-0.0990876 20
-0.0952087 17
-0.091826 20
-0.0885007 18
-0.0850369 25
-0.0818036 31
-0.0776268 42
-0.0746555 54
-0.0713445 47
-0.0678504 65
-0.0644487 82
-0.0608455 64
-0.0572615 67
-0.0539126 83
-0.0504613 75
-0.0470567 91
-0.0436922 90
-0.0400627 96
-0.0367542 73
-0.0332988 117
-0.02989 116
-0.0265721 115
-0.0230197 119
-0.0195974 118
-0.016145 142
-0.0127854 140
-0.00932733 176
-0.00591525 183
-0.00225407 310
0.000357271 879
0.00429184 221
0.0076745 175
0.0113303 153
0.0146455 159
0.0181344 136
0.021555 116
0.0250497 115
0.0285565 121
0.0318059 83
0.0351904 103
0.0386122 89
0.0421955 54
0.0456722 87
0.0489208 58
0.0525625 64
0.0558773 60
0.0592895 65
0.0628961 72
0.0661349 71
0.0696289 72
0.073138 63
0.0762905 51
0.079743 27
0.0836179 34
0.0872259 22
0.0901262 26
0.0937866 16
0.0972837 6
0.100654 14
0.103874 15
0.107721 15
0.110822 12
0.114567 4
0.117467 15
0.121165 7
0.124752 8
0.12793 6
0.132291 2
0.135261 5
0.138972 5
0.141508 4
0.14551 3
0.148178 3
0.151983 3
0.155631 2
0.158529 2
0.162872 1
0.165605 3
0.169658 2
0.172785 3
0.176644 2
0.180081 3
0 0
0.185393 2
0.19013 4
0.191867 1
0.197888 1
0.199546 2
0.203693 3
0.207933 1
0 0
0.213531 3
0.216859 2
0.219284 1
0.225207 1
0 0
0 0
0 0
0 0
0 0
0.244992 1
0.248947 1
0 0
0.253813 1
0.259347 1
0 0
0 0
0 0
0 0
0 0
0 0
0 0
0.286456 2
0.290875 1
0 0
0 0
0 0
0 0
0 0
0 0
0 0
0 0
0 0
0 0
0 0
0 0
0 0
0 0
0 0
0 0
0 0
0.351238 2
0 0
0 0
0 0
0 0
0 0
0 0
0 0
0 0
0 0
0 0
0 0
0 0
0 0
0.397871 1
