-0.320078 1
0 0
0 0
0 0
0 0
0 0
-0.297197 1
0 0
0 0
0 0
-0.284651 1
0 0
0 0
0 0
0 0
0 0
0 0
0 0
0 0
0 0
0 0
0 0
0 0
0 0
-0.233358 2
0 0
0 0
-0.221488 1
-0.219712 2
-0.217453 1
-0.211242 1
0 0
0 0
-0.201531 2
-0.199118 1
-0.194652 2
-0.191814 1
0 0
-0.183983 2
-0.18044 4
-0.176297 2
0 0
-0.169592 3
-0.166569 2
-0.161296 2
-0.158527 2
-0.155848 1
-0.151404 3
-0.147843 1
-0.143505 2
-0.141467 3
-0.136379 1
-0.134509 5
-0.131058 4
-0.126216 3
-0.123472 3
-0.120979 6
0 0
-0.113422 2
-0.109989 3
-0.105918 7
-0.102373 2
-0.0986412 5
-0.0951858 3
-0.0922817 8
-0.0890193 5
-0.084387 8
-0.0809454 7
-0.0783073 4
-0.0736904 4
-0.0707054 6
-0.067371 8
-0.0643658 1
-0.059618 2
-0.0556913 9
-0.0525763 8
-0.0493348 8
-0.0455776 9
-0.0428982 8
-0.03879 5
-0.0352375 5
-0.031258 9
-0.0282028 9
-0.0243671 3
-0.0213163 8
-0.0175583 7
-0.0146627 9
-0.0102198 5
-0.00745865 9
-0.00357774 10
-9.74245e-05 25
0.00377236 6
0.00667952 6
0.0106043 9
0.0135679 7
0.017329 5
0.020709 3
0.025309 7
0.0273417 5
0.0320522 7
0.0349955 7
0.0388087 12
0.0418876 6
0.0457832 6
0.0494469 4
0.0534161 5
0.056412 8
0.0602225 5
0.0644118 5
0.0668603 11
0.0707318 11
0.0742949 9
0.0779352 6
0.0816258 7
0.0851141 4
0.0886286 3
0.091964 3
0.0959744 6
0.0987741 7
0.102051 7
0.10577 2
0.109177 4
0.113027 6
0.11621 2
0.122043 2
0.123726 4
0.128231 1
0.129846 4
0.1346 7
0.137571 3
0.142332 5
0.14574 3
0.147821 1
0.152479 4
0.155383 1
0.160167 3
0.163186 2
0.165547 3
0.16964 5
0.172731 1
0.178044 2
0.179975 1
0.183772 3
0.186832 2
0 0
0.193768 2
0.197807 3
0.201606 2
0.206434 1
0.209199 3
0 0
0.216127 3
0.219352 1
0.224175 1
0.227429 2
0.231545 1
0 0
0 0
0.240769 2
0 0
0.246734 2
0.25266 1
0 0
0 0
0 0
0 0
0 0
0 0
0.275065 1
0 0
0.283182 1
0 0
0 0
0.294377 1
0 0
0 0
0.305598 1
0 0
0.312841 1
0.314575 1
0 0
0.320677 1
0 0
0 0
0 0
0 0
0 0
0 0
0 0
0 0
0 0
0 0
0 0
0 0
0 0
0 0
0 0
0 0
0 0
0 0
0.38753 1
