-0.143523 1
0 0
0 0
0 0
0 0
0 0
0 0
0 0
0 0
0 0
0 0
0 0
-0.105375 1
0 0
0 0
-0.0960377 2
-0.0950317 1
-0.0907423 4
-0.0875092 1
-0.0836366 1
-0.0824698 3
-0.0786006 3
-0.0752547 4
-0.0728295 1
-0.0702261 2
-0.065978 5
-0.0631274 5
-0.0596594 2
-0.057427 3
-0.0533115 3
-0.0513792 7
-0.0471655 1
-0.0451466 2
-0.0417122 4
-0.0392915 4
-0.0361367 2
-0.0337842 3
-0.0306341 5
-0.0272112 3
-0.0247313 4
-0.0219701 3
-0.0189317 1
-0.0155841 4
-0.0134179 1
-0.00922106 4
-0.00558185 7
-0.00255369 5
5.92758e-05 12
0.00231498 7
0.00639376 2
0.00916851 3
0.0121281 5
0.0149972 3
0.0179547 6
0.0214424 2
0.0244828 5
0.0271229 2
0.030047 5
0.0336965 2
0.0362702 4
0.0389994 1
0.0405969 1
0.0454002 3
0.0478994 6
0.0514138 3
0.0539654 2
0.0567558 7
0.0597585 4
0.0624024 1
0.0656359 3
0.0691613 4
0.0714043 4
0.0756454 3
0.0786776 1
0.081296 6
0.0828939 1
0.0874428 7
0.0894667 2
0 0
0 0
0.098966 2
0.103197 1
0.103991 1
0.109312 1
0 0
0 0
0 0
0.120732 3
0.12324 3
0 0
0 0
0 0
0.13443 1
0.138498 1
0 0
0.145665 1
0.148172 1
0 0
0.154119 1
0.156954 1
0 0
0.163274 1
0 0
0 0
0 0
0.173362 1
0.177785 1
0.18033 2
0 0
0.186411 2
0 0
0 0
0 0
0 0
0 0
0 0
0.206497 1
0 0
0.214413 1
0.217132 1
0.220344 1
0 0
0.22459 1
0.229377 1
0 0
0 0
0.238915 1
0.241996 1
0.243291 1
0.24692 1
0 0
0 0
0 0
0.25863 1
0 0
0 0
0 0
0 0
0 0
0 0
0.279011 1
0 0
0 0
0.289426 1
0 0
0 0
0 0
0 0
0 0
0 0
0.311353 2
0 0
0 0
0 0
0 0
0.325994 1
0 0
0.330962 1
0.335939 1
0 0
0 0
0.344723 1
0 0
0 0
0 0
0 0
0 0
0 0
0 0
0.367941 1
0 0
0 0
0 0
0 0
0 0
0 0
0 0
0 0
0 0
0 0
0 0
0 0
0 0
0 0
0 0
0 0
0 0
0 0
0 0
0 0
0 0
0 0
0 0
0 0
0 0
0 0
0 0
0 0
0 0
0 0
0.459749 1
