-0.323857 1
0 0
0 0
-0.310785 2
-0.308515 1
0 0
-0.30015 2
0 0
-0.291037 3
0 0
0 0
0 0
0 0
-0.274318 1
-0.269794 2
-0.264342 1
0 0
-0.256707 2
0 0
-0.250838 1
0 0
0 0
-0.237741 5
0 0
0 0
-0.226257 1
-0.22256 1
-0.219766 4
-0.216649 2
0 0
-0.208019 4
-0.204314 3
-0.200731 4
-0.196959 2
-0.193084 5
-0.188077 2
-0.184732 2
-0.182462 2
-0.178238 2
-0.174294 3
-0.171166 1
-0.16677 2
-0.162571 1
-0.158931 2
-0.153932 1
0 0
0 0
-0.143281 7
-0.139724 1
0 0
-0.131055 3
-0.129135 4
-0.124292 3
-0.12094 8
-0.115359 1
-0.11373 4
-0.109704 1
-0.10453 3
-0.101819 4
-0.096915 3
-0.0925836 2
-0.0899316 6
-0.0863495 2
-0.083146 3
-0.0790881 7
-0.0762296 3
-0.0715744 12
-0.0680031 3
-0.064484 8
-0.0596045 5
-0.0566234 5
-0.0521597 9
-0.0492278 9
-0.0446574 8
-0.0417092 2
-0.0367339 5
-0.0337071 7
-0.0295131 3
-0.0263896 4
-0.0225109 8
-0.0185942 8
-0.0141438 7
-0.0104903 10
-0.00785578 1
-0.00365571 4
5.01318e-05 27
0.00415005 15
0.00799596 7
0.0117416 11
0.0155588 4
0.01984 9
0.0235164 6
0.0271194 8
0.0306676 8
0.0344275 11
0.0384302 6
0.0420423 5
0.046247 7
0.0496936 5
0.0529414 7
0.0578561 7
0.0620106 5
0.0648337 7
0.0690793 9
0.0724457 13
0 0
0.0800306 5
0.083215 4
0.087165 5
0.0908078 7
0.0958033 4
0.0987457 7
0.101639 3
0.106624 4
0.110742 3
0.112767 5
0.11782 5
0.12232 2
0.125249 3
0.130307 6
0.131857 3
0.136812 4
0.141957 3
0.144023 6
0.147877 4
0.153173 1
0.155068 3
0.158784 2
0.162765 2
0.167528 1
0.172153 2
0.175329 2
0.177612 2
0.183954 3
0.187684 1
0.190138 3
0.194381 4
0.197963 3
0.200976 4
0.20429 2
0 0
0.213882 1
0.216484 2
0.218689 1
0 0
0 0
0.23255 1
0 0
0 0
0.243289 1
0 0
0.250083 1
0 0
0 0
0 0
0.265967 1
0.269112 2
0 0
0 0
0 0
0.286393 1
0.286857 1
0 0
0.295174 1
0 0
0 0
0.307858 1
0 0
0 0
0 0
0 0
0.326271 2
0 0
0 0
0 0
0 0
0 0
0 0
0 0
0 0
0 0
0 0
0 0
0 0
0 0
0.378459 1
0 0
0 0
0 0
0 0
0 0
0 0
0 0
0 0
0 0
0 0
0 0
0 0
0 0
0 0
0.434745 1
