-0.428683 1
-0.422241 2
0 0
0 0
0 0
0 0
-0.402037 3
-0.398479 1
0 0
0 0
-0.384285 1
-0.380585 4
-0.377508 1
-0.372503 3
-0.367524 1
-0.362343 1
-0.35873 1
-0.355494 5
-0.351492 7
-0.347888 3
-0.343968 3
-0.339572 6
-0.334712 4
-0.330785 10
-0.326887 5
-0.322255 6
-0.318027 12
-0.313652 12
-0.309794 5
-0.305092 16
-0.301787 17
-0.296964 9
-0.293242 15
-0.288942 23
-0.284874 15
-0.280578 29
-0.276422 26
-0.272575 28
-0.268042 34
-0.263899 28
-0.259868 43
-0.255604 45
-0.251436 60
-0.247175 89
-0.242785 81
-0.238949 121
-0.234662 103
-0.230633 84
-0.226447 88
-0.222515 103
-0.218238 121
-0.213867 109
-0.209734 126
-0.205637 111
-0.201565 123
-0.197271 114
-0.192953 109
-0.188991 116
-0.184759 105
-0.180709 116
-0.176357 121
-0.172298 139
-0.168302 111
-0.164001 125
-0.159752 106
-0.155535 121
-0.151348 104
-0.147287 113
-0.142975 122
-0.138967 119
-0.134973 83
-0.130576 93
-0.126844 41
-0.122159 36
-0.117892 38
-0.114053 42
-0.109856 54
-0.105592 73
-0.1013 60
-0.0972986 61
-0.0932915 85
-0.0888019 109
-0.0847086 118
-0.0806157 118
-0.076534 127
-0.0719798 146
-0.0680429 162
-0.0634296 210
-0.0598855 272
-0.0557089 233
-0.0513148 208
-0.0471919 205
-0.0429216 169
-0.0389106 143
-0.0347222 137
-0.0305447 117
-0.0262164 129
-0.0222656 133
-0.0178325 151
-0.0137574 187
-0.00959499 193
-0.00544521 233
-0.000359057 1354
0.00231618 326
0.00677511 199
0.0113476 181
0.0152578 169
0.0193584 154
0.0236167 138
0.0278779 127
0.0320125 134
0.0360641 171
0.0404012 177
0.044636 175
0.0487168 188
0.0529099 194
0.0569108 228
0.0612885 226
0.0652547 145
0.0695612 121
0.0735589 122
0.0776552 123
0.0819898 94
0.0862655 87
0.0904704 86
0.0943721 68
0.0985663 76
0.103255 62
0.107224 62
0.111348 42
0.115395 54
0.119379 41
0.1239 45
0.128046 91
0.132044 100
0.136139 102
0.140373 133
0.144871 106
0.148649 115
0.152802 120
0.157191 115
0.161157 127
0.165506 137
0.169592 107
0.173784 133
0.177926 120
0.182238 122
0.186181 110
0.190443 132
0.194627 107
0.198519 125
0.202939 112
0.20702 99
0.211302 101
0.215293 100
0.219778 76
0.223573 93
0.228084 96
0.232026 69
0.236458 74
0.240216 72
0.244428 50
0.248644 44
0.25296 43
0.25728 33
0.261246 28
0.265763 24
0.269477 25
0.273592 22
0.277872 15
0.282036 24
0.286089 16
0.290774 17
0.29419 9
0.298285 10
0.302283 7
0.307749 13
0.310756 10
0.316481 9
0.318762 3
0.325715 2
0.328459 2
0.33232 5
0.335552 4
0.341835 2
0.345918 4
0.348159 2
0.354123 2
0.356289 1
0.362782 2
0.363565 1
0.367781 1
0 0
0.376685 2
0 0
0 0
0 0
0 0
0.397908 1
0 0
0.405127 1
