-0.553223 1
0 0
0 0
0 0
0 0
0 0
0 0
0 0
-0.506653 1
0 0
-0.494334 1
0 0
0 0
0 0
-0.471538 3
-0.467865 1
0 0
-0.456691 2
-0.44912 1
-0.444054 2
-0.437755 1
-0.43285 3
-0.42809 3
-0.421515 1
-0.417055 2
-0.411608 2
-0.405492 1
-0.400518 3
-0.395042 3
0 0
-0.384031 5
-0.37765 5
-0.372708 4
-0.367631 6
-0.361872 7
-0.355321 5
-0.349893 8
-0.344333 9
-0.339798 10
-0.333516 6
-0.327459 13
-0.321124 8
-0.316899 17
-0.311808 12
-0.305486 18
-0.300114 26
-0.294764 15
-0.289333 29
-0.283034 32
-0.277854 43
-0.272378 43
-0.266532 46
-0.260767 52
-0.25568 67
-0.249946 77
-0.244668 92
-0.239021 120
-0.233358 122
-0.227747 139
-0.222108 138
-0.216775 134
-0.21119 149
-0.205775 163
-0.200051 163
-0.194323 189
-0.188992 188
-0.183273 232
-0.177772 200
-0.17226 193
-0.166617 214
-0.161186 231
-0.155679 214
-0.150197 232
-0.144186 215
-0.138917 193
-0.133425 200
-0.128214 140
-0.122 104
-0.116501 122
-0.11087 153
-0.105503 146
-0.0997354 159
-0.0942672 161
-0.0887757 213
-0.0831571 201
-0.0779352 217
-0.0719703 256
-0.0666678 283
-0.0609529 368
-0.0554874 372
-0.0498327 306
-0.0444549 292
-0.038798 305
-0.0332655 288
-0.0276494 240
-0.0222541 291
-0.0164175 286
-0.0109592 390
-0.00503995 462
2.91925e-05 1779
0.00556882 415
0.0110924 313
0.0167597 304
0.0224811 263
0.0279884 229
0.0334838 241
0.0391639 272
0.0447602 318
0.0502428 337
0.0556053 344
0.0613807 363
0.0667283 258
0.0724291 215
0.0780798 202
0.0833557 167
0.0890833 171
0.0946808 145
0.100221 161
0.105691 172
0.111292 133
0.116739 118
0.122726 105
0.128281 176
0.133817 205
0.139156 221
0.144784 198
0.150346 197
0.15591 201
0.161479 199
0.166944 182
0.172685 184
0.178158 163
0.183823 169
0.18911 153
0.194635 164
0.200484 153
0.205927 138
0.211494 128
0.217156 116
0.222698 94
0.228027 102
0.233594 75
0.239174 85
0.244895 70
0.25071 49
0.255906 46
0.261678 49
0.267078 31
0.272669 41
0.278359 32
0.284062 27
0.289584 25
0.294895 32
0.300869 13
0.306468 14
0.31234 14
0.316778 18
0.322942 12
0.328343 14
0.334226 4
0.340235 10
0.34536 16
0.349787 10
0.355909 7
0.361905 4
0.367683 9
0.372347 6
0.378521 3
0.384272 2
0.389669 3
0.395304 4
0.400714 4
0.403903 1
0.413325 2
0.415499 1
0.42229 1
0.427686 2
0.435836 1
0.43999 3
0.446455 3
0.450996 2
0.456413 1
0.462067 1
0 0
0 0
0 0
0 0
0 0
0 0
0.49804 1
0 0
0.509168 1
0 0
0.522581 1
0.527087 1
0.535876 1
0.538026 1
0 0
0 0
0 0
0.55908 1
