-0.481901 1
-0.475232 1
0 0
-0.466695 1
0 0
0 0
-0.451235 2
0 0
0 0
-0.436598 2
0 0
-0.427425 2
-0.421096 1
-0.418205 2
-0.4112 2
-0.407759 4
-0.401659 1
-0.398857 1
-0.395389 2
0 0
-0.385072 3
-0.377191 1
-0.374959 4
-0.369652 5
-0.365909 2
-0.360291 4
-0.354778 2
-0.351097 6
-0.34682 3
-0.340926 4
-0.338045 1
-0.332215 4
-0.326864 2
-0.3225 2
-0.317652 4
-0.312689 6
-0.308098 6
-0.303565 15
-0.299283 7
-0.293585 5
-0.289902 8
-0.284692 8
-0.279128 11
-0.275184 5
-0.27001 8
-0.265515 10
-0.259908 11
-0.255481 12
-0.250671 16
-0.246427 14
-0.241315 15
-0.236817 12
-0.232411 19
-0.227542 25
-0.222406 18
-0.217256 27
-0.212939 23
-0.207942 20
-0.203127 24
-0.198598 19
-0.193523 18
-0.189157 17
-0.184595 18
-0.179535 15
-0.173988 13
-0.17017 15
-0.164832 12
-0.160282 17
-0.155473 23
-0.15069 17
-0.145904 16
-0.14109 16
-0.137214 13
-0.130603 16
-0.127014 14
-0.122513 11
-0.117082 12
-0.112574 12
-0.107822 19
-0.103184 14
-0.0982468 19
-0.0941061 13
-0.0885519 23
-0.0840757 24
-0.0792194 10
-0.0743789 25
-0.0698978 27
-0.0647492 29
-0.0605951 40
-0.0557125 35
-0.0502489 32
-0.0459847 24
-0.0414377 29
-0.0363183 24
-0.0318357 32
-0.0270451 33
-0.0218926 27
-0.0170674 30
-0.0126294 28
-0.00821841 39
-0.00265429 42
0.000670625 148
0.00629707 34
0.0111846 21
0.0163435 23
0.0206188 36
0.0257328 23
0.0307671 20
0.0349453 24
0.0399807 38
0.0440641 42
0.0494724 28
0.0540398 33
0.0586588 39
0.0633399 35
0.0682997 30
0.0733378 23
0.0779365 24
0.0828978 15
0.0876703 22
0.093232 10
0.0964769 20
0.102499 17
0.106166 14
0.111435 19
0.115903 9
0.120362 15
0.125698 7
0.131492 7
0.135398 15
0.139551 11
0.143467 14
0.149645 13
0.15368 15
0.159293 14
0.1636 27
0.168195 11
0.172637 18
0.17802 16
0.18254 15
0.187102 18
0.191769 15
0.197019 18
0.202246 16
0.206068 20
0.211489 12
0.216691 14
0.220802 13
0.225093 19
0.229996 13
0.234869 15
0.239342 8
0.245048 5
0.249759 6
0.254032 13
0.258109 6
0.263613 11
0.268046 10
0.273392 14
0.277602 13
0.283209 4
0.287599 7
0.290964 2
0.297269 9
0.301242 2
0.306716 7
0.311179 3
0.31673 3
0.320386 3
0.327812 1
0.329642 2
0.336377 4
0.338988 3
0.344896 2
0.351084 3
0.35446 6
0.359024 2
0.363715 2
0.368282 2
0 0
0 0
0.382484 2
0.388477 2
0 0
0.396566 5
0.402202 2
0.405635 1
0.40928 1
0 0
0.420296 4
0 0
0.430263 2
0 0
0.44207 1
0.446377 1
0 0
0 0
0 0
0.464002 1
0 0
0.470971 1
