-0.0993587 3
0 0
-0.097176 3
0 0
-0.0948789 1
-0.0942346 2
-0.0928517 1
-0.0921367 2
-0.0911685 2
-0.0906246 1
-0.0895431 2
-0.088229 3
-0.0872703 1
-0.0866602 1
0 0
-0.0840866 1
-0.0834236 2
-0.0823929 2
-0.0817123 1
0 0
-0.0797213 1
-0.0784369 3
-0.077104 1
-0.0767576 1
0 0
-0.0745928 2
-0.0735985 1
-0.0724622 2
-0.0715832 3
0 0
0 0
-0.0683207 1
-0.0675 1
-0.0662655 2
-0.065576 3
0 0
-0.0636676 1
-0.0625312 1
0 0
-0.0606157 2
0 0
-0.0587196 1
-0.0574377 2
-0.0563316 1
-0.0557141 2
0 0
0 0
-0.0528498 2
-0.0518896 2
-0.0505273 1
-0.0496119 4
-0.0489608 2
-0.0476918 4
0 0
-0.0455363 2
-0.0447487 2
-0.0439866 2
0 0
0 0
-0.0406081 1
-0.039449 1
-0.0386598 3
-0.0377162 1
-0.0369829 1
-0.0358393 2
-0.0350622 1
-0.0337668 2
-0.0323509 2
-0.0321888 1
0 0
-0.0297159 1
-0.0292064 1
-0.0277726 3
0 0
-0.0260303 1
-0.0250711 1
-0.0239356 4
-0.0228392 1
-0.0217427 2
0 0
-0.0194915 2
-0.0185334 2
-0.0178359 1
0 0
-0.016152 2
-0.0150052 2
-0.0136085 1
-0.012627 2
0 0
-0.0105061 1
-0.00997277 4
-0.00875516 1
-0.00827521 1
-0.00661783 2
-0.00603397 2
-0.00452993 1
-0.00403239 2
-0.00280401 2
-0.00234256 2
-0.00106037 3
0 0
0.00128569 2
0 0
0.00289149 1
0.00439927 1
0 0
0.00589809 1
0.00714616 3
0.008318 1
0.00949938 1
0.0103137 2
0 0
0.0121261 3
0.0132292 3
0 0
0.0152168 1
0.0161315 1
0.0169535 1
0 0
0 0
0.0202503 2
0.0209714 2
0.022255 2
0 0
0.0243069 1
0.0250774 3
0.0259127 2
0.0270616 1
0 0
0 0
0.0295097 1
0.0310746 3
0 0
0.0324737 1
0.0339708 4
0.0346377 1
0.0354703 1
0.0366464 1
0.0378211 1
0 0
0 0
0.0408666 1
0.0413749 1
0.0432115 1
0.0439098 2
0 0
0.0455469 2
0.0471219 1
0 0
0.0491841 1
0 0
0.0508714 3
0.0515648 2
0.0528909 3
0.0534532 1
0.054329 1
0.0556823 4
0.0568187 2
0.0575854 1
0.0585174 2
0.0598037 1
0.0608141 1
0.0616768 1
0.0631735 2
0 0
0.0642314 1
0 0
0.0663063 2
0.0674003 1
0.0686515 1
0 0
0 0
0.0718035 2
0.0722952 1
0.0736005 1
0 0
0.0754687 2
0.0762488 1
0.0777695 1
0 0
0.0796134 2
0 0
0.0817418 2
0 0
0.083962 1
0.0849042 1
0.0854738 3
0.0867068 2
0 0
0.0887183 3
0.0890554 1
0.0904996 2
0.0912784 1
0.0924537 3
0.093066 1
0.0949847 1
0.0957266 3
0.0964686 1
0 0
0.0982087 1
0.098961 1
