-0.483489 1
0 0
0 0
0 0
0 0
0 0
0 0
0 0
0 0
-0.432913 1
0 0
0 0
0 0
0 0
0 0
0 0
0 0
0 0
0 0
0 0
0 0
0 0
0 0
0 0
0 0
0 0
0 0
0 0
0 0
0 0
0 0
0 0
0 0
0 0
0 0
0 0
0 0
0 0
0 0
0 0
0 0
0 0
0 0
0 0
0 0
-0.242813 1
0 0
0 0
0 0
0 0
0 0
0 0
0 0
0 0
0 0
0 0
0 0
0 0
-0.174211 2
0 0
0 0
0 0
0 0
0 0
0 0
0 0
0 0
0 0
-0.121213 1
0 0
0 0
-0.104459 1
-0.0971673 1
0 0
0 0
0 0
0 0
0 0
0 0
0 0
0 0
-0.0488991 1
-0.0456082 1
0 0
0 0
0 0
0 0
0 0
-0.0145077 2
-0.0108574 1
-0.00449015 1
0 0
0 0
0 0
0.0189398 1
0 0
0 0
0 0
0 0
0 0
0.0465882 1
0 0
0.0597392 1
0.0668043 1
0 0
0 0
0.083277 1
0 0
0 0
0 0
0 0
0.105657 1
0 0
0 0
0 0
0 0
0 0
0.139304 2
0 0
0 0
0 0
0 0
0 0
0 0
0 0
0 0
0 0
0 0
0 0
0 0
0 0
0 0
0 0
0 0
0 0
0 0
0 0
0 0
0 0
0 0
0 0
0 0
0 0
0 0
0 0
0 0
0 0
0 0
0 0
0 0
0 0
0 0
0 0
0.330148 1
0 0
0 0
0 0
0 0
0 0
0 0
0 0
0 0
0 0
0 0
0.386832 1
0 0
0.399275 1
0 0
0 0
0 0
0 0
0 0
0 0
0 0
0 0
0 0
0 0
0 0
0 0
0 0
0 0
0 0
0 0
0 0
0 0
0 0
0 0
0 0
0 0
0 0
0 0
0 0
0 0
0.541246 1
0 0
0 0
0 0
0 0
0 0
0 0
0.576655 1
