-0.312939 1
0 0
0 0
0 0
0 0
0 0
-0.290174 1
0 0
0 0
0 0
-0.277478 1
0 0
0 0
0 0
0 0
0 0
0 0
0 0
0 0
0 0
0 0
0 0
0 0
0 0
0 0
0 0
0 0
0 0
-0.215444 1
0 0
-0.208389 1
-0.203711 1
0 0
0 0
-0.1942 3
0 0
-0.187828 2
0 0
-0.181613 1
-0.178157 2
-0.175066 2
0 0
-0.16564 1
0 0
-0.160514 1
-0.156367 2
-0.153279 3
-0.151508 1
-0.145775 3
-0.144249 1
-0.139515 3
-0.137072 1
-0.132724 2
-0.129326 1
-0.12643 2
-0.121932 4
-0.120591 1
-0.115223 6
-0.111894 6
-0.108929 4
-0.105739 5
-0.101521 2
-0.099641 2
-0.0945182 4
-0.0907482 2
-0.0880539 6
-0.0848202 3
-0.0810948 3
-0.0778654 8
-0.0748093 5
-0.0704074 7
-0.067621 6
-0.0638163 6
-0.0611277 3
-0.0564108 3
-0.0533777 5
-0.0503307 5
-0.0467068 4
-0.0441055 2
-0.0390836 3
-0.0357264 5
-0.0332078 7
-0.0302644 9
-0.0263562 10
-0.0231273 10
-0.0191381 7
-0.0153809 7
-0.0121087 6
-0.0100537 7
-0.00645894 3
-0.00173588 12
-1.01313e-05 99
0.00482874 7
0.00873609 6
0.012501 5
0.0147541 8
0.0185736 11
0.0214344 7
0.0253291 5
0.0286032 5
0.031827 8
0.0351067 5
0.0392714 3
0.0422586 7
0.0461113 12
0.0501911 4
0.0529023 8
0.0561531 6
0.0593572 4
0.0632156 7
0.0660543 5
0.0691314 4
0.0731063 1
0.0760799 7
0.0797852 10
0.0839842 5
0.08712 6
0.0917225 1
0.0934116 2
0.0971791 3
0.101454 4
0.103344 2
0.10848 5
0.110151 4
0.114865 7
0.11682 4
0.120825 5
0.125286 4
0.127592 1
0 0
0.134625 3
0.138293 5
0.142544 3
0.145382 3
0 0
0.151878 2
0.156241 3
0.159124 2
0.162845 1
0.164829 1
0.169151 3
0.174171 1
0.174711 2
0 0
0.183189 4
0.186529 1
0.190356 2
0.192396 1
0 0
0.200376 3
0.202333 1
0 0
0 0
0.212846 1
0.218551 1
0.222395 2
0 0
0.227402 1
0 0
0 0
0 0
0 0
0 0
0 0
0 0
0 0
0 0
0 0
0.266374 1
0.270439 1
0 0
0 0
0 0
0.281348 1
0 0
0 0
0.293876 1
0 0
0.300525 1
0 0
0.307475 2
0 0
0 0
0 0
0 0
0 0
0 0
0 0
0 0
0 0
0 0
0 0
0 0
0 0
0 0
0 0
0 0
0 0
0 0
0 0
0.373625 1
