-0.839074 1
0 0
0 0
0 0
-0.804859 1
0 0
0 0
0 0
0 0
0 0
0 0
0 0
0 0
-0.73762 1
0 0
0 0
0 0
0 0
0 0
0 0
0 0
0 0
0 0
0 0
0 0
0 0
0 0
0 0
-0.618526 1
0 0
0 0
0 0
0 0
0 0
-0.579478 2
0 0
0 0
0 0
0 0
0 0
0 0
0 0
0 0
0 0
0 0
0 0
0 0
0 0
-0.47111 1
0 0
0 0
0 0
0 0
0 0
0 0
-0.413761 1
0 0
0 0
0 0
-0.386696 1
0 0
0 0
0 0
0 0
0 0
0 0
0 0
0 0
-0.315271 1
0 0
0 0
-0.29333 1
0 0
-0.276772 1
-0.272336 1
0 0
0 0
0 0
0 0
0 0
-0.228974 1
-0.217324 1
0 0
0 0
0 0
0 0
0 0
0 0
0 0
-0.158402 1
0 0
-0.141968 2
0 0
0 0
0 0
0 0
-0.100934 1
-0.0939229 1
0 0
0 0
0 0
-0.0647374 3
0 0
-0.0521336 2
-0.0452418 2
0 0
-0.0311631 2
0 0
0 0
-0.00817381 2
2.99108e-06 9
0 0
0.0146011 1
0.0282087 1
0.0348564 2
0 0
0.0489177 1
0.0557996 1
0 0
0 0
0 0
0.083093 1
0.0931482 1
0 0
0 0
0.119094 1
0 0
0 0
0.139487 1
0 0
0 0
0 0
0 0
0 0
0 0
0 0
0 0
0 0
0 0
0 0
0 0
0 0
0.242646 1
0 0
0.261446 1
0 0
0 0
0 0
0.291875 2
0.302149 1
0 0
0 0
0 0
0.329929 1
0.335533 1
0 0
0 0
0 0
0 0
0 0
0 0
0 0
0.396732 1
0.403313 1
0 0
0 0
0 0
0.433648 1
0 0
0.447762 1
0.459207 2
0 0
0 0
0 0
0 0
0.496185 1
0.505048 1
0 0
0 0
0 0
0 0
0 0
0 0
0 0
0 0
0 0
0 0
0 0
0 0
0 0
0 0
0 0
0 0
0 0
0 0
0 0
0 0
0 0
0 0
0.683758 1
0 0
