-0.412146 1
0 0
0 0
0 0
0 0
0 0
0 0
0 0
0 0
0 0
0 0
0 0
0 0
0 0
0 0
-0.352135 2
0 0
0 0
0 0
0 0
0 0
0 0
0 0
0 0
0 0
0 0
0 0
0 0
0 0
0 0
0 0
-0.289654 1
0 0
-0.282459 1
0 0
0 0
0 0
0 0
-0.261107 1
-0.260293 1
0 0
0 0
0 0
-0.242518 2
0 0
0 0
-0.231522 1
-0.227527 1
0 0
-0.218946 1
-0.216659 1
-0.211281 2
-0.206858 1
0 0
-0.202073 1
0 0
-0.19345 1
-0.18971 1
-0.186267 2
0 0
-0.177489 2
0 0
-0.170158 1
-0.165136 2
-0.162085 3
-0.156972 2
-0.153698 1
-0.150193 4
-0.146279 2
-0.141474 4
-0.13793 6
-0.133916 2
-0.130348 2
-0.127147 2
-0.122331 5
-0.118083 4
-0.114642 9
-0.110664 7
-0.107227 3
-0.103828 7
-0.0989349 4
-0.0957107 9
-0.0915489 4
-0.0883973 8
-0.0835915 10
-0.0797356 18
-0.0765504 19
-0.0722653 36
-0.0681975 22
-0.0643751 18
-0.0600907 22
-0.0568774 20
-0.0527642 19
-0.0489212 20
-0.0450544 25
-0.0413925 28
-0.0372047 36
-0.0336152 22
-0.0292469 37
-0.0255956 40
-0.0216404 40
-0.0178472 50
-0.0137205 39
-0.0100512 50
-0.00615857 70
-0.00182664 110
0.0005513 368
0.00498498 67
0.00900588 38
0.0132991 46
0.0171399 35
0.0210191 40
0.0247475 27
0.028775 47
0.0323618 32
0.0366089 34
0.0398764 27
0.0441516 27
0.0480505 33
0.0520344 26
0.0561813 27
0.0602605 35
0.0637654 29
0.067595 19
0.0713708 33
0.0752498 34
0.0796002 18
0.0833101 15
0.0869449 7
0.0906908 14
0.0946768 9
0.098501 6
0.102954 7
0.106393 16
0.110623 6
0.113991 7
0.118045 8
0.121221 4
0.126303 6
0.129542 7
0.13364 5
0.137921 5
0.141115 3
0.143317 1
0.149675 5
0.152917 2
0.156693 3
0.161138 3
0.164922 1
0.168886 1
0.172925 1
0.175974 4
0.180226 2
0.183422 1
0.189011 1
0.193559 1
0.195693 1
0 0
0.202615 1
0.206032 1
0 0
0 0
0.217988 3
0.224774 1
0 0
0 0
0.235169 2
0 0
0.244277 1
0 0
0 0
0 0
0 0
0 0
0 0
0 0
0 0
0 0
0.27941 1
0.283663 1
0.289989 1
0 0
0.297687 1
0 0
0 0
0 0
0 0
0.315385 1
0.31875 3
0 0
0 0
0 0
0 0
0 0
0.344117 1
0 0
0.350887 1
0 0
0 0
0.362001 1
0.364712 1
