-0.0579616 1
0 0
0 0
0 0
0 0
0 0
0 0
0 0
0 0
0 0
0 0
0 0
0 0
0 0
0 0
0 0
0 0
0 0
0 0
0 0
0 0
0 0
0 0
0 0
0 0
0 0
0 0
0 0
0 0
0 0
0 0
0 0
0 0
0 0
0 0
0 0
0 0
0 0
0 0
0 0
0 0
0 0
0 0
0 0
0 0
0 0
0 0
0 0
0 0
0 0
0 0
0 0
0 0
0 0
-0.0130046 1
0 0
0 0
0 0
0 0
0 0
0 0
0 0
0 0
0 0
-0.00444807 1
0 0
0 0
-0.0019734 1
0 0
-0.000839047 1
-6.46787e-10 2
0.00150766 1
0 0
0 0
0 0
0 0
0 0
0 0
0.0067249 1
0.00794058 1
0 0
0 0
0 0
0 0
0 0
0 0
0 0
0 0
0 0
0.0155651 1
0.0170016 1
0 0
0 0
0 0
0 0
0 0
0 0
0 0
0 0
0 0
0 0
0 0
0 0
0.0273044 1
0 0
0 0
0 0
0 0
0 0
0 0
0 0
0 0
0 0
0 0
0 0
0 0
0 0
0 0
0 0
0.0406264 1
0 0
0 0
0 0
0 0
0 0
0 0
0 0
0 0
0 0
0 0
0 0
0 0
0 0
0 0
0 0
0 0
0 0
0 0
0 0
0 0
0 0
0 0
0 0
0 0
0.0612614 1
0 0
0 0
0 0
0 0
0 0
0 0
0 0
0 0
0 0
0 0
0.0702865 1
0 0
0.072341 1
0 0
0.0736496 1
0.0746836 1
0 0
0 0
0 0
0 0
0.0785086 2
0 0
0 0
0 0
0 0
0 0
0.0839822 1
0 0
0 0
0 0
0.0873465 1
0 0
0 0
0 0
0.0906669 1
0 0
0.0917615 1
0 0
0 0
0 0
0 0
0 0
0 0
0 0
0 0
0 0
0 0
0.101429 1
0 0
0 0
0 0
0 0
0 0
0 0
0 0
0.107254 1
