-0.339421 1
0 0
0 0
0 0
-0.317895 1
-0.315109 1
0 0
0 0
-0.302457 1
0 0
0 0
0 0
0 0
-0.279186 1
0 0
0 0
0 0
0 0
0 0
-0.249635 1
-0.246476 1
-0.241856 1
-0.239488 1
0 0
0 0
-0.223601 2
-0.222278 1
-0.213413 1
-0.213201 1
-0.208307 1
-0.203197 2
0 0
-0.191466 1
-0.188427 1
0 0
0 0
-0.173996 3
-0.171296 2
0 0
-0.160688 2
-0.157002 5
-0.15262 6
-0.147897 6
-0.144024 4
-0.137782 2
-0.133158 2
-0.130137 7
-0.125358 12
-0.12144 9
-0.116179 13
-0.1124 9
-0.107602 11
-0.103045 14
-0.0984634 34
-0.0942795 41
-0.0896264 37
-0.0848946 37
-0.0807562 42
-0.0762865 31
-0.0716589 45
-0.067333 34
-0.0627945 38
-0.0580788 40
-0.0536334 41
-0.0486643 38
-0.0441574 43
-0.0396062 40
-0.035671 54
-0.03115 46
-0.0267124 42
-0.0219592 42
-0.0175926 44
-0.0128115 45
-0.0086044 39
-0.00381132 39
0.000918408 42
0.00500466 48
0.00941159 54
0.0141523 42
0.0181336 36
0.0233724 46
0.0273035 57
0.0317949 38
0.0361745 38
0.0413225 35
0.0453459 43
0.0500816 36
0.0542152 39
0.0588953 31
0.0632308 36
0.0681624 33
0.0724054 30
0.0771818 41
0.0816734 42
0.0860557 44
0.0901452 24
0.0949849 27
0.0990924 29
0.10446 27
0.108565 16
0.113219 21
0.117718 16
0.122727 8
0.126213 8
0.131683 7
0.136319 10
0.140566 4
0.144128 2
0.149626 4
0.153699 2
0.158018 3
0.162832 5
0.167175 3
0.170943 4
0.176596 1
0.178684 1
0.183522 1
0.189073 2
0.195622 2
0.199517 3
0.202734 2
0.205538 1
0 0
0.215455 1
0.221242 2
0 0
0.231008 1
0.234972 4
0.238136 1
0.24347 2
0.246963 1
0 0
0 0
0 0
0.268317 1
0.270653 1
0 0
0 0
0.285102 1
0 0
0 0
0 0
0 0
0 0
0 0
0 0
0 0
0 0
0.329993 1
0 0
0 0
0 0
0 0
0 0
0 0
0 0
0 0
0 0
0 0
0 0
0 0
0 0
0 0
0 0
0 0
0 0
0.409086 1
0 0
0 0
0 0
0 0
0 0
0 0
0 0
0 0
0 0
0 0
0 0
0 0
0 0
0 0
0 0
0 0
0 0
0 0
0 0
0 0
0 0
0 0
0 0
0 0
0 0
0 0
0 0
0 0
0 0
0 0
0 0
0 0
0 0
0.561109 1
