-0.752699 1
0 0
0 0
0 0
0 0
0 0
0 0
0 0
0 0
0 0
-0.670096 1
0 0
0 0
0 0
0 0
0 0
0 0
0 0
0 0
0 0
0 0
0 0
0 0
0 0
0 0
0 0
0 0
0 0
-0.531276 1
0 0
0 0
-0.5078 1
0 0
-0.488272 1
0 0
0 0
0 0
0 0
0 0
0 0
0 0
0 0
0 0
0 0
0 0
0 0
-0.388719 1
0 0
-0.370495 1
0 0
0 0
0 0
-0.338511 1
0 0
0 0
0 0
0 0
0 0
-0.296284 2
-0.286863 1
-0.279631 1
-0.270623 2
0 0
-0.253217 1
0 0
0 0
0 0
-0.22447 3
0 0
0 0
-0.202316 1
-0.19172 1
0 0
0 0
0 0
-0.162572 1
-0.155459 1
0 0
0 0
0 0
0 0
0 0
0 0
-0.0969913 2
0 0
-0.0805753 1
-0.0724425 1
0 0
-0.0593425 1
-0.0528459 2
-0.0457773 1
-0.0341572 3
0 0
-0.0231871 1
-0.0141924 1
0 0
0 0
0.0141116 1
0.0159919 1
0 0
0.0323473 2
0.0431742 2
0 0
0.0587594 1
0 0
0.0740789 1
0.0816333 2
0.0903059 1
0.0962569 2
0 0
0 0
0.120227 3
0 0
0.13769 1
0 0
0 0
0 0
0.164261 1
0.176367 1
0 0
0 0
0 0
0 0
0 0
0.222098 2
0 0
0 0
0.241734 1
0 0
0.261274 1
0 0
0 0
0 0
0 0
0 0
0 0
0.314245 1
0 0
0.327821 1
0 0
0 0
0.355903 1
0 0
0 0
0.378796 1
0 0
0 0
0 0
0.40981 1
0 0
0 0
0 0
0 0
0 0
0 0
0 0
0 0
0 0
0.491007 1
0 0
0 0
0 0
0 0
0 0
0 0
0 0
0.548737 1
0 0
0 0
0 0
0 0
0 0
0 0
0 0
0 0
0 0
0 0
0 0
0 0
0 0
0 0
0 0
0 0
0 0
0 0
0 0
0 0
0 0
0 0
0 0
0 0
0 0
0 0
0 0
0 0
0 0
0 0
0 0
0 0
0 0
0.812767 1
