-0.706644 1
0 0
0 0
0 0
0 0
0 0
0 0
0 0
0 0
0 0
0 0
0 0
0 0
0 0
0 0
0 0
-0.601112 3
-0.597529 1
0 0
0 0
0 0
0 0
-0.563953 2
0 0
0 0
0 0
0 0
-0.531439 3
-0.523195 2
-0.518717 3
-0.512388 3
0 0
0 0
-0.490917 3
-0.483056 1
-0.481581 2
-0.472702 2
-0.466574 4
-0.460151 2
-0.453753 5
-0.447456 3
-0.439908 1
-0.433415 2
-0.429525 3
-0.42344 6
-0.415674 1
-0.409751 5
-0.403014 6
-0.399169 1
-0.389559 1
-0.383291 3
-0.376705 4
-0.37029 5
-0.364888 5
-0.359096 5
-0.352281 7
-0.34639 5
-0.338508 7
-0.333852 7
-0.325592 3
-0.319007 2
-0.312727 7
-0.307425 9
-0.300494 5
-0.294745 11
-0.287062 10
-0.280912 13
-0.275515 8
-0.268807 16
-0.261619 19
-0.25535 21
-0.24957 18
-0.243042 11
-0.236094 13
-0.230183 23
-0.224397 19
-0.217804 19
-0.211123 23
-0.204498 19
-0.198026 21
-0.191632 16
-0.185011 23
-0.178359 32
-0.172323 34
-0.166051 26
-0.159423 30
-0.153469 30
-0.146888 39
-0.140097 27
-0.133943 41
-0.127515 56
-0.12137 49
-0.115359 46
-0.108511 64
-0.102517 61
-0.0959587 89
-0.089417 97
-0.0831837 97
-0.0765335 111
-0.0703783 121
-0.0639277 103
-0.057294 145
-0.0512805 131
-0.0446449 128
-0.0380277 150
-0.031937 140
-0.0252543 144
-0.0188046 156
-0.0127207 173
-0.00641461 186
7.21287e-05 211
0.00648041 188
0.0130668 181
0.0193088 189
0.0256141 210
0.0322176 182
0.0386242 201
0.044746 219
0.0510972 169
0.0577227 198
0.0638491 180
0.0704913 162
0.0766759 162
0.0833855 147
0.0898904 126
0.0958804 102
0.101952 63
0.108542 45
0.115515 32
0.121964 24
0.127712 20
0.134389 28
0.14023 12
0.147302 17
0.154383 8
0.158863 4
0.165213 9
0.173185 12
0.179227 6
0.185799 8
0.191748 3
0.199285 11
0.205749 2
0.211374 3
0.219814 3
0.223286 1
0.230054 3
0.236711 6
0.243793 2
0 0
0.255911 3
0.261464 4
0.270739 1
0.273209 1
0.281413 3
0.287993 6
0.29315 4
0.302252 1
0.306478 1
0.31583 1
0 0
0.324016 1
0 0
0.339247 1
0.34491 2
0.353616 2
0 0
0.364122 1
0 0
0.378631 1
0 0
0 0
0.398962 1
0 0
0 0
0.41474 1
0.425463 1
0 0
0 0
0 0
0 0
0.455664 1
0 0
0.465915 2
0 0
0 0
0 0
0 0
0 0
0 0
0.514504 1
0.518605 1
0.524886 1
0.532141 1
0.534415 1
0 0
0 0
0 0
0 0
0.569652 1
0.572575 1
