-0.358865 1
-0.353397 1
0 0
0 0
0 0
-0.335293 3
0 0
0 0
0 0
-0.317564 2
0 0
-0.30952 1
0 0
-0.299128 1
0 0
0 0
0 0
0 0
0 0
0 0
0 0
-0.265192 1
0 0
-0.256679 1
-0.253521 1
0 0
-0.24424 1
-0.237861 2
-0.236285 1
-0.231083 4
-0.226221 2
-0.221086 4
-0.217826 3
-0.214462 3
-0.207647 5
-0.205852 2
-0.199837 5
-0.196074 5
-0.190792 6
-0.187232 3
-0.182333 6
-0.178731 9
-0.174426 9
-0.17053 4
-0.165236 4
-0.160734 9
-0.156329 7
-0.151638 14
-0.147988 14
-0.143297 7
-0.138398 10
-0.134636 12
-0.131139 10
-0.125693 20
-0.121492 15
-0.117383 16
-0.112781 19
-0.108251 22
-0.104864 23
-0.0997522 28
-0.0952621 25
-0.0907405 22
-0.0872729 24
-0.0826841 30
-0.0780495 22
-0.0732077 25
-0.0691394 32
-0.0651681 35
-0.060746 28
-0.0563351 30
-0.0519593 39
-0.0473624 35
-0.0433689 27
-0.0384789 36
-0.0340108 35
-0.0302165 36
-0.0253103 25
-0.0211438 23
-0.017355 39
-0.0125477 30
-0.0083665 32
-0.00409842 34
0.000571167 32
0.00504379 37
0.00922207 35
0.0136969 27
0.0178123 30
0.0224304 36
0.026583 34
0.030699 31
0.0350886 37
0.0396943 26
0.0439309 32
0.0486431 35
0.053102 24
0.0571036 29
0.0616068 22
0.0660779 28
0.0699707 23
0.074799 21
0.078999 26
0.0831386 28
0.0875936 25
0.0921361 23
0.0958131 18
0.101127 15
0.105133 21
0.109411 16
0.113592 18
0.117394 16
0.121855 23
0.126201 14
0.131132 15
0.13555 16
0.139491 10
0.144824 15
0.148629 17
0.152704 13
0.157942 11
0.16184 15
0.166115 13
0.170577 17
0.174618 6
0.179207 9
0.182917 11
0.186618 11
0.191894 12
0.196119 7
0.201109 3
0.205229 7
0.209119 6
0.213184 7
0.217904 1
0.222527 6
0.226661 7
0.231734 6
0.235051 3
0.24041 3
0.244903 7
0.248172 4
0.25422 4
0.257761 6
0.26239 4
0.264894 1
0.270547 5
0.275212 4
0.279522 5
0.282705 4
0 0
0.292285 3
0.296514 1
0.302452 1
0.303391 1
0.310733 2
0 0
0.318922 1
0 0
0 0
0.33318 3
0.33587 2
0 0
0.343067 1
0.349428 3
0.355137 1
0 0
0.363802 1
0 0
0.370885 2
0 0
0 0
0.385409 1
0.386102 1
0 0
0 0
0 0
0 0
0 0
0 0
0 0
0 0
0.42865 1
0 0
0 0
0 0
0 0
0 0
0 0
0 0
0 0
0 0
0 0
0.473858 1
0 0
0 0
0 0
0 0
0 0
0 0
0 0
0 0
0.512272 1
