0.000000 0.000000 0.000000 0.000000 0.000000 
0.000000 0.000000 0.000000 0.000000 0.000000 
-0.666666 -0.000511 49.000000 17.000000 0.131398 
-3.666665 -0.002924 91.000000 34.000000 0.219231 
-3.666666 -0.002820 136.000000 49.000000 0.298112 
-2.333331 0.000536 185.000000 64.000000 0.371571 
-9.666667 -0.003380 229.000000 86.000000 0.409758 
-25.333338 -0.013124 260.000000 112.000000 0.409761 
-23.999973 -0.004424 309.000000 127.000000 0.459631 
-24.999945 -0.000938 354.000000 143.000000 0.493477 
-37.666630 -0.007007 394.000000 169.000000 0.491456 
-50.333347 -0.010751 434.000000 195.000000 0.488949 
-55.000076 -0.007230 483.000000 216.000000 0.509492 
-67.333374 -0.009835 521.000000 241.000000 0.503169 
-78.333282 -0.009102 557.000000 264.000000 0.500454 
-93.666550 -0.011526 583.000000 288.000000 0.481832 
-97.666451 -0.006229 622.000000 305.000000 0.500211 
-97.999672 -0.002515 666.000000 320.000000 0.525943 
-107.666245 -0.007391 703.000000 342.000000 0.520848 
-125.999458 -0.014031 750.000000 376.000000 0.502311 
-134.999512 -0.012002 792.000000 399.000000 0.505508 
-140.333069 -0.007881 836.000000 419.000000 0.518419 
-148.333328 -0.006152 887.000000 444.000000 0.528144 
-153.000259 -0.006317 939.000000 466.000000 0.539945 
-167.667236 -0.012544 1000.000000 501.000000 0.529884 
-176.334152 -0.011051 1049.000000 526.000000 0.531358 
-188.334320 -0.009608 1082.000000 549.000000 0.519822 
-184.334564 -0.001080 1130.000000 561.000000 0.554038 
-202.668121 -0.010545 1174.000000 594.000000 0.527623 
-209.001663 -0.007335 1215.000000 614.000000 0.532851 
-212.335220 -0.003422 1259.000000 632.000000 0.546354 
-221.335464 -0.009473 1307.000000 657.000000 0.540559 
-220.335724 -0.003302 1358.000000 673.000000 0.564140 
-224.002640 -0.003182 1407.000000 693.000000 0.571289 
-226.336212 -0.002947 1454.000000 711.000000 0.578920 
-221.336502 0.001999 1511.000000 725.000000 0.606863 
-217.003433 0.003956 1563.000000 738.000000 0.627108 
-212.003738 0.004081 1623.000000 753.000000 0.644633 
-204.337357 0.006189 1679.000000 764.000000 0.666407 
-209.337601 -0.002102 1727.000000 785.000000 0.645322 
-209.004562 -0.000182 1785.000000 804.000000 0.645828 
-197.338211 0.007653 1847.000000 813.000000 0.679623 
-193.671875 0.005207 1912.000000 831.000000 0.680955 
-183.672150 0.007199 1966.000000 839.000000 0.701736 
-186.672424 0.000344 2020.000000 860.000000 0.678635 
-191.339417 -0.002833 2084.000000 886.000000 0.655695 
-189.006302 -0.001146 2127.000000 898.000000 0.658809 
-173.673309 0.008644 2194.000000 905.000000 0.699310 
-165.006912 0.009028 2247.000000 914.000000 0.714468 
-156.340576 0.007730 2312.000000 927.000000 0.721335 
-148.674210 0.008285 2371.000000 939.000000 0.727116 
-148.674469 0.005144 2422.000000 956.000000 0.711298 
-157.341339 -0.004118 2462.000000 978.000000 0.671834 
-161.674942 -0.005302 2515.000000 1000.000000 0.651303 
-161.008545 -0.001831 2568.000000 1017.000000 0.650964 
-165.342117 -0.003388 2615.000000 1037.000000 0.636760 
-179.342285 -0.010907 2648.000000 1062.000000 0.597132 
-199.009171 -0.015306 2691.000000 1096.000000 0.555520 
-199.676086 -0.007317 2740.000000 1113.000000 0.570450 
-212.342957 -0.012543 2780.000000 1139.000000 0.549019 
-220.009872 -0.010280 2829.000000 1163.000000 0.548501 
-222.343460 -0.005409 2879.000000 1182.000000 0.562083 
-229.677094 -0.007000 2938.000000 1209.000000 0.562911 
-238.343994 -0.007869 2984.000000 1233.000000 0.556413 
-242.677567 -0.006902 3031.000000 1253.000000 0.561096 
-246.344467 -0.004434 3077.000000 1272.000000 0.568007 
-241.011383 0.002162 3126.000000 1283.000000 0.597610 
-248.678314 -0.004049 3178.000000 1308.000000 0.587304 
-243.678589 0.000928 3232.000000 1321.000000 0.611896 
-229.678894 0.009302 3292.000000 1327.000000 0.658495 
-223.345886 0.008460 3356.000000 1342.000000 0.673836 
-222.346176 0.003544 3413.000000 1360.000000 0.669165 
-216.679749 0.004625 3460.000000 1370.000000 0.680545 
-207.013382 0.007161 3519.000000 1380.000000 0.700040 
-189.347046 0.014189 3584.000000 1384.000000 0.740280 
-178.013992 0.013057 3639.000000 1391.000000 0.756298 
-167.014252 0.011693 3690.000000 1397.000000 0.769757 
-155.014587 0.012529 3756.000000 1407.000000 0.776673 
-144.681503 0.010919 3805.000000 1413.000000 0.785142 
-130.015121 0.013545 3861.000000 1417.000000 0.803667 
-125.348495 0.008301 3902.000000 1426.000000 0.792641 
-126.015030 0.002076 3954.000000 1444.000000 0.757126 
-111.348198 0.009793 4019.000000 1451.000000 0.775485 
-95.014709 0.014157 4080.000000 1455.000000 0.798448 
-110.347946 -0.004670 4118.000000 1483.000000 0.719791 
-115.681160 -0.005633 4165.000000 1504.000000 0.687077 
-113.347710 -0.000202 4211.000000 1517.000000 0.686065 
-102.014236 0.007056 4266.000000 1524.000000 0.711087 
-88.347420 0.012745 4325.000000 1530.000000 0.739775 
-73.013901 0.014519 4398.000000 1539.000000 0.760099 
-62.013805 0.011259 4455.000000 1547.000000 0.768870 
-48.347214 0.013420 4514.000000 1553.000000 0.785877 
-36.347275 0.012525 4562.000000 1557.000000 0.799790 
-19.013931 0.015692 4626.000000 1561.000000 0.819619 
-7.680601 0.013037 4681.000000 1568.000000 0.820794 
-0.347265 0.009789 4736.000000 1579.000000 0.807298 
14.986061 0.012740 4791.000000 1582.000000 0.825111 
26.319427 0.010810 4849.000000 1590.000000 0.821910 
37.652744 0.010792 4901.000000 1596.000000 0.824175 
34.986023 0.001720 4944.000000 1613.000000 0.780825 
41.985950 0.004169 5001.000000 1625.000000 0.771383 
51.985874 0.007593 5061.000000 1635.000000 0.772850 
59.319145 0.007305 5110.000000 1644.000000 0.771147 
63.652409 0.005202 5165.000000 1658.000000 0.756339 
77.319191 0.010700 5227.000000 1665.000000 0.773837 
86.985992 0.011116 5280.000000 1673.000000 0.779194 
103.986168 0.014769 5349.000000 1679.000000 0.798928 
119.653000 0.014754 5414.000000 1685.000000 0.811844 
127.319817 0.011580 5473.000000 1697.000000 0.799352 
138.652924 0.012203 5534.000000 1706.000000 0.801006 
154.985931 0.015602 5598.000000 1711.000000 0.818509 
170.318924 0.016095 5665.000000 1718.000000 0.825966 
184.985245 0.014167 5733.000000 1726.000000 0.826517 
189.318359 0.008167 5776.000000 1736.000000 0.809286 
205.318054 0.013234 5836.000000 1740.000000 0.825916 
222.317703 0.016342 5905.000000 1746.000000 0.836091 
239.650711 0.017560 5969.000000 1750.000000 0.849484 
255.317078 0.015865 6028.000000 1754.000000 0.857870 
262.317200 0.011393 6079.000000 1764.000000 0.839838 
279.984619 0.015997 6153.000000 1771.000000 0.845535 
295.985352 0.016165 6225.000000 1779.000000 0.845487 
308.985992 0.014485 6288.000000 1787.000000 0.842714 
330.653412 0.018671 6362.000000 1790.000000 0.861910 
340.987366 0.013249 6423.000000 1800.000000 0.845747 
358.654755 0.015903 6494.000000 1806.000000 0.852382 
376.655365 0.018805 6554.000000 1808.000000 0.869259 
394.989441 0.018861 6627.000000 1814.000000 0.871544 
407.323395 0.014442 6688.000000 1822.000000 0.861073 
423.990662 0.016101 6747.000000 1825.000000 0.871833 
443.658020 0.018440 6815.000000 1828.000000 0.883850 
461.325409 0.018200 6886.000000 1834.000000 0.882433 
476.326019 0.017474 6946.000000 1839.000000 0.882188 
489.659912 0.014503 7001.000000 1844.000000 0.879910 
506.660553 0.016287 7064.000000 1848.000000 0.884760 
525.326538 0.017938 7123.000000 1849.000000 0.899226 
539.325195 0.014754 7189.000000 1857.000000 0.884521 
557.990479 0.016709 7257.000000 1861.000000 0.889660 
576.989075 0.017366 7326.000000 1865.000000 0.893605 
588.321350 0.014137 7378.000000 1871.000000 0.884962 
607.320129 0.017090 7438.000000 1872.000000 0.899931 
619.985657 0.014866 7494.000000 1878.000000 0.890936 
638.650879 0.017787 7565.000000 1883.000000 0.892152 
652.649658 0.015081 7625.000000 1889.000000 0.885442 
668.981750 0.015708 7686.000000 1893.000000 0.888479 
679.980408 0.013988 7752.000000 1904.000000 0.866612 
700.645691 0.018658 7820.000000 1906.000000 0.883758 
717.977600 0.018441 7890.000000 1912.000000 0.882024 
737.309631 0.020013 7954.000000 1914.000000 0.894565 
756.974976 0.020344 8019.000000 1916.000000 0.904952 
773.640564 0.018014 8072.000000 1917.000000 0.914669 
788.972595 0.015431 8136.000000 1923.000000 0.903609 
796.304871 0.010684 8188.000000 1933.000000 0.876562 
808.303528 0.011335 8254.000000 1943.000000 0.859086 
821.635681 0.012294 8312.000000 1949.000000 0.857703 
836.634705 0.013881 8360.000000 1950.000000 0.872819 
854.966675 0.015976 8427.000000 1954.000000 0.879750 
870.298950 0.015727 8479.000000 1956.000000 0.889072 
886.964417 0.015341 8538.000000 1959.000000 0.894474 
893.296814 0.009206 8584.000000 1968.000000 0.870228 
904.629211 0.011243 8630.000000 1972.000000 0.871066 
918.961426 0.012760 8685.000000 1976.000000 0.874173 
930.293579 0.011235 8743.000000 1984.000000 0.861910 
949.292114 0.015655 8815.000000 1989.000000 0.868041 
963.290955 0.013351 8872.000000 1994.000000 0.867552 
978.623108 0.014786 8930.000000 1998.000000 0.872762 
992.288452 0.014812 8995.000000 2006.000000 0.864624 
1010.953674 0.016893 9066.000000 2011.000000 0.870783 
1024.619263 0.014794 9122.000000 2016.000000 0.870700 
1038.954468 0.014723 9168.000000 2017.000000 0.883385 
1055.623657 0.015097 9230.000000 2021.000000 0.886032 
1068.959595 0.014373 9294.000000 2029.000000 0.874414 
1082.962280 0.013814 9360.000000 2037.000000 0.865175 
1097.631226 0.015276 9416.000000 2041.000000 0.870491 
1113.633545 0.015015 9473.000000 2044.000000 0.878436 
1129.635986 0.015229 9533.000000 2048.000000 0.882068 
1140.638184 0.011164 9587.000000 2055.000000 0.870414 
1153.974121 0.013066 9651.000000 2063.000000 0.862394 
1173.643555 0.017368 9719.000000 2066.000000 0.875903 
1190.645996 0.017393 9779.000000 2069.000000 0.884285 
1200.314697 0.012281 9829.000000 2076.000000 0.871372 
1213.650269 0.013673 9884.000000 2081.000000 0.871475 
1234.652954 0.017413 9950.000000 2082.000000 0.890210 
1249.321777 0.015409 10003.000000 2085.000000 0.893516 
1267.324463 0.016791 10069.000000 2089.000000 0.896192 
1284.994263 0.017779 10146.000000 2097.000000 0.886378 
1297.663330 0.014460 10205.000000 2104.000000 0.876247 
1312.665894 0.015309 10268.000000 2110.000000 0.873743 
1333.668945 0.018700 10343.000000 2114.000000 0.883812 
1352.004761 0.018464 10404.000000 2116.000000 0.894997 
1370.007202 0.018439 10464.000000 2118.000000 0.904531 
1391.676880 0.020995 10538.000000 2121.000000 0.911261 
1408.012695 0.017849 10599.000000 2125.000000 0.908619 
1424.681763 0.016609 10658.000000 2128.000000 0.910730 
1440.684204 0.016906 10718.000000 2132.000000 0.909264 
1456.686646 0.016408 10778.000000 2136.000000 0.907557 
1470.355591 0.013456 10834.000000 2141.000000 0.900047 
1484.024414 0.013020 10887.000000 2145.000000 0.897666 
1498.693848 0.014230 10955.000000 2153.000000 0.884216 
1517.029907 0.016452 11022.000000 2157.000000 0.889275 
1530.699707 0.016336 11099.000000 2169.000000 0.867646 
1543.702148 0.015175 11159.000000 2176.000000 0.862900 
1558.370850 0.014789 11209.000000 2178.000000 0.873845 
1576.040161 0.017385 11274.000000 2182.000000 0.880713 
1596.042847 0.019451 11340.000000 2184.000000 0.894155 
1609.711914 0.016621 11399.000000 2190.000000 0.887389 
1624.714722 0.014674 11468.000000 2198.000000 0.875258 
1639.717407 0.014237 11534.000000 2205.000000 0.869195 
1654.386597 0.014197 11596.000000 2211.000000 0.867316 
1666.055786 0.013332 11658.000000 2220.000000 0.854798 
1684.058228 0.015622 11718.000000 2222.000000 0.870280 
1700.394287 0.016556 11785.000000 2228.000000 0.870482 
1709.396240 0.011912 11833.000000 2235.000000 0.859857 
1724.732056 0.015001 11894.000000 2240.000000 0.864058 
1739.068115 0.014538 11961.000000 2248.000000 0.857082 
1755.070679 0.016016 12024.000000 2253.000000 0.862617 
1767.739258 0.014340 12071.000000 2256.000000 0.869008 
1785.075195 0.016327 12135.000000 2260.000000 0.876194 
1797.744141 0.013408 12191.000000 2266.000000 0.871039 
1811.746704 0.013626 12254.000000 2273.000000 0.865908 
1830.749390 0.017593 12320.000000 2276.000000 0.878365 
1846.751831 0.016729 12380.000000 2280.000000 0.882659 
1868.421265 0.020756 12448.000000 2281.000000 0.900505 
1888.090820 0.019754 12519.000000 2285.000000 0.903370 
1906.760132 0.018381 12584.000000 2288.000000 0.907611 
1924.429565 0.018054 12652.000000 2293.000000 0.904205 
1938.765503 0.015863 12716.000000 2300.000000 0.892185 
1954.101318 0.014769 12777.000000 2305.000000 0.889446 
1965.436768 0.011847 12829.000000 2311.000000 0.880916 
1978.105835 0.013108 12888.000000 2318.000000 0.872723 
1991.441162 0.012987 12937.000000 2321.000000 0.877328 
2006.110229 0.014447 12996.000000 2326.000000 0.876870 
2028.780029 0.018643 13073.000000 2329.000000 0.889385 
2043.115723 0.016776 13131.000000 2334.000000 0.887146 
2062.778564 0.017974 13199.000000 2337.000000 0.895369 
2081.439697 0.018722 13267.000000 2341.000000 0.898844 
2089.768555 0.011997 13322.000000 2351.000000 0.873306 
