0.000000 0.000000 0.000000 0.000000 0.000000 
-11.666670 -0.008438 49.000000 28.000000 0.126730 
-12.666686 -0.003676 100.000000 46.000000 0.235496 
-22.000010 -0.007452 135.000000 67.000000 0.285555 
-31.333321 -0.007752 170.000000 88.000000 0.326659 
-53.000023 -0.015713 201.000000 120.000000 0.337181 
-58.000072 -0.008743 240.000000 138.000000 0.379924 
-59.666801 -0.005054 289.000000 156.000000 0.429476 
-66.000000 -0.003998 348.000000 182.000000 0.471215 
-71.666542 -0.006007 397.000000 204.000000 0.493018 
-90.999756 -0.014607 444.000000 239.000000 0.479436 
-89.332962 -0.003100 494.000000 254.000000 0.518429 
-104.666206 -0.010675 529.000000 281.000000 0.501670 
-106.666100 -0.005152 571.000000 297.000000 0.522104 
-127.332672 -0.013733 608.000000 330.000000 0.495059 
-138.999481 -0.012214 648.000000 355.000000 0.493994 
-152.666382 -0.014130 694.000000 384.000000 0.491342 
-167.999893 -0.015671 729.000000 411.000000 0.479490 
-172.666779 -0.007429 772.000000 430.000000 0.500019 
-198.333679 -0.021144 818.000000 471.000000 0.469854 
-201.000595 -0.009092 867.000000 490.000000 0.500215 
-214.667450 -0.012090 904.000000 516.000000 0.491940 
-220.667709 -0.007432 955.000000 539.000000 0.511486 
-224.667923 -0.005852 997.000000 557.000000 0.524980 
-227.001511 -0.002709 1047.000000 576.000000 0.544965 
-233.335098 -0.005682 1097.000000 599.000000 0.549362 
-240.335312 -0.006987 1139.000000 620.000000 0.548236 
-254.002213 -0.010950 1185.000000 649.000000 0.532732 
-266.668518 -0.009773 1225.000000 675.000000 0.523130 
-275.001434 -0.010926 1266.000000 697.000000 0.521944 
-281.001068 -0.008736 1302.000000 715.000000 0.525491 
-283.000488 -0.004450 1359.000000 736.000000 0.548335 
-301.000092 -0.014755 1398.000000 767.000000 0.518343 
-311.666382 -0.013854 1435.000000 790.000000 0.510548 
-317.332520 -0.010872 1487.000000 813.000000 0.523554 
-333.998840 -0.014250 1521.000000 841.000000 0.502331 
-348.998535 -0.012830 1551.000000 866.000000 0.488145 
-350.664764 -0.006462 1594.000000 882.000000 0.511602 
-366.997620 -0.014627 1641.000000 914.000000 0.497992 
-376.663849 -0.012348 1684.000000 938.000000 0.501594 
-386.330017 -0.012063 1733.000000 964.000000 0.507092 
-396.329590 -0.009859 1775.000000 988.000000 0.509215 
-407.662415 -0.010450 1825.000000 1016.000000 0.511782 
-418.995270 -0.010825 1872.000000 1043.000000 0.511950 
-428.328186 -0.010342 1913.000000 1066.000000 0.512670 
-432.327637 -0.008203 1967.000000 1088.000000 0.530196 
-437.327209 -0.005913 2009.000000 1107.000000 0.538730 
-455.660156 -0.011600 2047.000000 1138.000000 0.513511 
-466.326355 -0.010011 2093.000000 1164.000000 0.515119 
-476.659363 -0.008648 2125.000000 1185.000000 0.509542 
-479.992218 -0.005796 2172.000000 1204.000000 0.527302 
-485.325043 -0.006576 2222.000000 1226.000000 0.537407 
-497.657928 -0.009609 2266.000000 1253.000000 0.528632 
-503.657440 -0.006634 2314.000000 1275.000000 0.537698 
-513.990601 -0.009930 2352.000000 1298.000000 0.528023 
-517.991394 -0.005277 2391.000000 1315.000000 0.538197 
-516.325928 -0.001186 2450.000000 1333.000000 0.567000 
-524.993469 -0.005658 2493.000000 1356.000000 0.558821 
-537.661011 -0.009825 2536.000000 1383.000000 0.542653 
-547.328430 -0.010200 2573.000000 1405.000000 0.534240 
-561.662720 -0.014214 2620.000000 1435.000000 0.519416 
-569.330200 -0.008988 2660.000000 1456.000000 0.523389 
-573.997803 -0.006672 2706.000000 1476.000000 0.535134 
-584.332092 -0.009563 2753.000000 1502.000000 0.531079 
-590.333069 -0.007170 2801.000000 1524.000000 0.539390 
-598.667358 -0.008156 2848.000000 1548.000000 0.538922 
-603.335083 -0.005853 2900.000000 1570.000000 0.549970 
-609.669434 -0.005988 2950.000000 1593.000000 0.553805 
-615.003601 -0.004003 2991.000000 1612.000000 0.557484 
-621.004456 -0.004762 3033.000000 1632.000000 0.558106 
-633.338562 -0.010061 3071.000000 1657.000000 0.540030 
-639.006042 -0.006410 3111.000000 1676.000000 0.544502 
-645.673584 -0.005368 3154.000000 1697.000000 0.546867 
-657.674377 -0.010605 3193.000000 1722.000000 0.532528 
-662.008545 -0.006064 3234.000000 1740.000000 0.541678 
-673.342712 -0.009232 3275.000000 1765.000000 0.531768 
-682.343689 -0.008100 3323.000000 1790.000000 0.533724 
-686.011230 -0.004677 3366.000000 1808.000000 0.545065 
-702.345337 -0.011306 3404.000000 1837.000000 0.522068 
-711.679443 -0.011624 3442.000000 1859.000000 0.517678 
-718.346985 -0.008636 3485.000000 1880.000000 0.524470 
-729.014526 -0.010735 3528.000000 1905.000000 0.520207 
-733.348755 -0.006262 3572.000000 1924.000000 0.533030 
-743.682861 -0.008086 3610.000000 1947.000000 0.526166 
-745.350525 -0.003008 3659.000000 1965.000000 0.546788 
-756.684753 -0.007584 3703.000000 1991.000000 0.537619 
-758.019165 -0.004130 3756.000000 2010.000000 0.556914 
-770.353333 -0.008345 3797.000000 2036.000000 0.541782 
-778.687561 -0.008586 3841.000000 2059.000000 0.539898 
-783.355164 -0.005110 3887.000000 2079.000000 0.549036 
-787.689270 -0.004648 3925.000000 2096.000000 0.553446 
-799.689941 -0.009606 3958.000000 2119.000000 0.535786 
-816.690674 -0.014713 3994.000000 2148.000000 0.511468 
-823.025024 -0.009392 4044.000000 2171.000000 0.524227 
-827.692810 -0.005992 4099.000000 2194.000000 0.540261 
-836.693665 -0.006962 4141.000000 2217.000000 0.537597 
-854.694458 -0.013522 4180.000000 2248.000000 0.512825 
-867.362061 -0.011726 4226.000000 2276.000000 0.509481 
-874.363098 -0.008768 4277.000000 2300.000000 0.521573 
-883.697205 -0.010601 4315.000000 2322.000000 0.517403 
-892.364929 -0.008271 4367.000000 2348.000000 0.525843 
0.000000 0.000000 0.000000 0.000000 0.000000 
-6.000001 -0.006319 45.000000 21.000000 0.117430 
-8.666663 -0.004954 91.000000 39.000000 0.216180 
-18.666645 -0.006365 136.000000 64.000000 0.287741 
-26.999950 -0.009207 180.000000 87.000000 0.340191 
-39.999992 -0.010114 216.000000 112.000000 0.366936 
-52.000050 -0.012031 261.000000 139.000000 0.397353 
-43.000111 0.000456 309.000000 146.000000 0.463788 
-51.000164 -0.003657 351.000000 168.000000 0.479615 
-52.666885 -0.002907 394.000000 184.000000 0.505249 
-62.000267 -0.006922 432.000000 206.000000 0.506121 
-69.333572 -0.007321 476.000000 228.000000 0.514130 
-71.666748 -0.003805 538.000000 251.000000 0.541727 
-67.666611 0.000899 592.000000 265.000000 0.574159 
-70.666473 -0.001389 646.000000 286.000000 0.581957 
-65.333000 0.002642 701.000000 299.000000 0.609607 
-60.999718 0.003090 753.000000 312.000000 0.628041 
-57.333111 0.003643 800.000000 324.000000 0.641442 
-47.999851 0.006893 858.000000 334.000000 0.668278 
-45.333244 0.004614 905.000000 347.000000 0.671688 
-43.999992 0.002121 969.000000 367.000000 0.667426 
-35.666729 0.005318 1024.000000 377.000000 0.686544 
-33.000134 0.005608 1080.000000 393.000000 0.686921 
-22.333443 0.009320 1139.000000 402.000000 0.709300 
-8.666768 0.012493 1204.000000 410.000000 0.734834 
-0.000100 0.009086 1263.000000 421.000000 0.739113 
1.666566 0.003836 1307.000000 434.000000 0.726124 
10.333230 0.006945 1354.000000 441.000000 0.738104 
20.999907 0.008574 1413.000000 450.000000 0.749434 
30.333277 0.008817 1471.000000 460.000000 0.754617 
37.333218 0.007814 1534.000000 474.000000 0.748906 
45.666481 0.008306 1589.000000 484.000000 0.752388 
52.666416 0.007468 1640.000000 494.000000 0.752388 
57.999683 0.006681 1692.000000 506.000000 0.746806 
72.999748 0.011241 1749.000000 510.000000 0.772470 
91.666611 0.015747 1826.000000 517.000000 0.795701 
107.000084 0.015177 1881.000000 520.000000 0.815714 
117.333580 0.010961 1945.000000 531.000000 0.806073 
125.333725 0.008197 2002.000000 542.000000 0.795066 
141.333527 0.013036 2062.000000 546.000000 0.814683 
153.999954 0.012925 2109.000000 549.000000 0.827910 
163.666351 0.011903 2162.000000 557.000000 0.823471 
172.666092 0.010064 2213.000000 565.000000 0.817839 
188.665771 0.014021 2276.000000 570.000000 0.829909 
198.332169 0.011296 2329.000000 578.000000 0.823959 
204.331940 0.008354 2374.000000 587.000000 0.812039 
210.664932 0.005773 2441.000000 603.000000 0.786442 
218.997971 0.007440 2499.000000 614.000000 0.781359 
234.330963 0.012416 2566.000000 621.000000 0.796214 
241.663956 0.009531 2633.000000 636.000000 0.780374 
251.330292 0.008681 2698.000000 648.000000 0.775827 
263.663910 0.010628 2756.000000 655.000000 0.785743 
277.331177 0.012496 2815.000000 661.000000 0.798651 
288.331757 0.011242 2872.000000 669.000000 0.800958 
297.998962 0.010318 2925.000000 677.000000 0.800708 
308.332855 0.010618 2980.000000 685.000000 0.801902 
324.666840 0.014662 3044.000000 690.000000 0.818485 
336.000702 0.012864 3096.000000 696.000000 0.822075 
352.334595 0.014541 3151.000000 698.000000 0.840706 
363.668457 0.012709 3203.000000 704.000000 0.840505 
376.669067 0.012870 3263.000000 711.000000 0.840314 
392.003052 0.014574 3327.000000 717.000000 0.845193 
407.337036 0.014734 3391.000000 723.000000 0.849775 
424.337677 0.015950 3454.000000 727.000000 0.860105 
433.004913 0.010681 3510.000000 737.000000 0.841789 
447.005554 0.012235 3573.000000 744.000000 0.841937 
460.339417 0.012942 3625.000000 748.000000 0.849582 
472.339935 0.012367 3676.000000 753.000000 0.851240 
485.340546 0.012663 3736.000000 760.000000 0.847942 
504.007874 0.017118 3801.000000 763.000000 0.863300 
523.340515 0.017515 3874.000000 768.000000 0.869762 
532.006165 0.012519 3924.000000 776.000000 0.856194 
544.671692 0.013215 3980.000000 782.000000 0.855352 
551.670593 0.009553 4034.000000 793.000000 0.834292 
560.002930 0.008770 4083.000000 801.000000 0.826001 
570.668457 0.009982 4139.000000 809.000000 0.822598 
585.000732 0.012701 4191.000000 812.000000 0.836952 
597.999390 0.014413 4257.000000 821.000000 0.833829 
608.664673 0.011339 4325.000000 833.000000 0.818447 
623.996399 0.012939 4404.000000 844.000000 0.815802 
638.328308 0.013419 4474.000000 853.000000 0.818374 
647.660706 0.010820 4520.000000 859.000000 0.819373 
661.992920 0.012686 4575.000000 863.000000 0.831780 
679.324890 0.015697 4642.000000 868.000000 0.843409 
689.657227 0.012895 4691.000000 874.000000 0.841683 
700.989502 0.011629 4743.000000 880.000000 0.840934 
715.321655 0.012960 4801.000000 885.000000 0.847374 
724.320618 0.011126 4852.000000 893.000000 0.838496 
733.652710 0.008880 4913.000000 904.000000 0.822174 
745.984863 0.010791 4971.000000 911.000000 0.824421 
756.983582 0.012068 5034.000000 921.000000 0.818304 
762.982422 0.008002 5091.000000 934.000000 0.798443 
776.647949 0.012658 5147.000000 939.000000 0.811795 
786.646912 0.010990 5198.000000 946.000000 0.812057 
799.978760 0.012667 5271.000000 957.000000 0.809285 
818.644043 0.015714 5339.000000 961.000000 0.828827 
832.642822 0.013768 5399.000000 967.000000 0.833428 
842.308350 0.010597 5455.000000 976.000000 0.824669 
851.640381 0.009861 5519.000000 988.000000 0.811033 
857.639465 0.005606 5564.000000 997.000000 0.799357 
860.971619 0.002943 5622.000000 1013.000000 0.771839 
870.303650 0.006564 5686.000000 1025.000000 0.768639 
875.635803 0.005553 5744.000000 1039.000000 0.756093 
883.634644 0.008042 5801.000000 1050.000000 0.756815 
895.966858 0.011484 5856.000000 1056.000000 0.773694 
908.632202 0.012607 5921.000000 1065.000000 0.782419 
921.964172 0.013682 5988.000000 1074.000000 0.790787 
936.962952 0.015297 6048.000000 1079.000000 0.808143 
960.628174 0.021432 6119.000000 1079.000000 0.845000 
971.627075 0.014076 6173.000000 1086.000000 0.839600 
979.292664 0.010119 6226.000000 1096.000000 0.824658 
992.624512 0.010298 6299.000000 1107.000000 0.817281 
1008.290039 0.013829 6355.000000 1110.000000 0.834046 
1023.622192 0.014884 6413.000000 1114.000000 0.844875 
1034.624146 0.012026 6464.000000 1120.000000 0.843298 
1047.293091 0.013106 6520.000000 1126.000000 0.844446 
1061.295044 0.013491 6568.000000 1128.000000 0.857441 
1073.630859 0.014066 6629.000000 1136.000000 0.851345 
1089.300049 0.015239 6691.000000 1141.000000 0.857374 
1101.302368 0.013890 6748.000000 1148.000000 0.853365 
1117.638428 0.015536 6815.000000 1154.000000 0.856410 
1130.307373 0.013046 6871.000000 1160.000000 0.854164 
1145.309692 0.014366 6928.000000 1164.000000 0.861623 
1157.978760 0.012564 6987.000000 1171.000000 0.856014 
1165.314575 0.008680 7048.000000 1184.000000 0.829376 
1179.984009 0.012970 7116.000000 1192.000000 0.830890 
1197.653076 0.015453 7175.000000 1194.000000 0.850377 
1210.655151 0.014227 7226.000000 1198.000000 0.855839 
1221.657715 0.011930 7289.000000 1208.000000 0.841629 
1236.659790 0.013710 7340.000000 1210.000000 0.856477 
1248.995483 0.013217 7398.000000 1217.000000 0.851946 
1263.664551 0.013629 7457.000000 1222.000000 0.856190 
1278.667480 0.014749 7529.000000 1231.000000 0.849895 
1292.670166 0.014930 7595.000000 1239.000000 0.847342 
1305.006226 0.013628 7662.000000 1249.000000 0.837806 
1313.675049 0.009652 7715.000000 1258.000000 0.825806 
1327.010986 0.012154 7779.000000 1266.000000 0.825622 
1345.013550 0.016070 7842.000000 1269.000000 0.845041 
1365.016602 0.020070 7917.000000 1274.000000 0.858090 
1383.019043 0.019047 7977.000000 1276.000000 0.873555 
1400.021484 0.018650 8037.000000 1279.000000 0.882454 
1415.024170 0.016058 8103.000000 1286.000000 0.875506 
1439.027588 0.021418 8187.000000 1290.000000 0.886993 
1454.696655 0.017776 8246.000000 1294.000000 0.888886 
1470.699341 0.016696 8312.000000 1300.000000 0.884758 
1490.702026 0.018594 8378.000000 1302.000000 0.898150 
1509.704468 0.019467 8438.000000 1303.000000 0.911086 
1520.040283 0.014167 8499.000000 1313.000000 0.885437 
1537.376465 0.016274 8569.000000 1319.000000 0.882743 
1556.046021 0.018454 8640.000000 1324.000000 0.885830 
1574.715210 0.018918 8702.000000 1326.000000 0.897202 
1588.051514 0.015958 8775.000000 1337.000000 0.874870 
1604.721069 0.016469 8846.000000 1344.000000 0.871554 
1618.057129 0.014144 8913.000000 1353.000000 0.859444 
1628.392822 0.011457 8971.000000 1362.000000 0.845839 
1643.395264 0.013468 9031.000000 1367.000000 0.851242 
1655.397583 0.013202 9088.000000 1374.000000 0.847800 
1673.067017 0.016163 9156.000000 1379.000000 0.855989 
1686.736084 0.014277 9215.000000 1385.000000 0.855542 
1702.072021 0.014777 9279.000000 1391.000000 0.856906 
1718.741577 0.015873 9350.000000 1398.000000 0.856952 
1731.410278 0.014177 9400.000000 1402.000000 0.861265 
1751.413208 0.016771 9472.000000 1406.000000 0.872202 
1769.083008 0.016836 9549.000000 1414.000000 0.867164 
1788.752563 0.020651 9620.000000 1418.000000 0.878396 
1802.421509 0.016100 9676.000000 1423.000000 0.877243 
1815.757202 0.013448 9734.000000 1429.000000 0.871854 
1833.093262 0.016002 9801.000000 1434.000000 0.875267 
1846.428833 0.014139 9856.000000 1439.000000 0.874380 
1859.098022 0.011363 9918.000000 1447.000000 0.861869 
1869.766602 0.010546 9965.000000 1452.000000 0.859626 
1878.769043 0.009483 10025.000000 1463.000000 0.839690 
1895.104614 0.014001 10080.000000 1465.000000 0.856788 
1911.107422 0.014411 10149.000000 1472.000000 0.854997 
1927.776611 0.015467 10211.000000 1476.000000 0.863492 
1945.779175 0.016989 10274.000000 1479.000000 0.875358 
1963.115479 0.016695 10347.000000 1486.000000 0.871232 
1975.784424 0.013669 10403.000000 1492.000000 0.866174 
1997.120850 0.019274 10479.000000 1496.000000 0.878949 
2009.789917 0.015148 10538.000000 1503.000000 0.870414 
2017.458374 0.011015 10582.000000 1510.000000 0.858980 
2025.794067 0.009583 10640.000000 1521.000000 0.838970 
2038.463257 0.011157 10702.000000 1529.000000 0.835321 
2055.462646 0.015520 10762.000000 1532.000000 0.850961 
2071.124268 0.015969 10824.000000 1537.000000 0.857302 
2086.452881 0.015114 10882.000000 1541.000000 0.864239 
2097.782227 0.012555 10931.000000 1546.000000 0.862819 
2113.110352 0.015181 10995.000000 1552.000000 0.863989 
2128.772705 0.015606 11048.000000 1554.000000 0.875857 
2143.766846 0.014885 11120.000000 1563.000000 0.864165 
2158.095703 0.015810 11175.000000 1567.000000 0.869773 
2173.091064 0.015734 11232.000000 1571.000000 0.874776 
2187.419434 0.014918 11293.000000 1577.000000 0.871884 
2197.082520 0.012137 11337.000000 1582.000000 0.867782 
2211.077881 0.014379 11394.000000 1587.000000 0.869282 
2227.072754 0.015322 11457.000000 1592.000000 0.872522 
2244.067627 0.015666 11520.000000 1596.000000 0.877850 
2259.062744 0.015897 11580.000000 1601.000000 0.878516 
2276.391846 0.016889 11632.000000 1601.000000 0.896088 
