0.000000 0.000000 0.000000 0.000000 0.000000 
15.666660 0.009942 56.000000 3.000000 0.153886 
38.666668 0.018059 131.000000 5.000000 0.322432 
55.666599 0.017109 185.000000 6.000000 0.422500 
71.999969 0.016448 240.000000 8.000000 0.506050 
87.666779 0.016398 296.000000 11.000000 0.575536 
105.000267 0.017424 357.000000 14.000000 0.638020 
129.000427 0.021107 429.000000 14.000000 0.708435 
151.333359 0.020836 508.000000 18.000000 0.756323 
168.333054 0.018366 568.000000 21.000000 0.785451 
188.666046 0.018222 635.000000 23.000000 0.816480 
211.998993 0.021062 711.000000 25.000000 0.846530 
231.332016 0.019604 772.000000 26.000000 0.867988 
254.998306 0.022960 846.000000 27.000000 0.890426 
273.998871 0.020896 906.000000 28.000000 0.904251 
286.999390 0.015079 957.000000 32.000000 0.900157 
308.666748 0.020057 1025.000000 33.000000 0.914262 
328.667450 0.019845 1094.000000 36.000000 0.917903 
346.334808 0.019054 1162.000000 41.000000 0.912865 
363.002045 0.017616 1218.000000 43.000000 0.917613 
385.669434 0.020927 1289.000000 44.000000 0.929064 
409.003540 0.021719 1365.000000 46.000000 0.935071 
427.004150 0.019176 1425.000000 48.000000 0.936838 
444.338104 0.017807 1486.000000 51.000000 0.934550 
465.005463 0.019851 1554.000000 53.000000 0.937453 
483.006134 0.018455 1620.000000 57.000000 0.931472 
504.340149 0.020014 1687.000000 58.000000 0.939424 
522.673035 0.019419 1751.000000 61.000000 0.937604 
540.005127 0.017709 1812.000000 64.000000 0.935530 
557.670532 0.017468 1874.000000 67.000000 0.933398 
573.669189 0.015844 1940.000000 73.000000 0.919441 
589.001282 0.015574 2001.000000 78.000000 0.911361 
610.333130 0.018886 2074.000000 81.000000 0.915816 
628.998596 0.019356 2133.000000 82.000000 0.925343 
647.664001 0.018158 2195.000000 84.000000 0.928836 
666.996155 0.019367 2253.000000 84.000000 0.940217 
685.328125 0.018857 2320.000000 88.000000 0.933663 
701.660156 0.017472 2384.000000 93.000000 0.924078 
721.325500 0.018508 2449.000000 95.000000 0.929425 
745.324036 0.022227 2521.000000 95.000000 0.943154 
