-0.0995322 14
-0.0985531 12
-0.0975661 10
-0.0964681 10
-0.0954954 17
-0.094411 11
-0.0934713 13
-0.0924571 6
-0.0915771 8
-0.0904194 12
-0.0895674 10
-0.0885722 9
-0.0873814 10
-0.0865937 9
-0.0854436 5
-0.0845106 14
-0.0835148 13
-0.0824162 9
-0.0814964 13
-0.0805337 11
-0.0794673 10
-0.0785224 10
-0.0774184 16
-0.0764352 12
-0.0754143 6
-0.0744553 11
-0.0735011 10
-0.0724551 13
-0.0714419 10
-0.070479 13
-0.0695488 8
-0.0685474 5
-0.0674235 11
-0.066763 5
-0.0655695 10
-0.0645115 9
-0.0635868 12
-0.0625523 18
-0.0613789 9
-0.0605068 9
-0.0597996 8
-0.0584182 11
-0.0574733 11
-0.0565045 9
-0.0555749 11
-0.0545967 14
-0.0534939 12
-0.0523291 10
-0.0514817 16
-0.0506365 15
-0.049515 12
-0.04858 12
-0.0476142 7
-0.0464892 4
-0.0455623 11
-0.0443562 8
-0.043447 13
-0.0424074 16
-0.0414565 7
-0.0405457 14
-0.0393565 9
-0.0384719 10
-0.0374936 12
-0.0366225 10
-0.0354476 8
-0.03452 6
-0.0336057 13
-0.0326672 11
-0.0315318 19
-0.030609 11
-0.0297106 12
-0.0286019 21
-0.0275275 14
-0.0266245 10
-0.0256065 16
-0.0245453 14
-0.0235519 9
-0.0225688 12
-0.0213543 4
-0.020575 13
-0.0196773 6
-0.0186509 6
-0.0174643 10
-0.0163898 12
-0.0155877 7
-0.0146042 13
-0.013633 4
-0.0127189 12
-0.0115481 13
-0.0105852 10
-0.00942658 15
-0.00852953 11
-0.00741622 5
-0.00675487 7
-0.00560202 8
-0.00466342 10
-0.00353805 9
-0.00278796 10
-0.00165506 7
-0.00039282 9
0.000357939 10
0.00137165 7
0.00234174 10
0.00346616 7
0.00444948 10
0.00538673 6
0.00641842 15
0.00742176 14
0.00824702 10
0.00933301 15
0.0104714 10
0.011386 17
0.0123549 11
0.0133734 9
0.0144285 14
0.0154497 5
0.016398 15
0.0174593 8
0.018375 12
0.0194959 10
0.0203232 14
0.0213783 14
0.0224271 3
0.0234556 12
0.0243307 8
0.0252713 15
0.0263942 15
0.0273716 13
0.0284048 16
0.0294771 10
0.0303361 13
0.0315678 9
0.0325311 10
0.0332044 13
0.0344884 13
0.0354809 12
0.0363329 11
0.0373611 11
0.038387 13
0.0393068 12
0.0403286 13
0.041367 14
0.0424092 13
0.0435235 11
0.0442868 9
0.0453645 14
0.0463899 13
0.0472779 14
0.0484073 11
0.049436 4
0.0503928 9
0.051264 10
0.0525581 7
0.0533385 8
0.0542958 6
0.0551642 8
0.0564097 8
0.0573407 10
0.0583336 8
0.0591718 6
0.0602751 10
0.061369 11
0.0622934 12
0.06337 10
0.0644803 6
0.0655091 10
0.0663438 11
0.0673332 9
0.0682065 8
0.0693749 7
0.0705484 6
0.0714031 8
0.0724742 4
0.0732894 11
0.0743404 11
0.0751454 11
0.0762298 8
0.0774959 14
0.0783376 6
0.0793019 13
0.0802541 5
0.081426 11
0.0823871 8
0.0833062 9
0.0844759 13
0.0852208 8
0.0862434 9
0.0873769 10
0.0885165 13
0.0892054 8
0.0903316 13
0.0912631 17
0.0923861 17
0.0933443 18
0.0942778 15
0.0954369 7
0.0961792 12
0.0972369 12
0.0983063 6
0.0992802 4
0.0997868 1
