-0.0995374 26
-0.0984406 25
-0.0974809 37
-0.0964536 41
-0.0954599 31
-0.0943939 49
-0.0936199 36
-0.0924905 35
-0.0914322 39
-0.0904857 33
-0.0894939 32
-0.0885379 36
-0.0875208 26
-0.0865285 32
-0.0855499 26
-0.0845839 33
-0.0836212 25
-0.0824835 29
-0.0814665 31
-0.0804923 41
-0.079573 25
-0.0784784 28
-0.0773336 33
-0.0764402 35
-0.0753862 33
-0.0745381 20
-0.0734065 27
-0.07248 20
-0.0715251 31
-0.0704853 32
-0.0695571 26
-0.0684279 40
-0.0675055 21
-0.0665058 31
-0.0654317 36
-0.0645435 32
-0.063511 31
-0.0625703 35
-0.0615474 31
-0.0604736 22
-0.0594623 28
-0.058544 31
-0.0574968 26
-0.0565142 28
-0.055516 35
-0.0543796 26
-0.0534374 39
-0.0524237 31
-0.0515271 31
-0.050506 35
-0.0494202 34
-0.0484516 28
-0.0475711 31
-0.0464302 26
-0.0455944 24
-0.0444311 33
-0.0434364 33
-0.0424867 19
-0.0414333 37
-0.040522 29
-0.0394741 28
-0.038552 26
-0.0374304 30
-0.0364608 40
-0.0355399 24
-0.034489 26
-0.0335339 31
-0.0325099 30
-0.0314514 33
-0.030637 23
-0.0294313 27
-0.0285056 36
-0.0275279 36
-0.026489 39
-0.0255152 27
-0.0245186 32
-0.0235092 33
-0.0225279 22
-0.0213847 31
-0.0204625 37
-0.0194984 35
-0.0184596 30
-0.017443 33
-0.0164759 31
-0.0155095 24
-0.0145278 41
-0.0135715 34
-0.0124518 35
-0.0115083 36
-0.0105079 33
-0.00946878 35
-0.00834646 27
-0.0074923 30
-0.00650667 28
-0.00553281 28
-0.00448357 27
-0.00354163 33
-0.00247329 32
-0.00153239 32
-0.000500524 45
0.000461711 30
0.00145567 26
0.00247374 39
0.00348521 23
0.00444675 21
0.00551037 27
0.0064695 31
0.00752449 26
0.00853362 27
0.00960877 40
0.0104056 25
0.0115128 25
0.012487 40
0.0134076 27
0.0144926 31
0.0155094 31
0.0164634 31
0.0174272 29
0.0184357 33
0.0195348 33
0.020397 25
0.0214532 31
0.0225333 22
0.0235367 32
0.0245097 28
0.0255011 22
0.0265873 24
0.0275646 26
0.0284517 30
0.0295357 27
0.0305097 35
0.0315148 37
0.0325167 40
0.0335416 42
0.0345456 37
0.0354969 27
0.0364418 27
0.0375348 36
0.0385115 31
0.0394584 26
0.0405041 31
0.0414956 28
0.0424752 25
0.0435857 18
0.0444371 38
0.0454667 24
0.0464341 45
0.047526 38
0.0485524 25
0.0495133 33
0.0504555 31
0.051602 31
0.0525766 32
0.0536173 21
0.0545182 24
0.0555431 23
0.0565613 20
0.0574822 28
0.0584709 29
0.0594948 28
0.0605993 28
0.0615059 41
0.0625498 32
0.0634813 31
0.0644507 44
0.0655574 33
0.0665234 32
0.0675195 26
0.0685382 30
0.0694879 28
0.0704085 36
0.0714711 25
0.0725187 25
0.0735754 30
0.0745162 33
0.0755066 34
0.0765342 34
0.0774212 31
0.0785639 37
0.0795377 33
0.0805137 44
0.0813621 33
0.082609 38
0.083438 22
0.0845808 26
0.0854286 25
0.0865311 33
0.0873667 23
0.0884177 28
0.0895606 33
0.0904093 32
0.0915101 41
0.0923952 26
0.0935173 35
0.0945732 32
0.0954814 26
0.0964231 34
0.097503 31
0.0984628 41
0.0994785 40
0.099991 1
