-0.0995089 28
-0.0984323 35
-0.0975783 37
-0.0965072 41
-0.095454 29
-0.0945197 21
-0.093475 31
-0.0925463 32
-0.0914963 19
-0.0905443 21
-0.0894944 35
-0.088602 21
-0.0875376 26
-0.086442 33
-0.0854382 38
-0.0844833 34
-0.083514 22
-0.0824549 37
-0.0814762 29
-0.0805414 25
-0.0795071 32
-0.0784846 36
-0.0775263 35
-0.0765713 27
-0.0755119 36
-0.0746096 20
-0.0735767 30
-0.0724013 19
-0.0714479 30
-0.0704279 31
-0.0695446 27
-0.0684743 27
-0.0675371 26
-0.0665875 31
-0.0654572 26
-0.0645363 30
-0.063482 32
-0.0624567 22
-0.0615663 25
-0.0605207 35
-0.0595703 42
-0.0585671 33
-0.0575542 28
-0.056518 20
-0.0554119 31
-0.0544705 39
-0.0535646 39
-0.0524297 28
-0.0515077 31
-0.0505934 41
-0.049505 38
-0.0484485 32
-0.0475436 39
-0.0464141 31
-0.045675 19
-0.044534 36
-0.0434447 32
-0.042485 28
-0.041499 34
-0.0404754 25
-0.0395305 38
-0.0385652 29
-0.0375155 23
-0.0365161 38
-0.0355006 36
-0.0345165 35
-0.0334597 22
-0.032495 32
-0.0314281 42
-0.0304017 22
-0.0295077 26
-0.0285611 31
-0.0275121 39
-0.0264651 39
-0.0254634 41
-0.0244053 38
-0.0235721 20
-0.022476 29
-0.0214735 34
-0.0204985 29
-0.0195389 28
-0.0184495 34
-0.0174469 26
-0.0165114 24
-0.0156183 28
-0.0145538 34
-0.0134422 25
-0.0125424 37
-0.0116143 31
-0.010583 23
-0.00947127 29
-0.00853147 33
-0.00747942 26
-0.00652933 34
-0.00556289 45
-0.00454212 29
-0.00349157 30
-0.00241709 29
-0.00153052 30
-0.000512498 32
0.000491335 27
0.00144475 30
0.00241077 26
0.00355523 39
0.00451126 32
0.00560862 24
0.00644773 33
0.00740269 45
0.00845093 32
0.00955008 30
0.0104728 23
0.0114163 34
0.0125013 29
0.0133804 26
0.0144605 33
0.0155007 35
0.0166614 24
0.0175694 36
0.0184051 22
0.0194603 26
0.0205165 38
0.0214726 25
0.022515 31
0.0235755 26
0.0244708 35
0.0255239 28
0.0265174 27
0.0275272 30
0.0285342 31
0.0295075 31
0.0305074 30
0.0314575 37
0.0324041 28
0.0335437 32
0.0345027 26
0.0354015 36
0.0364638 27
0.0375094 37
0.0384776 39
0.0394253 37
0.0405962 22
0.0414113 26
0.0424808 30
0.0434692 36
0.0445135 34
0.0454583 33
0.0465187 39
0.0474759 26
0.0484513 37
0.0494416 37
0.0504211 32
0.0515093 35
0.0526872 27
0.0533753 29
0.054412 30
0.0553975 17
0.0564447 32
0.0574272 35
0.0584854 33
0.0593888 25
0.060516 32
0.0614499 33
0.0624196 23
0.0634578 31
0.0644597 34
0.0655229 27
0.0665565 27
0.0674533 24
0.0684489 34
0.0694579 31
0.0704542 37
0.0714979 30
0.0724384 33
0.0735078 34
0.0745076 31
0.0755256 37
0.0764197 27
0.0775067 29
0.0784079 26
0.0794536 29
0.0803702 27
0.0814633 26
0.0826057 37
0.0834982 19
0.0843907 29
0.0855223 38
0.0864593 33
0.0875122 33
0.0884549 36
0.089429 25
0.0904293 36
0.0914895 38
0.092416 28
0.0934229 27
0.0944746 20
0.0954099 34
0.0964525 34
0.0975156 27
0.0984981 26
0.0994333 42
0.0999608 1
