-0.175065 1
0 0
0 0
0 0
0 0
0 0
0 0
0 0
-0.151667 1
0 0
0 0
0 0
0 0
0 0
0 0
0 0
0 0
0 0
0 0
0 0
-0.117841 1
0 0
0 0
0 0
-0.105842 2
-0.102337 1
-0.0997662 3
-0.0983248 1
-0.0940896 1
0 0
-0.0895054 5
-0.0863787 2
-0.0826599 1
-0.0817304 2
-0.0784406 2
-0.0765785 1
-0.0733096 5
-0.0703767 3
-0.0684394 1
-0.0641048 5
0 0
-0.0593156 3
-0.0565896 3
-0.0538866 1
-0.0497914 4
-0.0476467 6
-0.0449118 4
-0.0423267 3
-0.0394373 1
-0.037118 2
-0.034288 2
-0.0307178 3
-0.0290573 2
-0.0244351 4
-0.0234515 1
-0.0200645 3
-0.0165771 1
-0.0145472 2
-0.0120933 1
-0.008875 2
-0.00494688 4
0 0
-0.000108752 4
0.0025184 3
0.00602041 1
0.00776788 3
0.0110501 5
0.0147204 4
0.0172914 3
0.0198328 6
0.0229159 4
0.0248561 3
0.0277291 4
0.0307364 2
0.0333701 3
0.0356384 2
0.0390922 4
0.04282 1
0 0
0.0479464 5
0 0
0.0526824 3
0.0568678 2
0.0581928 2
0.0626839 4
0.0638294 3
0.0661836 1
0.0694055 4
0.073355 7
0.0754171 3
0.078917 4
0.0810237 2
0.0841952 4
0.0867378 4
0.0899997 8
0.0920147 4
0.0963711 1
0.0994086 1
0.10017 1
0.10328 3
0.107094 1
0.108885 3
0.111003 1
0 0
0 0
0 0
0.122342 1
0.125434 5
0.127882 1
0.132191 2
0.133608 1
0.137404 2
0.140491 2
0.142917 1
0.146528 1
0.148187 1
0.151197 1
0 0
0.157418 1
0.159676 2
0 0
0.16498 1
0.168565 3
0 0
0.17291 2
0 0
0 0
0.183289 1
0.185818 1
0 0
0 0
0.192253 1
0 0
0 0
0 0
0.20397 1
0.208521 1
0.210456 1
0.213067 2
0 0
0 0
0 0
0 0
0 0
0.23061 1
0.231964 1
0.234339 1
0 0
0.240744 1
0.243464 1
0.247531 2
0 0
0 0
0 0
0.257292 1
0 0
0.26458 1
0 0
0 0
0 0
0 0
0 0
0 0
0 0
0 0
0 0
0 0
0.294931 1
0.296211 1
0 0
0 0
0.305395 1
0.307361 1
0 0
0 0
0 0
0.319084 1
0 0
0.324561 1
0 0
0 0
0 0
0 0
0 0
0 0
0 0
0 0
0 0
0 0
0 0
0 0
0 0
0 0
0 0
0 0
0 0
0 0
0 0
0 0
0.385387 1
0 0
