-0.255918 1
0 0
-0.245693 1
0 0
0 0
0 0
0 0
0 0
0 0
-0.213576 1
0 0
0 0
0 0
-0.194164 1
-0.187783 1
0 0
0 0
0 0
-0.17254 1
-0.167384 1
0 0
0 0
0 0
-0.149518 1
0 0
0 0
0 0
-0.130511 1
-0.123704 5
-0.117671 1
-0.116213 2
0 0
-0.10588 1
-0.098798 1
-0.0949019 2
-0.0920984 6
-0.086863 5
-0.083992 1
-0.0791137 6
-0.0733493 11
-0.0679115 2
-0.0639893 8
-0.0596031 6
-0.0557723 6
-0.0497233 5
-0.045165 5
-0.0402932 4
-0.0362154 5
-0.0312236 5
-0.0269899 6
-0.0227867 8
-0.0182921 5
-0.0133425 6
-0.00864697 7
-0.00372273 3
0.000104243 19
0.0052959 5
0.00928609 7
0.0142094 5
0.0199462 2
0.0226579 4
0.0284943 6
0.0325877 4
0.0370835 8
0.0418111 1
0.046894 6
0.0514551 7
0.0557839 4
0.0601219 6
0.0653873 2
0.070159 3
0.0743891 9
0.0795685 3
0.0835711 6
0.0863764 1
0.0930573 7
0.0967017 4
0 0
0 0
0.111581 4
0 0
0 0
0.123317 1
0 0
0.133138 2
0.141443 1
0 0
0.147826 2
0.154226 2
0 0
0.162438 2
0 0
0 0
0 0
0 0
0.185867 1
0.191766 2
0 0
0.19724 1
0 0
0 0
0 0
0 0
0 0
0.227172 1
0.22982 2
0 0
0 0
0 0
0 0
0 0
0 0
0 0
0 0
0 0
0.279548 1
0 0
0 0
0 0
0 0
0 0
0 0
0 0
0 0
0.321105 2
0 0
0 0
0 0
0.337636 2
0 0
0.347633 1
0 0
0.354941 1
0 0
0 0
0 0
0 0
0 0
0 0
0 0
0 0
0.396345 1
0 0
0 0
0.410497 1
0 0
0.421386 1
0 0
0.432672 1
0 0
0 0
0 0
0 0
0 0
0 0
0 0
0 0
0 0
0 0
0 0
0 0
0 0
0 0
0 0
0.5023 1
0 0
0.515574 1
0 0
0.522497 1
0 0
0 0
0 0
0 0
0 0
0 0
0.553305 1
0 0
0 0
0 0
0 0
0 0
0 0
0 0
0 0
0 0
0 0
0.608357 1
0 0
0 0
0 0
0 0
0 0
0 0
0 0
0 0
0 0
0 0
0 0
0 0
0 0
0.668592 1
