-0.260255 1
0 0
0 0
0 0
0 0
0 0
0 0
-0.238197 1
0 0
-0.230723 3
-0.227581 1
-0.223873 2
-0.22078 3
0 0
-0.213708 3
-0.212364 2
0 0
0 0
0 0
-0.198601 4
-0.195454 1
-0.191502 2
0 0
-0.186553 2
-0.183875 1
-0.179795 2
-0.176967 1
-0.17449 2
-0.171042 6
0 0
-0.164217 3
-0.161133 5
-0.157394 4
-0.154094 5
-0.15132 3
-0.148429 2
-0.145755 4
-0.143066 4
-0.139412 3
-0.135762 5
-0.132788 2
-0.130063 2
-0.126296 7
-0.123302 2
-0.119408 3
-0.117344 4
-0.112959 5
-0.110672 3
-0.107652 4
-0.103605 3
-0.101108 3
-0.0984746 2
-0.0944188 6
-0.09242 4
-0.0893125 7
-0.0854986 6
-0.082194 10
-0.0793996 2
-0.0765809 4
-0.0724021 4
-0.0701107 11
-0.0668396 10
-0.0631366 4
-0.0601276 6
-0.0571802 5
-0.0536901 9
-0.0512959 12
-0.0486057 2
-0.0445121 5
-0.0420506 6
-0.0382891 7
-0.0351732 4
-0.0324096 6
-0.0290074 8
-0.0251417 6
-0.0224508 9
-0.0199347 8
-0.0171072 2
-0.013311 3
-0.0105042 6
-0.00692243 6
-0.003604 8
-0.000595562 12
0.00237943 6
0.00595621 7
0.0088522 7
0.0122572 7
0.0148982 13
0.0183617 8
0.0209804 4
0.0247458 3
0.0272948 6
0.0307249 5
0.0344137 9
0.0375141 2
0.0402595 4
0.0440042 3
0.0463673 6
0.0501988 6
0.0533706 6
0.0558921 5
0.0592486 3
0.0630463 4
0.0650194 5
0.0686127 1
0.0716167 7
0.0739964 4
0.0778495 6
0.080334 3
0.0840431 7
0.0870127 2
0.0901997 7
0.0936644 5
0.0971252 1
0.10027 6
0.102786 3
0.105807 2
0.109903 2
0.113426 4
0.115539 6
0.119731 2
0.121861 4
0.125327 5
0.127346 1
0.131541 1
0.133412 1
0.138326 4
0.14137 3
0.143323 2
0.147564 1
0.148957 1
0.154104 2
0.156282 3
0.160392 2
0 0
0.165225 2
0.169121 3
0.172901 2
0.175514 1
0 0
0.182684 1
0.185043 2
0.188138 2
0.190313 1
0 0
0.197687 1
0.200379 3
0 0
0.208414 1
0.210825 4
0.214038 3
0 0
0.220793 1
0.223271 3
0.225718 1
0.228302 1
0 0
0.23585 1
0.238948 2
0.240887 1
0 0
0.248043 1
0.24996 1
0.253843 1
0 0
0.259914 1
0 0
0 0
0 0
0 0
0 0
0 0
0 0
0 0
0 0
0 0
0 0
0.29915 1
0 0
0 0
0 0
0 0
0.314204 1
0.317953 1
0 0
0.322199 1
0 0
0 0
0 0
0.334729 1
0 0
0 0
0 0
0 0
0 0
0 0
0 0
0 0
0 0
0 0
0.369225 1
