-0.581275 1
0 0
0 0
0 0
0 0
0 0
0 0
0 0
-0.537888 1
0 0
0 0
0 0
-0.51442 1
-0.508688 1
0 0
-0.497763 3
-0.490496 2
0 0
-0.482063 2
-0.476828 1
0 0
-0.463241 2
0 0
-0.452795 1
-0.448566 2
-0.44357 1
-0.438542 3
-0.43389 3
-0.425946 2
-0.421418 3
-0.416572 1
-0.410981 2
-0.40513 5
-0.40043 3
-0.392581 1
-0.388691 2
-0.383318 3
-0.379348 4
-0.373989 4
-0.368578 4
-0.36225 4
-0.358073 2
-0.35205 4
-0.345897 6
-0.341756 7
-0.335597 4
-0.329335 5
-0.325547 6
-0.319702 9
-0.314165 9
-0.308703 2
-0.305235 6
-0.29905 8
-0.292424 7
-0.287902 9
-0.28217 9
-0.275748 8
-0.271232 10
-0.265416 8
-0.260494 13
-0.254887 17
-0.249962 15
-0.243716 15
-0.237377 10
-0.233479 17
-0.228298 11
-0.22275 21
-0.217149 22
-0.21139 21
-0.207079 18
-0.20158 19
-0.195666 27
-0.19049 30
-0.184971 24
-0.179961 36
-0.173745 26
-0.168865 35
-0.163639 35
-0.158212 36
-0.15171 27
-0.147358 31
-0.141765 39
-0.1363 37
-0.131333 40
-0.125539 45
-0.120478 39
-0.114794 43
-0.109686 50
-0.1039 46
-0.0985453 69
-0.0931099 68
-0.0876927 77
-0.0824623 106
-0.0770302 90
-0.0717819 91
-0.0665037 89
-0.0610048 93
-0.0554643 116
-0.0502357 110
-0.0446199 114
-0.0393996 104
-0.0340432 118
-0.0285926 116
-0.0231123 118
-0.0179202 136
-0.0125167 153
-0.00726074 131
-0.00174555 152
0.00373613 168
0.00896722 173
0.0145174 155
0.0199455 170
0.0251839 167
0.0304376 171
0.0360215 172
0.0415639 170
0.0467705 179
0.0520829 181
0.0576493 149
0.0630907 172
0.0683836 161
0.0738885 144
0.0791332 140
0.0845556 124
0.0900134 92
0.0951257 92
0.100593 63
0.106501 43
0.111176 44
0.116607 26
0.12235 18
0.127292 11
0.132824 11
0.139287 5
0.145121 5
0.149895 8
0.152488 1
0.159307 2
0.163643 1
0 0
0.173797 1
0 0
0.18795 4
0.19299 1
0.20035 1
0.204799 3
0.209023 3
0.213478 1
0 0
0.226973 1
0.230254 2
0.236731 3
0.242326 1
0.243921 1
0.252407 1
0 0
0.261022 1
0.269549 2
0.274683 1
0.279166 1
0.285068 3
0 0
0.295438 4
0 0
0.303711 1
0 0
0.313903 1
0.320058 1
0.326364 3
0.330493 1
0 0
0 0
0 0
0 0
0.360448 1
0 0
0 0
0 0
0 0
0 0
0 0
0.397103 1
0 0
0 0
0 0
0.420719 1
0 0
0 0
0 0
0 0
0 0
0.449206 1
0.457623 1
0 0
0 0
0.470084 1
0 0
0 0
0 0
0 0
0.496989 1
