-0.489184 1
0 0
0 0
0 0
0 0
-0.459813 1
0 0
0 0
0 0
-0.439311 2
0 0
0 0
0 0
0 0
0 0
-0.410672 1
0 0
0 0
0 0
-0.388774 3
-0.383402 4
-0.375533 3
-0.372645 3
-0.366205 2
0 0
0 0
-0.351757 4
-0.345907 2
-0.341724 1
-0.335524 3
-0.329084 3
-0.325234 2
-0.320347 6
-0.315315 8
-0.311537 2
-0.30442 2
-0.300301 5
-0.294309 4
-0.289289 5
-0.283249 8
-0.278704 8
-0.274061 4
-0.267962 8
-0.263697 9
-0.257208 8
-0.253227 11
-0.24735 13
-0.242223 10
-0.236843 4
-0.232099 12
-0.225932 14
-0.221226 21
-0.216557 19
-0.211153 16
-0.205929 13
-0.201345 18
-0.196103 28
-0.189893 18
-0.185403 29
-0.179885 17
-0.174703 21
-0.16967 19
-0.16482 20
-0.158945 26
-0.154349 36
-0.148664 46
-0.14379 41
-0.13843 34
-0.133197 27
-0.128044 42
-0.122755 38
-0.117806 42
-0.112831 49
-0.107195 54
-0.102131 46
-0.0969745 61
-0.0914489 62
-0.0865548 78
-0.0816072 66
-0.0761004 66
-0.0707562 86
-0.0658259 87
-0.0604751 87
-0.0553477 85
-0.0503041 96
-0.0451366 100
-0.0397206 117
-0.0346727 119
-0.0294973 138
-0.0242315 154
-0.0190974 174
-0.0141053 155
-0.00870983 191
-0.00365583 170
0.00159964 166
0.00697387 182
0.011957 152
0.0172456 166
0.0222307 149
0.0273895 162
0.0328685 125
0.0381858 132
0.0432397 122
0.0482068 122
0.0535543 119
0.0588008 108
0.0639186 107
0.068986 108
0.0742939 98
0.0794248 109
0.0842703 79
0.0896859 87
0.0948731 80
0.100342 69
0.105501 65
0.110438 62
0.115997 54
0.120864 58
0.126375 41
0.131306 31
0.136965 31
0.141813 39
0.146893 36
0.152162 32
0.157318 24
0.163198 22
0.1677 22
0.173366 18
0.178181 11
0.183304 21
0.188555 11
0.19374 16
0.198729 11
0.20506 13
0.209602 7
0.214671 6
0.219432 12
0.223115 6
0.230303 11
0.236156 5
0.240009 7
0.246011 7
0.249992 5
0.255922 6
0.2611 3
0.266856 4
0.270642 4
0.276685 2
0.283339 6
0.287172 4
0.291485 2
0 0
0.300842 1
0.308218 5
0 0
0.31786 2
0.3251 2
0.329729 3
0.335466 1
0 0
0 0
0.351574 1
0.355485 1
0.358555 1
0.367155 1
0.368224 1
0.37652 1
0 0
0.383924 1
0 0
0.396883 2
0 0
0 0
0.413706 1
0.416799 1
0 0
0.426135 1
0.434684 1
0 0
0.44327 1
0 0
0 0
0 0
0 0
0 0
0 0
0 0
0 0
0 0
0 0
0 0
0 0
0.51243 1
0 0
0 0
0 0
0 0
0 0
0 0
0 0
0.549517 1
