-0.599568 1
0 0
0 0
0 0
0 0
0 0
0 0
0 0
0 0
0 0
0 0
0 0
-0.51658 1
-0.509063 1
0 0
-0.495882 1
-0.486552 2
0 0
-0.470594 1
-0.467365 1
-0.462583 1
-0.451944 1
-0.444657 2
-0.440228 1
-0.433954 4
-0.429268 1
-0.420145 2
-0.411936 3
-0.404918 7
-0.398048 6
-0.39117 7
-0.384641 1
-0.376834 2
-0.371473 8
-0.365773 5
-0.357772 2
-0.352495 4
-0.343704 7
-0.337332 12
-0.331359 5
-0.323935 10
-0.317086 13
-0.310566 11
-0.302838 9
-0.296512 9
-0.290693 18
-0.283188 13
-0.276432 17
-0.270166 18
-0.262178 19
-0.255633 16
-0.248287 23
-0.24149 18
-0.234309 17
-0.228117 18
-0.221816 25
-0.214905 22
-0.208485 35
-0.201092 35
-0.193902 26
-0.187615 30
-0.180929 35
-0.173843 34
-0.167091 34
-0.160758 37
-0.153716 46
-0.146418 48
-0.140482 29
-0.133382 29
-0.126631 19
-0.119746 53
-0.112592 54
-0.105392 66
-0.0991362 76
-0.0920918 80
-0.0856863 102
-0.0784836 104
-0.0716922 148
-0.0643544 228
-0.0586243 221
-0.051382 195
-0.0447604 217
-0.0380703 206
-0.0310292 203
-0.0241074 289
-0.0174002 383
-0.0107601 456
-0.00323308 725
0.000173722 9206
0.00947727 425
0.0163191 327
0.0231772 226
0.0302467 189
0.0370795 185
0.043561 162
0.0502447 136
0.0573742 144
0.0636852 115
0.0707046 73
0.0776691 66
0.0841686 43
0.0906238 31
0.0981433 41
0.10524 15
0.110947 26
0.118422 19
0.125402 20
0.13241 17
0.138199 20
0.146298 18
0.152676 19
0.159158 23
0.165893 12
0.172547 14
0.179948 15
0.186255 13
0.192574 13
0.20006 11
0.206749 13
0.213605 8
0.222143 4
0.228036 6
0.235028 8
0.239641 13
0.249439 4
0.254655 9
0.261291 15
0.269973 4
0.276437 5
0.280945 7
0.288877 4
0.295422 4
0.301503 3
0.30921 7
0.314846 5
0.322657 9
0.328848 4
0.338642 3
0.341062 2
0.350137 3
0.354977 4
0.362712 3
0.370236 3
0.376271 3
0.386811 2
0.390408 2
0.397495 4
0.404827 3
0.412798 3
0.417908 4
0.424484 2
0.429802 1
0 0
0.448119 1
0.450947 2
0.458128 2
0.466515 1
0 0
0.480731 1
0.485159 2
0.492002 1
0.501896 3
0.508083 3
0 0
0.519783 3
0.527293 1
0.535587 2
0 0
0.54661 2
0 0
0.558263 3
0.565054 2
0.574633 1
0.578452 1
0.585731 1
0.594172 1
0 0
0 0
0 0
0.62514 1
0.629251 1
0 0
0.641306 1
0 0
0.659647 1
0 0
0.67307 1
0 0
0 0
0 0
0 0
0 0
0.710838 1
0 0
0.72642 1
0.732414 1
0 0
0 0
0 0
0 0
0.76189 1
