-0.599277 1
0 0
0 0
0 0
0 0
0 0
0 0
0 0
0 0
-0.542096 1
0 0
0 0
0 0
-0.518766 3
0 0
0 0
-0.501796 1
-0.497041 1
-0.491618 1
-0.484349 1
0 0
0 0
-0.465487 2
0 0
0 0
0 0
-0.441751 4
-0.435458 4
-0.430758 1
-0.421792 1
-0.415682 1
-0.414259 1
-0.406712 2
-0.403408 1
-0.39333 3
-0.390151 4
-0.384641 1
-0.375839 1
-0.371593 2
-0.365397 2
-0.358252 4
-0.352468 3
-0.345779 4
-0.341851 6
-0.336549 5
-0.32932 5
-0.322114 8
-0.317696 6
-0.311201 6
-0.30496 6
-0.298154 4
-0.292086 8
-0.288554 7
-0.28246 4
-0.27594 7
-0.26956 17
-0.264519 9
-0.257287 14
-0.252593 16
-0.244401 3
-0.240549 10
-0.233726 12
-0.228062 12
-0.222838 13
-0.216857 18
-0.210502 15
-0.204128 19
-0.198524 13
-0.192656 19
-0.186578 27
-0.180505 23
-0.174925 26
-0.16904 20
-0.162777 27
-0.157289 24
-0.151479 27
-0.14511 39
-0.138901 39
-0.132821 25
-0.127569 24
-0.121601 22
-0.115045 35
-0.109528 46
-0.103197 48
-0.0978386 76
-0.0920124 73
-0.0854357 85
-0.0798842 101
-0.0736203 111
-0.0677464 132
-0.0621768 208
-0.0561697 166
-0.0501345 237
-0.044441 270
-0.0382933 325
-0.0324489 305
-0.0264401 456
-0.020482 681
-0.0145801 993
-0.0086983 1093
-0.000612101 8636
0.0017259 1816
0.00902066 569
0.0149164 479
0.0207444 389
0.0266856 297
0.0329539 216
0.0385385 236
0.0447401 254
0.0505986 214
0.0567228 198
0.0624514 207
0.0682515 145
0.0742686 128
0.0801467 119
0.0862098 89
0.0918888 69
0.0981103 71
0.104142 66
0.109773 52
0.116048 41
0.121022 39
0.127654 27
0.133403 38
0.139651 42
0.1453 35
0.151562 31
0.157662 26
0.163444 29
0.169047 28
0.174712 25
0.180932 22
0.187273 20
0.193259 15
0.199202 13
0.204965 19
0.211013 16
0.216261 14
0.222581 11
0.228737 14
0.232983 8
0.241398 13
0.245959 10
0.251497 14
0.257125 10
0.264535 6
0.270324 3
0.276664 11
0.282685 8
0.287646 5
0.294221 6
0.300494 7
0.304783 6
0.310425 4
0.317446 4
0.323687 2
0.330504 3
0.337838 1
0.340311 4
0.347434 2
0.355382 2
0 0
0.364885 1
0.370585 3
0.378139 4
0 0
0.387642 2
0.392777 2
0.400137 1
0 0
0.411715 2
0.416577 1
0.425339 2
0.430564 2
0.435808 1
0.440335 2
0 0
0.456448 2
0.462643 1
0.46432 1
0 0
0 0
0.48365 2
0 0
0 0
0 0
0.504802 1
0 0
0 0
0 0
0.533107 1
0 0
0 0
0 0
0 0
0 0
0 0
0 0
0 0
0 0
0.587652 1
