-0.910745 1
0 0
0 0
-0.864117 1
-0.853979 1
0 0
0 0
-0.804263 1
-0.794399 2
-0.779142 1
-0.769117 1
-0.759251 1
0 0
0 0
0 0
-0.696965 1
0 0
0 0
0 0
0 0
0 0
0 0
0 0
0 0
0 0
0 0
-0.552449 1
-0.541552 1
0 0
-0.505152 1
0 0
0 0
0 0
0 0
0 0
0 0
0 0
-0.39437 1
0 0
0 0
0 0
-0.34942 1
-0.326298 1
-0.32463 1
0 0
-0.296555 1
-0.282348 3
0 0
-0.250326 3
-0.235235 2
-0.225785 5
-0.212511 3
-0.197204 7
-0.182415 6
-0.169536 8
-0.155706 9
-0.14238 8
-0.129127 15
-0.112411 16
-0.101085 24
-0.0884525 35
-0.0740073 27
-0.0601358 30
-0.0473954 41
-0.0320813 33
-0.0196556 54
-0.00258193 180
0.00643546 36
0.0204824 8
0.0328961 11
0.046625 4
0.0616473 6
0.0704739 1
0.0910137 4
0.101863 1
0.117701 3
0.127882 1
0.143172 2
0.151111 2
0.170524 1
0.185314 5
0.19762 1
0 0
0.227763 1
0 0
0.249436 1
0.270505 1
0.281223 1
0 0
0 0
0.320408 3
0.331569 4
0 0
0 0
0 0
0 0
0.396826 1
0 0
0.427656 4
0 0
0 0
0 0
0 0
0 0
0.515009 2
0 0
0 0
0 0
0 0
0 0
0 0
0 0
0 0
0 0
0 0
0 0
0.679729 1
0 0
0 0
0 0
0 0
0 0
0 0
0.766796 1
0 0
0.799806 1
0 0
0.83005 1
0 0
0 0
0 0
0 0
0 0
0.909633 1
0.925319 1
0 0
0 0
0 0
0.969018 2
0 0
0 0
1.00893 1
0 0
1.04299 1
0 0
1.0703 1
0 0
0 0
1.10624 2
0 0
0 0
0 0
0 0
0 0
0 0
0 0
0 0
0 0
1.25071 1
0 0
0 0
0 0
0 0
1.3076 1
0 0
0 0
0 0
1.36354 1
0 0
0 0
1.41206 1
0 0
0 0
0 0
0 0
0 0
0 0
0 0
0 0
0 0
0 0
0 0
0 0
0 0
0 0
0 0
0 0
0 0
0 0
0 0
0 0
0 0
0 0
0 0
0 0
0 0
0 0
0 0
0 0
1.79981 1
1.80951 1
