-0.155087 1
0 0
0 0
0 0
-0.142481 1
0 0
0 0
0 0
0 0
0 0
0 0
0 0
-0.118105 1
-0.115575 1
0 0
-0.108078 1
0 0
0 0
-0.0998587 1
0 0
-0.094866 2
-0.0912016 1
-0.0894468 2
-0.0856243 4
-0.0830141 2
0 0
0 0
-0.0740236 1
0 0
-0.0680448 1
-0.0652708 6
-0.0638396 1
-0.0590898 4
-0.0568819 2
-0.0534254 2
-0.0509803 2
-0.0474431 3
-0.0451324 4
-0.0422882 3
-0.0391473 4
-0.0359014 4
-0.0331641 5
-0.0306365 5
-0.0277454 2
-0.0253841 1
-0.0207289 2
-0.0183727 8
-0.0146572 4
-0.0117722 4
-0.00962167 4
-0.00700448 3
-0.00362108 5
-0.000434906 9
0.00233097 4
0.00461756 2
0.00826213 4
0.0120779 3
0.0136474 4
0.01682 2
0.0201619 9
0.023177 3
0.0262737 5
0.0290162 4
0.0317987 1
0.0339985 1
0.0379152 6
0.0409426 3
0.0436923 5
0.0474528 3
0.0485604 2
0.0523803 5
0.0557589 3
0.0578675 2
0.0613113 2
0 0
0.0670327 6
0.0692267 4
0.0726993 6
0.0764474 3
0.0781407 6
0.0817448 2
0.0850787 3
0.0878704 3
0 0
0.0936249 3
0.0967379 3
0.10073 1
0 0
0 0
0.108977 3
0 0
0.115518 3
0 0
0 0
0 0
0 0
0 0
0.131501 3
0.135015 1
0.137482 1
0.141374 2
0.14294 2
0.146135 1
0 0
0 0
0.155255 1
0 0
0 0
0 0
0 0
0.170356 1
0 0
0 0
0.17849 1
0.182547 2
0 0
0.186746 1
0.190886 1
0.192997 3
0.197993 1
0 0
0 0
0 0
0.209574 1
0.211995 1
0 0
0 0
0 0
0 0
0.227138 1
0 0
0 0
0 0
0.237588 1
0 0
0 0
0.245324 1
0 0
0.251606 2
0 0
0 0
0 0
0.264406 1
0 0
0 0
0 0
0 0
0 0
0 0
0 0
0 0
0 0
0 0
0 0
0.301002 1
0.303359 1
0 0
0.307501 1
0 0
0.315245 1
0 0
0.319416 1
0 0
0 0
0 0
0 0
0.335849 1
0.336503 1
0 0
0 0
0 0
0 0
0 0
0 0
0 0
0 0
0 0
0 0
0.370495 1
0 0
0 0
0 0
0 0
0 0
0 0
0 0
0 0
0 0
0.400718 1
0 0
0 0
0 0
0 0
0 0
0 0
0 0
0 0
0 0
0 0
0 0
0.433466 1
