-0.32019 1
0 0
0 0
0 0
0 0
0 0
0 0
0 0
0 0
0 0
0 0
0 0
0 0
-0.271944 1
0 0
0 0
0 0
0 0
0 0
-0.251138 1
-0.244774 1
0 0
-0.238211 2
0 0
-0.231121 2
-0.227346 1
0 0
0 0
-0.21623 2
0 0
-0.211282 1
0 0
-0.203462 1
-0.19779 1
-0.194006 2
-0.192205 2
-0.188015 2
0 0
-0.179911 3
-0.17532 1
-0.172636 4
-0.170198 2
-0.166461 3
-0.161119 2
-0.15951 3
-0.154492 4
-0.151378 4
-0.146048 1
-0.143945 5
-0.140665 2
0 0
-0.133086 9
-0.13061 7
-0.127203 3
-0.122908 5
-0.118208 4
-0.115363 1
-0.111923 2
-0.108984 2
-0.103933 5
-0.101649 3
-0.0974558 4
-0.0937625 8
-0.0896105 9
-0.0865661 3
-0.0818026 5
-0.0790198 4
-0.0758611 5
-0.0713848 6
-0.0672009 9
-0.0648045 6
-0.0602267 7
-0.0575116 5
-0.0533216 6
-0.0492184 3
-0.0457529 10
-0.0419045 6
-0.0385412 6
-0.0341153 5
-0.0319895 12
-0.0275498 6
-0.0250104 5
-0.0205546 4
-0.0178243 8
-0.0130955 7
-0.00939182 6
-0.00601558 13
-0.00248267 12
0.000216321 31
0.0052904 7
0.00791357 8
0.0120376 9
0.0152271 4
0.0187438 5
0.0228454 5
0.0265768 8
0.0297706 7
0.0334677 9
0.0369591 7
0.0403743 4
0.044582 9
0.0484258 6
0.0516747 5
0.055262 11
0.0592458 4
0.0629454 4
0.0661775 6
0.0701431 4
0.0743548 6
0.0776436 9
0.0808248 4
0.0840661 4
0.088695 2
0.0915138 4
0.0954201 6
0.0991514 3
0.10173 6
0.105872 5
0.111136 2
0.113886 7
0.116485 4
0.120721 8
0.124311 2
0.128385 7
0.131874 4
0.135675 5
0.139296 2
0.142718 3
0.146343 2
0.149964 5
0.154817 3
0.158826 1
0.160579 1
0 0
0 0
0.171141 3
0.175149 5
0.179333 1
0.18241 1
0.185574 2
0.190379 2
0.19331 3
0.196692 1
0 0
0.203379 2
0.209565 2
0.21174 2
0.215012 2
0 0
0.222279 2
0 0
0.228276 1
0.23347 1
0.237767 1
0.240894 1
0.244728 2
0.24917 2
0 0
0.25559 1
0 0
0.263343 1
0 0
0 0
0 0
0.278581 1
0 0
0 0
0.288303 1
0.290282 1
0 0
0.297274 1
0 0
0 0
0 0
0 0
0 0
0 0
0 0
0 0
0 0
0 0
0 0
0 0
0 0
0 0
0 0
0 0
0 0
0 0
0 0
0 0
0 0
0 0
0 0
0 0
0 0
0 0
0 0
0 0
0 0
0.405814 1
