-0.251763 1
0 0
0 0
0 0
0 0
0 0
0 0
0 0
0 0
0 0
-0.213835 1
0 0
0 0
-0.199155 1
0 0
0 0
0 0
0 0
-0.181889 1
0 0
0 0
0 0
0 0
-0.163166 1
0 0
-0.156408 1
0 0
0 0
0 0
-0.141872 1
0 0
0 0
0 0
-0.123871 2
0 0
0 0
-0.115436 1
0 0
0 0
0 0
0 0
-0.0954362 2
-0.0920525 4
-0.0869969 4
-0.0836246 3
-0.080665 6
-0.0762588 8
-0.0723217 7
-0.067873 10
-0.0645185 6
-0.0611842 5
-0.0556978 4
-0.0524864 5
-0.0497798 6
-0.045364 3
-0.0422503 3
-0.0378597 3
-0.034807 8
-0.0294263 5
-0.0273791 7
-0.0224735 8
-0.0189092 7
-0.0150899 1
-0.0117127 6
-0.00720232 4
-0.00485447 4
-0.000322431 12
0.00423872 5
0.00788831 4
0.0107249 8
0.0146721 7
0.0180415 2
0.0225974 6
0.0262068 4
0.0299201 6
0.0337911 7
0.0377197 3
0.0416433 5
0.0450758 5
0.0489805 2
0.0533169 4
0.056204 3
0 0
0.0646795 3
0.0674916 5
0.0712277 2
0.0750339 2
0.0810274 1
0.0830607 2
0.0856923 3
0.0902466 4
0.0938942 1
0 0
0.101812 3
0.10569 1
0.108515 1
0.11512 1
0 0
0.121829 1
0.123732 3
0.126829 1
0.132629 1
0.134179 1
0 0
0 0
0.146991 1
0 0
0 0
0.157177 1
0.162669 2
0.165545 1
0.170856 1
0.173319 2
0 0
0 0
0.184636 1
0.189254 1
0.193463 1
0.195281 1
0.20161 1
0 0
0 0
0.210862 1
0.215653 2
0 0
0 0
0 0
0.229251 1
0 0
0 0
0.242961 1
0 0
0 0
0.254917 1
0 0
0 0
0.263344 1
0 0
0 0
0 0
0 0
0 0
0.288956 1
0 0
0 0
0 0
0 0
0 0
0 0
0.312705 1
0.316462 2
0 0
0.326756 1
0 0
0 0
0 0
0 0
0 0
0 0
0 0
0.353946 1
0 0
0 0
0 0
0 0
0.375013 1
0 0
0 0
0 0
0 0
0 0
0 0
0 0
0 0
0 0
0 0
0 0
0 0
0 0
0 0
0 0
0 0
0 0
0.441569 1
0 0
0 0
0 0
0 0
0 0
0 0
0 0
0 0
0 0
0 0
0 0
0 0
0 0
0 0
0.500682 1
0 0
0.504815 1
