-0.612665 1
0 0
0 0
0 0
0 0
0 0
0 0
0 0
0 0
0 0
0 0
0 0
0 0
0 0
0 0
0 0
-0.515434 1
-0.508392 1
-0.504537 2
-0.498959 1
-0.493481 1
-0.486089 1
-0.4769 2
-0.471009 3
-0.466282 2
0 0
-0.453252 1
-0.450467 1
0 0
-0.437821 3
-0.431535 2
-0.424389 2
-0.418454 2
-0.414308 1
-0.407879 3
-0.402121 3
-0.395963 4
-0.388965 8
-0.383063 7
-0.379004 3
-0.372441 3
-0.366443 5
-0.360686 5
-0.353564 8
-0.348139 12
-0.342746 10
-0.335298 8
-0.330109 11
-0.324062 11
-0.318139 11
-0.312341 19
-0.306245 27
-0.300991 21
-0.2944 26
-0.288361 20
-0.283044 18
-0.276491 46
-0.270434 38
-0.264707 36
-0.258691 65
-0.252938 68
-0.246763 81
-0.241247 90
-0.235238 108
-0.228915 121
-0.223328 129
-0.216958 120
-0.211407 158
-0.205323 180
-0.199463 188
-0.193399 158
-0.187362 196
-0.181832 218
-0.17557 226
-0.16964 234
-0.163806 268
-0.157765 262
-0.151761 252
-0.145866 209
-0.139986 230
-0.133989 208
-0.128344 154
-0.12191 94
-0.116147 128
-0.110196 126
-0.104242 180
-0.0982775 216
-0.0922015 195
-0.0863821 190
-0.0805922 230
-0.0746573 267
-0.0686818 291
-0.0623962 381
-0.0567735 402
-0.0509494 369
-0.045014 399
-0.0389351 317
-0.0331998 286
-0.0269191 278
-0.0210678 303
-0.0150517 345
-0.00911292 411
-0.00231174 935
0.0010875 1415
0.00861116 361
0.0145085 321
0.0206754 292
0.0266158 285
0.0324053 264
0.0383027 262
0.0442957 339
0.0502379 347
0.0562079 328
0.0619589 377
0.0679047 280
0.0739679 250
0.0799504 220
0.0859066 211
0.0917885 171
0.0976984 175
0.103764 167
0.109812 149
0.115619 130
0.121637 135
0.127757 208
0.133438 198
0.13928 208
0.14535 219
0.151269 224
0.157114 230
0.163231 227
0.169209 190
0.175149 189
0.181044 172
0.186888 174
0.192713 164
0.198879 148
0.204624 134
0.21041 128
0.216575 102
0.22271 100
0.228761 96
0.234415 92
0.240393 68
0.246481 70
0.252581 49
0.258207 48
0.264396 40
0.270061 39
0.27578 30
0.282343 26
0.287931 23
0.294244 29
0.299954 25
0.306355 20
0.312322 13
0.31817 18
0.323955 11
0.330071 12
0.335864 9
0.341754 12
0.346937 14
0.352888 9
0.360155 11
0.364847 12
0.370599 3
0.37758 6
0.3839 3
0.389428 5
0.397483 4
0.4014 4
0.406863 5
0.412395 6
0.416527 1
0.426694 2
0.430511 3
0.435475 1
0.441572 2
0.448275 1
0.454939 6
0 0
0 0
0.472963 2
0.479274 2
0.485476 2
0 0
0.496882 1
0.502053 1
0.507601 1
0 0
0 0
0.523985 1
0 0
0 0
0 0
0.55165 1
0 0
0.559714 2
0 0
0 0
0.576414 1
