0 5.470547 
59999 81.778175 
119998 83.548355 
179997 84.808479 
239996 86.338631 
299995 87.658768 
359994 88.688866 
419993 89.598961 
479992 90.009003 
539991 90.649063 
599990 91.159119 
659989 91.349136 
719988 91.929192 
779987 92.119209 
839986 92.569260 
899985 92.789276 
959984 92.909294 
1019983 93.159317 
1079982 93.449348 
1139981 93.479347 
1199980 93.849388 
1259979 94.019402 
1319978 94.069405 
1379977 94.379440 
1439976 94.439445 
1499975 94.569458 
1559974 94.779480 
1619973 94.809479 
1679972 94.909492 
1739971 95.089508 
1799970 95.079506 
1859969 95.219521 
1919968 95.329536 
1979967 95.339531 
2039966 95.449547 
2099965 95.479546 
2159964 95.469543 
2219963 95.589561 
2279962 95.529556 
2339961 95.739571 
2399960 95.769577 
2459959 95.649567 
2519958 95.839584 
2579957 95.819580 
2639956 95.809578 
2699955 95.899590 
2759954 95.949593 
2819953 96.029602 
2879952 96.049606 
2939951 96.009598 
2999950 96.079605 
3059949 96.149612 
3119948 96.189621 
3179947 96.199623 
3239946 96.159615 
3299945 96.279625 
3359944 96.259628 
3419943 96.349632 
3479942 96.319633 
3539941 96.369637 
3599940 96.329636 
3659939 96.349632 
3719938 96.439644 
3779937 96.429642 
3839936 96.419640 
3899935 96.389641 
3959934 96.419640 
4019933 96.469650 
4079932 96.479645 
4139931 96.469650 
4199930 96.469650 
4259929 96.479645 
4319928 96.429642 
4379927 96.539658 
4439926 96.479645 
4499925 96.539658 
4559924 96.579659 
4619923 96.649666 
4679922 96.549652 
4739921 96.619659 
4799920 96.629662 
4859919 96.699669 
4919918 96.629662 
4979917 96.669670 
5039916 96.659668 
5099915 96.699669 
5159914 96.619659 
5219913 96.689667 
5279912 96.719673 
5339911 96.639664 
5399910 96.739677 
5459909 96.719673 
5519908 96.789680 
5579907 96.779678 
5639906 96.789680 
5699905 96.769676 
5759904 96.799683 
5819903 96.799683 
5879902 96.819679 
5939901 96.799683 
