-0.73676 1
0 0
0 0
0 0
0 0
-0.686628 1
0 0
0 0
0 0
0 0
-0.643222 1
-0.638529 1
-0.631763 1
0 0
0 0
0 0
0 0
0 0
0 0
-0.567082 1
-0.561835 1
0 0
0 0
0 0
0 0
0 0
0 0
-0.496712 1
0 0
0 0
0 0
0 0
-0.459946 1
0 0
-0.439247 2
0 0
0 0
0 0
0 0
-0.393287 1
0 0
0 0
-0.371272 1
0 0
0 0
0 0
0 0
0 0
0 0
0 0
0 0
0 0
0 0
0 0
0 0
0 0
0 0
-0.240796 1
0 0
0 0
0 0
0 0
0 0
0 0
-0.178499 1
-0.176578 1
0 0
0 0
0 0
0 0
-0.128351 1
0 0
0 0
0 0
0 0
-0.0886638 1
0 0
0 0
-0.0603015 2
0 0
-0.0416114 3
0 0
-0.0226164 2
-0.0174762 2
-0.00744328 1
0.000175443 9
0.00599664 1
0.0178103 4
0.0247997 1
0.0358636 2
0.0434449 2
0 0
0.0581481 2
0.0686002 2
0.078388 2
0.0835294 1
0 0
0.105102 2
0.109006 2
0 0
0 0
0.136442 1
0 0
0 0
0.159573 1
0 0
0 0
0 0
0 0
0 0
0.213562 1
0.222598 1
0.230286 1
0 0
0 0
0 0
0 0
0 0
0 0
0 0
0 0
0 0
0 0
0.325605 1
0 0
0 0
0 0
0 0
0 0
0 0
0 0
0 0
0 0
0 0
0 0
0 0
0 0
0 0
0 0
0 0
0 0
0 0
0 0
0 0
0 0
0 0
0 0
0 0
0 0
0 0
0 0
0 0
0 0
0 0
0 0
0 0
0 0
0 0
0 0
0 0
0 0
0 0
0 0
0 0
0 0
0 0
0 0
0 0
0 0
0 0
0.733544 1
0 0
0 0
0 0
0 0
0 0
0 0
0 0
0 0
0 0
0 0
0 0
0 0
0 0
0 0
0 0
0 0
0 0
0 0
0 0
0 0
0 0
0 0
0 0
0 0
0 0
0 0
0 0
0 0
0 0
0.986306 1
