-0.365746 1
-0.360606 1
0 0
0 0
0 0
0 0
-0.339618 1
0 0
0 0
0 0
0 0
0 0
0 0
0 0
0 0
0 0
0 0
0 0
0 0
0 0
-0.284951 1
-0.280421 1
0 0
0 0
0 0
0 0
-0.259644 1
0 0
0 0
0 0
-0.243589 1
0 0
-0.235323 1
0 0
0 0
0 0
0 0
-0.2181 1
0 0
-0.207475 1
0 0
0 0
-0.196163 1
-0.190933 2
-0.188754 2
-0.18269 1
-0.178701 1
-0.175157 1
-0.172289 1
0 0
-0.162883 1
0 0
-0.156632 1
-0.151722 1
-0.148518 1
-0.146664 1
-0.14076 2
-0.136948 1
-0.133293 4
-0.129203 4
-0.124774 4
-0.120525 7
-0.117314 15
-0.11276 7
-0.108858 13
-0.104697 17
-0.100952 17
-0.0967638 25
-0.0929403 21
-0.0890189 30
-0.0850292 35
-0.0809588 38
-0.0766804 65
-0.0731175 69
-0.0691727 91
-0.0651784 97
-0.0613367 56
-0.0567683 63
-0.053335 77
-0.0492285 91
-0.0451543 91
-0.0411832 99
-0.0373173 85
-0.0331196 108
-0.0291421 128
-0.0254136 148
-0.0212632 147
-0.0171976 123
-0.0132767 184
-0.00921488 164
-0.00527712 264
-0.000499767 1091
0.00225217 407
0.00649967 249
0.0104222 159
0.0144541 168
0.0184088 137
0.0224384 163
0.0263397 142
0.0303175 122
0.0342681 112
0.0385898 79
0.0425005 92
0.0462668 87
0.0500109 68
0.0541689 74
0.0584444 70
0.0622608 67
0.0662274 99
0.0702196 67
0.0741441 74
0.0780175 38
0.0823198 20
0.0860454 11
0.0904599 14
0.0936092 14
0.0982862 12
0.101516 14
0.106185 5
0.110041 8
0.113746 7
0.117902 5
0.122871 6
0.12525 9
0.131947 1
0.134232 6
0.13882 1
0.141254 2
0.146311 2
0.149026 3
0.154358 1
0.156366 1
0 0
0.165004 2
0.169108 2
0 0
0 0
0.179808 1
0 0
0 0
0 0
0 0
0.202591 1
0.205194 1
0.211104 1
0.213229 1
0 0
0.220723 2
0 0
0 0
0 0
0 0
0 0
0.246848 1
0 0
0 0
0 0
0 0
0.266358 1
0 0
0.272187 1
0.277236 1
0 0
0 0
0 0
0.293017 1
0 0
0.300261 1
0 0
0.309616 1
0 0
0 0
0 0
0.325104 1
0 0
0 0
0 0
0 0
0 0
0 0
0 0
0 0
0 0
0 0
0 0
0.373164 1
0 0
0 0
0 0
0 0
0 0
0 0
0 0
0 0
0 0
0.412601 1
0.418149 1
0 0
0 0
0 0
0.430577 1
