-0.33421 1
0 0
0 0
0 0
-0.316396 1
0 0
0 0
-0.30262 1
0 0
0 0
0 0
0 0
0 0
0 0
0 0
-0.269887 1
0 0
-0.261986 1
0 0
-0.253699 1
0 0
0 0
-0.23958 1
-0.235739 1
0 0
0 0
-0.22364 1
0 0
-0.214649 1
0 0
-0.205993 3
-0.202526 1
0 0
0 0
0 0
-0.185829 1
-0.182388 1
-0.177687 1
-0.173073 1
0 0
0 0
-0.160328 1
-0.153793 2
-0.151682 1
-0.146915 4
-0.142083 1
-0.137756 2
-0.132106 1
-0.129479 4
-0.124601 3
-0.121206 3
-0.117432 4
-0.112459 6
-0.108495 2
-0.10403 7
-0.100496 3
-0.0961295 4
-0.0929793 3
-0.0875602 10
-0.0827414 8
-0.0793085 14
-0.0748821 27
-0.0708858 36
-0.0668075 38
-0.0628223 32
-0.0580391 23
-0.0545307 18
-0.0497636 30
-0.0457418 32
-0.041173 28
-0.0375541 25
-0.0330429 33
-0.0286123 47
-0.0244016 48
-0.0198131 45
-0.0163389 47
-0.0118638 47
-0.00773784 58
-0.00312382 69
0.000102473 530
0.00507602 44
0.00932514 48
0.0133875 44
0.0177979 40
0.0216951 38
0.0259325 52
0.0303086 36
0.034743 30
0.0389181 23
0.0432051 22
0.0471937 36
0.0513612 28
0.0555207 25
0.0601649 29
0.0642228 33
0.0681235 24
0.072503 25
0.0761639 24
0.0809444 16
0.0849928 9
0.0896044 11
0.0935475 5
0.0982404 4
0.102703 3
0.10612 3
0.110284 11
0.114638 12
0.117649 8
0.122634 8
0.127583 8
0.131037 3
0.13555 4
0.138516 4
0.143735 8
0.148466 5
0.15242 3
0.156739 6
0.161916 1
0.164756 3
0.168546 5
0.173781 2
0.177511 2
0.17993 1
0.185919 2
0.189611 2
0.196605 1
0.19979 2
0.202726 1
0 0
0.210079 1
0.216388 2
0 0
0 0
0.228161 3
0 0
0 0
0 0
0 0
0 0
0.254242 1
0.257365 1
0 0
0 0
0 0
0 0
0 0
0 0
0 0
0 0
0 0
0 0
0 0
0 0
0.313831 1
0 0
0 0
0 0
0 0
0 0
0 0
0 0
0 0
0 0
0 0
0 0
0 0
0 0
0 0
0 0
0 0
0 0
0 0
0 0
0.398467 1
0 0
0 0
0 0
0 0
0 0
0 0
0.42796 1
0 0
0 0
0 0
0 0
0 0
0 0
0 0
0 0
0 0
0 0
0 0
0 0
0 0
0 0
0 0
0 0
0 0
0 0
0 0
0.508547 1
