-0.127877 1
0 0
0 0
0 0
0 0
0 0
0 0
0 0
0 0
0 0
0 0
0 0
-0.101347 1
0 0
0 0
0 0
0 0
0 0
0 0
0 0
0 0
0 0
0 0
0 0
0 0
0 0
0 0
-0.0685725 1
-0.0679233 1
0 0
0 0
0 0
0 0
0 0
0 0
0 0
0 0
-0.0482457 1
-0.0455798 1
0 0
0 0
0 0
0 0
0 0
-0.0325917 1
0 0
0 0
0 0
0 0
0 0
-0.0201841 1
0 0
0 0
0 0
-0.0108462 2
0 0
0 0
0 0
0 0
-0.000120609 5
0 0
0.00360466 1
0 0
0 0
0.0100926 1
0 0
0.0140845 2
0 0
0 0
0 0
0 0
0 0
0 0
0 0
0 0
0 0
0 0
0 0
0 0
0 0
0.0433341 1
0 0
0 0
0 0
0 0
0 0
0 0
0 0
0.060625 1
0 0
0 0
0 0
0 0
0 0
0 0
0 0
0 0
0 0
0.0829666 1
0 0
0 0
0 0
0 0
0.0930958 1
0 0
0 0
0 0
0 0
0.103951 1
0 0
0 0
0 0
0 0
0 0
0 0
0 0
0 0
0 0
0 0
0 0
0 0
0 0
0 0
0 0
0 0
0 0
0 0
0 0
0 0
0 0
0 0
0 0
0 0
0 0
0 0
0 0
0 0
0 0
0 0
0 0
0 0
0 0
0 0
0 0
0 0
0 0
0 0
0.1858 1
0 0
0 0
0 0
0 0
0 0
0 0
0 0
0 0
0 0
0 0
0 0
0 0
0 0
0 0
0 0
0 0
0 0
0 0
0 0
0 0
0 0
0 0
0 0
0 0
0 0
0 0
0 0
0 0
0 0
0 0
0 0
0 0
0 0
0 0
0 0
0 0
0 0
0 0
0 0
0 0
0 0
0 0
0 0
0 0
0 0
0 0
0 0
0 0
0 0
0 0
0 0
0.297488 1
0.298783 1
