-0.104851 1
0 0
0 0
0 0
0 0
0 0
-0.0945663 1
0 0
0 0
0 0
0 0
0 0
0 0
-0.0845961 2
-0.0833067 2
0 0
-0.0801333 4
-0.0787114 3
-0.0767262 1
-0.0755893 1
0 0
-0.0725034 1
-0.071717 2
-0.0695315 2
-0.0681255 1
-0.0673224 2
-0.0653315 3
-0.0634505 5
-0.0624946 4
-0.0606818 4
-0.0595672 3
-0.0576712 3
-0.0562909 7
-0.0555065 1
-0.05348 4
-0.0518504 3
-0.0500105 4
-0.0486565 2
-0.047505 7
-0.04543 4
-0.0444794 5
-0.0432549 5
-0.0418318 5
-0.0395427 3
0 0
-0.0371048 2
-0.0356494 6
-0.0338867 4
-0.032911 2
-0.0310271 5
-0.0294049 2
-0.0279954 9
-0.0267537 6
-0.0249156 6
-0.0233548 5
-0.0222271 4
-0.0205895 9
-0.0190517 3
-0.0171251 2
-0.0159896 5
-0.014835 5
-0.0128491 8
-0.0115439 7
-0.0100749 3
-0.00870507 7
-0.00711356 7
-0.00544949 8
-0.00402729 7
-0.00260146 11
-0.000940273 28
0.000124303 45
0.00197893 24
0.00349439 15
0.00491717 10
0.00653873 13
0.00791465 11
0.00942353 8
0.0109151 10
0.0125614 3
0.0139559 5
0.0146302 1
0.0168286 6
0.0183946 11
0.0195453 6
0.0217528 4
0.0224081 2
0.0243543 5
0.0257637 1
0.0271501 4
0.0285458 5
0.0304224 2
0.0316504 5
0.0333522 5
0.0351743 4
0.0359809 5
0.0380455 3
0.0396046 3
0.0404959 1
0.0423532 2
0.0438243 3
0.0455526 5
0.0473598 1
0.0484617 4
0.0492831 3
0.0512513 4
0.0526984 3
0.0538664 4
0.0558906 1
0.0577454 1
0.0586722 4
0.060111 5
0.0616547 2
0.063096 2
0.0646707 8
0.0663958 2
0.0675965 4
0.0696169 2
0.0706433 1
0.0725059 3
0.073299 4
0.0749865 1
0.0767199 4
0 0
0.0797286 2
0.0805314 2
0.0819548 1
0.0836822 1
0.0853608 1
0.0867221 3
0 0
0.0896574 2
0 0
0.0933695 1
0.094475 1
0 0
0 0
0 0
0.100247 1
0 0
0.103337 1
0.105521 1
0.106747 1
0.108561 1
0.108736 1
0.111611 1
0.112073 1
0.113872 2
0 0
0.117004 1
0 0
0 0
0 0
0 0
0 0
0 0
0 0
0 0
0 0
0.132315 1
0 0
0 0
0 0
0.137154 1
0 0
0 0
0 0
0 0
0.144951 1
0 0
0.148173 1
0 0
0 0
0 0
0 0
0 0
0 0
0 0
0 0
0 0
0 0
0 0
0 0
0 0
0 0
0 0
0 0
0 0
0 0
0 0
0 0
0 0
0 0
0 0
0 0
0 0
0 0
0 0
0 0
0 0
0 0
0.193852 1
