-0.112823 1
0 0
-0.11032 3
0 0
0 0
0 0
0 0
0 0
0 0
0 0
0 0
-0.0998853 1
-0.0985238 1
-0.0978948 3
-0.0967742 2
0 0
-0.0941471 2
-0.0927102 1
-0.0918283 2
-0.0908206 2
-0.0902392 1
-0.0886892 3
-0.0876817 6
-0.0862797 7
-0.0853792 2
-0.0846615 2
-0.0831339 3
-0.0821049 7
-0.0810407 3
-0.0799146 6
-0.0787936 7
-0.0773942 2
-0.0760948 5
-0.0751142 1
-0.0742561 1
-0.0731641 2
-0.0713561 1
-0.0708372 5
-0.0696335 1
-0.0682026 4
-0.0670845 3
0 0
-0.0656405 2
-0.0638978 4
-0.0628161 6
-0.0618605 3
-0.0606125 2
-0.0597727 3
-0.0582999 3
-0.0573153 4
-0.0559379 6
0 0
-0.0536229 3
-0.052704 5
-0.0517458 7
-0.0505036 5
-0.0495696 2
-0.0478289 2
-0.0471225 3
-0.045903 2
-0.0445526 2
-0.0439091 5
-0.0425679 4
-0.0415137 3
-0.040393 5
-0.0393423 3
-0.038297 2
-0.0369155 2
-0.0361207 5
-0.0347002 2
-0.033687 8
-0.0329008 2
-0.0314991 2
-0.0305125 2
-0.0296495 2
-0.0280278 6
-0.0271991 3
-0.0261092 3
-0.0249277 1
-0.0236723 7
-0.0225465 2
-0.0212039 4
-0.0206548 3
-0.0196768 1
-0.0176852 1
-0.0168563 3
-0.015865 7
-0.0142904 5
-0.0135368 5
-0.0125668 3
-0.0110156 3
-0.0103919 3
0 0
-0.00757477 6
-0.00680245 4
-0.0057937 4
-0.00457228 3
-0.00345787 2
-0.0022854 5
-0.00100441 3
-0.000571988 1
0.000970861 6
0.00247087 5
0.00327188 2
0.00459997 2
0.00554665 4
0.00657262 3
0.0079047 4
0.0091092 8
0.00953627 1
0.010714 1
0.0122992 9
0 0
0.014297 3
0.0155578 2
0.0168499 5
0.0178276 2
0.0190205 5
0.0201568 8
0.0209601 4
0.0220931 2
0.0235731 5
0.02444 2
0.0257199 7
0.0269622 3
0.0281569 3
0.0291195 6
0.0304829 4
0 0
0.0322284 1
0.034146 1
0.0347628 3
0.0357178 1
0.0368961 5
0.0384282 4
0.0393362 4
0.0404445 3
0.0416228 4
0.0426177 3
0.0437096 1
0.044906 2
0.0463049 1
0.0468066 1
0.0482056 3
0.049348 4
0.0502092 5
0.0513536 3
0.0527981 6
0.0539757 2
0.0551562 1
0.0561388 8
0.0568021 1
0.0582993 4
0.0593398 4
0.0603408 3
0.0620366 3
0.0627849 3
0.0637261 4
0.0647154 2
0.0662322 3
0.0667226 1
0.068239 3
0 0
0.0706342 2
0.0719835 2
0.0727536 2
0.0741838 9
0.0753126 5
0.0763309 2
0.0773239 3
0.0784761 2
0.0798331 5
0.0805811 3
0 0
0.0831077 8
0.0838884 3
0.0854183 3
0.0863857 3
0.0875883 1
0.0888321 3
0.0896015 3
0.0908602 3
0 0
0.0935039 1
0.0941517 3
0.0954922 3
0.0962426 3
0.0979589 3
0.0984512 1
0.0995372 1
0.101043 1
0.101916 1
0 0
0.103936 1
0.10535 3
0 0
0 0
0 0
0 0
0 0
0.111599 1
