-0.298269 1
0 0
-0.289852 1
-0.287915 1
0 0
0 0
-0.275157 2
0 0
0 0
0 0
-0.263535 1
0 0
-0.253788 2
-0.251437 2
-0.249295 1
-0.244119 4
-0.242936 1
-0.23827 1
-0.235209 1
0 0
-0.227463 1
-0.224827 3
-0.222135 1
-0.216698 1
-0.213861 2
-0.211191 6
-0.207875 1
-0.204487 1
-0.199731 2
-0.197674 3
-0.193409 5
-0.189323 2
-0.18587 7
-0.183173 3
-0.179764 4
-0.17682 5
-0.172416 4
-0.168534 4
-0.16606 5
-0.161741 4
-0.158488 5
-0.154536 3
-0.152089 5
-0.148426 6
-0.145208 6
-0.141294 12
-0.138216 4
-0.134666 11
-0.131358 7
-0.127529 8
-0.123627 8
-0.120397 15
-0.117294 8
-0.113618 9
-0.11037 11
-0.107427 17
-0.103597 10
-0.0997808 14
-0.0962907 22
-0.0931705 27
-0.0892601 26
-0.0862215 34
-0.0828758 31
-0.0790923 21
-0.0763546 21
-0.0725707 34
-0.0688078 27
-0.0655111 27
-0.0622646 23
-0.0584639 21
-0.0552207 34
-0.0517601 26
-0.0477934 30
-0.0446909 27
-0.0414457 35
-0.0378271 23
-0.0345319 20
-0.031192 28
-0.0274385 24
-0.0243262 23
-0.0206722 37
-0.0170596 23
-0.0140266 32
-0.00998112 28
-0.00685921 16
-0.00335608 28
0.000395292 24
0.00347328 33
0.00698523 26
0.00995278 26
0.0139232 32
0.0171571 22
0.0202832 25
0.0239595 29
0.0277591 24
0.0309279 22
0.0343257 23
0.0379426 26
0.0410887 32
0.0447909 27
0.0482334 24
0.0518368 23
0.0549683 24
0.0585014 37
0.0621998 24
0.0651132 24
0.0685314 21
0.0726059 19
0.0758681 30
0.0792982 27
0.0827501 24
0.0859857 30
0.0898035 34
0.0932379 24
0.0963892 19
0.100111 17
0.103321 18
0.106552 13
0.109921 12
0.113982 14
0.117355 13
0.120066 14
0.124406 12
0.128009 10
0.131134 6
0.134726 18
0.138187 13
0.140966 10
0.144919 11
0.149088 5
0.152035 6
0.155369 5
0.158228 10
0.160508 1
0.165022 5
0.168604 12
0.172897 9
0.176038 7
0.179542 8
0.181948 3
0.185776 6
0.189695 11
0.19286 6
0.196336 7
0.200488 5
0.202592 4
0.207047 9
0.210084 8
0.214337 5
0.216078 2
0.220267 6
0.224254 3
0.227777 2
0.231675 3
0.2352 3
0.236823 1
0.241732 3
0 0
0 0
0.250385 1
0.255643 3
0.258828 7
0.262645 2
0 0
0.268993 2
0.273804 1
0.27612 1
0.27908 1
0 0
0.285617 1
0.289403 2
0.293374 3
0.2957 1
0.301675 1
0 0
0.306037 2
0.310467 1
0 0
0 0
0 0
0 0
0 0
0 0
0 0
0 0
0 0
0 0
0 0
0 0
0 0
0 0
0 0
0 0
0.368666 1
0 0
0 0
0 0
0.3835 1
0 0
0 0
0.391337 1
