-0.610348 1
0 0
0 0
0 0
0 0
0 0
0 0
0 0
0 0
-0.556908 2
0 0
0 0
0 0
-0.532395 2
0 0
-0.522458 1
-0.516737 1
-0.508489 2
-0.502786 1
-0.496245 2
0 0
-0.488383 1
0 0
-0.476678 2
-0.470016 1
-0.464986 1
-0.456993 1
0 0
-0.446053 2
-0.440342 3
-0.432248 3
-0.429855 1
0 0
-0.415926 4
-0.412007 1
-0.404823 4
-0.399201 3
-0.391815 2
-0.386241 7
-0.381898 4
-0.374954 7
-0.369679 4
-0.364209 5
-0.358651 5
-0.35197 8
-0.346923 6
-0.340391 10
-0.33509 5
-0.329923 4
-0.324561 5
-0.318332 6
-0.312834 10
-0.307087 9
-0.299601 9
-0.295233 7
-0.28925 14
-0.283501 9
-0.276955 14
-0.271693 22
-0.266271 12
-0.259378 16
-0.254233 12
-0.248837 16
-0.243155 14
-0.236687 15
-0.230643 14
-0.225765 28
-0.219498 16
-0.213937 18
-0.207064 15
-0.201597 27
-0.196016 22
-0.19075 22
-0.184922 26
-0.178434 18
-0.173421 38
-0.167785 23
-0.161585 33
-0.155633 40
-0.149709 33
-0.143601 35
-0.138236 33
-0.132513 36
-0.126641 46
-0.1215 36
-0.115107 47
-0.109366 50
-0.103725 63
-0.0980795 62
-0.0919688 92
-0.0863541 97
-0.0806235 83
-0.0747358 98
-0.0690378 103
-0.0631504 89
-0.0572787 97
-0.0514163 104
-0.0459118 120
-0.0399921 113
-0.0343177 119
-0.028655 125
-0.0224072 130
-0.0167564 165
-0.0111505 155
-0.00525417 140
0.000368066 156
0.00644973 192
0.0120033 194
0.0177753 188
0.0235539 203
0.0296308 190
0.0353955 212
0.0413128 203
0.0468398 192
0.0525858 187
0.0583115 188
0.0642088 187
0.0699894 172
0.076015 154
0.0814698 147
0.0872535 105
0.0930285 100
0.09856 77
0.104217 47
0.110056 33
0.116043 27
0.122365 12
0.127321 11
0.13301 6
0.140291 5
0.144398 3
0.152186 3
0.156975 2
0.163186 2
0.166905 1
0 0
0.179411 1
0.187526 1
0.190914 2
0 0
0.205738 1
0 0
0.212952 1
0.21944 1
0 0
0 0
0 0
0 0
0.249621 4
0.254151 1
0.26383 1
0 0
0.273852 2
0 0
0.284778 3
0.287395 1
0.293644 1
0.303182 2
0.309659 1
0 0
0.318027 1
0.323203 1
0 0
0 0
0.342641 1
0 0
0.354406 1
0.359928 1
0.367707 1
0.3738 1
0 0
0 0
0 0
0 0
0.399222 2
0 0
0.412316 1
0.417824 1
0 0
0 0
0 0
0.439916 1
0.446514 1
0 0
0 0
0 0
0.470607 1
0 0
0 0
0 0
0 0
0 0
0 0
0 0
0 0
0 0
0 0
0 0
0 0
0 0
0.547703 1
