-0.243996 1
0 0
0 0
0 0
0 0
0 0
0 0
-0.218894 1
0 0
-0.211452 2
-0.209449 1
-0.204504 2
0 0
-0.197154 3
-0.195098 2
-0.189913 1
-0.18747 2
-0.184206 5
-0.180811 5
-0.177752 3
-0.173792 3
-0.170807 5
-0.167125 3
-0.163386 5
-0.160956 4
-0.157315 7
-0.15404 11
-0.150427 8
-0.147013 11
-0.14352 9
-0.14068 9
-0.136541 12
-0.133367 14
-0.129977 6
-0.127405 5
-0.123268 15
-0.119741 17
-0.116746 9
-0.113034 15
-0.109892 12
-0.10636 23
-0.102857 19
-0.0995615 19
-0.0960305 22
-0.0923865 23
-0.0892738 23
-0.0861121 18
-0.0827832 22
-0.079038 21
-0.0756699 22
-0.0720121 26
-0.0688807 13
-0.0654907 27
-0.0619184 24
-0.0589778 28
-0.0552581 19
-0.0517178 36
-0.0482233 33
-0.0450398 28
-0.0417433 30
-0.0380433 27
-0.0347555 28
-0.0314332 31
-0.0280334 33
-0.0247921 23
-0.0211655 21
-0.0179655 25
-0.0144041 21
-0.0112496 35
-0.00779551 24
-0.00426427 20
-0.000964182 28
0.00258339 23
0.00599131 21
0.00942805 25
0.0126056 30
0.016002 19
0.0192993 24
0.0227978 31
0.0262235 30
0.0299173 32
0.0332487 26
0.036383 27
0.0399972 35
0.0434055 22
0.0467658 26
0.0506356 15
0.0535302 23
0.0569415 23
0.0603049 40
0.0636456 17
0.0671238 19
0.0707521 21
0.0741196 34
0.0771032 23
0.0805112 13
0.0842058 30
0.0875717 20
0.0912141 17
0.0942643 22
0.0979839 18
0.100693 10
0.104577 16
0.107943 16
0.111875 8
0.115079 17
0.118612 15
0.121305 13
0.12479 15
0.128368 16
0.132089 13
0.135275 12
0.138645 8
0.142066 9
0.14557 12
0.148579 8
0.152193 7
0.155125 5
0.158898 8
0.161889 6
0.166102 9
0.169301 8
0.172031 10
0.176482 7
0.179724 12
0.183432 5
0.186661 4
0.19007 8
0.19263 8
0.196452 5
0.199321 2
0.202908 3
0.206585 4
0.21023 5
0.21354 6
0.216578 2
0.219382 3
0.224512 1
0.225643 1
0.230325 5
0.235037 2
0 0
0.239295 1
0.243877 3
0.248431 1
0.250519 3
0.255169 2
0.257631 4
0.26022 2
0.263941 2
0.269338 2
0.271023 2
0 0
0 0
0.281377 4
0.284218 1
0.288387 1
0 0
0.293775 1
0 0
0.300828 1
0.304059 1
0.308359 1
0.312717 1
0 0
0.317928 1
0.323246 2
0.326065 2
0 0
0 0
0 0
0.339016 2
0.343331 1
0.347082 2
0 0
0.35139 1
0 0
0 0
0 0
0 0
0 0
0.373644 2
0.377575 1
0.379352 1
0 0
0 0
0 0
0 0
0 0
0 0
0 0
0 0
0 0
0 0
0 0
0.421921 1
0 0
0 0
0 0
0 0
0.436263 1
