-0.282853 1
0 0
-0.275725 1
-0.272791 1
0 0
0 0
-0.261093 1
-0.258356 1
0 0
0 0
-0.249378 1
0 0
0 0
0 0
0 0
-0.233733 1
0 0
0 0
0 0
0 0
-0.216437 1
-0.2142 1
-0.209542 3
-0.206431 1
-0.201875 2
-0.199312 2
-0.196594 3
-0.192367 1
0 0
0 0
-0.182043 1
-0.180763 1
-0.177811 2
-0.173065 3
-0.169926 5
-0.167595 1
-0.165027 2
-0.160397 2
0 0
-0.153216 4
0 0
0 0
-0.144207 3
-0.14058 2
-0.137511 3
-0.133946 6
-0.131494 3
-0.128204 6
-0.124173 9
-0.120175 6
-0.116908 1
-0.114473 6
-0.111525 5
-0.107991 3
-0.105816 3
-0.101204 7
-0.0983097 10
-0.0946566 6
-0.0916919 5
-0.0881788 14
-0.084693 13
-0.0814349 17
-0.0781384 13
-0.075251 22
-0.0719354 15
-0.0686003 35
-0.0654792 26
-0.0619131 18
-0.0589508 20
-0.0557874 20
-0.0526131 16
-0.0489982 15
-0.0458283 12
-0.0430043 22
-0.0393153 19
-0.0362158 21
-0.0327507 26
-0.0294184 23
-0.0260222 30
-0.0228318 28
-0.0196657 29
-0.0162293 19
-0.0128588 36
-0.0100525 38
-0.00639359 39
-0.00336689 47
7.29228e-05 259
0.00291764 63
0.00657914 41
0.0098237 28
0.0130285 33
0.0166432 18
0.0193395 39
0.0228227 27
0.0261555 22
0.0292922 30
0.0326419 28
0.0358846 31
0.0386208 27
0.0419544 25
0.0458924 23
0.0488192 18
0.0521423 21
0.0555205 20
0.0580491 14
0.0623047 15
0.0656674 20
0.0687218 21
0.0714695 23
0.0750519 17
0.0784246 22
0.0817304 17
0.0851298 15
0.0882138 15
0.0914449 18
0.0941448 16
0.0983391 19
0.101612 17
0.104279 9
0.108521 7
0.111216 15
0.114847 9
0.117826 10
0.120848 12
0.124225 10
0.127114 8
0.130483 7
0.134237 11
0.137576 6
0.140449 12
0.143919 6
0.146865 15
0.150287 11
0.153285 9
0.156966 5
0.159492 9
0.16387 7
0.166584 5
0.169609 8
0.173458 5
0.176008 5
0.180116 7
0.182821 4
0.185471 2
0.18932 4
0.192705 4
0.19598 9
0.199172 3
0.201695 2
0.205389 9
0.208158 2
0.212086 4
0.215935 4
0.218498 4
0.223218 2
0.224278 2
0.22859 5
0.232637 2
0.235971 4
0.238737 6
0.240868 2
0 0
0 0
0 0
0.255496 4
0.256823 2
0.262359 2
0.264017 1
0.268367 3
0.270238 2
0.27531 1
0 0
0 0
0.283895 1
0.289163 1
0.291539 1
0 0
0 0
0.301031 2
0 0
0.307498 2
0.310672 2
0.3145 4
0.315421 1
0.319093 2
0 0
0 0
0.328741 1
0 0
0 0
0.339099 1
0.343942 1
0 0
0 0
0 0
0 0
0 0
0 0
0.366058 2
0 0
0.370953 1
