-0.435456 1
0 0
0 0
0 0
0 0
0 0
0 0
0 0
-0.390861 2
0 0
0 0
0 0
0 0
0 0
-0.363459 1
0 0
0 0
0 0
0 0
0 0
0 0
0 0
0 0
-0.315609 1
0 0
0 0
0 0
-0.297938 1
0 0
0 0
0 0
0 0
0 0
0 0
0 0
0 0
0 0
0 0
-0.240521 1
0 0
0 0
0 0
0 0
0 0
-0.209447 1
-0.206589 2
0 0
0 0
-0.191819 1
0 0
0 0
0 0
-0.173097 1
0 0
0 0
0 0
0 0
0 0
0 0
-0.135137 1
-0.131034 1
-0.125397 1
-0.120885 1
-0.116494 1
0 0
-0.106343 1
-0.102328 1
0 0
-0.0891987 1
-0.0845103 1
0 0
-0.0750109 1
0 0
0 0
-0.0583172 2
-0.0556243 1
-0.0515397 1
-0.0449798 1
0 0
0 0
0 0
0 0
0 0
0 0
-0.00817759 1
0 0
0.000567221 2
0.00775847 1
0.00996681 2
0 0
0 0
0 0
0 0
0.0339215 1
0.0394837 2
0.0435368 1
0 0
0.0580343 1
0 0
0.0658428 1
0.0697917 1
0 0
0 0
0.0878425 1
0 0
0 0
0.102754 1
0.105583 1
0 0
0 0
0.123703 1
0 0
0 0
0.137194 1
0 0
0 0
0 0
0 0
0 0
0.166154 1
0 0
0.176767 1
0.181456 2
0.184626 1
0.19415 1
0 0
0.199873 1
0.209267 1
0.213858 1
0 0
0.220874 1
0.229643 1
0 0
0 0
0 0
0 0
0.254227 1
0 0
0 0
0 0
0.272101 1
0 0
0 0
0.289471 2
0 0
0 0
0 0
0 0
0 0
0 0
0.323686 2
0 0
0 0
0 0
0 0
0 0
0 0
0 0
0 0
0 0
0.375638 1
0 0
0.38347 2
0 0
0 0
0 0
0 0
0 0
0 0
0 0
0 0
0 0
0 0
0 0
0 0
0 0
0 0
0 0
0 0
0 0
0 0
0 0
0 0
0 0
0 0
0 0
0 0
0 0
0 0
0 0
0 0
0 0
0 0
0 0
0 0
0 0
0 0
0 0
0 0
0.572663 1
0 0
