0.000000 0.000000 0.000000 0.000000 0.000000 
-10.000005 -0.006379 42.000000 24.000000 0.111768 
-27.666658 -0.014723 88.000000 57.000000 0.200636 
-35.000015 -0.008691 129.000000 78.000000 0.271038 
-52.000069 -0.014129 171.000000 109.000000 0.314791 
-63.666790 -0.014506 214.000000 135.000000 0.355143 
-68.000023 -0.006930 255.000000 153.000000 0.399002 
-88.333260 -0.015359 293.000000 186.000000 0.402389 
-119.333191 -0.026789 320.000000 226.000000 0.373385 
-132.666580 -0.018087 352.000000 250.000000 0.387452 
-147.000137 -0.014265 396.000000 279.000000 0.410856 
-167.000320 -0.018316 432.000000 311.000000 0.409359 
-182.667175 -0.017058 469.000000 339.000000 0.415928 
-199.000702 -0.016414 507.000000 368.000000 0.421746 
-207.000977 -0.010488 561.000000 394.000000 0.456505 
-224.667786 -0.015321 589.000000 421.000000 0.442364 
-245.334610 -0.018910 620.000000 452.000000 0.427176 
-254.001495 -0.013395 663.000000 475.000000 0.448295 
-256.334778 -0.006254 713.000000 494.000000 0.483799 
-267.667694 -0.010193 754.000000 519.000000 0.485427 
-280.667297 -0.013745 793.000000 545.000000 0.481695 
-301.666962 -0.018559 826.000000 577.000000 0.458764 
-314.666626 -0.014283 859.000000 601.000000 0.458072 
-342.999664 -0.024133 888.000000 639.000000 0.421900 
-366.999207 -0.025130 933.000000 678.000000 0.415961 
-380.998810 -0.017868 972.000000 705.000000 0.426982 
-411.331818 -0.025465 1004.000000 746.000000 0.398514 
-432.998108 -0.022368 1041.000000 780.000000 0.398218 
-456.664459 -0.022666 1072.000000 814.000000 0.388923 
-471.330627 -0.017773 1121.000000 845.000000 0.413968 
-495.330231 -0.020232 1160.000000 882.000000 0.408365 
-502.996552 -0.011823 1194.000000 901.000000 0.428251 
-510.996307 -0.008260 1236.000000 923.000000 0.451666 
-523.996460 -0.013489 1275.000000 949.000000 0.454197 
-543.663757 -0.018203 1306.000000 979.000000 0.438592 
-550.998047 -0.011265 1353.000000 1002.000000 0.463888 
-570.332031 -0.016559 1385.000000 1032.000000 0.447880 
-583.332825 -0.015123 1424.000000 1058.000000 0.452572 
-605.333557 -0.018061 1460.000000 1092.000000 0.437247 
-626.000916 -0.019026 1494.000000 1124.000000 0.426536 
-641.668396 -0.016612 1534.000000 1153.000000 0.432659 
-659.669312 -0.019060 1579.000000 1186.000000 0.435032 
-674.336731 -0.016330 1616.000000 1213.000000 0.438013 
-690.004333 -0.016827 1662.000000 1244.000000 0.445845 
-705.671814 -0.016053 1702.000000 1273.000000 0.446879 
-720.672546 -0.015207 1738.000000 1300.000000 0.446232 
-743.673218 -0.018773 1771.000000 1334.000000 0.428458 
-759.340637 -0.015041 1808.000000 1362.000000 0.433181 
-779.674744 -0.018182 1846.000000 1395.000000 0.428164 
-788.008789 -0.011468 1881.000000 1415.000000 0.444166 
-801.676147 -0.013823 1915.000000 1440.000000 0.444379 
-820.010132 -0.015736 1947.000000 1469.000000 0.435194 
-830.677612 -0.013421 1987.000000 1493.000000 0.448335 
-844.678406 -0.013353 2026.000000 1520.000000 0.452387 
-863.012329 -0.016497 2055.000000 1548.000000 0.439078 
-878.346436 -0.017333 2093.000000 1576.000000 0.440106 
-894.680542 -0.016009 2131.000000 1605.000000 0.440495 
-921.681152 -0.022003 2161.000000 1642.000000 0.414562 
-952.015137 -0.025895 2193.000000 1683.000000 0.391201 
-958.682617 -0.014477 2233.000000 1703.000000 0.421020 
-973.683289 -0.013814 2266.000000 1729.000000 0.423876 
-986.017578 -0.012918 2313.000000 1757.000000 0.442652 
-1008.018372 -0.017192 2352.000000 1792.000000 0.433449 
-1024.352051 -0.015511 2390.000000 1821.000000 0.436238 
-1040.016968 -0.015486 2439.000000 1853.000000 0.446900 
-1058.682251 -0.017651 2473.000000 1883.000000 0.437306 
-1080.014160 -0.019973 2508.000000 1916.000000 0.425170 
-1108.679443 -0.024906 2542.000000 1956.000000 0.403154 
-1128.345093 -0.022942 2567.000000 1984.000000 0.392081 
-1145.343994 -0.018376 2594.000000 2010.000000 0.390780 
-1159.009155 -0.016960 2631.000000 2036.000000 0.404028 
-1179.340698 -0.018687 2675.000000 2071.000000 0.411270 
-1190.005493 -0.013376 2721.000000 2097.000000 0.435726 
-1201.003906 -0.012209 2760.000000 2121.000000 0.447228 
-1223.002441 -0.018757 2796.000000 2155.000000 0.432925 
-1238.667480 -0.016664 2836.000000 2184.000000 0.437564 
-1264.999878 -0.022114 2859.000000 2218.000000 0.406130 
-1275.664917 -0.015146 2899.000000 2242.000000 0.425455 
-1290.663330 -0.013511 2938.000000 2270.000000 0.433888 
-1304.328247 -0.014271 2981.000000 2298.000000 0.443653 
-1321.660156 -0.015936 3016.000000 2327.000000 0.438942 
-1341.658936 -0.017150 3046.000000 2357.000000 0.426234 
-1354.990723 -0.014928 3084.000000 2383.000000 0.434846 
-1373.322632 -0.015304 3119.000000 2413.000000 0.431243 
-1393.988037 -0.016772 3150.000000 2444.000000 0.419817 
-1414.319702 -0.018393 3191.000000 2478.000000 0.420291 
-1427.651367 -0.014604 3232.000000 2505.000000 0.433975 
-1444.650269 -0.018644 3259.000000 2531.000000 0.422092 
-1456.315186 -0.013877 3302.000000 2557.000000 0.439973 
-1474.980347 -0.017115 3339.000000 2588.000000 0.434155 
-1500.311890 -0.023534 3383.000000 2628.000000 0.422534 
-1507.976929 -0.011751 3423.000000 2649.000000 0.446789 
-1520.975586 -0.012250 3456.000000 2673.000000 0.447976 
-1550.307617 -0.023942 3488.000000 2713.000000 0.415053 
-1567.638672 -0.020392 3544.000000 2749.000000 0.434335 
-1575.637451 -0.012898 3574.000000 2767.000000 0.444874 
-1593.969360 -0.016775 3609.000000 2797.000000 0.436618 
-1599.634033 -0.010434 3658.000000 2819.000000 0.466524 
-1616.965820 -0.014450 3696.000000 2849.000000 0.458329 
-1636.297607 -0.016948 3734.000000 2881.000000 0.449052 
-1645.629150 -0.009910 3778.000000 2905.000000 0.467888 
0.000000 0.000000 0.000000 0.000000 0.000000 
-6.333332 -0.004790 47.000000 22.000000 0.124154 
-23.333317 -0.010896 89.000000 53.000000 0.205575 
-32.333298 -0.009687 128.000000 75.000000 0.268690 
-40.333336 -0.009443 173.000000 98.000000 0.327922 
-39.666744 -0.002516 232.000000 117.000000 0.405382 
-37.000141 0.001106 282.000000 131.000000 0.460387 
-42.666862 -0.002089 325.000000 151.000000 0.482632 
-41.666924 -0.000452 373.000000 166.000000 0.516794 
-31.667006 0.007712 439.000000 178.000000 0.575442 
-29.666981 0.003809 487.000000 192.000000 0.593801 
-24.666945 0.005111 544.000000 206.000000 0.619437 
-13.666909 0.011251 610.000000 217.000000 0.658633 
-13.000249 0.004544 663.000000 234.000000 0.657137 
0.333083 0.010014 724.000000 241.000000 0.692848 
7.999753 0.008673 777.000000 251.000000 0.705945 
21.999762 0.011688 843.000000 259.000000 0.732425 
31.999794 0.011273 894.000000 266.000000 0.747265 
41.333057 0.011080 949.000000 275.000000 0.755148 
54.332981 0.012954 1009.000000 282.000000 0.771419 
64.999603 0.011950 1053.000000 286.000000 0.785275 
73.999748 0.009647 1110.000000 296.000000 0.782856 
81.333221 0.007758 1165.000000 307.000000 0.775783 
99.666718 0.014667 1229.000000 310.000000 0.804114 
118.333557 0.016997 1297.000000 314.000000 0.825526 
131.333466 0.013657 1366.000000 324.000000 0.819618 
144.333160 0.013457 1426.000000 331.000000 0.823721 
155.666214 0.012435 1481.000000 338.000000 0.824111 
170.665894 0.013373 1544.000000 344.000000 0.830638 
177.998962 0.008858 1596.000000 354.000000 0.816196 
191.665298 0.012503 1661.000000 362.000000 0.819573 
204.665024 0.012290 1715.000000 367.000000 0.827339 
212.664780 0.008653 1763.000000 375.000000 0.819180 
220.664505 0.008360 1817.000000 385.000000 0.808878 
225.664246 0.006054 1868.000000 397.000000 0.791103 
241.330643 0.011616 1921.000000 399.000000 0.814432 
254.330368 0.012308 1975.000000 404.000000 0.822953 
273.330963 0.015976 2041.000000 407.000000 0.842936 
281.664948 0.011171 2105.000000 420.000000 0.821337 
289.332184 0.009086 2161.000000 431.000000 0.807494 
290.999390 0.003711 2214.000000 447.000000 0.776337 
302.333191 0.008085 2260.000000 451.000000 0.789944 
314.000427 0.010149 2316.000000 458.000000 0.796565 
321.667664 0.007778 2372.000000 469.000000 0.787085 
334.334930 0.010449 2431.000000 476.000000 0.795695 
353.002258 0.015392 2496.000000 479.000000 0.820666 
364.336182 0.012798 2554.000000 487.000000 0.818780 
379.003479 0.015266 2616.000000 493.000000 0.828249 
391.670776 0.014316 2678.000000 501.000000 0.827377 
404.338043 0.014196 2737.000000 508.000000 0.830525 
422.005402 0.016657 2805.000000 513.000000 0.843247 
432.672791 0.012318 2876.000000 526.000000 0.823845 
447.340027 0.013561 2932.000000 530.000000 0.835766 
455.007355 0.009961 2997.000000 544.000000 0.813029 
465.341309 0.010679 3058.000000 554.000000 0.807576 
478.341827 0.012015 3109.000000 558.000000 0.819775 
487.009094 0.009487 3168.000000 569.000000 0.807400 
500.343018 0.011473 3226.000000 575.000000 0.815466 
513.343445 0.013064 3283.000000 581.000000 0.822771 
524.008850 0.012048 3345.000000 591.000000 0.816345 
534.341125 0.010601 3397.000000 598.000000 0.815677 
543.673279 0.011034 3455.000000 608.000000 0.809020 
561.005188 0.015106 3525.000000 614.000000 0.823098 
577.003906 0.015725 3588.000000 619.000000 0.834593 
589.002625 0.012942 3651.000000 628.000000 0.829078 
599.334900 0.011354 3703.000000 635.000000 0.826823 
613.000366 0.013843 3762.000000 641.000000 0.832963 
628.999146 0.015426 3822.000000 645.000000 0.845409 
644.664429 0.015887 3890.000000 652.000000 0.847637 
664.329773 0.018775 3955.000000 654.000000 0.867317 
679.995056 0.017255 4023.000000 661.000000 0.864926 
700.660217 0.019680 4097.000000 665.000000 0.877413 
718.325378 0.018732 4171.000000 672.000000 0.874112 
729.324219 0.013737 4228.000000 680.000000 0.861814 
739.989685 0.010890 4287.000000 689.000000 0.848069 
756.988281 0.015193 4356.000000 695.000000 0.853974 
773.987000 0.016316 4419.000000 699.000000 0.863509 
786.319092 0.013975 4480.000000 707.000000 0.855122 
798.651306 0.012506 4535.000000 713.000000 0.853293 
816.983215 0.017084 4605.000000 718.000000 0.862766 
831.315247 0.015024 4669.000000 725.000000 0.859040 
836.980774 0.009871 4725.000000 738.000000 0.831136 
842.646118 0.007070 4790.000000 754.000000 0.802219 
854.978149 0.009703 4854.000000 763.000000 0.803281 
866.643616 0.010829 4913.000000 771.000000 0.805482 
874.975830 0.009617 4968.000000 781.000000 0.798728 
884.308167 0.009372 5017.000000 788.000000 0.800274 
895.306946 0.011039 5077.000000 797.000000 0.801760 
906.305603 0.010272 5143.000000 808.000000 0.796675 
914.971191 0.009225 5196.000000 817.000000 0.793731 
931.303040 0.014694 5269.000000 825.000000 0.807231 
940.301819 0.011141 5329.000000 836.000000 0.798303 
950.300903 0.010541 5374.000000 841.000000 0.805459 
959.966370 0.010783 5433.000000 851.000000 0.800966 
971.298584 0.011378 5488.000000 858.000000 0.805863 
987.630554 0.014253 5555.000000 864.000000 0.819506 
1001.629333 0.013736 5615.000000 870.000000 0.827104 
1013.628113 0.011678 5675.000000 878.000000 0.824336 
1033.295410 0.016472 5746.000000 882.000000 0.843040 
1045.630859 0.012994 5798.000000 887.000000 0.845564 
1056.966675 0.012492 5859.000000 896.000000 0.837573 
1067.302612 0.010515 5923.000000 907.000000 0.823528 
1079.305054 0.011025 5983.000000 915.000000 0.822015 
1090.974365 0.011065 6048.000000 925.000000 0.816197 
1098.643555 0.009085 6110.000000 938.000000 0.799323 
1104.645508 0.006743 6158.000000 948.000000 0.788798 
1116.647705 0.011288 6212.000000 954.000000 0.799204 
1123.650024 0.008831 6269.000000 966.000000 0.787372 
1134.318726 0.010951 6319.000000 972.000000 0.795787 
1143.654419 0.010348 6377.000000 982.000000 0.792605 
1157.990723 0.014411 6450.000000 992.000000 0.799271 
1174.326538 0.016105 6511.000000 996.000000 0.818335 
1190.328979 0.017108 6571.000000 1000.000000 0.833975 
1206.664917 0.017024 6635.000000 1005.000000 0.844079 
1218.667603 0.015145 6701.000000 1015.000000 0.835038 
1231.336548 0.014703 6757.000000 1021.000000 0.838644 
1244.338989 0.014201 6817.000000 1028.000000 0.838961 
1256.674683 0.013057 6875.000000 1035.000000 0.837816 
1265.343750 0.011525 6934.000000 1046.000000 0.823815 
1282.346558 0.013906 7003.000000 1052.000000 0.833175 
1292.348755 0.011704 7057.000000 1060.000000 0.827810 
1305.350952 0.012351 7111.000000 1065.000000 0.834229 
1317.353149 0.011851 7165.000000 1071.000000 0.836047 
1329.354980 0.012220 7210.000000 1074.000000 0.844793 
1340.690674 0.011653 7268.000000 1082.000000 0.838658 
1360.693848 0.017420 7346.000000 1088.000000 0.850354 
1375.696167 0.015763 7403.000000 1092.000000 0.857825 
1389.365112 0.014462 7459.000000 1097.000000 0.860038 
1399.367554 0.011550 7519.000000 1107.000000 0.843924 
1409.703125 0.010429 7574.000000 1115.000000 0.836331 
1422.039185 0.012486 7641.000000 1125.000000 0.829468 
1434.041626 0.012093 7701.000000 1133.000000 0.826685 
1445.043945 0.010691 7758.000000 1141.000000 0.822901 
1454.713013 0.008889 7817.000000 1151.000000 0.812958 
1465.382080 0.010457 7876.000000 1160.000000 0.810168 
1474.384399 0.008529 7933.000000 1170.000000 0.801991 
1491.720703 0.013394 8006.000000 1177.000000 0.814870 
1513.057129 0.018805 8082.000000 1181.000000 0.838284 
1525.726074 0.014959 8138.000000 1187.000000 0.839805 
1537.394531 0.012058 8182.000000 1190.000000 0.847348 
1546.730469 0.010738 8246.000000 1202.000000 0.828634 
1559.732666 0.011733 8300.000000 1207.000000 0.834710 
1570.068481 0.010737 8361.000000 1217.000000 0.824358 
1584.404297 0.013792 8422.000000 1223.000000 0.831444 
1593.739624 0.009692 8471.000000 1230.000000 0.826274 
1604.075439 0.009220 8532.000000 1240.000000 0.816783 
1605.744385 0.004163 8588.000000 1257.000000 0.782372 
1622.080322 0.011777 8652.000000 1262.000000 0.803173 
1632.749023 0.011354 8702.000000 1268.000000 0.807923 
1649.418213 0.014022 8764.000000 1272.000000 0.825303 
1663.753906 0.014213 8822.000000 1277.000000 0.834310 
1682.089722 0.017112 8883.000000 1279.000000 0.854848 
1695.092407 0.012997 8949.000000 1288.000000 0.844484 
1715.762573 0.015957 9035.000000 1296.000000 0.847772 
1726.764526 0.012998 9083.000000 1301.000000 0.848510 
1739.433716 0.012715 9145.000000 1309.000000 0.842743 
1752.769531 0.013548 9206.000000 1316.000000 0.842642 
1770.105469 0.016258 9270.000000 1320.000000 0.854417 
1778.440674 0.011735 9316.000000 1327.000000 0.845988 
1793.776367 0.013912 9374.000000 1331.000000 0.855358 
1810.112671 0.015606 9447.000000 1339.000000 0.853882 
1812.447632 0.007552 9487.000000 1350.000000 0.826819 
1827.449951 0.012050 9544.000000 1354.000000 0.838651 
1836.785645 0.009398 9602.000000 1364.000000 0.825138 
1852.121460 0.012584 9663.000000 1369.000000 0.835204 
1862.456787 0.011567 9712.000000 1375.000000 0.835061 
1879.792725 0.016468 9776.000000 1379.000000 0.849209 
1890.128174 0.013086 9828.000000 1386.000000 0.844178 
1899.797119 0.010923 9884.000000 1395.000000 0.833674 
1903.798950 0.006786 9929.000000 1406.000000 0.812554 
1917.801514 0.012443 9992.000000 1413.000000 0.818904 
1933.804199 0.014514 10058.000000 1419.000000 0.828715 
1946.806641 0.013080 10118.000000 1426.000000 0.829921 
1958.809082 0.013161 10178.000000 1434.000000 0.828285 
1962.477661 0.006745 10225.000000 1446.000000 0.804753 
1972.813477 0.008091 10286.000000 1456.000000 0.799377 
1985.149170 0.010578 10344.000000 1463.000000 0.805443 
1994.818115 0.010664 10400.000000 1472.000000 0.802915 
2009.820435 0.013088 10457.000000 1476.000000 0.818659 
2023.489380 0.013124 10513.000000 1481.000000 0.827160 
2032.158203 0.011468 10566.000000 1490.000000 0.819405 
2050.826172 0.016018 10625.000000 1491.000000 0.845051 
2061.155273 0.012256 10677.000000 1498.000000 0.840296 
2081.482910 0.017105 10747.000000 1501.000000 0.859016 
2096.145264 0.015904 10800.000000 1504.000000 0.867840 
2106.473633 0.012687 10861.000000 1514.000000 0.850993 
2121.468506 0.015012 10924.000000 1520.000000 0.854280 
2138.129883 0.017259 10989.000000 1525.000000 0.861234 
2155.124512 0.017573 11055.000000 1530.000000 0.866622 
2163.787598 0.011343 11099.000000 1536.000000 0.858607 
2177.782227 0.013467 11165.000000 1544.000000 0.852865 
2197.110107 0.017355 11232.000000 1547.000000 0.867972 
2210.772217 0.014372 11288.000000 1552.000000 0.867961 
2221.434326 0.011668 11344.000000 1560.000000 0.856559 
2230.430176 0.008798 11395.000000 1568.000000 0.844093 
2245.426514 0.012565 11440.000000 1568.000000 0.863809 
2256.422363 0.012219 11491.000000 1574.000000 0.859344 
2272.084473 0.014181 11547.000000 1577.000000 0.868929 
2280.746826 0.010769 11600.000000 1586.000000 0.852981 
