0.000000 0.000000 0.000000 0.000000 0.000000 
-6.666666 -0.004712 40.000000 20.000000 0.107415 
-7.666673 -0.001347 82.000000 35.000000 0.203086 
-38.333336 -0.021503 113.000000 76.000000 0.230018 
-58.666714 -0.019249 148.000000 108.000000 0.269834 
-69.666695 -0.014505 190.000000 133.000000 0.321073 
-76.666588 -0.008095 232.000000 154.000000 0.369073 
-90.999847 -0.012649 261.000000 178.000000 0.378300 
-108.333099 -0.016607 293.000000 206.000000 0.383287 
-119.333000 -0.013230 332.000000 230.000000 0.406652 
-140.999771 -0.018958 363.000000 262.000000 0.398141 
-158.333328 -0.018320 407.000000 294.000000 0.411115 
-172.000198 -0.013238 447.000000 321.000000 0.425850 
-173.000427 -0.004196 492.000000 337.000000 0.465982 
-186.334030 -0.011631 545.000000 368.000000 0.475272 
-200.667542 -0.014081 580.000000 394.000000 0.468317 
-225.667694 -0.021896 610.000000 429.000000 0.437542 
-248.334564 -0.021921 650.000000 465.000000 0.428020 
-257.667755 -0.012978 697.000000 490.000000 0.452965 
-276.334045 -0.016622 734.000000 521.000000 0.445115 
-299.000366 -0.018363 768.000000 555.000000 0.430152 
-316.999969 -0.017635 807.000000 586.000000 0.430939 
-329.332916 -0.016320 845.000000 611.000000 0.438608 
-346.665833 -0.015711 886.000000 642.000000 0.441137 
-361.998810 -0.016490 921.000000 669.000000 0.440062 
-384.665070 -0.021056 961.000000 705.000000 0.429283 
-402.998016 -0.019747 999.000000 736.000000 0.427573 
-421.664337 -0.017109 1033.000000 766.000000 0.424208 
-439.997284 -0.018631 1071.000000 797.000000 0.423768 
-456.663666 -0.017691 1099.000000 823.000000 0.417917 
-470.330017 -0.014650 1130.000000 847.000000 0.422242 
-488.329590 -0.017460 1172.000000 879.000000 0.425396 
-510.662598 -0.020879 1204.000000 912.000000 0.412685 
-521.330078 -0.013887 1247.000000 937.000000 0.435003 
-530.664185 -0.013293 1285.000000 959.000000 0.447858 
-548.665039 -0.016854 1327.000000 991.000000 0.445363 
-564.665649 -0.015196 1357.000000 1017.000000 0.438634 
-588.999756 -0.019807 1395.000000 1054.000000 0.424288 
-604.333740 -0.016976 1427.000000 1080.000000 0.424456 
-615.668030 -0.014351 1474.000000 1107.000000 0.444008 
-629.335510 -0.013240 1514.000000 1134.000000 0.450476 
-649.002808 -0.017224 1545.000000 1164.000000 0.435964 
-668.670227 -0.016987 1582.000000 1196.000000 0.431528 
-684.337952 -0.017005 1634.000000 1229.000000 0.444884 
-696.338928 -0.015184 1682.000000 1257.000000 0.458098 
-717.006287 -0.018555 1716.000000 1289.000000 0.442408 
-735.673645 -0.019732 1750.000000 1319.000000 0.433238 
-748.341125 -0.014641 1790.000000 1345.000000 0.444741 
-760.341980 -0.015125 1832.000000 1371.000000 0.453526 
-776.676147 -0.016948 1873.000000 1401.000000 0.452082 
-796.343384 -0.019612 1901.000000 1430.000000 0.433410 
-810.010803 -0.015626 1938.000000 1456.000000 0.439559 
-826.678101 -0.016555 1969.000000 1483.000000 0.433116 
-845.012207 -0.017931 2007.000000 1514.000000 0.430548 
-863.012939 -0.019337 2043.000000 1544.000000 0.426565 
-885.680359 -0.021556 2080.000000 1579.000000 0.416552 
-906.681030 -0.022728 2113.000000 1611.000000 0.407532 
-924.681763 -0.018715 2149.000000 1641.000000 0.411343 
-944.016052 -0.020901 2196.000000 1676.000000 0.418205 
-969.016846 -0.024110 2235.000000 1714.000000 0.407393 
-996.684204 -0.026051 2269.000000 1753.000000 0.389672 
-1001.685181 -0.012582 2317.000000 1774.000000 0.431230 
-1008.019226 -0.008671 2352.000000 1792.000000 0.450515 
-1025.686523 -0.014177 2392.000000 1823.000000 0.447237 
-1036.018066 -0.012298 2436.000000 1848.000000 0.461844 
-1064.016968 -0.024135 2463.000000 1885.000000 0.424188 
-1079.681763 -0.017999 2509.000000 1916.000000 0.437668 
-1098.013794 -0.018626 2541.000000 1945.000000 0.428809 
-1114.345459 -0.017868 2582.000000 1975.000000 0.432648 
-1125.343750 -0.014943 2624.000000 2000.000000 0.446976 
-1140.674927 -0.017113 2677.000000 2033.000000 0.456787 
-1150.006714 -0.011914 2715.000000 2055.000000 0.467281 
-1168.338989 -0.015575 2741.000000 2082.000000 0.447762 
-1193.004150 -0.021271 2778.000000 2119.000000 0.430176 
-1199.002319 -0.011369 2823.000000 2140.000000 0.458824 
-1212.333984 -0.013308 2864.000000 2167.000000 0.462172 
-1228.999146 -0.015136 2901.000000 2196.000000 0.456037 
-1240.664185 -0.013427 2941.000000 2221.000000 0.463240 
-1253.329102 -0.012684 2984.000000 2248.000000 0.469598 
-1264.994263 -0.011609 3021.000000 2272.000000 0.472406 
-1287.659790 -0.016761 3049.000000 2304.000000 0.445451 
-1301.324951 -0.014494 3086.000000 2330.000000 0.448839 
-1337.989990 -0.028641 3126.000000 2380.000000 0.409754 
-1357.655640 -0.022734 3151.000000 2408.000000 0.398494 
-1376.654175 -0.019014 3187.000000 2439.000000 0.402296 
-1396.319458 -0.018819 3221.000000 2470.000000 0.401487 
-1413.984497 -0.018634 3261.000000 2501.000000 0.409583 
-1435.649780 -0.021881 3295.000000 2534.000000 0.402119 
-1446.647705 -0.014307 3346.000000 2562.000000 0.433025 
-1459.979126 -0.013779 3393.000000 2591.000000 0.447356 
-1470.644165 -0.011663 3433.000000 2615.000000 0.458267 
-1503.976196 -0.025038 3465.000000 2659.000000 0.417168 
-1524.308228 -0.022712 3497.000000 2690.000000 0.409188 
-1532.640381 -0.013210 3526.000000 2708.000000 0.422902 
-1547.638794 -0.013420 3565.000000 2736.000000 0.430522 
-1563.303955 -0.014922 3602.000000 2764.000000 0.433107 
-1582.635864 -0.016611 3637.000000 2795.000000 0.427434 
-1593.634277 -0.014240 3676.000000 2819.000000 0.440566 
-1620.299561 -0.020267 3710.000000 2857.000000 0.418791 
-1639.964966 -0.018964 3741.000000 2887.000000 0.412198 
-1640.963013 -0.007041 3789.000000 2904.000000 0.457183 
0.000000 0.000000 0.000000 0.000000 0.000000 
-4.666666 -0.004401 43.000000 19.000000 0.114319 
0.333334 0.000677 106.000000 35.000000 0.252161 
-9.666665 -0.006647 154.000000 61.000000 0.317196 
-0.999997 0.003161 213.000000 72.000000 0.409516 
-8.333327 -0.003345 254.000000 93.000000 0.436187 
1.333342 0.004141 307.000000 101.000000 0.501311 
5.333344 0.003877 355.000000 113.000000 0.538906 
9.333344 0.004452 403.000000 125.000000 0.570370 
7.000009 0.000416 450.000000 143.000000 0.578913 
14.999996 0.005950 516.000000 157.000000 0.617665 
12.999982 0.000926 567.000000 176.000000 0.617480 
18.999985 0.004285 615.000000 186.000000 0.639619 
32.666691 0.009846 683.000000 195.000000 0.678567 
31.000021 0.002829 729.000000 212.000000 0.666873 
46.666615 0.010403 794.000000 218.000000 0.706763 
47.999886 0.004951 843.000000 233.000000 0.697861 
58.333141 0.008271 904.000000 243.000000 0.715768 
59.333080 0.002987 952.000000 258.000000 0.703710 
66.333160 0.004526 1012.000000 271.000000 0.709291 
80.666664 0.009280 1079.000000 279.000000 0.734203 
87.666817 0.007607 1139.000000 292.000000 0.734193 
95.333633 0.007942 1198.000000 304.000000 0.737058 
91.667122 -0.000139 1259.000000 328.000000 0.701349 
95.667252 0.002505 1310.000000 341.000000 0.701370 
95.667389 0.001654 1364.000000 359.000000 0.689186 
106.334213 0.006364 1426.000000 369.000000 0.708876 
111.334335 0.005674 1474.000000 380.000000 0.711780 
116.334465 0.006842 1525.000000 392.000000 0.714299 
117.667923 0.004391 1574.000000 407.000000 0.704905 
117.001389 0.000524 1626.000000 425.000000 0.688774 
124.001534 0.004188 1683.000000 437.000000 0.699065 
130.334900 0.006026 1735.000000 448.000000 0.707404 
141.667938 0.010664 1793.000000 456.000000 0.728862 
143.334381 0.006253 1837.000000 469.000000 0.719268 
154.334061 0.008810 1900.000000 479.000000 0.734243 
161.667099 0.007743 1958.000000 491.000000 0.735852 
162.000137 0.003247 2016.000000 510.000000 0.714865 
168.333221 0.005024 2065.000000 520.000000 0.720079 
176.999619 0.005891 2118.000000 529.000000 0.729666 
184.666016 0.006849 2171.000000 539.000000 0.735135 
191.665741 0.006757 2225.000000 550.000000 0.737012 
197.998779 0.005834 2283.000000 563.000000 0.734315 
210.998459 0.009758 2346.000000 571.000000 0.752327 
221.998154 0.011421 2406.000000 580.000000 0.762739 
235.664551 0.013530 2459.000000 584.000000 0.784038 
246.997559 0.011171 2523.000000 594.000000 0.784837 
262.331024 0.013392 2581.000000 598.000000 0.804021 
279.331696 0.016805 2647.000000 603.000000 0.821213 
293.332397 0.015452 2716.000000 612.000000 0.821813 
306.666351 0.013498 2777.000000 619.000000 0.824234 
320.667053 0.013693 2846.000000 628.000000 0.823745 
335.334351 0.014365 2908.000000 634.000000 0.831032 
343.334869 0.010149 2959.000000 643.000000 0.820495 
350.668610 0.008294 2999.000000 649.000000 0.817654 
360.002411 0.008777 3045.000000 655.000000 0.817602 
376.336426 0.013261 3112.000000 661.000000 0.828068 
392.003784 0.014715 3180.000000 668.000000 0.833232 
405.004395 0.014073 3240.000000 675.000000 0.834379 
418.671600 0.014468 3293.000000 679.000000 0.843673 
435.005493 0.015268 3348.000000 681.000000 0.859155 
450.339539 0.014690 3418.000000 689.000000 0.854503 
462.340149 0.012231 3478.000000 697.000000 0.846079 
475.673981 0.012492 3527.000000 700.000000 0.854570 
486.341187 0.012146 3580.000000 707.000000 0.849270 
497.341858 0.010233 3646.000000 718.000000 0.832930 
501.675659 0.006445 3692.000000 729.000000 0.811947 
510.676178 0.008267 3743.000000 737.000000 0.808719 
525.341797 0.012958 3802.000000 742.000000 0.821316 
535.340637 0.012660 3859.000000 751.000000 0.817294 
549.339417 0.013262 3919.000000 757.000000 0.824562 
564.671692 0.015054 3971.000000 759.000000 0.842139 
586.003540 0.019728 4044.000000 762.000000 0.861607 
605.335510 0.019256 4111.000000 765.000000 0.874485 
619.334290 0.016485 4171.000000 771.000000 0.871249 
633.666443 0.015188 4229.000000 776.000000 0.871715 
650.998596 0.016888 4287.000000 778.000000 0.884108 
672.997131 0.019943 4359.000000 780.000000 0.898764 
688.662354 0.016598 4430.000000 788.000000 0.885254 
700.328003 0.014373 4480.000000 793.000000 0.881648 
712.660278 0.013205 4532.000000 798.000000 0.878766 
731.658997 0.017236 4595.000000 800.000000 0.891810 
741.991455 0.012276 4638.000000 804.000000 0.887485 
759.323486 0.016004 4702.000000 808.000000 0.891304 
772.322144 0.014376 4768.000000 817.000000 0.875259 
784.320984 0.012596 4825.000000 824.000000 0.866591 
791.986389 0.009755 4887.000000 837.000000 0.838835 
807.985229 0.015127 4944.000000 840.000000 0.853140 
824.317261 0.016767 5008.000000 845.000000 0.859688 
840.315857 0.015980 5077.000000 852.000000 0.858777 
858.314514 0.017121 5143.000000 856.000000 0.868354 
864.646667 0.010664 5201.000000 869.000000 0.838535 
875.312256 0.009821 5254.000000 876.000000 0.834415 
885.311157 0.010091 5308.000000 884.000000 0.828347 
893.643372 0.008403 5363.000000 894.000000 0.815880 
912.975281 0.016025 5433.000000 898.000000 0.836988 
928.307373 0.016009 5494.000000 903.000000 0.845822 
940.972839 0.014694 5553.000000 910.000000 0.844488 
948.638489 0.009695 5603.000000 919.000000 0.830542 
964.303894 0.012723 5665.000000 924.000000 0.839651 
981.636047 0.016360 5723.000000 926.000000 0.857937 
996.968140 0.016124 5784.000000 931.000000 0.862367 
1002.967041 0.010249 5838.000000 943.000000 0.836210 
1016.965820 0.012657 5898.000000 949.000000 0.839975 
1030.633057 0.013003 5954.000000 954.000000 0.845314 
1043.968750 0.011352 6012.000000 960.000000 0.844931 
1060.304565 0.014671 6073.000000 964.000000 0.855385 
1071.306885 0.012893 6130.000000 972.000000 0.847303 
1087.642822 0.014971 6194.000000 977.000000 0.853844 
1100.311768 0.012758 6250.000000 983.000000 0.852058 
1121.981201 0.018123 6318.000000 984.000000 0.875618 
1134.983521 0.014905 6375.000000 990.000000 0.871111 
1150.319702 0.013419 6445.000000 998.000000 0.862108 
1161.321655 0.011652 6493.000000 1003.000000 0.860232 
1180.657837 0.017109 6563.000000 1007.000000 0.871880 
1191.326904 0.013284 6622.000000 1016.000000 0.857744 
1203.329590 0.012466 6688.000000 1026.000000 0.844553 
1221.332275 0.015571 6754.000000 1030.000000 0.856542 
1241.668457 0.018616 6824.000000 1033.000000 0.872221 
1255.670776 0.015894 6881.000000 1038.000000 0.871943 
1272.006836 0.016423 6948.000000 1044.000000 0.870796 
1288.675903 0.016826 7007.000000 1047.000000 0.880130 
1308.678711 0.018392 7076.000000 1050.000000 0.889727 
1323.681152 0.015497 7136.000000 1055.000000 0.886156 
1337.017090 0.014359 7200.000000 1063.000000 0.874096 
1354.352905 0.015519 7261.000000 1066.000000 0.882215 
1371.688965 0.017510 7328.000000 1071.000000 0.884225 
1386.691162 0.015523 7382.000000 1074.000000 0.888771 
1402.693359 0.016046 7436.000000 1076.000000 0.897684 
1413.695679 0.012479 7493.000000 1084.000000 0.880203 
1422.364746 0.009533 7552.000000 1095.000000 0.855248 
1437.367065 0.012574 7609.000000 1099.000000 0.861794 
1443.369263 0.007785 7663.000000 1111.000000 0.834757 
1455.038330 0.011207 7722.000000 1119.000000 0.832080 
1468.374023 0.011483 7780.000000 1125.000000 0.835429 
1483.376465 0.013453 7840.000000 1130.000000 0.843643 
1504.379272 0.018313 7909.000000 1132.000000 0.864989 
1514.048462 0.013534 7971.000000 1143.000000 0.846085 
1528.050903 0.014461 8031.000000 1149.000000 0.848682 
1540.386475 0.013132 8086.000000 1155.000000 0.848296 
1563.722778 0.019765 8159.000000 1156.000000 0.874569 
1581.058594 0.018908 8220.000000 1159.000000 0.883712 
1596.060669 0.016780 8271.000000 1161.000000 0.892140 
1617.730347 0.019489 8345.000000 1164.000000 0.901114 
1634.066162 0.017250 8406.000000 1168.000000 0.901785 
1643.068359 0.011974 8460.000000 1177.000000 0.879208 
1656.737305 0.013562 8516.000000 1182.000000 0.878162 
1672.739990 0.013961 8582.000000 1188.000000 0.875197 
1684.075562 0.012901 8637.000000 1195.000000 0.866946 
1700.411011 0.014685 8689.000000 1196.000000 0.881894 
1716.080322 0.014795 8754.000000 1202.000000 0.878163 
1736.083252 0.018964 8826.000000 1206.000000 0.886347 
1751.086060 0.015538 8895.000000 1214.000000 0.875015 
1764.088379 0.012714 8952.000000 1220.000000 0.869460 
1781.090698 0.015273 9009.000000 1222.000000 0.881710 
1798.760132 0.016873 9077.000000 1227.000000 0.884304 
1813.095581 0.015319 9129.000000 1230.000000 0.888900 
1823.764526 0.012278 9185.000000 1238.000000 0.873397 
1840.766968 0.015770 9245.000000 1241.000000 0.882442 
1852.102539 0.012969 9300.000000 1248.000000 0.872109 
1864.104980 0.012112 9360.000000 1256.000000 0.861708 
1879.107544 0.014278 9423.000000 1262.000000 0.862914 
1894.443115 0.015537 9478.000000 1265.000000 0.872386 
1905.778809 0.012631 9536.000000 1273.000000 0.860545 
1923.448364 0.015618 9607.000000 1279.000000 0.863693 
1938.117432 0.014701 9666.000000 1284.000000 0.865300 
1946.452759 0.010472 9715.000000 1292.000000 0.851724 
1966.788818 0.016121 9782.000000 1294.000000 0.870650 
1987.125000 0.018848 9852.000000 1297.000000 0.883378 
2004.460938 0.018350 9916.000000 1301.000000 0.887997 
2016.796509 0.014532 9971.000000 1307.000000 0.881286 
2031.799072 0.015721 10034.000000 1313.000000 0.878471 
2049.134521 0.016249 10095.000000 1316.000000 0.886191 
2063.130127 0.014761 10149.000000 1320.000000 0.886825 
2074.459717 0.013153 10195.000000 1324.000000 0.885473 
2085.788086 0.012404 10256.000000 1333.000000 0.868541 
2104.116211 0.015751 10320.000000 1336.000000 0.879605 
2122.443604 0.017461 10393.000000 1342.000000 0.879827 
2136.105957 0.014909 10446.000000 1346.000000 0.881125 
2149.101318 0.013864 10503.000000 1352.000000 0.875989 
2167.763184 0.016896 10562.000000 1353.000000 0.892338 
2176.759033 0.012252 10613.000000 1361.000000 0.875202 
2192.087402 0.014749 10674.000000 1366.000000 0.876616 
2207.749756 0.014781 10727.000000 1368.000000 0.886059 
2225.410645 0.017145 10798.000000 1374.000000 0.884368 
2243.739014 0.016593 10859.000000 1376.000000 0.894995 
2254.401123 0.012825 10915.000000 1384.000000 0.878384 
2269.728760 0.014457 10985.000000 1392.000000 0.869587 
2281.723877 0.012397 11045.000000 1400.000000 0.858615 
2295.718750 0.012787 11108.000000 1407.000000 0.854355 
2312.047119 0.015045 11169.000000 1411.000000 0.863040 
2327.042725 0.014198 11223.000000 1414.000000 0.871192 
2344.371094 0.016015 11284.000000 1417.000000 0.880434 
2359.698975 0.016545 11351.000000 1424.000000 0.875122 
2381.359619 0.019502 11425.000000 1427.000000 0.888681 
2404.353516 0.022887 11500.000000 1429.000000 0.903493 
2420.015381 0.018717 11559.000000 1433.000000 0.903108 
2443.009033 0.020897 11637.000000 1436.000000 0.910584 
2452.670654 0.013407 11699.000000 1447.000000 0.880187 
