0.000000 0.000000 0.000000 0.000000 0.000000 
0.666667 0.001104 47.000000 15.000000 0.127540 
-0.666665 -0.000230 91.000000 31.000000 0.222586 
-5.666665 -0.003782 145.000000 54.000000 0.310275 
-8.999994 -0.003997 189.000000 72.000000 0.366456 
-17.333328 -0.008347 239.000000 97.000000 0.407600 
-18.999958 -0.004146 297.000000 118.000000 0.460388 
-24.666599 -0.005631 337.000000 137.000000 0.478725 
-37.999931 -0.011701 378.000000 164.000000 0.477128 
-42.333328 -0.006699 428.000000 185.000000 0.502398 
-48.000057 -0.005799 477.000000 207.000000 0.518418 
-50.000111 -0.003005 519.000000 223.000000 0.536077 
-61.666828 -0.009077 559.000000 248.000000 0.524984 
-70.333458 -0.009913 611.000000 274.000000 0.528940 
-80.666664 -0.010484 661.000000 301.000000 0.527745 
-85.666550 -0.006244 706.000000 321.000000 0.538275 
-84.666428 -0.001385 754.000000 336.000000 0.561946 
-86.332970 0.000012 803.000000 354.000000 0.576026 
-90.332870 -0.001675 842.000000 371.000000 0.577153 
-94.666061 -0.002818 898.000000 394.000000 0.582033 
-106.332626 -0.008878 938.000000 419.000000 0.560903 
-106.332489 -0.003871 992.000000 437.000000 0.578464 
-110.332375 -0.002961 1037.000000 456.000000 0.581305 
-119.332268 -0.007438 1079.000000 479.000000 0.568198 
-134.665649 -0.012033 1114.000000 506.000000 0.541074 
-145.999161 -0.010691 1149.000000 529.000000 0.528575 
-154.332703 -0.010513 1190.000000 551.000000 0.527242 
-160.999634 -0.008411 1242.000000 575.000000 0.536396 
-164.666550 -0.006002 1291.000000 595.000000 0.548495 
-158.333481 0.002058 1343.000000 606.000000 0.585152 
-161.333725 -0.001552 1391.000000 625.000000 0.588256 
-161.667297 -0.001589 1438.000000 641.000000 0.597510 
-162.667557 -0.001745 1489.000000 659.000000 0.603799 
-163.334473 -0.001299 1538.000000 676.000000 0.609762 
-174.668045 -0.007228 1585.000000 703.000000 0.586060 
-182.001617 -0.005819 1632.000000 726.000000 0.579606 
-192.335190 -0.007518 1679.000000 752.000000 0.566976 
-187.002121 -0.000576 1731.000000 764.000000 0.595967 
-198.002274 -0.005727 1761.000000 785.000000 0.573240 
-205.335861 -0.005282 1811.000000 809.000000 0.570627 
-209.669479 -0.005439 1867.000000 832.000000 0.575367 
-213.669693 -0.004574 1909.000000 850.000000 0.576987 
-221.669952 -0.006083 1960.000000 875.000000 0.571329 
-233.670135 -0.009272 1996.000000 899.000000 0.551916 
-244.337036 -0.007954 2042.000000 925.000000 0.545831 
-252.337219 -0.009116 2078.000000 945.000000 0.539945 
-258.670380 -0.006651 2125.000000 967.000000 0.545454 
-263.003296 -0.003256 2166.000000 985.000000 0.553356 
-262.335999 -0.000131 2228.000000 1005.000000 0.578324 
-276.335571 -0.008087 2270.000000 1033.000000 0.554622 
-278.335052 -0.002159 2321.000000 1052.000000 0.570779 
-286.668030 -0.005545 2356.000000 1072.000000 0.560374 
-286.334198 -0.001644 2405.000000 1088.000000 0.578366 
-291.333710 -0.004233 2453.000000 1109.000000 0.578022 
-305.666534 -0.010069 2503.000000 1140.000000 0.555508 
-305.332642 -0.002117 2558.000000 1158.000000 0.577675 
-318.332153 -0.008715 2606.000000 1187.000000 0.558361 
-326.665070 -0.008585 2647.000000 1209.000000 0.551058 
-326.664551 -0.003201 2698.000000 1226.000000 0.570290 
-328.997498 -0.001184 2736.000000 1241.000000 0.576837 
-336.330353 -0.004926 2783.000000 1264.000000 0.571095 
-338.663239 -0.002669 2827.000000 1281.000000 0.578916 
-342.329407 -0.004180 2876.000000 1301.000000 0.581388 
-349.329041 -0.006006 2912.000000 1320.000000 0.572520 
-351.995239 -0.004845 2958.000000 1338.000000 0.578083 
-358.994843 -0.004971 2997.000000 1358.000000 0.571675 
-370.327789 -0.007273 3035.000000 1382.000000 0.555623 
-366.993927 0.000181 3087.000000 1396.000000 0.583447 
-366.993439 -0.000974 3135.000000 1412.000000 0.594342 
-372.659698 -0.003230 3175.000000 1431.000000 0.587759 
-375.325806 -0.003520 3230.000000 1452.000000 0.592478 
-386.992157 -0.008334 3261.000000 1474.000000 0.567989 
-396.658386 -0.007667 3304.000000 1498.000000 0.558820 
-394.991150 -0.001812 3360.000000 1515.000000 0.582389 
-394.323975 0.000852 3410.000000 1531.000000 0.597807 
-392.323517 0.001467 3455.000000 1544.000000 0.611646 
-402.989777 -0.004963 3495.000000 1568.000000 0.588999 
-405.322632 -0.002049 3542.000000 1586.000000 0.594516 
-410.655518 -0.004135 3586.000000 1606.000000 0.589272 
-426.321747 -0.009401 3629.000000 1636.000000 0.560632 
-431.321320 -0.006360 3671.000000 1655.000000 0.562746 
-449.987610 -0.016355 3708.000000 1686.000000 0.526123 
-459.320404 -0.010185 3761.000000 1713.000000 0.531845 
-468.320007 -0.010273 3800.000000 1735.000000 0.527815 
-471.652802 -0.006678 3853.000000 1756.000000 0.544177 
-471.985626 -0.003610 3903.000000 1773.000000 0.563052 
-480.651764 -0.007593 3955.000000 1799.000000 0.557508 
-491.651337 -0.010758 3997.000000 1824.000000 0.544100 
-486.984131 -0.001604 4050.000000 1837.000000 0.576752 
-489.983673 -0.003218 4095.000000 1855.000000 0.580840 
-496.983185 -0.005283 4143.000000 1878.000000 0.575520 
-501.315948 -0.004354 4199.000000 1901.000000 0.580543 
-512.649353 -0.007864 4252.000000 1930.000000 0.566356 
-520.649963 -0.006516 4294.000000 1952.000000 0.560250 
-528.983948 -0.008361 4326.000000 1971.000000 0.549545 
-542.984924 -0.010182 4374.000000 2001.000000 0.536822 
-553.318909 -0.009914 4406.000000 2022.000000 0.526327 
-560.653076 -0.008913 4447.000000 2043.000000 0.527977 
-566.320679 -0.006880 4493.000000 2064.000000 0.536209 
-587.654785 -0.015477 4531.000000 2098.000000 0.503786 
-599.655884 -0.014010 4585.000000 2128.000000 0.506790 
0.000000 0.000000 0.000000 0.000000 0.000000 
-15.000001 -0.008635 45.000000 30.000000 0.118482 
-22.999977 -0.008712 93.000000 54.000000 0.217337 
-47.333344 -0.017428 131.000000 91.000000 0.261002 
-60.000069 -0.015192 177.000000 119.000000 0.317874 
-61.000149 -0.006717 240.000000 141.000000 0.398629 
-68.000053 -0.006346 288.000000 164.000000 0.435309 
-74.333275 -0.006780 332.000000 185.000000 0.460520 
-65.666466 0.001774 394.000000 197.000000 0.523671 
-63.333073 0.002412 449.000000 213.000000 0.556691 
-71.999657 -0.004031 498.000000 238.000000 0.553571 
-85.999557 -0.009418 537.000000 265.000000 0.534076 
-88.666100 -0.004609 586.000000 284.000000 0.550570 
-90.999329 -0.003369 627.000000 300.000000 0.560657 
-92.665878 -0.001306 673.000000 317.000000 0.573171 
-101.999100 -0.007032 717.000000 341.000000 0.561014 
-113.332321 -0.009061 761.000000 367.000000 0.548010 
-123.998878 -0.009957 804.000000 392.000000 0.538852 
-138.665573 -0.012804 841.000000 419.000000 0.519474 
-133.665863 -0.003335 898.000000 433.000000 0.558303 
-130.666168 0.000215 958.000000 450.000000 0.586063 
-122.999596 0.005641 1005.000000 458.000000 0.618807 
-128.332977 -0.000231 1052.000000 479.000000 0.609994 
-125.999748 0.002153 1104.000000 494.000000 0.624362 
-120.666275 0.004485 1159.000000 507.000000 0.644073 
-118.332832 0.003291 1202.000000 519.000000 0.650697 
-107.332687 0.009213 1259.000000 527.000000 0.683045 
-103.332535 0.006040 1319.000000 543.000000 0.685096 
-97.999054 0.006643 1377.000000 557.000000 0.692447 
-86.332237 0.010226 1436.000000 565.000000 0.717076 
-80.332092 0.008042 1493.000000 578.000000 0.719024 
-71.665291 0.008575 1546.000000 587.000000 0.730200 
-58.331894 0.012209 1607.000000 594.000000 0.752364 
-52.665295 0.008426 1660.000000 606.000000 0.747499 
-40.665398 0.010799 1741.000000 621.000000 0.751637 
-29.332090 0.010633 1793.000000 627.000000 0.765737 
-8.332071 0.017060 1868.000000 631.000000 0.798886 
7.667932 0.016493 1931.000000 636.000000 0.815076 
20.334600 0.013470 1993.000000 644.000000 0.816325 
32.667961 0.011780 2063.000000 655.000000 0.809465 
42.667885 0.010248 2123.000000 665.000000 0.803359 
47.334488 0.008727 2173.000000 677.000000 0.788511 
57.334427 0.010109 2221.000000 683.000000 0.795069 
76.001167 0.014830 2283.000000 685.000000 0.822533 
89.001328 0.014175 2346.000000 693.000000 0.823971 
98.668114 0.010991 2393.000000 699.000000 0.823825 
115.334923 0.014874 2449.000000 701.000000 0.843504 
118.335030 0.007476 2491.000000 712.000000 0.819117 
129.335144 0.009837 2551.000000 721.000000 0.815436 
144.001450 0.013142 2622.000000 730.000000 0.818282 
152.334518 0.010157 2674.000000 739.000000 0.810703 
163.334229 0.010120 2731.000000 747.000000 0.809949 
179.000534 0.013309 2802.000000 755.000000 0.816456 
194.000244 0.014682 2859.000000 759.000000 0.830232 
206.333237 0.012876 2926.000000 769.000000 0.823151 
216.666306 0.011544 2978.000000 776.000000 0.822039 
227.332748 0.011517 3022.000000 780.000000 0.828972 
236.332458 0.011510 3079.000000 790.000000 0.819492 
241.998871 0.007455 3129.000000 801.000000 0.802946 
257.665344 0.012383 3188.000000 805.000000 0.819746 
270.665863 0.013391 3239.000000 809.000000 0.830484 
277.999664 0.009711 3285.000000 817.000000 0.821874 
294.000244 0.013863 3342.000000 820.000000 0.838218 
306.667511 0.011816 3401.000000 827.000000 0.836163 
319.334808 0.011708 3463.000000 835.000000 0.832602 
337.335510 0.015425 3532.000000 840.000000 0.844779 
351.669403 0.014727 3587.000000 844.000000 0.852868 
364.336609 0.013682 3640.000000 849.000000 0.855050 
374.003876 0.012002 3699.000000 859.000000 0.840274 
385.671173 0.012718 3761.000000 868.000000 0.833828 
402.671875 0.014783 3830.000000 874.000000 0.842243 
416.339233 0.014311 3898.000000 883.000000 0.837529 
434.673248 0.016406 3965.000000 887.000000 0.851670 
446.007080 0.012825 4014.000000 892.000000 0.851446 
451.340912 0.008252 4063.000000 903.000000 0.828693 
467.008270 0.013347 4131.000000 910.000000 0.834844 
479.675537 0.013371 4190.000000 917.000000 0.835019 
497.009552 0.016650 4257.000000 922.000000 0.847088 
513.343323 0.016511 4315.000000 925.000000 0.859459 
529.675293 0.015910 4382.000000 931.000000 0.861322 
547.007385 0.016906 4443.000000 934.000000 0.872597 
559.339661 0.013861 4495.000000 939.000000 0.870818 
575.671753 0.014713 4556.000000 943.000000 0.875802 
585.337219 0.011749 4615.000000 953.000000 0.856318 
603.002625 0.016395 4677.000000 956.000000 0.869839 
612.668030 0.011482 4739.000000 967.000000 0.848263 
625.666931 0.012001 4793.000000 972.000000 0.851687 
637.332642 0.011241 4840.000000 976.000000 0.854945 
651.664673 0.013693 4904.000000 983.000000 0.853338 
657.663574 0.009655 4958.000000 995.000000 0.829516 
668.995667 0.009838 5019.000000 1004.000000 0.822807 
686.327698 0.014259 5083.000000 1008.000000 0.838563 
701.993103 0.015068 5145.000000 1013.000000 0.846981 
711.325012 0.011759 5215.000000 1027.000000 0.823448 
721.990662 0.011126 5265.000000 1033.000000 0.825429 
740.322632 0.015867 5332.000000 1037.000000 0.841872 
756.987915 0.017520 5400.000000 1043.000000 0.848696 
775.986572 0.019117 5466.000000 1046.000000 0.864879 
792.652039 0.017671 5525.000000 1049.000000 0.874306 
807.984070 0.015643 5589.000000 1055.000000 0.871951 
824.316223 0.016145 5647.000000 1058.000000 0.880579 
833.981934 0.011349 5694.000000 1064.000000 0.871122 
846.980652 0.013462 5757.000000 1072.000000 0.863427 
858.646240 0.011832 5810.000000 1078.000000 0.859324 
878.645020 0.016453 5870.000000 1078.000000 0.882530 
897.643677 0.018585 5936.000000 1081.000000 0.891557 
909.309082 0.014980 5998.000000 1090.000000 0.874305 
919.974548 0.011979 6057.000000 1099.000000 0.858597 
935.306580 0.014277 6121.000000 1105.000000 0.859524 
947.972046 0.014599 6180.000000 1112.000000 0.856229 
967.970703 0.017237 6246.000000 1114.000000 0.874147 
978.302856 0.012943 6304.000000 1123.000000 0.858594 
994.634888 0.014369 6368.000000 1128.000000 0.863224 
1018.633362 0.020192 6443.000000 1129.000000 0.886851 
1036.301514 0.017563 6508.000000 1133.000000 0.890196 
1052.637207 0.016791 6566.000000 1136.000000 0.895721 
1066.639282 0.014540 6617.000000 1139.000000 0.897225 
1079.974854 0.013806 6672.000000 1144.000000 0.892330 
1098.644043 0.017243 6734.000000 1146.000000 0.902528 
1117.313477 0.018403 6802.000000 1150.000000 0.904594 
1135.983032 0.017892 6873.000000 1155.000000 0.901593 
1156.318970 0.019861 6937.000000 1156.000000 0.914975 
1171.654785 0.016604 6998.000000 1161.000000 0.908053 
1187.323975 0.014778 7060.000000 1166.000000 0.901459 
1203.326538 0.015798 7123.000000 1171.000000 0.898355 
1222.662231 0.018009 7181.000000 1171.000000 0.914611 
1231.331177 0.013315 7237.000000 1181.000000 0.887598 
1238.333374 0.009067 7291.000000 1192.000000 0.859373 
1259.669556 0.017080 7361.000000 1194.000000 0.878523 
1276.672363 0.017123 7430.000000 1200.000000 0.877559 
1290.674927 0.015342 7493.000000 1207.000000 0.870652 
1311.011353 0.019190 7569.000000 1212.000000 0.877982 
1325.347290 0.016218 7633.000000 1219.000000 0.871626 
1339.682861 0.015768 7688.000000 1223.000000 0.875142 
1354.685669 0.015282 7757.000000 1231.000000 0.865673 
1367.020996 0.013764 7806.000000 1235.000000 0.868361 
1378.356812 0.011804 7867.000000 1244.000000 0.854244 
1393.693115 0.014218 7940.000000 1253.000000 0.848678 
1405.695557 0.014077 8000.000000 1261.000000 0.844235 
1422.031738 0.015698 8070.000000 1268.000000 0.847301 
1439.367798 0.015858 8137.000000 1273.000000 0.855453 
1458.037476 0.018476 8211.000000 1279.000000 0.862469 
1468.706543 0.013141 8270.000000 1288.000000 0.849171 
1486.042236 0.015146 8328.000000 1290.000000 0.865075 
1496.710938 0.013287 8378.000000 1296.000000 0.860858 
1514.047119 0.015566 8448.000000 1302.000000 0.863186 
1528.382446 0.014825 8497.000000 1304.000000 0.873826 
1541.051392 0.013470 8553.000000 1310.000000 0.869298 
1559.720459 0.016004 8612.000000 1311.000000 0.886240 
1576.056396 0.016209 8676.000000 1316.000000 0.885538 
1592.058594 0.016422 8730.000000 1318.000000 0.894725 
1610.061157 0.017682 8793.000000 1321.000000 0.900860 
1618.729980 0.010670 8846.000000 1330.000000 0.877506 
1630.065674 0.010857 8904.000000 1338.000000 0.864968 
1648.068237 0.015482 8967.000000 1341.000000 0.876507 
1671.404541 0.020780 9040.000000 1342.000000 0.896769 
1684.740479 0.015346 9104.000000 1350.000000 0.881890 
1698.742676 0.013501 9158.000000 1354.000000 0.882541 
1704.077759 0.008508 9201.000000 1363.000000 0.859987 
1720.746826 0.014053 9260.000000 1366.000000 0.870995 
1734.416138 0.013930 9325.000000 1374.000000 0.862845 
1748.752075 0.014256 9389.000000 1381.000000 0.859270 
1767.088257 0.017422 9459.000000 1386.000000 0.866162 
1784.424072 0.017063 9520.000000 1389.000000 0.876925 
1793.425781 0.012231 9562.000000 1394.000000 0.870871 
1806.094971 0.013204 9624.000000 1402.000000 0.861921 
1816.431030 0.012083 9691.000000 1414.000000 0.841873 
1832.766846 0.014256 9752.000000 1418.000000 0.852995 
1842.101929 0.011804 9795.000000 1423.000000 0.851279 
1852.104370 0.010421 9855.000000 1433.000000 0.836838 
1863.772949 0.010815 9902.000000 1437.000000 0.842168 
1875.775146 0.011452 9956.000000 1443.000000 0.842078 
1894.777832 0.016501 10022.000000 1446.000000 0.858383 
1915.780762 0.019848 10094.000000 1449.000000 0.875440 
1933.783691 0.018454 10166.000000 1455.000000 0.875821 
1944.119263 0.012890 10221.000000 1463.000000 0.861962 
1962.788818 0.016443 10292.000000 1468.000000 0.868869 
1975.457397 0.013670 10339.000000 1471.000000 0.873965 
1988.459839 0.013252 10399.000000 1478.000000 0.866766 
2006.129395 0.016198 10470.000000 1484.000000 0.869094 
2025.799072 0.018387 10544.000000 1489.000000 0.876314 
2036.134277 0.013738 10590.000000 1494.000000 0.872130 
2049.135986 0.012898 10653.000000 1502.000000 0.862118 
2066.131104 0.015095 10713.000000 1505.000000 0.872579 
2084.125732 0.016797 10779.000000 1509.000000 0.880146 
2102.453857 0.017160 10843.000000 1512.000000 0.888686 
2117.115479 0.015732 10905.000000 1518.000000 0.883471 
2132.444092 0.015849 10963.000000 1522.000000 0.886550 
2146.105957 0.014299 11022.000000 1528.000000 0.880371 
2160.768799 0.014328 11069.000000 1529.000000 0.892264 
2179.096680 0.016537 11136.000000 1533.000000 0.895215 
2188.425537 0.012900 11191.000000 1542.000000 0.875119 
2203.419922 0.014565 11260.000000 1550.000000 0.867123 
2202.749756 0.004650 11303.000000 1565.000000 0.823428 
2215.744629 0.008075 11366.000000 1573.000000 0.821809 
2225.407959 0.009342 11407.000000 1577.000000 0.827319 
2242.736084 0.014952 11471.000000 1581.000000 0.842646 
2258.064697 0.015567 11529.000000 1585.000000 0.852553 
2274.726807 0.015929 11585.000000 1587.000000 0.866920 
