0.000000 0.000000 0.000000 0.000000 0.000000 
-9.333331 -0.006691 35.000000 21.000000 0.094059 
-3.666669 0.001968 94.000000 35.000000 0.231524 
-13.333348 -0.003547 140.000000 60.000000 0.301026 
-22.000017 -0.008257 177.000000 81.000000 0.340805 
-25.666660 -0.004461 214.000000 97.000000 0.383561 
-31.333303 -0.005257 251.000000 115.000000 0.414232 
-45.000011 -0.010709 291.000000 142.000000 0.426246 
-43.333416 -0.003539 347.000000 159.000000 0.478656 
-45.333485 -0.002025 401.000000 179.000000 0.511391 
-48.333546 -0.003464 449.000000 198.000000 0.529885 
-57.000267 -0.006867 492.000000 221.000000 0.529484 
-59.333660 -0.003591 539.000000 239.000000 0.546529 
-65.667023 -0.005516 589.000000 262.000000 0.550434 
-71.666916 -0.006024 634.000000 283.000000 0.552636 
-84.000153 -0.011336 672.000000 308.000000 0.535304 
-100.000053 -0.015174 711.000000 337.000000 0.513041 
-101.999916 -0.007549 765.000000 357.000000 0.536506 
-111.333122 -0.008898 815.000000 383.000000 0.536159 
-120.666328 -0.009790 865.000000 409.000000 0.535135 
-126.332886 -0.006280 908.000000 429.000000 0.541840 
-128.666229 -0.003538 955.000000 447.000000 0.556212 
-127.999702 -0.000531 996.000000 460.000000 0.573311 
-124.999611 0.002005 1041.000000 472.000000 0.594568 
-135.333069 -0.004683 1073.000000 493.000000 0.573682 
-142.999924 -0.007069 1110.000000 513.000000 0.564131 
-145.666809 -0.003184 1153.000000 530.000000 0.572654 
-151.000366 -0.003117 1197.000000 550.000000 0.573560 
-156.333878 -0.005031 1232.000000 567.000000 0.569504 
-158.667419 -0.003623 1273.000000 583.000000 0.576070 
-162.334305 -0.003968 1316.000000 601.000000 0.578397 
-163.667892 -0.002943 1366.000000 619.000000 0.587675 
-168.001434 -0.002525 1407.000000 637.000000 0.586970 
-175.668365 -0.006771 1459.000000 662.000000 0.577818 
-183.001938 -0.006438 1506.000000 685.000000 0.572562 
-190.335464 -0.007277 1544.000000 705.000000 0.564328 
-191.002365 -0.001772 1590.000000 721.000000 0.579067 
-197.002594 -0.004475 1635.000000 742.000000 0.575488 
-197.669479 -0.000002 1678.000000 757.000000 0.587920 
-203.669769 -0.005416 1735.000000 782.000000 0.583314 
-213.669968 -0.009212 1774.000000 805.000000 0.566449 
-215.670227 -0.004777 1825.000000 824.000000 0.577676 
-220.670425 -0.004504 1864.000000 842.000000 0.575671 
-229.003952 -0.007222 1902.000000 863.000000 0.564591 
-233.337540 -0.006232 1952.000000 884.000000 0.568592 
-239.337723 -0.005130 1988.000000 902.000000 0.565335 
-249.004623 -0.008409 2034.000000 927.000000 0.555670 
-259.671509 -0.010516 2077.000000 952.000000 0.543798 
-267.004395 -0.006971 2121.000000 974.000000 0.545570 
-273.003998 -0.004579 2160.000000 993.000000 0.548074 
-280.003571 -0.005939 2202.000000 1014.000000 0.547891 
-286.003052 -0.006844 2253.000000 1037.000000 0.552167 
-293.335968 -0.006363 2294.000000 1058.000000 0.550449 
-294.002106 -0.003805 2346.000000 1076.000000 0.567662 
-297.668243 -0.003764 2398.000000 1097.000000 0.574492 
-300.001099 -0.004482 2445.000000 1115.000000 0.580260 
-299.667236 -0.001339 2497.000000 1132.000000 0.594667 
-307.000153 -0.003727 2538.000000 1153.000000 0.584981 
-313.333069 -0.002773 2579.000000 1173.000000 0.581052 
-318.332581 -0.004085 2627.000000 1194.000000 0.580087 
-322.332092 -0.003318 2675.000000 1214.000000 0.583204 
-323.331696 -0.001802 2714.000000 1228.000000 0.590382 
-328.997833 -0.002775 2766.000000 1251.000000 0.588287 
-336.997314 -0.008101 2817.000000 1276.000000 0.576558 
-346.330200 -0.009216 2861.000000 1300.000000 0.564345 
-348.663147 -0.004505 2899.000000 1315.000000 0.571379 
-351.662689 -0.004275 2944.000000 1333.000000 0.576275 
-358.328918 -0.005890 2987.000000 1354.000000 0.570700 
-366.995056 -0.005263 3039.000000 1380.000000 0.567357 
-372.327942 -0.005682 3083.000000 1400.000000 0.567144 
-377.994141 -0.006619 3129.000000 1421.000000 0.566480 
-381.660278 -0.004771 3181.000000 1442.000000 0.573499 
-387.659821 -0.005431 3226.000000 1463.000000 0.571096 
-404.992767 -0.013072 3264.000000 1493.000000 0.538161 
-418.659058 -0.012287 3301.000000 1519.000000 0.523100 
-432.658661 -0.013246 3340.000000 1546.000000 0.510003 
-450.658264 -0.015675 3379.000000 1577.000000 0.491806 
-459.324524 -0.011346 3419.000000 1599.000000 0.498072 
-456.657318 -0.002441 3472.000000 1614.000000 0.535865 
-457.990143 -0.002347 3522.000000 1632.000000 0.554162 
-468.322998 -0.007744 3569.000000 1658.000000 0.545586 
-467.989197 -0.002297 3615.000000 1673.000000 0.565513 
-472.988708 -0.003427 3663.000000 1694.000000 0.568621 
-476.321686 -0.002263 3698.000000 1709.000000 0.571833 
-490.654694 -0.010463 3730.000000 1734.000000 0.544389 
-497.987518 -0.008289 3780.000000 1758.000000 0.547201 
-508.653687 -0.010031 3829.000000 1785.000000 0.540870 
-523.987000 -0.015762 3876.000000 1816.000000 0.521339 
-528.988037 -0.008965 3927.000000 1838.000000 0.535830 
-532.655457 -0.006127 3964.000000 1854.000000 0.543332 
-540.989685 -0.007935 4008.000000 1877.000000 0.540613 
-541.324097 -0.004316 4061.000000 1895.000000 0.561156 
-547.658386 -0.006096 4108.000000 1917.000000 0.560699 
-550.659302 -0.004163 4153.000000 1935.000000 0.568616 
-554.660217 -0.005505 4198.000000 1954.000000 0.571047 
-563.661133 -0.006581 4243.000000 1978.000000 0.562734 
-569.328735 -0.006184 4289.000000 1999.000000 0.563582 
-567.996582 -0.000348 4347.000000 2017.000000 0.587215 
-561.330994 0.003050 4400.000000 2028.000000 0.616212 
-569.331848 -0.003116 4442.000000 2050.000000 0.599572 
-580.999451 -0.006629 4488.000000 2077.000000 0.578865 
0.000000 0.000000 0.000000 0.000000 0.000000 
-11.000001 -0.007863 36.000000 23.000000 0.095958 
-18.999987 -0.006520 75.000000 44.000000 0.183365 
-16.999958 0.000430 120.000000 57.000000 0.274106 
-24.666594 -0.004726 169.000000 81.000000 0.339156 
-14.333238 0.003682 239.000000 94.000000 0.439838 
-4.999909 0.008609 303.000000 106.000000 0.513828 
-1.333244 0.005580 359.000000 121.000000 0.552022 
12.333416 0.010511 421.000000 128.000000 0.608517 
9.000069 0.001918 465.000000 146.000000 0.605967 
9.666721 0.001186 518.000000 163.000000 0.615799 
11.000040 -0.000475 567.000000 178.000000 0.623108 
4.666701 -0.004660 611.000000 199.000000 0.608481 
14.333361 0.004370 676.000000 211.000000 0.643939 
13.333346 0.000963 721.000000 227.000000 0.641042 
15.666665 0.002825 767.000000 240.000000 0.649077 
11.999989 -0.000199 804.000000 256.000000 0.637966 
4.999980 -0.004882 849.000000 278.000000 0.618182 
11.333308 0.001876 898.000000 288.000000 0.640705 
12.999955 0.002199 960.000000 307.000000 0.646334 
15.666603 0.002498 1019.000000 324.000000 0.652870 
18.666637 0.000967 1079.000000 341.000000 0.656850 
17.000004 -0.002300 1134.000000 361.000000 0.647185 
27.000036 0.005270 1185.000000 368.000000 0.675692 
34.000023 0.005548 1233.000000 377.000000 0.689847 
45.999939 0.010015 1299.000000 387.000000 0.714724 
53.999878 0.008045 1347.000000 395.000000 0.725641 
60.333138 0.006772 1405.000000 408.000000 0.725982 
70.333206 0.009507 1468.000000 419.000000 0.737125 
69.333321 0.003351 1513.000000 435.000000 0.716312 
74.000153 0.005671 1578.000000 452.000000 0.713136 
78.333633 0.005402 1636.000000 467.000000 0.710515 
90.000443 0.008893 1692.000000 474.000000 0.731945 
104.333931 0.011690 1753.000000 480.000000 0.756033 
115.334084 0.012372 1813.000000 489.000000 0.766028 
123.667572 0.009976 1874.000000 501.000000 0.763249 
130.667526 0.007576 1928.000000 512.000000 0.759820 
145.333878 0.011435 1990.000000 518.000000 0.778688 
154.666901 0.009281 2051.000000 529.000000 0.775622 
157.333313 0.005764 2101.000000 543.000000 0.757576 
170.333023 0.009743 2158.000000 549.000000 0.774192 
183.666061 0.012338 2216.000000 555.000000 0.788899 
190.332504 0.008509 2260.000000 563.000000 0.785377 
196.665573 0.006318 2312.000000 574.000000 0.775676 
206.998581 0.010019 2376.000000 585.000000 0.777618 
216.998322 0.010599 2427.000000 592.000000 0.784473 
218.331390 0.004165 2479.000000 608.000000 0.757852 
221.997818 0.003530 2526.000000 620.000000 0.747380 
236.330811 0.010531 2593.000000 628.000000 0.765525 
240.330551 0.005623 2644.000000 641.000000 0.752110 
249.996902 0.007720 2706.000000 652.000000 0.756478 
255.663345 0.005749 2762.000000 665.000000 0.748106 
256.663330 0.003459 2810.000000 680.000000 0.730872 
265.330444 0.006567 2869.000000 691.000000 0.737950 
272.331024 0.006112 2926.000000 703.000000 0.737724 
282.664856 0.007840 2975.000000 709.000000 0.752105 
292.998749 0.009348 3030.000000 717.000000 0.761922 
302.665985 0.009470 3086.000000 726.000000 0.766841 
314.333282 0.009798 3148.000000 735.000000 0.773249 
320.333923 0.007856 3211.000000 750.000000 0.760321 
327.334442 0.007218 3262.000000 760.000000 0.758812 
337.001801 0.009866 3330.000000 773.000000 0.760445 
346.002258 0.008093 3375.000000 779.000000 0.768605 
356.336243 0.010604 3439.000000 790.000000 0.771767 
367.336914 0.009963 3505.000000 801.000000 0.773280 
375.004181 0.008684 3564.000000 813.000000 0.767939 
383.338043 0.009200 3616.000000 822.000000 0.770345 
393.005249 0.009346 3669.000000 830.000000 0.775479 
399.672516 0.006144 3728.000000 843.000000 0.764098 
408.006378 0.008467 3780.000000 852.000000 0.767239 
414.673645 0.007949 3839.000000 865.000000 0.760641 
424.340912 0.009918 3898.000000 875.000000 0.765428 
438.008331 0.012565 3972.000000 886.000000 0.774573 
446.342285 0.009489 4033.000000 898.000000 0.769519 
448.009491 0.003117 4086.000000 914.000000 0.745828 
464.676941 0.011884 4163.000000 923.000000 0.768202 
475.344299 0.011815 4231.000000 935.000000 0.769801 
486.011566 0.010520 4290.000000 944.000000 0.774445 
496.345367 0.010586 4336.000000 949.000000 0.785323 
509.345917 0.011369 4390.000000 954.000000 0.798719 
519.012024 0.010250 4446.000000 963.000000 0.796849 
532.010681 0.011507 4512.000000 972.000000 0.800409 
541.342651 0.010555 4579.000000 985.000000 0.790116 
550.674805 0.010006 4637.000000 995.000000 0.787766 
562.340271 0.011405 4696.000000 1003.000000 0.793416 
567.672668 0.007156 4742.000000 1013.000000 0.782629 
574.338135 0.006894 4801.000000 1026.000000 0.771385 
586.003601 0.009831 4860.000000 1034.000000 0.779908 
597.669189 0.012114 4913.000000 1040.000000 0.791638 
608.001221 0.010889 4977.000000 1051.000000 0.788438 
620.333191 0.011887 5044.000000 1061.000000 0.791628 
627.665222 0.008514 5108.000000 1075.000000 0.777444 
640.330811 0.010625 5161.000000 1080.000000 0.791417 
644.996399 0.008209 5214.000000 1093.000000 0.776372 
645.995361 0.003012 5265.000000 1109.000000 0.750400 
650.660828 0.003819 5324.000000 1124.000000 0.739596 
659.326416 0.005999 5377.000000 1133.000000 0.746146 
673.325317 0.011128 5431.000000 1137.000000 0.770342 
680.990540 0.009273 5502.000000 1153.000000 0.759504 
689.322754 0.008026 5557.000000 1163.000000 0.760505 
706.987976 0.014111 5628.000000 1169.000000 0.785655 
718.986511 0.013719 5700.000000 1181.000000 0.786480 
726.652283 0.010935 5744.000000 1188.000000 0.787777 
740.317566 0.012346 5812.000000 1197.000000 0.793959 
752.983093 0.011839 5868.000000 1203.000000 0.803556 
765.981750 0.013083 5934.000000 1212.000000 0.806428 
776.647400 0.010214 5984.000000 1218.000000 0.809560 
786.979492 0.009235 6045.000000 1228.000000 0.803144 
794.978271 0.009213 6105.000000 1240.000000 0.792610 
803.643677 0.009386 6167.000000 1252.000000 0.785244 
809.975830 0.007704 6225.000000 1265.000000 0.773016 
821.641357 0.009706 6281.000000 1272.000000 0.782987 
833.307007 0.011253 6331.000000 1277.000000 0.795210 
842.972595 0.010568 6384.000000 1285.000000 0.796035 
858.637817 0.013433 6455.000000 1293.000000 0.806071 
868.303223 0.011374 6517.000000 1304.000000 0.798879 
873.302063 0.007398 6574.000000 1318.000000 0.779749 
876.634460 0.005058 6620.000000 1330.000000 0.764977 
871.966858 -0.000966 6666.000000 1350.000000 0.725872 
879.965637 0.005049 6726.000000 1362.000000 0.731550 
890.297852 0.008204 6781.000000 1370.000000 0.744750 
895.296814 0.005018 6832.000000 1382.000000 0.738588 
899.962585 0.005146 6876.000000 1392.000000 0.736912 
913.961365 0.010249 6936.000000 1398.000000 0.758741 
921.626709 0.008346 7001.000000 1412.000000 0.753396 
934.958923 0.012109 7056.000000 1417.000000 0.773784 
945.624268 0.010339 7121.000000 1428.000000 0.773940 
948.289795 0.005327 7177.000000 1444.000000 0.752305 
955.621826 0.007104 7241.000000 1458.000000 0.748109 
961.620789 0.006082 7292.000000 1469.000000 0.745168 
970.952637 0.008870 7365.000000 1484.000000 0.745546 
978.951477 0.008694 7422.000000 1495.000000 0.747750 
983.950317 0.007287 7479.000000 1509.000000 0.740362 
992.282349 0.008406 7543.000000 1522.000000 0.742264 
998.614441 0.007494 7604.000000 1536.000000 0.738303 
1014.946533 0.012209 7665.000000 1540.000000 0.767425 
1023.611877 0.010157 7730.000000 1553.000000 0.763490 
1028.947144 0.006466 7779.000000 1564.000000 0.756152 
1041.616089 0.010531 7835.000000 1570.000000 0.773481 
1050.618530 0.010494 7895.000000 1581.000000 0.772747 
1055.287109 0.006698 7942.000000 1592.000000 0.763022 
1066.956421 0.009566 8007.000000 1602.000000 0.770505 
1074.958984 0.006651 8070.000000 1615.000000 0.762241 
1087.960938 0.010854 8118.000000 1618.000000 0.783691 
1101.963257 0.012042 8175.000000 1623.000000 0.799615 
1111.298950 0.009531 8233.000000 1633.000000 0.794020 
1123.968384 0.010354 8301.000000 1643.000000 0.794907 
1131.637451 0.008865 8360.000000 1655.000000 0.784593 
1142.973755 0.009976 8433.000000 1668.000000 0.780932 
1160.309570 0.015146 8494.000000 1671.000000 0.807356 
1171.979004 0.012935 8562.000000 1682.000000 0.802627 
1181.981201 0.010411 8616.000000 1690.000000 0.801852 
1192.983521 0.010492 8673.000000 1698.000000 0.803349 
1203.652588 0.010225 8732.000000 1707.000000 0.801913 
1209.654541 0.006540 8780.000000 1717.000000 0.790267 
1214.323242 0.004452 8830.000000 1729.000000 0.774964 
1215.325562 0.003181 8887.000000 1747.000000 0.748412 
1213.660889 0.000246 8936.000000 1765.000000 0.721488 
1212.995972 -0.000637 8979.000000 1780.000000 0.704714 
1214.997803 0.001648 9024.000000 1793.000000 0.699943 
1223.666626 0.005964 9077.000000 1802.000000 0.714427 
1227.668945 0.004754 9134.000000 1817.000000 0.710372 
1237.337524 0.007162 9181.000000 1823.000000 0.727617 
1248.673096 0.008980 9236.000000 1830.000000 0.744775 
1256.675537 0.008421 9296.000000 1842.000000 0.745994 
1262.011230 0.005174 9354.000000 1856.000000 0.737390 
1273.346680 0.009478 9406.000000 1862.000000 0.755009 
1279.682251 0.008863 9461.000000 1874.000000 0.752077 
1296.017944 0.013920 9519.000000 1877.000000 0.780764 
1305.020142 0.011324 9573.000000 1886.000000 0.781635 
1315.022217 0.010370 9624.000000 1893.000000 0.787035 
1331.357910 0.014505 9682.000000 1896.000000 0.810553 
1342.026978 0.011376 9741.000000 1905.000000 0.806916 
1355.029541 0.012671 9804.000000 1913.000000 0.811175 
1369.699097 0.013429 9875.000000 1922.000000 0.813808 
1380.035156 0.011693 9942.000000 1934.000000 0.803867 
1394.371216 0.013486 10009.000000 1942.000000 0.809948 
1403.040161 0.010320 10065.000000 1952.000000 0.801831 
1415.042358 0.010809 10119.000000 1958.000000 0.808303 
1428.711426 0.012368 10178.000000 1964.000000 0.816409 
1444.047363 0.015057 10242.000000 1970.000000 0.827133 
1453.049438 0.011519 10293.000000 1978.000000 0.821207 
1467.385254 0.013445 10354.000000 1984.000000 0.828289 
1481.053955 0.013378 10404.000000 1987.000000 0.840145 
1498.389893 0.015166 10468.000000 1991.000000 0.852059 
1507.392212 0.011475 10525.000000 2001.000000 0.836545 
1524.728516 0.015111 10598.000000 2008.000000 0.842220 
1531.397095 0.010203 10645.000000 2017.000000 0.828509 
1544.732788 0.012312 10703.000000 2023.000000 0.833621 
1551.401611 0.009898 10756.000000 2034.000000 0.817119 
1569.404541 0.014843 10828.000000 2040.000000 0.830956 
1581.073975 0.012683 10896.000000 2051.000000 0.820925 
1593.076416 0.011925 10956.000000 2059.000000 0.819871 
1599.744995 0.007908 11003.000000 2068.000000 0.808954 
1611.414185 0.010321 11065.000000 2077.000000 0.808282 
1622.416504 0.010346 11122.000000 2085.000000 0.808334 
1630.419067 0.009259 11185.000000 2098.000000 0.794192 
1639.754517 0.009706 11237.000000 2106.000000 0.794756 
1645.755981 0.007602 11273.000000 2112.000000 0.793505 
