0.000000 0.000000 0.000000 0.000000 0.000000 
-12.666665 -0.008570 46.000000 28.000000 0.120172 
-19.666647 -0.006540 88.000000 49.000000 0.209126 
-33.333309 -0.010225 119.000000 73.000000 0.253708 
-34.666702 -0.004254 169.000000 91.000000 0.333375 
-33.333431 -0.000897 224.000000 108.000000 0.405328 
-37.666809 -0.002731 259.000000 124.000000 0.433052 
-50.666862 -0.008978 301.000000 151.000000 0.444393 
-55.666912 -0.007438 340.000000 169.000000 0.466117 
-66.000244 -0.008773 375.000000 191.000000 0.470484 
-72.666801 -0.007133 418.000000 212.000000 0.487520 
-70.333344 -0.002425 467.000000 226.000000 0.523297 
-71.333206 -0.001767 521.000000 245.000000 0.547210 
-71.333054 -0.001910 581.000000 265.000000 0.568962 
-73.332939 -0.001743 626.000000 282.000000 0.578026 
-79.666161 -0.004605 670.000000 303.000000 0.573503 
-93.332733 -0.009846 707.000000 329.000000 0.549352 
-88.999268 -0.000417 759.000000 342.000000 0.580777 
-93.665779 -0.005037 820.000000 367.000000 0.581689 
-105.332352 -0.006180 857.000000 391.000000 0.564005 
-111.665573 -0.006787 901.000000 412.000000 0.561416 
-114.332130 -0.003978 944.000000 429.000000 0.569646 
-122.998688 -0.008018 987.000000 452.000000 0.559360 
-128.331909 -0.007547 1034.000000 473.000000 0.560875 
-135.998764 -0.007599 1080.000000 496.000000 0.557611 
-136.665726 -0.004436 1138.000000 516.000000 0.574620 
-142.666000 -0.004055 1192.000000 540.000000 0.576285 
-155.666245 -0.008262 1240.000000 569.000000 0.558921 
-161.666489 -0.007314 1288.000000 591.000000 0.560058 
-167.666687 -0.006892 1327.000000 610.000000 0.558254 
-178.666885 -0.008340 1366.000000 634.000000 0.545620 
-188.000427 -0.009570 1407.000000 657.000000 0.538713 
-192.667343 -0.007577 1456.000000 678.000000 0.547357 
-198.334198 -0.006780 1493.000000 696.000000 0.548106 
-198.667801 -0.003355 1546.000000 714.000000 0.567146 
-209.667969 -0.007235 1579.000000 736.000000 0.550099 
-213.668213 -0.005553 1627.000000 756.000000 0.558426 
-225.668457 -0.009196 1675.000000 784.000000 0.545869 
-239.001984 -0.011194 1713.000000 810.000000 0.529685 
-253.335510 -0.012530 1751.000000 837.000000 0.514155 
-251.335709 -0.003793 1790.000000 848.000000 0.539930 
-253.669281 -0.002753 1837.000000 866.000000 0.554568 
-258.002625 -0.004838 1884.000000 886.000000 0.559611 
-266.335449 -0.005971 1934.000000 911.000000 0.556934 
-265.334961 -0.003075 1982.000000 926.000000 0.575153 
-268.001160 -0.003166 2028.000000 944.000000 0.581124 
-270.334045 -0.002299 2072.000000 961.000000 0.586786 
-278.000244 -0.004953 2118.000000 984.000000 0.578066 
-283.999786 -0.004689 2163.000000 1005.000000 0.575632 
-292.332733 -0.005822 2201.000000 1026.000000 0.565680 
-297.998932 -0.007071 2247.000000 1047.000000 0.564680 
-301.998474 -0.005417 2292.000000 1066.000000 0.569097 
-306.331329 -0.004732 2339.000000 1086.000000 0.572501 
-315.997620 -0.007417 2376.000000 1108.000000 0.559219 
-320.997101 -0.004858 2427.000000 1130.000000 0.565397 
-320.330017 -0.001466 2468.000000 1143.000000 0.580447 
-328.329681 -0.004461 2501.000000 1162.000000 0.569173 
-324.662476 0.002458 2554.000000 1176.000000 0.596917 
-327.995300 -0.000101 2604.000000 1196.000000 0.598828 
-335.994843 -0.005391 2649.000000 1219.000000 0.585634 
-342.327667 -0.004910 2699.000000 1242.000000 0.582147 
-353.327240 -0.010523 2741.000000 1267.000000 0.562681 
-353.993439 -0.004406 2787.000000 1283.000000 0.576369 
-360.659637 -0.005615 2833.000000 1305.000000 0.572085 
-373.659332 -0.010023 2863.000000 1328.000000 0.547590 
-376.658905 -0.004284 2905.000000 1345.000000 0.558106 
-380.325073 -0.004668 2954.000000 1365.000000 0.565138 
-387.991302 -0.006596 2997.000000 1387.000000 0.559547 
-389.990875 -0.003373 3039.000000 1403.000000 0.569637 
-389.990417 -0.003011 3084.000000 1418.000000 0.581815 
-393.323395 -0.003899 3119.000000 1433.000000 0.581596 
-400.989685 -0.005004 3156.000000 1453.000000 0.572288 
-402.322510 -0.003434 3206.000000 1471.000000 0.582538 
-411.322113 -0.005275 3245.000000 1493.000000 0.570604 
-411.321594 -0.002478 3296.000000 1510.000000 0.585386 
-410.654419 0.000714 3346.000000 1526.000000 0.600306 
-412.987274 -0.001827 3393.000000 1544.000000 0.601602 
-424.653534 -0.008490 3433.000000 1569.000000 0.577008 
-436.986389 -0.010077 3480.000000 1597.000000 0.559387 
-440.319305 -0.005805 3521.000000 1614.000000 0.565295 
-449.652039 -0.007940 3580.000000 1643.000000 0.561024 
-462.318268 -0.010910 3623.000000 1670.000000 0.544319 
-462.984406 -0.005194 3675.000000 1688.000000 0.562939 
-460.317169 -0.001749 3731.000000 1704.000000 0.586832 
-472.650055 -0.009438 3775.000000 1731.000000 0.564448 
-484.649628 -0.008572 3817.000000 1757.000000 0.550415 
-492.982544 -0.006812 3858.000000 1779.000000 0.546720 
-504.315369 -0.009249 3908.000000 1807.000000 0.540183 
-507.314880 -0.005295 3956.000000 1826.000000 0.553359 
-516.981323 -0.009165 3999.000000 1850.000000 0.543867 
-514.315796 -0.002010 4055.000000 1866.000000 0.572993 
-511.982880 0.000414 4107.000000 1881.000000 0.593696 
-515.650146 -0.002343 4159.000000 1902.000000 0.594350 
-521.317688 -0.004301 4202.000000 1922.000000 0.588319 
-524.985229 -0.003270 4245.000000 1940.000000 0.589095 
-535.652771 -0.008257 4288.000000 1965.000000 0.570517 
-539.653564 -0.004665 4327.000000 1982.000000 0.572606 
-546.987976 -0.005421 4380.000000 2007.000000 0.570289 
-559.988831 -0.011084 4422.000000 2034.000000 0.549354 
-561.989624 -0.004603 4461.000000 2049.000000 0.560429 
-563.657227 -0.003827 4507.000000 2066.000000 0.570977 
0.000000 0.000000 0.000000 0.000000 0.000000 
-14.000009 -0.007827 42.000000 28.000000 0.112078 
-20.333326 -0.006005 95.000000 52.000000 0.224560 
-36.333309 -0.012661 146.000000 85.000000 0.294166 
-62.000019 -0.023336 180.000000 122.000000 0.306806 
-64.666611 -0.009216 217.000000 137.000000 0.356997 
-75.333183 -0.009301 254.000000 160.000000 0.385050 
-76.999733 -0.003706 300.000000 177.000000 0.432587 
-81.332939 -0.003956 350.000000 198.000000 0.467537 
-89.999496 -0.005452 393.000000 221.000000 0.481827 
-91.999367 -0.003673 444.000000 240.000000 0.510933 
-86.332573 0.002607 494.000000 251.000000 0.552091 
-83.665764 0.002450 550.000000 267.000000 0.579532 
-75.998955 0.005111 606.000000 278.000000 0.613857 
-76.332138 0.002488 665.000000 298.000000 0.620982 
-67.665329 0.007367 721.000000 308.000000 0.651205 
-64.665207 0.005212 769.000000 321.000000 0.659187 
-67.998436 0.001243 810.000000 338.000000 0.647720 
-79.331650 -0.007426 857.000000 365.000000 0.613380 
-84.998222 -0.006533 894.000000 383.000000 0.601951 
-99.998108 -0.011571 939.000000 413.000000 0.570283 
-112.998016 -0.012845 975.000000 438.000000 0.547996 
-115.997894 -0.006285 1023.000000 457.000000 0.559938 
-107.664444 0.001936 1069.000000 464.000000 0.596820 
-108.330986 -0.001276 1118.000000 481.000000 0.603018 
-107.664177 0.000060 1174.000000 499.000000 0.614053 
-97.997353 0.005107 1236.000000 510.000000 0.646721 
-87.330544 0.009056 1292.000000 518.000000 0.677226 
-88.663742 0.002144 1345.000000 537.000000 0.665331 
-79.996933 0.005971 1401.000000 547.000000 0.686134 
-87.663498 -0.003662 1441.000000 568.000000 0.654013 
-96.330048 -0.006867 1487.000000 592.000000 0.626921 
-98.663239 -0.003973 1543.000000 613.000000 0.624345 
-90.996460 0.002595 1587.000000 620.000000 0.649146 
-77.662987 0.008124 1642.000000 625.000000 0.686190 
-78.662880 0.002506 1684.000000 640.000000 0.675717 
-69.329407 0.006479 1739.000000 649.000000 0.696065 
-59.662746 0.008122 1801.000000 660.000000 0.711696 
-51.996162 0.008360 1866.000000 674.000000 0.717649 
-48.329563 0.007707 1919.000000 688.000000 0.715263 
-32.996315 0.012431 1986.000000 695.000000 0.743470 
-38.996338 0.000193 2037.000000 718.000000 0.701357 
-37.996403 0.000963 2088.000000 734.000000 0.692350 
-49.329784 -0.008251 2126.000000 758.000000 0.648308 
-50.329834 -0.002989 2165.000000 772.000000 0.644753 
-56.996559 -0.004001 2211.000000 794.000000 0.626865 
-51.329967 0.002610 2270.000000 808.000000 0.647511 
-40.663372 0.006479 2326.000000 816.000000 0.676628 
-48.663433 -0.002810 2374.000000 840.000000 0.646361 
-52.330158 -0.003546 2420.000000 859.000000 0.634948 
-58.330223 -0.005000 2471.000000 882.000000 0.619890 
-73.663521 -0.010992 2500.000000 907.000000 0.579630 
-74.996704 -0.005783 2559.000000 928.000000 0.590048 
-86.663261 -0.010936 2602.000000 954.000000 0.567862 
-88.996468 -0.004529 2652.000000 973.000000 0.578528 
-83.329651 0.001994 2711.000000 987.000000 0.608771 
-93.329582 -0.004561 2738.000000 1006.000000 0.585530 
-89.996094 0.001040 2799.000000 1023.000000 0.609174 
-95.329277 -0.001561 2858.000000 1048.000000 0.604890 
-94.329140 0.000326 2912.000000 1065.000000 0.616117 
-106.662384 -0.005611 2947.000000 1089.000000 0.587811 
-100.995552 0.001483 3012.000000 1105.000000 0.616889 
-92.328743 0.006501 3068.000000 1115.000000 0.647238 
-88.661934 0.004615 3124.000000 1130.000000 0.656481 
-88.995155 0.001528 3168.000000 1145.000000 0.653010 
-90.328362 -0.000907 3218.000000 1163.000000 0.646186 
-98.994911 -0.005724 3264.000000 1187.000000 0.620902 
-104.661461 -0.005868 3310.000000 1208.000000 0.609442 
-101.994652 -0.000767 3366.000000 1224.000000 0.623985 
-94.994499 0.004110 3426.000000 1237.000000 0.647955 
-93.327721 0.003628 3470.000000 1250.000000 0.652940 
-87.327560 0.006372 3533.000000 1265.000000 0.668434 
-81.327415 0.005941 3590.000000 1278.000000 0.679753 
-71.993919 0.008471 3654.000000 1290.000000 0.698016 
-68.327141 0.005163 3698.000000 1301.000000 0.699035 
-69.660439 -0.001717 3742.000000 1317.000000 0.681948 
-57.660408 0.006370 3811.000000 1328.000000 0.706034 
-45.660484 0.011864 3871.000000 1336.000000 0.730254 
-25.327206 0.016733 3950.000000 1342.000000 0.767404 
-7.993855 0.017402 4014.000000 1346.000000 0.795052 
4.339480 0.013026 4075.000000 1354.000000 0.799147 
12.006144 0.009469 4128.000000 1364.000000 0.792198 
20.672819 0.009533 4196.000000 1378.000000 0.781370 
35.672813 0.011920 4256.000000 1383.000000 0.798474 
40.006073 0.006778 4314.000000 1398.000000 0.775763 
55.339314 0.011206 4387.000000 1407.000000 0.787407 
70.006012 0.013750 4446.000000 1412.000000 0.803842 
86.339500 0.014625 4507.000000 1416.000000 0.820815 
101.006325 0.014470 4569.000000 1422.000000 0.828582 
109.339813 0.010663 4630.000000 1434.000000 0.812101 
119.673302 0.010960 4691.000000 1444.000000 0.807579 
133.673264 0.012706 4745.000000 1448.000000 0.821337 
139.672974 0.007495 4802.000000 1461.000000 0.799953 
146.672668 0.006957 4862.000000 1474.000000 0.785567 
153.672348 0.006864 4925.000000 1488.000000 0.773203 
164.672028 0.009338 4988.000000 1498.000000 0.776535 
171.671753 0.007950 5042.000000 1509.000000 0.770601 
179.338165 0.007684 5092.000000 1518.000000 0.770041 
196.337845 0.013748 5155.000000 1522.000000 0.795806 
208.004242 0.011925 5208.000000 1528.000000 0.803271 
212.670654 0.007031 5258.000000 1540.000000 0.785895 
217.670319 0.005269 5324.000000 1557.000000 0.764029 
225.336777 0.005736 5365.000000 1563.000000 0.768843 
225.669830 0.002470 5420.000000 1581.000000 0.741503 
236.669571 0.006850 5471.000000 1587.000000 0.756254 
247.669281 0.009501 5528.000000 1595.000000 0.766800 
258.669403 0.010372 5591.000000 1605.000000 0.771288 
266.336548 0.008623 5638.000000 1613.000000 0.772289 
278.337128 0.011557 5695.000000 1620.000000 0.783666 
286.337708 0.008466 5752.000000 1631.000000 0.777307 
299.671661 0.011411 5813.000000 1638.000000 0.789264 
315.672302 0.014324 5876.000000 1643.000000 0.806930 
327.672913 0.013339 5936.000000 1651.000000 0.810108 
344.673523 0.015965 5996.000000 1654.000000 0.830324 
352.340820 0.011161 6058.000000 1667.000000 0.810815 
367.674744 0.013380 6116.000000 1671.000000 0.826161 
379.675323 0.011896 6173.000000 1678.000000 0.825914 
388.675964 0.010283 6236.000000 1690.000000 0.811690 
396.343231 0.009424 6295.000000 1702.000000 0.799460 
407.677094 0.009847 6347.000000 1708.000000 0.805360 
412.677673 0.006408 6404.000000 1722.000000 0.784425 
419.011658 0.007443 6468.000000 1737.000000 0.770425 
430.012268 0.008933 6528.000000 1746.000000 0.775341 
445.013000 0.012875 6600.000000 1755.000000 0.787762 
457.680237 0.012576 6656.000000 1761.000000 0.799044 
467.680878 0.011026 6719.000000 1772.000000 0.793547 
480.348145 0.013057 6778.000000 1779.000000 0.802209 
491.348785 0.011676 6841.000000 1789.000000 0.800041 
504.349457 0.012181 6907.000000 1798.000000 0.803334 
512.349915 0.009669 6973.000000 1812.000000 0.788175 
524.015381 0.012114 7035.000000 1821.000000 0.792515 
535.013977 0.011389 7104.000000 1833.000000 0.788471 
545.012573 0.009482 7173.000000 1846.000000 0.780938 
551.344971 0.007080 7219.000000 1855.000000 0.775804 
563.677185 0.010579 7274.000000 1861.000000 0.789568 
575.676086 0.011794 7328.000000 1867.000000 0.799502 
585.341736 0.009677 7378.000000 1874.000000 0.800427 
589.674072 0.005623 7427.000000 1886.000000 0.783100 
600.339600 0.010219 7483.000000 1894.000000 0.789207 
608.338501 0.009281 7537.000000 1904.000000 0.784606 
619.004211 0.010087 7584.000000 1909.000000 0.794257 
635.002869 0.013324 7650.000000 1915.000000 0.808756 
638.668274 0.007765 7712.000000 1932.000000 0.780294 
644.000549 0.005687 7764.000000 1944.000000 0.768431 
654.999451 0.008609 7818.000000 1951.000000 0.777790 
658.331787 0.005953 7867.000000 1964.000000 0.762249 
670.997131 0.009552 7932.000000 1973.000000 0.772253 
683.662659 0.011423 7988.000000 1979.000000 0.786057 
698.328064 0.013192 8050.000000 1985.000000 0.799747 
708.993591 0.011042 8106.000000 1993.000000 0.800621 
716.659058 0.009309 8165.000000 2005.000000 0.790008 
725.657959 0.008873 8219.000000 2014.000000 0.788315 
737.990112 0.011174 8277.000000 2021.000000 0.796701 
751.322144 0.013547 8341.000000 2029.000000 0.804189 
767.654175 0.014430 8405.000000 2034.000000 0.819436 
769.653442 0.007441 8441.000000 2044.000000 0.800162 
785.652222 0.013440 8501.000000 2048.000000 0.818801 
793.984131 0.009338 8571.000000 2063.000000 0.797235 
796.316589 0.006461 8614.000000 2075.000000 0.778572 
804.648865 0.007667 8666.000000 2084.000000 0.778210 
817.314270 0.010987 8728.000000 2092.000000 0.787555 
827.979675 0.010642 8790.000000 2102.000000 0.787211 
846.978210 0.016786 8862.000000 2107.000000 0.810353 
856.643738 0.012908 8918.000000 2116.000000 0.806588 
864.642883 0.010074 8960.000000 2122.000000 0.806986 
876.308350 0.011258 9019.000000 2130.000000 0.808559 
893.640320 0.015718 9086.000000 2135.000000 0.825322 
907.639160 0.014297 9143.000000 2140.000000 0.834002 
914.638062 0.008791 9197.000000 2151.000000 0.815693 
926.303345 0.010276 9265.000000 2162.000000 0.809159 
938.302429 0.010718 9310.000000 2165.000000 0.821195 
951.301331 0.012715 9364.000000 2170.000000 0.829263 
961.966858 0.011238 9420.000000 2178.000000 0.824986 
971.299011 0.008683 9478.000000 2188.000000 0.814167 
986.297852 0.012716 9535.000000 2192.000000 0.828650 
998.963257 0.011468 9597.000000 2200.000000 0.826656 
1017.295349 0.016143 9658.000000 2202.000000 0.848345 
1028.961914 0.014171 9705.000000 2206.000000 0.852824 
1042.297729 0.013761 9766.000000 2213.000000 0.849867 
1056.300171 0.013566 9826.000000 2219.000000 0.851371 
1068.302124 0.012546 9874.000000 2223.000000 0.855286 
1078.304321 0.010516 9928.000000 2231.000000 0.845391 
1091.306519 0.012009 9982.000000 2236.000000 0.849250 
1101.975586 0.010365 10041.000000 2245.000000 0.838000 
1112.977905 0.010722 10098.000000 2253.000000 0.832947 
1126.646851 0.012214 10154.000000 2258.000000 0.839237 
1141.982666 0.014562 10215.000000 2263.000000 0.847094 
1154.318970 0.013382 10288.000000 2275.000000 0.831660 
1167.988037 0.013641 10347.000000 2281.000000 0.836108 
1176.990967 0.008915 10419.000000 2296.000000 0.809969 
1182.992798 0.006450 10464.000000 2305.000000 0.799636 
1199.995605 0.013224 10533.000000 2311.000000 0.814920 
1216.331787 0.015517 10603.000000 2318.000000 0.824695 
1234.001587 0.017562 10680.000000 2326.000000 0.831829 
1248.670654 0.015528 10739.000000 2331.000000 0.839955 
1265.006592 0.015772 10803.000000 2336.000000 0.848402 
1278.675537 0.014561 10859.000000 2341.000000 0.852580 
1295.678223 0.014954 10925.000000 2346.000000 0.858350 
1311.013794 0.015346 10980.000000 2349.000000 0.868214 
