0.000000 0.000000 0.000000 0.000000 0.000000 
-19.333334 -0.015522 32.000000 30.000000 0.082049 
-44.000023 -0.019306 66.000000 66.000000 0.152430 
-67.000046 -0.023212 90.000000 97.000000 0.185354 
-99.999969 -0.030340 120.000000 140.000000 0.213921 
-111.333199 -0.018286 161.000000 165.000000 0.276257 
-127.999825 -0.015274 204.000000 196.000000 0.322090 
-139.333328 -0.012041 239.000000 219.000000 0.353313 
-157.666840 -0.015430 274.000000 249.000000 0.367845 
-172.667053 -0.015428 316.000000 278.000000 0.390976 
-194.333908 -0.017458 353.000000 312.000000 0.394095 
-214.000717 -0.018274 381.000000 341.000000 0.387802 
-225.000916 -0.013418 420.000000 365.000000 0.410206 
-243.667816 -0.015473 466.000000 399.000000 0.421834 
-260.334473 -0.016080 497.000000 426.000000 0.418839 
-267.667389 -0.010338 538.000000 447.000000 0.443356 
-288.000397 -0.018192 570.000000 478.000000 0.428361 
-300.333374 -0.013454 605.000000 502.000000 0.436950 
-316.666321 -0.015780 643.000000 531.000000 0.437269 
-335.999268 -0.017270 681.000000 563.000000 0.433310 
-354.665558 -0.020945 718.000000 594.000000 0.427323 
-368.331848 -0.016298 755.000000 620.000000 0.434342 
-385.331573 -0.016178 782.000000 646.000000 0.425025 
-399.331177 -0.013906 821.000000 673.000000 0.434711 
-406.664062 -0.010053 865.000000 695.000000 0.458190 
-419.330444 -0.011899 893.000000 717.000000 0.453210 
-433.663269 -0.013249 943.000000 748.000000 0.464139 
-441.329498 -0.009562 986.000000 770.000000 0.480554 
-457.328949 -0.013740 1040.000000 804.000000 0.482475 
-473.661865 -0.016294 1081.000000 834.000000 0.472892 
-478.994873 -0.008773 1113.000000 850.000000 0.485054 
-493.994537 -0.013829 1146.000000 876.000000 0.473394 
-509.660797 -0.015264 1186.000000 905.000000 0.468506 
-530.328125 -0.016867 1220.000000 937.000000 0.452487 
-546.328918 -0.017210 1259.000000 966.000000 0.450776 
-553.663086 -0.009679 1300.000000 987.000000 0.469861 
-575.997253 -0.019407 1341.000000 1023.000000 0.451345 
-596.664490 -0.021424 1369.000000 1053.000000 0.431155 
-612.665283 -0.017822 1408.000000 1082.000000 0.434683 
-638.665894 -0.022002 1438.000000 1118.000000 0.411789 
-653.999939 -0.018840 1473.000000 1145.000000 0.416270 
-662.000732 -0.012418 1512.000000 1166.000000 0.437093 
-684.668091 -0.019319 1546.000000 1200.000000 0.422049 
-694.669128 -0.012777 1597.000000 1227.000000 0.450098 
-711.669922 -0.015584 1636.000000 1257.000000 0.447166 
-729.003906 -0.015510 1668.000000 1285.000000 0.440042 
-749.671326 -0.019065 1705.000000 1318.000000 0.430002 
-777.671997 -0.028012 1738.000000 1357.000000 0.404025 
-794.006226 -0.017917 1782.000000 1388.000000 0.420704 
-810.673401 -0.017228 1807.000000 1413.000000 0.412219 
-823.674133 -0.013206 1843.000000 1438.000000 0.424464 
-830.674805 -0.009128 1876.000000 1456.000000 0.441610 
-853.008972 -0.017047 1917.000000 1492.000000 0.433078 
-859.343018 -0.009933 1952.000000 1510.000000 0.452105 
-877.010498 -0.013222 1992.000000 1541.000000 0.450090 
-888.011108 -0.011343 2022.000000 1562.000000 0.452157 
-906.678528 -0.015023 2059.000000 1593.000000 0.445325 
-928.012512 -0.019807 2091.000000 1625.000000 0.429571 
-945.013428 -0.020324 2136.000000 1657.000000 0.434336 
-965.014099 -0.020456 2169.000000 1688.000000 0.423653 
-986.348206 -0.020756 2207.000000 1722.000000 0.418126 
-997.682434 -0.013610 2251.000000 1748.000000 0.438933 
-1033.682495 -0.029621 2284.000000 1795.000000 0.397464 
-1044.014038 -0.018037 2328.000000 1820.000000 0.423189 
-1065.679688 -0.019860 2353.000000 1850.000000 0.405313 
-1083.678223 -0.017379 2389.000000 1880.000000 0.409577 
-1104.343628 -0.020164 2420.000000 1911.000000 0.401835 
-1107.341187 -0.009166 2480.000000 1934.000000 0.455377 
-1117.339233 -0.008344 2528.000000 1960.000000 0.473363 
-1132.337524 -0.013774 2570.000000 1989.000000 0.469718 
-1140.335815 -0.011177 2612.000000 2011.000000 0.482396 
-1157.334351 -0.014819 2648.000000 2040.000000 0.469506 
-1170.332764 -0.013027 2687.000000 2066.000000 0.471183 
-1189.330933 -0.017986 2732.000000 2100.000000 0.461300 
-1208.662842 -0.018187 2767.000000 2131.000000 0.448581 
-1229.994751 -0.019217 2802.000000 2164.000000 0.434427 
-1244.326172 -0.017768 2849.000000 2194.000000 0.445382 
-1270.991333 -0.021614 2886.000000 2233.000000 0.425342 
-1292.989990 -0.019672 2919.000000 2266.000000 0.415032 
-1302.321899 -0.012347 2954.000000 2287.000000 0.431414 
-1315.987427 -0.011602 2982.000000 2310.000000 0.430455 
-1335.652832 -0.016817 3013.000000 2340.000000 0.420231 
-1354.651123 -0.016072 3055.000000 2373.000000 0.425122 
-1364.316406 -0.012455 3089.000000 2394.000000 0.437589 
-1382.648193 -0.017108 3127.000000 2425.000000 0.433554 
-1392.979858 -0.012840 3168.000000 2449.000000 0.449230 
-1410.645386 -0.015137 3196.000000 2476.000000 0.436027 
-1427.976929 -0.017203 3240.000000 2508.000000 0.439560 
-1433.641968 -0.009605 3280.000000 2527.000000 0.462775 
-1443.640015 -0.009662 3328.000000 2553.000000 0.477702 
-1461.304688 -0.015051 3377.000000 2587.000000 0.473722 
-1473.969604 -0.014138 3420.000000 2614.000000 0.476918 
-1488.301636 -0.014707 3452.000000 2639.000000 0.467938 
-1502.300171 -0.015306 3488.000000 2665.000000 0.463989 
-1513.964844 -0.012596 3537.000000 2693.000000 0.476586 
-1521.963379 -0.010183 3573.000000 2713.000000 0.484306 
-1540.962036 -0.017663 3606.000000 2743.000000 0.463418 
-1566.294067 -0.024612 3638.000000 2779.000000 0.433543 
-1584.959839 -0.020738 3660.000000 2805.000000 0.416678 
-1591.624756 -0.011554 3703.000000 2826.000000 0.444798 
-1612.290161 -0.016312 3734.000000 2857.000000 0.429694 
0.000000 0.000000 0.000000 0.000000 0.000000 
-7.000003 -0.003392 45.000000 22.000000 0.120880 
-10.333344 -0.001771 92.000000 41.000000 0.222848 
-13.000025 -0.001848 135.000000 58.000000 0.296627 
-21.333355 -0.006308 185.000000 83.000000 0.356107 
-25.666662 -0.005371 226.000000 101.000000 0.398470 
-23.333296 0.001665 278.000000 116.000000 0.457875 
-30.333265 -0.004477 326.000000 139.000000 0.479564 
-38.666618 -0.008156 382.000000 166.000000 0.497651 
-39.666687 -0.003370 436.000000 185.000000 0.527801 
-37.666752 -0.001546 487.000000 200.000000 0.555261 
-32.333488 0.002864 542.000000 213.000000 0.588774 
-21.333454 0.007873 599.000000 221.000000 0.630850 
-18.333429 0.005464 638.000000 231.000000 0.642385 
-12.333434 0.005494 698.000000 245.000000 0.659033 
-5.000102 0.006133 753.000000 256.000000 0.676232 
3.333232 0.007716 808.000000 266.000000 0.694340 
-1.666768 0.000490 859.000000 288.000000 0.668905 
-12.333447 -0.005015 908.000000 315.000000 0.634539 
-9.666791 -0.001305 955.000000 328.000000 0.642687 
-12.333466 -0.004004 1007.000000 348.000000 0.633173 
-6.666815 0.003359 1066.000000 362.000000 0.653148 
-2.666813 0.002021 1117.000000 375.000000 0.660645 
7.333190 0.005944 1177.000000 385.000000 0.684399 
13.666519 0.007853 1232.000000 397.000000 0.696334 
9.333169 0.000826 1285.000000 419.000000 0.672181 
25.666510 0.011029 1346.000000 423.000000 0.714798 
30.666542 0.007406 1397.000000 435.000000 0.715419 
27.666573 0.001828 1445.000000 454.000000 0.692459 
26.666592 0.000372 1475.000000 465.000000 0.682975 
39.999897 0.008822 1533.000000 471.000000 0.714427 
48.999836 0.009004 1581.000000 478.000000 0.729286 
59.333103 0.010713 1633.000000 485.000000 0.745157 
60.999699 0.006960 1689.000000 502.000000 0.729194 
65.333054 0.004940 1738.000000 514.000000 0.725391 
75.333191 0.008659 1792.000000 522.000000 0.739863 
82.666672 0.007234 1850.000000 534.000000 0.739981 
89.000137 0.006705 1902.000000 545.000000 0.739771 
98.000259 0.008777 1950.000000 552.000000 0.751143 
105.667076 0.006956 2009.000000 564.000000 0.748841 
110.000549 0.006077 2064.000000 578.000000 0.739691 
114.000671 0.004222 2112.000000 590.000000 0.732938 
122.334152 0.007963 2170.000000 601.000000 0.739071 
131.334015 0.007643 2227.000000 611.000000 0.744713 
130.667084 0.002546 2279.000000 629.000000 0.720754 
135.666779 0.005084 2339.000000 644.000000 0.718634 
147.666489 0.009563 2396.000000 651.000000 0.739896 
165.332840 0.014012 2458.000000 654.000000 0.773054 
173.999237 0.011186 2511.000000 663.000000 0.774453 
178.665680 0.007588 2555.000000 673.000000 0.766635 
191.665405 0.011214 2609.000000 678.000000 0.783586 
206.998413 0.013756 2673.000000 684.000000 0.800250 
219.331406 0.013678 2740.000000 694.000000 0.801440 
229.331085 0.010941 2803.000000 705.000000 0.794908 
228.997513 0.003445 2850.000000 721.000000 0.763305 
234.997223 0.004910 2907.000000 734.000000 0.754936 
247.663605 0.009987 2963.000000 740.000000 0.771645 
261.663666 0.012860 3017.000000 744.000000 0.791073 
262.330780 0.005226 3061.000000 758.000000 0.765965 
275.331451 0.009944 3127.000000 767.000000 0.776351 
285.665375 0.010831 3185.000000 776.000000 0.780304 
304.999390 0.016236 3252.000000 779.000000 0.809373 
316.666595 0.013549 3305.000000 785.000000 0.814855 
320.000397 0.005525 3351.000000 797.000000 0.792375 
331.334198 0.009423 3397.000000 801.000000 0.804371 
345.334808 0.012835 3457.000000 807.000000 0.815220 
360.002045 0.014380 3513.000000 811.000000 0.828901 
371.336090 0.013335 3583.000000 823.000000 0.817604 
388.003448 0.014702 3651.000000 829.000000 0.828639 
395.003998 0.008819 3705.000000 840.000000 0.811247 
399.337921 0.004308 3763.000000 855.000000 0.784296 
414.671936 0.011873 3830.000000 862.000000 0.798746 
431.005981 0.015035 3900.000000 869.000000 0.812454 
443.673309 0.013619 3965.000000 878.000000 0.812386 
456.674072 0.014500 4040.000000 890.000000 0.809258 
471.341461 0.014701 4111.000000 899.000000 0.812462 
478.342072 0.010159 4171.000000 912.000000 0.796124 
488.009338 0.009851 4230.000000 922.000000 0.792791 
492.343201 0.007137 4282.000000 935.000000 0.776576 
498.677094 0.006752 4337.000000 947.000000 0.767728 
510.677734 0.011462 4400.000000 956.000000 0.777201 
525.676514 0.014160 4472.000000 965.000000 0.789205 
538.675232 0.012754 4535.000000 973.000000 0.795803 
552.340881 0.013041 4585.000000 976.000000 0.813205 
570.006042 0.015446 4659.000000 983.000000 0.824732 
587.338135 0.016890 4720.000000 986.000000 0.842246 
601.670410 0.014621 4772.000000 989.000000 0.853486 
618.002380 0.015567 4839.000000 995.000000 0.857210 
632.667786 0.014881 4901.000000 1001.000000 0.858112 
643.666687 0.011606 4955.000000 1008.000000 0.850922 
656.332275 0.012515 5008.000000 1013.000000 0.853121 
673.330994 0.014924 5071.000000 1017.000000 0.862013 
685.329712 0.014018 5134.000000 1026.000000 0.851155 
698.995117 0.014073 5196.000000 1033.000000 0.849243 
709.660461 0.012576 5261.000000 1044.000000 0.834479 
725.325806 0.014081 5326.000000 1050.000000 0.840521 
732.324768 0.009485 5377.000000 1060.000000 0.824138 
746.656616 0.011846 5450.000000 1070.000000 0.821251 
763.988770 0.014249 5508.000000 1072.000000 0.841679 
770.987671 0.010198 5562.000000 1083.000000 0.823345 
787.319519 0.014620 5635.000000 1091.000000 0.829360 
794.651855 0.009052 5684.000000 1100.000000 0.817296 
800.984131 0.007627 5736.000000 1111.000000 0.802480 
811.982849 0.009374 5799.000000 1121.000000 0.799959 
825.315002 0.012053 5857.000000 1127.000000 0.809717 
840.980469 0.015068 5916.000000 1131.000000 0.826180 
856.312439 0.014404 5983.000000 1138.000000 0.830402 
866.644653 0.011410 6038.000000 1146.000000 0.825184 
880.643555 0.013264 6092.000000 1150.000000 0.836208 
899.642029 0.017970 6167.000000 1156.000000 0.847414 
904.974304 0.009820 6219.000000 1168.000000 0.822878 
918.306396 0.011872 6280.000000 1175.000000 0.826013 
931.971680 0.012808 6348.000000 1184.000000 0.823965 
945.970459 0.013644 6408.000000 1190.000000 0.830255 
961.302673 0.014476 6463.000000 1193.000000 0.844157 
975.301636 0.014549 6514.000000 1196.000000 0.854631 
993.633606 0.016452 6581.000000 1200.000000 0.865603 
1008.965759 0.016000 6639.000000 1204.000000 0.871370 
1021.631287 0.013453 6695.000000 1210.000000 0.866784 
1039.300293 0.015579 6763.000000 1215.000000 0.871032 
1051.302490 0.013303 6817.000000 1221.000000 0.866726 
1059.971313 0.010732 6870.000000 1230.000000 0.851156 
1071.640503 0.010870 6932.000000 1239.000000 0.841133 
1092.309814 0.017404 6997.000000 1240.000000 0.865290 
1108.645508 0.016772 7055.000000 1243.000000 0.874913 
1121.647949 0.013418 7115.000000 1250.000000 0.867073 
1132.983398 0.012396 7167.000000 1256.000000 0.862611 
1143.985962 0.011716 7230.000000 1266.000000 0.847426 
1155.655029 0.012255 7289.000000 1274.000000 0.841724 
1167.990723 0.011600 7347.000000 1281.000000 0.839632 
1189.993530 0.018135 7416.000000 1282.000000 0.865516 
1206.996338 0.018148 7485.000000 1288.000000 0.867839 
1221.665405 0.016674 7544.000000 1293.000000 0.869941 
1237.001221 0.015999 7605.000000 1298.000000 0.872087 
1248.003296 0.012740 7656.000000 1304.000000 0.865950 
1263.672729 0.014583 7724.000000 1311.000000 0.862916 
1281.675415 0.016788 7790.000000 1315.000000 0.871895 
1289.011108 0.010193 7848.000000 1327.000000 0.844111 
1302.680664 0.013238 7919.000000 1337.000000 0.837147 
1318.349731 0.014468 7978.000000 1341.000000 0.847732 
1331.019043 0.013299 8043.000000 1350.000000 0.839735 
1346.021484 0.014352 8103.000000 1355.000000 0.846724 
1356.023560 0.012321 8154.000000 1362.000000 0.841858 
1367.359863 0.010468 8227.000000 1375.000000 0.823161 
1387.029541 0.016758 8301.000000 1380.000000 0.840192 
1397.365234 0.012410 8359.000000 1389.000000 0.830940 
1408.367310 0.011085 8410.000000 1395.000000 0.831251 
1421.036255 0.012844 8466.000000 1401.000000 0.834857 
1433.371948 0.013388 8524.000000 1408.000000 0.835638 
1445.374634 0.012046 8590.000000 1418.000000 0.827126 
1460.710815 0.014015 8660.000000 1426.000000 0.829760 
1473.379883 0.012293 8719.000000 1433.000000 0.829282 
1484.381836 0.010683 8767.000000 1438.000000 0.832217 
1497.050415 0.012067 8814.000000 1441.000000 0.842188 
1515.719849 0.015756 8882.000000 1445.000000 0.855741 
1530.389160 0.014643 8947.000000 1452.000000 0.854056 
1544.058228 0.015470 9006.000000 1458.000000 0.855307 
1550.060425 0.008053 9060.000000 1470.000000 0.828986 
1559.062744 0.008311 9117.000000 1480.000000 0.817404 
1573.398560 0.011718 9178.000000 1486.000000 0.824468 
1585.734131 0.012770 9233.000000 1492.000000 0.829206 
1596.402832 0.011713 9283.000000 1498.000000 0.830316 
1614.072021 0.015230 9345.000000 1501.000000 0.847427 
1625.407471 0.012773 9397.000000 1507.000000 0.845763 
1643.410522 0.016636 9472.000000 1514.000000 0.851178 
1653.412842 0.013166 9529.000000 1523.000000 0.840218 
1663.415161 0.010920 9586.000000 1532.000000 0.830568 
1678.750977 0.014598 9647.000000 1537.000000 0.840252 
1691.086792 0.014053 9708.000000 1545.000000 0.836927 
1704.089111 0.013063 9765.000000 1551.000000 0.839309 
1719.091919 0.014513 9834.000000 1559.000000 0.839283 
1729.094360 0.011687 9894.000000 1569.000000 0.827405 
1745.430054 0.013886 9952.000000 1572.000000 0.842943 
1759.098877 0.014264 10005.000000 1576.000000 0.850834 
1774.434570 0.015213 10063.000000 1580.000000 0.859203 
1784.770020 0.011291 10115.000000 1587.000000 0.851260 
1800.772827 0.013653 10184.000000 1594.000000 0.851884 
1816.108887 0.015239 10251.000000 1601.000000 0.852149 
1836.778320 0.019542 10319.000000 1603.000000 0.871878 
1856.780884 0.020358 10382.000000 1604.000000 0.890251 
1875.783447 0.020396 10445.000000 1606.000000 0.901145 
1887.119263 0.016011 10506.000000 1615.000000 0.882183 
1908.789185 0.021081 10586.000000 1620.000000 0.889312 
1927.791870 0.019205 10652.000000 1623.000000 0.896213 
1941.461060 0.015573 10714.000000 1630.000000 0.885181 
1952.796875 0.012455 10775.000000 1639.000000 0.867572 
1965.465820 0.012376 10831.000000 1645.000000 0.863968 
1977.801147 0.012200 10880.000000 1649.000000 0.866106 
1994.136841 0.015698 10938.000000 1652.000000 0.875943 
2011.472778 0.016539 11002.000000 1656.000000 0.880919 
2026.475220 0.015117 11062.000000 1661.000000 0.880120 
2048.144775 0.019981 11136.000000 1664.000000 0.892592 
2065.472656 0.019255 11203.000000 1669.000000 0.892128 
2083.133545 0.018510 11274.000000 1675.000000 0.889008 
2102.128174 0.019071 11340.000000 1678.000000 0.896562 
2112.457275 0.013057 11392.000000 1685.000000 0.881819 
2126.119629 0.012048 11445.000000 1689.000000 0.881976 
2137.781738 0.012483 11501.000000 1696.000000 0.872920 
2149.444336 0.012725 11551.000000 1701.000000 0.871079 
