0.000000 0.000000 0.000000 0.000000 0.000000 
-6.999998 -0.003691 42.000000 21.000000 0.112800 
-8.666664 -0.002881 88.000000 38.000000 0.213821 
-12.333345 -0.003359 134.000000 57.000000 0.292634 
-22.333344 -0.008802 176.000000 81.000000 0.339168 
-30.333319 -0.008671 215.000000 102.000000 0.376473 
-32.999966 -0.005211 261.000000 120.000000 0.422612 
-41.000031 -0.006855 312.000000 145.000000 0.453994 
-52.000080 -0.011419 351.000000 169.000000 0.460729 
-58.333469 -0.006001 395.000000 190.000000 0.483131 
-68.666763 -0.008076 448.000000 218.000000 0.495928 
-80.666649 -0.010736 493.000000 245.000000 0.496892 
-92.333221 -0.010199 530.000000 269.000000 0.494582 
-94.333099 -0.004180 578.000000 287.000000 0.520759 
-100.666328 -0.005060 619.000000 307.000000 0.527464 
-95.666176 0.002317 679.000000 322.000000 0.569236 
-99.332726 -0.001945 725.000000 341.000000 0.573351 
-103.665970 -0.002220 760.000000 357.000000 0.573498 
-107.665848 -0.003390 808.000000 377.000000 0.577026 
-108.332375 -0.001537 863.000000 396.000000 0.590353 
-115.665604 -0.006240 904.000000 417.000000 0.578648 
-118.332146 -0.004138 953.000000 436.000000 0.584666 
-115.998688 -0.000096 1002.000000 450.000000 0.602661 
-115.665245 -0.000569 1045.000000 464.000000 0.610241 
-118.998466 -0.001648 1089.000000 482.000000 0.607871 
-123.665031 -0.002107 1129.000000 500.000000 0.602279 
-125.998329 -0.000965 1173.000000 517.000000 0.604682 
-131.665207 -0.002287 1216.000000 537.000000 0.597779 
-143.332092 -0.006951 1259.000000 563.000000 0.576205 
-146.665680 -0.004814 1309.000000 583.000000 0.581418 
-146.665909 -0.000287 1354.000000 598.000000 0.594535 
-146.999542 -0.001278 1413.000000 618.000000 0.604093 
-147.333130 -0.000422 1463.000000 635.000000 0.611415 
-145.333389 0.001672 1514.000000 650.000000 0.624315 
-149.333603 -0.002795 1556.000000 668.000000 0.615448 
-173.000443 -0.014724 1590.000000 703.000000 0.557251 
-191.334015 -0.017884 1637.000000 737.000000 0.528771 
-207.334229 -0.016604 1679.000000 767.000000 0.511376 
-214.001099 -0.010158 1719.000000 787.000000 0.518026 
-225.334625 -0.013214 1757.000000 811.000000 0.509410 
-234.001526 -0.010039 1803.000000 835.000000 0.515819 
-246.001801 -0.011481 1857.000000 865.000000 0.515999 
-245.668701 -0.004777 1903.000000 880.000000 0.540373 
-251.335602 -0.005039 1949.000000 901.000000 0.546838 
-260.001953 -0.006014 1992.000000 924.000000 0.544376 
-255.668243 0.000496 2050.000000 939.000000 0.578335 
-264.001404 -0.005378 2097.000000 963.000000 0.568582 
-274.334229 -0.009032 2147.000000 990.000000 0.557098 
-284.000397 -0.007984 2196.000000 1016.000000 0.552069 
-298.333344 -0.012417 2234.000000 1043.000000 0.530789 
-310.666351 -0.012541 2266.000000 1066.000000 0.516592 
-315.332550 -0.007445 2312.000000 1086.000000 0.530102 
-319.665314 -0.004394 2368.000000 1109.000000 0.547306 
-319.998260 -0.000281 2406.000000 1122.000000 0.563250 
-326.997772 -0.003130 2454.000000 1145.000000 0.562614 
-331.664001 -0.003335 2497.000000 1164.000000 0.565833 
-339.996948 -0.004932 2535.000000 1185.000000 0.558285 
-349.329926 -0.008421 2570.000000 1206.000000 0.546558 
-351.996185 -0.004702 2610.000000 1222.000000 0.556217 
-357.662415 -0.005055 2653.000000 1242.000000 0.557849 
-369.328644 -0.009114 2696.000000 1268.000000 0.544184 
-371.661499 -0.006177 2743.000000 1286.000000 0.556377 
-368.994324 0.001759 2793.000000 1300.000000 0.583563 
-377.993774 -0.004806 2847.000000 1327.000000 0.574027 
-381.993286 -0.004090 2895.000000 1347.000000 0.577508 
-383.659485 -0.002316 2941.000000 1364.000000 0.586053 
-387.992340 -0.003218 2988.000000 1384.000000 0.586029 
-396.658508 -0.008205 3037.000000 1409.000000 0.572672 
-409.324799 -0.011463 3074.000000 1434.000000 0.550363 
-414.324219 -0.006573 3131.000000 1458.000000 0.560936 
-420.323853 -0.004896 3167.000000 1476.000000 0.559216 
-429.656799 -0.005922 3205.000000 1498.000000 0.550917 
-440.989685 -0.009914 3249.000000 1524.000000 0.539029 
-447.655975 -0.008639 3286.000000 1543.000000 0.538346 
-455.988831 -0.008699 3333.000000 1567.000000 0.538474 
-466.988403 -0.009452 3375.000000 1592.000000 0.530729 
-473.987976 -0.008224 3417.000000 1613.000000 0.532859 
-472.987396 -0.003026 3474.000000 1631.000000 0.560134 
-478.986969 -0.006980 3516.000000 1651.000000 0.557710 
-483.986511 -0.005271 3561.000000 1671.000000 0.561585 
-486.986023 -0.004752 3609.000000 1690.000000 0.569213 
-487.985565 -0.002239 3654.000000 1706.000000 0.580574 
-488.318390 -0.001810 3704.000000 1723.000000 0.591951 
-506.984619 -0.012590 3747.000000 1756.000000 0.552964 
-518.651672 -0.011666 3784.000000 1780.000000 0.538322 
-524.319275 -0.009749 3830.000000 1801.000000 0.542584 
-530.320129 -0.007203 3872.000000 1821.000000 0.545559 
-534.654480 -0.003876 3922.000000 1842.000000 0.556683 
-531.655518 0.000764 3973.000000 1856.000000 0.582615 
-532.656555 -0.000877 4024.000000 1874.000000 0.592110 
-539.657471 -0.003322 4069.000000 1896.000000 0.584539 
-539.658203 -0.001401 4105.000000 1908.000000 0.593467 
-552.659119 -0.008799 4150.000000 1936.000000 0.569185 
-560.993347 -0.008853 4194.000000 1959.000000 0.561359 
-570.327576 -0.008981 4238.000000 1983.000000 0.553056 
-578.661804 -0.008111 4282.000000 2006.000000 0.549697 
-587.329285 -0.008326 4322.000000 2028.000000 0.544036 
-605.330078 -0.014879 4361.000000 2059.000000 0.516529 
-610.664429 -0.009332 4411.000000 2081.000000 0.529912 
-614.331970 -0.006223 4454.000000 2099.000000 0.540742 
-612.666260 -0.000679 4501.000000 2113.000000 0.565556 
0.000000 0.000000 0.000000 0.000000 0.000000 
-7.999999 -0.007124 39.000000 21.000000 0.103206 
-14.666670 -0.006149 82.000000 42.000000 0.197756 
-9.000020 0.001066 135.000000 54.000000 0.301832 
-22.000019 -0.007991 177.000000 81.000000 0.343113 
-26.333321 -0.004326 227.000000 102.000000 0.399702 
-27.333286 -0.000984 281.000000 121.000000 0.453436 
-32.999966 -0.003550 318.000000 139.000000 0.471762 
-37.666706 -0.003562 376.000000 163.000000 0.503086 
-45.666756 -0.005886 415.000000 184.000000 0.508731 
-54.000149 -0.007395 462.000000 208.000000 0.516369 
-64.333527 -0.010273 497.000000 230.000000 0.509776 
-69.000114 -0.007768 555.000000 254.000000 0.529235 
-70.999985 -0.004497 606.000000 273.000000 0.548112 
-60.666607 0.004631 658.000000 280.000000 0.594693 
-57.999989 0.003045 696.000000 290.000000 0.609550 
-49.000061 0.006774 753.000000 300.000000 0.642035 
-51.333458 0.001080 803.000000 319.000000 0.635715 
-44.000195 0.005745 858.000000 330.000000 0.659417 
-42.333595 0.004987 911.000000 346.000000 0.662434 
-45.333660 0.000844 962.000000 366.000000 0.650543 
-32.333740 0.008316 1028.000000 375.000000 0.686058 
-31.667097 0.003577 1081.000000 392.000000 0.678707 
-28.000387 0.003130 1146.000000 410.000000 0.679413 
-15.000350 0.009843 1209.000000 418.000000 0.710073 
-3.667028 0.011680 1273.000000 428.000000 0.728715 
8.666306 0.011147 1334.000000 436.000000 0.746038 
18.999645 0.010511 1389.000000 444.000000 0.756513 
28.999680 0.010553 1443.000000 452.000000 0.764987 
39.666290 0.010198 1508.000000 463.000000 0.767591 
44.332901 0.006028 1552.000000 473.000000 0.759897 
48.332832 0.005314 1606.000000 487.000000 0.747837 
61.999420 0.011111 1668.000000 494.000000 0.766946 
71.999512 0.010148 1713.000000 499.000000 0.778058 
89.666359 0.014695 1784.000000 505.000000 0.799589 
103.333176 0.013532 1843.000000 511.000000 0.809168 
111.999992 0.010136 1902.000000 522.000000 0.799074 
120.666779 0.008562 1949.000000 529.000000 0.798820 
136.666672 0.013460 2021.000000 537.000000 0.809614 
143.999786 0.009070 2064.000000 544.000000 0.805540 
153.999481 0.009370 2124.000000 554.000000 0.800248 
169.332520 0.012975 2182.000000 558.000000 0.817410 
183.332245 0.014141 2236.000000 562.000000 0.829897 
196.331955 0.014479 2293.000000 568.000000 0.834701 
206.998367 0.011961 2343.000000 574.000000 0.834340 
209.664749 0.005888 2399.000000 590.000000 0.799597 
227.997726 0.013436 2469.000000 595.000000 0.819642 
235.664139 0.009615 2519.000000 604.000000 0.810418 
245.997177 0.009702 2577.000000 613.000000 0.806786 
264.997345 0.014168 2643.000000 616.000000 0.829826 
272.664581 0.009222 2699.000000 627.000000 0.813791 
284.665192 0.011172 2759.000000 635.000000 0.815236 
301.332520 0.014352 2824.000000 640.000000 0.829178 
313.999847 0.013664 2889.000000 649.000000 0.826021 
318.333679 0.007955 2938.000000 661.000000 0.804332 
325.667572 0.007915 2993.000000 672.000000 0.794025 
336.668243 0.010555 3059.000000 683.000000 0.792400 
345.668854 0.009018 3119.000000 694.000000 0.785879 
358.669525 0.011887 3185.000000 703.000000 0.792238 
369.670044 0.011213 3236.000000 709.000000 0.799547 
377.670532 0.009671 3284.000000 717.000000 0.797001 
391.004486 0.012380 3345.000000 724.000000 0.805873 
405.671814 0.014976 3410.000000 731.000000 0.815525 
421.339081 0.014759 3469.000000 735.000000 0.829960 
431.339691 0.010922 3529.000000 745.000000 0.819147 
447.006958 0.013663 3588.000000 749.000000 0.833465 
455.007507 0.009517 3642.000000 759.000000 0.819712 
468.674805 0.012307 3704.000000 766.000000 0.824437 
479.675323 0.011634 3755.000000 772.000000 0.826614 
495.675964 0.015022 3818.000000 777.000000 0.838040 
502.343262 0.007674 3880.000000 791.000000 0.810334 
517.676147 0.011714 3953.000000 800.000000 0.813502 
527.008606 0.010254 3996.000000 805.000000 0.817173 
542.340881 0.014382 4048.000000 807.000000 0.836437 
558.006287 0.014605 4110.000000 812.000000 0.844507 
569.005127 0.011965 4167.000000 820.000000 0.837398 
581.670654 0.012767 4223.000000 826.000000 0.840626 
590.669434 0.009596 4283.000000 837.000000 0.824096 
605.334778 0.013056 4348.000000 844.000000 0.829380 
623.000183 0.015680 4410.000000 847.000000 0.846641 
637.332275 0.014629 4471.000000 853.000000 0.848630 
649.997559 0.012752 4539.000000 863.000000 0.837338 
660.663147 0.011660 4592.000000 870.000000 0.835186 
673.328735 0.011840 4645.000000 875.000000 0.839640 
682.994202 0.009428 4704.000000 885.000000 0.826231 
697.992737 0.014145 4776.000000 894.000000 0.828193 
716.658142 0.017406 4838.000000 896.000000 0.850060 
726.323669 0.013116 4894.000000 905.000000 0.838715 
741.322388 0.013495 4957.000000 911.000000 0.842404 
748.654724 0.009654 5006.000000 920.000000 0.828851 
759.653442 0.011215 5069.000000 930.000000 0.821571 
775.985291 0.015480 5142.000000 938.000000 0.827659 
793.317322 0.017096 5206.000000 942.000000 0.843163 
810.316101 0.016515 5266.000000 945.000000 0.856973 
822.648315 0.014584 5321.000000 951.000000 0.855714 
833.647095 0.013056 5381.000000 960.000000 0.845090 
847.979309 0.013447 5436.000000 964.000000 0.853235 
866.311279 0.016159 5503.000000 968.000000 0.863986 
874.976685 0.010229 5565.000000 980.000000 0.839413 
888.308655 0.011788 5632.000000 989.000000 0.833932 
891.974060 0.006252 5694.000000 1006.000000 0.798296 
904.972839 0.011507 5754.000000 1013.000000 0.806180 
913.971558 0.009237 5817.000000 1025.000000 0.794700 
922.970642 0.008704 5862.000000 1031.000000 0.798028 
937.969421 0.012470 5922.000000 1036.000000 0.812769 
947.635010 0.009770 5975.000000 1044.000000 0.808838 
962.967041 0.012721 6039.000000 1050.000000 0.819272 
972.965820 0.010766 6099.000000 1060.000000 0.811558 
982.297974 0.010765 6157.000000 1070.000000 0.805526 
988.630005 0.008164 6221.000000 1085.000000 0.785461 
1008.295166 0.014459 6295.000000 1090.000000 0.809138 
1018.627441 0.012129 6347.000000 1097.000000 0.810695 
1028.294189 0.010740 6400.000000 1105.000000 0.808752 
1042.297119 0.011983 6472.000000 1115.000000 0.808298 
1055.632690 0.013509 6527.000000 1120.000000 0.819247 
1070.968262 0.014169 6582.000000 1123.000000 0.834761 
1084.970703 0.014479 6642.000000 1129.000000 0.839250 
1103.306763 0.016062 6709.000000 1133.000000 0.852717 
1115.642456 0.013812 6767.000000 1140.000000 0.849140 
1129.644775 0.014506 6824.000000 1145.000000 0.853744 
1135.980347 0.009103 6879.000000 1157.000000 0.829533 
1149.982544 0.012451 6933.000000 1161.000000 0.840073 
1169.318848 0.016991 7006.000000 1166.000000 0.853072 
1179.654785 0.012363 7070.000000 1177.000000 0.835593 
1188.657104 0.009418 7127.000000 1187.000000 0.822532 
1206.993042 0.015244 7191.000000 1190.000000 0.842579 
1222.995728 0.015666 7257.000000 1196.000000 0.847989 
1239.331421 0.016523 7315.000000 1199.000000 0.860675 
1257.000488 0.017954 7374.000000 1201.000000 0.875638 
1269.336426 0.014813 7438.000000 1210.000000 0.862055 
1281.338867 0.013462 7498.000000 1218.000000 0.853864 
1295.007690 0.013828 7551.000000 1222.000000 0.859489 
1312.343628 0.016205 7615.000000 1226.000000 0.868099 
1324.345947 0.012940 7672.000000 1233.000000 0.860238 
1327.681396 0.006186 7724.000000 1247.000000 0.824957 
1336.350098 0.006824 7774.000000 1255.000000 0.817558 
1352.686401 0.012603 7847.000000 1263.000000 0.823750 
1364.688477 0.012616 7898.000000 1268.000000 0.830346 
1378.357910 0.014435 7966.000000 1277.000000 0.828932 
1385.360107 0.009882 8020.000000 1288.000000 0.813274 
1403.696045 0.015783 8084.000000 1291.000000 0.834634 
1411.698486 0.010958 8144.000000 1303.000000 0.816359 
1419.700928 0.008967 8204.000000 1315.000000 0.801837 
1424.036133 0.006876 8250.000000 1326.000000 0.787228 
1427.037964 0.004623 8295.000000 1338.000000 0.770599 
1434.706665 0.007005 8345.000000 1347.000000 0.770694 
1448.042480 0.011120 8406.000000 1354.000000 0.784319 
1460.044922 0.012392 8466.000000 1362.000000 0.791679 
1464.046875 0.007486 8514.000000 1374.000000 0.776090 
1464.715698 0.002420 8567.000000 1391.000000 0.748150 
1469.051025 0.004453 8616.000000 1403.000000 0.741801 
1478.386719 0.006773 8674.000000 1413.000000 0.748301 
1494.055786 0.012471 8733.000000 1417.000000 0.775303 
1506.724609 0.012583 8786.000000 1422.000000 0.790574 
1521.393799 0.012951 8848.000000 1428.000000 0.803704 
1536.396240 0.014705 8908.000000 1433.000000 0.817557 
1549.398682 0.013320 8968.000000 1440.000000 0.821150 
1565.734497 0.014299 9029.000000 1444.000000 0.834914 
1580.404053 0.013917 9100.000000 1453.000000 0.832419 
1594.406616 0.013653 9163.000000 1460.000000 0.834733 
1612.075806 0.016057 9225.000000 1463.000000 0.851246 
1626.411499 0.014080 9283.000000 1468.000000 0.854300 
1639.080200 0.013014 9333.000000 1472.000000 0.858931 
1648.082275 0.010065 9384.000000 1480.000000 0.846937 
1661.084839 0.012642 9447.000000 1488.000000 0.843623 
1676.754028 0.014068 9509.000000 1493.000000 0.850742 
1693.423706 0.016244 9583.000000 1501.000000 0.850096 
1704.426147 0.012427 9643.000000 1510.000000 0.839720 
1717.761963 0.012422 9704.000000 1517.000000 0.839049 
1729.764282 0.011878 9761.000000 1524.000000 0.837086 
1740.766968 0.010309 9827.000000 1535.000000 0.823775 
1748.436279 0.008575 9892.000000 1549.000000 0.803065 
1763.772217 0.012330 9956.000000 1555.000000 0.814847 
1776.774902 0.012583 10022.000000 1564.000000 0.814518 
1788.443970 0.013055 10081.000000 1572.000000 0.815489 
1807.113037 0.017054 10140.000000 1573.000000 0.841760 
1818.781982 0.012532 10196.000000 1580.000000 0.838131 
1831.450806 0.012703 10249.000000 1585.000000 0.842501 
1836.119629 0.007742 10302.000000 1598.000000 0.815949 
1839.121704 0.005565 10353.000000 1612.000000 0.791228 
1851.457886 0.009347 10423.000000 1623.000000 0.790731 
1869.460571 0.015561 10489.000000 1627.000000 0.814404 
1882.463135 0.011939 10552.000000 1635.000000 0.814433 
1896.465210 0.013755 10603.000000 1638.000000 0.829735 
1908.800903 0.012016 10661.000000 1645.000000 0.829610 
1924.470215 0.013734 10726.000000 1651.000000 0.836755 
1940.139526 0.015229 10791.000000 1657.000000 0.843075 
1946.808472 0.009424 10847.000000 1669.000000 0.820670 
1961.478027 0.013217 10918.000000 1678.000000 0.822026 
1971.480225 0.011751 10972.000000 1686.000000 0.819075 
1985.816040 0.013216 11033.000000 1692.000000 0.826684 
1994.818115 0.010919 11084.000000 1700.000000 0.821031 
2013.820801 0.016129 11150.000000 1703.000000 0.841604 
2025.156372 0.013447 11205.000000 1710.000000 0.838555 
2037.492310 0.014218 11269.000000 1719.000000 0.834336 
2050.493408 0.014205 11320.000000 1723.000000 0.842869 
2060.155273 0.011094 11379.000000 1733.000000 0.829799 
2064.151367 0.006888 11427.000000 1745.000000 0.807097 
2075.812988 0.010431 11489.000000 1754.000000 0.807192 
