-0.24321 2
-0.237263 1
0 0
0 0
-0.228958 1
-0.22569 1
0 0
-0.2201 2
0 0
0 0
-0.210818 1
0 0
-0.204918 1
0 0
0 0
0 0
-0.189038 1
-0.186763 2
-0.183036 1
-0.181179 2
-0.17928 1
-0.174731 3
-0.171525 1
-0.168655 3
-0.165218 4
-0.161936 3
-0.158792 3
-0.155346 4
-0.151587 3
-0.148122 6
-0.146569 3
-0.142778 7
-0.139782 7
-0.136122 4
-0.132601 8
-0.129456 7
-0.126541 11
-0.123237 17
-0.119939 15
-0.116294 15
-0.113691 18
-0.110361 18
-0.106898 16
-0.103652 33
-0.10037 42
-0.097218 56
-0.0942723 72
-0.0909001 64
-0.0877723 80
-0.0845982 78
-0.0812821 87
-0.0780463 87
-0.0750647 104
-0.0717451 88
-0.0684461 75
-0.0654775 93
-0.0622152 82
-0.0589241 85
-0.0555755 86
-0.0526003 95
-0.0490295 82
-0.0459919 114
-0.0429144 91
-0.0392722 91
-0.0362147 113
-0.0330692 107
-0.0299704 103
-0.0267143 113
-0.0235337 97
-0.0202208 117
-0.0170951 110
-0.0138769 111
-0.0106607 108
-0.00740712 119
-0.00424939 111
-0.00110855 91
0.00208015 118
0.00549981 110
0.00856034 108
0.011865 102
0.0150903 103
0.0181717 84
0.0214066 92
0.0246308 107
0.0279952 94
0.0311909 90
0.0342945 74
0.0374426 105
0.0407483 101
0.0439304 105
0.0472192 103
0.0503877 92
0.0534768 79
0.0568031 83
0.0599834 104
0.0632042 96
0.0665109 88
0.0696536 105
0.0728841 95
0.0762046 78
0.0792494 82
0.0825712 82
0.0857742 84
0.0889054 74
0.0919954 64
0.0955453 52
0.0985302 43
0.101954 25
0.105251 10
0.108313 16
0.111448 11
0.114523 11
0.117861 12
0.12147 9
0.124288 5
0.126849 8
0.131494 5
0.133824 3
0.13725 8
0.13968 2
0 0
0.145818 3
0.149835 2
0.152417 2
0 0
0.16023 4
0.163865 2
0.166038 4
0 0
0.17217 3
0 0
0.179079 2
0 0
0.185672 1
0 0
0 0
0 0
0.197602 1
0.201283 1
0 0
0.209067 1
0.212389 1
0 0
0.218291 1
0.220199 2
0.223742 1
0 0
0 0
0 0
0 0
0 0
0 0
0.246939 1
0.25091 1
0.251372 1
0.255134 1
0 0
0 0
0 0
0 0
0.27303 1
0 0
0 0
0 0
0 0
0 0
0 0
0 0
0 0
0.299688 1
0 0
0 0
0.31048 1
0 0
0 0
0 0
0 0
0.327747 1
0 0
0 0
0.337618 1
0.340462 1
0 0
0 0
0.34933 1
0 0
0 0
0 0
0 0
0 0
0 0
0 0
0 0
0 0
0 0
0 0
0.387985 2
0 0
0 0
0 0
0.39909 1
