-0.270173 2
0 0
-0.265001 1
0 0
0 0
0 0
0 0
0 0
0 0
0 0
0 0
0 0
0 0
-0.232438 1
0 0
0 0
0 0
-0.220864 1
-0.215186 1
-0.212582 1
0 0
-0.206398 1
-0.204026 1
0 0
0 0
0 0
0 0
0 0
-0.187278 1
0 0
0 0
-0.1792 2
0 0
-0.173581 1
-0.16913 1
0 0
-0.163648 2
0 0
-0.158973 1
-0.153898 2
-0.1509 1
-0.149437 1
-0.146264 2
-0.143067 4
-0.140014 1
-0.137192 4
-0.134768 2
-0.132364 1
-0.127853 3
-0.125605 5
-0.122303 5
-0.119327 4
-0.116403 8
-0.113616 8
-0.110298 6
-0.107121 5
-0.104304 10
-0.10189 8
-0.0987367 19
-0.0956258 17
-0.0928298 27
-0.0897174 19
-0.0869939 31
-0.0840444 29
-0.0809757 25
-0.0781367 34
-0.0751679 26
-0.0719641 21
-0.0693688 34
-0.0664302 30
-0.0632474 27
-0.0604969 31
-0.0574542 31
-0.0546317 32
-0.0515396 32
-0.0485888 35
-0.0456999 25
-0.0425582 23
-0.0397653 28
-0.0367903 28
-0.0342305 19
-0.0309345 41
-0.0281246 29
-0.0251143 29
-0.0220099 25
-0.0191819 30
-0.0162616 24
-0.0134798 30
-0.0103735 22
-0.00713546 27
-0.00449225 27
-0.00148566 30
0.00138254 43
0.0042626 28
0.007296 27
0.0103196 28
0.0129309 31
0.0162262 34
0.0191972 18
0.0221392 19
0.0250528 28
0.0279639 25
0.031071 22
0.033809 33
0.0368392 34
0.0398521 23
0.0427655 28
0.0459329 29
0.0488439 25
0.0518758 28
0.0548216 24
0.0576419 28
0.0602906 21
0.0633151 23
0.0662076 20
0.0693211 33
0.0722492 26
0.0751231 21
0.0781947 20
0.0811948 30
0.0840539 21
0.0869844 21
0.089819 16
0.0926419 24
0.0957039 18
0.0987678 15
0.101439 14
0.104751 15
0.107745 7
0.110597 11
0.113368 10
0.11699 5
0.119555 12
0.12296 6
0.125074 3
0.128328 6
0.131311 5
0.134227 7
0.136744 4
0.139858 10
0.143847 2
0.145991 7
0.148731 6
0.152141 5
0.155828 1
0 0
0.160018 3
0.164093 3
0 0
0.169553 4
0.172569 3
0.175546 2
0.178837 1
0.181227 3
0.183631 1
0.186073 2
0.189889 5
0.193715 1
0 0
0.198263 1
0.202233 1
0.205114 1
0.207887 1
0 0
0.213516 2
0.217863 3
0 0
0.22233 1
0 0
0 0
0 0
0.233375 2
0.237435 1
0 0
0 0
0 0
0.249648 1
0 0
0.254868 2
0 0
0 0
0.264331 1
0 0
0 0
0 0
0 0
0 0
0 0
0 0
0 0
0 0
0 0
0 0
0 0
0 0
0 0
0 0
0 0
0 0
0 0
0.318353 1
