-0.918432 1
0 0
0 0
0 0
0 0
0 0
0 0
-0.855799 1
0 0
0 0
0 0
0 0
0 0
0 0
0 0
0 0
0 0
0 0
0 0
0 0
0 0
0 0
0 0
0 0
0 0
-0.707292 1
0 0
0 0
0 0
0 0
0 0
0 0
0 0
0 0
0 0
0 0
-0.608782 1
0 0
-0.59795 1
0 0
0 0
-0.570839 1
-0.563481 2
-0.54875 1
0 0
0 0
0 0
0 0
0 0
0 0
0 0
0 0
0 0
0 0
0 0
0 0
-0.439678 1
0 0
0 0
0 0
0 0
0 0
0 0
0 0
0 0
0 0
0 0
-0.35144 1
0 0
0 0
0 0
-0.320229 1
0 0
-0.300776 1
0 0
-0.279108 1
0 0
0 0
-0.26 1
0 0
0 0
0 0
0 0
0 0
0 0
0 0
-0.186121 1
0 0
-0.170796 1
-0.164274 1
0 0
0 0
0 0
0 0
-0.124697 3
-0.112604 2
0 0
-0.0961493 1
0 0
0 0
0 0
-0.0658427 1
-0.0548052 1
0 0
-0.0405645 1
-0.0311363 1
-0.0206206 3
-0.0122702 3
0 0
0.0025271 1
0 0
0.0219262 2
0.0292326 4
0.0358867 3
0.0458133 2
0.0552849 3
0.0617896 1
0 0
0.0790621 1
0.0898096 2
0.0956055 3
0 0
0.115026 1
0 0
0 0
0 0
0 0
0 0
0 0
0 0
0.179908 1
0 0
0 0
0 0
0.21686 1
0 0
0 0
0 0
0 0
0 0
0 0
0 0
0.278675 1
0 0
0 0
0 0
0.319194 1
0 0
0 0
0 0
0 0
0 0
0 0
0 0
0 0
0 0
0 0
0 0
0 0
0 0
0 0
0.44226 1
0.450945 1
0.458671 1
0 0
0 0
0 0
0 0
0 0
0 0
0 0
0 0
0 0
0 0
0 0
0 0
0 0
0 0
0 0
0 0
0 0
0 0
0 0
0 0
0 0
0 0
0 0
0 0
0 0
0 0
0 0
0 0
0 0
0.713947 1
0 0
0 0
0 0
0 0
0 0
0 0
0.76648 1
