0 0 0.052000 
0 1 -0.029000 
0 2 -0.090000 
0 3 0.001000 
0 4 0.024000 
0 5 0.036000 
0 6 0.031000 
0 7 0.046000 
1 0 -0.068000 
1 1 -0.045000 
1 2 -0.057000 
1 3 -0.037000 
1 4 0.016000 
1 5 -0.050000 
1 6 0.054000 
1 7 -0.035000 
2 0 0.747000 
2 1 0.211000 
2 2 -0.007000 
2 3 -0.033000 
2 4 0.133000 
2 5 -0.033000 
2 6 -0.015000 
2 7 -0.000000 
3 0 0.264000 
3 1 0.174000 
3 2 0.180000 
3 3 0.129000 
3 4 0.041000 
3 5 0.185000 
3 6 0.422000 
3 7 0.557000 
4 0 -0.077000 
4 1 -0.045000 
4 2 -0.028000 
4 3 -0.057000 
4 4 -0.007000 
4 5 0.660000 
4 6 0.526000 
4 7 -0.091000 
5 0 0.107000 
5 1 0.024000 
5 2 0.175000 
5 3 0.732000 
5 4 0.217000 
5 5 -0.140000 
5 6 0.114000 
5 7 -0.023000 
6 0 0.093000 
6 1 0.040000 
6 2 0.014000 
6 3 0.102000 
6 4 0.732000 
6 5 0.363000 
6 6 -0.117000 
6 7 0.011000 
7 0 -0.066000 
7 1 0.309000 
7 2 -0.201000 
7 3 -0.030000 
7 4 0.021000 
7 5 -0.078000 
7 6 0.030000 
7 7 -0.019000 
8 0 -0.093000 
8 1 0.057000 
8 2 0.012000 
8 3 -0.047000 
8 4 0.069000 
8 5 -0.106000 
8 6 0.093000 
8 7 -0.069000 
9 0 0.033000 
9 1 -0.031000 
9 2 -0.000000 
9 3 -0.087000 
9 4 0.018000 
9 5 0.070000 
9 6 -0.091000 
9 7 -0.086000 
10 0 -0.030000 
10 1 -0.146000 
10 2 0.690000 
10 3 0.035000 
10 4 -0.002000 
10 5 0.030000 
10 6 -0.044000 
10 7 0.013000 
11 0 0.030000 
11 1 0.104000 
11 2 0.025000 
11 3 0.013000 
11 4 0.060000 
11 5 0.040000 
11 6 -0.021000 
11 7 0.036000 
12 0 -0.071000 
12 1 -0.017000 
12 2 -0.043000 
12 3 -0.052000 
12 4 -0.018000 
12 5 -0.033000 
12 6 -0.470000 
12 7 0.438000 
13 0 0.112000 
13 1 0.550000 
13 2 0.540000 
13 3 0.142000 
13 4 -0.091000 
13 5 0.113000 
13 6 0.006000 
13 7 0.014000 
14 0 0.032000 
14 1 -0.041000 
14 2 0.011000 
14 3 -0.004000 
14 4 -0.098000 
14 5 0.023000 
14 6 -0.000000 
14 7 -0.028000 
15 0 -0.290000 
15 1 -0.157000 
15 2 -0.232000 
15 3 -0.116000 
15 4 -0.055000 
15 5 -0.187000 
15 6 0.488000 
15 7 0.495000 
