100.000000 1.000000 0.122000 0.969000 
200.000000 1.000000 0.125000 0.952000 
300.000000 1.000000 0.129000 0.936000 
400.000000 1.000000 0.105000 0.919000 
500.000000 1.000000 0.082000 0.902000 
600.000000 1.000000 0.027000 0.885000 
700.000000 1.000000 0.143000 0.870000 
800.000000 1.000000 0.105000 0.855000 
900.000000 1.000000 0.119000 0.840000 
1000.000000 1.000000 0.110000 0.825000 
1100.000000 1.000000 0.118000 0.811000 
1200.000000 1.000000 0.112000 0.797000 
1300.000000 1.000000 0.113000 0.783000 
1400.000000 1.000000 0.116000 0.770000 
1500.000000 1.000000 0.126000 0.757000 
1600.000000 1.000000 0.123000 0.745000 
1700.000000 1.000000 0.115000 0.732000 
1800.000000 1.000000 0.116000 0.720000 
1900.000000 1.000000 0.124000 0.708000 
2000.000000 1.000000 0.114000 0.696000 
2100.000000 1.000000 0.119000 0.684000 
2200.000000 1.000000 0.134000 0.673000 
2300.000000 1.000000 0.134000 0.663000 
2400.000000 1.000000 0.119000 0.652000 
2500.000000 1.000000 0.127000 0.641000 
2600.000000 1.000000 0.119000 0.631000 
2700.000000 1.000000 0.129000 0.621000 
2800.000000 1.000000 0.116000 0.611000 
2900.000000 1.000000 0.116000 0.601000 
3000.000000 1.000000 0.119000 0.591000 
3100.000000 1.000000 0.113000 0.582000 
3200.000000 1.000000 0.118000 0.572000 
3300.000000 1.000000 0.116000 0.563000 
3400.000000 1.000000 0.115000 0.554000 
3500.000000 1.000000 0.119000 0.545000 
3600.000000 1.000000 0.114000 0.537000 
3700.000000 1.000000 0.118000 0.528000 
3800.000000 1.000000 0.115000 0.520000 
3900.000000 1.000000 0.113000 0.512000 
4000.000000 1.000000 0.112000 0.504000 
4100.000000 1.000000 0.115000 0.496000 
4200.000000 1.000000 0.113000 0.489000 
4300.000000 1.000000 0.119000 0.481000 
4400.000000 1.000000 0.113000 0.474000 
4500.000000 1.000000 0.114000 0.467000 
4600.000000 1.000000 0.130000 0.460000 
4700.000000 1.000000 0.127000 0.453000 
4800.000000 1.000000 0.120000 0.447000 
4900.000000 1.000000 0.128000 0.440000 
5000.000000 2.000000 0.115000 0.434000 
5100.000000 2.000000 0.116000 0.427000 
5200.000000 2.000000 0.117000 0.421000 
5300.000000 2.000000 0.118000 0.415000 
5400.000000 2.000000 0.116000 0.409000 
5500.000000 2.000000 0.122000 0.403000 
5600.000000 2.000000 0.133000 0.398000 
5700.000000 2.000000 0.132000 0.393000 
5800.000000 2.000000 0.118000 0.387000 
5900.000000 2.000000 0.130000 0.382000 
6000.000000 2.000000 0.122000 0.377000 
6100.000000 2.000000 0.123000 0.372000 
6200.000000 2.000000 0.121000 0.367000 
6300.000000 2.000000 0.134000 0.362000 
6400.000000 2.000000 0.129000 0.357000 
6500.000000 2.000000 0.140000 0.353000 
6600.000000 2.000000 0.126000 0.349000 
6700.000000 2.000000 0.133000 0.344000 
6800.000000 2.000000 0.121000 0.340000 
6900.000000 2.000000 0.122000 0.335000 
7000.000000 2.000000 0.119000 0.331000 
7100.000000 2.000000 0.125000 0.327000 
7200.000000 2.000000 0.122000 0.323000 
7300.000000 2.000000 0.140000 0.319000 
7400.000000 2.000000 0.141000 0.316000 
7500.000000 2.000000 0.142000 0.312000 
7600.000000 2.000000 0.123000 0.308000 
7700.000000 2.000000 0.143000 0.305000 
7800.000000 2.000000 0.092000 0.301000 
7900.000000 2.000000 0.083000 0.296000 
8000.000000 2.000000 0.034000 0.291000 
8100.000000 2.000000 0.097000 0.287000 
8200.000000 2.000000 0.192000 0.285000 
8300.000000 2.000000 0.188000 0.283000 
8400.000000 2.000000 0.185000 0.281000 
8500.000000 2.000000 0.184000 0.280000 
8600.000000 2.000000 0.185000 0.278000 
8700.000000 2.000000 0.177000 0.276000 
8800.000000 2.000000 0.080000 0.272000 
8900.000000 2.000000 0.024000 0.267000 
9000.000000 2.000000 0.164000 0.265000 
9100.000000 2.000000 0.141000 0.262000 
9200.000000 2.000000 0.198000 0.261000 
9300.000000 2.000000 0.196000 0.260000 
9400.000000 2.000000 0.186000 0.258000 
9500.000000 2.000000 0.174000 0.256000 
9600.000000 2.000000 0.181000 0.255000 
9700.000000 2.000000 0.170000 0.253000 
9800.000000 2.000000 0.191000 0.252000 
9900.000000 2.000000 0.192000 0.251000 
10000.000000 3.000000 0.174000 0.249000 
10100.000000 3.000000 0.149000 0.247000 
10200.000000 3.000000 0.176000 0.246000 
10300.000000 3.000000 0.142000 0.244000 
10400.000000 3.000000 0.159000 0.242000 
10500.000000 3.000000 0.146000 0.240000 
10600.000000 3.000000 0.158000 0.238000 
10700.000000 3.000000 0.154000 0.237000 
10800.000000 3.000000 0.157000 0.235000 
10900.000000 3.000000 0.153000 0.234000 
11000.000000 3.000000 0.156000 0.232000 
11100.000000 3.000000 0.157000 0.231000 
11200.000000 3.000000 0.153000 0.229000 
11300.000000 3.000000 0.155000 0.228000 
11400.000000 3.000000 0.133000 0.226000 
11500.000000 3.000000 0.151000 0.224000 
11600.000000 3.000000 0.129000 0.222000 
11700.000000 3.000000 0.157000 0.221000 
11800.000000 3.000000 0.159000 0.220000 
11900.000000 3.000000 0.143000 0.218000 
12000.000000 3.000000 0.166000 0.217000 
12100.000000 3.000000 0.166000 0.216000 
12200.000000 3.000000 0.156000 0.215000 
12300.000000 3.000000 0.179000 0.214000 
12400.000000 3.000000 0.152000 0.213000 
12500.000000 3.000000 0.188000 0.212000 
12600.000000 3.000000 0.159000 0.211000 
12700.000000 3.000000 0.188000 0.211000 
12800.000000 3.000000 0.171000 0.210000 
12900.000000 3.000000 0.185000 0.210000 
13000.000000 3.000000 0.168000 0.209000 
13100.000000 3.000000 0.194000 0.208000 
13200.000000 3.000000 0.150000 0.207000 
13300.000000 3.000000 0.181000 0.207000 
13400.000000 3.000000 0.172000 0.206000 
13500.000000 3.000000 0.184000 0.206000 
13600.000000 3.000000 0.173000 0.205000 
13700.000000 3.000000 0.194000 0.205000 
13800.000000 3.000000 0.169000 0.204000 
13900.000000 3.000000 0.179000 0.204000 
14000.000000 3.000000 0.195000 0.203000 
14100.000000 3.000000 0.158000 0.202000 
14200.000000 3.000000 0.196000 0.202000 
14300.000000 3.000000 0.153000 0.201000 
14400.000000 3.000000 0.193000 0.201000 
14500.000000 3.000000 0.169000 0.200000 
14600.000000 3.000000 0.185000 0.200000 
14700.000000 3.000000 0.172000 0.200000 
14800.000000 3.000000 0.193000 0.199000 
14900.000000 3.000000 0.179000 0.199000 
15000.000000 4.000000 0.190000 0.199000 
15100.000000 4.000000 0.175000 0.198000 
15200.000000 4.000000 0.188000 0.198000 
15300.000000 4.000000 0.170000 0.198000 
15400.000000 4.000000 0.192000 0.198000 
15500.000000 4.000000 0.163000 0.197000 
15600.000000 4.000000 0.189000 0.197000 
15700.000000 4.000000 0.160000 0.196000 
15800.000000 4.000000 0.164000 0.195000 
15900.000000 4.000000 0.160000 0.195000 
16000.000000 4.000000 0.152000 0.194000 
16100.000000 4.000000 0.161000 0.193000 
16200.000000 4.000000 0.139000 0.192000 
16300.000000 4.000000 0.153000 0.191000 
16400.000000 4.000000 0.145000 0.190000 
16500.000000 4.000000 0.149000 0.189000 
16600.000000 4.000000 0.134000 0.188000 
16700.000000 4.000000 0.158000 0.188000 
16800.000000 4.000000 0.129000 0.187000 
16900.000000 4.000000 0.154000 0.186000 
17000.000000 4.000000 0.128000 0.185000 
17100.000000 4.000000 0.132000 0.184000 
17200.000000 4.000000 0.140000 0.183000 
17300.000000 4.000000 0.128000 0.182000 
17400.000000 4.000000 0.126000 0.181000 
17500.000000 4.000000 0.126000 0.180000 
17600.000000 4.000000 0.126000 0.178000 
17700.000000 4.000000 0.146000 0.178000 
17800.000000 4.000000 0.122000 0.177000 
17900.000000 4.000000 0.148000 0.176000 
18000.000000 4.000000 0.125000 0.175000 
18100.000000 4.000000 0.149000 0.175000 
18200.000000 4.000000 0.122000 0.174000 
18300.000000 4.000000 0.142000 0.173000 
18400.000000 4.000000 0.149000 0.172000 
18500.000000 4.000000 0.138000 0.172000 
18600.000000 4.000000 0.153000 0.171000 
18700.000000 4.000000 0.152000 0.171000 
18800.000000 4.000000 0.146000 0.170000 
18900.000000 4.000000 0.151000 0.170000 
19000.000000 4.000000 0.130000 0.169000 
19100.000000 4.000000 0.147000 0.169000 
19200.000000 4.000000 0.124000 0.168000 
19300.000000 4.000000 0.146000 0.168000 
19400.000000 4.000000 0.118000 0.167000 
19500.000000 4.000000 0.145000 0.166000 
19600.000000 4.000000 0.116000 0.165000 
19700.000000 4.000000 0.146000 0.165000 
19800.000000 4.000000 0.116000 0.164000 
19900.000000 4.000000 0.146000 0.163000 
20000.000000 5.000000 0.133000 0.163000 
20100.000000 5.000000 0.145000 0.162000 
20200.000000 5.000000 0.141000 0.162000 
20300.000000 5.000000 0.143000 0.162000 
20400.000000 5.000000 0.144000 0.161000 
20500.000000 5.000000 0.117000 0.160000 
20600.000000 5.000000 0.139000 0.160000 
20700.000000 5.000000 0.131000 0.159000 
20800.000000 5.000000 0.140000 0.159000 
20900.000000 5.000000 0.139000 0.159000 
21000.000000 5.000000 0.137000 0.158000 
21100.000000 5.000000 0.122000 0.157000 
21200.000000 5.000000 0.138000 0.157000 
21300.000000 5.000000 0.141000 0.157000 
21400.000000 5.000000 0.133000 0.156000 
21500.000000 5.000000 0.143000 0.156000 
21600.000000 5.000000 0.127000 0.155000 
21700.000000 5.000000 0.137000 0.155000 
21800.000000 5.000000 0.109000 0.154000 
21900.000000 5.000000 0.122000 0.153000 
22000.000000 5.000000 0.108000 0.153000 
22100.000000 5.000000 0.121000 0.152000 
22200.000000 5.000000 0.112000 0.151000 
22300.000000 5.000000 0.141000 0.151000 
22400.000000 5.000000 0.111000 0.150000 
22500.000000 5.000000 0.120000 0.150000 
22600.000000 5.000000 0.108000 0.149000 
22700.000000 5.000000 0.136000 0.148000 
22800.000000 5.000000 0.112000 0.148000 
22900.000000 5.000000 0.122000 0.147000 
23000.000000 5.000000 0.121000 0.147000 
23100.000000 5.000000 0.118000 0.146000 
23200.000000 5.000000 0.119000 0.146000 
23300.000000 5.000000 0.130000 0.145000 
23400.000000 5.000000 0.129000 0.145000 
23500.000000 5.000000 0.134000 0.145000 
23600.000000 5.000000 0.123000 0.144000 
23700.000000 5.000000 0.127000 0.144000 
23800.000000 5.000000 0.129000 0.144000 
23900.000000 5.000000 0.124000 0.143000 
24000.000000 5.000000 0.129000 0.143000 
24100.000000 5.000000 0.131000 0.143000 
24200.000000 5.000000 0.129000 0.142000 
24300.000000 5.000000 0.120000 0.142000 
24400.000000 5.000000 0.130000 0.142000 
24500.000000 5.000000 0.116000 0.141000 
24600.000000 5.000000 0.130000 0.141000 
24700.000000 5.000000 0.116000 0.140000 
24800.000000 5.000000 0.129000 0.140000 
24900.000000 5.000000 0.116000 0.140000 
25000.000000 6.000000 0.122000 0.139000 
25100.000000 6.000000 0.129000 0.139000 
25200.000000 6.000000 0.127000 0.139000 
25300.000000 6.000000 0.126000 0.139000 
25400.000000 6.000000 0.126000 0.138000 
25500.000000 6.000000 0.114000 0.138000 
25600.000000 6.000000 0.118000 0.138000 
25700.000000 6.000000 0.116000 0.137000 
25800.000000 6.000000 0.117000 0.137000 
25900.000000 6.000000 0.120000 0.136000 
26000.000000 6.000000 0.114000 0.136000 
26100.000000 6.000000 0.114000 0.135000 
26200.000000 6.000000 0.123000 0.135000 
26300.000000 6.000000 0.117000 0.135000 
26400.000000 6.000000 0.128000 0.135000 
26500.000000 6.000000 0.119000 0.134000 
26600.000000 6.000000 0.130000 0.134000 
26700.000000 6.000000 0.124000 0.134000 
26800.000000 6.000000 0.125000 0.134000 
26900.000000 6.000000 0.123000 0.134000 
27000.000000 6.000000 0.128000 0.134000 
27100.000000 6.000000 0.119000 0.133000 
27200.000000 6.000000 0.127000 0.133000 
27300.000000 6.000000 0.115000 0.133000 
27400.000000 6.000000 0.119000 0.133000 
27500.000000 6.000000 0.124000 0.132000 
27600.000000 6.000000 0.131000 0.132000 
27700.000000 6.000000 0.122000 0.132000 
27800.000000 6.000000 0.114000 0.132000 
27900.000000 6.000000 0.125000 0.132000 
28000.000000 6.000000 0.123000 0.131000 
28100.000000 6.000000 0.115000 0.131000 
28200.000000 6.000000 0.121000 0.131000 
28300.000000 6.000000 0.130000 0.131000 
28400.000000 6.000000 0.133000 0.131000 
28500.000000 6.000000 0.116000 0.131000 
28600.000000 6.000000 0.117000 0.130000 
28700.000000 6.000000 0.121000 0.130000 
28800.000000 6.000000 0.117000 0.130000 
28900.000000 6.000000 0.115000 0.130000 
29000.000000 6.000000 0.115000 0.129000 
29100.000000 6.000000 0.130000 0.129000 
29200.000000 6.000000 0.115000 0.129000 
29300.000000 6.000000 0.129000 0.129000 
29400.000000 6.000000 0.115000 0.129000 
29500.000000 6.000000 0.121000 0.129000 
29600.000000 6.000000 0.116000 0.128000 
29700.000000 6.000000 0.114000 0.128000 
29800.000000 6.000000 0.123000 0.128000 
29900.000000 6.000000 0.122000 0.128000 
30000.000000 7.000000 0.114000 0.128000 
30100.000000 7.000000 0.124000 0.127000 
30200.000000 7.000000 0.115000 0.127000 
30300.000000 7.000000 0.130000 0.127000 
30400.000000 7.000000 0.119000 0.127000 
30500.000000 7.000000 0.121000 0.127000 
30600.000000 7.000000 0.117000 0.127000 
30700.000000 7.000000 0.116000 0.127000 
30800.000000 7.000000 0.128000 0.127000 
30900.000000 7.000000 0.114000 0.126000 
31000.000000 7.000000 0.114000 0.126000 
31100.000000 7.000000 0.114000 0.126000 
31200.000000 7.000000 0.115000 0.126000 
31300.000000 7.000000 0.129000 0.126000 
31400.000000 7.000000 0.122000 0.126000 
31500.000000 7.000000 0.127000 0.126000 
31600.000000 7.000000 0.121000 0.126000 
31700.000000 7.000000 0.122000 0.126000 
31800.000000 7.000000 0.126000 0.126000 
31900.000000 7.000000 0.122000 0.125000 
32000.000000 7.000000 0.119000 0.125000 
32100.000000 7.000000 0.126000 0.125000 
32200.000000 7.000000 0.114000 0.125000 
32300.000000 7.000000 0.114000 0.125000 
32400.000000 7.000000 0.123000 0.125000 
32500.000000 7.000000 0.116000 0.125000 
32600.000000 7.000000 0.119000 0.125000 
32700.000000 7.000000 0.116000 0.124000 
32800.000000 7.000000 0.114000 0.124000 
32900.000000 7.000000 0.127000 0.124000 
33000.000000 7.000000 0.113000 0.124000 
33100.000000 7.000000 0.119000 0.124000 
33200.000000 7.000000 0.129000 0.124000 
33300.000000 7.000000 0.119000 0.124000 
33400.000000 7.000000 0.129000 0.124000 
33500.000000 7.000000 0.114000 0.124000 
33600.000000 7.000000 0.131000 0.124000 
33700.000000 7.000000 0.116000 0.124000 
33800.000000 7.000000 0.130000 0.124000 
33900.000000 7.000000 0.116000 0.124000 
34000.000000 7.000000 0.131000 0.124000 
34100.000000 7.000000 0.129000 0.124000 
34200.000000 7.000000 0.122000 0.124000 
34300.000000 7.000000 0.117000 0.124000 
34400.000000 7.000000 0.121000 0.124000 
34500.000000 7.000000 0.128000 0.124000 
34600.000000 7.000000 0.117000 0.124000 
34700.000000 7.000000 0.114000 0.124000 
34800.000000 7.000000 0.115000 0.123000 
34900.000000 7.000000 0.116000 0.123000 
35000.000000 8.000000 0.125000 0.123000 
35100.000000 8.000000 0.125000 0.123000 
35200.000000 8.000000 0.114000 0.123000 
35300.000000 8.000000 0.118000 0.123000 
35400.000000 8.000000 0.130000 0.123000 
35500.000000 8.000000 0.114000 0.123000 
35600.000000 8.000000 0.131000 0.123000 
35700.000000 8.000000 0.115000 0.123000 
35800.000000 8.000000 0.130000 0.123000 
35900.000000 8.000000 0.124000 0.123000 
36000.000000 8.000000 0.114000 0.123000 
36100.000000 8.000000 0.132000 0.123000 
36200.000000 8.000000 0.120000 0.123000 
36300.000000 8.000000 0.116000 0.123000 
36400.000000 8.000000 0.115000 0.123000 
36500.000000 8.000000 0.118000 0.123000 
36600.000000 8.000000 0.130000 0.123000 
36700.000000 8.000000 0.121000 0.123000 
36800.000000 8.000000 0.130000 0.123000 
36900.000000 8.000000 0.119000 0.123000 
37000.000000 8.000000 0.119000 0.123000 
37100.000000 8.000000 0.119000 0.123000 
37200.000000 8.000000 0.114000 0.122000 
37300.000000 8.000000 0.116000 0.122000 
37400.000000 8.000000 0.115000 0.122000 
37500.000000 8.000000 0.117000 0.122000 
37600.000000 8.000000 0.115000 0.122000 
37700.000000 8.000000 0.128000 0.122000 
37800.000000 8.000000 0.125000 0.122000 
37900.000000 8.000000 0.115000 0.122000 
38000.000000 8.000000 0.128000 0.122000 
38100.000000 8.000000 0.127000 0.122000 
38200.000000 8.000000 0.117000 0.122000 
38300.000000 8.000000 0.121000 0.122000 
38400.000000 8.000000 0.114000 0.122000 
38500.000000 8.000000 0.117000 0.122000 
38600.000000 8.000000 0.131000 0.122000 
38700.000000 8.000000 0.114000 0.122000 
38800.000000 8.000000 0.131000 0.122000 
38900.000000 8.000000 0.121000 0.122000 
39000.000000 8.000000 0.132000 0.122000 
39100.000000 8.000000 0.127000 0.122000 
39200.000000 8.000000 0.128000 0.122000 
39300.000000 8.000000 0.116000 0.122000 
39400.000000 8.000000 0.126000 0.122000 
39500.000000 8.000000 0.117000 0.122000 
39600.000000 8.000000 0.114000 0.122000 
39700.000000 8.000000 0.123000 0.122000 
39800.000000 8.000000 0.119000 0.122000 
39900.000000 8.000000 0.132000 0.122000 
40000.000000 9.000000 0.118000 0.122000 
40100.000000 9.000000 0.117000 0.122000 
40200.000000 9.000000 0.118000 0.122000 
40300.000000 9.000000 0.113000 0.122000 
40400.000000 9.000000 0.114000 0.122000 
40500.000000 9.000000 0.125000 0.122000 
40600.000000 9.000000 0.115000 0.122000 
40700.000000 9.000000 0.114000 0.121000 
40800.000000 9.000000 0.123000 0.121000 
40900.000000 9.000000 0.116000 0.121000 
41000.000000 9.000000 0.131000 0.122000 
41100.000000 9.000000 0.120000 0.122000 
41200.000000 9.000000 0.126000 0.122000 
41300.000000 9.000000 0.122000 0.122000 
41400.000000 9.000000 0.116000 0.122000 
41500.000000 9.000000 0.114000 0.121000 
41600.000000 9.000000 0.132000 0.122000 
41700.000000 9.000000 0.121000 0.122000 
41800.000000 9.000000 0.130000 0.122000 
41900.000000 9.000000 0.115000 0.122000 
42000.000000 9.000000 0.131000 0.122000 
42100.000000 9.000000 0.116000 0.122000 
42200.000000 9.000000 0.118000 0.122000 
42300.000000 9.000000 0.137000 0.122000 
42400.000000 9.000000 0.110000 0.122000 
42500.000000 9.000000 0.117000 0.122000 
42600.000000 9.000000 0.132000 0.122000 
42700.000000 9.000000 0.114000 0.122000 
42800.000000 9.000000 0.117000 0.122000 
42900.000000 9.000000 0.114000 0.121000 
43000.000000 9.000000 0.118000 0.121000 
43100.000000 9.000000 0.116000 0.121000 
43200.000000 9.000000 0.116000 0.121000 
43300.000000 9.000000 0.128000 0.121000 
43400.000000 9.000000 0.123000 0.121000 
43500.000000 9.000000 0.129000 0.121000 
43600.000000 9.000000 0.126000 0.122000 
43700.000000 9.000000 0.116000 0.121000 
43800.000000 9.000000 0.107000 0.121000 
43900.000000 9.000000 0.114000 0.121000 
44000.000000 9.000000 0.130000 0.121000 
44100.000000 9.000000 0.118000 0.121000 
44200.000000 9.000000 0.117000 0.121000 
44300.000000 9.000000 0.124000 0.121000 
