0 0.000000 0.000000 0.000000 0.000000 
100 0.400000 -1.000000 4.000000 0.004000 
200 0.800000 -2.000000 8.000000 0.004000 
300 2.200000 -2.000000 14.000000 0.007333 
400 6.500000 -3.000000 28.000000 0.016250 
500 11.900000 -2.000000 34.000000 0.023800 
600 14.800000 -3.000000 38.000000 0.024667 
700 21.600000 6.000000 47.000000 0.030857 
800 28.799999 6.000000 53.000000 0.036000 
900 35.000000 7.000000 64.000000 0.038889 
1000 40.200001 7.000000 71.000000 0.040200 
1100 43.500000 10.000000 72.000000 0.039545 
1200 47.799999 10.000000 81.000000 0.039833 
1300 50.599998 10.000000 88.000000 0.038923 
1400 56.000000 10.000000 96.000000 0.040000 
1500 63.799999 9.000000 107.000000 0.042533 
1600 69.800003 9.000000 110.000000 0.043625 
1700 72.599998 10.000000 112.000000 0.042706 
1800 78.800003 10.000000 115.000000 0.043778 
1900 87.000000 12.000000 125.000000 0.045789 
2000 92.199997 12.000000 127.000000 0.046100 
2100 97.300003 13.000000 136.000000 0.046333 
2200 103.500000 14.000000 141.000000 0.047045 
2300 108.199997 13.000000 148.000000 0.047043 
2400 114.400002 21.000000 160.000000 0.047667 
2500 119.000000 32.000000 163.000000 0.047600 
2600 125.599998 50.000000 170.000000 0.048308 
2700 130.199997 51.000000 182.000000 0.048222 
2800 135.100006 58.000000 189.000000 0.048250 
2900 138.300003 60.000000 194.000000 0.047690 
3000 141.199997 66.000000 196.000000 0.047067 
3100 143.699997 68.000000 198.000000 0.046355 
3200 149.699997 71.000000 211.000000 0.046781 
3300 155.000000 74.000000 215.000000 0.046970 
3400 163.300003 84.000000 222.000000 0.048029 
3500 165.000000 85.000000 228.000000 0.047143 
3600 171.600006 96.000000 245.000000 0.047667 
3700 175.100006 97.000000 247.000000 0.047324 
3800 178.500000 98.000000 249.000000 0.046974 
3900 185.000000 105.000000 256.000000 0.047436 
4000 189.300003 110.000000 260.000000 0.047325 
4100 193.300003 110.000000 272.000000 0.047146 
4200 199.100006 116.000000 275.000000 0.047405 
4300 202.600006 119.000000 276.000000 0.047116 
4400 205.800003 127.000000 276.000000 0.046773 
4500 209.500000 138.000000 277.000000 0.046556 
4600 215.100006 144.000000 277.000000 0.046761 
4700 219.000000 151.000000 278.000000 0.046596 
4800 221.899994 154.000000 283.000000 0.046229 
4900 225.800003 157.000000 288.000000 0.046082 
5000 230.300003 160.000000 291.000000 0.046060 
5100 235.600006 162.000000 305.000000 0.046196 
5200 241.100006 164.000000 309.000000 0.046365 
5300 243.399994 163.000000 311.000000 0.045925 
5400 247.300003 172.000000 314.000000 0.045796 
5500 251.600006 187.000000 318.000000 0.045745 
5600 255.399994 197.000000 325.000000 0.045607 
5700 260.700012 204.000000 331.000000 0.045737 
5800 268.299988 212.000000 338.000000 0.046259 
5900 273.000000 217.000000 341.000000 0.046271 
6000 276.700012 219.000000 346.000000 0.046117 
6100 280.000000 219.000000 353.000000 0.045902 
6200 284.600006 224.000000 359.000000 0.045903 
6300 291.000000 229.000000 372.000000 0.046190 
6400 298.000000 235.000000 377.000000 0.046563 
6500 305.700012 238.000000 383.000000 0.047031 
6600 308.700012 239.000000 384.000000 0.046773 
6700 311.600006 241.000000 384.000000 0.046507 
6800 315.399994 242.000000 393.000000 0.046382 
6900 321.600006 248.000000 403.000000 0.046609 
7000 325.299988 251.000000 404.000000 0.046471 
7100 327.600006 256.000000 404.000000 0.046141 
7200 332.799988 260.000000 416.000000 0.046222 
7300 337.000000 265.000000 420.000000 0.046164 
7400 342.200012 267.000000 437.000000 0.046243 
7500 347.600006 266.000000 444.000000 0.046347 
7600 349.700012 269.000000 445.000000 0.046013 
7700 352.399994 270.000000 447.000000 0.045766 
7800 357.000000 277.000000 448.000000 0.045769 
7900 359.399994 277.000000 452.000000 0.045494 
8000 365.899994 285.000000 453.000000 0.045737 
8100 370.700012 292.000000 458.000000 0.045765 
8200 374.700012 294.000000 462.000000 0.045695 
8300 378.399994 300.000000 462.000000 0.045590 
8400 382.000000 306.000000 461.000000 0.045476 
8500 387.299988 311.000000 464.000000 0.045565 
8600 391.700012 317.000000 464.000000 0.045547 
8700 398.600006 326.000000 465.000000 0.045816 
8800 405.700012 338.000000 471.000000 0.046102 
8900 412.299988 340.000000 482.000000 0.046326 
9000 417.700012 342.000000 492.000000 0.046411 
9100 422.899994 342.000000 497.000000 0.046473 
9200 427.600006 346.000000 504.000000 0.046478 
9300 432.000000 350.000000 511.000000 0.046452 
9400 434.399994 353.000000 512.000000 0.046213 
9500 440.500000 354.000000 518.000000 0.046368 
9600 444.000000 355.000000 520.000000 0.046250 
9700 449.799988 361.000000 529.000000 0.046371 
9800 454.600006 363.000000 530.000000 0.046388 
9900 458.200012 365.000000 536.000000 0.046283 
10000 462.700012 370.000000 538.000000 0.046270 
10100 468.299988 382.000000 538.000000 0.046366 
10200 475.100006 386.000000 542.000000 0.046578 
10300 479.500000 389.000000 543.000000 0.046553 
10400 482.299988 389.000000 545.000000 0.046375 
10500 486.899994 400.000000 547.000000 0.046371 
10600 490.500000 403.000000 560.000000 0.046274 
10700 494.600006 413.000000 564.000000 0.046224 
10800 498.100006 414.000000 567.000000 0.046120 
10900 503.700012 422.000000 583.000000 0.046211 
11000 508.100006 428.000000 593.000000 0.046191 
11100 514.099976 433.000000 603.000000 0.046315 
11200 520.200012 438.000000 602.000000 0.046446 
11300 525.599976 443.000000 605.000000 0.046513 
11400 530.799988 459.000000 609.000000 0.046561 
11500 535.099976 462.000000 615.000000 0.046530 
11600 541.700012 466.000000 623.000000 0.046698 
11700 547.799988 469.000000 624.000000 0.046821 
11800 551.400024 476.000000 628.000000 0.046729 
11900 555.299988 485.000000 628.000000 0.046664 
12000 558.299988 491.000000 630.000000 0.046525 
12100 562.799988 507.000000 634.000000 0.046512 
12200 566.099976 512.000000 638.000000 0.046402 
12300 569.099976 517.000000 642.000000 0.046268 
12400 570.700012 518.000000 644.000000 0.046024 
12500 574.700012 525.000000 647.000000 0.045976 
12600 578.400024 530.000000 652.000000 0.045905 
12700 581.799988 531.000000 655.000000 0.045811 
12800 585.299988 531.000000 658.000000 0.045727 
12900 587.900024 535.000000 658.000000 0.045574 
13000 590.400024 535.000000 658.000000 0.045415 
13100 592.200012 541.000000 657.000000 0.045206 
13200 595.700012 544.000000 657.000000 0.045129 
13300 598.000000 549.000000 657.000000 0.044962 
13400 602.200012 566.000000 657.000000 0.044940 
13500 607.099976 569.000000 659.000000 0.044970 
13600 613.299988 575.000000 662.000000 0.045096 
13700 614.700012 575.000000 663.000000 0.044869 
13800 619.799988 579.000000 668.000000 0.044913 
13900 624.099976 585.000000 673.000000 0.044899 
14000 629.400024 587.000000 679.000000 0.044957 
14100 635.200012 591.000000 690.000000 0.045050 
14200 640.500000 590.000000 690.000000 0.045106 
14300 645.599976 592.000000 692.000000 0.045147 
14400 651.200012 603.000000 696.000000 0.045222 
14500 656.500000 608.000000 696.000000 0.045276 
14600 659.400024 616.000000 697.000000 0.045164 
14700 663.200012 622.000000 699.000000 0.045116 
14800 666.400024 630.000000 709.000000 0.045027 
14900 670.400024 637.000000 713.000000 0.044993 
15000 672.900024 639.000000 716.000000 0.044860 
15100 679.200012 647.000000 723.000000 0.044980 
15200 684.400024 655.000000 730.000000 0.045026 
15300 687.700012 658.000000 731.000000 0.044948 
15400 691.700012 661.000000 737.000000 0.044916 
15500 694.799988 662.000000 744.000000 0.044826 
15600 697.599976 663.000000 745.000000 0.044718 
15700 704.000000 664.000000 754.000000 0.044841 
15800 708.500000 671.000000 766.000000 0.044842 
15900 712.299988 682.000000 770.000000 0.044799 
16000 716.400024 683.000000 773.000000 0.044775 
16100 720.700012 687.000000 777.000000 0.044764 
16200 723.900024 688.000000 779.000000 0.044685 
16300 729.700012 688.000000 786.000000 0.044767 
16400 734.799988 688.000000 796.000000 0.044805 
16500 738.500000 689.000000 798.000000 0.044758 
16600 745.200012 689.000000 806.000000 0.044892 
16700 748.400024 688.000000 808.000000 0.044814 
16800 753.299988 691.000000 811.000000 0.044839 
16900 758.400024 691.000000 812.000000 0.044876 
17000 763.599976 695.000000 819.000000 0.044918 
17100 769.099976 696.000000 831.000000 0.044977 
17200 773.200012 696.000000 838.000000 0.044953 
17300 778.900024 696.000000 846.000000 0.045023 
17400 785.599976 696.000000 862.000000 0.045149 
17500 790.900024 697.000000 870.000000 0.045194 
17600 794.299988 706.000000 873.000000 0.045131 
17700 798.500000 706.000000 882.000000 0.045113 
17800 800.500000 706.000000 884.000000 0.044972 
17900 802.400024 705.000000 890.000000 0.044827 
18000 806.099976 710.000000 891.000000 0.044783 
18100 808.900024 709.000000 892.000000 0.044691 
18200 811.400024 716.000000 892.000000 0.044582 
18300 814.400024 723.000000 894.000000 0.044503 
18400 819.200012 731.000000 894.000000 0.044522 
18500 825.200012 742.000000 896.000000 0.044605 
18600 831.200012 744.000000 898.000000 0.044688 
18700 834.900024 743.000000 899.000000 0.044647 
18800 836.400024 743.000000 900.000000 0.044489 
18900 843.200012 746.000000 903.000000 0.044614 
19000 849.099976 750.000000 905.000000 0.044689 
19100 854.000000 750.000000 906.000000 0.044712 
19200 858.200012 750.000000 920.000000 0.044698 
19300 861.400024 753.000000 925.000000 0.044632 
19400 865.900024 755.000000 939.000000 0.044634 
19500 869.000000 755.000000 947.000000 0.044564 
19600 873.200012 760.000000 952.000000 0.044551 
19700 877.000000 761.000000 958.000000 0.044518 
19800 880.299988 761.000000 965.000000 0.044460 
19900 883.200012 761.000000 965.000000 0.044382 
20000 886.900024 762.000000 972.000000 0.044345 
20100 891.299988 762.000000 974.000000 0.044343 
20200 895.299988 762.000000 979.000000 0.044322 
20300 898.099976 761.000000 980.000000 0.044241 
20400 900.799988 761.000000 982.000000 0.044157 
20500 903.799988 761.000000 985.000000 0.044088 
20600 910.099976 762.000000 993.000000 0.044180 
20700 916.400024 764.000000 1001.000000 0.044271 
20800 923.000000 765.000000 1007.000000 0.044375 
20900 927.700012 766.000000 1012.000000 0.044388 
21000 931.000000 776.000000 1014.000000 0.044333 
21100 933.700012 779.000000 1020.000000 0.044251 
21200 938.299988 784.000000 1021.000000 0.044259 
21300 942.599976 785.000000 1029.000000 0.044254 
21400 947.400024 798.000000 1037.000000 0.044271 
21500 951.599976 801.000000 1037.000000 0.044260 
21600 954.799988 801.000000 1037.000000 0.044204 
21700 958.099976 805.000000 1039.000000 0.044152 
21800 962.099976 806.000000 1050.000000 0.044133 
21900 966.200012 821.000000 1050.000000 0.044119 
22000 970.599976 833.000000 1048.000000 0.044118 
22100 975.799988 836.000000 1052.000000 0.044154 
22200 978.599976 838.000000 1051.000000 0.044081 
22300 983.500000 845.000000 1051.000000 0.044103 
22400 986.099976 848.000000 1051.000000 0.044022 
22500 990.500000 850.000000 1051.000000 0.044022 
22600 998.400024 868.000000 1067.000000 0.044177 
22700 1004.000000 879.000000 1070.000000 0.044229 
22800 1007.700012 881.000000 1082.000000 0.044197 
22900 1015.000000 898.000000 1095.000000 0.044323 
23000 1018.700012 898.000000 1101.000000 0.044291 
23100 1022.099976 899.000000 1112.000000 0.044247 
23200 1027.599976 900.000000 1119.000000 0.044293 
23300 1033.400024 903.000000 1131.000000 0.044352 
23400 1038.699951 909.000000 1135.000000 0.044389 
23500 1044.699951 919.000000 1141.000000 0.044455 
23600 1048.500000 920.000000 1148.000000 0.044428 
23700 1052.800049 924.000000 1151.000000 0.044422 
23800 1059.699951 943.000000 1166.000000 0.044525 
23900 1067.599976 956.000000 1173.000000 0.044669 
24000 1074.400024 962.000000 1181.000000 0.044767 
24100 1079.500000 964.000000 1185.000000 0.044793 
24200 1084.000000 970.000000 1190.000000 0.044793 
24300 1087.500000 973.000000 1191.000000 0.044753 
24400 1094.000000 978.000000 1204.000000 0.044836 
24500 1096.699951 978.000000 1205.000000 0.044763 
24600 1100.099976 979.000000 1206.000000 0.044720 
24700 1105.099976 985.000000 1215.000000 0.044741 
24800 1109.599976 990.000000 1215.000000 0.044742 
24900 1111.500000 992.000000 1215.000000 0.044639 
25000 1113.199951 994.000000 1218.000000 0.044528 
25100 1117.900024 997.000000 1224.000000 0.044538 
25200 1122.199951 999.000000 1228.000000 0.044532 
25300 1126.000000 1002.000000 1233.000000 0.044506 
25400 1130.199951 1006.000000 1239.000000 0.044496 
25500 1135.199951 1009.000000 1244.000000 0.044518 
25600 1138.699951 1014.000000 1248.000000 0.044480 
25700 1143.300049 1016.000000 1252.000000 0.044486 
25800 1147.599976 1020.000000 1255.000000 0.044481 
25900 1150.800049 1030.000000 1260.000000 0.044432 
26000 1155.400024 1046.000000 1263.000000 0.044438 
26100 1160.900024 1057.000000 1269.000000 0.044479 
26200 1165.599976 1063.000000 1275.000000 0.044489 
26300 1171.900024 1066.000000 1287.000000 0.044559 
26400 1179.199951 1069.000000 1304.000000 0.044667 
26500 1185.099976 1071.000000 1305.000000 0.044721 
26600 1191.300049 1073.000000 1314.000000 0.044786 
26700 1197.199951 1079.000000 1319.000000 0.044839 
26800 1204.800049 1086.000000 1326.000000 0.044955 
26900 1208.199951 1087.000000 1331.000000 0.044914 
27000 1216.900024 1092.000000 1336.000000 0.045070 
27100 1223.900024 1099.000000 1346.000000 0.045162 
27200 1229.099976 1102.000000 1351.000000 0.045187 
27300 1231.099976 1102.000000 1351.000000 0.045095 
27400 1235.800049 1105.000000 1352.000000 0.045102 
27500 1242.900024 1110.000000 1365.000000 0.045196 
27600 1245.400024 1115.000000 1372.000000 0.045123 
27700 1249.900024 1115.000000 1384.000000 0.045123 
27800 1253.000000 1115.000000 1389.000000 0.045072 
27900 1257.500000 1117.000000 1400.000000 0.045072 
28000 1261.199951 1117.000000 1408.000000 0.045043 
28100 1267.000000 1119.000000 1414.000000 0.045089 
28200 1268.800049 1125.000000 1415.000000 0.044993 
28300 1271.199951 1133.000000 1418.000000 0.044919 
28400 1274.099976 1139.000000 1424.000000 0.044863 
28500 1278.800049 1146.000000 1432.000000 0.044870 
28600 1283.599976 1150.000000 1439.000000 0.044881 
28700 1286.599976 1154.000000 1442.000000 0.044829 
28800 1290.199951 1159.000000 1444.000000 0.044799 
28900 1293.599976 1161.000000 1446.000000 0.044761 
29000 1296.800049 1162.000000 1451.000000 0.044717 
29100 1301.000000 1162.000000 1466.000000 0.044708 
29200 1304.699951 1164.000000 1471.000000 0.044682 
29300 1310.500000 1171.000000 1482.000000 0.044727 
29400 1319.800049 1189.000000 1501.000000 0.044891 
29500 1326.300049 1192.000000 1512.000000 0.044959 
29600 1330.300049 1192.000000 1516.000000 0.044943 
29700 1334.199951 1193.000000 1518.000000 0.044923 
29800 1337.599976 1193.000000 1518.000000 0.044886 
29900 1340.500000 1193.000000 1518.000000 0.044833 
30000 1344.900024 1205.000000 1528.000000 0.044830 
30100 1350.099976 1216.000000 1542.000000 0.044854 
30200 1354.800049 1221.000000 1552.000000 0.044861 
30300 1357.199951 1223.000000 1553.000000 0.044792 
30400 1360.900024 1224.000000 1562.000000 0.044766 
30500 1365.099976 1232.000000 1565.000000 0.044757 
30600 1370.300049 1244.000000 1567.000000 0.044781 
30700 1372.599976 1246.000000 1576.000000 0.044710 
30800 1375.599976 1257.000000 1583.000000 0.044662 
30900 1379.300049 1261.000000 1594.000000 0.044638 
31000 1384.900024 1268.000000 1600.000000 0.044674 
31100 1389.699951 1270.000000 1607.000000 0.044685 
31200 1394.000000 1275.000000 1617.000000 0.044679 
31300 1400.099976 1284.000000 1630.000000 0.044732 
31400 1405.800049 1288.000000 1636.000000 0.044771 
31500 1410.099976 1299.000000 1644.000000 0.044765 
31600 1414.500000 1299.000000 1656.000000 0.044763 
31700 1418.699951 1301.000000 1667.000000 0.044754 
31800 1424.699951 1309.000000 1677.000000 0.044802 
31900 1430.500000 1313.000000 1683.000000 0.044843 
32000 1434.500000 1313.000000 1688.000000 0.044828 
32100 1437.500000 1315.000000 1704.000000 0.044782 
32200 1445.000000 1323.000000 1713.000000 0.044876 
32300 1451.800049 1324.000000 1729.000000 0.044947 
32400 1456.699951 1325.000000 1740.000000 0.044960 
32500 1460.400024 1326.000000 1744.000000 0.044935 
32600 1463.800049 1326.000000 1746.000000 0.044902 
32700 1468.699951 1325.000000 1760.000000 0.044914 
32800 1472.500000 1331.000000 1774.000000 0.044893 
32900 1474.400024 1331.000000 1782.000000 0.044815 
33000 1477.599976 1331.000000 1798.000000 0.044776 
33100 1481.000000 1333.000000 1803.000000 0.044743 
33200 1487.000000 1337.000000 1821.000000 0.044789 
33300 1491.099976 1339.000000 1829.000000 0.044778 
33400 1495.199951 1341.000000 1835.000000 0.044766 
33500 1499.300049 1348.000000 1839.000000 0.044755 
33600 1502.199951 1352.000000 1845.000000 0.044708 
33700 1505.500000 1353.000000 1849.000000 0.044674 
33800 1509.900024 1355.000000 1851.000000 0.044672 
33900 1513.599976 1356.000000 1856.000000 0.044649 
34000 1519.500000 1363.000000 1872.000000 0.044691 
34100 1521.699951 1363.000000 1879.000000 0.044625 
34200 1525.300049 1366.000000 1887.000000 0.044599 
34300 1530.000000 1373.000000 1889.000000 0.044606 
34400 1533.199951 1376.000000 1894.000000 0.044570 
34500 1536.400024 1383.000000 1895.000000 0.044533 
34600 1539.400024 1391.000000 1896.000000 0.044491 
34700 1545.699951 1398.000000 1906.000000 0.044545 
34800 1549.400024 1402.000000 1909.000000 0.044523 
34900 1554.599976 1405.000000 1914.000000 0.044544 
35000 1558.800049 1407.000000 1917.000000 0.044537 
35100 1566.000000 1421.000000 1920.000000 0.044615 
35200 1571.400024 1428.000000 1933.000000 0.044642 
35300 1574.900024 1445.000000 1935.000000 0.044615 
35400 1581.000000 1450.000000 1951.000000 0.044661 
35500 1587.000000 1454.000000 1962.000000 0.044704 
35600 1592.800049 1458.000000 1972.000000 0.044742 
35700 1597.199951 1459.000000 1979.000000 0.044739 
35800 1602.699951 1461.000000 1989.000000 0.044768 
35900 1608.199951 1463.000000 2000.000000 0.044797 
36000 1615.599976 1468.000000 2008.000000 0.044878 
36100 1620.599976 1471.000000 2021.000000 0.044892 
36200 1625.500000 1471.000000 2024.000000 0.044903 
36300 1631.199951 1478.000000 2032.000000 0.044937 
36400 1634.000000 1479.000000 2039.000000 0.044890 
36500 1636.400024 1479.000000 2051.000000 0.044833 
36600 1639.400024 1480.000000 2065.000000 0.044792 
36700 1643.300049 1481.000000 2081.000000 0.044777 
36800 1647.099976 1491.000000 2093.000000 0.044758 
36900 1650.900024 1493.000000 2098.000000 0.044740 
37000 1654.199951 1498.000000 2104.000000 0.044708 
37100 1656.099976 1500.000000 2109.000000 0.044639 
37200 1659.000000 1506.000000 2116.000000 0.044597 
37300 1665.199951 1513.000000 2126.000000 0.044643 
37400 1670.199951 1518.000000 2131.000000 0.044658 
37500 1675.400024 1521.000000 2155.000000 0.044677 
37600 1677.500000 1522.000000 2161.000000 0.044614 
37700 1680.300049 1522.000000 2171.000000 0.044570 
37800 1683.400024 1522.000000 2179.000000 0.044534 
37900 1685.900024 1531.000000 2181.000000 0.044483 
38000 1691.599976 1538.000000 2194.000000 0.044516 
38100 1696.000000 1551.000000 2201.000000 0.044514 
38200 1698.699951 1558.000000 2206.000000 0.044469 
38300 1702.099976 1565.000000 2212.000000 0.044441 
38400 1705.199951 1569.000000 2215.000000 0.044406 
38500 1709.300049 1573.000000 2219.000000 0.044397 
38600 1713.800049 1577.000000 2222.000000 0.044399 
38700 1717.400024 1583.000000 2224.000000 0.044377 
38800 1720.800049 1586.000000 2225.000000 0.044351 
38900 1723.300049 1598.000000 2226.000000 0.044301 
39000 1728.300049 1603.000000 2233.000000 0.044315 
39100 1732.699951 1615.000000 2238.000000 0.044315 
39200 1737.800049 1620.000000 2240.000000 0.044332 
39300 1745.099976 1629.000000 2244.000000 0.044405 
39400 1747.800049 1632.000000 2246.000000 0.044360 
39500 1752.000000 1637.000000 2247.000000 0.044354 
39600 1760.000000 1645.000000 2256.000000 0.044444 
39700 1764.199951 1652.000000 2262.000000 0.044438 
39800 1766.099976 1653.000000 2263.000000 0.044374 
39900 1772.900024 1655.000000 2266.000000 0.044434 
40000 1776.699951 1655.000000 2265.000000 0.044418 
40100 1780.099976 1654.000000 2268.000000 0.044392 
40200 1784.300049 1660.000000 2268.000000 0.044386 
40300 1790.699951 1665.000000 2274.000000 0.044434 
40400 1796.400024 1672.000000 2275.000000 0.044465 
40500 1802.199951 1676.000000 2275.000000 0.044499 
40600 1809.099976 1679.000000 2278.000000 0.044559 
40700 1812.599976 1679.000000 2280.000000 0.044536 
40800 1818.300049 1679.000000 2289.000000 0.044566 
40900 1823.699951 1683.000000 2291.000000 0.044589 
41000 1829.199951 1686.000000 2295.000000 0.044615 
41100 1834.900024 1688.000000 2309.000000 0.044645 
41200 1840.599976 1692.000000 2315.000000 0.044675 
41300 1844.699951 1692.000000 2317.000000 0.044666 
41400 1848.900024 1693.000000 2318.000000 0.044659 
41500 1853.099976 1696.000000 2320.000000 0.044653 
41600 1856.000000 1697.000000 2325.000000 0.044615 
41700 1859.800049 1702.000000 2326.000000 0.044600 
41800 1863.400024 1712.000000 2329.000000 0.044579 
41900 1864.800049 1716.000000 2335.000000 0.044506 
42000 1869.000000 1728.000000 2342.000000 0.044500 
42100 1873.400024 1736.000000 2351.000000 0.044499 
42200 1878.500000 1747.000000 2358.000000 0.044514 
42300 1884.699951 1756.000000 2364.000000 0.044556 
42400 1891.500000 1765.000000 2373.000000 0.044611 
42500 1896.199951 1771.000000 2375.000000 0.044616 
42600 1898.400024 1772.000000 2377.000000 0.044563 
42700 1904.199951 1781.000000 2379.000000 0.044595 
42800 1910.199951 1793.000000 2383.000000 0.044631 
42900 1915.300049 1809.000000 2389.000000 0.044646 
43000 1921.500000 1813.000000 2394.000000 0.044686 
43100 1924.800049 1814.000000 2395.000000 0.044659 
43200 1929.900024 1816.000000 2398.000000 0.044674 
43300 1933.000000 1816.000000 2402.000000 0.044642 
43400 1935.199951 1817.000000 2404.000000 0.044590 
43500 1940.500000 1817.000000 2407.000000 0.044609 
43600 1946.099976 1819.000000 2413.000000 0.044635 
43700 1950.500000 1820.000000 2414.000000 0.044634 
43800 1952.400024 1819.000000 2422.000000 0.044575 
43900 1955.699951 1821.000000 2427.000000 0.044549 
44000 1960.800049 1825.000000 2440.000000 0.044564 
44100 1964.300049 1827.000000 2446.000000 0.044542 
44200 1967.300049 1827.000000 2449.000000 0.044509 
44300 1969.699951 1826.000000 2452.000000 0.044463 
44400 1972.099976 1826.000000 2454.000000 0.044417 
44500 1974.800049 1826.000000 2455.000000 0.044378 
44600 1979.800049 1831.000000 2460.000000 0.044390 
44700 1985.699951 1838.000000 2467.000000 0.044423 
44800 1991.900024 1839.000000 2474.000000 0.044462 
44900 1997.599976 1841.000000 2474.000000 0.044490 
45000 2001.800049 1845.000000 2482.000000 0.044484 
45100 2007.400024 1854.000000 2495.000000 0.044510 
45200 2011.300049 1854.000000 2505.000000 0.044498 
45300 2015.599976 1860.000000 2508.000000 0.044494 
45400 2018.400024 1861.000000 2512.000000 0.044458 
45500 2021.900024 1862.000000 2516.000000 0.044437 
45600 2025.300049 1864.000000 2519.000000 0.044414 
45700 2030.400024 1864.000000 2527.000000 0.044429 
45800 2035.000000 1873.000000 2532.000000 0.044432 
45900 2036.599976 1874.000000 2534.000000 0.044370 
46000 2039.400024 1875.000000 2537.000000 0.044335 
46100 2044.099976 1876.000000 2542.000000 0.044341 
46200 2049.199951 1879.000000 2547.000000 0.044355 
46300 2054.100098 1878.000000 2549.000000 0.044365 
46400 2057.600098 1877.000000 2552.000000 0.044345 
46500 2061.000000 1878.000000 2552.000000 0.044323 
46600 2068.000000 1879.000000 2559.000000 0.044378 
46700 2071.000000 1878.000000 2561.000000 0.044347 
46800 2077.199951 1881.000000 2571.000000 0.044385 
46900 2080.100098 1881.000000 2576.000000 0.044352 
47000 2083.899902 1880.000000 2588.000000 0.044338 
47100 2087.300049 1879.000000 2592.000000 0.044316 
47200 2089.899902 1879.000000 2598.000000 0.044278 
47300 2094.899902 1880.000000 2608.000000 0.044290 
47400 2099.600098 1880.000000 2614.000000 0.044295 
47500 2104.399902 1880.000000 2625.000000 0.044303 
47600 2108.300049 1888.000000 2635.000000 0.044292 
47700 2111.300049 1894.000000 2640.000000 0.044262 
47800 2117.300049 1903.000000 2658.000000 0.044295 
47900 2121.899902 1910.000000 2663.000000 0.044299 
48000 2126.699951 1919.000000 2671.000000 0.044306 
48100 2131.600098 1927.000000 2684.000000 0.044316 
48200 2137.199951 1932.000000 2695.000000 0.044340 
48300 2142.500000 1938.000000 2704.000000 0.044358 
48400 2147.600098 1941.000000 2710.000000 0.044372 
48500 2157.500000 1949.000000 2722.000000 0.044485 
48600 2164.399902 1950.000000 2740.000000 0.044535 
48700 2172.899902 1959.000000 2750.000000 0.044618 
48800 2179.100098 1964.000000 2767.000000 0.044654 
48900 2184.600098 1969.000000 2776.000000 0.044675 
49000 2190.899902 1970.000000 2783.000000 0.044712 
49100 2194.000000 1976.000000 2792.000000 0.044684 
49200 2197.000000 1980.000000 2797.000000 0.044654 
49300 2202.000000 1985.000000 2807.000000 0.044665 
49400 2206.699951 1985.000000 2815.000000 0.044670 
49500 2211.899902 1986.000000 2821.000000 0.044685 
49600 2215.500000 1986.000000 2829.000000 0.044667 
49700 2221.100098 1987.000000 2842.000000 0.044690 
49800 2226.199951 1987.000000 2847.000000 0.044703 
49900 2230.800049 1988.000000 2862.000000 0.044705 
