0 0.000000 0.000000 0.000000 0.000000 
100 0.500000 -1.000000 2.000000 0.005000 
200 1.100000 -2.000000 3.000000 0.005500 
300 1.800000 -2.000000 6.000000 0.006000 
400 3.300000 -2.000000 8.000000 0.008250 
500 6.200000 0.000000 14.000000 0.012400 
600 9.300000 -1.000000 22.000000 0.015500 
700 12.000000 1.000000 23.000000 0.017143 
800 17.600000 2.000000 33.000000 0.022000 
900 22.600000 5.000000 39.000000 0.025111 
1000 27.799999 6.000000 49.000000 0.027800 
1100 35.200001 8.000000 53.000000 0.032000 
1200 38.299999 9.000000 57.000000 0.031917 
1300 42.799999 15.000000 63.000000 0.032923 
1400 49.799999 21.000000 68.000000 0.035571 
1500 56.799999 29.000000 84.000000 0.037867 
1600 63.200001 36.000000 93.000000 0.039500 
1700 70.400002 42.000000 105.000000 0.041412 
1800 76.000000 43.000000 108.000000 0.042222 
1900 82.300003 47.000000 109.000000 0.043316 
2000 85.199997 52.000000 113.000000 0.042600 
2100 90.099998 58.000000 119.000000 0.042905 
2200 91.400002 59.000000 121.000000 0.041545 
2300 95.599998 61.000000 125.000000 0.041565 
2400 101.300003 61.000000 131.000000 0.042208 
2500 105.099998 60.000000 137.000000 0.042040 
2600 108.099998 58.000000 141.000000 0.041577 
2700 111.900002 60.000000 145.000000 0.041444 
2800 113.400002 61.000000 146.000000 0.040500 
2900 116.000000 60.000000 149.000000 0.040000 
3000 119.500000 59.000000 151.000000 0.039833 
3100 123.500000 66.000000 160.000000 0.039839 
3200 128.600006 69.000000 179.000000 0.040188 
3300 133.500000 71.000000 186.000000 0.040455 
3400 138.399994 74.000000 190.000000 0.040706 
3500 141.199997 78.000000 197.000000 0.040343 
3600 144.699997 83.000000 208.000000 0.040194 
3700 146.300003 90.000000 213.000000 0.039541 
3800 148.600006 92.000000 218.000000 0.039105 
3900 151.399994 94.000000 223.000000 0.038821 
4000 154.800003 94.000000 232.000000 0.038700 
4100 160.899994 96.000000 247.000000 0.039244 
4200 163.300003 96.000000 250.000000 0.038881 
4300 170.000000 100.000000 261.000000 0.039535 
4400 174.000000 104.000000 266.000000 0.039545 
4500 178.000000 109.000000 268.000000 0.039556 
4600 181.800003 109.000000 270.000000 0.039522 
4700 184.199997 110.000000 273.000000 0.039191 
4800 189.600006 118.000000 275.000000 0.039500 
4900 194.500000 133.000000 275.000000 0.039694 
5000 199.199997 145.000000 282.000000 0.039840 
5100 203.399994 147.000000 287.000000 0.039882 
5200 206.100006 150.000000 290.000000 0.039635 
5300 211.300003 150.000000 303.000000 0.039868 
5400 215.399994 154.000000 307.000000 0.039889 
5500 220.800003 154.000000 318.000000 0.040145 
5600 224.300003 160.000000 321.000000 0.040054 
5700 231.699997 168.000000 328.000000 0.040649 
5800 236.500000 174.000000 336.000000 0.040776 
5900 240.199997 177.000000 349.000000 0.040712 
6000 242.600006 178.000000 354.000000 0.040433 
6100 246.699997 182.000000 358.000000 0.040443 
6200 249.500000 183.000000 363.000000 0.040242 
6300 253.899994 182.000000 377.000000 0.040302 
6400 256.899994 181.000000 386.000000 0.040141 
6500 258.899994 181.000000 390.000000 0.039831 
6600 261.000000 184.000000 394.000000 0.039545 
6700 262.600006 185.000000 399.000000 0.039194 
6800 265.799988 186.000000 401.000000 0.039088 
6900 272.100006 192.000000 410.000000 0.039435 
7000 277.000000 198.000000 417.000000 0.039571 
7100 281.700012 208.000000 418.000000 0.039676 
7200 286.100006 213.000000 420.000000 0.039736 
7300 290.500000 215.000000 419.000000 0.039795 
7400 293.500000 214.000000 419.000000 0.039662 
7500 298.700012 226.000000 421.000000 0.039827 
7600 304.299988 235.000000 419.000000 0.040039 
7700 306.799988 240.000000 418.000000 0.039844 
7800 311.700012 243.000000 421.000000 0.039962 
7900 315.700012 246.000000 424.000000 0.039962 
8000 318.399994 251.000000 425.000000 0.039800 
8100 324.899994 258.000000 435.000000 0.040111 
8200 331.500000 265.000000 436.000000 0.040427 
8300 338.299988 276.000000 438.000000 0.040759 
8400 346.399994 280.000000 449.000000 0.041238 
8500 353.100006 288.000000 455.000000 0.041541 
8600 355.799988 288.000000 455.000000 0.041372 
8700 360.600006 289.000000 462.000000 0.041448 
8800 365.899994 288.000000 481.000000 0.041580 
8900 368.799988 289.000000 486.000000 0.041438 
9000 371.500000 291.000000 491.000000 0.041278 
9100 375.200012 295.000000 516.000000 0.041231 
9200 378.399994 303.000000 522.000000 0.041130 
9300 382.000000 311.000000 524.000000 0.041075 
9400 384.600006 314.000000 523.000000 0.040915 
9500 389.600006 328.000000 523.000000 0.041011 
9600 394.799988 332.000000 525.000000 0.041125 
9700 397.500000 333.000000 527.000000 0.040979 
9800 401.399994 333.000000 531.000000 0.040959 
9900 404.600006 334.000000 532.000000 0.040869 
10000 407.299988 334.000000 532.000000 0.040730 
10100 411.500000 336.000000 532.000000 0.040743 
10200 417.100006 340.000000 540.000000 0.040892 
10300 420.200012 339.000000 543.000000 0.040796 
10400 424.100006 337.000000 544.000000 0.040779 
10500 427.200012 336.000000 543.000000 0.040686 
10600 429.799988 338.000000 542.000000 0.040547 
10700 432.899994 344.000000 547.000000 0.040458 
10800 436.700012 351.000000 545.000000 0.040435 
10900 440.100006 355.000000 544.000000 0.040376 
11000 446.399994 362.000000 551.000000 0.040582 
11100 450.500000 363.000000 559.000000 0.040586 
11200 458.299988 369.000000 568.000000 0.040920 
11300 461.899994 371.000000 572.000000 0.040876 
11400 467.600006 376.000000 581.000000 0.041018 
11500 472.100006 384.000000 586.000000 0.041052 
11600 475.899994 393.000000 590.000000 0.041026 
11700 479.000000 394.000000 591.000000 0.040940 
11800 484.299988 400.000000 601.000000 0.041042 
11900 487.899994 401.000000 611.000000 0.041000 
12000 492.000000 404.000000 613.000000 0.041000 
12100 495.700012 405.000000 616.000000 0.040967 
12200 499.200012 415.000000 615.000000 0.040918 
12300 504.100006 414.000000 614.000000 0.040984 
12400 508.100006 412.000000 613.000000 0.040976 
12500 514.000000 419.000000 612.000000 0.041120 
12600 518.900024 423.000000 610.000000 0.041183 
12700 523.900024 424.000000 611.000000 0.041252 
12800 527.700012 436.000000 614.000000 0.041227 
12900 531.099976 439.000000 616.000000 0.041171 
13000 534.400024 444.000000 621.000000 0.041108 
13100 538.099976 450.000000 625.000000 0.041076 
13200 543.099976 462.000000 627.000000 0.041144 
13300 546.400024 465.000000 629.000000 0.041083 
13400 551.099976 468.000000 633.000000 0.041127 
13500 555.700012 468.000000 643.000000 0.041163 
13600 559.299988 468.000000 644.000000 0.041125 
13700 563.200012 469.000000 649.000000 0.041109 
13800 566.799988 472.000000 650.000000 0.041072 
13900 570.200012 475.000000 652.000000 0.041022 
14000 574.900024 479.000000 664.000000 0.041064 
14100 578.599976 490.000000 666.000000 0.041035 
14200 581.900024 500.000000 666.000000 0.040979 
14300 585.000000 504.000000 669.000000 0.040909 
14400 588.900024 510.000000 671.000000 0.040896 
14500 591.900024 510.000000 675.000000 0.040821 
14600 594.099976 511.000000 681.000000 0.040692 
14700 599.500000 520.000000 687.000000 0.040782 
14800 602.500000 523.000000 697.000000 0.040709 
14900 605.200012 523.000000 702.000000 0.040617 
15000 609.000000 525.000000 712.000000 0.040600 
15100 611.799988 531.000000 720.000000 0.040517 
15200 614.799988 536.000000 722.000000 0.040447 
15300 620.099976 540.000000 731.000000 0.040529 
15400 624.799988 545.000000 735.000000 0.040571 
15500 628.799988 553.000000 739.000000 0.040568 
15600 632.500000 556.000000 745.000000 0.040545 
15700 635.700012 556.000000 746.000000 0.040490 
15800 639.299988 555.000000 750.000000 0.040462 
15900 643.900024 565.000000 752.000000 0.040497 
16000 649.599976 566.000000 751.000000 0.040600 
16100 654.700012 570.000000 752.000000 0.040665 
16200 659.700012 576.000000 754.000000 0.040722 
16300 665.500000 577.000000 755.000000 0.040828 
16400 670.099976 576.000000 754.000000 0.040860 
16500 674.500000 575.000000 758.000000 0.040879 
16600 678.500000 573.000000 762.000000 0.040873 
16700 681.799988 572.000000 773.000000 0.040826 
16800 683.700012 572.000000 777.000000 0.040696 
16900 687.000000 571.000000 777.000000 0.040651 
17000 691.000000 573.000000 792.000000 0.040647 
17100 694.700012 572.000000 809.000000 0.040626 
17200 699.299988 573.000000 814.000000 0.040657 
17300 704.500000 575.000000 833.000000 0.040723 
17400 708.099976 578.000000 843.000000 0.040695 
17500 712.700012 585.000000 846.000000 0.040726 
17600 718.299988 588.000000 863.000000 0.040812 
17700 724.200012 597.000000 875.000000 0.040915 
17800 727.200012 599.000000 881.000000 0.040854 
17900 730.299988 601.000000 891.000000 0.040799 
18000 735.400024 606.000000 896.000000 0.040856 
18100 738.700012 616.000000 898.000000 0.040812 
18200 743.599976 623.000000 902.000000 0.040857 
18300 750.099976 636.000000 910.000000 0.040989 
18400 753.400024 636.000000 911.000000 0.040946 
18500 756.799988 648.000000 915.000000 0.040908 
18600 760.900024 651.000000 922.000000 0.040909 
18700 764.200012 656.000000 927.000000 0.040866 
18800 768.099976 659.000000 939.000000 0.040856 
18900 772.200012 667.000000 940.000000 0.040857 
19000 775.599976 668.000000 942.000000 0.040821 
19100 778.900024 673.000000 947.000000 0.040780 
19200 784.099976 679.000000 955.000000 0.040839 
19300 787.599976 683.000000 956.000000 0.040808 
19400 793.000000 690.000000 958.000000 0.040876 
19500 796.900024 694.000000 960.000000 0.040867 
19600 800.000000 698.000000 961.000000 0.040816 
19700 804.799988 696.000000 960.000000 0.040853 
19800 809.500000 695.000000 962.000000 0.040884 
19900 814.500000 695.000000 970.000000 0.040930 
20000 818.500000 695.000000 975.000000 0.040925 
20100 821.799988 702.000000 974.000000 0.040886 
20200 826.799988 703.000000 988.000000 0.040931 
20300 830.000000 705.000000 997.000000 0.040887 
20400 832.900024 710.000000 996.000000 0.040828 
20500 836.799988 708.000000 994.000000 0.040820 
20600 842.799988 710.000000 1007.000000 0.040913 
20700 847.700012 716.000000 1013.000000 0.040952 
20800 854.400024 715.000000 1017.000000 0.041077 
20900 858.900024 713.000000 1022.000000 0.041096 
21000 864.099976 728.000000 1022.000000 0.041148 
21100 868.299988 733.000000 1022.000000 0.041152 
21200 870.900024 735.000000 1025.000000 0.041080 
21300 874.099976 740.000000 1030.000000 0.041038 
21400 876.200012 740.000000 1035.000000 0.040944 
21500 880.700012 750.000000 1044.000000 0.040963 
21600 883.400024 754.000000 1046.000000 0.040898 
21700 886.599976 764.000000 1046.000000 0.040857 
21800 890.000000 764.000000 1049.000000 0.040826 
21900 894.500000 768.000000 1057.000000 0.040845 
22000 898.799988 776.000000 1064.000000 0.040855 
22100 902.799988 779.000000 1068.000000 0.040851 
22200 906.500000 784.000000 1070.000000 0.040833 
22300 910.500000 794.000000 1073.000000 0.040830 
22400 914.299988 796.000000 1074.000000 0.040817 
22500 918.500000 797.000000 1076.000000 0.040822 
22600 923.700012 803.000000 1078.000000 0.040872 
22700 927.799988 807.000000 1081.000000 0.040872 
22800 932.599976 817.000000 1086.000000 0.040904 
22900 941.599976 828.000000 1091.000000 0.041118 
23000 948.099976 833.000000 1091.000000 0.041222 
23100 954.200012 843.000000 1094.000000 0.041307 
23200 959.200012 845.000000 1094.000000 0.041345 
23300 963.000000 850.000000 1091.000000 0.041330 
23400 968.200012 855.000000 1095.000000 0.041376 
23500 972.900024 861.000000 1094.000000 0.041400 
23600 978.299988 865.000000 1100.000000 0.041453 
23700 983.000000 866.000000 1110.000000 0.041477 
23800 987.000000 868.000000 1116.000000 0.041471 
23900 992.099976 871.000000 1130.000000 0.041510 
24000 995.099976 870.000000 1134.000000 0.041462 
24100 998.000000 869.000000 1137.000000 0.041411 
24200 1002.400024 869.000000 1151.000000 0.041421 
24300 1010.200012 879.000000 1158.000000 0.041572 
24400 1015.099976 883.000000 1167.000000 0.041602 
24500 1021.400024 903.000000 1169.000000 0.041690 
24600 1024.900024 906.000000 1177.000000 0.041663 
24700 1027.599976 907.000000 1181.000000 0.041603 
24800 1031.599976 911.000000 1183.000000 0.041597 
24900 1034.800049 913.000000 1184.000000 0.041558 
25000 1038.599976 916.000000 1186.000000 0.041544 
25100 1042.400024 916.000000 1197.000000 0.041530 
25200 1046.800049 917.000000 1199.000000 0.041540 
25300 1051.000000 924.000000 1215.000000 0.041542 
25400 1054.400024 928.000000 1221.000000 0.041512 
25500 1058.099976 933.000000 1233.000000 0.041494 
25600 1062.400024 941.000000 1236.000000 0.041500 
25700 1067.099976 943.000000 1241.000000 0.041521 
25800 1070.500000 943.000000 1245.000000 0.041492 
25900 1074.199951 945.000000 1250.000000 0.041475 
26000 1078.099976 949.000000 1267.000000 0.041465 
26100 1082.400024 956.000000 1274.000000 0.041471 
26200 1085.199951 956.000000 1285.000000 0.041420 
26300 1089.000000 958.000000 1289.000000 0.041407 
26400 1092.900024 961.000000 1296.000000 0.041398 
26500 1097.900024 962.000000 1298.000000 0.041430 
26600 1102.000000 965.000000 1302.000000 0.041429 
26700 1108.099976 982.000000 1304.000000 0.041502 
26800 1110.199951 983.000000 1306.000000 0.041425 
26900 1116.500000 1006.000000 1306.000000 0.041506 
27000 1119.599976 1009.000000 1305.000000 0.041467 
27100 1124.000000 1010.000000 1304.000000 0.041476 
27200 1127.900024 1012.000000 1304.000000 0.041467 
27300 1134.500000 1014.000000 1309.000000 0.041557 
27400 1140.000000 1019.000000 1314.000000 0.041606 
27500 1144.400024 1021.000000 1318.000000 0.041615 
27600 1148.000000 1021.000000 1323.000000 0.041594 
27700 1152.699951 1024.000000 1329.000000 0.041614 
27800 1156.599976 1027.000000 1329.000000 0.041604 
27900 1161.000000 1037.000000 1329.000000 0.041613 
28000 1163.800049 1040.000000 1330.000000 0.041564 
28100 1166.099976 1046.000000 1333.000000 0.041498 
28200 1168.400024 1046.000000 1340.000000 0.041433 
28300 1173.599976 1055.000000 1344.000000 0.041470 
28400 1179.900024 1062.000000 1350.000000 0.041546 
28500 1185.000000 1062.000000 1352.000000 0.041579 
28600 1188.300049 1061.000000 1356.000000 0.041549 
28700 1193.199951 1062.000000 1357.000000 0.041575 
28800 1198.900024 1065.000000 1367.000000 0.041628 
28900 1205.800049 1069.000000 1373.000000 0.041723 
29000 1210.199951 1072.000000 1381.000000 0.041731 
29100 1214.300049 1072.000000 1389.000000 0.041729 
29200 1217.199951 1073.000000 1392.000000 0.041685 
29300 1219.500000 1074.000000 1396.000000 0.041621 
29400 1224.699951 1076.000000 1410.000000 0.041656 
29500 1229.599976 1078.000000 1420.000000 0.041681 
29600 1233.599976 1076.000000 1420.000000 0.041676 
29700 1236.900024 1076.000000 1422.000000 0.041646 
29800 1237.599976 1074.000000 1420.000000 0.041530 
29900 1240.900024 1077.000000 1427.000000 0.041502 
30000 1242.900024 1083.000000 1426.000000 0.041430 
30100 1246.500000 1090.000000 1426.000000 0.041412 
30200 1251.199951 1096.000000 1435.000000 0.041430 
30300 1256.000000 1099.000000 1441.000000 0.041452 
30400 1259.900024 1103.000000 1443.000000 0.041444 
30500 1263.300049 1105.000000 1447.000000 0.041420 
30600 1266.199951 1106.000000 1448.000000 0.041379 
30700 1268.000000 1110.000000 1450.000000 0.041303 
30800 1271.699951 1117.000000 1450.000000 0.041289 
30900 1276.400024 1121.000000 1456.000000 0.041307 
31000 1281.099976 1122.000000 1465.000000 0.041326 
31100 1286.400024 1127.000000 1477.000000 0.041363 
31200 1293.199951 1130.000000 1496.000000 0.041449 
31300 1298.099976 1130.000000 1503.000000 0.041473 
31400 1301.199951 1130.000000 1509.000000 0.041439 
31500 1304.199951 1129.000000 1513.000000 0.041403 
31600 1307.800049 1128.000000 1520.000000 0.041386 
31700 1311.099976 1126.000000 1525.000000 0.041360 
31800 1314.000000 1127.000000 1529.000000 0.041321 
31900 1317.500000 1134.000000 1535.000000 0.041301 
32000 1321.099976 1136.000000 1539.000000 0.041284 
32100 1328.099976 1145.000000 1544.000000 0.041374 
32200 1333.000000 1153.000000 1547.000000 0.041398 
32300 1337.099976 1158.000000 1548.000000 0.041396 
32400 1342.699951 1159.000000 1550.000000 0.041441 
32500 1346.900024 1168.000000 1553.000000 0.041443 
32600 1351.900024 1181.000000 1554.000000 0.041469 
32700 1357.099976 1182.000000 1556.000000 0.041502 
32800 1358.900024 1184.000000 1556.000000 0.041430 
32900 1361.300049 1184.000000 1559.000000 0.041377 
33000 1364.800049 1183.000000 1564.000000 0.041358 
33100 1368.599976 1182.000000 1570.000000 0.041347 
33200 1375.099976 1181.000000 1575.000000 0.041419 
33300 1378.599976 1183.000000 1580.000000 0.041399 
33400 1382.800049 1186.000000 1590.000000 0.041401 
33500 1385.300049 1187.000000 1595.000000 0.041352 
33600 1388.800049 1187.000000 1602.000000 0.041333 
33700 1393.000000 1186.000000 1610.000000 0.041335 
33800 1396.900024 1185.000000 1612.000000 0.041328 
33900 1402.599976 1184.000000 1617.000000 0.041375 
34000 1407.699951 1186.000000 1618.000000 0.041403 
34100 1411.500000 1189.000000 1622.000000 0.041393 
34200 1415.500000 1198.000000 1625.000000 0.041389 
34300 1422.699951 1207.000000 1628.000000 0.041478 
34400 1428.599976 1213.000000 1633.000000 0.041529 
34500 1431.800049 1218.000000 1637.000000 0.041501 
34600 1434.500000 1228.000000 1639.000000 0.041460 
34700 1440.800049 1245.000000 1648.000000 0.041522 
34800 1444.199951 1250.000000 1659.000000 0.041500 
34900 1448.099976 1249.000000 1668.000000 0.041493 
35000 1452.000000 1250.000000 1671.000000 0.041486 
35100 1458.800049 1257.000000 1677.000000 0.041561 
35200 1462.400024 1259.000000 1680.000000 0.041545 
35300 1469.199951 1265.000000 1686.000000 0.041620 
35400 1472.099976 1278.000000 1691.000000 0.041585 
35500 1479.400024 1289.000000 1699.000000 0.041673 
35600 1483.400024 1291.000000 1705.000000 0.041669 
35700 1488.900024 1290.000000 1708.000000 0.041706 
35800 1496.199951 1297.000000 1716.000000 0.041793 
35900 1501.099976 1298.000000 1720.000000 0.041813 
36000 1503.199951 1298.000000 1721.000000 0.041756 
36100 1508.599976 1303.000000 1726.000000 0.041789 
36200 1512.800049 1311.000000 1731.000000 0.041790 
36300 1517.000000 1315.000000 1735.000000 0.041791 
36400 1521.199951 1328.000000 1741.000000 0.041791 
36500 1526.400024 1337.000000 1747.000000 0.041819 
36600 1529.900024 1338.000000 1750.000000 0.041801 
36700 1533.500000 1342.000000 1749.000000 0.041785 
36800 1539.599976 1343.000000 1749.000000 0.041837 
36900 1542.599976 1345.000000 1752.000000 0.041805 
37000 1545.900024 1347.000000 1752.000000 0.041781 
37100 1551.300049 1349.000000 1751.000000 0.041814 
37200 1556.599976 1355.000000 1753.000000 0.041844 
37300 1561.400024 1359.000000 1752.000000 0.041861 
37400 1564.800049 1363.000000 1751.000000 0.041840 
37500 1567.900024 1364.000000 1751.000000 0.041811 
37600 1571.000000 1363.000000 1750.000000 0.041782 
37700 1576.300049 1365.000000 1750.000000 0.041812 
37800 1580.599976 1367.000000 1749.000000 0.041815 
37900 1583.400024 1366.000000 1748.000000 0.041778 
38000 1585.599976 1366.000000 1747.000000 0.041726 
38100 1590.699951 1366.000000 1748.000000 0.041751 
38200 1594.599976 1369.000000 1755.000000 0.041743 
38300 1597.000000 1373.000000 1757.000000 0.041697 
38400 1599.400024 1378.000000 1762.000000 0.041651 
38500 1602.400024 1389.000000 1770.000000 0.041621 
38600 1608.300049 1395.000000 1775.000000 0.041666 
38700 1612.300049 1397.000000 1780.000000 0.041662 
38800 1616.199951 1401.000000 1779.000000 0.041655 
38900 1618.500000 1402.000000 1783.000000 0.041607 
39000 1623.000000 1410.000000 1782.000000 0.041615 
39100 1625.400024 1412.000000 1782.000000 0.041570 
39200 1632.900024 1412.000000 1789.000000 0.041656 
39300 1636.699951 1411.000000 1789.000000 0.041646 
39400 1639.400024 1410.000000 1792.000000 0.041609 
39500 1642.800049 1410.000000 1796.000000 0.041590 
39600 1646.199951 1416.000000 1800.000000 0.041571 
39700 1649.699951 1417.000000 1801.000000 0.041554 
39800 1654.800049 1420.000000 1805.000000 0.041578 
39900 1659.500000 1430.000000 1806.000000 0.041591 
40000 1664.199951 1433.000000 1807.000000 0.041605 
40100 1669.699951 1437.000000 1817.000000 0.041638 
40200 1671.800049 1441.000000 1820.000000 0.041587 
40300 1676.599976 1444.000000 1823.000000 0.041603 
40400 1679.800049 1444.000000 1832.000000 0.041579 
40500 1682.900024 1445.000000 1836.000000 0.041553 
40600 1685.500000 1443.000000 1841.000000 0.041515 
40700 1689.000000 1449.000000 1842.000000 0.041499 
40800 1693.800049 1450.000000 1841.000000 0.041515 
40900 1695.699951 1461.000000 1841.000000 0.041460 
41000 1701.699951 1465.000000 1842.000000 0.041505 
41100 1705.800049 1470.000000 1843.000000 0.041504 
41200 1711.199951 1483.000000 1851.000000 0.041534 
41300 1713.800049 1490.000000 1854.000000 0.041496 
41400 1716.300049 1493.000000 1857.000000 0.041457 
41500 1719.000000 1494.000000 1858.000000 0.041422 
41600 1722.699951 1495.000000 1861.000000 0.041411 
41700 1729.300049 1501.000000 1881.000000 0.041470 
41800 1733.099976 1504.000000 1897.000000 0.041462 
41900 1739.199951 1515.000000 1908.000000 0.041508 
42000 1742.800049 1515.000000 1908.000000 0.041495 
42100 1746.000000 1515.000000 1914.000000 0.041473 
42200 1749.900024 1517.000000 1916.000000 0.041467 
42300 1752.699951 1517.000000 1918.000000 0.041435 
42400 1755.500000 1516.000000 1919.000000 0.041403 
42500 1758.199951 1515.000000 1925.000000 0.041369 
42600 1761.199951 1513.000000 1932.000000 0.041343 
42700 1763.599976 1513.000000 1933.000000 0.041302 
42800 1767.599976 1516.000000 1935.000000 0.041299 
42900 1772.800049 1516.000000 1948.000000 0.041324 
43000 1776.900024 1520.000000 1958.000000 0.041323 
43100 1781.199951 1526.000000 1964.000000 0.041327 
43200 1784.500000 1530.000000 1966.000000 0.041308 
43300 1789.300049 1548.000000 1972.000000 0.041323 
43400 1793.400024 1561.000000 1978.000000 0.041323 
43500 1800.199951 1573.000000 1984.000000 0.041384 
43600 1806.000000 1579.000000 1996.000000 0.041422 
43700 1810.199951 1581.000000 1997.000000 0.041423 
43800 1818.000000 1591.000000 2009.000000 0.041507 
43900 1822.000000 1591.000000 2013.000000 0.041503 
44000 1827.599976 1593.000000 2020.000000 0.041536 
44100 1833.199951 1598.000000 2029.000000 0.041569 
44200 1840.500000 1600.000000 2037.000000 0.041640 
44300 1843.699951 1603.000000 2042.000000 0.041619 
44400 1848.000000 1607.000000 2042.000000 0.041622 
44500 1851.199951 1609.000000 2041.000000 0.041600 
44600 1854.199951 1612.000000 2040.000000 0.041574 
44700 1857.699951 1618.000000 2039.000000 0.041559 
44800 1861.099976 1624.000000 2042.000000 0.041542 
44900 1865.699951 1632.000000 2051.000000 0.041552 
45000 1870.800049 1633.000000 2054.000000 0.041573 
45100 1877.699951 1640.000000 2062.000000 0.041634 
45200 1880.300049 1640.000000 2065.000000 0.041600 
45300 1884.699951 1647.000000 2067.000000 0.041605 
45400 1887.699951 1650.000000 2069.000000 0.041579 
45500 1891.099976 1652.000000 2070.000000 0.041563 
45600 1894.500000 1655.000000 2076.000000 0.041546 
45700 1897.099976 1659.000000 2076.000000 0.041512 
45800 1900.599976 1667.000000 2078.000000 0.041498 
45900 1905.099976 1668.000000 2081.000000 0.041505 
46000 1909.699951 1674.000000 2083.000000 0.041515 
46100 1915.300049 1678.000000 2094.000000 0.041547 
46200 1920.800049 1684.000000 2106.000000 0.041576 
46300 1926.199951 1688.000000 2117.000000 0.041603 
46400 1928.699951 1690.000000 2119.000000 0.041567 
46500 1934.099976 1695.000000 2124.000000 0.041594 
46600 1941.199951 1695.000000 2132.000000 0.041657 
46700 1943.300049 1694.000000 2132.000000 0.041612 
46800 1948.300049 1694.000000 2138.000000 0.041630 
46900 1952.699951 1693.000000 2141.000000 0.041635 
47000 1958.400024 1695.000000 2151.000000 0.041668 
47100 1960.500000 1696.000000 2156.000000 0.041624 
47200 1964.699951 1698.000000 2173.000000 0.041625 
47300 1968.000000 1698.000000 2175.000000 0.041607 
47400 1970.800049 1697.000000 2176.000000 0.041578 
47500 1974.199951 1696.000000 2182.000000 0.041562 
47600 1976.599976 1696.000000 2183.000000 0.041525 
47700 1980.800049 1695.000000 2184.000000 0.041526 
47800 1984.199951 1694.000000 2190.000000 0.041510 
47900 1988.800049 1694.000000 2191.000000 0.041520 
48000 1994.300049 1695.000000 2196.000000 0.041548 
48100 2001.800049 1698.000000 2196.000000 0.041617 
48200 2009.800049 1709.000000 2196.000000 0.041697 
48300 2014.900024 1714.000000 2195.000000 0.041716 
48400 2019.000000 1721.000000 2196.000000 0.041715 
48500 2023.800049 1727.000000 2196.000000 0.041728 
48600 2030.099976 1737.000000 2200.000000 0.041772 
48700 2034.000000 1742.000000 2203.000000 0.041766 
48800 2039.800049 1746.000000 2208.000000 0.041799 
48900 2041.099976 1748.000000 2210.000000 0.041740 
49000 2044.699951 1751.000000 2209.000000 0.041729 
49100 2046.900024 1750.000000 2208.000000 0.041688 
49200 2051.600098 1763.000000 2209.000000 0.041699 
49300 2056.199951 1772.000000 2207.000000 0.041708 
49400 2059.800049 1778.000000 2206.000000 0.041696 
49500 2064.800049 1778.000000 2205.000000 0.041713 
49600 2070.699951 1786.000000 2208.000000 0.041748 
49700 2074.800049 1791.000000 2208.000000 0.041746 
49800 2078.199951 1795.000000 2218.000000 0.041731 
49900 2082.500000 1795.000000 2221.000000 0.041733 
