0 0.000000 0.000000 0.000000 0.000000 
100 1.100000 -2.000000 4.000000 0.011000 
200 1.400000 -1.000000 6.000000 0.007000 
300 6.400000 -1.000000 21.000000 0.021333 
400 13.500000 -1.000000 30.000000 0.033750 
500 17.900000 1.000000 39.000000 0.035800 
600 23.100000 2.000000 41.000000 0.038500 
700 25.700001 2.000000 48.000000 0.036714 
800 32.599998 6.000000 59.000000 0.040750 
900 36.900002 15.000000 69.000000 0.041000 
1000 43.400002 17.000000 83.000000 0.043400 
1100 49.799999 24.000000 101.000000 0.045273 
1200 56.500000 30.000000 107.000000 0.047083 
1300 62.700001 36.000000 118.000000 0.048231 
1400 68.900002 45.000000 124.000000 0.049214 
1500 75.599998 45.000000 134.000000 0.050400 
1600 78.800003 52.000000 139.000000 0.049250 
1700 85.199997 57.000000 144.000000 0.050118 
1800 89.400002 60.000000 153.000000 0.049667 
1900 93.900002 61.000000 156.000000 0.049421 
2000 98.400002 62.000000 168.000000 0.049200 
2100 102.699997 65.000000 177.000000 0.048905 
2200 111.400002 71.000000 184.000000 0.050636 
2300 117.800003 78.000000 199.000000 0.051217 
2400 123.699997 80.000000 213.000000 0.051542 
2500 127.300003 85.000000 225.000000 0.050920 
2600 132.600006 86.000000 234.000000 0.051000 
2700 138.199997 88.000000 243.000000 0.051185 
2800 144.100006 89.000000 253.000000 0.051464 
2900 146.300003 92.000000 259.000000 0.050448 
3000 150.399994 98.000000 271.000000 0.050133 
3100 159.100006 109.000000 286.000000 0.051323 
3200 164.699997 116.000000 301.000000 0.051469 
3300 171.300003 117.000000 312.000000 0.051909 
3400 173.199997 118.000000 317.000000 0.050941 
3500 175.899994 119.000000 319.000000 0.050257 
3600 182.300003 120.000000 319.000000 0.050639 
3700 191.600006 131.000000 330.000000 0.051784 
3800 197.800003 133.000000 332.000000 0.052053 
3900 202.100006 139.000000 345.000000 0.051821 
4000 208.899994 141.000000 351.000000 0.052225 
4100 213.800003 150.000000 355.000000 0.052146 
4200 217.699997 153.000000 356.000000 0.051833 
4300 221.600006 154.000000 363.000000 0.051535 
4400 225.899994 157.000000 377.000000 0.051341 
4500 229.100006 159.000000 384.000000 0.050911 
4600 232.899994 162.000000 394.000000 0.050630 
4700 236.199997 168.000000 407.000000 0.050255 
4800 240.500000 172.000000 416.000000 0.050104 
4900 244.100006 176.000000 419.000000 0.049816 
5000 248.399994 188.000000 424.000000 0.049680 
5100 253.899994 192.000000 440.000000 0.049784 
5200 261.399994 199.000000 451.000000 0.050269 
5300 268.700012 206.000000 457.000000 0.050698 
5400 271.200012 207.000000 462.000000 0.050222 
5500 276.799988 212.000000 475.000000 0.050327 
5600 282.100006 212.000000 484.000000 0.050375 
5700 287.700012 215.000000 502.000000 0.050474 
5800 291.500000 218.000000 509.000000 0.050259 
5900 301.500000 225.000000 520.000000 0.051102 
6000 308.100006 228.000000 525.000000 0.051350 
6100 313.200012 239.000000 527.000000 0.051344 
6200 319.899994 242.000000 548.000000 0.051597 
6300 326.299988 243.000000 565.000000 0.051794 
6400 333.399994 253.000000 583.000000 0.052094 
6500 336.200012 257.000000 592.000000 0.051723 
6600 339.299988 262.000000 600.000000 0.051409 
6700 344.000000 269.000000 613.000000 0.051343 
6800 348.500000 275.000000 618.000000 0.051250 
6900 353.899994 278.000000 639.000000 0.051290 
7000 359.100006 280.000000 640.000000 0.051300 
7100 362.299988 282.000000 642.000000 0.051028 
7200 366.200012 286.000000 650.000000 0.050861 
7300 369.299988 288.000000 656.000000 0.050589 
7400 373.000000 288.000000 666.000000 0.050405 
7500 377.000000 288.000000 683.000000 0.050267 
7600 381.500000 288.000000 696.000000 0.050197 
7700 384.200012 288.000000 701.000000 0.049896 
7800 388.899994 288.000000 707.000000 0.049859 
7900 394.000000 286.000000 717.000000 0.049873 
8000 396.899994 288.000000 726.000000 0.049612 
8100 398.799988 292.000000 728.000000 0.049235 
8200 402.500000 299.000000 739.000000 0.049085 
8300 405.299988 311.000000 742.000000 0.048831 
8400 408.899994 313.000000 746.000000 0.048679 
8500 410.299988 314.000000 747.000000 0.048271 
8600 415.299988 320.000000 751.000000 0.048291 
8700 420.500000 328.000000 755.000000 0.048333 
8800 424.899994 343.000000 756.000000 0.048284 
8900 428.399994 347.000000 757.000000 0.048135 
9000 432.700012 353.000000 758.000000 0.048078 
9100 436.000000 356.000000 758.000000 0.047912 
9200 442.200012 355.000000 773.000000 0.048065 
9300 447.600006 354.000000 780.000000 0.048129 
9400 450.299988 358.000000 784.000000 0.047904 
9500 455.299988 360.000000 797.000000 0.047926 
9600 461.000000 372.000000 807.000000 0.048021 
9700 464.500000 372.000000 808.000000 0.047887 
9800 468.600006 383.000000 813.000000 0.047816 
9900 473.200012 384.000000 817.000000 0.047798 
10000 478.500000 387.000000 828.000000 0.047850 
10100 482.299988 388.000000 833.000000 0.047752 
10200 487.399994 394.000000 842.000000 0.047784 
10300 491.600006 396.000000 847.000000 0.047728 
10400 498.000000 400.000000 857.000000 0.047885 
10500 501.600006 401.000000 859.000000 0.047771 
10600 509.100006 409.000000 867.000000 0.048028 
10700 517.200012 417.000000 874.000000 0.048336 
10800 523.500000 425.000000 876.000000 0.048472 
10900 529.599976 426.000000 884.000000 0.048587 
11000 534.900024 426.000000 887.000000 0.048627 
11100 537.599976 429.000000 890.000000 0.048432 
11200 543.400024 435.000000 901.000000 0.048518 
11300 548.500000 439.000000 902.000000 0.048540 
11400 552.000000 444.000000 905.000000 0.048421 
11500 557.099976 448.000000 909.000000 0.048443 
11600 562.200012 450.000000 914.000000 0.048466 
11700 567.299988 453.000000 916.000000 0.048487 
11800 570.500000 461.000000 917.000000 0.048347 
11900 573.000000 462.000000 923.000000 0.048151 
12000 578.400024 463.000000 926.000000 0.048200 
12100 585.200012 463.000000 929.000000 0.048364 
12200 593.400024 468.000000 936.000000 0.048639 
12300 598.000000 481.000000 943.000000 0.048618 
12400 601.900024 486.000000 950.000000 0.048540 
12500 605.599976 488.000000 950.000000 0.048448 
12600 609.299988 494.000000 953.000000 0.048357 
12700 612.599976 499.000000 957.000000 0.048236 
12800 615.700012 501.000000 958.000000 0.048102 
12900 620.599976 504.000000 963.000000 0.048109 
13000 623.099976 511.000000 965.000000 0.047931 
13100 628.500000 518.000000 966.000000 0.047977 
13200 633.000000 519.000000 968.000000 0.047955 
13300 638.400024 520.000000 972.000000 0.048000 
13400 641.900024 521.000000 974.000000 0.047903 
13500 643.400024 521.000000 974.000000 0.047659 
13600 648.000000 524.000000 977.000000 0.047647 
13700 650.400024 524.000000 979.000000 0.047474 
13800 654.599976 523.000000 991.000000 0.047435 
13900 659.400024 533.000000 992.000000 0.047439 
14000 664.700012 535.000000 992.000000 0.047479 
14100 666.500000 535.000000 992.000000 0.047270 
14200 670.099976 537.000000 992.000000 0.047190 
14300 673.700012 540.000000 994.000000 0.047112 
14400 679.799988 543.000000 998.000000 0.047208 
14500 686.099976 545.000000 1003.000000 0.047317 
14600 688.299988 546.000000 1004.000000 0.047144 
14700 693.099976 549.000000 1011.000000 0.047150 
14800 698.200012 549.000000 1027.000000 0.047176 
14900 702.700012 551.000000 1029.000000 0.047161 
15000 708.599976 551.000000 1033.000000 0.047240 
15100 714.000000 554.000000 1035.000000 0.047285 
15200 716.700012 556.000000 1038.000000 0.047151 
15300 722.099976 569.000000 1040.000000 0.047196 
15400 727.400024 577.000000 1041.000000 0.047234 
15500 730.700012 577.000000 1042.000000 0.047142 
15600 736.500000 579.000000 1049.000000 0.047212 
15700 743.700012 583.000000 1055.000000 0.047369 
15800 753.700012 593.000000 1061.000000 0.047703 
15900 758.799988 598.000000 1064.000000 0.047723 
16000 762.200012 602.000000 1066.000000 0.047637 
16100 765.400024 603.000000 1076.000000 0.047540 
16200 768.200012 604.000000 1082.000000 0.047420 
16300 772.900024 612.000000 1082.000000 0.047417 
16400 779.299988 620.000000 1082.000000 0.047518 
16500 785.599976 622.000000 1085.000000 0.047612 
16600 793.799988 632.000000 1096.000000 0.047819 
16700 800.200012 646.000000 1102.000000 0.047916 
16800 802.900024 651.000000 1109.000000 0.047792 
16900 811.400024 665.000000 1117.000000 0.048012 
17000 813.599976 667.000000 1120.000000 0.047859 
17100 818.299988 669.000000 1120.000000 0.047854 
17200 822.700012 671.000000 1122.000000 0.047831 
17300 828.500000 681.000000 1127.000000 0.047890 
17400 836.200012 685.000000 1141.000000 0.048057 
17500 843.400024 687.000000 1147.000000 0.048194 
17600 848.799988 688.000000 1160.000000 0.048227 
17700 853.099976 691.000000 1166.000000 0.048198 
17800 857.799988 692.000000 1168.000000 0.048191 
17900 862.200012 692.000000 1174.000000 0.048168 
18000 870.599976 699.000000 1180.000000 0.048367 
18100 878.000000 698.000000 1192.000000 0.048508 
18200 884.500000 699.000000 1197.000000 0.048599 
18300 888.400024 707.000000 1200.000000 0.048546 
18400 891.299988 708.000000 1204.000000 0.048440 
18500 894.200012 708.000000 1207.000000 0.048335 
18600 897.799988 713.000000 1216.000000 0.048269 
18700 900.000000 716.000000 1222.000000 0.048128 
18800 903.500000 717.000000 1226.000000 0.048059 
18900 907.400024 718.000000 1230.000000 0.048011 
19000 910.700012 722.000000 1238.000000 0.047932 
19100 912.500000 723.000000 1246.000000 0.047775 
19200 915.799988 724.000000 1248.000000 0.047698 
19300 922.000000 724.000000 1252.000000 0.047772 
19400 927.700012 724.000000 1253.000000 0.047820 
19500 932.400024 725.000000 1255.000000 0.047815 
19600 936.900024 727.000000 1258.000000 0.047801 
19700 939.799988 735.000000 1258.000000 0.047706 
19800 942.500000 735.000000 1258.000000 0.047601 
19900 948.599976 737.000000 1260.000000 0.047668 
20000 953.799988 737.000000 1260.000000 0.047690 
20100 957.700012 744.000000 1261.000000 0.047647 
20200 961.700012 747.000000 1262.000000 0.047609 
20300 969.799988 757.000000 1262.000000 0.047773 
20400 975.200012 765.000000 1262.000000 0.047804 
20500 978.900024 768.000000 1264.000000 0.047751 
20600 981.900024 771.000000 1263.000000 0.047665 
20700 983.299988 775.000000 1264.000000 0.047502 
20800 986.500000 780.000000 1269.000000 0.047428 
20900 990.200012 791.000000 1273.000000 0.047378 
21000 992.799988 794.000000 1272.000000 0.047276 
21100 996.400024 800.000000 1273.000000 0.047223 
21200 998.700012 802.000000 1273.000000 0.047108 
21300 1001.500000 808.000000 1273.000000 0.047019 
21400 1004.099976 816.000000 1273.000000 0.046921 
21500 1007.900024 828.000000 1274.000000 0.046879 
21600 1012.200012 837.000000 1273.000000 0.046861 
21700 1016.400024 844.000000 1275.000000 0.046839 
21800 1021.299988 856.000000 1278.000000 0.046849 
21900 1022.900024 859.000000 1278.000000 0.046708 
22000 1026.300049 870.000000 1277.000000 0.046650 
22100 1029.400024 875.000000 1278.000000 0.046579 
22200 1032.199951 886.000000 1278.000000 0.046495 
22300 1034.900024 890.000000 1278.000000 0.046408 
22400 1038.699951 905.000000 1277.000000 0.046371 
22500 1042.400024 914.000000 1277.000000 0.046329 
22600 1047.300049 921.000000 1278.000000 0.046341 
22700 1050.699951 929.000000 1282.000000 0.046286 
22800 1054.599976 931.000000 1299.000000 0.046254 
22900 1057.300049 933.000000 1302.000000 0.046170 
23000 1061.900024 932.000000 1312.000000 0.046170 
23100 1064.699951 932.000000 1314.000000 0.046091 
23200 1072.900024 935.000000 1319.000000 0.046246 
23300 1078.400024 935.000000 1323.000000 0.046283 
23400 1083.400024 936.000000 1324.000000 0.046299 
23500 1086.300049 936.000000 1327.000000 0.046226 
23600 1089.500000 936.000000 1332.000000 0.046165 
23700 1093.099976 936.000000 1338.000000 0.046122 
23800 1097.800049 935.000000 1351.000000 0.046126 
23900 1103.599976 940.000000 1357.000000 0.046176 
24000 1112.699951 941.000000 1367.000000 0.046362 
24100 1116.300049 941.000000 1369.000000 0.046320 
24200 1119.800049 941.000000 1369.000000 0.046273 
24300 1123.500000 941.000000 1371.000000 0.046235 
24400 1128.699951 940.000000 1380.000000 0.046258 
24500 1132.000000 940.000000 1390.000000 0.046204 
24600 1136.400024 942.000000 1395.000000 0.046195 
24700 1139.000000 942.000000 1397.000000 0.046113 
24800 1143.099976 948.000000 1399.000000 0.046093 
24900 1149.800049 949.000000 1403.000000 0.046177 
25000 1154.900024 957.000000 1410.000000 0.046196 
25100 1160.300049 957.000000 1419.000000 0.046227 
25200 1164.500000 958.000000 1432.000000 0.046210 
25300 1170.699951 958.000000 1437.000000 0.046273 
25400 1172.300049 957.000000 1442.000000 0.046154 
25500 1178.400024 957.000000 1447.000000 0.046212 
25600 1184.699951 956.000000 1458.000000 0.046277 
25700 1188.099976 956.000000 1474.000000 0.046230 
25800 1190.699951 956.000000 1480.000000 0.046151 
25900 1196.400024 958.000000 1491.000000 0.046193 
26000 1202.300049 962.000000 1499.000000 0.046242 
26100 1207.500000 961.000000 1505.000000 0.046264 
26200 1211.800049 965.000000 1507.000000 0.046252 
26300 1215.099976 975.000000 1509.000000 0.046202 
26400 1221.099976 979.000000 1527.000000 0.046254 
26500 1226.500000 980.000000 1538.000000 0.046283 
26600 1234.000000 980.000000 1553.000000 0.046391 
26700 1239.400024 983.000000 1563.000000 0.046419 
26800 1243.400024 983.000000 1575.000000 0.046396 
26900 1246.300049 984.000000 1579.000000 0.046331 
27000 1252.199951 998.000000 1595.000000 0.046378 
27100 1258.599976 1002.000000 1597.000000 0.046443 
27200 1262.000000 1012.000000 1601.000000 0.046397 
27300 1265.300049 1013.000000 1607.000000 0.046348 
27400 1266.400024 1019.000000 1608.000000 0.046219 
27500 1269.800049 1023.000000 1611.000000 0.046175 
27600 1273.199951 1029.000000 1618.000000 0.046130 
27700 1275.300049 1029.000000 1619.000000 0.046040 
27800 1277.800049 1030.000000 1627.000000 0.045964 
27900 1283.800049 1036.000000 1642.000000 0.046014 
28000 1287.900024 1041.000000 1645.000000 0.045996 
28100 1295.000000 1056.000000 1655.000000 0.046085 
28200 1298.800049 1065.000000 1664.000000 0.046057 
28300 1301.599976 1066.000000 1668.000000 0.045993 
28400 1307.000000 1073.000000 1679.000000 0.046021 
28500 1312.699951 1085.000000 1682.000000 0.046060 
28600 1314.800049 1088.000000 1684.000000 0.045972 
28700 1318.199951 1089.000000 1693.000000 0.045930 
28800 1322.900024 1097.000000 1707.000000 0.045934 
28900 1327.099976 1108.000000 1713.000000 0.045920 
29000 1330.400024 1108.000000 1715.000000 0.045876 
29100 1334.599976 1111.000000 1720.000000 0.045863 
29200 1340.500000 1116.000000 1727.000000 0.045908 
29300 1346.500000 1120.000000 1732.000000 0.045956 
29400 1351.900024 1122.000000 1733.000000 0.045983 
29500 1355.500000 1124.000000 1745.000000 0.045949 
29600 1361.800049 1126.000000 1750.000000 0.046007 
29700 1367.000000 1132.000000 1751.000000 0.046027 
29800 1371.300049 1137.000000 1759.000000 0.046017 
29900 1374.400024 1143.000000 1760.000000 0.045967 
30000 1378.199951 1145.000000 1769.000000 0.045940 
30100 1381.599976 1147.000000 1777.000000 0.045900 
30200 1385.099976 1155.000000 1778.000000 0.045864 
30300 1388.199951 1156.000000 1778.000000 0.045815 
30400 1389.199951 1159.000000 1778.000000 0.045697 
30500 1392.599976 1162.000000 1778.000000 0.045659 
30600 1395.599976 1164.000000 1778.000000 0.045608 
30700 1396.400024 1164.000000 1778.000000 0.045485 
30800 1399.800049 1170.000000 1780.000000 0.045448 
30900 1401.199951 1173.000000 1780.000000 0.045346 
31000 1404.500000 1176.000000 1780.000000 0.045306 
31100 1408.699951 1177.000000 1783.000000 0.045296 
31200 1413.599976 1180.000000 1788.000000 0.045308 
31300 1417.000000 1182.000000 1792.000000 0.045272 
31400 1421.300049 1190.000000 1795.000000 0.045264 
31500 1425.900024 1193.000000 1799.000000 0.045267 
31600 1428.199951 1193.000000 1799.000000 0.045196 
31700 1431.000000 1196.000000 1807.000000 0.045142 
31800 1436.099976 1199.000000 1814.000000 0.045160 
31900 1440.699951 1200.000000 1821.000000 0.045163 
32000 1444.099976 1203.000000 1821.000000 0.045128 
32100 1450.800049 1205.000000 1827.000000 0.045196 
32200 1454.300049 1206.000000 1832.000000 0.045165 
32300 1459.199951 1206.000000 1834.000000 0.045176 
32400 1463.800049 1211.000000 1839.000000 0.045179 
32500 1466.000000 1212.000000 1839.000000 0.045108 
32600 1468.400024 1215.000000 1850.000000 0.045043 
32700 1470.400024 1218.000000 1853.000000 0.044966 
32800 1475.900024 1230.000000 1856.000000 0.044997 
32900 1478.699951 1234.000000 1861.000000 0.044945 
33000 1484.800049 1240.000000 1865.000000 0.044994 
33100 1490.900024 1243.000000 1868.000000 0.045042 
33200 1496.099976 1250.000000 1871.000000 0.045063 
33300 1499.199951 1255.000000 1871.000000 0.045021 
33400 1504.500000 1262.000000 1875.000000 0.045045 
33500 1511.300049 1271.000000 1879.000000 0.045113 
33600 1516.199951 1281.000000 1886.000000 0.045125 
33700 1522.300049 1288.000000 1885.000000 0.045172 
33800 1525.599976 1290.000000 1883.000000 0.045136 
33900 1529.300049 1304.000000 1883.000000 0.045112 
34000 1533.199951 1309.000000 1883.000000 0.045094 
34100 1536.900024 1314.000000 1882.000000 0.045070 
34200 1543.199951 1322.000000 1882.000000 0.045123 
34300 1549.000000 1331.000000 1881.000000 0.045160 
34400 1552.699951 1341.000000 1881.000000 0.045137 
34500 1555.500000 1344.000000 1883.000000 0.045087 
34600 1559.000000 1349.000000 1883.000000 0.045058 
34700 1562.599976 1355.000000 1884.000000 0.045032 
34800 1567.900024 1369.000000 1894.000000 0.045055 
34900 1572.900024 1382.000000 1898.000000 0.045069 
35000 1578.900024 1393.000000 1908.000000 0.045111 
35100 1582.900024 1396.000000 1914.000000 0.045097 
35200 1586.199951 1404.000000 1919.000000 0.045062 
35300 1591.800049 1407.000000 1924.000000 0.045093 
35400 1595.000000 1412.000000 1926.000000 0.045056 
35500 1600.199951 1423.000000 1927.000000 0.045076 
35600 1606.800049 1433.000000 1928.000000 0.045135 
35700 1610.599976 1435.000000 1929.000000 0.045115 
35800 1614.000000 1439.000000 1929.000000 0.045084 
35900 1616.900024 1444.000000 1930.000000 0.045039 
36000 1619.699951 1447.000000 1931.000000 0.044992 
36100 1622.900024 1454.000000 1931.000000 0.044956 
36200 1626.500000 1460.000000 1930.000000 0.044931 
36300 1631.099976 1466.000000 1930.000000 0.044934 
36400 1634.199951 1474.000000 1930.000000 0.044896 
36500 1641.599976 1484.000000 1937.000000 0.044975 
36600 1646.400024 1487.000000 1943.000000 0.044984 
36700 1651.900024 1489.000000 1949.000000 0.045011 
36800 1656.300049 1489.000000 1948.000000 0.045008 
36900 1661.699951 1489.000000 1949.000000 0.045033 
37000 1664.900024 1489.000000 1956.000000 0.044997 
37100 1668.199951 1489.000000 1960.000000 0.044965 
37200 1673.300049 1489.000000 1977.000000 0.044981 
37300 1676.400024 1489.000000 1980.000000 0.044944 
37400 1681.199951 1489.000000 1990.000000 0.044952 
37500 1690.000000 1496.000000 2000.000000 0.045067 
37600 1696.199951 1514.000000 2006.000000 0.045112 
37700 1699.500000 1520.000000 2011.000000 0.045080 
37800 1702.300049 1521.000000 2012.000000 0.045034 
37900 1706.199951 1523.000000 2014.000000 0.045018 
38000 1711.500000 1523.000000 2019.000000 0.045039 
38100 1715.599976 1523.000000 2021.000000 0.045029 
38200 1718.699951 1523.000000 2022.000000 0.044992 
38300 1724.400024 1526.000000 2025.000000 0.045024 
38400 1729.500000 1536.000000 2026.000000 0.045039 
38500 1736.800049 1544.000000 2027.000000 0.045112 
38600 1739.599976 1549.000000 2027.000000 0.045067 
38700 1742.000000 1551.000000 2029.000000 0.045013 
38800 1747.900024 1560.000000 2029.000000 0.045049 
38900 1751.500000 1562.000000 2032.000000 0.045026 
39000 1753.599976 1562.000000 2032.000000 0.044964 
39100 1761.699951 1563.000000 2037.000000 0.045056 
39200 1767.599976 1566.000000 2041.000000 0.045092 
39300 1772.800049 1568.000000 2045.000000 0.045109 
39400 1778.800049 1575.000000 2053.000000 0.045147 
39500 1783.000000 1575.000000 2057.000000 0.045139 
39600 1789.699951 1583.000000 2061.000000 0.045194 
39700 1793.199951 1586.000000 2069.000000 0.045169 
39800 1797.800049 1588.000000 2079.000000 0.045171 
39900 1801.300049 1588.000000 2084.000000 0.045145 
40000 1805.000000 1590.000000 2086.000000 0.045125 
40100 1809.400024 1591.000000 2090.000000 0.045122 
40200 1812.900024 1590.000000 2101.000000 0.045097 
40300 1816.599976 1593.000000 2103.000000 0.045077 
40400 1819.599976 1595.000000 2105.000000 0.045040 
40500 1821.900024 1601.000000 2108.000000 0.044985 
40600 1824.599976 1604.000000 2111.000000 0.044941 
40700 1828.000000 1608.000000 2118.000000 0.044914 
40800 1832.800049 1617.000000 2124.000000 0.044922 
40900 1837.900024 1627.000000 2132.000000 0.044936 
41000 1842.699951 1629.000000 2139.000000 0.044944 
41100 1846.099976 1633.000000 2143.000000 0.044917 
41200 1850.000000 1634.000000 2146.000000 0.044903 
41300 1854.400024 1640.000000 2148.000000 0.044901 
41400 1860.500000 1649.000000 2154.000000 0.044940 
41500 1867.500000 1662.000000 2155.000000 0.045000 
41600 1873.099976 1676.000000 2156.000000 0.045026 
41700 1877.400024 1682.000000 2162.000000 0.045022 
41800 1880.500000 1687.000000 2166.000000 0.044988 
41900 1885.400024 1692.000000 2170.000000 0.044998 
42000 1891.699951 1701.000000 2185.000000 0.045040 
42100 1895.400024 1705.000000 2193.000000 0.045021 
42200 1899.099976 1714.000000 2203.000000 0.045002 
42300 1900.800049 1717.000000 2202.000000 0.044936 
42400 1906.099976 1728.000000 2207.000000 0.044955 
42500 1911.300049 1733.000000 2213.000000 0.044972 
42600 1916.599976 1741.000000 2213.000000 0.044991 
42700 1918.599976 1743.000000 2213.000000 0.044932 
42800 1921.699951 1749.000000 2213.000000 0.044900 
42900 1926.699951 1759.000000 2213.000000 0.044911 
43000 1929.400024 1766.000000 2215.000000 0.044870 
43100 1932.199951 1771.000000 2219.000000 0.044831 
43200 1936.000000 1772.000000 2229.000000 0.044815 
43300 1940.000000 1779.000000 2238.000000 0.044804 
43400 1946.400024 1784.000000 2242.000000 0.044848 
43500 1950.599976 1791.000000 2243.000000 0.044841 
43600 1953.500000 1799.000000 2244.000000 0.044805 
43700 1955.800049 1803.000000 2248.000000 0.044755 
43800 1962.000000 1808.000000 2258.000000 0.044795 
43900 1966.099976 1808.000000 2268.000000 0.044786 
44000 1969.099976 1812.000000 2268.000000 0.044752 
44100 1975.800049 1819.000000 2276.000000 0.044803 
44200 1980.900024 1826.000000 2279.000000 0.044817 
44300 1984.000000 1826.000000 2285.000000 0.044786 
44400 1987.800049 1826.000000 2285.000000 0.044770 
44500 1991.099976 1827.000000 2290.000000 0.044744 
44600 1994.800049 1827.000000 2292.000000 0.044726 
44700 1998.699951 1828.000000 2301.000000 0.044714 
44800 2002.400024 1828.000000 2309.000000 0.044696 
44900 2006.599976 1830.000000 2312.000000 0.044690 
45000 2011.400024 1832.000000 2318.000000 0.044698 
45100 2015.599976 1832.000000 2321.000000 0.044692 
45200 2018.599976 1831.000000 2322.000000 0.044659 
45300 2022.199951 1831.000000 2323.000000 0.044640 
45400 2028.599976 1835.000000 2326.000000 0.044683 
45500 2036.300049 1845.000000 2342.000000 0.044754 
45600 2043.500000 1849.000000 2350.000000 0.044814 
45700 2046.099976 1850.000000 2351.000000 0.044772 
45800 2049.100098 1851.000000 2352.000000 0.044740 
45900 2051.899902 1851.000000 2356.000000 0.044704 
46000 2055.600098 1851.000000 2360.000000 0.044687 
46100 2061.899902 1850.000000 2366.000000 0.044727 
46200 2067.800049 1849.000000 2372.000000 0.044758 
46300 2072.800049 1852.000000 2379.000000 0.044769 
46400 2079.500000 1852.000000 2393.000000 0.044817 
46500 2083.399902 1861.000000 2400.000000 0.044804 
46600 2090.800049 1861.000000 2417.000000 0.044867 
46700 2096.000000 1865.000000 2427.000000 0.044882 
46800 2100.399902 1870.000000 2432.000000 0.044880 
46900 2106.399902 1873.000000 2442.000000 0.044913 
47000 2108.699951 1873.000000 2444.000000 0.044866 
47100 2111.800049 1872.000000 2445.000000 0.044837 
47200 2114.899902 1872.000000 2446.000000 0.044807 
47300 2118.800049 1873.000000 2446.000000 0.044795 
47400 2124.399902 1878.000000 2448.000000 0.044819 
47500 2130.000000 1878.000000 2453.000000 0.044842 
47600 2135.600098 1878.000000 2460.000000 0.044866 
47700 2138.399902 1879.000000 2463.000000 0.044830 
47800 2145.100098 1879.000000 2466.000000 0.044877 
47900 2148.899902 1879.000000 2466.000000 0.044862 
48000 2153.300049 1880.000000 2467.000000 0.044860 
48100 2158.300049 1879.000000 2471.000000 0.044871 
48200 2160.800049 1880.000000 2474.000000 0.044830 
48300 2167.100098 1882.000000 2476.000000 0.044867 
48400 2171.199951 1882.000000 2476.000000 0.044860 
48500 2176.800049 1882.000000 2476.000000 0.044882 
48600 2183.300049 1885.000000 2481.000000 0.044924 
48700 2187.600098 1885.000000 2489.000000 0.044920 
48800 2195.100098 1885.000000 2494.000000 0.044982 
48900 2203.699951 1894.000000 2498.000000 0.045065 
49000 2207.100098 1895.000000 2498.000000 0.045043 
49100 2210.899902 1901.000000 2500.000000 0.045029 
49200 2213.699951 1906.000000 2502.000000 0.044994 
49300 2216.500000 1916.000000 2502.000000 0.044959 
49400 2223.500000 1930.000000 2503.000000 0.045010 
49500 2226.600098 1932.000000 2505.000000 0.044982 
49600 2229.000000 1934.000000 2514.000000 0.044940 
49700 2237.800049 1937.000000 2519.000000 0.045026 
49800 2244.399902 1941.000000 2526.000000 0.045068 
49900 2248.600098 1946.000000 2535.000000 0.045062 
