0 0.100000 0.000000 1.000000 0.000000 
100 0.600000 -1.000000 3.000000 0.006000 
200 0.900000 -2.000000 4.000000 0.004500 
300 3.300000 -3.000000 13.000000 0.011000 
400 7.800000 1.000000 22.000000 0.019500 
500 12.800000 2.000000 40.000000 0.025600 
600 18.900000 1.000000 48.000000 0.031500 
700 25.900000 1.000000 62.000000 0.037000 
800 30.700001 5.000000 67.000000 0.038375 
900 36.900002 8.000000 71.000000 0.041000 
1000 40.099998 9.000000 71.000000 0.040100 
1100 44.400002 11.000000 75.000000 0.040364 
1200 48.200001 21.000000 81.000000 0.040167 
1300 53.500000 28.000000 86.000000 0.041154 
1400 57.700001 29.000000 88.000000 0.041214 
1500 64.599998 39.000000 87.000000 0.043067 
1600 69.699997 43.000000 91.000000 0.043562 
1700 74.500000 45.000000 92.000000 0.043824 
1800 77.300003 47.000000 94.000000 0.042944 
1900 84.000000 53.000000 99.000000 0.044211 
2000 89.099998 54.000000 104.000000 0.044550 
2100 93.000000 56.000000 113.000000 0.044286 
2200 96.599998 58.000000 116.000000 0.043909 
2300 103.500000 66.000000 117.000000 0.045000 
2400 109.800003 69.000000 127.000000 0.045750 
2500 118.000000 74.000000 146.000000 0.047200 
2600 123.300003 79.000000 152.000000 0.047423 
2700 126.500000 80.000000 155.000000 0.046852 
2800 130.300003 83.000000 163.000000 0.046536 
2900 134.600006 85.000000 169.000000 0.046414 
3000 141.000000 97.000000 178.000000 0.047000 
3100 146.500000 101.000000 191.000000 0.047258 
3200 154.300003 106.000000 203.000000 0.048219 
3300 159.300003 119.000000 208.000000 0.048273 
3400 162.500000 125.000000 212.000000 0.047794 
3500 167.199997 127.000000 216.000000 0.047771 
3600 173.199997 129.000000 224.000000 0.048111 
3700 178.600006 133.000000 235.000000 0.048270 
3800 183.300003 137.000000 245.000000 0.048237 
3900 188.600006 146.000000 251.000000 0.048359 
4000 193.699997 147.000000 259.000000 0.048425 
4100 198.300003 148.000000 261.000000 0.048366 
4200 202.699997 155.000000 263.000000 0.048262 
4300 210.000000 157.000000 272.000000 0.048837 
4400 215.699997 158.000000 275.000000 0.049023 
4500 219.600006 161.000000 289.000000 0.048800 
4600 226.000000 169.000000 299.000000 0.049130 
4700 231.600006 175.000000 299.000000 0.049277 
4800 236.199997 175.000000 303.000000 0.049208 
4900 239.500000 185.000000 304.000000 0.048878 
5000 245.100006 188.000000 313.000000 0.049020 
5100 251.399994 195.000000 324.000000 0.049294 
5200 253.699997 199.000000 329.000000 0.048788 
5300 258.500000 203.000000 336.000000 0.048774 
5400 263.100006 204.000000 344.000000 0.048722 
5500 266.399994 204.000000 357.000000 0.048436 
5600 271.399994 204.000000 365.000000 0.048464 
5700 274.000000 202.000000 375.000000 0.048070 
5800 277.799988 202.000000 385.000000 0.047897 
5900 283.399994 200.000000 395.000000 0.048034 
6000 289.200012 199.000000 401.000000 0.048200 
6100 294.399994 199.000000 407.000000 0.048262 
6200 299.899994 200.000000 411.000000 0.048371 
6300 303.799988 204.000000 413.000000 0.048222 
6400 308.100006 209.000000 419.000000 0.048141 
6500 314.600006 217.000000 421.000000 0.048400 
6600 319.799988 228.000000 427.000000 0.048455 
6700 323.899994 230.000000 442.000000 0.048343 
6800 330.500000 231.000000 450.000000 0.048603 
6900 336.500000 231.000000 465.000000 0.048768 
7000 340.799988 233.000000 475.000000 0.048686 
7100 343.600006 232.000000 483.000000 0.048394 
7200 347.000000 234.000000 489.000000 0.048194 
7300 350.500000 239.000000 496.000000 0.048014 
7400 354.700012 241.000000 503.000000 0.047932 
7500 359.399994 244.000000 510.000000 0.047920 
7600 362.799988 244.000000 518.000000 0.047737 
7700 366.700012 245.000000 526.000000 0.047623 
7800 369.600006 246.000000 528.000000 0.047385 
7900 372.899994 245.000000 532.000000 0.047203 
8000 374.600006 246.000000 532.000000 0.046825 
8100 378.200012 259.000000 533.000000 0.046691 
8200 381.299988 262.000000 534.000000 0.046500 
8300 383.899994 268.000000 549.000000 0.046253 
8400 389.200012 274.000000 561.000000 0.046333 
8500 393.799988 279.000000 568.000000 0.046329 
8600 400.899994 285.000000 577.000000 0.046616 
8700 404.100006 293.000000 585.000000 0.046448 
8800 406.799988 297.000000 589.000000 0.046227 
8900 412.899994 298.000000 599.000000 0.046393 
9000 415.799988 298.000000 604.000000 0.046200 
9100 422.700012 305.000000 611.000000 0.046451 
9200 429.700012 308.000000 619.000000 0.046707 
9300 432.500000 313.000000 620.000000 0.046505 
9400 435.799988 315.000000 626.000000 0.046362 
9500 439.200012 316.000000 629.000000 0.046232 
9600 442.899994 316.000000 632.000000 0.046135 
9700 448.899994 316.000000 641.000000 0.046278 
9800 454.500000 316.000000 655.000000 0.046378 
9900 459.399994 318.000000 660.000000 0.046404 
10000 465.600006 323.000000 666.000000 0.046560 
10100 468.000000 326.000000 671.000000 0.046337 
10200 471.799988 327.000000 675.000000 0.046255 
10300 475.399994 329.000000 679.000000 0.046155 
10400 481.500000 335.000000 687.000000 0.046298 
10500 482.299988 334.000000 690.000000 0.045933 
10600 486.299988 340.000000 692.000000 0.045877 
10700 492.100006 350.000000 696.000000 0.045991 
10800 496.200012 358.000000 696.000000 0.045944 
10900 502.000000 367.000000 697.000000 0.046055 
11000 507.100006 372.000000 700.000000 0.046100 
11100 513.099976 381.000000 704.000000 0.046225 
11200 517.900024 385.000000 704.000000 0.046241 
11300 520.599976 386.000000 703.000000 0.046071 
11400 524.299988 386.000000 704.000000 0.045991 
11500 528.299988 385.000000 706.000000 0.045939 
11600 531.599976 389.000000 709.000000 0.045828 
11700 537.099976 393.000000 710.000000 0.045906 
11800 544.500000 402.000000 713.000000 0.046144 
11900 549.500000 409.000000 716.000000 0.046176 
12000 553.700012 412.000000 717.000000 0.046142 
12100 556.799988 414.000000 717.000000 0.046017 
12200 563.400024 421.000000 724.000000 0.046180 
12300 566.700012 426.000000 733.000000 0.046073 
12400 571.700012 433.000000 744.000000 0.046105 
12500 575.700012 434.000000 749.000000 0.046056 
12600 579.000000 432.000000 756.000000 0.045952 
12700 582.900024 431.000000 759.000000 0.045898 
12800 587.400024 429.000000 771.000000 0.045891 
12900 594.299988 427.000000 789.000000 0.046070 
13000 598.599976 429.000000 793.000000 0.046046 
13100 604.400024 440.000000 793.000000 0.046137 
13200 610.299988 446.000000 798.000000 0.046235 
13300 615.799988 450.000000 806.000000 0.046301 
13400 618.299988 451.000000 806.000000 0.046142 
13500 621.799988 452.000000 813.000000 0.046059 
13600 625.700012 454.000000 825.000000 0.046007 
13700 629.900024 463.000000 836.000000 0.045978 
13800 634.900024 463.000000 845.000000 0.046007 
13900 637.099976 464.000000 849.000000 0.045835 
14000 640.400024 464.000000 852.000000 0.045743 
14100 646.799988 464.000000 869.000000 0.045872 
14200 652.400024 466.000000 877.000000 0.045944 
14300 655.299988 480.000000 877.000000 0.045825 
14400 659.000000 480.000000 883.000000 0.045764 
14500 662.299988 483.000000 883.000000 0.045676 
14600 664.599976 489.000000 884.000000 0.045521 
14700 670.500000 503.000000 888.000000 0.045612 
14800 676.299988 511.000000 899.000000 0.045696 
14900 678.299988 513.000000 899.000000 0.045523 
15000 681.400024 516.000000 898.000000 0.045427 
15100 687.900024 532.000000 897.000000 0.045556 
15200 691.500000 538.000000 897.000000 0.045493 
15300 696.599976 542.000000 895.000000 0.045529 
15400 701.500000 546.000000 898.000000 0.045552 
15500 706.500000 551.000000 901.000000 0.045581 
15600 709.799988 553.000000 901.000000 0.045500 
15700 713.799988 557.000000 903.000000 0.045465 
15800 716.500000 557.000000 905.000000 0.045348 
15900 721.000000 562.000000 908.000000 0.045346 
16000 724.599976 560.000000 914.000000 0.045287 
16100 730.200012 562.000000 923.000000 0.045354 
16200 737.299988 570.000000 930.000000 0.045512 
16300 742.099976 573.000000 933.000000 0.045528 
16400 746.099976 583.000000 938.000000 0.045494 
16500 750.299988 585.000000 943.000000 0.045473 
16600 755.799988 591.000000 946.000000 0.045530 
16700 759.900024 592.000000 946.000000 0.045503 
16800 763.599976 597.000000 949.000000 0.045452 
16900 767.400024 597.000000 960.000000 0.045408 
17000 772.299988 598.000000 970.000000 0.045429 
17100 775.799988 597.000000 979.000000 0.045368 
17200 779.400024 596.000000 984.000000 0.045314 
17300 786.099976 594.000000 995.000000 0.045439 
17400 788.799988 593.000000 1004.000000 0.045333 
17500 792.200012 594.000000 1007.000000 0.045269 
17600 798.700012 595.000000 1010.000000 0.045381 
17700 803.299988 594.000000 1020.000000 0.045384 
17800 809.099976 594.000000 1026.000000 0.045455 
17900 815.799988 596.000000 1038.000000 0.045575 
18000 820.500000 594.000000 1048.000000 0.045583 
18100 825.299988 598.000000 1054.000000 0.045597 
18200 828.900024 608.000000 1058.000000 0.045544 
18300 835.099976 615.000000 1071.000000 0.045634 
18400 837.900024 620.000000 1071.000000 0.045538 
18500 841.299988 625.000000 1074.000000 0.045476 
18600 846.799988 635.000000 1076.000000 0.045527 
18700 848.400024 636.000000 1076.000000 0.045369 
18800 850.099976 644.000000 1080.000000 0.045218 
18900 853.900024 648.000000 1086.000000 0.045180 
19000 856.799988 655.000000 1090.000000 0.045095 
19100 860.700012 659.000000 1088.000000 0.045063 
19200 865.500000 665.000000 1089.000000 0.045078 
19300 871.900024 669.000000 1103.000000 0.045176 
19400 878.599976 671.000000 1113.000000 0.045289 
19500 883.200012 678.000000 1123.000000 0.045292 
19600 886.200012 683.000000 1124.000000 0.045214 
19700 889.099976 689.000000 1129.000000 0.045132 
19800 893.200012 691.000000 1137.000000 0.045111 
19900 897.599976 693.000000 1146.000000 0.045106 
20000 903.799988 698.000000 1165.000000 0.045190 
20100 908.200012 709.000000 1175.000000 0.045184 
20200 911.700012 714.000000 1186.000000 0.045134 
20300 916.099976 725.000000 1191.000000 0.045128 
20400 919.500000 728.000000 1192.000000 0.045074 
20500 922.700012 741.000000 1196.000000 0.045010 
20600 926.099976 746.000000 1204.000000 0.044956 
20700 929.500000 758.000000 1211.000000 0.044903 
20800 933.500000 767.000000 1213.000000 0.044880 
20900 936.700012 772.000000 1222.000000 0.044818 
21000 942.500000 777.000000 1235.000000 0.044881 
21100 947.599976 785.000000 1245.000000 0.044910 
21200 950.599976 791.000000 1255.000000 0.044840 
21300 958.400024 805.000000 1266.000000 0.044995 
21400 964.200012 807.000000 1274.000000 0.045056 
21500 967.200012 807.000000 1278.000000 0.044986 
21600 970.900024 808.000000 1284.000000 0.044949 
21700 974.500000 807.000000 1286.000000 0.044908 
21800 980.700012 812.000000 1299.000000 0.044986 
21900 985.200012 816.000000 1308.000000 0.044986 
22000 989.200012 821.000000 1312.000000 0.044964 
22100 992.799988 822.000000 1320.000000 0.044923 
22200 1002.099976 824.000000 1333.000000 0.045140 
22300 1006.000000 827.000000 1335.000000 0.045112 
22400 1009.900024 827.000000 1336.000000 0.045085 
22500 1013.000000 830.000000 1337.000000 0.045022 
22600 1017.500000 828.000000 1350.000000 0.045022 
22700 1023.599976 831.000000 1353.000000 0.045093 
22800 1031.199951 834.000000 1358.000000 0.045228 
22900 1036.800049 834.000000 1364.000000 0.045275 
23000 1042.500000 839.000000 1363.000000 0.045326 
23100 1050.500000 845.000000 1371.000000 0.045476 
23200 1059.000000 846.000000 1378.000000 0.045647 
23300 1065.500000 848.000000 1382.000000 0.045730 
23400 1069.199951 849.000000 1385.000000 0.045692 
23500 1073.699951 852.000000 1386.000000 0.045689 
23600 1078.699951 853.000000 1391.000000 0.045708 
23700 1081.599976 857.000000 1391.000000 0.045637 
23800 1085.400024 858.000000 1394.000000 0.045605 
23900 1087.000000 857.000000 1392.000000 0.045481 
24000 1091.000000 856.000000 1392.000000 0.045458 
24100 1095.400024 855.000000 1398.000000 0.045452 
24200 1098.800049 854.000000 1402.000000 0.045405 
24300 1103.400024 853.000000 1425.000000 0.045407 
24400 1107.000000 852.000000 1429.000000 0.045369 
24500 1110.699951 852.000000 1431.000000 0.045335 
24600 1113.599976 851.000000 1431.000000 0.045268 
24700 1117.099976 849.000000 1437.000000 0.045227 
24800 1120.300049 850.000000 1435.000000 0.045173 
24900 1125.800049 850.000000 1434.000000 0.045213 
25000 1129.500000 849.000000 1434.000000 0.045180 
25100 1133.300049 848.000000 1443.000000 0.045151 
25200 1138.400024 848.000000 1451.000000 0.045175 
25300 1142.300049 849.000000 1461.000000 0.045150 
25400 1144.199951 851.000000 1462.000000 0.045047 
25500 1148.599976 856.000000 1471.000000 0.045043 
25600 1153.000000 857.000000 1478.000000 0.045039 
25700 1156.400024 857.000000 1485.000000 0.044996 
25800 1158.900024 859.000000 1488.000000 0.044919 
25900 1163.500000 863.000000 1493.000000 0.044923 
26000 1167.900024 870.000000 1495.000000 0.044919 
26100 1171.599976 877.000000 1495.000000 0.044889 
26200 1175.800049 884.000000 1496.000000 0.044878 
26300 1181.500000 890.000000 1498.000000 0.044924 
26400 1187.099976 901.000000 1501.000000 0.044966 
26500 1191.900024 908.000000 1505.000000 0.044977 
26600 1195.500000 914.000000 1504.000000 0.044944 
26700 1201.099976 922.000000 1503.000000 0.044985 
26800 1205.800049 933.000000 1501.000000 0.044993 
26900 1209.699951 949.000000 1501.000000 0.044970 
27000 1213.900024 956.000000 1500.000000 0.044959 
27100 1219.500000 969.000000 1499.000000 0.045000 
27200 1224.900024 978.000000 1499.000000 0.045033 
27300 1229.599976 987.000000 1500.000000 0.045040 
27400 1233.000000 995.000000 1500.000000 0.045000 
27500 1235.699951 998.000000 1499.000000 0.044935 
27600 1241.300049 1018.000000 1498.000000 0.044975 
27700 1248.500000 1035.000000 1497.000000 0.045072 
27800 1254.800049 1045.000000 1500.000000 0.045137 
27900 1257.900024 1054.000000 1502.000000 0.045086 
28000 1261.599976 1058.000000 1502.000000 0.045057 
28100 1267.699951 1064.000000 1512.000000 0.045114 
28200 1271.800049 1066.000000 1528.000000 0.045099 
28300 1274.500000 1069.000000 1531.000000 0.045035 
28400 1277.699951 1071.000000 1533.000000 0.044989 
28500 1280.500000 1074.000000 1536.000000 0.044930 
28600 1285.900024 1074.000000 1541.000000 0.044962 
28700 1289.599976 1085.000000 1548.000000 0.044934 
28800 1292.599976 1086.000000 1554.000000 0.044882 
28900 1295.900024 1086.000000 1561.000000 0.044841 
29000 1300.699951 1094.000000 1571.000000 0.044852 
29100 1303.400024 1102.000000 1572.000000 0.044790 
29200 1311.500000 1112.000000 1578.000000 0.044914 
29300 1317.099976 1123.000000 1579.000000 0.044952 
29400 1321.099976 1127.000000 1581.000000 0.044935 
29500 1325.400024 1134.000000 1581.000000 0.044929 
29600 1327.199951 1138.000000 1582.000000 0.044838 
29700 1331.500000 1146.000000 1584.000000 0.044832 
29800 1337.699951 1152.000000 1586.000000 0.044889 
29900 1341.800049 1158.000000 1587.000000 0.044876 
30000 1345.500000 1160.000000 1589.000000 0.044850 
30100 1348.000000 1160.000000 1594.000000 0.044784 
30200 1351.900024 1162.000000 1604.000000 0.044765 
30300 1355.500000 1161.000000 1607.000000 0.044736 
30400 1362.800049 1160.000000 1613.000000 0.044829 
30500 1365.300049 1159.000000 1613.000000 0.044764 
30600 1367.800049 1159.000000 1616.000000 0.044699 
30700 1371.000000 1158.000000 1622.000000 0.044658 
30800 1374.599976 1158.000000 1632.000000 0.044630 
30900 1377.900024 1160.000000 1637.000000 0.044592 
31000 1382.099976 1159.000000 1641.000000 0.044584 
31100 1384.599976 1163.000000 1640.000000 0.044521 
31200 1390.000000 1165.000000 1649.000000 0.044551 
31300 1394.000000 1163.000000 1662.000000 0.044537 
31400 1395.800049 1163.000000 1667.000000 0.044452 
31500 1400.800049 1162.000000 1686.000000 0.044470 
31600 1401.900024 1161.000000 1688.000000 0.044364 
31700 1405.500000 1160.000000 1691.000000 0.044338 
31800 1408.800049 1160.000000 1695.000000 0.044302 
31900 1412.099976 1162.000000 1696.000000 0.044266 
32000 1414.699951 1167.000000 1696.000000 0.044209 
32100 1417.599976 1174.000000 1700.000000 0.044162 
32200 1421.099976 1175.000000 1708.000000 0.044134 
32300 1424.000000 1180.000000 1709.000000 0.044087 
32400 1425.099976 1184.000000 1710.000000 0.043985 
32500 1427.800049 1189.000000 1711.000000 0.043932 
32600 1430.900024 1187.000000 1712.000000 0.043893 
32700 1433.400024 1203.000000 1712.000000 0.043835 
32800 1437.400024 1212.000000 1711.000000 0.043823 
32900 1442.300049 1219.000000 1712.000000 0.043839 
33000 1446.000000 1226.000000 1715.000000 0.043818 
33100 1453.400024 1233.000000 1724.000000 0.043909 
33200 1458.000000 1236.000000 1724.000000 0.043916 
33300 1464.500000 1244.000000 1723.000000 0.043979 
33400 1467.900024 1254.000000 1721.000000 0.043949 
33500 1473.699951 1269.000000 1729.000000 0.043991 
33600 1478.599976 1276.000000 1736.000000 0.044006 
33700 1484.000000 1289.000000 1743.000000 0.044036 
33800 1488.900024 1291.000000 1754.000000 0.044050 
33900 1495.199951 1296.000000 1761.000000 0.044106 
34000 1499.900024 1297.000000 1769.000000 0.044115 
34100 1503.599976 1297.000000 1774.000000 0.044094 
34200 1509.400024 1299.000000 1781.000000 0.044135 
34300 1514.000000 1299.000000 1790.000000 0.044140 
34400 1519.199951 1298.000000 1792.000000 0.044163 
34500 1522.800049 1297.000000 1795.000000 0.044139 
34600 1526.000000 1295.000000 1798.000000 0.044104 
34700 1531.099976 1295.000000 1801.000000 0.044124 
34800 1535.800049 1294.000000 1800.000000 0.044132 
34900 1541.400024 1293.000000 1807.000000 0.044166 
35000 1545.300049 1292.000000 1812.000000 0.044151 
35100 1551.500000 1292.000000 1820.000000 0.044202 
35200 1554.199951 1292.000000 1820.000000 0.044153 
35300 1556.099976 1293.000000 1819.000000 0.044082 
35400 1559.500000 1294.000000 1818.000000 0.044054 
35500 1565.199951 1301.000000 1816.000000 0.044090 
35600 1571.000000 1305.000000 1821.000000 0.044129 
35700 1576.800049 1313.000000 1821.000000 0.044168 
35800 1583.300049 1318.000000 1826.000000 0.044226 
35900 1589.599976 1327.000000 1835.000000 0.044279 
36000 1594.800049 1330.000000 1838.000000 0.044300 
36100 1601.099976 1338.000000 1840.000000 0.044352 
36200 1606.099976 1340.000000 1846.000000 0.044367 
36300 1615.199951 1346.000000 1864.000000 0.044496 
36400 1619.599976 1351.000000 1869.000000 0.044495 
36500 1623.199951 1356.000000 1877.000000 0.044471 
36600 1627.199951 1359.000000 1878.000000 0.044459 
36700 1633.099976 1366.000000 1883.000000 0.044499 
36800 1640.099976 1373.000000 1884.000000 0.044568 
36900 1646.099976 1376.000000 1888.000000 0.044610 
37000 1651.199951 1385.000000 1892.000000 0.044627 
37100 1656.599976 1394.000000 1901.000000 0.044652 
37200 1662.099976 1400.000000 1905.000000 0.044680 
37300 1670.000000 1403.000000 1910.000000 0.044772 
37400 1677.800049 1409.000000 1915.000000 0.044861 
37500 1683.099976 1409.000000 1919.000000 0.044883 
37600 1688.400024 1409.000000 1925.000000 0.044904 
37700 1694.099976 1408.000000 1927.000000 0.044936 
37800 1698.699951 1406.000000 1936.000000 0.044939 
37900 1701.900024 1405.000000 1937.000000 0.044905 
38000 1706.900024 1407.000000 1939.000000 0.044918 
38100 1712.699951 1415.000000 1943.000000 0.044953 
38200 1718.300049 1420.000000 1947.000000 0.044982 
38300 1722.900024 1424.000000 1950.000000 0.044984 
38400 1726.699951 1426.000000 1952.000000 0.044966 
38500 1732.400024 1430.000000 1955.000000 0.044997 
38600 1736.500000 1430.000000 1966.000000 0.044987 
38700 1741.199951 1431.000000 1970.000000 0.044992 
38800 1747.300049 1437.000000 1979.000000 0.045034 
38900 1755.000000 1444.000000 1991.000000 0.045116 
39000 1758.099976 1447.000000 1993.000000 0.045079 
39100 1761.599976 1449.000000 1996.000000 0.045054 
39200 1766.900024 1449.000000 1998.000000 0.045074 
39300 1774.900024 1455.000000 2000.000000 0.045163 
39400 1781.000000 1461.000000 2007.000000 0.045203 
39500 1785.000000 1466.000000 2010.000000 0.045190 
39600 1787.900024 1468.000000 2016.000000 0.045149 
39700 1793.000000 1467.000000 2021.000000 0.045164 
39800 1798.400024 1467.000000 2025.000000 0.045186 
39900 1802.199951 1471.000000 2029.000000 0.045168 
40000 1804.500000 1472.000000 2028.000000 0.045113 
40100 1809.699951 1475.000000 2032.000000 0.045130 
40200 1815.000000 1483.000000 2033.000000 0.045149 
40300 1816.800049 1488.000000 2032.000000 0.045082 
40400 1820.599976 1492.000000 2033.000000 0.045064 
40500 1824.699951 1497.000000 2033.000000 0.045054 
40600 1828.900024 1499.000000 2036.000000 0.045047 
40700 1832.300049 1503.000000 2047.000000 0.045020 
40800 1836.099976 1505.000000 2053.000000 0.045002 
40900 1842.199951 1508.000000 2058.000000 0.045042 
41000 1847.400024 1509.000000 2074.000000 0.045059 
41100 1854.599976 1515.000000 2077.000000 0.045124 
41200 1860.099976 1516.000000 2083.000000 0.045148 
41300 1865.300049 1522.000000 2088.000000 0.045165 
41400 1868.099976 1529.000000 2090.000000 0.045123 
41500 1874.300049 1532.000000 2099.000000 0.045164 
41600 1879.900024 1536.000000 2103.000000 0.045190 
41700 1883.400024 1538.000000 2106.000000 0.045165 
41800 1886.800049 1541.000000 2113.000000 0.045139 
41900 1891.500000 1552.000000 2119.000000 0.045143 
42000 1894.500000 1561.000000 2125.000000 0.045107 
42100 1901.099976 1564.000000 2134.000000 0.045157 
42200 1904.500000 1569.000000 2138.000000 0.045130 
42300 1910.300049 1578.000000 2157.000000 0.045161 
42400 1915.400024 1582.000000 2165.000000 0.045175 
42500 1919.599976 1583.000000 2166.000000 0.045167 
42600 1923.500000 1587.000000 2168.000000 0.045153 
42700 1926.400024 1590.000000 2168.000000 0.045115 
42800 1930.400024 1591.000000 2173.000000 0.045103 
42900 1935.900024 1595.000000 2176.000000 0.045126 
43000 1941.699951 1602.000000 2181.000000 0.045156 
43100 1945.699951 1605.000000 2186.000000 0.045144 
43200 1949.000000 1610.000000 2191.000000 0.045116 
43300 1954.800049 1613.000000 2199.000000 0.045145 
43400 1959.300049 1615.000000 2205.000000 0.045145 
43500 1962.900024 1623.000000 2206.000000 0.045124 
43600 1965.900024 1626.000000 2210.000000 0.045089 
43700 1968.699951 1630.000000 2211.000000 0.045050 
43800 1971.300049 1631.000000 2217.000000 0.045007 
43900 1977.199951 1632.000000 2226.000000 0.045039 
44000 1982.199951 1631.000000 2236.000000 0.045050 
44100 1987.300049 1630.000000 2238.000000 0.045063 
44200 1990.300049 1629.000000 2243.000000 0.045029 
44300 1995.099976 1631.000000 2247.000000 0.045036 
44400 1998.500000 1631.000000 2248.000000 0.045011 
44500 2002.800049 1636.000000 2247.000000 0.045007 
44600 2007.199951 1636.000000 2251.000000 0.045004 
44700 2012.199951 1637.000000 2256.000000 0.045016 
44800 2017.099976 1639.000000 2259.000000 0.045025 
44900 2021.199951 1639.000000 2264.000000 0.045016 
45000 2025.900024 1643.000000 2278.000000 0.045020 
45100 2029.099976 1653.000000 2278.000000 0.044991 
45200 2036.000000 1671.000000 2280.000000 0.045044 
45300 2039.199951 1672.000000 2283.000000 0.045015 
45400 2042.900024 1680.000000 2286.000000 0.044998 
45500 2046.900024 1684.000000 2292.000000 0.044987 
45600 2051.600098 1688.000000 2296.000000 0.044991 
45700 2056.100098 1690.000000 2302.000000 0.044991 
45800 2061.399902 1694.000000 2310.000000 0.045009 
45900 2068.899902 1699.000000 2313.000000 0.045074 
46000 2076.100098 1709.000000 2319.000000 0.045133 
46100 2080.699951 1722.000000 2322.000000 0.045134 
46200 2084.100098 1724.000000 2328.000000 0.045110 
46300 2087.100098 1724.000000 2329.000000 0.045078 
46400 2091.500000 1727.000000 2332.000000 0.045075 
46500 2094.600098 1729.000000 2335.000000 0.045045 
46600 2098.899902 1730.000000 2337.000000 0.045041 
46700 2103.000000 1733.000000 2343.000000 0.045032 
46800 2106.899902 1734.000000 2357.000000 0.045019 
46900 2111.399902 1742.000000 2369.000000 0.045019 
47000 2115.699951 1742.000000 2379.000000 0.045015 
47100 2118.600098 1744.000000 2381.000000 0.044981 
47200 2122.100098 1746.000000 2395.000000 0.044960 
47300 2128.199951 1757.000000 2420.000000 0.044994 
47400 2132.300049 1758.000000 2427.000000 0.044985 
47500 2138.000000 1760.000000 2435.000000 0.045011 
47600 2144.399902 1767.000000 2442.000000 0.045050 
47700 2148.800049 1767.000000 2452.000000 0.045048 
47800 2154.500000 1767.000000 2462.000000 0.045073 
47900 2159.600098 1769.000000 2468.000000 0.045086 
48000 2162.600098 1779.000000 2477.000000 0.045054 
48100 2167.100098 1790.000000 2482.000000 0.045054 
48200 2170.100098 1792.000000 2487.000000 0.045023 
48300 2174.100098 1793.000000 2489.000000 0.045012 
48400 2178.100098 1794.000000 2500.000000 0.045002 
48500 2182.300049 1797.000000 2506.000000 0.044996 
48600 2189.699951 1801.000000 2509.000000 0.045056 
48700 2194.800049 1807.000000 2512.000000 0.045068 
48800 2199.000000 1808.000000 2516.000000 0.045061 
48900 2201.899902 1812.000000 2523.000000 0.045029 
49000 2206.600098 1826.000000 2539.000000 0.045033 
49100 2210.600098 1828.000000 2547.000000 0.045022 
49200 2214.399902 1839.000000 2553.000000 0.045008 
49300 2220.000000 1845.000000 2562.000000 0.045030 
49400 2226.800049 1845.000000 2574.000000 0.045077 
49500 2230.899902 1845.000000 2581.000000 0.045069 
49600 2232.899902 1844.000000 2587.000000 0.045018 
49700 2237.899902 1845.000000 2604.000000 0.045028 
49800 2241.699951 1845.000000 2611.000000 0.045014 
49900 2247.899902 1850.000000 2615.000000 0.045048 
