0 0.200000 0.000000 1.000000 0.000000 
100 1.200000 -1.000000 5.000000 0.012000 
200 1.300000 -2.000000 4.000000 0.006500 
300 4.400000 1.000000 10.000000 0.014667 
400 10.700000 0.000000 23.000000 0.026750 
500 16.299999 -1.000000 37.000000 0.032600 
600 21.600000 2.000000 40.000000 0.036000 
700 25.600000 1.000000 47.000000 0.036571 
800 29.000000 3.000000 49.000000 0.036250 
900 35.200001 3.000000 59.000000 0.039111 
1000 41.000000 4.000000 67.000000 0.041000 
1100 46.700001 6.000000 79.000000 0.042455 
1200 51.500000 6.000000 84.000000 0.042917 
1300 55.599998 8.000000 87.000000 0.042769 
1400 59.400002 11.000000 91.000000 0.042429 
1500 63.799999 13.000000 100.000000 0.042533 
1600 70.199997 16.000000 104.000000 0.043875 
1700 77.300003 23.000000 116.000000 0.045471 
1800 83.599998 33.000000 119.000000 0.046444 
1900 89.099998 36.000000 128.000000 0.046895 
2000 93.199997 37.000000 138.000000 0.046600 
2100 98.800003 43.000000 144.000000 0.047048 
2200 104.699997 48.000000 154.000000 0.047591 
2300 107.900002 49.000000 161.000000 0.046913 
2400 111.400002 49.000000 167.000000 0.046417 
2500 118.300003 56.000000 171.000000 0.047320 
2600 121.699997 56.000000 181.000000 0.046808 
2700 128.000000 56.000000 189.000000 0.047407 
2800 134.800003 55.000000 200.000000 0.048143 
2900 138.899994 63.000000 201.000000 0.047897 
3000 142.500000 64.000000 211.000000 0.047500 
3100 148.100006 70.000000 218.000000 0.047774 
3200 154.199997 73.000000 229.000000 0.048187 
3300 159.500000 80.000000 240.000000 0.048333 
3400 164.600006 85.000000 244.000000 0.048412 
3500 168.600006 86.000000 251.000000 0.048171 
3600 172.199997 88.000000 254.000000 0.047833 
3700 176.699997 92.000000 259.000000 0.047757 
3800 180.000000 98.000000 261.000000 0.047368 
3900 184.000000 103.000000 261.000000 0.047179 
4000 190.899994 109.000000 260.000000 0.047725 
4100 195.500000 113.000000 261.000000 0.047683 
4200 199.800003 115.000000 271.000000 0.047571 
4300 203.600006 123.000000 272.000000 0.047349 
4400 210.500000 134.000000 277.000000 0.047841 
4500 214.000000 137.000000 279.000000 0.047556 
4600 217.800003 139.000000 290.000000 0.047348 
4700 224.600006 148.000000 293.000000 0.047787 
4800 229.899994 158.000000 300.000000 0.047896 
4900 234.199997 163.000000 305.000000 0.047796 
5000 239.199997 169.000000 318.000000 0.047840 
5100 244.500000 171.000000 326.000000 0.047941 
5200 249.100006 172.000000 330.000000 0.047904 
5300 253.600006 173.000000 338.000000 0.047849 
5400 258.100006 178.000000 343.000000 0.047796 
5500 264.100006 181.000000 359.000000 0.048018 
5600 269.899994 183.000000 366.000000 0.048196 
5700 273.299988 182.000000 376.000000 0.047947 
5800 277.500000 181.000000 387.000000 0.047845 
5900 281.600006 179.000000 393.000000 0.047729 
6000 285.799988 179.000000 403.000000 0.047633 
6100 289.600006 179.000000 409.000000 0.047475 
6200 291.700012 178.000000 414.000000 0.047048 
6300 298.000000 180.000000 426.000000 0.047302 
6400 301.200012 179.000000 431.000000 0.047063 
6500 305.700012 179.000000 439.000000 0.047031 
6600 310.700012 177.000000 445.000000 0.047076 
6700 314.399994 176.000000 451.000000 0.046925 
6800 319.000000 176.000000 463.000000 0.046912 
6900 324.299988 182.000000 473.000000 0.047000 
7000 329.399994 189.000000 488.000000 0.047057 
7100 334.700012 194.000000 504.000000 0.047141 
7200 340.000000 199.000000 507.000000 0.047222 
7300 347.399994 207.000000 528.000000 0.047589 
7400 353.100006 213.000000 539.000000 0.047716 
7500 359.700012 216.000000 547.000000 0.047960 
7600 364.299988 223.000000 551.000000 0.047934 
7700 371.500000 223.000000 567.000000 0.048247 
7800 374.700012 228.000000 578.000000 0.048038 
7900 377.899994 236.000000 582.000000 0.047835 
8000 383.899994 240.000000 589.000000 0.047987 
8100 390.700012 248.000000 603.000000 0.048235 
8200 397.700012 257.000000 610.000000 0.048500 
8300 404.700012 264.000000 619.000000 0.048759 
8400 407.700012 269.000000 627.000000 0.048536 
8500 411.600006 271.000000 632.000000 0.048424 
8600 415.799988 274.000000 635.000000 0.048349 
8700 420.299988 287.000000 645.000000 0.048310 
8800 425.899994 292.000000 657.000000 0.048398 
8900 429.100006 291.000000 662.000000 0.048213 
9000 432.000000 289.000000 675.000000 0.048000 
9100 435.000000 291.000000 690.000000 0.047802 
9200 440.399994 297.000000 696.000000 0.047870 
9300 446.299988 302.000000 706.000000 0.047989 
9400 452.899994 308.000000 732.000000 0.048181 
9500 459.899994 318.000000 741.000000 0.048411 
9600 466.500000 325.000000 744.000000 0.048594 
9700 471.899994 334.000000 750.000000 0.048649 
9800 478.299988 344.000000 755.000000 0.048806 
9900 484.600006 353.000000 760.000000 0.048949 
10000 491.799988 358.000000 766.000000 0.049180 
10100 496.100006 360.000000 771.000000 0.049119 
10200 500.700012 362.000000 779.000000 0.049088 
10300 505.100006 363.000000 783.000000 0.049039 
10400 511.100006 366.000000 793.000000 0.049144 
10500 514.700012 368.000000 795.000000 0.049019 
10600 518.700012 371.000000 797.000000 0.048934 
10700 525.099976 390.000000 802.000000 0.049075 
10800 531.500000 392.000000 810.000000 0.049213 
10900 535.799988 398.000000 814.000000 0.049156 
11000 540.400024 403.000000 820.000000 0.049127 
11100 543.599976 403.000000 830.000000 0.048973 
11200 547.400024 407.000000 836.000000 0.048875 
11300 551.200012 407.000000 842.000000 0.048779 
11400 555.099976 409.000000 846.000000 0.048693 
11500 561.200012 417.000000 866.000000 0.048800 
11600 566.200012 423.000000 876.000000 0.048810 
11700 571.299988 426.000000 889.000000 0.048829 
11800 575.299988 426.000000 891.000000 0.048754 
11900 579.900024 433.000000 902.000000 0.048731 
12000 585.900024 437.000000 911.000000 0.048825 
12100 591.400024 447.000000 918.000000 0.048876 
12200 595.900024 448.000000 920.000000 0.048844 
12300 599.500000 451.000000 928.000000 0.048740 
12400 603.799988 455.000000 927.000000 0.048694 
12500 606.799988 461.000000 932.000000 0.048544 
12600 611.400024 461.000000 937.000000 0.048524 
12700 614.799988 463.000000 936.000000 0.048409 
12800 616.799988 465.000000 938.000000 0.048187 
12900 620.599976 465.000000 943.000000 0.048109 
13000 624.200012 469.000000 946.000000 0.048015 
13100 628.900024 470.000000 949.000000 0.048008 
13200 633.799988 477.000000 961.000000 0.048015 
13300 636.500000 489.000000 961.000000 0.047857 
13400 640.599976 498.000000 966.000000 0.047806 
13500 646.700012 498.000000 974.000000 0.047904 
13600 650.799988 500.000000 984.000000 0.047853 
13700 653.900024 504.000000 986.000000 0.047730 
13800 659.299988 510.000000 1001.000000 0.047775 
13900 664.200012 514.000000 1006.000000 0.047784 
14000 669.500000 516.000000 1018.000000 0.047821 
14100 675.299988 518.000000 1028.000000 0.047894 
14200 680.700012 530.000000 1034.000000 0.047937 
14300 685.099976 536.000000 1036.000000 0.047909 
14400 689.799988 549.000000 1048.000000 0.047903 
14500 695.700012 551.000000 1053.000000 0.047979 
14600 699.299988 552.000000 1060.000000 0.047897 
14700 702.200012 550.000000 1064.000000 0.047769 
14800 705.299988 554.000000 1066.000000 0.047655 
14900 710.200012 565.000000 1077.000000 0.047664 
15000 715.500000 580.000000 1085.000000 0.047700 
15100 721.700012 588.000000 1093.000000 0.047795 
15200 727.799988 589.000000 1103.000000 0.047882 
15300 732.299988 590.000000 1110.000000 0.047863 
15400 737.200012 591.000000 1112.000000 0.047870 
15500 741.400024 592.000000 1122.000000 0.047832 
15600 745.599976 592.000000 1125.000000 0.047795 
15700 751.700012 595.000000 1139.000000 0.047879 
15800 758.900024 595.000000 1151.000000 0.048032 
15900 763.099976 594.000000 1151.000000 0.047994 
16000 767.400024 593.000000 1164.000000 0.047963 
16100 774.299988 592.000000 1182.000000 0.048093 
16200 783.599976 593.000000 1199.000000 0.048370 
16300 787.099976 595.000000 1208.000000 0.048288 
16400 792.400024 601.000000 1217.000000 0.048317 
16500 796.299988 606.000000 1227.000000 0.048261 
16600 802.700012 607.000000 1247.000000 0.048355 
16700 806.700012 609.000000 1254.000000 0.048305 
16800 810.799988 610.000000 1261.000000 0.048262 
16900 814.900024 618.000000 1264.000000 0.048219 
17000 822.400024 630.000000 1272.000000 0.048376 
17100 828.900024 640.000000 1285.000000 0.048474 
17200 836.099976 640.000000 1291.000000 0.048610 
17300 842.000000 642.000000 1302.000000 0.048671 
17400 847.700012 642.000000 1311.000000 0.048718 
17500 850.900024 645.000000 1318.000000 0.048623 
17600 854.500000 647.000000 1323.000000 0.048551 
17700 858.200012 652.000000 1331.000000 0.048486 
17800 862.799988 654.000000 1335.000000 0.048472 
17900 869.400024 669.000000 1344.000000 0.048570 
18000 873.700012 676.000000 1348.000000 0.048539 
18100 877.099976 678.000000 1351.000000 0.048459 
18200 883.400024 687.000000 1356.000000 0.048538 
18300 886.500000 696.000000 1371.000000 0.048443 
18400 893.000000 704.000000 1379.000000 0.048533 
18500 900.099976 717.000000 1385.000000 0.048654 
18600 906.500000 728.000000 1390.000000 0.048737 
18700 911.500000 730.000000 1403.000000 0.048743 
18800 916.099976 733.000000 1408.000000 0.048729 
18900 920.599976 741.000000 1415.000000 0.048709 
19000 926.900024 743.000000 1424.000000 0.048784 
19100 932.500000 747.000000 1430.000000 0.048822 
19200 938.599976 751.000000 1439.000000 0.048885 
19300 943.900024 757.000000 1448.000000 0.048907 
19400 950.799988 766.000000 1458.000000 0.049010 
19500 955.900024 769.000000 1468.000000 0.049021 
19600 961.099976 774.000000 1472.000000 0.049036 
19700 965.400024 776.000000 1475.000000 0.049005 
19800 971.099976 779.000000 1484.000000 0.049045 
19900 973.500000 781.000000 1486.000000 0.048920 
20000 975.500000 781.000000 1486.000000 0.048775 
20100 979.400024 782.000000 1499.000000 0.048726 
20200 988.200012 796.000000 1504.000000 0.048921 
20300 991.000000 799.000000 1510.000000 0.048818 
20400 994.700012 807.000000 1516.000000 0.048760 
20500 999.700012 808.000000 1524.000000 0.048766 
20600 1005.200012 813.000000 1527.000000 0.048796 
20700 1010.500000 815.000000 1537.000000 0.048816 
20800 1018.500000 817.000000 1551.000000 0.048966 
20900 1026.800049 823.000000 1562.000000 0.049129 
21000 1031.199951 825.000000 1570.000000 0.049105 
21100 1038.400024 831.000000 1583.000000 0.049213 
21200 1044.400024 834.000000 1592.000000 0.049264 
21300 1051.900024 843.000000 1599.000000 0.049385 
21400 1057.000000 849.000000 1606.000000 0.049393 
21500 1061.500000 856.000000 1621.000000 0.049372 
21600 1064.900024 859.000000 1624.000000 0.049301 
21700 1067.599976 863.000000 1639.000000 0.049198 
21800 1070.500000 866.000000 1650.000000 0.049106 
21900 1075.800049 874.000000 1656.000000 0.049123 
22000 1079.000000 874.000000 1668.000000 0.049045 
22100 1082.699951 874.000000 1679.000000 0.048991 
22200 1086.400024 872.000000 1689.000000 0.048937 
22300 1092.199951 871.000000 1710.000000 0.048978 
22400 1095.599976 871.000000 1712.000000 0.048911 
22500 1099.000000 872.000000 1722.000000 0.048844 
22600 1101.800049 871.000000 1730.000000 0.048752 
22700 1105.400024 870.000000 1741.000000 0.048696 
22800 1111.599976 873.000000 1751.000000 0.048754 
22900 1115.599976 871.000000 1765.000000 0.048716 
23000 1120.900024 872.000000 1771.000000 0.048735 
23100 1124.400024 873.000000 1775.000000 0.048675 
23200 1127.000000 874.000000 1779.000000 0.048578 
23300 1131.900024 880.000000 1792.000000 0.048579 
23400 1138.000000 887.000000 1802.000000 0.048632 
23500 1145.099976 892.000000 1822.000000 0.048728 
23600 1151.099976 897.000000 1834.000000 0.048775 
23700 1156.199951 900.000000 1838.000000 0.048785 
23800 1159.400024 902.000000 1848.000000 0.048714 
23900 1161.099976 904.000000 1853.000000 0.048582 
24000 1165.800049 915.000000 1864.000000 0.048575 
24100 1170.400024 924.000000 1873.000000 0.048564 
24200 1175.900024 926.000000 1878.000000 0.048591 
24300 1179.599976 927.000000 1891.000000 0.048543 
24400 1183.000000 927.000000 1895.000000 0.048484 
24500 1190.699951 936.000000 1905.000000 0.048600 
24600 1195.099976 939.000000 1907.000000 0.048581 
24700 1197.900024 938.000000 1913.000000 0.048498 
24800 1201.199951 939.000000 1914.000000 0.048435 
24900 1205.699951 941.000000 1926.000000 0.048422 
25000 1209.800049 949.000000 1937.000000 0.048392 
25100 1214.400024 956.000000 1940.000000 0.048382 
25200 1217.599976 962.000000 1944.000000 0.048317 
25300 1222.300049 969.000000 1947.000000 0.048312 
25400 1226.599976 976.000000 1951.000000 0.048291 
25500 1231.400024 983.000000 1949.000000 0.048290 
25600 1237.599976 998.000000 1947.000000 0.048344 
25700 1242.400024 1000.000000 1948.000000 0.048342 
25800 1247.300049 1004.000000 1953.000000 0.048345 
25900 1253.900024 1015.000000 1959.000000 0.048413 
26000 1258.199951 1024.000000 1959.000000 0.048392 
26100 1264.000000 1027.000000 1964.000000 0.048429 
26200 1271.199951 1035.000000 1966.000000 0.048519 
26300 1276.500000 1039.000000 1970.000000 0.048536 
26400 1281.099976 1045.000000 1978.000000 0.048527 
26500 1284.099976 1045.000000 1981.000000 0.048457 
26600 1288.800049 1045.000000 1986.000000 0.048451 
26700 1294.699951 1055.000000 1990.000000 0.048491 
26800 1298.800049 1066.000000 1990.000000 0.048463 
26900 1301.400024 1066.000000 1990.000000 0.048379 
27000 1306.300049 1071.000000 1991.000000 0.048381 
27100 1311.900024 1080.000000 1989.000000 0.048410 
27200 1318.000000 1085.000000 1988.000000 0.048456 
27300 1326.699951 1097.000000 1987.000000 0.048597 
27400 1334.500000 1097.000000 1988.000000 0.048704 
27500 1339.800049 1105.000000 1995.000000 0.048720 
27600 1344.300049 1108.000000 1997.000000 0.048707 
27700 1350.699951 1116.000000 2003.000000 0.048762 
27800 1354.599976 1118.000000 2001.000000 0.048727 
27900 1358.699951 1118.000000 2000.000000 0.048699 
28000 1364.300049 1118.000000 2000.000000 0.048725 
28100 1367.000000 1118.000000 2003.000000 0.048648 
28200 1372.000000 1125.000000 2001.000000 0.048652 
28300 1375.800049 1126.000000 2002.000000 0.048615 
28400 1379.500000 1128.000000 2008.000000 0.048574 
28500 1384.400024 1130.000000 2014.000000 0.048575 
28600 1387.400024 1132.000000 2016.000000 0.048510 
28700 1390.000000 1137.000000 2018.000000 0.048432 
28800 1393.699951 1138.000000 2021.000000 0.048392 
28900 1397.199951 1141.000000 2022.000000 0.048346 
29000 1400.000000 1140.000000 2030.000000 0.048276 
29100 1406.400024 1145.000000 2032.000000 0.048330 
29200 1410.800049 1148.000000 2039.000000 0.048315 
29300 1415.900024 1150.000000 2045.000000 0.048324 
29400 1421.099976 1151.000000 2050.000000 0.048337 
29500 1425.300049 1159.000000 2058.000000 0.048315 
29600 1431.500000 1165.000000 2062.000000 0.048361 
29700 1437.099976 1171.000000 2066.000000 0.048387 
29800 1441.800049 1172.000000 2069.000000 0.048383 
29900 1445.300049 1175.000000 2071.000000 0.048338 
30000 1451.500000 1181.000000 2086.000000 0.048383 
30100 1455.500000 1186.000000 2089.000000 0.048355 
30200 1460.599976 1193.000000 2092.000000 0.048364 
30300 1466.099976 1201.000000 2096.000000 0.048386 
30400 1471.599976 1204.000000 2102.000000 0.048408 
30500 1475.099976 1209.000000 2102.000000 0.048364 
30600 1480.800049 1218.000000 2106.000000 0.048392 
30700 1485.699951 1227.000000 2113.000000 0.048394 
30800 1489.500000 1230.000000 2113.000000 0.048360 
30900 1491.000000 1231.000000 2119.000000 0.048252 
31000 1495.099976 1241.000000 2123.000000 0.048229 
31100 1499.500000 1245.000000 2123.000000 0.048215 
31200 1504.599976 1251.000000 2130.000000 0.048224 
31300 1510.400024 1260.000000 2137.000000 0.048256 
31400 1514.400024 1265.000000 2138.000000 0.048229 
31500 1520.099976 1270.000000 2140.000000 0.048257 
31600 1527.900024 1276.000000 2144.000000 0.048351 
31700 1533.099976 1281.000000 2150.000000 0.048363 
31800 1538.300049 1282.000000 2164.000000 0.048374 
31900 1540.900024 1283.000000 2163.000000 0.048304 
32000 1543.500000 1286.000000 2167.000000 0.048234 
32100 1546.900024 1288.000000 2174.000000 0.048190 
32200 1549.099976 1294.000000 2180.000000 0.048109 
32300 1552.699951 1294.000000 2184.000000 0.048071 
32400 1557.000000 1295.000000 2190.000000 0.048056 
32500 1561.699951 1302.000000 2195.000000 0.048052 
32600 1566.000000 1303.000000 2202.000000 0.048037 
32700 1569.500000 1303.000000 2206.000000 0.047997 
32800 1574.400024 1308.000000 2219.000000 0.048000 
32900 1580.400024 1309.000000 2226.000000 0.048036 
33000 1589.199951 1312.000000 2238.000000 0.048158 
33100 1595.099976 1314.000000 2247.000000 0.048190 
33200 1599.699951 1322.000000 2252.000000 0.048184 
33300 1604.400024 1327.000000 2253.000000 0.048180 
33400 1610.599976 1332.000000 2255.000000 0.048222 
33500 1615.300049 1339.000000 2261.000000 0.048218 
33600 1622.099976 1342.000000 2269.000000 0.048277 
33700 1630.300049 1348.000000 2275.000000 0.048377 
33800 1634.599976 1352.000000 2274.000000 0.048361 
33900 1641.199951 1368.000000 2272.000000 0.048413 
34000 1646.699951 1378.000000 2272.000000 0.048432 
34100 1651.099976 1386.000000 2285.000000 0.048419 
34200 1655.000000 1386.000000 2285.000000 0.048392 
34300 1661.099976 1389.000000 2295.000000 0.048429 
34400 1665.599976 1389.000000 2304.000000 0.048419 
34500 1672.199951 1401.000000 2309.000000 0.048470 
34600 1678.599976 1415.000000 2324.000000 0.048514 
34700 1682.900024 1417.000000 2329.000000 0.048499 
34800 1685.099976 1417.000000 2330.000000 0.048422 
34900 1688.199951 1420.000000 2337.000000 0.048372 
35000 1692.500000 1419.000000 2340.000000 0.048357 
35100 1695.900024 1423.000000 2342.000000 0.048316 
35200 1700.900024 1431.000000 2343.000000 0.048321 
35300 1707.599976 1444.000000 2348.000000 0.048374 
35400 1713.900024 1447.000000 2350.000000 0.048415 
35500 1719.199951 1449.000000 2351.000000 0.048428 
35600 1725.000000 1454.000000 2356.000000 0.048455 
35700 1732.900024 1455.000000 2363.000000 0.048541 
35800 1737.500000 1460.000000 2371.000000 0.048534 
35900 1742.900024 1464.000000 2369.000000 0.048549 
36000 1748.800049 1466.000000 2374.000000 0.048578 
36100 1754.099976 1467.000000 2380.000000 0.048590 
36200 1757.599976 1471.000000 2382.000000 0.048552 
36300 1760.699951 1472.000000 2384.000000 0.048504 
36400 1767.300049 1477.000000 2392.000000 0.048552 
36500 1772.400024 1484.000000 2403.000000 0.048559 
36600 1776.500000 1500.000000 2408.000000 0.048538 
36700 1780.699951 1513.000000 2411.000000 0.048520 
36800 1783.900024 1519.000000 2411.000000 0.048476 
36900 1787.400024 1521.000000 2410.000000 0.048439 
37000 1791.699951 1521.000000 2409.000000 0.048424 
37100 1797.300049 1524.000000 2407.000000 0.048445 
37200 1801.000000 1524.000000 2405.000000 0.048414 
37300 1804.099976 1527.000000 2404.000000 0.048367 
37400 1807.699951 1531.000000 2406.000000 0.048334 
37500 1811.699951 1538.000000 2409.000000 0.048312 
37600 1816.300049 1546.000000 2410.000000 0.048306 
37700 1821.199951 1550.000000 2415.000000 0.048308 
37800 1825.099976 1553.000000 2425.000000 0.048283 
37900 1828.500000 1557.000000 2435.000000 0.048245 
38000 1832.400024 1560.000000 2445.000000 0.048221 
38100 1835.599976 1563.000000 2451.000000 0.048178 
38200 1840.099976 1562.000000 2464.000000 0.048170 
38300 1843.199951 1561.000000 2468.000000 0.048125 
38400 1847.000000 1568.000000 2478.000000 0.048099 
38500 1850.000000 1572.000000 2488.000000 0.048052 
38600 1852.500000 1575.000000 2491.000000 0.047992 
38700 1858.800049 1579.000000 2505.000000 0.048031 
38800 1864.599976 1583.000000 2508.000000 0.048057 
38900 1868.500000 1586.000000 2515.000000 0.048033 
39000 1874.099976 1589.000000 2535.000000 0.048054 
39100 1878.300049 1590.000000 2542.000000 0.048038 
39200 1882.599976 1594.000000 2552.000000 0.048026 
39300 1886.599976 1597.000000 2553.000000 0.048005 
39400 1892.000000 1599.000000 2564.000000 0.048020 
39500 1896.900024 1604.000000 2571.000000 0.048023 
39600 1903.699951 1606.000000 2579.000000 0.048073 
39700 1907.800049 1608.000000 2588.000000 0.048055 
39800 1913.500000 1612.000000 2601.000000 0.048078 
39900 1916.599976 1614.000000 2602.000000 0.048035 
40000 1922.099976 1617.000000 2612.000000 0.048053 
40100 1927.300049 1627.000000 2618.000000 0.048062 
40200 1930.599976 1632.000000 2625.000000 0.048025 
40300 1933.800049 1632.000000 2624.000000 0.047985 
40400 1936.699951 1631.000000 2623.000000 0.047938 
40500 1941.400024 1632.000000 2630.000000 0.047936 
40600 1946.199951 1632.000000 2639.000000 0.047936 
40700 1949.800049 1631.000000 2648.000000 0.047907 
40800 1955.699951 1630.000000 2650.000000 0.047934 
40900 1959.099976 1634.000000 2650.000000 0.047900 
41000 1961.900024 1644.000000 2650.000000 0.047851 
41100 1967.500000 1654.000000 2649.000000 0.047871 
41200 1971.500000 1658.000000 2649.000000 0.047852 
41300 1976.300049 1663.000000 2649.000000 0.047852 
41400 1980.099976 1665.000000 2650.000000 0.047829 
41500 1985.099976 1667.000000 2655.000000 0.047834 
41600 1989.599976 1667.000000 2654.000000 0.047827 
41700 1997.099976 1668.000000 2662.000000 0.047892 
41800 2004.099976 1668.000000 2681.000000 0.047945 
41900 2012.599976 1672.000000 2698.000000 0.048033 
42000 2017.099976 1672.000000 2704.000000 0.048026 
42100 2021.800049 1677.000000 2717.000000 0.048024 
42200 2025.500000 1677.000000 2721.000000 0.047998 
42300 2030.800049 1676.000000 2728.000000 0.048009 
42400 2036.400024 1674.000000 2739.000000 0.048028 
42500 2040.900024 1679.000000 2742.000000 0.048021 
42600 2043.800049 1684.000000 2748.000000 0.047977 
42700 2049.199951 1688.000000 2756.000000 0.047991 
42800 2054.300049 1696.000000 2765.000000 0.047998 
42900 2058.800049 1698.000000 2778.000000 0.047991 
43000 2065.100098 1707.000000 2792.000000 0.048026 
43100 2070.600098 1719.000000 2797.000000 0.048042 
43200 2075.100098 1727.000000 2800.000000 0.048035 
43300 2079.199951 1738.000000 2800.000000 0.048018 
43400 2083.000000 1740.000000 2816.000000 0.047995 
43500 2089.699951 1747.000000 2820.000000 0.048039 
43600 2096.000000 1757.000000 2830.000000 0.048073 
43700 2100.600098 1769.000000 2837.000000 0.048069 
43800 2105.000000 1778.000000 2840.000000 0.048059 
43900 2111.399902 1788.000000 2853.000000 0.048096 
44000 2117.100098 1796.000000 2858.000000 0.048116 
44100 2122.100098 1805.000000 2866.000000 0.048120 
44200 2125.500000 1808.000000 2870.000000 0.048088 
44300 2129.600098 1815.000000 2879.000000 0.048072 
44400 2134.500000 1822.000000 2889.000000 0.048074 
44500 2138.199951 1829.000000 2892.000000 0.048049 
44600 2143.199951 1835.000000 2894.000000 0.048054 
44700 2145.899902 1834.000000 2898.000000 0.048007 
44800 2150.800049 1836.000000 2902.000000 0.048009 
44900 2155.899902 1836.000000 2906.000000 0.048016 
45000 2160.500000 1836.000000 2916.000000 0.048011 
45100 2168.899902 1845.000000 2926.000000 0.048091 
45200 2173.800049 1845.000000 2926.000000 0.048093 
45300 2177.600098 1845.000000 2933.000000 0.048071 
45400 2181.399902 1856.000000 2943.000000 0.048048 
45500 2184.800049 1858.000000 2947.000000 0.048018 
45600 2190.600098 1860.000000 2958.000000 0.048039 
45700 2197.500000 1874.000000 2964.000000 0.048085 
45800 2202.600098 1882.000000 2975.000000 0.048092 
45900 2208.000000 1889.000000 2984.000000 0.048105 
46000 2214.600098 1896.000000 2998.000000 0.048143 
46100 2221.000000 1902.000000 3008.000000 0.048178 
46200 2225.100098 1906.000000 3012.000000 0.048162 
46300 2228.899902 1910.000000 3015.000000 0.048140 
46400 2234.899902 1918.000000 3014.000000 0.048166 
46500 2239.199951 1921.000000 3013.000000 0.048155 
46600 2246.300049 1924.000000 3012.000000 0.048204 
46700 2251.199951 1925.000000 3012.000000 0.048206 
46800 2258.100098 1929.000000 3016.000000 0.048250 
46900 2263.399902 1931.000000 3015.000000 0.048260 
47000 2269.899902 1932.000000 3018.000000 0.048296 
47100 2275.699951 1932.000000 3020.000000 0.048316 
47200 2279.899902 1936.000000 3027.000000 0.048303 
47300 2283.899902 1935.000000 3038.000000 0.048285 
47400 2290.699951 1934.000000 3046.000000 0.048327 
47500 2295.600098 1941.000000 3049.000000 0.048328 
47600 2301.100098 1944.000000 3058.000000 0.048342 
47700 2304.600098 1946.000000 3061.000000 0.048314 
47800 2307.000000 1950.000000 3069.000000 0.048264 
47900 2311.300049 1952.000000 3079.000000 0.048253 
48000 2318.100098 1961.000000 3082.000000 0.048294 
48100 2324.500000 1964.000000 3088.000000 0.048326 
48200 2330.300049 1973.000000 3095.000000 0.048346 
48300 2335.699951 1978.000000 3096.000000 0.048358 
48400 2340.699951 1983.000000 3100.000000 0.048362 
48500 2345.100098 1990.000000 3101.000000 0.048353 
48600 2347.699951 1991.000000 3100.000000 0.048307 
48700 2351.600098 1996.000000 3099.000000 0.048287 
48800 2357.899902 2005.000000 3105.000000 0.048318 
48900 2363.199951 2010.000000 3110.000000 0.048327 
49000 2367.100098 2014.000000 3114.000000 0.048308 
49100 2373.199951 2016.000000 3117.000000 0.048334 
49200 2378.500000 2020.000000 3118.000000 0.048343 
49300 2382.800049 2024.000000 3117.000000 0.048333 
49400 2389.699951 2026.000000 3124.000000 0.048374 
49500 2394.600098 2026.000000 3123.000000 0.048376 
49600 2396.600098 2026.000000 3122.000000 0.048319 
49700 2400.100098 2029.000000 3126.000000 0.048292 
49800 2403.699951 2031.000000 3130.000000 0.048267 
49900 2407.899902 2030.000000 3138.000000 0.048255 
