0 0.100000 0.000000 1.000000 0.000000 
100 0.600000 -2.000000 4.000000 0.006000 
200 2.300000 -1.000000 5.000000 0.011500 
300 3.900000 -3.000000 10.000000 0.013000 
400 10.200000 -4.000000 27.000000 0.025500 
500 12.700000 -1.000000 35.000000 0.025400 
600 19.700001 3.000000 39.000000 0.032833 
700 23.400000 4.000000 40.000000 0.033429 
800 31.600000 10.000000 46.000000 0.039500 
900 38.299999 10.000000 60.000000 0.042556 
1000 43.000000 13.000000 64.000000 0.043000 
1100 50.400002 18.000000 78.000000 0.045818 
1200 57.200001 25.000000 91.000000 0.047667 
1300 62.599998 35.000000 98.000000 0.048154 
1400 68.199997 43.000000 100.000000 0.048714 
1500 74.800003 48.000000 111.000000 0.049867 
1600 78.099998 51.000000 112.000000 0.048812 
1700 82.400002 54.000000 114.000000 0.048471 
1800 86.699997 62.000000 120.000000 0.048167 
1900 93.599998 70.000000 132.000000 0.049263 
2000 99.699997 73.000000 152.000000 0.049850 
2100 104.000000 72.000000 157.000000 0.049524 
2200 106.699997 71.000000 157.000000 0.048500 
2300 114.300003 73.000000 170.000000 0.049696 
2400 119.800003 74.000000 180.000000 0.049917 
2500 123.599998 74.000000 183.000000 0.049440 
2600 127.099998 74.000000 183.000000 0.048885 
2700 130.899994 80.000000 186.000000 0.048481 
2800 134.399994 86.000000 197.000000 0.048000 
2900 137.899994 86.000000 214.000000 0.047552 
3000 141.699997 88.000000 218.000000 0.047233 
3100 145.000000 92.000000 231.000000 0.046774 
3200 147.800003 98.000000 241.000000 0.046188 
3300 150.100006 103.000000 249.000000 0.045485 
3400 154.899994 107.000000 258.000000 0.045559 
3500 161.100006 106.000000 266.000000 0.046029 
3600 164.600006 107.000000 274.000000 0.045722 
3700 168.000000 111.000000 278.000000 0.045405 
3800 172.899994 116.000000 281.000000 0.045500 
3900 178.100006 118.000000 290.000000 0.045667 
4000 184.000000 120.000000 294.000000 0.046000 
4100 187.699997 122.000000 310.000000 0.045780 
4200 190.500000 123.000000 313.000000 0.045357 
4300 192.500000 126.000000 316.000000 0.044767 
4400 197.600006 135.000000 330.000000 0.044909 
4500 202.500000 137.000000 346.000000 0.045000 
4600 205.300003 139.000000 350.000000 0.044630 
4700 210.199997 150.000000 357.000000 0.044723 
4800 214.899994 158.000000 360.000000 0.044771 
4900 218.399994 158.000000 364.000000 0.044571 
5000 223.800003 158.000000 366.000000 0.044760 
5100 227.699997 161.000000 379.000000 0.044647 
5200 233.600006 167.000000 388.000000 0.044923 
5300 236.699997 167.000000 390.000000 0.044660 
5400 242.800003 175.000000 397.000000 0.044963 
5500 249.500000 184.000000 412.000000 0.045364 
5600 254.300003 185.000000 413.000000 0.045411 
5700 257.399994 188.000000 424.000000 0.045158 
5800 261.299988 195.000000 424.000000 0.045052 
5900 264.500000 208.000000 425.000000 0.044831 
6000 267.500000 209.000000 424.000000 0.044583 
6100 271.100006 213.000000 423.000000 0.044443 
6200 273.399994 215.000000 427.000000 0.044097 
6300 277.100006 224.000000 429.000000 0.043984 
6400 280.399994 226.000000 430.000000 0.043812 
6500 283.500000 229.000000 429.000000 0.043615 
6600 289.200012 238.000000 432.000000 0.043818 
6700 292.500000 237.000000 431.000000 0.043657 
6800 294.799988 236.000000 431.000000 0.043353 
6900 297.700012 236.000000 431.000000 0.043145 
7000 301.200012 236.000000 430.000000 0.043029 
7100 304.899994 235.000000 431.000000 0.042944 
7200 309.100006 235.000000 430.000000 0.042931 
7300 312.700012 239.000000 429.000000 0.042836 
7400 317.000000 243.000000 428.000000 0.042838 
7500 320.600006 245.000000 428.000000 0.042747 
7600 325.000000 245.000000 428.000000 0.042763 
7700 328.600006 252.000000 429.000000 0.042675 
7800 332.200012 255.000000 436.000000 0.042590 
7900 335.700012 258.000000 443.000000 0.042494 
8000 341.700012 260.000000 449.000000 0.042713 
8100 348.899994 259.000000 457.000000 0.043074 
8200 353.799988 257.000000 461.000000 0.043146 
8300 357.100006 257.000000 465.000000 0.043024 
8400 361.000000 257.000000 466.000000 0.042976 
8500 365.500000 255.000000 471.000000 0.043000 
8600 367.899994 253.000000 482.000000 0.042779 
8700 371.299988 252.000000 488.000000 0.042678 
8800 376.299988 255.000000 493.000000 0.042761 
8900 380.299988 254.000000 496.000000 0.042730 
9000 389.299988 260.000000 504.000000 0.043256 
9100 393.000000 261.000000 509.000000 0.043187 
9200 397.899994 261.000000 522.000000 0.043250 
9300 402.899994 266.000000 524.000000 0.043323 
9400 407.700012 268.000000 534.000000 0.043372 
9500 414.899994 274.000000 548.000000 0.043674 
9600 422.899994 277.000000 560.000000 0.044052 
9700 427.500000 287.000000 569.000000 0.044072 
9800 432.500000 285.000000 577.000000 0.044133 
9900 437.600006 293.000000 587.000000 0.044202 
10000 440.899994 294.000000 590.000000 0.044090 
10100 444.299988 296.000000 600.000000 0.043990 
10200 449.200012 297.000000 608.000000 0.044039 
10300 454.100006 298.000000 622.000000 0.044087 
10400 458.799988 298.000000 629.000000 0.044115 
10500 466.000000 309.000000 642.000000 0.044381 
10600 469.200012 310.000000 647.000000 0.044264 
10700 475.200012 315.000000 661.000000 0.044411 
10800 479.500000 320.000000 667.000000 0.044398 
10900 485.700012 336.000000 674.000000 0.044560 
11000 491.100006 348.000000 684.000000 0.044645 
11100 497.899994 357.000000 689.000000 0.044856 
11200 504.000000 363.000000 698.000000 0.045000 
11300 510.000000 365.000000 705.000000 0.045133 
11400 516.700012 374.000000 719.000000 0.045325 
11500 521.400024 377.000000 723.000000 0.045339 
11600 528.500000 380.000000 739.000000 0.045560 
11700 532.099976 380.000000 745.000000 0.045479 
11800 539.400024 381.000000 755.000000 0.045712 
11900 542.900024 380.000000 762.000000 0.045622 
12000 547.400024 384.000000 769.000000 0.045617 
12100 552.900024 384.000000 782.000000 0.045694 
12200 555.900024 383.000000 784.000000 0.045566 
12300 560.700012 384.000000 788.000000 0.045585 
12400 564.700012 390.000000 789.000000 0.045540 
12500 572.400024 398.000000 791.000000 0.045792 
12600 578.099976 400.000000 803.000000 0.045881 
12700 581.500000 404.000000 806.000000 0.045787 
12800 585.000000 407.000000 808.000000 0.045703 
12900 591.400024 411.000000 825.000000 0.045845 
13000 599.799988 424.000000 836.000000 0.046138 
13100 606.900024 438.000000 846.000000 0.046328 
13200 611.200012 449.000000 862.000000 0.046303 
13300 615.099976 454.000000 869.000000 0.046248 
13400 621.700012 470.000000 873.000000 0.046396 
13500 627.400024 481.000000 880.000000 0.046474 
13600 632.299988 486.000000 889.000000 0.046493 
13700 635.700012 489.000000 891.000000 0.046401 
13800 639.900024 496.000000 898.000000 0.046370 
13900 642.400024 498.000000 901.000000 0.046216 
14000 646.700012 502.000000 912.000000 0.046193 
14100 649.900024 509.000000 920.000000 0.046092 
14200 655.099976 510.000000 929.000000 0.046134 
14300 663.500000 516.000000 949.000000 0.046399 
14400 667.799988 528.000000 953.000000 0.046375 
14500 671.200012 542.000000 957.000000 0.046290 
14600 677.799988 550.000000 967.000000 0.046425 
14700 682.900024 556.000000 974.000000 0.046456 
14800 688.400024 562.000000 983.000000 0.046514 
14900 695.599976 567.000000 985.000000 0.046685 
15000 700.599976 570.000000 991.000000 0.046707 
15100 705.000000 575.000000 996.000000 0.046689 
15200 711.099976 584.000000 1003.000000 0.046783 
15300 715.099976 589.000000 1009.000000 0.046739 
15400 720.799988 594.000000 1020.000000 0.046805 
15500 726.900024 601.000000 1029.000000 0.046897 
15600 731.599976 612.000000 1034.000000 0.046897 
15700 739.599976 622.000000 1048.000000 0.047108 
15800 745.000000 627.000000 1056.000000 0.047152 
15900 750.200012 627.000000 1064.000000 0.047182 
16000 753.000000 628.000000 1069.000000 0.047063 
16100 757.700012 628.000000 1074.000000 0.047062 
16200 761.400024 628.000000 1089.000000 0.047000 
16300 764.599976 627.000000 1098.000000 0.046908 
16400 767.599976 628.000000 1104.000000 0.046805 
16500 771.400024 627.000000 1106.000000 0.046752 
16600 776.299988 629.000000 1112.000000 0.046765 
16700 782.299988 633.000000 1114.000000 0.046844 
16800 787.000000 639.000000 1112.000000 0.046845 
16900 790.900024 642.000000 1111.000000 0.046799 
17000 796.500000 643.000000 1114.000000 0.046853 
17100 801.400024 652.000000 1116.000000 0.046865 
17200 806.799988 655.000000 1125.000000 0.046907 
17300 811.299988 656.000000 1135.000000 0.046896 
17400 818.000000 660.000000 1145.000000 0.047011 
17500 824.799988 668.000000 1147.000000 0.047131 
17600 828.400024 668.000000 1150.000000 0.047068 
17700 834.400024 667.000000 1157.000000 0.047141 
17800 838.900024 672.000000 1162.000000 0.047129 
17900 846.400024 683.000000 1172.000000 0.047285 
18000 851.400024 683.000000 1178.000000 0.047300 
18100 855.599976 683.000000 1185.000000 0.047271 
18200 859.500000 682.000000 1196.000000 0.047225 
18300 864.099976 688.000000 1203.000000 0.047219 
18400 868.599976 690.000000 1209.000000 0.047207 
18500 873.099976 694.000000 1216.000000 0.047195 
18600 877.400024 703.000000 1221.000000 0.047172 
18700 881.799988 707.000000 1233.000000 0.047155 
18800 887.900024 713.000000 1243.000000 0.047229 
18900 891.900024 718.000000 1256.000000 0.047190 
19000 896.099976 718.000000 1267.000000 0.047163 
19100 901.500000 718.000000 1288.000000 0.047199 
19200 906.299988 721.000000 1298.000000 0.047203 
19300 910.799988 723.000000 1310.000000 0.047192 
19400 915.000000 725.000000 1322.000000 0.047165 
19500 917.599976 725.000000 1324.000000 0.047056 
19600 921.099976 726.000000 1328.000000 0.046995 
19700 924.000000 730.000000 1337.000000 0.046904 
19800 926.299988 730.000000 1345.000000 0.046783 
19900 930.900024 730.000000 1354.000000 0.046779 
20000 935.099976 731.000000 1361.000000 0.046755 
20100 937.900024 730.000000 1363.000000 0.046662 
20200 941.799988 729.000000 1367.000000 0.046624 
20300 944.599976 728.000000 1366.000000 0.046532 
20400 949.799988 734.000000 1372.000000 0.046559 
20500 952.500000 740.000000 1376.000000 0.046463 
20600 955.400024 742.000000 1379.000000 0.046379 
20700 959.099976 744.000000 1390.000000 0.046333 
20800 963.299988 748.000000 1400.000000 0.046312 
20900 966.599976 748.000000 1406.000000 0.046249 
21000 970.500000 751.000000 1409.000000 0.046214 
21100 976.099976 760.000000 1421.000000 0.046261 
21200 979.200012 761.000000 1435.000000 0.046189 
21300 981.700012 762.000000 1441.000000 0.046089 
21400 984.200012 766.000000 1448.000000 0.045991 
21500 988.200012 767.000000 1462.000000 0.045963 
21600 993.599976 770.000000 1468.000000 0.046000 
21700 999.599976 770.000000 1475.000000 0.046065 
21800 1005.000000 771.000000 1483.000000 0.046101 
21900 1009.900024 771.000000 1490.000000 0.046114 
22000 1013.700012 770.000000 1491.000000 0.046077 
22100 1018.900024 771.000000 1499.000000 0.046104 
22200 1025.000000 773.000000 1505.000000 0.046171 
22300 1033.500000 785.000000 1516.000000 0.046345 
22400 1041.500000 790.000000 1533.000000 0.046496 
22500 1046.800049 799.000000 1550.000000 0.046524 
22600 1053.400024 805.000000 1556.000000 0.046611 
22700 1059.099976 807.000000 1564.000000 0.046656 
22800 1064.199951 814.000000 1573.000000 0.046675 
22900 1070.000000 822.000000 1587.000000 0.046725 
23000 1074.199951 829.000000 1586.000000 0.046704 
23100 1079.000000 831.000000 1593.000000 0.046710 
23200 1082.199951 832.000000 1598.000000 0.046647 
23300 1088.099976 838.000000 1603.000000 0.046700 
23400 1093.300049 850.000000 1610.000000 0.046722 
23500 1095.599976 852.000000 1611.000000 0.046621 
23600 1100.000000 857.000000 1610.000000 0.046610 
23700 1104.300049 860.000000 1612.000000 0.046595 
23800 1109.900024 862.000000 1615.000000 0.046634 
23900 1115.699951 870.000000 1617.000000 0.046682 
24000 1119.699951 870.000000 1617.000000 0.046654 
24100 1123.500000 872.000000 1617.000000 0.046618 
24200 1126.400024 872.000000 1617.000000 0.046545 
24300 1130.699951 882.000000 1621.000000 0.046531 
24400 1135.900024 892.000000 1627.000000 0.046553 
24500 1141.800049 904.000000 1627.000000 0.046604 
24600 1147.300049 913.000000 1627.000000 0.046638 
24700 1152.000000 918.000000 1628.000000 0.046640 
24800 1158.800049 929.000000 1632.000000 0.046726 
24900 1164.400024 932.000000 1638.000000 0.046763 
25000 1168.699951 934.000000 1639.000000 0.046748 
25100 1174.400024 936.000000 1650.000000 0.046789 
25200 1183.199951 942.000000 1660.000000 0.046952 
25300 1189.699951 951.000000 1662.000000 0.047024 
25400 1196.199951 957.000000 1673.000000 0.047094 
25500 1199.400024 961.000000 1673.000000 0.047035 
25600 1202.300049 963.000000 1675.000000 0.046965 
25700 1205.699951 967.000000 1676.000000 0.046914 
25800 1209.099976 970.000000 1678.000000 0.046864 
25900 1215.400024 976.000000 1693.000000 0.046927 
26000 1218.300049 979.000000 1696.000000 0.046858 
26100 1223.400024 985.000000 1705.000000 0.046874 
26200 1228.500000 986.000000 1710.000000 0.046889 
26300 1233.900024 985.000000 1719.000000 0.046916 
26400 1238.800049 991.000000 1723.000000 0.046924 
26500 1242.300049 1001.000000 1723.000000 0.046879 
26600 1251.000000 1003.000000 1726.000000 0.047030 
26700 1256.000000 1009.000000 1726.000000 0.047041 
26800 1259.300049 1012.000000 1724.000000 0.046989 
26900 1266.099976 1018.000000 1724.000000 0.047067 
27000 1268.300049 1019.000000 1724.000000 0.046974 
27100 1272.599976 1025.000000 1728.000000 0.046959 
27200 1275.300049 1028.000000 1730.000000 0.046886 
27300 1278.500000 1034.000000 1739.000000 0.046832 
27400 1284.400024 1039.000000 1751.000000 0.046876 
27500 1288.699951 1044.000000 1758.000000 0.046862 
27600 1293.599976 1053.000000 1760.000000 0.046870 
27700 1299.800049 1060.000000 1766.000000 0.046924 
27800 1304.099976 1062.000000 1773.000000 0.046910 
27900 1311.000000 1079.000000 1775.000000 0.046989 
28000 1316.300049 1086.000000 1777.000000 0.047011 
28100 1322.500000 1092.000000 1777.000000 0.047064 
28200 1325.800049 1091.000000 1777.000000 0.047014 
28300 1330.300049 1099.000000 1779.000000 0.047007 
28400 1334.000000 1103.000000 1784.000000 0.046972 
28500 1342.800049 1117.000000 1788.000000 0.047116 
28600 1349.400024 1128.000000 1792.000000 0.047182 
28700 1357.000000 1134.000000 1798.000000 0.047282 
28800 1364.699951 1143.000000 1800.000000 0.047385 
28900 1367.900024 1148.000000 1803.000000 0.047332 
29000 1370.900024 1148.000000 1808.000000 0.047272 
29100 1373.699951 1155.000000 1808.000000 0.047206 
29200 1375.900024 1158.000000 1808.000000 0.047120 
29300 1380.500000 1167.000000 1813.000000 0.047116 
29400 1386.599976 1178.000000 1816.000000 0.047163 
29500 1391.599976 1181.000000 1817.000000 0.047173 
29600 1396.199951 1182.000000 1817.000000 0.047169 
29700 1400.199951 1184.000000 1817.000000 0.047145 
29800 1406.300049 1186.000000 1823.000000 0.047191 
29900 1411.199951 1186.000000 1826.000000 0.047197 
30000 1417.400024 1186.000000 1830.000000 0.047247 
30100 1424.300049 1188.000000 1831.000000 0.047319 
30200 1427.800049 1193.000000 1831.000000 0.047278 
30300 1432.300049 1196.000000 1839.000000 0.047271 
30400 1435.699951 1197.000000 1842.000000 0.047227 
30500 1437.500000 1198.000000 1844.000000 0.047131 
30600 1440.900024 1207.000000 1843.000000 0.047088 
30700 1443.900024 1208.000000 1848.000000 0.047033 
30800 1448.900024 1211.000000 1860.000000 0.047042 
30900 1457.400024 1216.000000 1879.000000 0.047165 
31000 1461.300049 1217.000000 1883.000000 0.047139 
31100 1465.199951 1218.000000 1886.000000 0.047113 
31200 1468.900024 1219.000000 1891.000000 0.047080 
31300 1472.099976 1219.000000 1894.000000 0.047032 
31400 1475.000000 1219.000000 1899.000000 0.046975 
31500 1482.699951 1224.000000 1915.000000 0.047070 
31600 1486.099976 1228.000000 1915.000000 0.047028 
31700 1492.000000 1235.000000 1915.000000 0.047066 
31800 1497.900024 1239.000000 1919.000000 0.047104 
31900 1504.900024 1249.000000 1928.000000 0.047176 
32000 1509.300049 1251.000000 1931.000000 0.047166 
32100 1514.699951 1257.000000 1943.000000 0.047187 
32200 1517.900024 1263.000000 1946.000000 0.047140 
32300 1524.000000 1268.000000 1950.000000 0.047183 
32400 1528.000000 1274.000000 1957.000000 0.047160 
32500 1534.199951 1275.000000 1958.000000 0.047206 
32600 1540.599976 1277.000000 1960.000000 0.047258 
32700 1545.500000 1287.000000 1960.000000 0.047263 
32800 1549.599976 1287.000000 1961.000000 0.047244 
32900 1554.699951 1289.000000 1965.000000 0.047255 
33000 1560.800049 1293.000000 1972.000000 0.047297 
33100 1569.400024 1296.000000 1977.000000 0.047414 
33200 1575.599976 1297.000000 1980.000000 0.047458 
33300 1581.300049 1297.000000 1983.000000 0.047486 
33400 1587.199951 1299.000000 1985.000000 0.047521 
33500 1597.400024 1309.000000 1987.000000 0.047684 
33600 1602.900024 1319.000000 1987.000000 0.047705 
33700 1609.699951 1321.000000 2002.000000 0.047766 
33800 1613.500000 1321.000000 2006.000000 0.047737 
33900 1622.099976 1324.000000 2020.000000 0.047850 
34000 1628.599976 1324.000000 2030.000000 0.047900 
34100 1632.699951 1324.000000 2030.000000 0.047880 
34200 1637.599976 1330.000000 2032.000000 0.047883 
34300 1641.900024 1330.000000 2032.000000 0.047869 
34400 1646.000000 1340.000000 2031.000000 0.047849 
34500 1652.000000 1353.000000 2033.000000 0.047884 
34600 1659.000000 1361.000000 2034.000000 0.047948 
34700 1662.500000 1365.000000 2038.000000 0.047911 
34800 1666.500000 1367.000000 2044.000000 0.047888 
34900 1670.699951 1370.000000 2047.000000 0.047871 
35000 1674.500000 1379.000000 2054.000000 0.047843 
35100 1678.099976 1380.000000 2060.000000 0.047809 
35200 1681.000000 1380.000000 2068.000000 0.047756 
35300 1684.699951 1379.000000 2075.000000 0.047725 
35400 1688.699951 1381.000000 2078.000000 0.047703 
35500 1694.500000 1385.000000 2077.000000 0.047732 
35600 1698.000000 1387.000000 2078.000000 0.047697 
35700 1705.500000 1388.000000 2086.000000 0.047773 
35800 1710.900024 1387.000000 2093.000000 0.047791 
35900 1713.300049 1388.000000 2094.000000 0.047724 
36000 1719.400024 1393.000000 2095.000000 0.047761 
36100 1724.599976 1399.000000 2096.000000 0.047773 
36200 1728.599976 1402.000000 2097.000000 0.047751 
36300 1733.099976 1404.000000 2099.000000 0.047744 
36400 1737.199951 1405.000000 2101.000000 0.047725 
36500 1742.199951 1410.000000 2106.000000 0.047732 
36600 1747.400024 1412.000000 2107.000000 0.047743 
36700 1755.400024 1418.000000 2107.000000 0.047831 
36800 1761.800049 1419.000000 2109.000000 0.047875 
36900 1765.500000 1424.000000 2109.000000 0.047846 
37000 1770.500000 1431.000000 2109.000000 0.047851 
37100 1774.800049 1432.000000 2107.000000 0.047838 
37200 1780.800049 1436.000000 2109.000000 0.047871 
37300 1788.400024 1439.000000 2110.000000 0.047946 
37400 1796.099976 1445.000000 2111.000000 0.048024 
37500 1802.300049 1452.000000 2115.000000 0.048061 
37600 1809.699951 1459.000000 2118.000000 0.048130 
37700 1816.000000 1470.000000 2124.000000 0.048170 
37800 1819.900024 1472.000000 2128.000000 0.048146 
37900 1825.199951 1476.000000 2138.000000 0.048158 
38000 1831.800049 1479.000000 2156.000000 0.048205 
38100 1836.800049 1482.000000 2164.000000 0.048210 
38200 1842.500000 1483.000000 2177.000000 0.048233 
38300 1849.099976 1489.000000 2190.000000 0.048279 
38400 1855.300049 1501.000000 2198.000000 0.048315 
38500 1859.000000 1505.000000 2200.000000 0.048286 
38600 1867.500000 1514.000000 2203.000000 0.048381 
38700 1872.699951 1518.000000 2204.000000 0.048390 
38800 1875.699951 1522.000000 2202.000000 0.048343 
38900 1882.300049 1534.000000 2200.000000 0.048388 
39000 1885.599976 1535.000000 2214.000000 0.048349 
39100 1887.900024 1535.000000 2220.000000 0.048284 
39200 1891.000000 1536.000000 2230.000000 0.048240 
39300 1897.900024 1536.000000 2246.000000 0.048293 
39400 1902.300049 1536.000000 2257.000000 0.048282 
39500 1907.400024 1538.000000 2263.000000 0.048289 
39600 1912.400024 1538.000000 2264.000000 0.048293 
39700 1918.800049 1542.000000 2267.000000 0.048332 
39800 1922.500000 1548.000000 2271.000000 0.048304 
39900 1926.199951 1552.000000 2270.000000 0.048276 
40000 1930.099976 1553.000000 2275.000000 0.048253 
40100 1935.000000 1556.000000 2289.000000 0.048254 
40200 1938.500000 1557.000000 2292.000000 0.048221 
40300 1943.699951 1557.000000 2297.000000 0.048231 
40400 1949.300049 1561.000000 2303.000000 0.048250 
40500 1953.400024 1561.000000 2306.000000 0.048232 
40600 1959.000000 1563.000000 2314.000000 0.048251 
40700 1963.199951 1565.000000 2326.000000 0.048236 
40800 1969.400024 1570.000000 2328.000000 0.048270 
40900 1972.400024 1574.000000 2327.000000 0.048225 
41000 1980.000000 1578.000000 2333.000000 0.048293 
41100 1985.000000 1589.000000 2333.000000 0.048297 
41200 1990.500000 1597.000000 2334.000000 0.048313 
41300 1996.900024 1603.000000 2338.000000 0.048351 
41400 2006.000000 1617.000000 2342.000000 0.048454 
41500 2012.000000 1620.000000 2345.000000 0.048482 
41600 2015.000000 1627.000000 2345.000000 0.048437 
41700 2018.900024 1631.000000 2346.000000 0.048415 
41800 2025.000000 1634.000000 2352.000000 0.048445 
41900 2030.500000 1638.000000 2354.000000 0.048461 
42000 2034.699951 1650.000000 2361.000000 0.048445 
42100 2040.000000 1654.000000 2364.000000 0.048456 
42200 2042.699951 1661.000000 2363.000000 0.048405 
42300 2046.099976 1665.000000 2363.000000 0.048371 
42400 2049.699951 1674.000000 2362.000000 0.048342 
42500 2054.300049 1685.000000 2362.000000 0.048336 
42600 2057.800049 1688.000000 2378.000000 0.048305 
42700 2060.199951 1690.000000 2383.000000 0.048248 
42800 2066.600098 1699.000000 2401.000000 0.048285 
42900 2072.399902 1705.000000 2409.000000 0.048308 
43000 2077.800049 1715.000000 2417.000000 0.048321 
43100 2083.699951 1719.000000 2419.000000 0.048346 
43200 2088.399902 1723.000000 2417.000000 0.048343 
43300 2092.199951 1724.000000 2422.000000 0.048319 
43400 2095.699951 1726.000000 2428.000000 0.048288 
43500 2101.699951 1732.000000 2440.000000 0.048315 
43600 2105.600098 1736.000000 2452.000000 0.048294 
43700 2107.699951 1736.000000 2454.000000 0.048231 
43800 2111.300049 1745.000000 2455.000000 0.048203 
43900 2118.199951 1747.000000 2466.000000 0.048251 
44000 2123.199951 1748.000000 2470.000000 0.048255 
44100 2128.899902 1752.000000 2484.000000 0.048274 
44200 2132.300049 1752.000000 2490.000000 0.048242 
44300 2136.500000 1751.000000 2491.000000 0.048228 
44400 2141.899902 1756.000000 2490.000000 0.048241 
44500 2145.300049 1756.000000 2492.000000 0.048209 
44600 2151.899902 1756.000000 2491.000000 0.048249 
44700 2156.000000 1758.000000 2498.000000 0.048233 
44800 2160.399902 1759.000000 2506.000000 0.048223 
44900 2164.500000 1759.000000 2518.000000 0.048207 
45000 2169.699951 1768.000000 2524.000000 0.048216 
45100 2174.399902 1767.000000 2528.000000 0.048213 
45200 2177.899902 1766.000000 2530.000000 0.048184 
45300 2181.800049 1766.000000 2534.000000 0.048163 
45400 2189.199951 1769.000000 2536.000000 0.048220 
45500 2191.000000 1770.000000 2536.000000 0.048154 
45600 2194.000000 1772.000000 2537.000000 0.048114 
45700 2198.600098 1773.000000 2541.000000 0.048109 
45800 2203.899902 1773.000000 2548.000000 0.048120 
45900 2209.899902 1772.000000 2555.000000 0.048146 
46000 2215.199951 1774.000000 2559.000000 0.048157 
46100 2219.699951 1774.000000 2565.000000 0.048150 
46200 2228.000000 1790.000000 2576.000000 0.048225 
46300 2233.000000 1792.000000 2579.000000 0.048229 
46400 2238.699951 1798.000000 2581.000000 0.048248 
46500 2243.500000 1800.000000 2581.000000 0.048247 
46600 2250.399902 1808.000000 2588.000000 0.048292 
46700 2259.399902 1813.000000 2605.000000 0.048381 
46800 2265.699951 1816.000000 2607.000000 0.048412 
46900 2271.000000 1819.000000 2610.000000 0.048422 
47000 2274.199951 1819.000000 2613.000000 0.048387 
47100 2279.699951 1822.000000 2620.000000 0.048401 
47200 2282.699951 1823.000000 2620.000000 0.048362 
47300 2286.899902 1823.000000 2619.000000 0.048349 
47400 2292.100098 1826.000000 2626.000000 0.048357 
47500 2300.300049 1839.000000 2629.000000 0.048427 
47600 2306.699951 1841.000000 2629.000000 0.048460 
47700 2311.800049 1841.000000 2642.000000 0.048465 
47800 2317.199951 1845.000000 2651.000000 0.048477 
47900 2324.000000 1850.000000 2658.000000 0.048518 
48000 2331.699951 1857.000000 2667.000000 0.048577 
48100 2335.100098 1859.000000 2672.000000 0.048547 
48200 2341.199951 1869.000000 2682.000000 0.048573 
48300 2347.300049 1874.000000 2684.000000 0.048598 
48400 2353.300049 1879.000000 2690.000000 0.048622 
48500 2358.100098 1883.000000 2689.000000 0.048621 
48600 2362.399902 1886.000000 2693.000000 0.048609 
48700 2367.600098 1891.000000 2699.000000 0.048616 
48800 2372.399902 1894.000000 2701.000000 0.048615 
48900 2376.000000 1898.000000 2706.000000 0.048589 
49000 2381.300049 1900.000000 2710.000000 0.048598 
49100 2384.800049 1911.000000 2718.000000 0.048570 
49200 2391.000000 1918.000000 2725.000000 0.048598 
49300 2397.600098 1929.000000 2730.000000 0.048633 
49400 2401.199951 1936.000000 2740.000000 0.048607 
49500 2404.699951 1940.000000 2741.000000 0.048580 
49600 2408.500000 1952.000000 2745.000000 0.048558 
49700 2413.199951 1959.000000 2755.000000 0.048555 
49800 2420.399902 1968.000000 2761.000000 0.048602 
49900 2426.399902 1975.000000 2761.000000 0.048625 
