0 0.000000 0.000000 0.000000 0.000000 
100 1.200000 0.000000 3.000000 0.012000 
200 2.100000 -1.000000 7.000000 0.010500 
300 4.800000 0.000000 11.000000 0.016000 
400 7.100000 -1.000000 22.000000 0.017750 
500 10.600000 0.000000 36.000000 0.021200 
600 14.300000 -1.000000 37.000000 0.023833 
700 17.900000 -1.000000 38.000000 0.025571 
800 22.100000 -1.000000 42.000000 0.027625 
900 27.299999 -1.000000 50.000000 0.030333 
1000 30.799999 1.000000 53.000000 0.030800 
1100 34.099998 3.000000 55.000000 0.031000 
1200 39.900002 10.000000 56.000000 0.033250 
1300 44.400002 11.000000 62.000000 0.034154 
1400 48.400002 11.000000 68.000000 0.034571 
1500 51.799999 15.000000 80.000000 0.034533 
1600 54.900002 15.000000 92.000000 0.034313 
1700 57.500000 16.000000 95.000000 0.033824 
1800 60.400002 18.000000 105.000000 0.033556 
1900 63.599998 19.000000 109.000000 0.033474 
2000 67.000000 24.000000 109.000000 0.033500 
2100 70.800003 27.000000 110.000000 0.033714 
2200 77.500000 30.000000 113.000000 0.035227 
2300 83.599998 31.000000 120.000000 0.036348 
2400 87.199997 35.000000 125.000000 0.036333 
2500 93.599998 36.000000 132.000000 0.037440 
2600 102.000000 44.000000 139.000000 0.039231 
2700 107.000000 55.000000 150.000000 0.039630 
2800 112.900002 58.000000 157.000000 0.040321 
2900 116.199997 60.000000 162.000000 0.040069 
3000 120.400002 63.000000 171.000000 0.040133 
3100 124.400002 63.000000 174.000000 0.040129 
3200 132.500000 65.000000 175.000000 0.041406 
3300 137.399994 70.000000 180.000000 0.041636 
3400 143.399994 72.000000 186.000000 0.042176 
3500 150.699997 74.000000 193.000000 0.043057 
3600 157.600006 81.000000 201.000000 0.043778 
3700 163.100006 85.000000 205.000000 0.044081 
3800 166.600006 86.000000 215.000000 0.043842 
3900 173.300003 86.000000 226.000000 0.044436 
4000 176.800003 87.000000 229.000000 0.044200 
4100 183.199997 86.000000 249.000000 0.044683 
4200 188.800003 86.000000 254.000000 0.044952 
4300 192.100006 86.000000 263.000000 0.044674 
4400 196.699997 92.000000 271.000000 0.044705 
4500 199.699997 95.000000 279.000000 0.044378 
4600 203.500000 102.000000 280.000000 0.044239 
4700 206.800003 106.000000 281.000000 0.044000 
4800 208.399994 106.000000 281.000000 0.043417 
4900 212.500000 107.000000 282.000000 0.043367 
5000 215.100006 107.000000 281.000000 0.043020 
5100 220.000000 113.000000 283.000000 0.043137 
5200 226.300003 122.000000 291.000000 0.043519 
5300 230.699997 131.000000 291.000000 0.043528 
5400 234.500000 132.000000 292.000000 0.043426 
5500 241.699997 135.000000 301.000000 0.043945 
5600 246.399994 135.000000 304.000000 0.044000 
5700 248.899994 135.000000 305.000000 0.043667 
5800 252.899994 137.000000 305.000000 0.043603 
5900 258.000000 137.000000 304.000000 0.043729 
6000 260.899994 137.000000 307.000000 0.043483 
6100 264.299988 137.000000 318.000000 0.043328 
6200 267.500000 137.000000 323.000000 0.043145 
6300 270.399994 137.000000 327.000000 0.042921 
6400 272.000000 135.000000 328.000000 0.042500 
6500 276.100006 141.000000 330.000000 0.042477 
6600 281.100006 147.000000 335.000000 0.042591 
6700 285.899994 155.000000 344.000000 0.042672 
6800 293.200012 167.000000 351.000000 0.043118 
6900 297.000000 176.000000 354.000000 0.043043 
7000 305.500000 191.000000 359.000000 0.043643 
7100 310.899994 196.000000 363.000000 0.043789 
7200 314.899994 198.000000 364.000000 0.043736 
7300 320.200012 205.000000 365.000000 0.043863 
7400 323.700012 208.000000 366.000000 0.043743 
7500 326.899994 210.000000 371.000000 0.043587 
7600 329.799988 213.000000 382.000000 0.043395 
7700 333.500000 216.000000 390.000000 0.043312 
7800 336.899994 216.000000 395.000000 0.043192 
7900 340.299988 224.000000 395.000000 0.043076 
8000 344.799988 231.000000 409.000000 0.043100 
8100 349.100006 245.000000 409.000000 0.043099 
8200 352.200012 255.000000 413.000000 0.042951 
8300 356.399994 257.000000 418.000000 0.042940 
8400 358.899994 258.000000 420.000000 0.042726 
8500 362.299988 261.000000 423.000000 0.042624 
8600 367.600006 275.000000 430.000000 0.042744 
8700 372.100006 291.000000 436.000000 0.042770 
8800 376.399994 295.000000 444.000000 0.042773 
8900 381.500000 303.000000 449.000000 0.042865 
9000 383.500000 305.000000 453.000000 0.042611 
9100 386.000000 313.000000 454.000000 0.042418 
9200 391.700012 325.000000 472.000000 0.042576 
9300 398.700012 338.000000 474.000000 0.042871 
9400 406.100006 341.000000 489.000000 0.043202 
9500 408.500000 341.000000 493.000000 0.043000 
9600 412.899994 345.000000 501.000000 0.043010 
9700 416.100006 349.000000 513.000000 0.042897 
9800 419.000000 353.000000 516.000000 0.042755 
9900 422.500000 363.000000 524.000000 0.042677 
10000 428.899994 371.000000 537.000000 0.042890 
10100 433.700012 386.000000 544.000000 0.042941 
10200 438.899994 393.000000 548.000000 0.043029 
10300 442.299988 402.000000 554.000000 0.042942 
10400 446.799988 405.000000 556.000000 0.042962 
10500 450.799988 405.000000 558.000000 0.042933 
10600 456.700012 405.000000 566.000000 0.043085 
10700 461.299988 414.000000 573.000000 0.043112 
10800 463.899994 417.000000 576.000000 0.042954 
10900 466.000000 421.000000 577.000000 0.042752 
11000 469.799988 426.000000 579.000000 0.042709 
11100 474.700012 430.000000 584.000000 0.042766 
11200 478.000000 431.000000 590.000000 0.042679 
11300 481.899994 433.000000 597.000000 0.042646 
11400 487.100006 437.000000 605.000000 0.042728 
11500 491.500000 440.000000 611.000000 0.042739 
11600 494.399994 443.000000 613.000000 0.042621 
11700 496.100006 445.000000 613.000000 0.042402 
11800 499.200012 447.000000 615.000000 0.042305 
11900 502.600006 450.000000 617.000000 0.042235 
12000 504.700012 451.000000 616.000000 0.042058 
12100 507.200012 454.000000 618.000000 0.041917 
12200 510.299988 458.000000 618.000000 0.041828 
12300 513.000000 458.000000 618.000000 0.041707 
12400 515.299988 457.000000 618.000000 0.041556 
12500 520.299988 459.000000 616.000000 0.041624 
12600 522.500000 460.000000 616.000000 0.041468 
12700 527.200012 464.000000 621.000000 0.041512 
12800 533.700012 466.000000 632.000000 0.041695 
12900 537.200012 466.000000 636.000000 0.041643 
13000 542.900024 473.000000 637.000000 0.041762 
13100 544.900024 484.000000 639.000000 0.041595 
13200 547.299988 488.000000 639.000000 0.041462 
13300 550.799988 492.000000 639.000000 0.041414 
13400 554.500000 496.000000 641.000000 0.041381 
13500 559.599976 497.000000 642.000000 0.041452 
13600 563.500000 497.000000 647.000000 0.041434 
13700 568.099976 508.000000 647.000000 0.041467 
13800 573.400024 512.000000 647.000000 0.041551 
13900 577.799988 516.000000 658.000000 0.041568 
14000 581.000000 525.000000 665.000000 0.041500 
14100 584.000000 526.000000 672.000000 0.041418 
14200 590.599976 531.000000 673.000000 0.041592 
14300 597.799988 539.000000 680.000000 0.041804 
14400 603.400024 542.000000 695.000000 0.041903 
14500 606.500000 543.000000 698.000000 0.041828 
14600 610.400024 549.000000 705.000000 0.041808 
14700 616.799988 559.000000 711.000000 0.041959 
14800 618.299988 561.000000 714.000000 0.041777 
14900 621.400024 572.000000 716.000000 0.041705 
15000 627.099976 579.000000 734.000000 0.041807 
15100 630.900024 584.000000 736.000000 0.041781 
15200 633.099976 586.000000 736.000000 0.041651 
15300 636.700012 586.000000 737.000000 0.041614 
15400 641.500000 589.000000 742.000000 0.041656 
15500 645.599976 591.000000 756.000000 0.041652 
15600 650.500000 593.000000 764.000000 0.041699 
15700 654.500000 596.000000 767.000000 0.041688 
15800 659.900024 597.000000 779.000000 0.041766 
15900 664.599976 600.000000 788.000000 0.041799 
16000 670.799988 601.000000 797.000000 0.041925 
16100 675.200012 601.000000 806.000000 0.041938 
16200 680.200012 602.000000 810.000000 0.041988 
16300 685.700012 602.000000 825.000000 0.042067 
16400 691.200012 602.000000 830.000000 0.042146 
16500 694.299988 602.000000 835.000000 0.042079 
16600 696.400024 602.000000 839.000000 0.041952 
16700 700.000000 605.000000 843.000000 0.041916 
16800 705.799988 609.000000 850.000000 0.042012 
16900 710.099976 622.000000 853.000000 0.042018 
17000 713.200012 622.000000 854.000000 0.041953 
17100 717.900024 634.000000 855.000000 0.041982 
17200 725.200012 635.000000 860.000000 0.042163 
17300 731.000000 637.000000 875.000000 0.042254 
17400 735.099976 637.000000 878.000000 0.042247 
17500 739.200012 639.000000 880.000000 0.042240 
17600 746.799988 639.000000 884.000000 0.042432 
17700 752.099976 642.000000 895.000000 0.042492 
17800 757.700012 649.000000 906.000000 0.042567 
17900 760.000000 649.000000 908.000000 0.042458 
18000 764.000000 651.000000 911.000000 0.042444 
18100 769.599976 659.000000 919.000000 0.042519 
18200 776.099976 663.000000 926.000000 0.042643 
18300 781.799988 663.000000 931.000000 0.042721 
18400 786.099976 663.000000 935.000000 0.042723 
18500 793.900024 671.000000 937.000000 0.042914 
18600 800.599976 676.000000 940.000000 0.043043 
18700 805.700012 676.000000 947.000000 0.043086 
18800 811.599976 677.000000 952.000000 0.043170 
18900 815.700012 682.000000 952.000000 0.043159 
19000 820.700012 684.000000 953.000000 0.043195 
19100 823.299988 684.000000 958.000000 0.043105 
19200 827.000000 684.000000 964.000000 0.043073 
19300 831.400024 685.000000 971.000000 0.043078 
19400 837.700012 687.000000 990.000000 0.043180 
19500 845.200012 696.000000 1003.000000 0.043344 
19600 848.799988 701.000000 1010.000000 0.043306 
19700 853.500000 706.000000 1025.000000 0.043325 
19800 859.400024 715.000000 1027.000000 0.043404 
19900 866.700012 721.000000 1032.000000 0.043553 
20000 874.200012 724.000000 1044.000000 0.043710 
20100 879.099976 731.000000 1055.000000 0.043736 
20200 885.299988 737.000000 1063.000000 0.043827 
20300 890.599976 745.000000 1072.000000 0.043872 
20400 894.700012 747.000000 1078.000000 0.043858 
20500 901.599976 757.000000 1091.000000 0.043980 
20600 904.599976 759.000000 1097.000000 0.043913 
20700 908.400024 761.000000 1106.000000 0.043884 
20800 910.599976 764.000000 1110.000000 0.043779 
20900 916.400024 770.000000 1115.000000 0.043847 
21000 921.000000 777.000000 1117.000000 0.043857 
21100 924.700012 777.000000 1125.000000 0.043825 
21200 927.299988 776.000000 1125.000000 0.043741 
21300 928.799988 778.000000 1125.000000 0.043606 
21400 932.900024 781.000000 1137.000000 0.043593 
21500 935.799988 781.000000 1147.000000 0.043526 
21600 939.500000 781.000000 1151.000000 0.043495 
21700 943.500000 781.000000 1154.000000 0.043479 
21800 948.099976 781.000000 1155.000000 0.043491 
21900 953.400024 781.000000 1163.000000 0.043534 
22000 956.099976 782.000000 1165.000000 0.043459 
22100 960.700012 785.000000 1168.000000 0.043471 
22200 964.099976 788.000000 1170.000000 0.043428 
22300 969.299988 793.000000 1170.000000 0.043466 
22400 973.299988 795.000000 1170.000000 0.043451 
22500 978.700012 800.000000 1173.000000 0.043498 
22600 982.000000 802.000000 1175.000000 0.043451 
22700 986.200012 811.000000 1176.000000 0.043445 
22800 992.500000 823.000000 1177.000000 0.043531 
22900 997.200012 836.000000 1178.000000 0.043546 
23000 1001.900024 846.000000 1179.000000 0.043561 
23100 1007.900024 854.000000 1181.000000 0.043632 
23200 1010.000000 858.000000 1181.000000 0.043534 
23300 1011.900024 862.000000 1181.000000 0.043429 
23400 1015.400024 869.000000 1181.000000 0.043393 
23500 1019.900024 883.000000 1181.000000 0.043400 
23600 1025.599976 899.000000 1183.000000 0.043458 
23700 1029.400024 912.000000 1183.000000 0.043435 
23800 1032.900024 922.000000 1183.000000 0.043399 
23900 1036.900024 933.000000 1183.000000 0.043385 
24000 1042.400024 941.000000 1188.000000 0.043433 
24100 1047.699951 942.000000 1191.000000 0.043473 
24200 1052.000000 943.000000 1195.000000 0.043471 
24300 1057.400024 945.000000 1204.000000 0.043514 
24400 1063.099976 951.000000 1206.000000 0.043570 
24500 1068.699951 951.000000 1215.000000 0.043620 
24600 1070.900024 951.000000 1221.000000 0.043533 
24700 1074.099976 954.000000 1225.000000 0.043486 
24800 1077.400024 955.000000 1234.000000 0.043444 
24900 1082.500000 957.000000 1241.000000 0.043474 
25000 1087.900024 958.000000 1251.000000 0.043516 
25100 1094.300049 958.000000 1261.000000 0.043598 
25200 1099.599976 957.000000 1270.000000 0.043635 
25300 1102.599976 956.000000 1274.000000 0.043581 
25400 1104.900024 956.000000 1275.000000 0.043500 
25500 1111.300049 960.000000 1280.000000 0.043580 
25600 1114.099976 962.000000 1283.000000 0.043520 
25700 1117.000000 962.000000 1283.000000 0.043463 
25800 1119.699951 962.000000 1298.000000 0.043399 
25900 1122.400024 964.000000 1307.000000 0.043336 
26000 1124.699951 964.000000 1310.000000 0.043258 
26100 1129.400024 964.000000 1323.000000 0.043272 
26200 1135.599976 969.000000 1335.000000 0.043344 
26300 1142.300049 970.000000 1347.000000 0.043433 
26400 1149.699951 970.000000 1355.000000 0.043549 
26500 1154.000000 970.000000 1360.000000 0.043547 
26600 1160.599976 970.000000 1367.000000 0.043632 
26700 1165.300049 970.000000 1372.000000 0.043644 
26800 1169.000000 975.000000 1372.000000 0.043619 
26900 1170.699951 975.000000 1373.000000 0.043520 
27000 1174.199951 975.000000 1376.000000 0.043489 
27100 1177.900024 975.000000 1378.000000 0.043465 
27200 1182.699951 974.000000 1380.000000 0.043482 
27300 1187.400024 975.000000 1388.000000 0.043495 
27400 1189.800049 974.000000 1390.000000 0.043423 
27500 1193.300049 975.000000 1390.000000 0.043393 
27600 1197.099976 977.000000 1393.000000 0.043373 
27700 1203.099976 978.000000 1405.000000 0.043433 
27800 1205.800049 978.000000 1407.000000 0.043374 
27900 1211.199951 981.000000 1408.000000 0.043412 
28000 1215.400024 983.000000 1412.000000 0.043407 
28100 1221.500000 987.000000 1422.000000 0.043470 
28200 1228.099976 995.000000 1433.000000 0.043550 
28300 1234.199951 1008.000000 1441.000000 0.043611 
28400 1239.699951 1010.000000 1447.000000 0.043651 
28500 1246.800049 1023.000000 1449.000000 0.043747 
28600 1252.199951 1031.000000 1450.000000 0.043783 
28700 1257.000000 1032.000000 1451.000000 0.043798 
28800 1263.099976 1049.000000 1451.000000 0.043858 
28900 1266.300049 1051.000000 1450.000000 0.043817 
29000 1271.900024 1060.000000 1454.000000 0.043859 
29100 1277.500000 1069.000000 1458.000000 0.043900 
29200 1281.900024 1077.000000 1461.000000 0.043901 
29300 1284.400024 1094.000000 1462.000000 0.043836 
29400 1285.800049 1099.000000 1462.000000 0.043735 
29500 1289.500000 1100.000000 1468.000000 0.043712 
29600 1291.699951 1100.000000 1468.000000 0.043639 
29700 1298.699951 1100.000000 1470.000000 0.043727 
29800 1303.800049 1101.000000 1470.000000 0.043752 
29900 1307.500000 1103.000000 1470.000000 0.043729 
30000 1310.300049 1106.000000 1469.000000 0.043677 
30100 1312.300049 1108.000000 1468.000000 0.043598 
30200 1316.900024 1114.000000 1468.000000 0.043606 
30300 1320.300049 1114.000000 1481.000000 0.043574 
30400 1325.400024 1122.000000 1487.000000 0.043599 
30500 1330.000000 1123.000000 1494.000000 0.043607 
30600 1332.199951 1123.000000 1497.000000 0.043536 
30700 1336.199951 1126.000000 1500.000000 0.043524 
30800 1341.400024 1127.000000 1514.000000 0.043552 
30900 1344.900024 1128.000000 1515.000000 0.043524 
31000 1349.400024 1128.000000 1516.000000 0.043529 
31100 1353.300049 1134.000000 1518.000000 0.043514 
31200 1357.599976 1136.000000 1523.000000 0.043513 
31300 1362.900024 1138.000000 1528.000000 0.043543 
31400 1366.900024 1140.000000 1530.000000 0.043532 
31500 1372.000000 1149.000000 1531.000000 0.043556 
31600 1375.400024 1152.000000 1534.000000 0.043525 
31700 1378.900024 1152.000000 1546.000000 0.043498 
31800 1384.800049 1154.000000 1555.000000 0.043547 
31900 1391.400024 1160.000000 1557.000000 0.043618 
32000 1396.000000 1166.000000 1566.000000 0.043625 
32100 1400.099976 1172.000000 1572.000000 0.043617 
32200 1405.400024 1183.000000 1580.000000 0.043646 
32300 1414.599976 1197.000000 1592.000000 0.043796 
32400 1418.900024 1202.000000 1604.000000 0.043793 
32500 1421.099976 1208.000000 1608.000000 0.043726 
32600 1426.000000 1216.000000 1617.000000 0.043742 
32700 1432.099976 1222.000000 1626.000000 0.043795 
32800 1435.900024 1222.000000 1642.000000 0.043777 
32900 1440.599976 1229.000000 1647.000000 0.043787 
33000 1445.300049 1234.000000 1650.000000 0.043797 
33100 1450.000000 1240.000000 1650.000000 0.043807 
33200 1454.400024 1243.000000 1658.000000 0.043807 
33300 1460.400024 1244.000000 1666.000000 0.043856 
33400 1468.500000 1254.000000 1676.000000 0.043967 
33500 1475.000000 1257.000000 1685.000000 0.044030 
33600 1479.300049 1260.000000 1696.000000 0.044027 
33700 1483.599976 1267.000000 1701.000000 0.044024 
33800 1490.400024 1282.000000 1704.000000 0.044095 
33900 1497.599976 1285.000000 1713.000000 0.044177 
34000 1499.599976 1286.000000 1713.000000 0.044106 
34100 1503.300049 1289.000000 1718.000000 0.044085 
34200 1506.400024 1292.000000 1719.000000 0.044047 
34300 1510.900024 1295.000000 1720.000000 0.044050 
34400 1514.599976 1298.000000 1721.000000 0.044029 
34500 1518.000000 1298.000000 1725.000000 0.044000 
34600 1525.900024 1306.000000 1729.000000 0.044101 
34700 1532.800049 1310.000000 1738.000000 0.044173 
34800 1537.800049 1316.000000 1744.000000 0.044190 
34900 1542.400024 1319.000000 1749.000000 0.044195 
35000 1544.800049 1323.000000 1752.000000 0.044137 
35100 1550.199951 1331.000000 1764.000000 0.044165 
35200 1557.800049 1343.000000 1777.000000 0.044256 
35300 1561.300049 1348.000000 1783.000000 0.044229 
35400 1566.500000 1353.000000 1789.000000 0.044251 
35500 1570.400024 1357.000000 1795.000000 0.044237 
35600 1575.199951 1361.000000 1806.000000 0.044247 
35700 1578.900024 1366.000000 1820.000000 0.044227 
35800 1582.000000 1366.000000 1824.000000 0.044190 
35900 1587.000000 1366.000000 1834.000000 0.044206 
36000 1589.699951 1368.000000 1836.000000 0.044158 
36100 1595.000000 1369.000000 1849.000000 0.044183 
36200 1602.000000 1369.000000 1865.000000 0.044254 
36300 1605.400024 1370.000000 1867.000000 0.044226 
36400 1608.199951 1371.000000 1872.000000 0.044181 
36500 1613.500000 1385.000000 1876.000000 0.044205 
36600 1616.800049 1393.000000 1878.000000 0.044175 
36700 1620.000000 1399.000000 1883.000000 0.044142 
36800 1624.199951 1412.000000 1885.000000 0.044136 
36900 1629.400024 1425.000000 1891.000000 0.044157 
37000 1632.300049 1430.000000 1894.000000 0.044116 
37100 1634.300049 1430.000000 1896.000000 0.044051 
37200 1638.099976 1437.000000 1896.000000 0.044035 
37300 1640.800049 1439.000000 1901.000000 0.043989 
37400 1642.699951 1444.000000 1906.000000 0.043922 
37500 1646.500000 1452.000000 1909.000000 0.043907 
37600 1651.000000 1458.000000 1923.000000 0.043910 
37700 1655.500000 1469.000000 1927.000000 0.043912 
37800 1658.800049 1470.000000 1935.000000 0.043884 
37900 1661.000000 1475.000000 1936.000000 0.043826 
38000 1666.400024 1478.000000 1940.000000 0.043853 
38100 1671.199951 1483.000000 1951.000000 0.043864 
38200 1674.699951 1483.000000 1960.000000 0.043840 
38300 1681.000000 1490.000000 1965.000000 0.043890 
38400 1685.900024 1503.000000 1971.000000 0.043904 
38500 1690.500000 1512.000000 1976.000000 0.043909 
38600 1696.099976 1520.000000 1986.000000 0.043940 
38700 1699.900024 1528.000000 1989.000000 0.043925 
38800 1703.900024 1532.000000 1991.000000 0.043915 
38900 1706.900024 1534.000000 1991.000000 0.043879 
39000 1709.199951 1534.000000 1992.000000 0.043826 
39100 1712.900024 1537.000000 1993.000000 0.043808 
39200 1716.800049 1539.000000 1993.000000 0.043796 
39300 1722.500000 1545.000000 1998.000000 0.043830 
39400 1727.400024 1545.000000 2012.000000 0.043843 
39500 1733.800049 1552.000000 2022.000000 0.043894 
39600 1738.199951 1554.000000 2027.000000 0.043894 
39700 1744.000000 1556.000000 2035.000000 0.043929 
39800 1748.699951 1561.000000 2042.000000 0.043937 
39900 1752.099976 1561.000000 2046.000000 0.043912 
40000 1756.300049 1565.000000 2051.000000 0.043908 
40100 1761.300049 1575.000000 2054.000000 0.043923 
40200 1765.699951 1579.000000 2069.000000 0.043923 
40300 1770.500000 1582.000000 2073.000000 0.043933 
40400 1775.000000 1587.000000 2078.000000 0.043936 
40500 1780.599976 1587.000000 2082.000000 0.043965 
40600 1783.599976 1590.000000 2088.000000 0.043931 
40700 1786.800049 1595.000000 2096.000000 0.043902 
40800 1793.800049 1599.000000 2108.000000 0.043966 
40900 1799.800049 1608.000000 2116.000000 0.044005 
41000 1805.800049 1618.000000 2129.000000 0.044044 
41100 1812.699951 1627.000000 2137.000000 0.044105 
41200 1816.199951 1638.000000 2146.000000 0.044083 
41300 1819.199951 1645.000000 2153.000000 0.044048 
41400 1822.500000 1658.000000 2157.000000 0.044022 
41500 1826.500000 1660.000000 2163.000000 0.044012 
41600 1828.900024 1664.000000 2166.000000 0.043964 
41700 1833.000000 1669.000000 2179.000000 0.043957 
41800 1835.900024 1672.000000 2187.000000 0.043921 
41900 1844.199951 1684.000000 2192.000000 0.044014 
42000 1851.300049 1690.000000 2200.000000 0.044079 
42100 1856.099976 1693.000000 2206.000000 0.044088 
42200 1858.300049 1695.000000 2209.000000 0.044036 
42300 1861.199951 1699.000000 2213.000000 0.044000 
42400 1865.099976 1700.000000 2218.000000 0.043988 
42500 1867.099976 1701.000000 2221.000000 0.043932 
42600 1869.099976 1701.000000 2224.000000 0.043876 
42700 1875.099976 1700.000000 2229.000000 0.043913 
42800 1877.500000 1706.000000 2233.000000 0.043867 
42900 1882.500000 1722.000000 2236.000000 0.043881 
43000 1884.599976 1725.000000 2239.000000 0.043828 
43100 1887.900024 1726.000000 2239.000000 0.043803 
43200 1890.900024 1728.000000 2241.000000 0.043771 
43300 1894.800049 1730.000000 2242.000000 0.043760 
43400 1898.099976 1734.000000 2243.000000 0.043735 
43500 1902.300049 1735.000000 2244.000000 0.043731 
43600 1910.300049 1739.000000 2249.000000 0.043814 
43700 1913.500000 1740.000000 2249.000000 0.043787 
43800 1916.900024 1741.000000 2249.000000 0.043765 
43900 1920.400024 1744.000000 2256.000000 0.043745 
44000 1925.900024 1751.000000 2263.000000 0.043770 
44100 1931.500000 1756.000000 2266.000000 0.043798 
44200 1933.000000 1756.000000 2268.000000 0.043733 
44300 1937.699951 1757.000000 2278.000000 0.043740 
44400 1943.900024 1767.000000 2279.000000 0.043782 
44500 1948.500000 1776.000000 2279.000000 0.043787 
44600 1954.000000 1779.000000 2282.000000 0.043812 
44700 1958.599976 1781.000000 2284.000000 0.043817 
44800 1962.099976 1781.000000 2294.000000 0.043797 
44900 1967.500000 1783.000000 2305.000000 0.043820 
45000 1970.300049 1784.000000 2312.000000 0.043784 
45100 1974.599976 1786.000000 2326.000000 0.043783 
45200 1979.699951 1788.000000 2330.000000 0.043799 
45300 1982.500000 1788.000000 2336.000000 0.043764 
45400 1985.000000 1788.000000 2344.000000 0.043722 
45500 1988.599976 1788.000000 2351.000000 0.043705 
45600 1991.699951 1794.000000 2352.000000 0.043678 
45700 1995.500000 1795.000000 2359.000000 0.043665 
45800 1998.300049 1797.000000 2363.000000 0.043631 
45900 2001.599976 1802.000000 2365.000000 0.043608 
46000 2008.099976 1812.000000 2369.000000 0.043654 
46100 2012.900024 1813.000000 2372.000000 0.043664 
46200 2018.199951 1813.000000 2373.000000 0.043684 
46300 2022.400024 1812.000000 2382.000000 0.043680 
46400 2028.900024 1812.000000 2387.000000 0.043726 
46500 2032.099976 1816.000000 2396.000000 0.043701 
46600 2035.699951 1818.000000 2399.000000 0.043685 
46700 2040.199951 1820.000000 2405.000000 0.043687 
46800 2047.000000 1837.000000 2413.000000 0.043739 
46900 2051.600098 1841.000000 2418.000000 0.043744 
47000 2054.399902 1845.000000 2421.000000 0.043711 
47100 2063.399902 1853.000000 2432.000000 0.043809 
47200 2066.800049 1861.000000 2432.000000 0.043788 
47300 2071.000000 1865.000000 2434.000000 0.043784 
47400 2074.100098 1873.000000 2439.000000 0.043757 
47500 2077.000000 1873.000000 2440.000000 0.043726 
47600 2081.000000 1872.000000 2444.000000 0.043718 
47700 2084.800049 1872.000000 2444.000000 0.043706 
47800 2086.800049 1871.000000 2448.000000 0.043657 
47900 2092.500000 1873.000000 2451.000000 0.043685 
48000 2096.699951 1883.000000 2453.000000 0.043681 
48100 2100.600098 1894.000000 2455.000000 0.043672 
48200 2104.399902 1903.000000 2458.000000 0.043660 
48300 2109.199951 1920.000000 2465.000000 0.043669 
48400 2113.800049 1934.000000 2477.000000 0.043674 
48500 2119.800049 1944.000000 2489.000000 0.043707 
48600 2124.300049 1948.000000 2496.000000 0.043710 
48700 2130.500000 1960.000000 2505.000000 0.043747 
48800 2135.500000 1972.000000 2520.000000 0.043760 
48900 2138.000000 1974.000000 2530.000000 0.043722 
49000 2141.600098 1977.000000 2538.000000 0.043706 
49100 2148.800049 1981.000000 2561.000000 0.043764 
49200 2155.800049 1987.000000 2576.000000 0.043817 
49300 2159.699951 1988.000000 2583.000000 0.043807 
49400 2164.300049 1988.000000 2605.000000 0.043812 
49500 2169.899902 1989.000000 2619.000000 0.043836 
49600 2174.600098 1989.000000 2626.000000 0.043843 
49700 2180.100098 1989.000000 2632.000000 0.043865 
49800 2187.600098 2002.000000 2641.000000 0.043928 
49900 2193.800049 2010.000000 2646.000000 0.043964 
