0 0.000000 0.000000 0.000000 0.000000 
100 0.500000 -1.000000 5.000000 0.005000 
200 1.400000 -2.000000 12.000000 0.007000 
300 3.400000 -4.000000 15.000000 0.011333 
400 7.200000 0.000000 18.000000 0.018000 
500 10.700000 1.000000 26.000000 0.021400 
600 14.300000 0.000000 32.000000 0.023833 
700 19.500000 1.000000 46.000000 0.027857 
800 22.500000 0.000000 48.000000 0.028125 
900 25.000000 0.000000 50.000000 0.027778 
1000 28.900000 3.000000 51.000000 0.028900 
1100 32.299999 4.000000 53.000000 0.029364 
1200 35.900002 5.000000 61.000000 0.029917 
1300 39.599998 6.000000 67.000000 0.030462 
1400 45.400002 8.000000 72.000000 0.032429 
1500 48.900002 8.000000 79.000000 0.032600 
1600 53.299999 8.000000 87.000000 0.033312 
1700 56.799999 8.000000 93.000000 0.033412 
1800 60.000000 8.000000 99.000000 0.033333 
1900 64.099998 12.000000 101.000000 0.033737 
2000 66.900002 12.000000 112.000000 0.033450 
2100 69.900002 14.000000 112.000000 0.033286 
2200 72.500000 17.000000 117.000000 0.032955 
2300 78.199997 16.000000 128.000000 0.034000 
2400 84.699997 24.000000 134.000000 0.035292 
2500 89.199997 30.000000 142.000000 0.035680 
2600 94.199997 41.000000 149.000000 0.036231 
2700 98.900002 43.000000 154.000000 0.036630 
2800 101.599998 48.000000 157.000000 0.036286 
2900 108.400002 58.000000 173.000000 0.037379 
3000 111.500000 61.000000 177.000000 0.037167 
3100 115.699997 65.000000 180.000000 0.037323 
3200 123.900002 82.000000 182.000000 0.038719 
3300 129.600006 85.000000 184.000000 0.039273 
3400 135.399994 91.000000 190.000000 0.039824 
3500 138.800003 97.000000 192.000000 0.039657 
3600 144.399994 112.000000 193.000000 0.040111 
3700 147.300003 113.000000 200.000000 0.039811 
3800 151.899994 116.000000 206.000000 0.039974 
3900 154.500000 118.000000 207.000000 0.039615 
4000 157.899994 119.000000 214.000000 0.039475 
4100 162.500000 128.000000 222.000000 0.039634 
4200 166.699997 132.000000 228.000000 0.039690 
4300 170.300003 134.000000 235.000000 0.039605 
4400 174.000000 135.000000 239.000000 0.039545 
4500 178.800003 136.000000 240.000000 0.039733 
4600 183.399994 137.000000 245.000000 0.039870 
4700 190.399994 144.000000 250.000000 0.040511 
4800 196.199997 143.000000 257.000000 0.040875 
4900 204.800003 149.000000 269.000000 0.041796 
5000 207.899994 152.000000 274.000000 0.041580 
5100 214.399994 162.000000 281.000000 0.042039 
5200 218.300003 162.000000 292.000000 0.041981 
5300 223.899994 162.000000 308.000000 0.042245 
5400 226.000000 164.000000 314.000000 0.041852 
5500 231.000000 171.000000 325.000000 0.042000 
5600 236.100006 171.000000 338.000000 0.042161 
5700 242.000000 172.000000 347.000000 0.042456 
5800 245.800003 171.000000 357.000000 0.042379 
5900 250.699997 177.000000 369.000000 0.042492 
6000 254.000000 176.000000 382.000000 0.042333 
6100 258.399994 177.000000 397.000000 0.042361 
6200 261.500000 179.000000 409.000000 0.042177 
6300 265.500000 178.000000 417.000000 0.042143 
6400 270.100006 180.000000 422.000000 0.042203 
6500 273.899994 184.000000 430.000000 0.042138 
6600 277.000000 195.000000 434.000000 0.041970 
6700 281.700012 201.000000 437.000000 0.042045 
6800 284.700012 203.000000 445.000000 0.041868 
6900 289.299988 204.000000 449.000000 0.041928 
7000 296.399994 217.000000 451.000000 0.042343 
7100 300.100006 224.000000 455.000000 0.042268 
7200 304.500000 224.000000 466.000000 0.042292 
7300 309.700012 226.000000 472.000000 0.042425 
7400 315.899994 233.000000 486.000000 0.042689 
7500 318.899994 237.000000 486.000000 0.042520 
7600 323.500000 239.000000 494.000000 0.042566 
7700 325.899994 240.000000 499.000000 0.042325 
7800 329.299988 253.000000 502.000000 0.042218 
7900 334.100006 253.000000 514.000000 0.042291 
8000 338.899994 261.000000 524.000000 0.042362 
8100 343.000000 266.000000 532.000000 0.042346 
8200 346.500000 267.000000 539.000000 0.042256 
8300 349.799988 267.000000 546.000000 0.042145 
8400 354.200012 269.000000 551.000000 0.042167 
8500 357.899994 272.000000 554.000000 0.042106 
8600 362.799988 276.000000 562.000000 0.042186 
8700 365.399994 278.000000 573.000000 0.042000 
8800 367.799988 283.000000 577.000000 0.041795 
8900 374.500000 288.000000 593.000000 0.042079 
9000 380.500000 291.000000 597.000000 0.042278 
9100 385.100006 294.000000 605.000000 0.042319 
9200 388.000000 298.000000 613.000000 0.042174 
9300 391.299988 297.000000 621.000000 0.042075 
9400 395.100006 302.000000 622.000000 0.042032 
9500 399.299988 303.000000 630.000000 0.042032 
9600 405.700012 317.000000 633.000000 0.042260 
9700 410.600006 319.000000 645.000000 0.042330 
9800 416.600006 329.000000 652.000000 0.042510 
9900 421.600006 329.000000 658.000000 0.042586 
10000 424.600006 336.000000 665.000000 0.042460 
10100 428.500000 340.000000 668.000000 0.042426 
10200 431.100006 342.000000 668.000000 0.042265 
10300 432.500000 342.000000 669.000000 0.041990 
10400 435.799988 341.000000 674.000000 0.041904 
10500 439.100006 346.000000 674.000000 0.041819 
10600 443.399994 350.000000 678.000000 0.041830 
10700 446.299988 360.000000 678.000000 0.041710 
10800 449.700012 364.000000 686.000000 0.041639 
10900 452.100006 374.000000 692.000000 0.041477 
11000 454.799988 375.000000 696.000000 0.041345 
11100 459.700012 381.000000 705.000000 0.041414 
11200 462.299988 394.000000 708.000000 0.041277 
11300 465.600006 395.000000 717.000000 0.041204 
11400 469.899994 398.000000 726.000000 0.041219 
11500 472.700012 398.000000 733.000000 0.041104 
11600 476.500000 397.000000 745.000000 0.041078 
11700 480.500000 395.000000 750.000000 0.041068 
11800 484.200012 393.000000 753.000000 0.041034 
11900 486.799988 392.000000 759.000000 0.040908 
12000 490.000000 391.000000 765.000000 0.040833 
12100 494.000000 394.000000 770.000000 0.040826 
12200 499.100006 400.000000 777.000000 0.040910 
12300 503.399994 405.000000 785.000000 0.040927 
12400 507.399994 408.000000 789.000000 0.040919 
12500 511.399994 410.000000 799.000000 0.040912 
12600 515.900024 417.000000 807.000000 0.040944 
12700 519.599976 421.000000 812.000000 0.040913 
12800 526.799988 430.000000 817.000000 0.041156 
12900 533.799988 441.000000 832.000000 0.041380 
13000 537.299988 444.000000 835.000000 0.041331 
13100 541.700012 450.000000 839.000000 0.041351 
13200 547.599976 463.000000 841.000000 0.041485 
13300 552.200012 470.000000 840.000000 0.041519 
13400 557.799988 469.000000 840.000000 0.041627 
13500 562.599976 468.000000 839.000000 0.041674 
13600 565.700012 466.000000 837.000000 0.041596 
13700 569.099976 466.000000 836.000000 0.041540 
13800 572.799988 469.000000 835.000000 0.041507 
13900 579.599976 476.000000 840.000000 0.041698 
14000 582.599976 476.000000 841.000000 0.041614 
14100 585.700012 480.000000 840.000000 0.041539 
14200 592.099976 486.000000 840.000000 0.041697 
14300 596.400024 488.000000 840.000000 0.041706 
14400 601.900024 496.000000 839.000000 0.041799 
14500 607.200012 499.000000 839.000000 0.041876 
14600 610.599976 500.000000 839.000000 0.041822 
14700 612.500000 498.000000 839.000000 0.041667 
14800 616.500000 500.000000 839.000000 0.041655 
14900 620.400024 502.000000 839.000000 0.041638 
15000 623.799988 502.000000 841.000000 0.041587 
15100 625.900024 500.000000 839.000000 0.041450 
15200 630.700012 500.000000 839.000000 0.041493 
15300 635.200012 503.000000 841.000000 0.041516 
15400 637.900024 505.000000 841.000000 0.041422 
15500 642.000000 516.000000 841.000000 0.041419 
15600 645.200012 518.000000 843.000000 0.041359 
15700 650.299988 523.000000 843.000000 0.041420 
15800 654.299988 528.000000 849.000000 0.041411 
15900 657.700012 539.000000 850.000000 0.041365 
16000 662.500000 542.000000 850.000000 0.041406 
16100 666.000000 552.000000 853.000000 0.041366 
16200 672.599976 558.000000 857.000000 0.041519 
16300 676.299988 560.000000 858.000000 0.041491 
16400 679.700012 564.000000 867.000000 0.041445 
16500 684.799988 568.000000 870.000000 0.041503 
16600 692.500000 572.000000 880.000000 0.041717 
16700 697.299988 576.000000 881.000000 0.041754 
16800 704.900024 590.000000 886.000000 0.041958 
16900 708.299988 594.000000 886.000000 0.041911 
17000 713.099976 597.000000 888.000000 0.041947 
17100 721.200012 606.000000 896.000000 0.042175 
17200 725.400024 609.000000 896.000000 0.042174 
17300 731.900024 612.000000 906.000000 0.042306 
17400 735.900024 612.000000 910.000000 0.042293 
17500 737.900024 611.000000 910.000000 0.042166 
17600 743.099976 611.000000 917.000000 0.042222 
17700 747.799988 616.000000 921.000000 0.042249 
17800 754.599976 617.000000 926.000000 0.042393 
17900 759.700012 618.000000 928.000000 0.042441 
18000 764.299988 623.000000 934.000000 0.042461 
18100 768.200012 626.000000 938.000000 0.042442 
18200 770.200012 628.000000 942.000000 0.042319 
18300 772.099976 631.000000 948.000000 0.042191 
18400 776.500000 639.000000 956.000000 0.042201 
18500 778.200012 641.000000 963.000000 0.042065 
18600 781.700012 655.000000 975.000000 0.042027 
18700 785.400024 665.000000 981.000000 0.042000 
18800 788.000000 673.000000 984.000000 0.041915 
18900 792.200012 683.000000 984.000000 0.041915 
19000 797.299988 693.000000 988.000000 0.041963 
19100 801.599976 700.000000 991.000000 0.041969 
19200 804.799988 704.000000 997.000000 0.041917 
19300 810.900024 707.000000 1000.000000 0.042016 
19400 814.599976 708.000000 1009.000000 0.041990 
19500 816.900024 713.000000 1013.000000 0.041892 
19600 821.200012 720.000000 1014.000000 0.041898 
19700 825.700012 728.000000 1021.000000 0.041914 
19800 830.099976 730.000000 1025.000000 0.041924 
19900 833.799988 741.000000 1031.000000 0.041899 
20000 841.500000 753.000000 1038.000000 0.042075 
20100 845.200012 756.000000 1039.000000 0.042050 
20200 848.099976 759.000000 1038.000000 0.041985 
20300 851.400024 761.000000 1038.000000 0.041941 
20400 855.400024 760.000000 1045.000000 0.041931 
20500 860.799988 765.000000 1058.000000 0.041990 
20600 865.500000 767.000000 1068.000000 0.042015 
20700 871.799988 773.000000 1085.000000 0.042116 
20800 876.799988 780.000000 1087.000000 0.042154 
20900 880.900024 781.000000 1089.000000 0.042148 
21000 884.400024 783.000000 1093.000000 0.042114 
21100 888.900024 786.000000 1096.000000 0.042128 
21200 892.599976 786.000000 1104.000000 0.042104 
21300 898.200012 792.000000 1117.000000 0.042169 
21400 903.700012 795.000000 1122.000000 0.042229 
21500 908.200012 805.000000 1130.000000 0.042242 
21600 911.099976 807.000000 1135.000000 0.042181 
21700 915.299988 811.000000 1153.000000 0.042180 
21800 920.599976 815.000000 1160.000000 0.042229 
21900 924.000000 820.000000 1171.000000 0.042192 
22000 926.700012 821.000000 1174.000000 0.042123 
22100 929.299988 820.000000 1175.000000 0.042050 
22200 933.799988 820.000000 1178.000000 0.042063 
22300 937.000000 823.000000 1183.000000 0.042018 
22400 940.700012 827.000000 1188.000000 0.041996 
22500 944.799988 830.000000 1194.000000 0.041991 
22600 948.400024 832.000000 1198.000000 0.041965 
22700 951.900024 835.000000 1196.000000 0.041934 
22800 954.099976 836.000000 1198.000000 0.041846 
22900 957.799988 836.000000 1209.000000 0.041825 
23000 961.900024 835.000000 1215.000000 0.041822 
23100 963.900024 834.000000 1229.000000 0.041727 
23200 968.400024 833.000000 1236.000000 0.041741 
23300 970.799988 831.000000 1245.000000 0.041665 
23400 976.000000 831.000000 1254.000000 0.041709 
23500 979.700012 830.000000 1256.000000 0.041689 
23600 985.299988 829.000000 1264.000000 0.041750 
23700 988.900024 828.000000 1266.000000 0.041726 
23800 992.200012 827.000000 1267.000000 0.041689 
23900 996.599976 829.000000 1271.000000 0.041699 
24000 1001.500000 834.000000 1283.000000 0.041729 
24100 1004.599976 835.000000 1285.000000 0.041685 
24200 1007.500000 836.000000 1285.000000 0.041632 
24300 1009.500000 835.000000 1289.000000 0.041543 
24400 1012.900024 836.000000 1287.000000 0.041512 
24500 1016.000000 837.000000 1293.000000 0.041469 
24600 1021.799988 840.000000 1298.000000 0.041537 
24700 1027.199951 843.000000 1299.000000 0.041587 
24800 1030.599976 846.000000 1298.000000 0.041556 
24900 1035.199951 848.000000 1302.000000 0.041574 
25000 1040.400024 865.000000 1302.000000 0.041616 
25100 1043.400024 868.000000 1307.000000 0.041570 
25200 1048.699951 874.000000 1315.000000 0.041615 
25300 1052.800049 878.000000 1318.000000 0.041613 
25400 1058.800049 889.000000 1322.000000 0.041685 
25500 1062.400024 890.000000 1335.000000 0.041663 
25600 1068.699951 893.000000 1344.000000 0.041746 
25700 1075.699951 901.000000 1355.000000 0.041856 
25800 1080.000000 912.000000 1356.000000 0.041860 
25900 1086.800049 919.000000 1356.000000 0.041961 
26000 1092.599976 925.000000 1364.000000 0.042023 
26100 1096.300049 931.000000 1364.000000 0.042004 
26200 1103.099976 947.000000 1375.000000 0.042103 
26300 1109.800049 951.000000 1383.000000 0.042198 
26400 1115.800049 957.000000 1389.000000 0.042265 
26500 1119.800049 957.000000 1393.000000 0.042257 
26600 1122.800049 957.000000 1393.000000 0.042211 
26700 1125.900024 959.000000 1391.000000 0.042169 
26800 1129.300049 959.000000 1397.000000 0.042138 
26900 1133.300049 959.000000 1404.000000 0.042130 
27000 1136.900024 963.000000 1409.000000 0.042107 
27100 1143.199951 971.000000 1413.000000 0.042185 
27200 1147.900024 974.000000 1414.000000 0.042202 
27300 1150.599976 981.000000 1413.000000 0.042147 
27400 1154.699951 985.000000 1417.000000 0.042142 
27500 1157.199951 991.000000 1420.000000 0.042080 
27600 1158.400024 993.000000 1421.000000 0.041971 
27700 1161.800049 997.000000 1428.000000 0.041942 
27800 1165.500000 1001.000000 1430.000000 0.041924 
27900 1170.800049 1008.000000 1438.000000 0.041964 
28000 1173.400024 1017.000000 1438.000000 0.041907 
28100 1177.199951 1021.000000 1436.000000 0.041893 
28200 1181.800049 1027.000000 1437.000000 0.041908 
28300 1186.000000 1028.000000 1444.000000 0.041908 
28400 1190.900024 1043.000000 1452.000000 0.041933 
28500 1194.400024 1045.000000 1462.000000 0.041909 
28600 1201.000000 1056.000000 1471.000000 0.041993 
28700 1207.400024 1064.000000 1482.000000 0.042070 
28800 1211.300049 1066.000000 1489.000000 0.042059 
28900 1214.800049 1070.000000 1492.000000 0.042035 
29000 1219.400024 1085.000000 1498.000000 0.042048 
29100 1223.099976 1087.000000 1502.000000 0.042031 
29200 1226.599976 1087.000000 1509.000000 0.042007 
29300 1234.300049 1096.000000 1516.000000 0.042126 
29400 1238.199951 1099.000000 1518.000000 0.042116 
29500 1244.199951 1110.000000 1517.000000 0.042176 
29600 1249.800049 1118.000000 1519.000000 0.042223 
29700 1254.900024 1127.000000 1519.000000 0.042253 
29800 1258.599976 1127.000000 1520.000000 0.042235 
29900 1262.199951 1127.000000 1519.000000 0.042214 
30000 1267.599976 1140.000000 1520.000000 0.042253 
30100 1272.400024 1148.000000 1526.000000 0.042272 
30200 1276.199951 1153.000000 1528.000000 0.042258 
30300 1279.400024 1155.000000 1537.000000 0.042224 
30400 1282.099976 1155.000000 1540.000000 0.042174 
30500 1284.300049 1153.000000 1545.000000 0.042108 
30600 1286.900024 1153.000000 1549.000000 0.042056 
30700 1292.500000 1160.000000 1555.000000 0.042101 
30800 1297.800049 1161.000000 1561.000000 0.042136 
30900 1303.800049 1164.000000 1573.000000 0.042194 
31000 1309.300049 1166.000000 1582.000000 0.042235 
31100 1313.500000 1165.000000 1588.000000 0.042235 
31200 1315.900024 1167.000000 1593.000000 0.042176 
31300 1319.199951 1174.000000 1602.000000 0.042147 
31400 1324.400024 1179.000000 1610.000000 0.042178 
31500 1330.099976 1178.000000 1615.000000 0.042225 
31600 1336.599976 1183.000000 1620.000000 0.042297 
31700 1342.800049 1185.000000 1625.000000 0.042360 
31800 1347.300049 1190.000000 1628.000000 0.042368 
31900 1350.000000 1201.000000 1632.000000 0.042320 
32000 1353.199951 1204.000000 1635.000000 0.042287 
32100 1355.900024 1206.000000 1635.000000 0.042240 
32200 1361.000000 1210.000000 1636.000000 0.042267 
32300 1365.500000 1216.000000 1635.000000 0.042276 
32400 1372.000000 1226.000000 1642.000000 0.042346 
32500 1376.099976 1230.000000 1655.000000 0.042342 
32600 1379.800049 1236.000000 1658.000000 0.042325 
32700 1384.099976 1240.000000 1666.000000 0.042327 
32800 1388.599976 1240.000000 1671.000000 0.042335 
32900 1392.900024 1242.000000 1680.000000 0.042337 
33000 1396.699951 1246.000000 1680.000000 0.042324 
33100 1402.000000 1251.000000 1680.000000 0.042356 
33200 1405.400024 1258.000000 1678.000000 0.042331 
33300 1410.300049 1258.000000 1678.000000 0.042351 
33400 1414.800049 1268.000000 1678.000000 0.042359 
33500 1421.599976 1273.000000 1680.000000 0.042436 
33600 1425.300049 1279.000000 1682.000000 0.042420 
33700 1429.500000 1284.000000 1684.000000 0.042418 
33800 1434.699951 1289.000000 1685.000000 0.042447 
33900 1441.400024 1296.000000 1694.000000 0.042519 
34000 1446.300049 1305.000000 1702.000000 0.042538 
34100 1451.099976 1308.000000 1707.000000 0.042554 
34200 1453.400024 1308.000000 1710.000000 0.042497 
34300 1457.599976 1312.000000 1714.000000 0.042496 
34400 1463.199951 1319.000000 1726.000000 0.042535 
34500 1466.000000 1319.000000 1729.000000 0.042493 
34600 1468.500000 1318.000000 1730.000000 0.042442 
34700 1471.400024 1318.000000 1739.000000 0.042403 
34800 1475.300049 1322.000000 1742.000000 0.042394 
34900 1478.400024 1325.000000 1746.000000 0.042361 
35000 1481.699951 1323.000000 1756.000000 0.042334 
35100 1485.199951 1322.000000 1765.000000 0.042313 
35200 1486.000000 1321.000000 1767.000000 0.042216 
35300 1488.099976 1319.000000 1767.000000 0.042156 
35400 1492.199951 1317.000000 1766.000000 0.042153 
35500 1494.699951 1317.000000 1765.000000 0.042104 
35600 1497.900024 1316.000000 1768.000000 0.042076 
35700 1501.400024 1318.000000 1769.000000 0.042056 
35800 1505.699951 1319.000000 1772.000000 0.042059 
35900 1509.500000 1318.000000 1779.000000 0.042047 
36000 1515.300049 1319.000000 1788.000000 0.042092 
36100 1519.300049 1323.000000 1805.000000 0.042086 
36200 1525.400024 1328.000000 1819.000000 0.042138 
36300 1529.099976 1328.000000 1822.000000 0.042124 
36400 1533.800049 1331.000000 1825.000000 0.042137 
36500 1537.900024 1335.000000 1829.000000 0.042134 
36600 1540.699951 1334.000000 1831.000000 0.042096 
36700 1545.900024 1341.000000 1841.000000 0.042123 
36800 1553.099976 1346.000000 1849.000000 0.042204 
36900 1561.599976 1349.000000 1853.000000 0.042320 
37000 1565.699951 1349.000000 1857.000000 0.042316 
37100 1571.800049 1360.000000 1865.000000 0.042367 
37200 1576.800049 1359.000000 1869.000000 0.042387 
37300 1580.400024 1369.000000 1870.000000 0.042370 
37400 1583.400024 1377.000000 1872.000000 0.042337 
37500 1588.000000 1381.000000 1872.000000 0.042347 
37600 1592.300049 1382.000000 1876.000000 0.042348 
37700 1596.800049 1384.000000 1876.000000 0.042355 
37800 1601.599976 1392.000000 1875.000000 0.042370 
37900 1604.800049 1402.000000 1877.000000 0.042343 
38000 1608.699951 1410.000000 1878.000000 0.042334 
38100 1616.300049 1420.000000 1881.000000 0.042423 
38200 1619.699951 1421.000000 1890.000000 0.042401 
38300 1622.099976 1424.000000 1890.000000 0.042352 
38400 1625.099976 1428.000000 1895.000000 0.042320 
38500 1629.699951 1439.000000 1894.000000 0.042330 
38600 1634.400024 1446.000000 1893.000000 0.042342 
38700 1640.699951 1452.000000 1906.000000 0.042395 
38800 1645.599976 1458.000000 1914.000000 0.042412 
38900 1651.500000 1461.000000 1920.000000 0.042455 
39000 1655.800049 1467.000000 1924.000000 0.042456 
39100 1659.900024 1472.000000 1932.000000 0.042453 
39200 1663.599976 1474.000000 1934.000000 0.042439 
39300 1666.800049 1482.000000 1937.000000 0.042412 
39400 1672.400024 1487.000000 1944.000000 0.042447 
39500 1675.900024 1494.000000 1948.000000 0.042428 
39600 1680.199951 1504.000000 1949.000000 0.042429 
39700 1685.199951 1510.000000 1954.000000 0.042448 
39800 1688.300049 1508.000000 1958.000000 0.042420 
39900 1690.199951 1506.000000 1962.000000 0.042361 
40000 1694.599976 1505.000000 1969.000000 0.042365 
40100 1700.800049 1503.000000 1977.000000 0.042414 
40200 1706.099976 1501.000000 1978.000000 0.042440 
40300 1706.800049 1500.000000 1977.000000 0.042352 
40400 1711.500000 1505.000000 1982.000000 0.042364 
40500 1716.400024 1510.000000 1983.000000 0.042380 
40600 1720.599976 1521.000000 1982.000000 0.042379 
40700 1723.000000 1531.000000 1985.000000 0.042334 
40800 1728.400024 1539.000000 1987.000000 0.042363 
40900 1733.599976 1546.000000 1996.000000 0.042386 
41000 1739.699951 1558.000000 2005.000000 0.042432 
41100 1741.400024 1558.000000 2009.000000 0.042370 
41200 1745.900024 1565.000000 2021.000000 0.042376 
41300 1751.300049 1582.000000 2026.000000 0.042404 
41400 1754.599976 1581.000000 2032.000000 0.042382 
41500 1758.599976 1587.000000 2041.000000 0.042376 
41600 1762.000000 1595.000000 2045.000000 0.042356 
41700 1766.400024 1606.000000 2046.000000 0.042360 
41800 1770.300049 1611.000000 2049.000000 0.042352 
41900 1777.500000 1613.000000 2060.000000 0.042422 
42000 1780.500000 1615.000000 2063.000000 0.042393 
42100 1783.800049 1622.000000 2065.000000 0.042371 
42200 1787.599976 1627.000000 2065.000000 0.042360 
42300 1792.099976 1643.000000 2075.000000 0.042366 
42400 1795.800049 1646.000000 2077.000000 0.042354 
42500 1800.099976 1658.000000 2076.000000 0.042355 
42600 1803.400024 1661.000000 2076.000000 0.042333 
42700 1806.900024 1661.000000 2079.000000 0.042316 
42800 1810.800049 1662.000000 2088.000000 0.042308 
42900 1816.699951 1660.000000 2093.000000 0.042347 
43000 1820.000000 1661.000000 2097.000000 0.042326 
43100 1828.199951 1665.000000 2103.000000 0.042418 
43200 1831.800049 1668.000000 2104.000000 0.042403 
43300 1835.599976 1675.000000 2105.000000 0.042393 
43400 1839.199951 1675.000000 2106.000000 0.042378 
43500 1841.199951 1678.000000 2108.000000 0.042326 
43600 1844.400024 1679.000000 2108.000000 0.042303 
43700 1850.400024 1690.000000 2110.000000 0.042343 
43800 1854.300049 1691.000000 2116.000000 0.042336 
43900 1860.000000 1695.000000 2116.000000 0.042369 
44000 1866.699951 1696.000000 2124.000000 0.042425 
44100 1872.300049 1697.000000 2129.000000 0.042456 
44200 1876.099976 1701.000000 2139.000000 0.042446 
44300 1880.300049 1700.000000 2152.000000 0.042445 
44400 1884.599976 1701.000000 2161.000000 0.042446 
44500 1888.599976 1701.000000 2169.000000 0.042440 
44600 1897.599976 1704.000000 2179.000000 0.042547 
44700 1903.900024 1709.000000 2188.000000 0.042593 
44800 1909.500000 1712.000000 2202.000000 0.042623 
44900 1914.400024 1712.000000 2208.000000 0.042637 
45000 1919.000000 1722.000000 2213.000000 0.042644 
45100 1922.199951 1724.000000 2222.000000 0.042621 
45200 1925.500000 1724.000000 2226.000000 0.042600 
45300 1930.199951 1722.000000 2234.000000 0.042609 
45400 1933.500000 1720.000000 2249.000000 0.042588 
45500 1936.300049 1725.000000 2255.000000 0.042556 
45600 1942.300049 1728.000000 2267.000000 0.042594 
45700 1947.800049 1738.000000 2275.000000 0.042621 
45800 1952.199951 1743.000000 2280.000000 0.042624 
45900 1956.400024 1757.000000 2293.000000 0.042623 
46000 1961.599976 1762.000000 2296.000000 0.042643 
46100 1966.099976 1762.000000 2306.000000 0.042649 
46200 1967.900024 1761.000000 2307.000000 0.042595 
46300 1972.199951 1759.000000 2321.000000 0.042596 
46400 1976.800049 1758.000000 2334.000000 0.042603 
46500 1983.300049 1757.000000 2342.000000 0.042652 
46600 1986.199951 1757.000000 2354.000000 0.042622 
46700 1992.099976 1759.000000 2370.000000 0.042657 
46800 1996.099976 1759.000000 2384.000000 0.042652 
46900 1998.900024 1760.000000 2390.000000 0.042620 
47000 2002.199951 1761.000000 2395.000000 0.042600 
47100 2004.699951 1761.000000 2400.000000 0.042563 
47200 2011.400024 1768.000000 2410.000000 0.042614 
47300 2016.800049 1769.000000 2418.000000 0.042638 
47400 2024.400024 1779.000000 2430.000000 0.042709 
47500 2029.800049 1781.000000 2450.000000 0.042733 
47600 2034.199951 1790.000000 2460.000000 0.042735 
47700 2036.199951 1791.000000 2470.000000 0.042688 
47800 2040.000000 1794.000000 2478.000000 0.042678 
47900 2044.699951 1803.000000 2481.000000 0.042687 
48000 2048.199951 1809.000000 2491.000000 0.042671 
48100 2053.100098 1817.000000 2504.000000 0.042684 
48200 2056.300049 1821.000000 2505.000000 0.042662 
48300 2060.100098 1830.000000 2505.000000 0.042652 
48400 2064.899902 1835.000000 2504.000000 0.042663 
48500 2069.500000 1842.000000 2504.000000 0.042670 
48600 2073.199951 1852.000000 2508.000000 0.042658 
48700 2075.300049 1858.000000 2508.000000 0.042614 
48800 2080.899902 1865.000000 2509.000000 0.042641 
48900 2086.000000 1867.000000 2512.000000 0.042658 
49000 2089.699951 1876.000000 2511.000000 0.042647 
49100 2093.600098 1886.000000 2511.000000 0.042640 
49200 2098.100098 1890.000000 2510.000000 0.042644 
49300 2105.199951 1899.000000 2510.000000 0.042702 
49400 2109.399902 1904.000000 2516.000000 0.042700 
49500 2113.800049 1911.000000 2521.000000 0.042703 
49600 2115.500000 1912.000000 2525.000000 0.042651 
49700 2118.300049 1914.000000 2527.000000 0.042622 
49800 2121.199951 1918.000000 2527.000000 0.042594 
49900 2123.000000 1918.000000 2528.000000 0.042545 
