0 0.100000 0.000000 1.000000 0.000000 
100 0.900000 -1.000000 3.000000 0.009000 
200 2.400000 0.000000 9.000000 0.012000 
300 3.100000 -1.000000 17.000000 0.010333 
400 7.800000 -1.000000 26.000000 0.019500 
500 10.000000 0.000000 33.000000 0.020000 
600 13.000000 3.000000 34.000000 0.021667 
700 15.800000 4.000000 45.000000 0.022571 
800 20.000000 8.000000 59.000000 0.025000 
900 23.200001 10.000000 64.000000 0.025778 
1000 25.700001 12.000000 70.000000 0.025700 
1100 29.900000 14.000000 73.000000 0.027182 
1200 34.799999 13.000000 81.000000 0.029000 
1300 36.900002 12.000000 87.000000 0.028385 
1400 39.799999 11.000000 93.000000 0.028429 
1500 42.400002 10.000000 95.000000 0.028267 
1600 46.400002 12.000000 100.000000 0.029000 
1700 48.799999 11.000000 112.000000 0.028706 
1800 52.500000 12.000000 120.000000 0.029167 
1900 54.799999 14.000000 124.000000 0.028842 
2000 60.099998 16.000000 133.000000 0.030050 
2100 64.199997 18.000000 137.000000 0.030571 
2200 69.900002 21.000000 137.000000 0.031773 
2300 73.900002 21.000000 138.000000 0.032130 
2400 77.099998 20.000000 145.000000 0.032125 
2500 81.199997 18.000000 150.000000 0.032480 
2600 85.400002 17.000000 150.000000 0.032846 
2700 91.400002 16.000000 156.000000 0.033852 
2800 95.000000 15.000000 157.000000 0.033929 
2900 101.500000 24.000000 165.000000 0.035000 
3000 105.400002 29.000000 165.000000 0.035133 
3100 109.500000 42.000000 168.000000 0.035323 
3200 113.000000 44.000000 172.000000 0.035312 
3300 119.000000 47.000000 181.000000 0.036061 
3400 122.900002 54.000000 184.000000 0.036147 
3500 128.199997 59.000000 184.000000 0.036629 
3600 133.300003 65.000000 192.000000 0.037028 
3700 137.000000 68.000000 197.000000 0.037027 
3800 140.600006 74.000000 198.000000 0.037000 
3900 144.399994 78.000000 201.000000 0.037026 
4000 148.399994 86.000000 209.000000 0.037100 
4100 154.399994 91.000000 219.000000 0.037659 
4200 157.699997 96.000000 223.000000 0.037548 
4300 163.100006 101.000000 229.000000 0.037930 
4400 168.600006 101.000000 233.000000 0.038318 
4500 176.000000 108.000000 247.000000 0.039111 
4600 181.500000 122.000000 251.000000 0.039457 
4700 183.300003 128.000000 255.000000 0.039000 
4800 188.800003 132.000000 264.000000 0.039333 
4900 193.100006 133.000000 266.000000 0.039408 
5000 196.100006 137.000000 270.000000 0.039220 
5100 200.500000 146.000000 284.000000 0.039314 
5200 204.199997 148.000000 285.000000 0.039269 
5300 207.600006 148.000000 286.000000 0.039170 
5400 211.899994 150.000000 291.000000 0.039241 
5500 216.500000 159.000000 298.000000 0.039364 
5600 223.300003 167.000000 306.000000 0.039875 
5700 228.699997 176.000000 313.000000 0.040123 
5800 231.800003 178.000000 321.000000 0.039966 
5900 236.500000 185.000000 333.000000 0.040085 
6000 241.199997 189.000000 337.000000 0.040200 
6100 245.399994 190.000000 344.000000 0.040230 
6200 250.000000 190.000000 349.000000 0.040323 
6300 253.100006 197.000000 355.000000 0.040175 
6400 255.300003 199.000000 358.000000 0.039891 
6500 259.200012 205.000000 365.000000 0.039877 
6600 263.200012 204.000000 379.000000 0.039879 
6700 268.200012 205.000000 386.000000 0.040030 
6800 272.399994 209.000000 388.000000 0.040059 
6900 275.899994 209.000000 387.000000 0.039986 
7000 280.000000 210.000000 389.000000 0.040000 
7100 283.799988 212.000000 394.000000 0.039972 
7200 290.600006 216.000000 396.000000 0.040361 
7300 296.600006 220.000000 394.000000 0.040630 
7400 302.200012 228.000000 398.000000 0.040838 
7500 304.399994 232.000000 400.000000 0.040587 
7600 308.100006 237.000000 398.000000 0.040539 
7700 313.799988 252.000000 399.000000 0.040753 
7800 318.299988 268.000000 405.000000 0.040808 
7900 321.799988 267.000000 408.000000 0.040734 
8000 325.799988 280.000000 416.000000 0.040725 
8100 330.100006 282.000000 416.000000 0.040753 
8200 333.100006 282.000000 422.000000 0.040622 
8300 335.500000 283.000000 426.000000 0.040422 
8400 338.200012 284.000000 428.000000 0.040262 
8500 341.000000 285.000000 429.000000 0.040118 
8600 347.000000 291.000000 430.000000 0.040349 
8700 352.200012 296.000000 429.000000 0.040483 
8800 358.100006 297.000000 433.000000 0.040693 
8900 366.700012 303.000000 443.000000 0.041202 
9000 372.100006 306.000000 446.000000 0.041344 
9100 375.500000 308.000000 447.000000 0.041264 
9200 381.799988 317.000000 459.000000 0.041500 
9300 386.399994 321.000000 469.000000 0.041548 
9400 393.100006 322.000000 479.000000 0.041819 
9500 397.700012 322.000000 483.000000 0.041863 
9600 400.799988 321.000000 484.000000 0.041750 
9700 405.500000 322.000000 496.000000 0.041804 
9800 409.799988 321.000000 503.000000 0.041816 
9900 414.200012 328.000000 510.000000 0.041838 
10000 418.200012 336.000000 518.000000 0.041820 
10100 422.299988 343.000000 519.000000 0.041812 
10200 424.500000 343.000000 521.000000 0.041618 
10300 428.399994 343.000000 528.000000 0.041592 
10400 431.200012 342.000000 526.000000 0.041462 
10500 434.200012 347.000000 526.000000 0.041352 
10600 438.399994 350.000000 528.000000 0.041358 
10700 442.000000 354.000000 533.000000 0.041308 
10800 444.299988 354.000000 540.000000 0.041139 
10900 447.200012 354.000000 545.000000 0.041028 
11000 451.500000 355.000000 559.000000 0.041045 
11100 458.899994 366.000000 573.000000 0.041342 
11200 460.899994 366.000000 577.000000 0.041152 
11300 465.799988 365.000000 590.000000 0.041221 
11400 469.899994 371.000000 607.000000 0.041219 
11500 474.100006 374.000000 618.000000 0.041226 
11600 477.700012 375.000000 624.000000 0.041181 
11700 481.899994 373.000000 638.000000 0.041188 
11800 485.899994 372.000000 648.000000 0.041178 
11900 490.200012 370.000000 652.000000 0.041193 
12000 496.500000 368.000000 660.000000 0.041375 
12100 501.500000 367.000000 674.000000 0.041446 
12200 507.399994 378.000000 682.000000 0.041590 
12300 514.200012 383.000000 700.000000 0.041805 
12400 520.799988 394.000000 712.000000 0.042000 
12500 525.500000 397.000000 719.000000 0.042040 
12600 529.900024 400.000000 733.000000 0.042056 
12700 533.500000 403.000000 743.000000 0.042008 
12800 535.700012 406.000000 747.000000 0.041852 
12900 540.299988 411.000000 751.000000 0.041884 
13000 544.400024 418.000000 754.000000 0.041877 
13100 548.200012 419.000000 754.000000 0.041847 
13200 553.799988 427.000000 753.000000 0.041955 
13300 557.799988 429.000000 759.000000 0.041940 
13400 562.799988 436.000000 763.000000 0.042000 
13500 568.000000 440.000000 767.000000 0.042074 
13600 576.000000 446.000000 779.000000 0.042353 
13700 579.599976 448.000000 789.000000 0.042307 
13800 583.599976 450.000000 799.000000 0.042290 
13900 586.599976 450.000000 801.000000 0.042201 
14000 590.599976 449.000000 799.000000 0.042186 
14100 595.400024 448.000000 807.000000 0.042227 
14200 599.799988 447.000000 813.000000 0.042239 
14300 602.799988 446.000000 812.000000 0.042154 
14400 606.900024 453.000000 815.000000 0.042146 
14500 612.299988 464.000000 815.000000 0.042228 
14600 618.000000 468.000000 815.000000 0.042329 
14700 622.700012 479.000000 814.000000 0.042361 
14800 628.200012 485.000000 812.000000 0.042446 
14900 634.200012 494.000000 823.000000 0.042564 
15000 636.900024 500.000000 823.000000 0.042460 
15100 645.599976 507.000000 835.000000 0.042755 
15200 649.500000 510.000000 840.000000 0.042730 
15300 654.900024 512.000000 846.000000 0.042804 
15400 660.400024 512.000000 854.000000 0.042883 
15500 665.299988 511.000000 858.000000 0.042923 
15600 668.900024 519.000000 859.000000 0.042878 
15700 674.000000 526.000000 860.000000 0.042930 
15800 679.299988 539.000000 859.000000 0.042994 
15900 684.099976 541.000000 860.000000 0.043025 
16000 689.000000 548.000000 869.000000 0.043063 
16100 694.299988 554.000000 874.000000 0.043124 
16200 701.400024 565.000000 880.000000 0.043296 
16300 707.599976 573.000000 889.000000 0.043411 
16400 712.500000 575.000000 893.000000 0.043445 
16500 719.000000 577.000000 899.000000 0.043576 
16600 723.900024 578.000000 906.000000 0.043608 
16700 727.400024 582.000000 907.000000 0.043557 
16800 732.500000 590.000000 909.000000 0.043601 
16900 736.299988 599.000000 913.000000 0.043568 
17000 739.900024 612.000000 913.000000 0.043524 
17100 744.000000 617.000000 917.000000 0.043509 
17200 749.000000 624.000000 921.000000 0.043547 
17300 753.400024 631.000000 928.000000 0.043549 
17400 759.200012 644.000000 939.000000 0.043632 
17500 764.599976 648.000000 951.000000 0.043691 
17600 769.799988 653.000000 959.000000 0.043739 
17700 775.700012 661.000000 965.000000 0.043825 
17800 779.400024 663.000000 981.000000 0.043787 
17900 783.299988 665.000000 983.000000 0.043760 
18000 787.700012 669.000000 987.000000 0.043761 
18100 791.400024 673.000000 1002.000000 0.043724 
18200 797.000000 681.000000 1004.000000 0.043791 
18300 800.599976 682.000000 1006.000000 0.043749 
18400 806.200012 684.000000 1017.000000 0.043815 
18500 809.700012 688.000000 1017.000000 0.043768 
18600 813.799988 693.000000 1029.000000 0.043753 
18700 817.500000 696.000000 1033.000000 0.043717 
18800 823.500000 703.000000 1036.000000 0.043803 
18900 828.900024 710.000000 1043.000000 0.043857 
19000 832.200012 711.000000 1056.000000 0.043800 
19100 837.099976 711.000000 1067.000000 0.043827 
19200 841.200012 712.000000 1070.000000 0.043813 
19300 844.900024 711.000000 1082.000000 0.043777 
19400 848.099976 715.000000 1087.000000 0.043716 
19500 852.500000 717.000000 1092.000000 0.043718 
19600 857.400024 719.000000 1093.000000 0.043745 
19700 861.299988 721.000000 1091.000000 0.043721 
19800 863.599976 721.000000 1089.000000 0.043616 
19900 867.900024 721.000000 1086.000000 0.043613 
20000 873.299988 724.000000 1092.000000 0.043665 
20100 877.900024 727.000000 1099.000000 0.043677 
20200 882.599976 736.000000 1107.000000 0.043693 
20300 888.500000 746.000000 1114.000000 0.043768 
20400 895.099976 753.000000 1120.000000 0.043877 
20500 897.700012 756.000000 1123.000000 0.043790 
20600 906.099976 765.000000 1133.000000 0.043985 
20700 912.299988 773.000000 1139.000000 0.044072 
20800 916.799988 775.000000 1142.000000 0.044077 
20900 920.200012 775.000000 1143.000000 0.044029 
21000 925.500000 775.000000 1147.000000 0.044071 
21100 930.799988 777.000000 1150.000000 0.044114 
21200 936.900024 782.000000 1155.000000 0.044193 
21300 942.000000 785.000000 1161.000000 0.044225 
21400 947.599976 786.000000 1174.000000 0.044280 
21500 951.299988 795.000000 1176.000000 0.044247 
21600 955.599976 797.000000 1178.000000 0.044241 
21700 960.599976 798.000000 1183.000000 0.044267 
21800 966.000000 801.000000 1187.000000 0.044312 
21900 970.599976 804.000000 1190.000000 0.044320 
22000 976.099976 815.000000 1193.000000 0.044368 
22100 979.200012 819.000000 1194.000000 0.044308 
22200 982.299988 822.000000 1198.000000 0.044248 
22300 985.900024 823.000000 1199.000000 0.044211 
22400 990.400024 830.000000 1205.000000 0.044214 
22500 993.900024 836.000000 1211.000000 0.044173 
22600 998.500000 840.000000 1220.000000 0.044181 
22700 1002.299988 847.000000 1227.000000 0.044154 
22800 1006.900024 851.000000 1240.000000 0.044162 
22900 1008.299988 853.000000 1243.000000 0.044031 
23000 1011.799988 855.000000 1253.000000 0.043991 
23100 1014.900024 857.000000 1259.000000 0.043935 
23200 1018.299988 857.000000 1264.000000 0.043892 
23300 1023.099976 856.000000 1271.000000 0.043910 
23400 1028.099976 854.000000 1274.000000 0.043936 
23500 1032.800049 853.000000 1276.000000 0.043949 
23600 1039.000000 859.000000 1289.000000 0.044025 
23700 1043.300049 868.000000 1298.000000 0.044021 
23800 1048.099976 876.000000 1303.000000 0.044038 
23900 1053.400024 890.000000 1307.000000 0.044075 
24000 1058.400024 895.000000 1307.000000 0.044100 
24100 1061.599976 899.000000 1305.000000 0.044050 
24200 1065.599976 903.000000 1305.000000 0.044033 
24300 1068.099976 907.000000 1307.000000 0.043955 
24400 1072.000000 906.000000 1320.000000 0.043934 
24500 1074.599976 905.000000 1326.000000 0.043861 
24600 1077.900024 905.000000 1332.000000 0.043817 
24700 1080.900024 905.000000 1340.000000 0.043761 
24800 1085.800049 913.000000 1344.000000 0.043782 
24900 1089.900024 914.000000 1346.000000 0.043771 
25000 1094.099976 920.000000 1354.000000 0.043764 
25100 1097.599976 926.000000 1358.000000 0.043729 
25200 1100.099976 928.000000 1367.000000 0.043655 
25300 1103.099976 927.000000 1368.000000 0.043601 
25400 1105.400024 930.000000 1377.000000 0.043520 
25500 1112.099976 935.000000 1387.000000 0.043612 
25600 1116.300049 941.000000 1395.000000 0.043605 
25700 1120.800049 941.000000 1411.000000 0.043611 
25800 1123.400024 942.000000 1420.000000 0.043543 
25900 1130.800049 947.000000 1431.000000 0.043660 
26000 1134.599976 947.000000 1436.000000 0.043638 
26100 1139.900024 951.000000 1445.000000 0.043674 
26200 1144.400024 953.000000 1446.000000 0.043679 
26300 1148.000000 953.000000 1448.000000 0.043650 
26400 1152.199951 955.000000 1452.000000 0.043644 
26500 1154.400024 954.000000 1451.000000 0.043562 
26600 1157.099976 953.000000 1451.000000 0.043500 
26700 1160.099976 952.000000 1454.000000 0.043449 
26800 1163.500000 954.000000 1458.000000 0.043414 
26900 1167.199951 965.000000 1460.000000 0.043390 
27000 1171.699951 968.000000 1458.000000 0.043396 
27100 1175.400024 974.000000 1459.000000 0.043373 
27200 1178.400024 982.000000 1459.000000 0.043324 
27300 1184.199951 982.000000 1463.000000 0.043377 
27400 1188.800049 991.000000 1468.000000 0.043387 
27500 1192.099976 995.000000 1478.000000 0.043349 
27600 1198.599976 997.000000 1482.000000 0.043428 
27700 1204.300049 1003.000000 1490.000000 0.043477 
27800 1207.699951 1004.000000 1497.000000 0.043442 
27900 1215.400024 1010.000000 1512.000000 0.043563 
28000 1220.199951 1020.000000 1517.000000 0.043579 
28100 1225.000000 1023.000000 1521.000000 0.043594 
28200 1231.800049 1030.000000 1537.000000 0.043681 
28300 1236.900024 1037.000000 1546.000000 0.043707 
28400 1242.199951 1041.000000 1550.000000 0.043739 
28500 1246.000000 1045.000000 1550.000000 0.043719 
28600 1251.099976 1048.000000 1552.000000 0.043745 
28700 1255.199951 1050.000000 1558.000000 0.043735 
28800 1260.900024 1061.000000 1563.000000 0.043781 
28900 1266.500000 1074.000000 1565.000000 0.043824 
29000 1270.599976 1077.000000 1565.000000 0.043814 
29100 1276.000000 1089.000000 1568.000000 0.043849 
29200 1279.500000 1096.000000 1570.000000 0.043818 
29300 1282.199951 1098.000000 1569.000000 0.043761 
29400 1285.300049 1097.000000 1576.000000 0.043718 
29500 1289.099976 1105.000000 1580.000000 0.043698 
29600 1292.000000 1106.000000 1579.000000 0.043649 
29700 1294.000000 1107.000000 1580.000000 0.043569 
29800 1298.599976 1119.000000 1580.000000 0.043577 
29900 1307.000000 1122.000000 1580.000000 0.043712 
30000 1312.400024 1123.000000 1583.000000 0.043747 
30100 1317.199951 1129.000000 1583.000000 0.043761 
30200 1323.800049 1140.000000 1584.000000 0.043834 
30300 1331.300049 1153.000000 1589.000000 0.043937 
30400 1334.500000 1159.000000 1589.000000 0.043898 
30500 1339.099976 1163.000000 1592.000000 0.043905 
30600 1344.199951 1164.000000 1598.000000 0.043928 
30700 1348.000000 1164.000000 1612.000000 0.043909 
30800 1351.900024 1162.000000 1621.000000 0.043893 
30900 1360.400024 1160.000000 1637.000000 0.044026 
31000 1365.400024 1167.000000 1644.000000 0.044045 
31100 1369.699951 1172.000000 1648.000000 0.044042 
31200 1373.599976 1176.000000 1652.000000 0.044026 
31300 1379.699951 1179.000000 1676.000000 0.044080 
31400 1382.800049 1189.000000 1680.000000 0.044038 
31500 1386.500000 1190.000000 1685.000000 0.044016 
31600 1390.199951 1194.000000 1690.000000 0.043994 
31700 1392.900024 1197.000000 1694.000000 0.043940 
31800 1396.400024 1209.000000 1704.000000 0.043912 
31900 1399.500000 1210.000000 1715.000000 0.043871 
32000 1405.099976 1216.000000 1725.000000 0.043909 
32100 1410.300049 1228.000000 1730.000000 0.043935 
32200 1415.199951 1231.000000 1738.000000 0.043950 
32300 1419.099976 1236.000000 1749.000000 0.043935 
32400 1421.900024 1243.000000 1758.000000 0.043886 
32500 1425.599976 1251.000000 1764.000000 0.043865 
32600 1428.099976 1255.000000 1774.000000 0.043807 
32700 1431.199951 1254.000000 1779.000000 0.043768 
32800 1435.699951 1256.000000 1780.000000 0.043771 
32900 1438.900024 1262.000000 1781.000000 0.043736 
33000 1441.900024 1268.000000 1783.000000 0.043694 
33100 1445.099976 1276.000000 1787.000000 0.043659 
33200 1447.800049 1282.000000 1787.000000 0.043608 
33300 1454.099976 1283.000000 1792.000000 0.043667 
33400 1458.800049 1282.000000 1794.000000 0.043677 
33500 1465.000000 1286.000000 1798.000000 0.043731 
33600 1469.400024 1289.000000 1798.000000 0.043732 
33700 1474.199951 1287.000000 1800.000000 0.043745 
33800 1478.099976 1286.000000 1799.000000 0.043731 
33900 1481.199951 1284.000000 1798.000000 0.043693 
34000 1486.699951 1283.000000 1801.000000 0.043726 
34100 1490.400024 1282.000000 1801.000000 0.043707 
34200 1493.199951 1283.000000 1802.000000 0.043661 
34300 1497.199951 1282.000000 1807.000000 0.043650 
34400 1500.300049 1282.000000 1812.000000 0.043613 
34500 1504.400024 1284.000000 1818.000000 0.043606 
34600 1510.300049 1284.000000 1820.000000 0.043650 
34700 1516.900024 1287.000000 1829.000000 0.043715 
34800 1519.699951 1288.000000 1835.000000 0.043670 
34900 1522.300049 1291.000000 1838.000000 0.043619 
35000 1527.099976 1293.000000 1838.000000 0.043631 
35100 1534.099976 1298.000000 1839.000000 0.043707 
35200 1541.500000 1308.000000 1842.000000 0.043793 
35300 1545.199951 1314.000000 1848.000000 0.043773 
35400 1548.699951 1321.000000 1848.000000 0.043749 
35500 1552.099976 1328.000000 1848.000000 0.043721 
35600 1556.400024 1331.000000 1860.000000 0.043719 
35700 1560.199951 1330.000000 1861.000000 0.043703 
35800 1564.400024 1330.000000 1869.000000 0.043698 
35900 1566.500000 1329.000000 1869.000000 0.043635 
36000 1569.699951 1331.000000 1869.000000 0.043603 
36100 1573.599976 1334.000000 1869.000000 0.043590 
36200 1575.500000 1333.000000 1871.000000 0.043522 
36300 1578.400024 1332.000000 1877.000000 0.043482 
36400 1580.300049 1331.000000 1879.000000 0.043415 
36500 1582.699951 1329.000000 1882.000000 0.043362 
36600 1585.199951 1329.000000 1890.000000 0.043311 
36700 1587.199951 1329.000000 1893.000000 0.043248 
36800 1589.300049 1328.000000 1894.000000 0.043188 
36900 1590.099976 1326.000000 1893.000000 0.043092 
37000 1592.099976 1325.000000 1898.000000 0.043030 
37100 1596.800049 1325.000000 1901.000000 0.043040 
37200 1600.099976 1325.000000 1906.000000 0.043013 
37300 1603.900024 1324.000000 1909.000000 0.043000 
37400 1605.400024 1322.000000 1908.000000 0.042925 
37500 1610.599976 1322.000000 1914.000000 0.042949 
37600 1612.699951 1336.000000 1914.000000 0.042891 
37700 1617.900024 1339.000000 1913.000000 0.042915 
37800 1621.800049 1341.000000 1919.000000 0.042905 
37900 1626.599976 1350.000000 1920.000000 0.042918 
38000 1631.300049 1353.000000 1919.000000 0.042929 
38100 1636.500000 1357.000000 1919.000000 0.042953 
38200 1639.900024 1359.000000 1929.000000 0.042929 
38300 1643.599976 1361.000000 1938.000000 0.042914 
38400 1648.000000 1366.000000 1938.000000 0.042917 
38500 1653.900024 1373.000000 1942.000000 0.042958 
38600 1659.599976 1381.000000 1951.000000 0.042995 
38700 1663.199951 1383.000000 1952.000000 0.042977 
38800 1667.300049 1389.000000 1953.000000 0.042972 
38900 1673.500000 1395.000000 1963.000000 0.043021 
39000 1679.500000 1401.000000 1967.000000 0.043064 
39100 1683.900024 1408.000000 1967.000000 0.043066 
39200 1691.300049 1423.000000 1968.000000 0.043145 
39300 1693.699951 1427.000000 1969.000000 0.043097 
39400 1698.400024 1428.000000 1970.000000 0.043107 
39500 1705.099976 1430.000000 1971.000000 0.043167 
39600 1710.099976 1432.000000 1972.000000 0.043184 
39700 1716.000000 1436.000000 1980.000000 0.043224 
39800 1721.400024 1438.000000 1980.000000 0.043251 
39900 1726.199951 1443.000000 1982.000000 0.043263 
40000 1732.300049 1444.000000 1987.000000 0.043308 
40100 1736.900024 1444.000000 1989.000000 0.043314 
40200 1744.300049 1447.000000 1999.000000 0.043391 
40300 1748.400024 1453.000000 2006.000000 0.043385 
40400 1751.699951 1452.000000 2012.000000 0.043359 
40500 1754.199951 1452.000000 2014.000000 0.043314 
40600 1756.400024 1451.000000 2018.000000 0.043261 
40700 1759.699951 1451.000000 2024.000000 0.043236 
40800 1764.699951 1456.000000 2037.000000 0.043252 
40900 1768.300049 1457.000000 2042.000000 0.043235 
41000 1771.300049 1466.000000 2048.000000 0.043202 
41100 1775.500000 1466.000000 2056.000000 0.043200 
41200 1777.900024 1468.000000 2063.000000 0.043153 
41300 1783.300049 1476.000000 2073.000000 0.043179 
41400 1786.500000 1480.000000 2075.000000 0.043152 
41500 1789.800049 1480.000000 2081.000000 0.043128 
41600 1792.099976 1481.000000 2084.000000 0.043079 
41700 1798.099976 1491.000000 2086.000000 0.043120 
41800 1802.400024 1500.000000 2088.000000 0.043120 
41900 1808.500000 1504.000000 2100.000000 0.043162 
42000 1812.800049 1516.000000 2101.000000 0.043162 
42100 1819.000000 1523.000000 2102.000000 0.043207 
42200 1823.500000 1527.000000 2112.000000 0.043211 
42300 1827.000000 1529.000000 2117.000000 0.043191 
42400 1832.000000 1538.000000 2127.000000 0.043208 
42500 1836.900024 1550.000000 2136.000000 0.043221 
42600 1843.699951 1556.000000 2142.000000 0.043279 
42700 1848.599976 1560.000000 2145.000000 0.043293 
42800 1855.699951 1565.000000 2150.000000 0.043357 
42900 1860.400024 1564.000000 2153.000000 0.043366 
43000 1864.400024 1563.000000 2154.000000 0.043358 
43100 1871.699951 1568.000000 2155.000000 0.043427 
43200 1877.099976 1589.000000 2162.000000 0.043451 
43300 1881.000000 1595.000000 2166.000000 0.043441 
43400 1885.900024 1607.000000 2170.000000 0.043454 
43500 1888.800049 1612.000000 2169.000000 0.043421 
43600 1892.900024 1621.000000 2169.000000 0.043415 
43700 1895.599976 1625.000000 2169.000000 0.043378 
43800 1900.099976 1631.000000 2169.000000 0.043381 
43900 1904.300049 1639.000000 2172.000000 0.043378 
44000 1909.199951 1653.000000 2178.000000 0.043391 
44100 1916.800049 1661.000000 2191.000000 0.043465 
44200 1919.900024 1663.000000 2200.000000 0.043437 
44300 1925.500000 1670.000000 2201.000000 0.043465 
44400 1932.099976 1683.000000 2202.000000 0.043516 
44500 1936.500000 1690.000000 2202.000000 0.043517 
44600 1939.800049 1699.000000 2204.000000 0.043493 
44700 1942.599976 1702.000000 2206.000000 0.043459 
44800 1948.900024 1714.000000 2217.000000 0.043502 
44900 1952.400024 1721.000000 2222.000000 0.043483 
45000 1957.900024 1730.000000 2227.000000 0.043509 
45100 1961.000000 1738.000000 2227.000000 0.043481 
45200 1964.400024 1746.000000 2227.000000 0.043460 
45300 1969.099976 1752.000000 2226.000000 0.043468 
45400 1972.599976 1756.000000 2225.000000 0.043449 
45500 1976.900024 1756.000000 2225.000000 0.043448 
45600 1982.199951 1766.000000 2225.000000 0.043469 
45700 1988.000000 1772.000000 2226.000000 0.043501 
45800 1995.000000 1776.000000 2234.000000 0.043559 
45900 2000.400024 1787.000000 2238.000000 0.043582 
46000 2008.199951 1798.000000 2242.000000 0.043657 
46100 2014.500000 1807.000000 2251.000000 0.043698 
46200 2019.900024 1814.000000 2253.000000 0.043721 
46300 2024.599976 1817.000000 2258.000000 0.043728 
46400 2027.800049 1819.000000 2259.000000 0.043703 
46500 2031.000000 1822.000000 2260.000000 0.043677 
46600 2033.699951 1826.000000 2261.000000 0.043642 
46700 2037.199951 1826.000000 2262.000000 0.043623 
46800 2042.199951 1826.000000 2272.000000 0.043637 
46900 2046.400024 1826.000000 2287.000000 0.043633 
47000 2051.800049 1831.000000 2299.000000 0.043655 
47100 2055.100098 1834.000000 2305.000000 0.043633 
47200 2059.399902 1841.000000 2312.000000 0.043631 
47300 2063.899902 1842.000000 2319.000000 0.043634 
47400 2067.500000 1846.000000 2322.000000 0.043618 
47500 2071.399902 1845.000000 2327.000000 0.043608 
47600 2074.399902 1850.000000 2334.000000 0.043580 
47700 2077.500000 1850.000000 2341.000000 0.043553 
47800 2082.199951 1864.000000 2343.000000 0.043561 
47900 2087.100098 1869.000000 2350.000000 0.043572 
48000 2091.100098 1876.000000 2355.000000 0.043565 
48100 2095.600098 1890.000000 2355.000000 0.043568 
48200 2099.600098 1895.000000 2356.000000 0.043560 
48300 2105.100098 1907.000000 2355.000000 0.043584 
48400 2109.199951 1914.000000 2357.000000 0.043579 
48500 2114.500000 1922.000000 2368.000000 0.043598 
48600 2119.199951 1927.000000 2369.000000 0.043605 
48700 2125.899902 1933.000000 2369.000000 0.043653 
48800 2127.500000 1937.000000 2370.000000 0.043596 
48900 2132.399902 1944.000000 2371.000000 0.043607 
49000 2136.300049 1943.000000 2370.000000 0.043598 
49100 2140.899902 1941.000000 2376.000000 0.043603 
49200 2147.300049 1947.000000 2384.000000 0.043644 
49300 2151.600098 1952.000000 2395.000000 0.043643 
49400 2155.899902 1962.000000 2400.000000 0.043642 
49500 2158.699951 1961.000000 2403.000000 0.043610 
49600 2162.399902 1963.000000 2415.000000 0.043597 
49700 2164.399902 1965.000000 2415.000000 0.043549 
49800 2167.500000 1966.000000 2426.000000 0.043524 
49900 2173.699951 1976.000000 2435.000000 0.043561 
