0 0.100000 0.000000 1.000000 0.000000 
100 0.500000 -1.000000 4.000000 0.005000 
200 2.600000 -1.000000 11.000000 0.013000 
300 5.400000 -1.000000 18.000000 0.018000 
400 10.400000 -2.000000 33.000000 0.026000 
500 14.800000 -2.000000 45.000000 0.029600 
600 18.400000 -4.000000 51.000000 0.030667 
700 21.799999 -5.000000 62.000000 0.031143 
800 24.700001 -5.000000 70.000000 0.030875 
900 27.299999 -4.000000 80.000000 0.030333 
1000 30.799999 -4.000000 82.000000 0.030800 
1100 36.500000 2.000000 86.000000 0.033182 
1200 39.099998 4.000000 86.000000 0.032583 
1300 42.799999 4.000000 87.000000 0.032923 
1400 50.400002 9.000000 94.000000 0.036000 
1500 54.900002 15.000000 98.000000 0.036600 
1600 62.200001 26.000000 102.000000 0.038875 
1700 68.300003 30.000000 106.000000 0.040176 
1800 72.199997 34.000000 110.000000 0.040111 
1900 82.099998 45.000000 119.000000 0.043211 
2000 85.599998 52.000000 120.000000 0.042800 
2100 89.199997 54.000000 123.000000 0.042476 
2200 95.800003 62.000000 122.000000 0.043545 
2300 100.599998 66.000000 127.000000 0.043739 
2400 104.099998 72.000000 129.000000 0.043375 
2500 107.699997 72.000000 134.000000 0.043080 
2600 111.699997 78.000000 138.000000 0.042962 
2700 116.800003 90.000000 141.000000 0.043259 
2800 121.500000 92.000000 153.000000 0.043393 
2900 127.800003 103.000000 159.000000 0.044069 
3000 132.600006 105.000000 164.000000 0.044200 
3100 137.100006 109.000000 169.000000 0.044226 
3200 142.000000 114.000000 188.000000 0.044375 
3300 145.300003 116.000000 193.000000 0.044030 
3400 150.600006 118.000000 195.000000 0.044294 
3500 158.699997 133.000000 201.000000 0.045343 
3600 166.500000 141.000000 210.000000 0.046250 
3700 170.399994 149.000000 214.000000 0.046054 
3800 174.300003 149.000000 215.000000 0.045868 
3900 178.600006 148.000000 220.000000 0.045795 
4000 182.300003 146.000000 228.000000 0.045575 
4100 187.600006 145.000000 238.000000 0.045756 
4200 190.300003 144.000000 240.000000 0.045310 
4300 193.199997 142.000000 241.000000 0.044930 
4400 198.000000 143.000000 241.000000 0.045000 
4500 202.000000 142.000000 250.000000 0.044889 
4600 205.000000 140.000000 251.000000 0.044565 
4700 208.399994 139.000000 257.000000 0.044340 
4800 211.899994 138.000000 264.000000 0.044146 
4900 215.899994 140.000000 276.000000 0.044061 
5000 221.800003 143.000000 283.000000 0.044360 
5100 225.500000 150.000000 292.000000 0.044216 
5200 228.699997 152.000000 300.000000 0.043981 
5300 232.699997 153.000000 311.000000 0.043906 
5400 236.899994 156.000000 324.000000 0.043870 
5500 238.899994 155.000000 326.000000 0.043436 
5600 242.500000 165.000000 324.000000 0.043304 
5700 247.699997 168.000000 333.000000 0.043456 
5800 250.000000 171.000000 338.000000 0.043103 
5900 253.500000 182.000000 345.000000 0.042966 
6000 259.799988 198.000000 353.000000 0.043300 
6100 265.100006 208.000000 370.000000 0.043459 
6200 268.100006 212.000000 375.000000 0.043242 
6300 271.899994 213.000000 387.000000 0.043159 
6400 277.799988 213.000000 397.000000 0.043406 
6500 281.600006 214.000000 411.000000 0.043323 
6600 286.299988 220.000000 422.000000 0.043379 
6700 293.600006 219.000000 435.000000 0.043821 
6800 300.500000 223.000000 448.000000 0.044191 
6900 306.600006 234.000000 458.000000 0.044435 
7000 311.899994 240.000000 462.000000 0.044557 
7100 318.000000 245.000000 465.000000 0.044789 
7200 322.600006 252.000000 467.000000 0.044806 
7300 326.399994 255.000000 477.000000 0.044712 
7400 331.100006 259.000000 485.000000 0.044743 
7500 339.700012 263.000000 493.000000 0.045293 
7600 344.299988 266.000000 501.000000 0.045303 
7700 348.700012 268.000000 504.000000 0.045286 
7800 352.299988 277.000000 508.000000 0.045167 
7900 356.500000 279.000000 517.000000 0.045127 
8000 360.500000 281.000000 532.000000 0.045063 
8100 365.500000 281.000000 539.000000 0.045123 
8200 370.399994 282.000000 547.000000 0.045171 
8300 375.399994 288.000000 551.000000 0.045229 
8400 380.200012 293.000000 554.000000 0.045262 
8500 384.899994 299.000000 560.000000 0.045282 
8600 388.899994 302.000000 563.000000 0.045221 
8700 395.600006 312.000000 575.000000 0.045471 
8800 399.299988 315.000000 583.000000 0.045375 
8900 402.600006 316.000000 587.000000 0.045236 
9000 406.299988 323.000000 595.000000 0.045144 
9100 413.799988 332.000000 606.000000 0.045473 
9200 417.700012 340.000000 609.000000 0.045402 
9300 422.399994 341.000000 616.000000 0.045419 
9400 426.299988 345.000000 623.000000 0.045351 
9500 433.799988 353.000000 636.000000 0.045663 
9600 440.399994 360.000000 641.000000 0.045875 
9700 447.000000 366.000000 653.000000 0.046082 
9800 451.100006 369.000000 663.000000 0.046031 
9900 458.600006 369.000000 678.000000 0.046323 
10000 465.700012 370.000000 693.000000 0.046570 
10100 470.399994 369.000000 700.000000 0.046574 
10200 473.600006 368.000000 705.000000 0.046431 
10300 477.200012 371.000000 710.000000 0.046330 
10400 482.399994 378.000000 709.000000 0.046385 
10500 486.700012 383.000000 714.000000 0.046352 
10600 489.700012 388.000000 717.000000 0.046198 
10700 495.000000 395.000000 727.000000 0.046262 
10800 498.899994 398.000000 728.000000 0.046194 
10900 502.200012 399.000000 738.000000 0.046073 
11000 506.500000 402.000000 742.000000 0.046045 
11100 512.099976 413.000000 752.000000 0.046135 
11200 516.900024 421.000000 761.000000 0.046152 
11300 521.000000 426.000000 771.000000 0.046106 
11400 524.400024 426.000000 774.000000 0.046000 
11500 528.599976 427.000000 776.000000 0.045965 
11600 531.099976 427.000000 781.000000 0.045784 
11700 536.799988 429.000000 786.000000 0.045880 
11800 542.200012 430.000000 799.000000 0.045949 
11900 547.700012 441.000000 804.000000 0.046025 
12000 550.599976 443.000000 811.000000 0.045883 
12100 555.000000 441.000000 821.000000 0.045868 
12200 562.099976 446.000000 834.000000 0.046074 
12300 567.099976 447.000000 838.000000 0.046106 
12400 572.700012 455.000000 842.000000 0.046185 
12500 577.799988 457.000000 849.000000 0.046224 
12600 582.000000 462.000000 859.000000 0.046190 
12700 589.799988 471.000000 871.000000 0.046441 
12800 595.099976 478.000000 875.000000 0.046492 
12900 598.599976 482.000000 876.000000 0.046403 
13000 602.599976 491.000000 889.000000 0.046354 
13100 605.799988 493.000000 897.000000 0.046244 
13200 608.700012 496.000000 900.000000 0.046114 
13300 614.500000 503.000000 914.000000 0.046203 
13400 616.900024 505.000000 923.000000 0.046037 
13500 622.000000 504.000000 934.000000 0.046074 
13600 628.000000 510.000000 944.000000 0.046176 
13700 632.500000 513.000000 954.000000 0.046168 
13800 635.299988 515.000000 960.000000 0.046036 
13900 639.000000 519.000000 966.000000 0.045971 
14000 643.799988 522.000000 978.000000 0.045986 
14100 649.200012 536.000000 991.000000 0.046043 
14200 654.200012 540.000000 1001.000000 0.046070 
14300 656.799988 540.000000 1010.000000 0.045930 
14400 661.200012 542.000000 1018.000000 0.045917 
14500 665.099976 550.000000 1022.000000 0.045869 
14600 668.700012 550.000000 1029.000000 0.045801 
14700 674.299988 550.000000 1035.000000 0.045871 
14800 679.900024 551.000000 1045.000000 0.045939 
14900 683.200012 553.000000 1057.000000 0.045852 
15000 686.799988 551.000000 1062.000000 0.045787 
15100 692.500000 552.000000 1070.000000 0.045861 
15200 697.500000 551.000000 1078.000000 0.045888 
15300 702.799988 551.000000 1085.000000 0.045935 
15400 709.599976 551.000000 1098.000000 0.046078 
15500 714.599976 549.000000 1105.000000 0.046103 
15600 718.400024 552.000000 1110.000000 0.046051 
15700 722.900024 559.000000 1114.000000 0.046045 
15800 727.299988 562.000000 1122.000000 0.046032 
15900 731.099976 564.000000 1133.000000 0.045981 
16000 737.700012 570.000000 1142.000000 0.046106 
16100 741.599976 570.000000 1146.000000 0.046062 
16200 744.700012 573.000000 1150.000000 0.045969 
16300 748.799988 574.000000 1154.000000 0.045939 
16400 751.500000 573.000000 1154.000000 0.045823 
16500 754.400024 573.000000 1154.000000 0.045721 
16600 756.400024 572.000000 1153.000000 0.045566 
16700 759.700012 582.000000 1153.000000 0.045491 
16800 767.200012 582.000000 1168.000000 0.045667 
16900 772.700012 583.000000 1180.000000 0.045722 
17000 778.000000 588.000000 1192.000000 0.045765 
17100 784.700012 599.000000 1197.000000 0.045889 
17200 787.799988 601.000000 1199.000000 0.045802 
17300 790.200012 602.000000 1201.000000 0.045676 
17400 796.099976 610.000000 1204.000000 0.045753 
17500 802.799988 612.000000 1222.000000 0.045874 
17600 805.400024 612.000000 1226.000000 0.045761 
17700 810.299988 614.000000 1233.000000 0.045780 
17800 817.200012 626.000000 1238.000000 0.045910 
17900 822.799988 633.000000 1247.000000 0.045966 
18000 826.900024 636.000000 1253.000000 0.045939 
18100 831.500000 644.000000 1262.000000 0.045939 
18200 838.299988 648.000000 1269.000000 0.046060 
18300 841.900024 652.000000 1276.000000 0.046005 
18400 845.299988 656.000000 1280.000000 0.045940 
18500 847.799988 666.000000 1284.000000 0.045827 
18600 851.599976 668.000000 1289.000000 0.045785 
18700 856.200012 667.000000 1295.000000 0.045786 
18800 861.900024 665.000000 1303.000000 0.045846 
18900 865.599976 664.000000 1304.000000 0.045799 
19000 871.500000 666.000000 1311.000000 0.045868 
19100 874.400024 666.000000 1312.000000 0.045780 
19200 879.299988 674.000000 1313.000000 0.045797 
19300 882.000000 676.000000 1319.000000 0.045699 
19400 884.400024 680.000000 1319.000000 0.045588 
19500 887.700012 689.000000 1321.000000 0.045523 
19600 890.099976 690.000000 1321.000000 0.045413 
19700 891.900024 693.000000 1324.000000 0.045274 
19800 898.299988 700.000000 1334.000000 0.045369 
19900 905.000000 704.000000 1342.000000 0.045477 
20000 909.900024 711.000000 1352.000000 0.045495 
20100 914.799988 722.000000 1360.000000 0.045512 
20200 921.400024 729.000000 1371.000000 0.045614 
20300 925.400024 731.000000 1370.000000 0.045586 
20400 927.900024 732.000000 1369.000000 0.045485 
20500 933.200012 734.000000 1369.000000 0.045522 
20600 937.000000 738.000000 1372.000000 0.045485 
20700 941.200012 741.000000 1375.000000 0.045469 
20800 944.000000 743.000000 1375.000000 0.045385 
20900 947.000000 744.000000 1374.000000 0.045311 
21000 952.299988 745.000000 1373.000000 0.045348 
21100 956.500000 748.000000 1374.000000 0.045332 
21200 959.799988 748.000000 1373.000000 0.045274 
21300 963.599976 749.000000 1371.000000 0.045239 
21400 970.799988 761.000000 1371.000000 0.045364 
21500 978.599976 764.000000 1372.000000 0.045516 
21600 987.099976 771.000000 1371.000000 0.045699 
21700 990.799988 772.000000 1371.000000 0.045659 
21800 995.000000 775.000000 1374.000000 0.045642 
21900 999.299988 775.000000 1377.000000 0.045630 
22000 1003.099976 776.000000 1378.000000 0.045595 
22100 1005.500000 783.000000 1380.000000 0.045498 
22200 1010.900024 783.000000 1386.000000 0.045536 
22300 1014.400024 783.000000 1386.000000 0.045489 
22400 1017.000000 782.000000 1385.000000 0.045402 
22500 1022.000000 781.000000 1392.000000 0.045422 
22600 1026.000000 780.000000 1403.000000 0.045398 
22700 1028.599976 780.000000 1411.000000 0.045313 
22800 1032.300049 779.000000 1419.000000 0.045276 
22900 1037.900024 778.000000 1432.000000 0.045323 
23000 1043.599976 777.000000 1436.000000 0.045374 
23100 1049.000000 775.000000 1446.000000 0.045411 
23200 1055.300049 774.000000 1459.000000 0.045487 
23300 1059.199951 773.000000 1463.000000 0.045459 
23400 1063.900024 773.000000 1481.000000 0.045466 
23500 1067.599976 771.000000 1485.000000 0.045430 
23600 1072.199951 771.000000 1494.000000 0.045432 
23700 1075.300049 770.000000 1497.000000 0.045371 
23800 1079.699951 771.000000 1504.000000 0.045366 
23900 1083.000000 773.000000 1513.000000 0.045314 
24000 1086.099976 779.000000 1519.000000 0.045254 
24100 1092.199951 790.000000 1525.000000 0.045320 
24200 1097.300049 794.000000 1532.000000 0.045343 
24300 1102.900024 803.000000 1536.000000 0.045387 
24400 1105.300049 806.000000 1538.000000 0.045299 
24500 1113.599976 822.000000 1550.000000 0.045453 
24600 1118.099976 828.000000 1560.000000 0.045451 
24700 1122.400024 830.000000 1565.000000 0.045441 
24800 1127.199951 836.000000 1572.000000 0.045452 
24900 1130.400024 840.000000 1573.000000 0.045398 
25000 1135.199951 854.000000 1574.000000 0.045408 
25100 1141.199951 858.000000 1579.000000 0.045466 
25200 1146.300049 866.000000 1586.000000 0.045488 
25300 1150.400024 879.000000 1592.000000 0.045470 
25400 1157.500000 884.000000 1598.000000 0.045571 
25500 1161.000000 888.000000 1610.000000 0.045529 
25600 1166.300049 890.000000 1630.000000 0.045559 
25700 1172.699951 895.000000 1641.000000 0.045630 
25800 1179.500000 899.000000 1654.000000 0.045717 
25900 1184.300049 910.000000 1657.000000 0.045726 
26000 1188.199951 913.000000 1662.000000 0.045700 
26100 1192.900024 921.000000 1671.000000 0.045705 
26200 1199.000000 930.000000 1682.000000 0.045763 
26300 1204.599976 934.000000 1689.000000 0.045802 
26400 1210.900024 943.000000 1693.000000 0.045867 
26500 1214.099976 944.000000 1699.000000 0.045815 
26600 1220.300049 946.000000 1706.000000 0.045876 
26700 1226.400024 946.000000 1720.000000 0.045933 
26800 1230.500000 956.000000 1719.000000 0.045914 
26900 1234.800049 958.000000 1734.000000 0.045903 
27000 1241.400024 963.000000 1744.000000 0.045978 
27100 1245.500000 966.000000 1756.000000 0.045959 
27200 1249.599976 971.000000 1762.000000 0.045941 
27300 1253.199951 975.000000 1773.000000 0.045905 
27400 1257.199951 988.000000 1776.000000 0.045883 
27500 1259.800049 988.000000 1783.000000 0.045811 
27600 1263.500000 1000.000000 1792.000000 0.045779 
27700 1268.500000 1006.000000 1802.000000 0.045794 
27800 1274.699951 1014.000000 1811.000000 0.045853 
27900 1279.500000 1018.000000 1820.000000 0.045860 
28000 1284.599976 1018.000000 1826.000000 0.045879 
28100 1288.800049 1023.000000 1826.000000 0.045865 
28200 1294.199951 1025.000000 1832.000000 0.045894 
28300 1297.000000 1026.000000 1839.000000 0.045830 
28400 1300.000000 1026.000000 1839.000000 0.045775 
28500 1302.800049 1029.000000 1848.000000 0.045712 
28600 1305.400024 1030.000000 1854.000000 0.045643 
28700 1309.199951 1040.000000 1862.000000 0.045617 
28800 1311.300049 1041.000000 1869.000000 0.045531 
28900 1316.500000 1049.000000 1878.000000 0.045554 
29000 1319.900024 1060.000000 1884.000000 0.045514 
29100 1323.000000 1062.000000 1891.000000 0.045464 
29200 1326.099976 1069.000000 1899.000000 0.045414 
29300 1328.599976 1070.000000 1900.000000 0.045345 
29400 1331.300049 1071.000000 1904.000000 0.045282 
29500 1336.500000 1074.000000 1913.000000 0.045305 
29600 1341.900024 1081.000000 1919.000000 0.045334 
29700 1345.800049 1084.000000 1922.000000 0.045313 
29800 1348.699951 1091.000000 1921.000000 0.045258 
29900 1351.099976 1094.000000 1923.000000 0.045187 
30000 1353.000000 1096.000000 1928.000000 0.045100 
30100 1355.599976 1100.000000 1931.000000 0.045037 
30200 1358.000000 1108.000000 1931.000000 0.044967 
30300 1360.000000 1115.000000 1935.000000 0.044884 
30400 1363.400024 1121.000000 1936.000000 0.044849 
30500 1365.900024 1127.000000 1938.000000 0.044784 
30600 1369.199951 1132.000000 1941.000000 0.044745 
30700 1372.400024 1141.000000 1945.000000 0.044704 
30800 1375.599976 1148.000000 1948.000000 0.044662 
30900 1381.800049 1156.000000 1959.000000 0.044718 
31000 1385.800049 1161.000000 1962.000000 0.044703 
31100 1387.500000 1163.000000 1961.000000 0.044614 
31200 1390.300049 1169.000000 1960.000000 0.044561 
31300 1393.300049 1172.000000 1962.000000 0.044514 
31400 1395.599976 1172.000000 1970.000000 0.044446 
31500 1398.400024 1172.000000 1976.000000 0.044394 
31600 1400.400024 1172.000000 1978.000000 0.044316 
31700 1404.000000 1171.000000 1979.000000 0.044290 
31800 1409.099976 1174.000000 1985.000000 0.044311 
31900 1414.400024 1177.000000 1988.000000 0.044339 
32000 1419.300049 1178.000000 1993.000000 0.044353 
32100 1425.400024 1184.000000 2001.000000 0.044405 
32200 1428.800049 1185.000000 2000.000000 0.044373 
32300 1431.699951 1188.000000 1998.000000 0.044325 
32400 1434.500000 1189.000000 1998.000000 0.044275 
32500 1439.699951 1198.000000 1997.000000 0.044298 
32600 1443.000000 1202.000000 1996.000000 0.044264 
32700 1449.699951 1212.000000 2003.000000 0.044333 
32800 1453.500000 1215.000000 2013.000000 0.044314 
32900 1457.900024 1217.000000 2019.000000 0.044313 
33000 1466.199951 1227.000000 2029.000000 0.044430 
33100 1470.000000 1228.000000 2030.000000 0.044411 
33200 1473.699951 1229.000000 2033.000000 0.044389 
33300 1478.400024 1240.000000 2034.000000 0.044396 
33400 1484.400024 1252.000000 2036.000000 0.044443 
33500 1487.099976 1254.000000 2038.000000 0.044391 
33600 1494.199951 1267.000000 2044.000000 0.044470 
33700 1498.400024 1272.000000 2051.000000 0.044463 
33800 1502.699951 1273.000000 2056.000000 0.044459 
33900 1508.699951 1276.000000 2056.000000 0.044504 
34000 1514.300049 1279.000000 2062.000000 0.044538 
34100 1519.699951 1288.000000 2065.000000 0.044566 
34200 1524.400024 1293.000000 2073.000000 0.044573 
34300 1529.099976 1292.000000 2078.000000 0.044580 
34400 1533.099976 1291.000000 2081.000000 0.044567 
34500 1540.199951 1294.000000 2090.000000 0.044643 
34600 1546.000000 1298.000000 2097.000000 0.044682 
34700 1553.099976 1302.000000 2101.000000 0.044758 
34800 1556.800049 1302.000000 2101.000000 0.044736 
34900 1561.599976 1305.000000 2102.000000 0.044745 
35000 1565.500000 1307.000000 2103.000000 0.044729 
35100 1568.900024 1307.000000 2105.000000 0.044698 
35200 1571.400024 1307.000000 2103.000000 0.044642 
35300 1575.400024 1310.000000 2107.000000 0.044629 
35400 1577.900024 1312.000000 2107.000000 0.044573 
35500 1580.300049 1314.000000 2107.000000 0.044515 
35600 1586.199951 1315.000000 2111.000000 0.044556 
35700 1590.199951 1315.000000 2111.000000 0.044543 
35800 1594.900024 1319.000000 2120.000000 0.044550 
35900 1601.199951 1321.000000 2127.000000 0.044602 
36000 1604.599976 1327.000000 2129.000000 0.044572 
36100 1610.599976 1331.000000 2129.000000 0.044615 
36200 1614.000000 1332.000000 2139.000000 0.044586 
36300 1618.300049 1333.000000 2143.000000 0.044581 
36400 1621.900024 1333.000000 2147.000000 0.044558 
36500 1626.599976 1344.000000 2149.000000 0.044564 
36600 1629.800049 1350.000000 2151.000000 0.044530 
36700 1636.400024 1362.000000 2153.000000 0.044589 
36800 1641.800049 1366.000000 2165.000000 0.044614 
36900 1645.000000 1373.000000 2170.000000 0.044580 
37000 1648.599976 1376.000000 2175.000000 0.044557 
37100 1651.500000 1376.000000 2183.000000 0.044515 
37200 1655.199951 1379.000000 2186.000000 0.044495 
37300 1658.199951 1385.000000 2187.000000 0.044456 
37400 1661.699951 1388.000000 2197.000000 0.044430 
37500 1664.800049 1399.000000 2201.000000 0.044395 
37600 1668.500000 1399.000000 2204.000000 0.044375 
37700 1672.699951 1402.000000 2206.000000 0.044369 
37800 1675.099976 1402.000000 2214.000000 0.044315 
37900 1680.300049 1403.000000 2224.000000 0.044335 
38000 1683.300049 1403.000000 2228.000000 0.044297 
38100 1686.199951 1405.000000 2236.000000 0.044257 
38200 1689.900024 1406.000000 2242.000000 0.044238 
38300 1695.500000 1406.000000 2245.000000 0.044269 
38400 1697.400024 1405.000000 2246.000000 0.044203 
38500 1701.800049 1409.000000 2252.000000 0.044203 
38600 1705.300049 1409.000000 2260.000000 0.044179 
38700 1710.800049 1415.000000 2267.000000 0.044207 
38800 1715.000000 1421.000000 2274.000000 0.044201 
38900 1717.800049 1421.000000 2278.000000 0.044159 
39000 1720.000000 1419.000000 2285.000000 0.044103 
39100 1725.699951 1422.000000 2289.000000 0.044136 
39200 1731.500000 1423.000000 2290.000000 0.044171 
39300 1734.599976 1422.000000 2302.000000 0.044137 
39400 1738.500000 1430.000000 2302.000000 0.044124 
39500 1741.300049 1431.000000 2304.000000 0.044084 
39600 1743.500000 1434.000000 2304.000000 0.044028 
39700 1747.900024 1438.000000 2309.000000 0.044028 
39800 1751.099976 1441.000000 2309.000000 0.043997 
39900 1755.199951 1445.000000 2312.000000 0.043990 
40000 1759.000000 1447.000000 2314.000000 0.043975 
40100 1762.900024 1451.000000 2314.000000 0.043963 
40200 1770.300049 1460.000000 2323.000000 0.044037 
40300 1776.300049 1463.000000 2331.000000 0.044077 
40400 1780.599976 1466.000000 2334.000000 0.044074 
40500 1785.000000 1471.000000 2336.000000 0.044074 
40600 1789.500000 1475.000000 2338.000000 0.044076 
40700 1793.300049 1484.000000 2338.000000 0.044061 
40800 1797.300049 1491.000000 2338.000000 0.044051 
40900 1802.500000 1498.000000 2338.000000 0.044071 
41000 1805.800049 1507.000000 2340.000000 0.044044 
41100 1810.599976 1509.000000 2347.000000 0.044054 
41200 1816.000000 1509.000000 2355.000000 0.044078 
41300 1819.400024 1509.000000 2355.000000 0.044053 
41400 1821.800049 1509.000000 2355.000000 0.044005 
41500 1825.300049 1510.000000 2354.000000 0.043983 
41600 1831.699951 1519.000000 2364.000000 0.044031 
41700 1837.199951 1519.000000 2368.000000 0.044058 
41800 1841.400024 1518.000000 2369.000000 0.044053 
41900 1844.500000 1522.000000 2370.000000 0.044021 
42000 1848.800049 1527.000000 2373.000000 0.044019 
42100 1854.599976 1544.000000 2374.000000 0.044052 
42200 1858.500000 1548.000000 2374.000000 0.044040 
42300 1861.800049 1549.000000 2387.000000 0.044014 
42400 1865.599976 1551.000000 2388.000000 0.044000 
42500 1868.800049 1553.000000 2389.000000 0.043972 
42600 1871.900024 1558.000000 2393.000000 0.043941 
42700 1877.300049 1558.000000 2395.000000 0.043965 
42800 1881.500000 1562.000000 2396.000000 0.043960 
42900 1884.099976 1565.000000 2396.000000 0.043918 
43000 1892.099976 1573.000000 2395.000000 0.044002 
43100 1897.800049 1581.000000 2395.000000 0.044032 
43200 1901.000000 1581.000000 2398.000000 0.044005 
43300 1904.500000 1583.000000 2399.000000 0.043984 
43400 1910.900024 1583.000000 2410.000000 0.044030 
43500 1916.000000 1589.000000 2421.000000 0.044046 
43600 1920.000000 1597.000000 2423.000000 0.044037 
43700 1926.099976 1606.000000 2428.000000 0.044076 
43800 1935.800049 1617.000000 2440.000000 0.044196 
43900 1941.400024 1621.000000 2445.000000 0.044223 
44000 1946.000000 1629.000000 2445.000000 0.044227 
44100 1951.500000 1640.000000 2443.000000 0.044252 
44200 1957.699951 1644.000000 2443.000000 0.044292 
44300 1963.400024 1645.000000 2445.000000 0.044321 
44400 1969.500000 1652.000000 2453.000000 0.044358 
44500 1975.900024 1658.000000 2458.000000 0.044402 
44600 1979.699951 1664.000000 2458.000000 0.044388 
44700 1983.099976 1669.000000 2461.000000 0.044365 
44800 1985.099976 1671.000000 2462.000000 0.044310 
44900 1987.300049 1676.000000 2466.000000 0.044261 
45000 1990.400024 1678.000000 2469.000000 0.044231 
45100 1992.900024 1678.000000 2470.000000 0.044188 
45200 1999.000000 1694.000000 2473.000000 0.044226 
45300 2003.099976 1701.000000 2473.000000 0.044219 
45400 2007.800049 1709.000000 2473.000000 0.044225 
45500 2011.800049 1709.000000 2487.000000 0.044215 
45600 2019.500000 1719.000000 2491.000000 0.044287 
45700 2026.599976 1729.000000 2504.000000 0.044346 
45800 2030.599976 1728.000000 2505.000000 0.044336 
45900 2036.300049 1732.000000 2516.000000 0.044364 
46000 2038.900024 1734.000000 2517.000000 0.044324 
46100 2043.300049 1736.000000 2520.000000 0.044323 
46200 2046.000000 1734.000000 2526.000000 0.044286 
46300 2050.600098 1737.000000 2526.000000 0.044289 
46400 2059.600098 1754.000000 2533.000000 0.044388 
46500 2067.699951 1757.000000 2545.000000 0.044467 
46600 2073.699951 1760.000000 2559.000000 0.044500 
46700 2077.699951 1764.000000 2567.000000 0.044490 
46800 2083.500000 1774.000000 2570.000000 0.044519 
46900 2089.699951 1774.000000 2583.000000 0.044557 
47000 2093.300049 1780.000000 2583.000000 0.044538 
47100 2097.199951 1792.000000 2584.000000 0.044527 
47200 2102.000000 1794.000000 2592.000000 0.044534 
47300 2106.899902 1798.000000 2591.000000 0.044543 
47400 2111.300049 1799.000000 2598.000000 0.044542 
47500 2118.600098 1813.000000 2606.000000 0.044602 
47600 2126.500000 1812.000000 2612.000000 0.044674 
47700 2131.000000 1817.000000 2616.000000 0.044675 
47800 2135.399902 1828.000000 2628.000000 0.044674 
47900 2140.899902 1831.000000 2635.000000 0.044695 
48000 2145.800049 1837.000000 2644.000000 0.044704 
48100 2150.500000 1838.000000 2644.000000 0.044709 
48200 2153.100098 1841.000000 2650.000000 0.044670 
48300 2155.199951 1841.000000 2654.000000 0.044621 
48400 2158.000000 1845.000000 2654.000000 0.044587 
48500 2160.800049 1845.000000 2654.000000 0.044553 
48600 2166.699951 1847.000000 2661.000000 0.044582 
48700 2170.899902 1847.000000 2665.000000 0.044577 
48800 2176.800049 1859.000000 2672.000000 0.044607 
48900 2181.500000 1865.000000 2684.000000 0.044611 
49000 2185.699951 1868.000000 2688.000000 0.044606 
49100 2189.199951 1874.000000 2690.000000 0.044587 
49200 2191.300049 1878.000000 2690.000000 0.044539 
49300 2195.199951 1884.000000 2690.000000 0.044527 
49400 2199.199951 1887.000000 2696.000000 0.044518 
49500 2204.000000 1894.000000 2701.000000 0.044525 
49600 2208.300049 1897.000000 2702.000000 0.044522 
49700 2211.300049 1907.000000 2702.000000 0.044493 
49800 2216.500000 1916.000000 2704.000000 0.044508 
49900 2221.399902 1918.000000 2714.000000 0.044517 
