0 0.000000 0.000000 0.000000 0.000000 
100 0.000000 -2.000000 3.000000 0.000000 
200 1.900000 -1.000000 7.000000 0.009500 
300 5.700000 -1.000000 14.000000 0.019000 
400 8.500000 -2.000000 17.000000 0.021250 
500 11.700000 -2.000000 23.000000 0.023400 
600 16.799999 2.000000 31.000000 0.028000 
700 22.200001 3.000000 47.000000 0.031714 
800 25.299999 2.000000 53.000000 0.031625 
900 28.900000 1.000000 59.000000 0.032111 
1000 32.400002 -1.000000 66.000000 0.032400 
1100 39.299999 -1.000000 79.000000 0.035727 
1200 46.400002 3.000000 103.000000 0.038667 
1300 53.299999 8.000000 118.000000 0.041000 
1400 57.099998 9.000000 120.000000 0.040786 
1500 59.900002 10.000000 125.000000 0.039933 
1600 66.199997 15.000000 138.000000 0.041375 
1700 70.000000 19.000000 142.000000 0.041176 
1800 73.699997 22.000000 152.000000 0.040944 
1900 77.400002 29.000000 154.000000 0.040737 
2000 83.300003 31.000000 159.000000 0.041650 
2100 92.000000 37.000000 176.000000 0.043810 
2200 96.500000 38.000000 181.000000 0.043864 
2300 103.900002 50.000000 185.000000 0.045174 
2400 111.400002 61.000000 191.000000 0.046417 
2500 115.900002 62.000000 197.000000 0.046360 
2600 121.099998 63.000000 203.000000 0.046577 
2700 126.400002 68.000000 211.000000 0.046815 
2800 133.500000 78.000000 224.000000 0.047679 
2900 137.899994 81.000000 233.000000 0.047552 
3000 144.100006 86.000000 245.000000 0.048033 
3100 148.399994 88.000000 249.000000 0.047871 
3200 151.399994 90.000000 249.000000 0.047312 
3300 153.399994 92.000000 258.000000 0.046485 
3400 158.000000 94.000000 267.000000 0.046471 
3500 161.399994 94.000000 268.000000 0.046114 
3600 168.399994 99.000000 277.000000 0.046778 
3700 174.100006 100.000000 294.000000 0.047054 
3800 176.000000 108.000000 294.000000 0.046316 
3900 180.199997 114.000000 300.000000 0.046205 
4000 183.199997 115.000000 304.000000 0.045800 
4100 188.199997 125.000000 309.000000 0.045902 
4200 192.699997 137.000000 323.000000 0.045881 
4300 195.699997 138.000000 328.000000 0.045512 
4400 197.600006 139.000000 328.000000 0.044909 
4500 204.199997 143.000000 332.000000 0.045378 
4600 208.899994 151.000000 334.000000 0.045413 
4700 214.100006 153.000000 357.000000 0.045553 
4800 220.000000 157.000000 368.000000 0.045833 
4900 223.199997 168.000000 370.000000 0.045551 
5000 227.199997 173.000000 374.000000 0.045440 
5100 231.600006 183.000000 379.000000 0.045412 
5200 237.199997 190.000000 383.000000 0.045615 
5300 240.699997 191.000000 390.000000 0.045415 
5400 246.699997 191.000000 398.000000 0.045685 
5500 251.899994 195.000000 403.000000 0.045800 
5600 258.200012 196.000000 409.000000 0.046107 
5700 262.500000 197.000000 411.000000 0.046053 
5800 265.000000 199.000000 415.000000 0.045690 
5900 271.600006 204.000000 422.000000 0.046034 
6000 276.000000 208.000000 423.000000 0.046000 
6100 279.200012 207.000000 423.000000 0.045770 
6200 283.000000 207.000000 430.000000 0.045645 
6300 286.299988 207.000000 433.000000 0.045444 
6400 290.700012 207.000000 433.000000 0.045422 
6500 294.700012 211.000000 436.000000 0.045338 
6600 298.299988 213.000000 438.000000 0.045197 
6700 302.200012 220.000000 442.000000 0.045104 
6800 305.399994 224.000000 442.000000 0.044912 
6900 309.600006 232.000000 444.000000 0.044870 
7000 313.799988 238.000000 449.000000 0.044829 
7100 318.299988 249.000000 453.000000 0.044831 
7200 323.299988 251.000000 457.000000 0.044903 
7300 326.899994 252.000000 460.000000 0.044781 
7400 330.500000 250.000000 463.000000 0.044662 
7500 336.100006 256.000000 471.000000 0.044813 
7600 339.500000 255.000000 474.000000 0.044671 
7700 341.899994 255.000000 475.000000 0.044403 
7800 345.700012 260.000000 480.000000 0.044321 
7900 350.399994 272.000000 483.000000 0.044354 
8000 355.799988 285.000000 482.000000 0.044475 
8100 358.000000 286.000000 481.000000 0.044198 
8200 363.100006 288.000000 480.000000 0.044280 
8300 367.600006 290.000000 485.000000 0.044289 
8400 373.200012 296.000000 485.000000 0.044429 
8500 379.000000 306.000000 486.000000 0.044588 
8600 383.100006 309.000000 485.000000 0.044547 
8700 390.600006 314.000000 487.000000 0.044897 
8800 395.200012 314.000000 485.000000 0.044909 
8900 399.500000 315.000000 483.000000 0.044888 
9000 401.399994 314.000000 481.000000 0.044600 
9100 403.000000 314.000000 481.000000 0.044286 
9200 405.000000 312.000000 480.000000 0.044022 
9300 407.399994 311.000000 479.000000 0.043806 
9400 409.700012 311.000000 477.000000 0.043585 
9500 413.299988 314.000000 480.000000 0.043505 
9600 416.100006 315.000000 483.000000 0.043344 
9700 421.200012 321.000000 489.000000 0.043423 
9800 425.500000 321.000000 492.000000 0.043418 
9900 428.899994 327.000000 501.000000 0.043323 
10000 430.200012 329.000000 503.000000 0.043020 
10100 434.000000 329.000000 521.000000 0.042970 
10200 436.000000 333.000000 526.000000 0.042745 
10300 439.200012 334.000000 542.000000 0.042641 
10400 441.600006 335.000000 549.000000 0.042462 
10500 446.700012 339.000000 559.000000 0.042543 
10600 450.399994 339.000000 569.000000 0.042491 
10700 456.399994 342.000000 573.000000 0.042654 
10800 461.100006 346.000000 584.000000 0.042694 
10900 464.500000 349.000000 597.000000 0.042615 
11000 471.000000 358.000000 605.000000 0.042818 
11100 476.899994 373.000000 611.000000 0.042964 
11200 485.000000 387.000000 625.000000 0.043304 
11300 489.000000 393.000000 635.000000 0.043274 
11400 493.000000 402.000000 635.000000 0.043246 
11500 497.299988 409.000000 639.000000 0.043243 
11600 502.899994 426.000000 644.000000 0.043353 
11700 508.100006 433.000000 654.000000 0.043427 
11800 511.600006 436.000000 652.000000 0.043356 
11900 515.400024 439.000000 654.000000 0.043311 
12000 521.599976 439.000000 676.000000 0.043467 
12100 524.700012 446.000000 682.000000 0.043364 
12200 528.099976 449.000000 694.000000 0.043287 
12300 533.000000 452.000000 700.000000 0.043333 
12400 539.200012 462.000000 711.000000 0.043484 
12500 544.700012 471.000000 722.000000 0.043576 
12600 550.099976 477.000000 739.000000 0.043659 
12700 556.099976 483.000000 748.000000 0.043787 
12800 560.400024 484.000000 760.000000 0.043781 
12900 564.200012 485.000000 765.000000 0.043736 
13000 569.299988 488.000000 769.000000 0.043792 
13100 575.200012 493.000000 784.000000 0.043908 
13200 580.200012 497.000000 800.000000 0.043955 
13300 586.400024 512.000000 809.000000 0.044090 
13400 590.799988 514.000000 815.000000 0.044090 
13500 595.799988 518.000000 819.000000 0.044133 
13600 599.400024 517.000000 829.000000 0.044074 
13700 603.599976 522.000000 835.000000 0.044058 
13800 609.299988 527.000000 842.000000 0.044152 
13900 615.799988 537.000000 846.000000 0.044302 
14000 621.500000 545.000000 853.000000 0.044393 
14100 624.400024 552.000000 856.000000 0.044284 
14200 629.200012 563.000000 860.000000 0.044310 
14300 633.099976 565.000000 869.000000 0.044273 
14400 636.599976 573.000000 869.000000 0.044208 
14500 639.599976 576.000000 869.000000 0.044110 
14600 645.599976 579.000000 891.000000 0.044219 
14700 652.200012 589.000000 904.000000 0.044367 
14800 659.000000 595.000000 905.000000 0.044527 
14900 662.900024 599.000000 909.000000 0.044490 
15000 670.000000 602.000000 912.000000 0.044667 
15100 678.599976 616.000000 917.000000 0.044940 
15200 685.599976 618.000000 930.000000 0.045105 
15300 689.099976 625.000000 934.000000 0.045039 
15400 694.299988 630.000000 944.000000 0.045084 
15500 698.000000 631.000000 955.000000 0.045032 
15600 703.700012 632.000000 967.000000 0.045109 
15700 710.099976 636.000000 971.000000 0.045229 
15800 714.000000 646.000000 970.000000 0.045190 
15900 717.299988 652.000000 972.000000 0.045113 
16000 721.599976 665.000000 980.000000 0.045100 
16100 725.400024 667.000000 985.000000 0.045056 
16200 729.099976 668.000000 1000.000000 0.045006 
16300 731.900024 671.000000 1001.000000 0.044902 
16400 736.299988 677.000000 1007.000000 0.044896 
16500 740.500000 678.000000 1014.000000 0.044879 
16600 745.000000 684.000000 1015.000000 0.044880 
16700 749.400024 685.000000 1019.000000 0.044874 
16800 754.299988 689.000000 1020.000000 0.044899 
16900 759.000000 689.000000 1019.000000 0.044911 
17000 765.099976 688.000000 1018.000000 0.045006 
17100 770.000000 688.000000 1018.000000 0.045029 
17200 774.099976 686.000000 1016.000000 0.045006 
17300 779.299988 684.000000 1016.000000 0.045046 
17400 784.599976 685.000000 1021.000000 0.045092 
17500 788.900024 685.000000 1029.000000 0.045080 
17600 793.099976 693.000000 1037.000000 0.045062 
17700 796.500000 698.000000 1040.000000 0.045000 
17800 800.000000 698.000000 1043.000000 0.044944 
17900 803.599976 699.000000 1051.000000 0.044894 
18000 807.000000 705.000000 1055.000000 0.044833 
18100 811.799988 708.000000 1070.000000 0.044851 
18200 817.299988 709.000000 1070.000000 0.044907 
18300 820.599976 716.000000 1071.000000 0.044842 
18400 826.700012 726.000000 1074.000000 0.044929 
18500 830.500000 735.000000 1077.000000 0.044892 
18600 836.599976 740.000000 1080.000000 0.044978 
18700 843.400024 757.000000 1085.000000 0.045102 
18800 848.900024 760.000000 1090.000000 0.045154 
18900 855.400024 765.000000 1101.000000 0.045259 
19000 859.500000 770.000000 1107.000000 0.045237 
19100 863.099976 779.000000 1109.000000 0.045188 
19200 867.900024 783.000000 1115.000000 0.045203 
19300 873.599976 786.000000 1119.000000 0.045264 
19400 878.099976 787.000000 1122.000000 0.045263 
19500 882.799988 787.000000 1128.000000 0.045272 
19600 886.299988 786.000000 1129.000000 0.045219 
19700 891.000000 788.000000 1137.000000 0.045228 
19800 895.099976 789.000000 1141.000000 0.045207 
19900 897.200012 788.000000 1142.000000 0.045085 
20000 900.299988 793.000000 1142.000000 0.045015 
20100 905.400024 795.000000 1144.000000 0.045045 
20200 907.200012 795.000000 1144.000000 0.044911 
20300 911.700012 795.000000 1148.000000 0.044911 
20400 916.400024 804.000000 1149.000000 0.044922 
20500 920.700012 813.000000 1149.000000 0.044912 
20600 924.900024 816.000000 1148.000000 0.044898 
20700 929.000000 818.000000 1151.000000 0.044879 
20800 933.500000 823.000000 1154.000000 0.044880 
20900 937.799988 833.000000 1153.000000 0.044871 
21000 942.299988 840.000000 1153.000000 0.044871 
21100 945.200012 840.000000 1152.000000 0.044796 
21200 949.900024 841.000000 1151.000000 0.044807 
21300 953.299988 845.000000 1149.000000 0.044756 
21400 956.599976 845.000000 1149.000000 0.044701 
21500 960.799988 852.000000 1152.000000 0.044688 
21600 965.799988 851.000000 1166.000000 0.044713 
21700 970.000000 856.000000 1169.000000 0.044700 
21800 973.700012 859.000000 1174.000000 0.044665 
21900 976.000000 858.000000 1176.000000 0.044566 
22000 980.500000 858.000000 1179.000000 0.044568 
22100 985.000000 859.000000 1184.000000 0.044570 
22200 988.299988 864.000000 1184.000000 0.044518 
22300 990.500000 866.000000 1185.000000 0.044417 
22400 995.299988 869.000000 1192.000000 0.044433 
22500 996.799988 874.000000 1195.000000 0.044302 
22600 1000.400024 876.000000 1200.000000 0.044265 
22700 1002.799988 889.000000 1203.000000 0.044176 
22800 1007.400024 900.000000 1207.000000 0.044184 
22900 1012.700012 900.000000 1209.000000 0.044223 
23000 1017.200012 909.000000 1207.000000 0.044226 
23100 1024.400024 914.000000 1206.000000 0.044346 
23200 1026.400024 915.000000 1205.000000 0.044241 
23300 1032.900024 926.000000 1204.000000 0.044330 
23400 1036.500000 929.000000 1205.000000 0.044295 
23500 1040.900024 938.000000 1207.000000 0.044294 
23600 1045.199951 937.000000 1215.000000 0.044288 
23700 1048.000000 937.000000 1220.000000 0.044219 
23800 1052.900024 943.000000 1228.000000 0.044239 
23900 1057.099976 952.000000 1230.000000 0.044230 
24000 1062.300049 956.000000 1242.000000 0.044263 
24100 1067.300049 964.000000 1250.000000 0.044286 
24200 1070.300049 969.000000 1253.000000 0.044227 
24300 1073.900024 970.000000 1264.000000 0.044193 
24400 1077.599976 973.000000 1268.000000 0.044164 
24500 1084.099976 984.000000 1283.000000 0.044249 
24600 1088.500000 989.000000 1289.000000 0.044248 
24700 1095.500000 996.000000 1298.000000 0.044352 
24800 1100.199951 1001.000000 1304.000000 0.044363 
24900 1103.800049 1004.000000 1315.000000 0.044329 
25000 1108.699951 1003.000000 1329.000000 0.044348 
25100 1112.199951 1004.000000 1349.000000 0.044311 
25200 1114.900024 1003.000000 1357.000000 0.044242 
25300 1119.199951 1002.000000 1363.000000 0.044237 
25400 1125.199951 1005.000000 1374.000000 0.044299 
25500 1129.699951 1010.000000 1392.000000 0.044302 
25600 1134.300049 1025.000000 1399.000000 0.044309 
25700 1139.800049 1031.000000 1406.000000 0.044350 
25800 1143.400024 1034.000000 1410.000000 0.044318 
25900 1148.000000 1043.000000 1421.000000 0.044324 
26000 1150.099976 1044.000000 1421.000000 0.044235 
26100 1153.800049 1046.000000 1425.000000 0.044207 
26200 1157.400024 1047.000000 1423.000000 0.044176 
26300 1161.300049 1047.000000 1429.000000 0.044156 
26400 1164.699951 1050.000000 1438.000000 0.044117 
26500 1167.699951 1052.000000 1437.000000 0.044064 
26600 1172.900024 1055.000000 1437.000000 0.044094 
26700 1178.000000 1059.000000 1439.000000 0.044120 
26800 1182.000000 1059.000000 1447.000000 0.044104 
26900 1185.099976 1063.000000 1449.000000 0.044056 
27000 1190.099976 1071.000000 1456.000000 0.044078 
27100 1195.699951 1073.000000 1459.000000 0.044122 
27200 1201.800049 1081.000000 1464.000000 0.044184 
27300 1206.699951 1088.000000 1472.000000 0.044201 
27400 1212.199951 1094.000000 1483.000000 0.044241 
27500 1217.000000 1099.000000 1489.000000 0.044255 
27600 1222.400024 1107.000000 1497.000000 0.044290 
27700 1228.599976 1112.000000 1513.000000 0.044354 
27800 1234.800049 1126.000000 1519.000000 0.044417 
27900 1238.300049 1132.000000 1528.000000 0.044384 
28000 1242.000000 1137.000000 1533.000000 0.044357 
28100 1247.900024 1137.000000 1549.000000 0.044409 
28200 1250.699951 1136.000000 1557.000000 0.044351 
28300 1254.300049 1135.000000 1576.000000 0.044322 
28400 1258.800049 1133.000000 1580.000000 0.044324 
28500 1264.699951 1133.000000 1592.000000 0.044375 
28600 1268.400024 1137.000000 1600.000000 0.044350 
28700 1274.300049 1140.000000 1609.000000 0.044401 
28800 1281.599976 1152.000000 1623.000000 0.044500 
28900 1284.099976 1152.000000 1626.000000 0.044433 
29000 1287.900024 1156.000000 1636.000000 0.044410 
29100 1294.099976 1170.000000 1649.000000 0.044471 
29200 1297.900024 1170.000000 1659.000000 0.044449 
29300 1301.699951 1174.000000 1668.000000 0.044427 
29400 1306.000000 1181.000000 1679.000000 0.044422 
29500 1309.099976 1190.000000 1688.000000 0.044376 
29600 1312.300049 1196.000000 1700.000000 0.044334 
29700 1316.300049 1195.000000 1707.000000 0.044320 
29800 1320.500000 1194.000000 1713.000000 0.044312 
29900 1326.300049 1198.000000 1726.000000 0.044358 
30000 1330.300049 1205.000000 1734.000000 0.044343 
30100 1334.500000 1206.000000 1741.000000 0.044336 
30200 1340.500000 1218.000000 1750.000000 0.044387 
30300 1345.400024 1219.000000 1755.000000 0.044403 
30400 1351.300049 1225.000000 1766.000000 0.044451 
30500 1354.400024 1227.000000 1769.000000 0.044407 
30600 1363.900024 1238.000000 1782.000000 0.044572 
30700 1368.199951 1239.000000 1788.000000 0.044567 
30800 1374.300049 1245.000000 1788.000000 0.044620 
30900 1382.699951 1259.000000 1787.000000 0.044748 
31000 1389.199951 1270.000000 1788.000000 0.044813 
31100 1395.500000 1278.000000 1788.000000 0.044871 
31200 1402.699951 1282.000000 1790.000000 0.044958 
31300 1407.800049 1291.000000 1795.000000 0.044978 
31400 1414.699951 1297.000000 1804.000000 0.045054 
31500 1419.800049 1301.000000 1806.000000 0.045073 
31600 1424.800049 1304.000000 1809.000000 0.045089 
31700 1426.500000 1303.000000 1811.000000 0.045000 
31800 1433.000000 1308.000000 1811.000000 0.045063 
31900 1437.699951 1313.000000 1812.000000 0.045069 
32000 1440.699951 1317.000000 1816.000000 0.045022 
32100 1445.099976 1321.000000 1817.000000 0.045019 
32200 1452.500000 1322.000000 1817.000000 0.045109 
32300 1456.900024 1323.000000 1815.000000 0.045105 
32400 1460.900024 1322.000000 1813.000000 0.045090 
32500 1463.699951 1321.000000 1813.000000 0.045037 
32600 1465.900024 1320.000000 1814.000000 0.044966 
32700 1470.699951 1319.000000 1817.000000 0.044976 
32800 1474.699951 1322.000000 1822.000000 0.044960 
32900 1480.400024 1324.000000 1830.000000 0.044997 
33000 1487.099976 1331.000000 1836.000000 0.045064 
33100 1492.400024 1339.000000 1837.000000 0.045088 
33200 1497.300049 1345.000000 1836.000000 0.045099 
33300 1503.099976 1354.000000 1835.000000 0.045138 
33400 1510.800049 1364.000000 1837.000000 0.045234 
33500 1513.400024 1371.000000 1840.000000 0.045176 
33600 1520.900024 1376.000000 1841.000000 0.045265 
33700 1526.699951 1384.000000 1851.000000 0.045303 
33800 1529.500000 1388.000000 1853.000000 0.045251 
33900 1532.400024 1389.000000 1856.000000 0.045204 
34000 1536.000000 1405.000000 1860.000000 0.045176 
34100 1541.900024 1415.000000 1877.000000 0.045217 
34200 1548.400024 1427.000000 1887.000000 0.045275 
34300 1552.199951 1430.000000 1893.000000 0.045254 
34400 1557.000000 1435.000000 1902.000000 0.045262 
34500 1560.900024 1436.000000 1904.000000 0.045243 
34600 1565.099976 1435.000000 1912.000000 0.045234 
34700 1567.800049 1436.000000 1911.000000 0.045182 
34800 1570.800049 1437.000000 1923.000000 0.045138 
34900 1575.300049 1449.000000 1929.000000 0.045138 
35000 1580.400024 1450.000000 1931.000000 0.045154 
35100 1585.500000 1452.000000 1933.000000 0.045171 
35200 1590.300049 1454.000000 1933.000000 0.045179 
35300 1596.300049 1458.000000 1936.000000 0.045221 
35400 1601.699951 1459.000000 1944.000000 0.045246 
35500 1606.900024 1460.000000 1959.000000 0.045265 
35600 1612.300049 1468.000000 1961.000000 0.045289 
35700 1615.400024 1468.000000 1968.000000 0.045249 
35800 1622.300049 1472.000000 1983.000000 0.045316 
35900 1625.199951 1476.000000 1985.000000 0.045270 
36000 1627.800049 1476.000000 1986.000000 0.045217 
36100 1631.599976 1477.000000 1987.000000 0.045197 
36200 1637.400024 1479.000000 1992.000000 0.045232 
36300 1640.000000 1485.000000 1998.000000 0.045179 
36400 1645.000000 1491.000000 1999.000000 0.045192 
36500 1650.800049 1500.000000 2007.000000 0.045227 
36600 1654.500000 1503.000000 2006.000000 0.045205 
36700 1660.500000 1506.000000 2008.000000 0.045245 
36800 1663.699951 1509.000000 2016.000000 0.045209 
36900 1666.500000 1510.000000 2016.000000 0.045163 
37000 1672.599976 1513.000000 2016.000000 0.045205 
37100 1677.699951 1522.000000 2015.000000 0.045221 
37200 1683.400024 1521.000000 2027.000000 0.045253 
37300 1688.199951 1528.000000 2034.000000 0.045260 
37400 1691.699951 1530.000000 2033.000000 0.045233 
37500 1695.300049 1530.000000 2036.000000 0.045208 
37600 1699.500000 1530.000000 2048.000000 0.045199 
37700 1703.400024 1534.000000 2052.000000 0.045183 
37800 1709.599976 1540.000000 2061.000000 0.045228 
37900 1714.099976 1540.000000 2070.000000 0.045227 
38000 1717.699951 1544.000000 2077.000000 0.045203 
38100 1719.900024 1545.000000 2082.000000 0.045142 
38200 1724.199951 1545.000000 2093.000000 0.045136 
38300 1729.699951 1553.000000 2104.000000 0.045162 
38400 1734.099976 1556.000000 2117.000000 0.045159 
38500 1739.699951 1556.000000 2131.000000 0.045187 
38600 1744.300049 1557.000000 2139.000000 0.045189 
38700 1750.199951 1555.000000 2151.000000 0.045225 
38800 1754.699951 1559.000000 2168.000000 0.045224 
38900 1761.400024 1564.000000 2178.000000 0.045280 
39000 1765.900024 1562.000000 2191.000000 0.045279 
39100 1771.599976 1561.000000 2203.000000 0.045309 
39200 1777.099976 1562.000000 2223.000000 0.045334 
39300 1780.300049 1561.000000 2228.000000 0.045300 
39400 1787.000000 1561.000000 2236.000000 0.045355 
39500 1790.900024 1561.000000 2245.000000 0.045339 
39600 1794.500000 1561.000000 2264.000000 0.045316 
39700 1799.199951 1561.000000 2275.000000 0.045320 
39800 1802.199951 1564.000000 2281.000000 0.045281 
39900 1806.500000 1567.000000 2294.000000 0.045276 
40000 1809.900024 1571.000000 2303.000000 0.045247 
40100 1813.699951 1577.000000 2314.000000 0.045229 
40200 1818.199951 1580.000000 2325.000000 0.045229 
40300 1824.000000 1585.000000 2340.000000 0.045261 
40400 1829.500000 1593.000000 2351.000000 0.045285 
40500 1834.599976 1602.000000 2364.000000 0.045299 
40600 1838.900024 1614.000000 2372.000000 0.045293 
40700 1843.699951 1617.000000 2384.000000 0.045300 
40800 1846.400024 1618.000000 2397.000000 0.045255 
40900 1849.500000 1618.000000 2411.000000 0.045220 
41000 1851.500000 1628.000000 2417.000000 0.045159 
41100 1855.300049 1631.000000 2427.000000 0.045141 
41200 1856.199951 1631.000000 2430.000000 0.045053 
41300 1860.800049 1631.000000 2438.000000 0.045056 
41400 1864.300049 1640.000000 2447.000000 0.045031 
41500 1866.800049 1639.000000 2449.000000 0.044983 
41600 1868.900024 1637.000000 2453.000000 0.044925 
41700 1872.099976 1637.000000 2458.000000 0.044894 
41800 1874.300049 1637.000000 2469.000000 0.044840 
41900 1878.199951 1644.000000 2485.000000 0.044826 
42000 1882.599976 1658.000000 2492.000000 0.044824 
42100 1886.000000 1664.000000 2502.000000 0.044798 
42200 1889.099976 1671.000000 2510.000000 0.044765 
42300 1892.500000 1672.000000 2528.000000 0.044740 
42400 1895.900024 1679.000000 2535.000000 0.044715 
42500 1900.699951 1686.000000 2550.000000 0.044722 
42600 1905.000000 1696.000000 2556.000000 0.044718 
42700 1909.300049 1698.000000 2566.000000 0.044714 
42800 1912.800049 1699.000000 2570.000000 0.044692 
42900 1917.199951 1710.000000 2584.000000 0.044690 
43000 1919.800049 1711.000000 2590.000000 0.044647 
43100 1924.099976 1714.000000 2604.000000 0.044643 
43200 1930.400024 1722.000000 2610.000000 0.044685 
43300 1933.699951 1722.000000 2611.000000 0.044658 
43400 1939.300049 1723.000000 2614.000000 0.044684 
43500 1944.199951 1724.000000 2617.000000 0.044694 
43600 1948.800049 1734.000000 2623.000000 0.044697 
43700 1953.800049 1735.000000 2626.000000 0.044709 
43800 1960.199951 1744.000000 2643.000000 0.044753 
43900 1965.900024 1752.000000 2647.000000 0.044781 
44000 1971.699951 1760.000000 2652.000000 0.044811 
44100 1979.300049 1763.000000 2665.000000 0.044882 
44200 1983.099976 1766.000000 2669.000000 0.044867 
44300 1986.800049 1767.000000 2675.000000 0.044849 
44400 1995.300049 1767.000000 2680.000000 0.044939 
44500 2002.400024 1775.000000 2690.000000 0.044998 
44600 2008.599976 1779.000000 2695.000000 0.045036 
44700 2011.900024 1778.000000 2704.000000 0.045009 
44800 2016.400024 1783.000000 2710.000000 0.045009 
44900 2022.500000 1787.000000 2727.000000 0.045045 
45000 2029.300049 1802.000000 2736.000000 0.045096 
45100 2034.099976 1803.000000 2749.000000 0.045102 
45200 2037.800049 1811.000000 2754.000000 0.045084 
45300 2043.400024 1818.000000 2756.000000 0.045108 
45400 2048.500000 1827.000000 2755.000000 0.045121 
45500 2051.399902 1828.000000 2761.000000 0.045086 
45600 2054.800049 1831.000000 2760.000000 0.045061 
45700 2059.699951 1836.000000 2759.000000 0.045070 
45800 2062.100098 1835.000000 2757.000000 0.045024 
45900 2065.899902 1834.000000 2757.000000 0.045009 
46000 2070.699951 1842.000000 2757.000000 0.045015 
46100 2074.600098 1845.000000 2758.000000 0.045002 
46200 2080.000000 1845.000000 2761.000000 0.045022 
46300 2084.899902 1843.000000 2764.000000 0.045030 
46400 2088.100098 1842.000000 2764.000000 0.045002 
46500 2092.300049 1848.000000 2772.000000 0.044996 
46600 2095.600098 1851.000000 2772.000000 0.044970 
46700 2101.399902 1857.000000 2773.000000 0.044998 
46800 2105.199951 1860.000000 2773.000000 0.044983 
46900 2113.600098 1870.000000 2772.000000 0.045066 
47000 2117.699951 1873.000000 2772.000000 0.045057 
47100 2122.000000 1873.000000 2774.000000 0.045053 
47200 2124.800049 1872.000000 2773.000000 0.045017 
47300 2127.500000 1872.000000 2773.000000 0.044979 
47400 2133.800049 1875.000000 2782.000000 0.045017 
47500 2137.000000 1880.000000 2786.000000 0.044989 
47600 2140.899902 1882.000000 2787.000000 0.044977 
47700 2144.399902 1880.000000 2788.000000 0.044956 
47800 2150.000000 1881.000000 2793.000000 0.044979 
47900 2155.500000 1886.000000 2793.000000 0.045000 
48000 2161.600098 1893.000000 2797.000000 0.045033 
48100 2165.500000 1902.000000 2797.000000 0.045021 
48200 2169.300049 1909.000000 2797.000000 0.045006 
48300 2176.899902 1915.000000 2799.000000 0.045070 
48400 2180.899902 1919.000000 2799.000000 0.045060 
48500 2185.500000 1928.000000 2799.000000 0.045062 
48600 2195.300049 1942.000000 2805.000000 0.045171 
48700 2199.199951 1946.000000 2809.000000 0.045158 
48800 2202.300049 1949.000000 2810.000000 0.045129 
48900 2206.100098 1952.000000 2813.000000 0.045115 
49000 2210.699951 1954.000000 2813.000000 0.045116 
49100 2216.100098 1957.000000 2817.000000 0.045134 
49200 2218.000000 1957.000000 2820.000000 0.045081 
49300 2222.000000 1961.000000 2827.000000 0.045071 
49400 2225.000000 1964.000000 2829.000000 0.045040 
49500 2228.399902 1969.000000 2829.000000 0.045018 
49600 2231.699951 1973.000000 2836.000000 0.044994 
49700 2236.699951 1975.000000 2840.000000 0.045004 
49800 2241.300049 1983.000000 2848.000000 0.045006 
49900 2245.300049 1991.000000 2859.000000 0.044996 
