0 0.100000 0.000000 1.000000 0.000000 
100 0.500000 -1.000000 3.000000 0.005000 
200 1.500000 -1.000000 7.000000 0.007500 
300 3.700000 -2.000000 9.000000 0.012333 
400 7.700000 -1.000000 19.000000 0.019250 
500 11.700000 1.000000 26.000000 0.023400 
600 15.800000 1.000000 28.000000 0.026333 
700 19.600000 2.000000 31.000000 0.028000 
800 25.100000 5.000000 40.000000 0.031375 
900 29.200001 12.000000 53.000000 0.032444 
1000 32.599998 12.000000 57.000000 0.032600 
1100 35.000000 13.000000 59.000000 0.031818 
1200 38.700001 14.000000 61.000000 0.032250 
1300 44.400002 14.000000 71.000000 0.034154 
1400 47.700001 15.000000 73.000000 0.034071 
1500 52.500000 17.000000 75.000000 0.035000 
1600 55.299999 20.000000 78.000000 0.034562 
1700 62.000000 27.000000 83.000000 0.036471 
1800 68.599998 37.000000 91.000000 0.038111 
1900 76.000000 41.000000 101.000000 0.040000 
2000 82.699997 45.000000 116.000000 0.041350 
2100 85.699997 47.000000 120.000000 0.040810 
2200 89.199997 52.000000 121.000000 0.040545 
2300 93.099998 54.000000 122.000000 0.040478 
2400 96.699997 56.000000 124.000000 0.040292 
2500 102.599998 61.000000 127.000000 0.041040 
2600 105.300003 64.000000 134.000000 0.040500 
2700 111.099998 64.000000 153.000000 0.041148 
2800 118.599998 70.000000 158.000000 0.042357 
2900 125.500000 74.000000 159.000000 0.043276 
3000 130.300003 74.000000 163.000000 0.043433 
3100 134.500000 78.000000 166.000000 0.043387 
3200 141.300003 80.000000 172.000000 0.044156 
3300 149.300003 88.000000 179.000000 0.045242 
3400 153.500000 88.000000 185.000000 0.045147 
3500 157.899994 87.000000 199.000000 0.045114 
3600 165.500000 92.000000 207.000000 0.045972 
3700 172.300003 102.000000 216.000000 0.046568 
3800 178.100006 104.000000 223.000000 0.046868 
3900 183.000000 114.000000 227.000000 0.046923 
4000 188.500000 115.000000 235.000000 0.047125 
4100 195.600006 116.000000 255.000000 0.047707 
4200 202.800003 119.000000 269.000000 0.048286 
4300 208.500000 121.000000 278.000000 0.048488 
4400 211.899994 122.000000 290.000000 0.048159 
4500 216.399994 125.000000 295.000000 0.048089 
4600 224.500000 134.000000 307.000000 0.048804 
4700 230.699997 143.000000 321.000000 0.049085 
4800 234.300003 154.000000 323.000000 0.048813 
4900 237.600006 155.000000 325.000000 0.048490 
5000 242.399994 157.000000 335.000000 0.048480 
5100 245.199997 162.000000 336.000000 0.048078 
5200 251.699997 172.000000 340.000000 0.048404 
5300 255.800003 174.000000 346.000000 0.048264 
5400 257.799988 178.000000 348.000000 0.047741 
5500 263.100006 195.000000 351.000000 0.047836 
5600 269.100006 204.000000 361.000000 0.048054 
5700 275.799988 213.000000 368.000000 0.048386 
5800 279.700012 220.000000 369.000000 0.048224 
5900 283.600006 238.000000 371.000000 0.048068 
6000 286.200012 246.000000 376.000000 0.047700 
6100 289.500000 247.000000 379.000000 0.047459 
6200 295.000000 250.000000 387.000000 0.047581 
6300 299.799988 257.000000 397.000000 0.047587 
6400 305.600006 265.000000 402.000000 0.047750 
6500 307.100006 265.000000 407.000000 0.047246 
6600 312.700012 274.000000 412.000000 0.047379 
6700 319.200012 274.000000 427.000000 0.047642 
6800 326.000000 275.000000 435.000000 0.047941 
6900 332.399994 279.000000 440.000000 0.048174 
7000 335.799988 279.000000 449.000000 0.047971 
7100 339.500000 279.000000 457.000000 0.047817 
7200 344.000000 279.000000 464.000000 0.047778 
7300 347.399994 278.000000 468.000000 0.047589 
7400 356.500000 278.000000 478.000000 0.048176 
7500 359.899994 277.000000 478.000000 0.047987 
7600 364.700012 286.000000 489.000000 0.047987 
7700 374.500000 296.000000 503.000000 0.048636 
7800 381.899994 302.000000 513.000000 0.048962 
7900 389.200012 306.000000 521.000000 0.049266 
8000 395.100006 310.000000 528.000000 0.049387 
8100 399.799988 311.000000 535.000000 0.049358 
8200 407.299988 313.000000 544.000000 0.049671 
8300 413.500000 328.000000 549.000000 0.049819 
8400 417.000000 329.000000 559.000000 0.049643 
8500 423.500000 332.000000 568.000000 0.049824 
8600 427.100006 333.000000 569.000000 0.049663 
8700 430.500000 334.000000 575.000000 0.049483 
8800 435.399994 339.000000 581.000000 0.049477 
8900 440.600006 345.000000 587.000000 0.049506 
9000 447.600006 351.000000 598.000000 0.049733 
9100 450.299988 358.000000 598.000000 0.049484 
9200 455.500000 371.000000 605.000000 0.049511 
9300 462.700012 375.000000 609.000000 0.049753 
9400 466.200012 377.000000 613.000000 0.049596 
9500 469.200012 382.000000 618.000000 0.049389 
9600 473.299988 384.000000 619.000000 0.049302 
9700 476.799988 387.000000 626.000000 0.049155 
9800 482.000000 398.000000 632.000000 0.049184 
9900 485.600006 408.000000 638.000000 0.049051 
10000 491.899994 415.000000 645.000000 0.049190 
10100 495.500000 420.000000 649.000000 0.049059 
10200 499.200012 422.000000 649.000000 0.048941 
10300 503.000000 422.000000 656.000000 0.048835 
10400 506.600006 428.000000 659.000000 0.048712 
10500 510.500000 429.000000 660.000000 0.048619 
10600 514.500000 432.000000 661.000000 0.048538 
10700 519.299988 435.000000 664.000000 0.048533 
10800 525.500000 439.000000 668.000000 0.048657 
10900 531.900024 446.000000 675.000000 0.048798 
11000 536.599976 450.000000 678.000000 0.048782 
11100 539.099976 451.000000 685.000000 0.048568 
11200 548.799988 457.000000 704.000000 0.049000 
11300 552.599976 461.000000 714.000000 0.048903 
11400 555.299988 466.000000 716.000000 0.048711 
11500 559.599976 472.000000 717.000000 0.048661 
11600 563.799988 474.000000 723.000000 0.048603 
11700 570.400024 474.000000 742.000000 0.048752 
11800 576.799988 476.000000 751.000000 0.048881 
11900 584.400024 487.000000 760.000000 0.049109 
12000 589.400024 493.000000 764.000000 0.049117 
12100 591.700012 498.000000 771.000000 0.048901 
12200 596.200012 502.000000 782.000000 0.048869 
12300 600.400024 502.000000 789.000000 0.048813 
12400 606.799988 505.000000 797.000000 0.048935 
12500 609.099976 505.000000 802.000000 0.048728 
12600 612.700012 511.000000 808.000000 0.048627 
12700 616.500000 523.000000 813.000000 0.048543 
12800 622.000000 529.000000 814.000000 0.048594 
12900 625.099976 530.000000 816.000000 0.048457 
13000 627.799988 534.000000 818.000000 0.048292 
13100 632.200012 539.000000 827.000000 0.048260 
13200 635.000000 545.000000 832.000000 0.048106 
13300 640.700012 552.000000 837.000000 0.048173 
13400 644.799988 551.000000 845.000000 0.048119 
13500 646.900024 549.000000 846.000000 0.047919 
13600 653.299988 556.000000 861.000000 0.048037 
13700 656.700012 562.000000 863.000000 0.047934 
13800 660.599976 568.000000 875.000000 0.047870 
13900 663.000000 569.000000 878.000000 0.047698 
14000 668.200012 569.000000 886.000000 0.047729 
14100 673.299988 571.000000 890.000000 0.047752 
14200 679.700012 574.000000 893.000000 0.047866 
14300 685.500000 579.000000 902.000000 0.047937 
14400 689.500000 579.000000 913.000000 0.047882 
14500 691.900024 579.000000 916.000000 0.047717 
14600 697.500000 579.000000 921.000000 0.047774 
14700 703.700012 582.000000 933.000000 0.047871 
14800 711.200012 585.000000 942.000000 0.048054 
14900 718.299988 592.000000 946.000000 0.048208 
15000 724.900024 595.000000 950.000000 0.048327 
15100 729.000000 598.000000 956.000000 0.048278 
15200 731.900024 600.000000 958.000000 0.048151 
15300 734.400024 600.000000 959.000000 0.048000 
15400 737.700012 610.000000 960.000000 0.047903 
15500 742.299988 610.000000 964.000000 0.047890 
15600 749.299988 612.000000 970.000000 0.048032 
15700 753.900024 613.000000 973.000000 0.048019 
15800 756.799988 613.000000 980.000000 0.047899 
15900 765.500000 614.000000 995.000000 0.048145 
16000 768.500000 613.000000 1002.000000 0.048031 
16100 769.700012 613.000000 1004.000000 0.047807 
16200 773.799988 615.000000 1010.000000 0.047765 
16300 777.200012 617.000000 1010.000000 0.047681 
16400 780.000000 616.000000 1011.000000 0.047561 
16500 787.400024 621.000000 1012.000000 0.047721 
16600 791.900024 626.000000 1012.000000 0.047705 
16700 796.900024 632.000000 1021.000000 0.047719 
16800 799.799988 632.000000 1024.000000 0.047607 
16900 804.599976 639.000000 1026.000000 0.047609 
17000 807.599976 639.000000 1027.000000 0.047506 
17100 814.299988 641.000000 1044.000000 0.047620 
17200 816.799988 641.000000 1047.000000 0.047488 
17300 824.599976 651.000000 1070.000000 0.047665 
17400 829.900024 659.000000 1076.000000 0.047695 
17500 836.400024 661.000000 1089.000000 0.047794 
17600 840.599976 664.000000 1090.000000 0.047761 
17700 846.599976 668.000000 1096.000000 0.047831 
17800 850.099976 668.000000 1098.000000 0.047758 
17900 854.500000 669.000000 1099.000000 0.047737 
18000 859.299988 673.000000 1100.000000 0.047739 
18100 863.000000 680.000000 1101.000000 0.047680 
18200 868.000000 686.000000 1108.000000 0.047692 
18300 870.799988 687.000000 1110.000000 0.047585 
18400 874.700012 688.000000 1120.000000 0.047538 
18500 878.299988 688.000000 1134.000000 0.047476 
18600 883.500000 691.000000 1144.000000 0.047500 
18700 888.200012 704.000000 1151.000000 0.047497 
18800 892.400024 707.000000 1159.000000 0.047468 
18900 896.900024 714.000000 1163.000000 0.047455 
19000 900.900024 720.000000 1170.000000 0.047416 
19100 905.500000 735.000000 1172.000000 0.047408 
19200 909.700012 743.000000 1174.000000 0.047380 
19300 912.500000 744.000000 1181.000000 0.047280 
19400 916.700012 750.000000 1188.000000 0.047253 
19500 922.700012 756.000000 1209.000000 0.047318 
19600 924.900024 757.000000 1219.000000 0.047189 
19700 927.099976 758.000000 1228.000000 0.047061 
19800 931.700012 764.000000 1244.000000 0.047056 
19900 938.200012 775.000000 1257.000000 0.047146 
20000 942.400024 778.000000 1270.000000 0.047120 
20100 945.700012 778.000000 1275.000000 0.047050 
20200 949.500000 778.000000 1283.000000 0.047005 
20300 955.099976 788.000000 1290.000000 0.047049 
20400 957.599976 789.000000 1296.000000 0.046941 
20500 962.099976 789.000000 1299.000000 0.046932 
20600 964.799988 789.000000 1308.000000 0.046835 
20700 968.099976 791.000000 1316.000000 0.046768 
20800 971.799988 791.000000 1326.000000 0.046721 
20900 978.700012 794.000000 1334.000000 0.046828 
21000 983.000000 796.000000 1337.000000 0.046810 
21100 988.500000 798.000000 1338.000000 0.046848 
21200 992.200012 799.000000 1345.000000 0.046802 
21300 995.200012 799.000000 1350.000000 0.046723 
21400 998.000000 799.000000 1353.000000 0.046636 
21500 1001.500000 799.000000 1364.000000 0.046581 
21600 1003.700012 798.000000 1367.000000 0.046468 
21700 1005.599976 798.000000 1378.000000 0.046341 
21800 1011.700012 798.000000 1398.000000 0.046408 
21900 1016.599976 799.000000 1411.000000 0.046420 
22000 1020.299988 815.000000 1417.000000 0.046377 
22100 1025.800049 818.000000 1426.000000 0.046416 
22200 1031.500000 819.000000 1441.000000 0.046464 
22300 1039.500000 828.000000 1447.000000 0.046614 
22400 1045.900024 831.000000 1449.000000 0.046692 
22500 1049.800049 832.000000 1454.000000 0.046658 
22600 1054.900024 836.000000 1455.000000 0.046677 
22700 1057.900024 843.000000 1455.000000 0.046604 
22800 1062.400024 847.000000 1462.000000 0.046596 
22900 1065.400024 849.000000 1463.000000 0.046524 
23000 1069.099976 859.000000 1463.000000 0.046483 
23100 1072.699951 863.000000 1465.000000 0.046437 
23200 1077.300049 881.000000 1471.000000 0.046435 
23300 1081.400024 885.000000 1478.000000 0.046412 
23400 1088.500000 889.000000 1495.000000 0.046517 
23500 1094.500000 891.000000 1505.000000 0.046574 
23600 1099.599976 895.000000 1511.000000 0.046593 
23700 1105.699951 902.000000 1511.000000 0.046654 
23800 1109.400024 903.000000 1514.000000 0.046613 
23900 1111.900024 903.000000 1514.000000 0.046523 
24000 1115.000000 904.000000 1514.000000 0.046458 
24100 1121.199951 913.000000 1520.000000 0.046523 
24200 1126.900024 915.000000 1520.000000 0.046566 
24300 1132.800049 924.000000 1524.000000 0.046617 
24400 1137.500000 926.000000 1535.000000 0.046619 
24500 1144.400024 929.000000 1549.000000 0.046710 
24600 1150.300049 930.000000 1558.000000 0.046760 
24700 1155.500000 932.000000 1568.000000 0.046781 
24800 1159.800049 933.000000 1571.000000 0.046766 
24900 1166.199951 941.000000 1587.000000 0.046835 
25000 1170.400024 953.000000 1596.000000 0.046816 
25100 1174.800049 957.000000 1605.000000 0.046805 
25200 1182.199951 963.000000 1611.000000 0.046913 
25300 1188.099976 973.000000 1618.000000 0.046960 
25400 1196.900024 978.000000 1638.000000 0.047122 
25500 1201.199951 981.000000 1648.000000 0.047106 
25600 1204.599976 981.000000 1651.000000 0.047055 
25700 1208.599976 983.000000 1659.000000 0.047027 
25800 1215.599976 983.000000 1665.000000 0.047116 
25900 1219.500000 988.000000 1665.000000 0.047085 
26000 1222.400024 997.000000 1666.000000 0.047015 
26100 1225.800049 997.000000 1667.000000 0.046966 
26200 1232.900024 1000.000000 1672.000000 0.047057 
26300 1237.599976 1005.000000 1676.000000 0.047057 
26400 1238.800049 1007.000000 1676.000000 0.046924 
26500 1244.800049 1007.000000 1684.000000 0.046974 
26600 1252.099976 1013.000000 1700.000000 0.047071 
26700 1258.699951 1019.000000 1712.000000 0.047142 
26800 1262.199951 1023.000000 1717.000000 0.047097 
26900 1267.599976 1024.000000 1730.000000 0.047123 
27000 1271.000000 1025.000000 1731.000000 0.047074 
27100 1274.199951 1026.000000 1734.000000 0.047018 
27200 1280.099976 1026.000000 1742.000000 0.047062 
27300 1282.599976 1026.000000 1743.000000 0.046982 
27400 1286.699951 1028.000000 1745.000000 0.046960 
27500 1291.800049 1031.000000 1751.000000 0.046975 
27600 1295.300049 1034.000000 1754.000000 0.046931 
27700 1299.599976 1040.000000 1764.000000 0.046917 
27800 1303.000000 1044.000000 1773.000000 0.046871 
27900 1308.400024 1050.000000 1782.000000 0.046896 
28000 1312.000000 1052.000000 1792.000000 0.046857 
28100 1315.099976 1057.000000 1800.000000 0.046801 
28200 1318.000000 1060.000000 1806.000000 0.046738 
28300 1321.800049 1061.000000 1819.000000 0.046707 
28400 1324.800049 1062.000000 1824.000000 0.046648 
28500 1328.500000 1067.000000 1832.000000 0.046614 
28600 1329.900024 1072.000000 1836.000000 0.046500 
28700 1336.699951 1088.000000 1850.000000 0.046575 
28800 1342.599976 1095.000000 1863.000000 0.046618 
28900 1345.500000 1097.000000 1870.000000 0.046557 
29000 1348.500000 1098.000000 1877.000000 0.046500 
29100 1351.599976 1100.000000 1886.000000 0.046447 
29200 1354.699951 1100.000000 1894.000000 0.046394 
29300 1360.400024 1111.000000 1898.000000 0.046430 
29400 1366.000000 1118.000000 1899.000000 0.046463 
29500 1370.500000 1119.000000 1906.000000 0.046458 
29600 1374.199951 1119.000000 1910.000000 0.046426 
29700 1379.500000 1133.000000 1923.000000 0.046448 
29800 1382.099976 1142.000000 1928.000000 0.046379 
29900 1384.599976 1145.000000 1928.000000 0.046308 
30000 1387.400024 1146.000000 1928.000000 0.046247 
30100 1394.199951 1150.000000 1935.000000 0.046319 
30200 1399.900024 1160.000000 1945.000000 0.046354 
30300 1406.500000 1165.000000 1953.000000 0.046419 
30400 1411.800049 1167.000000 1957.000000 0.046441 
30500 1415.300049 1169.000000 1957.000000 0.046403 
30600 1420.300049 1185.000000 1963.000000 0.046415 
30700 1423.099976 1188.000000 1968.000000 0.046355 
30800 1428.699951 1196.000000 1972.000000 0.046386 
30900 1431.900024 1197.000000 1973.000000 0.046340 
31000 1433.900024 1197.000000 1973.000000 0.046255 
31100 1437.699951 1201.000000 1975.000000 0.046228 
31200 1445.000000 1204.000000 1984.000000 0.046314 
31300 1449.900024 1212.000000 1984.000000 0.046323 
31400 1457.800049 1221.000000 1992.000000 0.046427 
31500 1461.400024 1224.000000 1997.000000 0.046394 
31600 1465.599976 1233.000000 2000.000000 0.046380 
31700 1471.900024 1243.000000 2003.000000 0.046432 
31800 1476.699951 1251.000000 2008.000000 0.046437 
31900 1483.099976 1259.000000 2010.000000 0.046492 
32000 1489.699951 1266.000000 2017.000000 0.046553 
32100 1493.300049 1268.000000 2017.000000 0.046520 
32200 1497.199951 1279.000000 2026.000000 0.046497 
32300 1502.400024 1291.000000 2028.000000 0.046514 
32400 1507.900024 1297.000000 2037.000000 0.046540 
32500 1511.199951 1300.000000 2038.000000 0.046498 
32600 1516.800049 1310.000000 2039.000000 0.046528 
32700 1520.599976 1320.000000 2040.000000 0.046502 
32800 1524.099976 1322.000000 2042.000000 0.046466 
32900 1528.300049 1322.000000 2042.000000 0.046453 
33000 1533.699951 1325.000000 2043.000000 0.046476 
33100 1538.699951 1333.000000 2045.000000 0.046486 
33200 1542.699951 1336.000000 2049.000000 0.046467 
33300 1549.199951 1345.000000 2051.000000 0.046523 
33400 1553.500000 1347.000000 2057.000000 0.046512 
33500 1558.900024 1355.000000 2067.000000 0.046534 
33600 1563.699951 1355.000000 2075.000000 0.046539 
33700 1568.900024 1358.000000 2083.000000 0.046555 
33800 1572.500000 1362.000000 2093.000000 0.046524 
33900 1573.900024 1362.000000 2099.000000 0.046428 
34000 1578.800049 1378.000000 2110.000000 0.046435 
34100 1582.699951 1380.000000 2114.000000 0.046413 
34200 1585.300049 1381.000000 2117.000000 0.046354 
34300 1587.900024 1382.000000 2129.000000 0.046294 
34400 1592.900024 1382.000000 2136.000000 0.046305 
34500 1598.000000 1382.000000 2144.000000 0.046319 
34600 1602.099976 1381.000000 2150.000000 0.046303 
34700 1604.900024 1382.000000 2152.000000 0.046251 
34800 1609.900024 1383.000000 2160.000000 0.046261 
34900 1613.400024 1383.000000 2162.000000 0.046229 
35000 1615.900024 1383.000000 2164.000000 0.046169 
35100 1621.099976 1386.000000 2179.000000 0.046185 
35200 1624.000000 1388.000000 2184.000000 0.046136 
35300 1625.000000 1388.000000 2185.000000 0.046034 
35400 1629.099976 1387.000000 2194.000000 0.046020 
35500 1634.099976 1392.000000 2199.000000 0.046031 
35600 1636.800049 1395.000000 2203.000000 0.045978 
35700 1641.000000 1406.000000 2208.000000 0.045966 
35800 1646.500000 1412.000000 2226.000000 0.045992 
35900 1650.199951 1413.000000 2229.000000 0.045967 
36000 1653.199951 1414.000000 2231.000000 0.045922 
36100 1657.000000 1415.000000 2233.000000 0.045900 
36200 1659.699951 1415.000000 2237.000000 0.045848 
36300 1664.900024 1416.000000 2250.000000 0.045865 
36400 1670.300049 1418.000000 2260.000000 0.045887 
36500 1676.500000 1426.000000 2267.000000 0.045932 
36600 1680.699951 1427.000000 2282.000000 0.045921 
36700 1686.199951 1436.000000 2290.000000 0.045946 
36800 1689.599976 1436.000000 2294.000000 0.045913 
36900 1692.199951 1435.000000 2296.000000 0.045859 
37000 1695.099976 1435.000000 2298.000000 0.045814 
37100 1697.099976 1434.000000 2300.000000 0.045744 
37200 1701.800049 1434.000000 2303.000000 0.045747 
37300 1704.599976 1435.000000 2316.000000 0.045700 
37400 1711.199951 1435.000000 2327.000000 0.045754 
37500 1714.199951 1435.000000 2331.000000 0.045712 
37600 1717.400024 1435.000000 2335.000000 0.045676 
37700 1722.800049 1436.000000 2345.000000 0.045698 
37800 1727.900024 1435.000000 2349.000000 0.045712 
37900 1730.800049 1434.000000 2358.000000 0.045668 
38000 1736.500000 1434.000000 2370.000000 0.045697 
38100 1739.900024 1433.000000 2377.000000 0.045667 
38200 1746.599976 1432.000000 2386.000000 0.045723 
38300 1750.300049 1432.000000 2389.000000 0.045700 
38400 1754.900024 1431.000000 2395.000000 0.045701 
38500 1758.199951 1432.000000 2402.000000 0.045668 
38600 1764.300049 1435.000000 2410.000000 0.045707 
38700 1772.099976 1449.000000 2424.000000 0.045791 
38800 1776.300049 1467.000000 2427.000000 0.045781 
38900 1781.300049 1479.000000 2432.000000 0.045792 
39000 1784.900024 1483.000000 2433.000000 0.045767 
39100 1788.400024 1483.000000 2443.000000 0.045739 
39200 1794.300049 1489.000000 2465.000000 0.045773 
39300 1796.099976 1489.000000 2472.000000 0.045702 
39400 1798.699951 1489.000000 2480.000000 0.045652 
39500 1802.599976 1491.000000 2486.000000 0.045635 
39600 1804.599976 1499.000000 2491.000000 0.045571 
39700 1807.300049 1500.000000 2496.000000 0.045524 
39800 1811.699951 1507.000000 2511.000000 0.045520 
39900 1818.500000 1515.000000 2523.000000 0.045576 
40000 1826.599976 1523.000000 2546.000000 0.045665 
40100 1832.199951 1531.000000 2548.000000 0.045691 
40200 1837.900024 1547.000000 2552.000000 0.045719 
40300 1841.400024 1550.000000 2554.000000 0.045692 
40400 1844.199951 1551.000000 2555.000000 0.045649 
40500 1850.400024 1555.000000 2559.000000 0.045689 
40600 1857.099976 1562.000000 2563.000000 0.045741 
40700 1861.199951 1565.000000 2582.000000 0.045730 
40800 1864.800049 1568.000000 2584.000000 0.045706 
40900 1866.699951 1570.000000 2586.000000 0.045641 
41000 1873.000000 1577.000000 2593.000000 0.045683 
41100 1875.900024 1582.000000 2593.000000 0.045642 
41200 1879.400024 1593.000000 2594.000000 0.045617 
41300 1886.599976 1606.000000 2601.000000 0.045680 
41400 1889.199951 1609.000000 2607.000000 0.045633 
41500 1893.599976 1614.000000 2614.000000 0.045629 
41600 1897.500000 1617.000000 2628.000000 0.045613 
41700 1901.099976 1623.000000 2634.000000 0.045590 
41800 1904.199951 1624.000000 2635.000000 0.045555 
41900 1909.900024 1627.000000 2645.000000 0.045582 
42000 1917.300049 1643.000000 2659.000000 0.045650 
42100 1921.699951 1645.000000 2661.000000 0.045646 
42200 1925.900024 1654.000000 2665.000000 0.045637 
42300 1932.000000 1662.000000 2683.000000 0.045674 
42400 1937.000000 1666.000000 2688.000000 0.045684 
42500 1941.599976 1667.000000 2690.000000 0.045685 
42600 1947.000000 1672.000000 2690.000000 0.045704 
42700 1952.300049 1673.000000 2704.000000 0.045721 
42800 1956.500000 1674.000000 2717.000000 0.045713 
42900 1960.599976 1677.000000 2722.000000 0.045702 
43000 1966.900024 1681.000000 2728.000000 0.045742 
43100 1970.599976 1683.000000 2731.000000 0.045722 
43200 1979.000000 1689.000000 2743.000000 0.045810 
43300 1982.699951 1689.000000 2755.000000 0.045790 
43400 1986.400024 1694.000000 2762.000000 0.045770 
43500 1990.199951 1694.000000 2770.000000 0.045752 
43600 1993.400024 1701.000000 2773.000000 0.045720 
43700 2000.699951 1701.000000 2778.000000 0.045783 
43800 2008.599976 1702.000000 2783.000000 0.045858 
43900 2014.300049 1707.000000 2784.000000 0.045884 
44000 2016.800049 1707.000000 2785.000000 0.045836 
44100 2022.900024 1713.000000 2790.000000 0.045871 
44200 2029.400024 1716.000000 2796.000000 0.045914 
44300 2034.300049 1719.000000 2810.000000 0.045921 
44400 2040.599976 1727.000000 2817.000000 0.045959 
44500 2046.599976 1726.000000 2819.000000 0.045991 
44600 2051.399902 1731.000000 2822.000000 0.045996 
44700 2058.100098 1734.000000 2840.000000 0.046043 
44800 2061.800049 1735.000000 2844.000000 0.046022 
44900 2067.399902 1741.000000 2855.000000 0.046045 
45000 2072.199951 1744.000000 2866.000000 0.046049 
45100 2076.699951 1753.000000 2868.000000 0.046047 
45200 2082.899902 1758.000000 2876.000000 0.046082 
45300 2086.899902 1770.000000 2876.000000 0.046068 
45400 2091.800049 1775.000000 2882.000000 0.046075 
45500 2096.100098 1781.000000 2889.000000 0.046068 
45600 2099.300049 1782.000000 2893.000000 0.046037 
45700 2103.500000 1788.000000 2897.000000 0.046028 
45800 2108.500000 1795.000000 2910.000000 0.046037 
45900 2115.100098 1805.000000 2918.000000 0.046081 
46000 2120.100098 1808.000000 2920.000000 0.046089 
46100 2125.699951 1817.000000 2922.000000 0.046111 
46200 2128.500000 1820.000000 2922.000000 0.046071 
46300 2131.300049 1820.000000 2923.000000 0.046032 
46400 2135.500000 1827.000000 2929.000000 0.046024 
46500 2140.199951 1835.000000 2933.000000 0.046026 
46600 2143.500000 1835.000000 2935.000000 0.045998 
46700 2146.199951 1835.000000 2939.000000 0.045957 
46800 2151.699951 1835.000000 2951.000000 0.045976 
46900 2158.000000 1843.000000 2959.000000 0.046013 
47000 2160.800049 1845.000000 2961.000000 0.045974 
47100 2164.000000 1848.000000 2962.000000 0.045945 
47200 2170.100098 1854.000000 2969.000000 0.045977 
47300 2173.600098 1858.000000 2976.000000 0.045953 
47400 2177.000000 1859.000000 2977.000000 0.045928 
47500 2179.800049 1860.000000 2979.000000 0.045891 
47600 2183.600098 1860.000000 2984.000000 0.045874 
47700 2187.600098 1860.000000 2987.000000 0.045862 
47800 2189.699951 1860.000000 2990.000000 0.045810 
47900 2194.500000 1860.000000 2995.000000 0.045814 
48000 2201.000000 1860.000000 2999.000000 0.045854 
48100 2203.699951 1860.000000 3000.000000 0.045815 
48200 2207.300049 1860.000000 3010.000000 0.045795 
48300 2209.800049 1861.000000 3013.000000 0.045752 
48400 2214.300049 1862.000000 3023.000000 0.045750 
48500 2217.699951 1862.000000 3030.000000 0.045726 
48600 2222.300049 1865.000000 3036.000000 0.045726 
48700 2225.300049 1866.000000 3041.000000 0.045694 
48800 2230.399902 1868.000000 3050.000000 0.045705 
48900 2236.899902 1868.000000 3057.000000 0.045744 
49000 2240.000000 1868.000000 3060.000000 0.045714 
49100 2244.500000 1872.000000 3066.000000 0.045713 
49200 2248.100098 1872.000000 3070.000000 0.045693 
49300 2251.899902 1872.000000 3078.000000 0.045677 
49400 2256.899902 1876.000000 3090.000000 0.045686 
49500 2260.300049 1875.000000 3096.000000 0.045663 
49600 2262.800049 1876.000000 3102.000000 0.045621 
49700 2266.500000 1876.000000 3107.000000 0.045604 
49800 2269.000000 1876.000000 3107.000000 0.045562 
49900 2272.800049 1876.000000 3115.000000 0.045547 
