-0.0789424 1
0 0
0 0
0 0
0 0
0 0
0 0
0 0
0 0
0 0
0 0
-0.0672015 1
0 0
0 0
0 0
0 0
0 0
0 0
0 0
0 0
0 0
0 0
0 0
0 0
-0.0541322 1
0 0
0 0
0 0
0 0
0 0
0 0
0 0
0 0
-0.0440839 1
0 0
0 0
0 0
0 0
0 0
0 0
0 0
0 0
0 0
0 0
0 0
0 0
0 0
0 0
0 0
0 0
0 0
0 0
0 0
0 0
0 0
0 0
0 0
0 0
0 0
0 0
0 0
0 0
0 0
0 0
0 0
0 0
-0.0104603 1
0 0
0 0
0 0
0 0
0 0
0 0
0 0
0 0
0 0
0 0
0 0
0 0
0.0031543 1
0 0
0 0
0 0
0.00674886 1
0 0
0.00886156 1
0 0
0 0
0.0120491 1
0.0130553 1
0 0
0 0
0 0
0 0
0 0
0.018814 1
0.0204906 1
0 0
0 0
0 0
0 0
0 0
0 0
0.0274684 1
0 0
0 0
0 0
0 0
0.0323465 1
0 0
0.0342686 1
0 0
0 0
0 0
0.0388161 1
0 0
0 0
0.0419942 1
0 0
0 0
0 0
0 0
0.0471538 1
0 0
0 0
0 0
0 0
0.051974 1
0 0
0 0
0 0
0 0
0 0
0 0
0 0
0 0
0 0
0 0
0 0
0 0
0.0650218 1
0.0666835 1
0 0
0 0
0 0
0.0699833 1
0.0711386 1
0 0
0 0
0 0
0 0
0 0
0 0
0 0
0 0
0 0
0 0
0 0
0 0
0 0
0 0
0 0
0 0
0 0
0 0
0 0
0 0
0 0
0 0
0 0
0 0
0 0
0 0
0 0
0 0
0.10102 1
0 0
0 0
0 0
0 0
0 0
0 0
0 0
0 0
0 0
0 0
0 0
0 0
0 0
0 0
0 0
0 0
0.118726 1
0.119993 1
0 0
0 0
0 0
0 0
0 0
0 0
0.126395 1
