-0.136231 1
-0.131687 1
0 0
0 0
0 0
0 0
-0.118078 1
0 0
-0.112892 2
0 0
0 0
0 0
-0.101644 1
-0.0995902 1
0 0
-0.0932808 3
-0.0897081 1
-0.0873656 2
-0.0840161 3
-0.0825972 1
-0.0786024 2
-0.0760649 3
-0.0727208 4
-0.0704244 3
-0.0676611 2
-0.0649971 3
-0.0611088 2
-0.060251 2
-0.0572372 3
-0.0536848 3
-0.0512547 3
-0.0476893 3
-0.0456851 3
-0.0424121 1
-0.0393631 1
-0.0371821 3
-0.0331678 3
-0.0315033 3
-0.0285907 5
-0.0258148 4
-0.0223095 4
-0.0195672 3
-0.0165416 2
0 0
-0.0122481 1
-0.00948928 2
-0.00689348 4
-0.0033717 2
0.000545936 3
0.0021625 4
0.00549799 6
0.00667615 1
0.0121337 1
0.0139747 3
0.0170785 5
0.0190352 4
0.021336 2
0.0252438 3
0.0280304 4
0.0306831 3
0.0320346 2
0.0358497 2
0.0401286 1
0.0414335 5
0.0447288 1
0.0476241 4
0.0512714 2
0.0523792 3
0.0563858 1
0.0582887 3
0.0613066 4
0.0637349 3
0.06619 2
0.0692652 6
0.071723 4
0.0749713 3
0.0777946 6
0.0804506 2
0 0
0.0860703 3
0.0889203 4
0.0917247 4
0.0950935 6
0.0977173 2
0.0998469 4
0.101966 1
0 0
0.107632 3
0.110638 3
0.115216 1
0.117191 2
0.120298 3
0 0
0.125292 3
0 0
0.131434 1
0.133429 1
0 0
0.140338 1
0.143032 1
0 0
0.149271 1
0.15137 1
0 0
0.156249 1
0.159627 2
0.162357 2
0 0
0.168649 2
0.16955 2
0.174202 1
0.176221 2
0 0
0.181672 2
0.18455 1
0 0
0 0
0.192163 1
0.195392 2
0.199051 2
0.202575 1
0.203576 1
0 0
0 0
0 0
0.21594 2
0 0
0 0
0 0
0 0
0 0
0 0
0.233883 1
0 0
0 0
0 0
0 0
0.248146 1
0.252384 1
0 0
0.258057 1
0 0
0 0
0 0
0 0
0 0
0 0
0 0
0.281041 1
0 0
0 0
0.28874 1
0 0
0.294503 1
0 0
0 0
0 0
0 0
0 0
0 0
0 0
0 0
0 0
0 0
0 0
0 0
0.330389 1
0 0
0 0
0 0
0 0
0 0
0 0
0 0
0 0
0 0
0 0
0 0
0 0
0 0
0 0
0 0
0 0
0 0
0.380903 1
0 0
0 0
0 0
0 0
0 0
0 0
0 0
0 0
0.404779 1
0 0
0 0
0 0
0 0
0 0
0 0
0.423941 1
