-0.336015 1
0 0
0 0
0 0
0 0
0 0
0 0
0 0
0 0
0 0
0 0
0 0
0 0
0 0
-0.288591 3
0 0
0 0
0 0
-0.27535 1
-0.271381 1
0 0
-0.265491 1
0 0
0 0
-0.256452 3
-0.253983 1
-0.24909 1
0 0
-0.243023 1
-0.240206 2
0 0
-0.232588 2
-0.229086 1
-0.226342 2
-0.224235 1
-0.221332 1
0 0
0 0
0 0
0 0
-0.203492 1
0 0
0 0
-0.194509 2
-0.191761 2
-0.188885 2
-0.184859 2
0 0
-0.179097 1
-0.17375 1
-0.172296 3
-0.169196 2
-0.164472 1
-0.161514 1
-0.157857 1
-0.155947 5
-0.152139 2
-0.148631 5
-0.145511 3
-0.142105 3
-0.139131 4
-0.136744 9
-0.132278 3
-0.128483 1
-0.126188 2
-0.123664 2
-0.119876 6
-0.116632 2
-0.113336 5
-0.109851 5
-0.10707 3
-0.103326 8
-0.101185 4
-0.0970055 3
-0.0943248 4
-0.0916339 2
-0.08725 10
-0.0837936 5
-0.0806454 6
-0.0784164 5
-0.0741369 9
-0.0705281 7
-0.0675446 9
-0.0646048 3
-0.0603176 4
-0.0586855 4
-0.0543206 12
-0.0515039 2
-0.0481433 8
-0.0454781 6
-0.0414528 3
-0.038515 8
-0.034902 5
-0.0319737 6
-0.0283612 8
-0.0261339 5
-0.0224886 2
-0.0193975 6
-0.0164117 5
-0.0114823 3
-0.00931529 10
-0.00609822 6
-0.00256881 7
4.77637e-05 7
0.00303324 4
0.00684487 6
0.0107744 3
0.013817 9
0.0161537 6
0.0200885 5
0.0228449 4
0.0271885 6
0.0298836 5
0.0330877 6
0.0358843 9
0.039691 7
0.042917 8
0.0456261 8
0.0490678 3
0.0522039 9
0.0553334 3
0.0594089 10
0.0623027 6
0.0660529 5
0.0685136 4
0.0721746 7
0.0750054 8
0.0778581 4
0.0813065 5
0.084707 4
0.0878834 4
0.0915628 7
0.0943907 5
0.0974191 3
0.100659 3
0.104548 3
0.107357 4
0.111124 6
0.113967 2
0 0
0.120092 2
0.124152 3
0.127515 3
0.13016 3
0.133183 4
0.136835 3
0.139897 4
0.144711 2
0.146777 5
0.148759 1
0.152548 4
0.156214 5
0.158899 1
0.162748 4
0.166177 2
0.170126 1
0.172375 4
0.176115 1
0.17899 2
0.182276 1
0.185569 2
0.188835 2
0.192254 3
0.194788 2
0.198037 2
0 0
0 0
0.208161 2
0.212494 1
0.216077 1
0.217928 3
0 0
0.224563 2
0.228485 2
0.229701 1
0.234477 2
0.238384 1
0.241236 2
0 0
0.246263 1
0.250217 1
0 0
0 0
0 0
0 0
0 0
0 0
0 0
0.275795 2
0.280984 3
0 0
0 0
0 0
0 0
0.294629 1
0 0
0 0
0 0
0 0
0 0
0.314125 1
