-0.0775228 1
-0.076087 1
0 0
-0.0751975 1
0 0
-0.0731155 1
-0.0722793 1
-0.0719917 2
-0.0712669 1
0 0
-0.0694076 2
-0.0689246 2
-0.0682199 1
-0.0670674 1
-0.0660002 1
-0.0658416 1
0 0
0 0
-0.0632795 1
-0.062622 1
-0.0619808 1
-0.0606546 1
0 0
0 0
-0.0585542 1
-0.0577825 2
0 0
-0.0563579 1
-0.0556514 1
0 0
-0.0541772 1
-0.0532426 1
0 0
-0.0517623 2
-0.0511171 1
0 0
0 0
-0.0484663 1
-0.0476773 2
-0.0472902 1
-0.0460403 1
-0.0454585 1
0 0
0 0
-0.0433891 1
0 0
0 0
0 0
0 0
-0.0395798 1
0 0
-0.0381681 1
0 0
-0.0362938 2
-0.0357737 1
-0.0348677 2
0 0
-0.0332442 1
-0.0325328 2
-0.031498 1
0 0
0 0
-0.0291031 1
0 0
-0.0275505 1
-0.0269145 1
-0.0266866 1
-0.0254493 1
-0.0246529 1
0 0
0 0
-0.022287 1
-0.0218976 2
-0.0206472 1
0 0
-0.0192584 3
-0.0185634 4
0 0
-0.0171421 1
-0.0160478 1
0 0
0 0
-0.0137695 1
0 0
-0.0121301 1
-0.0114246 1
0 0
-0.0098413 1
0 0
0 0
-0.00806959 1
0 0
-0.00635941 2
-0.00548617 4
-0.0048561 2
0 0
-0.00314487 1
-0.00254723 3
-0.0019874 1
-0.000997144 1
2.68667e-06 76
0.000715657 2
0.00171792 1
0.00187149 1
0 0
0.00355506 2
0.00480252 1
0 0
0.00606895 3
0.00662268 2
0.00726984 1
0.0083935 1
0.00930739 3
0.00970808 1
0.0104826 1
0.0114267 1
0 0
0 0
0.013741 3
0.0142839 1
0.0152885 3
0.0159663 2
0 0
0.0174195 2
0.0184338 1
0.0191292 2
0.0199614 1
0.0205888 2
0.0217406 2
0.02243 2
0.0232731 1
0 0
0.0245979 2
0.0250666 1
0.0263019 1
0 0
0.027226 1
0.0283171 3
0.0290584 1
0 0
0.0304934 2
0 0
0.0319133 1
0.0330702 1
0 0
0.0347923 1
0.0355856 1
0.0361345 1
0.037012 1
0.03752 2
0 0
0 0
0.0399677 1
0.0404509 1
0 0
0.0422549 3
0 0
0 0
0 0
0.0456066 1
0.0461139 1
0 0
0 0
0.0486059 1
0 0
0 0
0.0505109 1
0 0
0 0
0.0530873 1
0.0540055 1
0.0549265 1
0 0
0 0
0.0571078 1
0.057539 2
0.0583782 1
0.0592229 1
0 0
0.0610908 1
0 0
0.0619615 1
0 0
0 0
0 0
0.0652811 5
0.0659653 1
0 0
0.0678141 2
0 0
0.0694316 2
0.0698824 3
0 0
0.0717102 1
0.072188 3
0 0
0.0737705 1
0.0744361 3
0 0
0.0765031 1
0 0
