-0.332037 1
-0.327125 1
-0.322328 1
0 0
0 0
0 0
-0.30119 1
0 0
0 0
-0.289647 2
0 0
-0.278987 1
-0.275067 2
0 0
-0.268243 1
-0.261924 4
0 0
-0.254424 1
-0.248951 3
-0.245579 2
-0.23898 4
-0.235208 2
0 0
-0.227174 4
-0.221759 6
-0.217041 5
-0.214978 2
-0.209066 6
-0.203794 6
-0.199798 8
-0.194151 6
-0.190685 9
-0.186675 9
-0.181477 10
-0.177089 10
-0.172978 13
-0.168361 11
-0.163359 13
-0.159565 16
-0.15471 15
-0.149943 23
-0.145713 14
-0.140506 14
-0.136518 21
-0.132209 31
-0.127577 33
-0.123242 32
-0.118568 59
-0.114389 63
-0.109826 80
-0.105438 85
-0.100709 92
-0.0964187 90
-0.0917468 99
-0.0874673 90
-0.0829938 99
-0.0785084 95
-0.074098 97
-0.0694707 105
-0.0649651 106
-0.0605664 122
-0.0560297 114
-0.0515342 129
-0.0471597 137
-0.0429194 138
-0.0378751 134
-0.0335923 121
-0.0291866 143
-0.0245909 156
-0.020131 155
-0.0158394 144
-0.011137 153
-0.00653574 174
-0.000166137 5490
0.00120747 775
0.00654687 195
0.0112763 176
0.0158612 147
0.0200426 143
0.0248112 137
0.0291462 148
0.0335638 130
0.0381952 117
0.042676 140
0.0469985 109
0.051749 136
0.0560019 115
0.0605498 107
0.0650488 101
0.069494 80
0.0743409 91
0.0786817 92
0.0830848 68
0.0874744 85
0.09187 91
0.0963489 69
0.101261 74
0.105491 65
0.110089 44
0.11459 28
0.11894 20
0.123409 21
0.128181 14
0.1325 26
0.136619 24
0.141268 23
0.145794 20
0.150044 20
0.154863 16
0.159391 25
0.163067 19
0.168051 16
0.172465 12
0.177009 16
0.182242 13
0.186337 16
0.191287 8
0.194867 16
0.200032 12
0.203877 12
0.207915 7
0.2122 12
0.217761 17
0.221552 6
0.226504 13
0.231954 8
0.235846 7
0.239615 6
0.244676 10
0.248726 12
0.252979 7
0.257629 4
0.262808 7
0.267136 6
0.270539 5
0.275076 8
0.28098 7
0.285253 6
0.289798 3
0.293038 3
0.29775 5
0.303141 5
0.307336 7
0.311585 4
0.317164 4
0.321576 2
0 0
0.329847 3
0.333789 5
0.338408 3
0 0
0 0
0.351791 4
0.356266 3
0.360704 1
0.365616 2
0.371972 3
0 0
0 0
0 0
0.389549 1
0 0
0.399156 1
0.402791 3
0 0
0.411923 1
0.415641 2
0.420237 2
0.424722 2
0.430541 1
0 0
0 0
0.442252 1
0.447626 1
0.452276 1
0.453864 1
0 0
0 0
0 0
0 0
0 0
0.483816 1
0 0
0 0
0 0
0 0
0 0
0 0
0 0
0 0
0 0
0 0
0 0
0 0
0 0
0 0
0.54831 1
0 0
0 0
0 0
0.565509 1
