-0.393607 2
-0.383731 1
0 0
0 0
0 0
-0.358627 3
-0.351244 4
-0.343091 3
-0.336839 6
-0.330131 2
-0.324919 4
-0.31699 6
-0.309437 6
-0.303333 7
-0.294645 3
-0.290664 9
-0.281595 11
-0.276414 8
-0.267547 6
-0.260806 13
-0.254574 18
-0.247066 20
-0.240943 19
-0.23402 11
-0.226992 19
-0.21998 28
-0.21331 26
-0.206337 29
-0.199859 28
-0.192588 27
-0.18548 44
-0.178085 42
-0.171146 42
-0.164471 52
-0.157965 53
-0.150815 58
-0.143634 55
-0.136882 53
-0.130406 92
-0.122934 63
-0.116188 108
-0.109497 88
-0.102282 116
-0.0954354 128
-0.088483 141
-0.0814087 174
-0.0747053 168
-0.0676693 202
-0.0607088 211
-0.0540199 220
-0.0467185 259
-0.0399632 296
-0.0332564 284
-0.0260661 315
-0.0195015 350
-0.0121695 420
-0.00507852 682
0.000189989 10652
0.00834703 717
0.0153007 550
0.0221279 431
0.0290269 377
0.0359431 347
0.0427119 274
0.0499493 266
0.0568774 225
0.063934 231
0.0706772 181
0.0776684 181
0.0845597 163
0.0914132 137
0.0981484 102
0.105104 115
0.112151 86
0.119154 67
0.125703 72
0.132618 54
0.13977 47
0.146788 37
0.15441 37
0.160752 40
0.167589 36
0.175107 26
0.18176 22
0.18878 29
0.19511 21
0.202147 20
0.208375 26
0.216859 13
0.223289 18
0.229912 15
0.236489 13
0.243569 16
0.250407 16
0.259141 4
0.264799 11
0.271121 7
0.277431 6
0.285386 7
0.292774 3
0.298625 3
0.304054 3
0.314249 4
0.320631 3
0.327643 3
0.333549 1
0.341071 3
0.346268 3
0.354652 2
0.359263 2
0 0
0.37638 1
0 0
0 0
0 0
0.404234 1
0 0
0.417128 2
0 0
0 0
0 0
0 0
0.454405 1
0 0
0 0
0 0
0 0
0 0
0 0
0 0
0 0
0 0
0.520302 1
0 0
0 0
0 0
0.548486 1
0 0
0 0
0 0
0 0
0.585382 1
0 0
0 0
0 0
0 0
0 0
0 0
0 0
0 0
0 0
0.652565 1
0 0
0 0
0 0
0.679404 1
0 0
0 0
0 0
0 0
0.711535 1
0.722062 1
0.730054 1
0.734998 2
0 0
0.750598 1
0 0
0.766611 1
0.770444 1
0 0
0 0
0.792294 1
0 0
0 0
0.813926 2
0.820226 1
0 0
0.834491 2
0 0
0.847122 2
0 0
0 0
0 0
0.87456 2
0 0
0 0
0 0
0 0
0.907818 2
0.915909 1
0.924038 1
0.929031 1
0.935959 3
0.942986 2
0 0
0.956456 4
0.964167 4
0.971555 7
0.976334 3
0 0
0.988422 1
