-0.11035 1
0 0
0 0
0 0
-0.103778 1
0 0
-0.100857 1
-0.100237 1
0 0
-0.0962817 1
0 0
0 0
-0.0928381 1
-0.0909907 1
-0.0892274 2
-0.0880499 2
-0.08678 1
0 0
-0.0840593 2
-0.0815595 1
-0.0814131 1
-0.0799449 1
-0.0773127 2
-0.0762598 4
-0.074855 2
-0.0734403 3
-0.0719653 4
-0.0705739 5
-0.0692933 4
-0.0680414 3
-0.065981 1
-0.0652371 6
-0.0635967 2
-0.0618478 2
-0.0608103 2
-0.0595792 2
-0.0579865 7
-0.0562607 1
-0.0548098 3
0 0
-0.0522426 3
-0.0509819 1
-0.0492777 6
0 0
-0.0459737 3
-0.0448556 3
-0.0430982 8
-0.0413604 1
-0.0402575 5
-0.0393811 2
-0.0373918 5
-0.036098 3
-0.0344427 6
-0.0335348 2
-0.0318207 5
-0.0300254 2
-0.0289183 7
-0.0273176 9
-0.0257939 4
-0.025032 3
-0.0230073 2
-0.0217877 5
-0.0204696 3
-0.0185971 5
-0.0174929 5
-0.0154494 1
-0.0144408 6
-0.0129797 6
-0.0116097 11
-0.0101315 7
-0.00871487 3
-0.00714641 11
-0.00596424 5
-0.0043314 16
-0.00286301 13
-0.00146318 7
2.36555e-05 28
0.00146267 12
0.00270112 11
0.00435025 9
0.00583579 13
0.00735441 11
0.00892874 9
0.0101771 9
0.0114621 10
0.012829 5
0.0146793 8
0.0158152 5
0.0174404 5
0.0188627 8
0.0201778 5
0.0217432 12
0.0230216 7
0.024605 5
0.0256989 7
0.0272999 7
0.0288887 4
0.0301972 7
0.0317632 2
0.0336041 3
0.0349523 2
0.036235 6
0.0375317 6
0.0386139 3
0.0404318 3
0.0415873 2
0.0433539 3
0.0447989 1
0.045844 2
0.0473954 4
0.0487822 5
0.0501136 2
0 0
0.0529386 2
0.0550752 1
0.0563478 1
0.0571766 2
0.0592882 2
0.0605761 6
0.0621758 6
0.0631541 6
0.0644156 3
0.0661649 1
0.0677092 6
0.0692181 4
0.0710977 2
0.071849 6
0.0735499 3
0.0746491 2
0.0770396 1
0 0
0.0792013 4
0.0807162 3
0 0
0 0
0 0
0 0
0 0
0.0896206 3
0 0
0.092349 3
0.0941596 1
0 0
0.0963904 1
0 0
0 0
0.101081 3
0.102181 1
0.103561 2
0 0
0 0
0.108001 1
0 0
0 0
0.112753 1
0 0
0 0
0.117155 1
0 0
0 0
0.120493 1
0 0
0.123842 1
0 0
0 0
0 0
0 0
0 0
0 0
0 0
0 0
0 0
0 0
0 0
0 0
0 0
0 0
0 0
0 0
0 0
0 0
0 0
0 0
0 0
0 0
0 0
0 0
0 0
0 0
0 0
0 0
0 0
0 0
0 0
0 0
0 0
0 0
0 0
0 0
0 0
0.178057 1
