-0.521799 1
-0.512369 1
0 0
-0.497363 1
0 0
0 0
-0.474512 2
0 0
0 0
0 0
0 0
-0.435726 2
-0.428191 2
-0.422331 2
-0.411185 6
-0.40518 4
-0.39745 6
-0.389733 7
-0.38112 5
-0.373729 9
-0.367101 9
-0.357641 5
-0.352046 7
-0.345178 5
-0.336745 10
-0.328631 10
-0.322593 13
-0.313753 10
-0.307715 10
-0.298469 13
-0.292077 16
-0.283684 20
-0.27656 13
-0.268393 25
-0.261077 18
-0.254194 24
-0.247073 26
-0.2384 26
-0.231396 20
-0.222774 21
-0.216479 14
-0.20847 31
-0.201135 33
-0.193551 24
-0.186653 33
-0.17867 25
-0.17193 24
-0.163821 27
-0.15612 27
-0.148427 22
-0.140438 17
-0.133944 29
-0.126101 20
-0.117803 19
-0.110461 18
-0.103304 29
-0.0955498 30
-0.0877638 30
-0.0807328 43
-0.0730865 27
-0.0650274 53
-0.058275 57
-0.0504233 46
-0.0422678 39
-0.0349373 69
-0.0276315 45
-0.0197148 59
-0.0125633 83
-0.00490495 115
0.00110881 198
0.0100626 69
0.0173931 67
0.025033 50
0.0330324 46
0.0396918 51
0.047269 55
0.0551596 68
0.0628487 52
0.0698367 32
0.0781365 38
0.0853719 29
0.0925107 28
0.10072 22
0.107475 18
0.114884 11
0.1231 17
0.130165 24
0.137994 28
0.144805 18
0.152755 13
0.160844 21
0.168198 26
0.177068 14
0.183096 12
0.191392 23
0.198003 8
0.206693 15
0.213289 19
0.221548 10
0.22955 12
0.235682 7
0.243357 7
0.251599 7
0.259541 7
0.266771 5
0 0
0.282304 3
0.286231 1
0.295921 3
0 0
0.312877 2
0.32116 1
0.326257 2
0 0
0.340437 2
0.350916 1
0 0
0.363271 1
0 0
0 0
0 0
0.393811 1
0 0
0.409025 2
0.420835 1
0 0
0 0
0 0
0 0
0 0
0.464358 1
0 0
0.477654 1
0 0
0 0
0.500798 1
0 0
0 0
0 0
0 0
0 0
0.546073 1
0.551351 1
0 0
0 0
0 0
0 0
0 0
0.599036 1
0 0
0 0
0 0
0.63193 1
0 0
0 0
0.648787 1
0 0
0 0
0 0
0 0
0 0
0.698229 1
0 0
0 0
0 0
0 0
0 0
0.741859 1
0 0
0 0
0 0
0 0
0 0
0.789303 1
0.794391 3
0 0
0 0
0 0
0 0
0 0
0 0
0 0
0 0
0 0
0 0
0 0
0 0
0 0
0 0
0 0
0 0
0 0
0 0
0.935886 1
0 0
0 0
0 0
0 0
0 0
0 0
0.986822 1
