-0.37159 1
0 0
0 0
-0.359513 1
0 0
0 0
0 0
0 0
0 0
0 0
-0.333634 1
0 0
0 0
0 0
0 0
0 0
-0.314227 1
-0.309767 2
0 0
-0.302485 1
0 0
0 0
0 0
-0.285832 1
0 0
0 0
-0.276902 2
-0.273379 1
0 0
-0.265882 1
-0.260801 1
-0.257882 3
0 0
-0.251997 5
0 0
0 0
-0.241018 1
-0.238593 1
-0.232899 1
-0.230235 2
-0.227717 2
-0.222343 4
-0.219804 1
0 0
0 0
-0.207442 2
-0.20681 1
-0.20161 4
-0.19768 2
-0.194492 5
-0.191434 1
-0.186673 7
-0.183684 9
-0.179974 6
-0.175886 4
-0.171837 2
-0.169326 5
-0.165865 6
-0.161849 7
-0.159514 6
-0.155059 2
-0.151325 6
-0.148205 8
-0.144491 8
-0.140157 11
-0.136333 7
-0.133441 12
-0.130008 9
-0.125392 6
-0.122516 7
-0.11888 8
-0.11544 7
-0.111831 14
-0.1082 11
-0.105312 13
-0.101302 10
-0.0977842 9
-0.0938589 26
-0.090549 17
-0.0874482 25
-0.0834072 28
-0.080022 32
-0.0761987 38
-0.0727113 25
-0.0687003 29
-0.0656909 31
-0.0619644 26
-0.0584279 26
-0.0544792 31
-0.051106 19
-0.0475738 33
-0.0440273 24
-0.0404112 44
-0.0369631 36
-0.0332932 28
-0.0295295 22
-0.0261741 17
-0.0223525 21
-0.0187856 30
-0.0156934 26
-0.0117149 37
-0.00836354 28
-0.00497972 22
-0.000498146 73
0.00232289 32
0.00647119 30
0.00989878 30
0.0128808 28
0.0168923 34
0.0203699 35
0.024138 22
0.0277361 32
0.0313728 27
0.0345049 16
0.0384943 29
0.0422321 19
0.0452082 24
0.0491653 25
0.0523638 28
0.0562954 32
0.0595939 27
0.0633622 24
0.0671532 36
0.0708939 25
0.0741456 23
0.0777854 26
0.0813801 21
0.0853224 27
0.0881427 20
0.0919808 29
0.0956847 17
0.0993661 14
0.102862 15
0.106169 14
0.109773 16
0.113335 7
0.117487 15
0.120625 8
0.124795 11
0.128112 13
0.130672 9
0.135404 9
0.138538 6
0.141933 7
0.146357 12
0.149587 7
0.153 13
0.156748 13
0.159763 10
0.163717 5
0.166818 6
0.171488 9
0.174519 8
0.177641 9
0.180604 5
0.185213 8
0.189262 8
0.191568 4
0.195925 2
0.199223 4
0.202553 7
0.206386 3
0.211771 2
0.213609 3
0.216955 5
0.220614 6
0.22489 3
0.228255 5
0.231901 2
0.235598 6
0.239742 2
0.242539 2
0.246788 1
0.249469 6
0.25389 2
0.256428 3
0.261263 4
0.263832 2
0.267581 2
0.271229 4
0.275751 2
0.278612 1
0 0
0.286194 1
0.28977 1
0.292295 1
0 0
0.299669 1
0.303062 1
0.307079 2
0 0
0.313566 1
0.316389 1
0 0
0 0
0 0
0 0
0 0
0.340863 1
0.342923 1
0.344575 1
