-0.559698 2
0 0
0 0
0 0
0 0
0 0
0 0
0 0
0 0
0 0
0 0
0 0
0 0
0 0
0 0
-0.470918 1
0 0
0 0
0 0
-0.446645 1
0 0
-0.436867 1
0 0
-0.424088 2
-0.419197 1
-0.412799 2
0 0
-0.400803 2
-0.393523 1
-0.390307 5
-0.385753 1
-0.378151 3
-0.371567 3
-0.367385 3
-0.36149 2
-0.355503 5
-0.350254 2
-0.343642 4
-0.338028 6
-0.333172 3
-0.325831 4
-0.319355 1
-0.314741 2
-0.310492 4
-0.303997 4
-0.298532 6
-0.291308 5
-0.285823 5
-0.280605 11
-0.275305 5
-0.269932 11
-0.263273 10
-0.256933 8
-0.252544 12
-0.244912 11
-0.241823 7
-0.235657 9
-0.229521 11
-0.223532 8
-0.217672 13
-0.211818 18
-0.205556 17
-0.199755 22
-0.194354 13
-0.188066 25
-0.182543 24
-0.177092 29
-0.171668 17
-0.165546 19
-0.160076 33
-0.154465 29
-0.148204 36
-0.142835 45
-0.136642 38
-0.13131 29
-0.125185 43
-0.119793 43
-0.113818 45
-0.108236 53
-0.101979 44
-0.0964234 57
-0.0907782 57
-0.0850836 77
-0.0795982 70
-0.0736697 79
-0.0682834 81
-0.0621364 97
-0.0563825 97
-0.050937 96
-0.0447476 117
-0.039247 130
-0.0336152 130
-0.0275377 158
-0.0219338 158
-0.0162102 176
-0.0103038 199
-0.00461968 245
0.00068518 409
0.00662154 260
0.0125393 211
0.018463 181
0.0240356 149
0.0296589 156
0.0354528 138
0.0414085 146
0.0471893 139
0.0525475 134
0.0583149 127
0.0645314 102
0.0698644 107
0.0755821 78
0.0815439 98
0.0875233 62
0.0932426 68
0.0988587 73
0.104642 71
0.110412 61
0.115864 50
0.122386 67
0.128155 54
0.133154 30
0.13922 27
0.145462 37
0.150396 38
0.156624 22
0.161912 22
0.16847 19
0.174304 17
0.179522 17
0.184805 14
0.190709 16
0.196554 12
0.202072 5
0.208251 12
0.214246 8
0.219411 10
0.225887 5
0.230265 4
0.236513 9
0.242257 6
0.248845 6
0.254399 6
0.260387 5
0.266565 6
0.270911 1
0.275912 1
0.282454 5
0 0
0.294003 3
0.300274 5
0.307455 3
0.310947 2
0.316987 1
0 0
0.328351 2
0.333769 1
0 0
0 0
0.351419 3
0 0
0 0
0.367047 2
0.375741 1
0 0
0 0
0 0
0 0
0 0
0.412493 1
0 0
0.420499 1
0.424375 1
0.430973 1
0 0
0 0
0 0
0 0
0 0
0.468628 1
0 0
0 0
0 0
0 0
0 0
0 0
0 0
0.512818 2
0 0
0 0
0 0
0 0
0 0
0 0
0 0
0 0
0 0
0 0
0 0
0 0
0 0
0.590977 1
