-0.513446 1
0 0
0 0
0 0
0 0
0 0
0 0
0 0
0 0
0 0
-0.458662 1
0 0
0 0
0 0
0 0
-0.438241 1
0 0
0 0
0 0
-0.417795 1
-0.412364 1
-0.404195 1
-0.401065 1
-0.397391 3
0 0
-0.384318 2
0 0
-0.374338 1
-0.369957 4
-0.365296 3
-0.359279 3
0 0
-0.350426 1
-0.346105 6
-0.342494 2
-0.335021 2
-0.330296 2
-0.325139 4
-0.319667 2
-0.315799 3
-0.309974 7
-0.305403 4
-0.300728 4
-0.295933 7
-0.291101 9
-0.285413 6
-0.281715 7
-0.276042 5
-0.270263 7
-0.265788 9
-0.260531 10
-0.256217 4
-0.250222 6
-0.245317 12
-0.240042 6
-0.236077 11
-0.23027 8
-0.226313 14
-0.220942 14
-0.215943 10
-0.21087 14
-0.206151 13
-0.200927 9
-0.195287 20
-0.19035 18
-0.185121 21
-0.180887 19
-0.175265 22
-0.171468 25
-0.166319 27
-0.160662 19
-0.15564 29
-0.150801 41
-0.145413 37
-0.140632 38
-0.13572 34
-0.130941 32
-0.125655 56
-0.120762 36
-0.115667 42
-0.110569 54
-0.105912 38
-0.100849 51
-0.0954292 57
-0.0904468 77
-0.0857088 82
-0.0803605 96
-0.0755899 87
-0.0705778 92
-0.0655626 102
-0.0604975 74
-0.0554104 76
-0.0504969 123
-0.045539 117
-0.0408124 105
-0.0356994 124
-0.0306605 124
-0.0258326 139
-0.0206784 133
-0.0156852 145
-0.0105474 159
-0.00538241 154
-0.000308464 326
0.00431264 159
0.00951663 157
0.0144505 144
0.019408 133
0.0244997 133
0.0293798 138
0.0343649 148
0.0394141 129
0.0446508 134
0.0493984 126
0.0544103 100
0.0594728 105
0.0645441 102
0.0693259 82
0.0745362 133
0.0796912 96
0.0845163 94
0.0894125 97
0.0943921 67
0.0995391 46
0.104157 48
0.109587 38
0.114108 38
0.120105 42
0.124099 40
0.12925 34
0.134701 18
0.139035 17
0.144353 21
0.14941 25
0.153753 7
0.159076 12
0.164522 11
0.168864 10
0.17405 10
0.179172 7
0.18506 12
0.189754 14
0.194749 6
0.199338 6
0.203748 9
0.209517 6
0.21307 6
0.220022 6
0.223357 5
0.229606 5
0.23459 5
0.239148 4
0.24283 1
0.248643 4
0.256831 2
0.258683 2
0.265561 4
0.271452 3
0.274411 2
0 0
0.284288 2
0.290114 2
0 0
0.297336 1
0.303839 2
0.308244 2
0.314022 2
0 0
0.325162 3
0.3289 2
0.333171 3
0.34139 2
0.345054 2
0 0
0.354462 2
0.359174 2
0.364459 3
0.367784 1
0.374421 1
0.377385 1
0.384387 3
0.389688 1
0.393788 2
0.398564 1
0.40409 3
0 0
0.413541 1
0.420241 1
0.42697 1
0 0
0.435539 1
0 0
0 0
0 0
0.454617 1
0 0
0 0
0 0
0 0
0 0
0 0
0.487324 1
