0 13.521352 
59999 41.934193 
119998 46.584660 
179997 52.365238 
239996 56.245625 
299995 60.726074 
359994 64.946495 
419993 66.436646 
479992 66.956696 
539991 66.816681 
599990 67.316734 
659989 67.656769 
719988 67.606758 
779987 67.666763 
839986 67.796783 
899985 67.816780 
959984 67.766777 
1019983 68.636864 
1079982 72.957298 
1139981 74.677467 
1199980 77.607758 
1259979 80.768074 
1319978 85.508553 
1379977 90.009003 
1439976 91.259125 
1499975 91.649162 
1559974 92.129211 
1619973 92.499252 
1679972 92.839287 
1739971 93.089310 
1799970 93.329330 
1859969 93.509354 
1919968 93.749374 
1979967 93.769379 
2039966 94.019402 
2099965 94.019402 
2159964 94.239426 
2219963 94.249428 
2279962 94.389442 
2339961 94.599457 
2399960 94.639465 
2459959 94.669464 
2519958 94.689468 
2579957 94.909492 
2639956 94.879486 
2699955 94.909492 
2759954 94.929489 
2819953 94.929489 
2879952 95.099510 
2939951 95.209518 
2999950 95.189522 
3059949 95.229523 
3119948 95.319534 
3179947 95.359535 
3239946 95.349533 
3299945 95.439545 
3359944 95.459549 
3419943 95.529556 
3479942 95.399544 
3539941 95.529556 
3599940 95.689568 
3659939 95.629562 
3719938 95.679565 
3779937 95.729576 
3839936 95.799583 
3899935 95.839584 
3959934 95.879585 
4019933 95.849586 
4079932 95.919594 
4139931 95.899590 
4199930 96.119614 
4259929 96.049606 
4319928 96.039604 
4379927 96.129616 
4439926 96.109612 
4499925 96.189621 
4559924 96.219620 
4619923 96.219620 
4679922 96.289627 
4739921 96.289627 
4799920 96.359634 
4859919 96.409637 
4919918 96.409637 
4979917 96.359634 
5039916 96.499649 
5099915 96.379639 
5159914 96.509651 
5219913 96.549652 
5279912 96.519653 
5339911 96.509651 
5399910 96.549652 
5459909 96.499649 
5519908 96.589661 
5579907 96.659668 
5639906 96.649666 
5699905 96.669670 
5759904 96.649666 
5819903 96.749672 
5879902 96.649666 
5939901 96.729675 
