-0.319358 1
-0.313721 2
0 0
0 0
0 0
0 0
0 0
-0.293385 1
0 0
-0.282837 1
-0.282062 1
-0.276914 1
0 0
-0.269119 2
0 0
0 0
-0.259003 1
-0.255771 2
-0.251543 2
-0.246307 1
-0.243682 1
0 0
-0.236272 6
-0.233381 3
-0.22982 1
-0.225359 1
-0.222022 2
-0.218269 4
-0.215219 4
-0.212242 6
-0.207712 3
-0.204502 2
-0.200682 8
-0.196028 3
-0.194566 1
-0.189803 4
-0.185849 11
-0.182278 6
-0.178704 8
-0.175601 11
-0.1708 8
-0.16744 5
-0.164076 5
-0.160126 11
-0.15622 8
-0.153198 8
-0.149411 10
-0.14597 11
-0.141396 11
-0.137997 10
-0.134585 12
-0.130716 15
-0.127096 15
-0.123231 13
-0.119829 16
-0.116036 17
-0.112869 15
-0.108863 19
-0.10536 30
-0.10122 17
-0.0976615 18
-0.0948542 23
-0.0906112 23
-0.0867283 16
-0.0833897 28
-0.0793968 29
-0.0758935 19
-0.0722594 19
-0.0693087 17
-0.0652058 24
-0.061214 19
-0.0579318 17
-0.0540438 20
-0.0505586 26
-0.0469585 25
-0.0431619 24
-0.0396902 13
-0.0355268 21
-0.0323387 27
-0.0286929 29
-0.0249007 25
-0.0213522 20
-0.0179498 18
-0.0139347 28
-0.0102039 24
-0.00647096 22
-0.00344559 28
0.000537487 21
0.00461899 23
0.00799523 33
0.0115889 11
0.015167 31
0.0190303 29
0.0225464 32
0.0265114 25
0.0300579 22
0.0340519 34
0.0374918 33
0.040858 23
0.0451758 18
0.0479616 25
0.0519946 30
0.0553207 16
0.059446 26
0.063336 16
0.0668602 19
0.0702296 21
0.0735043 17
0.0770319 19
0.0812587 26
0.0851748 24
0.0888926 16
0.0919684 20
0.0954084 10
0.0998026 17
0.102871 13
0.10717 12
0.110421 19
0.11377 15
0.118074 16
0.121503 13
0.124732 19
0.129166 15
0.132855 12
0.135837 14
0.139919 12
0.143704 7
0.147005 15
0.150352 13
0.154871 15
0.158366 7
0.161983 14
0.164967 12
0.168971 14
0.172447 13
0.176024 9
0.179902 10
0.183771 12
0.187434 8
0.191278 8
0.19475 10
0.198354 7
0.20306 4
0.20602 4
0.208915 6
0.213032 4
0.216567 8
0.220851 5
0.224326 11
0.227338 9
0.231186 5
0.2348 7
0.23931 3
0.241857 4
0.246193 3
0.249106 2
0.252809 6
0.256572 3
0.260148 4
0.264347 3
0.267444 2
0.271295 2
0.275483 4
0.278627 7
0.282733 2
0.28582 3
0.288905 4
0.293399 4
0 0
0.301918 1
0.304757 1
0.307783 2
0.311938 2
0.31432 1
0.317323 1
0.32133 2
0.326136 2
0.3302 2
0.334649 1
0.337302 3
0 0
0.344867 4
0.34803 1
0 0
0.354132 1
0.357462 1
0.364504 1
0 0
0 0
0 0
0 0
0.380464 2
0.384441 2
0 0
0 0
0.397553 1
0 0
0 0
0 0
0 0
0.412336 1
