-0.260099 1
0 0
0 0
0 0
0 0
0 0
0 0
0 0
0 0
0 0
0 0
-0.231757 1
0 0
0 0
0 0
0 0
0 0
0 0
0 0
0 0
0 0
0 0
0 0
0 0
-0.197437 2
0 0
0 0
0 0
0 0
0 0
0 0
0 0
0 0
0 0
0 0
0 0
0 0
0 0
0 0
0 0
0 0
0 0
0 0
-0.148274 1
0 0
-0.1433 1
-0.140905 1
0 0
-0.13628 1
0 0
0 0
0 0
0 0
-0.123306 1
0 0
-0.117593 1
0 0
0 0
0 0
0 0
0 0
0 0
0 0
-0.0967034 1
-0.0936831 2
-0.0916739 2
-0.0893917 1
0 0
0 0
-0.0827328 1
0 0
-0.0772006 1
-0.0741051 1
-0.0713782 3
0 0
0 0
0 0
0 0
0 0
-0.0567872 1
0 0
-0.0497049 1
0 0
0 0
0 0
-0.040204 1
0 0
0 0
-0.0322406 1
0 0
0 0
-0.0250411 1
0 0
-0.0197079 2
-0.0171957 1
0 0
-0.0115748 1
-0.0101911 2
-0.00782529 1
0 0
-0.00162854 1
0 0
0.00255945 2
0 0
0 0
0.011411 1
0 0
0 0
0.0184577 1
0 0
0.0229204 1
0.0266566 1
0 0
0 0
0.0331669 1
0 0
0 0
0.0409194 1
0 0
0 0
0 0
0 0
0.0545581 2
0 0
0.0587791 1
0.0626652 2
0.0654725 1
0 0
0.0690559 1
0 0
0 0
0.0778667 1
0 0
0 0
0.0857632 1
0 0
0 0
0 0
0 0
0.0976092 1
0 0
0.103538 2
0 0
0 0
0.109982 1
0 0
0 0
0 0
0 0
0 0
0.125708 1
0 0
0 0
0 0
0 0
0 0
0 0
0.144772 1
0 0
0.149078 3
0 0
0 0
0.157953 1
0 0
0 0
0.1651 1
0.16774 1
0 0
0 0
0 0
0 0
0 0
0 0
0 0
0 0
0 0
0 0
0 0
0 0
0 0
0 0
0 0
0 0
0 0
0.214934 1
0 0
0 0
0 0
0 0
0 0
0 0
0 0
0 0
0 0
0 0
0 0
0 0
0 0
0 0
0 0
0.25355 1
