-0.0995154 12
-0.098284 9
-0.0973786 8
-0.0964315 8
-0.0955858 7
-0.0944412 15
-0.0934386 15
-0.0925023 11
-0.0913929 9
-0.0903977 10
-0.0894609 10
-0.0884107 18
-0.0874153 11
-0.0864516 12
-0.0853857 11
-0.0844657 11
-0.083437 8
-0.0822586 9
-0.0815921 11
-0.080389 7
-0.0794273 8
-0.0784641 10
-0.0774607 12
-0.0765928 12
-0.075287 8
-0.0746765 6
-0.0732295 10
-0.0724514 10
-0.0715218 10
-0.0703851 11
-0.0694535 10
-0.0684147 15
-0.0675296 15
-0.0664535 15
-0.0654524 15
-0.0645926 12
-0.0634535 8
-0.0624808 9
-0.0613608 12
-0.0604018 12
-0.0594037 13
-0.0585533 9
-0.0573029 10
-0.0563764 8
-0.0553937 10
-0.0545669 10
-0.0534919 11
-0.0524431 11
-0.0513068 9
-0.0504073 12
-0.0494848 9
-0.0484802 15
-0.0474252 10
-0.0465356 8
-0.0455067 12
-0.0444199 16
-0.0435744 8
-0.0425602 12
-0.0416402 10
-0.0405315 13
-0.0394311 15
-0.0384073 14
-0.0375533 12
-0.0365591 9
-0.0353505 8
-0.0345503 17
-0.0334329 14
-0.0324196 15
-0.0315189 11
-0.0305415 10
-0.0294791 13
-0.0285973 10
-0.0276304 10
-0.0266545 7
-0.0255961 13
-0.024371 5
-0.0234102 9
-0.0225644 14
-0.0215329 6
-0.0204837 14
-0.0194426 12
-0.018489 11
-0.0174463 10
-0.0166565 13
-0.0154682 12
-0.0144236 9
-0.0136261 7
-0.0125192 13
-0.0114853 13
-0.0105536 9
-0.00968991 11
-0.00849697 14
-0.00730524 10
-0.00646678 13
-0.00554336 10
-0.00456799 12
-0.00354992 16
-0.0025951 13
-0.00164028 7
-0.000592148 11
0.000452111 7
0.00148501 8
0.0024658 20
0.00340672 12
0.00444812 7
0.00554374 7
0.00627022 11
0.00735352 9
0.00825438 10
0.00948706 10
0.0105162 11
0.0114894 9
0.0125437 11
0.0134815 9
0.0144063 10
0.0154717 7
0.0164899 10
0.0173247 8
0.01844 11
0.0194708 17
0.0204717 7
0.021315 11
0.0224548 6
0.0234947 19
0.0244182 12
0.0255949 6
0.0262872 11
0.0274396 12
0.028419 9
0.0293421 16
0.0302388 5
0.0314345 14
0.0324335 9
0.0332552 7
0.034428 15
0.0353046 6
0.0364757 5
0.0373524 10
0.0385409 10
0.0392251 5
0.0404148 12
0.0412781 12
0.0422989 8
0.0435595 7
0.0444391 14
0.0454718 12
0.0464159 12
0.0474538 11
0.0483677 12
0.0494752 10
0.0505445 9
0.0511594 5
0.0522384 10
0.0532705 11
0.0545049 14
0.0554748 17
0.0563779 10
0.057617 4
0.0584671 7
0.0594086 14
0.0605754 11
0.0615247 7
0.0622136 10
0.0633959 13
0.0642393 8
0.0655444 9
0.0663888 9
0.0673452 14
0.0684701 17
0.0693921 7
0.0701912 10
0.0713125 7
0.0723486 11
0.0733875 6
0.0742648 14
0.0752005 6
0.0763356 11
0.0773398 16
0.0783504 7
0.0793431 15
0.080265 14
0.0813802 9
0.0824533 8
0.0833465 9
0.0843223 10
0.085336 9
0.0862629 9
0.0873678 9
0.0886512 6
0.0892638 11
0.0903508 20
0.0913567 6
0.0922626 9
0.0933346 8
0.0942495 7
0.0954027 5
0.0962452 10
0.0973729 17
0.0983588 11
0.0993008 6
0.0998229 1
