-0.0992143 10
-0.0983801 14
-0.0974257 17
-0.0963873 14
-0.0952689 8
-0.0941324 4
-0.0932651 6
-0.0922925 10
-0.0913359 7
-0.0903872 10
-0.0894706 10
-0.0883141 12
-0.0874006 15
-0.0863289 10
-0.0855156 8
-0.0845689 5
-0.0832833 13
-0.0823573 7
-0.0813745 11
-0.0805425 6
-0.0793664 11
-0.0784629 11
-0.0773749 13
-0.0764713 10
-0.0753435 11
-0.0744444 13
-0.0734361 12
-0.0724522 14
-0.0713437 13
-0.0704037 7
-0.0694728 11
-0.0684199 13
-0.0674187 12
-0.0663016 11
-0.0653953 13
-0.0644647 9
-0.0633582 18
-0.0624699 8
-0.0613599 11
-0.0603901 14
-0.0594311 12
-0.0584424 9
-0.0575045 8
-0.0564505 7
-0.0553603 8
-0.054132 5
-0.053397 11
-0.0524783 10
-0.0514174 12
-0.0503338 11
-0.0494327 14
-0.0484146 15
-0.0473631 13
-0.0463608 6
-0.0454161 12
-0.0444836 16
-0.0433453 8
-0.042441 11
-0.0413071 11
-0.0403332 11
-0.0394826 9
-0.0385597 11
-0.0376029 11
-0.0363671 11
-0.0352864 10
-0.0344272 11
-0.0334102 10
-0.0323561 9
-0.0315223 8
-0.0304458 7
-0.0294427 11
-0.0286186 14
-0.0274785 8
-0.0263942 10
-0.0253378 7
-0.0243169 10
-0.023491 10
-0.0226091 14
-0.0212988 8
-0.0205566 10
-0.0193264 7
-0.0182586 8
-0.017401 15
-0.016362 12
-0.0156308 9
-0.0144337 9
-0.0135084 7
-0.0124831 17
-0.0113712 8
-0.0103371 9
-0.00951512 11
-0.0084704 9
-0.00741274 8
-0.00658515 12
-0.00538438 10
-0.00438099 12
-0.00340825 6
-0.00245887 16
-0.00147173 7
-0.000406836 7
0.00058451 10
0.00148943 14
0.00249612 15
0.00344724 6
0.00435634 6
0.00544604 14
0.00652314 21
0.00752984 10
0.00848397 9
0.00956242 12
0.010535 13
0.0114905 13
0.0126429 7
0.0133891 11
0.0145951 10
0.0154152 10
0.0165426 9
0.0175163 8
0.0186147 9
0.0196207 18
0.0205246 13
0.0215529 12
0.0224354 5
0.0235353 8
0.0244708 10
0.0256318 11
0.0265933 8
0.0275907 10
0.0284974 10
0.0294911 14
0.0305221 9
0.0314134 8
0.0323632 6
0.0334366 11
0.034452 10
0.0354975 7
0.0363499 10
0.0374962 11
0.0386298 8
0.0396017 6
0.0405753 7
0.0414301 12
0.042532 6
0.0434867 7
0.044563 13
0.0455632 9
0.0464374 9
0.047379 10
0.048636 16
0.0493633 8
0.0504278 8
0.0514728 11
0.0523751 11
0.0534735 15
0.0545141 13
0.0555645 9
0.0563631 6
0.0574783 14
0.0586375 15
0.0595008 18
0.060444 13
0.0615148 9
0.0625157 6
0.0632673 10
0.0645066 13
0.0654976 10
0.066377 11
0.0676441 9
0.0686576 8
0.0695572 11
0.070539 14
0.0714446 15
0.0726163 7
0.0734659 11
0.0745324 5
0.0755142 11
0.0764979 11
0.0775748 13
0.0784446 10
0.0794421 14
0.0804968 11
0.0816176 5
0.0824683 13
0.0834397 11
0.0843447 8
0.0854465 10
0.0865894 11
0.0873527 8
0.0883648 8
0.0891886 11
0.0904749 11
0.0914681 5
0.0923932 14
0.0934996 9
0.0943632 11
0.0955785 7
0.0965739 15
0.0971773 7
0.0983688 8
0.0993984 16
0.0999215 1
