0.000000 0.000000 0.000000 0.000000 0.000000 
0.000000 0.000000 0.000000 0.000000 0.000000 
0.000000 0.000000 0.000000 0.000000 0.000000 
0.000000 0.000000 0.000000 0.000000 0.000000 
0.000000 0.000000 0.000000 0.000000 0.000000 
0.000000 0.000000 0.000000 0.000000 0.000000 
0.000000 0.000000 0.000000 0.000000 0.000000 
0.000000 0.000000 0.000000 0.000000 0.000000 
-1.000000 -0.000526 0.000000 0.000000 0.000000 
-1.000000 -0.000193 0.000000 0.000000 0.000000 
-1.000000 -0.000071 0.000000 0.000000 0.000000 
-1.000000 -0.000026 0.000000 0.000000 0.000000 
-1.000000 -0.000010 0.000000 0.000000 0.000000 
-1.000000 -0.000004 0.000000 0.000000 0.000000 
-1.000000 -0.000001 0.000000 0.000000 0.000000 
-1.000000 -0.000000 0.000000 0.000000 0.000000 
-1.000000 -0.000000 0.000000 0.000000 0.000000 
-1.000000 -0.000000 0.000000 0.000000 0.000000 
-1.000000 -0.000000 0.000000 0.000000 0.000000 
-0.100000 0.000658 0.000000 0.000000 0.000000 
-0.100000 0.000242 0.000000 0.000000 0.000000 
2.000000 0.001790 0.000000 0.000000 0.000000 
2.000000 0.000658 0.000000 0.000000 0.000000 
1.000000 -0.000185 0.000000 0.000000 0.000000 
1.000000 -0.000068 0.000000 0.000000 0.000000 
1.000000 -0.000025 0.000000 0.000000 0.000000 
1.000000 -0.000009 0.000000 0.000000 0.000000 
1.000000 -0.000003 0.000000 0.000000 0.000000 
1.000000 -0.000001 0.000000 0.000000 0.000000 
1.000000 -0.000000 0.000000 0.000000 0.000000 
1.000000 -0.000000 0.000000 0.000000 0.000000 
1.000000 -0.000000 0.000000 0.000000 0.000000 
1.000000 -0.000000 0.000000 0.000000 0.000000 
1.200000 0.000182 0.000000 0.000000 0.000000 
1.200000 0.000067 0.000000 0.000000 0.000000 
1.200000 0.000025 0.000000 0.000000 0.000000 
3.299999 0.001804 0.000000 0.000000 0.000000 
3.299999 0.000663 0.000000 0.000000 0.000000 
11.000006 0.005390 0.000000 0.000000 0.000000 
15.400023 0.004638 0.000000 0.000000 0.000000 
15.500023 0.001750 0.000000 0.000000 0.000000 
15.500023 0.000643 0.000000 0.000000 0.000000 
17.000029 0.001256 0.000000 0.000000 0.000000 
19.700039 0.002588 0.000000 0.000000 0.000000 
20.100040 0.001125 0.000000 0.000000 0.000000 
20.100040 0.000414 0.000000 0.000000 0.000000 
20.100040 0.000152 0.000000 0.000000 0.000000 
19.100040 -0.000914 0.000000 0.000000 0.000000 
19.100040 -0.000336 0.000000 0.000000 0.000000 
19.200041 -0.000069 0.000000 0.000000 0.000000 
19.200041 -0.000025 0.000000 0.000000 0.000000 
22.600058 0.001694 0.000000 0.000000 0.000000 
15.900059 -0.004074 0.000000 0.000000 0.000000 
15.900059 -0.001498 0.000000 0.000000 0.000000 
15.900059 -0.000551 0.000000 0.000000 0.000000 
15.900059 -0.000203 0.000000 0.000000 0.000000 
15.900059 -0.000074 0.000000 0.000000 0.000000 
15.900059 -0.000027 0.000000 0.000000 0.000000 
15.900059 -0.000010 0.000000 0.000000 0.000000 
15.900059 -0.000004 0.000000 0.000000 0.000000 
15.900059 -0.000001 0.000000 0.000000 0.000000 
14.900059 -0.000640 0.000000 0.000000 0.000000 
18.800074 0.002069 0.000000 0.000000 0.000000 
20.700081 0.001825 0.000000 0.000000 0.000000 
20.700081 0.000671 0.000000 0.000000 0.000000 
22.200087 0.001218 0.000000 0.000000 0.000000 
22.200087 0.000448 0.000000 0.000000 0.000000 
22.200087 0.000165 0.000000 0.000000 0.000000 
22.200087 0.000061 0.000000 0.000000 0.000000 
21.700089 0.000084 0.000000 0.000000 0.000000 
21.900089 0.000105 0.000000 0.000000 0.000000 
28.800116 0.004480 0.000000 0.000000 0.000000 
28.800116 0.001647 0.000000 0.000000 0.000000 
28.800116 0.000606 0.000000 0.000000 0.000000 
28.800116 0.000223 0.000000 0.000000 0.000000 
31.600130 0.002177 0.000000 0.000000 0.000000 
35.100082 0.003055 0.000000 0.000000 0.000000 
40.599998 0.004765 0.000000 0.000000 0.000000 
46.699905 0.005592 0.000000 0.000000 0.000000 
56.799751 0.008131 0.000000 0.000000 0.000000 
58.199730 0.003716 0.000000 0.000000 0.000000 
58.199730 0.001366 0.000000 0.000000 0.000000 
64.899628 0.004848 0.000000 0.000000 0.000000 
65.799614 0.002202 0.000000 0.000000 0.000000 
65.799614 0.000810 0.000000 0.000000 0.000000 
73.199501 0.004967 0.000000 0.000000 0.000000 
73.399498 0.001911 0.000000 0.000000 0.000000 
73.399498 0.000703 0.000000 0.000000 0.000000 
80.599388 0.004656 0.000000 0.000000 0.000000 
88.199272 0.006585 0.000000 0.000000 0.000000 
97.099136 0.008476 0.000000 0.000000 0.000000 
104.899017 0.008170 0.000000 0.000000 0.000000 
112.298904 0.008001 0.000000 0.000000 0.000000 
121.198769 0.008881 0.000000 0.000000 0.000000 
126.598686 0.006306 0.000000 0.000000 0.000000 
126.598686 0.002319 0.000000 0.000000 0.000000 
119.598686 -0.003810 0.000000 0.000000 0.000000 
125.998589 0.002788 0.000000 0.000000 0.000000 
126.898575 0.001515 0.000000 0.000000 0.000000 
120.898575 -0.003583 0.000000 0.000000 0.000000 
120.898575 -0.001318 0.000000 0.000000 0.000000 
120.898575 -0.000484 0.000000 0.000000 0.000000 
120.898575 -0.000178 0.000000 0.000000 0.000000 
120.898575 -0.000065 0.000000 0.000000 0.000000 
119.898575 -0.000613 0.000000 0.000000 0.000000 
119.898575 -0.000225 0.000000 0.000000 0.000000 
119.898575 -0.000083 0.000000 0.000000 0.000000 
119.898575 -0.000030 0.000000 0.000000 0.000000 
119.898575 -0.000011 0.000000 0.000000 0.000000 
119.898575 -0.000004 0.000000 0.000000 0.000000 
119.898575 -0.000002 0.000000 0.000000 0.000000 
119.898575 -0.000001 0.000000 0.000000 0.000000 
119.898575 -0.000000 0.000000 0.000000 0.000000 
118.898575 -0.000390 0.000000 0.000000 0.000000 
118.898575 -0.000143 0.000000 0.000000 0.000000 
118.898575 -0.000053 0.000000 0.000000 0.000000 
118.898575 -0.000019 0.000000 0.000000 0.000000 
118.898575 -0.000007 0.000000 0.000000 0.000000 
118.898575 -0.000003 0.000000 0.000000 0.000000 
118.898575 -0.000001 0.000000 0.000000 0.000000 
118.898575 -0.000000 0.000000 0.000000 0.000000 
117.898575 -0.000703 0.000000 0.000000 0.000000 
117.898575 -0.000259 0.000000 0.000000 0.000000 
117.898575 -0.000095 0.000000 0.000000 0.000000 
117.898575 -0.000035 0.000000 0.000000 0.000000 
117.898575 -0.000013 0.000000 0.000000 0.000000 
117.898575 -0.000005 0.000000 0.000000 0.000000 
117.898575 -0.000002 0.000000 0.000000 0.000000 
117.898575 -0.000001 0.000000 0.000000 0.000000 
116.898575 -0.000760 0.000000 0.000000 0.000000 
120.898514 0.002190 0.000000 0.000000 0.000000 
122.198494 0.001651 0.000000 0.000000 0.000000 
123.098480 0.001015 0.000000 0.000000 0.000000 
129.698502 0.004515 0.000000 0.000000 0.000000 
129.798569 0.001612 0.000000 0.000000 0.000000 
128.798569 -0.000036 0.000000 0.000000 0.000000 
134.198898 0.003094 0.000000 0.000000 0.000000 
141.299332 0.005670 0.000000 0.000000 0.000000 
143.399521 0.003570 0.000000 0.000000 0.000000 
147.399826 0.003774 0.000000 0.000000 0.000000 
154.800278 0.005652 0.000000 0.000000 0.000000 
161.500687 0.006192 0.000000 0.000000 0.000000 
166.300980 0.005464 0.000000 0.000000 0.000000 
173.001389 0.006315 0.000000 0.000000 0.000000 
181.501907 0.008076 0.000000 0.000000 0.000000 
188.402328 0.007125 0.000000 0.000000 0.000000 
196.002792 0.007838 0.000000 0.000000 0.000000 
203.803268 0.007869 0.000000 0.000000 0.000000 
212.703812 0.008478 0.000000 0.000000 0.000000 
220.204269 0.007482 0.000000 0.000000 0.000000 
230.204880 0.009353 0.000000 0.000000 0.000000 
231.104935 0.003896 0.000000 0.000000 0.000000 
231.104935 0.001433 0.000000 0.000000 0.000000 
227.204941 -0.002208 0.000000 0.000000 0.000000 
227.204941 -0.000812 0.000000 0.000000 0.000000 
227.204941 -0.000299 0.000000 0.000000 0.000000 
225.204941 -0.001345 0.000000 0.000000 0.000000 
228.705154 0.002091 0.000000 0.000000 0.000000 
224.805161 -0.001825 0.000000 0.000000 0.000000 
228.505386 0.001301 0.000000 0.000000 0.000000 
228.605392 0.000540 0.000000 0.000000 0.000000 
228.605392 0.000199 0.000000 0.000000 0.000000 
228.605392 0.000073 0.000000 0.000000 0.000000 
228.605392 0.000027 0.000000 0.000000 0.000000 
228.605392 0.000010 0.000000 0.000000 0.000000 
232.605637 0.002126 0.000000 0.000000 0.000000 
232.905655 0.000895 0.000000 0.000000 0.000000 
232.905655 0.000329 0.000000 0.000000 0.000000 
239.506058 0.004468 0.000000 0.000000 0.000000 
240.006088 0.001829 0.000000 0.000000 0.000000 
239.006088 0.000237 0.000000 0.000000 0.000000 
245.406479 0.004167 0.000000 0.000000 0.000000 
250.406784 0.004668 0.000000 0.000000 0.000000 
254.207016 0.003983 0.000000 0.000000 0.000000 
263.707581 0.007658 0.000000 0.000000 0.000000 
269.207916 0.005999 0.000000 0.000000 0.000000 
267.307922 0.000394 0.000000 0.000000 0.000000 
260.307922 -0.004850 0.000000 0.000000 0.000000 
267.408356 0.002494 0.000000 0.000000 0.000000 
267.608368 0.000998 0.000000 0.000000 0.000000 
271.808624 0.003168 0.000000 0.000000 0.000000 
280.609161 0.006925 0.000000 0.000000 0.000000 
289.209686 0.007924 0.000000 0.000000 0.000000 
297.210175 0.008053 0.000000 0.000000 0.000000 
301.610443 0.005415 0.000000 0.000000 0.000000 
305.710693 0.004221 0.000000 0.000000 0.000000 
308.910889 0.004197 0.000000 0.000000 0.000000 
315.711304 0.005887 0.000000 0.000000 0.000000 
324.111816 0.007952 0.000000 0.000000 0.000000 
331.712280 0.007978 0.000000 0.000000 0.000000 
338.712708 0.007517 0.000000 0.000000 0.000000 
346.413177 0.008072 0.000000 0.000000 0.000000 
351.313477 0.005754 0.000000 0.000000 0.000000 
355.013702 0.004579 0.000000 0.000000 0.000000 
362.814178 0.006316 0.000000 0.000000 0.000000 
366.014374 0.004121 0.000000 0.000000 0.000000 
369.714600 0.004268 0.000000 0.000000 0.000000 
377.915100 0.006900 0.000000 0.000000 0.000000 
385.415558 0.007233 0.000000 0.000000 0.000000 
392.015961 0.007447 0.000000 0.000000 0.000000 
398.016327 0.006548 0.000000 0.000000 0.000000 
404.816742 0.006727 0.000000 0.000000 0.000000 
412.617218 0.007200 0.000000 0.000000 0.000000 
418.317566 0.006279 0.000000 0.000000 0.000000 
417.917664 0.001901 0.000000 0.000000 0.000000 
413.017670 -0.002380 0.000000 0.000000 0.000000 
412.017670 -0.001554 0.000000 0.000000 0.000000 
417.518005 0.002802 0.000000 0.000000 0.000000 
425.218475 0.005755 0.000000 0.000000 0.000000 
432.718933 0.006984 0.000000 0.000000 0.000000 
441.119446 0.007972 0.000000 0.000000 0.000000 
446.019745 0.005576 0.000000 0.000000 0.000000 
453.420197 0.006751 0.000000 0.000000 0.000000 
459.420563 0.006032 0.000000 0.000000 0.000000 
465.320923 0.005959 0.000000 0.000000 0.000000 
472.621368 0.006725 0.000000 0.000000 0.000000 
480.321838 0.007024 0.000000 0.000000 0.000000 
490.522461 0.008887 0.000000 0.000000 0.000000 
499.423004 0.009064 0.000000 0.000000 0.000000 
505.323364 0.007288 0.000000 0.000000 0.000000 
511.223724 0.006403 0.000000 0.000000 0.000000 
518.422180 0.006705 0.000000 0.000000 0.000000 
521.721375 0.004715 0.000000 0.000000 0.000000 
526.020325 0.004281 0.000000 0.000000 0.000000 
533.718445 0.005961 0.000000 0.000000 0.000000 
543.216125 0.008352 0.000000 0.000000 0.000000 
550.814270 0.007700 0.000000 0.000000 0.000000 
549.213928 0.001700 0.000000 0.000000 0.000000 
556.112244 0.004633 0.000000 0.000000 0.000000 
561.011047 0.004641 0.000000 0.000000 0.000000 
568.109314 0.006194 0.000000 0.000000 0.000000 
573.607971 0.005716 0.000000 0.000000 0.000000 
579.406555 0.005859 0.000000 0.000000 0.000000 
589.604065 0.008489 0.000000 0.000000 0.000000 
598.101990 0.008822 0.000000 0.000000 0.000000 
603.000793 0.006459 0.000000 0.000000 0.000000 
612.798401 0.008555 0.000000 0.000000 0.000000 
622.695984 0.009899 0.000000 0.000000 0.000000 
619.395813 0.001106 0.000000 0.000000 0.000000 
618.395813 -0.000095 0.000000 0.000000 0.000000 
618.395813 -0.000035 0.000000 0.000000 0.000000 
624.294373 0.004027 0.000000 0.000000 0.000000 
631.892517 0.006262 0.000000 0.000000 0.000000 
639.990540 0.007060 0.000000 0.000000 0.000000 
647.388733 0.006849 0.000000 0.000000 0.000000 
654.786926 0.006620 0.000000 0.000000 0.000000 
664.184631 0.008388 0.000000 0.000000 0.000000 
669.983215 0.007246 0.000000 0.000000 0.000000 
677.281433 0.007400 0.000000 0.000000 0.000000 
685.179504 0.007704 0.000000 0.000000 0.000000 
693.877380 0.008439 0.000000 0.000000 0.000000 
703.375061 0.008667 0.000000 0.000000 0.000000 
701.874451 0.002478 0.000000 0.000000 0.000000 
702.274353 0.001062 0.000000 0.000000 0.000000 
702.774231 0.000785 0.000000 0.000000 0.000000 
703.674011 0.000901 0.000000 0.000000 0.000000 
699.674011 -0.001827 0.000000 0.000000 0.000000 
698.674011 -0.001047 0.000000 0.000000 0.000000 
689.674011 -0.006210 0.000000 0.000000 0.000000 
680.674011 -0.007855 0.000000 0.000000 0.000000 
672.674011 -0.007867 0.000000 0.000000 0.000000 
672.674011 -0.002893 0.000000 0.000000 0.000000 
671.674011 -0.001742 0.000000 0.000000 0.000000 
671.674011 -0.000640 0.000000 0.000000 0.000000 
671.674011 -0.000236 0.000000 0.000000 0.000000 
671.674011 -0.000087 0.000000 0.000000 0.000000 
670.973938 -0.000467 0.000000 0.000000 0.000000 
670.973938 -0.000172 0.000000 0.000000 0.000000 
670.973938 -0.000063 0.000000 0.000000 0.000000 
670.973938 -0.000023 0.000000 0.000000 0.000000 
670.973938 -0.000009 0.000000 0.000000 0.000000 
670.973938 -0.000003 0.000000 0.000000 0.000000 
670.973938 -0.000001 0.000000 0.000000 0.000000 
670.973938 -0.000000 0.000000 0.000000 0.000000 
670.973938 -0.000000 0.000000 0.000000 0.000000 
670.973938 -0.000000 0.000000 0.000000 0.000000 
670.973938 -0.000000 0.000000 0.000000 0.000000 
670.973938 -0.000000 0.000000 0.000000 0.000000 
670.973938 -0.000000 0.000000 0.000000 0.000000 
671.273865 0.000173 0.000000 0.000000 0.000000 
671.273865 0.000064 0.000000 0.000000 0.000000 
671.273865 0.000023 0.000000 0.000000 0.000000 
670.273865 -0.000941 0.000000 0.000000 0.000000 
661.673767 -0.005747 0.000000 0.000000 0.000000 
662.373596 -0.001601 0.000000 0.000000 0.000000 
662.373596 -0.000589 0.000000 0.000000 0.000000 
662.873474 -0.000022 0.000000 0.000000 0.000000 
662.873474 -0.000008 0.000000 0.000000 0.000000 
662.873474 -0.000003 0.000000 0.000000 0.000000 
662.873474 -0.000001 0.000000 0.000000 0.000000 
662.873474 -0.000000 0.000000 0.000000 0.000000 
664.673035 0.001258 0.000000 0.000000 0.000000 
664.773010 0.000502 0.000000 0.000000 0.000000 
668.572083 0.002508 0.000000 0.000000 0.000000 
668.572083 0.000922 0.000000 0.000000 0.000000 
666.572083 -0.000924 0.000000 0.000000 0.000000 
672.970520 0.003926 0.000000 0.000000 0.000000 
680.068787 0.005840 0.000000 0.000000 0.000000 
689.766418 0.008333 0.000000 0.000000 0.000000 
696.864685 0.007539 0.000000 0.000000 0.000000 
