0.000000 0.000000 0.000000 0.000000 0.000000 
0.000000 0.000000 0.000000 0.000000 0.000000 
-11.333340 -0.006440 38.000000 24.000000 0.102667 
-15.333336 -0.003740 83.000000 43.000000 0.203713 
-29.333305 -0.010733 131.000000 73.000000 0.276817 
-48.000008 -0.016184 168.000000 104.000000 0.309498 
-60.333385 -0.012714 203.000000 128.000000 0.341286 
-63.333389 -0.005765 245.000000 145.000000 0.390824 
-61.000042 0.000041 300.000000 161.000000 0.453075 
-58.666771 0.001568 349.000000 175.000000 0.497115 
-71.666786 -0.009159 397.000000 204.000000 0.495541 
-87.000008 -0.012461 441.000000 234.000000 0.489691 
-93.666565 -0.010171 484.000000 255.000000 0.501339 
-105.999779 -0.012208 531.000000 283.000000 0.500709 
-104.999657 -0.002320 579.000000 298.000000 0.532963 
-110.666183 -0.004987 634.000000 322.000000 0.543879 
-119.666084 -0.005936 673.000000 344.000000 0.539461 
-125.332642 -0.005798 716.000000 364.000000 0.544421 
-142.666092 -0.013448 760.000000 396.000000 0.520256 
-153.666336 -0.010948 808.000000 423.000000 0.520558 
-161.333206 -0.009820 848.000000 444.000000 0.522292 
-166.000076 -0.005841 888.000000 462.000000 0.532131 
-166.667053 -0.001948 949.000000 483.000000 0.558787 
-176.000610 -0.007269 993.000000 507.000000 0.550382 
-172.334198 -0.002066 1043.000000 520.000000 0.576797 
-184.001099 -0.010558 1089.000000 547.000000 0.557465 
-205.001266 -0.018532 1122.000000 579.000000 0.516505 
-218.334854 -0.015109 1172.000000 609.000000 0.512131 
-223.668335 -0.009104 1201.000000 624.000000 0.515726 
-225.668564 -0.003204 1246.000000 641.000000 0.536518 
-229.668777 -0.004469 1288.000000 659.000000 0.544726 
-235.669006 -0.004439 1333.000000 680.000000 0.549736 
-240.002625 -0.004888 1389.000000 703.000000 0.559932 
-245.336151 -0.004957 1427.000000 721.000000 0.559755 
-238.336411 0.002073 1478.000000 731.000000 0.594819 
-256.336578 -0.010093 1517.000000 762.000000 0.555486 
-260.336487 -0.007734 1565.000000 782.000000 0.561382 
-264.669342 -0.007413 1612.000000 802.000000 0.564400 
-269.668854 -0.005200 1660.000000 823.000000 0.567945 
-271.668365 -0.003247 1708.000000 841.000000 0.577536 
-285.001282 -0.010397 1749.000000 868.000000 0.554289 
-281.000824 -0.001012 1794.000000 879.000000 0.581505 
-280.666962 -0.000322 1846.000000 896.000000 0.595368 
-297.999969 -0.010882 1878.000000 924.000000 0.555199 
-308.999634 -0.011285 1911.000000 946.000000 0.539955 
-311.665771 -0.006105 1963.000000 966.000000 0.555224 
-312.665253 -0.003871 2014.000000 984.000000 0.569855 
-316.331421 -0.003785 2063.000000 1004.000000 0.575752 
-312.997559 0.000631 2115.000000 1018.000000 0.598914 
-325.330536 -0.009675 2150.000000 1042.000000 0.570606 
-316.996613 0.002804 2208.000000 1053.000000 0.610451 
-320.662781 -0.001656 2257.000000 1073.000000 0.606705 
-319.662170 -0.000977 2317.000000 1092.000000 0.617094 
-329.995026 -0.007415 2364.000000 1118.000000 0.593446 
-333.994507 -0.005203 2415.000000 1139.000000 0.593486 
-331.660614 0.001039 2470.000000 1155.000000 0.612635 
-328.993439 0.001719 2520.000000 1169.000000 0.625835 
-333.326294 -0.002181 2567.000000 1189.000000 0.617016 
-322.992310 0.004916 2631.000000 1200.000000 0.651032 
-321.658447 0.002596 2683.000000 1216.000000 0.652984 
-320.991302 -0.000131 2730.000000 1231.000000 0.651369 
-318.657471 0.000773 2779.000000 1245.000000 0.655741 
-319.990295 -0.000133 2829.000000 1263.000000 0.649657 
-318.323120 0.000334 2879.000000 1278.000000 0.652329 
-327.656036 -0.005313 2920.000000 1301.000000 0.624351 
-326.988831 -0.000698 2973.000000 1318.000000 0.631268 
-327.988403 -0.000086 3015.000000 1333.000000 0.631069 
-324.654541 0.002739 3067.000000 1347.000000 0.643750 
-316.987305 0.005783 3123.000000 1358.000000 0.665273 
-306.986725 0.008211 3180.000000 1367.000000 0.689808 
-294.319458 0.009854 3239.000000 1374.000000 0.716403 
-282.652161 0.010425 3301.000000 1383.000000 0.733664 
-277.651550 0.006911 3361.000000 1398.000000 0.727363 
-264.317627 0.011434 3419.000000 1404.000000 0.750747 
-263.317139 0.004005 3467.000000 1419.000000 0.731336 
-250.316940 0.010189 3521.000000 1424.000000 0.754721 
-239.983887 0.010078 3576.000000 1432.000000 0.763883 
-229.984161 0.010184 3630.000000 1440.000000 0.771052 
-224.317734 0.007543 3677.000000 1450.000000 0.765378 
-216.318024 0.007001 3734.000000 1461.000000 0.762798 
-204.984955 0.009360 3786.000000 1467.000000 0.775419 
-202.318558 0.005202 3839.000000 1482.000000 0.755577 
-188.318848 0.010819 3896.000000 1487.000000 0.777308 
-180.319153 0.010193 3956.000000 1499.000000 0.772584 
-173.652802 0.008217 4018.000000 1513.000000 0.762824 
-166.653107 0.007207 4078.000000 1526.000000 0.756397 
-156.320084 0.009841 4139.000000 1536.000000 0.763299 
-144.320374 0.011656 4196.000000 1543.000000 0.776474 
-132.987335 0.011379 4254.000000 1551.000000 0.783194 
-120.653999 0.010770 4297.000000 1553.000000 0.801456 
-121.320557 0.003936 4340.000000 1568.000000 0.770742 
-110.653755 0.009272 4393.000000 1575.000000 0.780295 
-100.986946 0.008674 4449.000000 1584.000000 0.781440 
-85.320122 0.012705 4511.000000 1589.000000 0.800219 
-77.986633 0.010014 4572.000000 1602.000000 0.787280 
-66.319832 0.010072 4625.000000 1608.000000 0.795826 
-50.319885 0.014002 4685.000000 1612.000000 0.815022 
-38.653297 0.012486 4747.000000 1621.000000 0.812622 
-27.319992 0.011865 4814.000000 1632.000000 0.806322 
-9.653301 0.016393 4882.000000 1637.000000 0.824168 
6.680036 0.015431 4949.000000 1643.000000 0.832585 
16.680037 0.010605 5006.000000 1652.000000 0.823177 
27.680075 0.010996 5066.000000 1661.000000 0.818464 
42.013355 0.012249 5130.000000 1668.000000 0.823306 
54.679939 0.012909 5195.000000 1677.000000 0.821180 
70.013260 0.015179 5268.000000 1686.000000 0.823993 
73.346718 0.007790 5317.000000 1699.000000 0.798922 
81.013550 0.007291 5382.000000 1713.000000 0.783873 
94.347061 0.011144 5452.000000 1723.000000 0.789951 
115.347229 0.017044 5518.000000 1724.000000 0.823595 
128.347366 0.014459 5578.000000 1731.000000 0.826394 
140.347046 0.012022 5641.000000 1740.000000 0.821024 
159.680008 0.016771 5714.000000 1745.000000 0.837714 
168.679749 0.013438 5765.000000 1753.000000 0.831464 
184.679474 0.015684 5819.000000 1755.000000 0.849380 
198.679184 0.015184 5876.000000 1760.000000 0.854126 
213.678833 0.014918 5945.000000 1768.000000 0.851507 
231.345215 0.016252 6001.000000 1769.000000 0.870263 
247.344910 0.016072 6061.000000 1773.000000 0.874914 
257.344696 0.012585 6124.000000 1784.000000 0.854071 
268.678680 0.011506 6188.000000 1794.000000 0.840813 
286.679352 0.015707 6254.000000 1798.000000 0.854024 
296.679962 0.013006 6314.000000 1808.000000 0.839947 
309.347260 0.012830 6376.000000 1816.000000 0.836707 
328.014679 0.016288 6450.000000 1822.000000 0.846630 
344.015289 0.015602 6510.000000 1826.000000 0.855320 
349.349121 0.008939 6559.000000 1837.000000 0.831775 
357.349701 0.008546 6616.000000 1848.000000 0.816324 
364.350311 0.008400 6676.000000 1861.000000 0.799599 
380.017639 0.013562 6741.000000 1867.000000 0.813412 
393.684875 0.014581 6797.000000 1872.000000 0.823798 
409.685638 0.015132 6872.000000 1881.000000 0.825956 
419.686310 0.010773 6938.000000 1893.000000 0.811246 
425.686890 0.008778 6995.000000 1906.000000 0.794022 
436.354156 0.010020 7054.000000 1915.000000 0.795074 
453.688171 0.015394 7121.000000 1920.000000 0.814579 
472.355438 0.018414 7180.000000 1921.000000 0.841199 
485.355988 0.015848 7234.000000 1926.000000 0.846168 
498.023315 0.013349 7299.000000 1935.000000 0.838488 
513.357178 0.014785 7363.000000 1941.000000 0.844146 
523.022583 0.010835 7425.000000 1952.000000 0.827762 
540.687927 0.014680 7490.000000 1956.000000 0.842621 
550.686951 0.011998 7538.000000 1962.000000 0.840482 
556.352783 0.007155 7579.000000 1970.000000 0.826752 
568.018372 0.009349 7632.000000 1976.000000 0.828801 
583.016907 0.013076 7704.000000 1985.000000 0.827909 
592.349060 0.010955 7762.000000 1995.000000 0.817931 
607.347656 0.013069 7831.000000 2003.000000 0.821707 
621.012939 0.013361 7899.000000 2012.000000 0.820499 
635.011963 0.012960 7947.000000 2014.000000 0.836729 
647.010864 0.010967 8001.000000 2020.000000 0.836498 
654.676514 0.009703 8051.000000 2029.000000 0.825017 
668.342102 0.012418 8104.000000 2033.000000 0.835551 
684.007507 0.013868 8166.000000 2038.000000 0.843834 
700.339539 0.015250 8230.000000 2043.000000 0.851882 
719.004822 0.018225 8298.000000 2047.000000 0.864304 
731.336914 0.014038 8359.000000 2055.000000 0.855090 
748.335510 0.015777 8428.000000 2061.000000 0.859344 
765.334351 0.015821 8485.000000 2063.000000 0.873157 
779.666382 0.016115 8549.000000 2070.000000 0.868304 
793.998657 0.014589 8601.000000 2073.000000 0.875517 
810.997375 0.016280 8664.000000 2077.000000 0.880526 
829.996094 0.018588 8727.000000 2079.000000 0.893149 
848.328186 0.018544 8788.000000 2081.000000 0.903243 
861.660400 0.015455 8843.000000 2086.000000 0.897551 
872.992615 0.012248 8898.000000 2093.000000 0.883791 
887.324890 0.013877 8950.000000 2096.000000 0.888125 
905.990112 0.016976 9021.000000 2101.000000 0.889786 
924.988892 0.017790 9081.000000 2102.000000 0.903589 
938.321167 0.014744 9133.000000 2106.000000 0.900719 
953.986572 0.015117 9195.000000 2111.000000 0.896905 
966.652039 0.013968 9254.000000 2118.000000 0.885298 
982.650635 0.015433 9323.000000 2125.000000 0.879089 
994.316284 0.013357 9373.000000 2130.000000 0.875879 
1014.314941 0.017326 9439.000000 2132.000000 0.889797 
1034.315674 0.018471 9502.000000 2133.000000 0.904317 
1052.318237 0.018692 9565.000000 2136.000000 0.909068 
1066.987305 0.015982 9624.000000 2141.000000 0.902872 
1082.656494 0.015781 9686.000000 2146.000000 0.899268 
1094.658813 0.014010 9743.000000 2153.000000 0.886908 
1112.661865 0.017223 9818.000000 2160.000000 0.882585 
1127.664185 0.016437 9875.000000 2164.000000 0.885073 
1139.666138 0.013346 9923.000000 2168.000000 0.883894 
1152.668457 0.011754 9980.000000 2174.000000 0.876675 
1167.004150 0.013840 10038.000000 2179.000000 0.876658 
1184.340210 0.016481 10105.000000 2184.000000 0.879720 
1203.342651 0.018003 10165.000000 2185.000000 0.895226 
1217.345459 0.015381 10234.000000 2194.000000 0.878883 
1233.014648 0.016674 10296.000000 2199.000000 0.880079 
1251.350586 0.017097 10360.000000 2202.000000 0.888273 
1264.019531 0.014336 10416.000000 2208.000000 0.880973 
1273.688110 0.012024 10463.000000 2214.000000 0.872006 
1292.357544 0.017267 10531.000000 2218.000000 0.880507 
1312.360596 0.018029 10606.000000 2223.000000 0.884082 
1330.363159 0.018329 10669.000000 2226.000000 0.892215 
1343.698486 0.014403 10718.000000 2229.000000 0.894543 
1353.700684 0.011399 10772.000000 2237.000000 0.876905 
1376.703857 0.018925 10850.000000 2240.000000 0.891002 
1393.039673 0.018000 10911.000000 2244.000000 0.892806 
1410.375366 0.016874 10969.000000 2246.000000 0.901093 
1427.378052 0.016784 11035.000000 2251.000000 0.898494 
1446.714355 0.018391 11108.000000 2256.000000 0.898466 
1465.716797 0.019329 11168.000000 2257.000000 0.911124 
1477.385620 0.015702 11221.000000 2263.000000 0.899756 
1488.054443 0.012001 11274.000000 2270.000000 0.885191 
1505.056763 0.015169 11331.000000 2272.000000 0.895122 
1527.726685 0.020411 11411.000000 2276.000000 0.902205 
1548.062866 0.020065 11481.000000 2279.000000 0.908258 
1567.065918 0.020184 11556.000000 2285.000000 0.902861 
1582.734985 0.016767 11615.000000 2289.000000 0.901606 
1601.737427 0.017763 11675.000000 2290.000000 0.913497 
1615.072998 0.014746 11730.000000 2295.000000 0.905464 
1637.409180 0.019507 11800.000000 2296.000000 0.919527 
1649.745117 0.014725 11864.000000 2305.000000 0.896315 
1662.080566 0.013523 11916.000000 2310.000000 0.891090 
1675.749390 0.013714 11969.000000 2314.000000 0.890730 
1688.084595 0.012578 12015.000000 2317.000000 0.892304 
1699.420410 0.011527 12076.000000 2326.000000 0.873143 
1712.755859 0.013855 12128.000000 2330.000000 0.876248 
1726.758179 0.014488 12185.000000 2335.000000 0.875846 
1741.760742 0.015593 12248.000000 2341.000000 0.874756 
1756.763672 0.014367 12320.000000 2350.000000 0.862745 
1772.099487 0.014528 12381.000000 2355.000000 0.866054 
1785.435181 0.013426 12439.000000 2361.000000 0.862928 
1803.771362 0.016732 12509.000000 2366.000000 0.870175 
1815.773804 0.013411 12569.000000 2374.000000 0.859505 
1832.776489 0.016019 12635.000000 2379.000000 0.865510 
1847.112183 0.014388 12693.000000 2384.000000 0.866653 
1862.114624 0.013920 12753.000000 2389.000000 0.867990 
1876.783691 0.014901 12812.000000 2394.000000 0.869937 
1889.786377 0.015403 12878.000000 2403.000000 0.859807 
1900.788818 0.013357 12938.000000 2412.000000 0.848050 
1918.458130 0.016132 13003.000000 2416.000000 0.859342 
1930.793823 0.013106 13061.000000 2423.000000 0.853748 
1949.130005 0.015591 13131.000000 2428.000000 0.861455 
1961.798828 0.013962 13184.000000 2433.000000 0.861929 
1971.467407 0.011685 13231.000000 2439.000000 0.856229 
1983.136353 0.011729 13287.000000 2446.000000 0.850574 
1991.804932 0.009946 13334.000000 2453.000000 0.842378 
2009.473999 0.014530 13393.000000 2455.000000 0.860177 
2023.143311 0.013101 13458.000000 2463.000000 0.853075 
2037.478760 0.013606 13510.000000 2466.000000 0.861975 
2052.145752 0.013996 13563.000000 2469.000000 0.870419 
2067.473633 0.015672 13630.000000 2476.000000 0.867449 
2083.135498 0.015428 13689.000000 2480.000000 0.872174 
2102.463379 0.017486 13756.000000 2483.000000 0.883795 
2122.124023 0.018740 13830.000000 2488.000000 0.887192 
2135.785400 0.015276 13895.000000 2496.000000 0.874693 
2155.113281 0.017212 13962.000000 2499.000000 0.884541 
2168.442139 0.015424 14017.000000 2504.000000 0.882240 
2178.772217 0.012745 14057.000000 2507.000000 0.883338 
2196.433105 0.014856 14128.000000 2513.000000 0.881061 
2213.094482 0.016279 14193.000000 2518.000000 0.882500 
2227.756104 0.015081 14255.000000 2524.000000 0.878250 
2241.418213 0.014543 14311.000000 2529.000000 0.877458 
2258.413574 0.015715 14368.000000 2531.000000 0.888819 
2277.408447 0.017484 14431.000000 2533.000000 0.899199 
2295.069824 0.016909 14496.000000 2537.000000 0.900214 
2313.064697 0.017828 14559.000000 2540.000000 0.905266 
2324.725830 0.015301 14627.000000 2551.000000 0.880212 
2340.720947 0.015780 14687.000000 2555.000000 0.883690 
2351.384277 0.012237 14728.000000 2558.000000 0.884975 
2362.380127 0.011861 14779.000000 2564.000000 0.877084 
2375.375488 0.012170 14836.000000 2570.000000 0.872123 
2392.704102 0.015577 14894.000000 2572.000000 0.885019 
2406.032959 0.013246 14949.000000 2577.000000 0.881408 
2423.028320 0.016240 15006.000000 2579.000000 0.892265 
2441.689941 0.017967 15068.000000 2581.000000 0.902031 
2452.685303 0.014285 15125.000000 2589.000000 0.885884 
2475.012695 0.019191 15198.000000 2591.000000 0.899700 
2488.341553 0.015530 15253.000000 2596.000000 0.894462 
2502.670166 0.013916 15311.000000 2601.000000 0.889918 
2517.664307 0.014623 15383.000000 2610.000000 0.875191 
2534.993164 0.016492 15438.000000 2611.000000 0.889980 
2548.322510 0.014792 15487.000000 2614.000000 0.892523 
2559.984619 0.012814 15543.000000 2621.000000 0.880283 
2575.646973 0.014159 15596.000000 2623.000000 0.889484 
2592.641846 0.016129 15659.000000 2627.000000 0.891919 
2602.637451 0.012511 15713.000000 2635.000000 0.876227 
2618.631836 0.014240 15782.000000 2642.000000 0.871834 
2637.626465 0.018787 15848.000000 2645.000000 0.883289 
2653.621582 0.017409 15908.000000 2649.000000 0.886108 
2667.950195 0.015029 15966.000000 2654.000000 0.883514 
2683.611816 0.014851 16028.000000 2659.000000 0.882149 
2695.607422 0.012811 16082.000000 2665.000000 0.875401 
2711.935059 0.014634 16152.000000 2672.000000 0.871193 
2729.263672 0.016077 16210.000000 2674.000000 0.883957 
2747.258789 0.017737 16270.000000 2676.000000 0.895082 
2765.587158 0.017678 16331.000000 2678.000000 0.904297 
2782.582764 0.017511 16385.000000 2679.000000 0.914721 
2799.578125 0.017034 16442.000000 2681.000000 0.919353 
2812.906982 0.015591 16497.000000 2686.000000 0.911036 
2828.235352 0.015618 16558.000000 2691.000000 0.904778 
2842.897217 0.015944 16617.000000 2696.000000 0.900519 
2860.891846 0.018099 16683.000000 2700.000000 0.902580 
2877.219482 0.015783 16753.000000 2707.000000 0.890507 
2895.547852 0.016409 16814.000000 2709.000000 0.900457 
2912.875244 0.017806 16887.000000 2716.000000 0.892321 
2930.202881 0.017773 16957.000000 2722.000000 0.889102 
2948.864014 0.018325 17025.000000 2726.000000 0.893417 
