0.000000 0.000000 0.000000 0.000000 0.000000 
0.000000 0.000000 0.000000 0.000000 0.000000 
-1.999999 -0.001480 48.000000 18.000000 0.128446 
-21.333324 -0.013181 92.000000 52.000000 0.208595 
-34.666645 -0.014094 130.000000 78.000000 0.263534 
-58.333347 -0.020640 158.000000 111.000000 0.279947 
-71.000031 -0.017359 192.000000 135.000000 0.313920 
-77.333229 -0.010239 245.000000 159.000000 0.376428 
-81.333099 -0.004651 296.000000 180.000000 0.427553 
-88.666328 -0.005142 337.000000 201.000000 0.450746 
-93.999557 -0.005638 378.000000 220.000000 0.472266 
-93.999474 -0.002371 411.000000 231.000000 0.496458 
-95.666023 -0.001990 457.000000 248.000000 0.520883 
-105.332573 -0.005702 503.000000 273.000000 0.522978 
-125.665833 -0.012918 532.000000 303.000000 0.491486 
-125.332375 -0.006154 581.000000 319.000000 0.521430 
-133.999130 -0.008060 627.000000 343.000000 0.524110 
-139.999359 -0.007335 672.000000 364.000000 0.531741 
-144.332962 -0.005178 725.000000 386.000000 0.546000 
-152.999817 -0.007513 762.000000 407.000000 0.539513 
-167.999985 -0.013283 795.000000 433.000000 0.516652 
-170.666901 -0.005045 844.000000 452.000000 0.537546 
-183.333786 -0.010318 887.000000 479.000000 0.525646 
-193.334076 -0.009194 944.000000 508.000000 0.531053 
-206.000977 -0.010105 990.000000 536.000000 0.523850 
-224.667786 -0.015775 1018.000000 564.000000 0.493526 
-229.668060 -0.009707 1072.000000 587.000000 0.514489 
-235.668274 -0.006731 1114.000000 607.000000 0.523996 
-240.335190 -0.007084 1163.000000 628.000000 0.535031 
-247.335403 -0.006957 1205.000000 649.000000 0.537302 
-258.001831 -0.006356 1251.000000 675.000000 0.535193 
-259.001373 -0.001288 1296.000000 691.000000 0.555035 
-259.334259 0.000149 1340.000000 706.000000 0.571250 
-263.667175 -0.000974 1381.000000 724.000000 0.574181 
-278.333435 -0.009940 1421.000000 752.000000 0.548259 
-285.999664 -0.008099 1464.000000 774.000000 0.546598 
-297.999268 -0.011011 1503.000000 799.000000 0.532172 
-312.998901 -0.012588 1539.000000 826.000000 0.513866 
-314.331726 -0.005294 1589.000000 844.000000 0.537675 
-323.331329 -0.007922 1628.000000 866.000000 0.533027 
-329.330963 -0.005357 1664.000000 884.000000 0.535923 
-335.663849 -0.006014 1708.000000 905.000000 0.540569 
-351.996857 -0.012531 1740.000000 932.000000 0.514783 
-348.996185 -0.001586 1806.000000 951.000000 0.557153 
-349.662323 -0.001365 1858.000000 969.000000 0.573537 
-363.995300 -0.008140 1893.000000 995.000000 0.547908 
-388.994965 -0.019232 1926.000000 1031.000000 0.500673 
-384.994385 -0.005297 1983.000000 1046.000000 0.542261 
-410.660706 -0.017561 2017.000000 1083.000000 0.496160 
-416.660339 -0.011722 2053.000000 1101.000000 0.503928 
-422.326569 -0.008248 2096.000000 1121.000000 0.515776 
-427.326111 -0.007313 2141.000000 1141.000000 0.526793 
-434.325653 -0.007137 2186.000000 1163.000000 0.531668 
-439.325165 -0.006193 2234.000000 1184.000000 0.541283 
-443.324615 -0.006473 2288.000000 1206.000000 0.552417 
-444.990723 -0.002958 2343.000000 1226.000000 0.569231 
-448.323608 -0.003545 2387.000000 1244.000000 0.573901 
-449.989807 -0.001487 2433.000000 1261.000000 0.583684 
-457.322662 -0.003779 2480.000000 1284.000000 0.577717 
-459.655548 -0.001868 2524.000000 1301.000000 0.584815 
-463.321533 -0.002586 2591.000000 1327.000000 0.591839 
-459.320984 0.001765 2645.000000 1341.000000 0.613885 
-469.653900 -0.004425 2686.000000 1365.000000 0.592126 
-461.986694 0.002764 2739.000000 1375.000000 0.623241 
-452.652832 0.007096 2791.000000 1383.000000 0.654261 
-454.985596 0.001560 2847.000000 1404.000000 0.645363 
-465.651855 -0.006185 2887.000000 1428.000000 0.614394 
-470.984741 -0.005519 2931.000000 1448.000000 0.604920 
-462.650879 0.002884 2983.000000 1457.000000 0.635736 
-449.650238 0.009516 3046.000000 1465.000000 0.674825 
-442.316284 0.006964 3107.000000 1478.000000 0.687225 
-435.982452 0.006378 3156.000000 1488.000000 0.697440 
-428.648560 0.005870 3211.000000 1499.000000 0.706603 
-421.981323 0.006548 3267.000000 1511.000000 0.712943 
-417.314056 0.004891 3326.000000 1526.000000 0.709875 
-409.646820 0.006642 3382.000000 1537.000000 0.718340 
-400.312958 0.008933 3434.000000 1545.000000 0.732762 
-397.312500 0.005846 3479.000000 1557.000000 0.726116 
-390.645233 0.006358 3538.000000 1570.000000 0.727414 
-379.644592 0.009199 3601.000000 1580.000000 0.740716 
-367.310577 0.011030 3668.000000 1590.000000 0.753974 
-363.976776 0.007165 3714.000000 1602.000000 0.744783 
-349.976166 0.010801 3774.000000 1608.000000 0.765316 
-338.642273 0.010356 3829.000000 1615.000000 0.775494 
-350.308624 -0.005028 3860.000000 1637.000000 0.715594 
-362.308197 -0.009118 3902.000000 1663.000000 0.665406 
-355.974304 0.000452 3957.000000 1675.000000 0.678777 
-349.307037 0.004669 4016.000000 1688.000000 0.690454 
-341.639862 0.006934 4066.000000 1697.000000 0.704701 
-324.305908 0.012363 4127.000000 1700.000000 0.743548 
-311.305206 0.012914 4196.000000 1710.000000 0.757616 
-296.971252 0.014150 4257.000000 1716.000000 0.777367 
-282.303894 0.015094 4325.000000 1724.000000 0.791539 
-284.970093 0.003398 4371.000000 1742.000000 0.752819 
-271.302734 0.009556 4439.000000 1751.000000 0.767506 
-264.968781 0.007280 4500.000000 1765.000000 0.757104 
-252.635208 0.009667 4558.000000 1772.000000 0.770510 
-240.302231 0.012245 4628.000000 1783.000000 0.776870 
-226.635880 0.014120 4690.000000 1790.000000 0.791148 
-215.969498 0.010952 4746.000000 1798.000000 0.793270 
-200.636505 0.012719 4813.000000 1805.000000 0.804757 
-187.636826 0.012160 4876.000000 1813.000000 0.808139 
-174.637131 0.012473 4936.000000 1820.000000 0.813249 
-165.304138 0.010592 5003.000000 1833.000000 0.799756 
-160.304428 0.007103 5060.000000 1847.000000 0.780172 
-157.304642 0.004616 5102.000000 1858.000000 0.766521 
-146.638306 0.008288 5167.000000 1869.000000 0.769480 
-136.971939 0.009739 5226.000000 1879.000000 0.772249 
-125.972031 0.008924 5286.000000 1888.000000 0.776146 
-113.638565 0.011463 5338.000000 1893.000000 0.790834 
-94.305054 0.016708 5408.000000 1897.000000 0.815632 
-79.971565 0.015500 5469.000000 1903.000000 0.824989 
-74.304771 0.010409 5519.000000 1914.000000 0.808764 
-60.971329 0.012932 5577.000000 1920.000000 0.817932 
-47.971409 0.012648 5640.000000 1928.000000 0.819173 
-34.304806 0.013748 5690.000000 1931.000000 0.833611 
-27.304800 0.009608 5744.000000 1942.000000 0.816627 
-12.304780 0.012507 5807.000000 1948.000000 0.825593 
7.028553 0.016946 5871.000000 1950.000000 0.848635 
21.695225 0.015187 5936.000000 1957.000000 0.848082 
37.695210 0.013696 5999.000000 1962.000000 0.853788 
50.361805 0.012306 6055.000000 1968.000000 0.851473 
64.695076 0.012764 6110.000000 1972.000000 0.857827 
81.028564 0.014463 6171.000000 1976.000000 0.866070 
100.695389 0.017792 6233.000000 1977.000000 0.884995 
117.362236 0.017541 6304.000000 1984.000000 0.879701 
134.362152 0.016880 6370.000000 1989.000000 0.880689 
153.695145 0.017590 6437.000000 1992.000000 0.889427 
171.694794 0.017507 6506.000000 1997.000000 0.889952 
185.027786 0.014368 6573.000000 2006.000000 0.873720 
194.694168 0.012943 6629.000000 2015.000000 0.858537 
204.027237 0.011088 6681.000000 2023.000000 0.847814 
217.026962 0.013111 6735.000000 2028.000000 0.851773 
230.360001 0.013612 6793.000000 2034.000000 0.852755 
250.026321 0.016931 6861.000000 2037.000000 0.867895 
261.359711 0.013319 6907.000000 2041.000000 0.868756 
279.693634 0.016930 6965.000000 2042.000000 0.885876 
298.694275 0.017830 7028.000000 2044.000000 0.897292 
311.694794 0.015318 7079.000000 2048.000000 0.895454 
326.028839 0.014712 7149.000000 2057.000000 0.879129 
340.029327 0.013994 7197.000000 2059.000000 0.887287 
355.696716 0.013809 7268.000000 2067.000000 0.875413 
364.030548 0.010341 7317.000000 2075.000000 0.859980 
375.031158 0.011039 7377.000000 2084.000000 0.848274 
389.031769 0.013006 7437.000000 2090.000000 0.850019 
410.032440 0.017778 7503.000000 2091.000000 0.872918 
426.033020 0.016371 7560.000000 2094.000000 0.880759 
438.033630 0.013130 7620.000000 2102.000000 0.867217 
452.034149 0.012833 7671.000000 2105.000000 0.873108 
470.034760 0.015914 7731.000000 2107.000000 0.885644 
485.702087 0.016327 7796.000000 2113.000000 0.881942 
495.035858 0.011936 7839.000000 2118.000000 0.875593 
509.703156 0.013514 7901.000000 2124.000000 0.872952 
528.368774 0.017194 7963.000000 2126.000000 0.886960 
546.033936 0.017115 8037.000000 2133.000000 0.881344 
566.699280 0.019126 8102.000000 2134.000000 0.898001 
583.031372 0.016725 8163.000000 2138.000000 0.897905 
598.696777 0.015665 8225.000000 2143.000000 0.894384 
615.695618 0.016846 8282.000000 2145.000000 0.903140 
631.361084 0.016627 8341.000000 2149.000000 0.902936 
647.693115 0.016228 8405.000000 2154.000000 0.899401 
661.025269 0.013900 8463.000000 2160.000000 0.890899 
681.690430 0.018391 8537.000000 2164.000000 0.897346 
693.356018 0.014388 8590.000000 2170.000000 0.888074 
711.688171 0.016985 8648.000000 2171.000000 0.901607 
724.686951 0.014390 8708.000000 2178.000000 0.889603 
732.685730 0.010846 8768.000000 2190.000000 0.860606 
751.351257 0.016212 8824.000000 2190.000000 0.882193 
764.683411 0.014774 8882.000000 2196.000000 0.877195 
778.015503 0.013182 8943.000000 2203.000000 0.868880 
793.347595 0.013685 9004.000000 2208.000000 0.870532 
813.679504 0.017145 9074.000000 2211.000000 0.882196 
828.344849 0.016679 9139.000000 2218.000000 0.875963 
846.010254 0.016645 9201.000000 2221.000000 0.884422 
864.675659 0.018025 9263.000000 2223.000000 0.896309 
883.007751 0.017913 9324.000000 2225.000000 0.904911 
900.673096 0.017567 9389.000000 2229.000000 0.905599 
915.671814 0.015553 9452.000000 2235.000000 0.896633 
929.670715 0.014935 9506.000000 2239.000000 0.895689 
945.336182 0.015178 9565.000000 2243.000000 0.895609 
961.334900 0.015114 9628.000000 2248.000000 0.892928 
984.333435 0.020848 9700.000000 2249.000000 0.910148 
999.665466 0.018258 9764.000000 2255.000000 0.901959 
1014.330750 0.017257 9832.000000 2263.000000 0.889260 
1027.330444 0.014391 9883.000000 2267.000000 0.888640 
1045.666992 0.016443 9962.000000 2275.000000 0.880861 
1065.002808 0.018795 10023.000000 2276.000000 0.897108 
1074.671265 0.013243 10067.000000 2281.000000 0.889047 
1095.007324 0.018266 10134.000000 2283.000000 0.901864 
1111.343140 0.016905 10195.000000 2287.000000 0.902023 
1130.345581 0.017769 10255.000000 2288.000000 0.913639 
1146.681396 0.016905 10316.000000 2292.000000 0.911621 
1162.683838 0.016420 10376.000000 2296.000000 0.909664 
1177.686279 0.015935 10436.000000 2301.000000 0.903778 
1193.355469 0.015331 10498.000000 2306.000000 0.898646 
1210.691284 0.014886 10559.000000 2309.000000 0.901968 
1233.360718 0.020091 10627.000000 2309.000000 0.920083 
1254.363647 0.021846 10699.000000 2312.000000 0.923724 
1268.032715 0.017001 10758.000000 2318.000000 0.911054 
1285.035278 0.017422 10821.000000 2322.000000 0.910912 
1302.038086 0.015882 10890.000000 2328.000000 0.901757 
1314.707275 0.013944 10952.000000 2336.000000 0.886061 
1331.043091 0.014795 11013.000000 2340.000000 0.888911 
1344.045410 0.013928 11070.000000 2346.000000 0.882118 
1364.381714 0.018348 11143.000000 2350.000000 0.889970 
1381.384033 0.016684 11200.000000 2352.000000 0.899065 
1393.052612 0.014023 11247.000000 2356.000000 0.895671 
1413.055176 0.017759 11310.000000 2357.000000 0.909257 
1429.724243 0.016976 11369.000000 2360.000000 0.911493 
1446.726562 0.016547 11426.000000 2362.000000 0.917201 
1459.729492 0.014522 11498.000000 2373.000000 0.888128 
1478.399048 0.017747 11569.000000 2378.000000 0.889691 
1495.068115 0.017099 11628.000000 2381.000000 0.895087 
1509.737549 0.015488 11696.000000 2389.000000 0.882283 
1519.072754 0.012189 11742.000000 2395.000000 0.873247 
1533.074951 0.013781 11796.000000 2399.000000 0.876095 
1550.744385 0.016037 11864.000000 2404.000000 0.878702 
1562.746704 0.014497 11921.000000 2411.000000 0.870287 
1574.082397 0.012342 11979.000000 2419.000000 0.859138 
1585.417969 0.010768 12034.000000 2426.000000 0.852349 
1605.420654 0.016812 12100.000000 2428.000000 0.871078 
1621.423096 0.015635 12160.000000 2432.000000 0.875578 
1641.425781 0.017435 12226.000000 2434.000000 0.890051 
1653.094727 0.012622 12282.000000 2441.000000 0.877500 
1671.097534 0.016318 12351.000000 2446.000000 0.881327 
1685.766479 0.015501 12407.000000 2450.000000 0.883582 
1704.436157 0.017439 12481.000000 2456.000000 0.882234 
1723.772339 0.019214 12551.000000 2460.000000 0.889158 
1743.441772 0.019591 12619.000000 2463.000000 0.897373 
1758.110718 0.015970 12675.000000 2467.000000 0.895914 
1775.779785 0.016451 12734.000000 2469.000000 0.904128 
1789.448975 0.014291 12796.000000 2476.000000 0.891187 
1807.784912 0.017177 12860.000000 2479.000000 0.898477 
1823.786987 0.016140 12911.000000 2480.000000 0.908469 
1840.455933 0.015885 12967.000000 2482.000000 0.914175 
1856.791504 0.017266 13022.000000 2484.000000 0.919298 
1875.127441 0.016906 13086.000000 2487.000000 0.920398 
1896.130249 0.018380 13155.000000 2489.000000 0.926355 
1914.799561 0.019163 13220.000000 2492.000000 0.927088 
1932.802124 0.018308 13283.000000 2495.000000 0.927598 
1948.471802 0.016404 13357.000000 2504.000000 0.905181 
1966.807617 0.017423 13418.000000 2506.000000 0.912503 
1978.143066 0.013626 13470.000000 2512.000000 0.899758 
1994.812378 0.014975 13535.000000 2517.000000 0.897223 
2015.815430 0.018666 13610.000000 2521.000000 0.902290 
2035.151367 0.018648 13674.000000 2523.000000 0.911341 
2056.484131 0.020156 13744.000000 2525.000000 0.919940 
2069.479736 0.015551 13798.000000 2530.000000 0.911365 
2083.807373 0.014700 13868.000000 2539.000000 0.891487 
2098.802002 0.016081 13934.000000 2546.000000 0.883648 
2114.463867 0.015928 13993.000000 2550.000000 0.886096 
2132.791748 0.017228 14060.000000 2554.000000 0.890923 
2148.119873 0.015479 14124.000000 2560.000000 0.885106 
2160.115723 0.012097 14175.000000 2565.000000 0.879852 
2171.444092 0.011594 14236.000000 2574.000000 0.863850 
2196.104248 0.020313 14316.000000 2576.000000 0.885676 
2214.099121 0.018781 14379.000000 2579.000000 0.893665 
2227.760986 0.015425 14438.000000 2585.000000 0.886443 
2248.422119 0.018243 14506.000000 2587.000000 0.899518 
2272.083008 0.022264 14577.000000 2587.000000 0.918821 
2284.745361 0.015940 14630.000000 2592.000000 0.909111 
2303.739990 0.017852 14696.000000 2595.000000 0.912721 
2324.067383 0.019075 14769.000000 2599.000000 0.913725 
2342.728760 0.018477 14834.000000 2602.000000 0.916482 
2358.057373 0.015853 14892.000000 2606.000000 0.912173 
2370.052490 0.014146 14952.000000 2614.000000 0.894158 
2388.714355 0.016646 15011.000000 2615.000000 0.907170 
2397.710205 0.011614 15062.000000 2623.000000 0.887075 
2410.704834 0.010519 15128.000000 2632.000000 0.869769 
2421.033936 0.008593 15180.000000 2639.000000 0.859372 
2435.028320 0.012357 15249.000000 2648.000000 0.851440 
2456.021973 0.017960 15327.000000 2653.000000 0.862983 
2468.017578 0.014131 15381.000000 2659.000000 0.859862 
2483.345703 0.015197 15445.000000 2665.000000 0.860888 
2493.674561 0.013222 15500.000000 2673.000000 0.852061 
2508.336670 0.014666 15556.000000 2677.000000 0.859729 
2526.665039 0.017062 15617.000000 2679.000000 0.875196 
2536.994385 0.012803 15666.000000 2685.000000 0.868001 
2553.655762 0.015213 15731.000000 2690.000000 0.871850 
2565.984619 0.014492 15786.000000 2696.000000 0.868132 
2586.979492 0.018154 15849.000000 2696.000000 0.890873 
2603.640869 0.017196 15914.000000 2701.000000 0.890303 
2624.302246 0.019344 15979.000000 2702.000000 0.905822 
2638.297607 0.016528 16036.000000 2707.000000 0.900188 
2658.292236 0.018938 16102.000000 2709.000000 0.910383 
2666.620361 0.012991 16166.000000 2722.000000 0.874073 
2677.949707 0.012361 16215.000000 2727.000000 0.871346 
2687.611572 0.010238 16274.000000 2737.000000 0.852155 
2703.606934 0.014761 16331.000000 2740.000000 0.864336 
2719.602539 0.015192 16385.000000 2742.000000 0.876417 
2737.930420 0.017253 16452.000000 2746.000000 0.882584 
2754.925293 0.017208 16515.000000 2750.000000 0.886659 
2767.920898 0.012747 16569.000000 2755.000000 0.882170 
2783.248535 0.013486 16639.000000 2763.000000 0.871359 
2795.910400 0.012926 16698.000000 2770.000000 0.864173 
2811.239502 0.014208 16750.000000 2772.000000 0.875414 
2827.567627 0.014857 16814.000000 2777.000000 0.876604 
2845.895752 0.016666 16878.000000 2780.000000 0.885982 
2864.224121 0.018386 16939.000000 2782.000000 0.897164 
2875.553223 0.014436 16991.000000 2788.000000 0.887823 
