0.000000 0.000000 0.000000 0.000000 0.000000 
0.000000 0.000000 0.000000 0.000000 0.000000 
-6.999997 -0.004106 45.000000 22.000000 0.120111 
-2.999996 -0.000091 99.000000 36.000000 0.238787 
-8.999993 -0.004185 147.000000 58.000000 0.311897 
-10.000009 -0.001860 195.000000 75.000000 0.377229 
-16.666679 -0.007505 238.000000 96.000000 0.410794 
-31.666656 -0.010976 280.000000 125.000000 0.425273 
-40.000015 -0.009851 330.000000 150.000000 0.453298 
-38.000084 -0.003993 384.000000 166.000000 0.498021 
-40.333481 -0.002701 434.000000 185.000000 0.523144 
-44.666882 -0.004499 487.000000 207.000000 0.538233 
-63.000256 -0.013182 519.000000 236.000000 0.508834 
-90.333519 -0.023488 548.000000 273.000000 0.463213 
-92.000069 -0.008865 594.000000 290.000000 0.495311 
-93.666626 -0.004917 637.000000 306.000000 0.517537 
-99.999832 -0.005512 687.000000 329.000000 0.529211 
-100.999733 -0.003913 726.000000 343.000000 0.544601 
-101.666267 -0.001701 778.000000 361.000000 0.564280 
-102.999489 -0.002287 822.000000 377.000000 0.574715 
-108.666054 -0.003968 862.000000 396.000000 0.572022 
-113.999290 -0.004892 900.000000 414.000000 0.569643 
-116.665810 -0.003766 958.000000 436.000000 0.579843 
-137.999161 -0.015965 987.000000 467.000000 0.532206 
-144.332672 -0.009038 1022.000000 485.000000 0.534141 
-149.999557 -0.006951 1065.000000 505.000000 0.540226 
-163.333069 -0.010136 1100.000000 530.000000 0.523815 
-177.666611 -0.010373 1141.000000 558.000000 0.513553 
-202.666763 -0.018122 1171.000000 593.000000 0.473394 
-214.000320 -0.013566 1215.000000 619.000000 0.480593 
-217.667221 -0.008078 1261.000000 638.000000 0.502953 
-218.000809 -0.002749 1311.000000 655.000000 0.531809 
-240.667709 -0.015634 1357.000000 693.000000 0.499282 
-255.001251 -0.016193 1398.000000 721.000000 0.490717 
-270.000946 -0.016590 1437.000000 749.000000 0.481279 
-272.333771 -0.007545 1487.000000 768.000000 0.509954 
-280.333252 -0.008678 1538.000000 793.000000 0.518816 
-287.332672 -0.006562 1595.000000 819.000000 0.532920 
-302.665497 -0.013310 1645.000000 851.000000 0.519084 
-293.664856 0.002361 1708.000000 863.000000 0.573730 
-290.997620 0.000951 1764.000000 879.000000 0.594624 
-289.997101 -0.001224 1815.000000 895.000000 0.605429 
-300.329987 -0.006213 1859.000000 920.000000 0.585380 
-302.662811 -0.003052 1909.000000 939.000000 0.591956 
-302.995605 -0.001714 1962.000000 957.000000 0.601724 
-305.661835 -0.003383 2005.000000 974.000000 0.600890 
-302.661377 0.000194 2050.000000 986.000000 0.616826 
-312.660950 -0.006987 2092.000000 1010.000000 0.593011 
-313.660553 -0.002590 2131.000000 1024.000000 0.599132 
-308.993378 0.002319 2181.000000 1036.000000 0.621198 
-306.659576 0.002676 2227.000000 1049.000000 0.632362 
-293.992340 0.009377 2283.000000 1055.000000 0.671241 
-309.658600 -0.007868 2323.000000 1084.000000 0.619479 
-300.991364 0.002946 2379.000000 1094.000000 0.649719 
-315.657654 -0.008473 2416.000000 1121.000000 0.605307 
-330.657104 -0.012937 2470.000000 1154.000000 0.574516 
-334.989960 -0.010032 2517.000000 1174.000000 0.573787 
-334.656097 -0.002949 2569.000000 1191.000000 0.590221 
-332.655426 0.000386 2635.000000 1211.000000 0.609176 
-325.654907 0.004340 2686.000000 1221.000000 0.635369 
-318.654449 0.005597 2731.000000 1229.000000 0.656664 
-326.987335 -0.002786 2775.000000 1252.000000 0.630096 
-334.986877 -0.007333 2820.000000 1275.000000 0.608741 
-342.319733 -0.007684 2867.000000 1298.000000 0.595312 
-358.319427 -0.013310 2897.000000 1324.000000 0.557847 
-371.985626 -0.013719 2943.000000 1353.000000 0.540275 
-377.985199 -0.009028 2985.000000 1373.000000 0.543438 
-380.984711 -0.005776 3033.000000 1392.000000 0.555558 
-381.650970 -0.003589 3073.000000 1406.000000 0.567569 
-380.983704 0.000005 3132.000000 1425.000000 0.588250 
-385.316559 -0.003088 3179.000000 1445.000000 0.587265 
-393.649445 -0.006670 3223.000000 1468.000000 0.575228 
-398.315643 -0.004244 3269.000000 1488.000000 0.577335 
-408.648621 -0.007944 3304.000000 1510.000000 0.560331 
-415.981415 -0.008746 3357.000000 1535.000000 0.558842 
-403.980896 0.004047 3408.000000 1540.000000 0.607918 
-391.980194 0.010004 3477.000000 1551.000000 0.652309 
-386.312927 0.006934 3536.000000 1565.000000 0.665873 
-379.979034 0.006114 3591.000000 1577.000000 0.678922 
-377.311798 0.003571 3647.000000 1593.000000 0.678429 
-365.311188 0.008920 3707.000000 1601.000000 0.705922 
-363.644012 0.004776 3757.000000 1616.000000 0.698806 
-352.643372 0.009542 3820.000000 1626.000000 0.719254 
-343.309570 0.009281 3866.000000 1632.000000 0.734945 
-337.309082 0.006074 3914.000000 1642.000000 0.734976 
-330.975311 0.007324 3957.000000 1650.000000 0.740266 
-318.308105 0.011307 4010.000000 1655.000000 0.761566 
-306.974274 0.010927 4059.000000 1660.000000 0.775933 
-299.973602 0.008418 4125.000000 1675.000000 0.763504 
-291.639740 0.009194 4177.000000 1684.000000 0.766677 
-297.972626 -0.001028 4221.000000 1705.000000 0.721617 
-293.638763 0.000763 4273.000000 1718.000000 0.716763 
-276.971436 0.010549 4338.000000 1723.000000 0.751031 
-263.637482 0.012054 4399.000000 1730.000000 0.768509 
-252.970459 0.011091 4464.000000 1741.000000 0.770558 
-236.637482 0.014320 4534.000000 1748.000000 0.789355 
-218.971176 0.016601 4605.000000 1754.000000 0.808359 
-214.304779 0.009007 4658.000000 1767.000000 0.788611 
-205.638382 0.008677 4711.000000 1776.000000 0.786625 
-194.972015 0.009651 4770.000000 1785.000000 0.788413 
-186.305603 0.008521 4820.000000 1793.000000 0.788301 
-173.305878 0.012141 4874.000000 1798.000000 0.802203 
-163.639481 0.010711 4927.000000 1806.000000 0.801586 
-148.973099 0.012688 4983.000000 1810.000000 0.817283 
-138.973358 0.011003 5034.000000 1817.000000 0.816468 
-129.973633 0.011039 5088.000000 1826.000000 0.811413 
-130.973846 0.004289 5130.000000 1841.000000 0.778402 
-125.973946 0.005437 5184.000000 1854.000000 0.765902 
-116.973785 0.006598 5247.000000 1866.000000 0.763075 
-104.306969 0.010161 5306.000000 1873.000000 0.776539 
-101.973495 0.004392 5361.000000 1889.000000 0.753208 
-83.973328 0.013232 5427.000000 1893.000000 0.783829 
-75.973167 0.010133 5490.000000 1906.000000 0.775102 
-61.306393 0.013865 5546.000000 1910.000000 0.795723 
-45.639816 0.015438 5617.000000 1918.000000 0.806455 
-31.973207 0.014169 5670.000000 1922.000000 0.819606 
-18.973177 0.013298 5718.000000 1925.000000 0.832164 
-4.639843 0.012988 5773.000000 1929.000000 0.841442 
2.693490 0.010082 5825.000000 1939.000000 0.826352 
19.693491 0.014388 5888.000000 1943.000000 0.840656 
32.026867 0.013870 5955.000000 1953.000000 0.832489 
47.026787 0.013830 6018.000000 1959.000000 0.837579 
55.693386 0.010437 6071.000000 1968.000000 0.826645 
64.360001 0.009261 6118.000000 1975.000000 0.822365 
78.360153 0.012278 6178.000000 1981.000000 0.829383 
89.693642 0.010924 6239.000000 1990.000000 0.822997 
98.693810 0.008640 6305.000000 2003.000000 0.805501 
112.360657 0.010450 6376.000000 2013.000000 0.805124 
130.694031 0.014261 6452.000000 2020.000000 0.817677 
141.027054 0.011251 6513.000000 2030.000000 0.809846 
154.360107 0.012328 6568.000000 2035.000000 0.819350 
168.359787 0.012657 6631.000000 2042.000000 0.823817 
182.692780 0.013514 6698.000000 2050.000000 0.825191 
199.025772 0.016942 6765.000000 2056.000000 0.835904 
218.692047 0.018108 6842.000000 2062.000000 0.846554 
232.691696 0.015374 6911.000000 2071.000000 0.840185 
244.024765 0.012905 6963.000000 2077.000000 0.840290 
255.691208 0.012191 7010.000000 2081.000000 0.845297 
272.691803 0.015312 7076.000000 2086.000000 0.854389 
288.692474 0.015654 7142.000000 2092.000000 0.857106 
304.693054 0.016554 7199.000000 2095.000000 0.867708 
318.026947 0.015487 7254.000000 2100.000000 0.868878 
332.027527 0.015705 7311.000000 2105.000000 0.870151 
344.361542 0.015310 7378.000000 2115.000000 0.856369 
353.028809 0.011344 7437.000000 2126.000000 0.837311 
369.696136 0.014610 7502.000000 2131.000000 0.846901 
386.696747 0.016003 7562.000000 2134.000000 0.859594 
401.363983 0.015190 7618.000000 2138.000000 0.865456 
414.364563 0.014820 7675.000000 2144.000000 0.863568 
435.031982 0.019308 7749.000000 2148.000000 0.875567 
448.365845 0.015226 7801.000000 2152.000000 0.876939 
460.033142 0.013007 7863.000000 2161.000000 0.862266 
468.033722 0.010882 7920.000000 2172.000000 0.841882 
483.034332 0.012446 7980.000000 2177.000000 0.847882 
488.701416 0.007958 8021.000000 2185.000000 0.833724 
501.701996 0.011159 8078.000000 2191.000000 0.837092 
514.035645 0.012544 8139.000000 2199.000000 0.834389 
528.034302 0.013696 8205.000000 2207.000000 0.833585 
540.033203 0.012379 8259.000000 2213.000000 0.835058 
553.032104 0.011906 8313.000000 2218.000000 0.839742 
571.697388 0.016793 8381.000000 2222.000000 0.854646 
591.362671 0.018973 8449.000000 2225.000000 0.869595 
607.361267 0.017911 8518.000000 2232.000000 0.867482 
623.693237 0.016895 8585.000000 2238.000000 0.868304 
643.691711 0.018880 8660.000000 2243.000000 0.875579 
656.023804 0.012968 8721.000000 2251.000000 0.863004 
666.355896 0.010172 8782.000000 2261.000000 0.845149 
683.687866 0.013898 8849.000000 2266.000000 0.852613 
694.686829 0.012719 8900.000000 2272.000000 0.849941 
713.685486 0.016098 8966.000000 2275.000000 0.865377 
724.684387 0.013603 9020.000000 2282.000000 0.858850 
742.683167 0.016039 9080.000000 2284.000000 0.874698 
760.681824 0.017341 9146.000000 2288.000000 0.881569 
780.013916 0.018815 9207.000000 2289.000000 0.897186 
792.012634 0.013503 9270.000000 2298.000000 0.877421 
807.011475 0.014478 9327.000000 2302.000000 0.880199 
823.343323 0.016359 9400.000000 2310.000000 0.873888 
832.342285 0.011034 9451.000000 2318.000000 0.858713 
850.007629 0.014748 9516.000000 2322.000000 0.867902 
862.339905 0.013590 9568.000000 2327.000000 0.866772 
871.338928 0.010746 9616.000000 2334.000000 0.856207 
890.004150 0.016483 9687.000000 2339.000000 0.864950 
908.669373 0.017807 9758.000000 2344.000000 0.870817 
923.001282 0.015126 9828.000000 2353.000000 0.859360 
940.333252 0.016508 9895.000000 2358.000000 0.865510 
956.331848 0.016643 9964.000000 2365.000000 0.863382 
967.664124 0.012985 10016.000000 2371.000000 0.858532 
985.996094 0.016170 10083.000000 2375.000000 0.868182 
997.995056 0.014118 10134.000000 2380.000000 0.867247 
1014.660339 0.015735 10202.000000 2386.000000 0.868238 
1030.327271 0.015685 10264.000000 2391.000000 0.871145 
1043.330200 0.013810 10336.000000 2402.000000 0.853152 
1064.333374 0.019071 10414.000000 2407.000000 0.865249 
1083.002930 0.019862 10485.000000 2412.000000 0.872726 
1105.339355 0.021750 10561.000000 2415.000000 0.887402 
1114.674683 0.013443 10610.000000 2422.000000 0.873691 
1134.344116 0.016351 10678.000000 2425.000000 0.884739 
1145.679810 0.013160 10736.000000 2433.000000 0.870914 
1157.348633 0.012409 10789.000000 2439.000000 0.865870 
1177.684570 0.017575 10853.000000 2440.000000 0.885413 
1194.687622 0.016805 10928.000000 2448.000000 0.877289 
1209.356567 0.015776 10984.000000 2452.000000 0.880128 
1230.026123 0.020190 11055.000000 2455.000000 0.891733 
1247.361694 0.019211 11110.000000 2456.000000 0.904315 
1263.030884 0.015937 11172.000000 2461.000000 0.898729 
1275.033691 0.012923 11241.000000 2472.000000 0.872256 
1285.369263 0.011609 11296.000000 2480.000000 0.859796 
1295.704834 0.011472 11351.000000 2488.000000 0.850170 
1308.707153 0.013045 11408.000000 2494.000000 0.850773 
1325.376831 0.015754 11482.000000 2502.000000 0.850379 
1341.379028 0.016404 11536.000000 2504.000000 0.865260 
1357.381470 0.015697 11596.000000 2508.000000 0.871185 
1375.384033 0.017597 11659.000000 2511.000000 0.881648 
1393.053589 0.016680 11730.000000 2517.000000 0.879791 
1411.389771 0.018150 11800.000000 2522.000000 0.882684 
1430.725952 0.018491 11870.000000 2526.000000 0.888500 
1448.062134 0.017931 11940.000000 2532.000000 0.885622 
1459.731201 0.015152 11999.000000 2540.000000 0.872961 
1476.733765 0.016397 12062.000000 2544.000000 0.879920 
1486.069824 0.011157 12129.000000 2557.000000 0.850331 
1505.739380 0.016618 12200.000000 2561.000000 0.864469 
1514.741821 0.011377 12260.000000 2572.000000 0.843279 
1530.077393 0.012932 12315.000000 2575.000000 0.855382 
1545.413086 0.013072 12373.000000 2579.000000 0.861421 
1561.082275 0.014752 12435.000000 2584.000000 0.865380 
1580.751709 0.017869 12503.000000 2587.000000 0.879202 
1601.421387 0.019760 12577.000000 2591.000000 0.886670 
1612.757080 0.014224 12635.000000 2599.000000 0.872662 
1626.425781 0.013465 12685.000000 2602.000000 0.877939 
1640.094604 0.012971 12738.000000 2606.000000 0.879187 
1656.097046 0.014914 12798.000000 2610.000000 0.883638 
1668.765869 0.012931 12851.000000 2615.000000 0.879909 
1686.101685 0.016002 12912.000000 2618.000000 0.888443 
1702.771240 0.016714 12983.000000 2625.000000 0.883061 
1713.773804 0.013491 13046.000000 2635.000000 0.864029 
1731.776611 0.015361 13115.000000 2640.000000 0.868978 
1744.112671 0.012070 13182.000000 2650.000000 0.853260 
1757.114868 0.012948 13236.000000 2655.000000 0.855771 
1773.784180 0.015089 13301.000000 2660.000000 0.861502 
1780.119629 0.008694 13353.000000 2671.000000 0.837416 
1802.122803 0.016852 13431.000000 2675.000000 0.855754 
1821.792236 0.019452 13499.000000 2678.000000 0.870706 
1840.795044 0.019836 13568.000000 2682.000000 0.879534 
1857.797852 0.016240 13637.000000 2688.000000 0.876344 
1876.800659 0.017978 13706.000000 2692.000000 0.884167 
1893.136475 0.016465 13767.000000 2696.000000 0.887267 
1905.138550 0.013600 13818.000000 2701.000000 0.882329 
1913.807373 0.010667 13871.000000 2710.000000 0.863303 
1928.476440 0.014412 13930.000000 2715.000000 0.866934 
1945.145752 0.016451 13995.000000 2720.000000 0.871507 
1964.815063 0.018616 14060.000000 2722.000000 0.886254 
1981.151001 0.017306 14124.000000 2727.000000 0.886404 
1993.153198 0.013232 14178.000000 2733.000000 0.878439 
2004.155518 0.011253 14235.000000 2741.000000 0.864966 
2017.490967 0.013072 14287.000000 2745.000000 0.868373 
2033.160034 0.014152 14346.000000 2749.000000 0.873353 
2050.161377 0.015342 14406.000000 2752.000000 0.881696 
2066.822754 0.017517 14471.000000 2757.000000 0.883980 
2076.151611 0.012980 14526.000000 2766.000000 0.865641 
2093.812988 0.016532 14591.000000 2770.000000 0.873876 
2109.142090 0.015991 14643.000000 2772.000000 0.884202 
2125.470703 0.015244 14701.000000 2775.000000 0.890100 
2141.799316 0.015452 14759.000000 2778.000000 0.895360 
2160.793457 0.017226 14831.000000 2783.000000 0.895414 
2181.120850 0.018929 14904.000000 2787.000000 0.899947 
2195.114990 0.015509 14976.000000 2797.000000 0.878520 
2215.109619 0.019026 15042.000000 2799.000000 0.892922 
2230.104248 0.016930 15108.000000 2806.000000 0.883624 
2244.099365 0.015912 15168.000000 2812.000000 0.879253 
2260.427734 0.017322 15229.000000 2816.000000 0.883998 
2274.423096 0.013402 15286.000000 2821.000000 0.881035 
2285.752441 0.012554 15335.000000 2826.000000 0.877101 
2299.081299 0.013386 15390.000000 2831.000000 0.875982 
2320.742188 0.018154 15461.000000 2833.000000 0.891434 
2339.404297 0.018534 15517.000000 2833.000000 0.908247 
2357.398926 0.018150 15583.000000 2837.000000 0.908511 
2374.727295 0.018854 15644.000000 2840.000000 0.912086 
2383.389404 0.011599 15700.000000 2850.000000 0.883601 
2393.052246 0.010242 15747.000000 2856.000000 0.874129 
2413.713623 0.016227 15812.000000 2857.000000 0.892353 
2424.375488 0.012229 15871.000000 2866.000000 0.872957 
2430.704102 0.009655 15929.000000 2879.000000 0.843097 
2445.031982 0.012708 15996.000000 2887.000000 0.840857 
2461.027100 0.014559 16056.000000 2891.000000 0.851235 
2478.354492 0.016020 16129.000000 2898.000000 0.853156 
2492.682861 0.014812 16190.000000 2904.000000 0.854060 
2509.010986 0.015577 16254.000000 2909.000000 0.859826 
2522.672852 0.013848 16313.000000 2915.000000 0.858439 
2537.666748 0.014792 16388.000000 2925.000000 0.849208 
2555.329102 0.016608 16441.000000 2925.000000 0.871406 
2566.324951 0.013612 16492.000000 2931.000000 0.865873 
2583.319092 0.016000 16564.000000 2938.000000 0.864850 
2602.979980 0.018384 16635.000000 2942.000000 0.874105 
2617.641846 0.015573 16694.000000 2947.000000 0.873999 
2635.636475 0.017275 16760.000000 2951.000000 0.880431 
2647.965332 0.014369 16815.000000 2957.000000 0.875073 
2665.959961 0.015859 16881.000000 2961.000000 0.881114 
2679.289062 0.014493 16933.000000 2965.000000 0.882040 
2693.285156 0.014180 16981.000000 2967.000000 0.889948 
2714.945801 0.018843 17055.000000 2970.000000 0.899697 
