0.000000 0.000000 0.000000 0.000000 0.000000 
0.000000 0.000000 0.000000 0.000000 0.000000 
-12.000000 -0.007920 33.000000 23.000000 0.089716 
-17.333324 -0.005505 77.000000 43.000000 0.189921 
-26.333300 -0.007594 116.000000 65.000000 0.255963 
-34.666668 -0.006847 166.000000 90.000000 0.327142 
-37.666737 -0.003093 220.000000 111.000000 0.394305 
-43.333458 -0.007219 263.000000 131.000000 0.426650 
-49.333519 -0.005441 311.000000 153.000000 0.459019 
-56.000229 -0.006447 345.000000 171.000000 0.471399 
-72.666862 -0.013082 385.000000 201.000000 0.465276 
-73.000061 -0.005292 438.000000 219.000000 0.502806 
-82.999931 -0.008110 489.000000 246.000000 0.510245 
-89.999825 -0.008212 531.000000 267.000000 0.516745 
-91.333054 -0.003238 572.000000 282.000000 0.535993 
-102.332924 -0.009764 623.000000 310.000000 0.530768 
-117.999496 -0.014270 660.000000 338.000000 0.511101 
-135.999603 -0.015849 699.000000 369.000000 0.492624 
-132.666504 -0.003846 745.000000 381.000000 0.529222 
-149.333344 -0.010749 779.000000 409.000000 0.506990 
-157.000198 -0.007798 816.000000 429.000000 0.511118 
-151.667099 0.000102 862.000000 439.000000 0.549007 
-161.000671 -0.004961 909.000000 464.000000 0.545458 
-164.334213 -0.004006 950.000000 481.000000 0.553879 
-165.667770 -0.002155 994.000000 497.000000 0.567089 
-184.334641 -0.012282 1034.000000 529.000000 0.532319 
-191.334869 -0.007965 1079.000000 551.000000 0.537478 
-189.668442 -0.002876 1126.000000 565.000000 0.561434 
-199.335312 -0.009308 1166.000000 588.000000 0.548374 
-216.335495 -0.012452 1202.000000 617.000000 0.523015 
-222.002411 -0.007123 1251.000000 639.000000 0.535241 
-237.002579 -0.013323 1284.000000 665.000000 0.512999 
-229.002869 0.000591 1341.000000 676.000000 0.563223 
-231.003098 -0.001000 1386.000000 693.000000 0.573447 
-234.336716 -0.002894 1442.000000 715.000000 0.580422 
-237.336945 -0.002884 1487.000000 733.000000 0.584137 
-233.670532 0.001776 1537.000000 746.000000 0.606610 
-230.670792 0.003188 1588.000000 760.000000 0.623281 
-227.671051 0.001555 1639.000000 774.000000 0.634099 
-233.004593 -0.001783 1680.000000 793.000000 0.621222 
-241.671463 -0.005762 1720.000000 815.000000 0.600692 
-237.005066 -0.000262 1773.000000 828.000000 0.621806 
-244.338638 -0.005489 1820.000000 851.000000 0.605075 
-244.338852 -0.003018 1862.000000 865.000000 0.610930 
-246.005753 -0.002038 1908.000000 882.000000 0.612282 
-237.339371 0.005494 1964.000000 892.000000 0.643758 
-235.339630 0.002216 2015.000000 907.000000 0.648068 
-230.339859 0.003509 2060.000000 917.000000 0.661410 
-222.006775 0.007492 2109.000000 925.000000 0.683309 
-222.673706 0.001628 2161.000000 943.000000 0.671592 
-223.340622 0.001779 2210.000000 960.000000 0.665385 
-216.340881 0.005928 2261.000000 970.000000 0.682445 
-225.674423 -0.004849 2302.000000 993.000000 0.646402 
-223.674637 -0.000359 2344.000000 1005.000000 0.651803 
-228.008194 -0.003156 2388.000000 1024.000000 0.637169 
-223.341843 0.001779 2450.000000 1040.000000 0.651649 
-224.342072 0.000788 2495.000000 1056.000000 0.647751 
-227.675720 -0.002530 2557.000000 1080.000000 0.636314 
-230.009293 -0.002937 2604.000000 1098.000000 0.630401 
-222.342850 0.003497 2648.000000 1105.000000 0.654560 
-224.009766 0.001172 2697.000000 1123.000000 0.648314 
-220.010025 0.001381 2748.000000 1136.000000 0.656814 
-211.010345 0.006211 2811.000000 1148.000000 0.679378 
-207.010559 0.006110 2853.000000 1158.000000 0.686380 
-217.010773 -0.004292 2895.000000 1182.000000 0.648401 
-224.344360 -0.006605 2945.000000 1206.000000 0.625795 
-238.011230 -0.010062 2985.000000 1233.000000 0.591585 
-242.344757 -0.005560 3023.000000 1250.000000 0.588912 
-245.011688 -0.003385 3075.000000 1270.000000 0.593851 
-254.678619 -0.007329 3127.000000 1297.000000 0.579017 
-254.678940 -0.004388 3190.000000 1318.000000 0.593183 
-257.011749 -0.000552 3243.000000 1338.000000 0.601033 
-258.344788 -0.001877 3302.000000 1359.000000 0.606468 
-267.677643 -0.005616 3349.000000 1384.000000 0.589142 
-267.677032 -0.000124 3409.000000 1404.000000 0.604611 
-273.009888 -0.003054 3456.000000 1425.000000 0.598049 
-283.342834 -0.008022 3494.000000 1448.000000 0.576907 
-289.675812 -0.006853 3529.000000 1466.000000 0.570068 
-287.341919 -0.001699 3584.000000 1482.000000 0.591646 
-281.008057 0.002145 3636.000000 1493.000000 0.618262 
-278.007507 0.002360 3690.000000 1508.000000 0.631810 
-267.673615 0.007732 3745.000000 1516.000000 0.664121 
-257.006439 0.009487 3795.000000 1522.000000 0.691893 
-248.673111 0.009124 3844.000000 1530.000000 0.708435 
-238.340088 0.010174 3905.000000 1540.000000 0.724592 
-224.673752 0.013268 3970.000000 1548.000000 0.747581 
-214.007416 0.011926 4035.000000 1559.000000 0.755142 
-205.674362 0.009786 4090.000000 1569.000000 0.757778 
-191.008026 0.011231 4155.000000 1576.000000 0.774548 
-176.008331 0.013594 4215.000000 1581.000000 0.793732 
-163.675323 0.012762 4279.000000 1590.000000 0.796314 
-152.342239 0.012704 4328.000000 1595.000000 0.805924 
-144.342560 0.009019 4391.000000 1608.000000 0.791186 
-131.009537 0.011675 4452.000000 1615.000000 0.800203 
-120.009521 0.010934 4503.000000 1621.000000 0.805886 
-113.342728 0.007971 4553.000000 1631.000000 0.795403 
-95.675858 0.013380 4633.000000 1640.000000 0.805474 
-83.009056 0.012264 4686.000000 1645.000000 0.815199 
-68.675529 0.013120 4762.000000 1656.000000 0.812326 
-53.342224 0.014051 4826.000000 1662.000000 0.821932 
-35.675648 0.016812 4897.000000 1668.000000 0.834220 
-21.008965 0.015192 4956.000000 1673.000000 0.841494 
-14.675611 0.009298 5008.000000 1684.000000 0.821745 
-6.008952 0.008146 5061.000000 1693.000000 0.813001 
5.657716 0.009688 5105.000000 1696.000000 0.824258 
20.991058 0.013143 5163.000000 1700.000000 0.836598 
33.657749 0.012981 5216.000000 1705.000000 0.841573 
46.991009 0.013550 5274.000000 1711.000000 0.844858 
65.324272 0.017095 5341.000000 1715.000000 0.858213 
80.657753 0.015354 5399.000000 1719.000000 0.864676 
95.657890 0.014463 5453.000000 1722.000000 0.872598 
112.324722 0.014922 5518.000000 1727.000000 0.874251 
123.991531 0.013452 5574.000000 1734.000000 0.866995 
133.991425 0.011208 5631.000000 1743.000000 0.852322 
150.657761 0.013801 5696.000000 1748.000000 0.858374 
162.324173 0.012497 5746.000000 1753.000000 0.858732 
171.990585 0.010294 5796.000000 1760.000000 0.850390 
189.990250 0.015391 5862.000000 1764.000000 0.861214 
203.656616 0.014446 5921.000000 1770.000000 0.860727 
219.656265 0.015387 5990.000000 1777.000000 0.859101 
228.989334 0.011035 6042.000000 1785.000000 0.847484 
241.655685 0.012581 6104.000000 1793.000000 0.843216 
258.988861 0.016303 6162.000000 1795.000000 0.860811 
280.322876 0.020055 6229.000000 1796.000000 0.882023 
296.990234 0.017704 6297.000000 1802.000000 0.879591 
304.990784 0.012687 6351.000000 1812.000000 0.858736 
312.324646 0.010075 6403.000000 1822.000000 0.840480 
328.658630 0.013417 6467.000000 1827.000000 0.848559 
343.992615 0.013865 6531.000000 1833.000000 0.850690 
356.659882 0.013815 6590.000000 1840.000000 0.848382 
379.327393 0.019433 6673.000000 1845.000000 0.862726 
388.327972 0.012431 6730.000000 1855.000000 0.844430 
399.328613 0.011886 6793.000000 1865.000000 0.833297 
409.329224 0.010091 6853.000000 1875.000000 0.822483 
416.996368 0.007733 6900.000000 1883.000000 0.814717 
431.996948 0.011416 6957.000000 1887.000000 0.827980 
442.664246 0.011556 7019.000000 1897.000000 0.820005 
454.664795 0.012026 7073.000000 1903.000000 0.824479 
467.665344 0.012304 7127.000000 1908.000000 0.831579 
480.332550 0.011600 7180.000000 1913.000000 0.836109 
501.000031 0.017303 7260.000000 1919.000000 0.848588 
514.666931 0.014600 7325.000000 1927.000000 0.844227 
536.665344 0.019714 7403.000000 1931.000000 0.861891 
552.664124 0.017836 7463.000000 1935.000000 0.869148 
562.663269 0.012721 7505.000000 1939.000000 0.868007 
575.328735 0.012466 7564.000000 1946.000000 0.861150 
586.994202 0.012647 7623.000000 1954.000000 0.853112 
601.326477 0.014005 7675.000000 1957.000000 0.862466 
618.658386 0.016716 7745.000000 1963.000000 0.865332 
637.657043 0.018659 7811.000000 1966.000000 0.878001 
655.655518 0.018744 7886.000000 1973.000000 0.875369 
672.987305 0.018223 7962.000000 1981.000000 0.870522 
685.652893 0.015102 8015.000000 1986.000000 0.869710 
702.984741 0.017792 8088.000000 1993.000000 0.868844 
721.650208 0.018766 8147.000000 1994.000000 0.886447 
739.315430 0.018122 8218.000000 2000.000000 0.884132 
759.980652 0.020600 8289.000000 2003.000000 0.894876 
771.312866 0.013596 8344.000000 2010.000000 0.881173 
793.311462 0.019217 8413.000000 2011.000000 0.899589 
812.643616 0.018790 8471.000000 2011.000000 0.915647 
829.975525 0.018118 8541.000000 2017.000000 0.907057 
843.974304 0.016512 8601.000000 2023.000000 0.898317 
859.639954 0.016221 8651.000000 2024.000000 0.908072 
878.305237 0.016991 8719.000000 2028.000000 0.907908 
892.970459 0.016407 8790.000000 2037.000000 0.889336 
907.635803 0.016126 8855.000000 2044.000000 0.881292 
928.300903 0.019229 8932.000000 2049.000000 0.886472 
944.966309 0.017265 8994.000000 2053.000000 0.889378 
960.298401 0.016261 9055.000000 2058.000000 0.887794 
973.963806 0.016175 9117.000000 2065.000000 0.879714 
992.295837 0.017510 9181.000000 2068.000000 0.889307 
1005.961304 0.014868 9240.000000 2074.000000 0.882831 
1020.626831 0.014439 9296.000000 2078.000000 0.884362 
1039.295410 0.017023 9358.000000 2080.000000 0.895691 
1053.964478 0.015884 9417.000000 2085.000000 0.892519 
1067.967407 0.014014 9489.000000 2095.000000 0.872969 
1085.636841 0.016034 9557.000000 2100.000000 0.875905 
1101.306152 0.016093 9622.000000 2106.000000 0.874825 
1119.975464 0.017196 9687.000000 2109.000000 0.884544 
1133.644165 0.015347 9737.000000 2112.000000 0.888589 
1151.313110 0.016907 9793.000000 2113.000000 0.901853 
1168.649536 0.016077 9869.000000 2121.000000 0.888485 
1177.985107 0.011313 9924.000000 2130.000000 0.868157 
1193.987793 0.014532 9990.000000 2136.000000 0.867607 
1211.990234 0.017030 10050.000000 2138.000000 0.881978 
1223.658813 0.013581 10097.000000 2142.000000 0.881604 
1238.661255 0.014936 10157.000000 2147.000000 0.881743 
1251.996582 0.014276 10206.000000 2150.000000 0.885808 
1272.999268 0.017586 10272.000000 2151.000000 0.902051 
1284.668335 0.013883 10331.000000 2159.000000 0.885207 
1298.670654 0.014381 10388.000000 2164.000000 0.883025 
1317.006836 0.017499 10458.000000 2169.000000 0.885557 
1327.675781 0.012949 10514.000000 2177.000000 0.870638 
1343.011475 0.015153 10572.000000 2181.000000 0.875863 
1354.013672 0.014310 10626.000000 2188.000000 0.867055 
1364.683105 0.012260 10694.000000 2200.000000 0.845620 
1383.352539 0.017276 10762.000000 2204.000000 0.860154 
1401.021851 0.017587 10827.000000 2208.000000 0.868634 
1419.024780 0.017722 10899.000000 2214.000000 0.871067 
1430.027466 0.013853 10965.000000 2225.000000 0.852140 
1446.363037 0.016032 11020.000000 2227.000000 0.866993 
1465.365479 0.017483 11080.000000 2228.000000 0.884533 
1483.701416 0.018451 11144.000000 2231.000000 0.892669 
1495.037354 0.013922 11208.000000 2241.000000 0.871057 
1513.040283 0.015719 11280.000000 2247.000000 0.871815 
1528.376221 0.016932 11344.000000 2253.000000 0.871915 
1543.045288 0.016270 11403.000000 2258.000000 0.873611 
1557.047607 0.015252 11460.000000 2263.000000 0.873642 
1574.716553 0.017219 11516.000000 2264.000000 0.889189 
1595.719604 0.019849 11591.000000 2268.000000 0.895484 
1613.388916 0.019052 11656.000000 2272.000000 0.898062 
1631.391602 0.017751 11722.000000 2276.000000 0.899791 
1647.727661 0.016949 11789.000000 2282.000000 0.893921 
1663.063843 0.014613 11859.000000 2290.000000 0.880388 
1667.732544 0.007568 11909.000000 2302.000000 0.848085 
1682.401367 0.012197 11962.000000 2305.000000 0.858397 
1703.737427 0.017433 12029.000000 2306.000000 0.879957 
1716.739868 0.013905 12089.000000 2313.000000 0.871370 
1735.075684 0.016696 12150.000000 2315.000000 0.884897 
1747.745117 0.013740 12218.000000 2325.000000 0.866098 
1764.747559 0.016298 12278.000000 2328.000000 0.876265 
1784.750366 0.020372 12347.000000 2331.000000 0.887835 
1795.086060 0.013337 12405.000000 2340.000000 0.868509 
1809.088379 0.014362 12462.000000 2345.000000 0.869725 
1810.090454 0.005629 12513.000000 2361.000000 0.824975 
1823.093262 0.010273 12582.000000 2371.000000 0.820113 
1841.095947 0.014294 12648.000000 2375.000000 0.837295 
1853.098022 0.012531 12699.000000 2380.000000 0.840736 
1869.767090 0.014911 12758.000000 2383.000000 0.854641 
1884.102905 0.014551 12819.000000 2389.000000 0.855879 
1888.771240 0.008684 12860.000000 2398.000000 0.836854 
1902.773682 0.011447 12920.000000 2404.000000 0.840227 
1919.776367 0.014656 12986.000000 2409.000000 0.848920 
1932.778442 0.014081 13037.000000 2413.000000 0.854884 
1955.781372 0.019859 13109.000000 2414.000000 0.879059 
1963.783691 0.012483 13166.000000 2425.000000 0.854540 
1972.118774 0.010942 13209.000000 2431.000000 0.848961 
1991.788208 0.017234 13277.000000 2434.000000 0.865354 
2014.458252 0.020186 13360.000000 2439.000000 0.874990 
2029.127563 0.017276 13425.000000 2446.000000 0.869550 
2042.130249 0.015656 13491.000000 2455.000000 0.858886 
2060.460205 0.017876 13558.000000 2459.000000 0.868666 
2077.122070 0.016922 13617.000000 2462.000000 0.878539 
2094.116211 0.017798 13689.000000 2469.000000 0.875300 
2110.444580 0.016381 13750.000000 2473.000000 0.880347 
2129.105957 0.016649 13815.000000 2476.000000 0.888603 
2143.101562 0.015468 13869.000000 2480.000000 0.889172 
2163.762207 0.018260 13943.000000 2484.000000 0.895819 
2177.757812 0.015990 13997.000000 2488.000000 0.895018 
2190.753662 0.013783 14048.000000 2492.000000 0.893002 
2212.747803 0.018065 14120.000000 2494.000000 0.905065 
2233.074951 0.019256 14196.000000 2499.000000 0.904065 
2249.736816 0.017138 14255.000000 2502.000000 0.907220 
2264.064941 0.015908 14319.000000 2509.000000 0.895712 
2275.060547 0.012659 14373.000000 2516.000000 0.882558 
2284.722412 0.010094 14432.000000 2526.000000 0.860946 
2304.717041 0.016708 14498.000000 2528.000000 0.878382 
2322.712402 0.018334 14555.000000 2529.000000 0.893760 
2340.706787 0.018149 14624.000000 2534.000000 0.893816 
2353.035889 0.014684 14676.000000 2539.000000 0.888421 
2367.698242 0.013836 14729.000000 2542.000000 0.892670 
2382.026855 0.015155 14787.000000 2547.000000 0.890751 
2395.689209 0.014458 14840.000000 2551.000000 0.890093 
2416.683105 0.018959 14915.000000 2555.000000 0.896326 
2429.011963 0.014554 14970.000000 2561.000000 0.887741 
2449.339600 0.018032 15040.000000 2564.000000 0.897222 
2471.666992 0.021167 15113.000000 2566.000000 0.909758 
2486.329346 0.017791 15166.000000 2569.000000 0.910603 
2506.990723 0.019609 15231.000000 2570.000000 0.922008 
2523.985596 0.018413 15294.000000 2574.000000 0.918976 
2539.648438 0.017400 15341.000000 2574.000000 0.929646 
2557.976807 0.018364 15402.000000 2576.000000 0.932908 
2572.638672 0.015870 15461.000000 2581.000000 0.922821 
2586.300049 0.013953 15526.000000 2589.000000 0.902302 
2597.628174 0.012139 15590.000000 2599.000000 0.878742 
2617.289551 0.017495 15655.000000 2601.000000 0.892789 
2630.618164 0.014350 15713.000000 2607.000000 0.885315 
2640.947021 0.011948 15768.000000 2615.000000 0.870257 
2660.941406 0.016374 15837.000000 2618.000000 0.881866 
2676.603516 0.015643 15893.000000 2621.000000 0.888054 
2697.597656 0.018414 15965.000000 2624.000000 0.897194 
2708.592529 0.013503 16028.000000 2634.000000 0.874619 
2719.587646 0.012525 16088.000000 2643.000000 0.859628 
2734.583008 0.013576 16145.000000 2647.000000 0.865418 
2746.911865 0.013481 16200.000000 2653.000000 0.862593 
2760.240234 0.014350 16261.000000 2660.000000 0.859073 
2773.568848 0.013255 16319.000000 2666.000000 0.857826 
2789.230225 0.014732 16384.000000 2672.000000 0.859230 
2808.225098 0.017775 16447.000000 2674.000000 0.875960 
2829.885742 0.021672 16521.000000 2677.000000 0.889427 
2844.548096 0.017632 16574.000000 2680.000000 0.893849 
2858.209473 0.015741 16639.000000 2688.000000 0.881241 
2874.205078 0.016153 16693.000000 2690.000000 0.891411 
2886.866699 0.013787 16755.000000 2698.000000 0.877521 
2904.861328 0.016382 16821.000000 2702.000000 0.883224 
2916.524414 0.013705 16865.000000 2705.000000 0.885122 
2935.518799 0.016735 16934.000000 2709.000000 0.890137 
2954.513184 0.018427 17003.000000 2713.000000 0.894293 
2972.507324 0.018413 17075.000000 2719.000000 0.891580 
2991.834961 0.018096 17145.000000 2723.000000 0.895444 
