0.000000 0.000000 0.000000 0.000000 0.000000 
0.000000 0.000000 0.000000 0.000000 0.000000 
-9.000000 -0.007338 45.000000 24.000000 0.117056 
-17.000013 -0.009837 90.000000 47.000000 0.208787 
-31.999990 -0.013006 126.000000 74.000000 0.260015 
-27.666664 -0.001741 181.000000 88.000000 0.353170 
-32.999996 -0.003427 222.000000 107.000000 0.394703 
-60.666706 -0.018159 256.000000 146.000000 0.380365 
-66.666626 -0.009647 301.000000 167.000000 0.420337 
-68.333168 -0.005215 350.000000 185.000000 0.461803 
-75.666374 -0.006218 400.000000 209.000000 0.484063 
-82.999588 -0.007223 447.000000 232.000000 0.498845 
-90.999489 -0.008455 486.000000 253.000000 0.503895 
-110.666061 -0.017271 523.000000 285.000000 0.480439 
-128.999374 -0.016329 555.000000 314.000000 0.464550 
-142.332870 -0.013960 602.000000 343.000000 0.471992 
-131.999817 0.001030 657.000000 351.000000 0.533556 
-139.333328 -0.003277 692.000000 370.000000 0.532574 
-143.666885 -0.002826 736.000000 389.000000 0.543490 
-153.667068 -0.007096 772.000000 411.000000 0.534288 
-149.000671 -0.001093 825.000000 424.000000 0.568084 
-173.667511 -0.015752 859.000000 460.000000 0.517882 
-185.667709 -0.013647 898.000000 485.000000 0.510217 
-194.667877 -0.011107 931.000000 505.000000 0.507514 
-197.001373 -0.005302 963.000000 518.000000 0.520858 
-200.001648 -0.002574 1017.000000 539.000000 0.542735 
-202.001862 -0.001723 1059.000000 555.000000 0.555820 
-210.002060 -0.005863 1098.000000 576.000000 0.550052 
-205.002304 0.000789 1146.000000 587.000000 0.581294 
-217.335831 -0.007198 1184.000000 612.000000 0.559738 
-224.336060 -0.007801 1229.000000 634.000000 0.556803 
-237.336212 -0.012747 1259.000000 657.000000 0.533915 
-231.336456 -0.000850 1307.000000 667.000000 0.570564 
-244.003372 -0.008543 1356.000000 696.000000 0.552537 
-249.670242 -0.007880 1396.000000 715.000000 0.552649 
-252.337112 -0.005000 1436.000000 731.000000 0.560880 
-253.004044 -0.002271 1488.000000 749.000000 0.576718 
-247.337601 0.002620 1532.000000 758.000000 0.604497 
-256.671143 -0.006274 1567.000000 779.000000 0.583589 
-277.337463 -0.016162 1601.000000 811.000000 0.537558 
-276.003571 -0.005896 1656.000000 828.000000 0.563360 
-281.003082 -0.004902 1704.000000 849.000000 0.566978 
-289.002655 -0.006244 1746.000000 871.000000 0.560796 
-286.002075 -0.000217 1803.000000 887.000000 0.587925 
-277.001404 0.006305 1869.000000 900.000000 0.627222 
-268.667480 0.007847 1927.000000 911.000000 0.654644 
-274.667084 -0.000435 1966.000000 930.000000 0.635511 
-277.666534 -0.002559 2020.000000 951.000000 0.628051 
-277.666016 0.000285 2071.000000 968.000000 0.632444 
-273.665527 0.003492 2119.000000 980.000000 0.646651 
-273.331665 -0.000524 2171.000000 997.000000 0.644817 
-268.331146 0.004021 2222.000000 1009.000000 0.660139 
-285.330811 -0.008885 2255.000000 1037.000000 0.607897 
-281.330231 0.000121 2312.000000 1052.000000 0.628128 
-280.663116 -0.000146 2356.000000 1066.000000 0.632192 
-267.662476 0.007664 2419.000000 1074.000000 0.671469 
-263.328583 0.005886 2474.000000 1088.000000 0.678381 
-265.661377 0.000800 2527.000000 1108.000000 0.663822 
-256.994141 0.005606 2583.000000 1118.000000 0.684723 
-259.993958 -0.000769 2637.000000 1139.000000 0.665258 
-260.326752 -0.000159 2690.000000 1157.000000 0.659726 
-266.659760 -0.003979 2722.000000 1174.000000 0.638128 
-259.325806 0.003231 2783.000000 1187.000000 0.659613 
-241.659317 0.011363 2845.000000 1190.000000 0.707713 
-237.659622 0.006709 2905.000000 1206.000000 0.704252 
-241.993210 0.000784 2955.000000 1227.000000 0.679238 
-251.993408 -0.005852 2994.000000 1250.000000 0.643056 
-239.993744 0.006480 3060.000000 1260.000000 0.678207 
-234.660645 0.005079 3106.000000 1270.000000 0.686885 
-230.660950 0.004344 3166.000000 1286.000000 0.688411 
-228.661209 0.001454 3217.000000 1301.000000 0.683216 
-215.994843 0.007788 3276.000000 1308.000000 0.711667 
-212.328461 0.005869 3332.000000 1323.000000 0.707728 
-196.662109 0.011935 3394.000000 1328.000000 0.740958 
-199.995712 0.001740 3447.000000 1349.000000 0.708085 
-202.662598 0.001269 3490.000000 1366.000000 0.690174 
-188.329575 0.009014 3551.000000 1372.000000 0.722420 
-184.663147 0.005270 3598.000000 1384.000000 0.718557 
-170.663452 0.010706 3658.000000 1390.000000 0.745196 
-158.997055 0.010576 3711.000000 1396.000000 0.761069 
-151.330658 0.009036 3764.000000 1406.000000 0.761859 
-130.331009 0.017134 3833.000000 1408.000000 0.799934 
-124.330963 0.010082 3878.000000 1417.000000 0.791522 
-116.330833 0.008749 3929.000000 1426.000000 0.788437 
-110.997375 0.007762 3978.000000 1437.000000 0.778180 
-99.330574 0.010486 4031.000000 1443.000000 0.789500 
-84.997108 0.013745 4083.000000 1446.000000 0.809469 
-71.996979 0.013659 4134.000000 1450.000000 0.821693 
-58.663589 0.013731 4186.000000 1454.000000 0.832047 
-41.663666 0.015828 4246.000000 1457.000000 0.847745 
-27.663685 0.013961 4303.000000 1462.000000 0.851022 
-6.997004 0.017526 4371.000000 1464.000000 0.869935 
7.669666 0.016218 4424.000000 1467.000000 0.877587 
20.003006 0.012998 4488.000000 1476.000000 0.862555 
39.669659 0.016058 4553.000000 1478.000000 0.878729 
52.669567 0.014158 4625.000000 1489.000000 0.860214 
70.336235 0.016866 4690.000000 1493.000000 0.869947 
84.003052 0.013853 4749.000000 1499.000000 0.866536 
89.336517 0.008104 4801.000000 1511.000000 0.838087 
107.670044 0.013086 4877.000000 1518.000000 0.843387 
121.670197 0.012900 4937.000000 1524.000000 0.845363 
138.670090 0.015959 4991.000000 1525.000000 0.864826 
152.336502 0.014927 5041.000000 1528.000000 0.872431 
164.002838 0.012616 5106.000000 1538.000000 0.855381 
185.002487 0.017843 5175.000000 1540.000000 0.874380 
198.335510 0.015374 5236.000000 1547.000000 0.867622 
211.001923 0.014121 5286.000000 1551.000000 0.869884 
227.334915 0.014854 5353.000000 1557.000000 0.869380 
242.667892 0.014994 5423.000000 1565.000000 0.862914 
256.000977 0.015051 5475.000000 1569.000000 0.867181 
270.001587 0.014321 5535.000000 1575.000000 0.865680 
286.668823 0.016038 5591.000000 1577.000000 0.878048 
302.002747 0.015816 5649.000000 1581.000000 0.881035 
317.003326 0.015284 5706.000000 1585.000000 0.883516 
329.670563 0.014046 5762.000000 1591.000000 0.877791 
346.671143 0.015608 5819.000000 1593.000000 0.888618 
358.338348 0.013508 5872.000000 1599.000000 0.880664 
378.672485 0.017919 5951.000000 1605.000000 0.883049 
395.006500 0.016956 6018.000000 1611.000000 0.880201 
409.673676 0.015585 6068.000000 1613.000000 0.888856 
428.007690 0.017456 6135.000000 1617.000000 0.892763 
445.675110 0.018194 6209.000000 1624.000000 0.886400 
465.675781 0.019478 6275.000000 1626.000000 0.898916 
483.009827 0.018511 6345.000000 1632.000000 0.895233 
499.343842 0.017263 6412.000000 1638.000000 0.890174 
513.010925 0.014652 6471.000000 1644.000000 0.882868 
527.676331 0.015041 6533.000000 1650.000000 0.879005 
549.008179 0.019676 6606.000000 1653.000000 0.891128 
564.340271 0.017077 6667.000000 1658.000000 0.889135 
579.339050 0.014537 6727.000000 1663.000000 0.885805 
595.670898 0.014715 6800.000000 1671.000000 0.875456 
608.669861 0.014418 6851.000000 1675.000000 0.877033 
624.001892 0.014141 6915.000000 1681.000000 0.873925 
640.000610 0.015532 6978.000000 1686.000000 0.876398 
650.666199 0.012717 7031.000000 1693.000000 0.866526 
664.998352 0.013857 7089.000000 1698.000000 0.867894 
681.997131 0.016081 7149.000000 1701.000000 0.878105 
700.329224 0.016942 7210.000000 1703.000000 0.890588 
717.327881 0.016654 7276.000000 1708.000000 0.890109 
731.660034 0.015361 7334.000000 1713.000000 0.887151 
745.658691 0.015865 7400.000000 1721.000000 0.877074 
757.991028 0.013513 7449.000000 1725.000000 0.877789 
775.989807 0.017126 7509.000000 1727.000000 0.889809 
784.655334 0.011102 7565.000000 1737.000000 0.865881 
805.320618 0.016936 7633.000000 1739.000000 0.882828 
817.653076 0.013744 7676.000000 1741.000000 0.888995 
839.318359 0.019119 7744.000000 1742.000000 0.905658 
856.650330 0.017471 7811.000000 1747.000000 0.901668 
866.648926 0.012746 7880.000000 1760.000000 0.868423 
878.314453 0.012375 7936.000000 1767.000000 0.861039 
893.646667 0.013993 7991.000000 1770.000000 0.869729 
906.312195 0.014020 8047.000000 1776.000000 0.866385 
921.310974 0.015151 8107.000000 1781.000000 0.869328 
932.643250 0.013415 8159.000000 1787.000000 0.864575 
947.975281 0.013660 8223.000000 1793.000000 0.863034 
968.973755 0.018183 8298.000000 1797.000000 0.874988 
984.972534 0.017406 8358.000000 1801.000000 0.879617 
1001.638000 0.017056 8417.000000 1804.000000 0.887274 
1018.636719 0.016426 8480.000000 1808.000000 0.889666 
1033.304810 0.014730 8542.000000 1814.000000 0.883079 
1053.307373 0.018896 8605.000000 1815.000000 0.899526 
1068.309448 0.016164 8656.000000 1817.000000 0.905268 
1086.645386 0.018709 8720.000000 1820.000000 0.910236 
1101.981201 0.017049 8781.000000 1825.000000 0.904630 
1121.984131 0.018272 8853.000000 1829.000000 0.906363 
1139.986572 0.018434 8913.000000 1831.000000 0.913926 
1159.989746 0.018877 8991.000000 1837.000000 0.907257 
1176.325806 0.017455 9058.000000 1843.000000 0.899694 
1192.662109 0.016570 9131.000000 1851.000000 0.886853 
1203.664185 0.014016 9182.000000 1857.000000 0.878940 
1223.000366 0.017188 9252.000000 1861.000000 0.886120 
1244.336670 0.020616 9325.000000 1864.000000 0.897499 
1261.005737 0.018480 9384.000000 1867.000000 0.901915 
1277.008179 0.015966 9444.000000 1871.000000 0.900885 
1292.344238 0.016237 9511.000000 1878.000000 0.890967 
1308.013428 0.015360 9573.000000 1883.000000 0.889160 
1322.348755 0.014815 9622.000000 1885.000000 0.896346 
1335.017578 0.013352 9675.000000 1890.000000 0.890604 
1353.686646 0.016575 9734.000000 1891.000000 0.904236 
1372.356201 0.018766 9805.000000 1896.000000 0.902756 
1389.692383 0.018086 9875.000000 1902.000000 0.896863 
1406.361694 0.016828 9940.000000 1907.000000 0.894119 
1424.030884 0.017546 10002.000000 1910.000000 0.899841 
1437.366577 0.014882 10060.000000 1916.000000 0.890924 
1457.702515 0.018617 10124.000000 1917.000000 0.905968 
1473.038086 0.015721 10179.000000 1920.000000 0.907241 
1483.706909 0.011983 10232.000000 1927.000000 0.891078 
1503.043213 0.015919 10305.000000 1932.000000 0.892495 
1523.379272 0.018578 10372.000000 1934.000000 0.903571 
1541.715210 0.017378 10436.000000 1937.000000 0.907837 
1554.384277 0.013967 10495.000000 1944.000000 0.893669 
1569.720215 0.014205 10559.000000 1950.000000 0.886699 
1585.056152 0.014400 10623.000000 1956.000000 0.881351 
1605.058838 0.017310 10689.000000 1958.000000 0.894214 
1622.395142 0.017882 10762.000000 1965.000000 0.887567 
1639.064087 0.017355 10818.000000 1967.000000 0.896918 
1655.733276 0.016219 10880.000000 1971.000000 0.897681 
1676.402832 0.018795 10951.000000 1974.000000 0.904753 
1690.071655 0.015268 11004.000000 1978.000000 0.901886 
1703.407227 0.013752 11059.000000 1983.000000 0.895578 
1723.410034 0.018835 11128.000000 1986.000000 0.902603 
1738.412476 0.015262 11188.000000 1991.000000 0.897241 
1747.748047 0.010696 11243.000000 2000.000000 0.874812 
1768.750977 0.016123 11315.000000 2003.000000 0.887060 
1787.087036 0.016648 11382.000000 2007.000000 0.890866 
1804.756470 0.016391 11450.000000 2012.000000 0.889960 
1822.425537 0.017898 11509.000000 2014.000000 0.899693 
1837.428589 0.016955 11584.000000 2024.000000 0.881392 
1860.431641 0.020610 11659.000000 2026.000000 0.898036 
1880.767700 0.020620 11726.000000 2028.000000 0.908742 
1894.436523 0.015980 11779.000000 2032.000000 0.905078 
1910.772217 0.015605 11837.000000 2035.000000 0.907573 
1930.774902 0.018290 11903.000000 2037.000000 0.916185 
1948.444458 0.016952 11974.000000 2043.000000 0.906131 
1960.113281 0.014043 12027.000000 2049.000000 0.895359 
1978.449097 0.017553 12088.000000 2051.000000 0.904526 
2001.118896 0.020615 12165.000000 2054.000000 0.911912 
2014.787720 0.016147 12218.000000 2058.000000 0.908120 
2032.456909 0.017318 12280.000000 2061.000000 0.911361 
2052.124756 0.019260 12345.000000 2063.000000 0.919207 
2063.453369 0.015427 12403.000000 2071.000000 0.899672 
2079.114746 0.016104 12468.000000 2077.000000 0.893286 
2086.777344 0.011087 12518.000000 2086.000000 0.871322 
2103.438965 0.013820 12580.000000 2090.000000 0.876842 
2117.101074 0.014187 12636.000000 2095.000000 0.876078 
2136.762451 0.016610 12701.000000 2097.000000 0.889497 
2156.090332 0.017745 12768.000000 2100.000000 0.897154 
2171.085205 0.015080 12831.000000 2106.000000 0.889552 
2183.080322 0.013190 12891.000000 2114.000000 0.875311 
2198.076172 0.013902 12942.000000 2116.000000 0.884427 
2206.738037 0.010134 13001.000000 2127.000000 0.858358 
2221.733154 0.012017 13061.000000 2132.000000 0.861028 
2232.395264 0.011037 13117.000000 2140.000000 0.850769 
2249.057129 0.014192 13176.000000 2143.000000 0.862615 
2263.718750 0.013854 13238.000000 2149.000000 0.861277 
2276.714844 0.013312 13286.000000 2152.000000 0.867720 
2290.376953 0.012722 13342.000000 2157.000000 0.867223 
2306.704590 0.015895 13412.000000 2164.000000 0.866537 
2315.701172 0.011481 13454.000000 2169.000000 0.862105 
2338.361816 0.018070 13528.000000 2171.000000 0.882055 
2360.356201 0.021076 13597.000000 2172.000000 0.899965 
2381.017334 0.021653 13665.000000 2174.000000 0.910258 
2394.012207 0.015351 13728.000000 2182.000000 0.891593 
2406.340332 0.011925 13792.000000 2191.000000 0.872543 
2417.668945 0.011422 13850.000000 2199.000000 0.861205 
2428.998291 0.012031 13899.000000 2204.000000 0.860915 
2442.660889 0.013030 13949.000000 2207.000000 0.868341 
2459.988770 0.015669 14016.000000 2212.000000 0.873117 
2477.982910 0.017306 14088.000000 2218.000000 0.873881 
2494.977783 0.016943 14151.000000 2222.000000 0.879392 
2508.306152 0.014490 14212.000000 2229.000000 0.871802 
2522.301270 0.014590 14272.000000 2235.000000 0.869234 
2534.964111 0.014031 14319.000000 2238.000000 0.874816 
2549.292236 0.014184 14383.000000 2245.000000 0.868391 
2567.620361 0.016876 14447.000000 2248.000000 0.878876 
2586.614990 0.018784 14513.000000 2251.000000 0.888981 
2600.944092 0.014889 14565.000000 2254.000000 0.891850 
2616.272949 0.015693 14620.000000 2257.000000 0.896397 
2632.601562 0.014764 14678.000000 2260.000000 0.899899 
2647.930176 0.014684 14736.000000 2264.000000 0.899216 
2666.258301 0.016932 14800.000000 2267.000000 0.904386 
2682.919922 0.017479 14862.000000 2271.000000 0.904557 
2700.248291 0.016680 14923.000000 2274.000000 0.907550 
2717.575439 0.016967 14999.000000 2282.000000 0.894176 
2735.236572 0.017737 15067.000000 2287.000000 0.893088 
2752.231689 0.017456 15127.000000 2290.000000 0.898796 
2771.226074 0.019192 15196.000000 2294.000000 0.902125 
2784.887939 0.015901 15255.000000 2300.000000 0.893666 
2801.216309 0.016778 15316.000000 2304.000000 0.895907 
2813.878906 0.015043 15366.000000 2308.000000 0.893854 
2833.873535 0.018151 15432.000000 2310.000000 0.904863 
2847.535400 0.015602 15491.000000 2316.000000 0.895644 
2862.197754 0.015310 15544.000000 2319.000000 0.898496 
2876.192627 0.012700 15607.000000 2326.000000 0.885741 
2895.853516 0.017065 15678.000000 2330.000000 0.891390 
2914.514893 0.017783 15743.000000 2333.000000 0.897822 
2927.510254 0.014241 15800.000000 2339.000000 0.888950 
2938.839111 0.013347 15855.000000 2346.000000 0.877849 
2949.168213 0.011760 15907.000000 2353.000000 0.867448 
2965.496582 0.014525 15968.000000 2357.000000 0.873865 
2986.490723 0.017772 16040.000000 2360.000000 0.885686 
3000.486572 0.015466 16091.000000 2363.000000 0.889387 
3019.814697 0.016914 16155.000000 2365.000000 0.899850 
3037.475830 0.017854 16223.000000 2370.000000 0.898371 
3054.470703 0.016505 16286.000000 2374.000000 0.899542 
3066.799805 0.014644 16338.000000 2379.000000 0.893658 
3085.794922 0.017285 16398.000000 2380.000000 0.907380 
3104.123535 0.018161 16456.000000 2381.000000 0.918067 
3115.785645 0.014775 16512.000000 2388.000000 0.901986 
3130.780518 0.014314 16575.000000 2394.000000 0.893975 
3145.441650 0.013733 16643.000000 2402.000000 0.880271 
3161.435303 0.014990 16721.000000 2412.000000 0.866342 
3174.096680 0.013285 16786.000000 2421.000000 0.854166 
3196.090088 0.019549 16867.000000 2426.000000 0.866632 
3212.752197 0.018261 16923.000000 2428.000000 0.878917 
3224.413574 0.014179 16988.000000 2438.000000 0.860804 
3242.407715 0.016776 17060.000000 2444.000000 0.864386 
3257.069092 0.014888 17125.000000 2451.000000 0.860289 
3275.063477 0.016423 17194.000000 2456.000000 0.866992 
3298.057617 0.020904 17266.000000 2457.000000 0.888981 
