0.000000 0.000000 0.000000 0.000000 0.000000 
0.000000 0.000000 0.000000 0.000000 0.000000 
-9.333332 -0.006388 32.000000 20.000000 0.086883 
-21.333321 -0.009790 74.000000 46.000000 0.178808 
-32.333309 -0.010994 98.000000 65.000000 0.217197 
-34.333363 -0.004423 140.000000 81.000000 0.291698 
-30.666750 0.001768 199.000000 97.000000 0.383015 
-43.666805 -0.007088 247.000000 126.000000 0.412635 
-64.000168 -0.013324 279.000000 157.000000 0.407782 
-71.000114 -0.010816 333.000000 182.000000 0.445356 
-74.333298 -0.008572 392.000000 205.000000 0.483223 
-77.666527 -0.003188 433.000000 222.000000 0.505440 
-91.666428 -0.012024 472.000000 249.000000 0.493986 
-107.666367 -0.014697 496.000000 273.000000 0.473162 
-115.999565 -0.011770 549.000000 299.000000 0.491543 
-123.332802 -0.009991 587.000000 319.000000 0.498719 
-126.999382 -0.006439 627.000000 336.000000 0.514581 
-130.666229 -0.003939 670.000000 354.000000 0.529928 
-135.666489 -0.005468 721.000000 376.000000 0.541154 
-140.333374 -0.004552 764.000000 395.000000 0.548855 
-144.333633 -0.006497 815.000000 416.000000 0.556366 
-153.000519 -0.009306 858.000000 439.000000 0.548440 
-172.334045 -0.015025 896.000000 471.000000 0.515849 
-176.334259 -0.009069 938.000000 489.000000 0.527720 
-186.001099 -0.008357 972.000000 510.000000 0.522087 
-190.334671 -0.005917 1019.000000 530.000000 0.535527 
-199.001556 -0.009065 1062.000000 553.000000 0.532649 
-206.001770 -0.006906 1104.000000 574.000000 0.536171 
-219.668625 -0.010073 1141.000000 600.000000 0.520926 
-235.335480 -0.014528 1178.000000 628.000000 0.502434 
-230.335739 -0.002364 1229.000000 640.000000 0.544041 
-233.002655 -0.002619 1278.000000 659.000000 0.557725 
-258.002838 -0.016663 1317.000000 697.000000 0.510908 
-262.669037 -0.010014 1366.000000 718.000000 0.525874 
-275.001984 -0.011477 1404.000000 743.000000 0.515625 
-278.001526 -0.006645 1449.000000 761.000000 0.531847 
-274.667511 -0.001280 1516.000000 780.000000 0.568431 
-267.000244 0.005175 1575.000000 792.000000 0.606784 
-274.999786 -0.004329 1620.000000 815.000000 0.590700 
-288.332825 -0.009605 1649.000000 838.000000 0.561586 
-286.998993 -0.002715 1698.000000 853.000000 0.581516 
-285.998474 -0.000263 1749.000000 869.000000 0.597197 
-292.998016 -0.005635 1794.000000 891.000000 0.586129 
-289.664185 0.000561 1843.000000 904.000000 0.607196 
-280.663513 0.005906 1909.000000 917.000000 0.640628 
-281.663086 0.001454 1951.000000 932.000000 0.637917 
-294.662659 -0.008632 1993.000000 959.000000 0.601417 
-291.995483 -0.000785 2043.000000 973.000000 0.617981 
-290.328278 0.000076 2096.000000 989.000000 0.627390 
-295.661072 -0.003213 2149.000000 1012.000000 0.616033 
-297.660583 -0.002737 2197.000000 1030.000000 0.615409 
-296.993408 0.001004 2247.000000 1046.000000 0.624532 
-309.659668 -0.008919 2287.000000 1072.000000 0.591561 
-306.325897 -0.000343 2330.000000 1083.000000 0.610589 
-312.325378 -0.003109 2381.000000 1106.000000 0.602433 
-309.991364 -0.000239 2448.000000 1126.000000 0.618774 
-312.990967 -0.001511 2487.000000 1142.000000 0.614680 
-305.323730 0.003834 2543.000000 1153.000000 0.641610 
-306.989929 0.000677 2589.000000 1170.000000 0.637337 
-317.322845 -0.005156 2630.000000 1194.000000 0.610049 
-314.322296 -0.000216 2684.000000 1209.000000 0.625159 
-313.655151 0.000169 2731.000000 1224.000000 0.630348 
-302.321198 0.007637 2792.000000 1233.000000 0.665843 
-297.653992 0.005574 2845.000000 1246.000000 0.674511 
-294.653473 0.002436 2896.000000 1260.000000 0.675310 
-286.319458 0.005636 2963.000000 1274.000000 0.690130 
-291.985687 -0.000715 3006.000000 1294.000000 0.665126 
-291.651886 0.000200 3052.000000 1309.000000 0.662105 
-291.318085 0.001141 3098.000000 1324.000000 0.660082 
-291.984314 0.000323 3141.000000 1339.000000 0.655260 
-281.316925 0.006609 3212.000000 1352.000000 0.681456 
-277.649719 0.005649 3265.000000 1366.000000 0.685352 
-267.315887 0.009266 3314.000000 1372.000000 0.709361 
-249.315567 0.014784 3377.000000 1375.000000 0.750053 
-241.982468 0.009590 3423.000000 1383.000000 0.753560 
-233.316086 0.007654 3479.000000 1393.000000 0.755566 
-225.316330 0.008904 3527.000000 1401.000000 0.761027 
-218.316650 0.006830 3590.000000 1415.000000 0.752825 
-211.983566 0.007038 3639.000000 1425.000000 0.752129 
-199.317169 0.011241 3692.000000 1430.000000 0.771825 
-189.650757 0.010206 3742.000000 1437.000000 0.778219 
-177.317719 0.012177 3800.000000 1444.000000 0.789060 
-163.984665 0.013122 3855.000000 1449.000000 0.802560 
-157.318268 0.008414 3908.000000 1460.000000 0.790349 
-143.651947 0.011633 3976.000000 1469.000000 0.797045 
-142.318863 0.005568 4025.000000 1484.000000 0.770578 
-123.985741 0.013328 4086.000000 1486.000000 0.802472 
-108.318924 0.015278 4145.000000 1490.000000 0.819551 
-99.652122 0.010387 4198.000000 1499.000000 0.811412 
-85.651993 0.013913 4249.000000 1502.000000 0.827724 
-69.318474 0.015302 4322.000000 1510.000000 0.831019 
-55.651814 0.013859 4381.000000 1516.000000 0.834882 
-43.318558 0.012637 4442.000000 1524.000000 0.832332 
-26.318592 0.014964 4496.000000 1525.000000 0.853627 
-9.985243 0.015561 4557.000000 1529.000000 0.862425 
3.681424 0.015417 4619.000000 1536.000000 0.859299 
18.348089 0.015807 4675.000000 1540.000000 0.865568 
30.014786 0.013437 4722.000000 1544.000000 0.867478 
44.348061 0.013885 4786.000000 1551.000000 0.862909 
61.014645 0.014612 4851.000000 1556.000000 0.866889 
75.014732 0.015756 4914.000000 1563.000000 0.863566 
89.014885 0.014277 4974.000000 1569.000000 0.862227 
103.348366 0.014590 5032.000000 1574.000000 0.864497 
115.348503 0.012952 5086.000000 1580.000000 0.860578 
127.348633 0.012252 5137.000000 1585.000000 0.860757 
139.348404 0.012400 5197.000000 1593.000000 0.852691 
150.014786 0.011774 5253.000000 1601.000000 0.845202 
157.681183 0.010403 5306.000000 1611.000000 0.830369 
176.347504 0.016348 5374.000000 1615.000000 0.847149 
193.013824 0.017783 5442.000000 1621.000000 0.853278 
202.013565 0.012044 5493.000000 1629.000000 0.842334 
218.013275 0.014593 5550.000000 1632.000000 0.855135 
231.346298 0.013025 5611.000000 1639.000000 0.851303 
251.345917 0.017452 5686.000000 1644.000000 0.861895 
271.013062 0.019226 5754.000000 1647.000000 0.875738 
291.013763 0.019412 5823.000000 1650.000000 0.887097 
309.014404 0.018407 5886.000000 1653.000000 0.894114 
322.348328 0.015869 5944.000000 1659.000000 0.887302 
343.349060 0.019134 6016.000000 1662.000000 0.896896 
356.682953 0.016090 6071.000000 1667.000000 0.892342 
374.683594 0.016319 6134.000000 1670.000000 0.897647 
388.350922 0.014180 6199.000000 1678.000000 0.883021 
399.018188 0.012473 6258.000000 1687.000000 0.866337 
415.352173 0.015196 6322.000000 1692.000000 0.870350 
425.019379 0.011201 6375.000000 1700.000000 0.856873 
437.686584 0.012671 6428.000000 1705.000000 0.858594 
452.687164 0.014670 6485.000000 1709.000000 0.865181 
477.687958 0.020982 6563.000000 1710.000000 0.889129 
496.021881 0.018394 6621.000000 1711.000000 0.902326 
510.689117 0.016978 6677.000000 1715.000000 0.901690 
525.021606 0.015752 6738.000000 1721.000000 0.894104 
542.686890 0.016860 6806.000000 1726.000000 0.893479 
561.352295 0.017561 6868.000000 1728.000000 0.902928 
575.350952 0.014973 6934.000000 1736.000000 0.886756 
591.016235 0.015582 7002.000000 1743.000000 0.879479 
609.681641 0.018389 7064.000000 1745.000000 0.892492 
620.013794 0.014637 7122.000000 1754.000000 0.874777 
632.345947 0.012042 7180.000000 1761.000000 0.866102 
642.344788 0.010875 7237.000000 1770.000000 0.851608 
656.010315 0.012628 7293.000000 1775.000000 0.855048 
674.675659 0.016500 7358.000000 1778.000000 0.868699 
692.341125 0.017093 7417.000000 1780.000000 0.882116 
711.339783 0.018969 7483.000000 1783.000000 0.892002 
726.671814 0.016251 7547.000000 1789.000000 0.886607 
743.670471 0.016832 7613.000000 1794.000000 0.886401 
758.002563 0.015306 7674.000000 1800.000000 0.881381 
771.668030 0.014830 7733.000000 1806.000000 0.876620 
791.666687 0.017828 7799.000000 1808.000000 0.890512 
804.998840 0.014832 7857.000000 1814.000000 0.884117 
818.664368 0.014345 7913.000000 1819.000000 0.882137 
834.663147 0.015575 7973.000000 1823.000000 0.885501 
849.661987 0.015296 8030.000000 1827.000000 0.887458 
860.994385 0.012433 8076.000000 1831.000000 0.885244 
871.326477 0.009968 8137.000000 1841.000000 0.863546 
887.658508 0.014517 8201.000000 1846.000000 0.868480 
900.657349 0.012569 8258.000000 1852.000000 0.864781 
914.322937 0.011991 8311.000000 1856.000000 0.867532 
927.988464 0.012207 8367.000000 1861.000000 0.867591 
944.987122 0.014827 8433.000000 1866.000000 0.870834 
964.985657 0.017926 8505.000000 1870.000000 0.879662 
986.317566 0.020385 8575.000000 1872.000000 0.895092 
994.649902 0.013065 8624.000000 1880.000000 0.876450 
1011.982056 0.014442 8682.000000 1882.000000 0.887477 
1019.647461 0.009982 8744.000000 1895.000000 0.854630 
1035.315552 0.013265 8809.000000 1901.000000 0.856663 
1049.318115 0.013622 8872.000000 1908.000000 0.854092 
1064.986816 0.015092 8922.000000 1909.000000 0.870191 
1078.989258 0.013890 8982.000000 1915.000000 0.867531 
1097.325195 0.016165 9046.000000 1918.000000 0.878350 
1112.994263 0.016050 9105.000000 1922.000000 0.881750 
1124.663330 0.013752 9164.000000 1930.000000 0.868649 
1137.332275 0.012933 9220.000000 1936.000000 0.865194 
1153.668457 0.016696 9290.000000 1943.000000 0.864624 
1168.004028 0.015573 9345.000000 1947.000000 0.869321 
1186.006714 0.017184 9411.000000 1951.000000 0.877005 
1204.009644 0.018598 9483.000000 1957.000000 0.878679 
1215.678589 0.013570 9539.000000 1964.000000 0.868967 
1226.680420 0.012567 9584.000000 1968.000000 0.869351 
1244.683228 0.017179 9653.000000 1973.000000 0.875162 
1255.685425 0.013351 9707.000000 1980.000000 0.865750 
1271.020996 0.014881 9762.000000 1983.000000 0.874551 
1286.023438 0.015182 9822.000000 1988.000000 0.875503 
1301.359253 0.015370 9883.000000 1993.000000 0.876834 
1315.695068 0.014997 9944.000000 1999.000000 0.873318 
1333.364136 0.016264 10003.000000 2001.000000 0.885288 
1341.032959 0.011100 10056.000000 2011.000000 0.862158 
1359.369019 0.016167 10123.000000 2015.000000 0.872034 
1376.371216 0.017120 10177.000000 2016.000000 0.886920 
1388.373535 0.014640 10234.000000 2023.000000 0.876888 
1409.042847 0.018962 10299.000000 2024.000000 0.894971 
1424.711792 0.016882 10355.000000 2027.000000 0.899029 
1445.714722 0.020131 10427.000000 2030.000000 0.906985 
1462.383911 0.018745 10489.000000 2034.000000 0.907451 
1480.386597 0.018106 10555.000000 2038.000000 0.907977 
1499.722534 0.017714 10619.000000 2040.000000 0.914917 
1515.724731 0.016665 10673.000000 2042.000000 0.919288 
1529.393799 0.015230 10732.000000 2048.000000 0.907200 
1548.396362 0.018291 10795.000000 2050.000000 0.915640 
1569.065796 0.019540 10863.000000 2052.000000 0.923522 
1590.402344 0.020695 10942.000000 2057.000000 0.918638 
1607.738159 0.019471 11003.000000 2060.000000 0.919940 
1623.073853 0.016822 11061.000000 2064.000000 0.916092 
1642.410156 0.018091 11134.000000 2069.000000 0.912194 
1656.412109 0.016032 11182.000000 2071.000000 0.915978 
1674.748169 0.017869 11249.000000 2075.000000 0.915969 
1691.417236 0.016748 11308.000000 2078.000000 0.917180 
1707.753174 0.016115 11372.000000 2083.000000 0.910688 
1722.088867 0.015660 11430.000000 2088.000000 0.904948 
1730.091064 0.009988 11484.000000 2098.000000 0.877016 
1746.426758 0.014228 11542.000000 2101.000000 0.884649 
1764.429565 0.016273 11611.000000 2106.000000 0.886691 
1779.765259 0.016477 11669.000000 2110.000000 0.889212 
1793.434204 0.015699 11725.000000 2115.000000 0.887288 
1808.770142 0.015292 11789.000000 2121.000000 0.882147 
1822.772339 0.014090 11843.000000 2125.000000 0.883133 
1842.441650 0.017683 11908.000000 2127.000000 0.896247 
1860.111206 0.017995 11979.000000 2133.000000 0.892451 
1876.113525 0.017625 12036.000000 2136.000000 0.897201 
1888.115723 0.014315 12090.000000 2142.000000 0.887469 
1901.784668 0.014314 12146.000000 2147.000000 0.885180 
1919.787231 0.016752 12209.000000 2150.000000 0.892683 
1934.789429 0.015681 12263.000000 2153.000000 0.896244 
1950.125122 0.015094 12321.000000 2157.000000 0.896221 
1968.127686 0.016333 12384.000000 2160.000000 0.901368 
1986.796875 0.016895 12446.000000 2162.000000 0.909179 
2005.466187 0.016968 12511.000000 2165.000000 0.911845 
2015.801392 0.011688 12557.000000 2170.000000 0.901293 
2034.470581 0.016155 12619.000000 2172.000000 0.909549 
2057.469727 0.019965 12703.000000 2177.000000 0.909829 
2070.799072 0.015601 12752.000000 2180.000000 0.909109 
2078.461182 0.009972 12808.000000 2191.000000 0.877365 
2097.788330 0.016625 12884.000000 2197.000000 0.879099 
2112.783936 0.015531 12938.000000 2200.000000 0.885363 
2130.445312 0.017350 13003.000000 2204.000000 0.890064 
2147.772949 0.016859 13073.000000 2210.000000 0.886799 
2166.101318 0.017170 13134.000000 2212.000000 0.896927 
2183.762207 0.016655 13205.000000 2218.000000 0.891498 
2201.424072 0.018022 13264.000000 2220.000000 0.901263 
2217.751953 0.017150 13331.000000 2226.000000 0.895231 
2236.080078 0.018521 13395.000000 2229.000000 0.901323 
2254.408447 0.018572 13456.000000 2231.000000 0.909341 
2269.737061 0.017508 13514.000000 2235.000000 0.907464 
2284.065918 0.015591 13569.000000 2239.000000 0.904295 
2299.728027 0.015674 13625.000000 2242.000000 0.906487 
2312.722656 0.014907 13691.000000 2251.000000 0.887524 
2328.051025 0.015040 13752.000000 2256.000000 0.885871 
2345.046143 0.016371 13812.000000 2259.000000 0.892344 
2365.374023 0.018230 13879.000000 2261.000000 0.903814 
2384.368896 0.019219 13942.000000 2263.000000 0.912294 
2400.697510 0.017828 14000.000000 2266.000000 0.914200 
2423.691650 0.021181 14072.000000 2267.000000 0.926815 
2442.685547 0.019523 14147.000000 2273.000000 0.916330 
2458.680664 0.017720 14207.000000 2277.000000 0.913773 
2478.007812 0.018773 14283.000000 2283.000000 0.907367 
2492.670410 0.016165 14333.000000 2285.000000 0.911496 
2514.998047 0.019024 14403.000000 2286.000000 0.923905 
2531.992676 0.017330 14469.000000 2291.000000 0.916113 
2551.320312 0.018933 14539.000000 2295.000000 0.915808 
2567.649414 0.016655 14591.000000 2296.000000 0.923581 
2586.311279 0.016909 14650.000000 2297.000000 0.931462 
2602.306396 0.016200 14710.000000 2301.000000 0.925285 
2616.967285 0.015501 14781.000000 2310.000000 0.902396 
2641.960938 0.021420 14859.000000 2311.000000 0.918922 
2657.956299 0.018217 14916.000000 2314.000000 0.918920 
2676.617676 0.017989 14981.000000 2317.000000 0.920621 
2695.278564 0.018714 15052.000000 2322.000000 0.916191 
2711.940430 0.017532 15111.000000 2325.000000 0.917645 
2728.935303 0.018273 15174.000000 2329.000000 0.915704 
2742.264648 0.015310 15223.000000 2332.000000 0.914175 
2755.260742 0.013532 15271.000000 2335.000000 0.913012 
2774.922119 0.016959 15336.000000 2337.000000 0.919664 
2793.917236 0.018470 15396.000000 2338.000000 0.928831 
2810.911621 0.017851 15465.000000 2344.000000 0.918161 
2827.573242 0.017479 15527.000000 2348.000000 0.915198 
2842.235352 0.014957 15583.000000 2352.000000 0.910900 
2863.229736 0.018742 15652.000000 2354.000000 0.919217 
2872.892822 0.013638 15696.000000 2359.000000 0.907885 
2884.554443 0.013194 15758.000000 2368.000000 0.886857 
2902.216797 0.015850 15811.000000 2368.000000 0.903513 
2914.212158 0.013992 15868.000000 2375.000000 0.890421 
2934.206543 0.017214 15937.000000 2378.000000 0.898111 
2947.202393 0.014781 15988.000000 2382.000000 0.895839 
2965.530273 0.017523 16055.000000 2386.000000 0.899062 
2978.859131 0.014390 16110.000000 2391.000000 0.893507 
2993.854492 0.014694 16167.000000 2395.000000 0.893560 
3015.515381 0.019291 16238.000000 2397.000000 0.906256 
3032.177002 0.017240 16300.000000 2401.000000 0.905540 
3051.838623 0.019326 16362.000000 2402.000000 0.917513 
3065.500488 0.016730 16421.000000 2408.000000 0.906529 
3080.828857 0.017289 16482.000000 2413.000000 0.902441 
3098.156494 0.016978 16552.000000 2419.000000 0.896792 
3116.485107 0.017373 16610.000000 2420.000000 0.909297 
3134.146729 0.016972 16672.000000 2423.000000 0.912294 
3149.808594 0.015574 16731.000000 2427.000000 0.909204 
3165.470215 0.015242 16793.000000 2432.000000 0.903997 
3180.466064 0.014620 16844.000000 2434.000000 0.909424 
3192.793945 0.013869 16911.000000 2444.000000 0.886045 
3208.122559 0.014364 16969.000000 2448.000000 0.887388 
3227.116699 0.016640 17041.000000 2453.000000 0.888574 
3243.112061 0.016717 17098.000000 2456.000000 0.893913 
