0.000000 0.000000 0.000000 0.000000 0.000000 
0.000000 0.000000 0.000000 0.000000 0.000000 
-8.999998 -0.005992 48.000000 25.000000 0.126437 
-12.333346 -0.004399 98.000000 45.000000 0.231193 
-23.000023 -0.010328 150.000000 73.000000 0.304497 
-22.666660 -0.003205 196.000000 88.000000 0.370830 
-32.333305 -0.006929 242.000000 113.000000 0.406711 
-42.000004 -0.008223 270.000000 132.000000 0.417127 
-50.333389 -0.008452 311.000000 154.000000 0.440352 
-51.666775 -0.006286 352.000000 169.000000 0.470865 
-58.666828 -0.006841 394.000000 190.000000 0.486320 
-81.333427 -0.015758 428.000000 224.000000 0.461954 
-84.999977 -0.007756 474.000000 243.000000 0.489162 
-85.666504 -0.004195 529.000000 262.000000 0.521310 
-95.333061 -0.008336 572.000000 286.000000 0.520038 
-102.332962 -0.007601 611.000000 306.000000 0.523512 
-107.332863 -0.005863 650.000000 324.000000 0.531390 
-125.999413 -0.013848 696.000000 358.000000 0.509443 
-134.999527 -0.010003 732.000000 379.000000 0.509696 
-149.666367 -0.012573 766.000000 405.000000 0.495802 
-156.999878 -0.008889 801.000000 424.000000 0.501386 
-170.333374 -0.012969 833.000000 448.000000 0.489404 
-160.666962 0.001309 883.000000 455.000000 0.543702 
-158.667191 0.000931 928.000000 468.000000 0.566499 
-156.000793 0.002872 981.000000 483.000000 0.591342 
-158.667740 -0.001641 1036.000000 504.000000 0.594669 
-169.001297 -0.005510 1080.000000 529.000000 0.577533 
-163.334885 0.001127 1130.000000 540.000000 0.605605 
-166.668457 -0.002940 1177.000000 559.000000 0.602488 
-165.668701 -0.000111 1225.000000 574.000000 0.613377 
-165.668961 0.000863 1276.000000 591.000000 0.620378 
-166.002502 -0.000948 1317.000000 605.000000 0.622119 
-178.669357 -0.009813 1354.000000 630.000000 0.588669 
-175.336304 -0.001734 1409.000000 645.000000 0.609428 
-179.336563 -0.002678 1460.000000 666.000000 0.605904 
-176.003494 0.001402 1512.000000 680.000000 0.623340 
-189.670364 -0.007589 1552.000000 707.000000 0.589567 
-192.670624 -0.005514 1603.000000 727.000000 0.592059 
-189.670883 -0.000805 1654.000000 741.000000 0.610341 
-186.337860 0.002581 1715.000000 758.000000 0.628241 
-186.004715 0.001171 1752.000000 770.000000 0.631473 
-185.671677 -0.000905 1810.000000 789.000000 0.633280 
-192.671875 -0.005712 1849.000000 809.000000 0.613991 
-197.005447 -0.006339 1896.000000 829.000000 0.606306 
-196.339005 -0.001114 1940.000000 843.000000 0.615720 
-189.672623 0.001896 1996.000000 855.000000 0.638062 
-191.672852 -0.000585 2041.000000 872.000000 0.632931 
-202.673050 -0.007876 2080.000000 896.000000 0.602811 
-200.673386 -0.002396 2146.000000 916.000000 0.617870 
-204.006989 -0.003582 2199.000000 937.000000 0.613432 
-196.673920 0.002017 2251.000000 947.000000 0.638786 
-203.340775 -0.003769 2288.000000 966.000000 0.619656 
-204.341003 -0.001683 2333.000000 982.000000 0.621598 
-215.674545 -0.008054 2374.000000 1007.000000 0.593649 
-224.008087 -0.006789 2415.000000 1029.000000 0.581225 
-224.341660 -0.002008 2462.000000 1045.000000 0.593109 
-224.341888 -0.001790 2507.000000 1060.000000 0.601591 
-232.675491 -0.006304 2560.000000 1086.000000 0.587889 
-242.342407 -0.008670 2609.000000 1112.000000 0.573712 
-249.009308 -0.007599 2655.000000 1134.000000 0.569430 
-253.342880 -0.006841 2702.000000 1154.000000 0.571435 
-260.342743 -0.007080 2735.000000 1172.000000 0.563152 
-261.008881 -0.002697 2787.000000 1190.000000 0.579131 
-267.008514 -0.005282 2823.000000 1208.000000 0.572737 
-264.341309 -0.000543 2876.000000 1223.000000 0.594905 
-264.340851 -0.000632 2921.000000 1238.000000 0.603415 
-270.340332 -0.002815 2972.000000 1261.000000 0.597104 
-260.339813 0.005840 3023.000000 1268.000000 0.634929 
-265.339325 -0.001410 3071.000000 1289.000000 0.621851 
-253.672256 0.006716 3136.000000 1299.000000 0.659555 
-239.005875 0.011607 3192.000000 1303.000000 0.699346 
-228.006134 0.010017 3243.000000 1309.000000 0.721386 
-216.339767 0.011678 3302.000000 1317.000000 0.740290 
-202.340103 0.013366 3368.000000 1325.000000 0.760066 
-189.340439 0.013256 3434.000000 1334.000000 0.772024 
-171.007477 0.016718 3507.000000 1340.000000 0.796588 
-159.674454 0.013845 3568.000000 1349.000000 0.798321 
-154.008087 0.008588 3627.000000 1363.000000 0.780253 
-144.008347 0.009028 3678.000000 1370.000000 0.785563 
-135.675323 0.008728 3739.000000 1382.000000 0.778822 
-133.342239 0.005309 3788.000000 1396.000000 0.759629 
-120.342224 0.009721 3842.000000 1401.000000 0.777344 
-109.675415 0.010378 3898.000000 1409.000000 0.783075 
-104.341957 0.006933 3947.000000 1420.000000 0.772609 
-90.675125 0.010950 4012.000000 1428.000000 0.784474 
-76.341637 0.013302 4073.000000 1434.000000 0.798748 
-65.674812 0.011634 4135.000000 1444.000000 0.796441 
-51.674870 0.012856 4201.000000 1452.000000 0.803789 
-34.674953 0.015513 4267.000000 1457.000000 0.820500 
-25.674953 0.011224 4318.000000 1465.000000 0.815816 
-12.341601 0.013015 4373.000000 1470.000000 0.824795 
1.658394 0.014511 4445.000000 1480.000000 0.823032 
18.325056 0.016421 4519.000000 1488.000000 0.829520 
31.325092 0.013876 4576.000000 1494.000000 0.833235 
37.325031 0.009356 4636.000000 1508.000000 0.808384 
53.324955 0.014296 4696.000000 1512.000000 0.825368 
58.324890 0.008240 4747.000000 1524.000000 0.804465 
72.324944 0.011467 4807.000000 1530.000000 0.814209 
78.325119 0.007240 4876.000000 1547.000000 0.786905 
90.658592 0.010794 4931.000000 1553.000000 0.798284 
102.992081 0.011354 4992.000000 1561.000000 0.802002 
114.992249 0.012143 5058.000000 1571.000000 0.801480 
134.658936 0.016954 5135.000000 1577.000000 0.820940 
148.658615 0.015183 5198.000000 1584.000000 0.825589 
159.658325 0.012242 5255.000000 1592.000000 0.822480 
173.324692 0.012625 5314.000000 1598.000000 0.828138 
172.991089 0.005172 5367.000000 1616.000000 0.786978 
188.990784 0.011944 5427.000000 1620.000000 0.807330 
204.323776 0.013746 5494.000000 1627.000000 0.816443 
217.656815 0.014114 5552.000000 1633.000000 0.823403 
232.656525 0.013907 5609.000000 1637.000000 0.835288 
248.989517 0.015536 5676.000000 1643.000000 0.842341 
264.323151 0.014555 5737.000000 1648.000000 0.848754 
275.657196 0.013784 5807.000000 1660.000000 0.833354 
294.991211 0.017069 5874.000000 1663.000000 0.851820 
308.658478 0.014981 5933.000000 1669.000000 0.852435 
320.325623 0.013094 5980.000000 1673.000000 0.855907 
328.992920 0.010880 6042.000000 1685.000000 0.834822 
347.993622 0.015475 6111.000000 1689.000000 0.849933 
364.660858 0.016336 6167.000000 1691.000000 0.865171 
381.661530 0.017209 6233.000000 1696.000000 0.870026 
399.662201 0.017449 6299.000000 1700.000000 0.876912 
414.662872 0.015652 6365.000000 1707.000000 0.870654 
432.996796 0.016534 6423.000000 1708.000000 0.886943 
443.997345 0.012195 6477.000000 1715.000000 0.874984 
458.997864 0.013570 6528.000000 1717.000000 0.884689 
477.998505 0.017922 6591.000000 1719.000000 0.897259 
486.332336 0.011657 6640.000000 1727.000000 0.878175 
493.666199 0.009856 6692.000000 1737.000000 0.856603 
508.000183 0.012873 6756.000000 1744.000000 0.854198 
529.665649 0.018971 6833.000000 1748.000000 0.869147 
543.997742 0.016344 6894.000000 1754.000000 0.867719 
562.329651 0.017286 6964.000000 1759.000000 0.873693 
579.661804 0.016731 7022.000000 1761.000000 0.885443 
596.993896 0.017081 7083.000000 1764.000000 0.891756 
603.659424 0.010285 7139.000000 1776.000000 0.860177 
622.991394 0.016377 7206.000000 1779.000000 0.874648 
640.656738 0.015500 7271.000000 1783.000000 0.879898 
659.655518 0.017801 7331.000000 1784.000000 0.895777 
677.320740 0.018105 7402.000000 1790.000000 0.892350 
690.319458 0.014184 7465.000000 1798.000000 0.877999 
709.651489 0.016998 7529.000000 1800.000000 0.890430 
729.650146 0.019203 7595.000000 1802.000000 0.902489 
750.315308 0.020677 7669.000000 1806.000000 0.905982 
761.980957 0.015476 7719.000000 1811.000000 0.898508 
771.313171 0.011132 7774.000000 1820.000000 0.876342 
787.645020 0.015012 7847.000000 1828.000000 0.869733 
804.643677 0.016206 7913.000000 1833.000000 0.872929 
821.975708 0.016800 7977.000000 1837.000000 0.878522 
839.307617 0.016343 8047.000000 1843.000000 0.877007 
855.973083 0.016579 8106.000000 1846.000000 0.884351 
870.971863 0.015996 8166.000000 1851.000000 0.882862 
890.303894 0.018489 8230.000000 1853.000000 0.895012 
905.636108 0.016804 8285.000000 1856.000000 0.898656 
924.301392 0.017424 8353.000000 1860.000000 0.900762 
940.300171 0.016378 8413.000000 1864.000000 0.900500 
953.965759 0.014227 8466.000000 1868.000000 0.898191 
964.298035 0.011107 8518.000000 1875.000000 0.883455 
977.963318 0.013272 8586.000000 1884.000000 0.870134 
993.628784 0.015364 8645.000000 1888.000000 0.875030 
1011.627502 0.017697 8708.000000 1891.000000 0.884859 
1026.293579 0.015473 8767.000000 1896.000000 0.882670 
1038.962891 0.013857 8832.000000 1905.000000 0.868130 
1053.632080 0.014858 8894.000000 1911.000000 0.866806 
1064.634277 0.012314 8948.000000 1918.000000 0.859099 
1078.303589 0.012838 9013.000000 1926.000000 0.852466 
1091.639160 0.013527 9068.000000 1931.000000 0.855615 
1100.974365 0.010419 9114.000000 1937.000000 0.849744 
1118.310425 0.014252 9181.000000 1942.000000 0.857384 
1133.646362 0.015489 9245.000000 1948.000000 0.860119 
1154.649292 0.018987 9317.000000 1951.000000 0.875378 
1170.984741 0.017936 9369.000000 1952.000000 0.889381 
1186.320312 0.017131 9424.000000 1955.000000 0.894525 
1199.989624 0.014406 9489.000000 1963.000000 0.879988 
1207.658691 0.010569 9548.000000 1975.000000 0.852453 
1215.660889 0.010065 9602.000000 1985.000000 0.836858 
1229.996582 0.012804 9660.000000 1990.000000 0.843422 
1249.332886 0.016765 9733.000000 1995.000000 0.854893 
1267.668701 0.017993 9794.000000 1997.000000 0.871230 
1288.338257 0.018504 9865.000000 2000.000000 0.883103 
1309.341675 0.019464 9949.000000 2007.000000 0.881294 
1324.010620 0.016860 10005.000000 2011.000000 0.883105 
1343.679932 0.019899 10070.000000 2013.000000 0.896446 
1362.349487 0.018700 10141.000000 2018.000000 0.895902 
1371.351562 0.012041 10192.000000 2026.000000 0.876914 
1387.020996 0.013968 10260.000000 2033.000000 0.871465 
1405.023560 0.016876 10323.000000 2036.000000 0.881494 
1426.359619 0.019801 10390.000000 2037.000000 0.898990 
1445.695801 0.019454 10460.000000 2041.000000 0.901497 
1459.364624 0.015992 10513.000000 2045.000000 0.899454 
1482.367554 0.020453 10585.000000 2046.000000 0.914595 
1500.703735 0.019099 10655.000000 2051.000000 0.910055 
1515.372559 0.016118 10708.000000 2054.000000 0.911171 
1533.375366 0.016974 10777.000000 2059.000000 0.907455 
1549.377808 0.016015 10837.000000 2063.000000 0.906202 
1564.046509 0.014027 10887.000000 2065.000000 0.910536 
1578.048706 0.014129 10941.000000 2069.000000 0.906994 
1594.384399 0.015809 10999.000000 2072.000000 0.909361 
1606.720093 0.013493 11057.000000 2079.000000 0.894946 
1622.055908 0.014756 11118.000000 2084.000000 0.892281 
1647.059204 0.021192 11199.000000 2086.000000 0.907687 
1662.394897 0.017645 11257.000000 2090.000000 0.906074 
1685.731567 0.021202 11339.000000 2094.000000 0.912067 
1702.067383 0.017346 11400.000000 2098.000000 0.909660 
1716.403442 0.015678 11467.000000 2106.000000 0.893729 
1728.738403 0.014514 11507.000000 2107.000000 0.901734 
1744.074707 0.014948 11580.000000 2116.000000 0.884406 
1757.743896 0.013158 11642.000000 2123.000000 0.874543 
1768.079712 0.010437 11703.000000 2133.000000 0.855335 
1791.749512 0.019337 11780.000000 2135.000000 0.877550 
1804.751831 0.015600 11837.000000 2141.000000 0.872928 
1818.087280 0.013597 11889.000000 2145.000000 0.874506 
1831.089233 0.013767 11937.000000 2148.000000 0.878933 
1835.090942 0.007769 11979.000000 2158.000000 0.853120 
1852.427002 0.013666 12046.000000 2163.000000 0.859971 
1868.429199 0.015936 12100.000000 2165.000000 0.873429 
1885.098389 0.015793 12162.000000 2169.000000 0.878517 
1902.101074 0.016559 12228.000000 2174.000000 0.880681 
1914.770020 0.014225 12284.000000 2180.000000 0.875011 
1941.773438 0.022376 12368.000000 2181.000000 0.898581 
1961.109741 0.020302 12441.000000 2186.000000 0.897776 
1976.445312 0.017574 12496.000000 2189.000000 0.900983 
1993.447998 0.017488 12562.000000 2194.000000 0.898661 
2013.117554 0.018769 12633.000000 2198.000000 0.901606 
2035.454102 0.020755 12712.000000 2202.000000 0.906569 
2053.120361 0.018305 12777.000000 2206.000000 0.906183 
2070.115479 0.017172 12837.000000 2209.000000 0.909328 
2082.444580 0.014250 12889.000000 2214.000000 0.901896 
2096.106201 0.013977 12951.000000 2221.000000 0.890192 
2110.767578 0.013239 13016.000000 2228.000000 0.880447 
2129.762451 0.016198 13079.000000 2230.000000 0.892512 
2142.758057 0.014262 13133.000000 2235.000000 0.887639 
2157.419922 0.014179 13192.000000 2240.000000 0.885203 
2173.081543 0.015453 13254.000000 2245.000000 0.884490 
2185.743896 0.013607 13307.000000 2250.000000 0.880933 
2201.738770 0.014876 13370.000000 2255.000000 0.881231 
2214.400391 0.014417 13432.000000 2263.000000 0.870616 
2228.062256 0.014317 13491.000000 2269.000000 0.867795 
2248.056641 0.016313 13560.000000 2272.000000 0.879637 
2263.052246 0.016085 13614.000000 2275.000000 0.885738 
2280.379883 0.017681 13684.000000 2281.000000 0.884023 
2290.709229 0.013586 13733.000000 2287.000000 0.876016 
2305.037354 0.013622 13797.000000 2294.000000 0.869694 
2319.366211 0.014241 13852.000000 2298.000000 0.873241 
2330.694580 0.010497 13913.000000 2307.000000 0.857678 
2350.356201 0.016606 13975.000000 2308.000000 0.878258 
2366.018311 0.016750 14031.000000 2311.000000 0.885542 
2377.346924 0.013786 14089.000000 2319.000000 0.872578 
2385.343018 0.010389 14137.000000 2327.000000 0.858121 
2400.004150 0.012688 14205.000000 2335.000000 0.852763 
2416.665771 0.014014 14267.000000 2339.000000 0.860701 
2434.659912 0.016310 14339.000000 2345.000000 0.864806 
2451.655029 0.016626 14399.000000 2348.000000 0.875270 
2465.316406 0.013979 14464.000000 2356.000000 0.865391 
2485.977539 0.018203 14532.000000 2358.000000 0.883080 
2502.638428 0.016999 14603.000000 2365.000000 0.877731 
2517.632812 0.015535 14672.000000 2373.000000 0.868855 
2529.628418 0.012528 14726.000000 2379.000000 0.864078 
2545.957031 0.015023 14784.000000 2382.000000 0.873151 
2563.285400 0.016059 14845.000000 2385.000000 0.882281 
2580.281006 0.016340 14899.000000 2386.000000 0.896017 
2597.275879 0.016116 14962.000000 2390.000000 0.897327 
2610.271484 0.013735 15016.000000 2395.000000 0.891568 
2627.599365 0.016241 15083.000000 2400.000000 0.890685 
2637.927734 0.013393 15144.000000 2410.000000 0.869809 
2660.254883 0.019328 15220.000000 2413.000000 0.884815 
2676.250488 0.017935 15274.000000 2415.000000 0.894184 
2686.580078 0.012818 15320.000000 2420.000000 0.886701 
2700.908691 0.014011 15378.000000 2425.000000 0.885066 
2718.236816 0.015403 15442.000000 2429.000000 0.888564 
2734.231689 0.015244 15505.000000 2434.000000 0.886712 
2750.893555 0.016541 15564.000000 2437.000000 0.892980 
2772.554932 0.019517 15629.000000 2437.000000 0.911966 
2792.549561 0.018990 15695.000000 2439.000000 0.918781 
2811.877441 0.019067 15762.000000 2442.000000 0.921686 
2830.539062 0.018817 15824.000000 2444.000000 0.925979 
2853.199707 0.020914 15898.000000 2446.000000 0.932953 
2864.861572 0.014787 15957.000000 2454.000000 0.909786 
2880.856445 0.015894 16020.000000 2459.000000 0.904863 
2890.852783 0.011662 16065.000000 2464.000000 0.895507 
2904.848633 0.012985 16116.000000 2467.000000 0.898085 
2919.510742 0.014116 16172.000000 2471.000000 0.896847 
2930.505859 0.013100 16232.000000 2480.000000 0.878651 
2948.500977 0.015472 16292.000000 2482.000000 0.890370 
2964.162598 0.015854 16354.000000 2487.000000 0.889664 
2976.491455 0.013729 16409.000000 2493.000000 0.882078 
2994.485352 0.016870 16484.000000 2500.000000 0.878840 
3012.480225 0.016974 16547.000000 2503.000000 0.886727 
3027.475342 0.016169 16607.000000 2508.000000 0.885445 
3041.136475 0.013394 16675.000000 2517.000000 0.869420 
3060.464111 0.016895 16745.000000 2521.000000 0.877926 
3073.792969 0.014438 16800.000000 2526.000000 0.875682 
3087.454346 0.013419 16865.000000 2534.000000 0.865998 
3101.449951 0.014876 16919.000000 2538.000000 0.870677 
3113.778809 0.012740 16974.000000 2544.000000 0.865960 
3126.107422 0.012166 17032.000000 2551.000000 0.859667 
3145.101562 0.015521 17104.000000 2556.000000 0.866458 
3157.430664 0.013972 17156.000000 2561.000000 0.865746 
3169.426514 0.014215 17207.000000 2566.000000 0.866060 
3183.421631 0.013285 17267.000000 2572.000000 0.863199 
