-0.254828 1
0 0
0 0
0 0
0 0
0 0
0 0
0 0
0 0
0 0
0 0
0 0
0 0
0 0
0 0
-0.200058 1
0 0
0 0
0 0
-0.186271 1
0 0
-0.179253 1
0 0
0 0
0 0
0 0
-0.159217 1
0 0
0 0
0 0
0 0
0 0
0 0
0 0
0 0
-0.130222 1
0 0
-0.121828 2
-0.116744 1
-0.114409 1
-0.109666 1
0 0
-0.103992 1
-0.0995732 5
0 0
-0.093432 6
-0.0883967 1
-0.0868458 2
-0.084171 2
-0.0794404 6
-0.0757999 3
-0.0720447 3
-0.0685823 4
-0.0650887 3
-0.0618572 4
-0.0568512 2
-0.0552287 5
-0.0510735 6
-0.0473524 8
-0.0448039 5
-0.0398477 3
-0.0363191 5
-0.0338839 4
-0.029447 9
-0.0265872 4
-0.0220878 6
-0.0193418 8
-0.0145792 4
-0.0111101 4
-0.0088222 4
-0.00469741 3
-0.000162509 11
0.00190978 5
0.00600096 6
0.00953474 2
0.0132052 4
0.0173616 3
0.0200117 1
0.0238971 4
0.0283673 3
0.0310849 2
0.0343435 3
0.0383075 4
0.0411797 2
0.0443932 4
0.0500385 3
0.0521545 6
0.0553253 4
0.0590113 3
0.0632469 5
0.0657848 3
0.0699914 5
0.0731108 3
0.076508 5
0.0802364 4
0.0832382 5
0.0876848 3
0.091337 2
0.0946971 2
0.0990197 4
0.10175 3
0 0
0 0
0 0
0.115756 3
0 0
0 0
0.124992 1
0.130056 3
0.134342 2
0.137679 3
0.140826 1
0 0
0.148122 1
0.15001 2
0 0
0.158124 2
0.161587 1
0 0
0.168889 1
0 0
0 0
0 0
0.184055 1
0 0
0.191213 2
0 0
0 0
0 0
0.204021 1
0 0
0.211447 1
0.215051 1
0 0
0 0
0 0
0 0
0 0
0 0
0 0
0.244364 1
0 0
0 0
0.25611 1
0.258335 1
0.262082 1
0 0
0.26909 1
0 0
0 0
0.279229 2
0 0
0 0
0.290501 1
0 0
0 0
0 0
0 0
0 0
0.311745 2
0 0
0.318087 1
0.322536 1
0 0
0 0
0 0
0 0
0.338827 1
0 0
0 0
0 0
0 0
0 0
0 0
0 0
0 0
0 0
0 0
0 0
0 0
0.387373 1
0 0
0 0
0 0
0 0
0 0
0 0
0 0
0 0
0.418842 1
0 0
0 0
0 0
0 0
0 0
0 0
0 0
0 0
0.451061 1
0 0
0.454823 1
