-0.276991 1
0 0
0 0
0 0
-0.265322 1
0 0
-0.257702 2
0 0
0 0
0 0
-0.247664 1
0 0
0 0
0 0
-0.233861 1
-0.231973 1
0 0
0 0
-0.224122 1
-0.22075 2
0 0
-0.21595 1
-0.210993 1
0 0
0 0
-0.203301 2
-0.199499 1
-0.197599 2
-0.19369 1
0 0
0 0
-0.185917 2
0 0
-0.18013 2
-0.177042 2
0 0
-0.172437 1
-0.168653 5
-0.165958 2
-0.16153 1
-0.160624 1
-0.157441 3
-0.153331 2
-0.15035 3
-0.149063 1
-0.145671 9
-0.14177 4
-0.139279 2
-0.136233 2
-0.133675 1
-0.130531 5
-0.128223 3
0 0
-0.12212 6
-0.119595 9
-0.116134 3
-0.113343 4
-0.110887 4
-0.108873 1
-0.104956 3
-0.101981 5
-0.0994126 9
-0.0954521 2
-0.0933363 5
-0.0904221 7
-0.0873428 4
-0.0835313 3
-0.0814503 2
-0.0792883 6
-0.0758939 8
-0.073025 6
-0.070237 4
-0.0671171 5
-0.0640597 7
-0.0612286 3
-0.0582468 4
-0.0558073 10
-0.0533718 4
-0.0494283 4
-0.046809 2
-0.0438241 6
-0.0407115 4
-0.038493 6
-0.0356446 3
-0.0322638 7
-0.029828 6
-0.0270239 8
-0.023151 4
-0.0214628 8
-0.0187327 6
-0.015357 9
-0.0124948 8
-0.00901925 4
-0.00668984 5
-0.00312835 6
-0.000165324 24
0.00209311 5
0.00516007 7
0.00787853 8
0.0112502 6
0.013446 4
0.0162466 7
0.0192444 3
0.0219202 3
0.0246468 7
0.0276626 4
0.030879 8
0.0333444 5
0.0369025 5
0.0394533 2
0.0428302 4
0.0454332 6
0.0478979 5
0.051404 4
0.0538318 7
0.0569345 6
0.0611687 1
0.0628947 5
0.0657353 8
0.0680675 2
0.0711952 5
0.0745621 3
0.0766996 5
0.0803868 5
0.082862 3
0.0866819 4
0.0884964 1
0.0908468 2
0.0944022 5
0.0970081 2
0.101407 1
0.103391 4
0.105296 3
0.108898 1
0.112065 5
0.114113 3
0.116633 3
0.120828 4
0.123768 4
0.126294 1
0.129526 2
0.132603 1
0.135346 3
0.137714 1
0.140152 5
0.144503 4
0.146031 4
0.150939 1
0.152149 1
0.155107 5
0 0
0.16116 3
0.163426 3
0.166433 2
0.169883 3
0.171276 1
0 0
0.178893 3
0.181325 3
0.184009 3
0.186984 3
0.190159 2
0.192923 2
0.195122 3
0 0
0.200711 1
0 0
0 0
0.209802 4
0 0
0 0
0.218361 2
0.223101 1
0.224779 1
0.227071 2
0.230423 2
0 0
0.236279 1
0 0
0.242143 1
0 0
0 0
0.251194 1
0 0
0 0
0.260358 1
0 0
0 0
0 0
0 0
0 0
0 0
0 0
0 0
0 0
0 0
0.290778 1
0 0
0 0
0 0
0.301303 1
