-0.861787 2
-0.843421 2
0 0
-0.817584 1
-0.801028 1
-0.797332 1
-0.786168 1
0 0
0 0
-0.743624 1
0 0
0 0
0 0
0 0
-0.674159 1
0 0
0 0
0 0
0 0
0 0
0 0
0 0
0 0
0 0
0 0
0 0
0 0
0 0
0 0
0 0
0 0
0 0
0 0
0 0
0 0
0 0
0 0
0 0
0 0
-0.34464 1
0 0
-0.319302 2
0 0
-0.293179 1
0 0
0 0
0 0
-0.243837 2
-0.225434 1
-0.215498 4
-0.202977 4
-0.191793 4
-0.178192 10
-0.163622 6
-0.152736 9
-0.138515 8
-0.124395 13
-0.110836 13
-0.0987007 14
-0.0858267 7
-0.0708526 11
-0.0598029 26
-0.0454788 25
-0.0330174 43
-0.0198229 24
-0.00590697 32
0.000268722 192
0.0181724 13
0.0293677 4
0.0437567 2
0.056012 2
0 0
0 0
0.100883 2
0 0
0 0
0 0
0 0
0 0
0 0
0 0
0 0
0 0
0 0
0.243064 1
0.256822 2
0 0
0.28194 1
0.29359 1
0 0
0 0
0.333593 1
0.346233 1
0 0
0 0
0 0
0 0
0.40681 1
0 0
0.432932 1
0 0
0 0
0.475595 1
0 0
0.506481 1
0 0
0.527827 1
0.548798 1
0 0
0.570636 1
0 0
0 0
0.605767 1
0 0
0 0
0 0
0 0
0 0
0 0
0 0
0 0
0 0
0 0
0 0
0 0
0 0
0 0
0 0
0 0
0 0
0 0
0 0
0 0
0 0
0 0
0 0
0 0
0 0
0 0
0 0
0 0
0 0
0 0
0 0
0 0
0 0
0 0
0 0
0 0
0 0
0 0
0 0
0 0
1.14562 1
0 0
0 0
0 0
0 0
0 0
0 0
1.24221 1
0 0
0 0
0 0
1.28776 1
0 0
0 0
1.32716 1
1.33853 1
0 0
1.37444 1
1.38639 1
0 0
0 0
0 0
0 0
0 0
0 0
1.47016 1
0 0
0 0
0 0
0 0
0 0
0 0
0 0
0 0
0 0
0 0
0 0
0 0
0 0
0 0
0 0
1.68899 1
0 0
0 0
0 0
0 0
0 0
1.75755 1
