-0.555209 2
0 0
0 0
-0.533932 1
0 0
0 0
0 0
0 0
0 0
0 0
-0.476489 2
-0.467436 1
-0.45779 2
-0.44628 1
-0.441091 3
0 0
-0.425721 2
-0.417883 2
-0.407285 1
-0.402967 5
-0.393186 11
-0.383815 4
-0.377433 6
-0.37039 2
-0.361604 6
-0.35271 6
-0.345993 6
-0.336584 8
-0.329046 8
-0.321253 13
-0.314354 11
-0.304998 7
-0.297001 14
-0.289519 15
-0.280673 13
-0.272862 16
-0.265801 25
-0.25701 37
-0.248835 27
-0.241082 46
-0.232357 63
-0.224366 157
-0.216507 161
-0.208441 179
-0.200287 191
-0.192968 189
-0.184225 204
-0.176268 186
-0.168592 188
-0.160429 201
-0.152275 184
-0.144485 177
-0.136394 191
-0.128616 168
-0.120197 27
-0.112392 47
-0.10421 46
-0.0962208 59
-0.0882462 55
-0.0793298 137
-0.0721907 178
-0.0633647 294
-0.0557695 347
-0.0481715 393
-0.040088 308
-0.0320113 223
-0.0236161 232
-0.0155168 287
-0.00759227 302
2.53476e-05 2571
0.00829921 265
0.0159733 288
0.0244041 243
0.0326348 256
0.0408001 321
0.0482759 403
0.0565115 372
0.0637325 259
0.072422 173
0.0795536 120
0.088448 58
0.0967844 66
0.104564 38
0.112887 33
0.120753 31
0.129182 151
0.137249 179
0.144778 164
0.15258 153
0.160746 147
0.168982 154
0.176611 137
0.185229 151
0.192588 115
0.201148 119
0.209077 89
0.216542 60
0.224764 11
0.232789 15
0.241286 2
0.24908 4
0.256412 3
0.265521 6
0.27164 1
0.28083 2
0.292214 1
0 0
0.305714 1
0 0
0.323295 1
0 0
0 0
0 0
0 0
0 0
0 0
0 0
0 0
0 0
0 0
0 0
0 0
0.428956 1
0 0
0 0
0 0
0 0
0 0
0 0
0 0
0 0
0 0
0 0
0 0
0 0
0 0
0 0
0.55037 1
0 0
0.564121 1
0.573051 1
0 0
0 0
0.591334 1
0 0
0 0
0 0
0 0
0 0
0.642031 1
0 0
0 0
0.670233 1
0 0
0 0
0.694898 1
0 0
0 0
0 0
0.723036 1
0 0
0 0
0 0
0 0
0 0
0 0
0 0
0 0
0 0
0 0
0 0
0 0
0 0
0 0
0 0
0 0
0 0
0 0
0 0
0 0
0 0
0 0
0 0
0 0
0 0
0 0
0 0
0 0
0 0
0 0
0 0
0 0
0 0
0 0
0 0
0 0
0 0
0 0
0 0
0 0
1.04908 1
