-0.535191 1
0 0
0 0
0 0
0 0
0 0
0 0
0 0
0 0
0 0
0 0
-0.463447 2
-0.458196 1
-0.451856 1
-0.447812 1
0 0
-0.432914 1
-0.426577 3
-0.421737 4
-0.417438 5
-0.410044 2
-0.403613 4
-0.396801 1
-0.393058 4
-0.383687 2
-0.380408 3
-0.372403 1
-0.369419 1
-0.361419 8
-0.355536 6
-0.349836 5
-0.344235 8
-0.337689 7
-0.331881 12
-0.325768 11
-0.319718 11
-0.312206 7
-0.307209 11
-0.300282 11
-0.295075 8
-0.288807 11
-0.282767 22
-0.275962 19
-0.270336 22
-0.263994 17
-0.258308 22
-0.251969 37
-0.246549 38
-0.239702 42
-0.23375 66
-0.228403 87
-0.221798 118
-0.21565 81
-0.209501 138
-0.203836 137
-0.197287 165
-0.191416 139
-0.185379 158
-0.179388 179
-0.173179 184
-0.167225 173
-0.161169 204
-0.154684 224
-0.149015 227
-0.142618 218
-0.136716 216
-0.130715 192
-0.124782 118
-0.118405 111
-0.112095 127
-0.10596 135
-0.100345 143
-0.0940983 175
-0.0876912 198
-0.0816551 214
-0.0757352 241
-0.0696672 282
-0.0632312 362
-0.0574671 462
-0.051422 502
-0.0454168 411
-0.0393292 374
-0.0334731 343
-0.0269928 329
-0.0208153 383
-0.0148207 459
-0.00871192 528
-0.000818715 2967
0.00225393 952
0.00945157 422
0.0154543 379
0.0215122 390
0.0276249 327
0.0337656 355
0.0398252 372
0.0459215 382
0.0518792 393
0.0581988 422
0.063819 362
0.0700937 294
0.0763274 235
0.0824966 173
0.0883852 184
0.0944255 155
0.100815 142
0.106536 134
0.11298 133
0.119035 100
0.125548 118
0.13127 202
0.137176 182
0.143393 181
0.149347 176
0.155325 157
0.161516 143
0.167716 161
0.173732 146
0.179682 123
0.186125 112
0.191812 123
0.198024 89
0.203596 57
0.210359 63
0.216131 52
0.22252 54
0.228564 32
0.234541 36
0.240865 28
0.246834 34
0.251988 20
0.258405 23
0.265096 17
0.270814 17
0.277054 17
0.282749 23
0.289109 15
0.295222 12
0.301868 14
0.307512 9
0.314197 6
0.319081 13
0.326616 10
0.33122 8
0.337636 4
0.345232 3
0.34897 7
0.356137 10
0.362896 7
0.368399 5
0.372725 3
0.380558 4
0.386073 6
0.393861 3
0.396846 2
0.406499 1
0.411551 2
0 0
0.423117 1
0.429344 2
0 0
0.441045 2
0.448285 1
0 0
0 0
0 0
0.473713 1
0.480367 1
0.483327 1
0 0
0 0
0 0
0 0
0 0
0 0
0.527462 2
0 0
0 0
0.545945 2
0 0
0 0
0 0
0 0
0 0
0 0
0 0
0 0
0 0
0 0
0 0
0 0
0 0
0 0
0 0
0 0
0 0
0 0
0 0
0 0
0 0
0.681789 1
0 0
