-0.954554 1
0 0
0 0
0 0
0 0
0 0
0 0
0 0
-0.883963 1
0 0
0 0
0 0
0 0
0 0
0 0
0 0
0 0
-0.807628 1
0 0
0 0
-0.783014 2
0 0
0 0
0 0
0 0
0 0
-0.737691 1
0 0
0 0
-0.708263 1
0 0
0 0
0 0
0 0
0 0
0 0
0 0
0 0
0 0
0 0
0 0
0 0
0 0
0 0
0 0
0 0
0 0
0 0
0 0
0 0
0 0
-0.529929 1
0 0
0 0
0 0
0 0
0 0
0 0
0 0
0 0
0 0
-0.442901 1
0 0
0 0
-0.420285 1
0 0
0 0
0 0
0 0
0 0
0 0
0 0
0 0
-0.349771 1
0 0
0 0
0 0
-0.315598 1
0 0
-0.296685 1
-0.286913 1
0 0
-0.270598 1
0 0
0 0
0 0
0 0
0 0
0 0
0 0
-0.206465 1
-0.199451 1
0 0
-0.182705 1
0 0
0 0
-0.159584 1
0 0
0 0
-0.134202 1
0 0
-0.117261 4
0 0
0 0
0 0
0 0
0 0
-0.0629169 2
-0.0592831 3
-0.0509995 1
0 0
-0.0343656 2
0 0
0 0
0 0
0.0004862 5
0 0
0.0150566 1
0.0213986 2
0.0315369 2
0.0368108 1
0.0465884 3
0 0
0 0
0.0710214 2
0.0785573 1
0 0
0 0
0.107936 1
0.115012 1
0 0
0 0
0 0
0.145222 1
0.154304 1
0 0
0.174464 1
0 0
0 0
0.195112 1
0 0
0 0
0 0
0 0
0 0
0.250063 1
0 0
0.26269 1
0 0
0.282821 1
0.287447 1
0.300757 1
0 0
0 0
0.320606 1
0 0
0 0
0.348641 1
0 0
0 0
0 0
0 0
0 0
0 0
0 0
0 0
0 0
0 0
0 0
0 0
0 0
0 0
0 0
0 0
0 0
0.494076 1
0 0
0 0
0 0
0.530737 1
0 0
0 0
0 0
0 0
0 0
0 0
0 0
0 0
0 0
0 0
0 0
0 0
0 0
0 0
0 0
0 0
0.667193 1
0 0
0 0
0 0
0.697409 1
