-0.490027 1
0 0
-0.478929 1
0 0
0 0
0 0
0 0
0 0
0 0
0 0
0 0
0 0
0 0
0 0
0 0
0 0
0 0
0 0
0 0
0 0
0 0
0 0
0 0
0 0
0 0
0 0
0 0
0 0
0 0
-0.364009 1
0 0
0 0
0 0
0 0
0 0
0 0
0 0
0 0
0 0
0 0
0 0
0 0
0 0
0 0
0 0
0 0
0 0
-0.285056 1
0 0
0 0
-0.273487 1
0 0
0 0
0 0
0 0
0 0
0 0
0 0
0 0
0 0
0 0
0 0
0 0
0 0
0 0
0 0
0 0
-0.195984 1
0 0
0 0
-0.185851 1
0 0
0 0
0 0
-0.168502 1
-0.163448 3
-0.159882 2
-0.152543 1
-0.152005 1
-0.146725 2
-0.141643 3
-0.13794 6
-0.133805 2
-0.12881 5
-0.124604 2
-0.119299 3
-0.115275 9
-0.111106 8
-0.107307 2
-0.102746 6
-0.0979699 10
-0.0931057 3
-0.0897349 9
-0.0856016 9
-0.0807675 11
-0.0767406 24
-0.072597 39
-0.0684001 34
-0.064022 27
-0.0595724 27
-0.0553242 34
-0.0508705 25
-0.046375 31
-0.042011 27
-0.0380916 22
-0.0335017 36
-0.029191 49
-0.0247683 40
-0.0205074 43
-0.016052 36
-0.0121249 49
-0.00736044 61
-0.00282123 85
0.000226427 449
0.00529709 71
0.0097439 47
0.0143133 39
0.0185538 45
0.0226605 37
0.0270083 49
0.0316474 39
0.0356924 38
0.0398825 32
0.0444192 31
0.0486051 34
0.0528243 33
0.0576598 19
0.0618253 32
0.0658427 41
0.0705324 24
0.0745386 27
0.0789752 21
0.0829751 17
0.0873468 16
0.0917585 14
0.0961571 6
0.100475 11
0.104988 4
0.109961 9
0.113536 6
0.117818 10
0.122468 9
0.126453 12
0.131041 4
0.135397 5
0.1398 3
0.144628 3
0.148693 2
0.151847 4
0.157182 6
0.161067 2
0.1652 2
0 0
0.173951 4
0.178843 1
0.184554 1
0.187334 2
0.190914 3
0.195101 3
0.202224 1
0 0
0.209063 2
0 0
0 0
0.22249 2
0.225627 3
0 0
0.234198 2
0.240585 2
0 0
0 0
0 0
0 0
0 0
0 0
0 0
0 0
0 0
0 0
0 0
0 0
0.293722 1
0 0
0 0
0 0
0.312478 1
0 0
0.321279 1
0 0
0 0
0 0
0 0
0 0
0 0
0.353666 1
0.353888 1
0 0
0 0
0 0
0.372706 1
0.375409 1
