-0.403334 1
0 0
0 0
0 0
0 0
0 0
0 0
0 0
0 0
0 0
0 0
0 0
0 0
-0.346284 1
0 0
-0.339466 1
0 0
0 0
0 0
-0.321062 1
0 0
0 0
0 0
0 0
-0.300673 1
0 0
-0.292839 1
0 0
0 0
-0.281251 1
0 0
0 0
-0.268653 1
0 0
0 0
-0.252249 1
0 0
0 0
0 0
0 0
0 0
-0.227594 1
-0.225757 1
-0.219859 1
-0.215127 2
-0.21065 2
-0.206051 1
0 0
0 0
0 0
-0.191021 3
-0.18694 3
-0.182008 2
-0.178846 2
0 0
-0.169623 2
-0.165222 3
-0.161603 2
-0.157022 5
-0.153032 5
-0.147636 2
-0.143861 5
-0.140962 7
-0.136283 8
-0.131811 11
-0.12772 12
-0.123044 12
-0.120351 13
-0.115613 10
-0.111057 17
-0.106174 18
-0.10293 18
-0.0985995 19
-0.0942341 29
-0.0896714 28
-0.0857177 40
-0.0814408 37
-0.0772718 74
-0.0731415 93
-0.0689266 100
-0.0644553 88
-0.0607033 81
-0.0562749 87
-0.0522148 91
-0.0479233 92
-0.0437392 95
-0.0397844 100
-0.0351106 114
-0.0311185 140
-0.0267312 150
-0.0226076 171
-0.0185662 155
-0.0141832 182
-0.0100158 237
-0.00578225 279
-0.000756523 899
0.00233146 396
0.00672525 217
0.011051 195
0.0150077 159
0.0195289 129
0.0237346 130
0.0278926 130
0.0319084 104
0.0363405 100
0.0405493 100
0.0444903 84
0.0488544 76
0.0532845 86
0.0574152 74
0.0614626 65
0.0658353 85
0.0698055 82
0.0741745 70
0.0775518 38
0.0825184 26
0.0865755 26
0.0907737 18
0.0954062 20
0.0994531 10
0.103308 14
0.107831 14
0.112116 13
0.116711 11
0.120162 15
0.124616 8
0.129545 9
0.133317 12
0.137785 5
0.141506 3
0 0
0.149182 4
0.153702 4
0.157916 4
0.162543 4
0.167237 6
0.169252 1
0.175111 3
0.178903 4
0.184361 6
0.186546 3
0 0
0.196076 3
0.201327 6
0.205901 1
0.207684 1
0.212985 3
0.21613 2
0.221872 2
0.227325 1
0.229183 1
0 0
0 0
0 0
0 0
0 0
0.254796 1
0.261059 1
0 0
0 0
0 0
0 0
0 0
0 0
0 0
0 0
0 0
0 0
0 0
0 0
0 0
0 0
0 0
0 0
0 0
0 0
0 0
0 0
0 0
0 0
0 0
0 0
0 0
0 0
0 0
0 0
0 0
0 0
0 0
0 0
0 0
0 0
0 0
0 0
0 0
0 0
0 0
0 0
0 0
0 0
0.437958 1
