-0.58588 1
-0.572072 1
0 0
0 0
0 0
0 0
0 0
0 0
0 0
0 0
0 0
0 0
0 0
0 0
0 0
-0.462284 1
-0.452861 1
0 0
-0.438945 2
0 0
0 0
-0.419215 1
-0.40878 2
-0.398521 1
-0.393911 2
-0.382872 1
0 0
-0.372674 1
-0.362744 3
-0.351889 5
-0.34723 2
0 0
-0.329617 4
-0.321079 3
-0.314241 8
-0.30641 7
-0.297608 8
-0.290857 8
-0.28386 10
-0.275171 6
-0.267597 7
-0.2588 13
-0.251244 25
-0.243638 21
-0.235469 15
-0.226821 14
-0.21881 15
-0.212365 26
-0.204573 19
-0.196561 20
-0.18847 34
-0.180184 27
-0.172434 22
-0.165041 34
-0.157672 33
-0.1504 30
-0.141553 52
-0.133967 59
-0.126052 62
-0.117698 46
-0.109678 65
-0.101834 85
-0.0940611 89
-0.0856722 108
-0.0783764 121
-0.0703285 134
-0.0627479 149
-0.0548051 189
-0.0467916 204
-0.0389058 255
-0.0313124 292
-0.0235575 336
-0.0152036 505
-0.0072112 739
6.04779e-05 12926
0.00764106 875
0.0156226 560
0.0233147 415
0.0315702 326
0.0393237 262
0.0475354 196
0.0549206 166
0.0628103 171
0.0707943 130
0.0785059 86
0.0865439 84
0.0946018 80
0.102448 55
0.110183 65
0.117701 48
0.125767 37
0.133899 29
0.141785 40
0.149225 27
0.157312 26
0.165865 16
0.172804 19
0.180768 20
0.189265 19
0.196619 22
0.203442 11
0.213404 6
0.219417 10
0.228039 13
0.235444 14
0.24261 7
0.251736 16
0.258964 6
0.268269 3
0.273373 5
0.281717 8
0.289456 4
0.301741 2
0.305411 4
0.315248 5
0.322702 6
0.33006 3
0.33626 3
0.346594 5
0.352399 1
0 0
0 0
0 0
0.385313 1
0 0
0.400794 1
0 0
0 0
0.424248 3
0 0
0.441259 1
0 0
0 0
0.462757 1
0 0
0 0
0 0
0.493475 1
0 0
0.510467 1
0 0
0 0
0 0
0 0
0 0
0.562565 1
0 0
0 0
0 0
0 0
0 0
0 0
0 0
0 0
0 0
0.636161 4
0.645897 1
0 0
0 0
0 0
0 0
0 0
0 0
0 0
0.709709 1
0 0
0 0
0 0
0 0
0 0
0 0
0.76538 2
0 0
0 0
0 0
0.796735 1
0 0
0 0
0.821101 1
0 0
0 0
0 0
0.850505 2
0.857938 2
0 0
0.87377 3
0.880642 2
0 0
0.899548 1
0 0
0 0
0.923649 1
0.925053 1
0.940099 1
0.944464 3
0.954441 4
0.95709 1
0.966491 5
0.975945 11
0.981722 4
0.98742 1
