-0.705204 1
0 0
0 0
0 0
0 0
0 0
0 0
0 0
-0.645726 2
0 0
0 0
0 0
0 0
0 0
0 0
0 0
-0.58687 1
0 0
-0.57249 1
0 0
0 0
0 0
0 0
0 0
0 0
0 0
0 0
-0.511045 2
0 0
0 0
0 0
0 0
0 0
-0.467547 1
0 0
0 0
0 0
-0.441447 2
-0.434582 2
0 0
0 0
-0.413915 1
0 0
0 0
-0.391485 3
-0.387048 2
-0.378148 4
-0.371588 5
-0.362234 2
-0.355801 2
-0.349763 2
-0.342729 5
-0.334238 4
-0.326218 4
-0.320162 1
-0.314995 5
-0.306275 5
-0.299706 8
-0.290885 7
-0.28546 7
-0.277401 12
-0.271332 12
-0.262912 3
-0.256511 8
-0.250238 19
-0.243316 19
-0.236056 14
-0.229227 8
-0.221618 19
-0.215571 16
-0.208094 19
-0.201407 14
-0.194158 23
-0.186617 28
-0.17979 23
-0.171972 31
-0.165056 41
-0.158377 31
-0.151572 35
-0.143557 28
-0.137183 42
-0.130306 42
-0.123048 43
-0.116527 47
-0.109388 54
-0.102418 49
-0.0949722 63
-0.0882584 61
-0.0809234 106
-0.073558 86
-0.0667577 108
-0.0597245 123
-0.0527656 138
-0.0453013 148
-0.0384982 161
-0.0314426 173
-0.0243971 211
-0.0174037 232
-0.0103449 305
-0.000318369 7016
0.00186242 1353
0.0105319 298
0.0176868 246
0.0248044 197
0.0317989 185
0.0388378 127
0.045649 132
0.05294 95
0.0598887 88
0.0667556 70
0.0739785 45
0.0815357 53
0.0874992 29
0.0957018 40
0.101916 24
0.110399 27
0.117199 18
0.123646 23
0.130348 15
0.135919 15
0.144209 19
0.152066 13
0.158388 12
0.166767 9
0.174224 5
0.180427 8
0.186869 9
0.195264 5
0.200208 12
0.207959 7
0.214733 5
0 0
0.229664 5
0.23646 5
0.243326 7
0.252532 5
0.258353 6
0.263396 7
0.272586 7
0.27788 2
0.283191 1
0.294626 2
0.300085 1
0.307852 3
0.312105 3
0.321984 2
0.328085 6
0.335493 6
0.344478 3
0.347093 4
0.355822 3
0.36317 8
0.371621 2
0.378909 5
0.385149 4
0.390015 1
0.397992 6
0 0
0.410592 1
0 0
0.427394 10
0.432684 1
0.43911 1
0.449328 3
0.454245 6
0.461553 3
0.469324 4
0.478705 3
0.485077 3
0.492081 4
0.498825 6
0.50727 1
0.513157 1
0.519022 2
0.525722 3
0.534741 2
0.536593 1
0.546252 1
0.554819 2
0.564426 1
0.566288 1
0.576977 1
0.58473 1
0.587474 3
0.596 2
0 0
0.607032 1
0.617923 2
0.623486 1
0.633958 2
0 0
0.64762 1
0 0
0 0
0.664888 1
0.674886 1
0 0
0.687841 1
0 0
0 0
0.705509 1
