-0.552407 3
-0.546176 1
0 0
0 0
-0.527693 1
-0.525406 1
0 0
0 0
0 0
-0.500646 1
0 0
-0.489925 1
-0.489036 1
-0.481828 1
0 0
-0.472105 2
0 0
-0.461777 1
-0.453559 2
0 0
0 0
0 0
-0.430475 2
-0.42509 3
-0.423239 2
-0.41479 1
-0.409259 2
-0.404841 3
-0.400131 2
-0.392296 3
-0.387199 2
-0.381652 2
-0.377922 6
-0.37165 4
-0.367013 5
-0.362567 3
-0.354755 3
-0.349451 5
-0.343906 2
-0.339466 8
-0.334289 7
-0.327635 6
-0.322747 6
-0.317158 7
-0.311656 3
-0.306533 5
-0.301985 3
-0.295544 6
-0.290279 5
-0.284238 8
-0.279539 6
-0.273779 7
-0.268315 14
-0.263721 9
-0.258782 12
-0.251545 16
-0.246245 7
-0.241235 28
-0.235264 11
-0.23062 12
-0.224462 16
-0.219225 17
-0.213871 4
-0.207887 11
-0.203325 13
-0.19749 22
-0.191718 15
-0.186268 16
-0.181393 24
-0.176519 15
-0.170106 14
-0.164554 20
-0.158917 23
-0.154181 23
-0.148349 23
-0.143312 30
-0.137468 31
-0.132081 25
-0.126192 15
-0.121191 29
-0.115872 26
-0.109963 29
-0.104498 37
-0.0992465 33
-0.0931997 38
-0.0883915 35
-0.0830136 34
-0.0777582 47
-0.0719937 56
-0.0665288 60
-0.0610938 64
-0.0554088 66
-0.0501098 76
-0.04478 85
-0.0392687 77
-0.0335042 83
-0.0282412 91
-0.0228455 121
-0.0174252 137
-0.0118378 150
-0.00639276 233
7.55498e-05 14159
0.00342599 1590
0.00956229 542
0.0151809 353
0.0205811 283
0.025879 208
0.0313364 161
0.0368378 151
0.0423866 119
0.0479385 104
0.0535305 73
0.0589219 88
0.0643818 82
0.0698113 80
0.0749049 65
0.0805374 54
0.0864738 46
0.0916554 36
0.0971973 28
0.102503 38
0.107913 23
0.113078 39
0.118584 29
0.124632 15
0.13011 18
0.135327 20
0.140411 31
0.145358 19
0.151433 16
0.156587 18
0.162591 15
0.168098 13
0.172988 15
0.178358 16
0.184729 12
0.189333 15
0.194849 15
0.20042 11
0.205741 5
0.211968 12
0.21706 11
0.222623 6
0.227096 9
0.233401 4
0.238259 11
0.243056 12
0.250383 10
0.254957 2
0.260947 7
0.26599 9
0.272107 1
0.276624 6
0.283248 3
0.288864 3
0.294454 5
0.296374 2
0.304049 8
0.30982 7
0.315423 3
0.320328 6
0.325388 1
0.33144 6
0 0
0.343229 1
0 0
0.351789 3
0.359068 3
0.364436 4
0.370743 3
0.372428 1
0 0
0.385492 3
0.391519 2
0 0
0 0
0.408632 2
0 0
0.419827 1
0.422187 1
0.432121 1
0 0
0 0
0 0
0.452025 1
0 0
0.464938 1
0 0
0 0
0 0
0 0
0 0
0 0
0 0
0 0
0 0
0 0
0 0
0 0
0 0
0.535946 1
