-0.0993845 4
-0.0983881 2
0 0
0 0
-0.0951611 1
-0.094613 2
-0.0931972 3
-0.0922761 4
-0.091415 3
-0.090728 3
-0.0894568 1
-0.0881608 2
0 0
-0.0862444 3
-0.0857091 3
-0.0843579 5
-0.0833593 1
-0.0820707 3
-0.0811322 2
-0.0802773 5
-0.0797921 2
-0.0784403 3
-0.0769696 1
-0.0762457 3
-0.0754601 4
-0.0745435 4
-0.0733287 3
0 0
-0.071499 4
-0.0700367 2
-0.0693322 6
-0.068477 3
-0.0674299 4
-0.0665034 8
-0.0655883 6
-0.0648682 3
-0.0633875 5
-0.0626393 2
-0.0614054 4
-0.0607444 4
-0.0596268 2
-0.0583991 3
-0.0576358 5
-0.0566105 4
-0.0556413 1
-0.0547541 4
-0.0537125 3
-0.0524035 5
-0.0517485 1
-0.0506224 2
-0.0495787 5
-0.0486163 5
-0.0474669 4
-0.0464452 4
0 0
-0.0450047 1
-0.0436073 2
-0.0425623 3
-0.041731 2
-0.0406543 1
-0.0395307 2
-0.0383585 2
-0.0378212 4
-0.0366325 3
-0.035684 3
-0.0344429 3
-0.0332652 2
-0.0326066 3
-0.031683 11
0 0
-0.0295788 4
-0.0283575 2
-0.0274748 3
-0.0265309 3
-0.0256275 5
-0.0244102 2
-0.0234651 4
-0.0225739 3
0 0
-0.0207241 2
-0.0194498 1
-0.0187218 2
-0.0179493 2
-0.0165829 5
-0.0155708 2
-0.014537 4
-0.0142098 1
-0.0126216 6
-0.0116583 2
0 0
-0.00951893 4
-0.00882098 4
-0.00773755 3
-0.00664146 3
0 0
-0.00488168 3
-0.00382298 1
-0.00283332 2
-0.00179911 2
-0.00101453 2
-0.000152105 2
0.00087514 1
0.00222517 2
0.00318409 3
0.00413184 5
0.00556437 2
0.00623196 3
0.00715861 3
0.0083661 3
0.00884946 3
0.00994994 3
0.0112522 5
0 0
0.013236 5
0.0136883 1
0.0152694 4
0.0160924 3
0.0169074 3
0.018239 3
0.0191374 3
0.0200326 2
0.0215216 2
0.0217847 3
0 0
0.0243404 5
0.0252115 5
0.0261019 2
0.0269876 3
0.0278691 6
0.0291175 4
0.0298667 4
0.0310264 2
0.0319901 4
0.0329232 2
0.0342436 2
0.0346875 2
0.0361385 3
0.0371256 2
0.0378963 5
0.0391571 3
0.040171 6
0.0411014 3
0.0416347 1
0.0427661 2
0.0442246 3
0 0
0.0459295 4
0.0467753 5
0 0
0.048813 2
0.0499352 3
0.050887 5
0.0521289 4
0.0533857 1
0.0537718 1
0.0552929 1
0.0558577 3
0.0568283 6
0.0582552 1
0.0587494 4
0.0601176 2
0.0608517 2
0.0617474 2
0 0
0.063869 5
0.0649433 6
0.0656809 2
0 0
0.0677745 6
0.0690034 4
0.0698332 2
0 0
0.071931 3
0.0726824 3
0.0737987 1
0.0749965 1
0.0758719 3
0.0771126 3
0.0778625 2
0.0787312 6
0.0796985 5
0.0810715 1
0.0816446 2
0.0827777 3
0.0839059 6
0.0848535 2
0.0857144 4
0.0866973 2
0.0878363 1
0.0883851 2
0.0895229 2
0.0908332 1
0.0913154 1
0 0
0.0937666 3
0.0945384 2
0.0957181 4
0.096918 3
0.09772 1
0.0989366 4
0.0992068 1
