-0.0994921 1
-0.097793 3
-0.096882 4
0 0
-0.0947958 1
-0.0937874 1
-0.093475 1
-0.0921069 2
0 0
-0.0901199 4
-0.0893605 2
0 0
-0.0867981 3
-0.0857435 2
0 0
-0.0841744 3
-0.0829317 1
0 0
-0.0813365 4
0 0
0 0
0 0
-0.0766218 1
-0.0762787 3
0 0
-0.0744752 1
-0.0730834 5
-0.0724917 1
0 0
-0.0701886 1
0 0
-0.0679097 1
-0.0667759 1
0 0
-0.065168 3
-0.0645693 1
-0.0631449 1
-0.0620068 1
-0.0611593 3
-0.0600708 2
0 0
-0.057883 2
-0.0568261 1
-0.0557736 1
-0.0547989 1
0 0
0 0
0 0
-0.0507961 1
0 0
0 0
-0.0482944 2
-0.0476091 1
-0.0466186 1
-0.0449915 1
-0.0442927 1
0 0
-0.0427718 1
-0.0412514 4
-0.040512 2
-0.0394044 2
-0.0385781 2
-0.0373449 2
-0.0363485 1
0 0
0 0
-0.0329049 1
-0.032759 1
-0.0313323 1
-0.0301269 1
0 0
0 0
-0.0273677 2
0 0
-0.0253707 1
-0.0240718 3
-0.0238592 1
0 0
-0.0213638 4
0 0
-0.0196792 2
-0.0182873 3
-0.0173216 4
-0.0163636 4
-0.0152428 3
-0.0144889 1
0 0
0 0
0 0
-0.0105225 1
-0.00958807 3
0 0
-0.00739201 2
-0.00600972 1
0 0
0 0
-0.00315319 1
-0.00260377 3
-0.00156066 1
-0.000351125 2
0 0
0.00173314 1
0.00251033 2
0.00380563 1
0.00487326 1
0.00550317 2
0 0
0.00708999 1
0.00842396 1
0.00978534 1
0.0104712 2
0 0
0.011975 2
0.0136717 1
0.0145033 3
0.015561 1
0.0166158 2
0.0176063 1
0.0182304 1
0.0195772 2
0.0203005 2
0 0
0.0224715 2
0 0
0.0243677 1
0.0255035 1
0.0266259 3
0.027365 1
0.0282371 3
0.0295018 1
0.0304318 1
0 0
0.0320123 2
0.0331393 1
0.0341359 1
0.0354087 2
0 0
0 0
0.038465 3
0.0394138 2
0 0
0 0
0 0
0.0430774 3
0 0
0.044781 2
0.0463945 1
0 0
0.0477654 1
0.0492337 2
0.0503019 2
0 0
0 0
0.0535001 1
0.054182 1
0.0546873 1
0.0558016 1
0.0571657 2
0 0
0.0592591 4
0 0
0.0610792 1
0.0621736 2
0 0
0.064163 5
0.0654663 2
0.066311 2
0.0668763 2
0 0
0 0
0 0
0 0
0.0718942 2
0.0728663 1
0.0740032 2
0.074713 1
0.0762349 2
0.0768134 2
0.0780268 2
0.0787665 3
0.0800486 3
0.0807812 1
0.0821777 1
0.0831368 3
0.0844349 1
0.0851483 3
0.0861223 2
0 0
0.0879292 1
0.0892487 1
0.0902316 1
0.0911466 2
0.0922525 2
0.0932873 2
0.0944201 1
0.0946117 1
0.096298 1
0 0
0.0978256 3
0.0991288 4
0.0994429 1
