-0.0994119 3
-0.0983333 8
-0.0973271 5
-0.0966794 2
-0.0952806 4
-0.0944689 2
-0.0933892 3
-0.0923555 5
-0.0909915 1
-0.090133 4
-0.0892003 5
-0.0884031 2
0 0
-0.0865853 1
-0.0849713 2
-0.0840385 1
-0.0831711 2
-0.0823353 2
-0.0813915 2
0 0
-0.0794754 4
-0.0779256 1
-0.0772529 3
-0.0764258 1
-0.0754765 3
-0.0742387 1
-0.0730922 3
-0.072318 6
-0.0712812 4
-0.0703698 6
-0.06922 8
0 0
-0.0672561 4
-0.0663038 1
-0.0653963 5
-0.0643724 3
-0.0632994 4
0 0
-0.0613413 3
-0.0604775 2
-0.0593019 2
-0.0581992 5
-0.0574127 3
-0.0563449 6
-0.0556739 2
-0.0546142 2
-0.0534157 3
-0.0523597 4
-0.0514113 1
-0.0501053 7
0 0
-0.0483649 5
-0.0470753 2
-0.0461736 1
-0.0458893 1
-0.044374 2
-0.0437171 3
-0.0423899 1
-0.0410573 2
-0.0403934 3
-0.0395484 2
-0.0385193 3
-0.0372457 5
0 0
-0.0353541 3
-0.0343902 1
-0.0332025 2
-0.0321484 3
0 0
-0.0302992 1
-0.0295396 2
-0.0284967 8
-0.0274088 4
-0.0264935 5
-0.0253435 4
-0.0243351 4
-0.0234608 4
-0.0226435 3
-0.0215981 3
-0.0207002 2
-0.0195696 5
-0.018541 2
-0.0170416 3
0 0
-0.0155906 1
-0.0144345 4
-0.0132543 3
-0.012353 2
-0.0114309 2
-0.0104195 2
-0.00955336 3
-0.00858041 2
-0.00737639 5
-0.00656307 4
0 0
-0.00457451 2
-0.00384729 1
-0.00249367 2
-0.00152112 4
0 0
0.00049503 5
0.0015919 4
0.00245514 5
0.00340935 1
0.00433858 3
0.00563008 3
0.00656529 2
0.00713398 1
0.00847527 5
0.00952751 2
0.0105737 4
0.0116712 2
0.0127667 4
0.0138444 2
0.0145629 2
0.0152227 2
0.0165724 6
0.0174363 3
0.0184681 2
0.0195278 4
0.0205522 2
0.021626 5
0.0220919 2
0.0235768 5
0.024283 2
0.0252998 5
0.0262865 2
0 0
0.0289381 1
0.0292485 2
0.0303925 6
0.0312174 2
0 0
0.0335477 4
0.0344364 5
0.0353576 2
0.0366852 2
0.0377041 1
0.0383617 5
0.0395394 4
0.0404985 7
0.0412567 4
0 0
0.0435656 3
0.0440988 2
0.0455969 5
0.0466037 2
0.0475371 3
0.0487428 2
0.049718 4
0.0505497 6
0.0514932 3
0.0525877 2
0.0531804 2
0.054024 3
0.0549923 1
0.0565563 3
0.0574254 4
0.0581524 4
0.0594178 4
0.0607271 3
0.0615817 2
0.0624779 5
0.0635131 5
0.0647448 1
0.0653899 3
0.0660993 1
0.0673085 3
0.0686838 1
0.0693271 2
0.0702384 2
0.0713014 7
0.0724766 5
0.0733939 6
0.0744851 2
0.0753483 4
0.0763724 6
0.0774688 4
0.0781558 1
0.0795067 3
0.0803118 5
0.0817494 1
0.0824644 4
0.0833695 1
0.084397 1
0.0853015 5
0.08605 3
0.087113 1
0 0
0.0892255 4
0.0907505 3
0.0917304 2
0.0925417 4
0.0934773 4
0.0946451 2
0 0
0.096415 2
0 0
0.0983335 5
0.099342 2
0.0998662 1
