-0.099818 1
-0.0982618 1
-0.0971162 1
-0.0965576 1
-0.0952417 3
-0.0942145 6
-0.0928662 1
-0.0927822 1
0 0
-0.0905026 2
-0.0890324 3
-0.0885862 1
-0.0873098 3
-0.0859062 1
-0.0852034 3
-0.0844578 2
-0.0832433 2
0 0
0 0
-0.0803969 1
-0.079819 1
-0.0780476 1
-0.0777697 2
0 0
-0.0756648 2
-0.0742814 3
-0.0731385 2
-0.0724671 1
-0.0713027 2
-0.0701032 2
-0.069748 1
-0.0687239 2
-0.0672085 1
-0.0662929 3
0 0
0 0
0 0
-0.0623112 1
-0.0615074 1
-0.0602292 1
-0.0597062 2
0 0
-0.0573358 3
-0.0563396 1
-0.0550678 1
-0.054784 1
0 0
-0.052043 1
0 0
0 0
-0.0497719 1
-0.0484242 3
-0.047062 2
-0.0466075 2
-0.0457033 1
0 0
0 0
-0.0421921 2
-0.0417217 2
0 0
-0.0396272 3
-0.0382381 1
-0.0370951 1
0 0
-0.0357766 2
-0.0343017 3
-0.0332863 2
-0.0326403 1
-0.0309431 1
0 0
-0.0292675 1
-0.0283506 4
-0.0271786 3
-0.0262663 2
-0.0252138 1
-0.0243469 1
-0.0232502 1
-0.022306 2
-0.0212555 3
-0.0206158 3
0 0
0 0
-0.0174317 1
-0.0165296 2
-0.0157616 2
-0.0142872 2
-0.0136329 3
-0.0123885 1
-0.0116063 1
-0.0100091 1
-0.00951124 1
-0.00847287 2
-0.00763783 1
-0.00686326 1
-0.00520593 3
-0.00471219 2
-0.00326798 1
0 0
-0.0017818 1
0 0
0.000345325 6
0.00177464 2
0.00282005 3
0 0
0.00481726 1
0 0
0.00634761 3
0.00760092 2
0.00811102 3
0.00953964 4
0.0108228 2
0.0115796 3
0 0
0.0131427 1
0.0148987 1
0.015273 1
0.0161501 4
0.0171877 2
0.0183103 2
0.0198426 1
0 0
0 0
0.0222878 2
0.0234802 1
0.0247548 4
0 0
0.0266177 1
0.0277028 2
0.0287953 2
0.0292343 8
0.0303395 2
0.0315964 3
0.0324537 3
0 0
0.0343851 1
0 0
0 0
0.0377022 2
0.0383846 1
0 0
0 0
0.0411099 1
0.0421932 1
0.0429683 1
0.0441198 1
0.0454608 2
0 0
0.0478385 1
0 0
0.0496113 1
0.0502458 1
0.0511771 2
0 0
0.0532381 1
0.0541387 1
0 0
0.05634 3
0.0577641 2
0 0
0 0
0.0607778 1
0.0611256 2
0 0
0 0
0.0642749 2
0.065386 5
0.0660739 3
0 0
0.0688163 1
0.0693167 1
0.0698851 1
0.0713786 4
0.0726842 2
0 0
0.0742794 3
0 0
0.076397 2
0.0775556 3
0.0786567 1
0.0794112 1
0.0801577 1
0.0809959 1
0.0822781 3
0.0831332 2
0.0840635 1
0.0857535 1
0 0
0 0
0 0
0.0890163 1
0 0
0 0
0.092066 1
0.0933217 4
0 0
0.0949211 2
0.0964843 1
0.0973183 1
0.0981032 4
0 0
0.0998198 1
