-0.110189 1
0 0
0 0
-0.100811 1
-0.100463 1
-0.096 1
0 0
-0.0924184 1
-0.0904216 3
-0.0875282 4
-0.0849481 2
0 0
-0.0800905 4
-0.0779912 1
-0.076077 1
-0.0739232 2
-0.0705932 4
0 0
-0.0665815 2
-0.0634531 2
-0.0619196 4
-0.0591274 2
-0.0572314 3
-0.0542729 3
-0.0510218 2
-0.0499134 2
-0.0474169 3
0 0
-0.0423023 1
-0.0408194 2
-0.0374944 2
-0.0348843 3
-0.0335123 3
-0.0309076 4
-0.0273417 1
-0.0261573 6
-0.023449 1
-0.0208553 1
-0.0185152 2
0 0
-0.014261 3
-0.0120749 1
-0.00918463 2
-0.00805421 1
-0.00495901 3
-0.00279061 1
-6.47164e-05 10
0.00336468 1
0.00445548 2
0.0080118 2
0.00954421 4
0.0120731 3
0.0152361 1
0.0165537 4
0.0187991 2
0.0218662 5
0.0243141 1
0.0264546 2
0.0290186 3
0.0308082 3
0.0335265 2
0 0
0.0379148 4
0.0406473 3
0.0437639 2
0.0454267 2
0.0479131 2
0.0503972 2
0.0522739 4
0.0539942 3
0.0571621 5
0.0603938 1
0.0623752 1
0.06465 2
0.0663513 2
0.0681225 5
0.0709496 5
0.0736091 4
0.0761748 4
0.0791834 4
0 0
0.0829835 3
0.0851689 2
0.0870097 1
0.0905469 1
0.0918228 2
0.0949259 3
0 0
0.100031 2
0 0
0.103934 2
0.107373 2
0 0
0.111835 1
0.113906 2
0 0
0 0
0.121051 4
0.123514 1
0.126865 2
0.127335 1
0.130961 2
0.133643 2
0.135854 3
0 0
0.140023 1
0.142547 1
0.14457 2
0 0
0.149148 2
0.152628 1
0.153519 2
0.155688 1
0 0
0.161311 3
0.163278 1
0 0
0 0
0 0
0 0
0 0
0 0
0 0
0.183976 1
0.185516 3
0 0
0.190285 1
0 0
0.194646 1
0 0
0 0
0.200807 1
0 0
0.205989 1
0 0
0 0
0 0
0.216397 2
0.219213 1
0 0
0 0
0 0
0.228394 1
0 0
0 0
0 0
0.236229 1
0 0
0.241625 2
0.245133 1
0 0
0 0
0.251821 1
0.253397 1
0 0
0 0
0 0
0 0
0.266521 2
0.268137 1
0 0
0 0
0 0
0 0
0 0
0 0
0 0
0 0
0 0
0 0
0 0
0 0
0 0
0 0
0 0
0 0
0.308034 2
0.311127 1
0 0
0 0
0 0
0.321075 1
0 0
0 0
0 0
0 0
0 0
0 0
0 0
0 0
0.341877 1
0 0
0 0
0.349758 1
0 0
0 0
0 0
0 0
0 0
0 0
0.364347 1
