-0.371272 2
-0.366237 1
0 0
-0.361744 2
-0.358453 1
0 0
0 0
-0.345803 2
0 0
0 0
0 0
-0.332916 3
-0.331338 1
0 0
0 0
0 0
-0.315482 1
0 0
0 0
0 0
0 0
0 0
0 0
-0.293004 1
-0.288339 1
-0.285592 3
0 0
-0.279014 3
0 0
-0.271312 2
-0.267278 1
0 0
-0.261789 1
-0.257242 1
-0.255077 1
0 0
-0.247108 2
-0.243205 3
-0.241139 2
-0.235364 1
-0.233028 2
-0.231322 1
-0.227096 1
-0.222846 2
0 0
-0.216338 1
-0.213232 2
-0.209467 2
0 0
-0.203669 1
-0.197461 1
-0.196236 3
-0.192383 2
-0.189144 2
-0.184547 3
-0.18164 1
-0.178228 2
-0.17466 2
-0.170671 3
-0.168401 1
-0.163427 1
-0.160359 2
-0.157841 1
-0.154565 1
-0.149895 3
-0.147028 3
-0.144068 1
-0.139481 2
-0.137964 3
-0.133497 4
-0.130248 6
-0.126502 5
-0.122371 4
-0.119105 3
-0.116278 3
-0.113054 1
-0.109467 5
-0.106774 2
-0.100842 1
-0.0989244 9
-0.0952737 4
-0.0916413 5
-0.088531 7
-0.0849455 6
-0.0817769 8
-0.0779801 3
-0.0746408 4
-0.0713391 9
-0.0679773 4
-0.0643575 5
-0.0609135 4
-0.0584247 6
-0.0546058 5
-0.0514369 8
-0.0481875 7
-0.0433823 2
-0.0405705 6
0 0
-0.0332843 3
-0.0297862 7
-0.0261655 5
-0.0232168 4
-0.0198141 8
-0.01602 4
-0.013168 4
-0.0095697 9
-0.00601025 10
-0.00252662 9
0.000967484 8
0.00466084 7
0.00714023 3
0.0107164 4
0.0151912 5
0.0176309 5
0.02165 4
0.0245374 4
0.0292148 3
0.0313061 4
0.0357623 7
0.0386883 4
0.0420682 5
0.0464201 9
0.0485753 6
0.0519344 10
0.0556822 11
0.0588967 11
0.0635953 2
0.0658573 7
0.0698612 7
0.0725396 2
0.0763081 7
0.0798808 9
0.0833749 6
0.0873404 9
0.0901872 5
0.093428 5
0.0968796 7
0.101001 7
0.104003 4
0.107497 8
0.111057 1
0.113192 3
0.117532 4
0.121444 1
0.125101 5
0 0
0.132605 3
0.135961 1
0.139051 5
0.141252 5
0.146333 1
0 0
0.152181 2
0.154939 1
0.158894 4
0.163812 1
0.165458 2
0.169871 4
0 0
0.177341 2
0.179811 3
0.184151 1
0.187159 3
0.189625 3
0.191951 1
0.19731 3
0 0
0.202546 1
0.208995 1
0.211435 2
0 0
0.21782 2
0 0
0 0
0.228323 2
0.231053 2
0.234425 4
0.238054 3
0 0
0 0
0 0
0 0
0 0
0.259039 2
0 0
0.264526 2
0 0
0 0
0.276188 1
0 0
0 0
0 0
0.290409 1
0 0
0 0
0 0
0 0
0 0
0 0
0 0
0.315863 1
