-0.268054 1
0 0
0 0
0 0
0 0
0 0
0 0
0 0
-0.22154 1
0 0
0 0
-0.209389 1
0 0
-0.199707 1
-0.194313 1
0 0
0 0
0 0
0 0
-0.165417 1
0 0
-0.156306 1
0 0
0 0
0 0
-0.13385 1
-0.128992 1
0 0
0 0
-0.115446 1
-0.109609 1
-0.10553 1
-0.0973921 8
-0.0930349 8
-0.0874712 8
-0.0818345 7
-0.0782044 7
-0.0715652 9
-0.0665953 2
-0.0614353 7
-0.0557295 4
-0.0502171 4
-0.0470849 8
-0.0412554 11
-0.0350518 6
-0.0287797 5
-0.0253422 11
-0.019542 3
-0.0136337 4
-0.00865949 2
-0.00464786 9
0.00152354 8
0.00816961 4
0.0130092 1
0.0169225 12
0.0214931 8
0.0267493 7
0.0325472 9
0.0386092 10
0.0437553 4
0.0473175 8
0.0533778 5
0.0590264 8
0.0644852 4
0.0692723 6
0.0751053 3
0.0785652 4
0.085383 4
0.0895262 4
0.0945705 5
0.102196 2
0.107004 2
0.110131 1
0 0
0.123718 1
0.126359 6
0 0
0.138038 2
0 0
0 0
0.153238 1
0.15652 1
0 0
0.167712 1
0 0
0 0
0 0
0 0
0 0
0.199732 1
0.204555 1
0.21285 1
0 0
0 0
0.224707 1
0.23184 1
0.235279 1
0 0
0 0
0 0
0 0
0 0
0 0
0.272936 1
0.277463 1
0.285663 1
0.28676 1
0.295969 1
0 0
0 0
0 0
0.314106 1
0 0
0 0
0 0
0 0
0.34283 1
0 0
0 0
0 0
0 0
0 0
0 0
0 0
0 0
0 0
0 0
0 0
0.404104 1
0 0
0 0
0.418409 1
0 0
0 0
0 0
0 0
0 0
0 0
0 0
0 0
0 0
0.472841 1
0 0
0 0
0.488254 1
0 0
0 0
0 0
0.505939 1
0.514446 1
0 0
0 0
0 0
0 0
0 0
0 0
0 0
0 0
0 0
0 0
0 0
0 0
0 0
0 0
0 0
0 0
0 0
0 0
0 0
0 0
0 0
0 0
0 0
0 0
0 0
0.650282 1
0 0
0 0
0 0
0 0
0 0
0 0
0 0
0 0
0 0
0 0
0 0
0 0
0 0
0.722288 1
0 0
0 0
0 0
0 0
0 0
0 0
0 0
0 0
0 0
0 0
0.777827 1
