-0.321206 1
0 0
0 0
-0.307476 1
0 0
0 0
0 0
-0.29415 1
0 0
0 0
0 0
0 0
0 0
-0.274789 1
-0.270227 1
0 0
-0.262835 1
0 0
0 0
-0.255164 1
-0.249526 1
0 0
0 0
-0.239475 1
-0.2362 1
-0.2323 1
-0.231091 1
0 0
-0.223377 2
-0.218812 2
0 0
-0.211133 1
-0.210231 1
-0.206287 2
-0.20264 2
-0.199034 2
-0.196571 3
-0.193494 1
-0.189 1
-0.185556 2
-0.182402 4
-0.179753 2
0 0
-0.170686 3
-0.167939 3
-0.163978 2
-0.160752 4
-0.157338 4
-0.15535 2
-0.149371 1
-0.147829 4
-0.143955 7
-0.140691 5
-0.137402 2
-0.135192 1
-0.130518 5
-0.12746 5
-0.123461 9
-0.119644 2
-0.116439 5
-0.112271 5
-0.109028 4
-0.105618 4
-0.102957 7
-0.0993457 4
-0.0949617 5
-0.0921092 7
-0.0894097 3
-0.0858683 3
-0.0818436 7
-0.0786417 8
-0.0748552 3
-0.071635 8
-0.0682288 8
-0.0643479 7
-0.0616564 6
-0.0579894 8
-0.0544567 11
-0.0504899 3
-0.0473348 5
-0.0445674 3
-0.0405241 8
-0.0377451 5
-0.0335925 5
-0.0293578 5
-0.0274202 7
-0.0233723 10
-0.0193716 10
-0.0168276 4
-0.0130765 8
-0.0100284 4
-0.00581839 5
-0.00252596 8
0.000137237 25
0.00390147 9
0.00779894 8
0.0108717 9
0.0149258 3
0.0175774 8
0.0217202 10
0.0245033 6
0.0280548 7
0.0315611 3
0.0354251 3
0.0383071 10
0.0419987 3
0.0460561 7
0.0486724 2
0.0528037 5
0.0551084 4
0.0591571 6
0.0625337 3
0.0655307 4
0.0696442 1
0.0727899 5
0.0758782 6
0.0798558 7
0.083739 6
0.0867226 3
0.0890018 4
0.0932293 4
0.0971903 6
0.101585 1
0.104401 8
0.108452 6
0 0
0.11351 1
0.11667 2
0.120867 5
0 0
0.128858 2
0.129869 1
0.134769 1
0.137574 1
0.141285 4
0.144743 3
0.149263 4
0 0
0 0
0.160034 1
0.16259 2
0.164761 3
0.168979 3
0.172268 1
0 0
0.179252 3
0.182669 1
0.186175 3
0.190119 3
0.192374 1
0.195547 2
0.200484 1
0 0
0.205432 1
0 0
0.212778 1
0.217976 2
0 0
0 0
0 0
0.229658 1
0.233391 2
0 0
0 0
0 0
0 0
0 0
0.25521 2
0 0
0 0
0 0
0 0
0.274091 1
0.27618 2
0 0
0 0
0 0
0.290567 1
0.294458 2
0 0
0 0
0 0
0.308527 1
0.311325 1
0 0
0 0
0.320466 2
0 0
0 0
0 0
0 0
0 0
0 0
0 0
0.347497 1
0.353068 1
0 0
0 0
0 0
0 0
0.367164 1
