-0.172633 1
0 0
0 0
0 0
-0.154362 2
0 0
0 0
0 0
0 0
-0.134037 1
-0.131727 1
-0.126581 1
0 0
-0.120351 1
0 0
0 0
0 0
-0.104496 4
-0.0994781 1
-0.0968705 3
-0.0920471 5
-0.0901099 2
-0.0847668 2
-0.0798785 4
-0.076633 8
-0.0730862 11
-0.0689058 2
-0.0634346 1
-0.0607685 2
-0.0575355 3
-0.054106 5
-0.0497959 6
-0.0451517 7
-0.0425229 4
-0.0386126 6
-0.0337807 5
-0.0306106 4
-0.0260952 9
-0.0221692 2
-0.0183363 1
-0.015448 8
-0.0107859 7
-0.00701706 2
-0.00291918 5
0.000264549 14
0.00502589 3
0.00842757 6
0.0128929 7
0.0173693 10
0.019758 4
0.0249404 5
0.0282415 5
0.0316899 6
0.0371389 1
0.0401612 5
0.0451425 5
0.0473224 3
0.0517501 5
0.0561132 2
0.0586934 3
0.0633663 6
0.0678996 6
0.0720609 2
0.0757832 8
0 0
0.0821736 3
0.0851282 3
0.0904508 2
0.0940835 4
0.099091 2
0 0
0.106716 2
0 0
0.113548 2
0 0
0 0
0.127046 1
0 0
0.131675 1
0.138332 3
0.141065 2
0.146377 2
0.149029 2
0 0
0 0
0.161201 1
0.164 2
0 0
0.172729 1
0 0
0.181678 2
0 0
0.186811 1
0 0
0 0
0.198503 1
0 0
0 0
0.21109 1
0.214914 2
0.220702 1
0.225054 1
0 0
0.230369 1
0 0
0 0
0.243396 2
0 0
0 0
0 0
0 0
0 0
0 0
0 0
0.275179 1
0.277334 1
0 0
0 0
0 0
0.292326 1
0.297581 1
0 0
0.307042 1
0 0
0 0
0 0
0 0
0 0
0 0
0 0
0.336023 1
0 0
0 0
0 0
0.351775 1
0 0
0 0
0 0
0 0
0 0
0 0
0 0
0 0
0 0
0 0
0 0
0 0
0 0
0 0
0 0
0 0
0 0
0 0
0 0
0.428348 1
0.435421 1
0 0
0 0
0 0
0 0
0 0
0 0
0 0
0 0
0 0
0 0
0 0
0 0
0 0
0 0
0 0
0 0
0 0
0 0
0 0
0 0
0 0
0 0
0 0
0 0
0 0
0 0
0 0
0 0
0 0
0 0
0 0
0 0
0 0
0 0
0 0
0 0
0 0
0 0
0 0
0 0
0 0
0 0
0.601694 1
0 0
0.6076 1
