-0.109368 1
0 0
-0.102382 1
-0.10135 1
-0.0981049 2
-0.0956274 4
-0.0915265 1
0 0
-0.0876753 2
-0.0854415 3
-0.0828289 2
-0.0803896 2
-0.0775437 2
-0.0739515 1
-0.0725784 7
-0.0692517 3
-0.0671364 5
-0.0644131 1
-0.0630676 2
0 0
-0.0576677 2
-0.0544914 2
-0.0514857 2
-0.0484462 2
-0.0476496 6
-0.043198 1
-0.0419695 2
-0.039471 2
-0.0357138 1
-0.0334274 2
-0.0313392 4
-0.0290836 4
-0.0271318 3
0 0
-0.0213978 4
-0.0183848 5
-0.0161342 1
-0.0143218 3
0 0
-0.00810224 5
-0.00698748 1
-0.00340497 4
-0.000201633 12
0.00135913 5
0.00446775 1
0.00655074 3
0.00955428 4
0.011661 7
0.0146313 4
0.017211 5
0.0195198 2
0.0212413 1
0.0246141 4
0.0278307 2
0.0288957 2
0.0320298 3
0.0343385 3
0.0364615 2
0.0398073 2
0.04304 2
0.04519 4
0.0483668 2
0.0505238 3
0.0535445 1
0.0549589 7
0.0575292 2
0 0
0.0629779 3
0.0658713 1
0.067863 2
0.0699663 1
0.0732146 2
0.0759493 1
0.0779883 1
0.0803535 2
0.0830157 3
0.0865211 3
0.0892586 2
0.0901315 3
0 0
0.0953871 1
0.0993719 2
0.100919 5
0 0
0.107512 1
0 0
0.112464 1
0.113798 1
0.117234 1
0.118464 1
0 0
0.12494 1
0.127347 2
0.129898 1
0 0
0 0
0 0
0.139194 1
0.141769 3
0.145043 1
0.146711 2
0 0
0.151928 1
0.153947 1
0.156519 1
0.159484 2
0.163086 1
0 0
0 0
0.170703 2
0.172296 1
0.174392 1
0 0
0 0
0.181885 2
0.185188 1
0.187701 1
0.191046 1
0 0
0.196135 1
0 0
0 0
0.203561 1
0.206827 1
0.209157 3
0 0
0 0
0 0
0 0
0 0
0 0
0 0
0 0
0.232119 1
0 0
0 0
0 0
0 0
0 0
0 0
0 0
0 0
0.255116 1
0 0
0 0
0 0
0 0
0.267798 1
0.268495 1
0 0
0.27473 2
0 0
0 0
0 0
0 0
0.287579 1
0 0
0 0
0 0
0.297738 1
0.301568 1
0 0
0 0
0.307519 1
0 0
0 0
0 0
0 0
0.321394 2
0 0
0 0
0 0
0 0
0 0
0 0
0 0
0 0
0 0
0 0
0.348324 1
0 0
0 0
0 0
0.358376 1
0 0
0 0
0 0
0 0
0 0
0 0
0 0
0 0
0 0
0 0
0 0
0 0
0 0
0.39433 1
0 0
0 0
0.401249 1
