-0.319978 1
0 0
0 0
-0.30906 1
0 0
0 0
-0.297735 1
0 0
0 0
0 0
-0.283541 1
-0.278057 2
0 0
0 0
0 0
0 0
0 0
0 0
0 0
0 0
0 0
0 0
0 0
-0.23576 1
0 0
0 0
-0.225037 2
-0.220174 1
0 0
-0.215231 1
-0.209698 2
-0.206887 2
-0.202335 4
-0.199839 1
0 0
-0.192816 1
0 0
-0.184675 1
0 0
-0.177829 3
-0.173756 4
-0.171158 1
-0.166845 3
-0.163295 1
-0.160255 4
0 0
-0.152517 1
-0.14839 5
-0.144698 4
-0.141382 2
-0.138114 3
-0.133635 6
-0.130408 4
-0.125762 4
-0.123757 4
-0.119603 5
-0.115996 5
-0.113388 8
-0.107989 3
-0.104742 2
-0.103322 3
-0.0989628 5
-0.0951764 3
-0.0921041 2
-0.0869566 4
-0.083738 9
-0.0813192 3
-0.0767604 6
-0.0731292 8
-0.0692619 2
-0.0650004 5
-0.06277 6
-0.058872 3
-0.054563 9
-0.0519679 3
-0.0482805 9
-0.0447248 5
-0.0407393 5
-0.0367046 10
-0.0336057 7
-0.0300583 6
-0.0260814 7
-0.0224789 10
-0.0185249 16
-0.0153521 7
-0.0117084 5
-0.00871063 9
-0.00420854 7
-0.000226002 23
0.00321902 8
0.0062483 4
0.00954861 7
0.0135014 10
0.0176659 7
0.0210685 2
0.0245126 6
0.0274402 12
0.0312006 5
0.034615 3
0.0387165 8
0.0416358 7
0.0460781 12
0.0502683 7
0.0524171 5
0.0572754 4
0.0605397 3
0.0641588 7
0.0670254 2
0.0717747 6
0.0749514 6
0.0785546 7
0.081729 4
0.0854399 9
0 0
0.0918298 4
0.0965632 8
0.099699 3
0.102789 8
0.107174 5
0.109305 3
0.113371 2
0.119288 1
0.121946 6
0.124651 4
0.128434 2
0.132618 1
0.135371 3
0.138757 4
0.144083 5
0.146799 9
0.150291 5
0.154394 3
0.157844 8
0.161267 2
0.165023 2
0.16939 2
0.17161 4
0.175554 3
0.180292 5
0.184105 2
0.186136 4
0.188597 2
0 0
0.196809 5
0.20111 3
0.204529 2
0.207689 1
0 0
0 0
0.219286 1
0.222172 1
0.225777 1
0.229563 2
0.233347 1
0.238402 1
0.241622 1
0.243413 1
0 0
0 0
0 0
0 0
0 0
0 0
0.267921 1
0.271727 1
0 0
0 0
0 0
0 0
0 0
0 0
0 0
0 0
0 0
0 0
0.311267 1
0 0
0 0
0 0
0 0
0 0
0 0
0 0
0 0
0 0
0 0
0 0
0 0
0 0
0 0
0 0
0 0
0 0
0 0
0 0
0 0
0 0
0 0
0 0
0 0
0.400917 1
