-0.377972 1
0 0
0 0
0 0
0 0
0 0
0 0
0 0
0 0
0 0
0 0
0 0
0 0
0 0
0 0
0 0
0 0
0 0
0 0
0 0
0 0
-0.27034 1
-0.264738 1
0 0
0 0
0 0
0 0
0 0
0 0
0 0
0 0
-0.220676 1
0 0
-0.208089 1
0 0
0 0
0 0
0 0
0 0
0 0
0 0
0 0
0 0
-0.159626 1
0 0
0 0
0 0
-0.140117 1
0 0
-0.127947 2
0 0
0 0
0 0
-0.107806 1
-0.103245 1
-0.0985264 3
-0.0964081 1
0 0
0 0
0 0
-0.0743257 2
-0.0681807 2
0 0
0 0
-0.0527546 1
-0.046774 1
-0.046049 1
-0.0373694 1
0 0
-0.0293407 2
-0.024532 1
0 0
-0.0131236 2
-0.0088529 1
0 0
-0.000191043 1
0.00576973 4
0.0110457 1
0.0177649 1
0 0
0 0
0 0
0.0365054 2
0.0429388 1
0.0476438 1
0 0
0 0
0.0608079 2
0.065401 3
0.070068 2
0.0757644 1
0 0
0.0861378 2
0.092987 1
0.0974333 2
0 0
0 0
0 0
0 0
0.12164 2
0 0
0 0
0 0
0 0
0 0
0 0
0.158298 2
0 0
0.165469 1
0 0
0 0
0 0
0 0
0.19154 1
0 0
0.202592 1
0 0
0 0
0 0
0 0
0 0
0 0
0 0
0.23957 1
0 0
0 0
0 0
0 0
0.266476 1
0 0
0 0
0 0
0 0
0.293095 1
0 0
0 0
0 0
0 0
0 0
0.319634 1
0 0
0 0
0 0
0 0
0 0
0 0
0 0
0 0
0 0
0 0
0 0
0 0
0 0
0 0
0 0
0 0
0 0
0 0
0 0
0 0
0 0
0 0
0 0
0 0
0 0
0 0
0 0
0 0
0 0
0 0
0 0
0 0
0 0
0 0
0 0
0 0
0 0
0 0
0 0
0 0
0 0
0 0
0 0
0 0
0 0
0 0
0 0
0 0
0 0
0 0
0 0
0 0
0 0
0.595328 1
0 0
0 0
0 0
0 0
0 0
0 0
0.625707 1
