-0.0995656 4
-0.0981853 3
-0.0970977 2
0 0
-0.0950477 3
-0.094346 4
-0.093407 3
-0.0922628 2
-0.0911188 1
0 0
-0.0893571 7
-0.0881333 4
-0.0872812 4
-0.0864154 4
-0.085434 4
-0.0844019 4
-0.0834858 4
-0.0820718 3
-0.0810962 2
-0.0802958 3
-0.0793546 6
-0.0783285 4
-0.0771015 3
-0.0763308 4
-0.0753843 1
-0.0739118 3
-0.0732774 1
-0.0722092 6
-0.0713055 6
-0.0701596 3
-0.0690854 2
-0.0682121 5
-0.0673206 2
-0.0661536 6
-0.065262 4
-0.0641346 4
-0.0632651 6
-0.0622997 6
-0.0615873 2
-0.0600671 1
-0.0591801 3
-0.0587328 2
-0.0573086 1
-0.0564155 4
-0.0551742 3
-0.0546386 2
-0.0533097 1
-0.0522108 3
-0.0511051 4
-0.0503772 2
-0.0490377 3
-0.0482254 4
-0.0472199 2
-0.0463744 5
-0.045317 3
-0.0443966 4
-0.042843 1
-0.0420262 6
-0.0413602 3
-0.0403493 4
-0.0389845 2
-0.0382953 6
-0.0372939 4
-0.0365993 2
-0.0351105 2
-0.0342919 4
-0.0330317 3
-0.0324075 2
-0.0312773 3
-0.0303117 3
-0.0292812 4
-0.0287951 1
-0.027569 3
-0.0263854 1
-0.0250622 1
-0.0238434 1
0 0
-0.0221328 5
-0.0215894 3
-0.0202892 1
-0.0190867 3
-0.0178997 1
-0.0174544 1
-0.0159927 3
-0.0148721 1
-0.0144386 4
-0.0134984 4
0 0
-0.0112316 5
-0.0106522 2
-0.00907357 3
-0.00803334 1
-0.00732733 3
-0.00624598 3
-0.0052924 3
-0.00409475 1
-0.00324955 7
-0.00265814 1
-0.00134759 2
-0.000517532 4
0.00060695 3
0.0014542 2
0.00268874 3
0.00371698 2
0.00497612 2
0.00576898 4
0.00638008 2
0.00757954 3
0.00880986 3
0.00982091 3
0.0107004 3
0.0114918 5
0.0127419 4
0.0135086 3
0.0149062 2
0.0155059 4
0.0168919 5
0.017276 2
0.0188665 3
0.0198689 4
0.0204882 2
0 0
0 0
0.0236561 2
0 0
0.0258895 2
0.026182 1
0.027573 2
0.0288473 3
0.0296028 5
0.0306304 4
0.0320067 1
0.0321114 2
0.0335784 4
0.0349441 2
0.0355755 4
0.0363365 3
0.037563 5
0.0386135 4
0.0395133 4
0.0409169 2
0.0413529 2
0.0426295 3
0.0436098 1
0.0449843 1
0.0457508 2
0.0466306 2
0.0479773 1
0.0487247 3
0.0494616 4
0.0505401 2
0.0514776 5
0.0526535 5
0.0536321 3
0.054604 4
0.0552904 3
0.0564982 5
0.0578064 2
0.0586551 4
0 0
0.0604487 3
0.0615539 3
0.0625808 3
0.0633971 3
0.0645746 3
0.065365 1
0.0664828 5
0.0675281 3
0.0685849 3
0.0698063 4
0.0704316 4
0.0714191 2
0.072654 4
0.0736369 2
0.0745942 5
0 0
0.0763596 5
0.0774628 4
0.0782527 3
0.0795963 2
0.0805504 4
0 0
0.0824485 3
0 0
0.0845661 2
0.0851804 1
0.086526 4
0.0874504 5
0.0885022 3
0.089357 4
0.0901357 2
0.0918363 2
0.0925359 1
0.0933068 1
0.0946082 2
0.0958167 2
0.0960641 1
0.0971989 1
0.0984495 4
0.0995644 6
0.0999836 1
