-0.0997089 2
-0.0985919 5
-0.0977164 2
-0.0962768 4
-0.0954979 2
-0.0945489 4
-0.0933116 3
-0.0924544 4
-0.0912307 4
-0.0900688 2
-0.0891558 2
-0.0886259 2
-0.0873063 1
-0.0860962 2
-0.0854932 2
-0.0848731 1
-0.0834937 3
-0.0825124 5
-0.0815383 3
-0.0806768 2
-0.0795421 3
-0.0787208 3
-0.0774271 3
-0.0766354 2
-0.0754416 6
-0.0747119 1
-0.0730478 1
-0.0727137 3
-0.0714037 1
-0.0706788 3
-0.0693441 3
-0.0683941 7
-0.0677036 4
-0.0663312 5
-0.0651582 2
-0.0645508 5
-0.0634453 3
-0.0629939 1
-0.0614103 7
-0.0605055 5
-0.0596996 1
-0.058989 1
-0.0576623 1
-0.0568238 1
-0.0553721 3
-0.0543086 3
0 0
-0.0525741 1
-0.0512539 2
-0.0503071 6
-0.0496342 3
-0.0484024 3
-0.0475432 3
-0.0460499 1
-0.0456927 2
-0.0447171 1
-0.0437853 2
-0.0424034 2
-0.0413892 3
-0.0404808 2
-0.0395424 5
-0.0388821 3
0 0
-0.0366351 1
-0.0354318 4
-0.0346269 3
-0.0335916 3
-0.0326845 6
-0.0313759 1
-0.0303105 1
-0.0292059 3
-0.0283145 3
-0.0277593 1
-0.026684 4
-0.0253428 2
-0.0245588 3
-0.0234803 7
-0.0227044 2
-0.0216758 5
0 0
-0.0198801 3
-0.0184998 1
-0.0176951 3
-0.0165871 1
-0.0152051 3
-0.0144213 3
0 0
-0.0126778 2
-0.0119341 2
-0.010446 2
-0.0098885 2
-0.00856136 3
-0.00751536 3
-0.00668461 1
-0.00544024 5
-0.00451354 4
-0.00359528 5
-0.00253931 6
-0.00145589 6
-0.000788135 2
0.00025393 3
0.00138809 2
0 0
0.00310184 3
0.00423732 2
0.00539919 6
0.00675373 1
0.00745111 5
0.00853301 6
0.00950179 3
0.0101962 4
0.0109975 1
0.0122741 3
0.0134185 3
0.014375 5
0.0157954 2
0.0167047 1
0.0173414 3
0.0183171 2
0.0195971 3
0.0204093 2
0.0212152 5
0.0224924 5
0.0236241 5
0.0240761 2
0.0254879 2
0.0265691 1
0.0273369 2
0.0284656 2
0.0298142 2
0.0303949 5
0.0311171 4
0.0322717 7
0.0335836 2
0.0339836 1
0.0353377 3
0.0363886 4
0.037225 2
0.0380534 2
0.0388793 1
0.0404413 5
0.0413209 5
0.0422156 7
0.0433372 5
0.044305 3
0 0
0.0465054 3
0.0472493 6
0.0486102 3
0.0491609 4
0.050318 2
0.0512298 2
0 0
0.0534063 3
0.0544283 4
0 0
0.056016 3
0.0569178 2
0.0578928 1
0.0593968 3
0.0604647 7
0.0615649 6
0.0622022 3
0.0631388 4
0.0643902 5
0.0655107 3
0.0663534 3
0 0
0.0683719 5
0.0693491 2
0.0701624 2
0.0716194 2
0.0722687 4
0 0
0.0745281 2
0.0754477 5
0.0763602 3
0.0774844 1
0.0786641 1
0.0793259 2
0.0801657 5
0.0812742 3
0 0
0 0
0.0843911 5
0.0853704 3
0.0863885 3
0 0
0.0883819 2
0.0889806 2
0.0905322 2
0.091276 2
0.0920866 2
0.0931453 4
0.0944298 1
0.0954205 3
0.0962718 2
0 0
0.0984377 2
0.0992134 3
0.0998059 1
