-0.0990105 3
-0.0978872 1
-0.0965344 2
-0.0957622 4
-0.0946579 4
-0.0937356 2
-0.092861 3
-0.091724 2
0 0
-0.0898495 3
-0.088745 2
0 0
-0.0865921 2
-0.0858987 2
0 0
0 0
-0.0830078 1
-0.0817706 1
-0.0808195 2
-0.0793829 1
-0.0784298 2
0 0
0 0
-0.0761972 1
-0.0747408 2
-0.0738869 4
-0.0727988 1
0 0
-0.0706479 1
0 0
-0.0691903 3
-0.0678017 3
-0.0666631 1
0 0
-0.0652653 1
-0.0633857 1
0 0
-0.0618369 3
-0.0608991 1
-0.0599879 3
-0.0588178 1
-0.0580317 4
0 0
-0.0561954 1
0 0
-0.053881 1
-0.0529596 3
-0.0518154 2
-0.0509622 2
-0.0497431 3
-0.0493744 1
-0.0481625 1
-0.0469703 1
0 0
-0.0447536 1
-0.0435181 1
-0.0427695 1
-0.0417109 2
0 0
-0.039849 3
0 0
0 0
-0.0373718 1
-0.035969 2
0 0
0 0
0 0
-0.0323843 1
-0.0311346 1
-0.0297364 3
-0.0292327 1
-0.0277234 1
-0.0271542 2
0 0
0 0
-0.0242932 2
-0.0231747 1
0 0
-0.0209883 1
0 0
0 0
-0.018308 2
-0.017213 1
-0.0158446 1
-0.0154078 1
-0.0144166 1
-0.0130252 3
-0.0117594 1
0 0
0 0
-0.00909007 3
0 0
-0.00701631 1
-0.00633955 4
-0.00464531 1
-0.0038934 3
0 0
-0.00179527 1
0 0
-0.00060872 1
0.000794387 3
0 0
0.00250112 1
0.00373564 3
0 0
0.00553865 2
0 0
0 0
0.00860429 1
0.0100733 2
0.0108649 2
0.011895 2
0 0
0.013799 1
0.0149401 1
0 0
0.0171736 1
0 0
0.0187893 1
0.0199204 1
0 0
0.022051 2
0.0224562 1
0 0
0.0244794 2
0.0259087 1
0.0266766 3
0.0274447 2
0.0291734 1
0.0297287 2
0.0305798 3
0 0
0 0
0.0338731 1
0 0
0.0358264 6
0.0363646 1
0.0376916 3
0.0382307 2
0.0397789 1
0.0405462 3
0.0414594 1
0.0426436 2
0.0440462 1
0.0441573 1
0.045587 3
0.0468619 1
0.0475821 2
0.0488803 1
0.0493742 2
0.0509719 3
0 0
0 0
0.0534214 3
0.0544813 2
0 0
0.0563555 3
0.0571506 1
0.0586132 3
0.0600241 1
0.06069 2
0 0
0.062295 1
0 0
0.0648734 1
0.0659826 2
0 0
0.0673339 1
0.0684158 2
0 0
0.0709297 1
0 0
0.0727437 2
0 0
0.0745156 2
0.075455 1
0.0769315 1
0.0778962 1
0.0788958 1
0.0796747 2
0.0809602 1
0.0815354 4
0.082544 1
0 0
0.0846263 2
0.085545 2
0.0865044 2
0 0
0.0885657 2
0.0894039 3
0.0905644 2
0 0
0.0926068 2
0 0
0.0945636 1
0.095274 1
0.0963653 2
0.0975231 2
0 0
0.0997878 1
0.0998906 1
