-0.333161 1
0 0
0 0
0 0
0 0
0 0
0 0
-0.307159 1
-0.302604 1
-0.299156 2
-0.29803 1
-0.293796 1
-0.28977 6
-0.285449 1
0 0
-0.281017 3
-0.276591 2
-0.273174 5
-0.26911 3
-0.266421 4
-0.262775 5
-0.260515 6
-0.256152 13
-0.25296 10
-0.249655 14
-0.245988 19
-0.242361 20
-0.239 34
-0.235575 41
-0.232195 47
-0.229021 43
-0.225539 67
-0.222053 80
-0.218714 89
-0.215148 96
-0.211734 95
-0.208582 102
-0.204739 105
-0.201398 115
-0.19801 143
-0.194628 135
-0.191232 130
-0.187902 122
-0.184538 128
-0.180999 150
-0.177548 131
-0.174085 135
-0.170766 139
-0.167394 125
-0.163984 142
-0.160458 146
-0.157013 143
-0.153578 155
-0.150268 131
-0.146807 135
-0.143575 156
-0.140238 150
-0.136598 158
-0.133179 167
-0.129684 129
-0.126289 171
-0.122942 143
-0.119513 127
-0.116123 169
-0.112671 137
-0.109328 115
-0.105897 132
-0.102591 135
-0.0990264 133
-0.0955274 142
-0.0921564 126
-0.0886261 145
-0.0851874 151
-0.081862 127
-0.0783751 135
-0.075073 163
-0.0716336 133
-0.068032 147
-0.0650081 148
-0.0612609 160
-0.0578444 162
-0.0544308 176
-0.0511409 175
-0.0476613 155
-0.0443063 153
-0.0409162 172
-0.0374577 159
-0.0338103 157
-0.0306217 153
-0.0271551 154
-0.0236712 157
-0.0202308 166
-0.0168981 180
-0.0135041 187
-0.00999912 175
-0.00659554 228
-0.00307304 293
9.85799e-06 1994
0.00339122 284
0.00704305 234
0.0104506 187
0.0140156 155
0.0172585 153
0.0207528 166
0.0240729 189
0.0275932 127
0.0310677 168
0.034322 148
0.0377722 155
0.0412273 178
0.044647 166
0.0480337 166
0.051436 175
0.0550321 153
0.0582159 154
0.0616811 167
0.0654463 137
0.068489 140
0.0720264 139
0.0753284 145
0.0788339 156
0.082183 150
0.0856508 131
0.0890077 149
0.0923839 161
0.0958198 138
0.0993503 143
0.102865 130
0.106281 133
0.10952 121
0.112949 153
0.116232 131
0.119823 141
0.12314 130
0.126658 138
0.130069 139
0.133588 179
0.136928 150
0.140229 154
0.14374 154
0.147225 155
0.150591 136
0.154087 147
0.157412 123
0.160892 145
0.164327 132
0.167589 140
0.171098 128
0.174545 118
0.17804 119
0.181416 142
0.184809 125
0.188141 116
0.191491 103
0.19507 100
0.198392 102
0.201889 85
0.205334 75
0.208596 63
0.212182 59
0.215745 47
0.218987 41
0.222166 26
0.225763 21
0.229347 32
0.232564 22
0.236093 8
0.239675 13
0.242929 15
0.246418 8
0.24981 12
0.25326 13
0.256013 4
0.259707 6
0.263844 6
0.266548 4
0.270067 3
0.273602 2
0.277444 4
0.279796 1
0.28485 1
0.286024 1
0 0
0 0
0.298964 1
0.302705 1
0.303177 1
0.308806 1
0 0
0 0
0 0
0 0
0 0
0 0
0 0
0 0
0 0
0 0
0 0
0 0
0.350599 1
