-0.248706 110
-0.246165 103
-0.243616 101
-0.241247 114
-0.238668 118
-0.236276 90
-0.233717 115
-0.231299 102
-0.228755 88
-0.226234 102
-0.223845 103
-0.221254 112
-0.218817 109
-0.216274 107
-0.213675 110
-0.211203 107
-0.208768 101
-0.206264 93
-0.203827 107
-0.201127 109
-0.198716 102
-0.196275 106
-0.193653 105
-0.191219 115
-0.188634 118
-0.186221 95
-0.183679 104
-0.181237 118
-0.17867 108
-0.176202 100
-0.173792 103
-0.171174 112
-0.168677 109
-0.166117 93
-0.163751 123
-0.161275 111
-0.158706 103
-0.156295 101
-0.153749 97
-0.151199 100
-0.148594 112
-0.146172 98
-0.143702 108
-0.141257 94
-0.138763 116
-0.136246 99
-0.133809 108
-0.131261 100
-0.128729 83
-0.126168 108
-0.123764 105
-0.121257 99
-0.118795 89
-0.116226 87
-0.113643 96
-0.111158 103
-0.108926 98
-0.106182 113
-0.103724 87
-0.10129 106
-0.098783 112
-0.0962582 108
-0.0938097 107
-0.0912002 120
-0.0886869 124
-0.0862962 96
-0.0838465 119
-0.0813433 100
-0.0787332 115
-0.0762894 94
-0.0735926 118
-0.0712718 116
-0.0688321 125
-0.066291 128
-0.063716 107
-0.0612782 92
-0.0586788 112
-0.0562546 101
-0.0537452 100
-0.051295 104
-0.0488148 92
-0.0462074 89
-0.0436287 97
-0.0413347 111
-0.038744 98
-0.0362584 113
-0.0339026 121
-0.0312304 109
-0.0287198 121
-0.0261269 131
-0.0236632 114
-0.0211695 105
-0.0187998 88
-0.0164089 97
-0.0138009 96
-0.0112807 103
-0.00872026 97
-0.00624918 107
-0.0037308 122
-0.00122908 113
0.00142023 106
0.00384994 99
0.00621973 97
0.00869994 97
0.0112889 113
0.0137079 95
0.0163699 110
0.0189008 99
0.0213269 97
0.023805 117
0.0262164 98
0.0287522 99
0.0313284 108
0.0338386 107
0.036223 105
0.0386406 111
0.04147 100
0.0435941 104
0.0462578 104
0.0487445 101
0.0512971 88
0.0537785 107
0.0561773 110
0.0588024 92
0.0611736 94
0.0637093 93
0.0662782 112
0.0687261 86
0.07113 103
0.0736868 121
0.0762347 114
0.0787129 113
0.0811855 106
0.0837752 97
0.0862498 108
0.0887204 95
0.0911103 102
0.093695 107
0.0961041 95
0.0986987 110
0.101349 106
0.103718 116
0.106129 99
0.108867 106
0.111275 101
0.113731 105
0.116236 91
0.118732 100
0.121192 112
0.123706 108
0.126225 104
0.128722 103
0.131284 105
0.133666 108
0.136156 100
0.138737 113
0.141294 109
0.143836 91
0.146182 90
0.14863 108
0.151231 103
0.153663 116
0.156164 112
0.158646 87
0.161244 90
0.163847 122
0.166141 104
0.168756 111
0.17117 108
0.173754 96
0.176267 86
0.178671 107
0.181247 110
0.183799 102
0.186257 103
0.188807 102
0.191118 102
0.19384 102
0.196245 100
0.198722 100
0.201228 97
0.203706 100
0.206196 94
0.208706 88
0.211181 89
0.213668 108
0.21627 109
0.218795 93
0.221278 89
0.223618 104
0.226163 113
0.228747 94
0.231225 97
0.233683 115
0.236197 115
0.238814 98
0.241092 82
0.243765 97
0.246256 103
0.2487 118
0.249993 1
