-0.2487 79
-0.246289 92
-0.243743 85
-0.241185 78
-0.238776 97
-0.236287 90
-0.233705 93
-0.231176 77
-0.228693 85
-0.226126 69
-0.223652 74
-0.221242 85
-0.21858 85
-0.2164 96
-0.213791 90
-0.211312 80
-0.208791 98
-0.206292 85
-0.203922 88
-0.201165 90
-0.198671 71
-0.19613 74
-0.193915 85
-0.191165 83
-0.188815 78
-0.18634 83
-0.183691 105
-0.181198 84
-0.17866 80
-0.176134 78
-0.17372 93
-0.171186 84
-0.168813 86
-0.166297 72
-0.163767 85
-0.161154 77
-0.158956 93
-0.156102 85
-0.153876 86
-0.151211 95
-0.148691 84
-0.146378 81
-0.143825 82
-0.141161 82
-0.138789 82
-0.136184 76
-0.133823 76
-0.131326 92
-0.128799 91
-0.126266 80
-0.123705 79
-0.121342 67
-0.118637 95
-0.116395 85
-0.113788 92
-0.111365 92
-0.10875 70
-0.106219 80
-0.103718 87
-0.1013 81
-0.0987259 89
-0.0963158 75
-0.0938429 90
-0.0912793 86
-0.0887166 73
-0.0861977 82
-0.0835487 81
-0.0813957 81
-0.0787706 71
-0.0761652 75
-0.0736966 88
-0.0712745 87
-0.0688308 84
-0.06643 86
-0.063681 81
-0.0613434 76
-0.0587102 83
-0.0562206 90
-0.0537268 93
-0.0512343 77
-0.0487534 83
-0.0462764 77
-0.0437849 80
-0.0413059 79
-0.0387116 82
-0.0362378 85
-0.0337467 67
-0.0313177 86
-0.0287069 81
-0.0263211 84
-0.0238807 81
-0.0212951 77
-0.0187918 97
-0.0162238 77
-0.013928 91
-0.0112055 98
-0.00877755 96
-0.0062696 76
-0.00369864 85
-0.00133743 75
0.00123174 78
0.00372983 73
0.00623741 93
0.00886584 90
0.0110759 71
0.0137537 95
0.016122 85
0.0186885 91
0.0210948 88
0.0237652 83
0.0262917 76
0.0287452 86
0.0312147 89
0.0337641 80
0.0361244 80
0.0387098 83
0.0411455 66
0.0437275 95
0.0461263 87
0.0486537 74
0.0510792 92
0.0537427 77
0.0563349 78
0.0588435 85
0.0612079 95
0.0636954 81
0.0663064 91
0.06864 74
0.0710906 69
0.0736405 69
0.0762425 82
0.0786652 78
0.081163 93
0.0837634 80
0.0861376 98
0.0886891 83
0.0912214 90
0.0937364 81
0.0962081 90
0.0986638 88
0.101231 77
0.103695 85
0.106188 81
0.108594 86
0.111253 82
0.113769 87
0.116211 94
0.118678 85
0.121109 91
0.123716 78
0.126029 88
0.128757 90
0.131115 67
0.1337 84
0.136191 86
0.138624 71
0.141211 107
0.143647 87
0.145979 78
0.148669 87
0.151254 85
0.153718 75
0.156172 94
0.158796 82
0.161156 71
0.163549 85
0.166306 83
0.1686 81
0.171132 84
0.173762 77
0.176214 67
0.178745 76
0.181181 90
0.183643 77
0.186165 80
0.188602 96
0.191065 75
0.193721 72
0.196087 74
0.198727 90
0.201048 90
0.203749 92
0.206112 82
0.208544 88
0.211235 82
0.213731 78
0.216096 73
0.218689 77
0.221188 84
0.223563 83
0.226177 80
0.228697 78
0.23122 77
0.233678 83
0.236169 80
0.238677 81
0.241204 71
0.24364 75
0.246151 94
0.248662 97
0.249914 1
