-0.248765 99
-0.246253 111
-0.243703 95
-0.241098 115
-0.238744 89
-0.236151 108
-0.233728 98
-0.231222 114
-0.228794 106
-0.226135 96
-0.223712 90
-0.221145 102
-0.218826 109
-0.216256 88
-0.2137 105
-0.211186 108
-0.208516 120
-0.206166 95
-0.203687 112
-0.201264 113
-0.198691 93
-0.196159 89
-0.193682 111
-0.191225 105
-0.188748 114
-0.186225 102
-0.183679 98
-0.181249 111
-0.178622 85
-0.176206 107
-0.173676 109
-0.171235 116
-0.168694 96
-0.166147 111
-0.163703 107
-0.161187 131
-0.158766 94
-0.156146 101
-0.15371 116
-0.151194 131
-0.148748 114
-0.146241 100
-0.143749 97
-0.14114 122
-0.138568 110
-0.136204 113
-0.133744 113
-0.131189 122
-0.12871 105
-0.126301 96
-0.123741 96
-0.121261 121
-0.118685 112
-0.116186 119
-0.113772 109
-0.111143 102
-0.108814 104
-0.106189 105
-0.103784 109
-0.101275 108
-0.0988087 104
-0.0962103 100
-0.0938051 93
-0.0911713 97
-0.0887033 117
-0.0862713 110
-0.0837002 94
-0.0812115 90
-0.078699 123
-0.0761093 103
-0.073712 104
-0.0711266 109
-0.0686914 95
-0.0661079 103
-0.0636532 93
-0.061144 102
-0.0587412 127
-0.0562062 87
-0.0536538 93
-0.0512346 117
-0.0486978 119
-0.0462287 81
-0.043813 94
-0.0411019 90
-0.0387236 97
-0.0362191 112
-0.0337012 112
-0.0311271 128
-0.0287311 109
-0.0263432 121
-0.0238528 119
-0.0212614 117
-0.0187793 117
-0.0163225 99
-0.0138111 105
-0.0111434 106
-0.00878282 110
-0.00618385 102
-0.00375085 107
-0.00127661 101
0.00125018 106
0.00369238 103
0.00623621 111
0.00877303 97
0.0112751 123
0.0136708 88
0.0163148 103
0.0187044 112
0.0212694 97
0.023827 109
0.0263461 99
0.0288305 109
0.0312997 91
0.0337303 111
0.0363881 91
0.0387935 105
0.0412204 89
0.0436992 119
0.0463746 103
0.0487656 104
0.0512472 101
0.0537774 108
0.0562299 109
0.0587316 99
0.0612574 118
0.0638312 108
0.0661367 87
0.0688515 105
0.071283 101
0.0736312 112
0.0761606 88
0.0787322 115
0.0813127 113
0.0838005 112
0.0863165 105
0.088783 90
0.0912578 96
0.0938457 104
0.0963317 104
0.0988378 103
0.101307 112
0.103709 99
0.106249 119
0.108722 99
0.11131 99
0.113738 113
0.11621 108
0.118734 86
0.121261 115
0.123711 124
0.126115 88
0.128804 100
0.131272 97
0.133739 93
0.136281 112
0.138741 98
0.141317 98
0.143645 100
0.146155 120
0.148792 103
0.151226 103
0.15364 109
0.156262 102
0.158701 88
0.161283 101
0.163682 94
0.166268 102
0.16869 109
0.171254 112
0.173674 106
0.176341 86
0.178751 129
0.181229 112
0.183637 115
0.186211 89
0.188655 97
0.191215 121
0.193816 92
0.196224 89
0.198592 98
0.20134 90
0.203715 113
0.206177 134
0.208626 115
0.2112 106
0.213787 100
0.216315 106
0.218553 98
0.221342 108
0.223868 90
0.226357 96
0.228838 99
0.231304 109
0.233579 99
0.236245 123
0.238804 105
0.241255 115
0.243797 109
0.246271 112
0.248841 95
0.249999 1
