-0.248991 17
-0.246207 4
-0.243586 13
-0.240951 12
-0.238556 12
-0.235836 9
-0.233637 12
-0.23107 10
-0.228442 14
-0.226451 10
-0.223782 9
-0.221128 10
-0.218739 11
-0.215822 16
-0.213629 10
-0.21095 13
-0.20891 10
-0.206117 22
-0.20396 12
-0.201102 14
-0.198605 16
-0.196088 12
-0.193943 13
-0.191223 14
-0.188499 15
-0.186276 11
-0.183454 17
-0.180788 13
-0.178446 12
-0.175631 8
-0.173174 14
-0.170686 14
-0.168339 12
-0.166221 12
-0.163451 13
-0.161147 6
-0.159201 7
-0.155911 8
-0.153566 13
-0.151275 15
-0.148571 21
-0.146132 12
-0.143662 15
-0.141129 17
-0.13852 16
-0.136089 9
-0.133388 10
-0.130697 12
-0.128402 15
-0.126331 14
-0.123785 17
-0.120861 14
-0.118798 22
-0.116089 8
-0.113404 19
-0.111307 15
-0.108687 21
-0.106058 14
-0.103567 13
-0.101135 15
-0.0986045 16
-0.0960868 16
-0.0931753 9
-0.0911798 11
-0.0886033 15
-0.0863138 12
-0.0838308 17
-0.0812344 18
-0.0788316 10
-0.0761735 14
-0.073306 15
-0.0709642 6
-0.0687064 13
-0.0663007 14
-0.0631865 9
-0.0610608 17
-0.0586822 5
-0.0563305 17
-0.0536014 17
-0.0511222 19
-0.0485914 13
-0.0463644 18
-0.0436561 15
-0.0409663 11
-0.0387328 10
-0.0362512 15
-0.0338954 13
-0.0310539 12
-0.0286349 12
-0.0262067 15
-0.0233907 17
-0.0212379 15
-0.0187676 11
-0.0161455 14
-0.0135187 15
-0.0111641 19
-0.00859703 17
-0.00617169 18
-0.00379848 9
-0.00134706 14
0.00131778 13
0.00372636 21
0.00632302 14
0.00858516 16
0.0115592 8
0.013962 15
0.0161091 10
0.0187285 19
0.021356 22
0.0239324 15
0.0264787 11
0.0287158 19
0.0311527 15
0.0339373 20
0.0362134 18
0.0389948 9
0.0413003 16
0.0439221 10
0.046476 14
0.0487668 13
0.0516478 7
0.0538227 10
0.0557417 16
0.0589409 9
0.0610753 15
0.0635817 9
0.0665946 12
0.0686926 13
0.0713514 13
0.0733286 9
0.0762629 14
0.0790186 12
0.0813436 13
0.0836794 9
0.0864222 9
0.0886765 8
0.0909979 8
0.0935628 11
0.0961736 10
0.0985501 13
0.101374 12
0.10356 20
0.106373 12
0.108955 13
0.111213 16
0.114211 16
0.116183 8
0.118678 10
0.121249 11
0.123917 14
0.12641 14
0.128863 13
0.13094 18
0.133507 9
0.136137 12
0.138214 4
0.141076 7
0.14363 14
0.146329 14
0.148613 18
0.151412 16
0.153564 10
0.156216 19
0.158924 8
0.161167 14
0.163643 13
0.165973 15
0.168808 11
0.171125 9
0.173394 13
0.17608 6
0.178593 13
0.181145 17
0.183557 13
0.185916 13
0.188787 14
0.190963 10
0.194114 7
0.196322 15
0.198332 9
0.201068 9
0.203584 22
0.206225 11
0.208667 18
0.211329 17
0.213387 11
0.216328 17
0.218718 7
0.221331 9
0.223564 19
0.226341 13
0.228638 11
0.2315 12
0.234216 11
0.236075 12
0.238819 11
0.241168 17
0.243667 19
0.246267 12
0.248759 10
0.249963 1
