-0.248719 83
-0.246263 78
-0.243758 91
-0.241257 72
-0.238702 74
-0.236362 87
-0.233739 93
-0.231329 82
-0.228766 72
-0.226244 86
-0.223699 89
-0.221197 86
-0.21869 101
-0.216304 84
-0.213815 66
-0.211344 79
-0.20878 70
-0.206228 91
-0.203657 80
-0.201346 86
-0.198875 84
-0.196157 79
-0.193917 79
-0.1912 83
-0.188754 93
-0.186255 80
-0.183768 93
-0.181264 86
-0.178664 80
-0.176244 73
-0.173803 76
-0.171297 88
-0.168702 96
-0.166202 81
-0.163736 79
-0.16124 87
-0.158708 83
-0.156204 104
-0.153813 85
-0.151231 62
-0.148648 77
-0.146389 75
-0.14374 87
-0.141336 89
-0.138772 90
-0.136172 74
-0.133451 88
-0.131338 91
-0.128918 64
-0.126275 80
-0.123937 81
-0.121293 83
-0.118696 84
-0.116276 90
-0.113709 79
-0.111312 87
-0.108763 72
-0.106323 80
-0.103654 90
-0.101297 87
-0.0987478 86
-0.0964271 90
-0.0938412 71
-0.0912919 92
-0.0887224 86
-0.0862703 93
-0.0838486 87
-0.0812539 82
-0.0788961 84
-0.0762819 82
-0.0738435 73
-0.0712657 71
-0.0687688 89
-0.0662894 89
-0.0638133 89
-0.0614243 71
-0.0587834 82
-0.0562354 89
-0.0538317 65
-0.0512298 78
-0.0487605 75
-0.0463425 73
-0.043902 78
-0.0411656 86
-0.0388601 80
-0.0363335 80
-0.0339878 79
-0.0313383 82
-0.0288129 78
-0.0263302 80
-0.0238392 75
-0.0212879 88
-0.0188084 68
-0.0162387 87
-0.0139291 86
-0.0112557 90
-0.00888756 83
-0.00647228 82
-0.00375592 90
-0.00141126 90
0.00128875 71
0.00375731 92
0.00625131 82
0.00865967 77
0.011168 74
0.0135866 83
0.0161431 75
0.0186724 89
0.0212445 96
0.0237662 89
0.0262264 89
0.0287578 82
0.0312701 67
0.0336978 78
0.0362698 77
0.0385804 80
0.0413822 74
0.0436747 88
0.0460764 76
0.0487477 91
0.0512379 86
0.0536612 80
0.0562158 106
0.058804 81
0.0612451 78
0.0636562 69
0.0662704 81
0.0687056 99
0.0712604 90
0.0737601 92
0.0761916 91
0.0786296 84
0.0812426 73
0.0836489 84
0.0860991 71
0.0886915 100
0.091204 84
0.0937134 84
0.096223 104
0.0986538 88
0.101318 69
0.103564 75
0.106274 76
0.108706 92
0.111152 89
0.113789 90
0.116127 87
0.118646 78
0.121087 93
0.123611 82
0.126235 71
0.128789 74
0.131226 87
0.133711 82
0.136334 98
0.138667 78
0.141195 85
0.143625 77
0.146281 76
0.148786 73
0.151182 84
0.153627 64
0.156257 98
0.15876 65
0.161125 89
0.163736 83
0.166172 64
0.168622 84
0.171219 81
0.173682 84
0.176246 80
0.178531 75
0.181157 72
0.183664 82
0.186205 75
0.188739 90
0.19118 80
0.193679 76
0.196122 83
0.198759 79
0.201254 74
0.20381 67
0.206261 77
0.208604 74
0.211229 90
0.213707 72
0.216119 81
0.218787 86
0.221136 91
0.223783 79
0.226084 90
0.228651 87
0.231255 65
0.233653 73
0.236174 85
0.238677 87
0.241159 76
0.243688 96
0.246268 88
0.24849 86
0.249933 1
