-0.248844 14
-0.245993 9
-0.243927 11
-0.241309 12
-0.238581 15
-0.235736 16
-0.233662 15
-0.231222 11
-0.228926 17
-0.2262 13
-0.223659 15
-0.221209 17
-0.218932 7
-0.21624 10
-0.214046 9
-0.211264 12
-0.208592 8
-0.205772 13
-0.203755 14
-0.201209 12
-0.198562 16
-0.195814 11
-0.193551 15
-0.191437 11
-0.188681 10
-0.186258 14
-0.183628 9
-0.181202 13
-0.178752 8
-0.175791 8
-0.17394 13
-0.170959 13
-0.168791 14
-0.166063 12
-0.163604 8
-0.161095 8
-0.158864 12
-0.156136 9
-0.153195 12
-0.151099 10
-0.148566 13
-0.146088 14
-0.143509 14
-0.141275 12
-0.139024 11
-0.136189 22
-0.133706 15
-0.131164 8
-0.12884 14
-0.1261 11
-0.123797 13
-0.121056 12
-0.119029 11
-0.11628 15
-0.113766 12
-0.111222 10
-0.109031 14
-0.106401 23
-0.103377 14
-0.101267 15
-0.0986662 17
-0.0962733 16
-0.093849 14
-0.0912487 10
-0.0888476 11
-0.0860436 10
-0.0834509 15
-0.0815112 8
-0.0790728 13
-0.076471 11
-0.0739101 9
-0.0714649 12
-0.0687916 16
-0.0659489 15
-0.0636425 20
-0.061305 10
-0.0587185 12
-0.0561935 11
-0.0535719 11
-0.0512245 13
-0.0487473 14
-0.0463195 15
-0.0439837 12
-0.0407718 11
-0.0388949 13
-0.03611 18
-0.0334855 16
-0.030896 9
-0.0286809 11
-0.0259395 11
-0.0237794 13
-0.0216917 14
-0.0184758 13
-0.0164712 9
-0.013782 14
-0.0109229 16
-0.00867534 10
-0.00594845 13
-0.00402203 12
-0.00153233 13
0.00124136 15
0.00375447 22
0.00615815 18
0.00840269 8
0.0110778 12
0.0136819 14
0.0161039 10
0.0182172 4
0.0212709 15
0.0237743 13
0.0262131 12
0.0289757 10
0.031449 8
0.0333055 15
0.0361208 9
0.038679 13
0.0412188 13
0.0436313 17
0.0461332 11
0.0485152 17
0.051088 14
0.0535692 7
0.0562342 12
0.0586693 9
0.0612117 9
0.0637276 15
0.0660576 16
0.0686471 15
0.0708308 8
0.0737694 12
0.0762437 14
0.0784398 16
0.0814618 13
0.0835271 20
0.085995 4
0.0887696 18
0.0910637 19
0.0936596 18
0.0962624 16
0.0987264 9
0.100995 15
0.103551 15
0.105803 15
0.108638 15
0.111003 18
0.113635 11
0.116051 16
0.118555 9
0.121151 13
0.123412 11
0.126145 18
0.128609 20
0.131289 13
0.133793 13
0.136303 18
0.138715 15
0.140818 23
0.143405 13
0.146474 9
0.148498 10
0.151126 17
0.153617 12
0.15631 15
0.158916 7
0.161037 7
0.163453 10
0.165824 20
0.168431 18
0.171449 14
0.17341 11
0.175953 19
0.178506 15
0.180879 10
0.183661 16
0.186241 7
0.188432 15
0.191186 20
0.193456 21
0.195701 9
0.19869 15
0.201289 6
0.203686 20
0.205574 12
0.208406 10
0.211119 15
0.213541 17
0.215843 10
0.218497 9
0.220906 8
0.223482 12
0.225957 12
0.228527 7
0.231078 12
0.23358 12
0.236244 10
0.238539 17
0.24071 13
0.2434 16
0.246069 14
0.248593 20
0 0
