-0.686904 1
0 0
0 0
0 0
0 0
-0.65375 1
0 0
0 0
0 0
0 0
0 0
0 0
0 0
0 0
0 0
-0.592492 1
0 0
-0.583242 1
-0.577896 1
0 0
-0.566219 1
0 0
0 0
0 0
0 0
-0.532983 2
0 0
0 0
0 0
0 0
-0.502528 1
0 0
-0.492716 1
0 0
-0.481311 2
0 0
-0.467952 2
-0.460873 2
-0.453892 2
-0.449108 2
-0.443146 2
0 0
-0.431451 1
-0.423165 2
-0.419783 1
-0.414616 2
-0.406137 3
-0.399365 3
-0.395086 3
-0.390508 2
-0.384855 3
-0.377308 5
-0.370273 5
-0.365494 5
-0.358829 6
-0.354116 4
-0.347494 8
-0.340059 5
-0.334269 5
-0.328624 8
-0.322696 7
-0.315672 4
-0.310122 11
-0.303348 7
-0.298014 10
-0.292789 9
-0.286621 12
-0.280454 11
-0.274126 14
-0.268891 13
-0.261061 8
-0.256636 11
-0.249949 18
-0.244656 8
-0.238122 18
-0.232536 15
-0.226602 15
-0.220566 17
-0.213786 24
-0.208103 29
-0.201531 18
-0.195631 30
-0.190141 31
-0.184043 21
-0.178238 27
-0.172193 34
-0.16539 24
-0.160201 24
-0.154006 33
-0.14739 35
-0.142558 20
-0.135903 42
-0.129421 29
-0.124022 51
-0.117749 43
-0.1116 35
-0.106008 56
-0.0997142 47
-0.0930946 53
-0.0874643 104
-0.0819489 88
-0.0755379 98
-0.0693602 101
-0.0634305 85
-0.0573707 90
-0.0514403 127
-0.0458381 119
-0.0396891 109
-0.0332925 145
-0.0274046 138
-0.0213622 135
-0.015367 171
-0.00911349 170
-0.00308549 246
0.00168855 430
0.00846948 229
0.014998 210
0.0206751 217
0.0268204 203
0.0328372 191
0.0387439 201
0.0447533 184
0.0505698 163
0.0566348 155
0.062956 161
0.0686793 161
0.0750275 157
0.0811198 139
0.0869706 119
0.0925597 86
0.0983617 45
0.104952 43
0.110829 22
0.116516 15
0.123092 13
0.129543 4
0.135119 5
0.141526 4
0.146711 4
0.152464 3
0.159637 3
0.166759 3
0.171633 1
0.177414 1
0 0
0 0
0 0
0 0
0.20937 1
0.210941 1
0 0
0.223606 3
0.232549 1
0 0
0 0
0.248531 4
0.255651 2
0.262025 2
0 0
0.271041 1
0 0
0 0
0 0
0.297736 2
0.304224 3
0.309844 2
0.314671 1
0 0
0.326418 2
0 0
0.338939 1
0.347237 1
0.352482 1
0 0
0.364352 1
0 0
0.377118 1
0 0
0 0
0.392257 1
0 0
0.403488 1
0 0
0.419111 1
0.425745 2
0 0
0 0
0 0
0 0
0 0
0 0
0 0
0.474853 1
0 0
0.481902 1
0 0
0.495375 1
0 0
0 0
0 0
0.517582 1
