-0.283486 1
0 0
0 0
0 0
-0.266008 1
0 0
0 0
0 0
0 0
0 0
-0.242516 1
-0.241656 1
-0.237709 1
-0.232828 2
0 0
-0.224469 3
-0.220032 1
-0.216122 3
-0.211754 1
0 0
-0.205445 3
-0.202655 2
-0.198018 2
-0.192877 3
-0.189775 4
-0.186294 9
-0.183736 3
-0.178494 6
-0.174444 3
-0.171347 3
-0.166927 6
-0.163597 10
-0.160011 6
-0.155553 11
-0.153063 5
-0.149555 4
-0.144256 5
-0.141124 13
-0.136991 9
-0.133037 10
-0.129019 9
-0.126475 11
-0.121431 9
-0.117602 12
-0.114465 13
-0.110853 8
-0.106761 20
-0.103005 14
-0.0990676 24
-0.0954258 32
-0.0911129 34
-0.0875651 40
-0.0839968 40
-0.0802919 24
-0.0761702 35
-0.0724988 31
-0.068622 36
-0.0644236 27
-0.0606762 27
-0.0576043 25
-0.0535698 31
-0.0495972 33
-0.0458794 28
-0.0420748 30
-0.0385398 24
-0.0345392 43
-0.031158 40
-0.026946 38
-0.0229438 35
-0.0193207 39
-0.0153085 39
-0.0114743 37
-0.00779955 37
-0.00404742 42
-0.000340546 49
0.00361245 28
0.00762185 37
0.0114786 22
0.0151166 39
0.0188436 28
0.0222915 27
0.0260966 31
0.030023 36
0.0341137 27
0.0380339 37
0.0415788 34
0.0452938 26
0.0495562 28
0.0531884 30
0.0565826 15
0.060365 30
0.0645711 27
0.0685247 23
0.0720009 32
0.076117 26
0.0795865 19
0.0835643 17
0.0866843 17
0.0907794 20
0.094694 13
0.0990286 14
0.102473 15
0.105636 13
0.110069 16
0.114238 15
0.118073 15
0.121081 11
0.125343 10
0.128909 14
0.132617 6
0.136648 7
0.1399 6
0.144011 6
0.148225 11
0.152734 6
0.155537 10
0.159298 12
0.163347 9
0.166952 5
0.170421 3
0.174664 6
0.178963 9
0.182262 5
0.186213 6
0.188992 6
0.19418 3
0.198787 3
0.200726 1
0.203767 4
0.209265 3
0.211328 2
0.217169 2
0.219442 2
0.22285 3
0 0
0.231289 2
0 0
0.238603 3
0.243113 4
0 0
0.252342 2
0.255779 1
0 0
0 0
0 0
0.269287 1
0 0
0.278519 2
0.280283 3
0.285353 1
0.288037 2
0.293759 1
0.295627 1
0 0
0.304519 1
0 0
0.312683 1
0.315564 1
0.319626 2
0 0
0 0
0.330468 3
0.334821 1
0.337855 1
0.341125 1
0 0
0 0
0 0
0 0
0 0
0 0
0 0
0 0
0 0
0 0
0 0
0.387084 1
0 0
0 0
0 0
0 0
0 0
0 0
0 0
0 0
0 0
0 0
0 0
0 0
0 0
0 0
0 0
0 0
0 0
0 0
0 0
0 0
0 0
0 0
0 0
0.476999 1
