-0.264752 1
-0.259699 1
0 0
0 0
0 0
-0.246892 1
0 0
-0.242593 1
0 0
-0.234731 1
-0.233291 1
-0.230422 1
-0.225969 2
-0.225239 1
0 0
0 0
-0.215752 1
-0.21081 1
0 0
0 0
-0.201474 1
0 0
0 0
-0.193884 2
0 0
-0.187836 2
-0.186009 1
-0.1819 3
-0.178378 1
-0.175024 2
-0.172363 2
0 0
-0.167558 1
0 0
-0.160711 1
-0.158117 1
0 0
0 0
-0.147279 1
-0.145197 1
0 0
-0.139778 1
-0.136601 1
-0.132715 2
-0.130229 3
-0.127192 2
-0.12389 4
-0.121933 2
-0.118379 6
-0.115588 4
-0.113574 3
-0.109417 4
-0.106158 3
-0.10266 2
-0.100543 3
-0.097073 1
-0.0943017 3
-0.0919432 2
-0.0881554 2
-0.0851948 4
-0.0818262 4
-0.0788001 3
-0.0759631 5
-0.0731201 7
-0.069631 5
-0.0663912 3
-0.0640364 4
-0.0609334 5
-0.058528 4
-0.0548068 6
-0.0516495 2
-0.0489893 4
-0.046493 4
-0.0423682 2
-0.0404378 2
-0.0372308 6
-0.03359 7
-0.0310565 7
-0.0274038 9
-0.0249116 3
-0.0217663 7
-0.0182684 10
-0.0156134 4
-0.0130601 7
-0.00981269 8
-0.00653996 11
-0.00372704 16
-0.000198917 40
0.00256273 33
0.00534257 12
0.00825319 12
0.0113127 6
0.0147532 8
0.0175607 7
0.0207396 6
0.0233707 7
0.0256193 7
0.0292196 4
0.0325888 7
0.0356916 5
0.0378423 5
0.0418196 9
0.0448781 8
0.0482935 2
0.0507788 5
0.0539307 6
0.0566604 7
0.0593978 5
0.0631455 6
0.066472 4
0.0686576 7
0.0723331 4
0.0746867 6
0.0786407 6
0.0809233 4
0.0839901 4
0.0870524 4
0.0902025 4
0.0926953 1
0.0964547 1
0.0989508 3
0.101696 3
0.106109 3
0.108127 7
0.110974 5
0.113347 1
0 0
0.120142 3
0.121887 2
0.126128 2
0.128862 6
0.132105 1
0.136781 1
0 0
0.14166 2
0.143464 1
0.145975 1
0 0
0.152143 1
0 0
0.160379 4
0.161368 1
0.164949 1
0.168022 2
0.172051 3
0.173582 1
0.177363 2
0.179887 3
0 0
0 0
0.188359 1
0.192331 2
0.195446 2
0 0
0 0
0.204797 2
0.207407 2
0 0
0.213257 1
0 0
0.219152 2
0.222427 1
0 0
0 0
0 0
0 0
0.23731 2
0.242381 1
0 0
0.24828 1
0 0
0.25262 1
0.256132 1
0.259822 1
0 0
0.264958 1
0 0
0 0
0 0
0 0
0 0
0.284707 1
0 0
0 0
0 0
0 0
0.298906 1
0 0
0 0
0 0
0 0
0.314131 2
0 0
0 0
0 0
0 0
0 0
0 0
0.334387 1
0.339058 1
0 0
