-0.81424 1
0 0
0 0
0 0
0 0
0 0
0 0
0 0
0 0
0 0
0 0
0 0
-0.705397 1
0 0
0 0
0 0
0 0
0 0
0 0
0 0
-0.639518 1
0 0
0 0
0 0
0 0
0 0
0 0
0 0
0 0
0 0
0 0
-0.54317 1
-0.53449 1
0 0
0 0
0 0
-0.495444 1
0 0
-0.477998 1
0 0
0 0
0 0
-0.447426 1
0 0
-0.426445 1
0 0
0 0
0 0
-0.393949 1
0 0
0 0
-0.368736 1
-0.359329 1
0 0
-0.344515 2
0 0
-0.322243 1
0 0
0 0
0 0
-0.29036 1
0 0
0 0
0 0
-0.258274 1
0 0
-0.235821 1
0 0
0 0
0 0
0 0
0 0
0 0
0 0
-0.168629 1
0 0
0 0
0 0
-0.131904 1
0 0
0 0
-0.108962 1
-0.103658 1
-0.0884076 1
0 0
-0.0752556 2
-0.063701 2
0 0
-0.0454753 1
-0.0402111 4
0 0
-0.0200583 1
0 0
-0.00895356 2
0.00464185 1
0.0115842 2
0.0220817 1
0.0303379 2
0.0354625 1
0.044876 1
0.0520309 1
0.064039 1
0 0
0.0786183 2
0.090766 2
0.0971338 2
0 0
0 0
0.125735 1
0 0
0 0
0.15456 1
0.159547 2
0 0
0 0
0.187715 1
0 0
0 0
0.211744 1
0.220805 1
0 0
0 0
0.249731 1
0 0
0 0
0 0
0 0
0 0
0.295594 1
0 0
0 0
0.322645 1
0 0
0 0
0 0
0.35858 1
0 0
0 0
0 0
0 0
0 0
0 0
0.420506 1
0 0
0 0
0 0
0 0
0 0
0.470311 1
0 0
0 0
0 0
0 0
0 0
0 0
0 0
0 0
0 0
0 0
0 0
0 0
0 0
0 0
0 0
0 0
0 0
0 0
0 0
0.644057 1
0 0
0 0
0 0
0 0
0 0
0 0
0 0
0 0
0 0
0 0
0 0
0 0
0 0
0 0
0 0
0 0
0 0
0 0
0 0
0 0
0 0
0 0
0 0
0 0
0 0
0 0
0 0
0 0
0 0
0 0
0 0
0.916793 1
