-0.642029 1
0 0
0 0
0 0
0 0
0 0
-0.600511 1
0 0
-0.589004 2
0 0
0 0
-0.569133 1
-0.564188 1
0 0
-0.552068 2
-0.546549 1
-0.539004 4
-0.53172 1
0 0
0 0
-0.516757 1
0 0
-0.50091 1
-0.496449 1
-0.487456 2
-0.482826 2
-0.478736 1
-0.469492 3
-0.464644 4
-0.460753 2
-0.45254 2
-0.446579 2
-0.438602 2
-0.435431 1
-0.427749 7
-0.41959 6
-0.414105 4
-0.408025 3
-0.40359 3
-0.396414 3
-0.388596 3
-0.384638 3
-0.378612 2
-0.371177 12
-0.364023 8
-0.359149 3
-0.352909 4
-0.346501 9
-0.340839 10
-0.334499 6
-0.3269 8
-0.321224 8
-0.313165 7
-0.309166 7
-0.302847 9
-0.297267 12
-0.290143 13
-0.283791 15
-0.277741 14
-0.272236 7
-0.265748 9
-0.259643 10
-0.253091 15
-0.245946 20
-0.239876 13
-0.234119 12
-0.227267 13
-0.221499 20
-0.215239 21
-0.208489 26
-0.203672 20
-0.196686 23
-0.190542 27
-0.184631 13
-0.17716 19
-0.172224 26
-0.165587 24
-0.159187 25
-0.15266 34
-0.146726 32
-0.139372 24
-0.13484 33
-0.127625 34
-0.122317 44
-0.115598 53
-0.108743 47
-0.102941 52
-0.0967201 92
-0.0902414 95
-0.0844501 98
-0.0781075 91
-0.0717522 121
-0.0656987 107
-0.0592928 112
-0.053431 140
-0.0470137 111
-0.0408179 163
-0.0347783 129
-0.0283674 132
-0.0221527 144
-0.0157313 166
-0.00946904 142
-0.00362618 154
0.00261242 195
0.00916314 191
0.015386 185
0.0214737 194
0.0275271 209
0.0337909 212
0.0403566 222
0.0461389 227
0.0525427 207
0.0589521 222
0.0650973 224
0.0711349 163
0.077365 165
0.0832315 139
0.0899811 148
0.096531 101
0.101855 52
0.108506 40
0.114646 35
0.121131 25
0.126599 13
0.132687 6
0.139154 4
0.145796 5
0.154536 2
0.157258 2
0.165077 3
0.170865 1
0 0
0 0
0 0
0.19503 4
0 0
0 0
0.21558 2
0.219903 1
0 0
0 0
0.237158 1
0.248816 1
0 0
0 0
0 0
0.269924 2
0.277578 2
0.282333 3
0.289898 1
0 0
0.303267 1
0 0
0 0
0.321351 2
0.328466 1
0 0
0.337219 1
0 0
0.351645 2
0 0
0.365659 2
0.372641 1
0 0
0 0
0 0
0 0
0 0
0.407122 1
0 0
0.421245 1
0.424944 1
0 0
0 0
0 0
0.453483 1
0.458734 1
0.464096 2
0 0
0 0
0 0
0 0
0 0
0 0
0.508709 2
0.513832 1
0 0
0 0
0.530098 1
0 0
0.545289 1
0 0
0 0
0 0
0.566911 1
0 0
0 0
0.588636 1
0 0
0 0
0.603963 1
