-0.761653 2
-0.752563 1
-0.740521 1
0 0
0 0
-0.718544 1
-0.706389 1
0 0
0 0
0 0
-0.67848 1
-0.666282 1
-0.656354 1
0 0
-0.638691 1
-0.636024 1
0 0
0 0
-0.604044 1
-0.593494 1
0 0
0 0
0 0
-0.564314 3
-0.552673 3
-0.547634 1
0 0
0 0
-0.519102 2
-0.507795 2
-0.506253 2
-0.4903 3
-0.484706 2
-0.478413 2
-0.468472 4
-0.45904 4
-0.450479 2
-0.442677 7
-0.430604 4
-0.426015 6
-0.417021 2
-0.409369 2
-0.397576 5
-0.389921 3
-0.380414 4
-0.374301 8
-0.364677 8
-0.356733 7
-0.347906 8
-0.338048 9
-0.329711 9
-0.322081 7
-0.311876 11
-0.303741 10
-0.295158 9
-0.288178 7
-0.278304 16
-0.269874 15
-0.260352 13
-0.251764 16
-0.243851 11
-0.235797 17
-0.225904 26
-0.217878 17
-0.208443 19
-0.20113 24
-0.191754 19
-0.18341 29
-0.174892 29
-0.166635 24
-0.158197 36
-0.149745 36
-0.140153 41
-0.1328 50
-0.123525 52
-0.114778 48
-0.106389 58
-0.0975989 67
-0.0891177 84
-0.0801144 86
-0.0714659 76
-0.0631503 106
-0.0544706 112
-0.0458871 107
-0.0370897 128
-0.0284312 155
-0.0198882 214
-0.0110576 363
-0.00254586 647
0.00543654 531
0.0141582 382
0.0230008 266
0.0314959 261
0.0405267 273
0.0489 247
0.0575551 236
0.0659774 195
0.0745812 167
0.0830346 156
0.0921721 132
0.100935 82
0.108666 70
0.117599 55
0.12616 50
0.134937 40
0.144178 24
0.151256 10
0.160413 8
0.168768 9
0.178597 5
0.185659 9
0.195135 3
0.203326 3
0.212478 2
0.217151 1
0.229086 3
0.237031 2
0.248321 1
0 0
0.26576 3
0.273722 3
0.278404 2
0.286586 1
0.298993 1
0.305792 2
0.315108 1
0 0
0 0
0 0
0.353408 2
0.35616 1
0.367228 4
0 0
0 0
0.396191 1
0.405105 1
0.412147 2
0.422078 1
0 0
0 0
0.444578 1
0.45264 2
0.45983 2
0 0
0 0
0.488818 1
0 0
0.502089 1
0 0
0 0
0.528889 1
0 0
0.547741 1
0 0
0 0
0.574552 3
0 0
0.591785 1
0 0
0 0
0 0
0 0
0 0
0.64573 1
0 0
0 0
0 0
0 0
0 0
0 0
0 0
0 0
0 0
0.726172 1
0 0
0 0
0 0
0 0
0 0
0 0
0.787725 1
0 0
0 0
0 0
0 0
0 0
0 0
0 0
0 0
0 0
0 0
0 0
0 0
0 0
0 0
0 0
0 0
0 0
0 0
0 0
0.957832 1
