-0.0992261 7
-0.0980879 2
-0.0974936 7
-0.096466 5
-0.0953152 5
-0.0946303 4
-0.093508 1
-0.0922605 2
-0.0914288 2
-0.0902354 3
-0.0893166 2
-0.088414 3
-0.0874825 4
-0.0866815 5
-0.0852834 1
-0.0847586 1
-0.0834234 3
-0.0824615 3
-0.0812092 2
-0.0802225 2
-0.079431 5
-0.0786512 2
-0.0773928 2
-0.0766799 4
-0.0752308 5
-0.0742886 4
-0.0734789 3
-0.0728504 1
0 0
-0.0703923 6
-0.0690572 2
-0.0682743 2
-0.0675283 2
-0.0663041 1
0 0
-0.064056 2
-0.0634538 5
-0.0626203 4
0 0
-0.060376 3
-0.0596277 5
-0.058671 2
-0.0574505 2
-0.0565087 3
-0.0555807 5
-0.0542998 2
-0.0539081 2
-0.0522025 1
-0.051361 1
-0.050214 3
-0.0496908 3
-0.0490273 1
-0.0473204 1
0 0
-0.0456159 3
-0.0444278 4
-0.0437379 6
-0.0423386 5
-0.0416207 1
-0.0406033 5
-0.0399058 1
-0.0385231 4
-0.0375255 4
-0.0362687 1
-0.0355514 9
-0.0346957 3
-0.0333841 4
-0.0328104 1
-0.0314307 5
0 0
-0.0297782 2
-0.0290663 3
-0.0274217 3
-0.0265548 3
-0.0257597 3
-0.0244426 2
-0.0235764 5
-0.0230607 3
-0.0217292 3
-0.0206814 3
-0.0196083 5
-0.0189013 4
-0.0177293 4
-0.0165741 1
0 0
-0.0144972 1
-0.0136892 6
-0.0124658 2
-0.0114567 1
-0.0107117 6
-0.00984487 2
-0.00899507 3
-0.00766753 4
-0.00671338 6
-0.00584148 5
-0.00462011 6
-0.00381309 2
0 0
-0.00170141 5
-0.00059186 1
0.000309087 3
0.00110016 5
0.00211263 2
0.00280741 1
0.00414928 1
0.00523825 5
0.00635721 3
0.00729439 4
0 0
0.00906536 3
0.00996527 1
0.0112568 5
0.0121285 6
0.0132619 1
0.014267 2
0 0
0.0162269 8
0.0170107 3
0.017937 4
0.0190928 1
0.0201136 3
0.0213773 7
0.0223153 1
0.0235762 1
0.0241759 1
0 0
0.0260477 2
0.0273031 4
0.0280271 3
0.0292001 6
0.0300906 2
0 0
0.0321659 4
0.0336867 1
0.0341984 8
0.0352753 5
0.036209 2
0.0373009 4
0.0384219 3
0.0392214 3
0.040241 2
0.0409358 3
0.0422185 2
0.0428585 4
0.0438578 1
0.0449773 2
0.0459738 2
0.0469389 3
0.0477568 2
0.0491724 2
0.0498615 2
0.051041 6
0.0518321 2
0.0528458 2
0.0539478 2
0.0547835 2
0.0558884 2
0.0571863 1
0.0582852 4
0.0594394 1
0.0598663 2
0.0610417 3
0.0623945 2
0.0634595 1
0.0642018 2
0.0651388 3
0.0664645 3
0.0668998 3
0.0679461 3
0.0687557 2
0.0702133 2
0.0712579 4
0.0720123 2
0.0726536 2
0.0740815 2
0.0751136 1
0.0760775 4
0.0774554 2
0.0779818 5
0.0790164 4
0.0801008 6
0.0808507 1
0.0820322 3
0.0834237 1
0.0840995 4
0 0
0.0860031 1
0.0866792 1
0.0885115 1
0.0888796 5
0.0901081 3
0.091165 3
0.0922795 2
0.0932719 3
0.0944403 2
0.0946305 1
0 0
0.0970493 1
0 0
0.0990549 7
0.0995011 1
