-0.099301 1
-0.097958 1
0 0
-0.0958089 3
-0.0946876 2
-0.0935145 1
0 0
0 0
-0.090455 1
-0.0899618 1
-0.0888387 1
-0.0875956 2
-0.0866178 3
-0.0858539 2
-0.0849514 1
0 0
-0.0825648 1
-0.082295 1
-0.0811736 1
-0.079959 1
-0.0792504 2
-0.0781587 2
-0.0766208 1
-0.0757279 3
-0.0748341 3
-0.0738709 1
-0.0730584 2
-0.0719817 1
-0.0709547 2
-0.069606 1
-0.0693552 1
-0.0681459 2
0 0
-0.0656929 1
-0.0648067 4
-0.0641361 2
-0.062745 2
-0.0621764 3
-0.0606078 1
-0.0599896 2
0 0
-0.0577894 3
-0.056979 3
-0.0559413 2
0 0
-0.0538105 1
-0.0531143 2
-0.0518135 3
0 0
-0.0502642 3
-0.0489296 3
-0.0478215 2
-0.0473408 1
-0.0462295 3
-0.0449991 5
-0.0443539 1
-0.0429996 3
-0.0422463 3
0 0
-0.040263 1
0 0
-0.0378512 1
-0.0368709 2
0 0
-0.035014 1
-0.0339424 2
-0.0332696 1
-0.0319745 1
-0.0307372 1
-0.0302645 3
-0.028893 1
-0.0279613 2
-0.0270341 3
-0.0261481 4
-0.0250615 1
0 0
-0.0228511 1
-0.021791 1
-0.021009 1
-0.0200542 1
-0.018919 1
0 0
-0.0175553 1
0 0
-0.014961 3
-0.0145115 1
-0.0134185 2
-0.0123512 3
-0.0111042 3
0 0
-0.0093544 1
-0.00831191 3
-0.00714142 2
-0.00624331 4
0 0
-0.00405543 1
0 0
-0.00223919 1
-0.00124888 1
0 0
0.00077116 2
0.00163368 3
0.00235343 2
0.00353964 2
0.00429605 1
0 0
0.00676559 3
0 0
0.0084532 1
0.00942622 1
0 0
0 0
0.0129172 5
0.014024 3
0.0147772 1
0 0
0.0166265 1
0.0176682 1
0.0182027 1
0.019781 3
0.0203623 3
0.0215812 1
0 0
0.0238865 1
0.0246104 1
0.0254176 2
0.0264176 2
0 0
0.0285001 3
0 0
0.0308069 1
0 0
0.0326639 2
0.0335364 2
0 0
0 0
0 0
0.0378546 2
0 0
0.0394211 1
0.0409139 2
0.0411929 1
0.0426973 1
0.0432198 1
0.0444013 1
0 0
0.0461903 2
0 0
0.0482183 2
0 0
0.0502466 2
0.0514826 3
0.0523164 1
0 0
0.0543566 4
0.0552695 1
0.0566441 3
0.057702 2
0.0580086 1
0.0595296 3
0.0604879 2
0.0613524 3
0 0
0 0
0.0647437 1
0.0656568 1
0.0665184 2
0.0669285 1
0.0681413 1
0.0691831 5
0.0702349 1
0.0712122 1
0.0722602 1
0.0732181 1
0.0748543 1
0.0757502 2
0.0765698 2
0.0773764 2
0.0783797 1
0.0793618 2
0.0804344 5
0 0
0 0
0 0
0.0840976 1
0 0
0.0865267 2
0.0873319 2
0 0
0 0
0 0
0 0
0.0922173 3
0.0934747 1
0 0
0.0952258 4
0.0965772 1
0.0971152 1
0.0982716 4
0 0
0.0997635 1
