-0.0992915 3
-0.098015 2
-0.0970207 2
-0.0959421 2
-0.095237 3
-0.0943162 1
-0.0930664 3
-0.0922052 2
-0.0910093 2
-0.0895087 1
-0.0887645 1
-0.0878279 3
-0.0870775 5
-0.0857587 5
-0.0849885 4
-0.0839534 4
-0.0825625 1
-0.0818541 1
-0.0810514 2
-0.08011 4
-0.0789462 3
-0.0779301 3
-0.0770087 3
-0.0760205 5
-0.0752186 1
-0.0742706 2
-0.0731989 5
-0.0719469 5
-0.0713853 4
-0.0700936 5
-0.0689741 2
-0.0678493 3
-0.0669096 2
-0.066105 3
-0.0649689 2
-0.0643268 2
-0.063167 2
-0.0621431 3
-0.0612117 4
-0.0601051 4
-0.0589044 2
-0.058212 3
-0.0568592 1
-0.0563028 4
-0.0551549 3
-0.0542613 6
-0.0531771 3
-0.0522495 3
-0.0510733 3
-0.0499865 2
-0.0492952 2
-0.0478984 2
-0.0467764 1
-0.0461272 2
-0.045389 3
-0.0440811 4
-0.0430185 1
-0.0422586 3
0 0
-0.0399998 1
0 0
-0.0383895 3
-0.036721 1
-0.0361829 3
-0.0352879 1
-0.0343811 2
-0.033171 3
-0.0322863 2
-0.0316993 1
-0.030297 3
-0.0292906 10
-0.0282921 5
-0.0273352 4
-0.0258958 4
-0.0253627 4
-0.0240436 6
-0.0236107 1
0 0
-0.0213612 2
-0.0200929 1
-0.0189541 1
-0.0178845 1
0 0
-0.0162169 2
-0.0152041 4
-0.0142379 5
-0.0131756 2
-0.0124836 2
-0.011418 4
-0.0106505 1
-0.00950608 1
-0.00843257 4
-0.0074885 4
-0.00582618 1
-0.00543829 4
-0.00428085 2
-0.00330177 4
-0.00231777 2
-0.00137911 4
-0.000595167 3
0.00064589 1
0.00151272 2
0.00265133 3
0.00356924 4
0.00452722 3
0.00609667 1
0.00634064 2
0.00767297 6
0.00886978 3
0.00959499 4
0.0105018 5
0.011476 2
0.012497 1
0.0134988 5
0.015015 2
0.0155991 8
0.0165431 4
0.0173868 4
0.018685 3
0.0197224 3
0.0205953 4
0.0216734 1
0.02285 2
0.0237876 2
0.0243711 3
0.0256518 4
0.0264789 3
0.0276927 2
0.0285843 4
0.0297173 2
0.0308523 2
0.0315117 5
0.0326146 4
0.0334431 5
0.0345694 2
0 0
0.0368029 1
0.0379921 1
0.0386293 2
0.0393392 3
0.0404599 4
0.0414135 3
0.0425181 6
0.0432627 3
0.0442366 1
0.0454262 4
0.0461083 1
0.0474253 4
0.0485435 4
0.0495184 3
0.0506763 2
0.0518432 2
0.0521769 4
0.0535273 3
0.054634 3
0.0551086 4
0.0565618 3
0.0575889 3
0.0585555 4
0.0595174 4
0.0603307 4
0 0
0.0624221 2
0 0
0.0643838 3
0.0652371 5
0.0664688 4
0.0673505 3
0.0681202 2
0.0694234 3
0.0707264 3
0.0715523 3
0.0721789 1
0.0731534 3
0.0743052 4
0.0755847 3
0.0764774 4
0.0772957 3
0.0782832 3
0.0793163 4
0.0802638 4
0.08091 2
0.0821377 4
0.0829816 1
0.0843304 3
0.0853899 4
0.086491 6
0.0873655 3
0.0885084 4
0 0
0.0904466 4
0.091257 3
0.0919047 1
0.0933475 5
0.0940938 5
0.0951538 4
0.096335 2
0.0970237 1
0.0980661 5
0.0992252 4
0.0997949 1
