-0.0998745 1
0 0
-0.0973188 2
-0.0968689 1
-0.0956925 1
-0.0945586 3
-0.0936187 1
-0.0920165 1
-0.0912819 4
-0.090481 1
0 0
0 0
-0.0878792 1
0 0
-0.0854752 4
-0.0841366 1
-0.0834489 1
0 0
-0.08188 3
0 0
-0.0792314 2
-0.0786047 2
-0.077127 2
-0.0768449 2
-0.0753221 1
-0.0745583 2
0 0
-0.0724683 1
-0.0712162 1
0 0
0 0
-0.0687862 1
-0.0673877 2
-0.0667418 3
0 0
-0.0648099 3
0 0
-0.0626671 1
-0.0611934 1
-0.0603382 1
-0.0594383 2
0 0
-0.0573083 1
-0.0569118 1
0 0
0 0
-0.0536906 3
0 0
-0.0515681 1
-0.0505599 2
-0.0497242 2
-0.0484338 1
-0.0475342 2
-0.0465349 1
0 0
-0.0444972 1
0 0
-0.0423958 1
-0.0416357 2
-0.0405407 1
0 0
0 0
-0.0375933 3
-0.0367163 1
-0.0355372 2
-0.0344278 3
-0.0336523 1
-0.0331329 1
-0.031737 2
-0.030492 2
-0.0299637 1
-0.0287984 1
-0.0282039 1
0 0
0 0
-0.0244709 3
-0.0241047 1
-0.0228854 2
-0.0218424 1
-0.0208996 1
-0.019439 1
-0.0191326 1
-0.017402 2
-0.0170332 2
-0.0161636 1
-0.0150097 4
-0.0135398 1
-0.0129383 1
-0.0115295 1
-0.0109861 2
0 0
-0.00911198 2
-0.00780033 3
0 0
0 0
-0.0050821 1
0 0
-0.00322512 1
0 0
-0.00113151 3
0.00017281 3
0.00097387 1
0.00218465 2
0 0
0.00364949 2
0 0
0 0
0 0
0.00779937 1
0.00919978 2
0.0100844 1
0.0111757 1
0.0120572 4
0.0130449 2
0.0144585 2
0.0147902 4
0.0162225 2
0 0
0.0180327 1
0 0
0.0197475 1
0.0209 3
0.0220772 1
0 0
0 0
0.0249666 2
0 0
0 0
0.0281145 1
0.0294749 1
0.0300265 2
0 0
0.0315466 1
0.0328059 2
0.0335355 1
0.0349218 3
0.0360575 3
0.0367454 3
0.0378309 2
0.039223 1
0.0398458 3
0.041371 1
0 0
0.0424895 1
0.0440438 5
0.0453694 1
0.0462096 2
0 0
0.04783 1
0.0488089 2
0.0500345 4
0.050856 2
0.0514736 1
0.052886 1
0 0
0.0548603 2
0 0
0.0564419 1
0.0578043 2
0.0583781 1
0.060255 1
0.0603698 1
0.0618283 2
0.0628755 3
0.0638828 2
0.0644859 2
0 0
0.0668461 2
0 0
0.0687628 2
0.07022 1
0.0710449 2
0.0714214 1
0.0726069 1
0.0740356 1
0.0750276 1
0 0
0.0771008 1
0.0781416 1
0 0
0.0794891 2
0 0
0.081609 3
0 0
0.0837144 2
0 0
0.0860212 2
0.0869165 1
0.0875568 1
0.0889365 2
0 0
0.0902742 1
0.0915439 2
0.0927724 4
0.0941212 2
0.0949156 2
0.0958034 1
0.0968126 1
0.0976205 3
0.0984296 2
0.0991603 1
