100.000000 25.000000 -6.639873 235.847183 
200.000000 25.000000 -14.413580 829.804749 
300.000000 23.000000 -13.348864 1127.873291 
400.000000 0.000000 -11.136883 787.014771 
500.000000 9.000000 3.308771 256.696899 
600.000000 19.000000 -1.852396 281.129211 
700.000000 21.000000 -12.622662 544.107544 
800.000000 3.000000 -7.954548 430.176544 
900.000000 9.000000 -3.775772 281.731598 
1000.000000 0.000000 -2.372842 143.129410 
1100.000000 27.000000 -8.042927 187.670761 
1200.000000 27.000000 -14.647771 731.167603 
1300.000000 9.000000 -10.952436 681.927063 
1400.000000 5.000000 -5.483444 368.599762 
1500.000000 18.000000 -0.068859 477.354675 
1600.000000 2.000000 13.556270 8.143064 
1700.000000 18.000000 15.000000 0.092972 
1800.000000 14.000000 10.701189 23.614822 
1900.000000 10.000000 8.330102 5.484876 
2000.000000 0.000000 15.000000 40.021568 
2100.000000 13.000000 7.665067 51.228958 
2200.000000 15.000000 14.853832 12.530730 
2300.000000 21.000000 12.201158 56.666855 
2400.000000 24.000000 2.042416 183.947800 
2500.000000 26.000000 0.428679 477.505127 
2600.000000 8.000000 -6.358861 504.905579 
2700.000000 0.000000 4.462299 244.058975 
2800.000000 7.000000 6.827631 16.067905 
2900.000000 26.000000 -9.063128 195.510468 
3000.000000 6.000000 -7.962600 213.617477 
3100.000000 12.000000 0.195153 145.789032 
3200.000000 8.000000 9.474803 25.074312 
3300.000000 26.000000 -1.518998 157.545624 
3400.000000 6.000000 13.194092 49.844601 
3500.000000 27.000000 14.619422 28.214712 
3600.000000 21.000000 2.737205 147.141998 
3700.000000 2.000000 -1.897006 241.658508 
3800.000000 0.000000 15.000000 4.663115 
3900.000000 15.000000 7.700651 18.047550 
4000.000000 27.000000 -0.203782 113.150314 
4100.000000 23.000000 -5.786244 582.585815 
4200.000000 7.000000 7.310204 366.600342 
4300.000000 7.000000 5.472860 202.227127 
4400.000000 17.000000 9.221875 9.494564 
4500.000000 5.000000 6.864521 0.512831 
4600.000000 14.000000 4.587396 4.269505 
4700.000000 17.000000 -5.642841 251.081589 
4800.000000 10.000000 0.367799 162.362732 
4900.000000 4.000000 4.601963 163.013565 
5000.000000 0.000000 15.000000 20.909519 
5100.000000 9.000000 7.100866 0.025590 
5200.000000 10.000000 8.696105 6.908576 
5300.000000 0.000000 15.000000 0.718620 
5400.000000 3.000000 14.322037 80.683426 
5500.000000 27.000000 -8.310566 132.888840 
5600.000000 0.000000 3.344569 89.158287 
5700.000000 2.000000 14.829171 11.620700 
5800.000000 0.000000 15.000000 112.105103 
5900.000000 10.000000 8.651504 25.634893 
6000.000000 19.000000 -0.663851 231.041382 
6100.000000 10.000000 9.598182 4.531852 
6200.000000 27.000000 -9.973114 244.784088 
6300.000000 6.000000 7.355902 489.380676 
6400.000000 20.000000 -4.577097 204.844238 
6500.000000 24.000000 -5.926600 715.422729 
6600.000000 27.000000 -10.589305 590.621582 
6700.000000 27.000000 -10.097496 860.116211 
6800.000000 20.000000 -5.052418 621.458130 
6900.000000 21.000000 -3.452397 810.344421 
7000.000000 12.000000 0.827029 621.755127 
7100.000000 7.000000 8.817690 466.354706 
7200.000000 27.000000 -9.080333 632.102905 
7300.000000 12.000000 3.518852 123.648102 
7400.000000 1.000000 14.710437 95.518867 
7500.000000 6.000000 13.598957 49.869759 
7600.000000 0.000000 14.734575 12.072178 
7700.000000 11.000000 1.457099 65.109627 
7800.000000 14.000000 1.592176 416.017731 
7900.000000 24.000000 -4.770520 583.436218 
8000.000000 10.000000 9.151005 88.770935 
8100.000000 7.000000 13.929157 40.647533 
8200.000000 0.000000 15.000000 0.299314 
8300.000000 20.000000 -3.338920 0.166280 
8400.000000 17.000000 6.045529 242.984390 
8500.000000 0.000000 15.000000 1.355636 
8600.000000 12.000000 14.704820 9.271549 
8700.000000 16.000000 0.277392 1.703094 
8800.000000 27.000000 -11.012677 374.730682 
8900.000000 0.000000 15.000000 57.895927 
9000.000000 22.000000 -4.416395 262.107788 
9100.000000 20.000000 -3.020156 446.409393 
9200.000000 27.000000 -11.059366 909.115540 
9300.000000 3.000000 13.651745 200.989655 
9400.000000 18.000000 -1.385385 282.692749 
9500.000000 27.000000 -9.955394 747.734619 
9600.000000 0.000000 15.000000 233.943771 
9700.000000 8.000000 13.007516 1.352879 
9800.000000 27.000000 -9.428295 41.411575 
9900.000000 27.000000 -12.593595 383.894928 
10000.000000 17.000000 8.523804 514.217590 
10100.000000 2.000000 14.413947 13.913383 
10200.000000 7.000000 10.042752 13.998612 
10300.000000 25.000000 -5.343522 0.475809 
10400.000000 11.000000 6.355514 296.673309 
10500.000000 11.000000 6.739870 150.344360 
10600.000000 4.000000 12.514100 0.047564 
10700.000000 9.000000 10.837265 24.292318 
10800.000000 7.000000 10.979439 14.264688 
10900.000000 20.000000 -0.104015 3.335160 
11000.000000 20.000000 -2.877654 0.087659 
11100.000000 2.000000 14.825033 37.587360 
11200.000000 19.000000 -4.508202 1.021576 
11300.000000 25.000000 -8.136076 122.338081 
11400.000000 17.000000 0.391906 216.490585 
11500.000000 25.000000 -7.826303 443.825470 
11600.000000 18.000000 -0.993291 535.390808 
11700.000000 20.000000 -3.942413 337.801575 
11800.000000 21.000000 -2.597371 722.398376 
11900.000000 0.000000 13.459370 10.344098 
12000.000000 5.000000 12.537730 1.115354 
12100.000000 0.000000 12.937178 0.159049 
12200.000000 19.000000 -4.840852 120.921249 
12300.000000 26.000000 -9.333817 585.851562 
12400.000000 11.000000 8.058672 194.039429 
12500.000000 9.000000 9.216285 0.721052 
12600.000000 12.000000 6.636275 5.350527 
12700.000000 25.000000 -2.588732 10.788190 
12800.000000 0.000000 15.000000 144.239517 
12900.000000 14.000000 12.301118 192.028244 
13000.000000 19.000000 0.463877 60.970806 
13100.000000 24.000000 -6.885435 132.640106 
13200.000000 24.000000 -7.283543 577.029785 
13300.000000 22.000000 -5.040390 767.492920 
13400.000000 19.000000 -1.396547 233.586273 
13500.000000 0.000000 15.000000 42.845940 
13600.000000 15.000000 -0.972232 140.807251 
13700.000000 5.000000 12.416674 49.076126 
13800.000000 18.000000 -0.365004 16.790768 
13900.000000 10.000000 6.404908 57.350048 
14000.000000 19.000000 -4.545790 96.086105 
14100.000000 14.000000 3.901333 423.644592 
14200.000000 21.000000 -3.786539 713.247803 
14300.000000 27.000000 -6.457258 665.387512 
14400.000000 13.000000 5.951862 648.927734 
14500.000000 27.000000 -6.659505 424.121948 
14600.000000 16.000000 5.517959 403.481812 
14700.000000 20.000000 -3.455900 238.452637 
14800.000000 6.000000 8.962506 1.318602 
14900.000000 23.000000 -2.041274 138.909088 
15000.000000 17.000000 1.697091 555.751282 
15100.000000 24.000000 -5.736453 536.277344 
15200.000000 26.000000 -8.198837 514.983215 
15300.000000 3.000000 13.001414 67.158112 
15400.000000 1.000000 14.266598 16.029963 
15500.000000 13.000000 9.269902 29.714022 
15600.000000 20.000000 0.694141 12.569335 
15700.000000 2.000000 15.000000 17.818485 
15800.000000 14.000000 11.954854 29.803337 
15900.000000 0.000000 14.998879 19.084972 
16000.000000 0.000000 14.684105 34.139774 
16100.000000 11.000000 10.007271 54.852848 
16200.000000 3.000000 14.095130 2.979735 
16300.000000 0.000000 15.000000 12.902661 
16400.000000 1.000000 14.891327 25.954937 
16500.000000 24.000000 -3.793242 51.513668 
16600.000000 4.000000 -2.593221 341.179993 
16700.000000 16.000000 0.399794 180.464523 
16800.000000 3.000000 15.000000 32.418468 
16900.000000 5.000000 -1.249934 16.209213 
17000.000000 4.000000 13.228360 1.153801 
17100.000000 0.000000 15.000000 5.926147 
17200.000000 11.000000 11.249346 13.271071 
17300.000000 17.000000 -1.402729 1.235328 
17400.000000 8.000000 10.128079 200.103409 
17500.000000 20.000000 -4.320055 366.972870 
17600.000000 0.000000 -15.680194 527.623962 
17700.000000 0.000000 -14.321873 458.074860 
17800.000000 24.000000 -5.907355 444.147552 
17900.000000 16.000000 0.899240 61.158958 
18000.000000 5.000000 12.933636 3.001389 
18100.000000 23.000000 -3.777795 68.020683 
18200.000000 24.000000 -7.901685 623.498108 
18300.000000 1.000000 15.000000 195.176895 
18400.000000 0.000000 15.000000 3.542326 
18500.000000 16.000000 0.801515 22.101080 
18600.000000 6.000000 14.658976 18.490047 
18700.000000 10.000000 8.296108 0.868669 
18800.000000 27.000000 -6.597687 41.686222 
18900.000000 19.000000 -3.058064 82.873703 
19000.000000 7.000000 -16.000000 319.192078 
19100.000000 14.000000 -1.048137 501.753052 
19200.000000 0.000000 14.714855 167.766373 
19300.000000 13.000000 5.275507 22.701597 
19400.000000 13.000000 12.147803 109.090904 
19500.000000 24.000000 -7.116186 204.055710 
19600.000000 27.000000 -4.123127 557.885132 
19700.000000 21.000000 -1.282794 423.173218 
19800.000000 27.000000 -6.283313 787.334106 
19900.000000 27.000000 -11.705100 848.150635 
20000.000000 24.000000 12.344584 328.018677 
20100.000000 2.000000 14.841095 0.273386 
20200.000000 21.000000 -3.952476 138.593643 
20300.000000 2.000000 -5.193222 282.541199 
20400.000000 24.000000 -8.405184 389.105652 
20500.000000 27.000000 -5.993925 193.424820 
20600.000000 27.000000 -5.477882 517.612732 
20700.000000 26.000000 -5.305380 707.416016 
20800.000000 2.000000 15.000000 499.689636 
20900.000000 16.000000 8.388677 108.228302 
21000.000000 22.000000 -5.565345 61.765869 
21100.000000 27.000000 -8.448161 426.290222 
21200.000000 19.000000 -5.866637 301.190063 
21300.000000 8.000000 9.277701 48.344589 
21400.000000 20.000000 -3.883473 36.228718 
21500.000000 1.000000 13.448313 3.254521 
21600.000000 8.000000 9.076086 27.394758 
21700.000000 7.000000 7.798315 29.404417 
21800.000000 18.000000 2.121768 58.045055 
21900.000000 19.000000 5.556509 213.153473 
22000.000000 27.000000 -10.501101 118.241486 
22100.000000 27.000000 -8.323298 748.313660 
22200.000000 0.000000 15.000000 23.199978 
22300.000000 3.000000 13.429864 2.013904 
22400.000000 27.000000 -9.054636 4.092959 
22500.000000 13.000000 2.589534 342.243866 
22600.000000 18.000000 -2.625177 16.658791 
22700.000000 25.000000 -7.764325 344.769653 
22800.000000 18.000000 0.547302 280.496063 
22900.000000 0.000000 15.000000 15.477720 
23000.000000 1.000000 12.187530 38.623222 
23100.000000 5.000000 8.670034 12.177199 
23200.000000 0.000000 12.945045 3.992344 
23300.000000 23.000000 -5.485013 67.702164 
23400.000000 6.000000 9.910557 163.025742 
23500.000000 27.000000 -10.202054 220.334869 
23600.000000 0.000000 15.000000 57.292076 
23700.000000 15.000000 9.163501 11.926780 
23800.000000 27.000000 -10.598660 11.741133 
23900.000000 17.000000 9.484416 94.005005 
24000.000000 0.000000 15.000000 12.788986 
24100.000000 11.000000 6.586700 0.171188 
24200.000000 20.000000 -2.000781 179.389709 
24300.000000 19.000000 -0.346074 383.654816 
24400.000000 4.000000 11.685740 35.057350 
24500.000000 1.000000 12.717595 3.560884 
24600.000000 0.000000 15.000000 18.123884 
24700.000000 21.000000 -3.747156 39.510147 
24800.000000 27.000000 -8.934952 435.443878 
24900.000000 24.000000 0.772076 696.541199 
25000.000000 5.000000 12.091486 202.003036 
25100.000000 27.000000 -4.597347 435.290680 
25200.000000 14.000000 1.914663 247.279266 
25300.000000 27.000000 -10.469543 770.056030 
25400.000000 27.000000 0.264252 462.691925 
25500.000000 27.000000 -7.624485 656.600281 
25600.000000 10.000000 1.208574 860.765442 
25700.000000 0.000000 15.000000 35.615982 
25800.000000 10.000000 7.353935 18.089962 
25900.000000 0.000000 15.000000 103.780708 
26000.000000 5.000000 11.531617 37.747993 
26100.000000 27.000000 -8.910049 248.811417 
26200.000000 27.000000 -9.334745 710.827209 
26300.000000 16.000000 0.565593 569.957886 
26400.000000 2.000000 15.000000 39.135414 
26500.000000 7.000000 2.863971 190.785919 
26600.000000 0.000000 15.000000 3.952469 
26700.000000 17.000000 -0.902540 10.494351 
26800.000000 4.000000 13.752534 37.105026 
26900.000000 0.000000 15.000000 76.867401 
27000.000000 8.000000 5.449234 20.917662 
27100.000000 13.000000 4.099276 106.069221 
27200.000000 2.000000 12.481984 8.476811 
27300.000000 24.000000 -4.911071 294.180573 
27400.000000 27.000000 -12.257919 505.820160 
27500.000000 17.000000 10.600310 61.978508 
27600.000000 0.000000 15.000000 3.784625 
27700.000000 7.000000 10.219291 23.340012 
27800.000000 19.000000 -2.577125 31.631361 
27900.000000 27.000000 -10.853771 467.706543 
28000.000000 7.000000 6.781217 546.642761 
28100.000000 0.000000 14.959659 212.355042 
28200.000000 18.000000 2.385140 71.325867 
28300.000000 16.000000 -2.799322 12.997961 
28400.000000 17.000000 -2.950738 431.323029 
28500.000000 2.000000 14.922398 8.451278 
28600.000000 2.000000 14.704621 45.339207 
28700.000000 5.000000 13.276722 3.886675 
28800.000000 7.000000 8.342041 1.794320 
28900.000000 25.000000 -8.423368 182.226669 
29000.000000 0.000000 13.241982 105.570618 
29100.000000 12.000000 3.509554 105.816711 
29200.000000 27.000000 -8.312462 554.488403 
29300.000000 27.000000 -6.744116 728.245850 
29400.000000 20.000000 1.332765 932.667542 
29500.000000 12.000000 0.810060 890.697571 
29600.000000 0.000000 15.000000 88.001114 
29700.000000 27.000000 -10.917020 11.865795 
29800.000000 20.000000 -1.030231 529.680786 
29900.000000 0.000000 14.898634 272.843292 
30000.000000 24.000000 -3.273380 221.984726 
30100.000000 16.000000 -0.020211 672.405151 
30200.000000 4.000000 15.000000 102.945938 
30300.000000 27.000000 -9.880312 141.301636 
30400.000000 9.000000 10.405762 122.298401 
30500.000000 23.000000 13.820866 82.563095 
30600.000000 27.000000 8.038428 84.394737 
30700.000000 27.000000 -10.736184 507.796387 
30800.000000 27.000000 -10.680842 851.834351 
30900.000000 7.000000 7.119087 519.763672 
31000.000000 14.000000 0.620219 35.176617 
31100.000000 5.000000 15.000000 35.508114 
31200.000000 17.000000 -0.911810 0.488830 
31300.000000 27.000000 -9.784555 352.012695 
31400.000000 4.000000 14.332684 33.387012 
31500.000000 5.000000 12.165731 19.328127 
31600.000000 7.000000 8.148980 86.158752 
31700.000000 27.000000 5.515208 5.241093 
31800.000000 0.000000 14.953727 13.745017 
31900.000000 21.000000 -3.812392 3.323092 
32000.000000 27.000000 -7.760890 339.712585 
32100.000000 7.000000 9.989734 393.666779 
32200.000000 3.000000 14.128285 9.496079 
32300.000000 24.000000 -6.214676 291.362946 
32400.000000 25.000000 -2.551305 643.427429 
32500.000000 13.000000 3.521453 226.234558 
32600.000000 1.000000 15.000000 0.449222 
32700.000000 15.000000 0.548257 34.198608 
32800.000000 25.000000 -9.146308 338.372406 
32900.000000 14.000000 -6.962792 711.520996 
33000.000000 0.000000 15.000000 50.438129 
33100.000000 8.000000 8.027085 68.420044 
33200.000000 27.000000 -11.266674 567.489807 
33300.000000 27.000000 -9.666666 987.755127 
33400.000000 19.000000 -2.767240 1002.414307 
33500.000000 27.000000 -11.539730 967.708496 
33600.000000 6.000000 10.130794 250.416107 
33700.000000 27.000000 -11.147426 35.400574 
33800.000000 27.000000 -13.493679 625.038696 
33900.000000 14.000000 -15.483907 1017.555725 
34000.000000 1.000000 5.855474 200.432297 
34100.000000 18.000000 -6.782894 52.249279 
34200.000000 9.000000 6.155675 18.986107 
34300.000000 6.000000 10.499537 41.535797 
34400.000000 7.000000 11.167953 14.546146 
34500.000000 0.000000 15.000000 68.592606 
34600.000000 27.000000 -10.267986 117.101105 
34700.000000 8.000000 10.412059 144.069656 
34800.000000 11.000000 5.858987 0.076710 
34900.000000 13.000000 5.604491 5.625056 
35000.000000 27.000000 -10.024287 265.056427 
35100.000000 11.000000 1.468587 616.413818 
35200.000000 27.000000 -9.892015 872.496521 
35300.000000 27.000000 -9.943482 649.176636 
35400.000000 16.000000 3.036824 690.275574 
35500.000000 27.000000 -9.841758 551.430481 
35600.000000 15.000000 0.980546 882.813049 
35700.000000 7.000000 11.704732 45.399517 
35800.000000 7.000000 11.754637 2.601341 
35900.000000 13.000000 4.339432 14.184502 
36000.000000 16.000000 -2.023285 0.081841 
36100.000000 27.000000 -10.016870 334.310516 
36200.000000 9.000000 8.065559 171.458649 
36300.000000 14.000000 2.571486 56.766636 
36400.000000 27.000000 -9.925936 450.027100 
36500.000000 27.000000 -9.866904 846.119568 
36600.000000 0.000000 15.000000 429.498596 
36700.000000 6.000000 7.684388 9.377741 
36800.000000 5.000000 13.588644 24.758980 
36900.000000 27.000000 -9.748846 205.327148 
37000.000000 27.000000 -10.261066 534.538757 
37100.000000 14.000000 -2.912710 408.883942 
37200.000000 10.000000 5.694536 707.048218 
37300.000000 17.000000 -4.128665 432.534454 
37400.000000 17.000000 0.130381 315.439423 
37500.000000 14.000000 4.283872 359.642303 
37600.000000 2.000000 13.398140 25.384338 
37700.000000 0.000000 15.000000 10.590702 
37800.000000 24.000000 -5.631117 14.435072 
37900.000000 21.000000 -5.392567 448.083710 
38000.000000 14.000000 2.197020 106.463600 
38100.000000 27.000000 -10.207858 594.357483 
38200.000000 1.000000 15.000000 91.753342 
38300.000000 26.000000 -9.873047 381.937408 
38400.000000 2.000000 15.000000 11.525776 
38500.000000 27.000000 -8.537045 13.443216 
38600.000000 1.000000 15.000000 28.425741 
38700.000000 5.000000 11.937528 24.319170 
38800.000000 5.000000 11.328072 51.656456 
38900.000000 12.000000 4.660962 0.000234 
39000.000000 15.000000 3.134152 24.826006 
39100.000000 3.000000 10.555139 0.643681 
39200.000000 27.000000 -9.646736 161.572083 
39300.000000 18.000000 -3.346968 575.243286 
39400.000000 1.000000 15.000000 116.514488 
39500.000000 20.000000 -5.797745 123.113380 
39600.000000 6.000000 7.058645 20.785843 
39700.000000 26.000000 -11.260530 135.088394 
39800.000000 3.000000 10.997639 6.727741 
39900.000000 26.000000 -7.456054 482.663696 
40000.000000 9.000000 2.199783 79.588760 
40100.000000 19.000000 -7.744306 14.658647 
40200.000000 17.000000 1.685480 207.017029 
40300.000000 4.000000 8.977358 1.823020 
40400.000000 4.000000 12.252011 0.761198 
40500.000000 3.000000 11.882328 7.646740 
40600.000000 0.000000 15.000000 9.002658 
40700.000000 27.000000 -7.806026 287.168823 
40800.000000 7.000000 7.134883 294.173981 
40900.000000 13.000000 0.586117 385.165771 
41000.000000 18.000000 -4.186115 259.254852 
41100.000000 0.000000 15.000000 1.618300 
41200.000000 7.000000 9.621218 29.408209 
41300.000000 2.000000 15.000000 21.889809 
41400.000000 0.000000 15.000000 100.943932 
41500.000000 20.000000 -2.868991 36.323135 
41600.000000 0.000000 14.659941 22.244818 
41700.000000 27.000000 -9.647712 100.115334 
41800.000000 2.000000 13.970667 304.765778 
41900.000000 24.000000 -5.984327 250.482300 
42000.000000 25.000000 -9.956372 225.347717 
42100.000000 15.000000 1.655119 588.573059 
42200.000000 0.000000 15.000000 4.279951 
42300.000000 16.000000 1.060598 9.408268 
42400.000000 0.000000 15.000000 40.760471 
42500.000000 12.000000 2.756204 3.156251 
42600.000000 17.000000 -0.075141 189.124878 
42700.000000 0.000000 15.000000 0.735801 
42800.000000 15.000000 3.038650 65.171959 
42900.000000 7.000000 13.550160 1.366096 
43000.000000 16.000000 2.115189 175.922333 
43100.000000 0.000000 13.958784 3.140287 
43200.000000 16.000000 0.525737 0.176210 
43300.000000 10.000000 3.676299 90.305603 
43400.000000 20.000000 -4.738051 16.797611 
43500.000000 0.000000 15.000000 44.314198 
43600.000000 26.000000 -9.664525 36.447975 
43700.000000 26.000000 -9.732374 488.882477 
43800.000000 20.000000 -2.030724 498.237732 
43900.000000 3.000000 12.844888 2.438960 
44000.000000 13.000000 -1.129158 81.474113 
44100.000000 7.000000 9.416046 3.009424 
44200.000000 0.000000 15.000000 0.711612 
44300.000000 2.000000 12.025392 30.522928 
44400.000000 23.000000 -6.163258 62.655228 
44500.000000 26.000000 -9.920204 676.472595 
44600.000000 6.000000 11.024794 252.869888 
44700.000000 11.000000 5.240669 41.275623 
44800.000000 12.000000 5.542980 1.525414 
44900.000000 11.000000 5.461424 0.085264 
45000.000000 27.000000 -9.979535 223.003159 
45100.000000 27.000000 -10.260846 633.673828 
45200.000000 12.000000 0.560415 716.101379 
45300.000000 27.000000 -10.036550 1004.935547 
45400.000000 1.000000 14.831893 59.124969 
45500.000000 15.000000 -1.235598 88.704819 
45600.000000 20.000000 -1.839408 610.520264 
45700.000000 8.000000 4.280739 97.916168 
45800.000000 26.000000 -9.002444 541.597473 
45900.000000 27.000000 -10.152962 782.696167 
46000.000000 25.000000 -7.971048 997.684692 
46100.000000 21.000000 -4.746922 800.400452 
46200.000000 21.000000 -6.066620 569.739807 
46300.000000 27.000000 -9.398205 305.500122 
46400.000000 9.000000 6.189898 16.899921 
46500.000000 22.000000 -4.615779 48.222496 
46600.000000 5.000000 11.254574 70.336395 
46700.000000 16.000000 3.162136 62.853161 
46800.000000 18.000000 -2.555839 56.513206 
46900.000000 20.000000 -3.218151 383.425781 
47000.000000 14.000000 3.587517 89.699562 
47100.000000 2.000000 13.494728 8.115685 
47200.000000 3.000000 13.333718 30.180452 
47300.000000 15.000000 1.883538 271.651672 
47400.000000 16.000000 1.483841 494.332733 
47500.000000 27.000000 -10.061243 181.074783 
47600.000000 0.000000 14.649744 140.853210 
47700.000000 1.000000 15.000000 162.240753 
47800.000000 0.000000 15.000000 9.506286 
47900.000000 26.000000 -10.204782 186.765869 
48000.000000 10.000000 9.591463 526.061951 
48100.000000 8.000000 6.720256 111.890411 
48200.000000 27.000000 -9.563280 31.513868 
48300.000000 13.000000 2.854983 0.072383 
48400.000000 9.000000 7.824430 0.004582 
48500.000000 24.000000 -9.683306 234.396057 
48600.000000 15.000000 0.956920 633.462280 
48700.000000 15.000000 1.651624 42.574955 
48800.000000 15.000000 1.957848 80.302177 
48900.000000 0.000000 13.859156 16.297455 
49000.000000 0.000000 14.017622 40.988468 
49100.000000 21.000000 -3.290212 0.112139 
49200.000000 23.000000 -5.196255 288.864929 
49300.000000 17.000000 0.637142 427.151764 
49400.000000 19.000000 -1.772918 538.203857 
49500.000000 0.000000 15.000000 74.224922 
49600.000000 9.000000 5.238389 0.403521 
49700.000000 27.000000 -10.176307 340.554932 
49800.000000 21.000000 -0.845104 609.942505 
49900.000000 21.000000 -5.165864 82.617317 
50000.000000 10.000000 7.150065 244.828415 
50100.000000 27.000000 -10.392426 556.958923 
50200.000000 27.000000 -10.128947 566.009705 
50300.000000 18.000000 -1.241197 292.048431 
50400.000000 27.000000 -9.597823 464.939178 
50500.000000 10.000000 6.872280 90.761757 
50600.000000 2.000000 15.000000 25.247986 
50700.000000 9.000000 6.008354 0.009774 
50800.000000 21.000000 -4.434759 20.896994 
50900.000000 21.000000 -3.924515 268.073090 
51000.000000 26.000000 -6.629547 414.705719 
51100.000000 27.000000 -10.003687 654.330627 
51200.000000 11.000000 6.823214 655.131592 
51300.000000 16.000000 -0.921355 708.493469 
51400.000000 21.000000 -9.865076 966.422180 
51500.000000 27.000000 -10.237866 1001.388306 
51600.000000 3.000000 10.365639 115.085846 
51700.000000 11.000000 -3.094284 161.142441 
51800.000000 20.000000 -3.397105 288.461609 
51900.000000 20.000000 -2.305673 425.045624 
52000.000000 27.000000 -10.010425 778.629456 
52100.000000 3.000000 13.443907 386.989960 
52200.000000 3.000000 13.971186 6.465250 
52300.000000 6.000000 9.905844 42.443520 
52400.000000 16.000000 -1.679173 86.086060 
52500.000000 22.000000 -5.950506 336.741821 
52600.000000 6.000000 11.944172 315.566071 
52700.000000 14.000000 0.983667 9.206661 
52800.000000 11.000000 6.769950 274.150208 
52900.000000 27.000000 -10.267983 351.721161 
53000.000000 0.000000 14.893407 384.196960 
53100.000000 14.000000 3.115174 10.707497 
53200.000000 15.000000 -0.391374 8.814912 
53300.000000 27.000000 -10.097043 565.213684 
53400.000000 0.000000 15.000000 77.060799 
53500.000000 7.000000 9.309995 2.774967 
53600.000000 24.000000 -5.296413 70.635574 
53700.000000 25.000000 -8.381405 115.153030 
53800.000000 16.000000 -0.889022 19.758827 
53900.000000 27.000000 -9.793471 516.156006 
54000.000000 27.000000 -10.311575 403.898376 
54100.000000 15.000000 1.721690 525.073242 
54200.000000 19.000000 -3.837747 260.236206 
54300.000000 15.000000 0.197144 492.563141 
54400.000000 27.000000 -9.913971 495.049164 
54500.000000 9.000000 7.599347 775.394958 
54600.000000 2.000000 11.988708 428.663208 
54700.000000 3.000000 9.683721 43.538269 
54800.000000 19.000000 -4.819533 161.876999 
54900.000000 23.000000 -8.109542 682.217651 
55000.000000 10.000000 6.711383 116.301804 
55100.000000 26.000000 -9.647218 375.983459 
55200.000000 15.000000 3.592036 820.828613 
55300.000000 19.000000 -2.218372 456.042023 
55400.000000 25.000000 -6.662717 446.851257 
55500.000000 7.000000 10.344271 7.156363 
55600.000000 0.000000 15.000000 8.510283 
55700.000000 11.000000 0.680392 6.443158 
55800.000000 27.000000 -9.865699 302.530243 
55900.000000 24.000000 -11.228246 440.847015 
56000.000000 1.000000 15.000000 257.903168 
56100.000000 20.000000 -3.455127 134.863647 
56200.000000 20.000000 -4.401947 491.671478 
56300.000000 0.000000 13.845405 169.005600 
56400.000000 9.000000 8.141709 198.401443 
56500.000000 20.000000 -3.606538 274.673492 
56600.000000 4.000000 13.478558 418.209625 
56700.000000 27.000000 -9.599365 415.704865 
56800.000000 12.000000 3.999265 698.478271 
56900.000000 11.000000 4.752926 273.737335 
57000.000000 0.000000 15.000000 0.811974 
57100.000000 27.000000 -10.268834 223.593552 
57200.000000 11.000000 6.483581 280.469421 
57300.000000 4.000000 12.214034 7.476080 
57400.000000 6.000000 10.563080 48.403835 
57500.000000 3.000000 14.131471 14.032202 
57600.000000 17.000000 -1.259768 2.284845 
57700.000000 15.000000 -1.384879 151.342987 
57800.000000 12.000000 7.130979 538.058960 
57900.000000 15.000000 -0.185821 10.831022 
58000.000000 27.000000 -9.925949 493.235779 
58100.000000 17.000000 -4.590321 768.341492 
58200.000000 27.000000 -9.925948 795.455444 
58300.000000 27.000000 -10.178750 320.569366 
58400.000000 12.000000 5.600362 746.385071 
58500.000000 13.000000 3.953076 81.339386 
58600.000000 0.000000 15.000000 0.370027 
58700.000000 7.000000 7.196633 68.503258 
58800.000000 21.000000 -4.969497 2.996366 
58900.000000 5.000000 11.585605 307.265747 
59000.000000 1.000000 15.000000 42.492252 
59100.000000 27.000000 -10.012923 112.442635 
59200.000000 21.000000 -7.298882 565.395935 
59300.000000 6.000000 11.237097 219.880112 
59400.000000 25.000000 -8.720716 527.919861 
59500.000000 9.000000 6.211421 423.356781 
59600.000000 25.000000 -7.473527 459.947723 
59700.000000 7.000000 9.832621 26.137819 
59800.000000 6.000000 8.164192 9.301653 
59900.000000 0.000000 15.000000 17.016325 
60000.000000 16.000000 0.148293 20.848783 
60100.000000 20.000000 -5.178350 258.659576 
60200.000000 27.000000 -9.866260 670.889221 
60300.000000 27.000000 -9.840606 738.439331 
60400.000000 15.000000 1.706711 660.290771 
60500.000000 7.000000 9.682806 15.961204 
60600.000000 0.000000 15.000000 32.626060 
60700.000000 2.000000 12.763401 27.760975 
60800.000000 2.000000 13.476327 66.284355 
60900.000000 6.000000 9.814627 20.604158 
61000.000000 23.000000 -7.092341 0.035206 
61100.000000 9.000000 9.308504 337.892242 
61200.000000 19.000000 -2.217619 284.710602 
61300.000000 15.000000 1.653926 632.679260 
61400.000000 21.000000 -4.065588 379.687988 
61500.000000 20.000000 -4.398395 53.246040 
61600.000000 23.000000 -10.276456 70.008804 
61700.000000 11.000000 5.407644 382.283325 
61800.000000 15.000000 1.736211 37.846069 
61900.000000 0.000000 15.000000 0.008793 
62000.000000 19.000000 -2.901384 0.196980 
62100.000000 6.000000 9.134844 7.715580 
62200.000000 20.000000 -5.326205 35.026295 
62300.000000 26.000000 -10.631385 285.527100 
62400.000000 21.000000 -6.659259 622.628723 
62500.000000 27.000000 -9.734302 705.067932 
62600.000000 0.000000 15.000000 129.374161 
62700.000000 27.000000 -9.389509 379.089996 
62800.000000 0.000000 15.000000 21.126694 
62900.000000 14.000000 1.789221 10.881104 
63000.000000 6.000000 10.993311 17.660797 
63100.000000 0.000000 14.832963 89.634979 
63200.000000 11.000000 5.607204 6.671522 
63300.000000 5.000000 12.990358 1.981582 
63400.000000 16.000000 -0.952137 175.111862 
63500.000000 27.000000 -9.254146 247.993652 
63600.000000 27.000000 -10.843175 461.201843 
63700.000000 16.000000 -0.854617 232.127274 
63800.000000 20.000000 -2.406898 418.438385 
63900.000000 5.000000 12.631536 133.484009 
64000.000000 8.000000 8.396034 97.771759 
64100.000000 20.000000 -7.367249 403.707520 
64200.000000 27.000000 -10.010784 717.870300 
64300.000000 23.000000 -6.553538 960.317810 
64400.000000 24.000000 -10.277498 973.125244 
64500.000000 18.000000 -0.990825 1063.515625 
64600.000000 9.000000 7.182812 214.648926 
64700.000000 11.000000 4.173811 18.574953 
64800.000000 5.000000 8.860038 37.174644 
64900.000000 2.000000 15.000000 39.162914 
65000.000000 0.000000 15.000000 27.532938 
65100.000000 4.000000 10.035423 62.807873 
65200.000000 3.000000 14.831095 13.345120 
65300.000000 9.000000 8.206668 21.899702 
65400.000000 20.000000 -2.301442 281.722595 
65500.000000 23.000000 -7.829499 726.218750 
65600.000000 0.000000 14.271069 441.551788 
65700.000000 22.000000 -3.573711 354.534119 
65800.000000 7.000000 9.134831 3.206092 
65900.000000 1.000000 15.000000 36.354664 
66000.000000 7.000000 9.680253 0.952068 
66100.000000 22.000000 -6.297040 66.184776 
66200.000000 22.000000 -8.858429 342.951630 
66300.000000 16.000000 0.164326 149.438095 
66400.000000 23.000000 -7.197185 430.668640 
66500.000000 16.000000 0.256604 178.668060 
66600.000000 27.000000 -8.864450 644.428345 
66700.000000 9.000000 10.319317 184.276871 
66800.000000 0.000000 15.000000 10.910922 
66900.000000 0.000000 13.578629 50.338955 
67000.000000 9.000000 6.927947 83.076859 
67100.000000 16.000000 1.425721 1.719204 
67200.000000 22.000000 -5.584360 372.289825 
67300.000000 27.000000 -9.204865 750.931641 
67400.000000 7.000000 7.495471 90.873451 
67500.000000 5.000000 12.671387 0.083388 
67600.000000 12.000000 5.950596 18.947559 
67700.000000 27.000000 -8.463373 118.098541 
67800.000000 21.000000 -2.223173 538.614624 
67900.000000 19.000000 -0.836595 760.244446 
68000.000000 8.000000 8.834506 209.708359 
68100.000000 25.000000 -9.280608 481.507751 
68200.000000 2.000000 14.689011 566.554626 
68300.000000 0.000000 15.000000 7.664639 
68400.000000 6.000000 11.183368 7.143363 
68500.000000 0.000000 15.000000 0.053704 
68600.000000 15.000000 1.821084 15.144443 
68700.000000 3.000000 12.194090 68.060814 
68800.000000 19.000000 -2.687095 3.238164 
68900.000000 0.000000 15.000000 1.270042 
69000.000000 3.000000 12.609275 3.983845 
69100.000000 9.000000 7.596154 132.218597 
69200.000000 27.000000 -10.258643 177.129959 
69300.000000 0.000000 15.000000 248.185989 
69400.000000 21.000000 -4.891595 241.029282 
69500.000000 14.000000 3.998214 459.398529 
69600.000000 15.000000 0.958659 121.739212 
69700.000000 27.000000 -10.899548 652.030762 
69800.000000 25.000000 -7.148633 461.332947 
69900.000000 16.000000 0.844036 238.364456 
70000.000000 25.000000 -7.658220 151.180466 
70100.000000 2.000000 13.429203 8.925963 
70200.000000 27.000000 -10.315121 346.836975 
70300.000000 25.000000 -10.187893 871.706543 
70400.000000 23.000000 -7.188292 963.032837 
70500.000000 5.000000 12.986671 790.297729 
70600.000000 6.000000 10.836169 3.455342 
70700.000000 14.000000 2.730485 2.051267 
70800.000000 0.000000 15.000000 32.286633 
70900.000000 27.000000 -10.638022 188.657837 
71000.000000 27.000000 -10.512715 577.490051 
71100.000000 0.000000 14.467471 6.059442 
71200.000000 15.000000 1.249734 0.236466 
71300.000000 0.000000 15.000000 1.737779 
71400.000000 27.000000 -9.901938 21.914442 
71500.000000 27.000000 -9.905615 607.709534 
71600.000000 14.000000 -0.528769 286.766296 
71700.000000 10.000000 6.321614 366.674713 
71800.000000 8.000000 9.188698 186.433289 
71900.000000 0.000000 14.839774 7.908028 
72000.000000 3.000000 14.102156 1.150397 
72100.000000 20.000000 -2.020735 94.311104 
72200.000000 14.000000 0.963392 257.291534 
72300.000000 4.000000 13.551722 78.393135 
72400.000000 27.000000 -9.474004 313.277069 
72500.000000 21.000000 -5.217466 870.469666 
72600.000000 27.000000 -9.736259 586.149475 
72700.000000 15.000000 2.959566 746.536865 
72800.000000 1.000000 14.967879 449.290741 
72900.000000 17.000000 -2.867062 30.782667 
73000.000000 27.000000 -10.726729 609.669006 
73100.000000 0.000000 15.000000 94.762138 
73200.000000 9.000000 6.304946 3.366638 
73300.000000 7.000000 10.594150 267.668213 
73400.000000 18.000000 -3.787982 494.989166 
73500.000000 24.000000 -7.009654 676.336243 
73600.000000 0.000000 15.000000 202.126938 
73700.000000 6.000000 12.770228 2.486448 
73800.000000 21.000000 -6.935327 12.613873 
73900.000000 12.000000 3.409148 349.498749 
74000.000000 5.000000 12.465940 9.845568 
74100.000000 27.000000 -9.710547 213.590942 
74200.000000 16.000000 3.094481 667.034180 
74300.000000 11.000000 6.093734 750.933899 
74400.000000 6.000000 11.815439 12.466802 
74500.000000 12.000000 4.317951 14.528672 
74600.000000 20.000000 -9.635131 19.455244 
74700.000000 27.000000 -9.720376 511.434174 
74800.000000 27.000000 -10.220278 624.059753 
74900.000000 9.000000 7.753874 826.526306 
75000.000000 7.000000 10.158918 275.227295 
75100.000000 12.000000 3.308415 3.965590 
75200.000000 27.000000 -10.210356 184.465332 
75300.000000 1.000000 15.000000 151.092316 
75400.000000 11.000000 6.012138 0.216091 
75500.000000 25.000000 -7.845120 423.904358 
75600.000000 0.000000 15.000000 340.396912 
75700.000000 24.000000 -7.962542 438.550812 
75800.000000 27.000000 -11.780896 616.803894 
75900.000000 0.000000 15.000000 245.280136 
76000.000000 11.000000 4.844408 0.506163 
76100.000000 14.000000 2.515315 27.862951 
76200.000000 26.000000 -7.131115 275.609985 
76300.000000 15.000000 1.790823 245.803848 
76400.000000 23.000000 -5.217465 546.223999 
76500.000000 13.000000 3.828900 75.807480 
76600.000000 9.000000 4.749424 4.751709 
76700.000000 27.000000 -10.603912 30.279018 
76800.000000 12.000000 5.658708 188.376663 
76900.000000 9.000000 5.223700 52.597443 
77000.000000 7.000000 8.544509 2.342774 
77100.000000 2.000000 14.825915 29.663296 
77200.000000 27.000000 -9.852568 210.809586 
77300.000000 9.000000 7.201461 215.403137 
77400.000000 26.000000 -9.892570 373.952332 
77500.000000 19.000000 0.909147 549.466553 
77600.000000 18.000000 -0.103082 594.182922 
77700.000000 0.000000 15.000000 49.542191 
77800.000000 8.000000 8.174260 18.537939 
77900.000000 0.000000 15.000000 60.586735 
78000.000000 17.000000 1.346648 32.914207 
78100.000000 5.000000 13.284428 36.027252 
78200.000000 9.000000 7.442546 17.695276 
78300.000000 15.000000 3.209315 9.845469 
78400.000000 13.000000 3.658435 2.406958 
78500.000000 27.000000 -9.874850 520.858704 
78600.000000 27.000000 -10.214246 980.862000 
78700.000000 23.000000 -7.040285 682.255066 
78800.000000 17.000000 -0.886761 867.192200 
78900.000000 24.000000 -6.179003 994.118591 
79000.000000 17.000000 -0.185027 468.948395 
79100.000000 16.000000 -1.962269 207.719833 
79200.000000 18.000000 -2.986350 700.800598 
79300.000000 8.000000 6.205462 99.898956 
79400.000000 27.000000 -9.888940 201.766220 
79500.000000 11.000000 6.309207 277.182983 
79600.000000 17.000000 0.361186 47.690830 
79700.000000 18.000000 -1.027752 372.793793 
79800.000000 7.000000 8.135543 448.649872 
79900.000000 0.000000 15.000000 77.542305 
80000.000000 27.000000 -10.389270 221.958527 
80100.000000 1.000000 15.000000 167.861923 
80200.000000 9.000000 5.836589 6.153837 
80300.000000 12.000000 5.685175 183.604706 
80400.000000 27.000000 -11.362370 527.549866 
80500.000000 9.000000 8.341852 691.513000 
80600.000000 7.000000 10.398347 67.290497 
80700.000000 9.000000 8.648219 66.196831 
80800.000000 4.000000 14.302999 7.175769 
80900.000000 20.000000 -4.041683 59.589844 
81000.000000 25.000000 -8.408003 411.245789 
81100.000000 25.000000 -8.319895 546.369202 
81200.000000 25.000000 -8.420160 948.852417 
81300.000000 24.000000 -5.205595 951.947449 
81400.000000 27.000000 -9.927794 712.794739 
81500.000000 9.000000 7.185257 289.242188 
81600.000000 8.000000 9.216947 166.636703 
81700.000000 12.000000 6.101447 15.429515 
81800.000000 6.000000 9.803782 11.890326 
81900.000000 16.000000 -0.867370 11.641048 
82000.000000 27.000000 -9.865788 253.370804 
82100.000000 25.000000 -7.617317 471.950775 
82200.000000 13.000000 2.244013 70.950661 
82300.000000 0.000000 15.000000 1.085522 
82400.000000 8.000000 8.600257 52.565315 
82500.000000 22.000000 -7.591378 47.136040 
82600.000000 9.000000 10.479039 368.252686 
82700.000000 1.000000 15.000000 1.707417 
82800.000000 14.000000 3.945987 15.023113 
82900.000000 9.000000 9.325916 105.539597 
83000.000000 11.000000 6.287029 227.938416 
83100.000000 9.000000 8.174994 0.342847 
83200.000000 10.000000 6.047523 2.668725 
83300.000000 1.000000 13.970840 85.128242 
83400.000000 20.000000 -2.729010 73.771248 
83500.000000 26.000000 -9.244789 466.894775 
83600.000000 24.000000 -6.723134 809.564575 
83700.000000 16.000000 -1.566196 892.306885 
83800.000000 1.000000 15.000000 358.853455 
83900.000000 15.000000 -2.271249 168.537384 
84000.000000 23.000000 -5.807436 53.133839 
84100.000000 24.000000 -5.138453 102.238998 
84200.000000 24.000000 -9.727357 269.861481 
84300.000000 0.000000 15.000000 1.040634 
84400.000000 4.000000 10.948329 56.500053 
84500.000000 0.000000 14.705712 4.977325 
84600.000000 18.000000 -2.123038 2.862890 
84700.000000 27.000000 -10.023356 273.324738 
84800.000000 26.000000 -8.464077 641.126465 
84900.000000 14.000000 4.719259 309.777130 
85000.000000 12.000000 4.453620 590.958557 
85100.000000 6.000000 12.363472 6.413757 
85200.000000 19.000000 -3.010251 122.689911 
85300.000000 5.000000 11.736482 292.413727 
85400.000000 10.000000 8.584724 525.631409 
85500.000000 21.000000 -6.304322 389.251221 
85600.000000 9.000000 8.068887 212.753464 
85700.000000 17.000000 -1.064020 201.401291 
85800.000000 15.000000 1.758301 171.399109 
85900.000000 14.000000 2.221375 482.838623 
86000.000000 13.000000 4.038752 535.074402 
86100.000000 26.000000 -9.938586 473.876373 
86200.000000 25.000000 -5.811188 580.654480 
86300.000000 19.000000 -2.382403 824.397888 
86400.000000 10.000000 7.821963 113.828224 
86500.000000 7.000000 10.034745 0.382887 
86600.000000 24.000000 -6.573204 35.978630 
86700.000000 27.000000 -11.591359 372.179047 
86800.000000 19.000000 -4.455219 826.489990 
86900.000000 27.000000 -11.295692 629.982422 
87000.000000 18.000000 -0.129327 611.139160 
87100.000000 17.000000 -0.951298 167.363586 
87200.000000 5.000000 12.781822 0.065316 
87300.000000 0.000000 15.000000 104.184654 
87400.000000 17.000000 1.645131 115.887657 
87500.000000 8.000000 9.804494 48.258312 
87600.000000 27.000000 -9.925829 549.674927 
87700.000000 24.000000 -6.144488 884.607361 
87800.000000 0.000000 15.000000 33.552395 
87900.000000 3.000000 13.209855 1.876626 
88000.000000 8.000000 10.701412 10.575210 
88100.000000 7.000000 7.961972 93.366920 
88200.000000 0.000000 15.000000 94.026840 
88300.000000 27.000000 -10.256063 36.946167 
88400.000000 21.000000 -4.888925 56.584778 
88500.000000 27.000000 -10.165337 167.418289 
88600.000000 27.000000 -10.036890 337.304260 
88700.000000 27.000000 -10.251651 801.504211 
88800.000000 27.000000 -10.251604 1119.953491 
88900.000000 10.000000 7.401503 942.566406 
89000.000000 4.000000 10.378582 84.556946 
89100.000000 4.000000 12.788486 9.003856 
89200.000000 27.000000 -9.334674 30.566200 
89300.000000 21.000000 -4.069628 543.815430 
89400.000000 23.000000 -4.285733 940.860352 
89500.000000 24.000000 -7.530082 313.273560 
89600.000000 11.000000 5.843809 217.132126 
89700.000000 3.000000 13.693426 11.913638 
89800.000000 20.000000 -4.963292 35.551826 
89900.000000 19.000000 -1.721823 402.997986 
90000.000000 11.000000 4.775214 571.299866 
90100.000000 13.000000 3.895568 264.317535 
90200.000000 18.000000 -0.897081 2.591994 
90300.000000 17.000000 -1.923844 103.625900 
90400.000000 23.000000 -6.957335 410.555481 
90500.000000 14.000000 4.019541 702.876160 
90600.000000 27.000000 -10.263901 1014.592896 
90700.000000 27.000000 -9.902303 1217.951538 
90800.000000 1.000000 15.000000 137.806305 
90900.000000 0.000000 15.000000 5.677558 
91000.000000 8.000000 6.409914 21.726879 
91100.000000 27.000000 -9.980989 329.035492 
91200.000000 21.000000 -3.566335 476.470551 
91300.000000 4.000000 11.944855 30.214611 
91400.000000 18.000000 -0.566656 366.886353 
91500.000000 10.000000 6.665565 2.309556 
91600.000000 1.000000 15.000000 17.096556 
91700.000000 0.000000 14.665226 118.039246 
91800.000000 27.000000 -9.851511 142.940384 
91900.000000 14.000000 1.744677 161.905762 
92000.000000 27.000000 -9.859659 699.347168 
92100.000000 21.000000 -6.051949 458.611908 
92200.000000 17.000000 -0.827814 265.377289 
92300.000000 14.000000 2.221922 234.935303 
92400.000000 0.000000 15.000000 1.436015 
92500.000000 4.000000 12.192302 0.231083 
92600.000000 24.000000 -10.242788 103.935432 
92700.000000 23.000000 -6.241095 576.906738 
92800.000000 26.000000 -10.207734 670.139771 
92900.000000 27.000000 -9.615149 720.525452 
93000.000000 10.000000 4.621611 654.375610 
93100.000000 12.000000 4.348806 74.893997 
93200.000000 0.000000 14.938000 14.627784 
93300.000000 0.000000 15.000000 105.892616 
93400.000000 4.000000 13.090389 126.009796 
93500.000000 27.000000 -10.526694 0.155422 
93600.000000 19.000000 -0.778623 418.731598 
93700.000000 15.000000 0.748661 490.963135 
93800.000000 9.000000 7.070570 591.994995 
93900.000000 4.000000 11.576332 30.898500 
94000.000000 27.000000 -10.095685 452.017609 
94100.000000 1.000000 13.912385 315.540985 
94200.000000 13.000000 4.596892 230.670700 
94300.000000 14.000000 0.715440 50.143051 
94400.000000 21.000000 -4.291969 79.257446 
94500.000000 12.000000 5.031793 85.558723 
94600.000000 0.000000 15.000000 0.659339 
94700.000000 2.000000 14.449765 37.439178 
94800.000000 0.000000 15.000000 61.014446 
94900.000000 11.000000 5.122949 3.302851 
95000.000000 24.000000 -7.093021 419.665802 
95100.000000 19.000000 -5.825405 633.678406 
95200.000000 2.000000 13.591407 132.943619 
95300.000000 0.000000 15.000000 3.684352 
95400.000000 13.000000 -0.343532 14.171246 
95500.000000 18.000000 0.294932 149.228104 
95600.000000 0.000000 15.000000 176.794312 
95700.000000 0.000000 15.000000 20.377529 
95800.000000 25.000000 -9.004431 13.268723 
95900.000000 5.000000 12.960407 27.171793 
96000.000000 19.000000 -2.244782 10.894535 
96100.000000 24.000000 -7.402061 318.738892 
96200.000000 21.000000 -4.105340 791.037720 
96300.000000 22.000000 -4.871521 984.434937 
96400.000000 0.000000 15.000000 234.483047 
96500.000000 9.000000 7.911222 0.377860 
96600.000000 13.000000 5.888690 94.278137 
96700.000000 8.000000 7.300550 25.619570 
96800.000000 16.000000 -0.061589 113.947098 
96900.000000 26.000000 -10.854634 91.828865 
97000.000000 6.000000 10.441680 0.385816 
97100.000000 15.000000 -0.360059 1.829312 
97200.000000 26.000000 -10.176595 233.835663 
97300.000000 22.000000 -6.492373 643.157715 
97400.000000 1.000000 15.000000 184.648712 
97500.000000 9.000000 6.858822 6.644034 
97600.000000 0.000000 15.000000 28.236469 
97700.000000 27.000000 -10.089959 39.516541 
97800.000000 0.000000 15.000000 0.000719 
97900.000000 17.000000 0.135931 5.779950 
98000.000000 0.000000 15.000000 26.456200 
98100.000000 6.000000 12.545333 31.354275 
98200.000000 18.000000 -1.620503 51.892559 
98300.000000 27.000000 -10.367961 11.053886 
98400.000000 27.000000 -10.510116 496.941925 
98500.000000 0.000000 15.000000 61.005363 
98600.000000 17.000000 -0.708646 277.321838 
98700.000000 17.000000 1.250749 21.947451 
98800.000000 27.000000 -11.504135 195.442978 
98900.000000 16.000000 1.795197 531.451416 
99000.000000 5.000000 10.178985 383.478729 
99100.000000 7.000000 10.694751 184.994202 
99200.000000 10.000000 6.030005 24.365421 
99300.000000 2.000000 15.000000 34.268597 
99400.000000 11.000000 5.729443 18.850828 
99500.000000 27.000000 -9.707073 415.501892 
99600.000000 21.000000 -2.789592 699.303711 
99700.000000 27.000000 -9.707049 806.154846 
99800.000000 15.000000 -1.301792 281.279358 
99900.000000 18.000000 -4.024678 100.290375 
100000.000000 27.000000 -10.658496 388.830017 
100100.000000 7.000000 9.995761 603.780029 
100200.000000 27.000000 -11.228799 441.259827 
100300.000000 4.000000 13.218239 224.258316 
100400.000000 27.000000 -10.304761 314.604614 
100500.000000 6.000000 8.615482 239.774521 
100600.000000 27.000000 -9.973035 554.614563 
100700.000000 9.000000 7.624925 375.636108 
100800.000000 19.000000 -3.518839 317.355133 
100900.000000 20.000000 -3.782247 399.578369 
101000.000000 6.000000 11.202806 403.603363 
101100.000000 0.000000 15.000000 22.492313 
101200.000000 1.000000 15.000000 0.018393 
101300.000000 12.000000 3.871956 11.241224 
101400.000000 27.000000 -9.913478 527.437927 
101500.000000 22.000000 -5.877822 463.004120 
101600.000000 26.000000 -9.504637 335.454132 
101700.000000 22.000000 -8.579169 467.814941 
101800.000000 27.000000 -9.985438 873.792236 
101900.000000 14.000000 2.022592 673.562805 
102000.000000 27.000000 -11.304487 823.806335 
102100.000000 4.000000 12.372293 202.257339 
102200.000000 22.000000 -5.509271 129.250900 
102300.000000 27.000000 -9.968997 531.758667 
102400.000000 1.000000 14.140804 10.221466 
102500.000000 21.000000 -4.267506 377.381714 
102600.000000 8.000000 6.493589 37.382225 
102700.000000 26.000000 -8.967437 339.918488 
102800.000000 18.000000 -0.778153 466.012482 
102900.000000 16.000000 1.693508 567.966370 
103000.000000 17.000000 -3.328405 803.782532 
103100.000000 10.000000 3.963017 492.192810 
103200.000000 27.000000 15.000000 385.718048 
103300.000000 10.000000 7.610000 406.958099 
103400.000000 0.000000 15.000000 83.051811 
103500.000000 3.000000 11.866761 17.902346 
103600.000000 27.000000 -9.717820 339.766357 
103700.000000 0.000000 15.000000 74.329208 
103800.000000 25.000000 -8.776640 11.867452 
103900.000000 6.000000 10.800986 12.195139 
104000.000000 1.000000 13.207677 0.023758 
104100.000000 18.000000 0.615268 194.984070 
104200.000000 23.000000 -7.190956 638.699219 
104300.000000 3.000000 14.329480 99.621597 
104400.000000 19.000000 -3.591510 16.581739 
104500.000000 27.000000 -11.777060 325.592773 
104600.000000 27.000000 -9.456911 688.911621 
104700.000000 27.000000 -10.016877 819.083496 
104800.000000 0.000000 15.000000 222.925049 
104900.000000 10.000000 5.668489 0.894354 
105000.000000 27.000000 -10.157572 516.999329 
105100.000000 0.000000 15.000000 18.861031 
105200.000000 27.000000 -9.880111 39.272572 
105300.000000 19.000000 -1.802296 463.413055 
105400.000000 0.000000 15.000000 152.248672 
105500.000000 0.000000 15.000000 23.939457 
105600.000000 27.000000 -8.749856 74.499573 
105700.000000 24.000000 -8.502687 584.599731 
105800.000000 2.000000 9.884870 258.329559 
105900.000000 26.000000 -10.690464 42.680206 
106000.000000 20.000000 -4.658070 644.297424 
106100.000000 3.000000 13.502330 16.761179 
106200.000000 0.000000 15.000000 48.875576 
106300.000000 27.000000 -10.764647 75.200325 
106400.000000 21.000000 -4.137905 206.051468 
106500.000000 0.000000 15.000000 3.169437 
106600.000000 6.000000 11.391459 6.661487 
106700.000000 1.000000 14.724860 4.521718 
106800.000000 4.000000 13.345604 1.175751 
106900.000000 16.000000 1.968271 4.713875 
107000.000000 12.000000 5.113719 126.259506 
107100.000000 1.000000 15.000000 13.847873 
107200.000000 0.000000 15.000000 6.831782 
107300.000000 19.000000 1.594118 20.431366 
107400.000000 1.000000 14.841169 24.242050 
107500.000000 12.000000 4.731702 7.504073 
107600.000000 27.000000 -8.569282 270.349396 
107700.000000 0.000000 15.000000 335.867035 
107800.000000 13.000000 5.077879 0.354793 
107900.000000 17.000000 -0.784470 139.508026 
108000.000000 17.000000 1.188656 352.229706 
108100.000000 1.000000 15.000000 25.456308 
108200.000000 24.000000 -1.758581 11.253459 
108300.000000 13.000000 3.265172 63.748211 
108400.000000 0.000000 15.000000 0.065621 
108500.000000 0.000000 15.000000 56.484993 
108600.000000 27.000000 -9.257513 15.254889 
108700.000000 19.000000 -0.707718 105.287407 
108800.000000 2.000000 15.000000 21.900198 
108900.000000 12.000000 5.883244 9.785137 
109000.000000 5.000000 11.227641 188.677017 
109100.000000 24.000000 -7.057005 283.975983 
109200.000000 2.000000 10.838641 554.895569 
109300.000000 27.000000 -9.264109 578.102295 
109400.000000 26.000000 -8.499473 425.503784 
109500.000000 3.000000 13.089589 220.033630 
109600.000000 17.000000 1.093742 196.130142 
109700.000000 19.000000 -2.868018 230.781631 
109800.000000 27.000000 -8.972366 625.596558 
109900.000000 14.000000 2.709470 472.900635 
110000.000000 27.000000 -11.095633 345.395813 
110100.000000 27.000000 -11.467251 658.095459 
110200.000000 21.000000 -0.012962 482.165588 
110300.000000 27.000000 -13.473001 995.062500 
110400.000000 27.000000 -11.122660 1067.312134 
110500.000000 15.000000 3.687072 730.855408 
110600.000000 0.000000 14.152899 17.018295 
110700.000000 0.000000 15.000000 4.023018 
110800.000000 27.000000 -8.919016 209.345642 
110900.000000 13.000000 6.870253 94.667061 
111000.000000 27.000000 -8.300780 603.240295 
111100.000000 7.000000 -8.074047 405.750488 
111200.000000 27.000000 -8.786979 750.787231 
111300.000000 17.000000 -1.131146 489.701141 
111400.000000 3.000000 13.743333 161.641907 
111500.000000 27.000000 -8.040151 175.241562 
111600.000000 15.000000 3.343186 74.262756 
111700.000000 5.000000 11.811934 1.756183 
111800.000000 22.000000 -6.366407 17.626926 
111900.000000 9.000000 5.915742 116.918282 
112000.000000 26.000000 -8.617211 349.216095 
112100.000000 13.000000 4.859134 164.543427 
112200.000000 24.000000 -5.149185 527.668457 
112300.000000 23.000000 -5.266324 742.450134 
112400.000000 27.000000 -9.141966 1116.533936 
112500.000000 20.000000 -2.818605 780.313660 
112600.000000 0.000000 13.854886 17.474890 
112700.000000 13.000000 1.384487 6.490633 
112800.000000 0.000000 -6.382770 185.904755 
112900.000000 0.000000 -14.934676 283.767303 
113000.000000 21.000000 -5.102564 502.655731 
113100.000000 9.000000 7.788587 51.624916 
113200.000000 13.000000 3.912704 380.070465 
113300.000000 5.000000 5.050840 371.457458 
113400.000000 22.000000 -4.500853 53.605854 
113500.000000 27.000000 -10.112265 659.852966 
113600.000000 12.000000 4.302998 451.843414 
113700.000000 27.000000 -10.498351 569.190063 
113800.000000 21.000000 -4.370454 931.142151 
113900.000000 9.000000 -7.884949 344.600739 
114000.000000 21.000000 -5.816396 559.722778 
114100.000000 0.000000 -9.023570 365.423035 
114200.000000 8.000000 -12.701230 342.933899 
114300.000000 10.000000 7.062616 249.900360 
114400.000000 26.000000 7.738163 156.219437 
114500.000000 16.000000 -4.254082 245.423508 
114600.000000 27.000000 -9.935382 349.149078 
114700.000000 27.000000 -10.158108 404.044220 
114800.000000 18.000000 1.436758 519.280701 
114900.000000 8.000000 5.809610 114.267876 
115000.000000 0.000000 15.000000 0.066942 
115100.000000 8.000000 8.341451 0.814131 
115200.000000 3.000000 13.837211 23.807259 
115300.000000 27.000000 -9.592045 106.588074 
115400.000000 20.000000 -6.492392 447.300934 
115500.000000 22.000000 -7.255669 485.420349 
115600.000000 20.000000 -0.842158 388.137451 
115700.000000 27.000000 -10.202626 807.512878 
115800.000000 27.000000 -9.859088 1137.012451 
115900.000000 26.000000 -10.183458 1045.479614 
116000.000000 0.000000 15.000000 377.708374 
116100.000000 24.000000 -9.600058 316.367676 
116200.000000 0.000000 0.972050 324.792999 
116300.000000 0.000000 15.000000 15.382614 
116400.000000 0.000000 6.687678 149.490234 
116500.000000 13.000000 2.736065 160.156265 
116600.000000 22.000000 -6.855058 356.413330 
116700.000000 18.000000 -1.851116 446.245789 
116800.000000 20.000000 -5.237770 608.165833 
116900.000000 27.000000 -9.452415 212.968964 
117000.000000 24.000000 -9.151336 400.553864 
117100.000000 24.000000 -7.578333 841.895325 
117200.000000 8.000000 7.739403 134.514450 
117300.000000 6.000000 12.434622 9.042723 
117400.000000 8.000000 9.035064 20.929424 
117500.000000 27.000000 -9.823497 199.356079 
117600.000000 3.000000 -7.716077 258.539764 
117700.000000 19.000000 -6.956756 508.550293 
117800.000000 26.000000 -8.568991 694.540833 
117900.000000 15.000000 1.908089 34.152222 
118000.000000 20.000000 -4.220541 52.829571 
118100.000000 11.000000 6.649055 221.861374 
118200.000000 27.000000 -9.694144 357.199310 
118300.000000 8.000000 8.392407 60.854389 
118400.000000 20.000000 -3.405060 6.146636 
118500.000000 17.000000 0.914402 37.710690 
118600.000000 0.000000 14.940223 88.632797 
118700.000000 7.000000 9.719882 2.929891 
118800.000000 27.000000 -10.279119 353.084625 
118900.000000 27.000000 -11.621773 648.961853 
119000.000000 8.000000 7.814895 198.809143 
119100.000000 14.000000 2.261011 354.188873 
119200.000000 13.000000 4.695189 33.908730 
119300.000000 23.000000 -6.950162 4.500351 
119400.000000 22.000000 -5.091926 534.009949 
119500.000000 16.000000 0.456801 707.606812 
119600.000000 8.000000 7.117118 35.411350 
119700.000000 27.000000 -11.470103 352.692139 
119800.000000 22.000000 -4.899889 436.756561 
119900.000000 27.000000 -7.033741 672.890381 
120000.000000 7.000000 11.246769 391.396698 
120100.000000 0.000000 15.000000 49.068195 
120200.000000 0.000000 15.000000 47.369247 
120300.000000 19.000000 -0.878939 26.547098 
120400.000000 0.000000 15.000000 6.397129 
120500.000000 9.000000 6.372065 9.390598 
120600.000000 6.000000 11.180878 16.125134 
120700.000000 14.000000 4.166429 38.171749 
120800.000000 27.000000 -9.878139 484.712616 
120900.000000 6.000000 10.631612 56.842979 
121000.000000 4.000000 12.049311 7.238249 
121100.000000 3.000000 13.787838 66.122551 
121200.000000 13.000000 1.123795 29.069912 
121300.000000 6.000000 11.140712 121.215279 
121400.000000 1.000000 15.000000 3.425385 
121500.000000 0.000000 14.968001 3.027910 
121600.000000 21.000000 -7.352677 243.841644 
121700.000000 22.000000 -4.312959 790.174072 
121800.000000 14.000000 2.326527 763.588135 
121900.000000 9.000000 7.685903 191.227066 
122000.000000 5.000000 10.088209 16.190643 
122100.000000 27.000000 -9.729050 328.697357 
122200.000000 5.000000 10.967583 155.577713 
122300.000000 7.000000 9.133772 9.590469 
122400.000000 22.000000 -6.128858 410.729340 
122500.000000 24.000000 -8.532295 460.405182 
122600.000000 14.000000 4.006918 300.402954 
122700.000000 27.000000 -9.351178 618.677856 
122800.000000 21.000000 -2.802181 863.527588 
122900.000000 11.000000 6.719916 200.559937 
123000.000000 25.000000 -8.652486 299.916321 
123100.000000 3.000000 13.385093 8.600465 
123200.000000 27.000000 -9.733627 120.431038 
123300.000000 8.000000 9.275064 26.396118 
123400.000000 13.000000 2.940164 2.169274 
123500.000000 12.000000 5.417778 317.341278 
123600.000000 2.000000 14.487901 0.367395 
123700.000000 0.000000 15.000000 35.372971 
123800.000000 20.000000 -2.338171 100.966125 
123900.000000 14.000000 5.176211 141.705383 
124000.000000 21.000000 -4.734498 72.128929 
124100.000000 0.000000 15.000000 85.316170 
124200.000000 25.000000 -8.018713 296.398132 
124300.000000 27.000000 -6.567933 268.528290 
124400.000000 23.000000 -5.117413 584.003662 
124500.000000 27.000000 -10.210793 832.653809 
124600.000000 2.000000 14.096241 185.923035 
124700.000000 27.000000 -9.962770 237.441345 
124800.000000 27.000000 -10.242367 508.152496 
124900.000000 27.000000 -10.251409 559.110046 
125000.000000 27.000000 -10.375297 874.529724 
125100.000000 10.000000 3.789463 683.843201 
125200.000000 19.000000 -3.271803 423.930664 
125300.000000 27.000000 -11.114011 363.656738 
125400.000000 3.000000 14.558582 614.137939 
125500.000000 9.000000 8.048087 294.358124 
125600.000000 27.000000 -9.271349 692.538269 
125700.000000 14.000000 3.606985 189.302231 
125800.000000 27.000000 -8.576874 460.467804 
125900.000000 25.000000 -7.115866 758.507446 
126000.000000 0.000000 15.000000 30.428053 
126100.000000 18.000000 -0.033175 6.477794 
126200.000000 9.000000 7.181693 12.211831 
126300.000000 17.000000 -1.337055 0.653141 
126400.000000 11.000000 7.617120 36.965534 
126500.000000 20.000000 -5.129452 210.446075 
126600.000000 2.000000 13.572363 187.156860 
126700.000000 6.000000 10.590438 128.267365 
126800.000000 0.000000 15.000000 23.435074 
126900.000000 13.000000 1.097468 7.535532 
127000.000000 25.000000 -8.210734 378.907257 
127100.000000 24.000000 -3.844168 442.920776 
127200.000000 27.000000 -9.731358 873.571106 
127300.000000 20.000000 -4.135918 322.782135 
127400.000000 27.000000 -9.475291 629.702515 
127500.000000 0.000000 15.000000 155.172760 
127600.000000 0.000000 15.000000 14.593423 
127700.000000 0.000000 15.000000 80.240982 
127800.000000 13.000000 3.007357 0.506610 
127900.000000 16.000000 0.116981 151.478714 
128000.000000 18.000000 -0.532023 341.071533 
128100.000000 8.000000 9.106336 37.947021 
128200.000000 0.000000 15.000000 38.967739 
128300.000000 7.000000 10.075229 43.812000 
128400.000000 1.000000 14.979619 6.813287 
128500.000000 26.000000 -9.367177 185.752518 
128600.000000 10.000000 8.623754 412.225586 
128700.000000 20.000000 -3.281305 415.037872 
128800.000000 0.000000 14.699178 39.122910 
128900.000000 27.000000 -10.189629 191.639832 
129000.000000 24.000000 -8.450679 195.154053 
129100.000000 21.000000 -3.599615 509.313629 
129200.000000 27.000000 -10.088217 899.904541 
129300.000000 2.000000 14.698970 347.328918 
129400.000000 2.000000 14.369120 3.110641 
129500.000000 4.000000 11.468166 65.636940 
129600.000000 10.000000 7.288039 8.057560 
129700.000000 0.000000 15.000000 3.158263 
129800.000000 1.000000 13.655821 31.496700 
129900.000000 0.000000 15.000000 17.557087 
130000.000000 0.000000 15.000000 99.465836 
130100.000000 5.000000 10.637722 1.854288 
130200.000000 4.000000 10.715755 48.021614 
130300.000000 5.000000 11.878887 39.508343 
130400.000000 0.000000 15.000000 48.184181 
130500.000000 4.000000 13.191729 54.113506 
130600.000000 4.000000 12.709594 87.825981 
130700.000000 25.000000 -8.369338 4.157833 
130800.000000 10.000000 5.569162 176.583572 
130900.000000 24.000000 -8.169131 274.003113 
131000.000000 4.000000 13.902959 59.305447 
131100.000000 15.000000 -0.019751 4.839303 
131200.000000 1.000000 15.000000 15.455867 
131300.000000 10.000000 8.088523 34.820728 
131400.000000 18.000000 -0.939844 120.377274 
131500.000000 16.000000 0.366056 178.854889 
131600.000000 0.000000 15.000000 31.047052 
131700.000000 0.000000 15.000000 33.665337 
131800.000000 20.000000 -3.284132 64.423615 
131900.000000 25.000000 -7.806442 624.439392 
132000.000000 18.000000 -0.798457 347.387299 
132100.000000 2.000000 12.370861 52.677593 
132200.000000 25.000000 -5.998411 45.142780 
132300.000000 6.000000 11.170964 75.004036 
132400.000000 6.000000 7.959496 34.728107 
132500.000000 0.000000 14.677144 4.828681 
132600.000000 3.000000 13.348899 0.422051 
132700.000000 25.000000 -5.379374 194.436874 
132800.000000 24.000000 -6.094807 498.887115 
132900.000000 5.000000 11.681834 381.003448 
133000.000000 11.000000 5.247750 12.714022 
133100.000000 13.000000 3.667054 2.519175 
133200.000000 25.000000 -8.937185 278.810028 
133300.000000 4.000000 13.108887 20.583796 
133400.000000 0.000000 15.000000 34.169052 
133500.000000 6.000000 8.700897 116.316284 
133600.000000 6.000000 9.919166 9.314486 
133700.000000 23.000000 -5.604832 355.471588 
133800.000000 14.000000 3.291698 140.459015 
133900.000000 27.000000 -9.598216 169.815048 
134000.000000 19.000000 -3.745290 94.887886 
134100.000000 1.000000 14.143419 0.006072 
134200.000000 14.000000 0.049539 1.853873 
134300.000000 19.000000 -1.747844 357.368622 
134400.000000 11.000000 6.049894 164.115555 
134500.000000 5.000000 9.610341 220.342941 
134600.000000 2.000000 13.067908 72.628387 
134700.000000 27.000000 -10.284535 255.671188 
134800.000000 22.000000 -4.354870 752.585083 
134900.000000 10.000000 8.463450 71.398712 
135000.000000 1.000000 13.963497 13.551767 
135100.000000 27.000000 -11.817288 191.774124 
135200.000000 20.000000 -2.631626 252.091568 
135300.000000 6.000000 10.082358 293.251007 
135400.000000 9.000000 6.405375 268.446106 
135500.000000 22.000000 -5.723322 389.559906 
135600.000000 27.000000 -10.277889 685.326599 
135700.000000 24.000000 -9.101875 820.453796 
135800.000000 9.000000 7.544683 749.968628 
135900.000000 2.000000 13.886795 13.854550 
136000.000000 21.000000 -5.325759 239.163696 
136100.000000 4.000000 11.741661 27.390310 
136200.000000 22.000000 -7.550083 99.966835 
136300.000000 25.000000 -9.567397 652.739868 
136400.000000 0.000000 15.000000 237.233047 
136500.000000 14.000000 -0.278720 0.266919 
136600.000000 16.000000 -1.642967 392.480530 
136700.000000 15.000000 2.448511 6.289944 
136800.000000 13.000000 2.557629 162.807388 
136900.000000 27.000000 -10.147416 604.170227 
137000.000000 1.000000 15.000000 16.707436 
137100.000000 10.000000 5.029501 17.341227 
137200.000000 20.000000 -1.795663 40.358971 
137300.000000 15.000000 2.043095 126.458069 
137400.000000 18.000000 -1.072260 137.266418 
137500.000000 7.000000 8.606956 127.628517 
137600.000000 11.000000 4.220889 10.838707 
137700.000000 0.000000 15.000000 12.177120 
137800.000000 10.000000 4.694305 47.651821 
137900.000000 7.000000 10.918426 4.347714 
138000.000000 25.000000 -6.921545 131.480240 
138100.000000 27.000000 -8.922424 605.280151 
138200.000000 27.000000 -9.818470 933.111206 
138300.000000 11.000000 6.146316 475.020874 
138400.000000 23.000000 -6.062931 83.092293 
138500.000000 0.000000 15.000000 1.221896 
138600.000000 27.000000 -10.322192 200.729965 
138700.000000 26.000000 -11.820846 494.621826 
138800.000000 5.000000 11.670116 261.150513 
138900.000000 1.000000 15.000000 3.199960 
139000.000000 18.000000 -0.230865 88.435654 
139100.000000 2.000000 14.845271 39.922806 
139200.000000 17.000000 1.973152 11.341688 
139300.000000 15.000000 2.984082 22.467249 
139400.000000 8.000000 10.288932 22.656273 
139500.000000 5.000000 13.259522 25.345270 
139600.000000 26.000000 -3.559452 12.885856 
139700.000000 24.000000 -5.864008 43.239094 
139800.000000 2.000000 13.938251 155.714737 
139900.000000 27.000000 -8.883678 160.160309 
140000.000000 0.000000 15.000000 19.530783 
140100.000000 2.000000 15.000000 188.208023 
140200.000000 27.000000 -9.505534 129.493774 
140300.000000 10.000000 9.020117 548.287903 
140400.000000 10.000000 7.794408 4.296167 
140500.000000 18.000000 15.000000 25.924404 
140600.000000 15.000000 4.753314 0.767935 
140700.000000 0.000000 14.700422 38.310394 
140800.000000 17.000000 -0.818193 53.257015 
140900.000000 7.000000 12.197058 3.161003 
141000.000000 27.000000 -8.637266 268.973328 
141100.000000 4.000000 14.492904 198.832092 
141200.000000 27.000000 -9.548864 95.838867 
141300.000000 0.000000 15.000000 62.580704 
141400.000000 4.000000 13.894041 9.535647 
141500.000000 7.000000 12.146994 31.114393 
141600.000000 10.000000 6.785330 22.995150 
141700.000000 16.000000 0.462627 1.035719 
141800.000000 5.000000 12.613900 2.204067 
141900.000000 0.000000 15.000000 39.124687 
142000.000000 20.000000 -2.479758 0.756296 
142100.000000 27.000000 -7.414193 387.370667 
142200.000000 6.000000 10.249406 427.567444 
142300.000000 7.000000 9.791771 144.298431 
142400.000000 10.000000 7.297469 397.871887 
142500.000000 19.000000 -3.062525 234.956177 
142600.000000 25.000000 -6.067796 319.554504 
142700.000000 27.000000 -10.097818 896.463928 
142800.000000 2.000000 12.998924 80.702255 
142900.000000 0.000000 14.035466 12.273383 
143000.000000 15.000000 1.514953 0.030823 
143100.000000 22.000000 -6.441583 161.317688 
143200.000000 27.000000 -9.991554 750.137695 
143300.000000 18.000000 -2.668492 52.591114 
143400.000000 11.000000 3.866994 459.239349 
143500.000000 27.000000 -11.705065 805.175049 
143600.000000 3.000000 12.702748 264.128845 
143700.000000 11.000000 6.417617 346.315643 
143800.000000 10.000000 8.277482 554.223083 
143900.000000 17.000000 -3.175340 620.901855 
144000.000000 1.000000 15.000000 5.876191 
144100.000000 12.000000 5.290628 4.731203 
144200.000000 4.000000 11.750563 15.420193 
144300.000000 9.000000 8.021030 9.628418 
144400.000000 9.000000 6.252257 264.207825 
144500.000000 20.000000 -4.042243 377.146118 
144600.000000 14.000000 1.868018 204.664871 
144700.000000 0.000000 14.945397 322.354431 
144800.000000 3.000000 14.360270 0.730200 
144900.000000 0.000000 15.000000 81.485466 
145000.000000 2.000000 13.558067 89.181648 
145100.000000 10.000000 7.566184 139.850769 
145200.000000 3.000000 12.259203 5.322519 
145300.000000 26.000000 -10.650102 224.949509 
145400.000000 27.000000 -10.592871 622.433167 
145500.000000 27.000000 -10.265141 449.984619 
145600.000000 6.000000 8.470365 191.007263 
145700.000000 6.000000 12.288700 222.290863 
145800.000000 27.000000 -11.633412 64.901573 
145900.000000 27.000000 -9.969612 664.635254 
146000.000000 27.000000 -10.688541 990.476135 
146100.000000 9.000000 4.121893 717.243225 
146200.000000 0.000000 15.000000 33.245483 
146300.000000 0.000000 14.261833 43.876045 
146400.000000 27.000000 -8.980313 0.328921 
146500.000000 27.000000 -11.979024 262.781555 
146600.000000 24.000000 -5.186001 693.589355 
146700.000000 8.000000 8.729306 272.726379 
146800.000000 0.000000 15.000000 100.047440 
146900.000000 14.000000 2.596616 28.283718 
147000.000000 7.000000 8.371724 215.807770 
147100.000000 20.000000 -3.989225 32.216908 
147200.000000 11.000000 4.515315 396.492493 
147300.000000 27.000000 -9.960245 687.475342 
147400.000000 18.000000 -1.593299 505.102051 
147500.000000 19.000000 -1.520855 797.009338 
147600.000000 22.000000 -8.239689 786.914795 
147700.000000 22.000000 -8.642271 853.334229 
147800.000000 14.000000 1.364347 289.921204 
147900.000000 22.000000 -8.526449 203.122818 
148000.000000 8.000000 12.312039 13.410520 
148100.000000 27.000000 -9.702288 38.486622 
148200.000000 13.000000 2.790678 0.996689 
148300.000000 27.000000 -9.814479 499.014923 
148400.000000 11.000000 3.688838 118.466064 
148500.000000 0.000000 15.000000 6.026886 
148600.000000 0.000000 15.000000 74.489548 
148700.000000 27.000000 -9.853610 24.698187 
148800.000000 15.000000 0.711176 264.205109 
148900.000000 0.000000 15.000000 55.671173 
149000.000000 14.000000 2.142909 1.108883 
149100.000000 14.000000 2.735342 27.214447 
149200.000000 15.000000 1.022221 25.594973 
149300.000000 22.000000 -5.260080 510.915039 
149400.000000 5.000000 9.690516 71.015938 
149500.000000 27.000000 -10.345261 253.127029 
149600.000000 27.000000 -10.318003 785.707764 
149700.000000 25.000000 -7.972501 657.642395 
149800.000000 0.000000 15.000000 128.293747 
149900.000000 1.000000 12.240231 94.338264 
150000.000000 0.000000 12.739418 34.379204 
150100.000000 17.000000 -2.530788 149.604340 
150200.000000 5.000000 10.315312 224.752853 
150300.000000 27.000000 -10.808855 535.856140 
150400.000000 27.000000 -9.966372 892.588013 
150500.000000 16.000000 -0.001933 731.083252 
150600.000000 24.000000 -8.141576 231.821198 
150700.000000 26.000000 -8.789670 775.056824 
150800.000000 3.000000 11.881334 526.600220 
150900.000000 22.000000 -5.955910 434.060791 
151000.000000 3.000000 13.442756 334.224670 
151100.000000 12.000000 4.799685 0.916797 
151200.000000 9.000000 6.030232 57.699539 
151300.000000 7.000000 6.743003 140.604172 
151400.000000 23.000000 -6.039557 224.764908 
151500.000000 26.000000 -10.604397 712.410095 
151600.000000 16.000000 0.347676 144.756317 
151700.000000 20.000000 -6.124532 362.044525 
151800.000000 8.000000 7.803506 573.754822 
151900.000000 26.000000 -10.286670 131.564011 
152000.000000 27.000000 -10.798530 558.931824 
152100.000000 1.000000 13.931151 236.170944 
152200.000000 27.000000 -9.502184 457.817535 
152300.000000 13.000000 3.598024 278.166168 
152400.000000 23.000000 -7.027496 41.235565 
152500.000000 17.000000 -0.953457 359.435425 
152600.000000 2.000000 15.000000 24.673059 
152700.000000 7.000000 8.967531 22.594067 
152800.000000 11.000000 6.265971 26.820005 
152900.000000 13.000000 3.807026 13.912462 
153000.000000 17.000000 -0.250511 103.480545 
153100.000000 27.000000 -9.770111 100.891335 
153200.000000 0.000000 15.000000 2.652868 
153300.000000 14.000000 0.621720 19.704790 
153400.000000 0.000000 15.000000 37.946884 
153500.000000 0.000000 15.000000 62.512665 
153600.000000 0.000000 15.000000 2.822341 
153700.000000 0.000000 13.498651 48.442070 
153800.000000 0.000000 15.000000 27.435110 
153900.000000 16.000000 0.959402 33.228252 
154000.000000 0.000000 14.515528 53.304192 
154100.000000 1.000000 14.909435 113.840561 
154200.000000 9.000000 7.948213 0.664468 
154300.000000 10.000000 5.480749 48.599751 
154400.000000 21.000000 -4.557438 229.371552 
154500.000000 25.000000 -6.697783 217.140594 
154600.000000 0.000000 15.000000 48.978680 
154700.000000 17.000000 -0.736603 17.914686 
154800.000000 11.000000 3.830508 0.629409 
154900.000000 1.000000 15.000000 4.756050 
155000.000000 9.000000 7.446153 25.150286 
155100.000000 27.000000 -9.529381 1.775286 
155200.000000 0.000000 15.000000 11.957472 
155300.000000 0.000000 15.000000 57.854042 
155400.000000 3.000000 14.183852 120.575829 
155500.000000 19.000000 -1.951714 7.700765 
155600.000000 5.000000 12.924134 314.365814 
155700.000000 27.000000 -9.967257 269.696259 
155800.000000 0.000000 14.265031 110.339500 
155900.000000 0.000000 15.000000 16.094971 
156000.000000 0.000000 14.253178 113.642227 
156100.000000 3.000000 14.499863 48.725727 
156200.000000 11.000000 4.951458 105.005913 
156300.000000 3.000000 14.557842 29.025463 
156400.000000 10.000000 5.315497 84.673851 
156500.000000 27.000000 -9.975439 272.955597 
156600.000000 18.000000 -0.547745 509.756134 
156700.000000 14.000000 3.095948 62.022728 
156800.000000 0.000000 14.422231 17.685240 
156900.000000 5.000000 12.663061 27.385660 
157000.000000 17.000000 -0.839852 91.926788 
157100.000000 17.000000 -0.997104 333.663361 
157200.000000 22.000000 -6.721535 540.389465 
157300.000000 27.000000 -9.966495 569.875916 
157400.000000 9.000000 5.170995 651.939758 
157500.000000 26.000000 -9.200759 318.484436 
157600.000000 1.000000 14.197233 44.836929 
157700.000000 6.000000 10.783777 22.768387 
157800.000000 12.000000 4.168349 0.425896 
157900.000000 5.000000 11.041941 13.772367 
158000.000000 27.000000 -9.802435 144.913559 
158100.000000 24.000000 -7.991367 639.120605 
158200.000000 11.000000 8.586296 839.192017 
158300.000000 23.000000 -8.515292 519.180786 
158400.000000 25.000000 -9.985771 710.136292 
158500.000000 10.000000 8.764578 315.949677 
158600.000000 22.000000 -6.193368 80.072800 
158700.000000 0.000000 15.000000 250.950256 
158800.000000 8.000000 8.104731 357.557281 
158900.000000 0.000000 15.000000 0.928842 
159000.000000 10.000000 2.899155 5.350143 
159100.000000 27.000000 -9.700171 531.960632 
159200.000000 21.000000 -6.608620 371.074860 
159300.000000 22.000000 -6.790358 773.554016 
159400.000000 8.000000 8.052404 166.848663 
159500.000000 12.000000 3.958797 20.580153 
159600.000000 15.000000 2.879190 0.984839 
159700.000000 16.000000 1.626322 145.820862 
159800.000000 2.000000 12.788685 1.244495 
159900.000000 1.000000 14.908172 0.742583 
160000.000000 12.000000 5.171447 94.958221 
160100.000000 6.000000 12.715564 86.623077 
160200.000000 16.000000 0.111875 2.849087 
160300.000000 22.000000 -6.859055 274.418884 
160400.000000 2.000000 14.116310 152.076172 
160500.000000 27.000000 -10.900455 408.713562 
160600.000000 0.000000 15.000000 280.600952 
160700.000000 9.000000 8.031034 1.484772 
160800.000000 17.000000 -0.800011 96.881859 
160900.000000 24.000000 -7.491306 623.140198 
161000.000000 27.000000 -9.096948 704.520203 
161100.000000 18.000000 -2.740983 108.571236 
161200.000000 9.000000 8.642689 142.357239 
161300.000000 2.000000 12.993860 6.859754 
161400.000000 12.000000 7.264633 5.727635 
161500.000000 5.000000 13.302483 40.162830 
161600.000000 2.000000 13.563035 21.540897 
161700.000000 27.000000 -9.250101 143.319626 
161800.000000 22.000000 -4.930773 515.369934 
161900.000000 25.000000 -7.695050 276.749573 
162000.000000 17.000000 -0.685499 410.555328 
162100.000000 13.000000 3.083286 226.284195 
162200.000000 19.000000 -5.311591 21.272545 
162300.000000 21.000000 -5.656856 400.299194 
162400.000000 27.000000 -9.380077 688.146973 
162500.000000 20.000000 -1.567049 826.773071 
162600.000000 1.000000 14.301016 14.387873 
162700.000000 26.000000 -9.655491 195.087189 
162800.000000 27.000000 -8.586633 784.398254 
162900.000000 27.000000 -9.334290 895.481812 
163000.000000 24.000000 -7.241925 1115.185059 
163100.000000 27.000000 -9.205299 1095.355835 
163200.000000 21.000000 -3.642163 569.168213 
163300.000000 13.000000 4.502218 612.250488 
163400.000000 6.000000 10.816789 14.956093 
163500.000000 21.000000 -4.012065 1.364375 
163600.000000 19.000000 -3.954601 0.211719 
163700.000000 14.000000 3.106735 84.572906 
163800.000000 10.000000 5.493073 31.361942 
163900.000000 6.000000 9.021120 5.149147 
164000.000000 19.000000 -4.740094 1.576911 
164100.000000 23.000000 -8.307993 377.462128 
164200.000000 0.000000 15.000000 286.028534 
164300.000000 0.000000 15.000000 0.629586 
164400.000000 27.000000 -9.346766 94.510590 
164500.000000 15.000000 0.528837 54.354458 
164600.000000 27.000000 -10.310273 213.459534 
164700.000000 22.000000 -4.661542 656.625488 
164800.000000 0.000000 15.000000 214.737381 
164900.000000 20.000000 -1.665878 129.493164 
165000.000000 27.000000 -8.582115 610.744751 
165100.000000 23.000000 -5.040785 728.730896 
165200.000000 25.000000 -8.365255 706.329102 
165300.000000 25.000000 -9.147023 704.644714 
165400.000000 17.000000 1.360984 237.607254 
165500.000000 9.000000 7.858334 17.929180 
165600.000000 4.000000 13.484092 26.681013 
165700.000000 0.000000 14.852137 49.677872 
165800.000000 20.000000 -2.596291 94.117455 
165900.000000 5.000000 9.037598 0.042043 
166000.000000 18.000000 0.682202 9.508435 
166100.000000 22.000000 -3.169367 179.172531 
166200.000000 0.000000 15.000000 1.796575 
166300.000000 13.000000 4.753682 0.371993 
166400.000000 14.000000 1.303831 24.637407 
166500.000000 17.000000 -0.919920 474.916351 
166600.000000 1.000000 15.000000 315.653687 
166700.000000 0.000000 14.772637 58.008072 
166800.000000 27.000000 -13.694615 33.425896 
166900.000000 24.000000 -4.959090 666.821838 
167000.000000 16.000000 1.575235 400.353027 
167100.000000 5.000000 11.590107 34.730530 
167200.000000 0.000000 12.782876 30.458261 
167300.000000 5.000000 12.954101 34.912720 
167400.000000 0.000000 -16.000000 4.066506 
167500.000000 7.000000 -15.259496 101.074051 
167600.000000 3.000000 -16.000000 226.321579 
167700.000000 0.000000 -2.342606 280.695557 
167800.000000 19.000000 -3.556827 512.896851 
167900.000000 18.000000 -1.071738 263.308014 
168000.000000 7.000000 7.442554 244.579803 
168100.000000 16.000000 1.207544 213.113892 
168200.000000 19.000000 -2.226928 54.018299 
168300.000000 17.000000 -0.029298 17.958235 
168400.000000 27.000000 -8.850355 398.646698 
168500.000000 27.000000 -10.004444 706.229248 
168600.000000 22.000000 -4.633927 460.847534 
168700.000000 0.000000 15.000000 503.776215 
168800.000000 1.000000 14.044318 42.591427 
168900.000000 27.000000 -9.801969 386.095734 
169000.000000 0.000000 14.343143 67.396049 
169100.000000 0.000000 14.019946 37.332237 
169200.000000 26.000000 -10.322433 13.503645 
169300.000000 8.000000 8.976577 324.569275 
169400.000000 24.000000 -8.576738 276.341736 
169500.000000 12.000000 4.424409 231.578369 
169600.000000 0.000000 15.000000 0.255476 
169700.000000 12.000000 7.074975 13.513049 
169800.000000 26.000000 -8.001689 287.085052 
169900.000000 20.000000 -3.440284 725.597168 
170000.000000 14.000000 1.694536 728.326965 
170100.000000 0.000000 15.000000 75.405228 
170200.000000 0.000000 15.000000 30.051910 
170300.000000 16.000000 -0.407280 33.497265 
170400.000000 11.000000 5.815310 26.399975 
170500.000000 26.000000 -8.960901 393.725525 
170600.000000 14.000000 2.159411 610.300171 
170700.000000 5.000000 11.951653 234.998962 
170800.000000 0.000000 15.000000 4.657037 
170900.000000 27.000000 -11.024172 1.643807 
171000.000000 0.000000 15.000000 3.533475 
171100.000000 27.000000 -9.308365 149.802979 
171200.000000 27.000000 -10.579002 90.689522 
171300.000000 11.000000 2.172817 476.279297 
171400.000000 27.000000 -8.770784 787.139343 
171500.000000 3.000000 12.104626 216.429306 
171600.000000 18.000000 0.601524 344.314240 
171700.000000 21.000000 -2.473705 770.481140 
171800.000000 6.000000 11.528950 217.769302 
171900.000000 7.000000 10.041702 6.060995 
172000.000000 16.000000 0.723699 72.499527 
172100.000000 12.000000 4.274521 57.533962 
172200.000000 13.000000 6.096615 3.018502 
172300.000000 15.000000 2.191011 329.156311 
172400.000000 0.000000 15.000000 132.963089 
172500.000000 17.000000 1.291432 7.137750 
172600.000000 13.000000 4.242656 20.685488 
172700.000000 12.000000 5.099663 1.675674 
172800.000000 3.000000 12.721519 7.725355 
172900.000000 12.000000 3.533383 2.946169 
173000.000000 0.000000 15.000000 30.997643 
173100.000000 27.000000 -10.107501 141.301544 
173200.000000 0.000000 14.972996 34.763012 
173300.000000 24.000000 -8.007834 17.139046 
173400.000000 8.000000 6.470751 80.622169 
173500.000000 20.000000 -3.584462 494.260986 
173600.000000 27.000000 -10.546947 815.182922 
173700.000000 7.000000 10.890355 394.252594 
173800.000000 8.000000 7.249840 155.956955 
173900.000000 1.000000 13.877718 28.308268 
174000.000000 2.000000 15.000000 14.682872 
174100.000000 25.000000 -9.690945 38.033623 
174200.000000 6.000000 11.613497 0.386121 
174300.000000 20.000000 -2.191854 58.483826 
174400.000000 8.000000 10.346416 130.964661 
174500.000000 20.000000 -4.407630 176.773712 
174600.000000 22.000000 -4.356694 694.192139 
174700.000000 23.000000 -6.929776 788.439270 
174800.000000 16.000000 1.537534 576.654175 
174900.000000 11.000000 3.052872 541.232849 
175000.000000 24.000000 -10.082228 769.258301 
175100.000000 25.000000 -8.845958 896.843750 
175200.000000 24.000000 -6.668067 639.546631 
175300.000000 12.000000 3.214130 249.393890 
175400.000000 0.000000 14.782559 50.303848 
175500.000000 14.000000 2.270687 1.285579 
175600.000000 20.000000 -2.730986 266.546936 
175700.000000 19.000000 -2.371458 223.560959 
175800.000000 14.000000 2.394713 542.560547 
175900.000000 3.000000 12.653786 65.442024 
176000.000000 3.000000 13.920946 19.790451 
176100.000000 24.000000 -6.819248 7.024021 
176200.000000 10.000000 8.888319 215.988647 
176300.000000 0.000000 15.000000 5.590769 
176400.000000 10.000000 5.394197 79.285126 
176500.000000 0.000000 15.000000 7.034205 
176600.000000 14.000000 3.192762 15.387657 
176700.000000 27.000000 -10.027300 73.444077 
176800.000000 11.000000 3.708221 290.743317 
176900.000000 9.000000 9.595097 188.485947 
177000.000000 11.000000 3.164331 6.119584 
177100.000000 21.000000 -4.047070 303.649017 
177200.000000 5.000000 12.766338 2.636497 
177300.000000 0.000000 15.000000 31.497734 
177400.000000 0.000000 14.976737 36.634289 
177500.000000 4.000000 12.232471 91.633926 
177600.000000 0.000000 15.000000 48.171379 
177700.000000 23.000000 -3.175308 21.589436 
177800.000000 27.000000 -9.893035 323.954559 
177900.000000 22.000000 -4.252175 570.695374 
178000.000000 24.000000 -10.158548 366.616119 
178100.000000 4.000000 13.057373 171.500732 
178200.000000 11.000000 7.867224 214.532303 
178300.000000 19.000000 -2.673752 432.891052 
178400.000000 23.000000 -6.127209 849.703491 
178500.000000 19.000000 -2.485326 415.264526 
178600.000000 20.000000 -3.939496 101.573662 
178700.000000 27.000000 -6.814596 228.358231 
178800.000000 8.000000 10.321540 387.643250 
178900.000000 0.000000 15.000000 1.027395 
179000.000000 17.000000 -2.857686 20.516972 
179100.000000 7.000000 9.275541 46.119259 
179200.000000 2.000000 14.087152 242.320419 
179300.000000 16.000000 -0.778475 218.853516 
179400.000000 26.000000 -7.890692 689.709534 
179500.000000 13.000000 3.517004 685.312927 
179600.000000 18.000000 -4.065374 149.742798 
179700.000000 23.000000 -5.230461 531.366821 
179800.000000 0.000000 15.000000 30.398090 
179900.000000 18.000000 -1.185305 85.580406 
180000.000000 7.000000 9.192199 0.042971 
180100.000000 8.000000 8.570053 12.794098 
180200.000000 17.000000 -0.212862 117.730804 
180300.000000 0.000000 15.000000 14.456463 
180400.000000 1.000000 15.000000 5.110790 
180500.000000 6.000000 12.765663 11.834044 
180600.000000 11.000000 4.558653 50.736729 
180700.000000 12.000000 5.425132 57.901421 
180800.000000 27.000000 -10.238214 44.044174 
180900.000000 10.000000 6.569672 273.933533 
181000.000000 0.000000 15.000000 167.284180 
181100.000000 0.000000 15.000000 4.812092 
181200.000000 11.000000 6.101965 4.063771 
181300.000000 27.000000 -9.738047 299.305206 
181400.000000 26.000000 -6.807574 478.020905 
181500.000000 18.000000 -2.085736 401.875580 
181600.000000 0.000000 15.000000 12.422014 
181700.000000 27.000000 -8.460018 117.443024 
181800.000000 3.000000 12.782719 191.127106 
181900.000000 27.000000 -10.237328 33.397312 
182000.000000 0.000000 15.000000 20.559156 
182100.000000 22.000000 -4.023687 194.769089 
182200.000000 19.000000 -1.429593 196.187653 
182300.000000 27.000000 -9.823387 651.177917 
182400.000000 17.000000 0.596684 668.120850 
182500.000000 6.000000 7.772588 427.417725 
182600.000000 3.000000 13.343817 202.462463 
182700.000000 0.000000 15.000000 11.859318 
182800.000000 8.000000 8.400464 95.373451 
182900.000000 9.000000 9.573420 82.371376 
183000.000000 8.000000 8.129242 12.747251 
183100.000000 3.000000 12.335020 88.973167 
183200.000000 11.000000 6.742564 3.306666 
183300.000000 0.000000 15.000000 0.888556 
183400.000000 27.000000 -10.235673 8.749601 
183500.000000 22.000000 -4.047273 315.247253 
183600.000000 12.000000 4.848726 141.283813 
183700.000000 24.000000 -5.702631 452.003357 
183800.000000 12.000000 5.694225 91.017189 
183900.000000 20.000000 -4.398369 336.857269 
184000.000000 23.000000 -8.666886 20.479212 
184100.000000 27.000000 -8.414645 566.065613 
184200.000000 27.000000 -9.023117 630.966064 
184300.000000 25.000000 -6.349185 782.329529 
184400.000000 21.000000 -4.805728 789.772339 
184500.000000 23.000000 -6.622684 915.102539 
184600.000000 27.000000 -9.324730 1203.388306 
184700.000000 12.000000 5.258278 289.750275 
184800.000000 21.000000 -6.680726 337.933044 
184900.000000 20.000000 -2.095117 149.098801 
185000.000000 21.000000 -0.670502 157.198868 
185100.000000 20.000000 -1.542071 725.950867 
185200.000000 27.000000 -10.820210 339.936005 
185300.000000 27.000000 -9.708373 784.109253 
185400.000000 21.000000 -5.495500 769.630554 
185500.000000 17.000000 2.990379 648.895752 
185600.000000 3.000000 13.533000 10.432905 
185700.000000 27.000000 -10.007269 524.441956 
185800.000000 0.000000 15.000000 205.888840 
185900.000000 8.000000 7.473978 0.713514 
186000.000000 10.000000 9.041085 3.895446 
186100.000000 12.000000 4.829074 0.024113 
186200.000000 23.000000 -5.436910 160.313095 
186300.000000 16.000000 -0.570843 594.776062 
186400.000000 12.000000 5.329001 87.758835 
186500.000000 5.000000 12.114616 34.487366 
186600.000000 21.000000 -4.410505 0.814072 
186700.000000 20.000000 15.000000 25.010477 
186800.000000 25.000000 -9.493704 159.646393 
186900.000000 20.000000 -3.396637 460.378326 
187000.000000 11.000000 3.918543 25.411194 
187100.000000 27.000000 -11.335642 153.532928 
187200.000000 22.000000 -7.055604 206.906235 
187300.000000 7.000000 9.074316 133.040848 
187400.000000 0.000000 15.000000 28.069651 
187500.000000 11.000000 4.387046 2.267130 
187600.000000 27.000000 -8.425694 278.408112 
187700.000000 19.000000 5.095534 143.120605 
187800.000000 0.000000 15.000000 281.915466 
187900.000000 0.000000 15.000000 6.926634 
188000.000000 10.000000 7.051270 45.466370 
188100.000000 19.000000 -4.088991 81.444817 
188200.000000 27.000000 -10.953319 591.301697 
188300.000000 17.000000 0.468063 777.649292 
188400.000000 12.000000 6.030005 579.938538 
188500.000000 23.000000 -6.019556 470.230011 
188600.000000 27.000000 -9.012395 836.569824 
188700.000000 27.000000 -8.705141 914.446167 
188800.000000 7.000000 8.000375 238.055573 
188900.000000 12.000000 3.985695 338.728394 
189000.000000 3.000000 12.714842 28.269064 
189100.000000 17.000000 -0.527194 432.329559 
189200.000000 6.000000 11.244183 21.605856 
189300.000000 14.000000 1.760882 20.768950 
189400.000000 4.000000 14.833110 180.136078 
189500.000000 0.000000 15.000000 15.815716 
189600.000000 27.000000 15.000000 2.064418 
189700.000000 27.000000 14.017755 57.949753 
189800.000000 0.000000 15.000000 5.528485 
189900.000000 11.000000 6.690814 0.151128 
190000.000000 0.000000 15.000000 59.153702 
190100.000000 24.000000 -5.908046 0.295004 
190200.000000 22.000000 -4.284789 158.447815 
190300.000000 19.000000 -1.850606 391.440033 
190400.000000 21.000000 -4.735909 760.037048 
190500.000000 27.000000 -10.136905 732.388123 
190600.000000 25.000000 15.000000 277.604401 
190700.000000 27.000000 -9.768907 678.402954 
190800.000000 26.000000 -8.654642 1009.442261 
190900.000000 3.000000 13.490490 68.109039 
191000.000000 27.000000 -12.003678 38.008064 
191100.000000 20.000000 -4.911858 38.724003 
191200.000000 9.000000 7.744332 228.671738 
191300.000000 18.000000 -3.391299 124.411980 
191400.000000 13.000000 4.434772 1.107746 
191500.000000 4.000000 12.739191 44.269329 
191600.000000 5.000000 11.154860 4.514448 
191700.000000 17.000000 -0.638580 157.695358 
191800.000000 3.000000 11.329055 153.344910 
191900.000000 24.000000 -8.142174 152.787964 
192000.000000 15.000000 0.270496 158.954254 
192100.000000 5.000000 9.982857 34.010296 
192200.000000 27.000000 -11.755084 4.185226 
192300.000000 14.000000 3.182320 109.702477 
192400.000000 13.000000 4.961215 510.606659 
192500.000000 8.000000 11.591599 21.806255 
192600.000000 16.000000 -0.669613 8.404717 
192700.000000 27.000000 -8.846437 73.490242 
192800.000000 2.000000 14.085193 21.060621 
192900.000000 6.000000 9.349126 0.072563 
193000.000000 19.000000 -1.659858 173.688751 
193100.000000 21.000000 -3.442461 261.539398 
193200.000000 6.000000 11.506748 0.650664 
193300.000000 5.000000 9.968987 17.178091 
193400.000000 1.000000 15.000000 42.196129 
193500.000000 13.000000 3.690608 29.023855 
193600.000000 22.000000 -5.300761 2.845849 
193700.000000 19.000000 -1.070579 411.228058 
193800.000000 11.000000 5.053876 240.008820 
193900.000000 4.000000 11.852482 101.802429 
194000.000000 21.000000 -2.311163 264.597534 
194100.000000 14.000000 1.009893 213.016586 
194200.000000 27.000000 -10.071443 681.593201 
194300.000000 25.000000 -8.887090 860.726013 
194400.000000 25.000000 -9.286109 370.496490 
194500.000000 6.000000 11.421099 234.857834 
194600.000000 3.000000 15.000000 6.907997 
194700.000000 7.000000 8.215515 55.905846 
194800.000000 26.000000 -9.561020 271.217896 
194900.000000 6.000000 -0.724048 294.598755 
195000.000000 8.000000 -5.003233 150.593140 
195100.000000 24.000000 -8.380259 126.167320 
195200.000000 1.000000 14.853379 180.580933 
195300.000000 13.000000 4.956106 45.965363 
195400.000000 0.000000 15.000000 2.854161 
195500.000000 17.000000 -0.156534 35.062866 
195600.000000 6.000000 12.437034 8.283514 
195700.000000 4.000000 14.084081 89.630226 
195800.000000 0.000000 15.000000 158.316635 
195900.000000 1.000000 14.689589 120.074402 
196000.000000 20.000000 -2.844121 0.708873 
196100.000000 23.000000 -6.378307 288.545654 
196200.000000 0.000000 15.000000 99.877068 
196300.000000 11.000000 6.143568 8.986538 
196400.000000 10.000000 6.806573 15.338583 
196500.000000 23.000000 -7.796337 126.632225 
196600.000000 25.000000 -7.017191 697.937012 
196700.000000 0.000000 15.000000 201.420639 
196800.000000 13.000000 6.291631 44.245724 
196900.000000 27.000000 -8.297902 236.006592 
197000.000000 3.000000 15.000000 251.903152 
197100.000000 27.000000 -7.808772 529.658752 
197200.000000 27.000000 -9.903798 442.116943 
197300.000000 26.000000 -9.656264 766.609070 
197400.000000 11.000000 8.670519 750.490723 
197500.000000 18.000000 -1.729320 374.055237 
197600.000000 0.000000 15.000000 85.970840 
197700.000000 7.000000 10.934558 25.051884 
197800.000000 4.000000 10.436234 76.369644 
197900.000000 24.000000 -5.322422 36.189323 
198000.000000 25.000000 -8.419788 222.886520 
198100.000000 23.000000 -6.125940 78.476479 
198200.000000 27.000000 -8.267365 443.059174 
198300.000000 26.000000 -10.341334 840.066223 
198400.000000 14.000000 4.212168 897.687744 
198500.000000 15.000000 0.783068 176.289429 
198600.000000 9.000000 7.694107 54.780724 
198700.000000 11.000000 7.505346 152.279678 
198800.000000 20.000000 -4.092849 160.966263 
198900.000000 10.000000 5.610821 9.900742 
199000.000000 27.000000 -10.593075 379.278839 
199100.000000 0.000000 15.000000 14.609860 
199200.000000 14.000000 0.968755 13.440494 
199300.000000 16.000000 -1.317768 170.373581 
199400.000000 27.000000 -10.234068 731.614624 
199500.000000 27.000000 -9.709263 739.149475 
199600.000000 24.000000 -6.373060 618.479004 
199700.000000 15.000000 3.053448 192.220825 
199800.000000 6.000000 9.234315 341.813660 
199900.000000 27.000000 -9.227798 550.782654 
200000.000000 19.000000 -0.231876 264.800049 
