100.000000 -6.000000 -0.060000 
200.000000 -54.000000 -0.270000 
300.000000 -144.000000 -0.480000 
400.000000 -242.000000 -0.605000 
500.000000 -326.000000 -0.652000 
600.000000 -410.000000 -0.683333 
700.000000 -470.000000 -0.671429 
800.000000 -552.000000 -0.690000 
900.000000 -614.000000 -0.682222 
1000.000000 -714.000000 -0.714000 
1100.000000 -814.000000 -0.740000 
1200.000000 -914.000000 -0.761667 
1300.000000 -1004.000000 -0.772308 
1400.000000 -1036.000000 -0.740000 
1500.000000 -1126.000000 -0.750667 
1600.000000 -1220.000000 -0.762500 
1700.000000 -1320.000000 -0.776471 
1800.000000 -1420.000000 -0.788889 
1900.000000 -1520.000000 -0.800000 
2000.000000 -1566.000000 -0.783000 
2100.000000 -1594.000000 -0.759048 
2200.000000 -1666.000000 -0.757273 
2300.000000 -1766.000000 -0.767826 
2400.000000 -1818.000000 -0.757500 
2500.000000 -1856.000000 -0.742400 
2600.000000 -1928.000000 -0.741538 
2700.000000 -1996.000000 -0.739259 
2800.000000 -2096.000000 -0.748571 
2900.000000 -2176.000000 -0.750345 
3000.000000 -2276.000000 -0.758667 
3100.000000 -2376.000000 -0.766452 
3200.000000 -2476.000000 -0.773750 
3300.000000 -2574.000000 -0.780000 
3400.000000 -2674.000000 -0.786471 
3500.000000 -2770.000000 -0.791429 
3600.000000 -2768.000000 -0.768889 
3700.000000 -2866.000000 -0.774595 
3800.000000 -2966.000000 -0.780526 
3900.000000 -3066.000000 -0.786154 
4000.000000 -3166.000000 -0.791500 
4100.000000 -3266.000000 -0.796585 
4200.000000 -3366.000000 -0.801429 
4300.000000 -3466.000000 -0.806046 
4400.000000 -3566.000000 -0.810455 
4500.000000 -3666.000000 -0.814667 
4600.000000 -3766.000000 -0.818696 
4700.000000 -3866.000000 -0.822553 
4800.000000 -3930.000000 -0.818750 
4900.000000 -3996.000000 -0.815510 
5000.000000 -4096.000000 -0.819200 
5100.000000 -4172.000000 -0.818039 
5200.000000 -4272.000000 -0.821538 
5300.000000 -4372.000000 -0.824906 
5400.000000 -4404.000000 -0.815556 
5500.000000 -4498.000000 -0.817818 
5600.000000 -4588.000000 -0.819286 
5700.000000 -4628.000000 -0.811930 
5800.000000 -4640.000000 -0.800000 
5900.000000 -4740.000000 -0.803390 
6000.000000 -4758.000000 -0.793000 
6100.000000 -4824.000000 -0.790820 
6200.000000 -4870.000000 -0.785484 
6300.000000 -4952.000000 -0.786032 
6400.000000 -5052.000000 -0.789375 
6500.000000 -5134.000000 -0.789846 
6600.000000 -5234.000000 -0.793030 
6700.000000 -5334.000000 -0.796119 
6800.000000 -5428.000000 -0.798235 
6900.000000 -5528.000000 -0.801159 
7000.000000 -5556.000000 -0.793714 
7100.000000 -5656.000000 -0.796620 
7200.000000 -5734.000000 -0.796389 
7300.000000 -5826.000000 -0.798082 
7400.000000 -5886.000000 -0.795405 
7500.000000 -5982.000000 -0.797600 
7600.000000 -6082.000000 -0.800263 
7700.000000 -6182.000000 -0.802857 
7800.000000 -6282.000000 -0.805385 
7900.000000 -6382.000000 -0.807848 
8000.000000 -6482.000000 -0.810250 
8100.000000 -6582.000000 -0.812593 
8200.000000 -6680.000000 -0.814634 
8300.000000 -6746.000000 -0.812771 
8400.000000 -6846.000000 -0.815000 
8500.000000 -6946.000000 -0.817176 
8600.000000 -7046.000000 -0.819302 
8700.000000 -7146.000000 -0.821379 
8800.000000 -7236.000000 -0.822273 
8900.000000 -7324.000000 -0.822921 
9000.000000 -7424.000000 -0.824889 
9100.000000 -7524.000000 -0.826813 
9200.000000 -7598.000000 -0.825870 
9300.000000 -7698.000000 -0.827742 
9400.000000 -7798.000000 -0.829574 
9500.000000 -7894.000000 -0.830947 
9600.000000 -7994.000000 -0.832708 
9700.000000 -8094.000000 -0.834433 
9800.000000 -8186.000000 -0.835306 
9900.000000 -8286.000000 -0.836970 
10000.000000 -8386.000000 -0.838600 
10100.000000 -8470.000000 -0.838614 
10200.000000 -8570.000000 -0.840196 
10300.000000 -8670.000000 -0.841748 
10400.000000 -8770.000000 -0.843269 
10500.000000 -8846.000000 -0.842476 
10600.000000 -8896.000000 -0.839245 
10700.000000 -8928.000000 -0.834393 
10800.000000 -8986.000000 -0.832037 
10900.000000 -9078.000000 -0.832844 
11000.000000 -9058.000000 -0.823455 
11100.000000 -9128.000000 -0.822342 
11200.000000 -9228.000000 -0.823929 
11300.000000 -9294.000000 -0.822478 
11400.000000 -9394.000000 -0.824035 
11500.000000 -9486.000000 -0.824870 
11600.000000 -9540.000000 -0.822414 
11700.000000 -9638.000000 -0.823761 
11800.000000 -9708.000000 -0.822712 
11900.000000 -9782.000000 -0.822017 
12000.000000 -9770.000000 -0.814167 
12100.000000 -9776.000000 -0.807934 
12200.000000 -9818.000000 -0.804754 
12300.000000 -9890.000000 -0.804065 
12400.000000 -9890.000000 -0.797581 
12500.000000 -9880.000000 -0.790400 
12600.000000 -9928.000000 -0.787937 
12700.000000 -10014.000000 -0.788504 
12800.000000 -10114.000000 -0.790156 
12900.000000 -10192.000000 -0.790078 
13000.000000 -10196.000000 -0.784308 
13100.000000 -10296.000000 -0.785954 
13200.000000 -10396.000000 -0.787576 
13300.000000 -10434.000000 -0.784511 
13400.000000 -10518.000000 -0.784925 
13500.000000 -10552.000000 -0.781630 
13600.000000 -10614.000000 -0.780441 
13700.000000 -10676.000000 -0.779270 
13800.000000 -10738.000000 -0.778116 
13900.000000 -10820.000000 -0.778417 
14000.000000 -10920.000000 -0.780000 
14100.000000 -11020.000000 -0.781560 
14200.000000 -11038.000000 -0.777324 
14300.000000 -11080.000000 -0.774825 
14400.000000 -11138.000000 -0.773472 
14500.000000 -11206.000000 -0.772828 
14600.000000 -11280.000000 -0.772603 
14700.000000 -11348.000000 -0.771973 
14800.000000 -11384.000000 -0.769189 
14900.000000 -11330.000000 -0.760403 
15000.000000 -11376.000000 -0.758400 
15100.000000 -11370.000000 -0.752980 
15200.000000 -11404.000000 -0.750263 
15300.000000 -11392.000000 -0.744575 
15400.000000 -11446.000000 -0.743247 
15500.000000 -11484.000000 -0.740903 
15600.000000 -11440.000000 -0.733333 
15700.000000 -11398.000000 -0.725987 
15800.000000 -11424.000000 -0.723038 
15900.000000 -11434.000000 -0.719119 
16000.000000 -11466.000000 -0.716625 
16100.000000 -11486.000000 -0.713416 
16200.000000 -11412.000000 -0.704444 
16300.000000 -11398.000000 -0.699264 
16400.000000 -11376.000000 -0.693659 
16500.000000 -11368.000000 -0.688970 
16600.000000 -11412.000000 -0.687470 
16700.000000 -11376.000000 -0.681198 
16800.000000 -11376.000000 -0.677143 
16900.000000 -11360.000000 -0.672189 
17000.000000 -11328.000000 -0.666353 
17100.000000 -11350.000000 -0.663743 
17200.000000 -11368.000000 -0.660930 
17300.000000 -11344.000000 -0.655723 
17400.000000 -11342.000000 -0.651839 
17500.000000 -11372.000000 -0.649829 
17600.000000 -11336.000000 -0.644091 
17700.000000 -11296.000000 -0.638192 
17800.000000 -11276.000000 -0.633483 
17900.000000 -11260.000000 -0.629050 
18000.000000 -11212.000000 -0.622889 
18100.000000 -11232.000000 -0.620552 
18200.000000 -11174.000000 -0.613956 
18300.000000 -11134.000000 -0.608415 
18400.000000 -11074.000000 -0.601848 
18500.000000 -11058.000000 -0.597730 
18600.000000 -11066.000000 -0.594946 
18700.000000 -11020.000000 -0.589305 
18800.000000 -10920.000000 -0.580851 
18900.000000 -10896.000000 -0.576508 
19000.000000 -10838.000000 -0.570421 
19100.000000 -10822.000000 -0.566597 
19200.000000 -10784.000000 -0.561667 
19300.000000 -10814.000000 -0.560311 
19400.000000 -10738.000000 -0.553505 
19500.000000 -10696.000000 -0.548513 
19600.000000 -10680.000000 -0.544898 
19700.000000 -10748.000000 -0.545584 
19800.000000 -10848.000000 -0.547879 
19900.000000 -10844.000000 -0.544925 
20000.000000 -10772.000000 -0.538600 
20100.000000 -10766.000000 -0.535622 
20200.000000 -10762.000000 -0.532772 
20300.000000 -10662.000000 -0.525222 
20400.000000 -10562.000000 -0.517745 
20500.000000 -10498.000000 -0.512098 
20600.000000 -10440.000000 -0.506796 
20700.000000 -10352.000000 -0.500097 
20800.000000 -10322.000000 -0.496250 
20900.000000 -10300.000000 -0.492823 
21000.000000 -10312.000000 -0.491048 
21100.000000 -10278.000000 -0.487109 
21200.000000 -10236.000000 -0.482830 
21300.000000 -10264.000000 -0.481878 
21400.000000 -10222.000000 -0.477664 
21500.000000 -10170.000000 -0.473023 
21600.000000 -10148.000000 -0.469815 
21700.000000 -10094.000000 -0.465161 
21800.000000 -10010.000000 -0.459174 
21900.000000 -9974.000000 -0.455434 
22000.000000 -9964.000000 -0.452909 
22100.000000 -9864.000000 -0.446335 
22200.000000 -9844.000000 -0.443423 
22300.000000 -9810.000000 -0.439910 
22400.000000 -9762.000000 -0.435804 
22500.000000 -9728.000000 -0.432356 
22600.000000 -9636.000000 -0.426372 
22700.000000 -9642.000000 -0.424758 
22800.000000 -9572.000000 -0.419825 
22900.000000 -9490.000000 -0.414410 
23000.000000 -9456.000000 -0.411130 
23100.000000 -9444.000000 -0.408831 
23200.000000 -9442.000000 -0.406983 
23300.000000 -9386.000000 -0.402833 
23400.000000 -9322.000000 -0.398376 
23500.000000 -9280.000000 -0.394894 
23600.000000 -9182.000000 -0.389068 
23700.000000 -9130.000000 -0.385232 
23800.000000 -9054.000000 -0.380420 
23900.000000 -8990.000000 -0.376151 
24000.000000 -8926.000000 -0.371917 
24100.000000 -8868.000000 -0.367967 
24200.000000 -8792.000000 -0.363306 
24300.000000 -8692.000000 -0.357695 
24400.000000 -8680.000000 -0.355738 
24500.000000 -8638.000000 -0.352571 
24600.000000 -8602.000000 -0.349675 
24700.000000 -8558.000000 -0.346478 
24800.000000 -8468.000000 -0.341452 
24900.000000 -8386.000000 -0.336787 
25000.000000 -8366.000000 -0.334640 
25100.000000 -8322.000000 -0.331554 
25200.000000 -8302.000000 -0.329444 
25300.000000 -8228.000000 -0.325217 
25400.000000 -8208.000000 -0.323150 
25500.000000 -8136.000000 -0.319059 
25600.000000 -8116.000000 -0.317031 
25700.000000 -8082.000000 -0.314475 
25800.000000 -8020.000000 -0.310853 
25900.000000 -8010.000000 -0.309266 
26000.000000 -7928.000000 -0.304923 
26100.000000 -7886.000000 -0.302146 
26200.000000 -7816.000000 -0.298321 
26300.000000 -7764.000000 -0.295209 
26400.000000 -7674.000000 -0.290682 
26500.000000 -7598.000000 -0.286717 
26600.000000 -7542.000000 -0.283534 
26700.000000 -7470.000000 -0.279775 
26800.000000 -7394.000000 -0.275896 
26900.000000 -7348.000000 -0.273160 
27000.000000 -7286.000000 -0.269852 
27100.000000 -7222.000000 -0.266494 
27200.000000 -7164.000000 -0.263382 
27300.000000 -7130.000000 -0.261172 
27400.000000 -7078.000000 -0.258321 
27500.000000 -7002.000000 -0.254618 
27600.000000 -6920.000000 -0.250725 
27700.000000 -6830.000000 -0.246570 
27800.000000 -6740.000000 -0.242446 
27900.000000 -6742.000000 -0.241649 
28000.000000 -6642.000000 -0.237214 
28100.000000 -6620.000000 -0.235587 
28200.000000 -6566.000000 -0.232837 
28300.000000 -6554.000000 -0.231590 
28400.000000 -6516.000000 -0.229437 
28500.000000 -6476.000000 -0.227228 
28600.000000 -6452.000000 -0.225594 
28700.000000 -6404.000000 -0.223136 
28800.000000 -6480.000000 -0.225000 
28900.000000 -6406.000000 -0.221661 
29000.000000 -6380.000000 -0.220000 
29100.000000 -6296.000000 -0.216357 
29200.000000 -6222.000000 -0.213082 
29300.000000 -6134.000000 -0.209352 
29400.000000 -6054.000000 -0.205918 
29500.000000 -5966.000000 -0.202237 
29600.000000 -5930.000000 -0.200338 
29700.000000 -5868.000000 -0.197576 
29800.000000 -5782.000000 -0.194027 
29900.000000 -5698.000000 -0.190569 
30000.000000 -5600.000000 -0.186667 
30100.000000 -5528.000000 -0.183654 
30200.000000 -5456.000000 -0.180662 
30300.000000 -5422.000000 -0.178944 
30400.000000 -5360.000000 -0.176316 
30500.000000 -5298.000000 -0.173705 
30600.000000 -5226.000000 -0.170784 
30700.000000 -5160.000000 -0.168078 
30800.000000 -5082.000000 -0.165000 
30900.000000 -4994.000000 -0.161618 
31000.000000 -4962.000000 -0.160065 
31100.000000 -4934.000000 -0.158650 
31200.000000 -4932.000000 -0.158077 
31300.000000 -4866.000000 -0.155463 
31400.000000 -4782.000000 -0.152293 
31500.000000 -4714.000000 -0.149651 
31600.000000 -4616.000000 -0.146076 
31700.000000 -4522.000000 -0.142650 
31800.000000 -4454.000000 -0.140063 
31900.000000 -4384.000000 -0.137429 
32000.000000 -4284.000000 -0.133875 
32100.000000 -4246.000000 -0.132274 
32200.000000 -4186.000000 -0.130000 
32300.000000 -4122.000000 -0.127616 
32400.000000 -4068.000000 -0.125556 
32500.000000 -4016.000000 -0.123569 
32600.000000 -3936.000000 -0.120736 
32700.000000 -3866.000000 -0.118226 
32800.000000 -3770.000000 -0.114939 
32900.000000 -3674.000000 -0.111672 
33000.000000 -3582.000000 -0.108545 
33100.000000 -3548.000000 -0.107190 
33200.000000 -3546.000000 -0.106807 
33300.000000 -3484.000000 -0.104625 
33400.000000 -3398.000000 -0.101737 
33500.000000 -3298.000000 -0.098448 
33600.000000 -3234.000000 -0.096250 
33700.000000 -3196.000000 -0.094837 
33800.000000 -3150.000000 -0.093195 
33900.000000 -3118.000000 -0.091976 
34000.000000 -3050.000000 -0.089706 
34100.000000 -2954.000000 -0.086628 
34200.000000 -2890.000000 -0.084503 
34300.000000 -2796.000000 -0.081516 
34400.000000 -2696.000000 -0.078372 
34500.000000 -2632.000000 -0.076290 
34600.000000 -2586.000000 -0.074740 
34700.000000 -2496.000000 -0.071931 
34800.000000 -2466.000000 -0.070862 
34900.000000 -2400.000000 -0.068768 
35000.000000 -2322.000000 -0.066343 
35100.000000 -2254.000000 -0.064217 
35200.000000 -2174.000000 -0.061761 
35300.000000 -2084.000000 -0.059037 
35400.000000 -2032.000000 -0.057401 
35500.000000 -1940.000000 -0.054648 
35600.000000 -1878.000000 -0.052753 
35700.000000 -1780.000000 -0.049860 
35800.000000 -1708.000000 -0.047709 
35900.000000 -1608.000000 -0.044791 
36000.000000 -1512.000000 -0.042000 
36100.000000 -1412.000000 -0.039114 
36200.000000 -1314.000000 -0.036298 
36300.000000 -1262.000000 -0.034766 
36400.000000 -1166.000000 -0.032033 
36500.000000 -1106.000000 -0.030301 
36600.000000 -1010.000000 -0.027596 
36700.000000 -928.000000 -0.025286 
36800.000000 -862.000000 -0.023424 
36900.000000 -770.000000 -0.020867 
37000.000000 -712.000000 -0.019243 
37100.000000 -620.000000 -0.016712 
37200.000000 -542.000000 -0.014570 
37300.000000 -452.000000 -0.012118 
37400.000000 -372.000000 -0.009947 
37500.000000 -348.000000 -0.009280 
37600.000000 -326.000000 -0.008670 
37700.000000 -260.000000 -0.006897 
37800.000000 -184.000000 -0.004868 
37900.000000 -164.000000 -0.004327 
38000.000000 -118.000000 -0.003105 
38100.000000 -62.000000 -0.001627 
38200.000000 -20.000000 -0.000524 
38300.000000 64.000000 0.001671 
38400.000000 132.000000 0.003437 
38500.000000 198.000000 0.005143 
38600.000000 258.000000 0.006684 
38700.000000 346.000000 0.008941 
38800.000000 418.000000 0.010773 
38900.000000 484.000000 0.012442 
39000.000000 578.000000 0.014821 
39100.000000 598.000000 0.015294 
39200.000000 654.000000 0.016684 
39300.000000 742.000000 0.018880 
39400.000000 838.000000 0.021269 
39500.000000 900.000000 0.022785 
39600.000000 946.000000 0.023889 
39700.000000 1024.000000 0.025793 
39800.000000 1108.000000 0.027839 
39900.000000 1128.000000 0.028271 
40000.000000 1216.000000 0.030400 
40100.000000 1272.000000 0.031721 
40200.000000 1350.000000 0.033582 
40300.000000 1406.000000 0.034888 
40400.000000 1476.000000 0.036535 
40500.000000 1516.000000 0.037432 
40600.000000 1588.000000 0.039113 
40700.000000 1548.000000 0.038034 
40800.000000 1610.000000 0.039461 
40900.000000 1674.000000 0.040929 
41000.000000 1750.000000 0.042683 
41100.000000 1802.000000 0.043844 
41200.000000 1898.000000 0.046068 
41300.000000 1942.000000 0.047022 
41400.000000 2004.000000 0.048406 
41500.000000 2088.000000 0.050313 
41600.000000 2158.000000 0.051875 
41700.000000 2252.000000 0.054005 
41800.000000 2346.000000 0.056124 
41900.000000 2434.000000 0.058091 
42000.000000 2494.000000 0.059381 
42100.000000 2546.000000 0.060475 
42200.000000 2624.000000 0.062180 
42300.000000 2684.000000 0.063452 
42400.000000 2706.000000 0.063821 
42500.000000 2778.000000 0.065365 
42600.000000 2852.000000 0.066948 
42700.000000 2906.000000 0.068056 
42800.000000 2978.000000 0.069579 
42900.000000 3058.000000 0.071282 
43000.000000 3138.000000 0.072977 
43100.000000 3186.000000 0.073921 
43200.000000 3248.000000 0.075185 
43300.000000 3342.000000 0.077182 
43400.000000 3380.000000 0.077880 
43500.000000 3428.000000 0.078805 
43600.000000 3476.000000 0.079725 
43700.000000 3542.000000 0.081053 
43800.000000 3620.000000 0.082648 
43900.000000 3688.000000 0.084009 
44000.000000 3772.000000 0.085727 
44100.000000 3858.000000 0.087483 
44200.000000 3900.000000 0.088235 
44300.000000 3980.000000 0.089842 
44400.000000 4028.000000 0.090721 
44500.000000 4108.000000 0.092315 
44600.000000 4178.000000 0.093677 
44700.000000 4126.000000 0.092304 
44800.000000 4026.000000 0.089866 
44900.000000 4098.000000 0.091269 
45000.000000 4176.000000 0.092800 
45100.000000 4228.000000 0.093747 
45200.000000 4284.000000 0.094779 
45300.000000 4308.000000 0.095099 
45400.000000 4364.000000 0.096123 
45500.000000 4440.000000 0.097582 
45600.000000 4496.000000 0.098596 
45700.000000 4540.000000 0.099344 
45800.000000 4604.000000 0.100524 
45900.000000 4644.000000 0.101176 
46000.000000 4700.000000 0.102174 
46100.000000 4788.000000 0.103861 
46200.000000 4874.000000 0.105498 
46300.000000 4902.000000 0.105875 
46400.000000 4972.000000 0.107155 
46500.000000 5010.000000 0.107742 
46600.000000 5106.000000 0.109571 
46700.000000 5206.000000 0.111478 
46800.000000 5242.000000 0.112009 
46900.000000 5318.000000 0.113390 
47000.000000 5408.000000 0.115064 
47100.000000 5462.000000 0.115966 
47200.000000 5496.000000 0.116441 
47300.000000 5578.000000 0.117928 
47400.000000 5606.000000 0.118270 
47500.000000 5660.000000 0.119158 
47600.000000 5698.000000 0.119706 
47700.000000 5752.000000 0.120587 
47800.000000 5790.000000 0.121130 
47900.000000 5824.000000 0.121587 
48000.000000 5924.000000 0.123417 
48100.000000 5930.000000 0.123285 
48200.000000 5984.000000 0.124149 
48300.000000 6028.000000 0.124803 
48400.000000 6040.000000 0.124793 
48500.000000 6074.000000 0.125237 
48600.000000 6058.000000 0.124650 
48700.000000 6006.000000 0.123326 
48800.000000 6046.000000 0.123893 
48900.000000 6144.000000 0.125644 
49000.000000 6068.000000 0.123837 
49100.000000 6124.000000 0.124725 
49200.000000 6188.000000 0.125772 
49300.000000 6238.000000 0.126531 
49400.000000 6278.000000 0.127085 
49500.000000 6354.000000 0.128364 
49600.000000 6428.000000 0.129597 
49700.000000 6486.000000 0.130503 
49800.000000 6510.000000 0.130723 
49900.000000 6570.000000 0.131663 
50000.000000 6596.000000 0.131920 
50100.000000 6578.000000 0.131297 
50200.000000 6678.000000 0.133028 
50300.000000 6758.000000 0.134354 
50400.000000 6792.000000 0.134762 
50500.000000 6844.000000 0.135525 
50600.000000 6904.000000 0.136443 
50700.000000 6962.000000 0.137318 
50800.000000 6978.000000 0.137362 
50900.000000 6974.000000 0.137014 
51000.000000 6942.000000 0.136118 
51100.000000 7042.000000 0.137808 
51200.000000 7130.000000 0.139258 
51300.000000 7184.000000 0.140039 
51400.000000 7228.000000 0.140623 
51500.000000 7290.000000 0.141553 
51600.000000 7378.000000 0.142984 
51700.000000 7424.000000 0.143598 
51800.000000 7444.000000 0.143707 
51900.000000 7422.000000 0.143006 
52000.000000 7476.000000 0.143769 
52100.000000 7570.000000 0.145297 
52200.000000 7598.000000 0.145556 
52300.000000 7686.000000 0.146960 
52400.000000 7722.000000 0.147366 
52500.000000 7790.000000 0.148381 
52600.000000 7868.000000 0.149582 
52700.000000 7930.000000 0.150474 
52800.000000 8008.000000 0.151667 
52900.000000 8040.000000 0.151985 
53000.000000 8094.000000 0.152717 
53100.000000 8184.000000 0.154124 
53200.000000 8268.000000 0.155414 
53300.000000 8336.000000 0.156398 
53400.000000 8422.000000 0.157715 
53500.000000 8492.000000 0.158729 
53600.000000 8524.000000 0.159030 
53700.000000 8566.000000 0.159516 
53800.000000 8614.000000 0.160112 
53900.000000 8696.000000 0.161336 
54000.000000 8732.000000 0.161704 
54100.000000 8758.000000 0.161885 
54200.000000 8754.000000 0.161513 
54300.000000 8818.000000 0.162394 
54400.000000 8790.000000 0.161581 
54500.000000 8690.000000 0.159450 
54600.000000 8590.000000 0.157326 
54700.000000 8588.000000 0.157002 
54800.000000 8616.000000 0.157226 
54900.000000 8536.000000 0.155483 
55000.000000 8436.000000 0.153382 
55100.000000 8380.000000 0.152087 
55200.000000 8312.000000 0.150580 
55300.000000 8298.000000 0.150054 
55400.000000 8372.000000 0.151119 
55500.000000 8328.000000 0.150054 
55600.000000 8262.000000 0.148597 
55700.000000 8332.000000 0.149587 
55800.000000 8290.000000 0.148566 
55900.000000 8220.000000 0.147048 
56000.000000 8174.000000 0.145964 
56100.000000 8132.000000 0.144955 
56200.000000 8122.000000 0.144520 
56300.000000 8044.000000 0.142877 
56400.000000 8074.000000 0.143156 
56500.000000 8004.000000 0.141664 
56600.000000 7984.000000 0.141060 
56700.000000 7924.000000 0.139753 
56800.000000 7858.000000 0.138345 
56900.000000 7898.000000 0.138805 
57000.000000 7902.000000 0.138632 
57100.000000 7924.000000 0.138774 
57200.000000 7874.000000 0.137657 
57300.000000 7886.000000 0.137627 
57400.000000 7860.000000 0.136934 
57500.000000 7888.000000 0.137183 
57600.000000 7878.000000 0.136771 
57700.000000 7850.000000 0.136049 
57800.000000 7892.000000 0.136540 
57900.000000 7920.000000 0.136788 
58000.000000 7956.000000 0.137172 
58100.000000 7990.000000 0.137522 
58200.000000 7890.000000 0.135567 
58300.000000 7844.000000 0.134545 
58400.000000 7864.000000 0.134658 
58500.000000 7882.000000 0.134735 
58600.000000 7826.000000 0.133549 
58700.000000 7918.000000 0.134889 
58800.000000 7980.000000 0.135714 
58900.000000 7934.000000 0.134703 
59000.000000 7890.000000 0.133729 
59100.000000 7898.000000 0.133638 
59200.000000 7946.000000 0.134223 
59300.000000 7976.000000 0.134503 
59400.000000 8048.000000 0.135488 
59500.000000 7956.000000 0.133714 
59600.000000 8004.000000 0.134295 
59700.000000 8036.000000 0.134606 
59800.000000 7980.000000 0.133445 
59900.000000 8056.000000 0.134491 
60000.000000 8104.000000 0.135067 
60100.000000 8164.000000 0.135840 
60200.000000 8170.000000 0.135714 
60300.000000 8188.000000 0.135788 
60400.000000 8120.000000 0.134437 
60500.000000 8074.000000 0.133455 
60600.000000 8092.000000 0.133531 
60700.000000 8140.000000 0.134102 
60800.000000 8148.000000 0.134013 
60900.000000 8166.000000 0.134089 
61000.000000 8262.000000 0.135443 
61100.000000 8346.000000 0.136596 
61200.000000 8368.000000 0.136732 
61300.000000 8280.000000 0.135073 
61400.000000 8264.000000 0.134593 
61500.000000 8292.000000 0.134829 
61600.000000 8316.000000 0.135000 
61700.000000 8380.000000 0.135818 
61800.000000 8284.000000 0.134045 
61900.000000 8290.000000 0.133926 
62000.000000 8366.000000 0.134935 
62100.000000 8338.000000 0.134267 
62200.000000 8416.000000 0.135305 
62300.000000 8404.000000 0.134896 
62400.000000 8464.000000 0.135641 
62500.000000 8546.000000 0.136736 
62600.000000 8618.000000 0.137668 
62700.000000 8692.000000 0.138628 
62800.000000 8628.000000 0.137389 
62900.000000 8666.000000 0.137774 
63000.000000 8720.000000 0.138413 
63100.000000 8698.000000 0.137845 
63200.000000 8688.000000 0.137468 
63300.000000 8664.000000 0.136872 
63400.000000 8720.000000 0.137539 
63500.000000 8728.000000 0.137449 
63600.000000 8638.000000 0.135818 
63700.000000 8608.000000 0.135133 
63800.000000 8578.000000 0.134451 
63900.000000 8592.000000 0.134460 
64000.000000 8648.000000 0.135125 
64100.000000 8704.000000 0.135788 
64200.000000 8720.000000 0.135826 
64300.000000 8636.000000 0.134308 
64400.000000 8628.000000 0.133975 
64500.000000 8598.000000 0.133302 
64600.000000 8648.000000 0.133870 
64700.000000 8568.000000 0.132427 
64800.000000 8562.000000 0.132130 
64900.000000 8638.000000 0.133097 
65000.000000 8686.000000 0.133631 
65100.000000 8712.000000 0.133825 
65200.000000 8728.000000 0.133865 
65300.000000 8802.000000 0.134793 
65400.000000 8864.000000 0.135535 
65500.000000 8834.000000 0.134870 
65600.000000 8834.000000 0.134665 
65700.000000 8762.000000 0.133364 
65800.000000 8760.000000 0.133131 
65900.000000 8784.000000 0.133293 
66000.000000 8840.000000 0.133939 
66100.000000 8854.000000 0.133949 
66200.000000 8926.000000 0.134834 
66300.000000 8868.000000 0.133756 
66400.000000 8868.000000 0.133554 
66500.000000 8818.000000 0.132601 
66600.000000 8862.000000 0.133063 
66700.000000 8768.000000 0.131454 
66800.000000 8668.000000 0.129760 
66900.000000 8670.000000 0.129596 
67000.000000 8594.000000 0.128269 
67100.000000 8674.000000 0.129270 
67200.000000 8736.000000 0.130000 
67300.000000 8764.000000 0.130223 
67400.000000 8786.000000 0.130356 
67500.000000 8722.000000 0.129215 
67600.000000 8770.000000 0.129734 
67700.000000 8818.000000 0.130251 
67800.000000 8908.000000 0.131386 
67900.000000 8974.000000 0.132165 
68000.000000 9024.000000 0.132706 
68100.000000 9012.000000 0.132335 
68200.000000 9078.000000 0.133109 
68300.000000 9150.000000 0.133968 
68400.000000 9176.000000 0.134152 
68500.000000 9238.000000 0.134861 
68600.000000 9338.000000 0.136122 
68700.000000 9320.000000 0.135662 
68800.000000 9332.000000 0.135640 
68900.000000 9390.000000 0.136284 
69000.000000 9476.000000 0.137333 
69100.000000 9560.000000 0.138350 
69200.000000 9548.000000 0.137977 
69300.000000 9622.000000 0.138846 
69400.000000 9660.000000 0.139193 
69500.000000 9680.000000 0.139281 
69600.000000 9726.000000 0.139741 
69700.000000 9826.000000 0.140976 
69800.000000 9870.000000 0.141404 
69900.000000 9770.000000 0.139771 
70000.000000 9830.000000 0.140429 
70100.000000 9730.000000 0.138802 
70200.000000 9658.000000 0.137578 
70300.000000 9682.000000 0.137724 
70400.000000 9748.000000 0.138466 
70500.000000 9762.000000 0.138468 
70600.000000 9824.000000 0.139150 
70700.000000 9884.000000 0.139802 
70800.000000 9828.000000 0.138814 
70900.000000 9892.000000 0.139520 
71000.000000 9952.000000 0.140169 
71100.000000 10022.000000 0.140956 
71200.000000 10014.000000 0.140646 
71300.000000 9932.000000 0.139299 
71400.000000 10014.000000 0.140252 
71500.000000 10004.000000 0.139916 
71600.000000 10104.000000 0.141117 
71700.000000 10204.000000 0.142315 
71800.000000 10234.000000 0.142535 
71900.000000 10280.000000 0.142976 
72000.000000 10328.000000 0.143444 
72100.000000 10364.000000 0.143745 
72200.000000 10406.000000 0.144127 
72300.000000 10472.000000 0.144841 
72400.000000 10504.000000 0.145083 
72500.000000 10464.000000 0.144331 
72600.000000 10508.000000 0.144738 
72700.000000 10576.000000 0.145475 
72800.000000 10608.000000 0.145714 
72900.000000 10532.000000 0.144472 
73000.000000 10602.000000 0.145233 
73100.000000 10628.000000 0.145390 
73200.000000 10596.000000 0.144754 
73300.000000 10646.000000 0.145239 
73400.000000 10704.000000 0.145831 
73500.000000 10768.000000 0.146503 
73600.000000 10786.000000 0.146549 
73700.000000 10844.000000 0.147137 
73800.000000 10918.000000 0.147940 
73900.000000 10966.000000 0.148390 
74000.000000 11054.000000 0.149378 
74100.000000 11060.000000 0.149258 
74200.000000 10960.000000 0.147709 
74300.000000 10914.000000 0.146891 
74400.000000 10952.000000 0.147204 
74500.000000 11034.000000 0.148107 
74600.000000 11080.000000 0.148525 
74700.000000 11152.000000 0.149291 
74800.000000 11196.000000 0.149679 
74900.000000 11264.000000 0.150387 
75000.000000 11318.000000 0.150907 
75100.000000 11352.000000 0.151158 
75200.000000 11270.000000 0.149867 
75300.000000 11228.000000 0.149110 
75400.000000 11214.000000 0.148727 
75500.000000 11252.000000 0.149033 
75600.000000 11158.000000 0.147593 
75700.000000 11058.000000 0.146077 
75800.000000 10958.000000 0.144565 
75900.000000 11000.000000 0.144928 
76000.000000 11042.000000 0.145289 
76100.000000 10966.000000 0.144100 
76200.000000 10866.000000 0.142598 
76300.000000 10766.000000 0.141101 
76400.000000 10678.000000 0.139764 
76500.000000 10682.000000 0.139634 
76600.000000 10768.000000 0.140574 
76700.000000 10692.000000 0.139400 
76800.000000 10688.000000 0.139167 
76900.000000 10632.000000 0.138257 
77000.000000 10648.000000 0.138286 
77100.000000 10614.000000 0.137665 
77200.000000 10686.000000 0.138420 
77300.000000 10624.000000 0.137439 
77400.000000 10524.000000 0.135969 
77500.000000 10436.000000 0.134658 
77600.000000 10344.000000 0.133299 
77700.000000 10324.000000 0.132870 
77800.000000 10266.000000 0.131954 
77900.000000 10266.000000 0.131784 
78000.000000 10262.000000 0.131564 
78100.000000 10310.000000 0.132010 
78200.000000 10238.000000 0.130921 
78300.000000 10224.000000 0.130575 
78400.000000 10134.000000 0.129260 
78500.000000 10166.000000 0.129503 
78600.000000 10142.000000 0.129033 
78700.000000 10058.000000 0.127802 
78800.000000 9958.000000 0.126371 
78900.000000 9858.000000 0.124943 
79000.000000 9828.000000 0.124405 
79100.000000 9854.000000 0.124576 
79200.000000 9876.000000 0.124697 
79300.000000 9828.000000 0.123934 
79400.000000 9826.000000 0.123753 
79500.000000 9784.000000 0.123069 
79600.000000 9756.000000 0.122563 
79700.000000 9724.000000 0.122008 
79800.000000 9646.000000 0.120877 
79900.000000 9582.000000 0.119925 
80000.000000 9546.000000 0.119325 
80100.000000 9564.000000 0.119401 
80200.000000 9580.000000 0.119451 
80300.000000 9646.000000 0.120125 
80400.000000 9738.000000 0.121119 
80500.000000 9798.000000 0.121714 
80600.000000 9764.000000 0.121141 
80700.000000 9776.000000 0.121140 
80800.000000 9840.000000 0.121782 
80900.000000 9796.000000 0.121088 
81000.000000 9732.000000 0.120148 
81100.000000 9824.000000 0.121134 
81200.000000 9870.000000 0.121552 
81300.000000 9816.000000 0.120738 
81400.000000 9856.000000 0.121081 
81500.000000 9800.000000 0.120245 
81600.000000 9782.000000 0.119877 
81700.000000 9816.000000 0.120147 
81800.000000 9750.000000 0.119193 
81900.000000 9650.000000 0.117827 
82000.000000 9638.000000 0.117537 
82100.000000 9658.000000 0.117637 
82200.000000 9698.000000 0.117981 
82300.000000 9682.000000 0.117643 
82400.000000 9708.000000 0.117816 
82500.000000 9710.000000 0.117697 
82600.000000 9632.000000 0.116610 
82700.000000 9698.000000 0.117267 
82800.000000 9692.000000 0.117053 
82900.000000 9642.000000 0.116309 
83000.000000 9666.000000 0.116458 
83100.000000 9584.000000 0.115331 
83200.000000 9602.000000 0.115409 
83300.000000 9508.000000 0.114142 
83400.000000 9408.000000 0.112806 
83500.000000 9308.000000 0.111473 
83600.000000 9288.000000 0.111100 
83700.000000 9234.000000 0.110323 
83800.000000 9254.000000 0.110430 
83900.000000 9238.000000 0.110107 
84000.000000 9330.000000 0.111071 
84100.000000 9336.000000 0.111011 
84200.000000 9236.000000 0.109691 
84300.000000 9136.000000 0.108375 
84400.000000 9146.000000 0.108365 
84500.000000 9220.000000 0.109112 
84600.000000 9224.000000 0.109031 
84700.000000 9214.000000 0.108784 
84800.000000 9238.000000 0.108939 
84900.000000 9224.000000 0.108645 
85000.000000 9284.000000 0.109224 
85100.000000 9270.000000 0.108931 
85200.000000 9306.000000 0.109225 
85300.000000 9376.000000 0.109918 
85400.000000 9336.000000 0.109321 
85500.000000 9314.000000 0.108936 
85600.000000 9226.000000 0.107780 
85700.000000 9132.000000 0.106558 
85800.000000 9180.000000 0.106993 
85900.000000 9258.000000 0.107776 
86000.000000 9198.000000 0.106953 
86100.000000 9166.000000 0.106458 
86200.000000 9132.000000 0.105940 
86300.000000 9114.000000 0.105608 
86400.000000 9198.000000 0.106458 
86500.000000 9138.000000 0.105642 
86600.000000 9140.000000 0.105543 
86700.000000 9122.000000 0.105213 
86800.000000 9140.000000 0.105300 
86900.000000 9126.000000 0.105017 
87000.000000 9096.000000 0.104552 
87100.000000 9050.000000 0.103904 
87200.000000 9034.000000 0.103601 
87300.000000 8956.000000 0.102589 
87400.000000 8856.000000 0.101327 
87500.000000 8852.000000 0.101166 
87600.000000 8888.000000 0.101461 
87700.000000 8892.000000 0.101391 
87800.000000 8846.000000 0.100752 
87900.000000 8746.000000 0.099499 
88000.000000 8646.000000 0.098250 
88100.000000 8588.000000 0.097480 
88200.000000 8656.000000 0.098141 
88300.000000 8652.000000 0.097984 
88400.000000 8712.000000 0.098552 
88500.000000 8786.000000 0.099277 
88600.000000 8842.000000 0.099797 
88700.000000 8868.000000 0.099977 
88800.000000 8836.000000 0.099505 
88900.000000 8760.000000 0.098538 
89000.000000 8700.000000 0.097753 
89100.000000 8750.000000 0.098204 
89200.000000 8704.000000 0.097578 
89300.000000 8716.000000 0.097604 
89400.000000 8714.000000 0.097472 
89500.000000 8716.000000 0.097385 
89600.000000 8792.000000 0.098125 
89700.000000 8824.000000 0.098372 
89800.000000 8862.000000 0.098686 
89900.000000 8862.000000 0.098576 
90000.000000 8832.000000 0.098133 
90100.000000 8740.000000 0.097003 
90200.000000 8668.000000 0.096098 
90300.000000 8714.000000 0.096501 
90400.000000 8758.000000 0.096881 
90500.000000 8734.000000 0.096508 
90600.000000 8740.000000 0.096468 
90700.000000 8756.000000 0.096538 
90800.000000 8686.000000 0.095661 
90900.000000 8586.000000 0.094455 
91000.000000 8624.000000 0.094769 
91100.000000 8604.000000 0.094446 
91200.000000 8610.000000 0.094408 
91300.000000 8632.000000 0.094545 
91400.000000 8638.000000 0.094508 
91500.000000 8666.000000 0.094710 
91600.000000 8706.000000 0.095044 
91700.000000 8760.000000 0.095529 
91800.000000 8814.000000 0.096013 
91900.000000 8774.000000 0.095473 
92000.000000 8816.000000 0.095826 
92100.000000 8828.000000 0.095852 
92200.000000 8888.000000 0.096399 
92300.000000 8906.000000 0.096490 
92400.000000 8878.000000 0.096082 
92500.000000 8938.000000 0.096627 
92600.000000 8932.000000 0.096458 
92700.000000 8936.000000 0.096397 
92800.000000 8970.000000 0.096659 
92900.000000 8988.000000 0.096749 
93000.000000 8900.000000 0.095699 
93100.000000 8800.000000 0.094522 
93200.000000 8798.000000 0.094399 
93300.000000 8856.000000 0.094920 
93400.000000 8946.000000 0.095782 
93500.000000 9010.000000 0.096364 
93600.000000 8956.000000 0.095684 
93700.000000 9030.000000 0.096371 
93800.000000 9054.000000 0.096525 
93900.000000 9108.000000 0.096997 
94000.000000 9196.000000 0.097830 
94100.000000 9272.000000 0.098533 
94200.000000 9308.000000 0.098811 
94300.000000 9376.000000 0.099427 
94400.000000 9406.000000 0.099640 
94500.000000 9464.000000 0.100148 
94600.000000 9396.000000 0.099323 
94700.000000 9426.000000 0.099535 
94800.000000 9402.000000 0.099177 
94900.000000 9472.000000 0.099810 
95000.000000 9540.000000 0.100421 
95100.000000 9610.000000 0.101052 
95200.000000 9674.000000 0.101618 
95300.000000 9686.000000 0.101637 
95400.000000 9684.000000 0.101509 
95500.000000 9752.000000 0.102115 
95600.000000 9804.000000 0.102552 
95700.000000 9866.000000 0.103093 
95800.000000 9906.000000 0.103403 
95900.000000 9972.000000 0.103983 
96000.000000 10030.000000 0.104479 
96100.000000 10074.000000 0.104828 
96200.000000 10056.000000 0.104532 
96300.000000 10104.000000 0.104922 
96400.000000 10128.000000 0.105062 
96500.000000 10132.000000 0.104995 
96600.000000 10182.000000 0.105404 
96700.000000 10212.000000 0.105605 
96800.000000 10164.000000 0.105000 
96900.000000 10208.000000 0.105346 
97000.000000 10224.000000 0.105402 
97100.000000 10264.000000 0.105705 
97200.000000 10294.000000 0.105905 
97300.000000 10334.000000 0.106208 
97400.000000 10418.000000 0.106961 
97500.000000 10496.000000 0.107651 
97600.000000 10474.000000 0.107316 
97700.000000 10560.000000 0.108086 
97800.000000 10562.000000 0.107996 
97900.000000 10586.000000 0.108131 
98000.000000 10642.000000 0.108592 
98100.000000 10690.000000 0.108970 
98200.000000 10622.000000 0.108167 
98300.000000 10704.000000 0.108891 
98400.000000 10750.000000 0.109248 
98500.000000 10836.000000 0.110010 
98600.000000 10926.000000 0.110811 
98700.000000 10950.000000 0.110942 
98800.000000 11024.000000 0.111579 
98900.000000 11062.000000 0.111850 
99000.000000 11098.000000 0.112101 
99100.000000 11126.000000 0.112270 
99200.000000 11188.000000 0.112782 
99300.000000 11238.000000 0.113172 
99400.000000 11330.000000 0.113984 
99500.000000 11378.000000 0.114352 
99600.000000 11368.000000 0.114137 
99700.000000 11438.000000 0.114724 
99800.000000 11488.000000 0.115110 
99900.000000 11470.000000 0.114815 
100000.000000 11472.000000 0.114720 
100100.000000 11544.000000 0.115325 
100200.000000 11544.000000 0.115210 
100300.000000 11572.000000 0.115374 
100400.000000 11608.000000 0.115618 
100500.000000 11692.000000 0.116338 
100600.000000 11730.000000 0.116600 
100700.000000 11750.000000 0.116683 
100800.000000 11754.000000 0.116607 
100900.000000 11786.000000 0.116809 
101000.000000 11818.000000 0.117010 
101100.000000 11870.000000 0.117409 
101200.000000 11886.000000 0.117451 
101300.000000 11982.000000 0.118282 
101400.000000 11990.000000 0.118245 
101500.000000 12008.000000 0.118305 
101600.000000 12062.000000 0.118720 
101700.000000 12104.000000 0.119017 
101800.000000 12160.000000 0.119450 
101900.000000 12174.000000 0.119470 
102000.000000 12252.000000 0.120118 
102100.000000 12352.000000 0.120979 
102200.000000 12420.000000 0.121526 
102300.000000 12470.000000 0.121896 
102400.000000 12564.000000 0.122695 
102500.000000 12618.000000 0.123102 
102600.000000 12706.000000 0.123840 
102700.000000 12770.000000 0.124343 
102800.000000 12842.000000 0.124922 
102900.000000 12924.000000 0.125598 
103000.000000 12936.000000 0.125592 
103100.000000 13022.000000 0.126305 
103200.000000 13080.000000 0.126744 
103300.000000 13156.000000 0.127357 
103400.000000 13236.000000 0.128008 
103500.000000 13308.000000 0.128580 
103600.000000 13262.000000 0.128012 
103700.000000 13264.000000 0.127907 
103800.000000 13348.000000 0.128593 
103900.000000 13396.000000 0.128932 
104000.000000 13484.000000 0.129654 
104100.000000 13534.000000 0.130010 
104200.000000 13572.000000 0.130250 
104300.000000 13640.000000 0.130777 
104400.000000 13668.000000 0.130920 
104500.000000 13734.000000 0.131426 
104600.000000 13798.000000 0.131912 
104700.000000 13868.000000 0.132455 
104800.000000 13948.000000 0.133092 
104900.000000 14026.000000 0.133708 
105000.000000 14102.000000 0.134305 
105100.000000 14180.000000 0.134919 
105200.000000 14274.000000 0.135684 
105300.000000 14316.000000 0.135954 
105400.000000 14384.000000 0.136471 
105500.000000 14464.000000 0.137100 
105600.000000 14556.000000 0.137841 
105700.000000 14602.000000 0.138146 
105800.000000 14688.000000 0.138828 
105900.000000 14716.000000 0.138961 
106000.000000 14776.000000 0.139396 
106100.000000 14834.000000 0.139812 
106200.000000 14922.000000 0.140508 
106300.000000 14956.000000 0.140696 
106400.000000 15008.000000 0.141053 
106500.000000 15076.000000 0.141559 
106600.000000 15150.000000 0.142120 
106700.000000 15244.000000 0.142868 
106800.000000 15336.000000 0.143596 
106900.000000 15360.000000 0.143686 
107000.000000 15398.000000 0.143907 
107100.000000 15494.000000 0.144669 
107200.000000 15558.000000 0.145131 
107300.000000 15626.000000 0.145629 
107400.000000 15630.000000 0.145531 
107500.000000 15682.000000 0.145879 
107600.000000 15764.000000 0.146506 
107700.000000 15814.000000 0.146834 
107800.000000 15894.000000 0.147440 
107900.000000 15934.000000 0.147674 
108000.000000 15992.000000 0.148074 
108100.000000 15978.000000 0.147808 
108200.000000 16060.000000 0.148429 
108300.000000 16134.000000 0.148975 
108400.000000 16198.000000 0.149428 
108500.000000 16264.000000 0.149899 
108600.000000 16302.000000 0.150110 
108700.000000 16368.000000 0.150580 
108800.000000 16418.000000 0.150901 
108900.000000 16466.000000 0.151203 
109000.000000 16564.000000 0.151963 
109100.000000 16644.000000 0.152557 
109200.000000 16740.000000 0.153297 
109300.000000 16806.000000 0.153760 
109400.000000 16860.000000 0.154113 
109500.000000 16914.000000 0.154466 
109600.000000 16968.000000 0.154818 
109700.000000 17006.000000 0.155023 
109800.000000 17076.000000 0.155519 
109900.000000 17016.000000 0.154832 
110000.000000 17092.000000 0.155382 
110100.000000 17158.000000 0.155840 
110200.000000 17220.000000 0.156261 
110300.000000 17294.000000 0.156791 
110400.000000 17360.000000 0.157246 
110500.000000 17444.000000 0.157864 
110600.000000 17508.000000 0.158300 
110700.000000 17566.000000 0.158681 
110800.000000 17654.000000 0.159332 
110900.000000 17656.000000 0.159206 
111000.000000 17724.000000 0.159676 
111100.000000 17812.000000 0.160324 
111200.000000 17846.000000 0.160486 
111300.000000 17940.000000 0.161186 
111400.000000 17994.000000 0.161526 
111500.000000 17942.000000 0.160915 
111600.000000 18022.000000 0.161487 
111700.000000 18056.000000 0.161647 
111800.000000 18046.000000 0.161413 
111900.000000 18114.000000 0.161877 
112000.000000 18200.000000 0.162500 
112100.000000 18272.000000 0.162997 
112200.000000 18294.000000 0.163048 
112300.000000 18368.000000 0.163562 
112400.000000 18444.000000 0.164093 
112500.000000 18478.000000 0.164249 
112600.000000 18512.000000 0.164405 
112700.000000 18596.000000 0.165004 
112800.000000 18674.000000 0.165550 
112900.000000 18692.000000 0.165562 
113000.000000 18760.000000 0.166018 
113100.000000 18822.000000 0.166419 
113200.000000 18888.000000 0.166855 
113300.000000 18954.000000 0.167290 
113400.000000 19026.000000 0.167778 
113500.000000 19060.000000 0.167930 
113600.000000 19132.000000 0.168415 
113700.000000 19206.000000 0.168918 
113800.000000 19274.000000 0.169367 
113900.000000 19300.000000 0.169447 
114000.000000 19378.000000 0.169982 
114100.000000 19468.000000 0.170622 
114200.000000 19546.000000 0.171156 
114300.000000 19622.000000 0.171671 
114400.000000 19684.000000 0.172063 
114500.000000 19740.000000 0.172402 
114600.000000 19764.000000 0.172461 
114700.000000 19840.000000 0.172973 
114800.000000 19876.000000 0.173136 
114900.000000 19922.000000 0.173386 
115000.000000 19934.000000 0.173339 
115100.000000 19964.000000 0.173449 
115200.000000 20028.000000 0.173854 
115300.000000 20124.000000 0.174536 
115400.000000 20126.000000 0.174402 
115500.000000 20172.000000 0.174649 
115600.000000 20148.000000 0.174291 
115700.000000 20116.000000 0.173863 
115800.000000 20154.000000 0.174041 
115900.000000 20218.000000 0.174443 
116000.000000 20176.000000 0.173931 
116100.000000 20112.000000 0.173230 
116200.000000 20140.000000 0.173322 
116300.000000 20162.000000 0.173362 
116400.000000 20102.000000 0.172698 
116500.000000 20096.000000 0.172498 
116600.000000 20146.000000 0.172779 
116700.000000 20132.000000 0.172511 
116800.000000 20038.000000 0.171558 
116900.000000 19986.000000 0.170967 
117000.000000 20022.000000 0.171128 
117100.000000 20038.000000 0.171119 
117200.000000 20054.000000 0.171109 
117300.000000 20022.000000 0.170691 
117400.000000 20006.000000 0.170409 
117500.000000 19980.000000 0.170043 
117600.000000 20012.000000 0.170170 
117700.000000 19922.000000 0.169261 
117800.000000 19834.000000 0.168370 
117900.000000 19742.000000 0.167447 
118000.000000 19714.000000 0.167068 
118100.000000 19754.000000 0.167265 
118200.000000 19710.000000 0.166751 
118300.000000 19632.000000 0.165951 
118400.000000 19548.000000 0.165101 
118500.000000 19512.000000 0.164658 
118600.000000 19514.000000 0.164536 
118700.000000 19486.000000 0.164162 
118800.000000 19394.000000 0.163249 
118900.000000 19442.000000 0.163516 
119000.000000 19428.000000 0.163261 
119100.000000 19348.000000 0.162452 
119200.000000 19268.000000 0.161644 
119300.000000 19286.000000 0.161660 
119400.000000 19250.000000 0.161223 
119500.000000 19226.000000 0.160887 
119600.000000 19126.000000 0.159916 
119700.000000 19060.000000 0.159231 
119800.000000 18990.000000 0.158514 
119900.000000 18988.000000 0.158365 
120000.000000 19032.000000 0.158600 
120100.000000 19056.000000 0.158668 
120200.000000 19134.000000 0.159185 
120300.000000 19090.000000 0.158687 
120400.000000 19048.000000 0.158206 
120500.000000 19008.000000 0.157743 
120600.000000 18920.000000 0.156882 
120700.000000 18938.000000 0.156901 
120800.000000 18870.000000 0.156209 
120900.000000 18834.000000 0.155782 
121000.000000 18790.000000 0.155289 
121100.000000 18704.000000 0.154451 
121200.000000 18662.000000 0.153977 
121300.000000 18686.000000 0.154048 
121400.000000 18620.000000 0.153377 
121500.000000 18520.000000 0.152428 
121600.000000 18442.000000 0.151661 
121700.000000 18510.000000 0.152095 
121800.000000 18416.000000 0.151199 
121900.000000 18348.000000 0.150517 
122000.000000 18324.000000 0.150197 
122100.000000 18264.000000 0.149582 
122200.000000 18222.000000 0.149116 
122300.000000 18192.000000 0.148749 
122400.000000 18178.000000 0.148513 
122500.000000 18188.000000 0.148473 
122600.000000 18152.000000 0.148059 
122700.000000 18078.000000 0.147335 
122800.000000 17992.000000 0.146515 
122900.000000 17940.000000 0.145972 
123000.000000 17908.000000 0.145593 
123100.000000 17818.000000 0.144744 
123200.000000 17758.000000 0.144140 
123300.000000 17724.000000 0.143747 
123400.000000 17638.000000 0.142934 
123500.000000 17594.000000 0.142462 
123600.000000 17622.000000 0.142573 
123700.000000 17556.000000 0.141924 
123800.000000 17496.000000 0.141325 
123900.000000 17552.000000 0.141663 
124000.000000 17522.000000 0.141306 
124100.000000 17554.000000 0.141450 
124200.000000 17496.000000 0.140870 
124300.000000 17410.000000 0.140064 
124400.000000 17342.000000 0.139405 
124500.000000 17292.000000 0.138892 
124600.000000 17282.000000 0.138700 
124700.000000 17226.000000 0.138140 
124800.000000 17230.000000 0.138061 
124900.000000 17178.000000 0.137534 
125000.000000 17212.000000 0.137696 
125100.000000 17194.000000 0.137442 
125200.000000 17262.000000 0.137875 
125300.000000 17214.000000 0.137382 
125400.000000 17174.000000 0.136954 
125500.000000 17090.000000 0.136175 
125600.000000 17112.000000 0.136242 
125700.000000 17130.000000 0.136277 
125800.000000 17094.000000 0.135882 
125900.000000 17102.000000 0.135838 
126000.000000 17112.000000 0.135810 
126100.000000 17138.000000 0.135908 
126200.000000 17200.000000 0.136292 
126300.000000 17204.000000 0.136215 
126400.000000 17224.000000 0.136266 
126500.000000 17184.000000 0.135842 
126600.000000 17188.000000 0.135766 
126700.000000 17154.000000 0.135391 
126800.000000 17120.000000 0.135016 
126900.000000 17050.000000 0.134358 
127000.000000 17040.000000 0.134173 
127100.000000 17000.000000 0.133753 
127200.000000 16976.000000 0.133459 
127300.000000 16946.000000 0.133119 
127400.000000 16912.000000 0.132747 
127500.000000 16884.000000 0.132424 
127600.000000 16830.000000 0.131897 
127700.000000 16820.000000 0.131715 
127800.000000 16844.000000 0.131800 
127900.000000 16806.000000 0.131400 
128000.000000 16742.000000 0.130797 
128100.000000 16656.000000 0.130023 
128200.000000 16616.000000 0.129610 
128300.000000 16530.000000 0.128839 
128400.000000 16510.000000 0.128583 
128500.000000 16512.000000 0.128498 
128600.000000 16450.000000 0.127916 
128700.000000 16434.000000 0.127692 
128800.000000 16432.000000 0.127578 
128900.000000 16428.000000 0.127448 
129000.000000 16444.000000 0.127473 
129100.000000 16492.000000 0.127746 
129200.000000 16506.000000 0.127755 
129300.000000 16478.000000 0.127440 
129400.000000 16478.000000 0.127342 
129500.000000 16468.000000 0.127166 
129600.000000 16426.000000 0.126744 
129700.000000 16468.000000 0.126970 
129800.000000 16424.000000 0.126533 
129900.000000 16348.000000 0.125851 
130000.000000 16356.000000 0.125815 
130100.000000 16356.000000 0.125719 
130200.000000 16386.000000 0.125853 
130300.000000 16424.000000 0.126048 
130400.000000 16392.000000 0.125706 
130500.000000 16436.000000 0.125946 
130600.000000 16506.000000 0.126386 
130700.000000 16480.000000 0.126090 
130800.000000 16532.000000 0.126391 
130900.000000 16556.000000 0.126478 
131000.000000 16614.000000 0.126824 
131100.000000 16666.000000 0.127124 
131200.000000 16652.000000 0.126921 
131300.000000 16672.000000 0.126976 
131400.000000 16682.000000 0.126956 
131500.000000 16638.000000 0.126525 
131600.000000 16580.000000 0.125988 
131700.000000 16564.000000 0.125771 
131800.000000 16604.000000 0.125979 
131900.000000 16582.000000 0.125716 
132000.000000 16502.000000 0.125015 
132100.000000 16402.000000 0.124164 
132200.000000 16418.000000 0.124191 
132300.000000 16412.000000 0.124051 
132400.000000 16336.000000 0.123384 
132500.000000 16286.000000 0.122913 
132600.000000 16250.000000 0.122549 
132700.000000 16198.000000 0.122065 
132800.000000 16280.000000 0.122590 
132900.000000 16252.000000 0.122287 
133000.000000 16232.000000 0.122045 
133100.000000 16198.000000 0.121698 
133200.000000 16226.000000 0.121817 
133300.000000 16252.000000 0.121920 
133400.000000 16322.000000 0.122354 
133500.000000 16348.000000 0.122457 
133600.000000 16364.000000 0.122485 
133700.000000 16386.000000 0.122558 
133800.000000 16468.000000 0.123079 
133900.000000 16442.000000 0.122793 
134000.000000 16536.000000 0.123403 
134100.000000 16512.000000 0.123132 
134200.000000 16484.000000 0.122832 
134300.000000 16454.000000 0.122517 
134400.000000 16428.000000 0.122232 
134500.000000 16474.000000 0.122483 
134600.000000 16450.000000 0.122214 
134700.000000 16452.000000 0.122138 
134800.000000 16450.000000 0.122033 
134900.000000 16390.000000 0.121497 
135000.000000 16386.000000 0.121378 
135100.000000 16350.000000 0.121021 
135200.000000 16410.000000 0.121376 
135300.000000 16436.000000 0.121478 
135400.000000 16488.000000 0.121773 
135500.000000 16468.000000 0.121535 
135600.000000 16408.000000 0.121003 
135700.000000 16408.000000 0.120914 
135800.000000 16428.000000 0.120972 
135900.000000 16412.000000 0.120765 
136000.000000 16448.000000 0.120941 
136100.000000 16442.000000 0.120808 
136200.000000 16450.000000 0.120778 
136300.000000 16476.000000 0.120880 
136400.000000 16432.000000 0.120469 
136500.000000 16398.000000 0.120132 
136600.000000 16420.000000 0.120205 
136700.000000 16358.000000 0.119663 
136800.000000 16404.000000 0.119912 
136900.000000 16398.000000 0.119781 
137000.000000 16346.000000 0.119314 
137100.000000 16394.000000 0.119577 
137200.000000 16352.000000 0.119184 
137300.000000 16268.000000 0.118485 
137400.000000 16328.000000 0.118836 
137500.000000 16324.000000 0.118720 
137600.000000 16306.000000 0.118503 
137700.000000 16250.000000 0.118010 
137800.000000 16258.000000 0.117983 
137900.000000 16312.000000 0.118289 
138000.000000 16394.000000 0.118797 
138100.000000 16430.000000 0.118972 
138200.000000 16376.000000 0.118495 
138300.000000 16408.000000 0.118641 
138400.000000 16420.000000 0.118642 
138500.000000 16464.000000 0.118874 
138600.000000 16534.000000 0.119293 
138700.000000 16476.000000 0.118789 
138800.000000 16546.000000 0.119207 
138900.000000 16604.000000 0.119539 
139000.000000 16616.000000 0.119540 
139100.000000 16622.000000 0.119497 
139200.000000 16556.000000 0.118937 
139300.000000 16476.000000 0.118277 
139400.000000 16412.000000 0.117733 
139500.000000 16328.000000 0.117047 
139600.000000 16324.000000 0.116934 
139700.000000 16400.000000 0.117394 
139800.000000 16410.000000 0.117382 
139900.000000 16366.000000 0.116984 
140000.000000 16376.000000 0.116971 
140100.000000 16452.000000 0.117430 
140200.000000 16500.000000 0.117689 
140300.000000 16536.000000 0.117862 
140400.000000 16504.000000 0.117550 
140500.000000 16494.000000 0.117395 
140600.000000 16526.000000 0.117539 
140700.000000 16580.000000 0.117839 
140800.000000 16604.000000 0.117926 
140900.000000 16644.000000 0.118126 
141000.000000 16630.000000 0.117943 
141100.000000 16594.000000 0.117605 
141200.000000 16580.000000 0.117422 
141300.000000 16576.000000 0.117311 
141400.000000 16578.000000 0.117242 
141500.000000 16618.000000 0.117442 
141600.000000 16618.000000 0.117359 
141700.000000 16650.000000 0.117502 
141800.000000 16662.000000 0.117504 
141900.000000 16684.000000 0.117576 
142000.000000 16638.000000 0.117169 
142100.000000 16710.000000 0.117593 
142200.000000 16762.000000 0.117876 
142300.000000 16724.000000 0.117526 
142400.000000 16636.000000 0.116826 
142500.000000 16654.000000 0.116870 
142600.000000 16630.000000 0.116620 
142700.000000 16656.000000 0.116720 
142800.000000 16632.000000 0.116471 
142900.000000 16592.000000 0.116109 
143000.000000 16618.000000 0.116210 
143100.000000 16598.000000 0.115989 
143200.000000 16572.000000 0.115726 
143300.000000 16554.000000 0.115520 
143400.000000 16522.000000 0.115216 
143500.000000 16510.000000 0.115052 
143600.000000 16490.000000 0.114833 
143700.000000 16490.000000 0.114753 
143800.000000 16556.000000 0.115132 
143900.000000 16588.000000 0.115274 
144000.000000 16580.000000 0.115139 
144100.000000 16550.000000 0.114851 
144200.000000 16558.000000 0.114827 
144300.000000 16552.000000 0.114705 
144400.000000 16596.000000 0.114931 
144500.000000 16604.000000 0.114907 
144600.000000 16578.000000 0.114647 
144700.000000 16576.000000 0.114554 
144800.000000 16632.000000 0.114862 
144900.000000 16690.000000 0.115183 
145000.000000 16758.000000 0.115572 
145100.000000 16836.000000 0.116030 
145200.000000 16862.000000 0.116129 
145300.000000 16864.000000 0.116063 
145400.000000 16870.000000 0.116025 
145500.000000 16884.000000 0.116041 
145600.000000 16928.000000 0.116264 
145700.000000 16938.000000 0.116253 
145800.000000 16928.000000 0.116104 
145900.000000 16966.000000 0.116285 
146000.000000 16984.000000 0.116329 
146100.000000 17028.000000 0.116550 
146200.000000 17026.000000 0.116457 
146300.000000 17070.000000 0.116678 
146400.000000 17058.000000 0.116516 
146500.000000 17142.000000 0.117010 
146600.000000 17180.000000 0.117190 
146700.000000 17212.000000 0.117328 
146800.000000 17274.000000 0.117670 
146900.000000 17374.000000 0.118271 
147000.000000 17434.000000 0.118599 
147100.000000 17488.000000 0.118885 
147200.000000 17530.000000 0.119090 
147300.000000 17618.000000 0.119606 
147400.000000 17648.000000 0.119729 
147500.000000 17638.000000 0.119580 
147600.000000 17690.000000 0.119851 
147700.000000 17686.000000 0.119743 
147800.000000 17696.000000 0.119729 
147900.000000 17718.000000 0.119797 
148000.000000 17712.000000 0.119676 
148100.000000 17744.000000 0.119811 
148200.000000 17754.000000 0.119798 
148300.000000 17840.000000 0.120297 
148400.000000 17884.000000 0.120512 
148500.000000 17974.000000 0.121037 
148600.000000 17986.000000 0.121036 
148700.000000 17970.000000 0.120847 
148800.000000 18016.000000 0.121075 
148900.000000 18016.000000 0.120994 
149000.000000 18030.000000 0.121007 
149100.000000 18084.000000 0.121288 
149200.000000 18122.000000 0.121461 
149300.000000 18214.000000 0.121996 
149400.000000 18250.000000 0.122155 
149500.000000 18296.000000 0.122381 
149600.000000 18346.000000 0.122634 
149700.000000 18366.000000 0.122685 
149800.000000 18356.000000 0.122537 
149900.000000 18334.000000 0.122308 
150000.000000 18328.000000 0.122187 
150100.000000 18368.000000 0.122372 
150200.000000 18382.000000 0.122383 
150300.000000 18440.000000 0.122688 
150400.000000 18484.000000 0.122899 
150500.000000 18536.000000 0.123163 
150600.000000 18594.000000 0.123466 
150700.000000 18598.000000 0.123411 
150800.000000 18674.000000 0.123833 
150900.000000 18742.000000 0.124201 
151000.000000 18808.000000 0.124556 
151100.000000 18828.000000 0.124606 
151200.000000 18808.000000 0.124392 
151300.000000 18880.000000 0.124785 
151400.000000 18942.000000 0.125112 
151500.000000 18924.000000 0.124911 
151600.000000 18956.000000 0.125040 
151700.000000 19030.000000 0.125445 
151800.000000 19070.000000 0.125626 
151900.000000 19104.000000 0.125767 
152000.000000 19144.000000 0.125947 
152100.000000 19188.000000 0.126154 
152200.000000 19268.000000 0.126597 
152300.000000 19302.000000 0.126737 
152400.000000 19330.000000 0.126837 
152500.000000 19340.000000 0.126820 
152600.000000 19316.000000 0.126579 
152700.000000 19352.000000 0.126732 
152800.000000 19448.000000 0.127277 
152900.000000 19490.000000 0.127469 
153000.000000 19552.000000 0.127791 
153100.000000 19584.000000 0.127916 
153200.000000 19654.000000 0.128290 
153300.000000 19714.000000 0.128598 
153400.000000 19766.000000 0.128853 
153500.000000 19778.000000 0.128847 
153600.000000 19826.000000 0.129076 
153700.000000 19852.000000 0.129161 
153800.000000 19882.000000 0.129272 
153900.000000 19946.000000 0.129604 
154000.000000 19962.000000 0.129623 
154100.000000 19972.000000 0.129604 
154200.000000 20026.000000 0.129870 
154300.000000 20040.000000 0.129877 
154400.000000 20096.000000 0.130155 
154500.000000 20110.000000 0.130162 
154600.000000 20174.000000 0.130492 
154700.000000 20180.000000 0.130446 
154800.000000 20224.000000 0.130646 
154900.000000 20248.000000 0.130717 
155000.000000 20242.000000 0.130594 
155100.000000 20284.000000 0.130780 
155200.000000 20292.000000 0.130747 
155300.000000 20294.000000 0.130676 
155400.000000 20314.000000 0.130721 
155500.000000 20322.000000 0.130688 
155600.000000 20400.000000 0.131105 
155700.000000 20430.000000 0.131214 
155800.000000 20504.000000 0.131605 
155900.000000 20584.000000 0.132033 
156000.000000 20660.000000 0.132436 
156100.000000 20638.000000 0.132210 
156200.000000 20714.000000 0.132612 
156300.000000 20698.000000 0.132425 
156400.000000 20756.000000 0.132711 
156500.000000 20726.000000 0.132435 
156600.000000 20728.000000 0.132363 
156700.000000 20770.000000 0.132546 
156800.000000 20786.000000 0.132564 
156900.000000 20824.000000 0.132721 
157000.000000 20846.000000 0.132777 
157100.000000 20814.000000 0.132489 
157200.000000 20844.000000 0.132595 
157300.000000 20824.000000 0.132384 
157400.000000 20876.000000 0.132630 
157500.000000 20866.000000 0.132483 
157600.000000 20916.000000 0.132716 
157700.000000 20990.000000 0.133101 
157800.000000 21038.000000 0.133321 
157900.000000 21094.000000 0.133591 
158000.000000 21094.000000 0.133506 
158100.000000 21166.000000 0.133877 
158200.000000 21202.000000 0.134020 
158300.000000 21242.000000 0.134188 
158400.000000 21310.000000 0.134533 
158500.000000 21294.000000 0.134347 
158600.000000 21368.000000 0.134729 
158700.000000 21392.000000 0.134795 
158800.000000 21392.000000 0.134710 
158900.000000 21398.000000 0.134663 
159000.000000 21436.000000 0.134818 
159100.000000 21474.000000 0.134972 
159200.000000 21456.000000 0.134774 
159300.000000 21516.000000 0.135066 
159400.000000 21516.000000 0.134981 
159500.000000 21570.000000 0.135235 
159600.000000 21584.000000 0.135238 
159700.000000 21628.000000 0.135429 
159800.000000 21650.000000 0.135482 
159900.000000 21712.000000 0.135785 
160000.000000 21690.000000 0.135562 
160100.000000 21688.000000 0.135465 
160200.000000 21744.000000 0.135730 
160300.000000 21832.000000 0.136195 
160400.000000 21888.000000 0.136459 
160500.000000 21892.000000 0.136399 
160600.000000 21926.000000 0.136526 
160700.000000 21934.000000 0.136490 
160800.000000 21970.000000 0.136629 
160900.000000 22014.000000 0.136818 
161000.000000 22066.000000 0.137056 
161100.000000 22096.000000 0.137157 
161200.000000 22166.000000 0.137506 
161300.000000 22230.000000 0.137818 
161400.000000 22258.000000 0.137906 
161500.000000 22306.000000 0.138118 
161600.000000 22306.000000 0.138032 
161700.000000 22340.000000 0.138157 
161800.000000 22394.000000 0.138405 
161900.000000 22382.000000 0.138246 
162000.000000 22448.000000 0.138568 
162100.000000 22464.000000 0.138581 
162200.000000 22532.000000 0.138915 
162300.000000 22552.000000 0.138953 
162400.000000 22582.000000 0.139052 
162500.000000 22644.000000 0.139348 
162600.000000 22694.000000 0.139569 
162700.000000 22708.000000 0.139570 
162800.000000 22746.000000 0.139717 
162900.000000 22768.000000 0.139767 
163000.000000 22774.000000 0.139718 
163100.000000 22834.000000 0.140000 
163200.000000 22840.000000 0.139951 
163300.000000 22902.000000 0.140245 
163400.000000 22954.000000 0.140477 
163500.000000 22966.000000 0.140465 
163600.000000 22976.000000 0.140440 
163700.000000 23036.000000 0.140721 
163800.000000 23078.000000 0.140891 
163900.000000 23126.000000 0.141098 
164000.000000 23208.000000 0.141512 
164100.000000 23242.000000 0.141633 
164200.000000 23314.000000 0.141985 
164300.000000 23356.000000 0.142155 
164400.000000 23398.000000 0.142324 
164500.000000 23438.000000 0.142480 
164600.000000 23436.000000 0.142382 
164700.000000 23498.000000 0.142672 
164800.000000 23566.000000 0.142998 
164900.000000 23596.000000 0.143093 
165000.000000 23622.000000 0.143164 
165100.000000 23656.000000 0.143283 
165200.000000 23708.000000 0.143511 
165300.000000 23758.000000 0.143727 
165400.000000 23788.000000 0.143821 
165500.000000 23808.000000 0.143855 
165600.000000 23886.000000 0.144239 
165700.000000 23948.000000 0.144526 
165800.000000 23994.000000 0.144717 
165900.000000 24062.000000 0.145039 
166000.000000 24102.000000 0.145193 
166100.000000 24160.000000 0.145455 
166200.000000 24230.000000 0.145788 
166300.000000 24296.000000 0.146097 
166400.000000 24338.000000 0.146262 
166500.000000 24394.000000 0.146511 
166600.000000 24466.000000 0.146855 
166700.000000 24502.000000 0.146983 
166800.000000 24520.000000 0.147002 
166900.000000 24568.000000 0.147202 
167000.000000 24556.000000 0.147042 
167100.000000 24584.000000 0.147121 
167200.000000 24638.000000 0.147356 
167300.000000 24714.000000 0.147723 
167400.000000 24778.000000 0.148017 
167500.000000 24826.000000 0.148215 
167600.000000 24874.000000 0.148413 
167700.000000 24916.000000 0.148575 
167800.000000 25004.000000 0.149011 
167900.000000 25048.000000 0.149184 
168000.000000 25082.000000 0.149298 
168100.000000 25120.000000 0.149435 
168200.000000 25216.000000 0.149917 
168300.000000 25230.000000 0.149911 
168400.000000 25264.000000 0.150024 
168500.000000 25346.000000 0.150421 
168600.000000 25430.000000 0.150830 
168700.000000 25410.000000 0.150622 
168800.000000 25444.000000 0.150735 
168900.000000 25496.000000 0.150953 
169000.000000 25540.000000 0.151124 
169100.000000 25552.000000 0.151106 
169200.000000 25620.000000 0.151418 
169300.000000 25680.000000 0.151683 
169400.000000 25736.000000 0.151924 
169500.000000 25732.000000 0.151811 
169600.000000 25806.000000 0.152158 
169700.000000 25838.000000 0.152257 
169800.000000 25804.000000 0.151967 
169900.000000 25862.000000 0.152219 
170000.000000 25922.000000 0.152482 
170100.000000 25874.000000 0.152111 
170200.000000 25972.000000 0.152597 
170300.000000 25930.000000 0.152261 
170400.000000 25830.000000 0.151585 
170500.000000 25788.000000 0.151249 
170600.000000 25848.000000 0.151512 
170700.000000 25922.000000 0.151857 
170800.000000 25954.000000 0.151956 
170900.000000 26020.000000 0.152253 
171000.000000 26094.000000 0.152596 
171100.000000 26154.000000 0.152858 
171200.000000 26190.000000 0.152979 
171300.000000 26240.000000 0.153182 
171400.000000 26314.000000 0.153524 
171500.000000 26336.000000 0.153563 
171600.000000 26414.000000 0.153928 
171700.000000 26472.000000 0.154176 
171800.000000 26548.000000 0.154529 
171900.000000 26604.000000 0.154764 
172000.000000 26678.000000 0.155105 
172100.000000 26732.000000 0.155328 
172200.000000 26804.000000 0.155656 
172300.000000 26868.000000 0.155937 
172400.000000 26954.000000 0.156346 
172500.000000 26934.000000 0.156139 
172600.000000 26980.000000 0.156315 
172700.000000 27008.000000 0.156387 
172800.000000 27070.000000 0.156655 
172900.000000 27132.000000 0.156923 
173000.000000 27222.000000 0.157353 
173100.000000 27276.000000 0.157574 
173200.000000 27356.000000 0.157945 
173300.000000 27376.000000 0.157969 
173400.000000 27448.000000 0.158293 
173500.000000 27490.000000 0.158444 
173600.000000 27552.000000 0.158710 
173700.000000 27598.000000 0.158883 
173800.000000 27670.000000 0.159206 
173900.000000 27762.000000 0.159643 
174000.000000 27822.000000 0.159897 
174100.000000 27882.000000 0.160149 
174200.000000 27958.000000 0.160494 
174300.000000 27970.000000 0.160470 
174400.000000 27998.000000 0.160539 
174500.000000 28018.000000 0.160562 
174600.000000 28092.000000 0.160893 
174700.000000 28140.000000 0.161076 
174800.000000 28226.000000 0.161476 
174900.000000 28272.000000 0.161647 
175000.000000 28342.000000 0.161954 
175100.000000 28436.000000 0.162399 
175200.000000 28532.000000 0.162854 
175300.000000 28570.000000 0.162978 
175400.000000 28610.000000 0.163113 
175500.000000 28606.000000 0.162997 
175600.000000 28588.000000 0.162802 
175700.000000 28624.000000 0.162914 
175800.000000 28690.000000 0.163197 
175900.000000 28706.000000 0.163195 
176000.000000 28614.000000 0.162580 
176100.000000 28584.000000 0.162317 
176200.000000 28550.000000 0.162032 
176300.000000 28534.000000 0.161849 
176400.000000 28434.000000 0.161190 
176500.000000 28520.000000 0.161586 
176600.000000 28466.000000 0.161189 
176700.000000 28392.000000 0.160679 
176800.000000 28354.000000 0.160373 
176900.000000 28328.000000 0.160136 
177000.000000 28228.000000 0.159480 
177100.000000 28128.000000 0.158826 
177200.000000 28162.000000 0.158928 
177300.000000 28142.000000 0.158725 
177400.000000 28042.000000 0.158072 
177500.000000 28000.000000 0.157746 
177600.000000 27900.000000 0.157095 
177700.000000 27800.000000 0.156443 
177800.000000 27722.000000 0.155917 
177900.000000 27622.000000 0.155267 
178000.000000 27522.000000 0.154618 
178100.000000 27422.000000 0.153970 
178200.000000 27322.000000 0.153322 
178300.000000 27222.000000 0.152675 
178400.000000 27122.000000 0.152029 
178500.000000 27088.000000 0.151754 
178600.000000 27066.000000 0.151545 
178700.000000 27046.000000 0.151349 
178800.000000 26946.000000 0.150705 
178900.000000 26846.000000 0.150061 
179000.000000 26786.000000 0.149642 
179100.000000 26810.000000 0.149693 
179200.000000 26860.000000 0.149888 
179300.000000 26794.000000 0.149437 
179400.000000 26708.000000 0.148874 
179500.000000 26614.000000 0.148267 
179600.000000 26542.000000 0.147784 
179700.000000 26442.000000 0.147145 
179800.000000 26398.000000 0.146819 
179900.000000 26298.000000 0.146181 
180000.000000 26234.000000 0.145744 
180100.000000 26214.000000 0.145552 
180200.000000 26206.000000 0.145427 
180300.000000 26148.000000 0.145025 
180400.000000 26108.000000 0.144723 
180500.000000 26064.000000 0.144399 
180600.000000 26116.000000 0.144607 
180700.000000 26138.000000 0.144649 
180800.000000 26068.000000 0.144181 
180900.000000 25978.000000 0.143604 
181000.000000 25960.000000 0.143425 
181100.000000 26050.000000 0.143843 
181200.000000 26000.000000 0.143488 
181300.000000 25900.000000 0.142857 
181400.000000 25806.000000 0.142260 
181500.000000 25770.000000 0.141983 
181600.000000 25756.000000 0.141828 
181700.000000 25810.000000 0.142047 
181800.000000 25834.000000 0.142101 
181900.000000 25760.000000 0.141616 
182000.000000 25852.000000 0.142044 
182100.000000 25872.000000 0.142076 
182200.000000 25828.000000 0.141756 
182300.000000 25728.000000 0.141130 
182400.000000 25632.000000 0.140526 
182500.000000 25582.000000 0.140175 
182600.000000 25506.000000 0.139682 
182700.000000 25474.000000 0.139431 
182800.000000 25450.000000 0.139223 
182900.000000 25358.000000 0.138644 
183000.000000 25298.000000 0.138240 
183100.000000 25198.000000 0.137619 
183200.000000 25098.000000 0.136998 
183300.000000 25042.000000 0.136618 
183400.000000 25034.000000 0.136499 
183500.000000 24934.000000 0.135880 
183600.000000 24918.000000 0.135719 
183700.000000 24922.000000 0.135667 
183800.000000 24850.000000 0.135201 
183900.000000 24812.000000 0.134921 
184000.000000 24736.000000 0.134435 
184100.000000 24636.000000 0.133819 
184200.000000 24640.000000 0.133768 
184300.000000 24574.000000 0.133337 
184400.000000 24586.000000 0.133330 
184500.000000 24580.000000 0.133225 
184600.000000 24636.000000 0.133456 
184700.000000 24592.000000 0.133146 
184800.000000 24546.000000 0.132825 
184900.000000 24486.000000 0.132428 
185000.000000 24474.000000 0.132292 
185100.000000 24396.000000 0.131799 
185200.000000 24366.000000 0.131566 
185300.000000 24348.000000 0.131398 
185400.000000 24312.000000 0.131133 
185500.000000 24366.000000 0.131353 
185600.000000 24348.000000 0.131185 
185700.000000 24334.000000 0.131039 
185800.000000 24302.000000 0.130797 
185900.000000 24274.000000 0.130576 
186000.000000 24206.000000 0.130140 
186100.000000 24262.000000 0.130371 
186200.000000 24298.000000 0.130494 
186300.000000 24260.000000 0.130220 
186400.000000 24212.000000 0.129893 
186500.000000 24268.000000 0.130123 
186600.000000 24172.000000 0.129539 
186700.000000 24196.000000 0.129598 
186800.000000 24192.000000 0.129507 
186900.000000 24174.000000 0.129342 
187000.000000 24110.000000 0.128930 
187100.000000 24032.000000 0.128445 
187200.000000 23934.000000 0.127853 
187300.000000 23908.000000 0.127645 
187400.000000 23836.000000 0.127193 
187500.000000 23824.000000 0.127061 
187600.000000 23802.000000 0.126876 
187700.000000 23754.000000 0.126553 
187800.000000 23696.000000 0.126177 
187900.000000 23636.000000 0.125790 
188000.000000 23568.000000 0.125362 
188100.000000 23582.000000 0.125369 
188200.000000 23632.000000 0.125569 
188300.000000 23712.000000 0.125927 
188400.000000 23764.000000 0.126136 
188500.000000 23664.000000 0.125538 
188600.000000 23600.000000 0.125133 
188700.000000 23582.000000 0.124971 
188800.000000 23564.000000 0.124809 
188900.000000 23500.000000 0.124404 
189000.000000 23474.000000 0.124201 
189100.000000 23540.000000 0.124484 
189200.000000 23522.000000 0.124323 
189300.000000 23600.000000 0.124670 
189400.000000 23630.000000 0.124762 
189500.000000 23694.000000 0.125034 
189600.000000 23614.000000 0.124546 
189700.000000 23530.000000 0.124038 
189800.000000 23456.000000 0.123583 
189900.000000 23398.000000 0.123212 
190000.000000 23360.000000 0.122947 
190100.000000 23268.000000 0.122399 
190200.000000 23198.000000 0.121966 
190300.000000 23176.000000 0.121787 
190400.000000 23108.000000 0.121366 
190500.000000 23018.000000 0.120829 
190600.000000 22918.000000 0.120241 
190700.000000 22818.000000 0.119654 
190800.000000 22724.000000 0.119099 
190900.000000 22624.000000 0.118512 
191000.000000 22536.000000 0.117990 
191100.000000 22444.000000 0.117446 
191200.000000 22364.000000 0.116967 
191300.000000 22286.000000 0.116498 
191400.000000 22244.000000 0.116217 
191500.000000 22158.000000 0.115708 
191600.000000 22060.000000 0.115136 
191700.000000 22000.000000 0.114763 
191800.000000 21972.000000 0.114557 
191900.000000 21926.000000 0.114257 
192000.000000 21922.000000 0.114177 
192100.000000 21874.000000 0.113868 
192200.000000 21802.000000 0.113434 
192300.000000 21828.000000 0.113510 
192400.000000 21752.000000 0.113056 
192500.000000 21718.000000 0.112821 
192600.000000 21676.000000 0.112544 
192700.000000 21580.000000 0.111988 
192800.000000 21508.000000 0.111556 
192900.000000 21418.000000 0.111032 
193000.000000 21396.000000 0.110860 
193100.000000 21386.000000 0.110751 
193200.000000 21338.000000 0.110445 
193300.000000 21308.000000 0.110233 
193400.000000 21236.000000 0.109804 
193500.000000 21182.000000 0.109468 
193600.000000 21108.000000 0.109029 
193700.000000 21078.000000 0.108818 
193800.000000 21012.000000 0.108421 
193900.000000 20992.000000 0.108262 
194000.000000 20916.000000 0.107814 
194100.000000 20836.000000 0.107347 
194200.000000 20764.000000 0.106921 
194300.000000 20702.000000 0.106547 
194400.000000 20690.000000 0.106430 
194500.000000 20650.000000 0.106170 
194600.000000 20556.000000 0.105632 
194700.000000 20462.000000 0.105095 
194800.000000 20386.000000 0.104651 
194900.000000 20340.000000 0.104361 
195000.000000 20314.000000 0.104174 
195100.000000 20252.000000 0.103803 
195200.000000 20208.000000 0.103525 
195300.000000 20150.000000 0.103175 
195400.000000 20170.000000 0.103224 
195500.000000 20110.000000 0.102864 
195600.000000 20066.000000 0.102587 
195700.000000 20022.000000 0.102310 
195800.000000 19922.000000 0.101747 
195900.000000 19900.000000 0.101582 
196000.000000 19852.000000 0.101286 
196100.000000 19812.000000 0.101030 
196200.000000 19752.000000 0.100673 
196300.000000 19654.000000 0.100122 
196400.000000 19556.000000 0.099572 
196500.000000 19476.000000 0.099115 
196600.000000 19444.000000 0.098901 
196700.000000 19384.000000 0.098546 
196800.000000 19442.000000 0.098791 
196900.000000 19342.000000 0.098233 
197000.000000 19242.000000 0.097675 
197100.000000 19214.000000 0.097484 
197200.000000 19124.000000 0.096978 
197300.000000 19072.000000 0.096665 
197400.000000 18972.000000 0.096109 
197500.000000 19000.000000 0.096203 
197600.000000 18924.000000 0.095769 
197700.000000 18876.000000 0.095478 
197800.000000 18952.000000 0.095814 
197900.000000 18988.000000 0.095947 
198000.000000 18954.000000 0.095727 
198100.000000 18918.000000 0.095497 
198200.000000 18846.000000 0.095086 
198300.000000 18764.000000 0.094624 
198400.000000 18702.000000 0.094264 
198500.000000 18608.000000 0.093743 
198600.000000 18526.000000 0.093283 
198700.000000 18434.000000 0.092773 
198800.000000 18352.000000 0.092314 
198900.000000 18252.000000 0.091765 
199000.000000 18188.000000 0.091397 
199100.000000 18206.000000 0.091441 
199200.000000 18194.000000 0.091335 
199300.000000 18146.000000 0.091049 
199400.000000 18112.000000 0.090832 
199500.000000 18128.000000 0.090867 
199600.000000 18072.000000 0.090541 
199700.000000 18006.000000 0.090165 
199800.000000 17908.000000 0.089630 
199900.000000 17818.000000 0.089135 
200000.000000 17890.000000 0.089450 
