100.000000 -58.000000 -0.580000 
200.000000 -144.000000 -0.720000 
300.000000 -230.000000 -0.766667 
400.000000 -308.000000 -0.770000 
500.000000 -346.000000 -0.692000 
600.000000 -366.000000 -0.610000 
700.000000 -466.000000 -0.665714 
800.000000 -566.000000 -0.707500 
900.000000 -666.000000 -0.740000 
1000.000000 -702.000000 -0.702000 
1100.000000 -788.000000 -0.716364 
1200.000000 -802.000000 -0.668333 
1300.000000 -902.000000 -0.693846 
1400.000000 -980.000000 -0.700000 
1500.000000 -1028.000000 -0.685333 
1600.000000 -1108.000000 -0.692500 
1700.000000 -1116.000000 -0.656471 
1800.000000 -1128.000000 -0.626667 
1900.000000 -1186.000000 -0.624211 
2000.000000 -1286.000000 -0.643000 
2100.000000 -1386.000000 -0.660000 
2200.000000 -1474.000000 -0.670000 
2300.000000 -1508.000000 -0.655652 
2400.000000 -1520.000000 -0.633333 
2500.000000 -1558.000000 -0.623200 
2600.000000 -1648.000000 -0.633846 
2700.000000 -1722.000000 -0.637778 
2800.000000 -1766.000000 -0.630714 
2900.000000 -1848.000000 -0.637241 
3000.000000 -1948.000000 -0.649333 
3100.000000 -1982.000000 -0.639355 
3200.000000 -2060.000000 -0.643750 
3300.000000 -2160.000000 -0.654545 
3400.000000 -2242.000000 -0.659412 
3500.000000 -2290.000000 -0.654286 
3600.000000 -2378.000000 -0.660556 
3700.000000 -2458.000000 -0.664324 
3800.000000 -2480.000000 -0.652632 
3900.000000 -2534.000000 -0.649744 
4000.000000 -2550.000000 -0.637500 
4100.000000 -2642.000000 -0.644390 
4200.000000 -2656.000000 -0.632381 
4300.000000 -2684.000000 -0.624186 
4400.000000 -2722.000000 -0.618636 
4500.000000 -2816.000000 -0.625778 
4600.000000 -2916.000000 -0.633913 
4700.000000 -3016.000000 -0.641702 
4800.000000 -3098.000000 -0.645417 
4900.000000 -3148.000000 -0.642449 
5000.000000 -3182.000000 -0.636400 
5100.000000 -3244.000000 -0.636078 
5200.000000 -3326.000000 -0.639615 
5300.000000 -3368.000000 -0.635472 
5400.000000 -3454.000000 -0.639630 
5500.000000 -3454.000000 -0.628000 
5600.000000 -3484.000000 -0.622143 
5700.000000 -3540.000000 -0.621053 
5800.000000 -3608.000000 -0.622069 
5900.000000 -3708.000000 -0.628475 
6000.000000 -3808.000000 -0.634667 
6100.000000 -3908.000000 -0.640656 
6200.000000 -4008.000000 -0.646452 
6300.000000 -4060.000000 -0.644444 
6400.000000 -4040.000000 -0.631250 
6500.000000 -4070.000000 -0.626154 
6600.000000 -4128.000000 -0.625455 
6700.000000 -4144.000000 -0.618507 
6800.000000 -4196.000000 -0.617059 
6900.000000 -4150.000000 -0.601449 
7000.000000 -4236.000000 -0.605143 
7100.000000 -4296.000000 -0.605070 
7200.000000 -4344.000000 -0.603333 
7300.000000 -4288.000000 -0.587397 
7400.000000 -4368.000000 -0.590270 
7500.000000 -4374.000000 -0.583200 
7600.000000 -4344.000000 -0.571579 
7700.000000 -4414.000000 -0.573247 
7800.000000 -4492.000000 -0.575897 
7900.000000 -4560.000000 -0.577215 
8000.000000 -4584.000000 -0.573000 
8100.000000 -4602.000000 -0.568148 
8200.000000 -4634.000000 -0.565122 
8300.000000 -4690.000000 -0.565060 
8400.000000 -4790.000000 -0.570238 
8500.000000 -4890.000000 -0.575294 
8600.000000 -4956.000000 -0.576279 
8700.000000 -4996.000000 -0.574253 
8800.000000 -5074.000000 -0.576591 
8900.000000 -5086.000000 -0.571461 
9000.000000 -5090.000000 -0.565556 
9100.000000 -5086.000000 -0.558901 
9200.000000 -5186.000000 -0.563696 
9300.000000 -5142.000000 -0.552903 
9400.000000 -5136.000000 -0.546383 
9500.000000 -5132.000000 -0.540211 
9600.000000 -5046.000000 -0.525625 
9700.000000 -4966.000000 -0.511959 
9800.000000 -5066.000000 -0.516939 
9900.000000 -5116.000000 -0.516768 
10000.000000 -5216.000000 -0.521600 
10100.000000 -5278.000000 -0.522574 
10200.000000 -5248.000000 -0.514510 
10300.000000 -5190.000000 -0.503883 
10400.000000 -5256.000000 -0.505385 
10500.000000 -5314.000000 -0.506095 
10600.000000 -5334.000000 -0.503208 
10700.000000 -5426.000000 -0.507103 
10800.000000 -5326.000000 -0.493148 
10900.000000 -5242.000000 -0.480917 
11000.000000 -5216.000000 -0.474182 
11100.000000 -5316.000000 -0.478919 
11200.000000 -5378.000000 -0.480179 
11300.000000 -5424.000000 -0.480000 
11400.000000 -5474.000000 -0.480175 
11500.000000 -5558.000000 -0.483304 
11600.000000 -5590.000000 -0.481897 
11700.000000 -5690.000000 -0.486325 
11800.000000 -5736.000000 -0.486102 
11900.000000 -5836.000000 -0.490420 
12000.000000 -5902.000000 -0.491833 
12100.000000 -5934.000000 -0.490413 
12200.000000 -5982.000000 -0.490328 
12300.000000 -6018.000000 -0.489268 
12400.000000 -6118.000000 -0.493387 
12500.000000 -6218.000000 -0.497440 
12600.000000 -6292.000000 -0.499365 
12700.000000 -6328.000000 -0.498268 
12800.000000 -6314.000000 -0.493281 
12900.000000 -6340.000000 -0.491473 
13000.000000 -6242.000000 -0.480154 
13100.000000 -6310.000000 -0.481679 
13200.000000 -6402.000000 -0.485000 
13300.000000 -6492.000000 -0.488120 
13400.000000 -6566.000000 -0.490000 
13500.000000 -6496.000000 -0.481185 
13600.000000 -6498.000000 -0.477794 
13700.000000 -6550.000000 -0.478102 
13800.000000 -6574.000000 -0.476377 
13900.000000 -6674.000000 -0.480144 
14000.000000 -6724.000000 -0.480286 
14100.000000 -6792.000000 -0.481702 
14200.000000 -6892.000000 -0.485352 
14300.000000 -6944.000000 -0.485594 
14400.000000 -6918.000000 -0.480417 
14500.000000 -6986.000000 -0.481793 
14600.000000 -7086.000000 -0.485342 
14700.000000 -7100.000000 -0.482993 
14800.000000 -7056.000000 -0.476757 
14900.000000 -7030.000000 -0.471812 
15000.000000 -7006.000000 -0.467067 
15100.000000 -6966.000000 -0.461325 
15200.000000 -6902.000000 -0.454079 
15300.000000 -6856.000000 -0.448105 
15400.000000 -6850.000000 -0.444805 
15500.000000 -6838.000000 -0.441161 
15600.000000 -6836.000000 -0.438205 
15700.000000 -6778.000000 -0.431720 
15800.000000 -6730.000000 -0.425949 
15900.000000 -6676.000000 -0.419874 
16000.000000 -6642.000000 -0.415125 
16100.000000 -6574.000000 -0.408323 
16200.000000 -6596.000000 -0.407160 
16300.000000 -6586.000000 -0.404049 
16400.000000 -6572.000000 -0.400732 
16500.000000 -6506.000000 -0.394303 
16600.000000 -6454.000000 -0.388795 
16700.000000 -6408.000000 -0.383713 
16800.000000 -6410.000000 -0.381548 
16900.000000 -6402.000000 -0.378817 
17000.000000 -6368.000000 -0.374588 
17100.000000 -6320.000000 -0.369591 
17200.000000 -6278.000000 -0.365000 
17300.000000 -6214.000000 -0.359191 
17400.000000 -6174.000000 -0.354828 
17500.000000 -6234.000000 -0.356229 
17600.000000 -6248.000000 -0.355000 
17700.000000 -6216.000000 -0.351186 
17800.000000 -6168.000000 -0.346517 
17900.000000 -6124.000000 -0.342123 
18000.000000 -6122.000000 -0.340111 
18100.000000 -6064.000000 -0.335028 
18200.000000 -6066.000000 -0.333297 
18300.000000 -6026.000000 -0.329290 
18400.000000 -5990.000000 -0.325543 
18500.000000 -5948.000000 -0.321514 
18600.000000 -5942.000000 -0.319462 
18700.000000 -5924.000000 -0.316791 
18800.000000 -5900.000000 -0.313830 
18900.000000 -5886.000000 -0.311429 
19000.000000 -5824.000000 -0.306526 
19100.000000 -5780.000000 -0.302618 
19200.000000 -5738.000000 -0.298854 
19300.000000 -5692.000000 -0.294922 
19400.000000 -5666.000000 -0.292062 
19500.000000 -5588.000000 -0.286564 
19600.000000 -5536.000000 -0.282449 
19700.000000 -5532.000000 -0.280812 
19800.000000 -5524.000000 -0.278990 
19900.000000 -5534.000000 -0.278090 
20000.000000 -5448.000000 -0.272400 
20100.000000 -5428.000000 -0.270050 
20200.000000 -5382.000000 -0.266436 
20300.000000 -5472.000000 -0.269557 
20400.000000 -5460.000000 -0.267647 
20500.000000 -5436.000000 -0.265171 
20600.000000 -5472.000000 -0.265631 
20700.000000 -5398.000000 -0.260773 
20800.000000 -5450.000000 -0.262019 
20900.000000 -5426.000000 -0.259617 
21000.000000 -5392.000000 -0.256762 
21100.000000 -5366.000000 -0.254313 
21200.000000 -5322.000000 -0.251038 
21300.000000 -5292.000000 -0.248451 
21400.000000 -5242.000000 -0.244953 
21500.000000 -5216.000000 -0.242605 
21600.000000 -5216.000000 -0.241481 
21700.000000 -5226.000000 -0.240829 
21800.000000 -5192.000000 -0.238165 
21900.000000 -5114.000000 -0.233516 
22000.000000 -5014.000000 -0.227909 
22100.000000 -4946.000000 -0.223801 
22200.000000 -4886.000000 -0.220090 
22300.000000 -4890.000000 -0.219283 
22400.000000 -4828.000000 -0.215536 
22500.000000 -4798.000000 -0.213244 
22600.000000 -4752.000000 -0.210265 
22700.000000 -4700.000000 -0.207048 
22800.000000 -4652.000000 -0.204035 
22900.000000 -4626.000000 -0.202009 
23000.000000 -4560.000000 -0.198261 
23100.000000 -4524.000000 -0.195844 
23200.000000 -4444.000000 -0.191552 
23300.000000 -4354.000000 -0.186867 
23400.000000 -4326.000000 -0.184872 
23500.000000 -4348.000000 -0.185021 
23600.000000 -4282.000000 -0.181441 
23700.000000 -4256.000000 -0.179578 
23800.000000 -4212.000000 -0.176975 
23900.000000 -4138.000000 -0.173138 
24000.000000 -4068.000000 -0.169500 
24100.000000 -4040.000000 -0.167635 
24200.000000 -4000.000000 -0.165289 
24300.000000 -3912.000000 -0.160988 
24400.000000 -3862.000000 -0.158279 
24500.000000 -3792.000000 -0.154776 
24600.000000 -3768.000000 -0.153171 
24700.000000 -3712.000000 -0.150283 
24800.000000 -3638.000000 -0.146694 
24900.000000 -3580.000000 -0.143775 
25000.000000 -3538.000000 -0.141520 
25100.000000 -3522.000000 -0.140319 
25200.000000 -3494.000000 -0.138651 
25300.000000 -3430.000000 -0.135573 
25400.000000 -3388.000000 -0.133386 
25500.000000 -3392.000000 -0.133020 
25600.000000 -3350.000000 -0.130859 
25700.000000 -3308.000000 -0.128716 
25800.000000 -3260.000000 -0.126357 
25900.000000 -3200.000000 -0.123552 
26000.000000 -3132.000000 -0.120462 
26100.000000 -3082.000000 -0.118084 
26200.000000 -3034.000000 -0.115802 
26300.000000 -2966.000000 -0.112776 
26400.000000 -2946.000000 -0.111591 
26500.000000 -2880.000000 -0.108679 
26600.000000 -2850.000000 -0.107143 
26700.000000 -2800.000000 -0.104869 
26800.000000 -2774.000000 -0.103507 
26900.000000 -2768.000000 -0.102900 
27000.000000 -2750.000000 -0.101852 
27100.000000 -2728.000000 -0.100664 
27200.000000 -2674.000000 -0.098309 
27300.000000 -2652.000000 -0.097143 
27400.000000 -2600.000000 -0.094891 
27500.000000 -2540.000000 -0.092364 
27600.000000 -2482.000000 -0.089928 
27700.000000 -2440.000000 -0.088087 
27800.000000 -2402.000000 -0.086403 
27900.000000 -2386.000000 -0.085520 
28000.000000 -2302.000000 -0.082214 
28100.000000 -2232.000000 -0.079431 
28200.000000 -2212.000000 -0.078440 
28300.000000 -2172.000000 -0.076749 
28400.000000 -2158.000000 -0.075986 
28500.000000 -2116.000000 -0.074246 
28600.000000 -2060.000000 -0.072028 
28700.000000 -1998.000000 -0.069617 
28800.000000 -1926.000000 -0.066875 
28900.000000 -1940.000000 -0.067128 
29000.000000 -1906.000000 -0.065724 
29100.000000 -1824.000000 -0.062680 
29200.000000 -1764.000000 -0.060411 
29300.000000 -1686.000000 -0.057543 
29400.000000 -1654.000000 -0.056259 
29500.000000 -1588.000000 -0.053831 
29600.000000 -1622.000000 -0.054797 
29700.000000 -1608.000000 -0.054141 
29800.000000 -1578.000000 -0.052953 
29900.000000 -1600.000000 -0.053512 
30000.000000 -1604.000000 -0.053467 
30100.000000 -1636.000000 -0.054352 
30200.000000 -1636.000000 -0.054172 
30300.000000 -1666.000000 -0.054983 
30400.000000 -1648.000000 -0.054211 
30500.000000 -1634.000000 -0.053574 
30600.000000 -1618.000000 -0.052876 
30700.000000 -1564.000000 -0.050945 
30800.000000 -1540.000000 -0.050000 
30900.000000 -1440.000000 -0.046602 
31000.000000 -1396.000000 -0.045032 
31100.000000 -1408.000000 -0.045273 
31200.000000 -1328.000000 -0.042564 
31300.000000 -1264.000000 -0.040383 
31400.000000 -1200.000000 -0.038217 
31500.000000 -1134.000000 -0.036000 
31600.000000 -1072.000000 -0.033924 
31700.000000 -1026.000000 -0.032366 
31800.000000 -926.000000 -0.029119 
31900.000000 -888.000000 -0.027837 
32000.000000 -892.000000 -0.027875 
32100.000000 -880.000000 -0.027414 
32200.000000 -872.000000 -0.027081 
32300.000000 -802.000000 -0.024830 
32400.000000 -796.000000 -0.024568 
32500.000000 -780.000000 -0.024000 
32600.000000 -772.000000 -0.023681 
32700.000000 -814.000000 -0.024893 
32800.000000 -738.000000 -0.022500 
32900.000000 -810.000000 -0.024620 
33000.000000 -824.000000 -0.024970 
33100.000000 -792.000000 -0.023927 
33200.000000 -770.000000 -0.023193 
33300.000000 -718.000000 -0.021562 
33400.000000 -684.000000 -0.020479 
33500.000000 -632.000000 -0.018866 
33600.000000 -640.000000 -0.019048 
33700.000000 -630.000000 -0.018694 
33800.000000 -636.000000 -0.018817 
33900.000000 -672.000000 -0.019823 
34000.000000 -634.000000 -0.018647 
34100.000000 -582.000000 -0.017067 
34200.000000 -566.000000 -0.016550 
34300.000000 -504.000000 -0.014694 
34400.000000 -528.000000 -0.015349 
34500.000000 -458.000000 -0.013275 
34600.000000 -424.000000 -0.012254 
34700.000000 -332.000000 -0.009568 
34800.000000 -262.000000 -0.007529 
34900.000000 -256.000000 -0.007335 
35000.000000 -214.000000 -0.006114 
35100.000000 -160.000000 -0.004558 
35200.000000 -188.000000 -0.005341 
35300.000000 -136.000000 -0.003853 
35400.000000 -74.000000 -0.002090 
35500.000000 16.000000 0.000451 
35600.000000 38.000000 0.001067 
35700.000000 128.000000 0.003585 
35800.000000 108.000000 0.003017 
35900.000000 130.000000 0.003621 
36000.000000 218.000000 0.006056 
36100.000000 302.000000 0.008366 
36200.000000 358.000000 0.009890 
36300.000000 430.000000 0.011846 
36400.000000 458.000000 0.012582 
36500.000000 422.000000 0.011562 
36600.000000 466.000000 0.012732 
36700.000000 550.000000 0.014986 
36800.000000 610.000000 0.016576 
36900.000000 650.000000 0.017615 
37000.000000 640.000000 0.017297 
37100.000000 644.000000 0.017358 
37200.000000 642.000000 0.017258 
37300.000000 614.000000 0.016461 
37400.000000 638.000000 0.017059 
37500.000000 588.000000 0.015680 
37600.000000 644.000000 0.017128 
37700.000000 690.000000 0.018302 
37800.000000 718.000000 0.018995 
37900.000000 658.000000 0.017361 
38000.000000 692.000000 0.018211 
38100.000000 662.000000 0.017375 
38200.000000 724.000000 0.018953 
38300.000000 740.000000 0.019321 
38400.000000 800.000000 0.020833 
38500.000000 834.000000 0.021662 
38600.000000 776.000000 0.020104 
38700.000000 802.000000 0.020724 
38800.000000 896.000000 0.023093 
38900.000000 982.000000 0.025244 
39000.000000 998.000000 0.025590 
39100.000000 1002.000000 0.025627 
39200.000000 1030.000000 0.026276 
39300.000000 1044.000000 0.026565 
39400.000000 982.000000 0.024924 
39500.000000 982.000000 0.024861 
39600.000000 1024.000000 0.025859 
39700.000000 1074.000000 0.027053 
39800.000000 1116.000000 0.028040 
39900.000000 1176.000000 0.029474 
40000.000000 1214.000000 0.030350 
40100.000000 1126.000000 0.028080 
40200.000000 1118.000000 0.027811 
40300.000000 1204.000000 0.029876 
40400.000000 1182.000000 0.029257 
40500.000000 1220.000000 0.030123 
40600.000000 1264.000000 0.031133 
40700.000000 1164.000000 0.028600 
40800.000000 1170.000000 0.028676 
40900.000000 1224.000000 0.029927 
41000.000000 1262.000000 0.030780 
41100.000000 1332.000000 0.032409 
41200.000000 1406.000000 0.034126 
41300.000000 1466.000000 0.035496 
41400.000000 1512.000000 0.036522 
41500.000000 1554.000000 0.037446 
41600.000000 1552.000000 0.037308 
41700.000000 1578.000000 0.037842 
41800.000000 1658.000000 0.039665 
41900.000000 1738.000000 0.041480 
42000.000000 1796.000000 0.042762 
42100.000000 1882.000000 0.044703 
42200.000000 1948.000000 0.046161 
42300.000000 2018.000000 0.047707 
42400.000000 2082.000000 0.049104 
42500.000000 2170.000000 0.051059 
42600.000000 2268.000000 0.053239 
42700.000000 2342.000000 0.054848 
42800.000000 2424.000000 0.056636 
42900.000000 2452.000000 0.057156 
43000.000000 2480.000000 0.057674 
43100.000000 2532.000000 0.058747 
43200.000000 2600.000000 0.060185 
43300.000000 2684.000000 0.061986 
43400.000000 2742.000000 0.063180 
43500.000000 2766.000000 0.063586 
43600.000000 2844.000000 0.065229 
43700.000000 2898.000000 0.066316 
43800.000000 2940.000000 0.067123 
43900.000000 3022.000000 0.068838 
44000.000000 3112.000000 0.070727 
44100.000000 3186.000000 0.072245 
44200.000000 3218.000000 0.072805 
44300.000000 3318.000000 0.074898 
44400.000000 3394.000000 0.076441 
44500.000000 3484.000000 0.078292 
44600.000000 3514.000000 0.078789 
44700.000000 3564.000000 0.079732 
44800.000000 3650.000000 0.081473 
44900.000000 3740.000000 0.083296 
45000.000000 3802.000000 0.084489 
45100.000000 3790.000000 0.084035 
45200.000000 3840.000000 0.084956 
45300.000000 3940.000000 0.086976 
45400.000000 4004.000000 0.088194 
45500.000000 4052.000000 0.089055 
45600.000000 4128.000000 0.090526 
45700.000000 4198.000000 0.091860 
45800.000000 4250.000000 0.092795 
45900.000000 4314.000000 0.093987 
46000.000000 4394.000000 0.095522 
46100.000000 4480.000000 0.097180 
46200.000000 4566.000000 0.098831 
46300.000000 4608.000000 0.099525 
46400.000000 4686.000000 0.100991 
46500.000000 4774.000000 0.102667 
46600.000000 4846.000000 0.103991 
46700.000000 4922.000000 0.105396 
46800.000000 4944.000000 0.105641 
46900.000000 5026.000000 0.107164 
47000.000000 5086.000000 0.108213 
47100.000000 5138.000000 0.109087 
47200.000000 5208.000000 0.110339 
47300.000000 5254.000000 0.111078 
47400.000000 5332.000000 0.112489 
47500.000000 5410.000000 0.113895 
47600.000000 5488.000000 0.115294 
47700.000000 5566.000000 0.116688 
47800.000000 5606.000000 0.117280 
47900.000000 5644.000000 0.117829 
48000.000000 5708.000000 0.118917 
48100.000000 5782.000000 0.120208 
48200.000000 5872.000000 0.121826 
48300.000000 5940.000000 0.122981 
48400.000000 5996.000000 0.123884 
48500.000000 6032.000000 0.124371 
48600.000000 6112.000000 0.125761 
48700.000000 6206.000000 0.127433 
48800.000000 6294.000000 0.128975 
48900.000000 6372.000000 0.130307 
49000.000000 6446.000000 0.131551 
49100.000000 6514.000000 0.132668 
49200.000000 6602.000000 0.134187 
49300.000000 6692.000000 0.135740 
49400.000000 6754.000000 0.136721 
49500.000000 6788.000000 0.137131 
49600.000000 6866.000000 0.138427 
49700.000000 6962.000000 0.140080 
49800.000000 6970.000000 0.139960 
49900.000000 7034.000000 0.140962 
50000.000000 7122.000000 0.142440 
50100.000000 7202.000000 0.143753 
50200.000000 7246.000000 0.144343 
50300.000000 7292.000000 0.144970 
50400.000000 7348.000000 0.145794 
50500.000000 7424.000000 0.147010 
50600.000000 7480.000000 0.147826 
50700.000000 7536.000000 0.148639 
50800.000000 7600.000000 0.149606 
50900.000000 7612.000000 0.149548 
51000.000000 7672.000000 0.150431 
51100.000000 7760.000000 0.151859 
51200.000000 7826.000000 0.152852 
51300.000000 7860.000000 0.153216 
51400.000000 7904.000000 0.153774 
51500.000000 7990.000000 0.155146 
51600.000000 8072.000000 0.156434 
51700.000000 8112.000000 0.156905 
51800.000000 8208.000000 0.158456 
51900.000000 8300.000000 0.159923 
52000.000000 8370.000000 0.160962 
52100.000000 8424.000000 0.161689 
52200.000000 8476.000000 0.162375 
52300.000000 8546.000000 0.163403 
52400.000000 8616.000000 0.164427 
52500.000000 8702.000000 0.165752 
52600.000000 8776.000000 0.166844 
52700.000000 8828.000000 0.167514 
52800.000000 8910.000000 0.168750 
52900.000000 8986.000000 0.169868 
53000.000000 9072.000000 0.171170 
53100.000000 9166.000000 0.172618 
53200.000000 9210.000000 0.173120 
53300.000000 9256.000000 0.173659 
53400.000000 9298.000000 0.174120 
53500.000000 9366.000000 0.175065 
53600.000000 9432.000000 0.175970 
53700.000000 9470.000000 0.176350 
53800.000000 9526.000000 0.177063 
53900.000000 9614.000000 0.178367 
54000.000000 9664.000000 0.178963 
54100.000000 9712.000000 0.179519 
54200.000000 9766.000000 0.180184 
54300.000000 9850.000000 0.181400 
54400.000000 9908.000000 0.182132 
54500.000000 9964.000000 0.182826 
54600.000000 10036.000000 0.183810 
54700.000000 10112.000000 0.184863 
54800.000000 10194.000000 0.186022 
54900.000000 10268.000000 0.187031 
55000.000000 10348.000000 0.188145 
55100.000000 10398.000000 0.188711 
55200.000000 10476.000000 0.189783 
55300.000000 10550.000000 0.190778 
55400.000000 10634.000000 0.191949 
55500.000000 10690.000000 0.192613 
55600.000000 10752.000000 0.193381 
55700.000000 10790.000000 0.193716 
55800.000000 10868.000000 0.194767 
55900.000000 10924.000000 0.195420 
56000.000000 11002.000000 0.196464 
56100.000000 11024.000000 0.196506 
56200.000000 11076.000000 0.197082 
56300.000000 11148.000000 0.198011 
56400.000000 11238.000000 0.199255 
56500.000000 11300.000000 0.200000 
56600.000000 11342.000000 0.200389 
56700.000000 11416.000000 0.201340 
56800.000000 11484.000000 0.202183 
56900.000000 11562.000000 0.203199 
57000.000000 11614.000000 0.203754 
57100.000000 11710.000000 0.205079 
57200.000000 11782.000000 0.205979 
57300.000000 11798.000000 0.205899 
57400.000000 11842.000000 0.206307 
57500.000000 11932.000000 0.207513 
57600.000000 11862.000000 0.205938 
57700.000000 11782.000000 0.204194 
57800.000000 11798.000000 0.204118 
57900.000000 11856.000000 0.204767 
58000.000000 11916.000000 0.205448 
58100.000000 11984.000000 0.206265 
58200.000000 12048.000000 0.207010 
58300.000000 12036.000000 0.206449 
58400.000000 12020.000000 0.205822 
58500.000000 12048.000000 0.205949 
58600.000000 11970.000000 0.204266 
58700.000000 11958.000000 0.203714 
58800.000000 12022.000000 0.204456 
58900.000000 12034.000000 0.204312 
59000.000000 12128.000000 0.205559 
59100.000000 12098.000000 0.204704 
59200.000000 12140.000000 0.205068 
59300.000000 12150.000000 0.204890 
59400.000000 12228.000000 0.205859 
59500.000000 12288.000000 0.206521 
59600.000000 12306.000000 0.206477 
59700.000000 12260.000000 0.205360 
59800.000000 12160.000000 0.203344 
59900.000000 12108.000000 0.202137 
60000.000000 12098.000000 0.201633 
60100.000000 11998.000000 0.199634 
60200.000000 11898.000000 0.197641 
60300.000000 11798.000000 0.195655 
60400.000000 11774.000000 0.194934 
60500.000000 11752.000000 0.194248 
60600.000000 11742.000000 0.193762 
60700.000000 11782.000000 0.194102 
60800.000000 11758.000000 0.193388 
60900.000000 11782.000000 0.193465 
61000.000000 11846.000000 0.194197 
61100.000000 11782.000000 0.192831 
61200.000000 11800.000000 0.192810 
61300.000000 11748.000000 0.191648 
61400.000000 11648.000000 0.189707 
61500.000000 11548.000000 0.187772 
61600.000000 11448.000000 0.185844 
61700.000000 11348.000000 0.183922 
61800.000000 11348.000000 0.183625 
61900.000000 11418.000000 0.184459 
62000.000000 11462.000000 0.184871 
62100.000000 11544.000000 0.185894 
62200.000000 11606.000000 0.186592 
62300.000000 11664.000000 0.187223 
62400.000000 11712.000000 0.187692 
62500.000000 11790.000000 0.188640 
62600.000000 11890.000000 0.189936 
62700.000000 11916.000000 0.190048 
62800.000000 11976.000000 0.190701 
62900.000000 12006.000000 0.190874 
63000.000000 12072.000000 0.191619 
63100.000000 12116.000000 0.192013 
63200.000000 12118.000000 0.191741 
63300.000000 12108.000000 0.191280 
63400.000000 12176.000000 0.192050 
63500.000000 12208.000000 0.192252 
63600.000000 12292.000000 0.193270 
63700.000000 12378.000000 0.194317 
63800.000000 12440.000000 0.194984 
63900.000000 12494.000000 0.195524 
64000.000000 12530.000000 0.195781 
64100.000000 12526.000000 0.195413 
64200.000000 12572.000000 0.195826 
64300.000000 12610.000000 0.196112 
64400.000000 12618.000000 0.195932 
64500.000000 12632.000000 0.195845 
64600.000000 12570.000000 0.194582 
64700.000000 12470.000000 0.192736 
64800.000000 12370.000000 0.190895 
64900.000000 12416.000000 0.191310 
65000.000000 12464.000000 0.191754 
65100.000000 12556.000000 0.192873 
65200.000000 12506.000000 0.191810 
65300.000000 12464.000000 0.190873 
65400.000000 12486.000000 0.190917 
65500.000000 12496.000000 0.190779 
65600.000000 12552.000000 0.191341 
65700.000000 12520.000000 0.190563 
65800.000000 12590.000000 0.191337 
65900.000000 12676.000000 0.192352 
66000.000000 12752.000000 0.193212 
66100.000000 12790.000000 0.193495 
66200.000000 12858.000000 0.194230 
66300.000000 12866.000000 0.194057 
66400.000000 12890.000000 0.194127 
66500.000000 12932.000000 0.194466 
66600.000000 12970.000000 0.194745 
66700.000000 13020.000000 0.195202 
66800.000000 13046.000000 0.195299 
66900.000000 13054.000000 0.195127 
67000.000000 13130.000000 0.195970 
67100.000000 13160.000000 0.196125 
67200.000000 13204.000000 0.196488 
67300.000000 13244.000000 0.196790 
67400.000000 13284.000000 0.197092 
67500.000000 13310.000000 0.197185 
67600.000000 13348.000000 0.197456 
67700.000000 13418.000000 0.198198 
67800.000000 13460.000000 0.198525 
67900.000000 13494.000000 0.198733 
68000.000000 13526.000000 0.198912 
68100.000000 13590.000000 0.199559 
68200.000000 13678.000000 0.200557 
68300.000000 13730.000000 0.201025 
68400.000000 13788.000000 0.201579 
68500.000000 13852.000000 0.202219 
68600.000000 13872.000000 0.202216 
68700.000000 13942.000000 0.202940 
68800.000000 13982.000000 0.203227 
68900.000000 14024.000000 0.203541 
69000.000000 14082.000000 0.204087 
69100.000000 14098.000000 0.204023 
69200.000000 14102.000000 0.203786 
69300.000000 14128.000000 0.203867 
69400.000000 14174.000000 0.204236 
69500.000000 14168.000000 0.203856 
69600.000000 14198.000000 0.203994 
69700.000000 14250.000000 0.204448 
69800.000000 14342.000000 0.205473 
69900.000000 14426.000000 0.206381 
70000.000000 14444.000000 0.206343 
70100.000000 14424.000000 0.205763 
70200.000000 14462.000000 0.206011 
70300.000000 14550.000000 0.206970 
70400.000000 14612.000000 0.207557 
70500.000000 14682.000000 0.208255 
70600.000000 14750.000000 0.208924 
70700.000000 14754.000000 0.208685 
70800.000000 14812.000000 0.209209 
70900.000000 14874.000000 0.209788 
71000.000000 14914.000000 0.210056 
71100.000000 14972.000000 0.210577 
71200.000000 15036.000000 0.211180 
71300.000000 15046.000000 0.211024 
71400.000000 15112.000000 0.211653 
71500.000000 15164.000000 0.212084 
71600.000000 15184.000000 0.212067 
71700.000000 15254.000000 0.212748 
71800.000000 15298.000000 0.213064 
71900.000000 15296.000000 0.212740 
72000.000000 15332.000000 0.212944 
72100.000000 15350.000000 0.212899 
72200.000000 15384.000000 0.213075 
72300.000000 15440.000000 0.213555 
72400.000000 15490.000000 0.213950 
72500.000000 15548.000000 0.214455 
72600.000000 15566.000000 0.214408 
72700.000000 15624.000000 0.214911 
72800.000000 15662.000000 0.215137 
72900.000000 15654.000000 0.214733 
73000.000000 15662.000000 0.214548 
73100.000000 15668.000000 0.214337 
73200.000000 15694.000000 0.214399 
73300.000000 15776.000000 0.215225 
73400.000000 15822.000000 0.215559 
73500.000000 15844.000000 0.215565 
73600.000000 15914.000000 0.216223 
73700.000000 15886.000000 0.215550 
73800.000000 15910.000000 0.215583 
73900.000000 15956.000000 0.215913 
74000.000000 15968.000000 0.215784 
74100.000000 15980.000000 0.215655 
74200.000000 15984.000000 0.215418 
74300.000000 15960.000000 0.214805 
74400.000000 15992.000000 0.214946 
74500.000000 15988.000000 0.214604 
74600.000000 16024.000000 0.214799 
74700.000000 16052.000000 0.214886 
74800.000000 16086.000000 0.215053 
74900.000000 16134.000000 0.215407 
75000.000000 16158.000000 0.215440 
75100.000000 16212.000000 0.215872 
75200.000000 16188.000000 0.215266 
75300.000000 16172.000000 0.214768 
75400.000000 16214.000000 0.215040 
75500.000000 16230.000000 0.214967 
75600.000000 16230.000000 0.214683 
75700.000000 16248.000000 0.214637 
75800.000000 16250.000000 0.214380 
75900.000000 16182.000000 0.213202 
76000.000000 16140.000000 0.212368 
76100.000000 16216.000000 0.213088 
76200.000000 16248.000000 0.213228 
76300.000000 16268.000000 0.213211 
76400.000000 16318.000000 0.213586 
76500.000000 16352.000000 0.213752 
76600.000000 16330.000000 0.213185 
76700.000000 16400.000000 0.213820 
76800.000000 16326.000000 0.212578 
76900.000000 16296.000000 0.211912 
77000.000000 16330.000000 0.212078 
77100.000000 16362.000000 0.212218 
77200.000000 16364.000000 0.211969 
77300.000000 16402.000000 0.212186 
77400.000000 16424.000000 0.212196 
77500.000000 16462.000000 0.212413 
77600.000000 16490.000000 0.212500 
77700.000000 16448.000000 0.211686 
77800.000000 16390.000000 0.210668 
77900.000000 16412.000000 0.210680 
78000.000000 16332.000000 0.209385 
78100.000000 16310.000000 0.208835 
78200.000000 16314.000000 0.208619 
78300.000000 16356.000000 0.208889 
78400.000000 16442.000000 0.209719 
78500.000000 16448.000000 0.209529 
78600.000000 16348.000000 0.207990 
78700.000000 16248.000000 0.206455 
78800.000000 16222.000000 0.205863 
78900.000000 16122.000000 0.204335 
79000.000000 16052.000000 0.203190 
79100.000000 16116.000000 0.203742 
79200.000000 16144.000000 0.203838 
79300.000000 16106.000000 0.203102 
79400.000000 16052.000000 0.202166 
79500.000000 16030.000000 0.201635 
79600.000000 16080.000000 0.202010 
79700.000000 16008.000000 0.200853 
79800.000000 16036.000000 0.200952 
79900.000000 16050.000000 0.200876 
80000.000000 16044.000000 0.200550 
80100.000000 16026.000000 0.200075 
80200.000000 15978.000000 0.199227 
80300.000000 15878.000000 0.197734 
80400.000000 15844.000000 0.197065 
80500.000000 15934.000000 0.197938 
80600.000000 15972.000000 0.198164 
80700.000000 15982.000000 0.198042 
80800.000000 16036.000000 0.198465 
80900.000000 15936.000000 0.196984 
81000.000000 15840.000000 0.195556 
81100.000000 15774.000000 0.194501 
81200.000000 15842.000000 0.195099 
81300.000000 15908.000000 0.195670 
81400.000000 15910.000000 0.195455 
81500.000000 15924.000000 0.195386 
81600.000000 15946.000000 0.195417 
81700.000000 15980.000000 0.195594 
81800.000000 16008.000000 0.195697 
81900.000000 15996.000000 0.195311 
82000.000000 15994.000000 0.195049 
82100.000000 16036.000000 0.195323 
82200.000000 16078.000000 0.195596 
82300.000000 16124.000000 0.195917 
82400.000000 16122.000000 0.195655 
82500.000000 16134.000000 0.195564 
82600.000000 16178.000000 0.195860 
82700.000000 16222.000000 0.196155 
82800.000000 16212.000000 0.195797 
82900.000000 16260.000000 0.196140 
83000.000000 16314.000000 0.196554 
83100.000000 16400.000000 0.197353 
83200.000000 16406.000000 0.197187 
83300.000000 16452.000000 0.197503 
83400.000000 16488.000000 0.197698 
83500.000000 16554.000000 0.198252 
83600.000000 16576.000000 0.198278 
83700.000000 16572.000000 0.197993 
83800.000000 16594.000000 0.198019 
83900.000000 16610.000000 0.197974 
84000.000000 16678.000000 0.198548 
84100.000000 16722.000000 0.198835 
84200.000000 16750.000000 0.198931 
84300.000000 16814.000000 0.199454 
84400.000000 16834.000000 0.199455 
84500.000000 16884.000000 0.199811 
84600.000000 16900.000000 0.199764 
84700.000000 16888.000000 0.199386 
84800.000000 16906.000000 0.199363 
84900.000000 16912.000000 0.199199 
85000.000000 16956.000000 0.199482 
85100.000000 16958.000000 0.199271 
85200.000000 16936.000000 0.198779 
85300.000000 16966.000000 0.198898 
85400.000000 16994.000000 0.198993 
85500.000000 17024.000000 0.199111 
85600.000000 17090.000000 0.199650 
85700.000000 17162.000000 0.200257 
85800.000000 17212.000000 0.200606 
85900.000000 17224.000000 0.200512 
86000.000000 17226.000000 0.200302 
86100.000000 17260.000000 0.200465 
86200.000000 17232.000000 0.199907 
86300.000000 17234.000000 0.199699 
86400.000000 17278.000000 0.199977 
86500.000000 17270.000000 0.199653 
86600.000000 17310.000000 0.199885 
86700.000000 17314.000000 0.199700 
86800.000000 17300.000000 0.199309 
86900.000000 17364.000000 0.199816 
87000.000000 17296.000000 0.198805 
87100.000000 17196.000000 0.197428 
87200.000000 17096.000000 0.196055 
87300.000000 17014.000000 0.194891 
87400.000000 17006.000000 0.194577 
87500.000000 17072.000000 0.195109 
87600.000000 17112.000000 0.195342 
87700.000000 17156.000000 0.195621 
87800.000000 17256.000000 0.196538 
87900.000000 17302.000000 0.196837 
88000.000000 17350.000000 0.197159 
88100.000000 17360.000000 0.197049 
88200.000000 17444.000000 0.197778 
88300.000000 17512.000000 0.198324 
88400.000000 17604.000000 0.199140 
88500.000000 17672.000000 0.199684 
88600.000000 17742.000000 0.200248 
88700.000000 17796.000000 0.200631 
88800.000000 17816.000000 0.200631 
88900.000000 17916.000000 0.201530 
89000.000000 18002.000000 0.202270 
89100.000000 18058.000000 0.202671 
89200.000000 18146.000000 0.203430 
89300.000000 18170.000000 0.203471 
89400.000000 18238.000000 0.204004 
89500.000000 18232.000000 0.203709 
89600.000000 18132.000000 0.202366 
89700.000000 18110.000000 0.201895 
89800.000000 18152.000000 0.202138 
89900.000000 18166.000000 0.202069 
90000.000000 18256.000000 0.202844 
90100.000000 18316.000000 0.203285 
90200.000000 18374.000000 0.203703 
90300.000000 18454.000000 0.204363 
90400.000000 18508.000000 0.204735 
90500.000000 18608.000000 0.205613 
90600.000000 18654.000000 0.205894 
90700.000000 18714.000000 0.206329 
90800.000000 18782.000000 0.206850 
90900.000000 18862.000000 0.207503 
91000.000000 18928.000000 0.208000 
91100.000000 18996.000000 0.208518 
91200.000000 19090.000000 0.209320 
91300.000000 19156.000000 0.209814 
91400.000000 19232.000000 0.210416 
91500.000000 19290.000000 0.210820 
91600.000000 19334.000000 0.211070 
91700.000000 19392.000000 0.211472 
91800.000000 19442.000000 0.211786 
91900.000000 19540.000000 0.212622 
92000.000000 19602.000000 0.213065 
92100.000000 19658.000000 0.213442 
92200.000000 19682.000000 0.213471 
92300.000000 19712.000000 0.213564 
92400.000000 19748.000000 0.213723 
92500.000000 19808.000000 0.214141 
92600.000000 19884.000000 0.214730 
92700.000000 19934.000000 0.215038 
92800.000000 19968.000000 0.215172 
92900.000000 19994.000000 0.215221 
93000.000000 20030.000000 0.215376 
93100.000000 20070.000000 0.215575 
93200.000000 20102.000000 0.215687 
93300.000000 20120.000000 0.215648 
93400.000000 20196.000000 0.216231 
93500.000000 20232.000000 0.216385 
93600.000000 20308.000000 0.216966 
93700.000000 20354.000000 0.217225 
93800.000000 20428.000000 0.217783 
93900.000000 20476.000000 0.218062 
94000.000000 20488.000000 0.217957 
94100.000000 20536.000000 0.218236 
94200.000000 20600.000000 0.218684 
94300.000000 20656.000000 0.219046 
94400.000000 20736.000000 0.219661 
94500.000000 20798.000000 0.220085 
94600.000000 20870.000000 0.220613 
94700.000000 20946.000000 0.221183 
94800.000000 21006.000000 0.221582 
94900.000000 20954.000000 0.220801 
95000.000000 21040.000000 0.221474 
95100.000000 21096.000000 0.221830 
95200.000000 21146.000000 0.222122 
95300.000000 21202.000000 0.222476 
95400.000000 21258.000000 0.222830 
95500.000000 21308.000000 0.223120 
95600.000000 21378.000000 0.223619 
95700.000000 21410.000000 0.223720 
95800.000000 21480.000000 0.224217 
95900.000000 21568.000000 0.224901 
96000.000000 21604.000000 0.225042 
96100.000000 21664.000000 0.225432 
96200.000000 21738.000000 0.225967 
96300.000000 21802.000000 0.226397 
96400.000000 21736.000000 0.225477 
96500.000000 21762.000000 0.225513 
96600.000000 21846.000000 0.226149 
96700.000000 21872.000000 0.226184 
96800.000000 21840.000000 0.225620 
96900.000000 21782.000000 0.224788 
97000.000000 21864.000000 0.225402 
97100.000000 21954.000000 0.226097 
97200.000000 22000.000000 0.226337 
97300.000000 22024.000000 0.226351 
97400.000000 22058.000000 0.226468 
97500.000000 22068.000000 0.226338 
97600.000000 22086.000000 0.226291 
97700.000000 22042.000000 0.225609 
97800.000000 22088.000000 0.225849 
97900.000000 22164.000000 0.226394 
98000.000000 22186.000000 0.226388 
98100.000000 22192.000000 0.226218 
98200.000000 22246.000000 0.226538 
98300.000000 22246.000000 0.226307 
98400.000000 22336.000000 0.226992 
98500.000000 22356.000000 0.226964 
98600.000000 22404.000000 0.227221 
98700.000000 22406.000000 0.227011 
98800.000000 22468.000000 0.227409 
98900.000000 22480.000000 0.227300 
99000.000000 22520.000000 0.227475 
99100.000000 22546.000000 0.227508 
99200.000000 22604.000000 0.227863 
99300.000000 22628.000000 0.227875 
99400.000000 22656.000000 0.227928 
99500.000000 22666.000000 0.227799 
99600.000000 22642.000000 0.227329 
99700.000000 22694.000000 0.227623 
99800.000000 22708.000000 0.227535 
99900.000000 22786.000000 0.228088 
100000.000000 22848.000000 0.228480 
100100.000000 22910.000000 0.228871 
100200.000000 22990.000000 0.229441 
100300.000000 23068.000000 0.229990 
100400.000000 23150.000000 0.230578 
100500.000000 23184.000000 0.230687 
100600.000000 23214.000000 0.230755 
100700.000000 23276.000000 0.231142 
100800.000000 23338.000000 0.231528 
100900.000000 23384.000000 0.231754 
101000.000000 23452.000000 0.232198 
101100.000000 23526.000000 0.232700 
101200.000000 23564.000000 0.232846 
101300.000000 23654.000000 0.233504 
101400.000000 23728.000000 0.234004 
101500.000000 23812.000000 0.234601 
101600.000000 23850.000000 0.234744 
101700.000000 23926.000000 0.235261 
101800.000000 23936.000000 0.235128 
101900.000000 23998.000000 0.235505 
102000.000000 24066.000000 0.235941 
102100.000000 24156.000000 0.236592 
102200.000000 24212.000000 0.236908 
102300.000000 24262.000000 0.237165 
102400.000000 24354.000000 0.237832 
102500.000000 24396.000000 0.238010 
102600.000000 24488.000000 0.238674 
102700.000000 24586.000000 0.239396 
102800.000000 24660.000000 0.239883 
102900.000000 24732.000000 0.240350 
103000.000000 24780.000000 0.240583 
103100.000000 24804.000000 0.240582 
103200.000000 24840.000000 0.240698 
103300.000000 24876.000000 0.240813 
103400.000000 24892.000000 0.240735 
103500.000000 24956.000000 0.241121 
103600.000000 25016.000000 0.241467 
103700.000000 25082.000000 0.241871 
103800.000000 25122.000000 0.242023 
103900.000000 25180.000000 0.242348 
104000.000000 25226.000000 0.242558 
104100.000000 25278.000000 0.242824 
104200.000000 25330.000000 0.243090 
104300.000000 25358.000000 0.243126 
104400.000000 25420.000000 0.243487 
104500.000000 25488.000000 0.243904 
104600.000000 25518.000000 0.243958 
104700.000000 25518.000000 0.243725 
104800.000000 25566.000000 0.243950 
104900.000000 25612.000000 0.244156 
105000.000000 25654.000000 0.244324 
105100.000000 25740.000000 0.244910 
105200.000000 25796.000000 0.245209 
105300.000000 25872.000000 0.245698 
105400.000000 25960.000000 0.246300 
105500.000000 25986.000000 0.246313 
105600.000000 26074.000000 0.246913 
105700.000000 26106.000000 0.246982 
105800.000000 26198.000000 0.247618 
105900.000000 26262.000000 0.247989 
106000.000000 26308.000000 0.248189 
106100.000000 26308.000000 0.247955 
106200.000000 26400.000000 0.248588 
106300.000000 26478.000000 0.249087 
106400.000000 26530.000000 0.249342 
106500.000000 26612.000000 0.249878 
106600.000000 26684.000000 0.250319 
106700.000000 26738.000000 0.250590 
106800.000000 26780.000000 0.250749 
106900.000000 26834.000000 0.251020 
107000.000000 26906.000000 0.251458 
107100.000000 26976.000000 0.251877 
107200.000000 27066.000000 0.252481 
107300.000000 27124.000000 0.252787 
107400.000000 27192.000000 0.253184 
107500.000000 27244.000000 0.253433 
107600.000000 27342.000000 0.254108 
107700.000000 27368.000000 0.254113 
107800.000000 27436.000000 0.254508 
107900.000000 27522.000000 0.255069 
108000.000000 27544.000000 0.255037 
108100.000000 27636.000000 0.255652 
108200.000000 27714.000000 0.256137 
108300.000000 27798.000000 0.256676 
108400.000000 27848.000000 0.256900 
108500.000000 27932.000000 0.257438 
108600.000000 28014.000000 0.257956 
108700.000000 28084.000000 0.258362 
108800.000000 28132.000000 0.258566 
108900.000000 28186.000000 0.258825 
109000.000000 28232.000000 0.259009 
109100.000000 28256.000000 0.258992 
109200.000000 28318.000000 0.259322 
109300.000000 28402.000000 0.259854 
109400.000000 28464.000000 0.260183 
109500.000000 28520.000000 0.260457 
109600.000000 28598.000000 0.260931 
109700.000000 28684.000000 0.261477 
109800.000000 28760.000000 0.261931 
109900.000000 28850.000000 0.262511 
110000.000000 28926.000000 0.262964 
110100.000000 28994.000000 0.263342 
110200.000000 29088.000000 0.263956 
110300.000000 29130.000000 0.264098 
110400.000000 29212.000000 0.264601 
110500.000000 29282.000000 0.264995 
110600.000000 29328.000000 0.265172 
110700.000000 29382.000000 0.265420 
110800.000000 29470.000000 0.265975 
110900.000000 29512.000000 0.266114 
111000.000000 29572.000000 0.266414 
111100.000000 29636.000000 0.266751 
111200.000000 29694.000000 0.267032 
111300.000000 29752.000000 0.267314 
111400.000000 29832.000000 0.267792 
111500.000000 29870.000000 0.267892 
111600.000000 29908.000000 0.267993 
111700.000000 29974.000000 0.268344 
111800.000000 30036.000000 0.268658 
111900.000000 30084.000000 0.268847 
112000.000000 30176.000000 0.269429 
112100.000000 30212.000000 0.269509 
112200.000000 30282.000000 0.269893 
112300.000000 30296.000000 0.269777 
112400.000000 30352.000000 0.270036 
112500.000000 30374.000000 0.269991 
112600.000000 30456.000000 0.270480 
112700.000000 30502.000000 0.270648 
112800.000000 30538.000000 0.270727 
112900.000000 30566.000000 0.270735 
113000.000000 30642.000000 0.271168 
113100.000000 30694.000000 0.271388 
113200.000000 30772.000000 0.271837 
113300.000000 30832.000000 0.272127 
113400.000000 30880.000000 0.272310 
113500.000000 30928.000000 0.272493 
113600.000000 30970.000000 0.272623 
113700.000000 31020.000000 0.272823 
113800.000000 31100.000000 0.273286 
113900.000000 31160.000000 0.273573 
114000.000000 31198.000000 0.273667 
114100.000000 31242.000000 0.273812 
114200.000000 31264.000000 0.273765 
114300.000000 31314.000000 0.273963 
114400.000000 31382.000000 0.274318 
114500.000000 31400.000000 0.274236 
114600.000000 31442.000000 0.274363 
114700.000000 31488.000000 0.274525 
114800.000000 31548.000000 0.274808 
114900.000000 31612.000000 0.275126 
115000.000000 31636.000000 0.275096 
115100.000000 31688.000000 0.275308 
115200.000000 31734.000000 0.275469 
115300.000000 31788.000000 0.275698 
115400.000000 31878.000000 0.276239 
115500.000000 31878.000000 0.276000 
115600.000000 31920.000000 0.276125 
115700.000000 31956.000000 0.276197 
115800.000000 32030.000000 0.276598 
115900.000000 32066.000000 0.276670 
116000.000000 32106.000000 0.276776 
116100.000000 32148.000000 0.276899 
116200.000000 32192.000000 0.277040 
116300.000000 32228.000000 0.277111 
116400.000000 32262.000000 0.277165 
116500.000000 32296.000000 0.277219 
116600.000000 32372.000000 0.277633 
116700.000000 32424.000000 0.277841 
116800.000000 32504.000000 0.278288 
116900.000000 32528.000000 0.278255 
117000.000000 32582.000000 0.278479 
117100.000000 32586.000000 0.278275 
117200.000000 32618.000000 0.278311 
117300.000000 32666.000000 0.278483 
117400.000000 32684.000000 0.278399 
117500.000000 32720.000000 0.278468 
117600.000000 32730.000000 0.278316 
117700.000000 32782.000000 0.278522 
117800.000000 32850.000000 0.278862 
117900.000000 32902.000000 0.279067 
118000.000000 32956.000000 0.279288 
118100.000000 32976.000000 0.279221 
118200.000000 33042.000000 0.279543 
118300.000000 33070.000000 0.279544 
118400.000000 33144.000000 0.279932 
118500.000000 33126.000000 0.279544 
118600.000000 33174.000000 0.279713 
118700.000000 33198.000000 0.279680 
118800.000000 33264.000000 0.280000 
118900.000000 33284.000000 0.279933 
119000.000000 33316.000000 0.279966 
119100.000000 33392.000000 0.280369 
119200.000000 33370.000000 0.279950 
119300.000000 33398.000000 0.279950 
119400.000000 33460.000000 0.280235 
119500.000000 33516.000000 0.280469 
119600.000000 33544.000000 0.280468 
119700.000000 33592.000000 0.280635 
119800.000000 33666.000000 0.281018 
119900.000000 33692.000000 0.281001 
120000.000000 33760.000000 0.281333 
120100.000000 33796.000000 0.281399 
120200.000000 33874.000000 0.281814 
120300.000000 33920.000000 0.281962 
120400.000000 33972.000000 0.282159 
120500.000000 34026.000000 0.282373 
120600.000000 34112.000000 0.282852 
120700.000000 34144.000000 0.282883 
120800.000000 34168.000000 0.282848 
120900.000000 34212.000000 0.282978 
121000.000000 34240.000000 0.282975 
121100.000000 34272.000000 0.283006 
121200.000000 34344.000000 0.283366 
121300.000000 34382.000000 0.283446 
121400.000000 34424.000000 0.283558 
121500.000000 34454.000000 0.283572 
121600.000000 34516.000000 0.283849 
121700.000000 34534.000000 0.283763 
121800.000000 34560.000000 0.283744 
121900.000000 34574.000000 0.283626 
122000.000000 34598.000000 0.283590 
122100.000000 34660.000000 0.283866 
122200.000000 34706.000000 0.284010 
122300.000000 34678.000000 0.283549 
122400.000000 34728.000000 0.283726 
122500.000000 34780.000000 0.283918 
122600.000000 34868.000000 0.284405 
122700.000000 34892.000000 0.284368 
122800.000000 34948.000000 0.284593 
122900.000000 34946.000000 0.284345 
123000.000000 34982.000000 0.284407 
123100.000000 35040.000000 0.284647 
123200.000000 35102.000000 0.284919 
123300.000000 35166.000000 0.285207 
123400.000000 35212.000000 0.285348 
123500.000000 35276.000000 0.285636 
123600.000000 35330.000000 0.285841 
123700.000000 35382.000000 0.286031 
123800.000000 35374.000000 0.285735 
123900.000000 35380.000000 0.285553 
124000.000000 35428.000000 0.285710 
124100.000000 35456.000000 0.285705 
124200.000000 35490.000000 0.285749 
124300.000000 35566.000000 0.286130 
124400.000000 35576.000000 0.285981 
124500.000000 35654.000000 0.286378 
124600.000000 35662.000000 0.286212 
124700.000000 35678.000000 0.286111 
124800.000000 35704.000000 0.286090 
124900.000000 35734.000000 0.286101 
125000.000000 35742.000000 0.285936 
125100.000000 35828.000000 0.286395 
125200.000000 35872.000000 0.286518 
125300.000000 35938.000000 0.286816 
125400.000000 35970.000000 0.286842 
125500.000000 35974.000000 0.286645 
125600.000000 36038.000000 0.286927 
125700.000000 36094.000000 0.287144 
125800.000000 36116.000000 0.287091 
125900.000000 36164.000000 0.287244 
126000.000000 36178.000000 0.287127 
126100.000000 36224.000000 0.287264 
126200.000000 36286.000000 0.287528 
126300.000000 36328.000000 0.287633 
126400.000000 36344.000000 0.287532 
126500.000000 36350.000000 0.287352 
126600.000000 36376.000000 0.287330 
126700.000000 36422.000000 0.287466 
126800.000000 36504.000000 0.287886 
126900.000000 36552.000000 0.288038 
127000.000000 36602.000000 0.288205 
127100.000000 36628.000000 0.288183 
127200.000000 36684.000000 0.288396 
127300.000000 36692.000000 0.288233 
127400.000000 36740.000000 0.288383 
127500.000000 36770.000000 0.288392 
127600.000000 36820.000000 0.288558 
127700.000000 36842.000000 0.288504 
127800.000000 36920.000000 0.288889 
127900.000000 36940.000000 0.288819 
128000.000000 36958.000000 0.288734 
128100.000000 36978.000000 0.288665 
128200.000000 36990.000000 0.288534 
128300.000000 36984.000000 0.288262 
128400.000000 37068.000000 0.288692 
128500.000000 37124.000000 0.288903 
128600.000000 37176.000000 0.289082 
128700.000000 37222.000000 0.289215 
128800.000000 37236.000000 0.289099 
128900.000000 37306.000000 0.289418 
129000.000000 37360.000000 0.289612 
129100.000000 37404.000000 0.289729 
129200.000000 37426.000000 0.289675 
129300.000000 37476.000000 0.289838 
129400.000000 37538.000000 0.290093 
129500.000000 37592.000000 0.290286 
129600.000000 37626.000000 0.290324 
129700.000000 37680.000000 0.290517 
129800.000000 37752.000000 0.290847 
129900.000000 37848.000000 0.291363 
130000.000000 37892.000000 0.291477 
130100.000000 37966.000000 0.291822 
130200.000000 37988.000000 0.291767 
130300.000000 38034.000000 0.291896 
130400.000000 38052.000000 0.291810 
130500.000000 38126.000000 0.292153 
130600.000000 38204.000000 0.292527 
130700.000000 38256.000000 0.292701 
130800.000000 38272.000000 0.292599 
130900.000000 38326.000000 0.292788 
131000.000000 38336.000000 0.292641 
131100.000000 38378.000000 0.292738 
131200.000000 38454.000000 0.293095 
131300.000000 38528.000000 0.293435 
131400.000000 38566.000000 0.293501 
131500.000000 38618.000000 0.293673 
131600.000000 38654.000000 0.293723 
131700.000000 38708.000000 0.293910 
131800.000000 38750.000000 0.294006 
131900.000000 38790.000000 0.294086 
132000.000000 38818.000000 0.294076 
132100.000000 38862.000000 0.294186 
132200.000000 38958.000000 0.294690 
132300.000000 39028.000000 0.294996 
132400.000000 39060.000000 0.295015 
132500.000000 39098.000000 0.295079 
132600.000000 39138.000000 0.295158 
132700.000000 39204.000000 0.295433 
132800.000000 39258.000000 0.295617 
132900.000000 39310.000000 0.295786 
133000.000000 39410.000000 0.296316 
133100.000000 39490.000000 0.296694 
133200.000000 39542.000000 0.296862 
133300.000000 39552.000000 0.296714 
133400.000000 39630.000000 0.297076 
133500.000000 39716.000000 0.297498 
133600.000000 39782.000000 0.297769 
133700.000000 39828.000000 0.297891 
133800.000000 39910.000000 0.298281 
133900.000000 39970.000000 0.298506 
134000.000000 40016.000000 0.298627 
134100.000000 40044.000000 0.298613 
134200.000000 40134.000000 0.299061 
134300.000000 40204.000000 0.299360 
134400.000000 40280.000000 0.299702 
134500.000000 40324.000000 0.299807 
134600.000000 40346.000000 0.299747 
134700.000000 40396.000000 0.299896 
134800.000000 40456.000000 0.300119 
134900.000000 40498.000000 0.300208 
135000.000000 40566.000000 0.300489 
135100.000000 40650.000000 0.300888 
135200.000000 40688.000000 0.300947 
135300.000000 40756.000000 0.301227 
135400.000000 40752.000000 0.300975 
135500.000000 40782.000000 0.300974 
135600.000000 40844.000000 0.301209 
135700.000000 40880.000000 0.301253 
135800.000000 40942.000000 0.301487 
135900.000000 40998.000000 0.301678 
136000.000000 41082.000000 0.302074 
136100.000000 41140.000000 0.302278 
136200.000000 41218.000000 0.302628 
136300.000000 41246.000000 0.302612 
136400.000000 41306.000000 0.302830 
136500.000000 41332.000000 0.302799 
136600.000000 41384.000000 0.302958 
136700.000000 41416.000000 0.302970 
136800.000000 41472.000000 0.303158 
136900.000000 41548.000000 0.303492 
137000.000000 41620.000000 0.303796 
137100.000000 41658.000000 0.303851 
137200.000000 41692.000000 0.303878 
137300.000000 41754.000000 0.304108 
137400.000000 41662.000000 0.303217 
137500.000000 41562.000000 0.302269 
137600.000000 41462.000000 0.301323 
137700.000000 41362.000000 0.300378 
137800.000000 41276.000000 0.299536 
137900.000000 41286.000000 0.299391 
138000.000000 41186.000000 0.298449 
138100.000000 41086.000000 0.297509 
138200.000000 40986.000000 0.296570 
138300.000000 40972.000000 0.296255 
138400.000000 40900.000000 0.295520 
138500.000000 40982.000000 0.295899 
138600.000000 40926.000000 0.295281 
138700.000000 40826.000000 0.294348 
138800.000000 40756.000000 0.293631 
138900.000000 40776.000000 0.293564 
139000.000000 40844.000000 0.293842 
139100.000000 40934.000000 0.294277 
139200.000000 40966.000000 0.294296 
139300.000000 41022.000000 0.294487 
139400.000000 41020.000000 0.294261 
139500.000000 40920.000000 0.293333 
139600.000000 40854.000000 0.292650 
139700.000000 40834.000000 0.292298 
139800.000000 40878.000000 0.292403 
139900.000000 40938.000000 0.292623 
140000.000000 40968.000000 0.292629 
140100.000000 41018.000000 0.292777 
140200.000000 40970.000000 0.292225 
140300.000000 40870.000000 0.291304 
140400.000000 40918.000000 0.291439 
140500.000000 40956.000000 0.291502 
140600.000000 40904.000000 0.290925 
140700.000000 40804.000000 0.290007 
140800.000000 40834.000000 0.290014 
140900.000000 40800.000000 0.289567 
141000.000000 40700.000000 0.288652 
141100.000000 40718.000000 0.288575 
141200.000000 40766.000000 0.288711 
141300.000000 40710.000000 0.288110 
141400.000000 40610.000000 0.287199 
141500.000000 40510.000000 0.286290 
141600.000000 40410.000000 0.285381 
141700.000000 40328.000000 0.284601 
141800.000000 40348.000000 0.284542 
141900.000000 40402.000000 0.284722 
142000.000000 40428.000000 0.284704 
142100.000000 40500.000000 0.285011 
142200.000000 40544.000000 0.285120 
142300.000000 40588.000000 0.285228 
142400.000000 40628.000000 0.285309 
142500.000000 40704.000000 0.285642 
142600.000000 40774.000000 0.285933 
142700.000000 40816.000000 0.286027 
142800.000000 40798.000000 0.285700 
142900.000000 40832.000000 0.285738 
143000.000000 40760.000000 0.285035 
143100.000000 40660.000000 0.284137 
143200.000000 40644.000000 0.283827 
143300.000000 40648.000000 0.283657 
143400.000000 40686.000000 0.283724 
143500.000000 40698.000000 0.283610 
143600.000000 40740.000000 0.283705 
143700.000000 40804.000000 0.283953 
143800.000000 40820.000000 0.283866 
143900.000000 40852.000000 0.283892 
144000.000000 40796.000000 0.283306 
144100.000000 40748.000000 0.282776 
144200.000000 40774.000000 0.282760 
144300.000000 40844.000000 0.283049 
144400.000000 40892.000000 0.283186 
144500.000000 40920.000000 0.283183 
144600.000000 40960.000000 0.283264 
144700.000000 40950.000000 0.282999 
144800.000000 40968.000000 0.282928 
144900.000000 40912.000000 0.282346 
145000.000000 41000.000000 0.282759 
145100.000000 41036.000000 0.282812 
145200.000000 41072.000000 0.282865 
145300.000000 41126.000000 0.283042 
145400.000000 41172.000000 0.283164 
145500.000000 41256.000000 0.283546 
145600.000000 41278.000000 0.283503 
145700.000000 41336.000000 0.283706 
145800.000000 41244.000000 0.282881 
145900.000000 41270.000000 0.282865 
146000.000000 41296.000000 0.282849 
146100.000000 41278.000000 0.282533 
146200.000000 41218.000000 0.281929 
146300.000000 41118.000000 0.281053 
146400.000000 41068.000000 0.280519 
146500.000000 41128.000000 0.280737 
146600.000000 41212.000000 0.281119 
146700.000000 41262.000000 0.281268 
146800.000000 41300.000000 0.281335 
146900.000000 41400.000000 0.281824 
147000.000000 41386.000000 0.281537 
147100.000000 41342.000000 0.281047 
147200.000000 41242.000000 0.280177 
147300.000000 41142.000000 0.279308 
147400.000000 41058.000000 0.278548 
147500.000000 41108.000000 0.278698 
147600.000000 41206.000000 0.279173 
147700.000000 41236.000000 0.279188 
147800.000000 41270.000000 0.279229 
147900.000000 41260.000000 0.278972 
148000.000000 41234.000000 0.278608 
148100.000000 41296.000000 0.278839 
148200.000000 41306.000000 0.278718 
148300.000000 41322.000000 0.278638 
148400.000000 41384.000000 0.278868 
148500.000000 41420.000000 0.278923 
148600.000000 41460.000000 0.279004 
148700.000000 41502.000000 0.279099 
148800.000000 41498.000000 0.278884 
148900.000000 41524.000000 0.278872 
149000.000000 41532.000000 0.278738 
149100.000000 41582.000000 0.278887 
149200.000000 41668.000000 0.279276 
149300.000000 41568.000000 0.278419 
149400.000000 41618.000000 0.278568 
149500.000000 41618.000000 0.278381 
149600.000000 41656.000000 0.278449 
149700.000000 41688.000000 0.278477 
149800.000000 41718.000000 0.278491 
149900.000000 41712.000000 0.278266 
150000.000000 41740.000000 0.278267 
150100.000000 41806.000000 0.278521 
150200.000000 41820.000000 0.278429 
150300.000000 41814.000000 0.278204 
150400.000000 41860.000000 0.278324 
150500.000000 41900.000000 0.278405 
150600.000000 41920.000000 0.278353 
150700.000000 41980.000000 0.278567 
150800.000000 42042.000000 0.278793 
150900.000000 41976.000000 0.278171 
151000.000000 41936.000000 0.277722 
151100.000000 41836.000000 0.276876 
151200.000000 41880.000000 0.276984 
151300.000000 41808.000000 0.276325 
151400.000000 41774.000000 0.275918 
151500.000000 41710.000000 0.275314 
151600.000000 41654.000000 0.274763 
151700.000000 41586.000000 0.274133 
151800.000000 41580.000000 0.273913 
151900.000000 41552.000000 0.273548 
152000.000000 41538.000000 0.273276 
152100.000000 41512.000000 0.272926 
152200.000000 41438.000000 0.272260 
152300.000000 41392.000000 0.271779 
152400.000000 41350.000000 0.271325 
152500.000000 41334.000000 0.271043 
152600.000000 41314.000000 0.270734 
152700.000000 41320.000000 0.270596 
152800.000000 41392.000000 0.270890 
152900.000000 41436.000000 0.271001 
153000.000000 41404.000000 0.270614 
153100.000000 41460.000000 0.270803 
153200.000000 41478.000000 0.270744 
153300.000000 41542.000000 0.270985 
153400.000000 41502.000000 0.270548 
153500.000000 41580.000000 0.270879 
153600.000000 41594.000000 0.270794 
153700.000000 41608.000000 0.270709 
153800.000000 41666.000000 0.270910 
153900.000000 41662.000000 0.270708 
154000.000000 41740.000000 0.271039 
154100.000000 41754.000000 0.270954 
154200.000000 41784.000000 0.270973 
154300.000000 41794.000000 0.270862 
154400.000000 41702.000000 0.270091 
154500.000000 41720.000000 0.270032 
154600.000000 41708.000000 0.269780 
154700.000000 41658.000000 0.269282 
154800.000000 41672.000000 0.269199 
154900.000000 41702.000000 0.269219 
155000.000000 41724.000000 0.269187 
155100.000000 41720.000000 0.268988 
155200.000000 41724.000000 0.268840 
155300.000000 41744.000000 0.268796 
155400.000000 41718.000000 0.268456 
155500.000000 41734.000000 0.268386 
155600.000000 41784.000000 0.268535 
155700.000000 41780.000000 0.268337 
155800.000000 41720.000000 0.267779 
155900.000000 41636.000000 0.267069 
156000.000000 41688.000000 0.267231 
156100.000000 41624.000000 0.266650 
156200.000000 41674.000000 0.266799 
156300.000000 41728.000000 0.266974 
156400.000000 41792.000000 0.267212 
156500.000000 41836.000000 0.267323 
156600.000000 41866.000000 0.267344 
156700.000000 41870.000000 0.267198 
156800.000000 41932.000000 0.267423 
156900.000000 41994.000000 0.267648 
157000.000000 42024.000000 0.267669 
157100.000000 42114.000000 0.268071 
157200.000000 42142.000000 0.268079 
157300.000000 42194.000000 0.268239 
157400.000000 42224.000000 0.268259 
157500.000000 42290.000000 0.268508 
157600.000000 42374.000000 0.268871 
157700.000000 42422.000000 0.269004 
157800.000000 42512.000000 0.269404 
157900.000000 42602.000000 0.269804 
158000.000000 42588.000000 0.269544 
158100.000000 42684.000000 0.269981 
158200.000000 42754.000000 0.270253 
158300.000000 42794.000000 0.270335 
158400.000000 42848.000000 0.270505 
158500.000000 42824.000000 0.270183 
158600.000000 42882.000000 0.270378 
158700.000000 42944.000000 0.270599 
158800.000000 42966.000000 0.270567 
158900.000000 43036.000000 0.270837 
159000.000000 43100.000000 0.271069 
159100.000000 43138.000000 0.271138 
159200.000000 43194.000000 0.271319 
159300.000000 43282.000000 0.271701 
159400.000000 43352.000000 0.271970 
159500.000000 43404.000000 0.272125 
159600.000000 43458.000000 0.272293 
159700.000000 43512.000000 0.272461 
159800.000000 43574.000000 0.272678 
159900.000000 43608.000000 0.272720 
160000.000000 43658.000000 0.272862 
160100.000000 43716.000000 0.273054 
160200.000000 43736.000000 0.273009 
160300.000000 43784.000000 0.273138 
160400.000000 43842.000000 0.273329 
160500.000000 43938.000000 0.273757 
160600.000000 44012.000000 0.274047 
160700.000000 44044.000000 0.274076 
160800.000000 44074.000000 0.274092 
160900.000000 44098.000000 0.274071 
161000.000000 44132.000000 0.274112 
161100.000000 44198.000000 0.274351 
161200.000000 44212.000000 0.274268 
161300.000000 44274.000000 0.274482 
161400.000000 44244.000000 0.274126 
161500.000000 44310.000000 0.274365 
161600.000000 44332.000000 0.274332 
161700.000000 44382.000000 0.274471 
161800.000000 44330.000000 0.273980 
161900.000000 44350.000000 0.273935 
162000.000000 44376.000000 0.273926 
162100.000000 44440.000000 0.274152 
162200.000000 44504.000000 0.274377 
162300.000000 44564.000000 0.274578 
162400.000000 44598.000000 0.274618 
162500.000000 44668.000000 0.274880 
162600.000000 44642.000000 0.274551 
162700.000000 44706.000000 0.274776 
162800.000000 44746.000000 0.274853 
162900.000000 44718.000000 0.274512 
163000.000000 44722.000000 0.274368 
163100.000000 44760.000000 0.274433 
163200.000000 44834.000000 0.274718 
163300.000000 44888.000000 0.274881 
163400.000000 44894.000000 0.274749 
163500.000000 44936.000000 0.274838 
163600.000000 45000.000000 0.275061 
163700.000000 45052.000000 0.275211 
163800.000000 45120.000000 0.275458 
163900.000000 45182.000000 0.275668 
164000.000000 45204.000000 0.275634 
164100.000000 45276.000000 0.275905 
164200.000000 45344.000000 0.276151 
164300.000000 45382.000000 0.276214 
164400.000000 45396.000000 0.276131 
164500.000000 45440.000000 0.276231 
164600.000000 45432.000000 0.276015 
164700.000000 45494.000000 0.276223 
164800.000000 45558.000000 0.276444 
164900.000000 45602.000000 0.276543 
165000.000000 45670.000000 0.276788 
165100.000000 45736.000000 0.277020 
165200.000000 45812.000000 0.277312 
165300.000000 45826.000000 0.277229 
165400.000000 45916.000000 0.277606 
165500.000000 45980.000000 0.277825 
165600.000000 46006.000000 0.277814 
165700.000000 45992.000000 0.277562 
165800.000000 46026.000000 0.277600 
165900.000000 46074.000000 0.277722 
166000.000000 46150.000000 0.278012 
166100.000000 46148.000000 0.277833 
166200.000000 46146.000000 0.277653 
166300.000000 46228.000000 0.277980 
166400.000000 46308.000000 0.278293 
166500.000000 46344.000000 0.278342 
166600.000000 46438.000000 0.278739 
166700.000000 46490.000000 0.278884 
166800.000000 46526.000000 0.278933 
166900.000000 46558.000000 0.278957 
167000.000000 46612.000000 0.279114 
167100.000000 46662.000000 0.279246 
167200.000000 46750.000000 0.279605 
167300.000000 46768.000000 0.279546 
167400.000000 46854.000000 0.279892 
167500.000000 46912.000000 0.280072 
167600.000000 46950.000000 0.280131 
167700.000000 47010.000000 0.280322 
167800.000000 47096.000000 0.280667 
167900.000000 47168.000000 0.280929 
168000.000000 47246.000000 0.281226 
168100.000000 47342.000000 0.281630 
168200.000000 47368.000000 0.281617 
168300.000000 47404.000000 0.281664 
168400.000000 47410.000000 0.281532 
168500.000000 47460.000000 0.281662 
168600.000000 47538.000000 0.281957 
168700.000000 47586.000000 0.282075 
168800.000000 47644.000000 0.282251 
168900.000000 47652.000000 0.282131 
169000.000000 47650.000000 0.281953 
169100.000000 47694.000000 0.282046 
169200.000000 47764.000000 0.282293 
169300.000000 47832.000000 0.282528 
169400.000000 47860.000000 0.282527 
169500.000000 47906.000000 0.282631 
169600.000000 47974.000000 0.282866 
169700.000000 48012.000000 0.282923 
169800.000000 48066.000000 0.283074 
169900.000000 48076.000000 0.282966 
170000.000000 48102.000000 0.282953 
170100.000000 48160.000000 0.283128 
170200.000000 48188.000000 0.283126 
170300.000000 48176.000000 0.282889 
170400.000000 48250.000000 0.283157 
170500.000000 48260.000000 0.283050 
170600.000000 48280.000000 0.283001 
170700.000000 48334.000000 0.283152 
170800.000000 48388.000000 0.283302 
170900.000000 48460.000000 0.283558 
171000.000000 48510.000000 0.283684 
171100.000000 48548.000000 0.283740 
171200.000000 48550.000000 0.283586 
171300.000000 48536.000000 0.283339 
171400.000000 48606.000000 0.283582 
171500.000000 48666.000000 0.283767 
171600.000000 48688.000000 0.283730 
171700.000000 48706.000000 0.283669 
171800.000000 48748.000000 0.283749 
171900.000000 48750.000000 0.283595 
172000.000000 48720.000000 0.283256 
172100.000000 48792.000000 0.283510 
172200.000000 48830.000000 0.283566 
172300.000000 48904.000000 0.283831 
172400.000000 48884.000000 0.283550 
172500.000000 48926.000000 0.283629 
172600.000000 48960.000000 0.283662 
172700.000000 48952.000000 0.283451 
172800.000000 48924.000000 0.283125 
172900.000000 48932.000000 0.283008 
173000.000000 48998.000000 0.283225 
173100.000000 49006.000000 0.283108 
173200.000000 49050.000000 0.283199 
173300.000000 49098.000000 0.283312 
173400.000000 49186.000000 0.283656 
173500.000000 49150.000000 0.283285 
173600.000000 49210.000000 0.283468 
173700.000000 49264.000000 0.283615 
173800.000000 49322.000000 0.283786 
173900.000000 49374.000000 0.283922 
174000.000000 49430.000000 0.284080 
174100.000000 49416.000000 0.283837 
174200.000000 49496.000000 0.284133 
174300.000000 49580.000000 0.284452 
174400.000000 49612.000000 0.284472 
174500.000000 49688.000000 0.284745 
174600.000000 49714.000000 0.284731 
174700.000000 49804.000000 0.285083 
174800.000000 49836.000000 0.285103 
174900.000000 49924.000000 0.285443 
175000.000000 49922.000000 0.285269 
175100.000000 49948.000000 0.285254 
175200.000000 49982.000000 0.285285 
175300.000000 49980.000000 0.285111 
175400.000000 50002.000000 0.285074 
175500.000000 50014.000000 0.284980 
175600.000000 50034.000000 0.284932 
175700.000000 50078.000000 0.285020 
175800.000000 50122.000000 0.285108 
175900.000000 50192.000000 0.285344 
176000.000000 50198.000000 0.285216 
176100.000000 50268.000000 0.285451 
176200.000000 50304.000000 0.285494 
176300.000000 50292.000000 0.285264 
176400.000000 50262.000000 0.284932 
176500.000000 50288.000000 0.284918 
176600.000000 50348.000000 0.285096 
176700.000000 50406.000000 0.285263 
176800.000000 50484.000000 0.285543 
176900.000000 50548.000000 0.285743 
177000.000000 50600.000000 0.285876 
177100.000000 50690.000000 0.286222 
177200.000000 50766.000000 0.286490 
177300.000000 50772.000000 0.286362 
177400.000000 50858.000000 0.286685 
177500.000000 50924.000000 0.286896 
177600.000000 50914.000000 0.286678 
177700.000000 50888.000000 0.286370 
177800.000000 50958.000000 0.286603 
177900.000000 51020.000000 0.286790 
178000.000000 51004.000000 0.286539 
178100.000000 50964.000000 0.286154 
178200.000000 51014.000000 0.286274 
178300.000000 50996.000000 0.286012 
178400.000000 51030.000000 0.286043 
178500.000000 51102.000000 0.286286 
178600.000000 51174.000000 0.286529 
178700.000000 51204.000000 0.286536 
178800.000000 51254.000000 0.286655 
178900.000000 51300.000000 0.286752 
179000.000000 51364.000000 0.286950 
179100.000000 51432.000000 0.287169 
179200.000000 51440.000000 0.287054 
179300.000000 51482.000000 0.287128 
179400.000000 51554.000000 0.287369 
179500.000000 51624.000000 0.287599 
179600.000000 51650.000000 0.287584 
179700.000000 51696.000000 0.287679 
179800.000000 51782.000000 0.287998 
179900.000000 51810.000000 0.287993 
180000.000000 51800.000000 0.287778 
180100.000000 51800.000000 0.287618 
180200.000000 51858.000000 0.287780 
180300.000000 51914.000000 0.287931 
180400.000000 51978.000000 0.288126 
180500.000000 51998.000000 0.288078 
180600.000000 52072.000000 0.288328 
180700.000000 52150.000000 0.288600 
180800.000000 52134.000000 0.288352 
180900.000000 52222.000000 0.288679 
181000.000000 52302.000000 0.288961 
181100.000000 52364.000000 0.289144 
181200.000000 52432.000000 0.289360 
181300.000000 52532.000000 0.289752 
181400.000000 52556.000000 0.289724 
181500.000000 52598.000000 0.289796 
181600.000000 52682.000000 0.290099 
181700.000000 52762.000000 0.290380 
181800.000000 52772.000000 0.290275 
181900.000000 52724.000000 0.289852 
182000.000000 52650.000000 0.289286 
182100.000000 52696.000000 0.289379 
182200.000000 52758.000000 0.289561 
182300.000000 52804.000000 0.289654 
182400.000000 52816.000000 0.289561 
182500.000000 52812.000000 0.289381 
182600.000000 52772.000000 0.289003 
182700.000000 52860.000000 0.289327 
182800.000000 52916.000000 0.289475 
182900.000000 52998.000000 0.289765 
183000.000000 53072.000000 0.290011 
183100.000000 53038.000000 0.289667 
183200.000000 53032.000000 0.289476 
183300.000000 53038.000000 0.289351 
183400.000000 53136.000000 0.289727 
183500.000000 53180.000000 0.289809 
183600.000000 53224.000000 0.289891 
183700.000000 53230.000000 0.289766 
183800.000000 53294.000000 0.289956 
183900.000000 53264.000000 0.289636 
184000.000000 53348.000000 0.289935 
184100.000000 53360.000000 0.289842 
184200.000000 53422.000000 0.290022 
184300.000000 53442.000000 0.289973 
184400.000000 53506.000000 0.290163 
184500.000000 53548.000000 0.290233 
184600.000000 53596.000000 0.290336 
184700.000000 53654.000000 0.290493 
184800.000000 53632.000000 0.290216 
184900.000000 53714.000000 0.290503 
185000.000000 53802.000000 0.290822 
185100.000000 53850.000000 0.290924 
185200.000000 53894.000000 0.291004 
185300.000000 53846.000000 0.290588 
185400.000000 53838.000000 0.290388 
185500.000000 53898.000000 0.290555 
185600.000000 53942.000000 0.290636 
185700.000000 53994.000000 0.290759 
185800.000000 53964.000000 0.290441 
185900.000000 54032.000000 0.290651 
186000.000000 54076.000000 0.290731 
186100.000000 54156.000000 0.291005 
186200.000000 54222.000000 0.291203 
186300.000000 54322.000000 0.291583 
186400.000000 54364.000000 0.291652 
186500.000000 54316.000000 0.291239 
186600.000000 54328.000000 0.291147 
186700.000000 54412.000000 0.291441 
186800.000000 54484.000000 0.291670 
186900.000000 54582.000000 0.292039 
187000.000000 54630.000000 0.292139 
187100.000000 54690.000000 0.292304 
187200.000000 54770.000000 0.292575 
187300.000000 54816.000000 0.292664 
187400.000000 54856.000000 0.292721 
187500.000000 54928.000000 0.292949 
187600.000000 54972.000000 0.293028 
187700.000000 55038.000000 0.293223 
187800.000000 54980.000000 0.292758 
187900.000000 54994.000000 0.292677 
188000.000000 55048.000000 0.292809 
188100.000000 55118.000000 0.293025 
188200.000000 55208.000000 0.293348 
188300.000000 55268.000000 0.293510 
188400.000000 55318.000000 0.293620 
188500.000000 55382.000000 0.293804 
188600.000000 55474.000000 0.294136 
188700.000000 55432.000000 0.293757 
188800.000000 55462.000000 0.293761 
188900.000000 55528.000000 0.293954 
189000.000000 55592.000000 0.294138 
189100.000000 55604.000000 0.294045 
189200.000000 55698.000000 0.294387 
189300.000000 55746.000000 0.294485 
189400.000000 55776.000000 0.294488 
189500.000000 55774.000000 0.294322 
189600.000000 55866.000000 0.294652 
189700.000000 55914.000000 0.294750 
189800.000000 55982.000000 0.294953 
189900.000000 56022.000000 0.295008 
190000.000000 56036.000000 0.294926 
190100.000000 56112.000000 0.295171 
190200.000000 56174.000000 0.295342 
190300.000000 56252.000000 0.295596 
190400.000000 56264.000000 0.295504 
190500.000000 56342.000000 0.295759 
190600.000000 56272.000000 0.295236 
190700.000000 56242.000000 0.294924 
190800.000000 56310.000000 0.295126 
190900.000000 56368.000000 0.295275 
191000.000000 56340.000000 0.294974 
191100.000000 56370.000000 0.294976 
191200.000000 56372.000000 0.294833 
191300.000000 56328.000000 0.294449 
191400.000000 56318.000000 0.294242 
191500.000000 56364.000000 0.294329 
191600.000000 56444.000000 0.294593 
191700.000000 56482.000000 0.294637 
191800.000000 56494.000000 0.294546 
191900.000000 56512.000000 0.294487 
192000.000000 56538.000000 0.294469 
192100.000000 56582.000000 0.294545 
192200.000000 56566.000000 0.294308 
192300.000000 56584.000000 0.294249 
192400.000000 56604.000000 0.294200 
192500.000000 56656.000000 0.294317 
192600.000000 56738.000000 0.294590 
192700.000000 56816.000000 0.294842 
192800.000000 56828.000000 0.294751 
192900.000000 56882.000000 0.294878 
193000.000000 56946.000000 0.295057 
193100.000000 56910.000000 0.294718 
193200.000000 56964.000000 0.294845 
193300.000000 57052.000000 0.295147 
193400.000000 57038.000000 0.294922 
193500.000000 57056.000000 0.294863 
193600.000000 57058.000000 0.294721 
193700.000000 57142.000000 0.295003 
193800.000000 57190.000000 0.295098 
193900.000000 57244.000000 0.295224 
194000.000000 57208.000000 0.294887 
194100.000000 57146.000000 0.294415 
194200.000000 57232.000000 0.294706 
194300.000000 57254.000000 0.294668 
194400.000000 57300.000000 0.294753 
194500.000000 57322.000000 0.294715 
194600.000000 57328.000000 0.294594 
194700.000000 57378.000000 0.294700 
194800.000000 57450.000000 0.294918 
194900.000000 57484.000000 0.294941 
195000.000000 57398.000000 0.294349 
195100.000000 57464.000000 0.294536 
195200.000000 57512.000000 0.294631 
195300.000000 57536.000000 0.294603 
195400.000000 57588.000000 0.294719 
195500.000000 57648.000000 0.294875 
195600.000000 57738.000000 0.295184 
195700.000000 57758.000000 0.295135 
195800.000000 57658.000000 0.294474 
195900.000000 57678.000000 0.294426 
196000.000000 57760.000000 0.294694 
196100.000000 57818.000000 0.294839 
196200.000000 57884.000000 0.295025 
196300.000000 57890.000000 0.294906 
196400.000000 57944.000000 0.295031 
196500.000000 57968.000000 0.295003 
196600.000000 58022.000000 0.295127 
196700.000000 58074.000000 0.295241 
196800.000000 58162.000000 0.295539 
196900.000000 58262.000000 0.295896 
197000.000000 58332.000000 0.296102 
197100.000000 58352.000000 0.296053 
197200.000000 58348.000000 0.295882 
197300.000000 58386.000000 0.295925 
197400.000000 58486.000000 0.296282 
197500.000000 58496.000000 0.296182 
197600.000000 58530.000000 0.296204 
197700.000000 58622.000000 0.296520 
197800.000000 58636.000000 0.296441 
197900.000000 58726.000000 0.296746 
198000.000000 58782.000000 0.296879 
198100.000000 58792.000000 0.296779 
198200.000000 58810.000000 0.296720 
198300.000000 58846.000000 0.296752 
198400.000000 58890.000000 0.296825 
198500.000000 58954.000000 0.296997 
198600.000000 59052.000000 0.297341 
198700.000000 59114.000000 0.297504 
198800.000000 59138.000000 0.297475 
198900.000000 59202.000000 0.297647 
199000.000000 59302.000000 0.298000 
199100.000000 59344.000000 0.298061 
199200.000000 59426.000000 0.298323 
199300.000000 59432.000000 0.298204 
199400.000000 59442.000000 0.298104 
199500.000000 59514.000000 0.298316 
199600.000000 59612.000000 0.298657 
199700.000000 59686.000000 0.298878 
199800.000000 59734.000000 0.298969 
199900.000000 59782.000000 0.299060 
200000.000000 59830.000000 0.299150 
