100.000000 5.000000 -8.926769 52.895130 
200.000000 13.000000 -2.078107 245.307770 
300.000000 15.000000 -10.194395 323.794037 
400.000000 20.000000 -6.715374 543.421631 
500.000000 25.000000 11.419967 143.552536 
600.000000 12.000000 2.391857 117.732750 
700.000000 4.000000 -3.827025 55.557281 
800.000000 17.000000 -7.399191 105.391869 
900.000000 22.000000 -7.298780 315.034607 
1000.000000 27.000000 -3.040650 499.120697 
1100.000000 17.000000 3.915455 277.630646 
1200.000000 27.000000 -4.663867 547.647278 
1300.000000 24.000000 -2.649168 613.570190 
1400.000000 21.000000 -6.811930 537.597900 
1500.000000 9.000000 -14.802680 391.935822 
1600.000000 5.000000 4.479499 134.229996 
1700.000000 27.000000 -10.940739 406.164398 
1800.000000 20.000000 -9.093688 852.717773 
1900.000000 6.000000 -13.118341 385.685822 
2000.000000 13.000000 -5.579835 344.740967 
2100.000000 20.000000 -7.420235 431.668610 
2200.000000 27.000000 -6.908332 513.425476 
2300.000000 20.000000 -8.808601 851.300537 
2400.000000 17.000000 -3.801278 525.739807 
2500.000000 27.000000 3.632350 214.269775 
2600.000000 0.000000 11.127806 66.799248 
2700.000000 16.000000 12.479193 1.644834 
2800.000000 9.000000 9.660692 30.515188 
2900.000000 10.000000 11.788631 4.419987 
3000.000000 18.000000 -0.034066 12.000721 
3100.000000 27.000000 -10.798899 191.472229 
3200.000000 6.000000 7.652631 254.226807 
3300.000000 0.000000 14.055485 0.638668 
3400.000000 1.000000 14.206598 47.419521 
3500.000000 6.000000 10.094361 54.540615 
3600.000000 3.000000 -2.818282 3.590224 
3700.000000 27.000000 -10.337535 152.557724 
3800.000000 13.000000 -6.867871 541.533203 
3900.000000 0.000000 -15.658678 516.606689 
4000.000000 24.000000 -8.469311 641.708496 
4100.000000 17.000000 0.661343 494.954529 
4200.000000 16.000000 -10.712231 684.002563 
4300.000000 27.000000 -9.450838 780.279907 
4400.000000 27.000000 -3.902676 1042.045654 
4500.000000 27.000000 -3.086186 835.905640 
4600.000000 5.000000 6.480608 523.447083 
4700.000000 27.000000 10.901840 119.887146 
4800.000000 24.000000 14.409839 99.822159 
4900.000000 11.000000 6.810117 231.327133 
5000.000000 0.000000 15.000000 5.805097 
5100.000000 0.000000 9.276020 20.800493 
5200.000000 22.000000 13.268057 55.194901 
5300.000000 21.000000 10.366130 99.673424 
5400.000000 0.000000 15.000000 6.392859 
5500.000000 3.000000 11.052062 24.020180 
5600.000000 27.000000 -10.393127 128.491760 
5700.000000 3.000000 -5.083552 315.627655 
5800.000000 4.000000 -2.462614 505.951965 
5900.000000 18.000000 -3.300129 133.248138 
6000.000000 23.000000 -11.886779 355.939087 
6100.000000 26.000000 -9.557852 877.081299 
6200.000000 11.000000 -6.031590 557.570740 
6300.000000 10.000000 -2.318216 209.426636 
6400.000000 15.000000 -15.975710 472.695343 
6500.000000 5.000000 -14.090348 494.256073 
6600.000000 27.000000 -10.066410 400.659363 
6700.000000 5.000000 -6.180267 589.337585 
6800.000000 5.000000 7.600201 60.229008 
6900.000000 1.000000 14.888537 20.928127 
7000.000000 10.000000 3.686820 5.943973 
7100.000000 3.000000 6.100970 2.341355 
7200.000000 15.000000 -0.021908 6.095236 
7300.000000 27.000000 13.946608 13.539707 
7400.000000 12.000000 5.261107 1.299424 
7500.000000 6.000000 9.800814 29.006948 
7600.000000 3.000000 0.185214 94.392220 
7700.000000 9.000000 3.510948 1.836285 
7800.000000 3.000000 13.368165 16.393276 
7900.000000 26.000000 14.690201 0.345908 
8000.000000 10.000000 6.352372 2.134471 
8100.000000 22.000000 6.487698 72.874176 
8200.000000 6.000000 10.683801 107.478516 
8300.000000 27.000000 -8.711098 96.718300 
8400.000000 27.000000 -11.354361 504.598755 
8500.000000 8.000000 7.461296 98.593864 
8600.000000 8.000000 6.352383 0.425198 
8700.000000 20.000000 -5.032283 14.289660 
8800.000000 9.000000 -1.911824 247.284485 
8900.000000 21.000000 -5.135710 503.537872 
9000.000000 25.000000 -8.115362 201.770432 
9100.000000 25.000000 4.004381 149.379425 
9200.000000 5.000000 12.325361 1.939706 
9300.000000 16.000000 1.348578 147.573685 
9400.000000 19.000000 15.000000 22.092768 
9500.000000 17.000000 2.565787 14.155154 
9600.000000 8.000000 9.371831 5.039801 
9700.000000 12.000000 4.347802 74.810631 
9800.000000 17.000000 -0.433895 432.167908 
9900.000000 12.000000 1.400181 183.326797 
10000.000000 11.000000 3.791164 480.351196 
10100.000000 27.000000 -9.220294 590.166016 
10200.000000 25.000000 -9.103231 702.158936 
10300.000000 17.000000 -1.393248 662.591553 
10400.000000 27.000000 -11.479036 947.017456 
10500.000000 6.000000 -3.303846 691.770752 
10600.000000 0.000000 14.980086 114.963493 
10700.000000 0.000000 14.035700 0.203581 
10800.000000 1.000000 15.000000 63.483219 
10900.000000 20.000000 -7.702757 5.009400 
11000.000000 1.000000 8.300153 6.173133 
11100.000000 26.000000 -8.136500 144.661224 
11200.000000 22.000000 -6.824755 695.064758 
11300.000000 19.000000 -9.153690 841.742371 
11400.000000 0.000000 15.000000 18.879293 
11500.000000 0.000000 14.848220 0.183214 
11600.000000 11.000000 3.782568 2.773149 
11700.000000 0.000000 15.000000 0.313136 
11800.000000 27.000000 2.783763 0.620089 
11900.000000 23.000000 -5.839774 103.692215 
12000.000000 27.000000 -10.260400 718.445435 
12100.000000 17.000000 0.139201 706.773560 
12200.000000 11.000000 4.230090 161.302933 
12300.000000 0.000000 15.000000 1.471500 
12400.000000 11.000000 5.896389 22.345955 
12500.000000 1.000000 8.856873 0.074448 
12600.000000 6.000000 10.861458 43.784992 
12700.000000 12.000000 5.114644 7.858256 
12800.000000 24.000000 -7.346921 261.672119 
12900.000000 24.000000 -6.198432 634.460876 
13000.000000 12.000000 11.118567 376.342896 
13100.000000 27.000000 12.823774 170.727463 
13200.000000 2.000000 14.100374 92.436302 
13300.000000 21.000000 -1.234683 0.077225 
13400.000000 4.000000 12.761871 47.896320 
13500.000000 9.000000 8.822466 28.474844 
13600.000000 19.000000 -0.246817 67.475166 
13700.000000 3.000000 14.307987 19.879055 
13800.000000 11.000000 4.626573 55.595348 
13900.000000 25.000000 -6.910056 460.525330 
14000.000000 5.000000 10.282372 2.387427 
14100.000000 8.000000 11.569715 5.962160 
14200.000000 27.000000 8.659372 74.149307 
14300.000000 10.000000 12.790658 44.987434 
14400.000000 23.000000 -3.696486 59.322445 
14500.000000 14.000000 15.000000 3.079722 
14600.000000 10.000000 5.477772 13.811956 
14700.000000 17.000000 -0.353766 193.264816 
14800.000000 19.000000 -2.798636 9.055686 
14900.000000 0.000000 15.000000 16.755287 
15000.000000 18.000000 -1.492518 6.113145 
15100.000000 14.000000 3.291759 184.029388 
15200.000000 14.000000 -1.362396 337.438019 
15300.000000 4.000000 11.575624 30.032940 
15400.000000 25.000000 -6.727291 366.172028 
15500.000000 22.000000 -4.082686 715.280457 
15600.000000 27.000000 -1.246743 595.942078 
15700.000000 16.000000 -0.066577 139.950562 
15800.000000 19.000000 -4.695776 306.251526 
15900.000000 3.000000 9.763427 26.508717 
16000.000000 2.000000 11.527893 3.766131 
16100.000000 14.000000 1.128861 2.367901 
16200.000000 25.000000 -2.752922 104.153778 
16300.000000 27.000000 -7.313166 274.045807 
16400.000000 0.000000 15.000000 123.641693 
16500.000000 0.000000 15.000000 0.709382 
16600.000000 0.000000 15.000000 8.615880 
16700.000000 0.000000 12.493877 47.576744 
16800.000000 14.000000 0.612994 10.124354 
16900.000000 20.000000 -3.374235 218.357544 
17000.000000 27.000000 -6.967511 533.029968 
17100.000000 0.000000 14.688212 188.899094 
17200.000000 6.000000 7.694345 3.853046 
17300.000000 20.000000 15.000000 28.877232 
17400.000000 20.000000 -3.217153 63.452461 
17500.000000 19.000000 14.951338 109.352654 
17600.000000 3.000000 14.137355 10.592766 
17700.000000 8.000000 8.998340 62.648266 
17800.000000 0.000000 15.000000 7.356230 
17900.000000 20.000000 -4.690030 5.320762 
18000.000000 4.000000 12.324699 10.152794 
18100.000000 14.000000 -1.254421 56.243298 
18200.000000 27.000000 -8.175421 280.558990 
18300.000000 27.000000 -8.429731 769.090820 
18400.000000 13.000000 5.873166 703.590576 
18500.000000 18.000000 -2.545473 244.001648 
18600.000000 0.000000 15.000000 0.020118 
18700.000000 13.000000 13.626376 6.009138 
18800.000000 21.000000 -4.081790 0.036409 
18900.000000 2.000000 15.000000 40.350967 
19000.000000 23.000000 -6.050310 16.236956 
19100.000000 17.000000 -0.490209 165.971481 
19200.000000 27.000000 -8.937192 366.878021 
19300.000000 12.000000 5.273674 358.091339 
19400.000000 0.000000 15.000000 33.456013 
19500.000000 26.000000 -9.176193 0.207139 
19600.000000 10.000000 5.033985 2.777225 
19700.000000 17.000000 0.894772 261.931915 
19800.000000 20.000000 -3.366536 617.694275 
19900.000000 26.000000 -7.344001 358.581451 
20000.000000 27.000000 -9.421373 841.691345 
20100.000000 25.000000 -6.730656 339.146820 
20200.000000 0.000000 15.000000 105.993896 
20300.000000 8.000000 8.171679 4.222949 
20400.000000 8.000000 9.895497 6.309974 
20500.000000 5.000000 11.859112 162.440826 
20600.000000 13.000000 4.664791 151.709976 
20700.000000 0.000000 15.000000 11.762200 
20800.000000 8.000000 13.132380 9.388687 
20900.000000 19.000000 -1.870905 63.679321 
21000.000000 27.000000 -7.889439 301.794647 
21100.000000 25.000000 -6.775006 721.440796 
21200.000000 27.000000 -8.013398 996.015625 
21300.000000 16.000000 2.395212 825.171692 
21400.000000 22.000000 -3.870364 857.416199 
21500.000000 19.000000 14.907155 26.191982 
21600.000000 26.000000 15.000000 36.426537 
21700.000000 27.000000 15.000000 56.614189 
21800.000000 14.000000 15.000000 60.129147 
21900.000000 26.000000 15.000000 53.888439 
22000.000000 26.000000 15.000000 51.175304 
22100.000000 3.000000 13.271719 17.085398 
22200.000000 27.000000 5.792222 0.001287 
22300.000000 3.000000 12.129929 2.044844 
22400.000000 19.000000 -2.230324 20.866928 
22500.000000 18.000000 11.179085 49.043842 
22600.000000 0.000000 15.000000 1.337485 
22700.000000 6.000000 11.286160 18.586258 
22800.000000 6.000000 11.888843 46.830017 
22900.000000 19.000000 -3.500465 111.374290 
23000.000000 25.000000 -7.536870 504.983063 
23100.000000 23.000000 -1.762692 71.660782 
23200.000000 3.000000 12.700772 166.356750 
23300.000000 27.000000 -4.646444 169.387497 
23400.000000 14.000000 6.565970 270.619843 
23500.000000 0.000000 15.000000 3.636258 
23600.000000 6.000000 14.304360 13.658340 
23700.000000 0.000000 15.000000 82.524193 
23800.000000 25.000000 -1.580085 1.606420 
23900.000000 20.000000 -4.053299 376.720337 
24000.000000 0.000000 15.000000 261.227844 
24100.000000 0.000000 15.000000 3.333078 
24200.000000 27.000000 -9.638689 223.133408 
24300.000000 5.000000 10.521501 2.455080 
24400.000000 23.000000 -5.802588 174.855530 
24500.000000 14.000000 2.805528 103.033783 
24600.000000 3.000000 11.756736 13.547002 
24700.000000 0.000000 12.358017 57.018093 
24800.000000 0.000000 15.000000 30.062078 
24900.000000 0.000000 15.000000 77.059227 
25000.000000 11.000000 4.204667 96.471077 
25100.000000 26.000000 -6.747927 234.479782 
25200.000000 5.000000 9.545343 476.412323 
25300.000000 11.000000 4.971496 0.202148 
25400.000000 16.000000 -0.900046 334.260803 
25500.000000 0.000000 15.000000 446.826447 
25600.000000 20.000000 -4.321651 297.295990 
25700.000000 18.000000 4.785439 469.414093 
25800.000000 21.000000 -2.323222 304.242188 
25900.000000 25.000000 -7.106565 468.786743 
26000.000000 19.000000 5.897842 452.050964 
26100.000000 0.000000 15.000000 23.010412 
26200.000000 12.000000 3.504331 2.540097 
26300.000000 20.000000 -1.504995 8.395812 
26400.000000 16.000000 0.870590 279.091309 
26500.000000 12.000000 4.892744 73.030746 
26600.000000 11.000000 5.567612 8.032307 
26700.000000 20.000000 -6.574693 172.040192 
26800.000000 27.000000 -12.224222 320.003632 
26900.000000 0.000000 13.226797 245.374680 
27000.000000 27.000000 -2.548684 233.267517 
27100.000000 27.000000 -2.129115 346.047852 
27200.000000 27.000000 -6.051476 618.946899 
27300.000000 9.000000 13.934738 535.012756 
27400.000000 0.000000 15.000000 7.780521 
27500.000000 27.000000 -11.103001 10.372324 
27600.000000 13.000000 6.020659 0.809897 
27700.000000 0.000000 15.000000 0.808518 
27800.000000 25.000000 -7.498935 87.126007 
27900.000000 27.000000 -7.283733 568.624756 
28000.000000 26.000000 -4.881778 820.199524 
28100.000000 8.000000 6.630014 509.010040 
28200.000000 5.000000 10.060073 19.669601 
28300.000000 11.000000 5.641052 79.021744 
28400.000000 27.000000 -6.197374 440.113159 
28500.000000 12.000000 3.866224 191.059982 
28600.000000 22.000000 -4.996095 423.967194 
28700.000000 2.000000 12.272827 12.931703 
28800.000000 11.000000 9.143064 8.701884 
28900.000000 5.000000 12.161654 30.061979 
29000.000000 12.000000 5.591590 0.603753 
29100.000000 26.000000 -4.451085 161.257568 
29200.000000 27.000000 -11.073344 459.500336 
29300.000000 27.000000 -9.570890 746.490662 
29400.000000 2.000000 12.701512 400.222046 
29500.000000 5.000000 9.725143 82.215233 
29600.000000 9.000000 6.225604 6.804725 
29700.000000 18.000000 -3.557388 0.369437 
29800.000000 11.000000 3.408442 10.969099 
29900.000000 25.000000 -9.926711 231.423599 
30000.000000 22.000000 -8.375401 724.893555 
30100.000000 27.000000 -11.368723 975.632385 
30200.000000 10.000000 3.226963 136.882446 
30300.000000 27.000000 -12.409054 551.686707 
30400.000000 17.000000 -0.790167 409.109650 
30500.000000 26.000000 -9.690254 639.175659 
30600.000000 5.000000 10.075257 276.122742 
30700.000000 5.000000 10.906765 302.211578 
30800.000000 15.000000 2.083424 138.999130 
30900.000000 24.000000 -7.984312 632.205078 
31000.000000 0.000000 15.000000 123.425987 
31100.000000 15.000000 4.534560 54.246838 
31200.000000 13.000000 3.338609 61.446701 
31300.000000 27.000000 -11.914552 214.606537 
31400.000000 7.000000 9.368525 86.425751 
31500.000000 0.000000 15.000000 41.865891 
31600.000000 7.000000 7.926126 11.699470 
31700.000000 27.000000 -4.366024 57.607285 
31800.000000 18.000000 -1.033655 354.243073 
31900.000000 3.000000 10.906789 554.062317 
32000.000000 4.000000 12.618149 0.192242 
32100.000000 9.000000 8.001668 0.186850 
32200.000000 14.000000 7.017089 253.533127 
32300.000000 27.000000 -7.353423 536.048706 
32400.000000 22.000000 -3.877470 662.728943 
32500.000000 19.000000 -4.151276 707.561951 
32600.000000 10.000000 5.627325 522.538269 
32700.000000 18.000000 -0.989363 481.019531 
32800.000000 1.000000 15.000000 341.817596 
32900.000000 23.000000 -8.976763 113.389404 
33000.000000 27.000000 9.561970 146.919571 
33100.000000 24.000000 -7.313047 398.559723 
33200.000000 4.000000 10.634003 150.894440 
33300.000000 0.000000 15.000000 21.665609 
33400.000000 26.000000 -12.234438 220.389099 
33500.000000 0.000000 15.000000 10.093934 
33600.000000 6.000000 8.829083 33.028027 
33700.000000 23.000000 -5.923019 0.117630 
33800.000000 15.000000 1.538036 382.832977 
33900.000000 27.000000 -15.328783 209.802979 
34000.000000 0.000000 11.941391 83.170502 
34100.000000 0.000000 15.000000 12.863242 
34200.000000 0.000000 14.400606 8.685925 
34300.000000 26.000000 -13.540927 261.369598 
34400.000000 17.000000 -3.847166 107.161148 
34500.000000 5.000000 8.975916 431.672028 
34600.000000 17.000000 -3.003503 562.100281 
34700.000000 27.000000 -12.335432 922.042969 
34800.000000 17.000000 -0.203757 714.427734 
34900.000000 9.000000 1.981014 465.591278 
35000.000000 12.000000 4.701659 13.215796 
35100.000000 27.000000 -12.601135 147.424393 
35200.000000 10.000000 11.808084 48.133789 
35300.000000 8.000000 15.000000 23.031887 
35400.000000 5.000000 6.980992 11.414168 
35500.000000 0.000000 9.112947 19.895185 
35600.000000 0.000000 11.804455 78.624969 
35700.000000 5.000000 9.333989 12.902025 
35800.000000 21.000000 -5.829656 4.682629 
35900.000000 0.000000 15.000000 28.998079 
36000.000000 0.000000 15.000000 131.544281 
36100.000000 19.000000 7.202705 65.509712 
36200.000000 0.000000 15.000000 2.282388 
36300.000000 10.000000 2.443796 50.721901 
36400.000000 5.000000 15.000000 55.542980 
36500.000000 3.000000 15.000000 29.458555 
36600.000000 27.000000 -8.938166 252.689789 
36700.000000 18.000000 -0.115750 661.742188 
36800.000000 27.000000 -9.662318 969.306885 
36900.000000 27.000000 -8.695254 1036.886230 
37000.000000 26.000000 -8.631205 1052.339600 
37100.000000 27.000000 -9.218190 1021.147644 
37200.000000 11.000000 4.408898 292.495483 
37300.000000 27.000000 -9.081560 578.111572 
37400.000000 27.000000 -9.371783 837.636902 
37500.000000 16.000000 -0.043898 433.323730 
37600.000000 22.000000 -8.004686 471.127808 
37700.000000 24.000000 -7.077981 866.056458 
37800.000000 0.000000 15.000000 72.265648 
37900.000000 19.000000 -2.369991 29.161226 
38000.000000 27.000000 -8.545587 512.010498 
38100.000000 14.000000 3.610676 136.726074 
38200.000000 21.000000 -6.351220 25.732552 
38300.000000 10.000000 7.337020 454.081848 
38400.000000 27.000000 -8.605333 57.143780 
38500.000000 7.000000 9.743906 9.922032 
38600.000000 5.000000 12.840680 6.148923 
38700.000000 27.000000 -8.925796 169.853271 
38800.000000 3.000000 12.717081 1.013425 
38900.000000 27.000000 -8.960795 0.852445 
39000.000000 15.000000 2.892946 124.780510 
39100.000000 15.000000 0.980701 93.584129 
39200.000000 6.000000 10.329206 3.053896 
39300.000000 18.000000 -0.887265 212.099823 
39400.000000 11.000000 6.496063 39.380589 
39500.000000 10.000000 5.838096 23.783466 
39600.000000 0.000000 13.429597 1.390370 
39700.000000 5.000000 10.863153 32.652103 
39800.000000 1.000000 15.000000 33.148727 
39900.000000 8.000000 7.265777 59.265320 
40000.000000 25.000000 -8.689826 61.492718 
40100.000000 13.000000 3.244846 420.419098 
40200.000000 3.000000 9.504273 0.842137 
40300.000000 7.000000 8.263446 0.354980 
40400.000000 10.000000 9.215381 0.644809 
40500.000000 20.000000 -2.652029 140.579056 
40600.000000 0.000000 15.000000 11.119810 
40700.000000 24.000000 -9.000887 3.202345 
40800.000000 27.000000 -8.553988 111.936317 
40900.000000 17.000000 -3.041830 33.189991 
41000.000000 4.000000 9.481527 223.810303 
41100.000000 25.000000 -9.407640 183.037048 
41200.000000 0.000000 15.000000 41.994015 
41300.000000 0.000000 15.000000 14.031045 
41400.000000 0.000000 15.000000 26.979713 
41500.000000 0.000000 15.000000 91.538025 
41600.000000 19.000000 -0.824960 50.951916 
41700.000000 13.000000 1.955458 220.213013 
41800.000000 15.000000 4.617054 47.152573 
41900.000000 0.000000 15.000000 0.574450 
42000.000000 10.000000 4.883331 2.067617 
42100.000000 27.000000 -8.767436 202.101776 
42200.000000 26.000000 -10.604714 641.044739 
42300.000000 5.000000 9.113808 304.578339 
42400.000000 1.000000 12.276175 0.204273 
42500.000000 1.000000 15.000000 56.910500 
42600.000000 9.000000 10.105017 10.239468 
42700.000000 10.000000 2.406461 21.774342 
42800.000000 8.000000 5.633224 2.708958 
42900.000000 25.000000 -7.505735 3.338494 
43000.000000 10.000000 3.682210 0.255675 
43100.000000 13.000000 2.716536 193.777847 
43200.000000 0.000000 15.000000 13.664427 
43300.000000 24.000000 -9.633454 0.180362 
43400.000000 10.000000 6.120431 207.269302 
43500.000000 27.000000 -9.587755 85.276817 
43600.000000 21.000000 -2.932185 222.090256 
43700.000000 22.000000 -6.898487 699.091858 
43800.000000 1.000000 13.832994 316.804199 
43900.000000 13.000000 -1.630917 82.521042 
44000.000000 8.000000 5.784527 280.974854 
44100.000000 10.000000 6.126253 190.084381 
44200.000000 27.000000 -9.707728 445.344269 
44300.000000 5.000000 14.172766 167.091354 
44400.000000 23.000000 -9.252901 0.918540 
44500.000000 20.000000 -6.214935 0.072162 
44600.000000 0.000000 15.000000 58.732861 
44700.000000 10.000000 4.253344 9.469875 
44800.000000 18.000000 -1.429569 138.667465 
44900.000000 4.000000 9.482623 47.692001 
45000.000000 15.000000 1.674141 72.125381 
45100.000000 0.000000 15.000000 18.896198 
45200.000000 22.000000 -4.665162 60.386585 
45300.000000 8.000000 8.385320 180.052231 
45400.000000 27.000000 -12.382608 292.557526 
45500.000000 27.000000 -11.815065 841.363770 
45600.000000 15.000000 1.776331 226.792236 
45700.000000 27.000000 -10.298208 241.493637 
45800.000000 4.000000 11.967284 211.570847 
45900.000000 27.000000 -9.549009 521.503540 
46000.000000 22.000000 -5.704459 571.144714 
46100.000000 19.000000 -1.363092 729.982117 
46200.000000 7.000000 10.819512 12.779385 
46300.000000 0.000000 15.000000 3.648784 
46400.000000 19.000000 -2.507148 13.923497 
46500.000000 26.000000 -10.075890 368.596375 
46600.000000 24.000000 -8.888343 712.327332 
46700.000000 4.000000 13.603632 452.071625 
46800.000000 1.000000 15.000000 0.844153 
46900.000000 0.000000 15.000000 42.601124 
47000.000000 21.000000 -7.121479 50.671444 
47100.000000 0.000000 15.000000 0.369438 
47200.000000 27.000000 -9.161909 130.277847 
47300.000000 9.000000 8.801407 247.832825 
47400.000000 15.000000 3.237900 15.759007 
47500.000000 8.000000 10.372175 8.170038 
47600.000000 0.000000 15.000000 99.307236 
47700.000000 6.000000 6.214757 151.631714 
47800.000000 27.000000 -10.163759 118.834045 
47900.000000 19.000000 -4.141592 241.227020 
48000.000000 12.000000 1.597072 563.747986 
48100.000000 14.000000 2.689793 106.506531 
48200.000000 24.000000 -8.226181 100.820633 
48300.000000 10.000000 8.122602 61.934555 
48400.000000 0.000000 15.000000 5.009225 
48500.000000 9.000000 9.104307 47.801373 
48600.000000 3.000000 13.556950 79.358803 
48700.000000 27.000000 -9.658596 106.542984 
48800.000000 25.000000 -9.124927 660.576538 
48900.000000 27.000000 -9.606803 1003.097290 
49000.000000 23.000000 -11.298886 1058.257690 
49100.000000 0.000000 11.208170 427.693481 
49200.000000 15.000000 3.212792 13.572374 
49300.000000 0.000000 15.000000 47.577637 
49400.000000 0.000000 15.000000 28.513340 
49500.000000 9.000000 7.151233 57.202995 
49600.000000 20.000000 -7.370268 19.992388 
49700.000000 7.000000 7.868949 321.009735 
49800.000000 9.000000 8.552259 124.176727 
49900.000000 7.000000 8.713862 0.049039 
50000.000000 22.000000 -8.233065 57.512840 
50100.000000 16.000000 -0.867262 422.387146 
50200.000000 10.000000 7.435734 233.580521 
50300.000000 9.000000 7.195642 68.817993 
50400.000000 10.000000 7.738707 320.947388 
50500.000000 1.000000 13.445545 3.972540 
50600.000000 19.000000 -3.590588 51.322289 
50700.000000 27.000000 -10.612639 518.787659 
50800.000000 12.000000 4.779293 292.946381 
50900.000000 27.000000 -9.830128 348.008118 
51000.000000 16.000000 -15.144915 688.446289 
51100.000000 11.000000 7.577085 225.786072 
51200.000000 23.000000 -9.815709 130.133209 
51300.000000 24.000000 -7.081256 691.425720 
51400.000000 5.000000 12.781758 336.668121 
51500.000000 20.000000 -2.370952 18.785368 
51600.000000 27.000000 -10.327553 304.974731 
51700.000000 0.000000 14.225135 93.907806 
51800.000000 0.000000 -14.272197 124.006477 
51900.000000 19.000000 -16.000000 345.356323 
52000.000000 12.000000 6.773242 604.858154 
52100.000000 13.000000 -11.104729 563.253906 
52200.000000 9.000000 -1.514253 433.824615 
52300.000000 0.000000 14.831041 67.441971 
52400.000000 5.000000 7.541818 32.511448 
52500.000000 27.000000 -10.253859 46.193485 
52600.000000 0.000000 15.000000 254.267593 
52700.000000 11.000000 -1.368275 116.819534 
52800.000000 0.000000 15.000000 0.370009 
52900.000000 22.000000 -8.923025 11.377787 
53000.000000 9.000000 11.449659 271.251404 
53100.000000 5.000000 13.031452 1.557717 
53200.000000 1.000000 14.077035 59.914536 
53300.000000 13.000000 3.851157 55.352989 
53400.000000 1.000000 15.000000 12.217498 
53500.000000 0.000000 14.841801 16.258478 
53600.000000 0.000000 15.000000 102.428795 
53700.000000 4.000000 11.666421 12.480606 
53800.000000 13.000000 3.903788 1.465517 
53900.000000 22.000000 -3.303715 244.189896 
54000.000000 0.000000 12.886599 11.325420 
54100.000000 0.000000 13.762123 44.915775 
54200.000000 4.000000 13.087156 2.314294 
54300.000000 0.000000 15.000000 75.959785 
54400.000000 0.000000 15.000000 13.864463 
54500.000000 3.000000 14.538744 64.963669 
54600.000000 24.000000 -6.341063 2.021333 
54700.000000 27.000000 -9.246175 363.569244 
54800.000000 27.000000 -9.064907 242.187134 
54900.000000 27.000000 -9.603827 820.971313 
55000.000000 15.000000 -7.381548 989.498108 
55100.000000 24.000000 -8.595471 1010.720947 
55200.000000 5.000000 13.151539 820.373108 
55300.000000 1.000000 13.477174 4.009108 
55400.000000 22.000000 -3.454170 338.909485 
55500.000000 5.000000 -16.000000 604.015137 
55600.000000 11.000000 -15.203567 468.969360 
55700.000000 27.000000 -11.251595 420.237244 
55800.000000 3.000000 -0.968184 343.841278 
55900.000000 20.000000 -3.142237 162.036697 
56000.000000 4.000000 13.024771 23.109327 
56100.000000 17.000000 0.133977 3.653046 
56200.000000 27.000000 -8.844378 17.383875 
56300.000000 12.000000 2.239272 115.261246 
56400.000000 20.000000 -2.430376 143.809265 
56500.000000 27.000000 -9.071911 600.182617 
56600.000000 10.000000 7.979026 698.600281 
56700.000000 23.000000 -8.172400 690.536377 
56800.000000 3.000000 11.935768 84.240173 
56900.000000 6.000000 11.860247 41.728909 
57000.000000 13.000000 0.474848 7.648218 
57100.000000 18.000000 -0.404555 3.130920 
57200.000000 7.000000 5.893805 6.674799 
57300.000000 0.000000 15.000000 40.520950 
57400.000000 4.000000 14.922859 59.936787 
57500.000000 0.000000 15.000000 90.564507 
57600.000000 0.000000 15.000000 71.238777 
57700.000000 12.000000 4.543091 85.744057 
57800.000000 16.000000 0.261346 38.628994 
57900.000000 23.000000 -8.175349 164.714706 
58000.000000 20.000000 -1.177900 625.431824 
58100.000000 14.000000 1.304388 413.450592 
58200.000000 27.000000 -8.858857 721.741943 
58300.000000 0.000000 15.000000 49.754597 
58400.000000 22.000000 -7.216096 0.056963 
58500.000000 27.000000 -11.697420 504.524048 
58600.000000 16.000000 1.973841 471.936523 
58700.000000 13.000000 -5.637336 431.789246 
58800.000000 15.000000 1.614400 694.631531 
58900.000000 0.000000 15.000000 9.595692 
59000.000000 14.000000 4.324224 81.739792 
59100.000000 27.000000 -9.184054 57.294174 
59200.000000 21.000000 -7.645600 603.778503 
59300.000000 27.000000 -9.891539 745.461304 
59400.000000 1.000000 15.000000 696.583679 
59500.000000 0.000000 14.409448 1.133214 
59600.000000 0.000000 15.000000 59.082283 
59700.000000 12.000000 6.173797 38.808086 
59800.000000 0.000000 15.000000 20.532053 
59900.000000 22.000000 -5.961670 22.614689 
60000.000000 0.000000 15.000000 13.417663 
60100.000000 25.000000 -8.222221 12.819346 
60200.000000 19.000000 -4.087116 447.860779 
60300.000000 15.000000 1.071109 400.415161 
60400.000000 24.000000 -8.880798 409.959290 
60500.000000 27.000000 -9.616151 651.148132 
60600.000000 2.000000 12.701506 344.994019 
60700.000000 27.000000 -10.550941 341.102417 
60800.000000 14.000000 -1.321141 636.075989 
60900.000000 0.000000 14.665977 398.242676 
61000.000000 18.000000 -1.865037 233.531433 
61100.000000 0.000000 11.725464 377.561096 
61200.000000 0.000000 15.000000 0.646753 
61300.000000 8.000000 8.639127 0.217827 
61400.000000 5.000000 9.806275 4.475889 
61500.000000 24.000000 -7.021488 225.144791 
61600.000000 27.000000 -10.636327 707.705444 
61700.000000 17.000000 -0.744165 420.524445 
61800.000000 8.000000 6.644495 105.935234 
61900.000000 2.000000 15.000000 9.373902 
62000.000000 25.000000 -9.916666 117.065025 
62100.000000 23.000000 -7.202394 217.046082 
62200.000000 27.000000 -10.271282 457.454559 
62300.000000 16.000000 -0.242009 462.677399 
62400.000000 27.000000 -9.868114 883.058289 
62500.000000 27.000000 -10.208189 1012.388916 
62600.000000 11.000000 6.448743 657.548950 
62700.000000 3.000000 15.000000 3.089279 
62800.000000 25.000000 -8.264288 184.069717 
62900.000000 3.000000 12.724652 24.142134 
63000.000000 24.000000 -9.120656 274.412384 
63100.000000 27.000000 -10.249767 836.326599 
63200.000000 26.000000 -10.230447 801.922546 
63300.000000 23.000000 -6.224058 574.183838 
63400.000000 10.000000 6.129805 414.315277 
63500.000000 7.000000 7.192544 0.002525 
63600.000000 15.000000 1.796585 52.440289 
63700.000000 27.000000 -10.074637 37.089409 
63800.000000 19.000000 -1.356492 437.835236 
63900.000000 15.000000 1.179648 391.799377 
64000.000000 18.000000 -3.239554 335.355835 
64100.000000 27.000000 -10.399076 650.649475 
64200.000000 23.000000 -5.796171 536.073853 
64300.000000 8.000000 7.603577 728.400757 
64400.000000 10.000000 8.853413 34.651005 
64500.000000 15.000000 1.731394 24.159676 
64600.000000 22.000000 -9.052735 441.992859 
64700.000000 0.000000 15.000000 238.261353 
64800.000000 11.000000 7.074514 4.321067 
64900.000000 12.000000 4.077837 58.206833 
65000.000000 4.000000 12.943285 12.511465 
65100.000000 24.000000 -6.953346 9.307099 
65200.000000 1.000000 12.599300 113.022026 
65300.000000 22.000000 -7.751421 25.958134 
65400.000000 8.000000 9.598475 439.504272 
65500.000000 24.000000 -9.508767 625.633606 
65600.000000 18.000000 -0.508877 698.991821 
65700.000000 12.000000 5.220191 142.988846 
65800.000000 18.000000 -4.255759 4.186320 
65900.000000 26.000000 -6.606537 414.879974 
66000.000000 4.000000 11.194562 227.619431 
66100.000000 27.000000 -10.199606 104.606476 
66200.000000 1.000000 13.230993 85.417641 
66300.000000 17.000000 -1.160867 4.454469 
66400.000000 14.000000 1.656932 200.575256 
66500.000000 3.000000 14.380288 5.228960 
66600.000000 27.000000 -8.647985 126.867706 
66700.000000 15.000000 0.621226 581.388611 
66800.000000 4.000000 10.603546 235.860336 
66900.000000 0.000000 15.000000 5.403820 
67000.000000 8.000000 7.024500 42.773178 
67100.000000 8.000000 8.869050 8.038120 
67200.000000 27.000000 -9.871656 355.557770 
67300.000000 18.000000 -1.340188 466.274567 
67400.000000 24.000000 -8.128746 82.702133 
67500.000000 22.000000 -5.486509 552.917786 
67600.000000 0.000000 15.000000 21.649502 
67700.000000 13.000000 4.208576 9.066176 
67800.000000 17.000000 0.019790 191.378891 
67900.000000 22.000000 -5.031593 367.096527 
68000.000000 27.000000 -9.910451 611.128845 
68100.000000 0.000000 15.000000 53.730625 
68200.000000 17.000000 -0.478522 213.909485 
68300.000000 0.000000 15.000000 2.326264 
68400.000000 17.000000 -0.672570 25.702915 
68500.000000 1.000000 13.326558 53.718651 
68600.000000 26.000000 -9.734551 136.665924 
68700.000000 12.000000 1.970892 466.874084 
68800.000000 0.000000 15.000000 560.529358 
68900.000000 27.000000 -9.345409 557.486633 
69000.000000 15.000000 2.424498 804.318115 
69100.000000 20.000000 -5.134762 152.786713 
69200.000000 16.000000 1.920413 184.383835 
69300.000000 7.000000 7.493590 0.233678 
69400.000000 3.000000 12.335535 5.173634 
69500.000000 4.000000 11.145877 17.830500 
69600.000000 25.000000 -10.494680 85.186768 
69700.000000 13.000000 1.258859 68.610207 
69800.000000 3.000000 13.696962 1.210439 
69900.000000 24.000000 -9.758267 6.325540 
70000.000000 27.000000 -10.819633 410.010284 
70100.000000 4.000000 12.214406 8.257874 
70200.000000 27.000000 -10.592656 2.306749 
70300.000000 11.000000 5.699739 89.467300 
70400.000000 13.000000 5.125218 54.198280 
70500.000000 27.000000 -9.434195 23.281084 
70600.000000 20.000000 -3.201611 465.188354 
70700.000000 24.000000 -7.520296 405.733276 
70800.000000 12.000000 3.196799 143.896423 
70900.000000 16.000000 -0.431256 345.683350 
71000.000000 27.000000 -10.321765 828.160461 
71100.000000 17.000000 0.960326 982.697815 
71200.000000 20.000000 -1.860317 469.238312 
71300.000000 24.000000 -9.866516 624.769043 
71400.000000 2.000000 13.625849 236.485855 
71500.000000 21.000000 -3.582024 425.112549 
71600.000000 3.000000 13.326310 99.065002 
71700.000000 0.000000 15.000000 2.244968 
71800.000000 1.000000 15.000000 24.273323 
71900.000000 27.000000 -10.291644 38.014153 
72000.000000 1.000000 13.480136 2.465712 
72100.000000 9.000000 6.272066 68.995697 
72200.000000 2.000000 15.000000 10.491380 
72300.000000 27.000000 -10.288552 14.770628 
72400.000000 23.000000 -7.224609 365.292450 
72500.000000 25.000000 -11.997652 746.309021 
72600.000000 14.000000 -0.005367 745.643066 
72700.000000 19.000000 -2.306095 282.628998 
72800.000000 27.000000 -10.179952 221.803574 
72900.000000 27.000000 -10.009276 535.716187 
73000.000000 17.000000 -1.886358 514.254883 
73100.000000 16.000000 -2.107348 50.851677 
73200.000000 20.000000 -5.487630 428.025940 
73300.000000 4.000000 13.308990 12.711424 
73400.000000 3.000000 13.476759 12.890837 
73500.000000 5.000000 10.545743 15.409742 
73600.000000 5.000000 7.283631 85.303574 
73700.000000 0.000000 15.000000 8.857904 
73800.000000 17.000000 -0.750152 58.077457 
73900.000000 17.000000 -1.018514 204.023239 
74000.000000 14.000000 2.403829 540.243164 
74100.000000 27.000000 -9.391340 889.685852 
74200.000000 22.000000 -4.956544 310.330139 
74300.000000 27.000000 -8.982573 602.820374 
74400.000000 27.000000 -9.431698 758.457642 
74500.000000 0.000000 13.447551 62.043755 
74600.000000 8.000000 7.455007 158.076340 
74700.000000 24.000000 -7.407511 53.446091 
74800.000000 7.000000 11.139646 177.128433 
74900.000000 18.000000 -1.299635 0.681728 
75000.000000 26.000000 -8.069882 449.394501 
75100.000000 25.000000 -8.335840 688.933411 
75200.000000 0.000000 15.000000 206.148895 
75300.000000 6.000000 9.817184 6.702490 
75400.000000 15.000000 0.697375 89.903122 
75500.000000 1.000000 15.000000 2.994697 
75600.000000 24.000000 -6.928696 106.639671 
75700.000000 11.000000 6.990220 23.873915 
75800.000000 14.000000 -0.866112 9.352655 
75900.000000 2.000000 12.820596 15.510751 
76000.000000 0.000000 15.000000 29.940233 
76100.000000 0.000000 15.000000 93.199738 
76200.000000 9.000000 7.394994 90.112724 
76300.000000 0.000000 15.000000 82.030067 
76400.000000 25.000000 -7.752163 103.646736 
76500.000000 18.000000 -16.000000 376.969666 
76600.000000 22.000000 -4.119401 451.796143 
76700.000000 27.000000 -8.779089 664.106689 
76800.000000 10.000000 7.790542 710.397522 
76900.000000 25.000000 -7.399295 381.876251 
77000.000000 6.000000 11.985579 182.258987 
77100.000000 0.000000 15.000000 91.275139 
77200.000000 0.000000 13.291509 10.555633 
77300.000000 22.000000 -4.381208 11.359194 
77400.000000 12.000000 5.359153 11.331675 
77500.000000 0.000000 15.000000 24.318689 
77600.000000 19.000000 -4.989974 20.289179 
77700.000000 25.000000 -9.113092 392.341003 
77800.000000 6.000000 11.616291 373.707001 
77900.000000 8.000000 8.270920 0.757294 
78000.000000 3.000000 13.854109 4.468988 
78100.000000 16.000000 -0.694681 106.484680 
78200.000000 21.000000 -4.414474 546.329163 
78300.000000 27.000000 -9.634922 305.815643 
78400.000000 1.000000 12.885721 0.177927 
78500.000000 15.000000 1.013831 42.477825 
78600.000000 1.000000 15.000000 12.860384 
78700.000000 0.000000 14.634575 87.264664 
78800.000000 0.000000 15.000000 117.498985 
78900.000000 0.000000 14.822672 7.534003 
79000.000000 10.000000 9.233805 0.541858 
79100.000000 10.000000 7.128957 0.495723 
79200.000000 0.000000 14.404014 1.740281 
79300.000000 27.000000 -9.995087 142.698441 
79400.000000 27.000000 -11.255859 676.386292 
79500.000000 22.000000 -7.820373 332.046234 
79600.000000 27.000000 -10.050318 680.803772 
79700.000000 8.000000 5.928334 252.758865 
79800.000000 14.000000 -0.469515 50.351452 
79900.000000 26.000000 -11.089121 398.494843 
80000.000000 27.000000 -10.495234 948.201782 
80100.000000 4.000000 11.751763 327.603027 
80200.000000 3.000000 11.418319 18.953741 
80300.000000 25.000000 -9.797718 496.364685 
80400.000000 17.000000 -4.335834 528.196472 
80500.000000 27.000000 -11.012454 761.782227 
80600.000000 0.000000 15.000000 278.021759 
80700.000000 13.000000 4.236352 16.806007 
80800.000000 22.000000 -6.821763 232.522949 
80900.000000 27.000000 -11.195248 683.951172 
81000.000000 18.000000 -2.309240 459.435577 
81100.000000 27.000000 -9.601811 807.963745 
81200.000000 0.000000 14.992852 597.263184 
81300.000000 4.000000 13.367681 25.755424 
81400.000000 1.000000 12.959953 48.319561 
81500.000000 0.000000 15.000000 35.692738 
81600.000000 10.000000 5.006426 38.743710 
81700.000000 27.000000 -9.638705 348.835388 
81800.000000 9.000000 7.798564 397.498444 
81900.000000 21.000000 -5.293465 188.827957 
82000.000000 9.000000 8.165295 29.742184 
82100.000000 0.000000 15.000000 18.723995 
82200.000000 27.000000 -10.332758 312.003876 
82300.000000 22.000000 -4.567538 822.140930 
82400.000000 15.000000 -0.774662 668.955688 
82500.000000 27.000000 -11.716553 858.686890 
82600.000000 24.000000 -7.388133 1110.552612 
82700.000000 7.000000 8.665924 174.923035 
82800.000000 27.000000 -10.150621 318.688080 
82900.000000 16.000000 -2.463006 157.523453 
83000.000000 6.000000 8.544482 543.225647 
83100.000000 0.000000 15.000000 12.551876 
83200.000000 21.000000 -4.812021 5.973481 
83300.000000 27.000000 -9.870061 519.075745 
83400.000000 15.000000 -0.066589 370.965179 
83500.000000 20.000000 -4.780917 262.586060 
83600.000000 14.000000 0.273149 117.992271 
83700.000000 12.000000 4.383969 448.287628 
83800.000000 18.000000 -2.212922 807.048096 
83900.000000 27.000000 -10.051574 748.980286 
84000.000000 27.000000 -9.795630 984.642700 
84100.000000 12.000000 2.214663 753.434265 
84200.000000 0.000000 15.000000 82.447105 
84300.000000 4.000000 12.363039 14.348457 
84400.000000 4.000000 9.771224 10.184077 
84500.000000 14.000000 0.365349 94.158226 
84600.000000 14.000000 2.422374 271.919281 
84700.000000 23.000000 -8.831163 689.891174 
84800.000000 15.000000 0.586019 670.020203 
84900.000000 5.000000 12.819077 150.518097 
85000.000000 27.000000 -9.948928 247.116669 
85100.000000 26.000000 -9.208073 652.740845 
85200.000000 23.000000 -8.315185 724.047913 
85300.000000 27.000000 -11.665795 1002.819153 
85400.000000 14.000000 2.748744 756.896973 
85500.000000 27.000000 -10.275951 462.548492 
85600.000000 4.000000 12.492342 508.226379 
85700.000000 0.000000 15.000000 1.117141 
85800.000000 25.000000 -8.812806 110.654816 
85900.000000 27.000000 -10.156044 592.637085 
86000.000000 9.000000 7.201195 603.992554 
86100.000000 20.000000 -6.114033 451.974304 
86200.000000 2.000000 13.726757 275.200714 
86300.000000 0.000000 13.057924 9.494536 
86400.000000 12.000000 5.231903 32.712135 
86500.000000 5.000000 11.199277 0.043376 
86600.000000 18.000000 -1.798805 0.240220 
86700.000000 4.000000 11.688652 47.378971 
86800.000000 0.000000 15.000000 56.300674 
86900.000000 1.000000 11.799802 0.571270 
87000.000000 17.000000 -0.379353 0.004641 
87100.000000 17.000000 -1.021312 6.503234 
87200.000000 0.000000 15.000000 0.292078 
87300.000000 0.000000 15.000000 86.524490 
87400.000000 17.000000 -1.376550 24.891262 
87500.000000 22.000000 -2.801793 206.878326 
87600.000000 15.000000 0.841012 81.913330 
87700.000000 2.000000 13.862741 172.151764 
87800.000000 9.000000 7.865493 0.007372 
87900.000000 6.000000 10.996911 0.025701 
88000.000000 8.000000 7.739602 4.045243 
88100.000000 4.000000 12.953681 32.429665 
88200.000000 15.000000 2.082905 13.319839 
88300.000000 19.000000 -3.141381 363.488068 
88400.000000 26.000000 -9.798149 153.293137 
88500.000000 27.000000 -9.571165 644.270020 
88600.000000 22.000000 -5.285326 1034.644897 
88700.000000 18.000000 -2.936859 362.358368 
88800.000000 7.000000 9.153193 424.211823 
88900.000000 0.000000 15.000000 118.695900 
89000.000000 0.000000 15.000000 8.540430 
89100.000000 20.000000 -3.140265 33.812508 
89200.000000 24.000000 -6.874572 464.574554 
89300.000000 0.000000 15.000000 296.217407 
89400.000000 5.000000 13.570199 79.823517 
89500.000000 13.000000 3.633531 9.171061 
89600.000000 27.000000 -9.780603 507.763733 
89700.000000 4.000000 11.880644 103.893105 
89800.000000 17.000000 0.588163 218.685486 
89900.000000 17.000000 -0.910115 48.281952 
90000.000000 26.000000 -9.995909 270.330200 
90100.000000 19.000000 -5.401212 534.768738 
90200.000000 16.000000 -2.128767 808.277588 
90300.000000 2.000000 14.033050 5.739962 
90400.000000 6.000000 11.374275 11.134902 
90500.000000 14.000000 1.959539 4.633051 
90600.000000 18.000000 -3.892170 18.845520 
90700.000000 9.000000 6.219678 8.194940 
90800.000000 9.000000 6.823236 38.632763 
90900.000000 13.000000 3.195148 6.772068 
91000.000000 5.000000 11.067657 32.137802 
91100.000000 0.000000 15.000000 9.716530 
91200.000000 14.000000 3.133540 0.122635 
91300.000000 4.000000 12.914863 10.251722 
91400.000000 0.000000 15.000000 64.170876 
91500.000000 0.000000 15.000000 13.900316 
91600.000000 0.000000 15.000000 7.503781 
91700.000000 3.000000 13.754571 9.574574 
91800.000000 14.000000 4.225805 21.059502 
91900.000000 10.000000 7.359223 0.719008 
92000.000000 5.000000 11.390354 29.691725 
92100.000000 5.000000 11.190535 21.194208 
92200.000000 13.000000 2.958704 9.798304 
92300.000000 0.000000 15.000000 2.744980 
92400.000000 27.000000 -10.025535 75.834099 
92500.000000 0.000000 14.979545 139.246323 
92600.000000 0.000000 15.000000 18.085176 
92700.000000 3.000000 14.656582 55.438953 
92800.000000 13.000000 3.400486 66.046326 
92900.000000 24.000000 -6.202727 190.955933 
93000.000000 26.000000 -11.228354 307.572754 
93100.000000 26.000000 -8.900997 783.385071 
93200.000000 5.000000 12.553039 178.601318 
93300.000000 3.000000 11.142544 0.151997 
93400.000000 21.000000 -7.016325 0.216243 
93500.000000 2.000000 14.114552 109.313820 
93600.000000 5.000000 13.099773 3.445000 
93700.000000 5.000000 8.876167 59.033020 
93800.000000 11.000000 2.642828 112.077011 
93900.000000 24.000000 -8.306903 250.145279 
94000.000000 7.000000 11.678891 19.015606 
94100.000000 5.000000 12.629940 12.429993 
94200.000000 19.000000 -2.159345 53.788063 
94300.000000 23.000000 -10.064651 569.657104 
94400.000000 26.000000 -7.171461 858.682312 
94500.000000 10.000000 8.750491 569.508972 
94600.000000 0.000000 15.000000 21.460686 
94700.000000 27.000000 -10.269720 109.375015 
94800.000000 23.000000 -10.844072 202.568893 
94900.000000 16.000000 0.243051 447.435455 
95000.000000 13.000000 4.135484 134.645737 
95100.000000 7.000000 9.045330 0.621594 
95200.000000 16.000000 0.347124 39.132030 
95300.000000 0.000000 15.000000 92.129684 
95400.000000 0.000000 15.000000 73.766609 
95500.000000 25.000000 -9.229258 43.893356 
95600.000000 22.000000 -4.472230 308.698120 
95700.000000 14.000000 3.597752 638.043823 
95800.000000 3.000000 12.998419 375.855957 
95900.000000 0.000000 14.853716 304.825714 
96000.000000 0.000000 15.000000 3.832878 
96100.000000 12.000000 4.941212 1.761692 
96200.000000 21.000000 -7.183364 385.286163 
96300.000000 4.000000 12.545576 171.592377 
96400.000000 11.000000 4.919507 146.324738 
96500.000000 17.000000 -3.294838 302.557434 
96600.000000 0.000000 15.000000 23.892963 
96700.000000 8.000000 9.010942 3.418888 
96800.000000 7.000000 8.054181 0.002758 
96900.000000 14.000000 1.858774 197.488480 
97000.000000 24.000000 -7.985655 518.872192 
97100.000000 27.000000 -10.287555 992.410156 
97200.000000 13.000000 4.095461 486.192200 
97300.000000 27.000000 -9.929218 382.861206 
97400.000000 7.000000 7.906472 45.813667 
97500.000000 17.000000 -2.638505 66.286682 
97600.000000 27.000000 -9.719440 391.328552 
97700.000000 27.000000 -9.473048 709.024719 
97800.000000 27.000000 -10.700509 742.974121 
97900.000000 24.000000 -9.769786 851.787476 
98000.000000 19.000000 -4.281039 393.360138 
98100.000000 20.000000 -2.864179 485.190002 
98200.000000 5.000000 12.146440 491.221832 
98300.000000 27.000000 -9.600371 659.560486 
98400.000000 0.000000 12.828444 283.761078 
98500.000000 9.000000 8.115335 133.374191 
98600.000000 27.000000 -11.718493 20.353365 
98700.000000 2.000000 13.360328 7.641727 
98800.000000 0.000000 15.000000 42.226490 
98900.000000 0.000000 15.000000 75.886063 
99000.000000 8.000000 10.335329 29.561434 
99100.000000 2.000000 12.417645 2.724497 
99200.000000 0.000000 15.000000 39.862083 
99300.000000 27.000000 -9.867998 164.032730 
99400.000000 16.000000 -0.357764 477.288086 
99500.000000 20.000000 13.631655 230.244446 
99600.000000 0.000000 15.000000 67.150970 
99700.000000 24.000000 -10.828572 30.352373 
99800.000000 27.000000 -9.326258 624.960144 
99900.000000 0.000000 14.767892 82.931442 
100000.000000 2.000000 14.112563 5.520042 
100100.000000 0.000000 15.000000 105.764412 
100200.000000 4.000000 12.998384 100.165756 
100300.000000 0.000000 14.909735 158.512329 
100400.000000 22.000000 -6.836093 6.613629 
100500.000000 5.000000 9.526798 16.417027 
100600.000000 9.000000 8.001478 12.731290 
100700.000000 20.000000 7.765091 12.093613 
100800.000000 17.000000 -0.744460 105.994743 
100900.000000 23.000000 -7.105658 164.155472 
101000.000000 25.000000 -9.858503 731.690002 
101100.000000 9.000000 7.783494 748.350342 
101200.000000 4.000000 14.199490 18.763140 
101300.000000 4.000000 12.170074 49.760071 
101400.000000 9.000000 7.976594 165.201950 
101500.000000 6.000000 8.004714 41.437077 
101600.000000 21.000000 -6.858981 296.983704 
101700.000000 11.000000 7.042482 148.954300 
101800.000000 13.000000 1.675981 15.712060 
101900.000000 4.000000 10.619853 152.489319 
102000.000000 27.000000 2.149844 89.562546 
102100.000000 21.000000 -3.356704 582.806213 
102200.000000 16.000000 -0.139187 70.495346 
102300.000000 2.000000 14.765307 7.420141 
102400.000000 11.000000 6.261950 212.382080 
102500.000000 12.000000 5.614801 527.795959 
102600.000000 27.000000 -9.759692 822.057068 
102700.000000 0.000000 15.000000 415.955658 
102800.000000 15.000000 1.498788 20.543083 
102900.000000 3.000000 12.774163 0.880047 
103000.000000 5.000000 10.912443 41.491093 
103100.000000 23.000000 -6.494946 14.121192 
103200.000000 3.000000 15.000000 21.881546 
103300.000000 0.000000 15.000000 125.677635 
103400.000000 26.000000 -9.367990 12.093630 
103500.000000 11.000000 1.174318 0.778149 
103600.000000 14.000000 2.120358 141.593536 
103700.000000 2.000000 15.000000 21.810202 
103800.000000 2.000000 15.000000 0.037407 
103900.000000 6.000000 10.042397 63.201305 
104000.000000 7.000000 7.687939 72.803558 
104100.000000 0.000000 15.000000 2.849650 
104200.000000 27.000000 -10.217169 24.391066 
104300.000000 0.000000 15.000000 1.334393 
104400.000000 21.000000 -4.708795 231.719299 
104500.000000 23.000000 -6.341007 688.426208 
104600.000000 19.000000 -4.663404 477.919586 
104700.000000 5.000000 11.202448 89.712730 
104800.000000 23.000000 -6.114894 0.481189 
104900.000000 17.000000 -0.649621 28.703159 
105000.000000 3.000000 11.939824 110.729012 
105100.000000 18.000000 -5.245485 415.265930 
105200.000000 27.000000 -11.671605 344.784119 
105300.000000 3.000000 13.477512 260.475952 
105400.000000 1.000000 14.712983 62.498142 
105500.000000 4.000000 -15.564889 177.125778 
105600.000000 13.000000 4.333779 400.631500 
105700.000000 8.000000 8.969667 0.617253 
105800.000000 10.000000 6.335970 1.308077 
105900.000000 5.000000 10.960309 198.632629 
106000.000000 13.000000 4.616467 115.367340 
106100.000000 15.000000 1.061805 16.733503 
106200.000000 26.000000 -8.826157 229.086273 
106300.000000 6.000000 9.263433 87.362778 
106400.000000 8.000000 8.888203 5.598113 
106500.000000 26.000000 -10.194853 0.480066 
106600.000000 27.000000 -10.228642 476.223175 
106700.000000 26.000000 -11.552891 787.096191 
106800.000000 11.000000 6.031662 171.071472 
106900.000000 9.000000 7.270275 125.664917 
107000.000000 26.000000 -9.442721 471.132843 
107100.000000 18.000000 -5.646733 574.914429 
107200.000000 0.000000 15.000000 48.913467 
107300.000000 8.000000 7.487271 16.073288 
107400.000000 13.000000 2.721222 147.766602 
107500.000000 24.000000 -10.302918 200.449768 
107600.000000 1.000000 13.674519 162.216553 
107700.000000 21.000000 -3.005969 16.297413 
107800.000000 12.000000 2.774081 2.962950 
107900.000000 4.000000 9.864806 11.620674 
108000.000000 5.000000 12.047732 6.057449 
108100.000000 20.000000 -1.768200 11.925403 
108200.000000 8.000000 6.998132 42.403309 
108300.000000 27.000000 -9.310267 268.996033 
108400.000000 0.000000 12.817204 3.890771 
108500.000000 22.000000 -3.588580 44.686520 
108600.000000 20.000000 -1.077273 0.496105 
108700.000000 27.000000 -9.874856 79.217529 
108800.000000 18.000000 -0.508514 130.773041 
108900.000000 0.000000 13.894518 6.241701 
109000.000000 16.000000 0.850740 0.383753 
109100.000000 16.000000 2.096303 1.428683 
109200.000000 1.000000 14.084001 32.344933 
109300.000000 0.000000 15.000000 120.047066 
109400.000000 27.000000 -11.085105 175.660294 
109500.000000 14.000000 1.872348 445.107880 
109600.000000 18.000000 -0.668926 337.156525 
109700.000000 0.000000 14.596210 17.487207 
109800.000000 0.000000 15.000000 0.355888 
109900.000000 27.000000 -9.873042 0.647106 
110000.000000 25.000000 -7.756682 232.580765 
110100.000000 27.000000 -10.779160 686.346375 
110200.000000 21.000000 -4.990355 984.165649 
110300.000000 7.000000 12.540160 20.115162 
110400.000000 21.000000 -1.977318 0.779891 
110500.000000 5.000000 9.777893 87.867096 
110600.000000 11.000000 5.097943 43.134850 
110700.000000 27.000000 -9.591028 287.357758 
110800.000000 27.000000 -9.712475 640.762512 
110900.000000 27.000000 -10.226221 976.308228 
111000.000000 4.000000 12.219965 731.316162 
111100.000000 15.000000 -0.737082 162.290878 
111200.000000 21.000000 -4.263018 404.041748 
111300.000000 24.000000 -10.261124 387.714447 
111400.000000 11.000000 4.749323 604.341431 
111500.000000 0.000000 15.000000 0.002476 
111600.000000 18.000000 -0.643390 110.855331 
111700.000000 2.000000 12.457703 0.111059 
111800.000000 13.000000 3.145588 12.896268 
111900.000000 2.000000 15.000000 0.018522 
112000.000000 0.000000 15.000000 4.271279 
112100.000000 2.000000 15.000000 18.795393 
112200.000000 2.000000 13.031810 116.608078 
112300.000000 0.000000 15.000000 0.473297 
112400.000000 0.000000 14.289795 46.848938 
112500.000000 20.000000 -5.233175 22.679838 
112600.000000 11.000000 5.243927 308.056183 
112700.000000 27.000000 -9.993065 445.809235 
112800.000000 6.000000 10.909048 274.797546 
112900.000000 0.000000 15.000000 10.136264 
113000.000000 17.000000 -0.207475 127.917427 
113100.000000 9.000000 3.981245 66.097755 
113200.000000 23.000000 -6.000777 415.335022 
113300.000000 18.000000 -3.357848 538.261536 
113400.000000 18.000000 -2.789782 21.839531 
113500.000000 3.000000 12.636343 83.743103 
113600.000000 1.000000 14.106458 0.002693 
113700.000000 17.000000 -0.866738 32.583961 
113800.000000 27.000000 -9.888198 381.680145 
113900.000000 10.000000 6.246184 449.113373 
114000.000000 21.000000 -5.491346 289.866119 
114100.000000 13.000000 1.766272 66.979340 
114200.000000 0.000000 15.000000 36.941093 
114300.000000 22.000000 -6.413479 148.555374 
114400.000000 22.000000 -4.032628 608.928528 
114500.000000 2.000000 14.522040 150.256302 
114600.000000 8.000000 7.467381 0.130144 
114700.000000 27.000000 -10.189097 144.804398 
114800.000000 27.000000 -10.297548 741.999939 
114900.000000 0.000000 15.000000 220.984528 
115000.000000 6.000000 9.686995 5.012274 
115100.000000 0.000000 15.000000 22.322731 
115200.000000 2.000000 14.849514 0.012649 
115300.000000 12.000000 5.092669 95.121178 
115400.000000 14.000000 2.281766 386.325562 
115500.000000 1.000000 14.665817 6.951777 
115600.000000 13.000000 3.794133 156.364273 
115700.000000 0.000000 15.000000 15.672938 
115800.000000 0.000000 15.000000 67.998436 
115900.000000 2.000000 14.146155 120.008240 
116000.000000 27.000000 -10.732552 227.085526 
116100.000000 12.000000 4.982436 649.893799 
116200.000000 1.000000 15.000000 50.546577 
116300.000000 5.000000 11.687839 3.289943 
116400.000000 0.000000 15.000000 50.403316 
116500.000000 15.000000 1.780266 29.547192 
116600.000000 21.000000 -2.857352 8.752580 
116700.000000 0.000000 15.000000 116.882195 
116800.000000 7.000000 9.201841 18.551130 
116900.000000 0.000000 15.000000 1.101308 
117000.000000 1.000000 15.000000 13.392788 
117100.000000 1.000000 15.000000 1.999970 
117200.000000 11.000000 8.079135 78.012207 
117300.000000 16.000000 0.044268 120.174057 
117400.000000 0.000000 15.000000 1.651855 
117500.000000 9.000000 5.943344 9.204312 
117600.000000 9.000000 9.139920 22.178993 
117700.000000 2.000000 13.248331 8.594676 
117800.000000 1.000000 14.665317 34.736538 
117900.000000 15.000000 1.163106 0.589518 
118000.000000 27.000000 -9.290206 451.091980 
118100.000000 23.000000 -6.979847 792.232605 
118200.000000 19.000000 -2.015839 821.217407 
118300.000000 21.000000 -6.018242 1035.346436 
118400.000000 11.000000 6.566221 566.683105 
118500.000000 10.000000 6.492295 243.464188 
118600.000000 14.000000 0.841419 63.960548 
118700.000000 10.000000 4.886350 10.303912 
118800.000000 27.000000 -9.638217 67.067719 
118900.000000 24.000000 -4.489856 640.748718 
119000.000000 6.000000 10.722180 151.973923 
119100.000000 2.000000 15.000000 11.748660 
119200.000000 22.000000 -4.297374 23.224970 
119300.000000 0.000000 14.803496 11.912075 
119400.000000 9.000000 7.480531 52.276176 
119500.000000 27.000000 -9.236757 192.069717 
119600.000000 26.000000 -9.111644 742.429871 
119700.000000 0.000000 15.000000 192.986191 
119800.000000 13.000000 3.819370 58.701855 
119900.000000 8.000000 8.629798 154.392151 
120000.000000 11.000000 7.728987 52.618576 
120100.000000 0.000000 14.970675 16.843037 
120200.000000 22.000000 -5.011399 7.168091 
120300.000000 27.000000 -11.321720 389.115906 
120400.000000 0.000000 15.000000 113.872452 
120500.000000 5.000000 13.997527 13.157143 
120600.000000 6.000000 10.750886 30.823561 
120700.000000 14.000000 2.747192 6.453847 
120800.000000 5.000000 12.308319 5.613987 
120900.000000 27.000000 -10.137789 100.987381 
121000.000000 0.000000 14.454652 59.074718 
121100.000000 26.000000 -8.617285 129.170547 
121200.000000 15.000000 2.647650 334.135010 
121300.000000 24.000000 -5.308013 162.084579 
121400.000000 18.000000 7.009649 122.011223 
121500.000000 0.000000 15.000000 6.372061 
121600.000000 0.000000 15.000000 64.975632 
121700.000000 0.000000 15.000000 149.824219 
121800.000000 7.000000 9.262979 7.367062 
121900.000000 11.000000 6.271918 34.367252 
122000.000000 13.000000 5.106023 34.440861 
122100.000000 23.000000 -8.017378 358.376770 
122200.000000 17.000000 1.162012 679.746033 
122300.000000 3.000000 13.478399 44.649776 
122400.000000 24.000000 -8.481622 289.475098 
122500.000000 27.000000 -10.538472 788.918213 
122600.000000 27.000000 -11.819252 1018.371033 
122700.000000 21.000000 -4.164960 871.719604 
122800.000000 14.000000 4.140711 321.135345 
122900.000000 16.000000 0.233331 65.523392 
123000.000000 2.000000 13.847014 10.845433 
123100.000000 24.000000 -7.642743 253.173462 
123200.000000 17.000000 -2.811686 39.321846 
123300.000000 0.000000 14.573380 10.679739 
123400.000000 18.000000 -2.289580 0.486129 
123500.000000 0.000000 14.445902 8.776581 
123600.000000 19.000000 -0.901872 158.211166 
123700.000000 1.000000 13.958306 5.684352 
123800.000000 4.000000 11.973827 12.423245 
123900.000000 0.000000 14.862536 82.727631 
124000.000000 7.000000 8.411308 125.064148 
124100.000000 20.000000 -2.733603 83.627525 
124200.000000 0.000000 15.000000 3.657219 
124300.000000 26.000000 -7.712750 96.063461 
124400.000000 27.000000 -8.868236 537.733765 
124500.000000 12.000000 6.236728 572.519775 
124600.000000 25.000000 -8.901025 102.406906 
124700.000000 27.000000 -8.980903 495.382874 
124800.000000 23.000000 -6.953787 781.844543 
124900.000000 27.000000 -9.013995 1138.139282 
125000.000000 25.000000 -10.787583 261.884644 
125100.000000 11.000000 1.686981 160.611801 
125200.000000 13.000000 11.094140 2.441193 
125300.000000 21.000000 -1.562970 125.514839 
125400.000000 24.000000 8.624392 286.390137 
125500.000000 2.000000 15.000000 181.072189 
125600.000000 20.000000 13.139271 14.311576 
125700.000000 6.000000 7.791326 79.933350 
125800.000000 6.000000 13.033148 5.743138 
125900.000000 22.000000 8.972942 1.299821 
126000.000000 6.000000 10.720883 1.435775 
126100.000000 0.000000 14.509604 53.818520 
126200.000000 3.000000 13.011127 65.960915 
126300.000000 25.000000 -7.806808 118.134567 
126400.000000 0.000000 15.000000 15.142526 
126500.000000 13.000000 2.838778 9.517800 
126600.000000 26.000000 1.359834 159.557755 
126700.000000 19.000000 -1.348363 615.914062 
126800.000000 23.000000 -5.082861 469.744415 
126900.000000 21.000000 -3.519833 805.300598 
127000.000000 0.000000 15.000000 42.166386 
127100.000000 4.000000 12.427866 25.016163 
127200.000000 2.000000 13.991252 57.217617 
127300.000000 23.000000 -9.714376 3.821869 
127400.000000 23.000000 -4.961578 502.225800 
127500.000000 22.000000 14.054164 195.958832 
127600.000000 27.000000 6.577515 284.015076 
127700.000000 27.000000 12.263168 244.280365 
127800.000000 6.000000 8.974182 38.729694 
127900.000000 27.000000 -9.357965 34.436569 
128000.000000 11.000000 7.009445 39.608467 
128100.000000 26.000000 -8.552743 271.281921 
128200.000000 20.000000 4.915727 583.013672 
128300.000000 27.000000 -11.408693 894.486328 
128400.000000 22.000000 -7.631248 1207.684692 
128500.000000 11.000000 7.176371 808.252991 
128600.000000 19.000000 -3.128057 49.993366 
128700.000000 4.000000 12.486003 6.088237 
128800.000000 6.000000 10.659869 25.651695 
128900.000000 27.000000 -9.590745 240.960526 
129000.000000 8.000000 9.689566 27.251570 
129100.000000 15.000000 0.368861 52.139153 
129200.000000 21.000000 -3.273394 104.733879 
129300.000000 27.000000 -9.595568 302.533356 
129400.000000 0.000000 15.000000 181.353775 
129500.000000 0.000000 15.000000 14.924474 
129600.000000 24.000000 -8.306481 1.378370 
129700.000000 5.000000 12.876677 27.591356 
129800.000000 0.000000 15.000000 10.803917 
129900.000000 5.000000 10.212824 0.001761 
130000.000000 0.000000 15.000000 87.840157 
130100.000000 0.000000 15.000000 118.535637 
130200.000000 27.000000 -9.445496 0.245891 
130300.000000 0.000000 15.000000 140.253693 
130400.000000 15.000000 0.516510 108.509254 
130500.000000 11.000000 8.287682 3.203970 
130600.000000 5.000000 9.817477 3.795933 
130700.000000 11.000000 7.183305 5.456234 
130800.000000 2.000000 14.640216 28.058289 
130900.000000 8.000000 6.012127 61.169617 
131000.000000 16.000000 -0.253204 43.634636 
131100.000000 23.000000 -8.288058 25.379288 
131200.000000 8.000000 10.132588 379.191315 
131300.000000 27.000000 -10.332691 619.648071 
131400.000000 27.000000 -11.372597 546.915771 
131500.000000 25.000000 -6.259962 906.474548 
131600.000000 24.000000 -8.371924 818.946045 
131700.000000 10.000000 5.341486 131.541153 
131800.000000 20.000000 -3.592256 3.463399 
131900.000000 27.000000 -9.584896 421.818451 
132000.000000 25.000000 -7.308217 519.088928 
132100.000000 8.000000 9.073171 395.147491 
132200.000000 27.000000 -9.083976 679.659424 
132300.000000 5.000000 10.735127 156.768066 
132400.000000 27.000000 -9.279201 443.372955 
132500.000000 27.000000 -9.210968 808.667542 
132600.000000 0.000000 14.891110 88.186188 
132700.000000 17.000000 -0.951048 307.660400 
132800.000000 27.000000 -8.667233 143.371567 
132900.000000 17.000000 -1.543038 120.847038 
133000.000000 27.000000 -8.943552 560.759583 
133100.000000 3.000000 14.571994 344.516571 
133200.000000 0.000000 15.000000 3.726621 
133300.000000 3.000000 12.276563 60.919636 
133400.000000 18.000000 0.587623 0.760298 
133500.000000 17.000000 0.946938 44.955994 
133600.000000 9.000000 9.015022 3.868896 
133700.000000 24.000000 -9.246454 38.168896 
133800.000000 21.000000 -6.069019 622.320068 
133900.000000 27.000000 -10.162038 520.623291 
134000.000000 1.000000 13.388783 27.533388 
134100.000000 15.000000 1.348426 261.631653 
134200.000000 9.000000 6.074403 391.749908 
134300.000000 22.000000 -6.011186 458.239044 
134400.000000 1.000000 14.491452 349.753021 
134500.000000 0.000000 15.000000 14.256649 
134600.000000 17.000000 -1.395435 0.005564 
134700.000000 27.000000 -8.971656 453.195526 
134800.000000 0.000000 15.000000 232.816498 
134900.000000 0.000000 14.743541 25.359968 
135000.000000 2.000000 14.329709 23.715130 
135100.000000 14.000000 2.786484 180.564529 
135200.000000 19.000000 -2.998585 529.991028 
135300.000000 9.000000 8.616256 21.831158 
135400.000000 3.000000 13.954720 3.188700 
135500.000000 26.000000 -9.593966 96.105904 
135600.000000 15.000000 5.314327 452.212372 
135700.000000 19.000000 -3.393094 81.878166 
135800.000000 12.000000 6.322173 0.369697 
135900.000000 27.000000 -8.819017 110.596901 
136000.000000 15.000000 0.543207 338.879425 
136100.000000 24.000000 -6.794194 128.089981 
136200.000000 25.000000 -6.455388 632.984985 
136300.000000 27.000000 -10.032975 571.553040 
136400.000000 27.000000 -9.583443 850.932739 
136500.000000 7.000000 9.058564 54.028988 
136600.000000 12.000000 6.468921 53.549484 
136700.000000 20.000000 -6.816627 69.574883 
136800.000000 19.000000 -1.608488 508.275726 
136900.000000 9.000000 7.607747 49.865788 
137000.000000 2.000000 12.831569 0.239210 
137100.000000 16.000000 1.509801 16.084757 
137200.000000 13.000000 1.950420 1.641044 
137300.000000 0.000000 15.000000 3.762647 
137400.000000 1.000000 12.715819 0.119338 
137500.000000 26.000000 -10.146069 160.395889 
137600.000000 3.000000 12.717628 217.835678 
137700.000000 0.000000 15.000000 0.276508 
137800.000000 3.000000 13.420338 2.943906 
137900.000000 18.000000 -3.358456 3.852846 
138000.000000 27.000000 -9.673291 205.600891 
138100.000000 13.000000 2.942572 343.451752 
138200.000000 24.000000 -9.084719 716.310974 
138300.000000 13.000000 5.373703 683.649597 
138400.000000 18.000000 0.131527 302.982971 
138500.000000 7.000000 8.584464 3.106844 
138600.000000 1.000000 13.430438 21.198112 
138700.000000 17.000000 1.359442 70.218437 
138800.000000 18.000000 0.015933 28.737341 
138900.000000 23.000000 -7.747602 17.867172 
139000.000000 26.000000 -10.522477 577.976868 
139100.000000 12.000000 3.769120 610.546814 
139200.000000 27.000000 -11.272618 517.755798 
139300.000000 8.000000 9.985833 233.320724 
139400.000000 12.000000 3.579947 615.210327 
139500.000000 27.000000 -11.109599 856.635986 
139600.000000 23.000000 -5.946224 1074.179443 
139700.000000 7.000000 8.932145 307.041107 
139800.000000 3.000000 -16.000000 358.004730 
139900.000000 4.000000 -15.542930 416.370911 
140000.000000 16.000000 0.725177 307.285736 
140100.000000 7.000000 8.079908 275.524750 
140200.000000 26.000000 -8.611561 615.510986 
140300.000000 0.000000 15.000000 92.421852 
140400.000000 16.000000 0.358926 59.014870 
140500.000000 6.000000 8.714760 91.200157 
140600.000000 27.000000 -11.410375 418.756500 
140700.000000 27.000000 -7.940036 974.953613 
140800.000000 8.000000 9.728054 205.684860 
140900.000000 0.000000 15.000000 6.300235 
141000.000000 3.000000 14.065001 25.066668 
141100.000000 20.000000 4.475657 130.409302 
141200.000000 9.000000 -1.024787 340.308502 
141300.000000 10.000000 8.622591 29.688242 
141400.000000 5.000000 11.437018 1.846325 
141500.000000 0.000000 15.000000 39.613365 
141600.000000 27.000000 -8.956221 4.133255 
141700.000000 5.000000 8.816511 0.094391 
141800.000000 0.000000 14.134354 30.600973 
141900.000000 11.000000 5.436571 47.254642 
142000.000000 19.000000 -2.070489 2.014292 
142100.000000 17.000000 -7.459378 82.397064 
142200.000000 16.000000 1.815753 503.504395 
142300.000000 27.000000 -10.529831 447.919159 
142400.000000 1.000000 15.000000 151.164261 
142500.000000 2.000000 12.290183 25.570107 
142600.000000 23.000000 -6.541319 39.083668 
142700.000000 7.000000 8.832026 4.831740 
142800.000000 2.000000 12.447454 61.918472 
142900.000000 16.000000 1.357445 19.717140 
143000.000000 9.000000 2.687708 0.823310 
143100.000000 0.000000 14.999576 32.999306 
143200.000000 6.000000 3.741868 51.415054 
143300.000000 19.000000 -3.625803 32.145397 
143400.000000 26.000000 -8.874225 66.347000 
143500.000000 6.000000 9.030111 295.715637 
143600.000000 9.000000 9.131516 24.747549 
143700.000000 1.000000 15.000000 17.217728 
143800.000000 4.000000 11.576933 0.226901 
143900.000000 1.000000 15.000000 39.646587 
144000.000000 0.000000 14.000006 127.771118 
144100.000000 18.000000 -6.757288 54.498829 
144200.000000 0.000000 15.000000 32.490532 
144300.000000 5.000000 12.478747 13.148508 
144400.000000 19.000000 -5.754248 35.006462 
144500.000000 10.000000 2.878338 259.150696 
144600.000000 22.000000 -7.079003 257.464905 
144700.000000 27.000000 -10.863490 508.492737 
144800.000000 27.000000 -10.433747 502.243225 
144900.000000 22.000000 -8.260146 958.631836 
145000.000000 0.000000 15.000000 244.304291 
145100.000000 27.000000 -10.506769 491.323273 
145200.000000 9.000000 7.505135 382.468903 
145300.000000 0.000000 14.999146 0.061093 
145400.000000 14.000000 4.077346 14.630636 
145500.000000 27.000000 -8.805830 159.512115 
145600.000000 0.000000 15.000000 11.486485 
145700.000000 17.000000 0.353882 113.091446 
145800.000000 5.000000 12.259356 8.819936 
145900.000000 27.000000 -11.370383 250.515472 
146000.000000 20.000000 -4.202894 651.777710 
146100.000000 0.000000 15.000000 41.939957 
146200.000000 1.000000 15.000000 67.196289 
146300.000000 9.000000 7.142440 0.187370 
146400.000000 0.000000 15.000000 0.186356 
146500.000000 4.000000 13.232431 69.860832 
146600.000000 23.000000 -6.808228 23.846869 
146700.000000 6.000000 10.172626 246.681107 
146800.000000 27.000000 -11.112392 400.798431 
146900.000000 17.000000 -0.864767 819.439026 
147000.000000 23.000000 -6.833389 1005.532532 
147100.000000 0.000000 15.000000 177.690750 
147200.000000 0.000000 15.000000 5.170396 
147300.000000 7.000000 8.929042 8.553625 
147400.000000 12.000000 7.155289 37.951824 
147500.000000 25.000000 -9.748690 67.477875 
147600.000000 14.000000 3.712228 104.722656 
147700.000000 15.000000 2.724331 44.233383 
147800.000000 11.000000 7.707034 357.106171 
147900.000000 25.000000 -8.187399 390.249359 
148000.000000 19.000000 -0.835032 640.063721 
148100.000000 27.000000 -10.113779 221.021103 
148200.000000 27.000000 -9.785779 598.720947 
148300.000000 20.000000 -2.213369 871.447571 
148400.000000 8.000000 11.713330 611.318665 
148500.000000 3.000000 15.000000 3.736548 
148600.000000 17.000000 1.015187 200.787201 
148700.000000 2.000000 15.000000 4.462595 
148800.000000 21.000000 -2.611916 2.120808 
148900.000000 0.000000 15.000000 17.624966 
149000.000000 14.000000 3.250253 68.529594 
149100.000000 0.000000 15.000000 25.801792 
149200.000000 4.000000 12.863530 16.221275 
149300.000000 21.000000 -3.732567 2.668256 
149400.000000 9.000000 8.173542 0.304043 
149500.000000 9.000000 8.019670 33.154037 
149600.000000 27.000000 -10.095529 326.001831 
149700.000000 14.000000 1.219640 624.955872 
149800.000000 24.000000 -4.576162 797.576904 
149900.000000 1.000000 15.000000 102.640434 
150000.000000 2.000000 14.618767 154.342163 
150100.000000 5.000000 13.603806 44.644520 
150200.000000 18.000000 -0.186090 78.721786 
150300.000000 1.000000 15.000000 7.467366 
150400.000000 4.000000 14.242735 54.954918 
150500.000000 11.000000 3.128907 34.323261 
150600.000000 1.000000 14.138659 4.773074 
150700.000000 3.000000 13.757947 0.248587 
150800.000000 7.000000 8.339361 0.014917 
150900.000000 27.000000 -8.931057 156.317551 
151000.000000 27.000000 -9.038518 554.992432 
151100.000000 17.000000 -1.910819 847.168030 
151200.000000 3.000000 13.999942 255.365723 
151300.000000 27.000000 -9.581280 572.860352 
151400.000000 8.000000 7.969398 190.634750 
151500.000000 17.000000 -1.792578 180.301620 
151600.000000 27.000000 -9.424359 318.759949 
151700.000000 25.000000 -6.715757 596.951477 
151800.000000 9.000000 7.111302 677.641174 
151900.000000 5.000000 10.986542 69.056725 
152000.000000 18.000000 -2.305075 422.711456 
152100.000000 11.000000 7.366027 153.303101 
152200.000000 19.000000 -6.558136 34.573105 
152300.000000 27.000000 -8.890636 412.786835 
152400.000000 17.000000 0.023393 341.011597 
152500.000000 0.000000 14.490001 20.950619 
152600.000000 9.000000 8.724554 5.359755 
152700.000000 17.000000 0.095471 59.106762 
152800.000000 0.000000 15.000000 8.524649 
152900.000000 17.000000 2.069870 14.855570 
153000.000000 24.000000 -6.972762 28.833494 
153100.000000 0.000000 15.000000 3.354051 
153200.000000 7.000000 9.897431 2.017455 
153300.000000 12.000000 3.924362 198.630539 
153400.000000 27.000000 -9.175883 498.980499 
153500.000000 20.000000 0.044663 432.001953 
153600.000000 17.000000 0.095201 575.267456 
153700.000000 6.000000 11.693104 91.540565 
153800.000000 11.000000 6.311502 165.440796 
153900.000000 24.000000 -6.563612 370.713562 
154000.000000 24.000000 -4.148017 615.232117 
154100.000000 1.000000 14.665981 259.422546 
154200.000000 13.000000 5.558382 18.040737 
154300.000000 21.000000 -0.337094 376.147400 
154400.000000 18.000000 -3.200446 167.845886 
154500.000000 21.000000 -0.518433 606.005005 
154600.000000 4.000000 13.514539 37.400227 
154700.000000 14.000000 5.736116 85.950729 
154800.000000 6.000000 10.782610 0.184151 
154900.000000 19.000000 -4.168065 232.918716 
155000.000000 0.000000 15.000000 0.000425 
155100.000000 19.000000 -3.374360 185.598633 
155200.000000 23.000000 -6.221427 406.419128 
155300.000000 0.000000 15.000000 44.529392 
155400.000000 0.000000 14.851833 39.576878 
155500.000000 4.000000 11.255411 80.295174 
155600.000000 4.000000 13.529249 32.902805 
155700.000000 0.000000 15.000000 84.052734 
155800.000000 1.000000 14.532639 36.213898 
155900.000000 20.000000 -4.307605 165.429245 
156000.000000 14.000000 3.654526 428.352264 
156100.000000 4.000000 11.443974 224.082230 
156200.000000 3.000000 12.717999 0.859345 
156300.000000 26.000000 -7.602231 381.302490 
156400.000000 0.000000 15.000000 109.778381 
156500.000000 6.000000 10.015141 8.726356 
156600.000000 11.000000 3.089743 6.794919 
156700.000000 12.000000 8.415483 235.958069 
156800.000000 4.000000 11.498740 1.755886 
156900.000000 13.000000 3.230975 12.721436 
157000.000000 0.000000 15.000000 30.127224 
157100.000000 18.000000 1.146103 1.119825 
157200.000000 14.000000 4.646355 106.044647 
157300.000000 27.000000 -12.756667 66.697021 
157400.000000 27.000000 -8.817269 655.821716 
157500.000000 14.000000 1.600340 717.394348 
157600.000000 18.000000 -0.599241 515.814392 
157700.000000 27.000000 -8.884681 750.142395 
157800.000000 21.000000 -2.234080 315.250153 
157900.000000 27.000000 -9.058251 415.902740 
158000.000000 24.000000 -8.142580 767.198303 
158100.000000 9.000000 10.606397 705.495361 
158200.000000 13.000000 1.366141 131.315491 
158300.000000 6.000000 10.021395 11.769250 
158400.000000 16.000000 -0.440710 13.421133 
158500.000000 13.000000 2.001071 196.035095 
158600.000000 4.000000 10.721862 43.433331 
158700.000000 2.000000 11.769252 7.279874 
158800.000000 0.000000 15.000000 16.125130 
158900.000000 16.000000 0.939541 136.832809 
159000.000000 11.000000 7.183528 137.234726 
159100.000000 26.000000 -10.220462 314.612396 
159200.000000 0.000000 15.000000 406.765747 
159300.000000 0.000000 15.000000 0.107269 
159400.000000 1.000000 15.000000 10.649274 
159500.000000 15.000000 0.802051 6.797400 
159600.000000 14.000000 3.959571 234.529404 
159700.000000 4.000000 14.663317 6.810765 
159800.000000 13.000000 1.386277 2.654559 
159900.000000 0.000000 15.000000 26.518185 
160000.000000 0.000000 15.000000 54.116875 
160100.000000 0.000000 15.000000 118.730545 
160200.000000 5.000000 13.346479 121.649429 
160300.000000 0.000000 15.000000 117.331085 
160400.000000 10.000000 6.614312 19.994162 
160500.000000 7.000000 11.833480 87.692345 
160600.000000 8.000000 8.297961 0.000057 
160700.000000 14.000000 0.267958 19.609583 
160800.000000 9.000000 7.672020 0.537369 
160900.000000 0.000000 14.961716 36.970413 
161000.000000 14.000000 1.124349 42.657078 
161100.000000 27.000000 -9.445840 373.640503 
161200.000000 2.000000 14.647285 188.918335 
161300.000000 0.000000 15.000000 20.763695 
161400.000000 13.000000 2.421895 0.109580 
161500.000000 8.000000 8.934330 280.495026 
161600.000000 17.000000 1.516808 250.270615 
161700.000000 8.000000 11.176493 504.222046 
161800.000000 0.000000 15.000000 3.429569 
161900.000000 7.000000 10.777120 62.391552 
162000.000000 0.000000 14.702462 36.093021 
162100.000000 14.000000 2.619708 113.404655 
162200.000000 0.000000 15.000000 1.436954 
162300.000000 27.000000 -10.234257 13.318261 
162400.000000 14.000000 2.966818 23.819065 
162500.000000 0.000000 14.277994 4.709157 
162600.000000 2.000000 13.940136 22.211868 
162700.000000 2.000000 12.593500 76.475357 
162800.000000 0.000000 15.000000 77.041046 
162900.000000 9.000000 9.704310 69.462784 
163000.000000 2.000000 12.109661 2.382471 
163100.000000 17.000000 1.181985 65.399323 
163200.000000 0.000000 15.000000 3.992365 
163300.000000 27.000000 -9.217492 0.945773 
163400.000000 27.000000 -8.365457 33.081280 
163500.000000 14.000000 0.611621 144.355804 
163600.000000 2.000000 15.000000 18.199858 
163700.000000 4.000000 12.806894 55.397644 
163800.000000 7.000000 7.097249 54.416561 
163900.000000 25.000000 -9.509858 298.759094 
164000.000000 0.000000 15.000000 316.752655 
164100.000000 17.000000 1.896515 198.627792 
164200.000000 13.000000 5.310596 51.598614 
164300.000000 0.000000 14.631597 0.001433 
164400.000000 8.000000 5.542879 36.184692 
164500.000000 0.000000 15.000000 68.244431 
164600.000000 8.000000 8.748253 125.346680 
164700.000000 1.000000 15.000000 197.517700 
164800.000000 5.000000 14.790087 0.637952 
164900.000000 0.000000 15.000000 76.306885 
165000.000000 27.000000 -11.982217 0.080384 
165100.000000 7.000000 7.448065 154.019028 
165200.000000 0.000000 15.000000 0.469081 
165300.000000 21.000000 -6.864178 30.838013 
165400.000000 25.000000 -7.967461 621.673950 
165500.000000 14.000000 5.844599 362.349945 
165600.000000 0.000000 12.478548 2.629947 
165700.000000 27.000000 -11.622828 215.647949 
165800.000000 27.000000 -11.997341 688.990173 
165900.000000 18.000000 -2.957531 744.181458 
166000.000000 24.000000 -6.568590 268.038879 
166100.000000 27.000000 -7.510182 471.419312 
166200.000000 26.000000 -6.360655 901.136047 
166300.000000 24.000000 -7.750265 705.490295 
166400.000000 27.000000 10.090328 227.525757 
166500.000000 8.000000 8.348436 145.614517 
166600.000000 11.000000 6.474741 185.506912 
166700.000000 0.000000 15.000000 12.929033 
166800.000000 0.000000 13.795684 105.040802 
166900.000000 0.000000 15.000000 2.074834 
167000.000000 27.000000 -11.923208 18.944675 
167100.000000 12.000000 4.003901 185.593307 
167200.000000 7.000000 7.670506 189.898956 
167300.000000 27.000000 -11.977954 220.790085 
167400.000000 27.000000 -10.988959 677.281738 
167500.000000 25.000000 -6.848911 765.109558 
167600.000000 19.000000 -3.119213 922.843750 
167700.000000 22.000000 -3.337041 750.569031 
167800.000000 0.000000 14.464612 74.840576 
167900.000000 19.000000 -2.162336 13.446837 
168000.000000 16.000000 1.461907 106.654785 
168100.000000 18.000000 -2.557565 358.994385 
168200.000000 27.000000 -9.010291 303.223145 
168300.000000 7.000000 8.333097 267.408783 
168400.000000 0.000000 15.000000 25.953794 
168500.000000 14.000000 0.242013 18.946871 
168600.000000 0.000000 14.024913 18.626394 
168700.000000 0.000000 15.000000 16.816732 
168800.000000 27.000000 -9.984113 181.513748 
168900.000000 25.000000 -10.983571 696.201538 
169000.000000 23.000000 -7.535749 751.913940 
169100.000000 23.000000 -6.913051 1113.192993 
169200.000000 23.000000 -8.657084 693.337402 
169300.000000 24.000000 -6.964046 349.078827 
169400.000000 27.000000 -8.984179 825.972595 
169500.000000 7.000000 12.683848 801.266663 
169600.000000 17.000000 9.786851 85.422562 
169700.000000 14.000000 0.516557 0.197515 
169800.000000 24.000000 -4.090982 436.845398 
169900.000000 15.000000 -0.649624 164.749496 
170000.000000 9.000000 8.276905 16.721283 
170100.000000 27.000000 -9.393971 333.704956 
170200.000000 19.000000 -1.181932 694.490479 
170300.000000 16.000000 -2.146536 104.813988 
170400.000000 11.000000 2.848089 129.807739 
170500.000000 20.000000 -4.853024 98.973709 
170600.000000 27.000000 -11.571221 643.714966 
170700.000000 16.000000 -1.471200 208.245331 
170800.000000 0.000000 14.024993 0.123254 
170900.000000 16.000000 0.458245 0.300755 
171000.000000 24.000000 -9.644161 131.897171 
171100.000000 15.000000 -0.506708 511.658569 
171200.000000 10.000000 7.037477 690.404480 
171300.000000 24.000000 -9.177397 68.524368 
171400.000000 25.000000 -10.903939 572.285400 
171500.000000 12.000000 5.651933 649.494324 
171600.000000 27.000000 -10.465302 606.154236 
171700.000000 22.000000 -3.488263 480.769409 
171800.000000 27.000000 -9.977614 836.845154 
171900.000000 24.000000 -6.834478 1059.242676 
172000.000000 9.000000 8.753428 751.746155 
172100.000000 25.000000 -9.870151 193.952774 
172200.000000 11.000000 6.858932 233.991470 
172300.000000 0.000000 13.172050 6.453558 
172400.000000 8.000000 6.510044 32.098476 
172500.000000 17.000000 -4.513360 2.689913 
172600.000000 27.000000 -10.171638 417.857483 
172700.000000 18.000000 -9.252934 152.438477 
172800.000000 26.000000 -7.678011 644.270325 
172900.000000 0.000000 15.000000 15.754938 
173000.000000 10.000000 6.563569 1.851306 
173100.000000 0.000000 14.398872 35.169197 
173200.000000 27.000000 -11.275699 5.917370 
173300.000000 20.000000 -10.026834 255.600159 
173400.000000 27.000000 -8.020059 834.047974 
173500.000000 22.000000 -5.237038 161.880173 
173600.000000 17.000000 0.640627 379.443939 
173700.000000 12.000000 5.298974 433.468719 
173800.000000 27.000000 -8.771349 635.139893 
173900.000000 23.000000 -5.474626 716.780884 
174000.000000 0.000000 15.000000 336.678558 
174100.000000 0.000000 15.000000 7.443964 
174200.000000 10.000000 7.993224 35.343246 
174300.000000 12.000000 3.099695 41.814392 
174400.000000 0.000000 7.028005 63.486385 
174500.000000 8.000000 9.798268 0.008177 
174600.000000 17.000000 15.000000 16.941406 
174700.000000 4.000000 14.097432 1.474569 
174800.000000 6.000000 11.154334 5.043295 
174900.000000 14.000000 3.929461 1.271565 
175000.000000 11.000000 7.237077 0.170671 
175100.000000 24.000000 -5.420092 328.894012 
175200.000000 10.000000 -0.493833 551.910767 
175300.000000 0.000000 7.932426 298.220703 
175400.000000 27.000000 -5.238736 133.856018 
175500.000000 19.000000 0.501987 256.579559 
175600.000000 3.000000 7.556450 123.112381 
175700.000000 0.000000 6.121052 0.226122 
175800.000000 0.000000 -16.000000 3.173505 
175900.000000 18.000000 -16.000000 240.260376 
176000.000000 12.000000 9.603166 313.973175 
176100.000000 21.000000 11.248730 97.439713 
176200.000000 18.000000 4.568872 1.600934 
176300.000000 0.000000 4.399368 0.608532 
176400.000000 22.000000 2.462321 160.904999 
176500.000000 9.000000 12.437767 47.595314 
176600.000000 0.000000 15.000000 0.494650 
176700.000000 20.000000 15.000000 5.094120 
176800.000000 27.000000 0.487557 64.164230 
176900.000000 19.000000 -16.000000 535.396729 
177000.000000 27.000000 -7.916338 834.362976 
177100.000000 24.000000 -5.860952 861.053894 
177200.000000 12.000000 -16.000000 824.797913 
177300.000000 26.000000 -1.277635 911.212158 
177400.000000 27.000000 10.689153 270.766327 
177500.000000 2.000000 15.000000 114.264244 
177600.000000 7.000000 15.000000 21.584394 
177700.000000 1.000000 3.597767 3.380365 
177800.000000 11.000000 13.750119 13.453423 
177900.000000 27.000000 4.795350 2.204820 
178000.000000 6.000000 -1.938210 133.503876 
178100.000000 21.000000 3.771256 285.793945 
178200.000000 20.000000 4.672803 80.199059 
178300.000000 14.000000 -9.709788 361.491943 
178400.000000 6.000000 0.174563 432.842407 
178500.000000 10.000000 -3.348155 364.322662 
178600.000000 13.000000 -9.652071 320.551422 
178700.000000 1.000000 -16.000000 326.278168 
178800.000000 13.000000 -11.888527 578.177795 
178900.000000 0.000000 0.600051 314.963867 
179000.000000 27.000000 7.667723 398.486237 
179100.000000 17.000000 15.000000 101.535080 
179200.000000 27.000000 15.000000 92.527977 
179300.000000 25.000000 0.610846 22.343990 
179400.000000 18.000000 14.525589 93.163193 
179500.000000 25.000000 0.518382 130.502609 
179600.000000 15.000000 13.871049 256.122437 
179700.000000 11.000000 15.000000 0.702826 
179800.000000 27.000000 8.925787 5.722118 
179900.000000 24.000000 1.262297 76.344124 
180000.000000 5.000000 -4.113677 145.626144 
180100.000000 12.000000 -3.794711 309.150085 
180200.000000 1.000000 15.000000 15.072948 
180300.000000 8.000000 15.000000 44.156044 
180400.000000 2.000000 15.000000 7.263238 
180500.000000 12.000000 6.860595 12.047374 
180600.000000 9.000000 13.832315 72.760811 
180700.000000 4.000000 12.752487 25.042446 
180800.000000 0.000000 15.000000 59.799137 
180900.000000 27.000000 12.420202 6.008858 
181000.000000 26.000000 15.000000 1.167370 
181100.000000 7.000000 13.185504 12.338668 
181200.000000 20.000000 0.298653 172.624405 
181300.000000 25.000000 15.000000 0.002096 
181400.000000 22.000000 1.674698 13.340794 
181500.000000 6.000000 12.370148 1.219329 
181600.000000 19.000000 6.912292 9.890555 
181700.000000 27.000000 12.996047 146.296646 
181800.000000 12.000000 10.266683 79.298477 
181900.000000 23.000000 -1.608344 175.829407 
182000.000000 22.000000 8.809113 101.576385 
182100.000000 0.000000 15.000000 0.001164 
182200.000000 7.000000 15.000000 52.022346 
182300.000000 12.000000 13.027319 47.702389 
182400.000000 27.000000 -1.826000 108.155472 
182500.000000 27.000000 -6.790716 559.448975 
182600.000000 24.000000 -2.227095 699.575195 
182700.000000 9.000000 9.252924 604.129883 
182800.000000 14.000000 14.713795 41.557949 
182900.000000 19.000000 1.263602 210.068893 
183000.000000 27.000000 -6.671592 513.658752 
183100.000000 23.000000 4.595219 175.054947 
183200.000000 3.000000 15.000000 7.060286 
183300.000000 11.000000 15.000000 24.438797 
183400.000000 17.000000 15.000000 61.474522 
183500.000000 13.000000 6.675586 3.962444 
183600.000000 16.000000 2.204897 278.422943 
183700.000000 3.000000 15.000000 0.735829 
183800.000000 19.000000 14.656247 0.277408 
183900.000000 5.000000 11.083200 0.823510 
184000.000000 0.000000 15.000000 55.785618 
184100.000000 0.000000 15.000000 39.133682 
184200.000000 27.000000 7.864256 38.837494 
184300.000000 4.000000 14.303722 24.644039 
184400.000000 7.000000 14.567541 84.736465 
184500.000000 5.000000 12.362571 62.790550 
184600.000000 0.000000 15.000000 3.114187 
184700.000000 0.000000 10.917217 19.826389 
184800.000000 0.000000 15.000000 59.958740 
184900.000000 13.000000 5.489776 67.475670 
185000.000000 26.000000 -1.851130 12.927543 
185100.000000 27.000000 -7.841773 413.515991 
185200.000000 27.000000 -8.346786 821.925842 
185300.000000 27.000000 -6.687973 744.280640 
185400.000000 9.000000 -10.639319 779.798950 
185500.000000 0.000000 -16.000000 525.432495 
185600.000000 7.000000 7.212934 420.005188 
185700.000000 22.000000 -7.599831 293.096313 
185800.000000 15.000000 -4.100725 495.836365 
185900.000000 15.000000 -5.837580 658.012573 
186000.000000 27.000000 -9.622436 847.124512 
186100.000000 24.000000 -6.618440 943.770874 
186200.000000 1.000000 -2.895221 494.149658 
186300.000000 27.000000 -8.376764 730.545959 
186400.000000 6.000000 10.548691 215.364136 
186500.000000 9.000000 -4.344465 174.152847 
186600.000000 10.000000 7.539923 182.726974 
186700.000000 7.000000 11.496388 50.417439 
186800.000000 11.000000 -6.287102 22.049328 
186900.000000 26.000000 -9.882284 69.439972 
187000.000000 22.000000 -6.811233 546.101685 
187100.000000 7.000000 -4.197889 265.325409 
187200.000000 5.000000 8.015769 228.232010 
187300.000000 6.000000 3.623710 90.213493 
187400.000000 15.000000 4.354460 1.799974 
187500.000000 19.000000 2.365717 3.334482 
187600.000000 6.000000 12.974358 4.374579 
187700.000000 26.000000 -9.972314 236.970810 
187800.000000 2.000000 4.878757 303.492218 
187900.000000 12.000000 0.082165 51.611927 
188000.000000 18.000000 -3.612664 24.503031 
188100.000000 27.000000 -6.719153 229.413559 
188200.000000 27.000000 -8.982587 701.391724 
188300.000000 13.000000 3.015202 551.162048 
188400.000000 22.000000 -5.755685 736.264526 
188500.000000 0.000000 8.540868 64.305405 
188600.000000 27.000000 -8.985908 411.414429 
188700.000000 0.000000 15.000000 107.978844 
188800.000000 11.000000 4.999440 41.471249 
188900.000000 5.000000 8.240103 0.003421 
189000.000000 27.000000 -9.999990 344.061432 
189100.000000 8.000000 3.875179 127.157791 
189200.000000 16.000000 5.301036 5.560892 
189300.000000 1.000000 13.995250 18.849478 
189400.000000 18.000000 3.285844 16.368341 
189500.000000 21.000000 2.527319 245.477173 
189600.000000 0.000000 5.805191 45.580784 
189700.000000 16.000000 -6.437968 74.488197 
189800.000000 0.000000 2.926596 11.768795 
189900.000000 27.000000 -9.000010 405.174103 
190000.000000 8.000000 1.750384 369.895660 
190100.000000 2.000000 4.943447 86.137001 
190200.000000 18.000000 2.487743 17.806993 
190300.000000 21.000000 -12.281208 615.202148 
190400.000000 27.000000 -10.999974 626.969910 
190500.000000 27.000000 -11.000010 1101.416260 
190600.000000 14.000000 -3.130229 941.660400 
190700.000000 17.000000 3.344152 116.737892 
190800.000000 27.000000 -5.771874 120.815414 
190900.000000 22.000000 -5.941180 597.178894 
191000.000000 23.000000 -6.999334 358.210388 
191100.000000 0.000000 6.089598 106.178429 
191200.000000 27.000000 -9.831672 238.401031 
191300.000000 27.000000 -10.999715 647.672241 
191400.000000 27.000000 -12.528499 991.652039 
191500.000000 27.000000 -10.915474 1194.815308 
191600.000000 22.000000 -9.915352 943.168152 
191700.000000 0.000000 15.000000 382.124023 
191800.000000 22.000000 14.000003 136.992218 
191900.000000 22.000000 10.190008 171.194061 
192000.000000 3.000000 15.000000 0.006145 
192100.000000 4.000000 14.442916 8.443943 
192200.000000 0.000000 15.000000 41.280991 
192300.000000 24.000000 -5.779651 74.816025 
192400.000000 27.000000 -4.462606 453.263397 
192500.000000 17.000000 1.968223 686.520020 
192600.000000 27.000000 -6.284388 112.040352 
192700.000000 25.000000 -4.758077 423.864929 
192800.000000 23.000000 -1.251190 754.009460 
192900.000000 3.000000 15.000000 56.461491 
193000.000000 22.000000 -2.085645 131.854050 
193100.000000 20.000000 -3.073996 62.848988 
193200.000000 27.000000 -8.667395 431.544037 
193300.000000 0.000000 15.000000 34.945621 
193400.000000 11.000000 11.108524 14.169679 
193500.000000 5.000000 15.000000 0.231682 
193600.000000 2.000000 15.000000 77.345253 
193700.000000 5.000000 15.000000 2.545611 
193800.000000 0.000000 15.000000 90.377029 
193900.000000 19.000000 15.000000 88.386436 
194000.000000 21.000000 -0.330544 68.490501 
194100.000000 26.000000 -4.477191 220.754807 
194200.000000 0.000000 15.000000 2.785145 
194300.000000 11.000000 6.970399 26.484997 
194400.000000 24.000000 -5.634048 82.507408 
194500.000000 11.000000 10.362145 105.238449 
194600.000000 3.000000 15.000000 20.289587 
194700.000000 23.000000 -4.975935 0.801305 
194800.000000 6.000000 11.733025 4.679380 
194900.000000 27.000000 -8.607628 265.144562 
195000.000000 15.000000 3.643784 439.863037 
195100.000000 16.000000 2.101485 307.295105 
195200.000000 27.000000 -8.791766 797.975525 
195300.000000 27.000000 -10.290440 1101.150879 
195400.000000 7.000000 13.082902 310.868378 
195500.000000 5.000000 12.799304 0.657924 
195600.000000 27.000000 -8.865267 205.604782 
195700.000000 12.000000 5.931850 521.083130 
195800.000000 0.000000 15.000000 141.729630 
195900.000000 0.000000 15.000000 0.148066 
196000.000000 10.000000 8.695076 53.413200 
196100.000000 19.000000 -0.951939 2.207929 
196200.000000 23.000000 -4.732561 387.353241 
196300.000000 13.000000 7.050435 412.683990 
196400.000000 24.000000 -6.186437 26.619448 
196500.000000 0.000000 15.000000 14.792985 
196600.000000 1.000000 15.000000 89.180550 
196700.000000 21.000000 1.641386 64.243057 
196800.000000 27.000000 -9.035837 59.970184 
196900.000000 20.000000 -1.907721 181.046600 
197000.000000 4.000000 15.000000 24.716669 
197100.000000 0.000000 15.000000 34.672958 
197200.000000 27.000000 -5.901454 433.422516 
197300.000000 12.000000 5.146816 328.036438 
197400.000000 20.000000 -4.121456 84.138252 
197500.000000 23.000000 -3.340394 415.527252 
197600.000000 0.000000 15.000000 240.689972 
197700.000000 0.000000 15.000000 0.051777 
197800.000000 7.000000 11.889404 60.761871 
197900.000000 0.000000 15.000000 22.902353 
198000.000000 9.000000 8.599199 23.866674 
198100.000000 11.000000 8.423794 22.816380 
198200.000000 0.000000 15.000000 117.699081 
198300.000000 12.000000 4.005476 76.158501 
198400.000000 23.000000 -4.486537 272.928314 
198500.000000 0.000000 15.000000 0.128262 
198600.000000 26.000000 -10.133439 6.804824 
198700.000000 22.000000 -6.141900 212.277283 
198800.000000 23.000000 -4.988794 500.870331 
198900.000000 9.000000 9.008457 183.378067 
199000.000000 0.000000 15.000000 31.862461 
199100.000000 27.000000 -8.536570 176.013092 
199200.000000 6.000000 14.335146 393.014313 
199300.000000 6.000000 15.000000 1.111342 
199400.000000 5.000000 14.563075 10.393027 
199500.000000 4.000000 15.000000 9.694773 
199600.000000 4.000000 13.833973 8.784327 
199700.000000 10.000000 7.675195 26.802292 
199800.000000 8.000000 10.124258 12.937432 
199900.000000 22.000000 2.844140 3.882159 
200000.000000 17.000000 0.673975 31.487041 
