100.000000 12.000000 -4.124363 47.370003 
200.000000 26.000000 -8.921796 449.819061 
300.000000 1.000000 -14.566663 254.033691 
400.000000 27.000000 -16.000000 367.069641 
500.000000 11.000000 -11.622372 686.379700 
600.000000 17.000000 -16.000000 507.038330 
700.000000 5.000000 -13.346111 408.075562 
800.000000 3.000000 -11.832839 529.218201 
900.000000 15.000000 -10.877456 704.113098 
1000.000000 21.000000 -14.411408 875.165649 
1100.000000 25.000000 -14.179392 1376.650146 
1200.000000 26.000000 6.340858 747.243774 
1300.000000 22.000000 12.068873 301.575134 
1400.000000 8.000000 5.766174 7.555327 
1500.000000 7.000000 15.000000 28.770653 
1600.000000 20.000000 14.031131 62.247967 
1700.000000 25.000000 14.653775 11.250473 
1800.000000 22.000000 5.236065 56.374996 
1900.000000 0.000000 2.928966 11.635767 
2000.000000 27.000000 -10.264750 74.743599 
2100.000000 1.000000 -1.009856 202.002197 
2200.000000 27.000000 12.232310 35.996830 
2300.000000 0.000000 12.972510 30.842794 
2400.000000 3.000000 12.694102 11.487633 
2500.000000 27.000000 14.394419 6.752172 
2600.000000 0.000000 9.382028 0.008618 
2700.000000 14.000000 8.452383 14.203020 
2800.000000 1.000000 0.239150 116.705399 
2900.000000 0.000000 -7.061734 72.256958 
3000.000000 2.000000 -5.660756 261.208923 
3100.000000 16.000000 -11.784596 398.755707 
3200.000000 27.000000 -11.120815 444.552826 
3300.000000 21.000000 -10.467525 914.603882 
3400.000000 20.000000 0.546377 796.650879 
3500.000000 25.000000 -1.521739 434.437012 
3600.000000 27.000000 4.683133 392.873077 
3700.000000 22.000000 -8.561923 704.827209 
3800.000000 3.000000 -4.436941 476.129700 
3900.000000 2.000000 1.830927 58.346752 
4000.000000 22.000000 13.329793 95.462395 
4100.000000 25.000000 14.048239 126.843300 
4200.000000 27.000000 11.264446 25.362331 
4300.000000 27.000000 12.060353 91.512901 
4400.000000 27.000000 12.944883 100.832718 
4500.000000 5.000000 9.407801 0.052007 
4600.000000 14.000000 5.568408 2.343649 
4700.000000 17.000000 -0.431952 202.950348 
4800.000000 16.000000 2.763163 323.596252 
4900.000000 26.000000 8.963486 160.093430 
5000.000000 23.000000 11.466195 31.561083 
5100.000000 18.000000 10.972957 103.915428 
5200.000000 27.000000 8.116699 150.102478 
5300.000000 27.000000 11.210390 132.244934 
5400.000000 6.000000 14.367116 33.966522 
5500.000000 25.000000 15.000000 0.024147 
5600.000000 13.000000 10.814165 68.069519 
5700.000000 2.000000 11.825212 0.907103 
5800.000000 7.000000 15.000000 35.851574 
5900.000000 0.000000 15.000000 126.820404 
6000.000000 6.000000 13.449107 0.027222 
6100.000000 0.000000 14.815389 25.669415 
6200.000000 6.000000 14.879701 52.579613 
6300.000000 21.000000 8.629130 18.020473 
6400.000000 16.000000 12.480521 26.244022 
6500.000000 27.000000 12.653158 100.433746 
6600.000000 0.000000 15.000000 0.316339 
6700.000000 27.000000 11.206173 46.268761 
6800.000000 0.000000 15.000000 0.359928 
6900.000000 16.000000 9.364733 0.411704 
7000.000000 0.000000 15.000000 2.843998 
7100.000000 13.000000 15.000000 63.486729 
7200.000000 17.000000 15.000000 19.025080 
7300.000000 4.000000 15.000000 102.284111 
7400.000000 24.000000 9.885092 0.684676 
7500.000000 20.000000 10.879046 69.208542 
7600.000000 6.000000 12.305422 39.686836 
7700.000000 4.000000 15.000000 13.512200 
7800.000000 7.000000 12.020993 2.495593 
7900.000000 26.000000 11.683998 2.395782 
8000.000000 17.000000 15.000000 7.934697 
8100.000000 0.000000 15.000000 50.418694 
8200.000000 1.000000 15.000000 1.514832 
8300.000000 7.000000 15.000000 58.179806 
8400.000000 7.000000 11.173241 49.742199 
8500.000000 5.000000 14.324728 1.836009 
8600.000000 11.000000 13.805246 1.726525 
8700.000000 23.000000 10.404995 59.174366 
8800.000000 21.000000 7.317253 104.328400 
8900.000000 4.000000 15.000000 4.422426 
9000.000000 0.000000 15.000000 71.556953 
9100.000000 18.000000 14.031480 9.080148 
9200.000000 7.000000 11.436766 42.338943 
9300.000000 5.000000 15.000000 59.040653 
9400.000000 24.000000 14.361163 1.651668 
9500.000000 12.000000 15.000000 31.624529 
9600.000000 12.000000 15.000000 1.518131 
9700.000000 20.000000 15.000000 18.796640 
9800.000000 2.000000 15.000000 44.792377 
9900.000000 15.000000 15.000000 47.573711 
10000.000000 13.000000 10.030834 14.276987 
10100.000000 8.000000 15.000000 0.013294 
10200.000000 1.000000 13.871706 67.151566 
10300.000000 26.000000 15.000000 47.164284 
10400.000000 4.000000 15.000000 86.760971 
10500.000000 13.000000 5.728713 5.035635 
10600.000000 8.000000 12.926828 2.222425 
10700.000000 6.000000 14.972795 39.481651 
10800.000000 4.000000 13.137103 57.670212 
10900.000000 9.000000 9.628285 6.449203 
11000.000000 13.000000 -12.889228 63.878094 
11100.000000 7.000000 -6.286847 134.064301 
11200.000000 15.000000 -0.109499 47.458023 
11300.000000 25.000000 -11.657690 546.086670 
11400.000000 8.000000 4.791790 198.106003 
11500.000000 13.000000 2.372668 14.558359 
11600.000000 9.000000 6.230778 207.199097 
11700.000000 4.000000 11.236121 42.244526 
11800.000000 19.000000 1.309255 64.642548 
11900.000000 27.000000 -5.724007 27.215418 
12000.000000 9.000000 0.155795 491.722626 
12100.000000 18.000000 0.789397 331.584351 
12200.000000 1.000000 14.939404 150.358704 
12300.000000 12.000000 2.139328 33.816601 
12400.000000 27.000000 5.595124 120.335800 
12500.000000 12.000000 3.185148 305.912567 
12600.000000 11.000000 14.054012 26.248268 
12700.000000 7.000000 11.405021 5.249639 
12800.000000 14.000000 1.532634 1.932411 
12900.000000 12.000000 0.554574 0.184726 
13000.000000 4.000000 10.910011 0.316898 
13100.000000 19.000000 2.775524 0.003982 
13200.000000 27.000000 -10.743215 56.064236 
13300.000000 8.000000 11.900672 4.840587 
13400.000000 4.000000 13.748322 3.059258 
13500.000000 19.000000 2.196016 37.532974 
13600.000000 17.000000 14.896102 5.550035 
13700.000000 5.000000 9.970402 20.805578 
13800.000000 1.000000 14.989534 62.458069 
13900.000000 1.000000 14.485105 104.054138 
14000.000000 23.000000 12.381571 2.897614 
14100.000000 24.000000 15.000000 51.350700 
14200.000000 0.000000 14.054578 13.012694 
14300.000000 6.000000 8.246519 40.551407 
14400.000000 17.000000 13.561755 1.955529 
14500.000000 16.000000 7.520601 6.653565 
14600.000000 18.000000 -1.074789 222.032303 
14700.000000 24.000000 10.810947 90.405518 
14800.000000 26.000000 11.865968 236.960770 
14900.000000 0.000000 15.000000 44.227398 
15000.000000 14.000000 11.655456 1.434110 
15100.000000 1.000000 14.515579 0.048777 
15200.000000 19.000000 14.989520 19.440294 
15300.000000 5.000000 11.885988 1.408785 
15400.000000 0.000000 14.650405 75.548004 
15500.000000 14.000000 4.044534 4.981568 
15600.000000 27.000000 5.138383 36.636311 
15700.000000 14.000000 6.249494 226.049622 
15800.000000 21.000000 15.000000 135.303162 
15900.000000 10.000000 9.311322 138.193298 
16000.000000 5.000000 14.737947 12.560888 
16100.000000 4.000000 15.000000 6.582643 
16200.000000 5.000000 9.127666 2.966954 
16300.000000 0.000000 14.415938 83.847847 
16400.000000 0.000000 14.812478 75.987106 
16500.000000 15.000000 10.887758 106.869514 
16600.000000 9.000000 5.376355 0.791416 
16700.000000 6.000000 12.623885 3.252339 
16800.000000 1.000000 14.555820 0.401780 
16900.000000 4.000000 11.930170 81.776039 
17000.000000 15.000000 13.191862 92.898224 
17100.000000 26.000000 6.069025 17.797297 
17200.000000 15.000000 14.277048 41.390759 
17300.000000 27.000000 8.860524 41.364296 
17400.000000 0.000000 14.933611 16.361015 
17500.000000 4.000000 13.379711 19.384300 
17600.000000 0.000000 15.000000 15.395791 
17700.000000 11.000000 14.164316 16.285069 
17800.000000 9.000000 14.789098 2.996382 
17900.000000 20.000000 12.216927 21.740021 
18000.000000 5.000000 9.706766 15.203627 
18100.000000 7.000000 7.869800 9.040244 
18200.000000 0.000000 15.000000 13.257858 
18300.000000 1.000000 15.000000 16.363703 
18400.000000 27.000000 -12.012010 298.467773 
18500.000000 27.000000 -9.446757 519.272766 
18600.000000 20.000000 -4.672384 611.580139 
18700.000000 0.000000 15.000000 121.252594 
18800.000000 4.000000 10.506552 42.579670 
18900.000000 7.000000 10.298438 104.636658 
19000.000000 15.000000 3.763759 66.449715 
19100.000000 4.000000 11.215614 165.117828 
19200.000000 8.000000 5.993161 293.011414 
19300.000000 0.000000 14.385388 23.106760 
19400.000000 12.000000 4.772663 51.149200 
19500.000000 14.000000 1.395884 302.069733 
19600.000000 15.000000 3.471773 240.087280 
19700.000000 0.000000 14.824318 0.590848 
19800.000000 0.000000 15.000000 51.877460 
19900.000000 1.000000 4.917281 30.008705 
20000.000000 9.000000 7.519775 92.233047 
20100.000000 11.000000 -0.341932 76.917358 
20200.000000 13.000000 6.046495 68.756439 
20300.000000 14.000000 -1.991347 414.709381 
20400.000000 21.000000 -5.698184 736.488464 
20500.000000 13.000000 1.117504 517.119141 
20600.000000 15.000000 -0.808194 313.340881 
20700.000000 2.000000 12.738134 0.478916 
20800.000000 1.000000 12.372864 37.203758 
20900.000000 18.000000 -3.580084 4.949678 
21000.000000 3.000000 15.000000 6.833796 
21100.000000 9.000000 8.889861 4.189554 
21200.000000 14.000000 4.842106 244.076340 
21300.000000 8.000000 7.915313 133.650436 
21400.000000 25.000000 -12.191860 447.491760 
21500.000000 22.000000 -8.327278 841.330688 
21600.000000 4.000000 11.995768 75.936966 
21700.000000 20.000000 -4.087998 401.827576 
21800.000000 8.000000 2.471956 218.164322 
21900.000000 24.000000 -4.229209 131.850632 
22000.000000 2.000000 12.118799 0.996547 
22100.000000 0.000000 14.312669 34.919960 
22200.000000 20.000000 -5.476976 22.887207 
22300.000000 27.000000 -11.181867 499.619629 
22400.000000 13.000000 2.284190 528.454346 
22500.000000 9.000000 3.545207 5.094129 
22600.000000 17.000000 -1.620477 185.802505 
22700.000000 0.000000 13.570436 49.298023 
22800.000000 0.000000 14.961368 5.355122 
22900.000000 1.000000 14.370463 19.008171 
23000.000000 27.000000 -10.645126 18.121050 
23100.000000 3.000000 9.993193 4.823791 
23200.000000 25.000000 -3.910015 470.471344 
23300.000000 0.000000 12.967070 234.302704 
23400.000000 6.000000 12.363036 171.513184 
23500.000000 8.000000 6.615752 112.525833 
23600.000000 13.000000 7.394766 32.005039 
23700.000000 14.000000 0.483871 0.961963 
23800.000000 23.000000 -12.447557 413.537231 
23900.000000 4.000000 8.388556 187.623810 
24000.000000 18.000000 0.560012 418.244202 
24100.000000 27.000000 -13.384194 355.741791 
24200.000000 0.000000 11.042537 212.056686 
24300.000000 15.000000 -0.219896 26.153492 
24400.000000 22.000000 -6.617719 307.212524 
24500.000000 8.000000 8.535142 315.449799 
24600.000000 11.000000 4.790382 65.067650 
24700.000000 23.000000 -8.093610 41.889828 
24800.000000 27.000000 -7.268187 556.564575 
24900.000000 16.000000 -2.205406 739.674438 
25000.000000 22.000000 -2.831581 754.093140 
25100.000000 0.000000 15.000000 28.391869 
25200.000000 5.000000 14.101646 1.681423 
25300.000000 27.000000 -14.169123 221.789444 
25400.000000 27.000000 -7.907870 578.703125 
25500.000000 23.000000 -7.116451 739.621216 
25600.000000 16.000000 10.673884 617.737549 
25700.000000 19.000000 -0.672263 87.877625 
25800.000000 25.000000 -5.304626 310.621948 
25900.000000 7.000000 8.315519 553.772339 
26000.000000 13.000000 6.616008 551.237122 
26100.000000 5.000000 9.328127 127.127640 
26200.000000 3.000000 15.000000 94.672485 
26300.000000 0.000000 15.000000 32.829174 
26400.000000 0.000000 14.954681 122.947578 
26500.000000 2.000000 10.601831 4.706930 
26600.000000 0.000000 15.000000 30.944765 
26700.000000 21.000000 1.845711 53.625538 
26800.000000 25.000000 -10.073802 197.040390 
26900.000000 17.000000 -2.339263 551.824341 
27000.000000 27.000000 -11.906152 971.033081 
27100.000000 0.000000 14.899085 90.849342 
27200.000000 13.000000 6.642656 336.083649 
27300.000000 21.000000 -1.367912 235.986511 
27400.000000 15.000000 2.012899 200.821411 
27500.000000 0.000000 14.963474 0.290595 
27600.000000 25.000000 -11.214400 151.722672 
27700.000000 24.000000 -7.028295 393.429993 
27800.000000 10.000000 8.331869 63.298046 
27900.000000 19.000000 -4.738131 71.423012 
28000.000000 3.000000 15.000000 27.890892 
28100.000000 1.000000 12.598003 0.602585 
28200.000000 19.000000 0.167890 252.583069 
28300.000000 11.000000 7.456744 508.355988 
28400.000000 27.000000 -12.264619 920.820496 
28500.000000 9.000000 8.898090 650.487488 
28600.000000 27.000000 -10.558152 158.936386 
28700.000000 3.000000 10.523300 16.147064 
28800.000000 13.000000 0.379507 249.678223 
28900.000000 27.000000 -11.336865 743.002197 
29000.000000 0.000000 13.740475 59.872082 
29100.000000 17.000000 -1.776332 88.868980 
29200.000000 12.000000 2.306702 282.828278 
29300.000000 9.000000 6.792080 5.880451 
29400.000000 8.000000 5.141484 0.702607 
29500.000000 5.000000 12.909280 89.630753 
29600.000000 0.000000 14.790539 2.127017 
29700.000000 15.000000 2.086236 133.570465 
29800.000000 12.000000 9.122949 56.289024 
29900.000000 27.000000 -6.961515 180.016403 
30000.000000 17.000000 -2.908135 370.854004 
30100.000000 16.000000 -4.159294 806.548584 
30200.000000 13.000000 3.929587 625.699158 
30300.000000 7.000000 11.965839 177.740738 
30400.000000 26.000000 -7.989752 152.750916 
30500.000000 13.000000 1.163258 428.506775 
30600.000000 15.000000 3.123833 760.085083 
30700.000000 15.000000 0.029735 501.677795 
30800.000000 18.000000 3.784110 848.356384 
30900.000000 7.000000 7.688696 68.266205 
31000.000000 8.000000 9.120215 0.886199 
31100.000000 0.000000 14.431648 54.145023 
31200.000000 0.000000 14.966561 133.474533 
31300.000000 4.000000 11.466593 105.208633 
31400.000000 12.000000 -0.682918 51.444813 
31500.000000 27.000000 -12.072035 406.621338 
31600.000000 16.000000 -4.724548 843.513977 
31700.000000 27.000000 -11.456411 818.837646 
31800.000000 0.000000 13.803532 109.875252 
31900.000000 27.000000 -0.296430 77.501266 
32000.000000 24.000000 11.423094 24.580641 
32100.000000 16.000000 0.786243 90.935829 
32200.000000 27.000000 13.500295 152.500977 
32300.000000 27.000000 9.200097 153.081390 
32400.000000 24.000000 7.740995 178.796448 
32500.000000 8.000000 12.276284 109.434525 
32600.000000 27.000000 6.049712 12.042789 
32700.000000 12.000000 6.243744 195.885895 
32800.000000 14.000000 6.092239 188.585907 
32900.000000 15.000000 -1.566878 272.756927 
33000.000000 27.000000 5.202058 343.378601 
33100.000000 17.000000 4.774296 269.775787 
33200.000000 20.000000 10.700293 5.837073 
33300.000000 8.000000 11.922953 38.731522 
33400.000000 2.000000 15.000000 0.587633 
33500.000000 6.000000 11.834726 15.431282 
33600.000000 25.000000 3.510665 77.912926 
33700.000000 21.000000 8.957322 119.143013 
33800.000000 0.000000 15.000000 0.491462 
33900.000000 22.000000 4.902156 14.334264 
34000.000000 25.000000 7.781440 114.404091 
34100.000000 27.000000 7.342605 323.221954 
34200.000000 9.000000 6.136053 317.462067 
34300.000000 24.000000 3.603583 248.058060 
34400.000000 27.000000 2.123419 351.298981 
34500.000000 8.000000 8.509768 348.392578 
34600.000000 23.000000 8.235101 40.499268 
34700.000000 27.000000 10.640554 127.653175 
34800.000000 23.000000 -2.264276 138.085983 
34900.000000 26.000000 -1.440852 218.270691 
35000.000000 6.000000 13.904504 76.438866 
35100.000000 24.000000 -7.302240 8.850714 
35200.000000 27.000000 -3.668551 440.452057 
35300.000000 10.000000 5.268237 119.258041 
35400.000000 27.000000 -2.389256 384.596039 
35500.000000 4.000000 14.924588 21.318235 
35600.000000 0.000000 14.919904 22.027327 
35700.000000 20.000000 -7.311555 173.875122 
35800.000000 6.000000 9.347062 206.255722 
35900.000000 13.000000 6.695950 0.703126 
36000.000000 27.000000 -8.681652 63.591003 
36100.000000 3.000000 9.965088 100.911415 
36200.000000 22.000000 -0.706424 48.046867 
36300.000000 18.000000 3.027726 441.533997 
36400.000000 27.000000 -10.643356 771.253845 
36500.000000 21.000000 -1.488533 228.793671 
36600.000000 7.000000 13.098472 430.621948 
36700.000000 8.000000 10.820065 139.417297 
36800.000000 7.000000 10.821841 0.794330 
36900.000000 10.000000 7.752176 56.644173 
37000.000000 21.000000 -5.634041 2.189734 
37100.000000 27.000000 -9.174275 260.660919 
37200.000000 24.000000 -7.300972 434.016907 
37300.000000 5.000000 14.333155 159.992279 
37400.000000 24.000000 2.303064 15.275198 
37500.000000 27.000000 -8.522543 522.348389 
37600.000000 0.000000 15.000000 36.430523 
37700.000000 0.000000 15.000000 42.472179 
37800.000000 2.000000 15.000000 44.864971 
37900.000000 9.000000 14.785534 73.912033 
38000.000000 27.000000 15.000000 29.514215 
38100.000000 1.000000 15.000000 14.995392 
38200.000000 11.000000 15.000000 65.439613 
38300.000000 6.000000 15.000000 126.756035 
38400.000000 6.000000 15.000000 15.673854 
38500.000000 18.000000 4.840967 12.084052 
38600.000000 0.000000 15.000000 0.180315 
38700.000000 8.000000 9.838372 57.583427 
38800.000000 27.000000 -2.696363 30.579262 
38900.000000 27.000000 -7.403171 367.188690 
39000.000000 1.000000 9.981866 30.496027 
39100.000000 8.000000 11.113496 38.538155 
39200.000000 19.000000 -0.711045 55.721642 
39300.000000 22.000000 -2.874695 567.643738 
39400.000000 27.000000 -9.131968 651.149109 
39500.000000 3.000000 15.000000 25.176699 
39600.000000 15.000000 0.356524 3.521608 
39700.000000 27.000000 -5.842334 332.433319 
39800.000000 12.000000 1.339934 418.943481 
39900.000000 25.000000 -4.202629 693.452820 
40000.000000 23.000000 0.227218 772.788391 
40100.000000 21.000000 0.801590 602.226135 
40200.000000 18.000000 -3.905071 528.998169 
40300.000000 27.000000 -6.269223 637.464661 
40400.000000 22.000000 -4.572467 925.388000 
40500.000000 0.000000 15.000000 300.461517 
40600.000000 26.000000 -7.062799 393.082153 
40700.000000 10.000000 11.580647 629.853394 
40800.000000 0.000000 14.832365 7.710783 
40900.000000 15.000000 3.300160 133.503754 
41000.000000 27.000000 -8.775583 331.961639 
41100.000000 27.000000 -12.784423 847.876892 
41200.000000 1.000000 -16.000000 600.165527 
41300.000000 24.000000 -3.095958 890.927917 
41400.000000 0.000000 13.609221 226.123322 
41500.000000 5.000000 15.000000 31.831747 
41600.000000 3.000000 8.950050 1.362891 
41700.000000 7.000000 -8.790000 93.010841 
41800.000000 27.000000 -16.000000 534.563660 
41900.000000 27.000000 -9.575142 1010.429565 
42000.000000 1.000000 7.156152 587.953735 
42100.000000 0.000000 15.000000 2.375414 
42200.000000 16.000000 1.083707 89.189072 
42300.000000 0.000000 15.000000 64.173714 
42400.000000 0.000000 15.000000 38.664009 
42500.000000 13.000000 -5.441165 20.836103 
42600.000000 0.000000 9.638194 11.822144 
42700.000000 21.000000 -3.522258 40.070965 
42800.000000 8.000000 9.209534 221.345215 
42900.000000 27.000000 -9.180672 65.054604 
43000.000000 22.000000 -4.562275 5.591103 
43100.000000 20.000000 -0.790916 514.948975 
43200.000000 7.000000 11.150646 304.991852 
43300.000000 7.000000 10.793555 3.161702 
43400.000000 4.000000 15.000000 0.179567 
43500.000000 25.000000 -7.733641 15.995718 
43600.000000 15.000000 3.981908 115.465782 
43700.000000 24.000000 -9.212896 238.357193 
43800.000000 4.000000 14.605048 143.421234 
43900.000000 4.000000 10.131944 0.019624 
44000.000000 10.000000 8.385073 1.376987 
44100.000000 9.000000 10.078349 58.596241 
44200.000000 1.000000 15.000000 0.214455 
44300.000000 0.000000 15.000000 70.734528 
44400.000000 17.000000 2.544549 0.468629 
44500.000000 26.000000 -9.458677 296.708649 
44600.000000 8.000000 9.375092 125.378349 
44700.000000 13.000000 5.944930 18.889414 
44800.000000 23.000000 -3.617859 71.536850 
44900.000000 19.000000 -0.357038 559.995728 
45000.000000 0.000000 12.709567 3.434700 
45100.000000 9.000000 5.894971 0.837145 
45200.000000 8.000000 10.075251 36.771832 
45300.000000 18.000000 -0.684342 9.007039 
45400.000000 24.000000 -5.991445 500.606384 
45500.000000 7.000000 11.355681 64.187073 
45600.000000 0.000000 15.000000 5.613654 
45700.000000 0.000000 15.000000 54.426945 
45800.000000 6.000000 12.357080 9.317694 
45900.000000 14.000000 3.699695 4.251338 
46000.000000 27.000000 -9.236484 156.416382 
46100.000000 26.000000 -9.755178 718.158813 
46200.000000 9.000000 8.527657 197.209122 
46300.000000 27.000000 -8.592072 315.326904 
46400.000000 0.000000 15.000000 119.342377 
46500.000000 27.000000 -9.186021 82.856308 
46600.000000 17.000000 0.791093 475.070404 
46700.000000 10.000000 9.599191 678.221313 
46800.000000 9.000000 9.255363 113.934044 
46900.000000 4.000000 8.516064 7.696549 
47000.000000 0.000000 15.000000 83.769516 
47100.000000 10.000000 8.636874 7.442171 
47200.000000 1.000000 15.000000 29.701365 
47300.000000 20.000000 -1.761578 63.501030 
47400.000000 16.000000 3.588026 438.506622 
47500.000000 15.000000 3.765515 411.410736 
47600.000000 15.000000 5.598180 358.415405 
47700.000000 0.000000 15.000000 158.129013 
47800.000000 15.000000 2.332691 158.791931 
47900.000000 0.000000 15.000000 0.018799 
48000.000000 8.000000 10.217326 0.001915 
48100.000000 0.000000 15.000000 21.783962 
48200.000000 10.000000 5.597624 7.325464 
48300.000000 15.000000 15.000000 0.022734 
48400.000000 27.000000 1.823041 13.290108 
48500.000000 20.000000 -4.515008 458.735748 
48600.000000 9.000000 9.914731 547.046936 
48700.000000 7.000000 11.334495 491.159760 
48800.000000 9.000000 9.034651 0.162026 
48900.000000 5.000000 13.844450 7.245796 
49000.000000 3.000000 13.727259 33.179508 
49100.000000 8.000000 10.882402 96.140259 
49200.000000 19.000000 1.036219 14.687895 
49300.000000 27.000000 -7.047686 472.139923 
49400.000000 20.000000 0.714564 231.282928 
49500.000000 26.000000 -6.299395 495.066498 
49600.000000 16.000000 3.999652 444.094879 
49700.000000 20.000000 15.000000 293.530396 
49800.000000 16.000000 3.880585 311.269104 
49900.000000 13.000000 6.637427 515.920776 
50000.000000 27.000000 -7.338996 817.259644 
50100.000000 20.000000 1.739723 655.584961 
50200.000000 19.000000 15.000000 404.694336 
50300.000000 16.000000 9.638391 61.725620 
50400.000000 4.000000 15.000000 13.386409 
50500.000000 16.000000 5.571103 3.551429 
50600.000000 0.000000 15.000000 30.794960 
50700.000000 22.000000 -1.207665 0.524920 
50800.000000 8.000000 8.058156 1.229897 
50900.000000 18.000000 6.609334 345.016479 
51000.000000 27.000000 -5.951605 242.536682 
51100.000000 7.000000 10.678153 287.281311 
51200.000000 3.000000 15.000000 59.433823 
51300.000000 0.000000 15.000000 19.919550 
51400.000000 0.000000 15.000000 92.844864 
51500.000000 27.000000 -5.835341 29.045515 
51600.000000 27.000000 -6.020960 521.487976 
51700.000000 19.000000 0.027405 602.206299 
51800.000000 27.000000 -2.463768 682.933044 
51900.000000 24.000000 -5.651556 377.011597 
52000.000000 7.000000 13.342503 313.345734 
52100.000000 27.000000 -6.309640 558.214722 
52200.000000 10.000000 10.761494 145.439499 
52300.000000 6.000000 2.872258 0.123898 
52400.000000 4.000000 14.523114 60.067429 
52500.000000 23.000000 -0.724122 88.021759 
52600.000000 27.000000 -6.262642 520.318115 
52700.000000 9.000000 9.863256 141.546463 
52800.000000 11.000000 -4.129466 354.888245 
52900.000000 27.000000 -6.439344 646.156799 
53000.000000 11.000000 4.475283 431.586670 
53100.000000 26.000000 -7.675041 258.136566 
53200.000000 9.000000 3.590261 209.585861 
53300.000000 11.000000 8.148770 140.654144 
53400.000000 15.000000 5.917075 38.411201 
53500.000000 0.000000 15.000000 8.702103 
53600.000000 4.000000 12.636499 6.143359 
53700.000000 23.000000 -6.160617 3.080110 
53800.000000 27.000000 -6.268018 227.633423 
53900.000000 1.000000 15.000000 14.973437 
54000.000000 4.000000 15.000000 37.207253 
54100.000000 27.000000 -5.404505 203.723633 
54200.000000 5.000000 8.149883 185.750000 
54300.000000 10.000000 1.013364 12.153121 
54400.000000 9.000000 8.507931 336.033722 
54500.000000 27.000000 -3.303366 496.667206 
54600.000000 20.000000 -5.789552 417.249390 
54700.000000 19.000000 -12.558369 585.808594 
54800.000000 19.000000 -16.000000 662.037781 
54900.000000 2.000000 14.839593 50.780037 
55000.000000 13.000000 7.916835 7.839814 
55100.000000 27.000000 -8.971910 332.472961 
55200.000000 5.000000 14.040746 14.835974 
55300.000000 0.000000 15.000000 44.142178 
55400.000000 23.000000 -2.907067 16.751095 
55500.000000 13.000000 9.421216 140.684677 
55600.000000 0.000000 15.000000 6.653213 
55700.000000 0.000000 15.000000 75.900169 
55800.000000 0.000000 14.659673 37.158993 
55900.000000 0.000000 9.616049 27.319180 
56000.000000 9.000000 6.610571 30.289751 
56100.000000 8.000000 5.362746 29.676699 
56200.000000 20.000000 -3.297013 151.780518 
56300.000000 3.000000 10.013574 12.133473 
56400.000000 13.000000 8.877491 32.022781 
56500.000000 22.000000 -7.552989 245.077759 
56600.000000 0.000000 -6.457285 283.403259 
56700.000000 22.000000 -15.979736 657.609436 
56800.000000 13.000000 3.860244 448.066681 
56900.000000 27.000000 -7.017993 613.199219 
57000.000000 6.000000 10.873322 524.755554 
57100.000000 27.000000 -6.951426 579.712646 
57200.000000 21.000000 -0.161195 806.868774 
57300.000000 22.000000 -7.265219 585.614014 
57400.000000 27.000000 -10.522937 889.232605 
57500.000000 0.000000 15.000000 512.517151 
57600.000000 17.000000 4.873275 413.524048 
57700.000000 8.000000 -16.000000 536.248901 
57800.000000 24.000000 0.685996 668.029846 
57900.000000 0.000000 15.000000 298.416901 
58000.000000 19.000000 -4.990159 66.458405 
58100.000000 1.000000 15.000000 128.705414 
58200.000000 16.000000 1.160348 0.024590 
58300.000000 27.000000 -9.231564 424.514923 
58400.000000 21.000000 -1.417835 767.013123 
58500.000000 12.000000 5.074553 396.255829 
58600.000000 13.000000 -16.000000 193.242767 
58700.000000 0.000000 -16.000000 311.647858 
58800.000000 21.000000 -2.892039 641.235413 
58900.000000 22.000000 -1.084440 810.070984 
59000.000000 17.000000 -0.162268 444.620056 
59100.000000 8.000000 8.174391 12.652806 
59200.000000 4.000000 13.209647 7.058763 
59300.000000 21.000000 0.070795 155.912796 
59400.000000 25.000000 -3.725797 596.660828 
59500.000000 7.000000 9.445868 165.131866 
59600.000000 26.000000 -4.862226 371.560822 
59700.000000 0.000000 15.000000 0.241005 
59800.000000 6.000000 11.719837 23.915628 
59900.000000 27.000000 -7.031836 237.524506 
60000.000000 3.000000 15.000000 43.730549 
60100.000000 12.000000 9.288404 33.328682 
60200.000000 6.000000 15.000000 17.968683 
60300.000000 0.000000 15.000000 9.834893 
60400.000000 0.000000 4.734726 25.430586 
60500.000000 0.000000 1.907388 1.008480 
60600.000000 19.000000 -1.518086 155.282166 
60700.000000 15.000000 3.854786 435.762268 
60800.000000 16.000000 3.754705 244.476913 
60900.000000 27.000000 -9.997074 231.628906 
61000.000000 25.000000 -16.000000 604.899353 
61100.000000 8.000000 -16.000000 578.353638 
61200.000000 12.000000 8.743824 781.549011 
61300.000000 5.000000 14.107089 156.317581 
61400.000000 0.000000 11.042302 6.162421 
61500.000000 27.000000 -13.659539 271.001221 
61600.000000 13.000000 4.388753 369.356964 
61700.000000 11.000000 8.238093 36.868240 
61800.000000 4.000000 10.272593 4.222638 
61900.000000 16.000000 -4.560379 58.284660 
62000.000000 0.000000 14.043555 17.618408 
62100.000000 17.000000 -2.427479 30.245153 
62200.000000 10.000000 7.044705 101.082565 
62300.000000 15.000000 0.833357 58.696579 
62400.000000 7.000000 12.848482 98.131088 
62500.000000 27.000000 -12.945614 304.565887 
62600.000000 23.000000 -4.223798 823.368103 
62700.000000 5.000000 14.053212 494.498138 
62800.000000 5.000000 9.687330 80.188850 
62900.000000 10.000000 3.613967 102.288216 
63000.000000 5.000000 14.162034 6.362480 
63100.000000 11.000000 7.087251 13.714313 
63200.000000 13.000000 2.935972 3.899108 
63300.000000 27.000000 -12.268257 319.631073 
63400.000000 26.000000 -10.501130 809.462585 
63500.000000 13.000000 7.253505 549.506836 
63600.000000 22.000000 -6.154317 73.862442 
63700.000000 20.000000 0.380428 577.942078 
63800.000000 7.000000 10.354363 269.986206 
63900.000000 0.000000 13.885775 16.494837 
64000.000000 27.000000 -9.686682 59.097809 
64100.000000 27.000000 -11.572818 432.439087 
64200.000000 0.000000 14.379292 36.608665 
64300.000000 4.000000 9.184014 29.312717 
64400.000000 0.000000 14.213763 76.546082 
64500.000000 19.000000 -5.112407 58.823189 
64600.000000 23.000000 -9.286511 181.545822 
64700.000000 16.000000 -1.430572 624.825378 
64800.000000 23.000000 -7.970026 264.228546 
64900.000000 26.000000 -10.954811 863.168884 
65000.000000 27.000000 -12.173692 1193.753906 
65100.000000 7.000000 7.344538 246.552338 
65200.000000 27.000000 -10.268497 357.245605 
65300.000000 0.000000 14.827329 76.809837 
65400.000000 2.000000 13.484984 28.813183 
65500.000000 0.000000 15.000000 7.799035 
65600.000000 11.000000 5.079777 47.045124 
65700.000000 23.000000 -7.954716 85.968842 
65800.000000 8.000000 11.312749 377.299561 
65900.000000 17.000000 -1.261162 347.387573 
66000.000000 22.000000 -8.962134 609.881042 
66100.000000 13.000000 -10.020551 533.842834 
66200.000000 13.000000 -16.000000 805.168579 
66300.000000 16.000000 -12.439078 594.082336 
66400.000000 16.000000 -16.000000 504.983063 
66500.000000 24.000000 -3.920173 918.489319 
66600.000000 9.000000 6.592193 31.401354 
66700.000000 13.000000 -14.604455 219.530869 
66800.000000 8.000000 9.424460 77.772430 
66900.000000 8.000000 10.170248 155.497223 
67000.000000 19.000000 -3.896734 47.439842 
67100.000000 11.000000 5.789160 120.317055 
67200.000000 0.000000 15.000000 18.917492 
67300.000000 12.000000 5.344686 6.996540 
67400.000000 14.000000 3.088011 263.444275 
67500.000000 7.000000 6.468891 4.731196 
67600.000000 22.000000 -4.233303 134.632706 
67700.000000 24.000000 -9.597894 638.135864 
67800.000000 2.000000 13.688118 65.376785 
67900.000000 12.000000 2.733736 2.297491 
68000.000000 0.000000 -8.119267 264.466064 
68100.000000 12.000000 -4.940131 238.413345 
68200.000000 27.000000 -7.822822 414.159546 
68300.000000 22.000000 -9.182464 622.546387 
68400.000000 19.000000 -1.482381 287.155579 
68500.000000 23.000000 -8.955656 272.464874 
68600.000000 27.000000 -9.266841 722.782104 
68700.000000 27.000000 -5.870734 657.486450 
68800.000000 26.000000 -11.141472 799.644409 
68900.000000 0.000000 14.838881 538.909302 
69000.000000 1.000000 13.557179 226.807465 
69100.000000 20.000000 3.140018 43.336514 
69200.000000 0.000000 15.000000 68.492271 
69300.000000 18.000000 -3.708722 267.191620 
69400.000000 26.000000 -7.306051 772.524048 
69500.000000 1.000000 5.926975 551.905029 
69600.000000 11.000000 -5.709104 141.332336 
69700.000000 16.000000 -0.943542 306.865997 
69800.000000 12.000000 2.591790 56.807602 
69900.000000 16.000000 -1.394731 100.889557 
70000.000000 27.000000 -11.238923 189.786407 
70100.000000 3.000000 12.831421 65.136086 
70200.000000 6.000000 8.630857 127.647270 
70300.000000 24.000000 -5.440570 95.070816 
70400.000000 24.000000 -16.000000 351.062561 
70500.000000 12.000000 7.439103 723.620239 
70600.000000 16.000000 -0.446931 288.625092 
70700.000000 24.000000 -14.220515 659.180725 
70800.000000 6.000000 10.559813 96.494698 
70900.000000 0.000000 12.373971 0.335747 
71000.000000 15.000000 -1.479119 293.009155 
71100.000000 14.000000 -10.495466 757.862915 
71200.000000 5.000000 -5.820858 336.360504 
71300.000000 27.000000 -10.301340 538.306213 
71400.000000 27.000000 -9.972195 1034.852295 
71500.000000 10.000000 1.310897 832.388306 
71600.000000 6.000000 -2.403306 594.009827 
71700.000000 12.000000 4.200341 422.702759 
71800.000000 10.000000 4.235538 407.319092 
71900.000000 14.000000 5.081390 573.829224 
72000.000000 27.000000 -9.449110 628.808289 
72100.000000 27.000000 -10.212792 1005.189941 
72200.000000 17.000000 -2.230366 357.235931 
72300.000000 27.000000 -9.582917 751.502808 
72400.000000 25.000000 -9.193312 675.016785 
72500.000000 0.000000 15.000000 401.307068 
72600.000000 27.000000 -9.507087 397.355316 
72700.000000 27.000000 -10.168950 880.702026 
72800.000000 2.000000 11.435128 466.459839 
72900.000000 8.000000 8.699998 152.046860 
73000.000000 21.000000 -6.381978 133.906555 
73100.000000 2.000000 15.000000 388.864075 
73200.000000 27.000000 -11.938189 521.495544 
73300.000000 26.000000 -8.360690 548.731201 
73400.000000 7.000000 -16.000000 636.994995 
73500.000000 1.000000 -10.281293 212.194138 
73600.000000 7.000000 10.263046 367.371826 
73700.000000 0.000000 14.823536 21.298962 
73800.000000 13.000000 4.996457 2.287361 
73900.000000 27.000000 -8.358729 214.995743 
74000.000000 27.000000 -12.372778 748.783997 
74100.000000 27.000000 -12.528917 970.202576 
74200.000000 2.000000 15.000000 252.703613 
74300.000000 4.000000 11.569971 3.724025 
74400.000000 8.000000 11.717346 15.032474 
74500.000000 10.000000 5.133181 10.367430 
74600.000000 5.000000 4.752780 61.172176 
74700.000000 26.000000 -10.922941 341.401184 
74800.000000 0.000000 3.381628 270.071411 
74900.000000 17.000000 -0.431205 275.513458 
75000.000000 10.000000 5.587764 455.428650 
75100.000000 20.000000 -6.221894 20.072399 
75200.000000 23.000000 -9.398678 575.863403 
75300.000000 27.000000 -12.379992 857.660156 
75400.000000 20.000000 -9.730438 1130.650879 
75500.000000 25.000000 -3.544870 1223.604614 
75600.000000 27.000000 -10.973306 921.421570 
75700.000000 18.000000 -2.784179 1048.083374 
75800.000000 10.000000 3.708337 76.895042 
75900.000000 27.000000 -11.792255 589.029053 
76000.000000 24.000000 -7.555903 675.820801 
76100.000000 24.000000 -3.804849 783.292664 
76200.000000 14.000000 1.314849 685.394043 
76300.000000 13.000000 1.890703 131.982101 
76400.000000 0.000000 15.000000 4.579466 
76500.000000 3.000000 11.243148 49.243031 
76600.000000 27.000000 -11.739223 0.207900 
76700.000000 25.000000 -10.294586 155.728149 
76800.000000 26.000000 -11.218735 523.589783 
76900.000000 17.000000 -3.624089 583.509460 
77000.000000 24.000000 -9.472894 801.531006 
77100.000000 14.000000 2.665125 821.056580 
77200.000000 12.000000 1.611855 169.785172 
77300.000000 23.000000 -10.256593 61.755543 
77400.000000 16.000000 -0.683568 467.811890 
77500.000000 0.000000 14.832092 238.307449 
77600.000000 12.000000 3.001542 0.370017 
77700.000000 19.000000 -3.131590 59.357685 
77800.000000 27.000000 -8.257999 597.790039 
77900.000000 27.000000 -12.125134 882.654114 
78000.000000 27.000000 -11.995487 1052.088989 
78100.000000 27.000000 -12.806504 1251.762573 
78200.000000 5.000000 10.204863 404.996063 
78300.000000 5.000000 9.409099 0.000149 
78400.000000 0.000000 14.824504 8.856779 
78500.000000 27.000000 -12.793086 171.193787 
78600.000000 0.000000 15.000000 210.562393 
78700.000000 14.000000 0.828713 26.457798 
78800.000000 21.000000 -5.722639 172.824158 
78900.000000 27.000000 -12.666122 492.970795 
79000.000000 26.000000 -10.337241 970.688477 
79100.000000 16.000000 -3.334784 665.289917 
79200.000000 22.000000 -6.655010 728.850281 
79300.000000 27.000000 -12.737693 993.240540 
79400.000000 26.000000 -10.003740 1172.809326 
79500.000000 24.000000 -10.275028 892.668213 
79600.000000 22.000000 -7.936743 1088.696655 
79700.000000 24.000000 -7.494470 1230.912231 
79800.000000 5.000000 11.129715 559.540833 
79900.000000 21.000000 -4.398686 25.718639 
80000.000000 24.000000 -10.314709 385.448456 
80100.000000 0.000000 7.356001 184.366455 
80200.000000 22.000000 -7.530756 68.339478 
80300.000000 10.000000 -15.145406 367.974182 
80400.000000 10.000000 3.533577 92.111069 
80500.000000 6.000000 8.603898 36.077465 
80600.000000 22.000000 -5.512634 370.782837 
80700.000000 3.000000 13.729075 185.152039 
80800.000000 2.000000 15.000000 0.839150 
80900.000000 0.000000 8.779242 42.218998 
81000.000000 0.000000 15.000000 13.099732 
81100.000000 2.000000 14.284658 11.232780 
81200.000000 21.000000 -1.767053 6.029845 
81300.000000 8.000000 11.313792 22.344919 
81400.000000 5.000000 9.521758 191.721909 
81500.000000 27.000000 -12.516384 287.732941 
81600.000000 27.000000 -12.097254 522.586243 
81700.000000 1.000000 13.847929 105.349228 
81800.000000 22.000000 -8.971164 396.709229 
81900.000000 8.000000 8.436304 179.696732 
82000.000000 20.000000 -5.798598 488.711121 
82100.000000 22.000000 -7.397093 889.535095 
82200.000000 1.000000 13.940568 155.284683 
82300.000000 19.000000 -2.504629 111.748970 
82400.000000 25.000000 -10.458964 56.648945 
82500.000000 23.000000 -9.591288 507.250763 
82600.000000 2.000000 4.039126 550.681946 
82700.000000 27.000000 -11.983140 375.369354 
82800.000000 27.000000 -11.842694 1013.753052 
82900.000000 27.000000 -12.737196 1306.185059 
83000.000000 27.000000 -10.022207 872.882568 
83100.000000 10.000000 3.940256 150.779724 
83200.000000 9.000000 8.049112 20.930851 
83300.000000 26.000000 -7.765460 459.278259 
83400.000000 5.000000 13.738034 36.044579 
83500.000000 27.000000 -12.169653 350.664490 
83600.000000 19.000000 -3.940838 474.188568 
83700.000000 19.000000 -6.144901 780.830139 
83800.000000 27.000000 -11.752647 620.518188 
83900.000000 18.000000 -2.675672 144.549820 
84000.000000 22.000000 -4.971908 319.053070 
84100.000000 27.000000 -12.238636 429.292511 
84200.000000 27.000000 -12.246128 889.799194 
84300.000000 26.000000 -12.182216 917.802307 
84400.000000 13.000000 2.227695 415.296478 
84500.000000 21.000000 -1.206245 509.344696 
84600.000000 26.000000 -12.752561 241.288574 
84700.000000 19.000000 -3.286651 167.612503 
84800.000000 10.000000 7.688975 247.939255 
84900.000000 27.000000 -12.387474 198.829529 
85000.000000 8.000000 6.890126 155.824112 
85100.000000 4.000000 7.421186 3.320575 
85200.000000 0.000000 14.860095 3.629515 
85300.000000 14.000000 -0.018558 33.385590 
85400.000000 20.000000 -3.770729 358.256744 
85500.000000 4.000000 11.834307 281.382050 
85600.000000 1.000000 12.163263 1.152093 
85700.000000 22.000000 -8.616404 279.117706 
85800.000000 16.000000 -0.647846 767.978088 
85900.000000 27.000000 -11.834815 923.250671 
86000.000000 16.000000 1.814902 1045.211060 
86100.000000 11.000000 3.143251 200.872040 
86200.000000 27.000000 -12.276931 533.730225 
86300.000000 27.000000 -11.941812 983.999268 
86400.000000 10.000000 3.083930 476.001862 
86500.000000 3.000000 10.118555 268.359802 
86600.000000 6.000000 7.145711 30.536444 
86700.000000 14.000000 1.517506 4.117301 
86800.000000 18.000000 1.629666 234.925491 
86900.000000 0.000000 14.823529 6.712641 
87000.000000 1.000000 15.000000 10.505870 
87100.000000 19.000000 -4.436192 112.575348 
87200.000000 8.000000 7.112049 3.663335 
87300.000000 17.000000 -4.485320 260.921692 
87400.000000 17.000000 -1.442213 551.109863 
87500.000000 0.000000 14.823779 33.085468 
87600.000000 27.000000 -12.658947 4.045409 
87700.000000 17.000000 -1.902629 427.095398 
87800.000000 20.000000 -3.258153 807.325562 
87900.000000 24.000000 -9.751023 269.489716 
88000.000000 15.000000 -1.258126 48.258789 
88100.000000 3.000000 11.933970 51.834560 
88200.000000 0.000000 15.000000 25.729639 
88300.000000 16.000000 0.002989 0.079821 
88400.000000 7.000000 14.602438 39.879875 
88500.000000 27.000000 -9.172107 93.503036 
88600.000000 3.000000 14.200629 27.850292 
88700.000000 20.000000 -5.490448 76.631378 
88800.000000 18.000000 0.185661 405.728668 
88900.000000 8.000000 -4.923974 55.537758 
89000.000000 16.000000 -1.107233 427.377594 
89100.000000 13.000000 1.484485 349.087280 
89200.000000 22.000000 -7.056252 753.943787 
89300.000000 15.000000 0.035039 246.339218 
89400.000000 17.000000 -1.711557 450.415955 
89500.000000 16.000000 -3.517692 527.350769 
89600.000000 22.000000 -5.720862 1019.171692 
89700.000000 14.000000 4.095511 548.915588 
89800.000000 4.000000 8.634326 1.050684 
89900.000000 5.000000 10.382200 31.450138 
90000.000000 0.000000 15.000000 37.522419 
90100.000000 2.000000 9.872580 0.203277 
90200.000000 0.000000 15.000000 7.282609 
90300.000000 12.000000 2.703718 1.771788 
90400.000000 10.000000 5.138007 9.673345 
90500.000000 26.000000 -8.467155 224.295593 
90600.000000 0.000000 15.000000 48.051319 
90700.000000 6.000000 10.278687 4.678668 
90800.000000 0.000000 14.405623 30.209751 
90900.000000 27.000000 -11.904553 39.621052 
91000.000000 27.000000 -11.911439 630.073242 
91100.000000 17.000000 -1.792910 680.557251 
91200.000000 20.000000 -4.824445 733.411743 
91300.000000 16.000000 -1.117491 282.230042 
91400.000000 9.000000 7.520477 109.681885 
91500.000000 27.000000 -11.595301 88.938232 
91600.000000 14.000000 3.001677 5.869012 
91700.000000 1.000000 14.977595 0.002523 
91800.000000 19.000000 -1.147440 10.315338 
91900.000000 6.000000 8.182016 0.951903 
92000.000000 25.000000 -10.056334 168.381897 
92100.000000 13.000000 0.619405 421.296600 
92200.000000 10.000000 -0.245711 294.450348 
92300.000000 20.000000 -8.049164 743.622131 
92400.000000 15.000000 2.488576 768.292969 
92500.000000 27.000000 -9.945104 645.543152 
92600.000000 27.000000 -12.484285 468.630737 
92700.000000 2.000000 14.303882 135.990845 
92800.000000 26.000000 -11.215151 277.359314 
92900.000000 3.000000 14.875819 291.288513 
93000.000000 27.000000 -11.871198 271.974304 
93100.000000 26.000000 -11.291921 709.623840 
93200.000000 0.000000 14.824445 63.421192 
93300.000000 27.000000 -11.718628 374.234314 
93400.000000 10.000000 4.565637 432.546112 
93500.000000 6.000000 11.640993 238.906052 
93600.000000 0.000000 15.000000 0.051051 
93700.000000 20.000000 -8.407320 34.642803 
93800.000000 19.000000 -2.733182 185.970657 
93900.000000 21.000000 -10.402980 538.986328 
94000.000000 4.000000 10.825976 606.538086 
94100.000000 17.000000 -9.493855 179.806076 
94200.000000 5.000000 14.503668 45.715874 
94300.000000 7.000000 0.256195 76.572517 
94400.000000 7.000000 8.103636 0.333351 
94500.000000 0.000000 15.000000 5.630833 
94600.000000 5.000000 13.303891 23.491299 
94700.000000 19.000000 -3.231983 54.195210 
94800.000000 27.000000 -11.995601 387.708679 
94900.000000 9.000000 6.045908 428.104614 
95000.000000 7.000000 7.782072 45.014202 
95100.000000 14.000000 1.056482 138.436661 
95200.000000 16.000000 -1.220314 282.668030 
95300.000000 0.000000 14.939502 24.481293 
95400.000000 6.000000 8.143471 39.491814 
95500.000000 0.000000 14.825229 77.209404 
95600.000000 8.000000 6.668064 57.308830 
95700.000000 0.000000 14.763627 4.695616 
95800.000000 0.000000 14.823530 49.033974 
95900.000000 1.000000 14.102435 2.941509 
96000.000000 14.000000 3.022530 25.581980 
96100.000000 25.000000 -12.493394 95.725449 
96200.000000 17.000000 0.358742 501.934814 
96300.000000 0.000000 15.000000 79.510643 
96400.000000 5.000000 9.927836 4.589900 
96500.000000 0.000000 15.000000 18.862373 
96600.000000 11.000000 5.195141 77.702805 
96700.000000 22.000000 -12.485668 17.955503 
96800.000000 20.000000 -11.315343 251.436081 
96900.000000 26.000000 -7.443293 774.045349 
97000.000000 3.000000 13.215662 505.403625 
97100.000000 27.000000 -12.067228 287.484314 
97200.000000 16.000000 1.194123 751.180847 
97300.000000 18.000000 -15.979248 724.047485 
97400.000000 22.000000 -2.396223 413.859406 
97500.000000 12.000000 6.886136 464.805786 
97600.000000 1.000000 14.132394 1.075915 
97700.000000 4.000000 12.590746 72.586998 
97800.000000 14.000000 1.188776 64.943069 
97900.000000 11.000000 4.269825 390.081940 
98000.000000 17.000000 -3.203902 777.330505 
98100.000000 19.000000 -4.454652 141.281570 
98200.000000 27.000000 -11.999996 661.590576 
98300.000000 14.000000 0.574323 657.278320 
98400.000000 8.000000 10.790595 54.693951 
98500.000000 27.000000 -11.614136 200.599060 
98600.000000 27.000000 -12.160677 619.089600 
98700.000000 5.000000 15.000000 162.061676 
98800.000000 6.000000 9.344232 0.659344 
98900.000000 13.000000 -4.091078 146.052719 
99000.000000 13.000000 1.679103 226.337799 
99100.000000 4.000000 12.573211 230.038086 
99200.000000 23.000000 -5.173038 216.262329 
99300.000000 27.000000 -12.202145 576.618347 
99400.000000 27.000000 -9.793311 1051.473145 
99500.000000 12.000000 4.897813 317.484131 
99600.000000 9.000000 7.807949 141.019043 
99700.000000 2.000000 15.000000 9.606051 
99800.000000 22.000000 -1.120792 47.343884 
99900.000000 2.000000 14.401546 0.527409 
100000.000000 18.000000 -3.252759 34.960518 
100100.000000 11.000000 -16.000000 273.504303 
100200.000000 13.000000 5.755200 277.065887 
100300.000000 27.000000 -12.503848 518.316650 
100400.000000 27.000000 -12.644699 307.440491 
100500.000000 16.000000 -1.161742 445.596771 
100600.000000 15.000000 0.052582 262.779724 
100700.000000 12.000000 2.414223 28.460623 
100800.000000 0.000000 13.333012 21.338020 
100900.000000 2.000000 12.300266 37.126461 
101000.000000 8.000000 9.166800 37.515083 
101100.000000 3.000000 14.719888 8.554766 
101200.000000 20.000000 -5.902592 86.006882 
101300.000000 24.000000 -7.879025 604.188660 
101400.000000 19.000000 0.948419 260.243530 
101500.000000 21.000000 -7.291666 69.853355 
101600.000000 0.000000 15.000000 41.270039 
101700.000000 6.000000 9.668440 1.767215 
101800.000000 0.000000 14.823570 26.431889 
101900.000000 0.000000 14.823811 110.307266 
102000.000000 24.000000 -6.570002 59.897617 
102100.000000 27.000000 -11.115014 490.072906 
102200.000000 27.000000 -11.675859 818.189453 
102300.000000 18.000000 -1.923266 675.243652 
102400.000000 15.000000 1.093706 443.057587 
102500.000000 10.000000 4.823604 60.038105 
102600.000000 0.000000 15.000000 95.681526 
102700.000000 0.000000 14.841165 0.810314 
102800.000000 0.000000 15.000000 80.153152 
102900.000000 27.000000 -10.872175 22.475519 
103000.000000 9.000000 2.929663 186.585648 
103100.000000 27.000000 -11.332952 301.117615 
103200.000000 19.000000 -2.717966 824.541809 
103300.000000 13.000000 3.822258 463.168121 
103400.000000 0.000000 14.823984 2.412088 
103500.000000 21.000000 -5.418165 3.251213 
103600.000000 24.000000 -10.023880 224.915665 
103700.000000 15.000000 2.787448 510.193756 
103800.000000 9.000000 6.120488 10.724514 
103900.000000 14.000000 1.054400 145.031631 
104000.000000 25.000000 -9.356854 409.695801 
104100.000000 23.000000 -9.178041 677.776611 
104200.000000 19.000000 -1.739087 953.585083 
104300.000000 16.000000 0.172907 787.155945 
104400.000000 7.000000 9.426937 284.248688 
104500.000000 0.000000 15.000000 6.364077 
104600.000000 20.000000 -5.937866 2.002987 
104700.000000 2.000000 14.972874 13.868220 
104800.000000 15.000000 -1.088461 80.575317 
104900.000000 3.000000 12.111569 165.865570 
105000.000000 9.000000 6.479192 31.598989 
105100.000000 27.000000 -11.627120 133.724518 
105200.000000 14.000000 2.235493 366.514465 
105300.000000 18.000000 0.534246 375.725128 
105400.000000 21.000000 -6.157917 638.459473 
105500.000000 24.000000 -8.253291 708.576599 
105600.000000 8.000000 7.381286 324.584106 
105700.000000 25.000000 -9.634618 275.195587 
105800.000000 4.000000 11.103162 239.257767 
105900.000000 13.000000 10.933258 116.635864 
106000.000000 19.000000 -4.148923 22.875862 
106100.000000 14.000000 1.336157 389.954834 
106200.000000 12.000000 6.588593 433.590088 
106300.000000 1.000000 13.553645 0.920151 
106400.000000 14.000000 0.565180 4.267716 
106500.000000 1.000000 14.826320 1.211222 
106600.000000 14.000000 5.614282 0.267315 
106700.000000 23.000000 -6.056962 145.364075 
106800.000000 1.000000 14.506701 1.434325 
106900.000000 0.000000 14.824299 1.587095 
107000.000000 20.000000 -6.276799 0.004061 
107100.000000 25.000000 -12.824215 278.730652 
107200.000000 6.000000 11.855151 245.264694 
107300.000000 25.000000 -8.137197 21.722990 
107400.000000 23.000000 -6.970692 113.013977 
107500.000000 16.000000 1.674412 103.396996 
107600.000000 25.000000 -6.461853 400.632568 
107700.000000 18.000000 -3.468071 487.778351 
107800.000000 4.000000 9.331429 41.292049 
107900.000000 18.000000 -4.437118 283.854767 
108000.000000 27.000000 -9.217252 549.838684 
108100.000000 0.000000 14.917084 53.809746 
108200.000000 27.000000 -11.999592 221.820465 
108300.000000 5.000000 5.927331 95.812340 
108400.000000 27.000000 -9.980828 95.762833 
108500.000000 27.000000 -12.218694 671.441345 
108600.000000 9.000000 5.707125 146.455872 
108700.000000 0.000000 14.979231 9.738726 
108800.000000 19.000000 -3.741743 0.161185 
108900.000000 19.000000 -10.747094 358.510010 
109000.000000 0.000000 15.000000 5.374178 
109100.000000 4.000000 14.081038 2.980786 
109200.000000 14.000000 -0.217573 23.473043 
109300.000000 7.000000 10.515305 16.396530 
109400.000000 5.000000 9.891582 24.917894 
109500.000000 19.000000 -3.107594 43.487926 
109600.000000 0.000000 15.000000 54.283405 
109700.000000 27.000000 -11.950404 193.668762 
109800.000000 0.000000 15.000000 132.393204 
109900.000000 17.000000 -1.722797 218.627747 
110000.000000 2.000000 13.962667 54.328251 
110100.000000 26.000000 -7.435923 119.186798 
110200.000000 27.000000 -11.999694 717.941040 
110300.000000 21.000000 -4.255165 661.090759 
110400.000000 12.000000 2.794046 344.483063 
110500.000000 24.000000 -8.857350 716.515381 
110600.000000 27.000000 -8.338481 1002.631104 
110700.000000 3.000000 15.000000 340.387756 
110800.000000 15.000000 -0.146834 40.340309 
110900.000000 10.000000 5.121704 344.297729 
111000.000000 0.000000 13.855172 17.879086 
111100.000000 6.000000 8.130053 4.081679 
111200.000000 19.000000 -0.647318 416.860657 
111300.000000 5.000000 10.519940 2.113334 
111400.000000 12.000000 4.605123 11.340796 
111500.000000 1.000000 13.553243 82.386696 
111600.000000 0.000000 15.000000 11.010453 
111700.000000 9.000000 5.814995 84.184097 
111800.000000 23.000000 -7.396111 187.932648 
111900.000000 27.000000 -11.873340 685.850281 
112000.000000 3.000000 15.000000 416.396820 
112100.000000 8.000000 8.236180 0.892290 
112200.000000 0.000000 13.274873 25.661453 
112300.000000 10.000000 8.578334 32.218838 
112400.000000 3.000000 13.777146 7.568809 
112500.000000 0.000000 14.591530 0.645468 
112600.000000 19.000000 -0.629191 129.960770 
112700.000000 0.000000 15.000000 14.197918 
112800.000000 10.000000 8.249726 82.203651 
112900.000000 3.000000 12.339486 87.539696 
113000.000000 0.000000 14.827328 107.691704 
113100.000000 22.000000 -8.650488 4.344024 
113200.000000 16.000000 0.623028 77.633217 
113300.000000 9.000000 6.069076 22.406569 
113400.000000 1.000000 14.976931 44.408176 
113500.000000 0.000000 15.000000 22.813377 
113600.000000 24.000000 -9.443631 224.058273 
113700.000000 0.000000 14.706038 82.652863 
113800.000000 10.000000 4.657122 2.878811 
113900.000000 3.000000 13.669688 1.810509 
114000.000000 2.000000 13.360157 40.664448 
114100.000000 5.000000 9.235427 112.034187 
114200.000000 26.000000 -11.171747 245.043274 
114300.000000 27.000000 -11.064621 682.326294 
114400.000000 3.000000 11.201421 75.955437 
114500.000000 1.000000 14.133366 21.817404 
114600.000000 9.000000 4.628539 1.287531 
114700.000000 27.000000 -11.697385 126.285072 
114800.000000 23.000000 -5.793774 791.537781 
114900.000000 27.000000 -7.325973 622.722046 
115000.000000 27.000000 -12.201694 859.035583 
115100.000000 2.000000 15.000000 529.664917 
115200.000000 27.000000 -9.245732 120.715164 
115300.000000 27.000000 -10.669227 407.693420 
115400.000000 0.000000 14.971750 265.598389 
115500.000000 10.000000 5.968849 223.269623 
115600.000000 7.000000 5.863186 71.899345 
115700.000000 24.000000 -10.127632 538.791626 
115800.000000 18.000000 1.144398 970.202698 
115900.000000 3.000000 14.464470 86.650803 
116000.000000 0.000000 14.854106 0.000001 
116100.000000 9.000000 3.762236 4.282659 
116200.000000 27.000000 -12.176436 426.809753 
116300.000000 27.000000 -12.176306 847.143494 
116400.000000 8.000000 10.163473 104.179688 
116500.000000 27.000000 -9.455020 435.442474 
116600.000000 2.000000 13.633546 24.881565 
116700.000000 19.000000 0.414447 225.379868 
116800.000000 27.000000 -11.896440 598.571411 
116900.000000 6.000000 9.516943 446.813538 
117000.000000 27.000000 -10.978657 437.931427 
117100.000000 17.000000 -1.683903 738.094177 
117200.000000 4.000000 11.591080 272.462158 
117300.000000 2.000000 12.198997 0.501111 
117400.000000 9.000000 7.226876 136.270477 
117500.000000 9.000000 5.830589 96.352264 
117600.000000 11.000000 7.971347 0.424048 
117700.000000 27.000000 -9.732442 30.519520 
117800.000000 11.000000 5.798295 28.700079 
117900.000000 26.000000 -5.194423 596.025696 
118000.000000 4.000000 9.285778 220.925217 
118100.000000 27.000000 -9.940983 426.566895 
118200.000000 12.000000 4.785413 514.038940 
118300.000000 7.000000 7.403453 19.851082 
118400.000000 17.000000 -0.907232 318.660645 
118500.000000 13.000000 2.373412 9.556155 
118600.000000 12.000000 3.069887 169.159424 
118700.000000 27.000000 -11.641402 332.095703 
118800.000000 10.000000 5.939463 334.831207 
118900.000000 0.000000 13.803533 0.000011 
119000.000000 27.000000 -10.386250 101.679123 
119100.000000 8.000000 6.624935 200.772797 
119200.000000 13.000000 1.603944 323.893311 
119300.000000 22.000000 -4.093278 359.712250 
119400.000000 3.000000 14.784225 7.467972 
119500.000000 15.000000 0.516900 19.818449 
119600.000000 2.000000 13.803529 85.461311 
119700.000000 16.000000 -0.421209 8.565234 
119800.000000 0.000000 14.827303 4.342888 
119900.000000 7.000000 12.098184 16.127867 
120000.000000 25.000000 -10.158156 309.282166 
120100.000000 27.000000 -11.626459 903.115112 
120200.000000 27.000000 -12.428399 1173.770020 
120300.000000 2.000000 14.979365 240.818176 
120400.000000 8.000000 5.845271 28.625372 
120500.000000 17.000000 4.179771 222.558792 
120600.000000 18.000000 -3.209380 57.604557 
120700.000000 0.000000 14.824020 1.617724 
120800.000000 8.000000 12.441727 1.761606 
120900.000000 27.000000 -10.322142 0.022146 
121000.000000 3.000000 14.942056 10.119304 
121100.000000 1.000000 15.000000 15.232820 
121200.000000 6.000000 14.974542 0.506042 
121300.000000 1.000000 15.000000 29.284590 
121400.000000 1.000000 12.911785 75.254814 
121500.000000 17.000000 -0.585755 117.693932 
121600.000000 27.000000 -12.331315 434.086853 
121700.000000 26.000000 -11.170113 329.273865 
121800.000000 24.000000 -11.208509 892.971680 
121900.000000 27.000000 -8.558564 508.155518 
122000.000000 21.000000 -6.423081 562.419495 
122100.000000 19.000000 -0.826718 907.585510 
122200.000000 24.000000 -11.668526 1043.491089 
122300.000000 15.000000 1.152606 703.114075 
122400.000000 6.000000 11.866046 139.167206 
122500.000000 25.000000 -4.877804 381.259064 
122600.000000 0.000000 15.000000 34.243439 
122700.000000 22.000000 -7.469348 0.743447 
122800.000000 13.000000 1.631216 5.778854 
122900.000000 14.000000 2.046512 83.459084 
123000.000000 2.000000 12.786901 3.264709 
123100.000000 7.000000 9.293568 57.051239 
123200.000000 25.000000 -9.807601 84.374916 
123300.000000 0.000000 15.000000 6.559363 
123400.000000 10.000000 8.126288 5.600292 
123500.000000 5.000000 12.197736 1.190461 
123600.000000 22.000000 -6.356813 218.182434 
123700.000000 26.000000 -12.652988 294.834198 
123800.000000 0.000000 15.000000 166.929108 
123900.000000 27.000000 -12.503134 38.042751 
124000.000000 27.000000 -11.579410 611.138428 
124100.000000 6.000000 10.922544 485.460022 
124200.000000 20.000000 -10.539722 392.457092 
124300.000000 12.000000 3.666110 272.207458 
124400.000000 8.000000 11.942770 201.466965 
124500.000000 8.000000 11.496346 0.460145 
124600.000000 8.000000 10.614794 30.202219 
124700.000000 7.000000 8.913123 0.001508 
124800.000000 0.000000 15.000000 64.361168 
124900.000000 27.000000 -11.994871 122.337135 
125000.000000 27.000000 -10.337555 779.775452 
125100.000000 27.000000 -11.958055 793.251282 
125200.000000 27.000000 -11.743989 719.382751 
125300.000000 16.000000 -2.796735 837.981750 
125400.000000 0.000000 15.000000 58.577080 
125500.000000 10.000000 7.086031 20.068666 
125600.000000 10.000000 4.671001 6.570364 
125700.000000 11.000000 9.305273 0.064183 
125800.000000 8.000000 6.949958 41.822773 
125900.000000 2.000000 11.544770 33.397346 
126000.000000 14.000000 -0.913675 5.257193 
126100.000000 0.000000 14.823648 4.592264 
126200.000000 10.000000 5.312839 5.589092 
126300.000000 19.000000 -0.137576 151.675537 
126400.000000 27.000000 -11.729720 436.894409 
126500.000000 0.000000 14.902470 7.178648 
126600.000000 27.000000 -11.694077 178.101028 
126700.000000 27.000000 -12.069181 877.741882 
126800.000000 3.000000 15.000000 248.964127 
126900.000000 17.000000 -2.833992 21.708950 
127000.000000 25.000000 -10.456625 579.517944 
127100.000000 4.000000 13.924377 344.004883 
127200.000000 18.000000 -3.521589 201.868271 
127300.000000 27.000000 -11.645070 425.931946 
127400.000000 13.000000 4.227168 239.936813 
127500.000000 0.000000 14.823529 2.089185 
127600.000000 9.000000 8.644476 18.701338 
127700.000000 0.000000 14.824463 20.534077 
127800.000000 9.000000 7.049766 66.247787 
127900.000000 5.000000 13.083323 46.219173 
128000.000000 0.000000 15.000000 28.554476 
128100.000000 12.000000 2.826091 12.685552 
128200.000000 12.000000 7.163872 64.805313 
128300.000000 14.000000 1.736381 16.738138 
128400.000000 27.000000 -11.586722 298.710175 
128500.000000 11.000000 9.503820 178.838943 
128600.000000 20.000000 -4.412717 100.450027 
128700.000000 20.000000 -5.039706 208.765625 
128800.000000 23.000000 -11.559957 630.284058 
128900.000000 27.000000 -11.513705 1046.172974 
129000.000000 11.000000 2.540447 597.090515 
129100.000000 23.000000 -7.067168 873.209656 
129200.000000 10.000000 5.237967 382.355530 
129300.000000 7.000000 7.667612 8.192971 
129400.000000 0.000000 14.825902 21.610743 
129500.000000 16.000000 0.442967 167.978729 
129600.000000 6.000000 12.687690 0.232380 
129700.000000 27.000000 -11.715043 180.724457 
129800.000000 26.000000 -11.148126 719.623352 
129900.000000 10.000000 5.330636 412.541107 
130000.000000 0.000000 15.000000 1.473720 
130100.000000 25.000000 -9.204961 8.321177 
130200.000000 16.000000 -2.052071 335.509399 
130300.000000 23.000000 -8.786098 309.732880 
130400.000000 18.000000 -3.786412 486.432129 
130500.000000 8.000000 10.570215 620.066772 
130600.000000 10.000000 7.202189 557.183289 
130700.000000 19.000000 -4.257752 38.616360 
130800.000000 24.000000 -8.433533 544.282959 
130900.000000 16.000000 -0.660507 228.719879 
131000.000000 10.000000 9.302914 37.971165 
131100.000000 27.000000 -11.357047 109.211067 
131200.000000 17.000000 -1.072325 23.997307 
131300.000000 0.000000 15.000000 259.820007 
131400.000000 7.000000 9.557022 50.462299 
131500.000000 26.000000 -6.309492 426.562012 
131600.000000 5.000000 4.023737 231.867661 
131700.000000 1.000000 14.837972 14.083270 
131800.000000 24.000000 -11.193597 215.330276 
131900.000000 13.000000 1.368075 575.597778 
132000.000000 6.000000 15.000000 243.250916 
132100.000000 14.000000 -1.258031 0.716801 
132200.000000 12.000000 1.854422 28.395304 
132300.000000 14.000000 -2.427795 398.985870 
132400.000000 27.000000 -12.486495 166.446625 
132500.000000 23.000000 -11.655374 715.707397 
132600.000000 8.000000 6.292279 107.103027 
132700.000000 0.000000 15.000000 4.883276 
132800.000000 27.000000 -12.658218 141.284454 
132900.000000 0.000000 15.000000 165.255554 
133000.000000 16.000000 0.669729 363.625031 
133100.000000 0.000000 15.000000 7.085900 
133200.000000 0.000000 14.913663 0.762717 
133300.000000 0.000000 15.000000 76.444717 
133400.000000 26.000000 -10.688021 32.379677 
133500.000000 10.000000 5.476140 222.713821 
133600.000000 22.000000 -7.466946 219.793854 
133700.000000 24.000000 -7.215306 703.882324 
133800.000000 12.000000 2.510883 344.139069 
133900.000000 27.000000 -12.231215 581.570740 
134000.000000 22.000000 -7.350038 647.583923 
134100.000000 0.000000 15.000000 113.191833 
134200.000000 13.000000 6.425025 4.131269 
134300.000000 1.000000 12.949314 46.920139 
134400.000000 8.000000 6.785327 3.332478 
134500.000000 24.000000 -7.959182 259.625854 
134600.000000 10.000000 4.719942 26.336723 
134700.000000 0.000000 15.000000 1.285637 
134800.000000 27.000000 -9.449768 302.220276 
134900.000000 22.000000 -10.642660 174.170242 
135000.000000 9.000000 2.622893 364.735046 
135100.000000 22.000000 -7.070939 391.590454 
135200.000000 26.000000 -8.094081 380.569122 
135300.000000 0.000000 15.000000 34.532978 
135400.000000 18.000000 1.086508 189.019730 
135500.000000 5.000000 10.929888 356.030060 
135600.000000 27.000000 -12.946688 564.351990 
135700.000000 13.000000 1.739486 216.226364 
135800.000000 0.000000 15.000000 0.015421 
135900.000000 0.000000 14.977143 77.164825 
136000.000000 0.000000 14.841238 15.068973 
136100.000000 0.000000 14.712188 39.917248 
136200.000000 27.000000 -12.491247 21.163877 
136300.000000 23.000000 -8.159657 511.755219 
136400.000000 10.000000 8.115989 151.219086 
136500.000000 21.000000 -4.970820 29.224920 
136600.000000 3.000000 14.823529 21.014154 
136700.000000 1.000000 11.423643 35.094276 
136800.000000 20.000000 -5.744004 197.623672 
136900.000000 4.000000 11.314466 208.336090 
137000.000000 11.000000 4.451268 1.985282 
137100.000000 0.000000 14.851769 23.024843 
137200.000000 15.000000 6.366970 6.006466 
137300.000000 27.000000 -12.176414 233.393204 
137400.000000 2.000000 12.821706 368.620850 
137500.000000 0.000000 14.832490 14.317894 
137600.000000 18.000000 -0.332425 50.740093 
137700.000000 11.000000 7.416802 32.255356 
137800.000000 14.000000 0.514420 46.891788 
137900.000000 0.000000 14.823910 8.309964 
138000.000000 3.000000 14.481266 61.418655 
138100.000000 24.000000 -5.772970 42.440056 
138200.000000 12.000000 5.741364 0.604066 
138300.000000 26.000000 -5.653963 486.985199 
138400.000000 27.000000 -10.206959 402.979919 
138500.000000 11.000000 5.722211 89.851334 
138600.000000 27.000000 -12.136771 647.773132 
138700.000000 21.000000 1.614821 921.314575 
138800.000000 2.000000 13.000303 20.519295 
138900.000000 12.000000 4.019686 40.795700 
139000.000000 19.000000 -1.334907 33.950951 
139100.000000 22.000000 -7.833244 487.829407 
139200.000000 14.000000 4.677188 710.533203 
139300.000000 4.000000 15.000000 31.011719 
139400.000000 27.000000 -10.966703 96.845856 
139500.000000 19.000000 0.270813 362.225861 
139600.000000 13.000000 4.398666 523.567322 
139700.000000 0.000000 12.418744 33.201733 
139800.000000 8.000000 14.850233 21.144661 
139900.000000 23.000000 -6.425798 56.954861 
140000.000000 0.000000 15.000000 107.267868 
140100.000000 22.000000 -4.598283 91.385910 
140200.000000 27.000000 -7.053358 736.446106 
140300.000000 7.000000 6.545266 414.630219 
140400.000000 0.000000 15.000000 1.241303 
140500.000000 2.000000 12.511157 54.747158 
140600.000000 2.000000 10.878875 0.165509 
140700.000000 3.000000 11.836924 31.087786 
140800.000000 21.000000 -4.260846 20.249207 
140900.000000 27.000000 -12.446413 177.763916 
141000.000000 4.000000 10.915202 55.943680 
141100.000000 2.000000 14.411542 7.039276 
141200.000000 23.000000 -8.678370 1.990780 
141300.000000 22.000000 -8.283397 148.453018 
141400.000000 16.000000 2.538549 291.953827 
141500.000000 14.000000 0.237424 57.728119 
141600.000000 11.000000 3.167737 28.623484 
141700.000000 24.000000 -12.043444 49.363907 
141800.000000 0.000000 14.823533 64.146523 
141900.000000 11.000000 5.974884 8.116384 
142000.000000 0.000000 14.823531 2.636796 
142100.000000 4.000000 11.422160 41.728149 
142200.000000 20.000000 -0.868415 177.559662 
142300.000000 13.000000 5.211689 17.914505 
142400.000000 27.000000 -11.955989 351.763947 
142500.000000 13.000000 2.044008 512.609131 
142600.000000 27.000000 -12.217350 966.864441 
142700.000000 23.000000 -7.408954 1106.724121 
142800.000000 5.000000 9.868140 106.350510 
142900.000000 27.000000 -12.172597 521.470215 
143000.000000 19.000000 -4.412580 694.907349 
143100.000000 19.000000 -8.327131 670.632568 
143200.000000 20.000000 -4.690516 844.546509 
143300.000000 0.000000 15.000000 87.043007 
143400.000000 14.000000 3.251327 4.975719 
143500.000000 6.000000 10.598810 0.160155 
143600.000000 14.000000 4.107587 118.558380 
143700.000000 0.000000 14.823919 2.268591 
143800.000000 1.000000 15.000000 34.300476 
143900.000000 27.000000 -11.949853 222.542175 
144000.000000 23.000000 -3.859578 628.192749 
144100.000000 3.000000 12.149256 160.875687 
144200.000000 27.000000 -12.326420 472.730774 
144300.000000 10.000000 4.929338 716.940674 
144400.000000 4.000000 9.346175 496.245972 
144500.000000 9.000000 5.707109 32.402706 
144600.000000 0.000000 15.000000 14.572386 
144700.000000 12.000000 5.625741 0.157827 
144800.000000 27.000000 -12.322195 247.127350 
144900.000000 18.000000 -3.026517 568.565430 
145000.000000 24.000000 -1.870020 751.517151 
145100.000000 21.000000 -5.702577 446.964172 
145200.000000 27.000000 -10.852735 784.904236 
145300.000000 10.000000 5.003596 799.309204 
145400.000000 0.000000 15.000000 267.270935 
145500.000000 7.000000 7.471891 1.779030 
145600.000000 5.000000 6.745364 8.716501 
145700.000000 1.000000 14.975549 8.951768 
145800.000000 27.000000 -10.153927 14.597898 
145900.000000 9.000000 9.212011 338.977966 
146000.000000 24.000000 -9.806696 251.980530 
146100.000000 6.000000 9.246980 99.243706 
146200.000000 3.000000 10.836946 4.207783 
146300.000000 23.000000 -8.437244 135.966599 
146400.000000 8.000000 7.260960 263.389801 
146500.000000 15.000000 -0.478577 85.041489 
146600.000000 0.000000 14.860263 48.888840 
146700.000000 0.000000 15.000000 7.822620 
146800.000000 22.000000 -5.724004 94.078194 
146900.000000 23.000000 -9.700229 415.789185 
147000.000000 7.000000 9.862300 479.541901 
147100.000000 9.000000 5.318501 2.808914 
147200.000000 2.000000 12.035137 22.939920 
147300.000000 10.000000 7.830970 128.742615 
147400.000000 20.000000 -6.251389 89.239059 
147500.000000 4.000000 11.058858 30.606417 
147600.000000 5.000000 10.933832 14.832332 
147700.000000 0.000000 14.823529 73.523407 
147800.000000 27.000000 -5.627747 42.410492 
147900.000000 27.000000 -11.999952 571.729675 
148000.000000 25.000000 -11.238875 978.140869 
148100.000000 24.000000 -7.631048 1036.774414 
148200.000000 14.000000 1.754922 113.234955 
148300.000000 25.000000 -9.933433 572.698242 
148400.000000 21.000000 -3.211981 576.032410 
148500.000000 18.000000 -3.808010 340.180878 
148600.000000 0.000000 14.786649 174.829788 
148700.000000 27.000000 -12.194534 385.217743 
148800.000000 8.000000 5.894057 164.400864 
148900.000000 27.000000 -11.996468 726.931946 
149000.000000 17.000000 -1.661277 563.125793 
149100.000000 23.000000 -7.299120 642.561218 
149200.000000 8.000000 7.339402 352.048035 
149300.000000 21.000000 -5.025852 422.728088 
149400.000000 0.000000 14.741006 12.908795 
149500.000000 27.000000 -11.487206 93.781853 
149600.000000 10.000000 4.603743 166.961624 
149700.000000 14.000000 0.362354 1.649027 
149800.000000 0.000000 15.000000 0.570205 
149900.000000 0.000000 15.000000 87.026939 
150000.000000 17.000000 -2.330149 31.694839 
150100.000000 26.000000 -9.350562 48.111996 
150200.000000 11.000000 6.626933 355.112640 
150300.000000 0.000000 13.687304 13.011228 
150400.000000 4.000000 9.401545 0.301160 
150500.000000 1.000000 14.830853 1.225390 
150600.000000 0.000000 14.860351 20.749949 
150700.000000 20.000000 -5.324285 22.397116 
150800.000000 7.000000 9.558987 196.055496 
150900.000000 1.000000 15.000000 8.092260 
151000.000000 27.000000 -11.677464 200.624603 
151100.000000 0.000000 15.000000 21.873562 
151200.000000 27.000000 -11.858707 169.004242 
151300.000000 5.000000 9.423338 68.326118 
151400.000000 18.000000 -2.374240 128.945953 
151500.000000 17.000000 -5.414294 641.109253 
151600.000000 26.000000 -10.380624 922.322144 
151700.000000 8.000000 7.048666 644.380005 
151800.000000 12.000000 6.084865 447.800079 
151900.000000 27.000000 -11.957633 182.251038 
152000.000000 22.000000 -7.566946 506.094574 
152100.000000 9.000000 9.258512 585.767090 
152200.000000 21.000000 -1.894781 296.948212 
152300.000000 8.000000 12.112114 186.700272 
152400.000000 6.000000 7.677597 0.176339 
152500.000000 26.000000 -9.807923 439.438141 
152600.000000 27.000000 -8.227888 321.956879 
152700.000000 17.000000 -1.691165 384.325562 
152800.000000 27.000000 -12.481662 539.213440 
152900.000000 11.000000 4.280986 607.720276 
153000.000000 27.000000 -9.502859 440.611145 
153100.000000 25.000000 -11.165813 865.827209 
153200.000000 13.000000 2.865454 580.531006 
153300.000000 21.000000 -0.894752 757.961548 
153400.000000 11.000000 6.065068 109.068115 
153500.000000 0.000000 12.786505 1.076450 
153600.000000 19.000000 0.641719 11.135266 
153700.000000 27.000000 -12.437241 70.088974 
153800.000000 14.000000 2.528397 277.877075 
153900.000000 15.000000 0.867050 232.598602 
154000.000000 5.000000 9.833405 4.671913 
154100.000000 14.000000 -0.626191 26.735907 
154200.000000 2.000000 12.826250 44.669720 
154300.000000 27.000000 -9.940674 484.405182 
154400.000000 23.000000 -8.920506 924.952087 
154500.000000 10.000000 7.603608 386.063782 
154600.000000 27.000000 -9.762830 361.443573 
154700.000000 3.000000 10.519027 1.279746 
154800.000000 4.000000 14.105428 87.502792 
154900.000000 27.000000 -11.369697 21.326630 
155000.000000 27.000000 -6.360594 166.566025 
155100.000000 0.000000 14.013165 121.401131 
155200.000000 0.000000 15.000000 1.035192 
155300.000000 20.000000 -4.684576 260.506714 
155400.000000 6.000000 6.983371 211.344650 
155500.000000 2.000000 12.438076 104.838654 
155600.000000 18.000000 0.933884 204.682281 
155700.000000 3.000000 13.069505 4.663692 
155800.000000 27.000000 -8.094517 112.536804 
155900.000000 10.000000 4.151816 149.533859 
156000.000000 15.000000 -0.772643 463.468170 
156100.000000 24.000000 -4.265288 973.690857 
156200.000000 27.000000 -11.853066 1082.519287 
156300.000000 0.000000 14.908273 283.341858 
156400.000000 0.000000 14.837037 0.382188 
156500.000000 12.000000 4.866328 0.074990 
156600.000000 27.000000 -11.951791 219.139069 
156700.000000 24.000000 -6.571072 600.443481 
156800.000000 25.000000 -5.023133 527.910217 
156900.000000 11.000000 5.359214 58.648266 
157000.000000 16.000000 3.009462 330.992554 
157100.000000 27.000000 -11.833331 464.361847 
157200.000000 25.000000 -9.760208 562.960876 
157300.000000 8.000000 6.830124 118.359940 
157400.000000 27.000000 -11.953249 235.612671 
157500.000000 20.000000 -5.482470 706.857727 
157600.000000 27.000000 -12.124331 812.317322 
157700.000000 17.000000 -0.220928 753.944702 
157800.000000 0.000000 14.894358 17.057520 
157900.000000 0.000000 14.825501 43.792686 
158000.000000 11.000000 4.716709 9.402458 
158100.000000 0.000000 15.000000 19.846762 
158200.000000 0.000000 15.000000 0.549560 
158300.000000 27.000000 -6.411744 116.059845 
158400.000000 17.000000 -2.282799 4.600540 
158500.000000 0.000000 14.949283 30.917826 
158600.000000 2.000000 11.931047 1.352283 
158700.000000 27.000000 -10.400405 234.198639 
158800.000000 22.000000 -5.503575 462.141754 
158900.000000 13.000000 4.476920 557.872192 
159000.000000 6.000000 11.216457 7.954177 
159100.000000 22.000000 -4.806083 340.684814 
159200.000000 22.000000 -4.271671 85.538597 
159300.000000 18.000000 -0.525016 390.915131 
159400.000000 19.000000 -2.578941 409.262543 
159500.000000 0.000000 15.000000 158.243729 
159600.000000 13.000000 3.385834 1.167848 
159700.000000 12.000000 2.133745 7.775819 
159800.000000 15.000000 -1.347982 6.044633 
159900.000000 27.000000 -12.010839 530.041992 
160000.000000 24.000000 -9.025766 861.093079 
160100.000000 22.000000 -3.391126 795.956970 
160200.000000 9.000000 5.767358 80.813080 
160300.000000 0.000000 15.000000 6.079826 
160400.000000 7.000000 6.597678 16.806671 
160500.000000 2.000000 7.302426 3.924119 
160600.000000 3.000000 10.050650 9.042598 
160700.000000 6.000000 7.710211 31.186480 
160800.000000 14.000000 2.831901 46.226418 
160900.000000 26.000000 -10.688536 188.425247 
161000.000000 2.000000 14.846440 246.272186 
161100.000000 24.000000 -10.187799 358.846375 
161200.000000 23.000000 -8.246439 865.730713 
161300.000000 26.000000 -7.281532 711.231323 
161400.000000 20.000000 -1.299368 643.439331 
161500.000000 27.000000 -10.684325 720.205017 
161600.000000 2.000000 13.398610 344.259308 
161700.000000 23.000000 -6.660668 17.590546 
161800.000000 9.000000 8.070941 351.520508 
161900.000000 27.000000 -6.763176 467.576111 
162000.000000 12.000000 8.059003 642.977356 
162100.000000 27.000000 -11.954343 338.614655 
162200.000000 15.000000 -0.381982 726.450684 
162300.000000 3.000000 14.959631 225.258713 
162400.000000 18.000000 -3.206397 26.173155 
162500.000000 3.000000 15.000000 0.743695 
162600.000000 1.000000 14.047578 31.092310 
162700.000000 0.000000 15.000000 32.546062 
162800.000000 0.000000 15.000000 70.796593 
162900.000000 27.000000 -12.176439 95.079849 
163000.000000 26.000000 -8.615071 592.427246 
163100.000000 27.000000 -12.218934 767.968994 
163200.000000 17.000000 -0.976535 933.377014 
163300.000000 7.000000 7.828484 54.691879 
163400.000000 4.000000 14.529797 6.165493 
163500.000000 19.000000 -5.977535 141.448746 
163600.000000 14.000000 6.094932 524.721619 
163700.000000 20.000000 -4.179377 89.588104 
163800.000000 11.000000 3.501529 284.073578 
163900.000000 27.000000 -11.730641 736.427490 
164000.000000 23.000000 -8.958503 1135.681030 
164100.000000 0.000000 15.000000 265.991394 
164200.000000 0.000000 14.823529 8.459312 
164300.000000 20.000000 -4.729475 20.416832 
164400.000000 2.000000 14.504475 16.206968 
164500.000000 18.000000 0.553628 3.656109 
164600.000000 3.000000 14.321053 10.053094 
164700.000000 0.000000 14.823529 72.506645 
164800.000000 12.000000 6.324989 21.633797 
164900.000000 3.000000 11.930084 61.852341 
165000.000000 4.000000 10.614665 39.903355 
165100.000000 11.000000 8.084409 17.472725 
165200.000000 27.000000 -5.825244 434.246216 
165300.000000 26.000000 -11.995695 659.935852 
165400.000000 6.000000 13.548391 392.881226 
165500.000000 23.000000 -8.163647 130.596085 
165600.000000 27.000000 -11.582719 783.071899 
165700.000000 15.000000 -0.657828 454.067963 
165800.000000 20.000000 -5.167699 740.303833 
165900.000000 17.000000 -0.528669 845.299011 
166000.000000 4.000000 12.197124 270.484009 
166100.000000 15.000000 1.604510 64.681320 
166200.000000 9.000000 9.446492 8.203936 
166300.000000 16.000000 -0.451894 16.033781 
166400.000000 25.000000 -10.436546 275.938507 
166500.000000 14.000000 5.775605 507.456635 
166600.000000 27.000000 -12.035461 953.843994 
166700.000000 4.000000 14.639943 411.112183 
166800.000000 14.000000 4.814805 39.548473 
166900.000000 27.000000 -12.226145 75.048676 
167000.000000 24.000000 -6.813969 271.889404 
167100.000000 6.000000 9.954630 225.197678 
167200.000000 0.000000 13.803529 8.669161 
167300.000000 0.000000 14.208498 1.863706 
167400.000000 7.000000 7.895336 0.061799 
167500.000000 6.000000 9.190434 23.334284 
167600.000000 24.000000 -2.550224 250.669708 
167700.000000 10.000000 8.406177 82.843697 
167800.000000 0.000000 15.000000 2.980162 
167900.000000 0.000000 14.823532 80.741394 
168000.000000 8.000000 6.891909 39.867153 
168100.000000 5.000000 8.634366 109.109695 
168200.000000 22.000000 -6.939858 211.427597 
168300.000000 0.000000 14.853731 27.760483 
168400.000000 3.000000 9.639445 28.960047 
168500.000000 27.000000 -12.326935 351.871765 
168600.000000 25.000000 -8.032500 929.707642 
168700.000000 18.000000 -2.462053 840.295654 
168800.000000 12.000000 1.993912 186.339798 
168900.000000 27.000000 -11.932310 635.464905 
169000.000000 16.000000 0.120414 387.782288 
169100.000000 27.000000 -11.699471 670.809082 
169200.000000 22.000000 -4.403670 890.958191 
169300.000000 27.000000 -8.391048 818.090088 
169400.000000 27.000000 -12.699429 438.920349 
169500.000000 10.000000 10.565798 323.382385 
169600.000000 27.000000 -8.936601 203.966736 
169700.000000 23.000000 -9.354816 384.215118 
169800.000000 0.000000 13.292174 209.960419 
169900.000000 27.000000 -11.746347 574.653564 
170000.000000 24.000000 -3.286059 852.039001 
170100.000000 0.000000 13.808249 75.485565 
170200.000000 0.000000 14.824045 68.780624 
170300.000000 16.000000 -0.571396 104.458290 
170400.000000 6.000000 9.511300 44.399014 
170500.000000 0.000000 12.022140 24.989807 
170600.000000 17.000000 -3.274507 3.588969 
170700.000000 27.000000 -9.509586 518.256042 
170800.000000 22.000000 -7.310260 217.998764 
170900.000000 26.000000 -10.145329 412.556885 
171000.000000 27.000000 -12.492096 824.632202 
171100.000000 24.000000 -8.782186 542.008850 
171200.000000 24.000000 -6.529883 360.758240 
171300.000000 24.000000 -8.516563 651.655823 
171400.000000 16.000000 -1.532639 280.473633 
171500.000000 20.000000 -4.817807 635.753601 
171600.000000 0.000000 15.000000 153.856888 
171700.000000 22.000000 -8.219026 64.752106 
171800.000000 9.000000 8.068807 4.584271 
171900.000000 0.000000 15.000000 60.608555 
172000.000000 0.000000 14.823530 133.534363 
172100.000000 5.000000 14.104082 6.792315 
172200.000000 3.000000 10.379713 14.266494 
172300.000000 22.000000 -3.423345 272.232758 
172400.000000 24.000000 -1.669106 749.613159 
172500.000000 2.000000 15.000000 29.182262 
172600.000000 26.000000 -10.907571 167.496338 
172700.000000 27.000000 -12.661895 755.202026 
172800.000000 27.000000 -12.600674 237.392685 
172900.000000 21.000000 -4.442175 554.243530 
173000.000000 8.000000 4.305373 473.619476 
173100.000000 27.000000 -11.794237 599.893799 
173200.000000 10.000000 2.017506 37.886459 
173300.000000 8.000000 9.377521 67.537521 
173400.000000 7.000000 7.595602 112.381119 
173500.000000 6.000000 9.246928 3.008421 
173600.000000 6.000000 8.128157 16.057688 
173700.000000 27.000000 -11.763522 184.656616 
173800.000000 0.000000 15.000000 123.571060 
173900.000000 19.000000 -1.007366 200.691910 
174000.000000 20.000000 -4.282468 307.077942 
174100.000000 1.000000 14.893723 9.406011 
174200.000000 12.000000 8.097655 14.836926 
174300.000000 9.000000 5.923180 8.057210 
174400.000000 16.000000 -0.467370 135.411942 
174500.000000 14.000000 0.958990 311.651428 
174600.000000 26.000000 -10.833485 823.912292 
174700.000000 24.000000 -9.706535 318.932281 
174800.000000 16.000000 -3.900549 768.665405 
174900.000000 27.000000 -10.593792 531.721069 
175000.000000 24.000000 -3.329701 981.703857 
175100.000000 19.000000 -4.851840 500.092987 
175200.000000 1.000000 14.101232 176.471786 
175300.000000 0.000000 14.510091 12.274985 
175400.000000 15.000000 0.001108 82.703484 
175500.000000 13.000000 0.128453 39.809757 
175600.000000 13.000000 4.780888 336.255981 
175700.000000 25.000000 -10.595009 608.633362 
175800.000000 23.000000 -2.329510 833.405823 
175900.000000 0.000000 15.000000 249.633133 
176000.000000 23.000000 -7.961531 278.097076 
176100.000000 3.000000 12.475183 96.837914 
176200.000000 3.000000 14.910953 4.108648 
176300.000000 19.000000 -4.313842 0.600027 
176400.000000 22.000000 -3.815325 409.315552 
176500.000000 27.000000 -9.929059 846.431946 
176600.000000 0.000000 15.000000 109.218880 
176700.000000 13.000000 4.224858 4.321384 
176800.000000 0.000000 15.000000 18.498220 
176900.000000 0.000000 15.000000 4.751003 
177000.000000 23.000000 -5.387863 11.856835 
177100.000000 27.000000 -11.900858 559.309875 
177200.000000 20.000000 -5.057898 664.657288 
177300.000000 27.000000 -11.687879 1156.852295 
177400.000000 17.000000 -1.400818 936.700684 
177500.000000 27.000000 -11.900869 1163.351074 
177600.000000 4.000000 9.265898 531.188721 
177700.000000 0.000000 15.000000 65.691833 
177800.000000 27.000000 -8.635255 252.289780 
177900.000000 2.000000 12.297276 1.606902 
178000.000000 17.000000 -1.256721 21.651096 
178100.000000 22.000000 0.363693 482.957825 
178200.000000 23.000000 -9.010181 129.696655 
178300.000000 1.000000 13.091189 30.324528 
178400.000000 13.000000 2.033123 0.748770 
178500.000000 9.000000 4.567595 186.696671 
178600.000000 27.000000 -10.336253 722.435425 
178700.000000 27.000000 -6.704703 929.837952 
178800.000000 7.000000 13.285579 166.312225 
178900.000000 27.000000 -3.333104 13.889734 
179000.000000 0.000000 14.887580 10.323815 
179100.000000 26.000000 -11.479664 65.562599 
179200.000000 22.000000 -5.949288 77.270172 
179300.000000 10.000000 5.335658 287.945801 
179400.000000 27.000000 -8.377495 529.376831 
179500.000000 15.000000 -0.228711 373.375244 
179600.000000 0.000000 13.803529 1.223448 
179700.000000 27.000000 -10.966039 38.573280 
179800.000000 25.000000 -9.335176 100.707611 
179900.000000 10.000000 6.041296 170.544983 
180000.000000 1.000000 14.961295 34.557632 
180100.000000 0.000000 14.823530 46.762573 
180200.000000 20.000000 -1.636481 5.185392 
180300.000000 18.000000 -4.313682 37.702560 
180400.000000 11.000000 8.167974 63.934494 
180500.000000 10.000000 7.798775 40.725895 
180600.000000 27.000000 -7.737424 357.629272 
180700.000000 0.000000 14.832490 29.839214 
180800.000000 27.000000 -12.639542 4.978140 
180900.000000 21.000000 -6.446778 481.837952 
181000.000000 19.000000 -3.352888 871.104675 
181100.000000 13.000000 8.218731 194.631424 
181200.000000 9.000000 5.874217 0.024483 
181300.000000 0.000000 15.000000 17.656269 
181400.000000 17.000000 1.620005 12.438304 
181500.000000 22.000000 -10.252790 9.146847 
181600.000000 27.000000 -8.457910 549.423889 
181700.000000 27.000000 -11.997765 931.372070 
181800.000000 26.000000 -7.519585 1196.574463 
181900.000000 20.000000 -2.008237 820.976562 
182000.000000 27.000000 -11.140793 761.536011 
182100.000000 27.000000 -10.633970 972.058960 
182200.000000 24.000000 -9.315748 1100.254639 
182300.000000 14.000000 8.765541 344.850189 
182400.000000 16.000000 -0.999524 79.864929 
182500.000000 13.000000 2.918860 180.036057 
182600.000000 14.000000 1.159606 587.206787 
182700.000000 27.000000 -11.912725 838.432556 
182800.000000 0.000000 13.867891 247.967850 
182900.000000 0.000000 14.313529 2.229388 
183000.000000 22.000000 -7.321049 52.516392 
183100.000000 15.000000 1.428189 3.930496 
183200.000000 0.000000 14.843881 21.766785 
183300.000000 18.000000 3.180897 46.805031 
183400.000000 4.000000 13.270463 13.362469 
183500.000000 27.000000 -11.691469 16.197060 
183600.000000 13.000000 5.534661 401.284760 
183700.000000 25.000000 -10.324772 194.254364 
183800.000000 17.000000 -0.349164 241.345520 
183900.000000 26.000000 -11.374413 567.003906 
184000.000000 23.000000 -8.218250 381.612427 
184100.000000 14.000000 2.454165 668.518555 
184200.000000 23.000000 -10.536905 859.841125 
184300.000000 6.000000 11.890985 205.909271 
184400.000000 0.000000 14.508391 3.916492 
184500.000000 24.000000 -3.275370 349.383698 
184600.000000 27.000000 -11.690907 622.787720 
184700.000000 0.000000 15.000000 119.680733 
184800.000000 10.000000 6.165604 13.365376 
184900.000000 24.000000 -9.268437 191.311020 
185000.000000 18.000000 -4.354066 148.579636 
185100.000000 19.000000 -6.560387 723.088196 
185200.000000 26.000000 -11.210518 702.546326 
185300.000000 27.000000 -12.446749 1136.150635 
185400.000000 13.000000 1.694001 271.493195 
185500.000000 0.000000 15.000000 25.620758 
185600.000000 14.000000 0.239045 300.266235 
185700.000000 6.000000 10.536244 28.387646 
185800.000000 26.000000 -11.255198 170.705658 
185900.000000 16.000000 2.661398 575.915161 
186000.000000 26.000000 -10.953364 645.126099 
186100.000000 14.000000 -1.635085 641.255310 
186200.000000 0.000000 14.823529 56.133080 
186300.000000 0.000000 14.997224 37.018688 
186400.000000 0.000000 14.827905 0.002858 
186500.000000 0.000000 14.823533 14.341775 
186600.000000 25.000000 -10.471838 23.429447 
186700.000000 19.000000 -2.062353 170.190094 
186800.000000 20.000000 -4.622485 59.425159 
186900.000000 23.000000 -2.755799 691.281189 
187000.000000 11.000000 5.601873 538.869202 
187100.000000 9.000000 12.588127 421.262207 
187200.000000 27.000000 -11.801831 218.735779 
187300.000000 15.000000 -0.404587 511.124664 
187400.000000 13.000000 1.534627 105.605347 
187500.000000 7.000000 6.447929 40.372227 
187600.000000 0.000000 13.085999 10.474070 
187700.000000 15.000000 -2.475793 22.072248 
187800.000000 22.000000 -8.143350 379.030457 
187900.000000 17.000000 2.140067 845.960144 
188000.000000 2.000000 13.406832 32.851597 
188100.000000 1.000000 13.637636 0.001793 
188200.000000 0.000000 13.604709 1.077529 
188300.000000 0.000000 14.823529 38.898811 
188400.000000 8.000000 5.814396 16.522697 
188500.000000 0.000000 14.828257 9.643888 
188600.000000 2.000000 15.000000 0.391714 
188700.000000 18.000000 -3.188009 24.324362 
188800.000000 6.000000 8.303991 156.720367 
188900.000000 18.000000 4.040089 108.230545 
189000.000000 12.000000 0.049370 0.327145 
189100.000000 27.000000 -12.333563 347.249786 
189200.000000 14.000000 5.975600 591.700012 
189300.000000 27.000000 -12.430630 723.886047 
189400.000000 9.000000 6.013712 223.460037 
189500.000000 16.000000 -0.591534 78.829407 
189600.000000 24.000000 -10.207800 327.811249 
189700.000000 2.000000 12.861522 399.842712 
189800.000000 0.000000 14.827413 11.935186 
189900.000000 0.000000 15.000000 48.585411 
190000.000000 5.000000 10.002063 1.248462 
190100.000000 11.000000 0.161475 1.263833 
190200.000000 26.000000 -7.315339 202.667877 
190300.000000 5.000000 14.734677 146.372971 
190400.000000 27.000000 -12.599325 192.241287 
190500.000000 11.000000 5.364334 168.203842 
190600.000000 17.000000 4.874325 284.285919 
190700.000000 18.000000 -2.901597 135.682785 
190800.000000 21.000000 -6.161869 592.359741 
190900.000000 2.000000 12.055376 55.577251 
191000.000000 22.000000 -7.550807 98.535240 
191100.000000 17.000000 -3.491347 469.896973 
191200.000000 12.000000 2.505766 265.444183 
191300.000000 11.000000 7.367613 80.561317 
191400.000000 14.000000 0.990084 6.210463 
191500.000000 0.000000 14.823529 31.271889 
191600.000000 23.000000 -3.323790 21.724567 
191700.000000 6.000000 7.834349 21.828434 
191800.000000 27.000000 -12.073382 535.992188 
191900.000000 10.000000 9.155975 171.342041 
192000.000000 11.000000 3.553280 28.811806 
192100.000000 5.000000 9.586848 1.540335 
192200.000000 9.000000 14.159414 1.043041 
192300.000000 0.000000 14.823530 58.015362 
192400.000000 14.000000 1.397229 46.517170 
192500.000000 5.000000 11.964694 33.097538 
192600.000000 20.000000 -5.100809 40.480534 
192700.000000 9.000000 9.586696 307.282745 
192800.000000 21.000000 -6.176145 217.536728 
192900.000000 24.000000 -11.401497 759.687805 
193000.000000 22.000000 -1.650559 947.636353 
193100.000000 22.000000 -7.647275 599.918091 
193200.000000 12.000000 9.537144 622.856628 
193300.000000 0.000000 15.000000 16.380713 
193400.000000 9.000000 10.201524 0.006622 
193500.000000 8.000000 5.606509 22.939093 
193600.000000 11.000000 10.045488 39.288227 
193700.000000 27.000000 -13.336179 40.513706 
193800.000000 7.000000 8.594979 197.049515 
193900.000000 15.000000 -1.288597 0.045714 
194000.000000 15.000000 4.167154 226.626907 
194100.000000 1.000000 14.669907 0.619335 
194200.000000 15.000000 -0.491268 0.000082 
194300.000000 0.000000 13.350879 56.345486 
194400.000000 11.000000 2.820097 2.659826 
194500.000000 1.000000 14.827330 0.702860 
194600.000000 8.000000 6.683824 49.729919 
194700.000000 9.000000 10.159981 98.810799 
194800.000000 14.000000 1.357136 1.719189 
194900.000000 24.000000 -8.655872 0.336880 
195000.000000 21.000000 -6.044320 15.462626 
195100.000000 17.000000 -0.798680 438.206390 
195200.000000 16.000000 -1.214468 616.877991 
195300.000000 21.000000 -5.494721 389.706360 
195400.000000 1.000000 15.000000 282.205292 
195500.000000 27.000000 -12.090593 227.376801 
195600.000000 23.000000 -5.681675 750.600403 
195700.000000 27.000000 -11.752533 1093.359741 
195800.000000 11.000000 7.600019 561.497375 
195900.000000 18.000000 2.601249 42.257179 
196000.000000 23.000000 -8.704527 252.992859 
196100.000000 14.000000 2.345720 528.300354 
196200.000000 1.000000 13.893416 48.647823 
196300.000000 21.000000 -7.172813 1.667496 
196400.000000 9.000000 10.649800 285.295776 
196500.000000 27.000000 -12.230607 92.997299 
196600.000000 5.000000 10.088527 85.540268 
196700.000000 14.000000 3.551981 234.489105 
196800.000000 20.000000 -3.801173 26.409349 
196900.000000 0.000000 15.000000 0.006311 
197000.000000 3.000000 11.191801 80.376991 
197100.000000 3.000000 11.890669 117.904297 
197200.000000 0.000000 14.825924 132.334503 
197300.000000 22.000000 -5.751233 75.522873 
197400.000000 20.000000 -4.284567 249.061462 
197500.000000 7.000000 8.150187 77.631638 
197600.000000 15.000000 1.891070 163.576950 
197700.000000 15.000000 5.210876 252.241928 
197800.000000 0.000000 15.000000 2.311579 
197900.000000 1.000000 12.827081 78.806389 
198000.000000 17.000000 -3.500768 159.959808 
198100.000000 27.000000 -11.677851 736.097900 
198200.000000 27.000000 -11.974922 539.471252 
198300.000000 21.000000 -4.558442 789.474121 
198400.000000 25.000000 -4.648495 702.259705 
198500.000000 25.000000 -12.499908 630.440796 
198600.000000 0.000000 14.827637 102.153542 
198700.000000 21.000000 -1.478680 259.725983 
198800.000000 15.000000 5.302212 78.054985 
198900.000000 0.000000 15.000000 3.446560 
199000.000000 17.000000 0.323794 12.106776 
199100.000000 12.000000 4.033211 9.351292 
199200.000000 9.000000 7.373355 127.947388 
199300.000000 6.000000 15.000000 20.578297 
199400.000000 27.000000 -12.116273 278.187408 
199500.000000 23.000000 -8.294797 204.295441 
199600.000000 27.000000 -9.574337 362.917938 
199700.000000 27.000000 -9.601481 715.866089 
199800.000000 8.000000 8.795089 158.840546 
199900.000000 5.000000 14.881009 0.078464 
200000.000000 11.000000 4.065617 2.633149 
