100.000000 8.000000 3.564708 8.417162 
200.000000 5.000000 -15.762749 71.311172 
300.000000 4.000000 -13.573614 188.631927 
400.000000 22.000000 -5.876224 607.762878 
500.000000 27.000000 -4.400128 465.863281 
600.000000 27.000000 -9.214273 713.833313 
700.000000 0.000000 -15.570111 576.754639 
800.000000 27.000000 -10.958106 450.453522 
900.000000 20.000000 -16.000000 979.648254 
1000.000000 19.000000 -11.342708 666.505615 
1100.000000 7.000000 -10.478476 1035.456909 
1200.000000 25.000000 -5.048738 1120.339600 
1300.000000 18.000000 -6.704959 909.108398 
1400.000000 4.000000 -5.520756 476.721954 
1500.000000 0.000000 3.247358 289.161377 
1600.000000 12.000000 -8.026613 142.431992 
1700.000000 27.000000 -6.098034 462.589691 
1800.000000 25.000000 -4.176281 444.078796 
1900.000000 25.000000 -12.981066 860.984680 
2000.000000 3.000000 -4.258042 454.811066 
2100.000000 22.000000 -6.791063 609.151489 
2200.000000 27.000000 -13.371095 832.407837 
2300.000000 21.000000 -13.107162 1191.096680 
2400.000000 27.000000 -12.065484 1161.752808 
2500.000000 27.000000 -14.001013 1463.754761 
2600.000000 27.000000 -11.891712 1264.244873 
2700.000000 16.000000 -14.904972 1042.495361 
2800.000000 19.000000 -6.893320 1161.050781 
2900.000000 14.000000 6.681779 324.902191 
3000.000000 18.000000 -0.753445 302.505035 
3100.000000 17.000000 1.844031 72.361717 
3200.000000 15.000000 3.398298 259.225677 
3300.000000 8.000000 8.454405 40.416122 
3400.000000 6.000000 -3.749454 25.413267 
3500.000000 0.000000 12.571930 45.105648 
3600.000000 18.000000 9.636137 5.014954 
3700.000000 27.000000 10.591591 60.979507 
3800.000000 0.000000 15.000000 1.409542 
3900.000000 20.000000 14.544583 0.031846 
4000.000000 19.000000 5.738903 44.769016 
4100.000000 13.000000 11.309906 1.039909 
4200.000000 0.000000 4.049763 0.012172 
4300.000000 9.000000 13.904000 29.323055 
4400.000000 0.000000 12.938089 25.620049 
4500.000000 15.000000 14.809317 73.156006 
4600.000000 10.000000 7.241300 0.024598 
4700.000000 0.000000 15.000000 30.533003 
4800.000000 3.000000 12.520134 117.733894 
4900.000000 13.000000 7.476934 7.059135 
5000.000000 23.000000 15.000000 10.920066 
5100.000000 11.000000 12.676184 7.554742 
5200.000000 0.000000 15.000000 16.114002 
5300.000000 8.000000 13.125283 37.815811 
5400.000000 27.000000 14.062051 2.918678 
5500.000000 11.000000 14.983066 38.195747 
5600.000000 0.000000 14.327165 20.315516 
5700.000000 7.000000 15.000000 106.431702 
5800.000000 7.000000 11.121659 108.692459 
5900.000000 23.000000 4.327157 24.960472 
6000.000000 1.000000 10.438359 59.890163 
6100.000000 0.000000 12.836785 10.831491 
6200.000000 27.000000 7.373995 7.411161 
6300.000000 24.000000 9.462015 90.213310 
6400.000000 0.000000 13.845445 0.060205 
6500.000000 10.000000 15.000000 47.665024 
6600.000000 9.000000 10.266109 59.534832 
6700.000000 20.000000 1.026978 93.030464 
6800.000000 0.000000 6.327649 19.884085 
6900.000000 0.000000 3.504690 2.267735 
7000.000000 2.000000 -8.267732 23.417576 
7100.000000 25.000000 -14.412233 394.010559 
7200.000000 0.000000 -9.893638 351.974762 
7300.000000 5.000000 -12.639822 256.032532 
7400.000000 17.000000 0.868192 202.418747 
7500.000000 24.000000 -7.623224 602.011597 
7600.000000 27.000000 -9.159900 689.369568 
7700.000000 18.000000 -11.808837 1229.723755 
7800.000000 0.000000 -15.269432 621.355225 
7900.000000 22.000000 -10.752724 392.979614 
8000.000000 27.000000 -9.863587 774.577820 
8100.000000 23.000000 -2.077211 406.511353 
8200.000000 26.000000 -12.280030 753.443909 
8300.000000 27.000000 -6.248170 1036.547485 
8400.000000 27.000000 -10.175393 1172.970825 
8500.000000 6.000000 -13.100801 987.222778 
8600.000000 24.000000 -8.500192 735.621704 
8700.000000 15.000000 -3.580451 601.999084 
8800.000000 1.000000 12.048337 48.200844 
8900.000000 19.000000 4.298510 115.836617 
9000.000000 0.000000 -9.660311 98.075203 
9100.000000 0.000000 -14.820032 243.451523 
9200.000000 18.000000 -13.102992 646.682312 
9300.000000 25.000000 -6.788393 731.682129 
9400.000000 27.000000 -7.449214 972.948792 
9500.000000 19.000000 -5.187251 1126.986084 
9600.000000 27.000000 -8.720074 988.750122 
9700.000000 0.000000 3.391908 480.176392 
9800.000000 19.000000 14.839664 84.915840 
9900.000000 4.000000 1.449403 93.509491 
10000.000000 3.000000 5.480995 0.338191 
10100.000000 1.000000 -3.649648 4.913219 
10200.000000 0.000000 13.508908 2.196653 
10300.000000 25.000000 9.432675 71.291832 
10400.000000 4.000000 15.000000 0.219379 
10500.000000 22.000000 2.242854 43.813072 
10600.000000 27.000000 6.562751 281.552612 
10700.000000 27.000000 4.950205 452.885590 
10800.000000 5.000000 -0.732493 366.822510 
10900.000000 22.000000 0.781627 186.500381 
11000.000000 20.000000 -9.302603 544.291626 
11100.000000 0.000000 -13.972356 346.090576 
11200.000000 1.000000 -12.246398 222.045288 
11300.000000 24.000000 -8.342933 626.676819 
11400.000000 27.000000 -1.920681 649.839294 
11500.000000 18.000000 5.638549 572.911621 
11600.000000 27.000000 12.021780 252.933945 
11700.000000 0.000000 12.714437 38.171482 
11800.000000 27.000000 4.199796 19.561520 
11900.000000 25.000000 4.679053 203.093353 
12000.000000 19.000000 -7.685887 430.820496 
12100.000000 24.000000 -9.083405 702.778320 
12200.000000 1.000000 -13.929401 622.542969 
12300.000000 0.000000 -14.390684 519.509094 
12400.000000 25.000000 -12.964371 581.684265 
12500.000000 20.000000 -9.484238 835.855164 
12600.000000 18.000000 -12.019175 848.436646 
12700.000000 14.000000 -8.449373 828.643738 
12800.000000 22.000000 -5.607071 985.466309 
12900.000000 0.000000 -3.009649 389.625061 
13000.000000 27.000000 -10.509673 352.866394 
13100.000000 4.000000 -8.009457 547.365295 
13200.000000 3.000000 -8.263969 205.025391 
13300.000000 10.000000 -8.412367 166.074692 
13400.000000 27.000000 -13.495554 741.953186 
13500.000000 21.000000 -15.875576 776.493103 
13600.000000 13.000000 -1.226044 810.780701 
13700.000000 12.000000 3.728245 400.115753 
13800.000000 13.000000 15.000000 53.996021 
13900.000000 12.000000 10.448080 16.943428 
14000.000000 10.000000 10.809899 5.062595 
14100.000000 27.000000 6.533844 70.697433 
14200.000000 0.000000 15.000000 13.801983 
14300.000000 17.000000 14.090902 22.624176 
14400.000000 23.000000 -7.596590 169.432159 
14500.000000 15.000000 -3.598565 522.639709 
14600.000000 21.000000 0.667490 204.718475 
14700.000000 8.000000 8.045407 124.524353 
14800.000000 26.000000 9.891824 105.476746 
14900.000000 15.000000 7.252302 83.936226 
15000.000000 10.000000 15.000000 4.659358 
15100.000000 11.000000 15.000000 39.855038 
15200.000000 3.000000 15.000000 27.782631 
15300.000000 12.000000 9.065408 6.985776 
15400.000000 22.000000 -1.169479 15.510741 
15500.000000 4.000000 9.168434 64.213875 
15600.000000 20.000000 3.162909 176.178925 
15700.000000 4.000000 -5.406312 224.542297 
15800.000000 8.000000 -11.641759 102.542122 
15900.000000 19.000000 -1.218515 445.193604 
16000.000000 3.000000 -1.530851 182.482513 
16100.000000 4.000000 10.088627 39.813488 
16200.000000 21.000000 8.082567 2.249853 
16300.000000 3.000000 12.921193 6.154780 
16400.000000 27.000000 13.591866 4.345129 
16500.000000 0.000000 13.694299 0.340703 
16600.000000 20.000000 11.476385 34.554100 
16700.000000 24.000000 9.985544 141.558624 
16800.000000 0.000000 10.175195 70.814117 
16900.000000 23.000000 15.000000 24.157848 
17000.000000 0.000000 13.781747 13.709877 
17100.000000 8.000000 -6.454229 44.307587 
17200.000000 24.000000 -7.039820 253.614441 
17300.000000 8.000000 4.421057 223.798203 
17400.000000 1.000000 14.021552 53.685768 
17500.000000 2.000000 12.751663 27.713421 
17600.000000 7.000000 9.406682 4.022016 
17700.000000 15.000000 5.510406 0.004046 
17800.000000 11.000000 6.871237 14.488226 
17900.000000 22.000000 13.128197 4.291518 
18000.000000 21.000000 4.667797 66.191002 
18100.000000 21.000000 15.000000 41.847664 
18200.000000 27.000000 11.990964 85.873650 
18300.000000 22.000000 8.474954 88.892586 
18400.000000 0.000000 14.040891 8.938214 
18500.000000 12.000000 12.232837 2.448425 
18600.000000 0.000000 13.037624 14.068035 
18700.000000 1.000000 15.000000 75.575592 
18800.000000 27.000000 5.216515 7.921005 
18900.000000 12.000000 0.290313 82.929642 
19000.000000 9.000000 -6.815153 215.912079 
19100.000000 1.000000 -11.661201 103.411873 
19200.000000 3.000000 -5.126088 447.393097 
19300.000000 7.000000 -6.765732 250.065048 
19400.000000 14.000000 -2.508513 372.100250 
19500.000000 4.000000 -4.848986 323.727997 
19600.000000 0.000000 -6.073515 125.162186 
19700.000000 5.000000 -16.000000 111.920174 
19800.000000 19.000000 -2.797598 542.177917 
19900.000000 2.000000 9.075858 117.736145 
20000.000000 0.000000 13.968150 8.142032 
20100.000000 19.000000 7.840269 0.614294 
20200.000000 9.000000 7.747843 41.458084 
20300.000000 4.000000 9.258059 87.566200 
20400.000000 16.000000 5.468550 20.422615 
20500.000000 8.000000 11.507720 5.581465 
20600.000000 1.000000 10.035845 27.318501 
20700.000000 2.000000 13.296923 66.582031 
20800.000000 15.000000 5.271898 30.162338 
20900.000000 0.000000 3.124394 0.037186 
21000.000000 15.000000 7.694160 24.165119 
21100.000000 0.000000 -10.507233 139.608368 
21200.000000 0.000000 -12.909747 208.773972 
21300.000000 6.000000 -10.640903 186.083176 
21400.000000 17.000000 -10.639103 350.281158 
21500.000000 16.000000 -5.037060 691.745728 
21600.000000 10.000000 3.973287 188.089874 
21700.000000 9.000000 6.946702 210.615082 
21800.000000 9.000000 4.011489 92.062874 
21900.000000 11.000000 8.020308 16.324108 
22000.000000 6.000000 9.765856 0.830753 
22100.000000 23.000000 6.010935 4.790123 
22200.000000 3.000000 11.646538 19.015303 
22300.000000 25.000000 6.375764 39.304249 
22400.000000 26.000000 8.692255 180.157898 
22500.000000 24.000000 15.000000 137.415054 
22600.000000 10.000000 2.771862 126.039818 
22700.000000 3.000000 9.514012 100.718452 
22800.000000 15.000000 6.201574 2.023291 
22900.000000 11.000000 6.729411 5.629926 
23000.000000 20.000000 8.751086 27.413460 
23100.000000 0.000000 13.426211 1.902521 
23200.000000 21.000000 11.902399 14.036114 
23300.000000 12.000000 0.665388 56.414795 
23400.000000 0.000000 15.000000 10.139486 
23500.000000 2.000000 15.000000 100.877922 
23600.000000 24.000000 10.544739 10.033839 
23700.000000 7.000000 11.013165 5.929275 
23800.000000 17.000000 7.729203 4.934550 
23900.000000 24.000000 14.630933 61.341469 
24000.000000 10.000000 9.516592 86.429771 
24100.000000 7.000000 15.000000 12.281560 
24200.000000 17.000000 15.000000 4.976352 
24300.000000 0.000000 4.770968 26.128780 
24400.000000 27.000000 14.721910 0.408555 
24500.000000 20.000000 14.707052 10.686257 
24600.000000 13.000000 12.339053 15.188983 
24700.000000 5.000000 15.000000 19.809484 
24800.000000 7.000000 13.224366 64.402641 
24900.000000 0.000000 13.359137 130.916580 
25000.000000 17.000000 -0.916788 4.757150 
25100.000000 27.000000 -7.754770 270.469574 
25200.000000 27.000000 3.841667 472.451050 
25300.000000 13.000000 4.068907 269.646790 
25400.000000 0.000000 14.059940 1.333997 
25500.000000 27.000000 9.990528 45.402775 
25600.000000 27.000000 14.058179 98.710144 
25700.000000 0.000000 7.630569 27.397608 
25800.000000 2.000000 15.000000 40.185047 
25900.000000 0.000000 13.329168 64.755325 
26000.000000 25.000000 6.617712 13.671335 
26100.000000 27.000000 14.032376 90.424652 
26200.000000 12.000000 7.414911 29.680334 
26300.000000 27.000000 14.875819 19.216887 
26400.000000 8.000000 11.660087 12.276672 
26500.000000 0.000000 11.399915 13.736794 
26600.000000 18.000000 15.000000 0.009072 
26700.000000 17.000000 9.997565 32.995529 
26800.000000 7.000000 15.000000 13.488817 
26900.000000 13.000000 15.000000 29.862110 
27000.000000 27.000000 -4.146815 8.602694 
27100.000000 16.000000 -3.336245 295.524048 
27200.000000 20.000000 -7.971692 617.562317 
27300.000000 12.000000 0.840707 461.522308 
27400.000000 25.000000 -5.003490 695.667786 
27500.000000 27.000000 6.000646 279.468903 
27600.000000 0.000000 8.753187 66.030983 
27700.000000 27.000000 -7.827816 153.177567 
27800.000000 9.000000 -8.516562 225.250015 
27900.000000 9.000000 -5.211067 311.594727 
28000.000000 9.000000 6.836741 77.108742 
28100.000000 12.000000 1.999897 63.094284 
28200.000000 18.000000 -3.300219 165.222717 
28300.000000 25.000000 -9.999929 705.379456 
28400.000000 1.000000 -7.397529 412.625946 
28500.000000 3.000000 -5.455817 137.730087 
28600.000000 4.000000 -3.423595 63.061237 
28700.000000 15.000000 1.823726 90.252541 
28800.000000 0.000000 14.972163 5.867123 
28900.000000 0.000000 14.856269 65.481544 
29000.000000 1.000000 13.009448 120.569504 
29100.000000 20.000000 -7.333580 187.496384 
29200.000000 7.000000 -15.572428 566.604553 
29300.000000 17.000000 -13.148245 539.198059 
29400.000000 27.000000 -10.929531 892.757568 
29500.000000 7.000000 -12.490047 988.919128 
29600.000000 2.000000 -13.143962 408.280701 
29700.000000 4.000000 -11.573348 335.595490 
29800.000000 0.000000 -9.901765 232.562378 
29900.000000 4.000000 -7.560836 198.650665 
30000.000000 9.000000 -1.929530 180.489838 
30100.000000 4.000000 -0.717997 23.779928 
30200.000000 15.000000 -2.442286 123.295242 
30300.000000 27.000000 -8.145042 137.009995 
30400.000000 22.000000 -14.270616 351.590973 
30500.000000 27.000000 -8.876815 794.787842 
30600.000000 27.000000 -6.875746 708.746582 
30700.000000 3.000000 5.542170 264.551636 
30800.000000 7.000000 4.082138 55.483379 
30900.000000 0.000000 -1.928856 78.060394 
31000.000000 16.000000 -1.883315 156.465302 
31100.000000 27.000000 -9.759154 333.932953 
31200.000000 2.000000 -15.080647 617.172668 
31300.000000 7.000000 -15.843096 428.078491 
31400.000000 16.000000 -15.177114 434.069916 
31500.000000 15.000000 -0.167093 458.154388 
31600.000000 27.000000 -7.998657 558.612488 
31700.000000 26.000000 -8.110018 729.192627 
31800.000000 6.000000 -7.134866 432.572937 
31900.000000 16.000000 -2.108278 398.183380 
32000.000000 15.000000 -3.628616 583.915833 
32100.000000 27.000000 -7.983570 698.498108 
32200.000000 15.000000 -8.123355 949.847595 
32300.000000 0.000000 -12.765723 728.596741 
32400.000000 22.000000 -10.084353 749.089172 
32500.000000 26.000000 -10.986740 1099.836792 
32600.000000 25.000000 -6.000626 1084.507568 
32700.000000 8.000000 14.804631 204.316299 
32800.000000 27.000000 -5.327675 109.233688 
32900.000000 11.000000 -12.129547 543.491333 
33000.000000 25.000000 -6.295423 559.393860 
33100.000000 0.000000 -9.999626 576.841492 
33200.000000 0.000000 -12.904427 502.354279 
33300.000000 19.000000 -15.127804 691.399658 
33400.000000 1.000000 -13.268102 540.208618 
33500.000000 12.000000 -5.967964 581.696594 
33600.000000 27.000000 -8.263250 606.807373 
33700.000000 17.000000 -1.240747 358.123688 
33800.000000 0.000000 -2.258350 214.584320 
33900.000000 26.000000 -2.106176 241.473160 
34000.000000 12.000000 1.737020 161.741638 
34100.000000 7.000000 -5.647459 385.270752 
34200.000000 25.000000 -7.258433 351.282898 
34300.000000 3.000000 -1.704226 167.889450 
34400.000000 19.000000 0.953799 193.839447 
34500.000000 3.000000 1.423775 103.660698 
34600.000000 0.000000 -0.354760 171.062027 
34700.000000 12.000000 -0.938974 202.977081 
34800.000000 13.000000 4.708419 169.164185 
34900.000000 14.000000 3.743804 120.645935 
35000.000000 15.000000 4.561499 238.355133 
35100.000000 1.000000 12.751385 0.050945 
35200.000000 27.000000 -7.256695 49.919662 
35300.000000 23.000000 -8.254432 435.670868 
35400.000000 6.000000 -16.000000 757.773987 
35500.000000 15.000000 -16.000000 518.394470 
35600.000000 16.000000 -10.406425 674.523804 
35700.000000 23.000000 -9.441488 865.677368 
35800.000000 26.000000 -8.441149 496.128204 
35900.000000 0.000000 -2.266929 230.222519 
36000.000000 0.000000 -4.448270 65.268257 
36100.000000 24.000000 -3.444809 278.671814 
36200.000000 13.000000 -1.014509 613.442200 
36300.000000 10.000000 -4.854839 527.571289 
36400.000000 21.000000 -6.448246 473.466400 
36500.000000 0.000000 -4.450138 249.366684 
36600.000000 8.000000 -2.411682 138.977112 
36700.000000 1.000000 -2.365880 65.875221 
36800.000000 2.000000 -5.690936 153.691284 
36900.000000 10.000000 -4.453773 147.342957 
37000.000000 3.000000 7.344613 60.243168 
37100.000000 0.000000 -5.461059 102.246323 
37200.000000 21.000000 -6.441873 212.290649 
37300.000000 5.000000 -13.067701 554.108643 
37400.000000 17.000000 -14.719831 857.803589 
37500.000000 23.000000 -9.457948 1087.095947 
37600.000000 21.000000 -4.441479 914.410767 
37700.000000 9.000000 -14.335802 770.105347 
37800.000000 27.000000 -8.439020 472.833282 
37900.000000 16.000000 -3.022899 848.789551 
38000.000000 0.000000 -15.729714 544.776367 
38100.000000 27.000000 -7.099033 699.789917 
38200.000000 15.000000 -14.013633 981.262512 
38300.000000 0.000000 -6.231143 503.051270 
38400.000000 20.000000 -6.799222 690.351440 
38500.000000 7.000000 -11.907063 347.198334 
38600.000000 2.000000 -3.102004 240.564575 
38700.000000 13.000000 -7.060093 353.877777 
38800.000000 10.000000 -9.974195 658.445312 
38900.000000 5.000000 -15.589320 604.329590 
39000.000000 1.000000 -12.012362 405.813599 
39100.000000 4.000000 -4.940661 685.628296 
39200.000000 27.000000 -7.469267 490.783722 
39300.000000 9.000000 -10.839501 409.921448 
39400.000000 18.000000 -0.472355 250.967117 
39500.000000 27.000000 -7.456949 598.716003 
39600.000000 5.000000 -8.839557 297.139801 
39700.000000 0.000000 10.678694 64.922798 
39800.000000 27.000000 -6.463665 178.859680 
39900.000000 10.000000 -11.473763 458.435944 
40000.000000 19.000000 -15.213521 772.278748 
40100.000000 24.000000 -10.880454 1096.777710 
40200.000000 3.000000 1.253729 476.376526 
40300.000000 0.000000 -11.702570 154.596100 
40400.000000 20.000000 -0.172557 453.270233 
40500.000000 11.000000 0.981729 543.289307 
40600.000000 24.000000 -4.645132 552.342773 
40700.000000 20.000000 -4.357347 632.698181 
40800.000000 6.000000 8.166302 357.373077 
40900.000000 15.000000 0.642652 160.881897 
41000.000000 0.000000 4.266335 16.029070 
41100.000000 0.000000 2.959721 0.397448 
41200.000000 9.000000 3.600736 0.191221 
41300.000000 0.000000 2.679316 9.640936 
41400.000000 27.000000 -7.344958 75.177139 
41500.000000 20.000000 -14.698584 501.782043 
41600.000000 5.000000 10.306333 104.159035 
41700.000000 1.000000 6.083790 0.387635 
41800.000000 26.000000 -7.333755 26.231003 
41900.000000 2.000000 3.431627 223.690796 
42000.000000 8.000000 9.247495 0.452890 
42100.000000 3.000000 -10.313858 178.825882 
42200.000000 0.000000 2.707010 79.528450 
42300.000000 13.000000 -1.414974 93.054291 
42400.000000 15.000000 -2.347515 373.632446 
42500.000000 27.000000 -6.078741 264.091705 
42600.000000 7.000000 -1.438590 212.719193 
42700.000000 11.000000 1.146344 362.787964 
42800.000000 25.000000 -7.901040 329.603912 
42900.000000 18.000000 -4.425082 441.382843 
43000.000000 4.000000 7.098063 55.593960 
43100.000000 0.000000 3.702874 24.523264 
43200.000000 10.000000 7.098926 20.289694 
43300.000000 26.000000 -7.901073 354.585571 
43400.000000 18.000000 -10.226591 623.678040 
43500.000000 27.000000 -7.901071 819.266235 
43600.000000 15.000000 3.231231 357.859375 
43700.000000 25.000000 -9.788474 738.212097 
43800.000000 13.000000 -5.176208 834.238342 
43900.000000 0.000000 -14.350031 485.967407 
44000.000000 7.000000 3.608707 426.246124 
44100.000000 9.000000 7.210903 139.872040 
44200.000000 5.000000 3.643433 20.626968 
44300.000000 14.000000 4.993771 4.939286 
44400.000000 0.000000 -16.000000 144.358887 
44500.000000 0.000000 -15.198146 253.043167 
44600.000000 27.000000 -16.000000 673.850281 
44700.000000 20.000000 -3.144659 673.661255 
44800.000000 27.000000 -9.141847 547.735229 
44900.000000 10.000000 -14.992607 926.511414 
45000.000000 11.000000 -16.000000 1035.387939 
45100.000000 10.000000 -14.030877 553.654114 
45200.000000 14.000000 -16.000000 452.798248 
45300.000000 14.000000 -11.732291 566.884827 
45400.000000 27.000000 -10.375734 864.376892 
45500.000000 9.000000 3.619659 376.359406 
45600.000000 15.000000 1.624402 126.229675 
45700.000000 20.000000 -6.375715 163.911880 
45800.000000 22.000000 -9.375730 672.362061 
45900.000000 12.000000 0.820715 319.261200 
46000.000000 2.000000 4.365436 73.313828 
46100.000000 10.000000 7.619756 41.049358 
46200.000000 27.000000 -9.258076 501.094635 
46300.000000 19.000000 -16.000000 896.293213 
46400.000000 15.000000 -8.656049 1113.183105 
46500.000000 24.000000 -8.541170 1038.632446 
46600.000000 15.000000 -8.942252 685.225525 
46700.000000 0.000000 -13.622371 359.848938 
46800.000000 6.000000 -6.476942 593.376892 
46900.000000 0.000000 -16.000000 268.675293 
47000.000000 0.000000 -16.000000 378.348541 
47100.000000 8.000000 -5.702558 481.995148 
47200.000000 7.000000 9.598321 54.750896 
47300.000000 10.000000 7.598713 1.817196 
47400.000000 2.000000 10.598711 12.834828 
47500.000000 5.000000 0.169842 0.195551 
47600.000000 12.000000 -10.623711 117.270103 
47700.000000 18.000000 -14.040517 671.348450 
47800.000000 26.000000 -11.606818 975.777161 
47900.000000 21.000000 -3.613602 562.712097 
48000.000000 15.000000 -1.897036 282.948273 
48100.000000 17.000000 -11.197322 518.654541 
48200.000000 17.000000 -11.140686 830.487366 
48300.000000 8.000000 7.833301 91.012512 
48400.000000 0.000000 -16.000000 110.713676 
48500.000000 13.000000 -8.247398 333.425507 
48600.000000 14.000000 -9.245013 606.035950 
48700.000000 0.000000 5.785549 81.789856 
48800.000000 24.000000 -5.866650 220.564682 
48900.000000 27.000000 -9.056786 609.926392 
49000.000000 15.000000 -2.153591 760.443787 
49100.000000 26.000000 -10.056650 665.369263 
49200.000000 11.000000 -0.120789 448.525757 
49300.000000 16.000000 1.210733 90.763412 
49400.000000 11.000000 -8.489151 241.575516 
49500.000000 14.000000 0.802814 199.062515 
49600.000000 0.000000 6.863842 13.827582 
49700.000000 19.000000 -6.074796 8.728779 
49800.000000 9.000000 1.547642 52.833988 
49900.000000 22.000000 -5.197080 86.800026 
50000.000000 12.000000 8.802811 18.809494 
50100.000000 14.000000 -5.186234 14.998899 
50200.000000 1.000000 4.028819 23.240488 
50300.000000 25.000000 -10.497190 477.340576 
50400.000000 11.000000 2.511074 774.996033 
50500.000000 26.000000 -8.632781 144.074097 
50600.000000 10.000000 -1.835990 467.944336 
50700.000000 0.000000 4.831031 54.836922 
50800.000000 2.000000 5.508645 13.725351 
50900.000000 20.000000 -3.192466 12.893517 
51000.000000 18.000000 -3.361861 360.232483 
51100.000000 18.000000 -6.804048 628.685852 
51200.000000 7.000000 -2.527397 302.309448 
51300.000000 0.000000 11.715959 104.749573 
51400.000000 27.000000 -8.192550 347.725525 
51500.000000 27.000000 -9.192566 784.707275 
51600.000000 25.000000 -7.108852 646.661743 
51700.000000 27.000000 -7.192564 850.326721 
51800.000000 20.000000 -3.193117 756.196106 
51900.000000 17.000000 -7.432663 749.776550 
52000.000000 3.000000 7.934621 206.740662 
52100.000000 4.000000 6.776497 4.216581 
52200.000000 25.000000 -10.192561 154.046249 
52300.000000 10.000000 4.218719 50.642365 
52400.000000 17.000000 -2.190120 93.419304 
52500.000000 0.000000 3.960176 38.277847 
52600.000000 16.000000 3.107592 1.956747 
52700.000000 27.000000 -9.192328 277.171356 
52800.000000 14.000000 -6.285867 777.469727 
52900.000000 27.000000 -9.192543 796.820435 
53000.000000 27.000000 -9.192251 756.610596 
53100.000000 14.000000 0.805816 486.083954 
53200.000000 7.000000 4.904747 98.091263 
53300.000000 7.000000 8.806592 2.748203 
53400.000000 18.000000 -7.192562 380.534668 
53500.000000 0.000000 1.772131 160.756577 
53600.000000 2.000000 3.820601 40.284973 
53700.000000 27.000000 -8.192548 376.863770 
53800.000000 6.000000 2.129033 667.482727 
53900.000000 14.000000 2.580555 173.594345 
54000.000000 26.000000 -7.191961 476.305359 
54100.000000 9.000000 1.741522 570.372620 
54200.000000 7.000000 6.356949 156.623230 
54300.000000 11.000000 5.807381 7.732752 
54400.000000 27.000000 -8.192450 182.220215 
54500.000000 1.000000 2.926913 124.457787 
54600.000000 5.000000 11.331118 72.218338 
54700.000000 16.000000 4.167212 39.120232 
54800.000000 27.000000 -7.192543 390.552673 
54900.000000 13.000000 -8.037730 345.433319 
55000.000000 21.000000 -8.192525 745.695984 
55100.000000 25.000000 -8.192557 846.814270 
55200.000000 27.000000 -9.191400 1079.138672 
55300.000000 20.000000 -5.671926 996.066284 
55400.000000 0.000000 5.143195 409.942535 
55500.000000 0.000000 5.810729 45.809029 
55600.000000 1.000000 7.034934 0.009126 
55700.000000 24.000000 -4.952428 89.566765 
55800.000000 11.000000 2.865650 112.077179 
55900.000000 6.000000 4.758655 69.975388 
56000.000000 6.000000 5.849388 8.956028 
56100.000000 0.000000 4.067259 2.309613 
56200.000000 26.000000 -5.526853 60.775944 
56300.000000 27.000000 -7.192503 516.550110 
56400.000000 15.000000 -2.431717 731.515198 
56500.000000 0.000000 5.900663 50.281456 
56600.000000 26.000000 -4.906501 273.390015 
56700.000000 12.000000 -6.519888 615.191895 
56800.000000 27.000000 -8.453524 712.623840 
56900.000000 16.000000 -2.746787 729.209106 
57000.000000 25.000000 -5.350037 562.152222 
57100.000000 11.000000 3.472521 533.065674 
57200.000000 24.000000 -5.453606 516.134155 
57300.000000 25.000000 -4.155604 507.991364 
57400.000000 18.000000 -4.752765 391.605042 
57500.000000 22.000000 -3.455806 511.833649 
57600.000000 15.000000 -6.811475 692.122742 
57700.000000 17.000000 -4.226011 508.637543 
57800.000000 8.000000 10.350791 62.732162 
57900.000000 17.000000 1.497663 30.605959 
58000.000000 14.000000 -1.090913 288.514343 
58100.000000 5.000000 -0.839223 244.340286 
58200.000000 27.000000 -6.992540 592.243347 
58300.000000 9.000000 -7.259783 733.914429 
58400.000000 0.000000 14.007449 124.916252 
58500.000000 3.000000 3.110679 1.792284 
58600.000000 0.000000 4.563338 0.574966 
58700.000000 8.000000 8.516264 18.970291 
58800.000000 0.000000 6.225584 1.404313 
58900.000000 11.000000 -6.859520 1.475189 
59000.000000 27.000000 -6.994829 452.459076 
59100.000000 17.000000 -11.823002 741.080811 
59200.000000 0.000000 2.625580 442.964935 
59300.000000 15.000000 3.007451 178.981628 
59400.000000 0.000000 5.147318 86.310814 
59500.000000 4.000000 -3.969345 1.410574 
59600.000000 27.000000 -9.009997 433.956757 
59700.000000 14.000000 -1.094766 545.874268 
59800.000000 27.000000 -8.937716 607.467712 
59900.000000 2.000000 4.942618 183.750778 
60000.000000 22.000000 -5.327611 595.152222 
60100.000000 1.000000 6.038596 114.161942 
60200.000000 17.000000 0.540508 63.438858 
60300.000000 0.000000 2.342758 230.997925 
60400.000000 11.000000 7.007452 37.786839 
60500.000000 12.000000 3.005824 91.049286 
60600.000000 27.000000 -7.000958 488.161194 
60700.000000 14.000000 -7.524590 790.420715 
60800.000000 14.000000 4.997032 404.718719 
60900.000000 27.000000 -8.871576 705.901123 
61000.000000 9.000000 3.365335 286.152557 
61100.000000 0.000000 13.306381 7.806241 
61200.000000 5.000000 11.411073 58.376637 
61300.000000 27.000000 -8.882586 162.609177 
61400.000000 3.000000 1.870267 66.276733 
61500.000000 0.000000 5.073753 29.105186 
61600.000000 9.000000 5.000001 25.766296 
61700.000000 27.000000 -15.000001 243.417328 
61800.000000 8.000000 -16.000000 713.312195 
61900.000000 0.000000 -16.000000 483.277344 
62000.000000 10.000000 -16.000000 675.705078 
62100.000000 0.000000 -15.000559 417.432678 
62200.000000 12.000000 -16.000000 415.408508 
62300.000000 7.000000 -15.205773 432.586029 
62400.000000 27.000000 -9.964706 723.305969 
62500.000000 10.000000 -5.440718 733.499146 
62600.000000 15.000000 -16.000000 642.549133 
62700.000000 27.000000 -10.912859 670.118286 
62800.000000 12.000000 -7.729953 588.769531 
62900.000000 0.000000 -16.000000 356.472656 
63000.000000 22.000000 -12.418530 623.472168 
63100.000000 0.000000 -11.028634 553.459106 
63200.000000 0.000000 4.085588 378.535309 
63300.000000 27.000000 -6.910665 182.305939 
63400.000000 0.000000 -11.910723 272.183777 
63500.000000 27.000000 -10.698757 593.749207 
63600.000000 9.000000 -10.394514 612.232483 
63700.000000 4.000000 -0.110073 108.673630 
63800.000000 27.000000 -2.698755 158.625961 
63900.000000 13.000000 7.052375 75.579124 
64000.000000 4.000000 7.497134 2.498547 
64100.000000 0.000000 6.327071 0.210879 
64200.000000 14.000000 -8.902222 12.287680 
64300.000000 13.000000 -8.441007 393.666412 
64400.000000 13.000000 -2.835521 387.470520 
64500.000000 23.000000 -6.469912 386.095642 
64600.000000 16.000000 -1.757316 631.684448 
64700.000000 3.000000 6.561499 70.489998 
64800.000000 27.000000 -8.636898 246.186981 
64900.000000 0.000000 14.277713 8.032916 
65000.000000 13.000000 3.000074 0.630543 
65100.000000 25.000000 -7.999582 177.022293 
65200.000000 25.000000 -6.533926 383.349670 
65300.000000 26.000000 -7.001185 636.248474 
65400.000000 0.000000 15.000000 35.555229 
65500.000000 25.000000 -7.978230 23.973337 
65600.000000 7.000000 4.568019 385.107239 
65700.000000 21.000000 -3.956485 75.273216 
65800.000000 2.000000 3.397804 118.378510 
65900.000000 14.000000 3.000977 11.670934 
66000.000000 17.000000 -5.683144 273.626221 
66100.000000 2.000000 3.042872 42.572815 
66200.000000 0.000000 12.014951 4.086317 
66300.000000 4.000000 15.000000 80.408493 
66400.000000 5.000000 12.425355 91.364014 
66500.000000 0.000000 6.180469 16.951056 
66600.000000 3.000000 3.364576 6.157585 
66700.000000 10.000000 5.085693 4.256238 
66800.000000 7.000000 5.090418 11.855102 
66900.000000 12.000000 4.857702 1.040424 
67000.000000 5.000000 4.233531 5.806362 
67100.000000 21.000000 -2.428497 17.250854 
67200.000000 27.000000 -8.791559 427.556854 
67300.000000 24.000000 -8.314089 833.326965 
67400.000000 27.000000 -10.917513 979.722412 
67500.000000 19.000000 -12.819355 957.589722 
67600.000000 27.000000 -12.917643 1266.344849 
67700.000000 18.000000 -9.877288 728.457642 
67800.000000 11.000000 1.141469 416.150635 
67900.000000 6.000000 5.760550 181.115997 
68000.000000 0.000000 5.166529 18.244030 
68100.000000 23.000000 -7.907864 114.912827 
68200.000000 27.000000 -9.358050 57.870045 
68300.000000 0.000000 5.235410 49.214767 
68400.000000 2.000000 11.082349 4.669030 
68500.000000 6.000000 11.250421 50.159538 
68600.000000 24.000000 -6.216859 1.030740 
68700.000000 16.000000 -6.290466 485.421265 
68800.000000 27.000000 -8.799856 563.212646 
68900.000000 12.000000 6.430838 102.235023 
69000.000000 21.000000 -8.917645 334.735077 
69100.000000 9.000000 8.077265 97.326408 
69200.000000 7.000000 2.089766 28.299215 
69300.000000 23.000000 -9.915988 96.388405 
69400.000000 17.000000 -3.617679 350.216888 
69500.000000 3.000000 1.932858 100.768951 
69600.000000 0.000000 5.556193 4.064154 
69700.000000 18.000000 -0.917570 28.334187 
69800.000000 0.000000 7.496132 65.318863 
69900.000000 27.000000 -8.915794 124.860252 
70000.000000 19.000000 -7.890308 527.771301 
70100.000000 16.000000 -10.180807 834.942200 
70200.000000 20.000000 -9.501161 926.555786 
70300.000000 13.000000 2.295742 213.164627 
70400.000000 11.000000 -3.401926 16.848644 
70500.000000 0.000000 5.121580 16.907822 
70600.000000 5.000000 -0.271373 0.030938 
70700.000000 18.000000 -5.708194 307.990906 
70800.000000 18.000000 -1.706539 337.591827 
70900.000000 0.000000 5.419052 150.364853 
71000.000000 5.000000 0.944054 70.434372 
71100.000000 16.000000 -5.531690 162.933105 
71200.000000 0.000000 6.318912 32.575523 
71300.000000 24.000000 -7.706645 202.963165 
71400.000000 8.000000 2.345829 568.368164 
71500.000000 0.000000 5.988302 145.973480 
71600.000000 20.000000 -2.741388 70.818756 
71700.000000 6.000000 0.200066 82.342239 
71800.000000 18.000000 -4.708115 231.613571 
71900.000000 6.000000 2.608377 78.825676 
72000.000000 0.000000 4.980169 3.659265 
72100.000000 27.000000 -8.700584 30.046755 
72200.000000 27.000000 -8.708166 581.404358 
72300.000000 27.000000 -8.289717 823.826660 
72400.000000 27.000000 -11.705825 1148.493530 
72500.000000 12.000000 -8.257508 337.957031 
72600.000000 26.000000 -9.708155 696.503967 
72700.000000 6.000000 5.179491 246.974594 
72800.000000 23.000000 -4.708120 288.419617 
72900.000000 10.000000 6.253223 246.753937 
73000.000000 7.000000 -3.890564 525.056641 
73100.000000 12.000000 6.291839 160.363403 
73200.000000 5.000000 -3.592813 189.472321 
73300.000000 0.000000 8.034540 319.990265 
73400.000000 6.000000 7.019306 49.822468 
73500.000000 27.000000 -4.699003 229.998627 
73600.000000 11.000000 -2.601500 602.530090 
73700.000000 21.000000 -8.895500 240.512238 
73800.000000 18.000000 1.291791 408.423004 
73900.000000 11.000000 -3.429401 458.738129 
74000.000000 25.000000 -7.705714 378.328217 
74100.000000 6.000000 -5.793781 546.407837 
74200.000000 27.000000 -7.708145 760.541016 
74300.000000 19.000000 -7.708130 726.278259 
74400.000000 4.000000 3.768066 675.069580 
74500.000000 27.000000 -7.703403 514.378357 
74600.000000 9.000000 0.208323 471.246796 
74700.000000 26.000000 -7.548287 257.197327 
74800.000000 24.000000 -8.714940 587.662170 
74900.000000 5.000000 10.272101 144.106537 
75000.000000 26.000000 -7.708116 148.874084 
75100.000000 22.000000 -6.051154 559.407654 
75200.000000 8.000000 -0.421466 619.970093 
75300.000000 2.000000 0.664128 161.396530 
75400.000000 0.000000 3.289366 16.385775 
75500.000000 27.000000 -11.947145 298.891571 
75600.000000 14.000000 -13.811462 802.893372 
75700.000000 2.000000 -14.940617 892.744507 
75800.000000 18.000000 -15.865581 776.867004 
75900.000000 3.000000 -16.000000 782.649231 
76000.000000 13.000000 -15.003501 815.493896 
76100.000000 6.000000 -7.320427 734.701660 
76200.000000 7.000000 -10.324255 401.944580 
76300.000000 0.000000 -7.494787 284.527435 
76400.000000 5.000000 -16.000000 189.196457 
76500.000000 18.000000 -4.606144 450.429230 
76600.000000 12.000000 -5.949214 735.551147 
76700.000000 15.000000 -6.936571 616.406616 
76800.000000 8.000000 -2.950297 598.415955 
76900.000000 16.000000 3.426687 370.722229 
77000.000000 2.000000 0.531462 370.757996 
77100.000000 3.000000 -2.194332 260.888092 
77200.000000 0.000000 1.918521 17.327446 
77300.000000 24.000000 -7.282937 258.192413 
77400.000000 8.000000 2.470963 392.984375 
77500.000000 0.000000 5.394423 49.354725 
77600.000000 13.000000 6.482111 0.862361 
77700.000000 11.000000 -0.655803 73.200027 
77800.000000 1.000000 12.424163 1.498779 
77900.000000 15.000000 -3.575835 43.895920 
78000.000000 25.000000 -7.575836 485.289429 
78100.000000 0.000000 5.175772 412.045593 
78200.000000 22.000000 -5.884578 187.770126 
78300.000000 7.000000 2.109188 526.226379 
78400.000000 10.000000 4.136980 66.308258 
78500.000000 8.000000 7.303296 36.722958 
78600.000000 2.000000 2.871137 29.128250 
78700.000000 15.000000 -3.428993 81.061623 
78800.000000 13.000000 6.427547 30.960405 
78900.000000 27.000000 -8.575832 394.206757 
79000.000000 14.000000 -9.529358 675.223145 
79100.000000 16.000000 -2.574689 481.302856 
79200.000000 16.000000 -6.240842 548.943359 
79300.000000 21.000000 -6.575835 628.288391 
79400.000000 27.000000 -9.547519 729.560425 
79500.000000 13.000000 -2.641287 901.016418 
79600.000000 3.000000 -16.000000 561.579102 
79700.000000 15.000000 -11.316903 314.359772 
79800.000000 27.000000 -6.552125 710.323425 
79900.000000 9.000000 -6.735357 368.210876 
80000.000000 0.000000 4.139130 260.063416 
80100.000000 25.000000 -6.552084 194.192108 
80200.000000 2.000000 -0.595766 221.781784 
80300.000000 25.000000 -7.552087 277.146515 
80400.000000 18.000000 -8.034721 710.004150 
80500.000000 0.000000 7.919841 101.459908 
80600.000000 27.000000 -7.552087 333.371674 
80700.000000 25.000000 -5.931318 503.393738 
80800.000000 17.000000 -8.264803 554.936157 
80900.000000 0.000000 3.302155 136.335266 
81000.000000 14.000000 -0.845667 24.787754 
81100.000000 14.000000 -5.288373 275.211029 
81200.000000 27.000000 -7.326864 580.629211 
81300.000000 0.000000 3.916942 393.715149 
81400.000000 7.000000 7.687084 0.499709 
81500.000000 10.000000 8.141981 3.998868 
81600.000000 27.000000 -6.548328 85.018028 
81700.000000 0.000000 11.189105 16.213272 
81800.000000 13.000000 -7.476824 238.194870 
81900.000000 9.000000 9.578394 27.061228 
82000.000000 15.000000 -1.275666 31.721609 
82100.000000 20.000000 -6.552087 459.382751 
82200.000000 0.000000 4.502210 439.920715 
82300.000000 0.000000 14.700001 0.145278 
82400.000000 27.000000 -7.979256 121.213425 
82500.000000 19.000000 -7.999996 617.696167 
82600.000000 0.000000 10.875521 311.507599 
82700.000000 0.000000 10.372624 9.534657 
82800.000000 27.000000 -7.986151 228.833939 
82900.000000 9.000000 11.514626 33.125992 
83000.000000 14.000000 5.129475 15.657743 
83100.000000 27.000000 -6.999999 230.267136 
83200.000000 0.000000 12.651005 181.229187 
83300.000000 16.000000 1.190873 0.521095 
83400.000000 13.000000 -1.002354 280.783356 
83500.000000 1.000000 6.976397 45.872875 
83600.000000 0.000000 14.000016 22.458517 
83700.000000 0.000000 13.533000 111.553856 
83800.000000 7.000000 0.871594 6.418685 
83900.000000 5.000000 14.999851 27.840654 
84000.000000 0.000000 13.858871 0.561087 
84100.000000 0.000000 13.413330 8.300187 
84200.000000 27.000000 -5.803492 21.430937 
84300.000000 0.000000 3.701874 126.265381 
84400.000000 6.000000 14.164511 1.746259 
84500.000000 24.000000 -10.095008 283.203003 
84600.000000 27.000000 -6.685884 352.529480 
84700.000000 12.000000 -0.745889 432.775116 
84800.000000 21.000000 -5.137717 439.249359 
84900.000000 21.000000 -4.613530 580.989380 
85000.000000 13.000000 5.536557 133.188049 
85100.000000 22.000000 -6.804890 397.514465 
85200.000000 9.000000 8.151521 269.023682 
85300.000000 12.000000 5.105541 9.698826 
85400.000000 27.000000 -8.958380 457.314972 
85500.000000 1.000000 3.806621 201.553879 
85600.000000 1.000000 14.041528 1.908193 
85700.000000 9.000000 6.408772 30.849001 
85800.000000 10.000000 4.005211 0.765304 
85900.000000 27.000000 -7.997334 46.054024 
86000.000000 9.000000 10.999187 56.935036 
86100.000000 12.000000 4.955876 86.027161 
86200.000000 9.000000 1.940734 216.072952 
86300.000000 18.000000 -2.734381 175.967667 
86400.000000 10.000000 -1.153449 427.646942 
86500.000000 5.000000 13.057718 22.599878 
86600.000000 15.000000 1.221376 5.024246 
86700.000000 9.000000 1.703395 299.750183 
86800.000000 15.000000 5.050864 18.059664 
86900.000000 27.000000 -8.999922 395.086456 
87000.000000 16.000000 -0.859962 176.387222 
87100.000000 26.000000 -8.996361 539.512268 
87200.000000 0.000000 12.954763 117.755356 
87300.000000 13.000000 8.213633 0.070313 
87400.000000 27.000000 -7.999863 167.654312 
87500.000000 5.000000 8.941540 75.419029 
87600.000000 10.000000 -4.658170 265.383148 
87700.000000 0.000000 4.209854 83.558136 
87800.000000 10.000000 8.004894 0.184844 
87900.000000 4.000000 -1.723706 10.108304 
88000.000000 5.000000 0.348644 18.399019 
88100.000000 24.000000 -7.999936 309.002960 
88200.000000 0.000000 2.538473 417.131348 
88300.000000 13.000000 0.104191 364.990875 
88400.000000 9.000000 5.208690 33.977680 
88500.000000 7.000000 10.998765 67.357864 
88600.000000 4.000000 9.787952 11.229756 
88700.000000 26.000000 -4.985090 161.889496 
88800.000000 21.000000 -2.999999 388.222748 
88900.000000 4.000000 13.971602 26.698956 
89000.000000 14.000000 6.000419 1.229415 
89100.000000 13.000000 1.027202 115.045395 
89200.000000 0.000000 15.000000 14.613981 
89300.000000 3.000000 12.190750 26.927954 
89400.000000 0.000000 2.872059 6.625971 
89500.000000 0.000000 15.000000 10.672605 
89600.000000 15.000000 -7.657166 124.967567 
89700.000000 0.000000 6.863510 32.470627 
89800.000000 0.000000 1.927561 108.607605 
89900.000000 19.000000 -7.997976 198.056717 
90000.000000 25.000000 -2.967864 89.654533 
90100.000000 27.000000 -6.755772 391.205200 
90200.000000 2.000000 11.870559 265.619019 
90300.000000 8.000000 11.002328 0.253800 
90400.000000 0.000000 14.000000 68.238098 
90500.000000 14.000000 0.049846 0.098157 
90600.000000 27.000000 -7.980227 440.723358 
90700.000000 19.000000 -7.467000 716.011536 
90800.000000 0.000000 13.621070 82.311127 
90900.000000 24.000000 -6.000004 364.196503 
91000.000000 11.000000 -0.126200 262.204803 
91100.000000 27.000000 -5.050104 441.142029 
91200.000000 19.000000 -3.000004 609.749451 
91300.000000 21.000000 -6.771362 862.299194 
91400.000000 0.000000 13.440124 494.147705 
91500.000000 4.000000 10.883230 49.438049 
91600.000000 0.000000 13.999993 31.235640 
91700.000000 7.000000 0.150995 11.621918 
91800.000000 27.000000 -8.000005 195.865921 
91900.000000 11.000000 -8.822411 508.277710 
92000.000000 12.000000 1.030722 586.742432 
92100.000000 4.000000 10.746756 76.373978 
92200.000000 4.000000 -9.713957 38.062576 
92300.000000 10.000000 -11.700046 370.577637 
92400.000000 9.000000 3.869113 338.711670 
92500.000000 19.000000 -4.999807 431.536896 
92600.000000 0.000000 3.828223 98.427803 
92700.000000 0.000000 13.000006 3.453265 
92800.000000 18.000000 -6.005932 189.032242 
92900.000000 2.000000 0.868604 81.106468 
93000.000000 27.000000 -4.998985 133.703674 
93100.000000 5.000000 4.024650 322.911224 
93200.000000 27.000000 -6.057622 509.206787 
93300.000000 26.000000 -7.040348 872.160156 
93400.000000 3.000000 2.048767 618.840210 
93500.000000 14.000000 2.086813 66.361557 
93600.000000 12.000000 -14.142198 257.018524 
93700.000000 13.000000 5.263430 9.523157 
93800.000000 16.000000 1.537968 2.921625 
93900.000000 19.000000 0.003493 32.347275 
94000.000000 1.000000 9.896025 104.900963 
94100.000000 0.000000 15.000000 8.639709 
94200.000000 2.000000 13.430103 50.813648 
94300.000000 11.000000 5.035066 17.206421 
94400.000000 4.000000 14.240107 57.152935 
94500.000000 26.000000 -6.439155 6.986585 
94600.000000 10.000000 5.685771 118.615372 
94700.000000 27.000000 -7.013838 312.227966 
94800.000000 0.000000 14.954264 258.303558 
94900.000000 22.000000 -1.868102 12.509527 
95000.000000 11.000000 8.042033 46.989933 
95100.000000 23.000000 -4.788538 124.369919 
95200.000000 11.000000 6.936515 186.781952 
95300.000000 20.000000 -7.533000 374.814362 
95400.000000 17.000000 -1.389303 79.708984 
95500.000000 25.000000 -5.934126 25.877234 
95600.000000 20.000000 -7.867584 354.600006 
95700.000000 5.000000 10.351292 265.968414 
95800.000000 27.000000 -8.938073 431.363129 
95900.000000 2.000000 9.810993 65.661186 
96000.000000 8.000000 5.797727 0.344210 
96100.000000 5.000000 5.689629 148.825775 
96200.000000 0.000000 15.000000 2.768722 
96300.000000 25.000000 -4.825840 69.233772 
96400.000000 26.000000 -4.959405 453.509918 
96500.000000 0.000000 1.739083 204.026566 
96600.000000 7.000000 11.000240 2.171936 
96700.000000 12.000000 9.078573 34.550148 
96800.000000 6.000000 5.703735 9.666213 
96900.000000 4.000000 1.595532 1.328224 
97000.000000 10.000000 5.994508 0.142927 
97100.000000 0.000000 13.000246 19.901733 
97200.000000 22.000000 -0.921011 14.719831 
97300.000000 3.000000 2.773113 24.052666 
97400.000000 15.000000 0.000659 31.994696 
97500.000000 12.000000 -5.169477 176.361603 
97600.000000 10.000000 7.514341 2.864084 
97700.000000 11.000000 5.168316 6.912808 
97800.000000 0.000000 7.705246 1.956829 
97900.000000 5.000000 12.955985 0.127386 
98000.000000 3.000000 12.000436 46.975624 
98100.000000 8.000000 6.979274 10.662985 
98200.000000 10.000000 9.169875 42.180763 
98300.000000 19.000000 -7.133439 122.246094 
98400.000000 9.000000 5.248559 80.570061 
98500.000000 0.000000 14.860294 94.394737 
98600.000000 2.000000 15.000000 1.309501 
98700.000000 0.000000 14.057649 62.251881 
98800.000000 24.000000 -6.323922 192.450500 
98900.000000 7.000000 3.726170 391.205719 
99000.000000 0.000000 14.897952 0.070676 
99100.000000 24.000000 -7.000000 158.141205 
99200.000000 3.000000 8.805742 190.697205 
99300.000000 12.000000 2.080240 38.826847 
99400.000000 22.000000 -4.823562 103.607788 
99500.000000 27.000000 -5.999951 319.087341 
99600.000000 20.000000 -8.999790 726.624023 
99700.000000 8.000000 3.848195 772.463501 
99800.000000 9.000000 7.697314 151.153992 
99900.000000 14.000000 1.135144 133.655334 
100000.000000 25.000000 -6.942352 481.954193 
100100.000000 3.000000 11.501760 250.950531 
100200.000000 24.000000 -5.590687 457.262512 
100300.000000 25.000000 -5.929338 624.589294 
100400.000000 27.000000 -5.996922 567.183838 
100500.000000 13.000000 -3.043203 680.414062 
100600.000000 19.000000 -3.374599 72.323624 
100700.000000 21.000000 -5.020615 459.565186 
100800.000000 27.000000 -6.000007 735.642883 
100900.000000 9.000000 2.843378 513.902893 
101000.000000 0.000000 12.708646 52.107418 
101100.000000 0.000000 14.911348 0.575748 
101200.000000 0.000000 14.318460 0.237245 
101300.000000 23.000000 -6.102700 109.452522 
101400.000000 7.000000 6.233219 448.488678 
101500.000000 13.000000 0.733368 15.019937 
101600.000000 22.000000 -3.950224 168.238373 
101700.000000 14.000000 0.147865 83.343460 
101800.000000 15.000000 -1.014834 436.377899 
101900.000000 24.000000 -6.994845 640.148132 
102000.000000 25.000000 -6.692236 920.095276 
102100.000000 6.000000 12.244927 177.911392 
102200.000000 13.000000 3.062163 101.108154 
102300.000000 5.000000 13.000027 10.287786 
102400.000000 6.000000 6.790295 1.171670 
102500.000000 13.000000 3.195348 10.965073 
102600.000000 19.000000 -0.009194 46.841347 
102700.000000 23.000000 -5.252297 352.287842 
102800.000000 24.000000 -5.010684 717.135437 
102900.000000 11.000000 0.771648 677.306641 
103000.000000 16.000000 -1.881750 220.438446 
103100.000000 17.000000 -2.258662 684.538025 
103200.000000 22.000000 -7.953140 758.282837 
103300.000000 14.000000 -4.191059 869.966553 
103400.000000 9.000000 5.276462 220.417435 
103500.000000 20.000000 4.000425 83.254677 
103600.000000 0.000000 0.850969 82.792946 
103700.000000 9.000000 4.791592 7.836791 
103800.000000 11.000000 3.947979 24.551628 
103900.000000 26.000000 -4.000000 262.093506 
104000.000000 14.000000 4.007853 222.214996 
104100.000000 19.000000 -1.866807 191.560776 
104200.000000 4.000000 12.999924 104.928856 
104300.000000 17.000000 -3.205570 262.627258 
104400.000000 14.000000 0.623671 384.804108 
104500.000000 19.000000 -8.999667 469.270538 
104600.000000 27.000000 -3.163423 89.144241 
104700.000000 6.000000 6.000290 29.651096 
104800.000000 17.000000 1.643093 15.444551 
104900.000000 22.000000 -5.001141 410.715576 
105000.000000 27.000000 -7.000003 746.142273 
105100.000000 23.000000 -6.430968 760.029907 
105200.000000 11.000000 6.159707 411.668884 
105300.000000 27.000000 -6.000000 640.770630 
105400.000000 17.000000 -1.232393 845.207703 
105500.000000 16.000000 -3.999999 620.854309 
105600.000000 27.000000 -3.988863 445.037476 
105700.000000 20.000000 -6.766356 798.013123 
105800.000000 8.000000 8.770800 58.611519 
105900.000000 3.000000 12.250013 0.505345 
106000.000000 15.000000 -0.755131 10.416361 
106100.000000 8.000000 1.187397 220.742752 
106200.000000 4.000000 14.998270 22.820900 
106300.000000 0.000000 14.001142 38.757866 
106400.000000 4.000000 4.001441 3.084319 
106500.000000 11.000000 4.876611 7.493018 
106600.000000 27.000000 -6.000000 242.867203 
106700.000000 25.000000 -8.704333 737.755432 
106800.000000 23.000000 -8.644768 375.987762 
106900.000000 0.000000 15.000000 8.919329 
107000.000000 21.000000 -4.011966 180.069626 
107100.000000 8.000000 8.016130 178.902634 
107200.000000 0.000000 15.000000 1.875424 
107300.000000 19.000000 -0.968931 11.415776 
107400.000000 1.000000 12.988903 12.225294 
107500.000000 3.000000 13.000027 79.229309 
107600.000000 19.000000 1.379952 0.591087 
107700.000000 27.000000 -9.797098 63.060524 
107800.000000 0.000000 13.993213 3.790184 
107900.000000 3.000000 10.517868 18.870783 
108000.000000 27.000000 -7.989162 101.089012 
108100.000000 21.000000 -3.380513 262.858490 
108200.000000 27.000000 -5.988799 605.792236 
108300.000000 27.000000 -9.956048 721.221130 
108400.000000 15.000000 -0.055826 835.051758 
108500.000000 5.000000 15.000000 66.521538 
108600.000000 19.000000 -4.212313 137.396072 
108700.000000 27.000000 -9.999983 562.137817 
108800.000000 0.000000 15.000000 35.994404 
108900.000000 16.000000 1.264217 1.051734 
109000.000000 7.000000 12.398102 31.288033 
109100.000000 0.000000 13.961303 9.991016 
109200.000000 7.000000 9.607369 16.119799 
109300.000000 9.000000 5.661997 1.197219 
109400.000000 15.000000 -0.058383 121.799110 
109500.000000 8.000000 6.663303 13.574594 
109600.000000 6.000000 10.128875 56.418320 
109700.000000 27.000000 -9.099043 8.165152 
109800.000000 18.000000 -3.027443 421.087555 
109900.000000 6.000000 10.935253 320.523071 
110000.000000 0.000000 14.995770 5.980879 
110100.000000 14.000000 6.036536 0.002344 
110200.000000 1.000000 15.000000 13.832539 
110300.000000 14.000000 0.530760 37.256176 
110400.000000 18.000000 -1.959845 125.237411 
110500.000000 4.000000 13.997193 2.110750 
110600.000000 22.000000 -4.908363 114.486343 
110700.000000 7.000000 13.357748 2.719867 
110800.000000 27.000000 -7.973526 82.136513 
110900.000000 27.000000 -2.977730 434.145905 
111000.000000 27.000000 -2.000013 613.068787 
111100.000000 18.000000 -3.000002 583.138489 
111200.000000 1.000000 13.999201 48.539669 
111300.000000 23.000000 -5.729577 14.021070 
111400.000000 20.000000 -4.252427 193.131332 
111500.000000 12.000000 2.951046 87.924355 
111600.000000 18.000000 -4.198763 559.432190 
111700.000000 22.000000 -0.981072 127.129662 
111800.000000 17.000000 -2.773108 378.402252 
111900.000000 3.000000 11.680513 117.587036 
112000.000000 22.000000 -2.436343 245.775620 
112100.000000 3.000000 14.997341 103.822914 
112200.000000 19.000000 2.922921 13.593781 
112300.000000 9.000000 5.000191 8.595662 
112400.000000 22.000000 -4.725528 0.377407 
112500.000000 27.000000 -3.772922 355.583527 
112600.000000 16.000000 1.000129 427.369385 
112700.000000 1.000000 13.700177 1.087865 
112800.000000 2.000000 15.000000 7.165577 
112900.000000 18.000000 -3.189863 159.951035 
113000.000000 0.000000 14.996584 0.895226 
113100.000000 9.000000 4.689290 80.056412 
113200.000000 22.000000 -0.973321 117.961739 
113300.000000 27.000000 -8.989586 546.099060 
113400.000000 25.000000 -4.448814 451.524475 
113500.000000 10.000000 8.347567 317.494690 
113600.000000 0.000000 14.042804 15.149039 
113700.000000 0.000000 15.000000 15.158691 
113800.000000 27.000000 -5.993143 32.538139 
113900.000000 7.000000 8.941781 95.424583 
114000.000000 0.000000 14.009690 17.063944 
114100.000000 12.000000 4.655623 39.246281 
114200.000000 0.000000 15.000000 1.165865 
114300.000000 24.000000 -4.565731 0.024796 
114400.000000 17.000000 1.979095 141.380981 
114500.000000 12.000000 5.462165 33.269672 
114600.000000 5.000000 11.050086 8.425714 
114700.000000 0.000000 14.000004 92.181465 
114800.000000 9.000000 11.283074 12.843371 
114900.000000 11.000000 3.867229 0.128966 
115000.000000 17.000000 2.012861 110.041435 
115100.000000 4.000000 11.991519 14.354814 
115200.000000 16.000000 3.032927 0.343541 
115300.000000 4.000000 15.000000 0.042610 
115400.000000 24.000000 1.992858 188.978195 
115500.000000 15.000000 0.974044 340.649414 
115600.000000 15.000000 1.941329 69.330521 
115700.000000 10.000000 8.007304 88.842346 
115800.000000 0.000000 15.000000 101.056892 
115900.000000 6.000000 12.002940 47.537624 
116000.000000 9.000000 5.844007 70.361511 
116100.000000 25.000000 -1.999688 21.417120 
116200.000000 5.000000 15.000000 3.413994 
116300.000000 26.000000 3.464779 101.838707 
116400.000000 5.000000 11.773181 66.099106 
116500.000000 19.000000 9.955542 0.469684 
116600.000000 27.000000 2.885248 229.701447 
116700.000000 2.000000 14.527445 147.751816 
116800.000000 16.000000 -0.772741 40.637878 
116900.000000 0.000000 15.000000 0.067759 
117000.000000 14.000000 7.697531 13.513349 
117100.000000 27.000000 -1.511090 15.322937 
117200.000000 4.000000 9.183859 1.183667 
117300.000000 19.000000 -6.997542 324.901794 
117400.000000 3.000000 8.927004 229.775314 
117500.000000 22.000000 -4.940550 127.201157 
117600.000000 0.000000 15.000000 76.189468 
117700.000000 27.000000 -2.999688 24.713551 
117800.000000 26.000000 -0.078661 290.851318 
117900.000000 8.000000 11.143929 29.692598 
118000.000000 13.000000 7.016214 6.371641 
118100.000000 11.000000 6.300360 74.927376 
118200.000000 27.000000 -7.974176 41.449432 
118300.000000 1.000000 14.959023 19.180191 
118400.000000 11.000000 4.228047 9.838223 
118500.000000 3.000000 14.342999 1.359776 
118600.000000 1.000000 15.000000 82.478668 
118700.000000 8.000000 10.166993 21.567871 
118800.000000 4.000000 10.937462 2.311826 
118900.000000 22.000000 -3.557861 0.000039 
119000.000000 9.000000 5.044163 179.484070 
119100.000000 4.000000 12.927564 1.524930 
119200.000000 19.000000 -3.431668 15.300636 
119300.000000 20.000000 -3.135990 366.445740 
119400.000000 27.000000 -0.769698 461.766968 
119500.000000 25.000000 0.219466 561.939880 
119600.000000 13.000000 3.006373 378.991669 
119700.000000 0.000000 13.704872 1.488968 
119800.000000 13.000000 0.815831 127.181000 
119900.000000 20.000000 2.165070 44.786079 
120000.000000 4.000000 13.557817 1.094685 
120100.000000 21.000000 11.951417 124.363182 
120200.000000 14.000000 5.463963 3.517623 
120300.000000 27.000000 0.142843 71.023476 
120400.000000 25.000000 -3.084126 275.215942 
120500.000000 11.000000 7.000123 326.849762 
120600.000000 0.000000 14.372804 316.264221 
120700.000000 0.000000 14.000003 1.916074 
120800.000000 2.000000 14.000003 74.952660 
120900.000000 27.000000 -1.586597 23.043655 
121000.000000 0.000000 15.000000 19.630852 
121100.000000 15.000000 15.000000 35.769852 
121200.000000 20.000000 1.822554 32.826481 
121300.000000 0.000000 15.000000 228.091385 
121400.000000 8.000000 9.037068 3.424801 
121500.000000 19.000000 10.179058 17.811220 
121600.000000 0.000000 15.000000 70.023010 
121700.000000 0.000000 14.000010 144.696915 
121800.000000 14.000000 5.998195 0.298526 
121900.000000 4.000000 15.000000 22.123709 
122000.000000 27.000000 -5.239825 37.205486 
122100.000000 16.000000 3.787717 52.731827 
122200.000000 0.000000 15.000000 21.529665 
122300.000000 18.000000 -1.299251 21.950842 
122400.000000 6.000000 13.900958 0.932802 
122500.000000 7.000000 11.084403 12.465123 
122600.000000 9.000000 12.028993 27.652430 
122700.000000 27.000000 -5.950589 85.896049 
122800.000000 0.000000 15.000000 69.455124 
122900.000000 0.000000 15.000000 14.655505 
123000.000000 18.000000 3.084052 0.000132 
123100.000000 26.000000 -4.982852 298.326691 
123200.000000 15.000000 0.561372 538.193665 
123300.000000 25.000000 -5.778077 615.432922 
123400.000000 4.000000 15.000000 193.065399 
123500.000000 0.000000 15.000000 11.306287 
123600.000000 24.000000 -1.595008 77.749786 
123700.000000 6.000000 9.198822 0.201626 
123800.000000 27.000000 -4.972431 178.566833 
123900.000000 23.000000 -2.155283 564.166992 
124000.000000 4.000000 15.000000 18.626341 
124100.000000 3.000000 14.000275 39.458031 
124200.000000 24.000000 -4.846308 21.428812 
124300.000000 27.000000 -5.978771 351.729248 
124400.000000 24.000000 -3.279364 313.212128 
124500.000000 14.000000 4.446267 652.087952 
124600.000000 6.000000 14.990325 20.989697 
124700.000000 27.000000 -7.284075 40.244217 
124800.000000 10.000000 7.789246 6.203079 
124900.000000 3.000000 14.803658 26.738596 
125000.000000 27.000000 -8.999985 318.394501 
125100.000000 24.000000 -8.999985 841.490906 
125200.000000 7.000000 9.713049 691.105103 
125300.000000 22.000000 11.982244 280.867126 
125400.000000 0.000000 15.000000 3.761682 
125500.000000 7.000000 14.000135 46.915413 
125600.000000 3.000000 13.917509 49.735325 
125700.000000 24.000000 -2.510896 194.720459 
125800.000000 27.000000 -9.292901 643.583496 
125900.000000 24.000000 -7.898215 684.621277 
126000.000000 25.000000 -5.910961 413.981079 
126100.000000 27.000000 -4.190004 680.260437 
126200.000000 0.000000 15.000000 40.334667 
126300.000000 0.000000 14.000460 29.385162 
126400.000000 26.000000 -3.090692 99.806671 
126500.000000 0.000000 15.000000 27.963686 
126600.000000 7.000000 15.000000 21.598389 
126700.000000 26.000000 -7.425098 107.482292 
126800.000000 22.000000 -4.995265 503.936768 
126900.000000 15.000000 0.284088 521.661072 
127000.000000 27.000000 -7.938189 710.916199 
127100.000000 27.000000 7.755102 690.188293 
127200.000000 0.000000 15.000000 20.489912 
127300.000000 0.000000 14.700012 29.319586 
127400.000000 26.000000 -7.980182 168.624908 
127500.000000 0.000000 15.000000 19.938488 
127600.000000 10.000000 9.661068 8.699106 
127700.000000 8.000000 9.100184 3.998954 
127800.000000 27.000000 -8.254189 136.674332 
127900.000000 20.000000 4.093048 22.048172 
128000.000000 0.000000 15.000000 21.808287 
128100.000000 9.000000 15.000000 0.901145 
128200.000000 9.000000 6.108199 3.907146 
128300.000000 12.000000 8.688867 37.957642 
128400.000000 7.000000 11.181926 5.849327 
128500.000000 12.000000 9.677882 17.672514 
128600.000000 14.000000 -0.020777 73.986923 
128700.000000 12.000000 14.658313 45.401775 
128800.000000 8.000000 6.935005 4.457310 
128900.000000 0.000000 14.000007 60.495220 
129000.000000 27.000000 -6.999992 163.417648 
129100.000000 21.000000 1.103107 44.934769 
129200.000000 0.000000 15.000000 0.000642 
129300.000000 8.000000 10.006786 7.913296 
129400.000000 22.000000 -6.999990 281.670135 
129500.000000 26.000000 -8.999994 792.223083 
129600.000000 16.000000 -0.002241 676.287842 
129700.000000 4.000000 13.999892 195.256073 
129800.000000 15.000000 2.767884 0.017145 
129900.000000 21.000000 15.000000 9.766668 
130000.000000 18.000000 15.000000 62.278000 
130100.000000 3.000000 14.380896 3.721056 
130200.000000 1.000000 15.000000 42.631020 
130300.000000 19.000000 15.000000 1.295647 
130400.000000 26.000000 -8.947364 190.842773 
130500.000000 1.000000 15.000000 123.365501 
130600.000000 9.000000 9.472860 0.160735 
130700.000000 7.000000 11.795903 6.711285 
130800.000000 5.000000 14.788268 7.407211 
130900.000000 0.000000 14.788269 94.183121 
131000.000000 14.000000 9.535705 0.014853 
131100.000000 5.000000 15.000000 3.080858 
131200.000000 24.000000 -6.994868 43.751011 
131300.000000 5.000000 12.365417 40.393097 
131400.000000 12.000000 9.686930 13.047346 
131500.000000 27.000000 -5.780623 280.908356 
131600.000000 25.000000 -9.781978 786.898743 
131700.000000 3.000000 13.209885 436.891632 
131800.000000 20.000000 -3.787183 414.981079 
131900.000000 5.000000 14.001142 3.233730 
132000.000000 7.000000 13.012014 33.077835 
132100.000000 0.000000 15.000000 8.979357 
132200.000000 14.000000 3.849860 66.965714 
132300.000000 18.000000 1.426653 17.229574 
132400.000000 0.000000 10.949776 124.224297 
132500.000000 0.000000 15.000000 16.520763 
132600.000000 9.000000 10.289968 3.065202 
132700.000000 5.000000 10.013259 23.419287 
132800.000000 0.000000 15.000000 68.072243 
132900.000000 14.000000 3.267375 63.412273 
133000.000000 9.000000 11.725589 100.648979 
133100.000000 5.000000 11.550641 4.198809 
133200.000000 9.000000 5.060346 15.181964 
133300.000000 20.000000 -0.456430 206.881760 
133400.000000 0.000000 15.000000 5.264559 
133500.000000 23.000000 -7.043281 135.932495 
133600.000000 14.000000 4.980081 355.506561 
133700.000000 27.000000 -8.006783 722.440918 
133800.000000 3.000000 14.499775 693.205750 
133900.000000 0.000000 15.000000 3.836123 
134000.000000 15.000000 5.900680 7.758207 
134100.000000 0.000000 15.000000 24.301151 
134200.000000 25.000000 -5.208328 83.800735 
134300.000000 27.000000 -7.885673 620.737244 
134400.000000 25.000000 -7.031962 1039.770264 
134500.000000 27.000000 -7.062379 610.002625 
134600.000000 20.000000 -0.995363 627.421509 
134700.000000 9.000000 10.507025 422.282806 
134800.000000 4.000000 14.342999 0.028446 
134900.000000 1.000000 14.490002 70.148003 
135000.000000 14.000000 6.263437 98.736069 
135100.000000 27.000000 -8.999998 160.703217 
135200.000000 10.000000 7.490678 198.405731 
135300.000000 11.000000 5.999799 79.725967 
135400.000000 24.000000 -6.953961 105.815849 
135500.000000 20.000000 -4.194070 415.124390 
135600.000000 16.000000 2.004315 219.215988 
135700.000000 16.000000 1.419025 134.740570 
135800.000000 12.000000 7.906081 409.409790 
135900.000000 10.000000 7.417554 11.929177 
136000.000000 19.000000 -3.300204 167.686905 
136100.000000 12.000000 7.077983 1.631665 
136200.000000 0.000000 15.000000 7.050177 
136300.000000 27.000000 15.000000 23.329033 
136400.000000 17.000000 15.000000 3.119678 
136500.000000 20.000000 15.000000 1.456969 
136600.000000 20.000000 3.599093 4.737127 
136700.000000 26.000000 -7.988781 261.777649 
136800.000000 25.000000 -2.150693 747.500000 
136900.000000 23.000000 -4.753773 611.006165 
137000.000000 11.000000 3.005588 411.867920 
137100.000000 27.000000 -7.993874 586.574097 
137200.000000 20.000000 -1.443767 603.023376 
137300.000000 20.000000 8.096074 129.460968 
137400.000000 19.000000 -1.693263 238.115906 
137500.000000 25.000000 -5.999725 637.245178 
137600.000000 21.000000 -4.344155 876.765930 
137700.000000 27.000000 -0.483877 744.707703 
137800.000000 16.000000 7.231941 186.568008 
137900.000000 27.000000 15.000000 128.244690 
138000.000000 5.000000 12.981423 9.136811 
138100.000000 24.000000 1.291739 5.577287 
138200.000000 13.000000 7.117638 37.983559 
138300.000000 0.000000 15.000000 0.837884 
138400.000000 2.000000 14.000072 72.574677 
138500.000000 27.000000 6.467018 35.009979 
138600.000000 4.000000 12.424994 9.130863 
138700.000000 24.000000 15.000000 29.192949 
138800.000000 15.000000 3.077618 57.994720 
138900.000000 0.000000 15.000000 61.611095 
139000.000000 16.000000 2.685492 0.261423 
139100.000000 19.000000 -4.182053 159.119614 
139200.000000 18.000000 -3.888415 613.183899 
139300.000000 17.000000 3.117328 646.001587 
139400.000000 8.000000 8.146194 154.139893 
139500.000000 12.000000 1.997452 318.659363 
139600.000000 13.000000 4.525203 294.725647 
139700.000000 11.000000 7.000008 12.731737 
139800.000000 5.000000 13.488778 3.402345 
139900.000000 16.000000 2.622369 5.067928 
140000.000000 19.000000 -2.748847 209.663895 
140100.000000 16.000000 1.083368 339.972565 
140200.000000 24.000000 -3.675279 25.064724 
140300.000000 18.000000 -0.917439 205.194305 
140400.000000 19.000000 -2.452315 494.361664 
140500.000000 25.000000 1.408956 799.694763 
140600.000000 24.000000 -7.917296 597.374878 
140700.000000 21.000000 1.770394 901.037476 
140800.000000 27.000000 -9.402494 424.254333 
140900.000000 10.000000 12.812634 299.634033 
141000.000000 27.000000 15.000000 51.306007 
141100.000000 27.000000 15.000000 67.427139 
141200.000000 23.000000 15.000000 80.825844 
141300.000000 0.000000 14.957287 34.154640 
141400.000000 27.000000 -6.000177 356.178497 
141500.000000 18.000000 -1.275623 774.267944 
141600.000000 14.000000 6.392745 207.421539 
141700.000000 11.000000 8.108129 237.572006 
141800.000000 0.000000 15.000000 0.021446 
141900.000000 18.000000 -1.642067 32.025944 
142000.000000 27.000000 -9.999902 366.389069 
142100.000000 27.000000 -8.997162 841.890991 
142200.000000 27.000000 -9.807158 959.253540 
142300.000000 4.000000 15.000000 118.437851 
142400.000000 0.000000 14.000012 25.101999 
142500.000000 6.000000 10.252323 95.027374 
142600.000000 0.000000 15.000000 133.729965 
142700.000000 0.000000 14.998357 74.198753 
142800.000000 19.000000 -3.629858 9.140076 
142900.000000 0.000000 14.492321 2.113208 
143000.000000 19.000000 1.470255 131.257660 
143100.000000 27.000000 -8.202740 478.760834 
143200.000000 10.000000 5.539266 14.380827 
143300.000000 0.000000 14.015078 29.750017 
143400.000000 19.000000 0.243450 2.668942 
143500.000000 21.000000 -8.984917 308.007843 
143600.000000 0.000000 15.000000 35.173691 
143700.000000 13.000000 5.748091 97.774361 
143800.000000 15.000000 0.874450 402.438782 
143900.000000 15.000000 1.935564 642.275208 
144000.000000 23.000000 -8.436988 549.022461 
144100.000000 3.000000 13.530680 4.452906 
144200.000000 12.000000 3.825361 2.370797 
144300.000000 20.000000 -3.370917 87.434669 
144400.000000 26.000000 -9.999889 250.635757 
144500.000000 7.000000 9.977420 442.402618 
144600.000000 27.000000 -10.999725 646.856812 
144700.000000 11.000000 7.173977 329.902527 
144800.000000 3.000000 13.877702 0.648833 
144900.000000 14.000000 3.317508 37.502350 
145000.000000 24.000000 -7.465884 216.223816 
145100.000000 23.000000 -6.079313 701.742615 
145200.000000 19.000000 -3.115640 846.480591 
145300.000000 11.000000 4.610117 423.647339 
145400.000000 15.000000 0.907637 322.589874 
145500.000000 4.000000 11.763020 121.935005 
145600.000000 0.000000 14.001414 7.255265 
145700.000000 22.000000 -2.772325 31.702045 
145800.000000 8.000000 8.376943 382.902405 
145900.000000 0.000000 15.000000 1.169899 
146000.000000 2.000000 14.977436 15.893152 
146100.000000 0.000000 14.981065 6.920272 
146200.000000 12.000000 4.867648 3.258396 
146300.000000 18.000000 -1.832308 239.428940 
146400.000000 21.000000 -5.253282 694.595032 
146500.000000 12.000000 9.045149 293.565277 
146600.000000 27.000000 15.000000 121.803871 
146700.000000 14.000000 5.473096 72.803329 
146800.000000 24.000000 -9.299676 571.073303 
146900.000000 17.000000 1.220531 593.374207 
147000.000000 13.000000 9.068948 170.748489 
147100.000000 27.000000 7.783708 29.925854 
147200.000000 23.000000 -7.983994 122.691216 
147300.000000 0.000000 14.000405 8.016287 
147400.000000 13.000000 10.773416 0.737517 
147500.000000 20.000000 -5.708885 211.011292 
147600.000000 10.000000 7.000279 253.260544 
147700.000000 23.000000 -0.947467 278.807739 
147800.000000 1.000000 10.917562 170.266846 
147900.000000 7.000000 12.069179 6.148613 
148000.000000 19.000000 -5.008613 98.703568 
148100.000000 17.000000 -2.050353 399.006042 
148200.000000 27.000000 -9.984811 654.789429 
148300.000000 18.000000 -1.932093 863.663086 
148400.000000 12.000000 4.107596 71.160706 
148500.000000 27.000000 -9.000002 583.743103 
148600.000000 8.000000 8.000332 211.814468 
148700.000000 6.000000 12.007275 0.037308 
148800.000000 27.000000 -9.968618 227.984344 
148900.000000 27.000000 -9.999984 770.376282 
149000.000000 20.000000 -6.513002 754.060120 
149100.000000 27.000000 -8.983251 859.958923 
149200.000000 15.000000 1.024172 403.490784 
149300.000000 27.000000 -10.907960 818.886353 
149400.000000 27.000000 -8.000003 985.975403 
149500.000000 14.000000 9.202723 890.800049 
149600.000000 16.000000 1.029113 101.686508 
149700.000000 23.000000 -6.879745 419.650574 
149800.000000 11.000000 6.183972 226.056274 
149900.000000 8.000000 9.760882 30.526543 
150000.000000 0.000000 15.000000 50.126465 
150100.000000 3.000000 14.886293 37.766117 
150200.000000 7.000000 9.389287 99.599762 
150300.000000 4.000000 11.690216 40.367153 
150400.000000 10.000000 4.001194 4.463834 
150500.000000 25.000000 -8.999951 142.290909 
150600.000000 25.000000 -4.140018 644.553406 
150700.000000 27.000000 -8.999975 436.804077 
150800.000000 13.000000 3.473261 663.255615 
150900.000000 2.000000 15.000000 38.268578 
151000.000000 12.000000 4.374459 0.364316 
151100.000000 4.000000 13.003716 37.509205 
151200.000000 7.000000 9.243504 0.175227 
151300.000000 7.000000 15.000000 25.653984 
151400.000000 22.000000 -7.455214 8.576024 
151500.000000 10.000000 7.523044 246.656967 
151600.000000 0.000000 15.000000 3.507076 
151700.000000 13.000000 6.393369 8.124340 
151800.000000 19.000000 -2.107188 280.105316 
151900.000000 27.000000 -0.957689 413.170013 
152000.000000 0.000000 15.000000 68.604332 
152100.000000 8.000000 14.933697 16.458569 
152200.000000 27.000000 -8.999993 98.753624 
152300.000000 21.000000 -6.226894 362.904877 
152400.000000 1.000000 14.447164 303.094421 
152500.000000 25.000000 -8.999959 414.154510 
152600.000000 27.000000 -8.617315 463.429901 
152700.000000 14.000000 0.240108 412.532654 
152800.000000 23.000000 -7.003259 519.345703 
152900.000000 23.000000 -6.999989 847.917358 
153000.000000 20.000000 -2.700079 726.610657 
153100.000000 24.000000 -5.999413 852.920532 
153200.000000 0.000000 15.000000 436.608307 
153300.000000 21.000000 4.451116 187.863968 
153400.000000 25.000000 -7.826410 110.355247 
153500.000000 10.000000 12.963940 7.746667 
153600.000000 0.000000 15.000000 67.285034 
153700.000000 0.000000 14.000003 135.850891 
153800.000000 21.000000 -3.533330 3.761903 
153900.000000 5.000000 13.098419 0.121314 
154000.000000 27.000000 -8.928789 191.700516 
154100.000000 0.000000 15.000000 218.249603 
154200.000000 0.000000 15.000000 10.440437 
154300.000000 0.000000 13.699721 15.417921 
154400.000000 17.000000 4.145403 67.754303 
154500.000000 22.000000 -8.999397 202.362106 
154600.000000 2.000000 15.000000 78.027100 
154700.000000 27.000000 -7.552364 234.427979 
154800.000000 18.000000 -3.288972 209.629517 
154900.000000 24.000000 -9.289139 726.180908 
155000.000000 0.000000 15.000000 326.101929 
155100.000000 17.000000 -1.061139 4.025082 
155200.000000 16.000000 1.989536 196.273483 
155300.000000 11.000000 4.524486 334.684845 
155400.000000 19.000000 -10.000000 689.649597 
155500.000000 27.000000 -7.999329 829.287048 
155600.000000 15.000000 1.531375 434.649200 
155700.000000 9.000000 5.009637 73.484428 
155800.000000 0.000000 15.000000 18.199093 
155900.000000 22.000000 -3.759809 3.484060 
156000.000000 11.000000 5.671194 341.661041 
156100.000000 27.000000 -8.917050 148.839294 
156200.000000 0.000000 12.773100 0.963276 
156300.000000 0.000000 15.000000 21.296797 
156400.000000 0.000000 15.000000 111.387978 
156500.000000 8.000000 7.731728 18.890104 
156600.000000 21.000000 -2.796483 238.534943 
156700.000000 21.000000 -6.003565 282.239532 
156800.000000 21.000000 -6.087105 736.003113 
156900.000000 25.000000 -6.878358 773.022461 
157000.000000 13.000000 3.259662 186.680130 
157100.000000 27.000000 -8.000001 613.986694 
157200.000000 21.000000 -1.000408 686.695923 
157300.000000 14.000000 3.021967 87.125687 
157400.000000 15.000000 2.962701 16.055323 
157500.000000 3.000000 9.312880 174.274734 
157600.000000 0.000000 15.000000 22.366766 
157700.000000 0.000000 15.000000 31.763735 
157800.000000 27.000000 -7.880517 23.456352 
157900.000000 18.000000 -0.656872 112.878830 
158000.000000 0.000000 15.000000 111.523941 
158100.000000 0.000000 15.000000 30.376930 
158200.000000 3.000000 11.941406 88.942337 
158300.000000 27.000000 -8.934102 9.119356 
158400.000000 18.000000 -3.930731 270.944366 
158500.000000 27.000000 -7.819669 675.701904 
158600.000000 24.000000 -7.803562 421.500519 
158700.000000 21.000000 -3.093725 736.395081 
158800.000000 13.000000 1.998882 453.617249 
158900.000000 15.000000 7.858528 456.168396 
159000.000000 5.000000 11.118445 13.270564 
159100.000000 0.000000 15.000000 0.583628 
159200.000000 14.000000 5.127326 41.987514 
159300.000000 0.000000 13.000132 1.444697 
159400.000000 2.000000 15.000000 38.680840 
159500.000000 13.000000 1.996683 7.051864 
159600.000000 25.000000 -6.999467 154.485580 
159700.000000 6.000000 8.326343 11.881403 
159800.000000 6.000000 11.200092 87.287720 
159900.000000 13.000000 -4.694032 120.014908 
160000.000000 19.000000 -2.111931 505.895844 
160100.000000 20.000000 -1.000189 412.086090 
160200.000000 22.000000 -8.000053 511.850830 
160300.000000 11.000000 7.999967 185.331314 
160400.000000 0.000000 13.999993 0.159637 
160500.000000 20.000000 1.000795 0.318293 
160600.000000 6.000000 12.372784 5.617521 
160700.000000 2.000000 13.999990 57.604511 
160800.000000 19.000000 -7.437139 0.056764 
160900.000000 6.000000 7.514087 0.085402 
161000.000000 26.000000 -7.952835 34.647652 
161100.000000 3.000000 13.999841 38.084190 
161200.000000 7.000000 9.984573 3.260665 
161300.000000 27.000000 -9.989034 62.905483 
161400.000000 13.000000 4.434673 34.857895 
161500.000000 27.000000 -7.558262 199.842606 
161600.000000 1.000000 9.341224 146.496429 
161700.000000 18.000000 -4.355227 46.941029 
161800.000000 27.000000 -8.678519 396.447357 
161900.000000 7.000000 9.343584 181.140747 
162000.000000 25.000000 -5.787103 399.055511 
162100.000000 27.000000 -9.071711 651.485962 
162200.000000 27.000000 -8.655411 840.563965 
162300.000000 18.000000 4.089412 855.763245 
162400.000000 18.000000 -1.816358 408.847992 
162500.000000 27.000000 -9.456257 813.417603 
162600.000000 20.000000 -1.618150 341.195068 
162700.000000 1.000000 13.993430 14.644262 
162800.000000 10.000000 8.320279 2.010187 
162900.000000 0.000000 14.969539 25.983139 
163000.000000 27.000000 -9.807877 12.561930 
163100.000000 26.000000 -8.504885 216.701965 
163200.000000 27.000000 -8.006789 775.852112 
163300.000000 17.000000 4.448269 896.701965 
163400.000000 26.000000 -8.475710 167.256683 
163500.000000 27.000000 -9.999569 507.629303 
163600.000000 3.000000 9.103821 170.809891 
163700.000000 5.000000 13.104689 66.730377 
163800.000000 25.000000 -5.967283 56.157990 
163900.000000 24.000000 -9.318929 12.364395 
164000.000000 18.000000 -0.260523 85.639580 
164100.000000 4.000000 10.662933 0.057482 
164200.000000 19.000000 -0.807670 79.770050 
164300.000000 13.000000 8.537930 30.157761 
164400.000000 21.000000 -6.971868 178.212143 
164500.000000 0.000000 14.031946 117.309578 
164600.000000 0.000000 14.032237 16.370352 
164700.000000 20.000000 2.624549 5.432981 
164800.000000 0.000000 15.000000 10.577034 
164900.000000 2.000000 13.898939 44.163723 
165000.000000 24.000000 -1.848763 21.066727 
165100.000000 21.000000 -7.702002 7.073908 
165200.000000 10.000000 5.811186 6.603642 
165300.000000 13.000000 1.530138 65.679176 
165400.000000 10.000000 3.320138 41.308849 
165500.000000 25.000000 -6.980199 335.363525 
165600.000000 26.000000 -1.264773 801.341797 
165700.000000 10.000000 11.859851 615.047607 
165800.000000 12.000000 2.351722 10.098407 
165900.000000 25.000000 -7.831789 447.722260 
166000.000000 27.000000 -7.825871 786.154602 
166100.000000 27.000000 -7.831787 1036.416748 
166200.000000 22.000000 0.253013 540.178711 
166300.000000 14.000000 0.146075 718.535522 
166400.000000 8.000000 10.035490 26.776466 
166500.000000 18.000000 0.799303 170.585312 
166600.000000 7.000000 8.997718 29.844877 
166700.000000 15.000000 7.223841 95.239342 
166800.000000 8.000000 15.000000 73.306839 
166900.000000 20.000000 -3.775374 50.031975 
167000.000000 21.000000 -8.999989 556.503967 
167100.000000 9.000000 4.682028 661.298401 
167200.000000 0.000000 15.000000 103.098877 
167300.000000 15.000000 -1.250774 0.625485 
167400.000000 25.000000 -8.755589 387.316895 
167500.000000 16.000000 -0.466998 239.178360 
167600.000000 27.000000 -8.998317 510.136292 
167700.000000 6.000000 9.997585 360.317780 
167800.000000 21.000000 -3.700001 466.631775 
167900.000000 13.000000 -0.010430 706.890381 
168000.000000 0.000000 12.210592 124.089661 
168100.000000 15.000000 -0.619113 370.519989 
168200.000000 18.000000 4.474827 485.921143 
168300.000000 4.000000 9.439778 8.115777 
168400.000000 18.000000 3.563558 244.576477 
168500.000000 27.000000 -9.560046 217.866623 
168600.000000 9.000000 11.922176 508.564331 
168700.000000 9.000000 8.882051 436.040009 
168800.000000 24.000000 -7.560451 555.731934 
168900.000000 21.000000 -5.628859 609.133484 
169000.000000 13.000000 2.454655 234.052155 
169100.000000 19.000000 -1.556760 297.530243 
169200.000000 21.000000 -8.560259 644.384766 
169300.000000 27.000000 -8.560252 702.240723 
169400.000000 16.000000 -3.292003 207.353561 
169500.000000 25.000000 -8.559635 623.555847 
169600.000000 27.000000 -8.560262 930.626099 
169700.000000 1.000000 14.439682 305.580048 
169800.000000 11.000000 2.353984 10.855273 
169900.000000 0.000000 14.439697 5.541809 
170000.000000 0.000000 14.439325 21.127508 
170100.000000 23.000000 -7.418468 21.097204 
170200.000000 22.000000 -9.560266 437.426483 
170300.000000 27.000000 -9.641416 761.103699 
170400.000000 16.000000 -3.224562 772.255554 
170500.000000 17.000000 -4.264954 151.501251 
170600.000000 2.000000 9.367349 118.505653 
170700.000000 22.000000 -8.818907 170.259995 
170800.000000 12.000000 3.369054 404.851898 
170900.000000 22.000000 -6.555292 155.930206 
171000.000000 0.000000 14.439725 4.820111 
171100.000000 15.000000 0.800819 14.594815 
171200.000000 0.000000 13.993835 11.430138 
171300.000000 9.000000 3.307811 17.321222 
171400.000000 20.000000 -3.953953 5.881016 
171500.000000 8.000000 6.936734 64.904053 
171600.000000 9.000000 3.506799 82.169876 
171700.000000 4.000000 7.101955 141.994476 
171800.000000 24.000000 -6.998172 429.602722 
171900.000000 27.000000 -8.999988 821.960571 
172000.000000 7.000000 12.016154 243.292892 
172100.000000 10.000000 7.000602 0.075985 
172200.000000 4.000000 10.141170 4.080294 
172300.000000 27.000000 -9.999984 419.617188 
172400.000000 3.000000 10.773098 66.360703 
172500.000000 27.000000 -8.000002 440.418457 
172600.000000 11.000000 7.001123 326.900940 
172700.000000 0.000000 13.185255 0.199442 
172800.000000 18.000000 -1.741304 7.986866 
172900.000000 1.000000 10.099346 38.377815 
173000.000000 27.000000 -8.837601 146.799057 
173100.000000 27.000000 -8.917590 284.581726 
173200.000000 27.000000 -8.998963 666.191833 
173300.000000 0.000000 14.000000 155.118073 
173400.000000 4.000000 11.188974 3.573584 
173500.000000 12.000000 3.998466 126.516411 
173600.000000 20.000000 -6.401066 517.657776 
173700.000000 25.000000 -6.117986 656.306274 
173800.000000 22.000000 -4.970840 292.628906 
173900.000000 0.000000 14.999898 161.101212 
174000.000000 3.000000 12.882205 0.316745 
174100.000000 11.000000 4.510705 2.570392 
174200.000000 0.000000 13.999871 22.584295 
174300.000000 0.000000 13.000002 94.730133 
174400.000000 16.000000 -0.447444 30.435423 
174500.000000 26.000000 -6.972708 109.765518 
174600.000000 27.000000 -8.083778 244.993088 
174700.000000 12.000000 10.387616 232.919861 
174800.000000 23.000000 -6.443560 43.461456 
174900.000000 14.000000 -0.042028 159.603973 
175000.000000 0.000000 14.985090 23.524492 
175100.000000 27.000000 -10.997338 55.942188 
175200.000000 0.000000 12.241171 31.180002 
175300.000000 0.000000 14.935134 2.880998 
175400.000000 23.000000 -9.942339 82.020477 
175500.000000 25.000000 -10.153169 499.049103 
175600.000000 3.000000 11.054182 304.987183 
175700.000000 27.000000 -10.137680 128.201782 
175800.000000 11.000000 7.515263 18.742987 
175900.000000 27.000000 -8.244700 201.703644 
176000.000000 10.000000 9.040787 69.457520 
176100.000000 0.000000 14.000143 4.329585 
176200.000000 27.000000 -11.028091 126.244675 
176300.000000 11.000000 2.239316 69.834656 
176400.000000 20.000000 -6.298736 230.007111 
176500.000000 0.000000 14.166469 49.392567 
176600.000000 21.000000 -4.350877 189.826996 
176700.000000 16.000000 -0.080768 346.648376 
176800.000000 25.000000 -10.999855 893.321899 
176900.000000 14.000000 0.930053 803.131165 
177000.000000 20.000000 -4.942182 793.132996 
177100.000000 13.000000 1.482907 113.363998 
177200.000000 13.000000 6.694569 337.797028 
177300.000000 16.000000 1.861139 74.400330 
177400.000000 10.000000 4.073365 9.553042 
177500.000000 0.000000 12.902615 0.978837 
177600.000000 27.000000 -10.089320 173.770813 
177700.000000 17.000000 -4.466578 248.907425 
177800.000000 5.000000 9.098771 152.021423 
177900.000000 24.000000 -8.058019 466.326050 
178000.000000 3.000000 14.910676 72.154877 
178100.000000 5.000000 11.283774 12.678750 
178200.000000 27.000000 -11.025518 2.884300 
178300.000000 23.000000 -2.923660 106.275108 
178400.000000 26.000000 -8.087572 173.958405 
178500.000000 1.000000 13.970311 10.581125 
178600.000000 23.000000 -8.243151 0.029657 
178700.000000 2.000000 13.883316 2.802110 
178800.000000 10.000000 8.213551 49.109428 
178900.000000 5.000000 7.441085 20.549650 
179000.000000 22.000000 -7.625588 46.250984 
179100.000000 16.000000 0.618712 101.352928 
179200.000000 27.000000 -10.259661 700.605835 
179300.000000 8.000000 8.406739 572.346924 
179400.000000 4.000000 10.152944 10.950712 
179500.000000 23.000000 -2.218716 260.012970 
179600.000000 11.000000 3.274456 0.946097 
179700.000000 27.000000 -8.999536 423.682434 
179800.000000 10.000000 6.184508 147.485840 
179900.000000 0.000000 15.000000 3.553834 
180000.000000 9.000000 11.959934 38.434429 
180100.000000 16.000000 6.727664 20.573793 
180200.000000 18.000000 -5.120924 129.519058 
180300.000000 0.000000 15.000000 0.209999 
180400.000000 0.000000 15.000000 92.138054 
180500.000000 11.000000 1.292290 56.998398 
180600.000000 7.000000 5.783027 105.878502 
180700.000000 22.000000 -5.999998 427.698944 
180800.000000 21.000000 -2.990945 157.868256 
180900.000000 6.000000 11.363719 150.164078 
181000.000000 1.000000 13.931540 10.053602 
181100.000000 5.000000 14.056918 87.188042 
181200.000000 2.000000 11.943747 116.331978 
181300.000000 27.000000 -11.995858 159.750488 
181400.000000 27.000000 -11.994139 603.585632 
181500.000000 7.000000 8.943502 538.371216 
181600.000000 11.000000 5.532766 9.950926 
181700.000000 19.000000 -3.965310 29.079205 
181800.000000 23.000000 -1.930644 493.987274 
181900.000000 25.000000 -10.997576 601.780273 
182000.000000 15.000000 -1.668767 71.876999 
182100.000000 0.000000 14.509575 130.152145 
182200.000000 4.000000 10.024052 0.356669 
182300.000000 23.000000 -6.702081 51.196873 
182400.000000 0.000000 12.005529 300.853760 
182500.000000 7.000000 9.107714 21.042379 
182600.000000 18.000000 4.370688 297.016724 
182700.000000 27.000000 -9.730491 268.571381 
182800.000000 6.000000 8.130413 156.675461 
182900.000000 16.000000 1.549724 68.898598 
183000.000000 12.000000 0.465544 280.457916 
183100.000000 0.000000 13.700564 53.327915 
183200.000000 19.000000 -7.132092 107.088974 
183300.000000 8.000000 9.242221 18.361984 
183400.000000 0.000000 14.992253 118.270103 
183500.000000 1.000000 15.000000 12.303042 
183600.000000 21.000000 -4.480647 0.620746 
183700.000000 3.000000 14.082388 9.416149 
183800.000000 27.000000 -9.117016 2.715005 
183900.000000 3.000000 14.997687 7.517048 
184000.000000 15.000000 4.161008 2.818819 
184100.000000 10.000000 7.734663 6.295184 
184200.000000 13.000000 2.322257 56.505035 
184300.000000 13.000000 7.944097 88.626495 
184400.000000 1.000000 15.000000 35.134411 
184500.000000 1.000000 14.865726 0.467580 
184600.000000 0.000000 14.999992 82.159142 
184700.000000 0.000000 15.000000 75.479271 
184800.000000 0.000000 15.000000 152.933243 
184900.000000 0.000000 14.022054 176.644119 
185000.000000 7.000000 9.022243 125.960922 
185100.000000 2.000000 12.422337 15.816376 
185200.000000 5.000000 12.351830 14.774647 
185300.000000 27.000000 -9.745352 399.103424 
185400.000000 27.000000 -11.552955 213.963074 
185500.000000 2.000000 11.500913 212.302505 
185600.000000 27.000000 -9.082056 645.208435 
185700.000000 7.000000 6.694954 764.589783 
185800.000000 9.000000 10.537622 146.553894 
185900.000000 6.000000 9.346113 4.655820 
186000.000000 6.000000 10.728132 0.284618 
186100.000000 25.000000 -3.498300 48.186913 
186200.000000 0.000000 13.994296 2.204363 
186300.000000 21.000000 -2.976467 77.394638 
186400.000000 18.000000 -0.212423 282.098694 
186500.000000 10.000000 4.700021 237.930344 
186600.000000 27.000000 -10.466926 725.046875 
186700.000000 24.000000 -3.669556 314.249542 
186800.000000 11.000000 6.384712 187.343277 
186900.000000 0.000000 14.504003 0.664344 
187000.000000 0.000000 13.509893 54.476219 
187100.000000 27.000000 -9.455556 4.798779 
187200.000000 22.000000 -8.192784 409.305603 
187300.000000 10.000000 5.632380 93.963715 
187400.000000 22.000000 -6.490102 460.171692 
187500.000000 10.000000 9.041451 374.436829 
187600.000000 14.000000 2.193484 101.107422 
187700.000000 11.000000 6.698001 8.851170 
187800.000000 4.000000 11.146023 36.176189 
187900.000000 11.000000 7.092137 0.530223 
188000.000000 16.000000 -1.428355 144.814087 
188100.000000 14.000000 1.250242 0.066914 
188200.000000 5.000000 7.327032 14.954144 
188300.000000 0.000000 13.001213 0.804456 
188400.000000 14.000000 2.975503 0.862127 
188500.000000 16.000000 -1.669327 24.812654 
188600.000000 18.000000 -3.697488 290.542572 
188700.000000 25.000000 -7.993315 699.813416 
188800.000000 27.000000 -8.999985 979.305908 
188900.000000 27.000000 -8.285341 995.696594 
189000.000000 24.000000 -9.999991 1084.148071 
189100.000000 27.000000 -11.699991 1147.497070 
189200.000000 11.000000 8.679594 419.380157 
189300.000000 9.000000 4.956596 80.830299 
189400.000000 13.000000 3.000663 75.882011 
189500.000000 0.000000 15.000000 3.711089 
189600.000000 16.000000 -3.207915 13.366496 
189700.000000 4.000000 11.567410 137.533310 
189800.000000 0.000000 14.582394 0.025873 
189900.000000 21.000000 -7.258491 248.457779 
190000.000000 27.000000 -10.615329 585.166077 
190100.000000 26.000000 -6.623484 890.615479 
190200.000000 13.000000 2.408113 637.631958 
190300.000000 8.000000 7.699936 432.408539 
190400.000000 0.000000 14.400043 18.534214 
190500.000000 27.000000 -11.299958 501.843292 
190600.000000 11.000000 8.370078 791.209534 
190700.000000 13.000000 2.014429 42.312737 
190800.000000 21.000000 -7.367634 280.260162 
190900.000000 6.000000 8.175139 24.443199 
191000.000000 5.000000 11.560945 10.425867 
191100.000000 21.000000 -8.108082 108.862663 
191200.000000 13.000000 2.254859 44.869221 
191300.000000 18.000000 2.206158 204.468262 
191400.000000 0.000000 15.000000 214.206573 
191500.000000 27.000000 -10.748534 266.955139 
191600.000000 27.000000 -8.744206 681.356384 
191700.000000 19.000000 -2.645455 707.324646 
191800.000000 24.000000 -3.992562 901.779175 
191900.000000 18.000000 -1.495037 376.937073 
192000.000000 16.000000 0.243213 452.247498 
192100.000000 23.000000 -1.538885 329.852112 
192200.000000 27.000000 -6.721699 625.645691 
192300.000000 0.000000 14.963675 70.591927 
192400.000000 24.000000 -7.855931 12.192000 
192500.000000 0.000000 15.000000 15.643131 
192600.000000 0.000000 15.000000 7.551839 
192700.000000 13.000000 2.983807 6.057580 
192800.000000 27.000000 -8.799804 196.148117 
192900.000000 16.000000 1.685157 613.182861 
193000.000000 6.000000 13.449080 74.716827 
193100.000000 27.000000 -10.970213 93.234657 
193200.000000 26.000000 -10.681346 83.620483 
193300.000000 21.000000 -2.688334 325.589325 
193400.000000 0.000000 15.000000 18.549471 
193500.000000 11.000000 3.498602 24.564260 
193600.000000 24.000000 -6.159717 50.400879 
193700.000000 27.000000 -9.561849 319.799072 
193800.000000 7.000000 6.144969 130.725937 
193900.000000 27.000000 -8.614475 345.124542 
194000.000000 1.000000 14.099589 92.481689 
194100.000000 12.000000 5.361603 258.544922 
194200.000000 0.000000 14.953692 5.487717 
194300.000000 0.000000 14.516656 45.080269 
194400.000000 2.000000 15.000000 56.455021 
194500.000000 0.000000 15.000000 34.457317 
194600.000000 8.000000 7.369555 101.305252 
194700.000000 22.000000 -10.999896 127.493362 
194800.000000 0.000000 15.000000 37.991886 
194900.000000 16.000000 1.985016 59.876369 
195000.000000 10.000000 3.975080 164.061493 
195100.000000 16.000000 -0.536544 201.882523 
195200.000000 16.000000 0.868838 490.483490 
195300.000000 19.000000 -6.204125 760.154968 
195400.000000 8.000000 12.672353 429.654999 
195500.000000 27.000000 -10.396677 287.621399 
195600.000000 9.000000 8.405053 377.268433 
195700.000000 17.000000 0.486042 261.536316 
195800.000000 18.000000 -3.214071 66.034225 
195900.000000 16.000000 3.255772 507.696167 
196000.000000 16.000000 0.443955 259.341217 
196100.000000 23.000000 -5.197284 610.368774 
196200.000000 16.000000 5.068177 448.755554 
196300.000000 12.000000 3.268760 8.825868 
196400.000000 21.000000 -2.219494 462.459564 
196500.000000 18.000000 -2.809109 352.983856 
196600.000000 27.000000 -11.999880 880.913940 
196700.000000 9.000000 10.447355 720.996399 
196800.000000 22.000000 -7.675006 51.257187 
196900.000000 27.000000 -9.999995 504.782166 
197000.000000 25.000000 -7.991964 873.898438 
197100.000000 0.000000 13.643492 244.224442 
197200.000000 2.000000 12.988367 1.417652 
197300.000000 2.000000 13.642709 18.035379 
197400.000000 20.000000 1.859161 432.035248 
197500.000000 0.000000 13.533008 0.316069 
197600.000000 2.000000 12.999793 26.935249 
197700.000000 3.000000 15.000000 36.430962 
197800.000000 18.000000 -3.684469 12.604940 
197900.000000 10.000000 2.490013 101.786858 
198000.000000 25.000000 -8.117558 389.995239 
198100.000000 1.000000 15.000000 250.127121 
198200.000000 4.000000 9.177558 84.439880 
198300.000000 0.000000 14.999720 27.024656 
198400.000000 3.000000 13.033639 6.076871 
198500.000000 27.000000 -10.993843 169.283081 
198600.000000 14.000000 5.672012 204.102173 
198700.000000 0.000000 14.007755 9.228063 
198800.000000 0.000000 15.000000 90.548279 
198900.000000 12.000000 2.910254 1.630296 
199000.000000 25.000000 -7.980354 264.572052 
199100.000000 14.000000 3.511996 474.959015 
199200.000000 23.000000 -10.985116 307.212006 
199300.000000 17.000000 1.293479 400.323181 
199400.000000 20.000000 0.874054 439.543152 
199500.000000 17.000000 0.522614 281.891205 
199600.000000 21.000000 -1.510870 265.671326 
199700.000000 25.000000 -10.366775 35.953072 
199800.000000 0.000000 14.064240 31.856184 
199900.000000 3.000000 15.000000 38.543327 
200000.000000 13.000000 4.947152 2.254417 
