100.000000 4.000000 0.040000 
200.000000 -66.000000 -0.330000 
300.000000 -140.000000 -0.466667 
400.000000 -204.000000 -0.510000 
500.000000 -296.000000 -0.592000 
600.000000 -372.000000 -0.620000 
700.000000 -454.000000 -0.648571 
800.000000 -554.000000 -0.692500 
900.000000 -564.000000 -0.626667 
1000.000000 -562.000000 -0.562000 
1100.000000 -604.000000 -0.549091 
1200.000000 -634.000000 -0.528333 
1300.000000 -654.000000 -0.503077 
1400.000000 -726.000000 -0.518571 
1500.000000 -810.000000 -0.540000 
1600.000000 -910.000000 -0.568750 
1700.000000 -956.000000 -0.562353 
1800.000000 -928.000000 -0.515556 
1900.000000 -1028.000000 -0.541053 
2000.000000 -1128.000000 -0.564000 
2100.000000 -1206.000000 -0.574286 
2200.000000 -1176.000000 -0.534545 
2300.000000 -1216.000000 -0.528696 
2400.000000 -1290.000000 -0.537500 
2500.000000 -1382.000000 -0.552800 
2600.000000 -1428.000000 -0.549231 
2700.000000 -1426.000000 -0.528148 
2800.000000 -1402.000000 -0.500714 
2900.000000 -1390.000000 -0.479310 
3000.000000 -1418.000000 -0.472667 
3100.000000 -1458.000000 -0.470323 
3200.000000 -1430.000000 -0.446875 
3300.000000 -1406.000000 -0.426061 
3400.000000 -1376.000000 -0.404706 
3500.000000 -1316.000000 -0.376000 
3600.000000 -1394.000000 -0.387222 
3700.000000 -1452.000000 -0.392432 
3800.000000 -1528.000000 -0.402105 
3900.000000 -1602.000000 -0.410769 
4000.000000 -1668.000000 -0.417000 
4100.000000 -1680.000000 -0.409756 
4200.000000 -1662.000000 -0.395714 
4300.000000 -1654.000000 -0.384651 
4400.000000 -1584.000000 -0.360000 
4500.000000 -1656.000000 -0.368000 
4600.000000 -1726.000000 -0.375217 
4700.000000 -1818.000000 -0.386809 
4800.000000 -1918.000000 -0.399583 
4900.000000 -1978.000000 -0.403673 
5000.000000 -1956.000000 -0.391200 
5100.000000 -1938.000000 -0.380000 
5200.000000 -1998.000000 -0.384231 
5300.000000 -2098.000000 -0.395849 
5400.000000 -2100.000000 -0.388889 
5500.000000 -2124.000000 -0.386182 
5600.000000 -2098.000000 -0.374643 
5700.000000 -2094.000000 -0.367368 
5800.000000 -2088.000000 -0.360000 
5900.000000 -2162.000000 -0.366441 
6000.000000 -2220.000000 -0.370000 
6100.000000 -2170.000000 -0.355738 
6200.000000 -2190.000000 -0.353226 
6300.000000 -2250.000000 -0.357143 
6400.000000 -2302.000000 -0.359688 
6500.000000 -2402.000000 -0.369538 
6600.000000 -2464.000000 -0.373333 
6700.000000 -2474.000000 -0.369254 
6800.000000 -2556.000000 -0.375882 
6900.000000 -2572.000000 -0.372754 
7000.000000 -2580.000000 -0.368571 
7100.000000 -2620.000000 -0.369014 
7200.000000 -2654.000000 -0.368611 
7300.000000 -2746.000000 -0.376164 
7400.000000 -2758.000000 -0.372703 
7500.000000 -2802.000000 -0.373600 
7600.000000 -2852.000000 -0.375263 
7700.000000 -2848.000000 -0.369870 
7800.000000 -2900.000000 -0.371795 
7900.000000 -2960.000000 -0.374684 
8000.000000 -3034.000000 -0.379250 
8100.000000 -3092.000000 -0.381728 
8200.000000 -3166.000000 -0.386098 
8300.000000 -3146.000000 -0.379036 
8400.000000 -3154.000000 -0.375476 
8500.000000 -3150.000000 -0.370588 
8600.000000 -3124.000000 -0.363256 
8700.000000 -3088.000000 -0.354943 
8800.000000 -3076.000000 -0.349545 
8900.000000 -3062.000000 -0.344045 
9000.000000 -3054.000000 -0.339333 
9100.000000 -3120.000000 -0.342857 
9200.000000 -3054.000000 -0.331957 
9300.000000 -3016.000000 -0.324301 
9400.000000 -3062.000000 -0.325745 
9500.000000 -3086.000000 -0.324842 
9600.000000 -3000.000000 -0.312500 
9700.000000 -2940.000000 -0.303093 
9800.000000 -2856.000000 -0.291429 
9900.000000 -2894.000000 -0.292323 
10000.000000 -2826.000000 -0.282600 
10100.000000 -2772.000000 -0.274455 
10200.000000 -2764.000000 -0.270980 
10300.000000 -2718.000000 -0.263884 
10400.000000 -2660.000000 -0.255769 
10500.000000 -2612.000000 -0.248762 
10600.000000 -2556.000000 -0.241132 
10700.000000 -2494.000000 -0.233084 
10800.000000 -2410.000000 -0.223148 
10900.000000 -2386.000000 -0.218899 
11000.000000 -2382.000000 -0.216545 
11100.000000 -2316.000000 -0.208649 
11200.000000 -2238.000000 -0.199821 
11300.000000 -2184.000000 -0.193274 
11400.000000 -2164.000000 -0.189825 
11500.000000 -2146.000000 -0.186609 
11600.000000 -2098.000000 -0.180862 
11700.000000 -2128.000000 -0.181880 
11800.000000 -2094.000000 -0.177458 
11900.000000 -2192.000000 -0.184202 
12000.000000 -2104.000000 -0.175333 
12100.000000 -2052.000000 -0.169587 
12200.000000 -1982.000000 -0.162459 
12300.000000 -1920.000000 -0.156098 
12400.000000 -1832.000000 -0.147742 
12500.000000 -1816.000000 -0.145280 
12600.000000 -1736.000000 -0.137778 
12700.000000 -1662.000000 -0.130866 
12800.000000 -1594.000000 -0.124531 
12900.000000 -1526.000000 -0.118295 
13000.000000 -1504.000000 -0.115692 
13100.000000 -1604.000000 -0.122443 
13200.000000 -1640.000000 -0.124242 
13300.000000 -1562.000000 -0.117444 
13400.000000 -1494.000000 -0.111493 
13500.000000 -1404.000000 -0.104000 
13600.000000 -1322.000000 -0.097206 
13700.000000 -1224.000000 -0.089343 
13800.000000 -1128.000000 -0.081739 
13900.000000 -1046.000000 -0.075252 
14000.000000 -1000.000000 -0.071429 
14100.000000 -938.000000 -0.066525 
14200.000000 -886.000000 -0.062394 
14300.000000 -986.000000 -0.068951 
14400.000000 -910.000000 -0.063194 
14500.000000 -860.000000 -0.059310 
14600.000000 -830.000000 -0.056849 
14700.000000 -780.000000 -0.053061 
14800.000000 -732.000000 -0.049459 
14900.000000 -690.000000 -0.046309 
15000.000000 -592.000000 -0.039467 
15100.000000 -516.000000 -0.034172 
15200.000000 -468.000000 -0.030789 
15300.000000 -376.000000 -0.024575 
15400.000000 -322.000000 -0.020909 
15500.000000 -242.000000 -0.015613 
15600.000000 -166.000000 -0.010641 
15700.000000 -124.000000 -0.007898 
15800.000000 -46.000000 -0.002911 
15900.000000 4.000000 0.000252 
16000.000000 86.000000 0.005375 
16100.000000 152.000000 0.009441 
16200.000000 206.000000 0.012716 
16300.000000 230.000000 0.014110 
16400.000000 270.000000 0.016463 
16500.000000 298.000000 0.018061 
16600.000000 356.000000 0.021446 
16700.000000 446.000000 0.026707 
16800.000000 510.000000 0.030357 
16900.000000 576.000000 0.034083 
17000.000000 604.000000 0.035529 
17100.000000 670.000000 0.039181 
17200.000000 748.000000 0.043488 
17300.000000 682.000000 0.039422 
17400.000000 678.000000 0.038966 
17500.000000 630.000000 0.036000 
17600.000000 702.000000 0.039886 
17700.000000 740.000000 0.041808 
17800.000000 812.000000 0.045618 
17900.000000 854.000000 0.047709 
18000.000000 938.000000 0.052111 
18100.000000 1024.000000 0.056575 
18200.000000 1050.000000 0.057692 
18300.000000 1050.000000 0.057377 
18400.000000 1078.000000 0.058587 
18500.000000 1132.000000 0.061189 
18600.000000 1178.000000 0.063333 
18700.000000 1158.000000 0.061925 
18800.000000 1226.000000 0.065213 
18900.000000 1326.000000 0.070159 
19000.000000 1418.000000 0.074632 
19100.000000 1476.000000 0.077277 
19200.000000 1526.000000 0.079479 
19300.000000 1606.000000 0.083212 
19400.000000 1642.000000 0.084639 
19500.000000 1742.000000 0.089333 
19600.000000 1824.000000 0.093061 
19700.000000 1866.000000 0.094721 
19800.000000 1880.000000 0.094949 
19900.000000 1894.000000 0.095176 
20000.000000 1944.000000 0.097200 
20100.000000 2016.000000 0.100299 
20200.000000 2090.000000 0.103465 
20300.000000 2190.000000 0.107882 
20400.000000 2276.000000 0.111569 
20500.000000 2332.000000 0.113756 
20600.000000 2378.000000 0.115437 
20700.000000 2476.000000 0.119614 
20800.000000 2516.000000 0.120962 
20900.000000 2570.000000 0.122967 
21000.000000 2576.000000 0.122667 
21100.000000 2648.000000 0.125498 
21200.000000 2712.000000 0.127925 
21300.000000 2724.000000 0.127887 
21400.000000 2718.000000 0.127009 
21500.000000 2794.000000 0.129953 
21600.000000 2694.000000 0.124722 
21700.000000 2594.000000 0.119539 
21800.000000 2494.000000 0.114404 
21900.000000 2460.000000 0.112329 
22000.000000 2360.000000 0.107273 
22100.000000 2418.000000 0.109412 
22200.000000 2444.000000 0.110090 
22300.000000 2446.000000 0.109686 
22400.000000 2536.000000 0.113214 
22500.000000 2586.000000 0.114933 
22600.000000 2618.000000 0.115841 
22700.000000 2716.000000 0.119648 
22800.000000 2790.000000 0.122368 
22900.000000 2846.000000 0.124279 
23000.000000 2868.000000 0.124696 
23100.000000 2940.000000 0.127273 
23200.000000 2998.000000 0.129224 
23300.000000 3026.000000 0.129871 
23400.000000 3016.000000 0.128889 
23500.000000 3078.000000 0.130979 
23600.000000 3160.000000 0.133898 
23700.000000 3238.000000 0.136624 
23800.000000 3258.000000 0.136891 
23900.000000 3308.000000 0.138410 
24000.000000 3398.000000 0.141583 
24100.000000 3484.000000 0.144564 
24200.000000 3552.000000 0.146777 
24300.000000 3650.000000 0.150206 
24400.000000 3698.000000 0.151557 
24500.000000 3774.000000 0.154041 
24600.000000 3862.000000 0.156992 
24700.000000 3878.000000 0.157004 
24800.000000 3966.000000 0.159919 
24900.000000 4050.000000 0.162651 
25000.000000 4142.000000 0.165680 
25100.000000 4176.000000 0.166375 
25200.000000 4208.000000 0.166984 
25300.000000 4298.000000 0.169881 
25400.000000 4388.000000 0.172756 
25500.000000 4466.000000 0.175137 
25600.000000 4562.000000 0.178203 
25700.000000 4604.000000 0.179144 
25800.000000 4606.000000 0.178527 
25900.000000 4606.000000 0.177838 
26000.000000 4656.000000 0.179077 
26100.000000 4652.000000 0.178238 
26200.000000 4716.000000 0.180000 
26300.000000 4778.000000 0.181673 
26400.000000 4874.000000 0.184621 
26500.000000 4956.000000 0.187019 
26600.000000 5042.000000 0.189549 
26700.000000 5030.000000 0.188390 
26800.000000 5092.000000 0.190000 
26900.000000 5176.000000 0.192416 
27000.000000 5260.000000 0.194815 
27100.000000 5266.000000 0.194317 
27200.000000 5174.000000 0.190221 
27300.000000 5144.000000 0.188425 
27400.000000 5188.000000 0.189343 
27500.000000 5218.000000 0.189745 
27600.000000 5294.000000 0.191812 
27700.000000 5348.000000 0.193069 
27800.000000 5424.000000 0.195108 
27900.000000 5390.000000 0.193190 
28000.000000 5382.000000 0.192214 
28100.000000 5360.000000 0.190747 
28200.000000 5444.000000 0.193050 
28300.000000 5522.000000 0.195124 
28400.000000 5516.000000 0.194225 
28500.000000 5548.000000 0.194667 
28600.000000 5630.000000 0.196853 
28700.000000 5714.000000 0.199094 
28800.000000 5800.000000 0.201389 
28900.000000 5864.000000 0.202907 
29000.000000 5950.000000 0.205172 
29100.000000 5966.000000 0.205017 
29200.000000 6004.000000 0.205616 
29300.000000 6044.000000 0.206280 
29400.000000 6144.000000 0.208980 
29500.000000 6226.000000 0.211051 
29600.000000 6298.000000 0.212770 
29700.000000 6368.000000 0.214411 
29800.000000 6460.000000 0.216779 
29900.000000 6550.000000 0.219064 
30000.000000 6618.000000 0.220600 
30100.000000 6708.000000 0.222857 
30200.000000 6760.000000 0.223841 
30300.000000 6828.000000 0.225347 
30400.000000 6866.000000 0.225855 
30500.000000 6956.000000 0.228066 
30600.000000 6996.000000 0.228627 
30700.000000 7082.000000 0.230684 
30800.000000 7140.000000 0.231818 
30900.000000 7236.000000 0.234175 
31000.000000 7310.000000 0.235806 
31100.000000 7370.000000 0.236977 
31200.000000 7432.000000 0.238205 
31300.000000 7478.000000 0.238914 
31400.000000 7562.000000 0.240828 
31500.000000 7644.000000 0.242667 
31600.000000 7706.000000 0.243861 
31700.000000 7742.000000 0.244227 
31800.000000 7788.000000 0.244906 
31900.000000 7846.000000 0.245956 
32000.000000 7934.000000 0.247938 
32100.000000 8006.000000 0.249408 
32200.000000 8058.000000 0.250248 
32300.000000 8032.000000 0.248669 
32400.000000 8068.000000 0.249012 
32500.000000 8006.000000 0.246338 
32600.000000 8064.000000 0.247362 
32700.000000 8112.000000 0.248073 
32800.000000 8186.000000 0.249573 
32900.000000 8222.000000 0.249909 
33000.000000 8148.000000 0.246909 
33100.000000 8190.000000 0.247432 
33200.000000 8252.000000 0.248554 
33300.000000 8330.000000 0.250150 
33400.000000 8398.000000 0.251437 
33500.000000 8468.000000 0.252776 
33600.000000 8426.000000 0.250774 
33700.000000 8494.000000 0.252047 
33800.000000 8550.000000 0.252959 
33900.000000 8590.000000 0.253392 
34000.000000 8546.000000 0.251353 
34100.000000 8534.000000 0.250264 
34200.000000 8514.000000 0.248947 
34300.000000 8538.000000 0.248921 
34400.000000 8562.000000 0.248895 
34500.000000 8514.000000 0.246783 
34600.000000 8522.000000 0.246301 
34700.000000 8558.000000 0.246628 
34800.000000 8574.000000 0.246379 
34900.000000 8590.000000 0.246132 
35000.000000 8658.000000 0.247371 
35100.000000 8696.000000 0.247749 
35200.000000 8714.000000 0.247557 
35300.000000 8614.000000 0.244023 
35400.000000 8600.000000 0.242938 
35500.000000 8514.000000 0.239831 
35600.000000 8578.000000 0.240955 
35700.000000 8598.000000 0.240840 
35800.000000 8656.000000 0.241788 
35900.000000 8746.000000 0.243621 
36000.000000 8846.000000 0.245722 
36100.000000 8876.000000 0.245873 
36200.000000 8840.000000 0.244199 
36300.000000 8908.000000 0.245399 
36400.000000 8880.000000 0.243956 
36500.000000 8914.000000 0.244219 
36600.000000 8978.000000 0.245301 
36700.000000 9064.000000 0.246975 
36800.000000 9142.000000 0.248424 
36900.000000 9232.000000 0.250190 
37000.000000 9330.000000 0.252162 
37100.000000 9408.000000 0.253585 
37200.000000 9460.000000 0.254301 
37300.000000 9508.000000 0.254906 
37400.000000 9568.000000 0.255829 
37500.000000 9664.000000 0.257707 
37600.000000 9724.000000 0.258617 
37700.000000 9808.000000 0.260159 
37800.000000 9882.000000 0.261429 
37900.000000 9940.000000 0.262269 
38000.000000 10014.000000 0.263526 
38100.000000 10112.000000 0.265407 
38200.000000 10184.000000 0.266597 
38300.000000 10260.000000 0.267885 
38400.000000 10320.000000 0.268750 
38500.000000 10396.000000 0.270026 
38600.000000 10466.000000 0.271140 
38700.000000 10552.000000 0.272662 
38800.000000 10650.000000 0.274485 
38900.000000 10696.000000 0.274961 
39000.000000 10778.000000 0.276359 
39100.000000 10798.000000 0.276164 
39200.000000 10884.000000 0.277653 
39300.000000 10928.000000 0.278066 
39400.000000 11014.000000 0.279543 
39500.000000 11106.000000 0.281165 
39600.000000 11188.000000 0.282525 
39700.000000 11250.000000 0.283375 
39800.000000 11318.000000 0.284372 
39900.000000 11402.000000 0.285764 
40000.000000 11454.000000 0.286350 
40100.000000 11540.000000 0.287781 
40200.000000 11622.000000 0.289104 
40300.000000 11708.000000 0.290521 
40400.000000 11758.000000 0.291040 
40500.000000 11824.000000 0.291951 
40600.000000 11922.000000 0.293645 
40700.000000 11958.000000 0.293808 
40800.000000 12036.000000 0.295000 
40900.000000 12086.000000 0.295501 
41000.000000 12162.000000 0.296634 
41100.000000 12230.000000 0.297567 
41200.000000 12298.000000 0.298495 
41300.000000 12366.000000 0.299419 
41400.000000 12446.000000 0.300628 
41500.000000 12524.000000 0.301783 
41600.000000 12546.000000 0.301587 
41700.000000 12642.000000 0.303165 
41800.000000 12700.000000 0.303828 
41900.000000 12786.000000 0.305155 
42000.000000 12868.000000 0.306381 
42100.000000 12892.000000 0.306223 
42200.000000 12960.000000 0.307109 
42300.000000 13024.000000 0.307896 
42400.000000 13102.000000 0.309009 
42500.000000 13178.000000 0.310071 
42600.000000 13176.000000 0.309296 
42700.000000 13232.000000 0.309883 
42800.000000 13278.000000 0.310234 
42900.000000 13346.000000 0.311096 
43000.000000 13422.000000 0.312140 
43100.000000 13480.000000 0.312761 
43200.000000 13544.000000 0.313519 
43300.000000 13590.000000 0.313857 
43400.000000 13666.000000 0.314885 
43500.000000 13708.000000 0.315126 
43600.000000 13776.000000 0.315963 
43700.000000 13844.000000 0.316796 
43800.000000 13922.000000 0.317854 
43900.000000 13940.000000 0.317540 
44000.000000 13978.000000 0.317682 
44100.000000 14050.000000 0.318594 
44200.000000 14122.000000 0.319502 
44300.000000 14208.000000 0.320722 
44400.000000 14282.000000 0.321667 
44500.000000 14334.000000 0.322112 
44600.000000 14402.000000 0.322915 
44700.000000 14448.000000 0.323221 
44800.000000 14500.000000 0.323661 
44900.000000 14558.000000 0.324232 
45000.000000 14602.000000 0.324489 
45100.000000 14690.000000 0.325721 
45200.000000 14762.000000 0.326593 
45300.000000 14838.000000 0.327550 
45400.000000 14840.000000 0.326872 
45500.000000 14912.000000 0.327736 
45600.000000 14978.000000 0.328465 
45700.000000 15026.000000 0.328797 
45800.000000 15124.000000 0.330218 
45900.000000 15188.000000 0.330893 
46000.000000 15220.000000 0.330870 
46100.000000 15318.000000 0.332278 
46200.000000 15382.000000 0.332944 
46300.000000 15432.000000 0.333305 
46400.000000 15520.000000 0.334483 
46500.000000 15568.000000 0.334796 
46600.000000 15622.000000 0.335236 
46700.000000 15718.000000 0.336574 
46800.000000 15798.000000 0.337564 
46900.000000 15872.000000 0.338422 
47000.000000 15910.000000 0.338511 
47100.000000 15998.000000 0.339660 
47200.000000 16062.000000 0.340297 
47300.000000 16160.000000 0.341649 
47400.000000 16222.000000 0.342236 
47500.000000 16236.000000 0.341811 
47600.000000 16330.000000 0.343067 
47700.000000 16412.000000 0.344067 
47800.000000 16460.000000 0.344351 
47900.000000 16538.000000 0.345261 
48000.000000 16610.000000 0.346042 
48100.000000 16656.000000 0.346279 
48200.000000 16730.000000 0.347095 
48300.000000 16772.000000 0.347246 
48400.000000 16834.000000 0.347810 
48500.000000 16882.000000 0.348082 
48600.000000 16944.000000 0.348642 
48700.000000 16952.000000 0.348090 
48800.000000 17050.000000 0.349385 
48900.000000 17130.000000 0.350307 
49000.000000 17164.000000 0.350286 
49100.000000 17234.000000 0.350998 
49200.000000 17246.000000 0.350528 
49300.000000 17328.000000 0.351481 
49400.000000 17362.000000 0.351457 
49500.000000 17408.000000 0.351677 
49600.000000 17436.000000 0.351532 
49700.000000 17494.000000 0.351992 
49800.000000 17576.000000 0.352932 
49900.000000 17634.000000 0.353387 
50000.000000 17656.000000 0.353120 
50100.000000 17724.000000 0.353772 
50200.000000 17808.000000 0.354741 
50300.000000 17900.000000 0.355865 
50400.000000 17986.000000 0.356865 
50500.000000 17968.000000 0.355802 
50600.000000 17942.000000 0.354585 
50700.000000 17986.000000 0.354753 
50800.000000 18034.000000 0.355000 
50900.000000 18098.000000 0.355560 
51000.000000 18140.000000 0.355686 
51100.000000 18206.000000 0.356282 
51200.000000 18256.000000 0.356562 
51300.000000 18346.000000 0.357622 
51400.000000 18388.000000 0.357743 
51500.000000 18464.000000 0.358524 
51600.000000 18420.000000 0.356977 
51700.000000 18474.000000 0.357331 
51800.000000 18490.000000 0.356950 
51900.000000 18390.000000 0.354335 
52000.000000 18368.000000 0.353231 
52100.000000 18444.000000 0.354012 
52200.000000 18444.000000 0.353333 
52300.000000 18470.000000 0.353155 
52400.000000 18550.000000 0.354008 
52500.000000 18596.000000 0.354210 
52600.000000 18674.000000 0.355019 
52700.000000 18738.000000 0.355560 
52800.000000 18808.000000 0.356212 
52900.000000 18876.000000 0.356824 
53000.000000 18914.000000 0.356868 
53100.000000 18966.000000 0.357175 
53200.000000 19032.000000 0.357744 
53300.000000 19114.000000 0.358612 
53400.000000 19202.000000 0.359588 
53500.000000 19290.000000 0.360561 
53600.000000 19380.000000 0.361567 
53700.000000 19458.000000 0.362346 
53800.000000 19538.000000 0.363160 
53900.000000 19606.000000 0.363748 
54000.000000 19682.000000 0.364481 
54100.000000 19732.000000 0.364732 
54200.000000 19794.000000 0.365203 
54300.000000 19846.000000 0.365488 
54400.000000 19926.000000 0.366287 
54500.000000 19980.000000 0.366605 
54600.000000 20044.000000 0.367106 
54700.000000 20110.000000 0.367642 
54800.000000 20180.000000 0.368248 
54900.000000 20274.000000 0.369290 
55000.000000 20344.000000 0.369891 
55100.000000 20332.000000 0.369002 
55200.000000 20388.000000 0.369348 
55300.000000 20454.000000 0.369873 
55400.000000 20500.000000 0.370036 
55500.000000 20504.000000 0.369441 
55600.000000 20404.000000 0.366978 
55700.000000 20432.000000 0.366822 
55800.000000 20460.000000 0.366667 
55900.000000 20476.000000 0.366297 
56000.000000 20544.000000 0.366857 
56100.000000 20634.000000 0.367807 
56200.000000 20700.000000 0.368327 
56300.000000 20784.000000 0.369165 
56400.000000 20810.000000 0.368972 
56500.000000 20852.000000 0.369062 
56600.000000 20906.000000 0.369364 
56700.000000 20974.000000 0.369912 
56800.000000 21048.000000 0.370563 
56900.000000 21118.000000 0.371142 
57000.000000 21162.000000 0.371263 
57100.000000 21186.000000 0.371033 
57200.000000 21246.000000 0.371434 
57300.000000 21304.000000 0.371798 
57400.000000 21394.000000 0.372718 
57500.000000 21488.000000 0.373704 
57600.000000 21584.000000 0.374722 
57700.000000 21684.000000 0.375806 
57800.000000 21776.000000 0.376747 
57900.000000 21844.000000 0.377271 
58000.000000 21916.000000 0.377862 
58100.000000 22000.000000 0.378657 
58200.000000 22100.000000 0.379725 
58300.000000 22200.000000 0.380789 
58400.000000 22246.000000 0.380925 
58500.000000 22318.000000 0.381504 
58600.000000 22414.000000 0.382491 
58700.000000 22476.000000 0.382896 
58800.000000 22528.000000 0.383129 
58900.000000 22610.000000 0.383871 
59000.000000 22660.000000 0.384068 
59100.000000 22712.000000 0.384298 
59200.000000 22798.000000 0.385101 
59300.000000 22868.000000 0.385632 
59400.000000 22964.000000 0.386599 
59500.000000 23040.000000 0.387227 
59600.000000 23118.000000 0.387886 
59700.000000 23162.000000 0.387973 
59800.000000 23258.000000 0.388930 
59900.000000 23278.000000 0.388614 
60000.000000 23378.000000 0.389633 
60100.000000 23360.000000 0.388686 
60200.000000 23424.000000 0.389103 
60300.000000 23518.000000 0.390017 
60400.000000 23616.000000 0.390993 
60500.000000 23716.000000 0.392000 
60600.000000 23808.000000 0.392871 
60700.000000 23908.000000 0.393871 
60800.000000 23986.000000 0.394507 
60900.000000 24078.000000 0.395369 
61000.000000 24178.000000 0.396361 
61100.000000 24270.000000 0.397218 
61200.000000 24354.000000 0.397941 
61300.000000 24438.000000 0.398662 
61400.000000 24536.000000 0.399609 
61500.000000 24630.000000 0.400488 
61600.000000 24678.000000 0.400617 
61700.000000 24778.000000 0.401588 
61800.000000 24832.000000 0.401812 
61900.000000 24918.000000 0.402553 
62000.000000 25002.000000 0.403258 
62100.000000 25068.000000 0.403672 
62200.000000 25166.000000 0.404598 
62300.000000 25254.000000 0.405361 
62400.000000 25318.000000 0.405737 
62500.000000 25376.000000 0.406016 
62600.000000 25474.000000 0.406933 
62700.000000 25546.000000 0.407432 
62800.000000 25642.000000 0.408312 
62900.000000 25734.000000 0.409126 
63000.000000 25834.000000 0.410064 
63100.000000 25902.000000 0.410491 
63200.000000 26000.000000 0.411392 
63300.000000 26066.000000 0.411785 
63400.000000 26120.000000 0.411987 
63500.000000 26212.000000 0.412787 
63600.000000 26310.000000 0.413679 
63700.000000 26374.000000 0.414035 
63800.000000 26440.000000 0.414420 
63900.000000 26510.000000 0.414867 
64000.000000 26598.000000 0.415594 
64100.000000 26680.000000 0.416225 
64200.000000 26764.000000 0.416885 
64300.000000 26854.000000 0.417636 
64400.000000 26940.000000 0.418323 
64500.000000 27040.000000 0.419225 
64600.000000 27136.000000 0.420062 
64700.000000 27236.000000 0.420958 
64800.000000 27336.000000 0.421852 
64900.000000 27432.000000 0.422681 
65000.000000 27516.000000 0.423323 
65100.000000 27608.000000 0.424086 
65200.000000 27666.000000 0.424325 
65300.000000 27760.000000 0.425115 
65400.000000 27860.000000 0.425994 
65500.000000 27942.000000 0.426595 
65600.000000 28042.000000 0.427470 
65700.000000 28126.000000 0.428097 
65800.000000 28184.000000 0.428328 
65900.000000 28258.000000 0.428801 
66000.000000 28328.000000 0.429212 
66100.000000 28416.000000 0.429894 
66200.000000 28512.000000 0.430695 
66300.000000 28560.000000 0.430769 
66400.000000 28646.000000 0.431416 
66500.000000 28728.000000 0.432000 
66600.000000 28826.000000 0.432823 
66700.000000 28914.000000 0.433493 
66800.000000 28998.000000 0.434102 
66900.000000 29090.000000 0.434828 
67000.000000 29190.000000 0.435672 
67100.000000 29276.000000 0.436304 
67200.000000 29356.000000 0.436845 
67300.000000 29442.000000 0.437474 
67400.000000 29540.000000 0.438279 
67500.000000 29628.000000 0.438933 
67600.000000 29714.000000 0.439556 
67700.000000 29808.000000 0.440295 
67800.000000 29906.000000 0.441091 
67900.000000 30004.000000 0.441885 
68000.000000 30086.000000 0.442441 
68100.000000 30184.000000 0.443231 
68200.000000 30270.000000 0.443842 
68300.000000 30364.000000 0.444568 
68400.000000 30420.000000 0.444737 
68500.000000 30520.000000 0.445547 
68600.000000 30574.000000 0.445685 
68700.000000 30658.000000 0.446259 
68800.000000 30758.000000 0.447064 
68900.000000 30842.000000 0.447634 
69000.000000 30918.000000 0.448087 
69100.000000 31016.000000 0.448857 
69200.000000 31046.000000 0.448642 
69300.000000 31126.000000 0.449149 
69400.000000 31186.000000 0.449366 
69500.000000 31250.000000 0.449640 
69600.000000 31302.000000 0.449741 
69700.000000 31394.000000 0.450416 
69800.000000 31494.000000 0.451203 
69900.000000 31578.000000 0.451760 
70000.000000 31650.000000 0.452143 
70100.000000 31708.000000 0.452325 
70200.000000 31802.000000 0.453020 
70300.000000 31898.000000 0.453741 
70400.000000 31988.000000 0.454375 
70500.000000 32016.000000 0.454128 
70600.000000 32112.000000 0.454844 
70700.000000 32198.000000 0.455417 
70800.000000 32288.000000 0.456045 
70900.000000 32358.000000 0.456389 
71000.000000 32430.000000 0.456761 
71100.000000 32502.000000 0.457131 
71200.000000 32578.000000 0.457556 
71300.000000 32652.000000 0.457952 
71400.000000 32750.000000 0.458683 
71500.000000 32846.000000 0.459385 
71600.000000 32938.000000 0.460028 
71700.000000 33000.000000 0.460251 
71800.000000 33090.000000 0.460864 
71900.000000 33158.000000 0.461168 
72000.000000 33258.000000 0.461917 
72100.000000 33340.000000 0.462413 
72200.000000 33440.000000 0.463158 
72300.000000 33512.000000 0.463513 
72400.000000 33612.000000 0.464254 
72500.000000 33692.000000 0.464717 
72600.000000 33784.000000 0.465344 
72700.000000 33880.000000 0.466025 
72800.000000 33938.000000 0.466181 
72900.000000 34008.000000 0.466502 
73000.000000 34098.000000 0.467096 
73100.000000 34148.000000 0.467141 
73200.000000 34230.000000 0.467623 
73300.000000 34308.000000 0.468049 
73400.000000 34390.000000 0.468529 
73500.000000 34476.000000 0.469061 
73600.000000 34556.000000 0.469511 
73700.000000 34618.000000 0.469715 
73800.000000 34718.000000 0.470434 
73900.000000 34812.000000 0.471069 
74000.000000 34898.000000 0.471595 
74100.000000 34996.000000 0.472281 
74200.000000 35080.000000 0.472776 
74300.000000 35172.000000 0.473378 
74400.000000 35262.000000 0.473952 
74500.000000 35360.000000 0.474631 
74600.000000 35438.000000 0.475040 
74700.000000 35484.000000 0.475020 
74800.000000 35550.000000 0.475267 
74900.000000 35632.000000 0.475728 
75000.000000 35722.000000 0.476293 
75100.000000 35794.000000 0.476618 
75200.000000 35878.000000 0.477101 
75300.000000 35938.000000 0.477264 
75400.000000 36014.000000 0.477639 
75500.000000 36092.000000 0.478040 
75600.000000 36142.000000 0.478069 
75700.000000 36210.000000 0.478336 
75800.000000 36286.000000 0.478707 
75900.000000 36378.000000 0.479289 
76000.000000 36462.000000 0.479763 
76100.000000 36524.000000 0.479947 
76200.000000 36604.000000 0.480367 
76300.000000 36686.000000 0.480813 
76400.000000 36758.000000 0.481126 
76500.000000 36716.000000 0.479948 
76600.000000 36654.000000 0.478512 
76700.000000 36740.000000 0.479009 
76800.000000 36838.000000 0.479661 
76900.000000 36932.000000 0.480260 
77000.000000 37022.000000 0.480805 
77100.000000 37094.000000 0.481115 
77200.000000 37184.000000 0.481658 
77300.000000 37262.000000 0.482044 
77400.000000 37320.000000 0.482171 
77500.000000 37416.000000 0.482787 
77600.000000 37474.000000 0.482912 
77700.000000 37554.000000 0.483320 
77800.000000 37634.000000 0.483728 
77900.000000 37730.000000 0.484339 
78000.000000 37810.000000 0.484744 
78100.000000 37910.000000 0.485403 
78200.000000 38010.000000 0.486061 
78300.000000 38082.000000 0.486360 
78400.000000 38158.000000 0.486709 
78500.000000 38240.000000 0.487134 
78600.000000 38318.000000 0.487506 
78700.000000 38396.000000 0.487878 
78800.000000 38478.000000 0.488299 
78900.000000 38574.000000 0.488897 
79000.000000 38656.000000 0.489316 
79100.000000 38744.000000 0.489810 
79200.000000 38840.000000 0.490404 
79300.000000 38910.000000 0.490668 
79400.000000 38986.000000 0.491008 
79500.000000 39072.000000 0.491472 
79600.000000 39166.000000 0.492035 
79700.000000 39252.000000 0.492497 
79800.000000 39344.000000 0.493033 
79900.000000 39410.000000 0.493242 
80000.000000 39504.000000 0.493800 
80100.000000 39570.000000 0.494007 
80200.000000 39622.000000 0.494040 
80300.000000 39676.000000 0.494097 
80400.000000 39744.000000 0.494328 
80500.000000 39778.000000 0.494137 
80600.000000 39854.000000 0.494467 
80700.000000 39932.000000 0.494820 
80800.000000 40000.000000 0.495050 
80900.000000 40086.000000 0.495501 
81000.000000 40186.000000 0.496123 
81100.000000 40272.000000 0.496572 
81200.000000 40338.000000 0.496773 
81300.000000 40398.000000 0.496900 
81400.000000 40480.000000 0.497297 
81500.000000 40580.000000 0.497914 
81600.000000 40664.000000 0.498333 
81700.000000 40714.000000 0.498335 
81800.000000 40812.000000 0.498924 
81900.000000 40902.000000 0.499414 
82000.000000 40986.000000 0.499829 
82100.000000 41068.000000 0.500219 
82200.000000 41152.000000 0.500633 
82300.000000 41246.000000 0.501166 
82400.000000 41330.000000 0.501578 
82500.000000 41422.000000 0.502085 
82600.000000 41512.000000 0.502567 
82700.000000 41592.000000 0.502926 
82800.000000 41680.000000 0.503382 
82900.000000 41770.000000 0.503860 
83000.000000 41846.000000 0.504169 
83100.000000 41918.000000 0.504428 
83200.000000 42018.000000 0.505024 
83300.000000 42058.000000 0.504898 
83400.000000 42136.000000 0.505228 
83500.000000 42222.000000 0.505653 
83600.000000 42316.000000 0.506172 
83700.000000 42404.000000 0.506619 
83800.000000 42504.000000 0.507208 
83900.000000 42596.000000 0.507700 
84000.000000 42684.000000 0.508143 
84100.000000 42736.000000 0.508157 
84200.000000 42814.000000 0.508480 
84300.000000 42876.000000 0.508612 
84400.000000 42962.000000 0.509028 
84500.000000 43030.000000 0.509231 
84600.000000 43112.000000 0.509598 
84700.000000 43204.000000 0.510083 
84800.000000 43298.000000 0.510590 
84900.000000 43380.000000 0.510954 
85000.000000 43464.000000 0.511341 
85100.000000 43526.000000 0.511469 
85200.000000 43604.000000 0.511784 
85300.000000 43680.000000 0.512075 
85400.000000 43760.000000 0.512412 
85500.000000 43834.000000 0.512678 
85600.000000 43910.000000 0.512967 
85700.000000 43964.000000 0.512999 
85800.000000 44042.000000 0.513310 
85900.000000 44116.000000 0.513574 
86000.000000 44208.000000 0.514046 
86100.000000 44270.000000 0.514170 
86200.000000 44354.000000 0.514548 
86300.000000 44358.000000 0.513998 
86400.000000 44426.000000 0.514190 
86500.000000 44474.000000 0.514150 
86600.000000 44574.000000 0.514711 
86700.000000 44650.000000 0.514994 
86800.000000 44744.000000 0.515484 
86900.000000 44836.000000 0.515949 
87000.000000 44922.000000 0.516345 
87100.000000 45020.000000 0.516877 
87200.000000 45120.000000 0.517431 
87300.000000 45220.000000 0.517984 
87400.000000 45316.000000 0.518490 
87500.000000 45394.000000 0.518789 
87600.000000 45492.000000 0.519315 
87700.000000 45584.000000 0.519772 
87800.000000 45648.000000 0.519909 
87900.000000 45728.000000 0.520228 
88000.000000 45826.000000 0.520750 
88100.000000 45906.000000 0.521067 
88200.000000 45976.000000 0.521270 
88300.000000 46052.000000 0.521540 
88400.000000 46122.000000 0.521742 
88500.000000 46220.000000 0.522260 
88600.000000 46310.000000 0.522686 
88700.000000 46392.000000 0.523021 
88800.000000 46480.000000 0.523423 
88900.000000 46576.000000 0.523915 
89000.000000 46668.000000 0.524360 
89100.000000 46742.000000 0.524602 
89200.000000 46832.000000 0.525022 
89300.000000 46930.000000 0.525532 
89400.000000 47028.000000 0.526040 
89500.000000 47120.000000 0.526480 
89600.000000 47220.000000 0.527009 
89700.000000 47320.000000 0.527536 
89800.000000 47418.000000 0.528040 
89900.000000 47518.000000 0.528565 
90000.000000 47588.000000 0.528756 
90100.000000 47668.000000 0.529057 
90200.000000 47756.000000 0.529446 
90300.000000 47822.000000 0.529590 
90400.000000 47898.000000 0.529845 
90500.000000 47958.000000 0.529923 
90600.000000 48034.000000 0.530177 
90700.000000 48102.000000 0.530342 
90800.000000 48202.000000 0.530859 
90900.000000 48258.000000 0.530891 
91000.000000 48348.000000 0.531297 
91100.000000 48414.000000 0.531438 
91200.000000 48494.000000 0.531732 
91300.000000 48586.000000 0.532158 
91400.000000 48686.000000 0.532670 
91500.000000 48778.000000 0.533093 
91600.000000 48878.000000 0.533603 
91700.000000 48974.000000 0.534068 
91800.000000 49068.000000 0.534510 
91900.000000 49162.000000 0.534951 
92000.000000 49250.000000 0.535326 
92100.000000 49304.000000 0.535331 
92200.000000 49386.000000 0.535640 
92300.000000 49486.000000 0.536143 
92400.000000 49586.000000 0.536645 
92500.000000 49672.000000 0.536995 
92600.000000 49772.000000 0.537495 
92700.000000 49860.000000 0.537864 
92800.000000 49930.000000 0.538039 
92900.000000 50010.000000 0.538321 
93000.000000 50094.000000 0.538645 
93100.000000 50192.000000 0.539119 
93200.000000 50290.000000 0.539592 
93300.000000 50372.000000 0.539893 
93400.000000 50460.000000 0.540257 
93500.000000 50532.000000 0.540449 
93600.000000 50610.000000 0.540705 
93700.000000 50702.000000 0.541110 
93800.000000 50786.000000 0.541429 
93900.000000 50848.000000 0.541512 
94000.000000 50948.000000 0.542000 
94100.000000 51048.000000 0.542487 
94200.000000 51148.000000 0.542972 
94300.000000 51234.000000 0.543309 
94400.000000 51324.000000 0.543686 
94500.000000 51412.000000 0.544042 
94600.000000 51512.000000 0.544524 
94700.000000 51602.000000 0.544900 
94800.000000 51690.000000 0.545253 
94900.000000 51768.000000 0.545501 
95000.000000 51866.000000 0.545958 
95100.000000 51964.000000 0.546414 
95200.000000 52058.000000 0.546828 
95300.000000 52158.000000 0.547303 
95400.000000 52244.000000 0.547631 
95500.000000 52328.000000 0.547937 
95600.000000 52394.000000 0.548054 
95700.000000 52480.000000 0.548380 
95800.000000 52574.000000 0.548789 
95900.000000 52674.000000 0.549260 
96000.000000 52760.000000 0.549583 
96100.000000 52836.000000 0.549802 
96200.000000 52898.000000 0.549875 
96300.000000 52996.000000 0.550322 
96400.000000 53072.000000 0.550539 
96500.000000 53152.000000 0.550798 
96600.000000 53216.000000 0.550890 
96700.000000 53316.000000 0.551355 
96800.000000 53402.000000 0.551674 
96900.000000 53484.000000 0.551950 
97000.000000 53562.000000 0.552186 
97100.000000 53656.000000 0.552585 
97200.000000 53756.000000 0.553045 
97300.000000 53850.000000 0.553443 
97400.000000 53942.000000 0.553819 
97500.000000 54016.000000 0.554010 
97600.000000 54054.000000 0.553832 
97700.000000 54130.000000 0.554043 
97800.000000 54216.000000 0.554356 
97900.000000 54282.000000 0.554464 
98000.000000 54378.000000 0.554878 
98100.000000 54450.000000 0.555046 
98200.000000 54538.000000 0.555377 
98300.000000 54620.000000 0.555646 
98400.000000 54704.000000 0.555935 
98500.000000 54794.000000 0.556284 
98600.000000 54894.000000 0.556734 
98700.000000 54972.000000 0.556960 
98800.000000 55072.000000 0.557409 
98900.000000 55172.000000 0.557856 
99000.000000 55272.000000 0.558303 
99100.000000 55360.000000 0.558628 
99200.000000 55460.000000 0.559073 
99300.000000 55554.000000 0.559456 
99400.000000 55646.000000 0.559819 
99500.000000 55578.000000 0.558573 
99600.000000 55540.000000 0.557631 
99700.000000 55630.000000 0.557974 
99800.000000 55716.000000 0.558277 
99900.000000 55812.000000 0.558679 
100000.000000 55874.000000 0.558740 
100100.000000 55974.000000 0.559181 
100200.000000 56052.000000 0.559401 
100300.000000 56150.000000 0.559821 
100400.000000 56250.000000 0.560259 
100500.000000 56318.000000 0.560378 
100600.000000 56384.000000 0.560477 
100700.000000 56458.000000 0.560655 
100800.000000 56526.000000 0.560774 
100900.000000 56608.000000 0.561031 
101000.000000 56696.000000 0.561347 
101100.000000 56786.000000 0.561682 
101200.000000 56832.000000 0.561581 
101300.000000 56918.000000 0.561876 
101400.000000 57000.000000 0.562130 
101500.000000 57030.000000 0.561872 
101600.000000 57104.000000 0.562047 
101700.000000 57196.000000 0.562399 
101800.000000 57256.000000 0.562436 
101900.000000 57336.000000 0.562669 
102000.000000 57314.000000 0.561902 
102100.000000 57362.000000 0.561822 
102200.000000 57450.000000 0.562133 
102300.000000 57516.000000 0.562229 
102400.000000 57614.000000 0.562637 
102500.000000 57692.000000 0.562849 
102600.000000 57778.000000 0.563138 
102700.000000 57878.000000 0.563564 
102800.000000 57956.000000 0.563774 
102900.000000 58040.000000 0.564043 
103000.000000 58136.000000 0.564427 
103100.000000 58224.000000 0.564733 
103200.000000 58284.000000 0.564767 
103300.000000 58384.000000 0.565189 
103400.000000 58468.000000 0.565455 
103500.000000 58546.000000 0.565662 
103600.000000 58630.000000 0.565927 
103700.000000 58730.000000 0.566345 
103800.000000 58804.000000 0.566513 
103900.000000 58894.000000 0.566833 
104000.000000 58986.000000 0.567173 
104100.000000 59076.000000 0.567493 
104200.000000 59146.000000 0.567620 
104300.000000 59238.000000 0.567958 
104400.000000 59338.000000 0.568372 
104500.000000 59402.000000 0.568440 
104600.000000 59478.000000 0.568623 
104700.000000 59552.000000 0.568787 
104800.000000 59652.000000 0.569198 
104900.000000 59722.000000 0.569323 
105000.000000 59786.000000 0.569390 
105100.000000 59826.000000 0.569229 
105200.000000 59888.000000 0.569278 
105300.000000 59988.000000 0.569687 
105400.000000 60088.000000 0.570095 
105500.000000 60040.000000 0.569100 
105600.000000 60026.000000 0.568428 
105700.000000 60118.000000 0.568761 
105800.000000 60216.000000 0.569149 
105900.000000 60292.000000 0.569330 
106000.000000 60374.000000 0.569566 
106100.000000 60472.000000 0.569953 
106200.000000 60530.000000 0.569962 
106300.000000 60614.000000 0.570216 
106400.000000 60704.000000 0.570526 
106500.000000 60756.000000 0.570479 
106600.000000 60836.000000 0.570694 
106700.000000 60908.000000 0.570834 
106800.000000 60988.000000 0.571049 
106900.000000 61062.000000 0.571207 
107000.000000 61152.000000 0.571514 
107100.000000 61234.000000 0.571746 
107200.000000 61178.000000 0.570690 
107300.000000 61270.000000 0.571016 
107400.000000 61350.000000 0.571229 
107500.000000 61430.000000 0.571442 
107600.000000 61530.000000 0.571840 
107700.000000 61628.000000 0.572219 
107800.000000 61702.000000 0.572375 
107900.000000 61790.000000 0.572660 
108000.000000 61830.000000 0.572500 
108100.000000 61926.000000 0.572858 
108200.000000 62014.000000 0.573142 
108300.000000 62094.000000 0.573352 
108400.000000 62170.000000 0.573524 
108500.000000 62264.000000 0.573862 
108600.000000 62362.000000 0.574236 
108700.000000 62444.000000 0.574462 
108800.000000 62532.000000 0.574743 
108900.000000 62626.000000 0.575078 
109000.000000 62686.000000 0.575101 
109100.000000 62778.000000 0.575417 
109200.000000 62836.000000 0.575421 
109300.000000 62936.000000 0.575810 
109400.000000 63026.000000 0.576106 
109500.000000 63112.000000 0.576365 
109600.000000 63196.000000 0.576606 
109700.000000 63280.000000 0.576846 
109800.000000 63344.000000 0.576903 
109900.000000 63434.000000 0.577197 
110000.000000 63526.000000 0.577509 
110100.000000 63600.000000 0.577657 
110200.000000 63690.000000 0.577949 
110300.000000 63786.000000 0.578296 
110400.000000 63866.000000 0.578496 
110500.000000 63964.000000 0.578860 
110600.000000 64040.000000 0.579023 
110700.000000 64140.000000 0.579404 
110800.000000 64232.000000 0.579711 
110900.000000 64322.000000 0.580000 
111000.000000 64416.000000 0.580324 
111100.000000 64486.000000 0.580432 
111200.000000 64548.000000 0.580468 
111300.000000 64602.000000 0.580431 
111400.000000 64702.000000 0.580808 
111500.000000 64802.000000 0.581184 
111600.000000 64892.000000 0.581470 
111700.000000 64972.000000 0.581665 
111800.000000 65072.000000 0.582039 
111900.000000 65160.000000 0.582306 
112000.000000 65252.000000 0.582607 
112100.000000 65344.000000 0.582908 
112200.000000 65430.000000 0.583155 
112300.000000 65528.000000 0.583508 
112400.000000 65618.000000 0.583790 
112500.000000 65718.000000 0.584160 
112600.000000 65818.000000 0.584529 
112700.000000 65904.000000 0.584774 
112800.000000 66004.000000 0.585142 
112900.000000 66072.000000 0.585226 
113000.000000 66160.000000 0.585487 
113100.000000 66252.000000 0.585782 
113200.000000 66330.000000 0.585954 
113300.000000 66408.000000 0.586125 
113400.000000 66506.000000 0.586473 
113500.000000 66604.000000 0.586819 
113600.000000 66704.000000 0.587183 
113700.000000 66776.000000 0.587300 
113800.000000 66870.000000 0.587610 
113900.000000 66970.000000 0.587972 
114000.000000 67066.000000 0.588298 
114100.000000 67118.000000 0.588238 
114200.000000 67218.000000 0.588599 
114300.000000 67302.000000 0.588819 
114400.000000 67360.000000 0.588811 
114500.000000 67456.000000 0.589135 
114600.000000 67518.000000 0.589162 
114700.000000 67606.000000 0.589416 
114800.000000 67688.000000 0.589617 
114900.000000 67780.000000 0.589904 
115000.000000 67880.000000 0.590261 
115100.000000 67978.000000 0.590599 
115200.000000 68070.000000 0.590885 
115300.000000 68158.000000 0.591136 
115400.000000 68248.000000 0.591404 
115500.000000 68348.000000 0.591758 
115600.000000 68440.000000 0.592042 
115700.000000 68540.000000 0.592394 
115800.000000 68620.000000 0.592573 
115900.000000 68718.000000 0.592908 
116000.000000 68818.000000 0.593259 
116100.000000 68906.000000 0.593506 
116200.000000 68988.000000 0.593701 
116300.000000 69074.000000 0.593929 
116400.000000 69172.000000 0.594261 
116500.000000 69256.000000 0.594472 
116600.000000 69340.000000 0.594683 
116700.000000 69434.000000 0.594979 
116800.000000 69504.000000 0.595069 
116900.000000 69592.000000 0.595312 
117000.000000 69668.000000 0.595453 
117100.000000 69732.000000 0.595491 
117200.000000 69826.000000 0.595785 
117300.000000 69914.000000 0.596027 
117400.000000 69998.000000 0.596235 
117500.000000 70094.000000 0.596545 
117600.000000 70184.000000 0.596803 
117700.000000 70282.000000 0.597128 
117800.000000 70382.000000 0.597470 
117900.000000 70480.000000 0.597795 
118000.000000 70578.000000 0.598119 
118100.000000 70678.000000 0.598459 
118200.000000 70778.000000 0.598799 
118300.000000 70878.000000 0.599138 
118400.000000 70974.000000 0.599443 
118500.000000 71068.000000 0.599730 
118600.000000 71158.000000 0.599983 
118700.000000 71246.000000 0.600219 
118800.000000 71332.000000 0.600438 
118900.000000 71412.000000 0.600606 
119000.000000 71454.000000 0.600454 
119100.000000 71552.000000 0.600772 
119200.000000 71608.000000 0.600738 
119300.000000 71648.000000 0.600570 
119400.000000 71732.000000 0.600771 
119500.000000 71828.000000 0.601071 
119600.000000 71918.000000 0.601321 
119700.000000 71954.000000 0.601119 
119800.000000 72046.000000 0.601386 
119900.000000 72128.000000 0.601568 
120000.000000 72216.000000 0.601800 
120100.000000 72300.000000 0.601998 
120200.000000 72378.000000 0.602146 
120300.000000 72468.000000 0.602394 
120400.000000 72568.000000 0.602724 
120500.000000 72636.000000 0.602788 
120600.000000 72732.000000 0.603085 
120700.000000 72824.000000 0.603347 
120800.000000 72924.000000 0.603675 
120900.000000 73024.000000 0.604003 
121000.000000 73112.000000 0.604231 
121100.000000 73210.000000 0.604542 
121200.000000 73310.000000 0.604868 
121300.000000 73376.000000 0.604913 
121400.000000 73382.000000 0.604465 
121500.000000 73464.000000 0.604642 
121600.000000 73540.000000 0.604770 
121700.000000 73640.000000 0.605094 
121800.000000 73738.000000 0.605402 
121900.000000 73828.000000 0.605644 
122000.000000 73928.000000 0.605967 
122100.000000 74002.000000 0.606077 
122200.000000 74066.000000 0.606105 
122300.000000 74128.000000 0.606116 
122400.000000 74214.000000 0.606324 
122500.000000 74290.000000 0.606449 
122600.000000 74376.000000 0.606656 
122700.000000 74402.000000 0.606373 
122800.000000 74470.000000 0.606433 
122900.000000 74562.000000 0.606688 
123000.000000 74634.000000 0.606780 
123100.000000 74734.000000 0.607100 
123200.000000 74828.000000 0.607370 
123300.000000 74860.000000 0.607137 
123400.000000 74946.000000 0.607342 
123500.000000 75044.000000 0.607644 
123600.000000 75144.000000 0.607961 
123700.000000 75244.000000 0.608278 
123800.000000 75336.000000 0.608530 
123900.000000 75424.000000 0.608749 
124000.000000 75512.000000 0.608968 
124100.000000 75598.000000 0.609170 
124200.000000 75672.000000 0.609275 
124300.000000 75744.000000 0.609364 
124400.000000 75810.000000 0.609405 
124500.000000 75904.000000 0.609671 
124600.000000 75980.000000 0.609791 
124700.000000 76048.000000 0.609848 
124800.000000 76148.000000 0.610160 
124900.000000 76244.000000 0.610440 
125000.000000 76324.000000 0.610592 
125100.000000 76346.000000 0.610280 
125200.000000 76402.000000 0.610240 
125300.000000 76348.000000 0.609322 
125400.000000 76312.000000 0.608549 
125500.000000 76288.000000 0.607872 
125600.000000 76252.000000 0.607102 
125700.000000 76202.000000 0.606221 
125800.000000 76216.000000 0.605851 
125900.000000 76214.000000 0.605353 
126000.000000 76222.000000 0.604936 
126100.000000 76294.000000 0.605028 
126200.000000 76362.000000 0.605087 
126300.000000 76450.000000 0.605305 
126400.000000 76528.000000 0.605443 
126500.000000 76604.000000 0.605565 
126600.000000 76574.000000 0.604850 
126700.000000 76574.000000 0.604373 
126800.000000 76528.000000 0.603533 
126900.000000 76622.000000 0.603798 
127000.000000 76720.000000 0.604095 
127100.000000 76784.000000 0.604123 
127200.000000 76818.000000 0.603915 
127300.000000 76910.000000 0.604163 
127400.000000 76990.000000 0.604317 
127500.000000 77038.000000 0.604220 
127600.000000 76938.000000 0.602962 
127700.000000 76912.000000 0.602287 
127800.000000 76954.000000 0.602144 
127900.000000 77040.000000 0.602346 
128000.000000 77092.000000 0.602281 
128100.000000 77176.000000 0.602467 
128200.000000 77260.000000 0.602652 
128300.000000 77276.000000 0.602307 
128400.000000 77376.000000 0.602617 
128500.000000 77460.000000 0.602802 
128600.000000 77546.000000 0.603002 
128700.000000 77538.000000 0.602471 
128800.000000 77638.000000 0.602780 
128900.000000 77728.000000 0.603010 
129000.000000 77814.000000 0.603209 
129100.000000 77900.000000 0.603408 
129200.000000 77976.000000 0.603529 
129300.000000 78060.000000 0.603712 
129400.000000 78160.000000 0.604019 
129500.000000 78256.000000 0.604293 
129600.000000 78356.000000 0.604599 
129700.000000 78454.000000 0.604888 
129800.000000 78546.000000 0.605131 
129900.000000 78642.000000 0.605404 
130000.000000 78742.000000 0.605708 
130100.000000 78830.000000 0.605919 
130200.000000 78914.000000 0.606098 
130300.000000 79014.000000 0.606401 
130400.000000 79110.000000 0.606672 
130500.000000 79196.000000 0.606866 
130600.000000 79264.000000 0.606922 
130700.000000 79348.000000 0.607100 
130800.000000 79418.000000 0.607171 
130900.000000 79498.000000 0.607319 
131000.000000 79590.000000 0.607557 
131100.000000 79678.000000 0.607765 
131200.000000 79778.000000 0.608064 
131300.000000 79852.000000 0.608164 
131400.000000 79916.000000 0.608189 
131500.000000 80008.000000 0.608426 
131600.000000 80104.000000 0.608693 
131700.000000 80160.000000 0.608656 
131800.000000 80236.000000 0.608771 
131900.000000 80308.000000 0.608855 
132000.000000 80380.000000 0.608939 
132100.000000 80456.000000 0.609054 
132200.000000 80548.000000 0.609289 
132300.000000 80626.000000 0.609418 
132400.000000 80712.000000 0.609607 
132500.000000 80812.000000 0.609902 
132600.000000 80882.000000 0.609970 
132700.000000 80954.000000 0.610053 
132800.000000 81050.000000 0.610316 
132900.000000 81150.000000 0.610609 
133000.000000 81224.000000 0.610707 
133100.000000 81314.000000 0.610924 
133200.000000 81402.000000 0.611126 
133300.000000 81482.000000 0.611268 
133400.000000 81562.000000 0.611409 
133500.000000 81636.000000 0.611506 
133600.000000 81708.000000 0.611587 
133700.000000 81800.000000 0.611817 
133800.000000 81900.000000 0.612108 
133900.000000 81954.000000 0.612054 
134000.000000 82052.000000 0.612328 
134100.000000 82136.000000 0.612498 
134200.000000 82226.000000 0.612712 
134300.000000 82324.000000 0.612986 
134400.000000 82424.000000 0.613274 
134500.000000 82512.000000 0.613472 
134600.000000 82578.000000 0.613507 
134700.000000 82672.000000 0.613749 
134800.000000 82770.000000 0.614021 
134900.000000 82850.000000 0.614159 
135000.000000 82944.000000 0.614400 
135100.000000 83032.000000 0.614597 
135200.000000 83122.000000 0.614808 
135300.000000 83194.000000 0.614885 
135400.000000 83282.000000 0.615081 
135500.000000 83344.000000 0.615085 
135600.000000 83430.000000 0.615265 
135700.000000 83518.000000 0.615461 
135800.000000 83592.000000 0.615552 
135900.000000 83682.000000 0.615762 
136000.000000 83776.000000 0.616000 
136100.000000 83866.000000 0.616209 
136200.000000 83954.000000 0.616402 
136300.000000 84044.000000 0.616610 
136400.000000 84118.000000 0.616701 
136500.000000 84210.000000 0.616923 
136600.000000 84308.000000 0.617189 
136700.000000 84336.000000 0.616942 
136800.000000 84430.000000 0.617178 
136900.000000 84488.000000 0.617151 
137000.000000 84560.000000 0.617226 
137100.000000 84656.000000 0.617476 
137200.000000 84746.000000 0.617682 
137300.000000 84840.000000 0.617917 
137400.000000 84912.000000 0.617991 
137500.000000 84974.000000 0.617993 
137600.000000 85074.000000 0.618270 
137700.000000 85170.000000 0.618519 
137800.000000 85260.000000 0.618723 
137900.000000 85358.000000 0.618985 
138000.000000 85436.000000 0.619101 
138100.000000 85510.000000 0.619189 
138200.000000 85608.000000 0.619450 
138300.000000 85672.000000 0.619465 
138400.000000 85760.000000 0.619653 
138500.000000 85848.000000 0.619841 
138600.000000 85936.000000 0.620029 
138700.000000 86030.000000 0.620260 
138800.000000 86128.000000 0.620519 
138900.000000 86228.000000 0.620792 
139000.000000 86326.000000 0.621050 
139100.000000 86422.000000 0.621294 
139200.000000 86512.000000 0.621494 
139300.000000 86612.000000 0.621766 
139400.000000 86712.000000 0.622037 
139500.000000 86812.000000 0.622308 
139600.000000 86906.000000 0.622536 
139700.000000 86992.000000 0.622706 
139800.000000 86958.000000 0.622017 
139900.000000 86858.000000 0.620858 
140000.000000 86762.000000 0.619729 
140100.000000 86858.000000 0.619971 
140200.000000 86942.000000 0.620128 
140300.000000 87040.000000 0.620385 
140400.000000 86988.000000 0.619573 
140500.000000 87076.000000 0.619758 
140600.000000 87134.000000 0.619730 
140700.000000 87226.000000 0.619943 
140800.000000 87302.000000 0.620043 
140900.000000 87398.000000 0.620284 
141000.000000 87486.000000 0.620468 
141100.000000 87398.000000 0.619405 
141200.000000 87442.000000 0.619278 
141300.000000 87472.000000 0.619052 
141400.000000 87558.000000 0.619222 
141500.000000 87642.000000 0.619378 
141600.000000 87694.000000 0.619308 
141700.000000 87756.000000 0.619308 
141800.000000 87788.000000 0.619097 
141900.000000 87842.000000 0.619042 
142000.000000 87858.000000 0.618718 
142100.000000 87930.000000 0.618790 
142200.000000 87932.000000 0.618369 
142300.000000 87972.000000 0.618215 
142400.000000 88054.000000 0.618357 
142500.000000 88112.000000 0.618330 
142600.000000 88142.000000 0.618107 
142700.000000 88222.000000 0.618234 
142800.000000 88306.000000 0.618389 
142900.000000 88354.000000 0.618293 
143000.000000 88378.000000 0.618028 
143100.000000 88474.000000 0.618267 
143200.000000 88536.000000 0.618268 
143300.000000 88598.000000 0.618269 
143400.000000 88662.000000 0.618285 
143500.000000 88740.000000 0.618397 
143600.000000 88840.000000 0.618663 
143700.000000 88936.000000 0.618900 
143800.000000 89026.000000 0.619096 
143900.000000 89108.000000 0.619236 
144000.000000 89208.000000 0.619500 
144100.000000 89298.000000 0.619695 
144200.000000 89378.000000 0.619820 
144300.000000 89476.000000 0.620069 
144400.000000 89554.000000 0.620180 
144500.000000 89628.000000 0.620263 
144600.000000 89670.000000 0.620124 
144700.000000 89750.000000 0.620249 
144800.000000 89850.000000 0.620511 
144900.000000 89932.000000 0.620649 
145000.000000 89996.000000 0.620662 
145100.000000 90096.000000 0.620924 
145200.000000 90190.000000 0.621143 
145300.000000 90282.000000 0.621349 
145400.000000 90372.000000 0.621541 
145500.000000 90458.000000 0.621704 
145600.000000 90538.000000 0.621827 
145700.000000 90634.000000 0.622059 
145800.000000 90710.000000 0.622154 
145900.000000 90792.000000 0.622289 
146000.000000 90874.000000 0.622425 
146100.000000 90948.000000 0.622505 
146200.000000 91044.000000 0.622736 
146300.000000 91096.000000 0.622666 
146400.000000 91160.000000 0.622678 
146500.000000 91242.000000 0.622812 
146600.000000 91330.000000 0.622988 
146700.000000 91414.000000 0.623136 
146800.000000 91514.000000 0.623392 
146900.000000 91578.000000 0.623404 
147000.000000 91660.000000 0.623537 
147100.000000 91752.000000 0.623739 
147200.000000 91848.000000 0.623967 
147300.000000 91948.000000 0.624223 
147400.000000 92028.000000 0.624342 
147500.000000 92098.000000 0.624393 
147600.000000 92192.000000 0.624607 
147700.000000 92274.000000 0.624739 
147800.000000 92360.000000 0.624898 
147900.000000 92458.000000 0.625139 
148000.000000 92544.000000 0.625297 
148100.000000 92612.000000 0.625334 
148200.000000 92706.000000 0.625547 
148300.000000 92796.000000 0.625732 
148400.000000 92860.000000 0.625741 
148500.000000 92928.000000 0.625778 
148600.000000 93026.000000 0.626016 
148700.000000 93126.000000 0.626268 
148800.000000 93216.000000 0.626452 
148900.000000 93304.000000 0.626622 
149000.000000 93402.000000 0.626859 
149100.000000 93490.000000 0.627029 
149200.000000 93584.000000 0.627239 
149300.000000 93656.000000 0.627301 
149400.000000 93734.000000 0.627403 
149500.000000 93792.000000 0.627371 
149600.000000 93888.000000 0.627594 
149700.000000 93956.000000 0.627629 
149800.000000 94054.000000 0.627864 
149900.000000 94110.000000 0.627819 
150000.000000 94208.000000 0.628053 
150100.000000 94304.000000 0.628275 
150200.000000 94396.000000 0.628469 
150300.000000 94476.000000 0.628583 
150400.000000 94568.000000 0.628777 
150500.000000 94666.000000 0.629010 
150600.000000 94746.000000 0.629124 
150700.000000 94826.000000 0.629237 
150800.000000 94918.000000 0.629430 
150900.000000 95002.000000 0.629569 
151000.000000 95084.000000 0.629695 
151100.000000 95168.000000 0.629835 
151200.000000 95256.000000 0.630000 
151300.000000 95354.000000 0.630231 
151400.000000 95418.000000 0.630238 
151500.000000 95464.000000 0.630125 
151600.000000 95540.000000 0.630211 
151700.000000 95636.000000 0.630428 
151800.000000 95694.000000 0.630395 
151900.000000 95776.000000 0.630520 
152000.000000 95864.000000 0.630684 
152100.000000 95960.000000 0.630901 
152200.000000 96030.000000 0.630946 
152300.000000 96106.000000 0.631031 
152400.000000 96184.000000 0.631129 
152500.000000 96284.000000 0.631370 
152600.000000 96330.000000 0.631258 
152700.000000 96430.000000 0.631500 
152800.000000 96504.000000 0.631571 
152900.000000 96594.000000 0.631746 
153000.000000 96682.000000 0.631908 
153100.000000 96782.000000 0.632149 
153200.000000 96860.000000 0.632245 
153300.000000 96936.000000 0.632329 
153400.000000 97032.000000 0.632542 
153500.000000 97078.000000 0.632430 
153600.000000 97114.000000 0.632253 
153700.000000 97164.000000 0.632167 
153800.000000 97206.000000 0.632029 
153900.000000 97296.000000 0.632203 
154000.000000 97340.000000 0.632078 
154100.000000 97374.000000 0.631888 
154200.000000 97436.000000 0.631881 
154300.000000 97496.000000 0.631860 
154400.000000 97530.000000 0.631671 
154500.000000 97578.000000 0.631573 
154600.000000 97638.000000 0.631552 
154700.000000 97732.000000 0.631752 
154800.000000 97776.000000 0.631628 
154900.000000 97846.000000 0.631672 
155000.000000 97914.000000 0.631703 
155100.000000 97984.000000 0.631747 
155200.000000 98066.000000 0.631869 
155300.000000 98160.000000 0.632067 
155400.000000 98258.000000 0.632291 
155500.000000 98302.000000 0.632167 
155600.000000 98396.000000 0.632365 
155700.000000 98470.000000 0.632434 
155800.000000 98570.000000 0.632670 
155900.000000 98666.000000 0.632880 
156000.000000 98754.000000 0.633038 
156100.000000 98830.000000 0.633120 
156200.000000 98896.000000 0.633137 
156300.000000 98976.000000 0.633244 
156400.000000 99066.000000 0.633414 
156500.000000 99156.000000 0.633585 
156600.000000 99234.000000 0.633678 
156700.000000 99310.000000 0.633759 
156800.000000 99384.000000 0.633827 
156900.000000 99472.000000 0.633983 
157000.000000 99572.000000 0.634217 
157100.000000 99668.000000 0.634424 
157200.000000 99736.000000 0.634453 
157300.000000 99788.000000 0.634380 
157400.000000 99876.000000 0.634536 
157500.000000 99970.000000 0.634730 
157600.000000 100040.000000 0.634772 
157700.000000 100140.000000 0.635003 
157800.000000 100208.000000 0.635032 
157900.000000 100300.000000 0.635212 
158000.000000 100390.000000 0.635380 
158100.000000 100478.000000 0.635534 
158200.000000 100544.000000 0.635550 
158300.000000 100592.000000 0.635452 
158400.000000 100596.000000 0.635076 
158500.000000 100680.000000 0.635205 
158600.000000 100770.000000 0.635372 
158700.000000 100826.000000 0.635325 
158800.000000 100902.000000 0.635403 
158900.000000 100958.000000 0.635356 
159000.000000 101038.000000 0.635459 
159100.000000 101120.000000 0.635575 
159200.000000 101206.000000 0.635716 
159300.000000 101296.000000 0.635882 
159400.000000 101368.000000 0.635935 
159500.000000 101434.000000 0.635950 
159600.000000 101500.000000 0.635965 
159700.000000 101564.000000 0.635967 
159800.000000 101606.000000 0.635832 
159900.000000 101692.000000 0.635972 
160000.000000 101792.000000 0.636200 
160100.000000 101878.000000 0.636340 
160200.000000 101946.000000 0.636367 
160300.000000 102004.000000 0.636332 
160400.000000 102082.000000 0.636421 
160500.000000 102172.000000 0.636586 
160600.000000 102228.000000 0.636538 
160700.000000 102308.000000 0.636640 
160800.000000 102402.000000 0.636828 
160900.000000 102492.000000 0.636992 
161000.000000 102548.000000 0.636944 
161100.000000 102648.000000 0.637169 
161200.000000 102716.000000 0.637196 
161300.000000 102808.000000 0.637371 
161400.000000 102902.000000 0.637559 
161500.000000 102988.000000 0.637697 
161600.000000 103068.000000 0.637797 
161700.000000 103156.000000 0.637947 
161800.000000 103226.000000 0.637985 
161900.000000 103300.000000 0.638048 
162000.000000 103400.000000 0.638272 
162100.000000 103484.000000 0.638396 
162200.000000 103572.000000 0.638545 
162300.000000 103646.000000 0.638608 
162400.000000 103718.000000 0.638658 
162500.000000 103798.000000 0.638757 
162600.000000 103876.000000 0.638844 
162700.000000 103970.000000 0.639029 
162800.000000 104056.000000 0.639165 
162900.000000 104116.000000 0.639141 
163000.000000 104188.000000 0.639190 
163100.000000 104272.000000 0.639313 
163200.000000 104322.000000 0.639228 
163300.000000 104408.000000 0.639363 
163400.000000 104496.000000 0.639510 
163500.000000 104578.000000 0.639621 
163600.000000 104660.000000 0.639731 
163700.000000 104734.000000 0.639792 
163800.000000 104792.000000 0.639756 
163900.000000 104848.000000 0.639707 
164000.000000 104866.000000 0.639427 
164100.000000 104922.000000 0.639378 
164200.000000 104960.000000 0.639220 
164300.000000 104998.000000 0.639063 
164400.000000 105012.000000 0.638759 
164500.000000 105074.000000 0.638748 
164600.000000 105150.000000 0.638821 
164700.000000 105210.000000 0.638798 
164800.000000 105260.000000 0.638714 
164900.000000 105338.000000 0.638799 
165000.000000 105364.000000 0.638570 
165100.000000 105452.000000 0.638716 
165200.000000 105498.000000 0.638608 
165300.000000 105570.000000 0.638657 
165400.000000 105658.000000 0.638803 
165500.000000 105710.000000 0.638731 
165600.000000 105762.000000 0.638659 
165700.000000 105766.000000 0.638298 
165800.000000 105856.000000 0.638456 
165900.000000 105926.000000 0.638493 
166000.000000 106006.000000 0.638590 
166100.000000 106064.000000 0.638555 
166200.000000 106160.000000 0.638748 
166300.000000 106178.000000 0.638473 
166400.000000 106184.000000 0.638125 
166500.000000 106226.000000 0.637994 
166600.000000 106282.000000 0.637947 
166700.000000 106364.000000 0.638056 
166800.000000 106458.000000 0.638237 
166900.000000 106526.000000 0.638262 
167000.000000 106576.000000 0.638180 
167100.000000 106656.000000 0.638276 
167200.000000 106718.000000 0.638266 
167300.000000 106804.000000 0.638398 
167400.000000 106858.000000 0.638339 
167500.000000 106914.000000 0.638293 
167600.000000 106984.000000 0.638329 
167700.000000 107074.000000 0.638485 
167800.000000 107158.000000 0.638605 
167900.000000 107242.000000 0.638725 
168000.000000 107324.000000 0.638833 
168100.000000 107412.000000 0.638977 
168200.000000 107490.000000 0.639061 
168300.000000 107572.000000 0.639168 
168400.000000 107658.000000 0.639299 
168500.000000 107752.000000 0.639478 
168600.000000 107842.000000 0.639632 
168700.000000 107866.000000 0.639395 
168800.000000 107960.000000 0.639573 
168900.000000 108052.000000 0.639740 
169000.000000 108118.000000 0.639751 
169100.000000 108214.000000 0.639941 
169200.000000 108286.000000 0.639988 
169300.000000 108340.000000 0.639929 
169400.000000 108440.000000 0.640142 
169500.000000 108482.000000 0.640012 
169600.000000 108496.000000 0.639717 
169700.000000 108536.000000 0.639576 
169800.000000 108588.000000 0.639505 
169900.000000 108620.000000 0.639317 
170000.000000 108674.000000 0.639259 
170100.000000 108718.000000 0.639142 
170200.000000 108730.000000 0.638837 
170300.000000 108750.000000 0.638579 
170400.000000 108786.000000 0.638416 
170500.000000 108862.000000 0.638487 
170600.000000 108886.000000 0.638253 
170700.000000 108948.000000 0.638243 
170800.000000 109046.000000 0.638443 
170900.000000 109068.000000 0.638198 
171000.000000 109120.000000 0.638129 
171100.000000 109172.000000 0.638060 
171200.000000 109232.000000 0.638037 
171300.000000 109306.000000 0.638097 
171400.000000 109396.000000 0.638250 
171500.000000 109484.000000 0.638391 
171600.000000 109532.000000 0.638298 
171700.000000 109624.000000 0.638462 
171800.000000 109678.000000 0.638405 
171900.000000 109778.000000 0.638615 
172000.000000 109858.000000 0.638709 
172100.000000 109874.000000 0.638431 
172200.000000 109962.000000 0.638571 
172300.000000 109996.000000 0.638398 
172400.000000 109968.000000 0.637865 
172500.000000 109966.000000 0.637484 
172600.000000 109994.000000 0.637277 
172700.000000 110062.000000 0.637302 
172800.000000 110144.000000 0.637407 
172900.000000 110230.000000 0.637536 
173000.000000 110320.000000 0.637688 
173100.000000 110410.000000 0.637839 
173200.000000 110502.000000 0.638002 
173300.000000 110580.000000 0.638084 
173400.000000 110666.000000 0.638212 
173500.000000 110698.000000 0.638029 
173600.000000 110740.000000 0.637903 
173700.000000 110792.000000 0.637835 
173800.000000 110796.000000 0.637491 
173900.000000 110858.000000 0.637481 
174000.000000 110916.000000 0.637448 
174100.000000 111014.000000 0.637645 
174200.000000 111094.000000 0.637738 
174300.000000 111188.000000 0.637912 
174400.000000 111234.000000 0.637810 
174500.000000 111228.000000 0.637410 
174600.000000 111240.000000 0.637113 
174700.000000 111174.000000 0.636371 
174800.000000 111214.000000 0.636236 
174900.000000 111208.000000 0.635838 
175000.000000 111266.000000 0.635806 
175100.000000 111268.000000 0.635454 
175200.000000 111256.000000 0.635023 
175300.000000 111172.000000 0.634181 
175400.000000 111122.000000 0.633535 
175500.000000 111044.000000 0.632729 
175600.000000 110958.000000 0.631879 
175700.000000 110858.000000 0.630951 
175800.000000 110758.000000 0.630023 
175900.000000 110658.000000 0.629096 
176000.000000 110568.000000 0.628227 
176100.000000 110478.000000 0.627359 
176200.000000 110442.000000 0.626799 
176300.000000 110370.000000 0.626035 
176400.000000 110294.000000 0.625249 
176500.000000 110236.000000 0.624567 
176600.000000 110218.000000 0.624111 
176700.000000 110162.000000 0.623441 
176800.000000 110088.000000 0.622670 
176900.000000 110014.000000 0.621899 
177000.000000 109974.000000 0.621322 
177100.000000 109946.000000 0.620813 
177200.000000 109914.000000 0.620282 
177300.000000 109822.000000 0.619413 
177400.000000 109724.000000 0.618512 
177500.000000 109654.000000 0.617769 
177600.000000 109712.000000 0.617748 
177700.000000 109642.000000 0.617006 
177800.000000 109606.000000 0.616457 
177900.000000 109562.000000 0.615863 
178000.000000 109516.000000 0.615258 
178100.000000 109424.000000 0.614396 
178200.000000 109398.000000 0.613906 
178300.000000 109322.000000 0.613135 
178400.000000 109246.000000 0.612365 
178500.000000 109168.000000 0.611585 
178600.000000 109068.000000 0.610683 
178700.000000 108968.000000 0.609782 
178800.000000 108868.000000 0.608881 
178900.000000 108774.000000 0.608016 
179000.000000 108692.000000 0.607218 
179100.000000 108608.000000 0.606410 
179200.000000 108510.000000 0.605525 
179300.000000 108418.000000 0.604674 
179400.000000 108318.000000 0.603779 
179500.000000 108220.000000 0.602897 
179600.000000 108120.000000 0.602004 
179700.000000 108140.000000 0.601781 
179800.000000 108076.000000 0.601090 
179900.000000 107978.000000 0.600211 
180000.000000 107886.000000 0.599367 
180100.000000 107786.000000 0.598479 
180200.000000 107714.000000 0.597747 
180300.000000 107768.000000 0.597715 
180400.000000 107672.000000 0.596851 
180500.000000 107678.000000 0.596554 
180600.000000 107760.000000 0.596678 
180700.000000 107706.000000 0.596049 
180800.000000 107724.000000 0.595819 
180900.000000 107682.000000 0.595257 
181000.000000 107582.000000 0.594376 
181100.000000 107522.000000 0.593716 
181200.000000 107430.000000 0.592881 
181300.000000 107460.000000 0.592719 
181400.000000 107370.000000 0.591896 
181500.000000 107368.000000 0.591559 
181600.000000 107314.000000 0.590936 
181700.000000 107214.000000 0.590061 
181800.000000 107114.000000 0.589186 
181900.000000 107016.000000 0.588323 
182000.000000 106958.000000 0.587681 
182100.000000 106916.000000 0.587128 
182200.000000 106934.000000 0.586905 
182300.000000 106884.000000 0.586308 
182400.000000 106784.000000 0.585439 
182500.000000 106690.000000 0.584603 
182600.000000 106606.000000 0.583823 
182700.000000 106562.000000 0.583262 
182800.000000 106518.000000 0.582702 
182900.000000 106432.000000 0.581914 
183000.000000 106336.000000 0.581071 
183100.000000 106284.000000 0.580470 
183200.000000 106368.000000 0.580611 
183300.000000 106366.000000 0.580284 
183400.000000 106362.000000 0.579945 
183500.000000 106274.000000 0.579150 
183600.000000 106192.000000 0.578388 
183700.000000 106206.000000 0.578149 
183800.000000 106176.000000 0.577671 
183900.000000 106142.000000 0.577172 
184000.000000 106186.000000 0.577098 
184100.000000 106138.000000 0.576524 
184200.000000 106176.000000 0.576417 
184300.000000 106142.000000 0.575920 
184400.000000 106156.000000 0.575683 
184500.000000 106136.000000 0.575263 
184600.000000 106152.000000 0.575038 
184700.000000 106180.000000 0.574878 
184800.000000 106238.000000 0.574881 
184900.000000 106302.000000 0.574916 
185000.000000 106242.000000 0.574281 
185100.000000 106210.000000 0.573798 
185200.000000 106224.000000 0.573564 
185300.000000 106212.000000 0.573189 
185400.000000 106228.000000 0.572967 
185500.000000 106128.000000 0.572119 
185600.000000 106030.000000 0.571282 
185700.000000 106054.000000 0.571104 
185800.000000 106092.000000 0.571001 
185900.000000 106046.000000 0.570446 
186000.000000 106070.000000 0.570269 
186100.000000 106170.000000 0.570500 
186200.000000 106180.000000 0.570247 
186300.000000 106132.000000 0.569683 
186400.000000 106096.000000 0.569185 
186500.000000 106086.000000 0.568826 
186600.000000 106048.000000 0.568317 
186700.000000 106048.000000 0.568013 
186800.000000 106068.000000 0.567816 
186900.000000 106042.000000 0.567373 
187000.000000 106056.000000 0.567144 
187100.000000 105956.000000 0.566307 
187200.000000 105856.000000 0.565470 
187300.000000 105844.000000 0.565104 
187400.000000 105808.000000 0.564610 
187500.000000 105726.000000 0.563872 
187600.000000 105716.000000 0.563518 
187700.000000 105686.000000 0.563058 
187800.000000 105698.000000 0.562822 
187900.000000 105668.000000 0.562363 
188000.000000 105642.000000 0.561926 
188100.000000 105624.000000 0.561531 
188200.000000 105706.000000 0.561668 
188300.000000 105782.000000 0.561774 
188400.000000 105790.000000 0.561518 
188500.000000 105734.000000 0.560923 
188600.000000 105796.000000 0.560954 
188700.000000 105826.000000 0.560816 
188800.000000 105886.000000 0.560837 
188900.000000 105870.000000 0.560455 
189000.000000 105904.000000 0.560339 
189100.000000 105834.000000 0.559672 
189200.000000 105862.000000 0.559524 
189300.000000 105810.000000 0.558954 
189400.000000 105744.000000 0.558310 
189500.000000 105772.000000 0.558164 
189600.000000 105736.000000 0.557679 
189700.000000 105720.000000 0.557301 
189800.000000 105644.000000 0.556607 
189900.000000 105644.000000 0.556314 
190000.000000 105602.000000 0.555800 
190100.000000 105608.000000 0.555539 
190200.000000 105556.000000 0.554974 
190300.000000 105598.000000 0.554903 
190400.000000 105558.000000 0.554401 
190500.000000 105654.000000 0.554614 
190600.000000 105664.000000 0.554376 
190700.000000 105600.000000 0.553749 
190800.000000 105574.000000 0.553323 
190900.000000 105634.000000 0.553347 
191000.000000 105612.000000 0.552942 
191100.000000 105524.000000 0.552193 
191200.000000 105494.000000 0.551747 
191300.000000 105490.000000 0.551438 
191400.000000 105454.000000 0.550961 
191500.000000 105464.000000 0.550726 
191600.000000 105436.000000 0.550292 
191700.000000 105524.000000 0.550464 
191800.000000 105438.000000 0.549729 
191900.000000 105338.000000 0.548921 
192000.000000 105360.000000 0.548750 
192100.000000 105416.000000 0.548756 
192200.000000 105422.000000 0.548502 
192300.000000 105410.000000 0.548154 
192400.000000 105320.000000 0.547401 
192500.000000 105324.000000 0.547138 
192600.000000 105324.000000 0.546854 
192700.000000 105336.000000 0.546632 
192800.000000 105278.000000 0.546048 
192900.000000 105310.000000 0.545931 
193000.000000 105300.000000 0.545596 
193100.000000 105300.000000 0.545313 
193200.000000 105268.000000 0.544865 
193300.000000 105304.000000 0.544770 
193400.000000 105314.000000 0.544540 
193500.000000 105244.000000 0.543897 
193600.000000 105342.000000 0.544122 
193700.000000 105292.000000 0.543583 
193800.000000 105368.000000 0.543695 
193900.000000 105416.000000 0.543662 
194000.000000 105316.000000 0.542866 
194100.000000 105288.000000 0.542442 
194200.000000 105336.000000 0.542410 
194300.000000 105390.000000 0.542409 
194400.000000 105402.000000 0.542191 
194500.000000 105364.000000 0.541717 
194600.000000 105410.000000 0.541675 
194700.000000 105456.000000 0.541633 
194800.000000 105482.000000 0.541489 
194900.000000 105556.000000 0.541591 
195000.000000 105560.000000 0.541333 
195100.000000 105570.000000 0.541107 
195200.000000 105670.000000 0.541342 
195300.000000 105770.000000 0.541577 
195400.000000 105780.000000 0.541351 
195500.000000 105822.000000 0.541289 
195600.000000 105876.000000 0.541288 
195700.000000 105918.000000 0.541226 
195800.000000 105974.000000 0.541236 
195900.000000 105992.000000 0.541052 
196000.000000 106066.000000 0.541153 
196100.000000 106096.000000 0.541030 
196200.000000 106130.000000 0.540928 
196300.000000 106134.000000 0.540672 
196400.000000 106186.000000 0.540662 
196500.000000 106256.000000 0.540743 
196600.000000 106290.000000 0.540641 
196700.000000 106316.000000 0.540498 
196800.000000 106316.000000 0.540224 
196900.000000 106312.000000 0.539929 
197000.000000 106316.000000 0.539675 
197100.000000 106360.000000 0.539625 
197200.000000 106450.000000 0.539807 
197300.000000 106454.000000 0.539554 
197400.000000 106522.000000 0.539625 
197500.000000 106552.000000 0.539504 
197600.000000 106600.000000 0.539474 
197700.000000 106652.000000 0.539464 
197800.000000 106694.000000 0.539403 
197900.000000 106780.000000 0.539565 
198000.000000 106840.000000 0.539596 
198100.000000 106922.000000 0.539738 
198200.000000 107008.000000 0.539899 
198300.000000 107072.000000 0.539950 
198400.000000 107140.000000 0.540020 
198500.000000 107160.000000 0.539849 
198600.000000 107244.000000 0.540000 
198700.000000 107292.000000 0.539970 
198800.000000 107334.000000 0.539909 
198900.000000 107378.000000 0.539859 
199000.000000 107416.000000 0.539779 
199100.000000 107462.000000 0.539739 
199200.000000 107496.000000 0.539639 
199300.000000 107558.000000 0.539679 
199400.000000 107584.000000 0.539539 
199500.000000 107602.000000 0.539358 
199600.000000 107638.000000 0.539269 
199700.000000 107696.000000 0.539289 
199800.000000 107718.000000 0.539129 
199900.000000 107784.000000 0.539190 
200000.000000 107830.000000 0.539150 
