100.000000 24.000000 -0.042252 229.988327 
200.000000 27.000000 3.437075 239.143097 
300.000000 0.000000 6.111418 34.179085 
400.000000 14.000000 1.214152 25.466928 
500.000000 27.000000 -7.736974 277.887054 
600.000000 5.000000 -15.402261 672.952576 
700.000000 7.000000 -10.294703 270.427612 
800.000000 27.000000 -16.000000 485.336212 
900.000000 3.000000 -15.896790 492.569672 
1000.000000 22.000000 -4.993767 586.612610 
1100.000000 17.000000 -9.422508 840.263855 
1200.000000 13.000000 -12.015430 955.937073 
1300.000000 8.000000 -10.959420 742.729370 
1400.000000 22.000000 -12.514175 870.644470 
1500.000000 27.000000 -4.961617 983.531921 
1600.000000 26.000000 -10.328714 1217.189331 
1700.000000 27.000000 -11.884583 865.609802 
1800.000000 27.000000 -11.522259 1093.353149 
1900.000000 4.000000 -16.000000 938.080566 
2000.000000 7.000000 -14.558558 452.889496 
2100.000000 0.000000 -6.722439 365.864136 
2200.000000 25.000000 -4.346196 347.156891 
2300.000000 27.000000 -9.544237 723.263489 
2400.000000 17.000000 -15.201327 961.776245 
2500.000000 11.000000 -0.778117 758.987244 
2600.000000 0.000000 1.108367 162.985794 
2700.000000 0.000000 -0.970108 24.148773 
2800.000000 3.000000 10.781680 4.910533 
2900.000000 14.000000 13.115769 53.083790 
3000.000000 27.000000 7.714892 56.267933 
3100.000000 0.000000 -3.671872 70.599121 
3200.000000 23.000000 9.755485 201.125336 
3300.000000 18.000000 13.154337 151.753983 
3400.000000 5.000000 13.231673 13.732882 
3500.000000 12.000000 15.000000 9.713597 
3600.000000 27.000000 10.620032 33.403099 
3700.000000 24.000000 -1.766324 146.254547 
3800.000000 24.000000 -9.547903 614.397217 
3900.000000 17.000000 -4.704456 925.578552 
4000.000000 27.000000 5.186216 662.545105 
4100.000000 4.000000 13.207503 291.013245 
4200.000000 3.000000 7.770641 3.358709 
4300.000000 8.000000 5.721680 1.919418 
4400.000000 27.000000 -3.116663 10.339375 
4500.000000 7.000000 -15.153559 213.588379 
4600.000000 3.000000 -11.941028 276.542206 
4700.000000 8.000000 -10.225778 418.655273 
4800.000000 21.000000 -7.397545 445.393860 
4900.000000 27.000000 -6.323822 614.852966 
5000.000000 15.000000 -1.726335 545.178772 
5100.000000 10.000000 6.832796 85.729553 
5200.000000 27.000000 11.453972 160.017212 
5300.000000 6.000000 13.249854 8.042047 
5400.000000 5.000000 10.184731 13.369406 
5500.000000 12.000000 2.801998 98.420822 
5600.000000 9.000000 6.503449 38.402325 
5700.000000 27.000000 -3.243139 368.218628 
5800.000000 1.000000 -16.000000 452.159882 
5900.000000 3.000000 -11.018867 271.740540 
6000.000000 0.000000 -16.000000 359.820221 
6100.000000 0.000000 -10.993249 288.167358 
6200.000000 6.000000 -10.537982 330.782715 
6300.000000 24.000000 -7.402428 541.082886 
6400.000000 6.000000 14.803538 101.195969 
6500.000000 0.000000 -2.041127 8.774261 
6600.000000 27.000000 -8.865793 146.097015 
6700.000000 6.000000 -3.787360 316.841003 
6800.000000 25.000000 -7.208653 311.876678 
6900.000000 27.000000 -8.421221 812.761902 
7000.000000 1.000000 -15.304022 588.223206 
7100.000000 22.000000 -4.978068 668.733643 
7200.000000 15.000000 -9.491515 650.142395 
7300.000000 25.000000 -6.548534 983.298218 
7400.000000 13.000000 -16.000000 811.484924 
7500.000000 27.000000 -8.351888 1072.753174 
7600.000000 23.000000 -7.436169 1201.774414 
7700.000000 4.000000 -3.597216 494.406189 
7800.000000 11.000000 0.482933 210.586166 
7900.000000 0.000000 7.947069 58.724678 
8000.000000 8.000000 3.685091 2.805060 
8100.000000 12.000000 -0.801839 250.314697 
8200.000000 24.000000 -5.156903 393.126923 
8300.000000 4.000000 -7.067984 161.960419 
8400.000000 5.000000 -2.170737 158.798538 
8500.000000 0.000000 -6.458497 70.369621 
8600.000000 2.000000 0.207355 144.280533 
8700.000000 14.000000 -6.281554 311.937317 
8800.000000 17.000000 -2.857533 274.809387 
8900.000000 17.000000 -2.140378 367.437286 
9000.000000 15.000000 0.339416 112.337463 
9100.000000 8.000000 -10.331125 465.367340 
9200.000000 24.000000 -10.082346 501.046478 
9300.000000 15.000000 -7.639463 826.411255 
9400.000000 20.000000 -5.978461 1026.562866 
9500.000000 2.000000 14.697297 202.985962 
9600.000000 0.000000 15.000000 13.319571 
9700.000000 4.000000 15.000000 102.045860 
9800.000000 17.000000 9.622697 9.603083 
9900.000000 27.000000 8.006415 115.687424 
10000.000000 23.000000 6.290163 203.286362 
10100.000000 4.000000 10.266981 25.919252 
10200.000000 12.000000 15.000000 21.307076 
10300.000000 14.000000 14.135089 91.544044 
10400.000000 0.000000 15.000000 15.194186 
10500.000000 2.000000 14.805556 9.321455 
10600.000000 20.000000 14.757081 2.253175 
10700.000000 0.000000 14.778047 13.134837 
10800.000000 0.000000 15.000000 63.347801 
10900.000000 0.000000 15.000000 137.294571 
11000.000000 16.000000 14.847621 85.649239 
11100.000000 27.000000 11.670279 3.636763 
11200.000000 0.000000 15.000000 1.858848 
11300.000000 4.000000 15.000000 12.771458 
11400.000000 22.000000 9.342154 3.460793 
11500.000000 13.000000 14.892846 1.836576 
11600.000000 9.000000 15.000000 21.343452 
11700.000000 6.000000 15.000000 5.349088 
11800.000000 18.000000 9.153984 3.648405 
11900.000000 24.000000 7.694799 22.485060 
12000.000000 8.000000 15.000000 10.696010 
12100.000000 0.000000 15.000000 0.354964 
12200.000000 3.000000 15.000000 6.714841 
12300.000000 22.000000 8.422788 8.345556 
12400.000000 27.000000 8.210005 58.636681 
12500.000000 23.000000 -1.486830 244.746368 
12600.000000 22.000000 6.301296 184.612244 
12700.000000 0.000000 15.000000 11.204490 
12800.000000 2.000000 15.000000 37.116474 
12900.000000 3.000000 15.000000 23.254705 
13000.000000 0.000000 15.000000 122.324898 
13100.000000 24.000000 8.659299 4.141312 
13200.000000 15.000000 7.393023 9.725426 
13300.000000 27.000000 13.478617 43.100704 
13400.000000 0.000000 15.000000 0.698191 
13500.000000 4.000000 13.128613 63.016678 
13600.000000 7.000000 11.715812 33.114433 
13700.000000 8.000000 4.730115 132.225327 
13800.000000 14.000000 8.275599 52.057438 
13900.000000 27.000000 8.443347 156.511703 
14000.000000 10.000000 6.582602 49.581722 
14100.000000 27.000000 13.147556 107.678284 
14200.000000 27.000000 15.000000 65.881996 
14300.000000 27.000000 -10.249365 108.146011 
14400.000000 21.000000 -4.819015 366.386536 
14500.000000 5.000000 -15.423287 291.134888 
14600.000000 2.000000 -14.065944 280.376282 
14700.000000 17.000000 2.342311 431.005005 
14800.000000 0.000000 15.000000 0.456176 
14900.000000 0.000000 14.623386 16.288986 
15000.000000 0.000000 15.000000 29.476292 
15100.000000 0.000000 14.855710 2.004357 
15200.000000 5.000000 12.629800 37.723621 
15300.000000 8.000000 5.875890 70.053398 
15400.000000 17.000000 -3.114887 260.869324 
15500.000000 0.000000 12.713815 32.740353 
15600.000000 21.000000 -7.873939 71.964714 
15700.000000 14.000000 3.661963 557.687866 
15800.000000 11.000000 15.000000 68.218422 
15900.000000 3.000000 8.646757 18.166462 
16000.000000 23.000000 -5.189987 206.712936 
16100.000000 26.000000 -7.132367 496.820068 
16200.000000 18.000000 -0.563928 390.353729 
16300.000000 6.000000 12.342610 116.248062 
16400.000000 25.000000 -4.444763 10.605545 
16500.000000 0.000000 15.000000 0.780335 
16600.000000 20.000000 -4.103865 7.390198 
16700.000000 27.000000 -9.759616 466.954132 
16800.000000 8.000000 10.005447 609.030029 
16900.000000 27.000000 -9.585989 233.338547 
17000.000000 21.000000 -5.749796 628.893616 
17100.000000 11.000000 6.376225 477.661011 
17200.000000 5.000000 13.228180 254.241135 
17300.000000 23.000000 -6.112077 51.511341 
17400.000000 27.000000 -8.334297 349.727264 
17500.000000 13.000000 -5.925703 541.145264 
17600.000000 10.000000 15.000000 409.794250 
17700.000000 2.000000 15.000000 159.793350 
17800.000000 7.000000 9.062005 1.022194 
17900.000000 27.000000 -8.073719 258.120880 
18000.000000 3.000000 13.931948 19.738232 
18100.000000 3.000000 8.816072 2.673317 
18200.000000 19.000000 -0.366308 6.477539 
18300.000000 0.000000 15.000000 7.017210 
18400.000000 0.000000 13.529627 26.032494 
18500.000000 6.000000 9.870030 44.994598 
18600.000000 18.000000 -4.507050 11.238249 
18700.000000 8.000000 10.809505 58.142815 
18800.000000 17.000000 -4.615622 162.645737 
18900.000000 0.000000 15.000000 59.675343 
19000.000000 10.000000 13.601024 0.002524 
19100.000000 19.000000 0.670990 1.188734 
19200.000000 4.000000 14.646350 0.063248 
19300.000000 13.000000 1.545164 8.254735 
19400.000000 0.000000 15.000000 9.121559 
19500.000000 3.000000 15.000000 73.111343 
19600.000000 6.000000 12.075267 90.376198 
19700.000000 27.000000 -8.225315 92.518806 
19800.000000 27.000000 -8.295862 428.437927 
19900.000000 19.000000 -1.499794 359.608948 
20000.000000 20.000000 -1.198152 612.565063 
20100.000000 6.000000 8.083891 429.636017 
20200.000000 3.000000 13.128311 13.462858 
20300.000000 27.000000 2.650258 149.216324 
20400.000000 22.000000 -5.225204 407.462921 
20500.000000 19.000000 -4.367940 384.537079 
20600.000000 19.000000 0.087482 507.108398 
20700.000000 27.000000 -2.886563 864.997681 
20800.000000 23.000000 -5.367031 466.005554 
20900.000000 12.000000 7.558927 154.402771 
21000.000000 27.000000 -6.751595 158.657532 
21100.000000 7.000000 11.683126 0.144309 
21200.000000 14.000000 7.966724 30.228970 
21300.000000 19.000000 -1.407581 103.019684 
21400.000000 2.000000 10.805105 3.298475 
21500.000000 0.000000 15.000000 1.457584 
21600.000000 27.000000 10.063286 0.325682 
21700.000000 26.000000 -8.681837 219.578766 
21800.000000 5.000000 13.326204 409.165070 
21900.000000 0.000000 15.000000 0.030662 
22000.000000 0.000000 14.830966 84.130341 
22100.000000 6.000000 11.433460 112.634956 
22200.000000 27.000000 -8.915539 29.687069 
22300.000000 21.000000 -3.463751 276.611694 
22400.000000 23.000000 -3.333584 676.727478 
22500.000000 0.000000 14.942616 67.634506 
22600.000000 18.000000 -2.433465 14.598364 
22700.000000 9.000000 5.875726 26.382519 
22800.000000 2.000000 11.139430 22.560408 
22900.000000 27.000000 -7.388786 0.434922 
23000.000000 5.000000 13.140761 192.928055 
23100.000000 3.000000 11.480646 56.312138 
23200.000000 0.000000 15.000000 31.048986 
23300.000000 8.000000 10.303265 33.053162 
23400.000000 3.000000 15.000000 47.689480 
23500.000000 3.000000 13.584136 0.147077 
23600.000000 22.000000 -5.125865 143.162735 
23700.000000 14.000000 0.638538 430.152100 
23800.000000 5.000000 10.800104 319.478943 
23900.000000 6.000000 12.003519 0.137584 
24000.000000 21.000000 -4.472946 19.197821 
24100.000000 27.000000 -9.259228 266.097534 
24200.000000 0.000000 15.000000 157.839966 
24300.000000 19.000000 -0.388244 2.839980 
24400.000000 19.000000 -3.587126 11.593696 
24500.000000 0.000000 15.000000 44.099293 
24600.000000 12.000000 7.278990 0.376000 
24700.000000 2.000000 15.000000 28.886730 
24800.000000 2.000000 14.742392 92.257553 
24900.000000 8.000000 6.796667 85.710197 
25000.000000 24.000000 -6.519467 9.826713 
25100.000000 27.000000 -9.846965 239.738785 
25200.000000 13.000000 6.479478 588.754639 
25300.000000 7.000000 9.818643 83.104645 
25400.000000 15.000000 0.615341 266.318481 
25500.000000 27.000000 -8.324454 624.539734 
25600.000000 26.000000 -7.785801 756.854919 
25700.000000 22.000000 -1.870942 855.180481 
25800.000000 24.000000 -5.817910 879.453552 
25900.000000 0.000000 15.000000 383.927734 
26000.000000 25.000000 -9.165369 134.237106 
26100.000000 9.000000 7.211487 42.682743 
26200.000000 10.000000 5.843936 17.269444 
26300.000000 18.000000 -0.007309 26.799690 
26400.000000 9.000000 7.161691 277.541473 
26500.000000 16.000000 2.309995 95.178520 
26600.000000 0.000000 14.832910 12.489715 
26700.000000 24.000000 -5.539672 89.127296 
26800.000000 26.000000 -8.166622 607.803223 
26900.000000 27.000000 -9.192327 604.932861 
27000.000000 18.000000 -0.015635 584.716675 
27100.000000 27.000000 -8.492377 671.099182 
27200.000000 27.000000 -8.115900 832.639587 
27300.000000 27.000000 -7.947866 928.430847 
27400.000000 22.000000 -3.712990 793.417603 
27500.000000 27.000000 -7.405050 117.336990 
27600.000000 0.000000 15.000000 237.918335 
27700.000000 11.000000 7.427876 48.685585 
27800.000000 6.000000 15.000000 7.350851 
27900.000000 7.000000 10.747402 56.835091 
28000.000000 7.000000 11.258356 14.343570 
28100.000000 17.000000 1.907302 9.943588 
28200.000000 0.000000 15.000000 147.072571 
28300.000000 27.000000 -8.577504 302.651611 
28400.000000 17.000000 2.965997 417.172791 
28500.000000 18.000000 3.214834 546.807861 
28600.000000 0.000000 15.000000 1.503905 
28700.000000 14.000000 5.271542 0.199577 
28800.000000 12.000000 2.229731 16.832607 
28900.000000 27.000000 -6.337651 316.472931 
29000.000000 12.000000 6.425411 272.037048 
29100.000000 7.000000 11.568977 3.601718 
29200.000000 0.000000 15.000000 56.198864 
29300.000000 9.000000 8.250038 64.544945 
29400.000000 3.000000 15.000000 12.308908 
29500.000000 27.000000 -7.588734 1.089512 
29600.000000 26.000000 -3.366857 448.140076 
29700.000000 9.000000 8.311934 66.545357 
29800.000000 22.000000 -0.458195 25.919321 
29900.000000 25.000000 -7.733620 260.658203 
30000.000000 23.000000 1.010199 375.527222 
30100.000000 11.000000 7.541815 178.583359 
30200.000000 27.000000 -9.362037 267.945129 
30300.000000 27.000000 -6.619404 612.146118 
30400.000000 0.000000 15.000000 65.384254 
30500.000000 15.000000 5.007841 314.082794 
30600.000000 18.000000 0.494076 164.088974 
30700.000000 13.000000 4.205231 1.814835 
30800.000000 0.000000 15.000000 0.001041 
30900.000000 22.000000 -3.826773 9.234612 
31000.000000 17.000000 1.504256 342.484283 
31100.000000 0.000000 15.000000 37.560810 
31200.000000 0.000000 15.000000 30.412630 
31300.000000 3.000000 15.000000 93.172180 
31400.000000 0.000000 15.000000 94.319031 
31500.000000 0.000000 15.000000 137.384811 
31600.000000 10.000000 7.952043 78.209740 
31700.000000 6.000000 12.652301 15.780605 
31800.000000 9.000000 9.741797 99.621979 
31900.000000 18.000000 0.146881 32.342400 
32000.000000 16.000000 1.974950 146.937012 
32100.000000 15.000000 2.407383 491.641510 
32200.000000 0.000000 15.000000 14.878263 
32300.000000 20.000000 2.428926 4.925467 
32400.000000 0.000000 15.000000 28.852264 
32500.000000 5.000000 14.657871 38.570587 
32600.000000 27.000000 -6.024055 3.755029 
32700.000000 0.000000 15.000000 30.006485 
32800.000000 10.000000 6.163798 33.920269 
32900.000000 9.000000 -16.000000 107.027138 
33000.000000 12.000000 2.793831 462.183746 
33100.000000 14.000000 -2.008790 322.379272 
33200.000000 0.000000 15.000000 49.998840 
33300.000000 24.000000 -8.178601 446.324615 
33400.000000 3.000000 15.000000 236.547073 
33500.000000 11.000000 7.504854 41.966457 
33600.000000 14.000000 9.659283 79.396286 
33700.000000 27.000000 -7.649725 162.533203 
33800.000000 1.000000 13.816657 2.235739 
33900.000000 7.000000 14.242518 43.346012 
34000.000000 24.000000 -5.915876 27.913687 
34100.000000 8.000000 10.770874 177.021896 
34200.000000 5.000000 12.637287 130.786209 
34300.000000 14.000000 15.000000 4.266587 
34400.000000 27.000000 -9.001500 89.827271 
34500.000000 27.000000 -9.195612 528.148376 
34600.000000 8.000000 15.000000 140.328323 
34700.000000 10.000000 6.631260 12.231397 
34800.000000 10.000000 7.392622 44.433525 
34900.000000 12.000000 15.000000 12.665668 
35000.000000 17.000000 1.928541 4.955029 
35100.000000 0.000000 15.000000 4.336220 
35200.000000 1.000000 15.000000 16.059278 
35300.000000 0.000000 15.000000 5.543798 
35400.000000 8.000000 11.471899 0.999117 
35500.000000 16.000000 1.792822 0.127106 
35600.000000 6.000000 9.088671 0.735983 
35700.000000 7.000000 12.028870 37.352482 
35800.000000 22.000000 0.634040 2.834325 
35900.000000 0.000000 15.000000 2.067531 
36000.000000 0.000000 15.000000 76.085152 
36100.000000 0.000000 15.000000 12.408389 
36200.000000 24.000000 0.105777 3.202247 
36300.000000 27.000000 -8.323841 300.234833 
36400.000000 15.000000 -0.177639 456.192108 
36500.000000 24.000000 6.062113 275.580536 
36600.000000 18.000000 2.822825 62.526653 
36700.000000 22.000000 -3.390342 538.150757 
36800.000000 3.000000 15.000000 156.062134 
36900.000000 20.000000 9.200800 1.515621 
37000.000000 13.000000 5.735006 66.220970 
37100.000000 27.000000 4.026765 30.740549 
37200.000000 10.000000 10.103512 6.007872 
37300.000000 26.000000 -9.242389 117.573799 
37400.000000 5.000000 1.738010 336.703552 
37500.000000 0.000000 15.000000 4.178925 
37600.000000 9.000000 7.905733 31.342607 
37700.000000 2.000000 14.145292 26.456081 
37800.000000 20.000000 0.230425 17.850464 
37900.000000 3.000000 -9.162850 180.136597 
38000.000000 0.000000 15.000000 0.102551 
38100.000000 12.000000 7.845369 1.398099 
38200.000000 22.000000 -3.476484 335.503510 
38300.000000 0.000000 15.000000 15.919894 
38400.000000 21.000000 -1.832529 12.013804 
38500.000000 27.000000 -9.206452 187.897141 
38600.000000 16.000000 3.489250 377.906067 
38700.000000 12.000000 7.874883 83.076027 
38800.000000 0.000000 15.000000 29.213585 
38900.000000 0.000000 15.000000 38.498135 
39000.000000 22.000000 15.000000 28.427633 
39100.000000 7.000000 13.270623 55.734470 
39200.000000 15.000000 2.993738 133.576553 
39300.000000 27.000000 2.098200 180.081863 
39400.000000 24.000000 -8.043751 453.957245 
39500.000000 19.000000 -2.952044 714.312988 
39600.000000 17.000000 3.310486 184.285126 
39700.000000 27.000000 -8.697081 437.115387 
39800.000000 0.000000 15.000000 33.541756 
39900.000000 0.000000 15.000000 19.385408 
40000.000000 27.000000 3.984427 13.190128 
40100.000000 27.000000 15.000000 150.653091 
40200.000000 17.000000 -0.881382 204.347382 
40300.000000 2.000000 14.562412 418.367065 
40400.000000 4.000000 15.000000 10.405392 
40500.000000 18.000000 0.122249 8.694534 
40600.000000 27.000000 8.129536 286.976288 
40700.000000 27.000000 0.465950 208.519897 
40800.000000 27.000000 -7.712813 629.684448 
40900.000000 0.000000 15.000000 331.034424 
41000.000000 9.000000 8.621111 12.824156 
41100.000000 21.000000 -4.214729 0.578785 
41200.000000 27.000000 -6.590350 130.290558 
41300.000000 27.000000 -9.405884 461.441345 
41400.000000 24.000000 -4.359403 688.537476 
41500.000000 0.000000 15.000000 429.758575 
41600.000000 27.000000 15.000000 158.646988 
41700.000000 0.000000 15.000000 3.152368 
41800.000000 24.000000 -7.010871 23.162905 
41900.000000 15.000000 1.377299 318.992157 
42000.000000 4.000000 14.467576 9.697745 
42100.000000 0.000000 15.000000 19.326807 
42200.000000 11.000000 8.434103 29.119410 
42300.000000 0.000000 15.000000 29.177044 
42400.000000 0.000000 15.000000 0.277278 
42500.000000 0.000000 15.000000 68.348007 
42600.000000 0.000000 15.000000 139.211960 
42700.000000 13.000000 4.870982 97.839706 
42800.000000 27.000000 -9.065377 3.490260 
42900.000000 0.000000 15.000000 14.861712 
43000.000000 9.000000 14.007892 41.992748 
43100.000000 8.000000 10.066917 16.857571 
43200.000000 27.000000 -9.210650 90.509750 
43300.000000 27.000000 -8.744108 566.183777 
43400.000000 27.000000 -9.254889 852.373413 
43500.000000 15.000000 4.188399 311.311981 
43600.000000 18.000000 -2.077083 474.061310 
43700.000000 20.000000 -2.316051 755.417908 
43800.000000 23.000000 -4.820831 551.955017 
43900.000000 5.000000 9.626375 551.934387 
44000.000000 0.000000 15.000000 0.253537 
44100.000000 14.000000 4.086815 8.979282 
44200.000000 0.000000 15.000000 15.471811 
44300.000000 1.000000 15.000000 62.837601 
44400.000000 2.000000 15.000000 114.530350 
44500.000000 0.000000 15.000000 78.999962 
44600.000000 17.000000 3.263734 2.880669 
44700.000000 7.000000 11.200268 14.818365 
44800.000000 27.000000 -8.461558 124.713028 
44900.000000 19.000000 0.775633 644.467957 
45000.000000 12.000000 4.852010 17.502344 
45100.000000 27.000000 -9.224879 170.334167 
45200.000000 27.000000 -9.377829 389.226746 
45300.000000 27.000000 -8.886909 864.122131 
45400.000000 4.000000 13.819903 52.290203 
45500.000000 5.000000 15.000000 3.095434 
45600.000000 0.000000 15.000000 45.779392 
45700.000000 23.000000 -3.491349 48.091030 
45800.000000 21.000000 -7.028701 230.919952 
45900.000000 15.000000 3.010883 471.842224 
46000.000000 2.000000 14.861095 120.182381 
46100.000000 27.000000 -8.939843 283.178406 
46200.000000 9.000000 9.656222 11.602761 
46300.000000 4.000000 11.435916 2.503178 
46400.000000 5.000000 13.739173 0.146453 
46500.000000 20.000000 -7.017138 3.304107 
46600.000000 15.000000 2.624992 302.185791 
46700.000000 23.000000 -3.273607 412.713043 
46800.000000 0.000000 15.000000 424.176300 
46900.000000 24.000000 -6.358361 27.380833 
47000.000000 27.000000 -8.980915 458.682068 
47100.000000 17.000000 2.277712 96.774994 
47200.000000 27.000000 -9.039301 133.951126 
47300.000000 17.000000 1.118796 379.337677 
47400.000000 8.000000 6.221451 2.965572 
47500.000000 0.000000 15.000000 27.750790 
47600.000000 9.000000 8.637783 51.285202 
47700.000000 7.000000 12.940997 34.884544 
47800.000000 22.000000 -1.724459 115.065468 
47900.000000 8.000000 9.134662 0.214378 
48000.000000 19.000000 -1.199640 357.229462 
48100.000000 16.000000 2.985045 668.353455 
48200.000000 22.000000 -4.496603 621.299988 
48300.000000 27.000000 -9.254273 652.597046 
48400.000000 8.000000 7.263531 445.640350 
48500.000000 5.000000 13.816358 168.683182 
48600.000000 0.000000 15.000000 0.805226 
48700.000000 13.000000 3.192456 12.969406 
48800.000000 13.000000 3.795568 102.266052 
48900.000000 2.000000 15.000000 0.521876 
49000.000000 14.000000 4.861802 12.774711 
49100.000000 12.000000 6.141860 18.395161 
49200.000000 6.000000 10.000743 25.821497 
49300.000000 24.000000 -7.934991 312.587616 
49400.000000 20.000000 -1.859284 108.796562 
49500.000000 11.000000 9.821776 73.634125 
49600.000000 8.000000 10.461772 49.401695 
49700.000000 8.000000 8.635138 30.821205 
49800.000000 7.000000 10.824700 2.906635 
49900.000000 20.000000 0.404117 123.675758 
50000.000000 9.000000 7.187206 12.535594 
50100.000000 10.000000 5.900632 14.023586 
50200.000000 24.000000 -5.633614 33.676479 
50300.000000 19.000000 0.000877 178.744736 
50400.000000 24.000000 -6.630570 166.229568 
50500.000000 25.000000 -6.873082 635.510132 
50600.000000 16.000000 6.194830 653.973633 
50700.000000 19.000000 0.252573 242.920731 
50800.000000 26.000000 -4.306437 540.679077 
50900.000000 12.000000 5.737241 134.764969 
51000.000000 5.000000 13.167659 1.861362 
51100.000000 23.000000 -5.048618 0.592149 
51200.000000 2.000000 15.000000 39.093697 
51300.000000 12.000000 8.714198 106.753746 
51400.000000 6.000000 12.132694 0.016854 
51500.000000 9.000000 8.852559 1.489785 
51600.000000 5.000000 13.099238 64.442993 
51700.000000 7.000000 10.413480 14.532460 
51800.000000 12.000000 5.846853 14.371856 
51900.000000 27.000000 -9.256550 309.030579 
52000.000000 5.000000 11.778220 160.815475 
52100.000000 7.000000 10.554242 18.450327 
52200.000000 5.000000 10.702879 27.427862 
52300.000000 21.000000 -3.852217 11.374263 
52400.000000 15.000000 2.686523 100.984505 
52500.000000 23.000000 -5.125365 242.732651 
52600.000000 21.000000 -0.902299 351.912628 
52700.000000 26.000000 -6.865728 151.115891 
52800.000000 22.000000 -4.894600 392.831329 
52900.000000 27.000000 -8.926033 747.663269 
53000.000000 27.000000 -9.212478 972.755432 
53100.000000 21.000000 -4.283743 647.718933 
53200.000000 7.000000 14.935959 653.592651 
53300.000000 7.000000 11.281316 73.310204 
53400.000000 1.000000 13.622301 122.893715 
53500.000000 0.000000 15.000000 3.234557 
53600.000000 7.000000 9.393346 21.573071 
53700.000000 27.000000 -8.209955 54.293411 
53800.000000 2.000000 12.060442 2.255363 
53900.000000 16.000000 1.548956 139.214569 
54000.000000 10.000000 4.681255 56.721916 
54100.000000 25.000000 -8.801285 19.281378 
54200.000000 15.000000 6.168848 448.122070 
54300.000000 24.000000 -8.477841 286.209808 
54400.000000 19.000000 -2.801765 134.787109 
54500.000000 7.000000 11.165890 226.253464 
54600.000000 1.000000 14.144316 2.931196 
54700.000000 14.000000 0.083399 39.792015 
54800.000000 22.000000 -6.488931 2.757778 
54900.000000 23.000000 -6.903721 305.142029 
55000.000000 12.000000 5.155250 299.140198 
55100.000000 17.000000 6.321694 192.021454 
55200.000000 27.000000 -9.315578 143.152802 
55300.000000 27.000000 -9.117124 646.176208 
55400.000000 16.000000 0.462320 819.119080 
55500.000000 11.000000 4.082750 252.399628 
55600.000000 22.000000 -6.266251 330.261749 
55700.000000 14.000000 3.905143 71.548317 
55800.000000 25.000000 -5.795576 475.463440 
55900.000000 20.000000 -2.312606 653.229553 
56000.000000 13.000000 0.320798 529.869141 
56100.000000 0.000000 15.000000 142.219101 
56200.000000 17.000000 3.791233 180.464355 
56300.000000 21.000000 -3.067713 34.596836 
56400.000000 15.000000 0.595235 225.477707 
56500.000000 27.000000 -8.326484 542.051941 
56600.000000 0.000000 14.653725 191.580765 
56700.000000 14.000000 2.975052 134.679138 
56800.000000 6.000000 10.804352 23.391586 
56900.000000 27.000000 -8.211054 271.056793 
57000.000000 0.000000 15.000000 441.669647 
57100.000000 3.000000 14.254305 1.578242 
57200.000000 9.000000 4.227972 2.871395 
57300.000000 0.000000 15.000000 60.704926 
57400.000000 27.000000 -8.280090 332.070282 
57500.000000 27.000000 -10.417419 878.274963 
57600.000000 10.000000 -16.000000 687.447144 
57700.000000 0.000000 -16.000000 634.343933 
57800.000000 13.000000 3.854115 332.550781 
57900.000000 25.000000 -5.996470 314.337677 
58000.000000 27.000000 -9.904171 588.563599 
58100.000000 15.000000 2.066223 662.375366 
58200.000000 14.000000 -1.678240 615.034973 
58300.000000 8.000000 -16.000000 784.734375 
58400.000000 23.000000 -6.206673 1087.575928 
58500.000000 27.000000 -6.269173 993.442383 
58600.000000 11.000000 -14.985196 406.606506 
58700.000000 27.000000 -10.513076 745.977844 
58800.000000 15.000000 -8.427252 885.361450 
58900.000000 27.000000 -9.793169 319.660461 
59000.000000 11.000000 3.076296 611.070557 
59100.000000 0.000000 -2.596393 385.812958 
59200.000000 0.000000 13.830709 1.855387 
59300.000000 27.000000 -10.189578 49.989056 
59400.000000 27.000000 -10.331126 586.081970 
59500.000000 15.000000 2.523278 773.562744 
59600.000000 17.000000 -0.448196 401.307831 
59700.000000 0.000000 -16.000000 187.527206 
59800.000000 7.000000 -16.000000 326.905212 
59900.000000 1.000000 0.859096 316.862518 
60000.000000 0.000000 0.866660 119.236946 
60100.000000 0.000000 -16.000000 219.362045 
60200.000000 0.000000 -16.000000 323.551697 
60300.000000 0.000000 -16.000000 342.720734 
60400.000000 26.000000 -11.010717 483.839142 
60500.000000 0.000000 7.427918 113.979309 
60600.000000 8.000000 10.185051 11.284635 
60700.000000 10.000000 -7.858364 226.979782 
60800.000000 16.000000 -4.202740 150.217545 
60900.000000 27.000000 -10.348876 511.649414 
61000.000000 26.000000 -10.502016 908.363708 
61100.000000 25.000000 -5.278438 829.848816 
61200.000000 9.000000 -15.087714 957.157959 
61300.000000 0.000000 -16.000000 819.860352 
61400.000000 6.000000 -16.000000 725.799927 
61500.000000 0.000000 -16.000000 435.653198 
61600.000000 0.000000 -15.774123 340.596252 
61700.000000 12.000000 -15.388020 490.788940 
61800.000000 19.000000 -2.090390 743.284119 
61900.000000 27.000000 -8.731695 599.578491 
62000.000000 19.000000 -4.610848 531.019226 
62100.000000 21.000000 -3.175484 861.395203 
62200.000000 16.000000 0.261297 84.276016 
62300.000000 26.000000 -6.007752 250.370621 
62400.000000 21.000000 -7.010754 714.762390 
62500.000000 25.000000 -8.042201 1055.521606 
62600.000000 23.000000 -8.651570 1233.473267 
62700.000000 26.000000 -8.841095 1086.804443 
62800.000000 18.000000 -2.815279 160.618866 
62900.000000 21.000000 -7.972277 526.298950 
63000.000000 8.000000 9.977950 671.949646 
63100.000000 14.000000 -0.188143 33.763580 
63200.000000 22.000000 -3.081365 226.293030 
63300.000000 11.000000 0.908912 215.949295 
63400.000000 12.000000 -0.795086 42.319885 
63500.000000 0.000000 15.000000 1.471182 
63600.000000 6.000000 9.426624 10.398036 
63700.000000 20.000000 -6.981817 192.454468 
63800.000000 12.000000 5.161853 315.391541 
63900.000000 23.000000 -8.736371 283.430481 
64000.000000 27.000000 -9.831324 426.108856 
64100.000000 15.000000 2.016946 400.068207 
64200.000000 15.000000 1.771289 348.759369 
64300.000000 11.000000 6.466952 116.473106 
64400.000000 13.000000 1.081434 130.004395 
64500.000000 15.000000 -7.354909 291.648682 
64600.000000 4.000000 -10.109375 317.905090 
64700.000000 3.000000 -16.000000 366.332275 
64800.000000 23.000000 -13.717145 477.309998 
64900.000000 14.000000 -0.728922 610.144104 
65000.000000 27.000000 -10.164141 852.547791 
65100.000000 27.000000 -9.731394 1059.071899 
65200.000000 5.000000 -15.933345 548.320679 
65300.000000 20.000000 -4.766963 897.919189 
65400.000000 0.000000 8.360693 429.464294 
65500.000000 9.000000 6.613631 19.938599 
65600.000000 3.000000 14.638515 85.792381 
65700.000000 22.000000 -4.954373 122.991570 
65800.000000 13.000000 2.143730 509.249908 
65900.000000 26.000000 -8.736390 38.714729 
66000.000000 2.000000 14.742798 100.072609 
66100.000000 17.000000 0.718702 1.727995 
66200.000000 20.000000 -3.235582 270.640167 
66300.000000 27.000000 -9.861069 239.298721 
66400.000000 17.000000 1.106435 383.748138 
66500.000000 1.000000 5.926920 14.370984 
66600.000000 0.000000 15.000000 6.818208 
66700.000000 10.000000 -1.888244 0.253499 
66800.000000 26.000000 -7.865830 389.527313 
66900.000000 18.000000 -0.864925 233.001953 
67000.000000 25.000000 -8.201831 471.664154 
67100.000000 14.000000 1.335590 370.778564 
67200.000000 9.000000 7.758401 26.917351 
67300.000000 5.000000 4.556252 0.093566 
67400.000000 0.000000 12.743764 12.355811 
67500.000000 17.000000 0.153741 112.925140 
67600.000000 22.000000 -6.033798 181.334076 
67700.000000 2.000000 15.000000 13.987697 
67800.000000 10.000000 10.728051 24.515335 
67900.000000 10.000000 5.193736 41.838417 
68000.000000 3.000000 15.000000 50.705711 
68100.000000 2.000000 13.320102 4.749829 
68200.000000 27.000000 -9.995083 466.417480 
68300.000000 27.000000 -9.922529 729.961609 
68400.000000 16.000000 2.853633 961.062683 
68500.000000 27.000000 -10.030060 677.788452 
68600.000000 6.000000 11.831280 314.963501 
68700.000000 17.000000 -1.800791 3.366951 
68800.000000 5.000000 5.751504 0.280943 
68900.000000 3.000000 7.661915 10.123685 
69000.000000 11.000000 2.226109 39.610386 
69100.000000 27.000000 -6.146614 318.450806 
69200.000000 22.000000 -4.658583 380.950378 
69300.000000 12.000000 3.712152 260.636902 
69400.000000 22.000000 -4.944615 638.543335 
69500.000000 22.000000 -1.843782 206.486206 
69600.000000 4.000000 15.000000 74.209480 
69700.000000 0.000000 15.000000 1.043317 
69800.000000 20.000000 -5.733960 31.196609 
69900.000000 27.000000 -9.864063 350.463013 
70000.000000 19.000000 -9.311352 673.196533 
70100.000000 27.000000 -3.174917 371.787048 
70200.000000 3.000000 14.780565 95.492737 
70300.000000 0.000000 15.000000 26.288401 
70400.000000 8.000000 7.201933 20.147957 
70500.000000 26.000000 -10.260410 350.289062 
70600.000000 3.000000 10.326818 199.053391 
70700.000000 13.000000 6.316776 0.059703 
70800.000000 6.000000 9.964929 13.853091 
70900.000000 5.000000 12.878774 2.341393 
71000.000000 0.000000 15.000000 44.479767 
71100.000000 27.000000 -9.856090 0.631927 
71200.000000 25.000000 -2.311512 467.940033 
71300.000000 26.000000 -9.729457 496.912079 
71400.000000 8.000000 8.793186 218.872498 
71500.000000 4.000000 13.022607 0.175592 
71600.000000 20.000000 -5.461507 12.751368 
71700.000000 22.000000 -6.115428 509.212036 
71800.000000 18.000000 -7.788216 728.390564 
71900.000000 6.000000 7.669079 120.148880 
72000.000000 6.000000 11.076660 2.096482 
72100.000000 18.000000 -2.090170 8.716862 
72200.000000 23.000000 -5.493468 472.560822 
72300.000000 2.000000 15.000000 267.790314 
72400.000000 0.000000 15.000000 1.766721 
72500.000000 0.000000 4.543736 50.397034 
72600.000000 27.000000 -10.004139 159.657455 
72700.000000 20.000000 -8.129230 605.162842 
72800.000000 5.000000 8.174355 235.547974 
72900.000000 9.000000 8.708719 214.848709 
73000.000000 14.000000 1.843678 51.176262 
73100.000000 11.000000 4.931247 0.472675 
73200.000000 0.000000 15.000000 23.809170 
73300.000000 23.000000 -6.239233 0.000379 
73400.000000 19.000000 -0.229091 413.975433 
73500.000000 27.000000 -4.295979 687.362427 
73600.000000 25.000000 -8.475436 1006.304077 
73700.000000 9.000000 2.396099 400.042816 
73800.000000 0.000000 15.000000 7.321013 
73900.000000 27.000000 -9.364307 89.978554 
74000.000000 3.000000 11.390169 123.476173 
74100.000000 25.000000 2.148964 199.129684 
74200.000000 14.000000 -3.284431 135.387833 
74300.000000 17.000000 -2.120704 5.322875 
74400.000000 1.000000 15.000000 12.807565 
74500.000000 19.000000 -1.207655 12.149208 
74600.000000 11.000000 3.442090 2.524580 
74700.000000 18.000000 -3.661099 18.402683 
74800.000000 27.000000 -8.673226 421.954407 
74900.000000 10.000000 -2.034146 531.711853 
75000.000000 20.000000 -4.309984 479.032623 
75100.000000 19.000000 -12.447140 822.955566 
75200.000000 13.000000 0.532767 224.489487 
75300.000000 26.000000 -4.029274 526.226501 
75400.000000 23.000000 -5.545034 648.529663 
75500.000000 1.000000 15.000000 138.613129 
75600.000000 0.000000 10.426634 3.440652 
75700.000000 7.000000 9.228893 16.676487 
75800.000000 1.000000 -5.282373 235.214462 
75900.000000 1.000000 3.870528 169.351166 
76000.000000 5.000000 12.500862 10.576309 
76100.000000 7.000000 10.673640 23.331240 
76200.000000 0.000000 15.000000 84.893272 
76300.000000 27.000000 -8.753506 3.716089 
76400.000000 27.000000 -9.267690 475.220245 
76500.000000 24.000000 -11.754370 842.777710 
76600.000000 23.000000 -9.091671 724.689575 
76700.000000 17.000000 -10.512897 941.523315 
76800.000000 12.000000 5.987445 241.056351 
76900.000000 21.000000 -1.876259 160.809662 
77000.000000 0.000000 15.000000 0.199737 
77100.000000 27.000000 -6.632087 306.953613 
77200.000000 13.000000 6.993626 532.808960 
77300.000000 12.000000 4.095384 5.731252 
77400.000000 3.000000 15.000000 19.937538 
77500.000000 7.000000 5.049117 2.216180 
77600.000000 20.000000 -5.158096 138.563919 
77700.000000 0.000000 4.888330 245.613129 
77800.000000 12.000000 -8.358150 190.311996 
77900.000000 27.000000 -5.956609 669.756958 
78000.000000 4.000000 -16.000000 549.922852 
78100.000000 27.000000 -8.873718 697.083984 
78200.000000 27.000000 -8.831230 772.819580 
78300.000000 27.000000 -8.605617 754.503845 
78400.000000 27.000000 -8.560937 995.444458 
78500.000000 7.000000 -12.655773 686.421448 
78600.000000 13.000000 -16.000000 837.177246 
78700.000000 9.000000 -10.404187 704.749207 
78800.000000 19.000000 -7.802094 795.005676 
78900.000000 13.000000 -16.000000 625.271423 
79000.000000 27.000000 -9.224002 753.730408 
79100.000000 22.000000 -5.594874 1009.867310 
79200.000000 3.000000 -6.632675 611.450439 
79300.000000 27.000000 -9.166753 597.065308 
79400.000000 11.000000 10.561535 264.114502 
79500.000000 23.000000 0.448642 35.392426 
79600.000000 27.000000 -8.940407 535.360535 
79700.000000 9.000000 -12.707261 658.294373 
79800.000000 25.000000 -7.137644 882.693909 
79900.000000 10.000000 -16.000000 916.275452 
80000.000000 6.000000 11.685609 262.497559 
80100.000000 13.000000 -4.155612 413.926208 
80200.000000 0.000000 -16.000000 522.563843 
80300.000000 0.000000 -16.000000 428.001465 
80400.000000 27.000000 -9.069429 622.858276 
80500.000000 24.000000 -8.993745 947.895996 
80600.000000 0.000000 8.310444 419.529755 
80700.000000 26.000000 -7.669800 313.618927 
80800.000000 8.000000 -7.736472 670.811340 
80900.000000 0.000000 -2.507714 247.957733 
81000.000000 16.000000 0.155167 114.657982 
81100.000000 14.000000 -6.413150 52.922707 
81200.000000 27.000000 -9.248292 539.608337 
81300.000000 0.000000 15.000000 364.789185 
81400.000000 27.000000 -9.221067 317.944885 
81500.000000 11.000000 -5.207955 631.980530 
81600.000000 0.000000 15.000000 257.227173 
81700.000000 0.000000 15.000000 1.238378 
81800.000000 0.000000 10.043668 12.249571 
81900.000000 27.000000 -9.361446 290.572144 
82000.000000 25.000000 -10.527536 571.393066 
82100.000000 18.000000 -0.357015 710.103760 
82200.000000 0.000000 11.509052 50.702179 
82300.000000 5.000000 11.803995 20.615656 
82400.000000 16.000000 -0.478258 28.535151 
82500.000000 27.000000 -10.207495 219.463699 
82600.000000 20.000000 -3.317874 469.404327 
82700.000000 0.000000 15.000000 175.130814 
82800.000000 19.000000 -3.349234 69.730659 
82900.000000 19.000000 -0.241013 608.661255 
83000.000000 12.000000 5.042888 307.456299 
83100.000000 5.000000 11.475451 134.545776 
83200.000000 10.000000 4.032943 106.424934 
83300.000000 3.000000 10.820226 14.594669 
83400.000000 27.000000 -10.271143 355.078857 
83500.000000 5.000000 0.830320 531.416626 
83600.000000 1.000000 9.069310 333.749146 
83700.000000 22.000000 -0.005102 516.726257 
83800.000000 0.000000 6.944272 8.467844 
83900.000000 20.000000 -10.226398 399.455078 
84000.000000 3.000000 15.000000 32.064953 
84100.000000 4.000000 13.072452 19.894373 
84200.000000 27.000000 -9.880356 59.956604 
84300.000000 11.000000 10.558169 16.651598 
84400.000000 6.000000 10.600622 222.812988 
84500.000000 12.000000 3.626585 28.970764 
84600.000000 14.000000 6.253029 20.237621 
84700.000000 27.000000 -5.075773 185.802124 
84800.000000 15.000000 1.159977 284.243530 
84900.000000 9.000000 10.813755 123.496010 
85000.000000 9.000000 5.714087 11.008264 
85100.000000 0.000000 15.000000 0.149173 
85200.000000 12.000000 5.131922 92.195129 
85300.000000 0.000000 14.745451 9.719551 
85400.000000 27.000000 -9.951372 202.441971 
85500.000000 8.000000 9.113661 406.237274 
85600.000000 7.000000 9.797349 0.331919 
85700.000000 2.000000 14.823545 60.611084 
85800.000000 18.000000 2.531160 25.484411 
85900.000000 25.000000 -9.487686 109.208374 
86000.000000 6.000000 3.950995 352.248047 
86100.000000 15.000000 10.194782 202.560699 
86200.000000 0.000000 15.000000 17.856850 
86300.000000 21.000000 -10.378751 50.632736 
86400.000000 22.000000 -3.663034 278.737030 
86500.000000 14.000000 1.217255 68.149376 
86600.000000 14.000000 5.985526 67.744919 
86700.000000 3.000000 9.623093 127.686707 
86800.000000 26.000000 -7.067853 239.647690 
86900.000000 7.000000 8.784137 28.783024 
87000.000000 27.000000 15.000000 50.236843 
87100.000000 24.000000 15.000000 58.824474 
87200.000000 14.000000 15.000000 32.176327 
87300.000000 3.000000 11.620955 30.870796 
87400.000000 23.000000 -2.882837 336.401489 
87500.000000 27.000000 -6.616697 797.359619 
87600.000000 17.000000 5.103523 898.052246 
87700.000000 0.000000 15.000000 17.353735 
87800.000000 16.000000 0.204049 12.034999 
87900.000000 0.000000 15.000000 85.513687 
88000.000000 3.000000 13.792857 9.599557 
88100.000000 13.000000 1.128464 1.872490 
88200.000000 13.000000 3.665198 0.941958 
88300.000000 3.000000 13.365286 10.343442 
88400.000000 1.000000 13.770435 101.514114 
88500.000000 23.000000 -4.740884 0.402123 
88600.000000 20.000000 -6.946269 441.591705 
88700.000000 23.000000 -10.315808 833.207031 
88800.000000 0.000000 15.000000 411.556427 
88900.000000 0.000000 15.000000 4.342508 
89000.000000 1.000000 15.000000 32.289547 
89100.000000 27.000000 -10.304790 38.480736 
89200.000000 10.000000 7.565608 491.238403 
89300.000000 7.000000 10.343906 35.776119 
89400.000000 19.000000 -3.595843 0.999517 
89500.000000 27.000000 15.000000 203.588882 
89600.000000 26.000000 15.000000 84.163605 
89700.000000 5.000000 10.711566 1.218685 
89800.000000 23.000000 -2.386724 111.874901 
89900.000000 0.000000 15.000000 59.647419 
90000.000000 10.000000 5.637872 54.304577 
90100.000000 8.000000 9.707233 82.726212 
90200.000000 27.000000 -7.636160 247.245407 
90300.000000 26.000000 -7.373128 746.312134 
90400.000000 12.000000 6.233267 156.282043 
90500.000000 12.000000 5.134658 23.620634 
90600.000000 13.000000 4.370485 0.644108 
90700.000000 2.000000 13.113335 21.914080 
90800.000000 22.000000 -4.918487 0.172309 
90900.000000 24.000000 -9.000506 504.770233 
91000.000000 9.000000 7.704097 144.914154 
91100.000000 0.000000 15.000000 0.468036 
91200.000000 21.000000 -3.904496 47.337097 
91300.000000 27.000000 -9.635844 77.280548 
91400.000000 0.000000 15.000000 69.524956 
91500.000000 4.000000 12.498402 93.126686 
91600.000000 0.000000 15.000000 1.097070 
91700.000000 4.000000 11.792031 41.463486 
91800.000000 0.000000 15.000000 3.667003 
91900.000000 26.000000 -10.304169 184.821899 
92000.000000 0.000000 13.829725 386.850372 
92100.000000 14.000000 3.815428 62.532135 
92200.000000 7.000000 9.669501 5.972771 
92300.000000 24.000000 -7.197893 159.650314 
92400.000000 27.000000 -9.767335 565.361328 
92500.000000 27.000000 -10.268678 688.515381 
92600.000000 25.000000 -10.254049 979.456543 
92700.000000 0.000000 13.830662 156.146286 
92800.000000 6.000000 8.004140 213.518890 
92900.000000 7.000000 7.692014 198.399719 
93000.000000 6.000000 12.717637 0.047059 
93100.000000 18.000000 -2.937960 398.996765 
93200.000000 20.000000 -2.638133 187.661301 
93300.000000 27.000000 -10.800501 297.116516 
93400.000000 4.000000 12.604053 502.500916 
93500.000000 12.000000 6.378975 2.790199 
93600.000000 27.000000 -9.927957 124.939400 
93700.000000 10.000000 9.602673 544.257385 
93800.000000 0.000000 15.000000 0.348720 
93900.000000 12.000000 5.831304 27.350441 
94000.000000 27.000000 -9.359962 142.692261 
94100.000000 10.000000 7.066919 362.458527 
94200.000000 23.000000 -6.163802 717.510193 
94300.000000 10.000000 7.475354 115.184303 
94400.000000 0.000000 15.000000 0.375683 
94500.000000 22.000000 -5.476531 1.619658 
94600.000000 9.000000 9.359269 11.976823 
94700.000000 26.000000 -10.370972 307.674927 
94800.000000 18.000000 4.067747 523.616760 
94900.000000 11.000000 5.063615 108.561340 
95000.000000 12.000000 4.770375 331.012054 
95100.000000 4.000000 14.228069 0.389694 
95200.000000 16.000000 1.546827 17.145384 
95300.000000 3.000000 13.791540 26.546883 
95400.000000 21.000000 -3.184133 74.205605 
95500.000000 14.000000 1.889446 108.123611 
95600.000000 25.000000 -9.051177 624.305847 
95700.000000 26.000000 -6.621855 298.323944 
95800.000000 27.000000 -9.835533 767.966248 
95900.000000 26.000000 -9.996490 1094.381958 
96000.000000 3.000000 15.000000 143.974442 
96100.000000 6.000000 10.777260 5.765666 
96200.000000 5.000000 15.000000 32.213432 
96300.000000 3.000000 15.000000 115.882812 
96400.000000 13.000000 15.000000 13.498504 
96500.000000 19.000000 -1.336663 33.952740 
96600.000000 27.000000 -6.712382 442.532379 
96700.000000 19.000000 -1.646451 507.399658 
96800.000000 25.000000 15.000000 260.637329 
96900.000000 27.000000 -9.801014 181.151627 
97000.000000 0.000000 15.000000 64.041298 
97100.000000 11.000000 8.454409 13.030088 
97200.000000 1.000000 9.826522 34.700760 
97300.000000 2.000000 14.929577 52.002350 
97400.000000 11.000000 8.132454 86.586578 
97500.000000 12.000000 5.825011 0.266325 
97600.000000 0.000000 15.000000 1.784096 
97700.000000 8.000000 10.405736 11.511589 
97800.000000 17.000000 3.691084 272.980194 
97900.000000 9.000000 8.930411 0.051662 
98000.000000 15.000000 14.899618 53.321209 
98100.000000 0.000000 15.000000 2.629366 
98200.000000 23.000000 -9.600764 9.576770 
98300.000000 18.000000 1.988224 281.598969 
98400.000000 15.000000 2.302093 554.991882 
98500.000000 1.000000 15.000000 15.957251 
98600.000000 9.000000 9.151953 4.033967 
98700.000000 14.000000 2.858398 203.455414 
98800.000000 26.000000 -6.575174 654.023193 
98900.000000 0.000000 15.000000 277.548462 
99000.000000 24.000000 -5.772528 174.357864 
99100.000000 3.000000 15.000000 11.532884 
99200.000000 19.000000 -1.378525 119.988014 
99300.000000 12.000000 6.367173 110.095184 
99400.000000 1.000000 15.000000 2.456025 
99500.000000 7.000000 10.948722 2.749297 
99600.000000 0.000000 15.000000 0.244078 
99700.000000 4.000000 14.211052 62.369701 
99800.000000 21.000000 -2.925725 13.045375 
99900.000000 0.000000 15.000000 12.396886 
100000.000000 23.000000 -4.371371 4.247444 
100100.000000 19.000000 -1.351878 314.408630 
100200.000000 26.000000 -9.262982 724.438232 
100300.000000 11.000000 9.746428 450.118805 
100400.000000 17.000000 9.353103 10.657159 
100500.000000 16.000000 2.095757 36.754658 
100600.000000 20.000000 9.755722 125.994530 
100700.000000 16.000000 2.041161 1.390805 
100800.000000 27.000000 -9.944808 337.484833 
100900.000000 19.000000 -0.851456 137.533340 
101000.000000 25.000000 -1.160892 400.008942 
101100.000000 22.000000 -2.507838 721.176941 
101200.000000 11.000000 8.139562 185.007797 
101300.000000 0.000000 15.000000 12.536876 
101400.000000 0.000000 15.000000 30.521711 
101500.000000 27.000000 -8.214294 8.817040 
101600.000000 0.000000 15.000000 22.143064 
101700.000000 7.000000 10.997612 45.551994 
101800.000000 2.000000 15.000000 7.339145 
101900.000000 7.000000 10.699514 3.632831 
102000.000000 27.000000 -8.038454 144.165115 
102100.000000 2.000000 15.000000 12.724298 
102200.000000 0.000000 15.000000 53.871849 
102300.000000 0.000000 15.000000 44.312382 
102400.000000 27.000000 -9.203933 11.765806 
102500.000000 0.000000 15.000000 4.281251 
102600.000000 27.000000 -8.867038 345.276276 
102700.000000 18.000000 -2.566603 668.220276 
102800.000000 0.000000 14.979884 43.471642 
102900.000000 27.000000 -8.858317 182.497070 
103000.000000 1.000000 15.000000 26.349979 
103100.000000 14.000000 3.262048 105.735405 
103200.000000 12.000000 3.642676 417.158783 
103300.000000 24.000000 -9.426883 448.831512 
103400.000000 0.000000 15.000000 278.763519 
103500.000000 26.000000 -8.208279 366.293213 
103600.000000 27.000000 -9.215966 744.841980 
103700.000000 24.000000 -3.677995 880.844788 
103800.000000 0.000000 15.000000 381.369659 
103900.000000 13.000000 1.593612 126.441231 
104000.000000 4.000000 15.000000 128.044113 
104100.000000 0.000000 15.000000 1.071192 
104200.000000 15.000000 -1.058772 47.900227 
104300.000000 19.000000 0.695416 363.673981 
104400.000000 27.000000 -8.735366 613.395813 
104500.000000 24.000000 -7.861455 826.299500 
104600.000000 16.000000 3.975204 755.446838 
104700.000000 7.000000 10.736708 145.888199 
104800.000000 4.000000 11.570970 17.655350 
104900.000000 6.000000 11.749147 58.784866 
105000.000000 19.000000 -2.108582 240.936462 
105100.000000 16.000000 0.721322 556.780579 
105200.000000 4.000000 12.717213 36.515160 
105300.000000 0.000000 15.000000 0.732192 
105400.000000 13.000000 6.247735 34.824615 
105500.000000 27.000000 -10.113454 13.395911 
105600.000000 21.000000 -2.860618 411.579102 
105700.000000 26.000000 -9.173907 590.888977 
105800.000000 26.000000 -9.347397 841.111816 
105900.000000 26.000000 -7.325606 916.689392 
106000.000000 15.000000 2.824864 705.031372 
106100.000000 12.000000 7.881861 231.841705 
106200.000000 0.000000 15.000000 0.196258 
106300.000000 7.000000 9.427305 63.330845 
106400.000000 17.000000 0.792537 16.327553 
106500.000000 19.000000 -0.304206 359.005951 
106600.000000 25.000000 -7.267985 798.510620 
106700.000000 21.000000 -2.107487 751.881165 
106800.000000 20.000000 -3.743984 381.177582 
106900.000000 22.000000 -5.350152 711.544922 
107000.000000 0.000000 14.530340 53.142960 
107100.000000 1.000000 15.000000 69.202721 
107200.000000 27.000000 -9.206019 463.642365 
107300.000000 24.000000 -9.449624 783.899292 
107400.000000 7.000000 11.050990 273.114624 
107500.000000 0.000000 15.000000 105.343079 
107600.000000 0.000000 15.000000 28.704060 
107700.000000 18.000000 -0.033214 69.670753 
107800.000000 27.000000 -8.191915 422.863800 
107900.000000 6.000000 8.132691 142.021301 
108000.000000 12.000000 2.218342 178.224594 
108100.000000 9.000000 7.754603 302.948059 
108200.000000 0.000000 15.000000 0.041144 
108300.000000 26.000000 -5.811835 88.759598 
108400.000000 0.000000 15.000000 47.149376 
108500.000000 24.000000 -6.595398 65.507927 
108600.000000 19.000000 -0.356616 568.468567 
108700.000000 2.000000 15.000000 74.587128 
108800.000000 2.000000 14.124459 0.309600 
108900.000000 4.000000 13.087519 34.387684 
109000.000000 16.000000 4.682368 49.434681 
109100.000000 19.000000 -3.819596 20.771614 
109200.000000 27.000000 -9.207788 455.310547 
109300.000000 12.000000 7.347396 282.160126 
109400.000000 0.000000 15.000000 3.272425 
109500.000000 18.000000 0.509629 89.459015 
109600.000000 27.000000 -8.766442 193.948334 
109700.000000 19.000000 -0.353905 630.321899 
109800.000000 27.000000 -9.256357 658.171997 
109900.000000 19.000000 -0.851602 538.694336 
110000.000000 27.000000 -8.559444 517.124573 
110100.000000 24.000000 -6.256333 562.181702 
110200.000000 9.000000 9.628378 198.150589 
110300.000000 0.000000 15.000000 3.666997 
110400.000000 2.000000 12.717319 62.418243 
110500.000000 26.000000 -8.881607 5.718412 
110600.000000 3.000000 15.000000 103.253059 
110700.000000 5.000000 10.739204 4.119031 
110800.000000 13.000000 5.233536 30.641834 
110900.000000 27.000000 -9.200668 36.237000 
111000.000000 12.000000 9.159044 17.021715 
111100.000000 0.000000 15.000000 35.975544 
111200.000000 22.000000 -5.548297 4.530824 
111300.000000 27.000000 -8.510952 395.503662 
111400.000000 10.000000 7.704474 66.076576 
111500.000000 5.000000 12.710984 21.549185 
111600.000000 8.000000 6.221434 19.225237 
111700.000000 18.000000 -4.213871 124.097420 
111800.000000 13.000000 1.258967 202.807144 
111900.000000 24.000000 -8.303606 326.076019 
112000.000000 16.000000 2.670989 734.891846 
112100.000000 26.000000 -6.474071 303.312347 
112200.000000 16.000000 2.715409 374.700562 
112300.000000 11.000000 2.210710 224.968643 
112400.000000 27.000000 -8.905155 689.168457 
112500.000000 13.000000 3.130929 561.281738 
112600.000000 2.000000 14.824591 1.773867 
112700.000000 27.000000 -9.485666 404.401459 
112800.000000 27.000000 -8.984312 616.733154 
112900.000000 27.000000 -9.746723 420.759491 
113000.000000 10.000000 10.677789 632.751892 
113100.000000 24.000000 -5.915242 71.078896 
113200.000000 0.000000 15.000000 1.663535 
113300.000000 9.000000 9.074563 2.055499 
113400.000000 12.000000 0.455522 21.310610 
113500.000000 11.000000 3.393543 69.427986 
113600.000000 11.000000 1.431939 366.022034 
113700.000000 27.000000 -8.773475 627.183899 
113800.000000 26.000000 -7.742092 972.168762 
113900.000000 21.000000 -3.219219 954.867004 
114000.000000 0.000000 15.000000 53.841469 
114100.000000 12.000000 10.961669 15.658781 
114200.000000 18.000000 -0.207096 49.151608 
114300.000000 16.000000 0.493478 100.731964 
114400.000000 14.000000 5.039184 287.345001 
114500.000000 16.000000 0.406777 8.170939 
114600.000000 0.000000 14.923653 212.519150 
114700.000000 13.000000 6.512270 1.269159 
114800.000000 17.000000 -5.195133 7.268185 
114900.000000 27.000000 -8.896786 312.169800 
115000.000000 12.000000 5.877456 544.243530 
115100.000000 18.000000 -3.589887 123.811104 
115200.000000 1.000000 15.000000 3.313818 
115300.000000 1.000000 15.000000 10.053871 
115400.000000 19.000000 -2.107581 2.454736 
115500.000000 6.000000 11.808704 9.982425 
115600.000000 12.000000 2.812881 0.038390 
115700.000000 25.000000 -8.716688 122.230576 
115800.000000 23.000000 -1.506989 578.144897 
115900.000000 3.000000 10.772347 6.183968 
116000.000000 26.000000 -6.276911 172.060333 
116100.000000 22.000000 -3.128421 617.736572 
116200.000000 16.000000 4.514130 720.770020 
116300.000000 0.000000 15.000000 9.417378 
116400.000000 19.000000 0.630817 46.866173 
116500.000000 0.000000 15.000000 4.019513 
116600.000000 0.000000 15.000000 61.634693 
116700.000000 27.000000 -9.855417 148.216507 
116800.000000 26.000000 -10.271531 662.135742 
116900.000000 27.000000 -10.212418 759.476746 
117000.000000 17.000000 0.465549 392.275513 
117100.000000 0.000000 13.420143 156.460236 
117200.000000 20.000000 -2.106117 516.256958 
117300.000000 9.000000 9.532187 728.223816 
117400.000000 26.000000 -5.829831 329.542145 
117500.000000 14.000000 3.030715 540.710266 
117600.000000 5.000000 15.000000 48.320965 
117700.000000 1.000000 15.000000 0.150208 
117800.000000 7.000000 0.235960 52.459259 
117900.000000 24.000000 -10.428101 342.560577 
118000.000000 19.000000 -5.816734 612.030762 
118100.000000 4.000000 15.000000 226.185730 
118200.000000 2.000000 10.677516 6.706639 
118300.000000 27.000000 -9.865739 117.839378 
118400.000000 10.000000 4.802240 491.805542 
118500.000000 5.000000 11.121877 273.591583 
118600.000000 6.000000 12.745979 0.306041 
118700.000000 27.000000 -10.123908 304.066193 
118800.000000 27.000000 -8.704093 699.489136 
118900.000000 11.000000 6.178356 30.557755 
119000.000000 14.000000 -1.825357 8.049468 
119100.000000 21.000000 -4.102507 330.807648 
119200.000000 4.000000 15.000000 360.211853 
119300.000000 27.000000 -9.746457 233.633316 
119400.000000 27.000000 -10.328418 707.632385 
119500.000000 16.000000 0.902758 430.922089 
119600.000000 23.000000 -8.754627 435.928558 
119700.000000 24.000000 -9.867865 784.671021 
119800.000000 16.000000 -1.683599 863.357422 
119900.000000 17.000000 -2.449811 574.975159 
120000.000000 4.000000 10.958756 50.880116 
120100.000000 13.000000 -3.845516 155.770905 
120200.000000 8.000000 9.419389 330.752960 
120300.000000 3.000000 14.398505 10.468029 
120400.000000 6.000000 11.260792 0.368239 
120500.000000 8.000000 9.231249 30.968784 
120600.000000 5.000000 11.149209 69.499191 
120700.000000 19.000000 -0.805642 96.019913 
120800.000000 26.000000 -9.072787 512.398315 
120900.000000 0.000000 15.000000 272.640503 
121000.000000 7.000000 10.674217 33.932144 
121100.000000 27.000000 -9.843035 21.017088 
121200.000000 4.000000 13.880177 20.450716 
121300.000000 7.000000 7.223114 32.478691 
121400.000000 26.000000 -9.065072 523.887085 
121500.000000 22.000000 -9.630635 512.218933 
121600.000000 10.000000 -0.382785 723.828247 
121700.000000 10.000000 8.328166 751.055298 
121800.000000 10.000000 13.619881 54.662739 
121900.000000 21.000000 -10.122926 171.456100 
122000.000000 19.000000 -4.185777 409.570648 
122100.000000 0.000000 15.000000 256.197968 
122200.000000 6.000000 12.606430 43.211658 
122300.000000 23.000000 -5.451428 19.770348 
122400.000000 0.000000 15.000000 5.944718 
122500.000000 22.000000 -7.744515 0.654586 
122600.000000 13.000000 5.005814 49.625797 
122700.000000 17.000000 -5.245273 0.561508 
122800.000000 19.000000 2.118245 440.630463 
122900.000000 0.000000 15.000000 142.694458 
123000.000000 25.000000 -8.190406 201.237534 
123100.000000 0.000000 13.482339 35.984379 
123200.000000 7.000000 8.090511 6.639937 
123300.000000 0.000000 15.000000 55.577572 
123400.000000 15.000000 2.143677 16.587111 
123500.000000 1.000000 11.488138 24.779892 
123600.000000 0.000000 15.000000 21.031828 
123700.000000 10.000000 4.171115 12.323198 
123800.000000 15.000000 3.422196 123.884605 
123900.000000 16.000000 0.690088 74.620651 
124000.000000 7.000000 9.866214 76.894028 
124100.000000 24.000000 -6.009129 80.496635 
124200.000000 10.000000 6.109261 32.528973 
124300.000000 13.000000 3.709561 342.942230 
124400.000000 9.000000 8.741927 64.740349 
124500.000000 0.000000 15.000000 30.009018 
124600.000000 20.000000 -0.366328 212.169739 
124700.000000 27.000000 -9.903946 543.514099 
124800.000000 14.000000 0.538521 463.813812 
124900.000000 18.000000 -4.406405 255.060440 
125000.000000 27.000000 -9.638058 491.473969 
125100.000000 27.000000 -8.551320 959.018799 
125200.000000 27.000000 -9.960255 347.876282 
125300.000000 15.000000 0.081646 441.782288 
125400.000000 18.000000 1.692887 713.635925 
125500.000000 3.000000 15.000000 29.427776 
125600.000000 0.000000 15.000000 38.004639 
125700.000000 15.000000 -5.736907 31.688601 
125800.000000 17.000000 0.260317 108.856537 
125900.000000 27.000000 -10.207610 562.835632 
126000.000000 22.000000 -5.299178 683.659119 
126100.000000 25.000000 -7.597130 828.804199 
126200.000000 25.000000 -7.830202 1053.671387 
126300.000000 6.000000 13.844926 371.776459 
126400.000000 27.000000 -9.470688 189.020538 
126500.000000 9.000000 -1.210945 85.756767 
126600.000000 20.000000 1.219895 550.415833 
126700.000000 11.000000 6.034915 51.326469 
126800.000000 0.000000 15.000000 27.092789 
126900.000000 16.000000 0.166085 1.401204 
127000.000000 22.000000 -5.456351 303.208984 
127100.000000 1.000000 15.000000 100.126938 
127200.000000 7.000000 1.253042 6.204061 
127300.000000 21.000000 -5.865595 271.172241 
127400.000000 25.000000 -7.031521 761.709290 
127500.000000 19.000000 -2.207008 308.792511 
127600.000000 10.000000 4.028708 58.866817 
127700.000000 21.000000 -3.933494 88.812492 
127800.000000 20.000000 -6.991317 161.302307 
127900.000000 14.000000 4.133507 319.364746 
128000.000000 16.000000 0.393277 385.998596 
128100.000000 10.000000 10.614854 468.657410 
128200.000000 19.000000 -2.144552 56.973618 
128300.000000 26.000000 -7.689032 192.758957 
128400.000000 27.000000 -8.714654 629.947144 
128500.000000 20.000000 -6.074461 259.512207 
128600.000000 27.000000 -6.219662 814.680603 
128700.000000 0.000000 12.717637 21.311014 
128800.000000 23.000000 -3.979146 250.230026 
128900.000000 1.000000 15.000000 32.874050 
129000.000000 16.000000 -0.235084 3.299288 
129100.000000 17.000000 0.132073 372.603943 
129200.000000 12.000000 -4.235986 309.256683 
129300.000000 0.000000 15.000000 24.381445 
129400.000000 27.000000 -10.033198 14.016970 
129500.000000 0.000000 6.303260 1.858063 
129600.000000 22.000000 -6.201395 36.899086 
129700.000000 27.000000 -8.365308 492.292084 
129800.000000 27.000000 -9.899676 852.043518 
129900.000000 18.000000 -1.749638 929.907715 
130000.000000 3.000000 15.000000 128.828857 
130100.000000 2.000000 14.108974 15.509714 
130200.000000 20.000000 -8.734147 0.229374 
130300.000000 22.000000 -5.475668 353.387909 
130400.000000 6.000000 10.969914 315.815002 
130500.000000 7.000000 8.514544 13.857331 
130600.000000 0.000000 15.000000 39.669884 
130700.000000 0.000000 15.000000 112.732666 
130800.000000 27.000000 -10.244122 80.270592 
130900.000000 23.000000 -6.600223 553.900513 
131000.000000 14.000000 3.919050 672.936340 
131100.000000 19.000000 -6.054286 552.693726 
131200.000000 17.000000 -5.900518 673.067322 
131300.000000 25.000000 -7.708396 949.324463 
131400.000000 14.000000 1.071753 939.302307 
131500.000000 0.000000 15.000000 139.789276 
131600.000000 27.000000 -10.228322 251.494064 
131700.000000 16.000000 -3.584805 33.198772 
131800.000000 24.000000 -9.806858 448.217773 
131900.000000 13.000000 4.939930 454.259827 
132000.000000 0.000000 15.000000 106.023651 
132100.000000 27.000000 -10.267350 191.126984 
132200.000000 0.000000 15.000000 2.493393 
132300.000000 11.000000 3.526086 44.199593 
132400.000000 27.000000 -8.977627 233.937286 
132500.000000 16.000000 0.526206 81.145088 
132600.000000 9.000000 7.048097 141.127090 
132700.000000 2.000000 15.000000 2.675094 
132800.000000 20.000000 -3.048878 36.034889 
132900.000000 24.000000 -9.491082 496.035828 
133000.000000 27.000000 -10.161108 975.896973 
133100.000000 12.000000 5.772640 257.313934 
133200.000000 12.000000 3.481562 97.490334 
133300.000000 20.000000 -4.722927 183.183746 
133400.000000 22.000000 -1.452536 58.541210 
133500.000000 4.000000 12.909841 7.499652 
133600.000000 6.000000 11.309405 26.095993 
133700.000000 24.000000 -6.817938 44.062599 
133800.000000 17.000000 -1.758152 0.226526 
133900.000000 7.000000 12.078906 2.013615 
134000.000000 10.000000 6.895779 0.283230 
134100.000000 27.000000 -8.672803 199.766251 
134200.000000 6.000000 10.659273 214.584686 
134300.000000 27.000000 -10.856771 45.342251 
134400.000000 15.000000 3.643354 355.037323 
134500.000000 14.000000 -1.750111 76.908493 
134600.000000 21.000000 -7.775857 244.433258 
134700.000000 18.000000 -5.763660 256.790894 
134800.000000 22.000000 -9.863662 791.140625 
134900.000000 27.000000 -9.766135 563.101318 
135000.000000 20.000000 -3.776068 635.058105 
135100.000000 4.000000 12.799298 94.911873 
135200.000000 15.000000 2.546935 0.365064 
135300.000000 1.000000 14.643795 4.672226 
135400.000000 27.000000 -10.251144 222.427582 
135500.000000 19.000000 -1.175325 28.718924 
135600.000000 3.000000 13.134693 1.733366 
135700.000000 11.000000 6.001290 0.055471 
135800.000000 0.000000 14.120004 20.788120 
135900.000000 11.000000 5.530591 49.339359 
136000.000000 2.000000 13.086155 23.238995 
136100.000000 5.000000 10.167562 7.503901 
136200.000000 0.000000 15.000000 38.889866 
136300.000000 2.000000 13.095127 4.899451 
136400.000000 6.000000 15.000000 45.343662 
136500.000000 11.000000 7.643349 12.619724 
136600.000000 27.000000 -8.939851 298.723938 
136700.000000 11.000000 8.408079 348.621124 
136800.000000 14.000000 0.755521 6.735155 
136900.000000 0.000000 15.000000 9.850018 
137000.000000 16.000000 -1.152078 32.995495 
137100.000000 11.000000 6.793146 61.082188 
137200.000000 0.000000 15.000000 15.379790 
137300.000000 0.000000 15.000000 26.968739 
137400.000000 27.000000 15.000000 15.525622 
137500.000000 5.000000 15.000000 24.380756 
137600.000000 22.000000 15.000000 61.157497 
137700.000000 13.000000 15.000000 58.481121 
137800.000000 4.000000 12.073633 31.219368 
137900.000000 27.000000 15.000000 1.671230 
138000.000000 27.000000 15.000000 47.386314 
138100.000000 22.000000 15.000000 45.898418 
138200.000000 14.000000 7.785684 28.616301 
138300.000000 27.000000 15.000000 45.789551 
138400.000000 0.000000 15.000000 11.299106 
138500.000000 0.000000 14.824591 53.222069 
138600.000000 27.000000 15.000000 1.162213 
138700.000000 9.000000 15.000000 3.736842 
138800.000000 1.000000 14.823573 0.590470 
138900.000000 27.000000 -10.602597 89.772888 
139000.000000 12.000000 2.643784 252.272461 
139100.000000 27.000000 -10.870947 502.880768 
139200.000000 27.000000 -11.360244 899.625122 
139300.000000 23.000000 -6.247729 1086.532349 
139400.000000 27.000000 15.000000 605.886292 
139500.000000 27.000000 15.000000 184.075821 
139600.000000 7.000000 9.911558 21.511265 
139700.000000 15.000000 15.000000 2.732650 
139800.000000 12.000000 4.537522 31.527098 
139900.000000 16.000000 2.034325 105.637749 
140000.000000 0.000000 15.000000 0.631328 
140100.000000 4.000000 12.435454 0.477251 
140200.000000 14.000000 15.000000 3.305026 
140300.000000 20.000000 15.000000 27.970213 
140400.000000 0.000000 15.000000 37.109470 
140500.000000 22.000000 15.000000 55.771400 
140600.000000 22.000000 9.802356 0.017241 
140700.000000 22.000000 15.000000 52.112911 
140800.000000 4.000000 14.287419 1.835843 
140900.000000 27.000000 15.000000 0.069201 
141000.000000 8.000000 15.000000 3.703134 
141100.000000 7.000000 8.743854 31.631067 
141200.000000 24.000000 -2.591360 46.872734 
141300.000000 8.000000 14.327833 54.734161 
141400.000000 17.000000 15.000000 46.658558 
141500.000000 25.000000 15.000000 87.972740 
141600.000000 27.000000 15.000000 58.001919 
141700.000000 0.000000 15.000000 32.482552 
141800.000000 15.000000 8.439212 2.281986 
141900.000000 6.000000 7.772526 61.274025 
142000.000000 23.000000 -8.717743 189.492249 
142100.000000 23.000000 -5.889340 713.139282 
142200.000000 7.000000 10.092091 262.195740 
142300.000000 1.000000 15.000000 0.067758 
142400.000000 4.000000 13.083584 11.189691 
142500.000000 27.000000 -9.918246 253.686157 
142600.000000 27.000000 -9.977484 776.256165 
142700.000000 1.000000 15.000000 25.978968 
142800.000000 3.000000 14.978005 74.575943 
142900.000000 0.000000 15.000000 33.544468 
143000.000000 27.000000 15.000000 62.312737 
143100.000000 16.000000 15.000000 88.622002 
143200.000000 27.000000 -9.985292 140.832870 
143300.000000 8.000000 10.343413 107.721718 
143400.000000 7.000000 8.261935 13.515671 
143500.000000 15.000000 15.000000 1.502189 
143600.000000 0.000000 15.000000 70.699547 
143700.000000 0.000000 15.000000 89.754578 
143800.000000 6.000000 14.860560 40.434666 
143900.000000 24.000000 9.641452 22.475609 
144000.000000 26.000000 15.000000 0.002537 
144100.000000 10.000000 6.142724 5.812030 
144200.000000 27.000000 -8.811340 157.198380 
144300.000000 24.000000 -5.182820 629.090088 
144400.000000 25.000000 -7.225970 866.543518 
144500.000000 20.000000 0.224838 617.682373 
144600.000000 10.000000 3.451144 412.959198 
144700.000000 9.000000 8.155541 188.104233 
144800.000000 0.000000 15.000000 10.954474 
144900.000000 6.000000 10.787044 15.900743 
145000.000000 7.000000 15.000000 50.420109 
145100.000000 27.000000 -5.852433 29.070236 
145200.000000 0.000000 15.000000 6.838700 
145300.000000 0.000000 15.000000 9.268628 
145400.000000 0.000000 15.000000 40.603409 
145500.000000 14.000000 10.615496 26.668985 
145600.000000 1.000000 15.000000 9.559032 
145700.000000 11.000000 7.232884 52.186127 
145800.000000 27.000000 15.000000 4.624327 
145900.000000 14.000000 4.075233 0.018257 
146000.000000 15.000000 4.903505 18.363386 
146100.000000 15.000000 12.706755 87.749451 
146200.000000 25.000000 15.000000 76.012375 
146300.000000 23.000000 13.782200 122.529945 
146400.000000 6.000000 11.162888 3.325530 
146500.000000 0.000000 15.000000 35.080528 
146600.000000 27.000000 -8.779000 113.319405 
146700.000000 10.000000 9.784023 420.002930 
146800.000000 6.000000 12.130878 1.886310 
146900.000000 27.000000 -8.865136 442.306488 
147000.000000 0.000000 15.000000 69.892273 
147100.000000 24.000000 15.000000 15.225399 
147200.000000 18.000000 15.000000 20.181976 
147300.000000 16.000000 15.000000 20.578522 
147400.000000 10.000000 7.638050 36.852028 
147500.000000 27.000000 -9.411198 340.203796 
147600.000000 27.000000 -8.988786 870.383484 
147700.000000 26.000000 -9.363858 699.000427 
147800.000000 25.000000 1.127400 753.058594 
147900.000000 0.000000 15.000000 91.329712 
148000.000000 16.000000 15.000000 59.402313 
148100.000000 17.000000 1.920782 12.347030 
148200.000000 7.000000 15.000000 0.757444 
148300.000000 6.000000 12.820098 21.309853 
148400.000000 27.000000 -8.576762 69.204178 
148500.000000 5.000000 10.588466 0.002156 
148600.000000 14.000000 3.193132 9.301765 
148700.000000 20.000000 -0.549829 106.559364 
148800.000000 6.000000 15.000000 2.842236 
148900.000000 27.000000 -9.297733 38.721748 
149000.000000 16.000000 0.387638 86.503113 
149100.000000 27.000000 -9.354433 439.725342 
149200.000000 27.000000 -6.225607 912.653259 
149300.000000 23.000000 15.000000 385.273071 
149400.000000 6.000000 6.533345 0.548084 
149500.000000 10.000000 5.330372 114.806465 
149600.000000 27.000000 -8.929099 268.792786 
149700.000000 22.000000 -2.438327 600.864014 
149800.000000 26.000000 1.408475 691.032349 
149900.000000 0.000000 15.000000 36.395023 
150000.000000 7.000000 11.371976 96.007706 
150100.000000 20.000000 -1.594937 146.049316 
150200.000000 11.000000 9.114459 1.743351 
150300.000000 0.000000 15.000000 8.829871 
150400.000000 2.000000 15.000000 54.099758 
150500.000000 27.000000 -9.938189 8.884748 
150600.000000 1.000000 15.000000 29.508154 
150700.000000 0.000000 14.146199 39.891758 
150800.000000 17.000000 1.852835 17.967083 
150900.000000 25.000000 15.000000 13.574867 
151000.000000 27.000000 -8.057249 354.884460 
151100.000000 9.000000 15.000000 152.294861 
151200.000000 19.000000 -2.529981 5.754804 
151300.000000 27.000000 10.997642 68.050209 
151400.000000 24.000000 -1.505915 564.875183 
151500.000000 27.000000 15.000000 193.601379 
151600.000000 13.000000 2.405883 283.070648 
151700.000000 14.000000 6.689145 316.064392 
151800.000000 1.000000 15.000000 1.200508 
151900.000000 17.000000 -5.907209 0.495595 
152000.000000 27.000000 -5.452277 458.319977 
152100.000000 25.000000 -4.905281 719.114136 
152200.000000 7.000000 11.716931 362.979950 
152300.000000 25.000000 -8.504471 172.764191 
152400.000000 25.000000 -4.379074 627.534485 
152500.000000 19.000000 -0.187199 569.282898 
152600.000000 14.000000 5.784476 440.789093 
152700.000000 0.000000 15.000000 1.099668 
152800.000000 0.000000 15.000000 72.068726 
152900.000000 3.000000 15.000000 70.443245 
153000.000000 5.000000 15.000000 2.152967 
153100.000000 0.000000 15.000000 78.216179 
153200.000000 5.000000 14.072772 0.050314 
153300.000000 27.000000 -6.891227 168.969086 
153400.000000 10.000000 15.000000 95.867371 
153500.000000 7.000000 10.728768 19.624163 
153600.000000 20.000000 -3.248997 0.353636 
153700.000000 12.000000 11.239024 233.260590 
153800.000000 0.000000 13.482339 3.195849 
153900.000000 10.000000 9.418091 0.129385 
154000.000000 16.000000 0.775300 40.882622 
154100.000000 12.000000 6.223058 139.838333 
154200.000000 8.000000 4.926252 330.709808 
154300.000000 25.000000 14.102448 149.913467 
154400.000000 20.000000 0.823741 249.038498 
154500.000000 9.000000 9.977575 21.319117 
154600.000000 17.000000 7.611189 412.648010 
154700.000000 11.000000 10.510014 179.787094 
154800.000000 27.000000 -7.375068 417.964386 
154900.000000 6.000000 7.179034 28.727736 
155000.000000 16.000000 0.418944 83.681992 
155100.000000 0.000000 9.192447 204.187607 
155200.000000 20.000000 -1.925728 294.643555 
155300.000000 0.000000 15.000000 1.090953 
155400.000000 27.000000 -1.736086 20.320240 
155500.000000 11.000000 2.170030 66.676987 
155600.000000 24.000000 -5.135013 137.713867 
155700.000000 27.000000 -1.127865 257.524780 
155800.000000 24.000000 6.961044 103.410339 
155900.000000 18.000000 -0.251803 179.112564 
156000.000000 26.000000 -6.136296 642.567871 
156100.000000 0.000000 11.720531 26.044222 
156200.000000 18.000000 -0.491063 0.321981 
156300.000000 0.000000 15.000000 25.025440 
156400.000000 24.000000 -9.833492 67.754066 
156500.000000 0.000000 15.000000 21.829514 
156600.000000 13.000000 3.579748 2.076268 
156700.000000 27.000000 -8.563421 277.948608 
156800.000000 6.000000 12.238986 161.634781 
156900.000000 6.000000 7.033418 0.021670 
157000.000000 15.000000 0.163204 5.036190 
157100.000000 0.000000 11.857422 52.031212 
157200.000000 4.000000 14.824505 28.188889 
157300.000000 3.000000 12.346300 83.035904 
157400.000000 21.000000 -1.044608 22.640537 
157500.000000 2.000000 15.000000 35.363815 
157600.000000 12.000000 8.833450 86.345177 
157700.000000 0.000000 15.000000 16.552149 
157800.000000 2.000000 14.885156 58.454010 
157900.000000 1.000000 15.000000 2.083072 
158000.000000 4.000000 9.985857 7.568293 
158100.000000 24.000000 -7.623590 83.388428 
158200.000000 27.000000 -8.484831 224.672363 
158300.000000 27.000000 -9.268418 240.470657 
158400.000000 18.000000 -0.670263 674.768250 
158500.000000 26.000000 -9.279830 264.325714 
158600.000000 24.000000 -6.220824 474.566864 
158700.000000 17.000000 3.135999 411.082642 
158800.000000 23.000000 -2.863150 95.816391 
158900.000000 0.000000 14.979511 6.870595 
159000.000000 23.000000 -5.836208 47.558598 
159100.000000 7.000000 7.321139 2.594008 
159200.000000 4.000000 13.429656 9.020618 
159300.000000 1.000000 15.000000 20.745491 
159400.000000 4.000000 11.009923 4.470653 
159500.000000 27.000000 1.594327 0.218878 
159600.000000 27.000000 -8.858630 410.325256 
159700.000000 19.000000 -0.865546 603.024963 
159800.000000 3.000000 15.000000 13.307121 
159900.000000 4.000000 15.000000 44.652687 
160000.000000 27.000000 -8.477468 16.139111 
160100.000000 19.000000 -3.700463 136.797897 
160200.000000 13.000000 -1.035691 161.182999 
160300.000000 27.000000 -8.937155 461.577545 
160400.000000 24.000000 -7.589743 299.957275 
160500.000000 27.000000 -9.030672 831.856628 
160600.000000 10.000000 15.000000 426.070038 
160700.000000 27.000000 -1.057004 47.807438 
160800.000000 13.000000 11.056978 27.317060 
160900.000000 23.000000 -4.464162 217.765366 
161000.000000 25.000000 -9.006151 369.842194 
161100.000000 20.000000 12.120151 381.081055 
161200.000000 11.000000 6.116657 118.253242 
161300.000000 1.000000 15.000000 12.944218 
161400.000000 9.000000 8.618193 33.733170 
161500.000000 0.000000 15.000000 38.762547 
161600.000000 27.000000 -9.283090 39.735352 
161700.000000 7.000000 7.681458 211.731064 
161800.000000 0.000000 15.000000 0.902407 
161900.000000 3.000000 15.000000 33.616776 
162000.000000 27.000000 -9.894176 122.019417 
162100.000000 16.000000 1.358717 106.685867 
162200.000000 27.000000 -9.245193 518.195618 
162300.000000 10.000000 6.229776 487.576935 
162400.000000 23.000000 -5.308084 622.781616 
162500.000000 9.000000 8.030218 315.747894 
162600.000000 27.000000 -3.070574 206.364594 
162700.000000 27.000000 -8.865848 748.484802 
162800.000000 9.000000 5.231460 174.431641 
162900.000000 27.000000 5.119196 130.157440 
163000.000000 26.000000 -2.569865 519.987427 
163100.000000 10.000000 11.149283 94.523354 
163200.000000 13.000000 -4.271952 413.121460 
163300.000000 19.000000 -5.385360 652.720093 
163400.000000 11.000000 9.339496 314.132965 
163500.000000 0.000000 15.000000 20.560537 
163600.000000 13.000000 -0.089711 150.567444 
163700.000000 21.000000 -5.595414 465.679352 
163800.000000 0.000000 15.000000 160.013229 
163900.000000 0.000000 15.000000 13.603484 
164000.000000 25.000000 -7.286201 227.282684 
164100.000000 15.000000 -4.973640 642.506104 
164200.000000 27.000000 -9.287786 978.560852 
164300.000000 0.000000 15.000000 232.869034 
164400.000000 8.000000 7.610295 53.864681 
164500.000000 14.000000 3.369647 0.499511 
164600.000000 0.000000 15.000000 4.151463 
164700.000000 27.000000 -8.860278 62.600410 
164800.000000 27.000000 -9.020137 581.066650 
164900.000000 12.000000 15.000000 71.436134 
165000.000000 12.000000 3.865217 14.314467 
165100.000000 8.000000 11.153855 52.963696 
165200.000000 18.000000 0.840697 22.156269 
165300.000000 27.000000 -8.502337 280.694519 
165400.000000 27.000000 -9.397146 528.114929 
165500.000000 16.000000 2.141312 453.975616 
165600.000000 16.000000 0.523167 506.630890 
165700.000000 0.000000 9.885555 21.729271 
165800.000000 26.000000 -6.880596 237.138519 
165900.000000 6.000000 10.337434 372.527740 
166000.000000 2.000000 15.000000 0.362396 
166100.000000 14.000000 15.000000 15.621556 
166200.000000 6.000000 10.029770 9.295123 
166300.000000 2.000000 15.000000 4.965573 
166400.000000 12.000000 6.999272 171.146851 
166500.000000 27.000000 -9.814555 147.598785 
166600.000000 16.000000 2.926497 138.220551 
166700.000000 19.000000 8.993783 400.959351 
166800.000000 10.000000 6.305757 206.862106 
166900.000000 27.000000 -9.453401 505.790314 
167000.000000 9.000000 7.989131 400.505920 
167100.000000 10.000000 5.616126 37.822342 
167200.000000 9.000000 6.937501 0.314479 
167300.000000 20.000000 -5.694248 314.457184 
167400.000000 17.000000 0.355740 489.629395 
167500.000000 14.000000 6.998363 11.201530 
167600.000000 11.000000 4.857802 29.477297 
167700.000000 7.000000 11.001397 7.286353 
167800.000000 14.000000 3.168399 52.179604 
167900.000000 27.000000 -9.175636 156.139709 
168000.000000 0.000000 15.000000 45.415005 
168100.000000 0.000000 15.000000 30.426243 
168200.000000 15.000000 2.323635 9.854319 
168300.000000 6.000000 12.110966 24.124846 
168400.000000 17.000000 -0.397330 4.794482 
168500.000000 11.000000 1.693620 158.283386 
168600.000000 0.000000 15.000000 7.590505 
168700.000000 4.000000 6.999100 49.629169 
168800.000000 6.000000 10.345740 2.064713 
168900.000000 16.000000 14.889609 0.966654 
169000.000000 27.000000 -8.829762 25.685406 
169100.000000 26.000000 -8.801188 265.915863 
169200.000000 23.000000 -5.131301 684.136658 
169300.000000 12.000000 -1.686808 479.952301 
169400.000000 15.000000 -0.374358 600.831299 
169500.000000 0.000000 15.000000 109.371880 
169600.000000 1.000000 15.000000 11.074445 
169700.000000 27.000000 -9.214218 0.612651 
169800.000000 20.000000 -2.163077 245.780136 
169900.000000 24.000000 2.909327 24.816189 
170000.000000 27.000000 -9.217778 357.259796 
170100.000000 16.000000 1.929001 657.871216 
170200.000000 27.000000 13.472191 392.773499 
170300.000000 11.000000 6.967916 261.645111 
170400.000000 7.000000 6.136071 1.543826 
170500.000000 1.000000 12.638440 1.206052 
170600.000000 8.000000 14.910066 29.210382 
170700.000000 8.000000 10.749252 27.253973 
170800.000000 4.000000 11.976621 13.657412 
170900.000000 3.000000 14.858246 84.759064 
171000.000000 0.000000 15.000000 112.557701 
171100.000000 6.000000 11.890301 87.339104 
171200.000000 15.000000 13.838765 32.750381 
171300.000000 20.000000 -5.305318 33.367268 
171400.000000 16.000000 2.262555 186.845169 
171500.000000 22.000000 -2.224838 178.238144 
171600.000000 27.000000 -8.946231 448.955658 
171700.000000 26.000000 3.222405 237.449814 
171800.000000 22.000000 -3.301885 689.146118 
171900.000000 2.000000 8.872327 70.175247 
172000.000000 5.000000 14.286909 9.884474 
172100.000000 6.000000 15.000000 31.142534 
172200.000000 8.000000 2.056532 28.673548 
172300.000000 0.000000 15.000000 0.102500 
172400.000000 27.000000 1.880360 0.132523 
172500.000000 24.000000 -8.520350 434.604980 
172600.000000 1.000000 15.000000 170.136978 
172700.000000 8.000000 10.335959 32.003242 
172800.000000 6.000000 13.295741 0.156502 
172900.000000 19.000000 -6.552203 142.351624 
173000.000000 3.000000 14.824989 38.604507 
173100.000000 12.000000 11.598927 0.812354 
173200.000000 13.000000 1.759914 2.967834 
173300.000000 27.000000 -9.278268 280.037720 
173400.000000 11.000000 5.981180 640.587769 
173500.000000 2.000000 15.000000 21.416428 
173600.000000 7.000000 12.761879 1.716724 
173700.000000 21.000000 -2.842854 1.602739 
173800.000000 1.000000 15.000000 0.013798 
173900.000000 27.000000 -8.863503 177.839905 
174000.000000 1.000000 15.000000 220.485016 
174100.000000 27.000000 -4.970388 120.817429 
174200.000000 26.000000 -8.259193 662.704712 
174300.000000 20.000000 -0.511068 787.544495 
174400.000000 27.000000 -9.221744 899.972168 
174500.000000 27.000000 -9.220740 826.663391 
174600.000000 18.000000 -5.975931 736.609680 
174700.000000 7.000000 11.140078 649.738647 
174800.000000 8.000000 9.120989 20.792130 
174900.000000 3.000000 15.000000 45.830925 
175000.000000 26.000000 -9.037968 16.488710 
175100.000000 0.000000 15.000000 1.466454 
175200.000000 27.000000 -9.270253 244.015717 
175300.000000 26.000000 11.725271 319.302643 
175400.000000 8.000000 4.948968 9.504115 
175500.000000 17.000000 -0.365046 300.951691 
175600.000000 13.000000 8.531400 227.280411 
175700.000000 12.000000 3.151223 288.495941 
175800.000000 8.000000 9.429598 166.322632 
175900.000000 3.000000 14.246307 6.172288 
176000.000000 20.000000 -3.050736 35.591114 
176100.000000 18.000000 0.760180 408.126251 
176200.000000 4.000000 12.246112 481.497864 
176300.000000 21.000000 15.000000 13.530553 
176400.000000 27.000000 -9.187348 367.317352 
176500.000000 18.000000 -5.916758 488.310120 
176600.000000 27.000000 -9.411354 762.523926 
176700.000000 24.000000 -7.124118 644.993896 
176800.000000 26.000000 -6.283935 960.368530 
176900.000000 0.000000 15.000000 333.330505 
177000.000000 24.000000 -6.478543 310.833496 
177100.000000 1.000000 15.000000 27.484165 
177200.000000 27.000000 -9.065022 11.228435 
177300.000000 5.000000 8.223839 13.106108 
177400.000000 25.000000 -6.811091 400.639221 
177500.000000 14.000000 5.342999 605.526062 
177600.000000 25.000000 11.498964 110.613113 
177700.000000 12.000000 0.256029 197.802536 
177800.000000 26.000000 -8.862075 599.492004 
177900.000000 0.000000 15.000000 128.801849 
178000.000000 17.000000 0.460917 87.336823 
178100.000000 27.000000 -9.279119 158.294678 
178200.000000 17.000000 1.094951 327.954163 
178300.000000 27.000000 -0.191521 168.222488 
178400.000000 21.000000 -7.503325 538.354980 
178500.000000 21.000000 -6.979517 754.177979 
178600.000000 0.000000 15.000000 301.328308 
178700.000000 2.000000 15.000000 2.364490 
178800.000000 22.000000 -2.755118 11.451740 
178900.000000 15.000000 -4.776695 99.338997 
179000.000000 20.000000 -2.160646 223.916901 
179100.000000 0.000000 15.000000 204.508194 
179200.000000 27.000000 -4.960014 127.158371 
179300.000000 25.000000 -5.410275 542.574829 
179400.000000 20.000000 -4.397843 123.735519 
179500.000000 8.000000 12.247025 0.000769 
179600.000000 13.000000 4.383349 6.160357 
179700.000000 26.000000 -10.325890 7.788633 
179800.000000 10.000000 7.736862 175.296326 
179900.000000 0.000000 15.000000 28.591742 
180000.000000 27.000000 7.429355 2.879664 
180100.000000 0.000000 15.000000 54.671989 
180200.000000 8.000000 9.037054 109.879929 
180300.000000 20.000000 -0.622045 193.244461 
180400.000000 5.000000 12.897054 1.629789 
180500.000000 2.000000 15.000000 35.180134 
180600.000000 9.000000 8.480859 17.560125 
180700.000000 27.000000 -7.654425 310.612732 
180800.000000 27.000000 -9.265762 424.412598 
180900.000000 23.000000 -5.287259 475.872864 
181000.000000 13.000000 1.123980 528.257202 
181100.000000 0.000000 15.000000 17.114134 
181200.000000 1.000000 15.000000 49.548145 
181300.000000 0.000000 14.241143 32.680405 
181400.000000 27.000000 -9.108247 146.411942 
181500.000000 25.000000 -6.713205 554.920532 
181600.000000 5.000000 15.000000 399.605804 
181700.000000 20.000000 -3.294406 99.867653 
181800.000000 15.000000 7.556153 134.485519 
181900.000000 19.000000 15.000000 30.774736 
182000.000000 22.000000 3.063158 67.985794 
182100.000000 23.000000 -0.372336 113.994118 
182200.000000 12.000000 5.938119 256.936584 
182300.000000 13.000000 0.483738 170.473801 
182400.000000 0.000000 15.000000 0.020255 
182500.000000 21.000000 15.000000 16.168344 
182600.000000 27.000000 -8.667033 269.416382 
182700.000000 14.000000 3.649731 290.587952 
182800.000000 2.000000 15.000000 127.562790 
182900.000000 0.000000 15.000000 2.619173 
183000.000000 2.000000 15.000000 76.552284 
183100.000000 27.000000 -0.913063 5.580306 
183200.000000 20.000000 -0.664686 290.746063 
183300.000000 22.000000 -3.576675 512.001648 
183400.000000 18.000000 -0.832523 886.739380 
183500.000000 15.000000 3.360358 324.395142 
183600.000000 0.000000 15.000000 2.987106 
183700.000000 20.000000 -1.801771 0.324814 
183800.000000 13.000000 4.998676 122.551712 
183900.000000 6.000000 5.552753 176.959549 
184000.000000 12.000000 4.664214 90.258064 
184100.000000 8.000000 9.762111 3.652071 
184200.000000 0.000000 15.000000 66.501762 
184300.000000 16.000000 -0.323507 5.357059 
184400.000000 17.000000 3.895344 0.135404 
184500.000000 1.000000 15.000000 4.608465 
184600.000000 21.000000 -2.991946 258.859619 
184700.000000 7.000000 13.152636 2.252208 
184800.000000 23.000000 -3.351797 226.445496 
184900.000000 19.000000 -1.282785 339.124847 
185000.000000 0.000000 15.000000 0.834877 
185100.000000 2.000000 15.000000 0.066366 
185200.000000 12.000000 9.385091 41.870007 
185300.000000 23.000000 4.396902 30.117861 
185400.000000 14.000000 4.402458 80.903267 
185500.000000 0.000000 15.000000 2.057486 
185600.000000 12.000000 -2.921498 183.611496 
185700.000000 12.000000 6.426470 210.053818 
185800.000000 1.000000 15.000000 111.710052 
185900.000000 27.000000 -8.653027 138.554672 
186000.000000 4.000000 11.479809 9.396705 
186100.000000 27.000000 -8.851337 385.622437 
186200.000000 0.000000 15.000000 165.922119 
186300.000000 11.000000 6.772402 0.493627 
186400.000000 6.000000 12.176543 6.344171 
186500.000000 21.000000 -1.534571 55.212082 
186600.000000 27.000000 -2.724846 383.589966 
186700.000000 27.000000 -8.961387 804.932678 
186800.000000 27.000000 -8.772905 667.980164 
186900.000000 18.000000 -2.071652 709.721252 
187000.000000 20.000000 -4.741404 392.161652 
187100.000000 15.000000 3.363462 245.325928 
187200.000000 22.000000 -5.557732 221.954636 
187300.000000 26.000000 4.054874 293.939270 
187400.000000 27.000000 -9.294301 160.215836 
187500.000000 18.000000 -0.835358 655.586792 
187600.000000 0.000000 15.000000 13.859490 
187700.000000 9.000000 6.738596 1.623745 
187800.000000 26.000000 7.606692 54.729279 
187900.000000 16.000000 2.539474 57.674042 
188000.000000 0.000000 15.000000 2.520758 
188100.000000 11.000000 3.084690 9.979218 
188200.000000 16.000000 -1.787149 249.574615 
188300.000000 11.000000 9.930214 60.998096 
188400.000000 27.000000 -9.045337 412.500732 
188500.000000 27.000000 -8.774596 512.785522 
188600.000000 21.000000 -3.058472 709.688843 
188700.000000 16.000000 4.799078 297.525787 
188800.000000 11.000000 15.000000 0.176711 
188900.000000 0.000000 15.000000 44.393230 
189000.000000 0.000000 15.000000 124.850105 
189100.000000 18.000000 -0.511103 35.272362 
189200.000000 17.000000 0.818044 456.404877 
189300.000000 5.000000 12.056290 148.611115 
189400.000000 26.000000 10.625828 40.859013 
189500.000000 26.000000 -7.585518 196.771133 
189600.000000 1.000000 15.000000 124.424591 
189700.000000 7.000000 12.716304 40.756947 
189800.000000 26.000000 -6.995244 335.076935 
189900.000000 1.000000 15.000000 87.663734 
190000.000000 0.000000 15.000000 15.508610 
190100.000000 1.000000 15.000000 43.862457 
190200.000000 0.000000 15.000000 115.920120 
190300.000000 5.000000 15.000000 60.203979 
190400.000000 0.000000 15.000000 84.120628 
190500.000000 2.000000 15.000000 131.699295 
190600.000000 15.000000 4.156756 9.423910 
190700.000000 20.000000 7.684213 99.495461 
190800.000000 4.000000 14.946358 10.104758 
190900.000000 0.000000 15.000000 97.852608 
191000.000000 5.000000 9.418655 0.401178 
191100.000000 0.000000 15.000000 62.809822 
191200.000000 18.000000 15.000000 47.265751 
191300.000000 9.000000 5.778578 0.071695 
191400.000000 9.000000 12.418425 0.103522 
191500.000000 21.000000 -3.340990 3.684452 
191600.000000 2.000000 15.000000 96.705765 
191700.000000 0.000000 15.000000 4.608603 
191800.000000 27.000000 6.690154 4.242635 
191900.000000 7.000000 10.654081 43.972908 
192000.000000 5.000000 15.000000 16.200020 
192100.000000 2.000000 12.890134 54.906883 
192200.000000 22.000000 9.868593 20.273382 
192300.000000 12.000000 5.206545 4.743507 
192400.000000 22.000000 -4.489816 294.324036 
192500.000000 0.000000 15.000000 3.119939 
192600.000000 0.000000 15.000000 41.923035 
192700.000000 15.000000 8.995667 75.627785 
192800.000000 12.000000 6.981836 50.618702 
192900.000000 4.000000 12.032946 124.863213 
193000.000000 10.000000 9.512943 209.206909 
193100.000000 0.000000 15.000000 54.998802 
193200.000000 11.000000 7.993258 0.385868 
193300.000000 0.000000 15.000000 17.781935 
193400.000000 25.000000 -4.974247 26.240089 
193500.000000 22.000000 -2.488491 76.525391 
193600.000000 16.000000 1.799754 228.375290 
193700.000000 18.000000 -0.024674 575.995178 
193800.000000 24.000000 -6.063723 791.144043 
193900.000000 17.000000 2.970254 934.276184 
194000.000000 20.000000 15.000000 109.286362 
194100.000000 5.000000 13.813921 176.573532 
194200.000000 20.000000 -0.098159 480.094635 
194300.000000 11.000000 4.481318 151.181198 
194400.000000 26.000000 -8.319127 46.965855 
194500.000000 0.000000 15.000000 3.688188 
194600.000000 18.000000 -1.094520 28.969954 
194700.000000 0.000000 15.000000 60.842213 
194800.000000 11.000000 7.999604 1.134104 
194900.000000 27.000000 10.856064 6.151794 
195000.000000 5.000000 13.238481 7.540227 
195100.000000 6.000000 13.482339 2.043981 
195200.000000 0.000000 15.000000 7.490373 
195300.000000 18.000000 2.590135 0.018893 
195400.000000 1.000000 15.000000 40.979870 
195500.000000 14.000000 2.943630 2.192264 
195600.000000 0.000000 15.000000 46.603561 
195700.000000 23.000000 15.000000 0.909158 
195800.000000 25.000000 15.000000 143.659561 
195900.000000 22.000000 -5.192858 349.199127 
196000.000000 20.000000 -1.894438 483.926147 
196100.000000 2.000000 14.746200 108.355049 
196200.000000 11.000000 7.252776 56.993561 
196300.000000 18.000000 1.358990 133.993164 
196400.000000 26.000000 -7.740524 43.128418 
196500.000000 27.000000 -6.211186 259.578644 
196600.000000 0.000000 15.000000 72.671501 
196700.000000 3.000000 14.826682 0.000088 
196800.000000 2.000000 15.000000 83.197479 
196900.000000 5.000000 12.722306 108.482140 
197000.000000 27.000000 -8.919074 211.952820 
197100.000000 27.000000 15.000000 288.242584 
197200.000000 9.000000 5.372936 198.309784 
197300.000000 16.000000 3.239101 140.545395 
197400.000000 5.000000 13.802592 13.484526 
197500.000000 22.000000 -0.933540 124.736160 
197600.000000 0.000000 15.000000 0.157983 
197700.000000 22.000000 -5.106116 72.714424 
197800.000000 19.000000 -1.806251 46.883293 
197900.000000 26.000000 -8.698143 596.280518 
198000.000000 16.000000 1.536250 205.826035 
198100.000000 4.000000 14.521145 5.486234 
198200.000000 17.000000 4.249757 8.647951 
198300.000000 0.000000 15.000000 28.530775 
198400.000000 26.000000 -8.384542 115.158432 
198500.000000 11.000000 6.330564 140.293884 
198600.000000 0.000000 15.000000 0.258984 
198700.000000 8.000000 10.797009 5.664086 
198800.000000 9.000000 10.981235 28.309713 
198900.000000 4.000000 14.387058 48.377132 
199000.000000 0.000000 15.000000 46.172630 
199100.000000 0.000000 15.000000 13.355696 
199200.000000 14.000000 6.817512 11.629852 
199300.000000 0.000000 15.000000 12.601389 
199400.000000 2.000000 15.000000 18.531853 
199500.000000 11.000000 6.545607 51.587463 
199600.000000 21.000000 -3.604372 321.822815 
199700.000000 0.000000 15.000000 5.010510 
199800.000000 27.000000 -8.929617 160.999374 
199900.000000 0.000000 15.000000 32.042137 
200000.000000 9.000000 15.000000 23.894823 
