100.000000 -44.000000 -0.440000 
200.000000 -142.000000 -0.710000 
300.000000 -242.000000 -0.806667 
400.000000 -274.000000 -0.685000 
500.000000 -372.000000 -0.744000 
600.000000 -430.000000 -0.716667 
700.000000 -526.000000 -0.751429 
800.000000 -606.000000 -0.757500 
900.000000 -706.000000 -0.784444 
1000.000000 -790.000000 -0.790000 
1100.000000 -858.000000 -0.780000 
1200.000000 -942.000000 -0.785000 
1300.000000 -1042.000000 -0.801538 
1400.000000 -1106.000000 -0.790000 
1500.000000 -1200.000000 -0.800000 
1600.000000 -1282.000000 -0.801250 
1700.000000 -1342.000000 -0.789412 
1800.000000 -1390.000000 -0.772222 
1900.000000 -1452.000000 -0.764211 
2000.000000 -1444.000000 -0.722000 
2100.000000 -1472.000000 -0.700952 
2200.000000 -1554.000000 -0.706364 
2300.000000 -1654.000000 -0.719130 
2400.000000 -1752.000000 -0.730000 
2500.000000 -1852.000000 -0.740800 
2600.000000 -1952.000000 -0.750769 
2700.000000 -1946.000000 -0.720741 
2800.000000 -1932.000000 -0.690000 
2900.000000 -1920.000000 -0.662069 
3000.000000 -1934.000000 -0.644667 
3100.000000 -2018.000000 -0.650968 
3200.000000 -2034.000000 -0.635625 
3300.000000 -2134.000000 -0.646667 
3400.000000 -2228.000000 -0.655294 
3500.000000 -2260.000000 -0.645714 
3600.000000 -2330.000000 -0.647222 
3700.000000 -2422.000000 -0.654595 
3800.000000 -2426.000000 -0.638421 
3900.000000 -2464.000000 -0.631795 
4000.000000 -2564.000000 -0.641000 
4100.000000 -2664.000000 -0.649756 
4200.000000 -2764.000000 -0.658095 
4300.000000 -2852.000000 -0.663256 
4400.000000 -2922.000000 -0.664091 
4500.000000 -2990.000000 -0.664444 
4600.000000 -3088.000000 -0.671304 
4700.000000 -3090.000000 -0.657447 
4800.000000 -3054.000000 -0.636250 
4900.000000 -3154.000000 -0.643673 
5000.000000 -3150.000000 -0.630000 
5100.000000 -3132.000000 -0.614118 
5200.000000 -3232.000000 -0.621538 
5300.000000 -3332.000000 -0.628679 
5400.000000 -3374.000000 -0.624815 
5500.000000 -3442.000000 -0.625818 
5600.000000 -3532.000000 -0.630714 
5700.000000 -3588.000000 -0.629474 
5800.000000 -3670.000000 -0.632759 
5900.000000 -3740.000000 -0.633898 
6000.000000 -3812.000000 -0.635333 
6100.000000 -3844.000000 -0.630164 
6200.000000 -3878.000000 -0.625484 
6300.000000 -3908.000000 -0.620317 
6400.000000 -3864.000000 -0.603750 
6500.000000 -3964.000000 -0.609846 
6600.000000 -3954.000000 -0.599091 
6700.000000 -3972.000000 -0.592836 
6800.000000 -3976.000000 -0.584706 
6900.000000 -4018.000000 -0.582319 
7000.000000 -4102.000000 -0.586000 
7100.000000 -4202.000000 -0.591831 
7200.000000 -4302.000000 -0.597500 
7300.000000 -4372.000000 -0.598904 
7400.000000 -4418.000000 -0.597027 
7500.000000 -4464.000000 -0.595200 
7600.000000 -4462.000000 -0.587105 
7700.000000 -4488.000000 -0.582857 
7800.000000 -4574.000000 -0.586410 
7900.000000 -4646.000000 -0.588101 
8000.000000 -4666.000000 -0.583250 
8100.000000 -4698.000000 -0.580000 
8200.000000 -4798.000000 -0.585122 
8300.000000 -4898.000000 -0.590120 
8400.000000 -4988.000000 -0.593810 
8500.000000 -5072.000000 -0.596706 
8600.000000 -5110.000000 -0.594186 
8700.000000 -5088.000000 -0.584828 
8800.000000 -5184.000000 -0.589091 
8900.000000 -5284.000000 -0.593708 
9000.000000 -5288.000000 -0.587556 
9100.000000 -5380.000000 -0.591209 
9200.000000 -5448.000000 -0.592174 
9300.000000 -5548.000000 -0.596559 
9400.000000 -5618.000000 -0.597660 
9500.000000 -5718.000000 -0.601895 
9600.000000 -5818.000000 -0.606042 
9700.000000 -5916.000000 -0.609897 
9800.000000 -6016.000000 -0.613878 
9900.000000 -6098.000000 -0.615960 
10000.000000 -6162.000000 -0.616200 
10100.000000 -6198.000000 -0.613663 
10200.000000 -6274.000000 -0.615098 
10300.000000 -6350.000000 -0.616505 
10400.000000 -6310.000000 -0.606731 
10500.000000 -6410.000000 -0.610476 
10600.000000 -6510.000000 -0.614151 
10700.000000 -6598.000000 -0.616636 
10800.000000 -6698.000000 -0.620185 
10900.000000 -6750.000000 -0.619266 
11000.000000 -6816.000000 -0.619636 
11100.000000 -6844.000000 -0.616577 
11200.000000 -6944.000000 -0.620000 
11300.000000 -7044.000000 -0.623363 
11400.000000 -7106.000000 -0.623333 
11500.000000 -7132.000000 -0.620174 
11600.000000 -7222.000000 -0.622586 
11700.000000 -7256.000000 -0.620171 
11800.000000 -7316.000000 -0.620000 
11900.000000 -7362.000000 -0.618655 
12000.000000 -7346.000000 -0.612167 
12100.000000 -7316.000000 -0.604628 
12200.000000 -7374.000000 -0.604426 
12300.000000 -7458.000000 -0.606341 
12400.000000 -7534.000000 -0.607581 
12500.000000 -7574.000000 -0.605920 
12600.000000 -7642.000000 -0.606508 
12700.000000 -7676.000000 -0.604409 
12800.000000 -7776.000000 -0.607500 
12900.000000 -7866.000000 -0.609767 
13000.000000 -7942.000000 -0.610923 
13100.000000 -7974.000000 -0.608702 
13200.000000 -8026.000000 -0.608030 
13300.000000 -8086.000000 -0.607970 
13400.000000 -8116.000000 -0.605672 
13500.000000 -8208.000000 -0.608000 
13600.000000 -8280.000000 -0.608824 
13700.000000 -8380.000000 -0.611679 
13800.000000 -8444.000000 -0.611884 
13900.000000 -8544.000000 -0.614676 
14000.000000 -8590.000000 -0.613571 
14100.000000 -8624.000000 -0.611631 
14200.000000 -8692.000000 -0.612113 
14300.000000 -8774.000000 -0.613566 
14400.000000 -8866.000000 -0.615694 
14500.000000 -8866.000000 -0.611448 
14600.000000 -8918.000000 -0.610822 
14700.000000 -8940.000000 -0.608163 
14800.000000 -8972.000000 -0.606216 
14900.000000 -8978.000000 -0.602550 
15000.000000 -9028.000000 -0.601867 
15100.000000 -9118.000000 -0.603841 
15200.000000 -9218.000000 -0.606447 
15300.000000 -9264.000000 -0.605490 
15400.000000 -9306.000000 -0.604286 
15500.000000 -9322.000000 -0.601419 
15600.000000 -9410.000000 -0.603205 
15700.000000 -9456.000000 -0.602293 
15800.000000 -9494.000000 -0.600886 
15900.000000 -9536.000000 -0.599748 
16000.000000 -9580.000000 -0.598750 
16100.000000 -9670.000000 -0.600621 
16200.000000 -9758.000000 -0.602346 
16300.000000 -9794.000000 -0.600859 
16400.000000 -9894.000000 -0.603293 
16500.000000 -9994.000000 -0.605697 
16600.000000 -9992.000000 -0.601928 
16700.000000 -10018.000000 -0.599880 
16800.000000 -10050.000000 -0.598214 
16900.000000 -10124.000000 -0.599053 
17000.000000 -10180.000000 -0.598824 
17100.000000 -10262.000000 -0.600117 
17200.000000 -10354.000000 -0.601977 
17300.000000 -10400.000000 -0.601156 
17400.000000 -10408.000000 -0.598161 
17500.000000 -10468.000000 -0.598171 
17600.000000 -10558.000000 -0.599886 
17700.000000 -10568.000000 -0.597062 
17800.000000 -10558.000000 -0.593146 
17900.000000 -10604.000000 -0.592402 
18000.000000 -10626.000000 -0.590333 
18100.000000 -10712.000000 -0.591823 
18200.000000 -10770.000000 -0.591758 
18300.000000 -10818.000000 -0.591148 
18400.000000 -10876.000000 -0.591087 
18500.000000 -10860.000000 -0.587027 
18600.000000 -10946.000000 -0.588495 
18700.000000 -11018.000000 -0.589198 
18800.000000 -11074.000000 -0.589043 
18900.000000 -11140.000000 -0.589418 
19000.000000 -11240.000000 -0.591579 
19100.000000 -11314.000000 -0.592356 
19200.000000 -11368.000000 -0.592083 
19300.000000 -11376.000000 -0.589430 
19400.000000 -11476.000000 -0.591546 
19500.000000 -11544.000000 -0.592000 
19600.000000 -11614.000000 -0.592551 
19700.000000 -11572.000000 -0.587411 
19800.000000 -11594.000000 -0.585556 
19900.000000 -11638.000000 -0.584824 
20000.000000 -11686.000000 -0.584300 
20100.000000 -11732.000000 -0.583682 
20200.000000 -11832.000000 -0.585743 
20300.000000 -11932.000000 -0.587783 
20400.000000 -12026.000000 -0.589510 
20500.000000 -12112.000000 -0.590829 
20600.000000 -12204.000000 -0.592427 
20700.000000 -12304.000000 -0.594396 
20800.000000 -12404.000000 -0.596346 
20900.000000 -12448.000000 -0.595598 
21000.000000 -12446.000000 -0.592667 
21100.000000 -12478.000000 -0.591374 
21200.000000 -12576.000000 -0.593208 
21300.000000 -12676.000000 -0.595117 
21400.000000 -12730.000000 -0.594860 
21500.000000 -12798.000000 -0.595256 
21600.000000 -12898.000000 -0.597130 
21700.000000 -12998.000000 -0.598986 
21800.000000 -13098.000000 -0.600826 
21900.000000 -13198.000000 -0.602648 
22000.000000 -13254.000000 -0.602455 
22100.000000 -13354.000000 -0.604253 
22200.000000 -13454.000000 -0.606036 
22300.000000 -13554.000000 -0.607803 
22400.000000 -13654.000000 -0.609554 
22500.000000 -13754.000000 -0.611289 
22600.000000 -13854.000000 -0.613009 
22700.000000 -13912.000000 -0.612863 
22800.000000 -14012.000000 -0.614561 
22900.000000 -14034.000000 -0.612838 
23000.000000 -14134.000000 -0.614522 
23100.000000 -14234.000000 -0.616190 
23200.000000 -14332.000000 -0.617759 
23300.000000 -14432.000000 -0.619399 
23400.000000 -14508.000000 -0.620000 
23500.000000 -14554.000000 -0.619319 
23600.000000 -14564.000000 -0.617119 
23700.000000 -14634.000000 -0.617468 
23800.000000 -14654.000000 -0.615714 
23900.000000 -14754.000000 -0.617322 
24000.000000 -14814.000000 -0.617250 
24100.000000 -14878.000000 -0.617344 
24200.000000 -14948.000000 -0.617686 
24300.000000 -15048.000000 -0.619259 
24400.000000 -15148.000000 -0.620820 
24500.000000 -15248.000000 -0.622367 
24600.000000 -15286.000000 -0.621382 
24700.000000 -15386.000000 -0.622915 
24800.000000 -15402.000000 -0.621048 
24900.000000 -15436.000000 -0.619920 
25000.000000 -15536.000000 -0.621440 
25100.000000 -15606.000000 -0.621753 
25200.000000 -15706.000000 -0.623254 
25300.000000 -15806.000000 -0.624743 
25400.000000 -15906.000000 -0.626220 
25500.000000 -15942.000000 -0.625176 
25600.000000 -15952.000000 -0.623125 
25700.000000 -15966.000000 -0.621245 
25800.000000 -15982.000000 -0.619457 
25900.000000 -15992.000000 -0.617452 
26000.000000 -16006.000000 -0.615615 
26100.000000 -16106.000000 -0.617088 
26200.000000 -16206.000000 -0.618550 
26300.000000 -16220.000000 -0.616730 
26400.000000 -16318.000000 -0.618106 
26500.000000 -16418.000000 -0.619547 
26600.000000 -16462.000000 -0.618872 
26700.000000 -16538.000000 -0.619401 
26800.000000 -16576.000000 -0.618507 
26900.000000 -16580.000000 -0.616357 
27000.000000 -16536.000000 -0.612444 
27100.000000 -16624.000000 -0.613432 
27200.000000 -16690.000000 -0.613603 
27300.000000 -16788.000000 -0.614945 
27400.000000 -16840.000000 -0.614599 
27500.000000 -16932.000000 -0.615709 
27600.000000 -17032.000000 -0.617101 
27700.000000 -17078.000000 -0.616534 
27800.000000 -17106.000000 -0.615324 
27900.000000 -17166.000000 -0.615269 
28000.000000 -17136.000000 -0.612000 
28100.000000 -17228.000000 -0.613096 
28200.000000 -17300.000000 -0.613475 
28300.000000 -17348.000000 -0.613004 
28400.000000 -17412.000000 -0.613099 
28500.000000 -17482.000000 -0.613403 
28600.000000 -17536.000000 -0.613147 
28700.000000 -17464.000000 -0.608502 
28800.000000 -17528.000000 -0.608611 
28900.000000 -17462.000000 -0.604221 
29000.000000 -17550.000000 -0.605172 
29100.000000 -17650.000000 -0.606529 
29200.000000 -17738.000000 -0.607466 
29300.000000 -17784.000000 -0.606962 
29400.000000 -17770.000000 -0.604422 
29500.000000 -17826.000000 -0.604271 
29600.000000 -17850.000000 -0.603041 
29700.000000 -17916.000000 -0.603232 
29800.000000 -18000.000000 -0.604027 
29900.000000 -18000.000000 -0.602007 
30000.000000 -18060.000000 -0.602000 
30100.000000 -18084.000000 -0.600797 
30200.000000 -18160.000000 -0.601324 
30300.000000 -18166.000000 -0.599538 
30400.000000 -18220.000000 -0.599342 
30500.000000 -18198.000000 -0.596656 
30600.000000 -18220.000000 -0.595425 
30700.000000 -18270.000000 -0.595114 
30800.000000 -18254.000000 -0.592662 
30900.000000 -18330.000000 -0.593204 
31000.000000 -18386.000000 -0.593097 
31100.000000 -18446.000000 -0.593119 
31200.000000 -18546.000000 -0.594423 
31300.000000 -18578.000000 -0.593546 
31400.000000 -18656.000000 -0.594140 
31500.000000 -18698.000000 -0.593587 
31600.000000 -18776.000000 -0.594177 
31700.000000 -18826.000000 -0.593880 
31800.000000 -18858.000000 -0.593019 
31900.000000 -18940.000000 -0.593730 
32000.000000 -19006.000000 -0.593938 
32100.000000 -18990.000000 -0.591589 
32200.000000 -19048.000000 -0.591553 
32300.000000 -19148.000000 -0.592817 
32400.000000 -19242.000000 -0.593889 
32500.000000 -19268.000000 -0.592862 
32600.000000 -19328.000000 -0.592883 
32700.000000 -19390.000000 -0.592966 
32800.000000 -19490.000000 -0.594207 
32900.000000 -19564.000000 -0.594650 
33000.000000 -19548.000000 -0.592364 
33100.000000 -19616.000000 -0.592628 
33200.000000 -19590.000000 -0.590060 
33300.000000 -19598.000000 -0.588529 
33400.000000 -19644.000000 -0.588144 
33500.000000 -19744.000000 -0.589373 
33600.000000 -19844.000000 -0.590595 
33700.000000 -19910.000000 -0.590801 
33800.000000 -19986.000000 -0.591302 
33900.000000 -20054.000000 -0.591563 
34000.000000 -20110.000000 -0.591471 
34100.000000 -20158.000000 -0.591144 
34200.000000 -20216.000000 -0.591111 
34300.000000 -20294.000000 -0.591662 
34400.000000 -20344.000000 -0.591395 
34500.000000 -20342.000000 -0.589623 
34600.000000 -20424.000000 -0.590289 
34700.000000 -20524.000000 -0.591470 
34800.000000 -20600.000000 -0.591954 
34900.000000 -20694.000000 -0.592951 
35000.000000 -20718.000000 -0.591943 
35100.000000 -20618.000000 -0.587407 
35200.000000 -20622.000000 -0.585852 
35300.000000 -20696.000000 -0.586289 
35400.000000 -20790.000000 -0.587288 
35500.000000 -20844.000000 -0.587155 
35600.000000 -20944.000000 -0.588315 
35700.000000 -21044.000000 -0.589468 
35800.000000 -21144.000000 -0.590614 
35900.000000 -21180.000000 -0.589972 
36000.000000 -21156.000000 -0.587667 
36100.000000 -21256.000000 -0.588809 
36200.000000 -21356.000000 -0.589945 
36300.000000 -21456.000000 -0.591074 
36400.000000 -21556.000000 -0.592198 
36500.000000 -21656.000000 -0.593315 
36600.000000 -21754.000000 -0.594372 
36700.000000 -21772.000000 -0.593243 
36800.000000 -21838.000000 -0.593424 
36900.000000 -21878.000000 -0.592900 
37000.000000 -21920.000000 -0.592432 
37100.000000 -22020.000000 -0.593531 
37200.000000 -22120.000000 -0.594624 
37300.000000 -22150.000000 -0.593834 
37400.000000 -22242.000000 -0.594706 
37500.000000 -22314.000000 -0.595040 
37600.000000 -22374.000000 -0.595053 
37700.000000 -22444.000000 -0.595332 
37800.000000 -22518.000000 -0.595714 
37900.000000 -22592.000000 -0.596095 
38000.000000 -22674.000000 -0.596684 
38100.000000 -22662.000000 -0.594803 
38200.000000 -22624.000000 -0.592251 
38300.000000 -22650.000000 -0.591384 
38400.000000 -22722.000000 -0.591719 
38500.000000 -22778.000000 -0.591636 
38600.000000 -22848.000000 -0.591917 
38700.000000 -22906.000000 -0.591886 
38800.000000 -22938.000000 -0.591186 
38900.000000 -23038.000000 -0.592237 
39000.000000 -23136.000000 -0.593231 
39100.000000 -23140.000000 -0.591816 
39200.000000 -23202.000000 -0.591888 
39300.000000 -23244.000000 -0.591450 
39400.000000 -23260.000000 -0.590355 
39500.000000 -23296.000000 -0.589772 
39600.000000 -23394.000000 -0.590758 
39700.000000 -23494.000000 -0.591788 
39800.000000 -23546.000000 -0.591608 
39900.000000 -23636.000000 -0.592381 
40000.000000 -23694.000000 -0.592350 
40100.000000 -23754.000000 -0.592369 
40200.000000 -23780.000000 -0.591542 
40300.000000 -23858.000000 -0.592010 
40400.000000 -23828.000000 -0.589802 
40500.000000 -23768.000000 -0.586864 
40600.000000 -23812.000000 -0.586502 
40700.000000 -23862.000000 -0.586290 
40800.000000 -23908.000000 -0.585980 
40900.000000 -24006.000000 -0.586944 
41000.000000 -24070.000000 -0.587073 
41100.000000 -24160.000000 -0.587835 
41200.000000 -24236.000000 -0.588252 
41300.000000 -24302.000000 -0.588426 
41400.000000 -24402.000000 -0.589420 
41500.000000 -24498.000000 -0.590313 
41600.000000 -24558.000000 -0.590337 
41700.000000 -24606.000000 -0.590072 
41800.000000 -24624.000000 -0.589091 
41900.000000 -24672.000000 -0.588831 
42000.000000 -24674.000000 -0.587476 
42100.000000 -24774.000000 -0.588456 
42200.000000 -24864.000000 -0.589194 
42300.000000 -24874.000000 -0.588038 
42400.000000 -24932.000000 -0.588019 
42500.000000 -25030.000000 -0.588941 
42600.000000 -25110.000000 -0.589437 
42700.000000 -25194.000000 -0.590023 
42800.000000 -25276.000000 -0.590561 
42900.000000 -25358.000000 -0.591096 
43000.000000 -25406.000000 -0.590837 
43100.000000 -25382.000000 -0.588910 
43200.000000 -25482.000000 -0.589861 
43300.000000 -25564.000000 -0.590393 
43400.000000 -25628.000000 -0.590507 
43500.000000 -25660.000000 -0.589885 
43600.000000 -25696.000000 -0.589358 
43700.000000 -25794.000000 -0.590252 
43800.000000 -25828.000000 -0.589680 
43900.000000 -25900.000000 -0.589977 
44000.000000 -25858.000000 -0.587682 
44100.000000 -25828.000000 -0.585669 
44200.000000 -25792.000000 -0.583529 
44300.000000 -25850.000000 -0.583521 
44400.000000 -25930.000000 -0.584009 
44500.000000 -25982.000000 -0.583865 
44600.000000 -26050.000000 -0.584081 
44700.000000 -26148.000000 -0.584966 
44800.000000 -26214.000000 -0.585134 
44900.000000 -26270.000000 -0.585078 
45000.000000 -26258.000000 -0.583511 
45100.000000 -26300.000000 -0.583149 
45200.000000 -26400.000000 -0.584071 
45300.000000 -26490.000000 -0.584768 
45400.000000 -26534.000000 -0.584449 
45500.000000 -26592.000000 -0.584440 
45600.000000 -26660.000000 -0.584649 
45700.000000 -26752.000000 -0.585383 
45800.000000 -26766.000000 -0.584410 
45900.000000 -26782.000000 -0.583486 
46000.000000 -26806.000000 -0.582739 
46100.000000 -26906.000000 -0.583644 
46200.000000 -26920.000000 -0.582684 
46300.000000 -26992.000000 -0.582981 
46400.000000 -27052.000000 -0.583017 
46500.000000 -26980.000000 -0.580215 
46600.000000 -27016.000000 -0.579742 
46700.000000 -27116.000000 -0.580642 
46800.000000 -27150.000000 -0.580128 
46900.000000 -27150.000000 -0.578891 
47000.000000 -27192.000000 -0.578553 
47100.000000 -27222.000000 -0.577962 
47200.000000 -27274.000000 -0.577839 
47300.000000 -27338.000000 -0.577970 
47400.000000 -27402.000000 -0.578101 
47500.000000 -27492.000000 -0.578779 
47600.000000 -27554.000000 -0.578866 
47700.000000 -27568.000000 -0.577945 
47800.000000 -27632.000000 -0.578075 
47900.000000 -27722.000000 -0.578747 
48000.000000 -27780.000000 -0.578750 
48100.000000 -27854.000000 -0.579085 
48200.000000 -27954.000000 -0.579958 
48300.000000 -28054.000000 -0.580828 
48400.000000 -28064.000000 -0.579835 
48500.000000 -28092.000000 -0.579216 
48600.000000 -28110.000000 -0.578395 
48700.000000 -28144.000000 -0.577906 
48800.000000 -28210.000000 -0.578074 
48900.000000 -28170.000000 -0.576074 
49000.000000 -28270.000000 -0.576939 
49100.000000 -28342.000000 -0.577230 
49200.000000 -28396.000000 -0.577154 
49300.000000 -28472.000000 -0.577525 
49400.000000 -28552.000000 -0.577976 
49500.000000 -28608.000000 -0.577939 
49600.000000 -28702.000000 -0.578669 
49700.000000 -28776.000000 -0.578994 
49800.000000 -28866.000000 -0.579639 
49900.000000 -28966.000000 -0.580481 
50000.000000 -29036.000000 -0.580720 
50100.000000 -29110.000000 -0.581038 
50200.000000 -29160.000000 -0.580876 
50300.000000 -29136.000000 -0.579245 
50400.000000 -29184.000000 -0.579048 
50500.000000 -29192.000000 -0.578059 
50600.000000 -29286.000000 -0.578775 
50700.000000 -29342.000000 -0.578738 
50800.000000 -29356.000000 -0.577874 
50900.000000 -29432.000000 -0.578232 
51000.000000 -29450.000000 -0.577451 
51100.000000 -29540.000000 -0.578082 
51200.000000 -29566.000000 -0.577461 
51300.000000 -29534.000000 -0.575711 
51400.000000 -29608.000000 -0.576031 
51500.000000 -29708.000000 -0.576854 
51600.000000 -29808.000000 -0.577674 
51700.000000 -29838.000000 -0.577137 
51800.000000 -29866.000000 -0.576564 
51900.000000 -29966.000000 -0.577380 
52000.000000 -30066.000000 -0.578192 
52100.000000 -30104.000000 -0.577812 
52200.000000 -30158.000000 -0.577739 
52300.000000 -30184.000000 -0.577132 
52400.000000 -30252.000000 -0.577328 
52500.000000 -30158.000000 -0.574438 
52600.000000 -30086.000000 -0.571977 
52700.000000 -30120.000000 -0.571537 
52800.000000 -30144.000000 -0.570909 
52900.000000 -30182.000000 -0.570548 
53000.000000 -30232.000000 -0.570415 
53100.000000 -30246.000000 -0.569605 
53200.000000 -30302.000000 -0.569586 
53300.000000 -30392.000000 -0.570206 
53400.000000 -30462.000000 -0.570449 
53500.000000 -30538.000000 -0.570804 
53600.000000 -30638.000000 -0.571604 
53700.000000 -30728.000000 -0.572216 
53800.000000 -30752.000000 -0.571599 
53900.000000 -30810.000000 -0.571614 
54000.000000 -30826.000000 -0.570852 
54100.000000 -30896.000000 -0.571091 
54200.000000 -30924.000000 -0.570553 
54300.000000 -30954.000000 -0.570055 
54400.000000 -31040.000000 -0.570588 
54500.000000 -31140.000000 -0.571376 
54600.000000 -31098.000000 -0.569560 
54700.000000 -31178.000000 -0.569982 
54800.000000 -31248.000000 -0.570219 
54900.000000 -31258.000000 -0.569362 
55000.000000 -31322.000000 -0.569491 
55100.000000 -31378.000000 -0.569474 
55200.000000 -31446.000000 -0.569674 
55300.000000 -31508.000000 -0.569765 
55400.000000 -31608.000000 -0.570542 
55500.000000 -31696.000000 -0.571099 
55600.000000 -31746.000000 -0.570971 
55700.000000 -31814.000000 -0.571167 
55800.000000 -31880.000000 -0.571326 
55900.000000 -31940.000000 -0.571377 
56000.000000 -32000.000000 -0.571429 
56100.000000 -32012.000000 -0.570624 
56200.000000 -32088.000000 -0.570961 
56300.000000 -32176.000000 -0.571510 
56400.000000 -32232.000000 -0.571489 
56500.000000 -32302.000000 -0.571717 
56600.000000 -32392.000000 -0.572297 
56700.000000 -32466.000000 -0.572593 
56800.000000 -32492.000000 -0.572042 
56900.000000 -32534.000000 -0.571775 
57000.000000 -32588.000000 -0.571719 
57100.000000 -32620.000000 -0.571278 
57200.000000 -32716.000000 -0.571958 
57300.000000 -32738.000000 -0.571344 
57400.000000 -32702.000000 -0.569721 
57500.000000 -32744.000000 -0.569461 
57600.000000 -32762.000000 -0.568785 
57700.000000 -32822.000000 -0.568839 
57800.000000 -32916.000000 -0.569481 
57900.000000 -32960.000000 -0.569257 
58000.000000 -33016.000000 -0.569241 
58100.000000 -33090.000000 -0.569535 
58200.000000 -33094.000000 -0.568625 
58300.000000 -33122.000000 -0.568130 
58400.000000 -33164.000000 -0.567877 
58500.000000 -33264.000000 -0.568615 
58600.000000 -33364.000000 -0.569352 
58700.000000 -33436.000000 -0.569608 
58800.000000 -33478.000000 -0.569354 
58900.000000 -33538.000000 -0.569406 
59000.000000 -33638.000000 -0.570136 
59100.000000 -33730.000000 -0.570728 
59200.000000 -33794.000000 -0.570845 
59300.000000 -33894.000000 -0.571568 
59400.000000 -33994.000000 -0.572290 
59500.000000 -34038.000000 -0.572067 
59600.000000 -34096.000000 -0.572081 
59700.000000 -34148.000000 -0.571993 
59800.000000 -34188.000000 -0.571706 
59900.000000 -34216.000000 -0.571219 
60000.000000 -34250.000000 -0.570833 
60100.000000 -34268.000000 -0.570183 
60200.000000 -34326.000000 -0.570199 
60300.000000 -34350.000000 -0.569652 
60400.000000 -34450.000000 -0.570364 
60500.000000 -34550.000000 -0.571074 
60600.000000 -34608.000000 -0.571089 
60700.000000 -34606.000000 -0.570115 
60800.000000 -34614.000000 -0.569309 
60900.000000 -34612.000000 -0.568342 
61000.000000 -34596.000000 -0.567148 
61100.000000 -34678.000000 -0.567561 
61200.000000 -34722.000000 -0.567353 
61300.000000 -34724.000000 -0.566460 
61400.000000 -34754.000000 -0.566026 
61500.000000 -34828.000000 -0.566309 
61600.000000 -34828.000000 -0.565390 
61700.000000 -34766.000000 -0.563468 
61800.000000 -34756.000000 -0.562395 
61900.000000 -34694.000000 -0.560485 
62000.000000 -34612.000000 -0.558258 
62100.000000 -34666.000000 -0.558229 
62200.000000 -34680.000000 -0.557556 
62300.000000 -34780.000000 -0.558266 
62400.000000 -34880.000000 -0.558974 
62500.000000 -34932.000000 -0.558912 
62600.000000 -34878.000000 -0.557157 
62700.000000 -34868.000000 -0.556108 
62800.000000 -34968.000000 -0.556815 
62900.000000 -35068.000000 -0.557520 
63000.000000 -35168.000000 -0.558222 
63100.000000 -35266.000000 -0.558891 
63200.000000 -35270.000000 -0.558070 
63300.000000 -35192.000000 -0.555956 
63400.000000 -35182.000000 -0.554921 
63500.000000 -35218.000000 -0.554614 
63600.000000 -35288.000000 -0.554843 
63700.000000 -35328.000000 -0.554600 
63800.000000 -35414.000000 -0.555078 
63900.000000 -35432.000000 -0.554491 
64000.000000 -35502.000000 -0.554719 
64100.000000 -35538.000000 -0.554415 
64200.000000 -35626.000000 -0.554922 
64300.000000 -35726.000000 -0.555614 
64400.000000 -35786.000000 -0.555683 
64500.000000 -35762.000000 -0.554450 
64600.000000 -35828.000000 -0.554613 
64700.000000 -35844.000000 -0.554003 
64800.000000 -35922.000000 -0.554352 
64900.000000 -35946.000000 -0.553867 
65000.000000 -35978.000000 -0.553508 
65100.000000 -36050.000000 -0.553763 
65200.000000 -36076.000000 -0.553313 
65300.000000 -36086.000000 -0.552619 
65400.000000 -36028.000000 -0.550887 
65500.000000 -36108.000000 -0.551267 
65600.000000 -36206.000000 -0.551921 
65700.000000 -36270.000000 -0.552055 
65800.000000 -36352.000000 -0.552462 
65900.000000 -36366.000000 -0.551836 
66000.000000 -36422.000000 -0.551848 
66100.000000 -36442.000000 -0.551316 
66200.000000 -36450.000000 -0.550604 
66300.000000 -36492.000000 -0.550407 
66400.000000 -36498.000000 -0.549669 
66500.000000 -36554.000000 -0.549684 
66600.000000 -36620.000000 -0.549850 
66700.000000 -36720.000000 -0.550525 
66800.000000 -36820.000000 -0.551198 
66900.000000 -36920.000000 -0.551868 
67000.000000 -37002.000000 -0.552269 
67100.000000 -37064.000000 -0.552370 
67200.000000 -37154.000000 -0.552887 
67300.000000 -37216.000000 -0.552987 
67400.000000 -37216.000000 -0.552166 
67500.000000 -37220.000000 -0.551407 
67600.000000 -37214.000000 -0.550503 
67700.000000 -37200.000000 -0.549483 
67800.000000 -37184.000000 -0.548437 
67900.000000 -37206.000000 -0.547953 
68000.000000 -37174.000000 -0.546676 
68100.000000 -37226.000000 -0.546637 
68200.000000 -37280.000000 -0.546628 
68300.000000 -37270.000000 -0.545681 
68400.000000 -37314.000000 -0.545526 
68500.000000 -37320.000000 -0.544818 
68600.000000 -37350.000000 -0.544461 
68700.000000 -37362.000000 -0.543843 
68800.000000 -37332.000000 -0.542616 
68900.000000 -37304.000000 -0.541422 
69000.000000 -37326.000000 -0.540956 
69100.000000 -37376.000000 -0.540897 
69200.000000 -37352.000000 -0.539769 
69300.000000 -37332.000000 -0.538701 
69400.000000 -37334.000000 -0.537954 
69500.000000 -37384.000000 -0.537899 
69600.000000 -37392.000000 -0.537241 
69700.000000 -37364.000000 -0.536069 
69800.000000 -37388.000000 -0.535645 
69900.000000 -37364.000000 -0.534535 
70000.000000 -37308.000000 -0.532971 
70100.000000 -37352.000000 -0.532839 
70200.000000 -37392.000000 -0.532650 
70300.000000 -37468.000000 -0.532973 
70400.000000 -37512.000000 -0.532841 
70500.000000 -37526.000000 -0.532284 
70600.000000 -37562.000000 -0.532040 
70700.000000 -37628.000000 -0.532221 
70800.000000 -37686.000000 -0.532288 
70900.000000 -37754.000000 -0.532496 
71000.000000 -37772.000000 -0.532000 
71100.000000 -37824.000000 -0.531983 
71200.000000 -37894.000000 -0.532219 
71300.000000 -37922.000000 -0.531865 
71400.000000 -37972.000000 -0.531821 
71500.000000 -37958.000000 -0.530881 
71600.000000 -38018.000000 -0.530978 
71700.000000 -38016.000000 -0.530209 
71800.000000 -38062.000000 -0.530111 
71900.000000 -38072.000000 -0.529513 
72000.000000 -38076.000000 -0.528833 
72100.000000 -38038.000000 -0.527573 
72200.000000 -38062.000000 -0.527175 
72300.000000 -38100.000000 -0.526971 
72400.000000 -38130.000000 -0.526657 
72500.000000 -38198.000000 -0.526869 
72600.000000 -38188.000000 -0.526006 
72700.000000 -38226.000000 -0.525805 
72800.000000 -38250.000000 -0.525412 
72900.000000 -38210.000000 -0.524143 
73000.000000 -38296.000000 -0.524603 
73100.000000 -38344.000000 -0.524542 
73200.000000 -38342.000000 -0.523798 
73300.000000 -38384.000000 -0.523656 
73400.000000 -38474.000000 -0.524169 
73500.000000 -38538.000000 -0.524327 
73600.000000 -38562.000000 -0.523940 
73700.000000 -38642.000000 -0.524315 
73800.000000 -38682.000000 -0.524146 
73900.000000 -38772.000000 -0.524655 
74000.000000 -38836.000000 -0.524811 
74100.000000 -38828.000000 -0.523995 
74200.000000 -38864.000000 -0.523774 
74300.000000 -38880.000000 -0.523284 
74400.000000 -38866.000000 -0.522392 
74500.000000 -38844.000000 -0.521396 
74600.000000 -38908.000000 -0.521555 
74700.000000 -38886.000000 -0.520562 
74800.000000 -38894.000000 -0.519973 
74900.000000 -38906.000000 -0.519439 
75000.000000 -38930.000000 -0.519067 
75100.000000 -38876.000000 -0.517656 
75200.000000 -38816.000000 -0.516170 
75300.000000 -38810.000000 -0.515405 
75400.000000 -38836.000000 -0.515066 
75500.000000 -38852.000000 -0.514596 
75600.000000 -38784.000000 -0.513016 
75700.000000 -38756.000000 -0.511968 
75800.000000 -38722.000000 -0.510844 
75900.000000 -38772.000000 -0.510830 
76000.000000 -38844.000000 -0.511105 
76100.000000 -38920.000000 -0.511432 
76200.000000 -38958.000000 -0.511260 
76300.000000 -38920.000000 -0.510092 
76400.000000 -38866.000000 -0.508717 
76500.000000 -38912.000000 -0.508654 
76600.000000 -39012.000000 -0.509295 
76700.000000 -39046.000000 -0.509074 
76800.000000 -39056.000000 -0.508542 
76900.000000 -39088.000000 -0.508296 
77000.000000 -39094.000000 -0.507714 
77100.000000 -39118.000000 -0.507367 
77200.000000 -39072.000000 -0.506114 
77300.000000 -39106.000000 -0.505899 
77400.000000 -39072.000000 -0.504806 
77500.000000 -39104.000000 -0.504568 
77600.000000 -39130.000000 -0.504253 
77700.000000 -39188.000000 -0.504350 
77800.000000 -39174.000000 -0.503522 
77900.000000 -39160.000000 -0.502696 
78000.000000 -39130.000000 -0.501667 
78100.000000 -39142.000000 -0.501178 
78200.000000 -39162.000000 -0.500793 
78300.000000 -39170.000000 -0.500255 
78400.000000 -39106.000000 -0.498801 
78500.000000 -39150.000000 -0.498726 
78600.000000 -39098.000000 -0.497430 
78700.000000 -39096.000000 -0.496773 
78800.000000 -39156.000000 -0.496904 
78900.000000 -39256.000000 -0.497541 
79000.000000 -39322.000000 -0.497747 
79100.000000 -39344.000000 -0.497396 
79200.000000 -39398.000000 -0.497449 
79300.000000 -39406.000000 -0.496923 
79400.000000 -39506.000000 -0.497557 
79500.000000 -39552.000000 -0.497509 
79600.000000 -39650.000000 -0.498116 
79700.000000 -39748.000000 -0.498720 
79800.000000 -39848.000000 -0.499348 
79900.000000 -39948.000000 -0.499975 
80000.000000 -40048.000000 -0.500600 
80100.000000 -40148.000000 -0.501223 
80200.000000 -40214.000000 -0.501421 
80300.000000 -40256.000000 -0.501320 
80400.000000 -40318.000000 -0.501468 
80500.000000 -40382.000000 -0.501640 
80600.000000 -40378.000000 -0.500968 
80700.000000 -40368.000000 -0.500223 
80800.000000 -40290.000000 -0.498639 
80900.000000 -40222.000000 -0.497182 
81000.000000 -40152.000000 -0.495704 
81100.000000 -40128.000000 -0.494797 
81200.000000 -40118.000000 -0.494064 
81300.000000 -40104.000000 -0.493284 
81400.000000 -40050.000000 -0.492015 
81500.000000 -40048.000000 -0.491387 
81600.000000 -39982.000000 -0.489975 
81700.000000 -39918.000000 -0.488592 
81800.000000 -39878.000000 -0.487506 
81900.000000 -39788.000000 -0.485812 
82000.000000 -39768.000000 -0.484976 
82100.000000 -39722.000000 -0.483825 
82200.000000 -39656.000000 -0.482433 
82300.000000 -39678.000000 -0.482114 
82400.000000 -39640.000000 -0.481068 
82500.000000 -39608.000000 -0.480097 
82600.000000 -39616.000000 -0.479613 
82700.000000 -39564.000000 -0.478404 
82800.000000 -39484.000000 -0.476860 
82900.000000 -39518.000000 -0.476695 
83000.000000 -39506.000000 -0.475976 
83100.000000 -39426.000000 -0.474440 
83200.000000 -39442.000000 -0.474063 
83300.000000 -39438.000000 -0.473445 
83400.000000 -39492.000000 -0.473525 
83500.000000 -39536.000000 -0.473485 
83600.000000 -39536.000000 -0.472919 
83700.000000 -39496.000000 -0.471876 
83800.000000 -39554.000000 -0.472005 
83900.000000 -39590.000000 -0.471871 
84000.000000 -39552.000000 -0.470857 
84100.000000 -39554.000000 -0.470321 
84200.000000 -39540.000000 -0.469596 
84300.000000 -39512.000000 -0.468707 
84400.000000 -39452.000000 -0.467441 
84500.000000 -39374.000000 -0.465964 
84600.000000 -39384.000000 -0.465532 
84700.000000 -39302.000000 -0.464014 
84800.000000 -39270.000000 -0.463090 
84900.000000 -39248.000000 -0.462285 
85000.000000 -39214.000000 -0.461341 
85100.000000 -39220.000000 -0.460870 
85200.000000 -39214.000000 -0.460258 
85300.000000 -39234.000000 -0.459953 
85400.000000 -39226.000000 -0.459321 
85500.000000 -39228.000000 -0.458807 
85600.000000 -39160.000000 -0.457477 
85700.000000 -39104.000000 -0.456289 
85800.000000 -39084.000000 -0.455524 
85900.000000 -39122.000000 -0.455437 
86000.000000 -39070.000000 -0.454302 
86100.000000 -39094.000000 -0.454053 
86200.000000 -39156.000000 -0.454246 
86300.000000 -39194.000000 -0.454160 
86400.000000 -39184.000000 -0.453519 
86500.000000 -39126.000000 -0.452324 
86600.000000 -39124.000000 -0.451778 
86700.000000 -39152.000000 -0.451580 
86800.000000 -39088.000000 -0.450323 
86900.000000 -39012.000000 -0.448930 
87000.000000 -38978.000000 -0.448023 
87100.000000 -38936.000000 -0.447026 
87200.000000 -38912.000000 -0.446239 
87300.000000 -38902.000000 -0.445613 
87400.000000 -38840.000000 -0.444394 
87500.000000 -38854.000000 -0.444046 
87600.000000 -38880.000000 -0.443836 
87700.000000 -38840.000000 -0.442873 
87800.000000 -38792.000000 -0.441822 
87900.000000 -38710.000000 -0.440387 
88000.000000 -38676.000000 -0.439500 
88100.000000 -38620.000000 -0.438365 
88200.000000 -38598.000000 -0.437619 
88300.000000 -38528.000000 -0.436331 
88400.000000 -38462.000000 -0.435091 
88500.000000 -38372.000000 -0.433582 
88600.000000 -38302.000000 -0.432302 
88700.000000 -38218.000000 -0.430868 
88800.000000 -38178.000000 -0.429932 
88900.000000 -38116.000000 -0.428751 
89000.000000 -38070.000000 -0.427753 
89100.000000 -38096.000000 -0.427565 
89200.000000 -38026.000000 -0.426300 
89300.000000 -37962.000000 -0.425106 
89400.000000 -37924.000000 -0.424206 
89500.000000 -37878.000000 -0.423218 
89600.000000 -37850.000000 -0.422433 
89700.000000 -37770.000000 -0.421070 
89800.000000 -37750.000000 -0.420379 
89900.000000 -37660.000000 -0.418910 
90000.000000 -37570.000000 -0.417444 
90100.000000 -37512.000000 -0.416337 
90200.000000 -37482.000000 -0.415543 
90300.000000 -37428.000000 -0.414485 
90400.000000 -37370.000000 -0.413385 
90500.000000 -37302.000000 -0.412177 
90600.000000 -37228.000000 -0.410905 
90700.000000 -37152.000000 -0.409614 
90800.000000 -37090.000000 -0.408480 
90900.000000 -37036.000000 -0.407437 
91000.000000 -37016.000000 -0.406769 
91100.000000 -36978.000000 -0.405906 
91200.000000 -36932.000000 -0.404956 
91300.000000 -36858.000000 -0.403702 
91400.000000 -36804.000000 -0.402670 
91500.000000 -36750.000000 -0.401639 
91600.000000 -36708.000000 -0.400742 
91700.000000 -36650.000000 -0.399673 
91800.000000 -36584.000000 -0.398519 
91900.000000 -36562.000000 -0.397845 
92000.000000 -36510.000000 -0.396848 
92100.000000 -36500.000000 -0.396308 
92200.000000 -36456.000000 -0.395401 
92300.000000 -36398.000000 -0.394345 
92400.000000 -36300.000000 -0.392857 
92500.000000 -36282.000000 -0.392238 
92600.000000 -36230.000000 -0.391253 
92700.000000 -36202.000000 -0.390529 
92800.000000 -36180.000000 -0.389871 
92900.000000 -36128.000000 -0.388891 
93000.000000 -36098.000000 -0.388151 
93100.000000 -36056.000000 -0.387282 
93200.000000 -35966.000000 -0.385901 
93300.000000 -35938.000000 -0.385188 
93400.000000 -35912.000000 -0.384497 
93500.000000 -35842.000000 -0.383337 
93600.000000 -35778.000000 -0.382244 
93700.000000 -35756.000000 -0.381601 
93800.000000 -35736.000000 -0.380981 
93900.000000 -35696.000000 -0.380149 
94000.000000 -35638.000000 -0.379128 
94100.000000 -35580.000000 -0.378108 
94200.000000 -35496.000000 -0.376815 
94300.000000 -35496.000000 -0.376416 
94400.000000 -35438.000000 -0.375403 
94500.000000 -35368.000000 -0.374265 
94600.000000 -35288.000000 -0.373023 
94700.000000 -35210.000000 -0.371806 
94800.000000 -35164.000000 -0.370928 
94900.000000 -35126.000000 -0.370137 
95000.000000 -35068.000000 -0.369137 
95100.000000 -34978.000000 -0.367802 
95200.000000 -34944.000000 -0.367059 
95300.000000 -34866.000000 -0.365855 
95400.000000 -34802.000000 -0.364801 
95500.000000 -34782.000000 -0.364209 
95600.000000 -34822.000000 -0.364247 
95700.000000 -34752.000000 -0.363135 
95800.000000 -34674.000000 -0.361942 
95900.000000 -34638.000000 -0.361189 
96000.000000 -34614.000000 -0.360563 
96100.000000 -34516.000000 -0.359168 
96200.000000 -34464.000000 -0.358254 
96300.000000 -34470.000000 -0.357944 
96400.000000 -34398.000000 -0.356826 
96500.000000 -34298.000000 -0.355420 
96600.000000 -34222.000000 -0.354265 
96700.000000 -34144.000000 -0.353092 
96800.000000 -34168.000000 -0.352975 
96900.000000 -34136.000000 -0.352281 
97000.000000 -34074.000000 -0.351278 
97100.000000 -34038.000000 -0.350546 
97200.000000 -33946.000000 -0.349239 
97300.000000 -33874.000000 -0.348140 
97400.000000 -33824.000000 -0.347269 
97500.000000 -33756.000000 -0.346215 
97600.000000 -33706.000000 -0.345348 
97700.000000 -33610.000000 -0.344012 
97800.000000 -33532.000000 -0.342863 
97900.000000 -33478.000000 -0.341961 
98000.000000 -33404.000000 -0.340857 
98100.000000 -33424.000000 -0.340714 
98200.000000 -33362.000000 -0.339735 
98300.000000 -33328.000000 -0.339044 
98400.000000 -33292.000000 -0.338333 
98500.000000 -33254.000000 -0.337604 
98600.000000 -33172.000000 -0.336430 
98700.000000 -33116.000000 -0.335522 
98800.000000 -33034.000000 -0.334352 
98900.000000 -32966.000000 -0.333327 
99000.000000 -32918.000000 -0.332505 
99100.000000 -32912.000000 -0.332109 
99200.000000 -32852.000000 -0.331169 
99300.000000 -32796.000000 -0.330272 
99400.000000 -32760.000000 -0.329577 
99500.000000 -32724.000000 -0.328884 
99600.000000 -32716.000000 -0.328474 
99700.000000 -32654.000000 -0.327523 
99800.000000 -32582.000000 -0.326473 
99900.000000 -32500.000000 -0.325325 
100000.000000 -32440.000000 -0.324400 
100100.000000 -32398.000000 -0.323656 
100200.000000 -32372.000000 -0.323074 
100300.000000 -32326.000000 -0.322293 
100400.000000 -32360.000000 -0.322311 
100500.000000 -32286.000000 -0.321254 
100600.000000 -32188.000000 -0.319960 
100700.000000 -32154.000000 -0.319305 
100800.000000 -32076.000000 -0.318214 
100900.000000 -32052.000000 -0.317661 
101000.000000 -31980.000000 -0.316634 
101100.000000 -31908.000000 -0.315608 
101200.000000 -31842.000000 -0.314644 
101300.000000 -31806.000000 -0.313978 
101400.000000 -31764.000000 -0.313254 
101500.000000 -31666.000000 -0.311980 
101600.000000 -31622.000000 -0.311240 
101700.000000 -31564.000000 -0.310364 
101800.000000 -31500.000000 -0.309430 
101900.000000 -31424.000000 -0.308381 
102000.000000 -31346.000000 -0.307314 
102100.000000 -31350.000000 -0.307052 
102200.000000 -31320.000000 -0.306458 
102300.000000 -31226.000000 -0.305239 
102400.000000 -31220.000000 -0.304883 
102500.000000 -31138.000000 -0.303785 
102600.000000 -31060.000000 -0.302729 
102700.000000 -30996.000000 -0.301811 
102800.000000 -30950.000000 -0.301070 
102900.000000 -30862.000000 -0.299922 
103000.000000 -30764.000000 -0.298680 
103100.000000 -30736.000000 -0.298118 
103200.000000 -30706.000000 -0.297539 
103300.000000 -30674.000000 -0.296941 
103400.000000 -30596.000000 -0.295899 
103500.000000 -30536.000000 -0.295034 
103600.000000 -30582.000000 -0.295193 
103700.000000 -30570.000000 -0.294793 
103800.000000 -30532.000000 -0.294143 
103900.000000 -30492.000000 -0.293474 
104000.000000 -30406.000000 -0.292365 
104100.000000 -30350.000000 -0.291547 
104200.000000 -30290.000000 -0.290691 
104300.000000 -30216.000000 -0.289703 
104400.000000 -30144.000000 -0.288736 
104500.000000 -30058.000000 -0.287636 
104600.000000 -30044.000000 -0.287228 
104700.000000 -29994.000000 -0.286476 
104800.000000 -29954.000000 -0.285821 
104900.000000 -29884.000000 -0.284881 
105000.000000 -29844.000000 -0.284229 
105100.000000 -29806.000000 -0.283597 
105200.000000 -29756.000000 -0.282852 
105300.000000 -29726.000000 -0.282298 
105400.000000 -29650.000000 -0.281309 
105500.000000 -29620.000000 -0.280758 
105600.000000 -29584.000000 -0.280152 
105700.000000 -29484.000000 -0.278940 
105800.000000 -29472.000000 -0.278563 
105900.000000 -29444.000000 -0.278036 
106000.000000 -29350.000000 -0.276887 
106100.000000 -29278.000000 -0.275947 
106200.000000 -29226.000000 -0.275198 
106300.000000 -29168.000000 -0.274393 
106400.000000 -29118.000000 -0.273665 
106500.000000 -29064.000000 -0.272901 
106600.000000 -29012.000000 -0.272158 
106700.000000 -28954.000000 -0.271359 
106800.000000 -28914.000000 -0.270730 
106900.000000 -28856.000000 -0.269935 
107000.000000 -28830.000000 -0.269439 
107100.000000 -28828.000000 -0.269169 
107200.000000 -28846.000000 -0.269086 
107300.000000 -28850.000000 -0.268872 
107400.000000 -28822.000000 -0.268361 
107500.000000 -28730.000000 -0.267256 
107600.000000 -28704.000000 -0.266766 
107700.000000 -28668.000000 -0.266184 
107800.000000 -28698.000000 -0.266215 
107900.000000 -28658.000000 -0.265598 
108000.000000 -28606.000000 -0.264870 
108100.000000 -28528.000000 -0.263904 
108200.000000 -28480.000000 -0.263216 
108300.000000 -28408.000000 -0.262308 
108400.000000 -28312.000000 -0.261181 
108500.000000 -28248.000000 -0.260350 
108600.000000 -28206.000000 -0.259724 
108700.000000 -28142.000000 -0.258896 
108800.000000 -28076.000000 -0.258051 
108900.000000 -28030.000000 -0.257392 
109000.000000 -27944.000000 -0.256367 
109100.000000 -27866.000000 -0.255417 
109200.000000 -27780.000000 -0.254396 
109300.000000 -27690.000000 -0.253339 
109400.000000 -27626.000000 -0.252523 
109500.000000 -27572.000000 -0.251799 
109600.000000 -27530.000000 -0.251186 
109700.000000 -27438.000000 -0.250118 
109800.000000 -27384.000000 -0.249399 
109900.000000 -27314.000000 -0.248535 
110000.000000 -27284.000000 -0.248036 
110100.000000 -27244.000000 -0.247448 
110200.000000 -27194.000000 -0.246770 
110300.000000 -27144.000000 -0.246092 
110400.000000 -27062.000000 -0.245127 
110500.000000 -27032.000000 -0.244633 
110600.000000 -27002.000000 -0.244141 
110700.000000 -26988.000000 -0.243794 
110800.000000 -26902.000000 -0.242798 
110900.000000 -26864.000000 -0.242236 
111000.000000 -26832.000000 -0.241730 
111100.000000 -26798.000000 -0.241206 
111200.000000 -26806.000000 -0.241061 
111300.000000 -26764.000000 -0.240467 
111400.000000 -26682.000000 -0.239515 
111500.000000 -26642.000000 -0.238942 
111600.000000 -26588.000000 -0.238244 
111700.000000 -26556.000000 -0.237744 
111800.000000 -26498.000000 -0.237013 
111900.000000 -26448.000000 -0.236354 
112000.000000 -26390.000000 -0.235625 
112100.000000 -26330.000000 -0.234880 
112200.000000 -26264.000000 -0.234082 
112300.000000 -26188.000000 -0.233197 
112400.000000 -26156.000000 -0.232705 
112500.000000 -26130.000000 -0.232267 
112600.000000 -26078.000000 -0.231599 
112700.000000 -26004.000000 -0.230736 
112800.000000 -25970.000000 -0.230230 
112900.000000 -25964.000000 -0.229973 
113000.000000 -25934.000000 -0.229504 
113100.000000 -25878.000000 -0.228806 
113200.000000 -25818.000000 -0.228074 
113300.000000 -25774.000000 -0.227485 
113400.000000 -25714.000000 -0.226755 
113500.000000 -25684.000000 -0.226291 
113600.000000 -25602.000000 -0.225370 
113700.000000 -25600.000000 -0.225154 
113800.000000 -25560.000000 -0.224605 
113900.000000 -25564.000000 -0.224442 
114000.000000 -25528.000000 -0.223930 
114100.000000 -25480.000000 -0.223313 
114200.000000 -25472.000000 -0.223047 
114300.000000 -25408.000000 -0.222292 
114400.000000 -25368.000000 -0.221748 
114500.000000 -25292.000000 -0.220891 
114600.000000 -25254.000000 -0.220366 
114700.000000 -25220.000000 -0.219878 
114800.000000 -25208.000000 -0.219582 
114900.000000 -25186.000000 -0.219199 
115000.000000 -25166.000000 -0.218835 
115100.000000 -25096.000000 -0.218036 
115200.000000 -25044.000000 -0.217396 
115300.000000 -24982.000000 -0.216670 
115400.000000 -24940.000000 -0.216118 
115500.000000 -24930.000000 -0.215844 
115600.000000 -24890.000000 -0.215311 
115700.000000 -24844.000000 -0.214728 
115800.000000 -24826.000000 -0.214387 
115900.000000 -24774.000000 -0.213753 
116000.000000 -24770.000000 -0.213534 
116100.000000 -24732.000000 -0.213023 
116200.000000 -24702.000000 -0.212582 
116300.000000 -24628.000000 -0.211763 
116400.000000 -24580.000000 -0.211168 
116500.000000 -24524.000000 -0.210506 
116600.000000 -24496.000000 -0.210086 
116700.000000 -24460.000000 -0.209597 
116800.000000 -24410.000000 -0.208990 
116900.000000 -24348.000000 -0.208281 
117000.000000 -24278.000000 -0.207504 
117100.000000 -24214.000000 -0.206781 
117200.000000 -24196.000000 -0.206451 
117300.000000 -24170.000000 -0.206053 
117400.000000 -24102.000000 -0.205298 
117500.000000 -24058.000000 -0.204749 
117600.000000 -23986.000000 -0.203963 
117700.000000 -23960.000000 -0.203568 
117800.000000 -23934.000000 -0.203175 
117900.000000 -23896.000000 -0.202680 
118000.000000 -23828.000000 -0.201932 
118100.000000 -23810.000000 -0.201609 
118200.000000 -23784.000000 -0.201218 
118300.000000 -23718.000000 -0.200490 
118400.000000 -23624.000000 -0.199527 
118500.000000 -23598.000000 -0.199139 
118600.000000 -23592.000000 -0.198921 
118700.000000 -23540.000000 -0.198315 
118800.000000 -23490.000000 -0.197727 
118900.000000 -23462.000000 -0.197325 
119000.000000 -23444.000000 -0.197008 
119100.000000 -23448.000000 -0.196877 
119200.000000 -23394.000000 -0.196258 
119300.000000 -23366.000000 -0.195859 
119400.000000 -23296.000000 -0.195109 
119500.000000 -23268.000000 -0.194711 
119600.000000 -23234.000000 -0.194264 
119700.000000 -23158.000000 -0.193467 
119800.000000 -23104.000000 -0.192855 
119900.000000 -23106.000000 -0.192711 
120000.000000 -23046.000000 -0.192050 
120100.000000 -23014.000000 -0.191624 
120200.000000 -22992.000000 -0.191281 
120300.000000 -22928.000000 -0.190590 
120400.000000 -22894.000000 -0.190150 
120500.000000 -22892.000000 -0.189975 
120600.000000 -22880.000000 -0.189718 
120700.000000 -22876.000000 -0.189528 
120800.000000 -22888.000000 -0.189470 
120900.000000 -22856.000000 -0.189049 
121000.000000 -22828.000000 -0.188661 
121100.000000 -22824.000000 -0.188472 
121200.000000 -22794.000000 -0.188069 
121300.000000 -22768.000000 -0.187700 
121400.000000 -22742.000000 -0.187331 
121500.000000 -22688.000000 -0.186733 
121600.000000 -22652.000000 -0.186283 
121700.000000 -22618.000000 -0.185850 
121800.000000 -22580.000000 -0.185386 
121900.000000 -22564.000000 -0.185103 
122000.000000 -22534.000000 -0.184705 
122100.000000 -22476.000000 -0.184079 
122200.000000 -22420.000000 -0.183470 
122300.000000 -22386.000000 -0.183042 
122400.000000 -22388.000000 -0.182908 
122500.000000 -22346.000000 -0.182416 
122600.000000 -22300.000000 -0.181892 
122700.000000 -22228.000000 -0.181157 
122800.000000 -22192.000000 -0.180717 
122900.000000 -22132.000000 -0.180081 
123000.000000 -22108.000000 -0.179740 
123100.000000 -22070.000000 -0.179285 
123200.000000 -22052.000000 -0.178994 
123300.000000 -22012.000000 -0.178524 
123400.000000 -21988.000000 -0.178185 
123500.000000 -21908.000000 -0.177393 
123600.000000 -21818.000000 -0.176521 
123700.000000 -21766.000000 -0.175958 
123800.000000 -21722.000000 -0.175460 
123900.000000 -21716.000000 -0.175270 
124000.000000 -21676.000000 -0.174806 
124100.000000 -21628.000000 -0.174279 
124200.000000 -21610.000000 -0.173994 
124300.000000 -21622.000000 -0.173950 
124400.000000 -21608.000000 -0.173698 
124500.000000 -21566.000000 -0.173221 
124600.000000 -21544.000000 -0.172905 
124700.000000 -21510.000000 -0.172494 
124800.000000 -21458.000000 -0.171939 
124900.000000 -21446.000000 -0.171705 
125000.000000 -21458.000000 -0.171664 
125100.000000 -21402.000000 -0.171079 
125200.000000 -21388.000000 -0.170831 
125300.000000 -21372.000000 -0.170567 
125400.000000 -21334.000000 -0.170128 
125500.000000 -21320.000000 -0.169880 
125600.000000 -21366.000000 -0.170111 
125700.000000 -21346.000000 -0.169817 
125800.000000 -21264.000000 -0.169030 
125900.000000 -21236.000000 -0.168674 
126000.000000 -21246.000000 -0.168619 
126100.000000 -21182.000000 -0.167978 
126200.000000 -21134.000000 -0.167464 
126300.000000 -21112.000000 -0.167158 
126400.000000 -21032.000000 -0.166392 
126500.000000 -20958.000000 -0.165676 
126600.000000 -20968.000000 -0.165624 
126700.000000 -20916.000000 -0.165083 
126800.000000 -20904.000000 -0.164858 
126900.000000 -20832.000000 -0.164161 
127000.000000 -20794.000000 -0.163732 
127100.000000 -20728.000000 -0.163084 
127200.000000 -20712.000000 -0.162830 
127300.000000 -20670.000000 -0.162372 
127400.000000 -20596.000000 -0.161664 
127500.000000 -20610.000000 -0.161647 
127600.000000 -20580.000000 -0.161285 
127700.000000 -20556.000000 -0.160971 
127800.000000 -20476.000000 -0.160219 
127900.000000 -20464.000000 -0.160000 
128000.000000 -20452.000000 -0.159781 
128100.000000 -20362.000000 -0.158954 
128200.000000 -20336.000000 -0.158627 
128300.000000 -20274.000000 -0.158020 
128400.000000 -20220.000000 -0.157477 
128500.000000 -20196.000000 -0.157167 
128600.000000 -20154.000000 -0.156719 
128700.000000 -20120.000000 -0.156333 
128800.000000 -20108.000000 -0.156118 
128900.000000 -20066.000000 -0.155671 
129000.000000 -20052.000000 -0.155442 
129100.000000 -19982.000000 -0.154779 
129200.000000 -19962.000000 -0.154505 
129300.000000 -19942.000000 -0.154230 
129400.000000 -19926.000000 -0.153988 
129500.000000 -19904.000000 -0.153699 
129600.000000 -19828.000000 -0.152994 
129700.000000 -19778.000000 -0.152490 
129800.000000 -19716.000000 -0.151895 
129900.000000 -19662.000000 -0.151363 
130000.000000 -19650.000000 -0.151154 
130100.000000 -19662.000000 -0.151130 
130200.000000 -19638.000000 -0.150829 
130300.000000 -19618.000000 -0.150560 
130400.000000 -19596.000000 -0.150276 
130500.000000 -19574.000000 -0.149992 
130600.000000 -19600.000000 -0.150077 
130700.000000 -19626.000000 -0.150161 
130800.000000 -19616.000000 -0.149969 
130900.000000 -19552.000000 -0.149366 
131000.000000 -19470.000000 -0.148626 
131100.000000 -19476.000000 -0.148558 
131200.000000 -19478.000000 -0.148460 
131300.000000 -19440.000000 -0.148058 
131400.000000 -19394.000000 -0.147595 
131500.000000 -19334.000000 -0.147027 
131600.000000 -19298.000000 -0.146641 
131700.000000 -19256.000000 -0.146211 
131800.000000 -19210.000000 -0.145751 
131900.000000 -19210.000000 -0.145641 
132000.000000 -19158.000000 -0.145136 
132100.000000 -19168.000000 -0.145102 
132200.000000 -19156.000000 -0.144902 
132300.000000 -19094.000000 -0.144324 
132400.000000 -19056.000000 -0.143927 
132500.000000 -19016.000000 -0.143517 
132600.000000 -19018.000000 -0.143424 
132700.000000 -19024.000000 -0.143361 
132800.000000 -18994.000000 -0.143027 
132900.000000 -18944.000000 -0.142543 
133000.000000 -18874.000000 -0.141910 
133100.000000 -18878.000000 -0.141833 
133200.000000 -18800.000000 -0.141141 
133300.000000 -18700.000000 -0.140285 
133400.000000 -18648.000000 -0.139790 
133500.000000 -18596.000000 -0.139296 
133600.000000 -18568.000000 -0.138982 
133700.000000 -18542.000000 -0.138684 
133800.000000 -18534.000000 -0.138520 
133900.000000 -18508.000000 -0.138223 
134000.000000 -18440.000000 -0.137612 
134100.000000 -18418.000000 -0.137345 
134200.000000 -18364.000000 -0.136841 
134300.000000 -18340.000000 -0.136560 
134400.000000 -18322.000000 -0.136324 
134500.000000 -18290.000000 -0.135985 
134600.000000 -18252.000000 -0.135602 
134700.000000 -18192.000000 -0.135056 
134800.000000 -18200.000000 -0.135015 
134900.000000 -18160.000000 -0.134618 
135000.000000 -18150.000000 -0.134444 
135100.000000 -18086.000000 -0.133871 
135200.000000 -18014.000000 -0.133240 
135300.000000 -17968.000000 -0.132801 
135400.000000 -17928.000000 -0.132408 
135500.000000 -17876.000000 -0.131926 
135600.000000 -17802.000000 -0.131283 
135700.000000 -17744.000000 -0.130759 
135800.000000 -17760.000000 -0.130781 
135900.000000 -17718.000000 -0.130375 
136000.000000 -17668.000000 -0.129912 
136100.000000 -17656.000000 -0.129728 
136200.000000 -17626.000000 -0.129413 
136300.000000 -17582.000000 -0.128995 
136400.000000 -17544.000000 -0.128622 
136500.000000 -17530.000000 -0.128425 
136600.000000 -17472.000000 -0.127906 
136700.000000 -17430.000000 -0.127505 
136800.000000 -17390.000000 -0.127120 
136900.000000 -17350.000000 -0.126735 
137000.000000 -17304.000000 -0.126307 
137100.000000 -17230.000000 -0.125675 
137200.000000 -17210.000000 -0.125437 
137300.000000 -17166.000000 -0.125025 
137400.000000 -17174.000000 -0.124993 
137500.000000 -17128.000000 -0.124567 
137600.000000 -17092.000000 -0.124215 
137700.000000 -17042.000000 -0.123762 
137800.000000 -16990.000000 -0.123295 
137900.000000 -16940.000000 -0.122843 
138000.000000 -16934.000000 -0.122710 
138100.000000 -16922.000000 -0.122534 
138200.000000 -16902.000000 -0.122301 
138300.000000 -16872.000000 -0.121996 
138400.000000 -16832.000000 -0.121618 
138500.000000 -16758.000000 -0.120996 
138600.000000 -16702.000000 -0.120505 
138700.000000 -16670.000000 -0.120187 
138800.000000 -16570.000000 -0.119380 
138900.000000 -16528.000000 -0.118992 
139000.000000 -16488.000000 -0.118619 
139100.000000 -16470.000000 -0.118404 
139200.000000 -16432.000000 -0.118046 
139300.000000 -16358.000000 -0.117430 
139400.000000 -16288.000000 -0.116844 
139500.000000 -16266.000000 -0.116602 
139600.000000 -16242.000000 -0.116347 
139700.000000 -16206.000000 -0.116006 
139800.000000 -16126.000000 -0.115350 
139900.000000 -16116.000000 -0.115197 
140000.000000 -16084.000000 -0.114886 
140100.000000 -16036.000000 -0.114461 
140200.000000 -15974.000000 -0.113937 
140300.000000 -15914.000000 -0.113428 
140400.000000 -15860.000000 -0.112963 
140500.000000 -15782.000000 -0.112327 
140600.000000 -15734.000000 -0.111906 
140700.000000 -15700.000000 -0.111585 
140800.000000 -15644.000000 -0.111108 
140900.000000 -15592.000000 -0.110660 
141000.000000 -15584.000000 -0.110525 
141100.000000 -15558.000000 -0.110262 
141200.000000 -15626.000000 -0.110666 
141300.000000 -15608.000000 -0.110460 
141400.000000 -15558.000000 -0.110028 
141500.000000 -15460.000000 -0.109258 
141600.000000 -15384.000000 -0.108644 
141700.000000 -15390.000000 -0.108610 
141800.000000 -15310.000000 -0.107969 
141900.000000 -15276.000000 -0.107653 
142000.000000 -15292.000000 -0.107690 
142100.000000 -15278.000000 -0.107516 
142200.000000 -15204.000000 -0.106920 
142300.000000 -15192.000000 -0.106760 
142400.000000 -15152.000000 -0.106404 
142500.000000 -15108.000000 -0.106021 
142600.000000 -15062.000000 -0.105624 
142700.000000 -15052.000000 -0.105480 
142800.000000 -14996.000000 -0.105014 
142900.000000 -14918.000000 -0.104395 
143000.000000 -14856.000000 -0.103888 
143100.000000 -14844.000000 -0.103732 
143200.000000 -14828.000000 -0.103547 
143300.000000 -14780.000000 -0.103140 
143400.000000 -14698.000000 -0.102497 
143500.000000 -14690.000000 -0.102369 
143600.000000 -14688.000000 -0.102284 
143700.000000 -14680.000000 -0.102157 
143800.000000 -14704.000000 -0.102253 
143900.000000 -14628.000000 -0.101654 
144000.000000 -14564.000000 -0.101139 
144100.000000 -14524.000000 -0.100791 
144200.000000 -14462.000000 -0.100291 
144300.000000 -14440.000000 -0.100069 
144400.000000 -14410.000000 -0.099792 
144500.000000 -14360.000000 -0.099377 
144600.000000 -14312.000000 -0.098976 
144700.000000 -14256.000000 -0.098521 
144800.000000 -14162.000000 -0.097804 
144900.000000 -14136.000000 -0.097557 
145000.000000 -14078.000000 -0.097090 
145100.000000 -14038.000000 -0.096747 
145200.000000 -13960.000000 -0.096143 
145300.000000 -13876.000000 -0.095499 
145400.000000 -13866.000000 -0.095365 
145500.000000 -13838.000000 -0.095107 
145600.000000 -13844.000000 -0.095082 
145700.000000 -13806.000000 -0.094756 
145800.000000 -13766.000000 -0.094417 
145900.000000 -13752.000000 -0.094256 
146000.000000 -13762.000000 -0.094260 
146100.000000 -13692.000000 -0.093717 
146200.000000 -13670.000000 -0.093502 
146300.000000 -13614.000000 -0.093055 
146400.000000 -13588.000000 -0.092814 
146500.000000 -13566.000000 -0.092601 
146600.000000 -13536.000000 -0.092333 
146700.000000 -13484.000000 -0.091915 
146800.000000 -13442.000000 -0.091567 
146900.000000 -13376.000000 -0.091055 
147000.000000 -13338.000000 -0.090735 
147100.000000 -13272.000000 -0.090224 
147200.000000 -13194.000000 -0.089633 
147300.000000 -13188.000000 -0.089532 
147400.000000 -13148.000000 -0.089199 
147500.000000 -13154.000000 -0.089180 
147600.000000 -13142.000000 -0.089038 
147700.000000 -13044.000000 -0.088314 
147800.000000 -12986.000000 -0.087862 
147900.000000 -12952.000000 -0.087573 
148000.000000 -12932.000000 -0.087378 
148100.000000 -12908.000000 -0.087157 
148200.000000 -12844.000000 -0.086667 
148300.000000 -12838.000000 -0.086568 
148400.000000 -12780.000000 -0.086119 
148500.000000 -12786.000000 -0.086101 
148600.000000 -12750.000000 -0.085801 
148700.000000 -12694.000000 -0.085367 
148800.000000 -12666.000000 -0.085121 
148900.000000 -12612.000000 -0.084701 
149000.000000 -12558.000000 -0.084282 
149100.000000 -12536.000000 -0.084078 
149200.000000 -12442.000000 -0.083391 
149300.000000 -12358.000000 -0.082773 
149400.000000 -12326.000000 -0.082503 
149500.000000 -12342.000000 -0.082555 
149600.000000 -12290.000000 -0.082152 
149700.000000 -12244.000000 -0.081790 
149800.000000 -12194.000000 -0.081402 
149900.000000 -12140.000000 -0.080987 
150000.000000 -12092.000000 -0.080613 
150100.000000 -12040.000000 -0.080213 
150200.000000 -12012.000000 -0.079973 
150300.000000 -11976.000000 -0.079681 
150400.000000 -11942.000000 -0.079402 
150500.000000 -11910.000000 -0.079136 
150600.000000 -11872.000000 -0.078831 
150700.000000 -11844.000000 -0.078593 
150800.000000 -11838.000000 -0.078501 
150900.000000 -11754.000000 -0.077893 
151000.000000 -11692.000000 -0.077430 
151100.000000 -11648.000000 -0.077088 
151200.000000 -11658.000000 -0.077103 
151300.000000 -11604.000000 -0.076695 
151400.000000 -11548.000000 -0.076275 
151500.000000 -11522.000000 -0.076053 
151600.000000 -11484.000000 -0.075752 
151700.000000 -11400.000000 -0.075148 
151800.000000 -11416.000000 -0.075204 
151900.000000 -11514.000000 -0.075800 
152000.000000 -11534.000000 -0.075882 
152100.000000 -11478.000000 -0.075464 
152200.000000 -11410.000000 -0.074967 
152300.000000 -11358.000000 -0.074576 
152400.000000 -11312.000000 -0.074226 
152500.000000 -11224.000000 -0.073600 
152600.000000 -11162.000000 -0.073145 
152700.000000 -11104.000000 -0.072718 
152800.000000 -11062.000000 -0.072395 
152900.000000 -11008.000000 -0.071995 
153000.000000 -10958.000000 -0.071621 
153100.000000 -10896.000000 -0.071169 
153200.000000 -10882.000000 -0.071031 
153300.000000 -10798.000000 -0.070437 
153400.000000 -10786.000000 -0.070313 
153500.000000 -10798.000000 -0.070345 
153600.000000 -10740.000000 -0.069922 
153700.000000 -10666.000000 -0.069395 
153800.000000 -10648.000000 -0.069233 
153900.000000 -10586.000000 -0.068785 
154000.000000 -10512.000000 -0.068260 
154100.000000 -10430.000000 -0.067683 
154200.000000 -10386.000000 -0.067354 
154300.000000 -10344.000000 -0.067038 
154400.000000 -10302.000000 -0.066723 
154500.000000 -10212.000000 -0.066097 
154600.000000 -10158.000000 -0.065705 
154700.000000 -10168.000000 -0.065727 
154800.000000 -10088.000000 -0.065168 
154900.000000 -10006.000000 -0.064597 
155000.000000 -9944.000000 -0.064155 
155100.000000 -9898.000000 -0.063817 
155200.000000 -9816.000000 -0.063247 
155300.000000 -9842.000000 -0.063374 
155400.000000 -9856.000000 -0.063423 
155500.000000 -9856.000000 -0.063383 
155600.000000 -9862.000000 -0.063380 
155700.000000 -9816.000000 -0.063044 
155800.000000 -9766.000000 -0.062683 
155900.000000 -9700.000000 -0.062219 
156000.000000 -9612.000000 -0.061615 
156100.000000 -9570.000000 -0.061307 
156200.000000 -9530.000000 -0.061012 
156300.000000 -9504.000000 -0.060806 
156400.000000 -9410.000000 -0.060166 
156500.000000 -9364.000000 -0.059834 
156600.000000 -9310.000000 -0.059451 
156700.000000 -9256.000000 -0.059068 
156800.000000 -9222.000000 -0.058814 
156900.000000 -9182.000000 -0.058521 
157000.000000 -9120.000000 -0.058089 
157100.000000 -9072.000000 -0.057747 
157200.000000 -9058.000000 -0.057621 
157300.000000 -9018.000000 -0.057330 
157400.000000 -8964.000000 -0.056950 
157500.000000 -8900.000000 -0.056508 
157600.000000 -8860.000000 -0.056218 
157700.000000 -8804.000000 -0.055828 
157800.000000 -8756.000000 -0.055488 
157900.000000 -8748.000000 -0.055402 
158000.000000 -8728.000000 -0.055241 
158100.000000 -8712.000000 -0.055104 
158200.000000 -8658.000000 -0.054728 
158300.000000 -8638.000000 -0.054567 
158400.000000 -8602.000000 -0.054306 
158500.000000 -8578.000000 -0.054120 
158600.000000 -8496.000000 -0.053569 
158700.000000 -8456.000000 -0.053283 
158800.000000 -8446.000000 -0.053186 
158900.000000 -8394.000000 -0.052826 
159000.000000 -8330.000000 -0.052390 
159100.000000 -8286.000000 -0.052080 
159200.000000 -8238.000000 -0.051746 
159300.000000 -8196.000000 -0.051450 
159400.000000 -8164.000000 -0.051217 
159500.000000 -8080.000000 -0.050658 
159600.000000 -8010.000000 -0.050188 
159700.000000 -7974.000000 -0.049931 
159800.000000 -7916.000000 -0.049537 
159900.000000 -7884.000000 -0.049306 
160000.000000 -7840.000000 -0.049000 
160100.000000 -7802.000000 -0.048732 
160200.000000 -7754.000000 -0.048402 
160300.000000 -7700.000000 -0.048035 
160400.000000 -7622.000000 -0.047519 
160500.000000 -7596.000000 -0.047327 
160600.000000 -7544.000000 -0.046974 
160700.000000 -7478.000000 -0.046534 
160800.000000 -7512.000000 -0.046716 
160900.000000 -7488.000000 -0.046538 
161000.000000 -7454.000000 -0.046298 
161100.000000 -7366.000000 -0.045723 
161200.000000 -7312.000000 -0.045360 
161300.000000 -7228.000000 -0.044811 
161400.000000 -7166.000000 -0.044399 
161500.000000 -7116.000000 -0.044062 
161600.000000 -7092.000000 -0.043886 
161700.000000 -7056.000000 -0.043636 
161800.000000 -6970.000000 -0.043078 
161900.000000 -6900.000000 -0.042619 
162000.000000 -6882.000000 -0.042481 
162100.000000 -6800.000000 -0.041949 
162200.000000 -6716.000000 -0.041406 
162300.000000 -6666.000000 -0.041072 
162400.000000 -6614.000000 -0.040727 
162500.000000 -6586.000000 -0.040529 
162600.000000 -6530.000000 -0.040160 
162700.000000 -6458.000000 -0.039693 
162800.000000 -6358.000000 -0.039054 
162900.000000 -6328.000000 -0.038846 
163000.000000 -6308.000000 -0.038699 
163100.000000 -6308.000000 -0.038676 
163200.000000 -6252.000000 -0.038309 
163300.000000 -6176.000000 -0.037820 
163400.000000 -6112.000000 -0.037405 
163500.000000 -6078.000000 -0.037174 
163600.000000 -6018.000000 -0.036785 
163700.000000 -5952.000000 -0.036359 
163800.000000 -5890.000000 -0.035958 
163900.000000 -5840.000000 -0.035631 
164000.000000 -5806.000000 -0.035402 
164100.000000 -5740.000000 -0.034979 
164200.000000 -5740.000000 -0.034957 
164300.000000 -5694.000000 -0.034656 
164400.000000 -5666.000000 -0.034465 
164500.000000 -5664.000000 -0.034432 
164600.000000 -5612.000000 -0.034095 
164700.000000 -5560.000000 -0.033758 
164800.000000 -5514.000000 -0.033459 
164900.000000 -5460.000000 -0.033111 
165000.000000 -5400.000000 -0.032727 
165100.000000 -5356.000000 -0.032441 
165200.000000 -5338.000000 -0.032312 
165300.000000 -5272.000000 -0.031894 
165400.000000 -5196.000000 -0.031415 
165500.000000 -5190.000000 -0.031360 
165600.000000 -5168.000000 -0.031208 
165700.000000 -5118.000000 -0.030887 
165800.000000 -5100.000000 -0.030760 
165900.000000 -5078.000000 -0.030609 
166000.000000 -5004.000000 -0.030145 
166100.000000 -4950.000000 -0.029801 
166200.000000 -4898.000000 -0.029471 
166300.000000 -4868.000000 -0.029272 
166400.000000 -4826.000000 -0.029002 
166500.000000 -4790.000000 -0.028769 
166600.000000 -4722.000000 -0.028343 
166700.000000 -4674.000000 -0.028038 
166800.000000 -4632.000000 -0.027770 
166900.000000 -4582.000000 -0.027454 
167000.000000 -4546.000000 -0.027222 
167100.000000 -4484.000000 -0.026834 
167200.000000 -4466.000000 -0.026711 
167300.000000 -4376.000000 -0.026157 
167400.000000 -4360.000000 -0.026045 
167500.000000 -4266.000000 -0.025469 
167600.000000 -4214.000000 -0.025143 
167700.000000 -4150.000000 -0.024747 
167800.000000 -4108.000000 -0.024482 
167900.000000 -4070.000000 -0.024241 
168000.000000 -4026.000000 -0.023964 
168100.000000 -3978.000000 -0.023664 
168200.000000 -3938.000000 -0.023413 
168300.000000 -3920.000000 -0.023292 
168400.000000 -3878.000000 -0.023029 
168500.000000 -3794.000000 -0.022516 
168600.000000 -3752.000000 -0.022254 
168700.000000 -3718.000000 -0.022039 
168800.000000 -3700.000000 -0.021919 
168900.000000 -3632.000000 -0.021504 
169000.000000 -3650.000000 -0.021598 
169100.000000 -3576.000000 -0.021147 
169200.000000 -3510.000000 -0.020745 
169300.000000 -3486.000000 -0.020591 
169400.000000 -3426.000000 -0.020224 
169500.000000 -3402.000000 -0.020071 
169600.000000 -3334.000000 -0.019658 
169700.000000 -3320.000000 -0.019564 
169800.000000 -3238.000000 -0.019069 
169900.000000 -3192.000000 -0.018788 
170000.000000 -3114.000000 -0.018318 
170100.000000 -3058.000000 -0.017978 
170200.000000 -2996.000000 -0.017603 
170300.000000 -2960.000000 -0.017381 
170400.000000 -2902.000000 -0.017031 
170500.000000 -2834.000000 -0.016622 
170600.000000 -2770.000000 -0.016237 
170700.000000 -2678.000000 -0.015688 
170800.000000 -2626.000000 -0.015375 
170900.000000 -2534.000000 -0.014827 
171000.000000 -2478.000000 -0.014491 
171100.000000 -2406.000000 -0.014062 
171200.000000 -2348.000000 -0.013715 
171300.000000 -2262.000000 -0.013205 
171400.000000 -2166.000000 -0.012637 
171500.000000 -2126.000000 -0.012397 
171600.000000 -2072.000000 -0.012075 
171700.000000 -2018.000000 -0.011753 
171800.000000 -1930.000000 -0.011234 
171900.000000 -1846.000000 -0.010739 
172000.000000 -1794.000000 -0.010430 
172100.000000 -1768.000000 -0.010273 
172200.000000 -1700.000000 -0.009872 
172300.000000 -1636.000000 -0.009495 
172400.000000 -1550.000000 -0.008991 
172500.000000 -1524.000000 -0.008835 
172600.000000 -1436.000000 -0.008320 
172700.000000 -1368.000000 -0.007921 
172800.000000 -1278.000000 -0.007396 
172900.000000 -1282.000000 -0.007415 
173000.000000 -1190.000000 -0.006879 
173100.000000 -1122.000000 -0.006482 
173200.000000 -1050.000000 -0.006062 
173300.000000 -1006.000000 -0.005805 
173400.000000 -940.000000 -0.005421 
173500.000000 -896.000000 -0.005164 
173600.000000 -812.000000 -0.004677 
173700.000000 -778.000000 -0.004479 
173800.000000 -712.000000 -0.004097 
173900.000000 -666.000000 -0.003830 
174000.000000 -638.000000 -0.003667 
174100.000000 -566.000000 -0.003251 
174200.000000 -518.000000 -0.002974 
174300.000000 -438.000000 -0.002513 
174400.000000 -362.000000 -0.002076 
174500.000000 -300.000000 -0.001719 
174600.000000 -266.000000 -0.001523 
174700.000000 -172.000000 -0.000985 
174800.000000 -106.000000 -0.000606 
174900.000000 -20.000000 -0.000114 
175000.000000 36.000000 0.000206 
175100.000000 70.000000 0.000400 
175200.000000 128.000000 0.000731 
175300.000000 210.000000 0.001198 
175400.000000 192.000000 0.001095 
175500.000000 238.000000 0.001356 
175600.000000 312.000000 0.001777 
175700.000000 368.000000 0.002094 
175800.000000 432.000000 0.002457 
175900.000000 464.000000 0.002638 
176000.000000 560.000000 0.003182 
176100.000000 588.000000 0.003339 
176200.000000 634.000000 0.003598 
176300.000000 694.000000 0.003936 
176400.000000 748.000000 0.004240 
176500.000000 824.000000 0.004669 
176600.000000 910.000000 0.005153 
176700.000000 948.000000 0.005365 
176800.000000 1018.000000 0.005758 
176900.000000 1068.000000 0.006037 
177000.000000 1150.000000 0.006497 
177100.000000 1242.000000 0.007013 
177200.000000 1294.000000 0.007302 
177300.000000 1346.000000 0.007592 
177400.000000 1388.000000 0.007824 
177500.000000 1450.000000 0.008169 
177600.000000 1494.000000 0.008412 
177700.000000 1564.000000 0.008801 
177800.000000 1620.000000 0.009111 
177900.000000 1704.000000 0.009578 
178000.000000 1778.000000 0.009989 
178100.000000 1854.000000 0.010410 
178200.000000 1954.000000 0.010965 
178300.000000 2028.000000 0.011374 
178400.000000 2086.000000 0.011693 
178500.000000 2138.000000 0.011978 
178600.000000 2232.000000 0.012497 
178700.000000 2284.000000 0.012781 
178800.000000 2308.000000 0.012908 
178900.000000 2366.000000 0.013225 
179000.000000 2420.000000 0.013520 
179100.000000 2486.000000 0.013881 
179200.000000 2562.000000 0.014297 
179300.000000 2646.000000 0.014757 
179400.000000 2714.000000 0.015128 
179500.000000 2770.000000 0.015432 
179600.000000 2852.000000 0.015880 
179700.000000 2934.000000 0.016327 
179800.000000 3002.000000 0.016696 
179900.000000 3044.000000 0.016921 
180000.000000 3106.000000 0.017256 
180100.000000 3182.000000 0.017668 
180200.000000 3226.000000 0.017902 
180300.000000 3250.000000 0.018026 
180400.000000 3318.000000 0.018392 
180500.000000 3354.000000 0.018582 
180600.000000 3432.000000 0.019003 
180700.000000 3492.000000 0.019325 
180800.000000 3530.000000 0.019524 
180900.000000 3614.000000 0.019978 
181000.000000 3614.000000 0.019967 
181100.000000 3712.000000 0.020497 
181200.000000 3746.000000 0.020673 
181300.000000 3810.000000 0.021015 
181400.000000 3844.000000 0.021191 
181500.000000 3894.000000 0.021455 
181600.000000 3968.000000 0.021850 
181700.000000 3986.000000 0.021937 
181800.000000 4022.000000 0.022123 
181900.000000 4094.000000 0.022507 
182000.000000 4128.000000 0.022681 
182100.000000 4184.000000 0.022976 
182200.000000 4236.000000 0.023249 
182300.000000 4300.000000 0.023587 
182400.000000 4384.000000 0.024035 
182500.000000 4440.000000 0.024329 
182600.000000 4500.000000 0.024644 
182700.000000 4550.000000 0.024904 
182800.000000 4608.000000 0.025208 
182900.000000 4688.000000 0.025631 
183000.000000 4718.000000 0.025781 
183100.000000 4748.000000 0.025931 
183200.000000 4796.000000 0.026179 
183300.000000 4844.000000 0.026427 
183400.000000 4898.000000 0.026707 
183500.000000 4950.000000 0.026975 
183600.000000 4998.000000 0.027222 
183700.000000 5042.000000 0.027447 
183800.000000 5100.000000 0.027748 
183900.000000 5152.000000 0.028015 
184000.000000 5190.000000 0.028207 
184100.000000 5214.000000 0.028322 
184200.000000 5248.000000 0.028491 
184300.000000 5332.000000 0.028931 
184400.000000 5416.000000 0.029371 
184500.000000 5468.000000 0.029637 
184600.000000 5554.000000 0.030087 
184700.000000 5578.000000 0.030200 
184800.000000 5644.000000 0.030541 
184900.000000 5684.000000 0.030741 
185000.000000 5756.000000 0.031114 
185100.000000 5834.000000 0.031518 
185200.000000 5880.000000 0.031749 
185300.000000 5952.000000 0.032121 
185400.000000 6016.000000 0.032449 
185500.000000 6074.000000 0.032744 
185600.000000 6110.000000 0.032920 
185700.000000 6174.000000 0.033247 
185800.000000 6250.000000 0.033638 
185900.000000 6336.000000 0.034083 
186000.000000 6346.000000 0.034118 
186100.000000 6358.000000 0.034164 
186200.000000 6420.000000 0.034479 
186300.000000 6508.000000 0.034933 
186400.000000 6594.000000 0.035376 
186500.000000 6660.000000 0.035710 
186600.000000 6696.000000 0.035884 
186700.000000 6718.000000 0.035983 
186800.000000 6776.000000 0.036274 
186900.000000 6822.000000 0.036501 
187000.000000 6904.000000 0.036920 
187100.000000 6938.000000 0.037082 
187200.000000 6964.000000 0.037201 
187300.000000 7000.000000 0.037373 
187400.000000 7070.000000 0.037727 
187500.000000 7096.000000 0.037845 
187600.000000 7150.000000 0.038113 
187700.000000 7210.000000 0.038412 
187800.000000 7288.000000 0.038807 
187900.000000 7320.000000 0.038957 
188000.000000 7398.000000 0.039351 
188100.000000 7474.000000 0.039734 
188200.000000 7548.000000 0.040106 
188300.000000 7636.000000 0.040552 
188400.000000 7704.000000 0.040892 
188500.000000 7724.000000 0.040976 
188600.000000 7796.000000 0.041336 
188700.000000 7838.000000 0.041537 
188800.000000 7862.000000 0.041642 
188900.000000 7918.000000 0.041916 
189000.000000 8002.000000 0.042339 
189100.000000 8096.000000 0.042813 
189200.000000 8182.000000 0.043245 
189300.000000 8224.000000 0.043444 
189400.000000 8288.000000 0.043759 
189500.000000 8320.000000 0.043905 
189600.000000 8324.000000 0.043903 
189700.000000 8404.000000 0.044302 
189800.000000 8454.000000 0.044542 
189900.000000 8534.000000 0.044939 
190000.000000 8582.000000 0.045168 
190100.000000 8668.000000 0.045597 
190200.000000 8700.000000 0.045741 
190300.000000 8728.000000 0.045864 
190400.000000 8754.000000 0.045977 
190500.000000 8800.000000 0.046194 
190600.000000 8874.000000 0.046558 
190700.000000 8960.000000 0.046985 
190800.000000 9026.000000 0.047306 
190900.000000 9112.000000 0.047732 
191000.000000 9184.000000 0.048084 
191100.000000 9248.000000 0.048394 
191200.000000 9340.000000 0.048849 
191300.000000 9438.000000 0.049336 
191400.000000 9526.000000 0.049770 
191500.000000 9592.000000 0.050089 
191600.000000 9674.000000 0.050491 
191700.000000 9728.000000 0.050746 
191800.000000 9784.000000 0.051011 
191900.000000 9858.000000 0.051371 
192000.000000 9922.000000 0.051677 
192100.000000 9972.000000 0.051910 
192200.000000 10064.000000 0.052362 
192300.000000 10150.000000 0.052782 
192400.000000 10216.000000 0.053098 
192500.000000 10258.000000 0.053288 
192600.000000 10340.000000 0.053686 
192700.000000 10424.000000 0.054094 
192800.000000 10446.000000 0.054180 
192900.000000 10534.000000 0.054609 
193000.000000 10598.000000 0.054912 
193100.000000 10664.000000 0.055225 
193200.000000 10750.000000 0.055642 
193300.000000 10786.000000 0.055799 
193400.000000 10824.000000 0.055967 
193500.000000 10840.000000 0.056021 
193600.000000 10920.000000 0.056405 
193700.000000 10990.000000 0.056737 
193800.000000 11058.000000 0.057059 
193900.000000 11128.000000 0.057390 
194000.000000 11188.000000 0.057670 
194100.000000 11268.000000 0.058053 
194200.000000 11248.000000 0.057920 
194300.000000 11314.000000 0.058230 
194400.000000 11408.000000 0.058683 
194500.000000 11484.000000 0.059044 
194600.000000 11564.000000 0.059424 
194700.000000 11576.000000 0.059456 
194800.000000 11668.000000 0.059897 
194900.000000 11732.000000 0.060195 
195000.000000 11764.000000 0.060328 
195100.000000 11848.000000 0.060728 
195200.000000 11902.000000 0.060973 
195300.000000 11968.000000 0.061280 
195400.000000 12008.000000 0.061453 
195500.000000 12056.000000 0.061668 
195600.000000 12110.000000 0.061912 
195700.000000 12178.000000 0.062228 
195800.000000 12210.000000 0.062360 
195900.000000 12286.000000 0.062716 
196000.000000 12320.000000 0.062857 
196100.000000 12346.000000 0.062958 
196200.000000 12410.000000 0.063252 
196300.000000 12474.000000 0.063546 
196400.000000 12542.000000 0.063859 
196500.000000 12610.000000 0.064173 
196600.000000 12594.000000 0.064059 
196700.000000 12680.000000 0.064464 
196800.000000 12712.000000 0.064593 
196900.000000 12790.000000 0.064957 
197000.000000 12842.000000 0.065188 
197100.000000 12888.000000 0.065388 
197200.000000 12916.000000 0.065497 
197300.000000 12980.000000 0.065788 
197400.000000 13040.000000 0.066059 
197500.000000 13092.000000 0.066289 
197600.000000 13112.000000 0.066356 
197700.000000 13162.000000 0.066576 
197800.000000 13156.000000 0.066512 
197900.000000 13158.000000 0.066488 
198000.000000 13182.000000 0.066576 
198100.000000 13196.000000 0.066613 
198200.000000 13250.000000 0.066852 
198300.000000 13314.000000 0.067141 
198400.000000 13414.000000 0.067611 
198500.000000 13480.000000 0.067909 
198600.000000 13516.000000 0.068056 
198700.000000 13536.000000 0.068123 
198800.000000 13582.000000 0.068320 
198900.000000 13668.000000 0.068718 
199000.000000 13718.000000 0.068935 
199100.000000 13758.000000 0.069101 
199200.000000 13812.000000 0.069337 
199300.000000 13896.000000 0.069724 
199400.000000 13954.000000 0.069980 
199500.000000 14020.000000 0.070276 
199600.000000 14076.000000 0.070521 
199700.000000 14148.000000 0.070846 
199800.000000 14224.000000 0.071191 
199900.000000 14258.000000 0.071326 
200000.000000 14356.000000 0.071780 
