100.000000 -58.000000 -0.580000 
200.000000 -130.000000 -0.650000 
300.000000 -196.000000 -0.653333 
400.000000 -296.000000 -0.740000 
500.000000 -394.000000 -0.788000 
600.000000 -482.000000 -0.803333 
700.000000 -582.000000 -0.831429 
800.000000 -682.000000 -0.852500 
900.000000 -782.000000 -0.868889 
1000.000000 -874.000000 -0.874000 
1100.000000 -972.000000 -0.883636 
1200.000000 -1046.000000 -0.871667 
1300.000000 -1130.000000 -0.869231 
1400.000000 -1188.000000 -0.848571 
1500.000000 -1288.000000 -0.858667 
1600.000000 -1382.000000 -0.863750 
1700.000000 -1454.000000 -0.855294 
1800.000000 -1474.000000 -0.818889 
1900.000000 -1574.000000 -0.828421 
2000.000000 -1632.000000 -0.816000 
2100.000000 -1732.000000 -0.824762 
2200.000000 -1816.000000 -0.825455 
2300.000000 -1860.000000 -0.808696 
2400.000000 -1920.000000 -0.800000 
2500.000000 -1966.000000 -0.786400 
2600.000000 -2066.000000 -0.794615 
2700.000000 -2116.000000 -0.783704 
2800.000000 -2156.000000 -0.770000 
2900.000000 -2192.000000 -0.755862 
3000.000000 -2220.000000 -0.740000 
3100.000000 -2302.000000 -0.742581 
3200.000000 -2402.000000 -0.750625 
3300.000000 -2494.000000 -0.755758 
3400.000000 -2458.000000 -0.722941 
3500.000000 -2498.000000 -0.713714 
3600.000000 -2598.000000 -0.721667 
3700.000000 -2654.000000 -0.717297 
3800.000000 -2716.000000 -0.714737 
3900.000000 -2810.000000 -0.720513 
4000.000000 -2744.000000 -0.686000 
4100.000000 -2838.000000 -0.692195 
4200.000000 -2920.000000 -0.695238 
4300.000000 -2968.000000 -0.690233 
4400.000000 -2996.000000 -0.680909 
4500.000000 -3042.000000 -0.676000 
4600.000000 -3086.000000 -0.670870 
4700.000000 -3140.000000 -0.668085 
4800.000000 -3168.000000 -0.660000 
4900.000000 -3238.000000 -0.660816 
5000.000000 -3302.000000 -0.660400 
5100.000000 -3366.000000 -0.660000 
5200.000000 -3390.000000 -0.651923 
5300.000000 -3418.000000 -0.644906 
5400.000000 -3454.000000 -0.639630 
5500.000000 -3418.000000 -0.621455 
5600.000000 -3428.000000 -0.612143 
5700.000000 -3528.000000 -0.618947 
5800.000000 -3610.000000 -0.622414 
5900.000000 -3706.000000 -0.628136 
6000.000000 -3734.000000 -0.622333 
6100.000000 -3780.000000 -0.619672 
6200.000000 -3866.000000 -0.623548 
6300.000000 -3880.000000 -0.615873 
6400.000000 -3928.000000 -0.613750 
6500.000000 -4008.000000 -0.616615 
6600.000000 -4064.000000 -0.615758 
6700.000000 -4134.000000 -0.617015 
6800.000000 -4182.000000 -0.615000 
6900.000000 -4182.000000 -0.606087 
7000.000000 -4184.000000 -0.597714 
7100.000000 -4256.000000 -0.599437 
7200.000000 -4318.000000 -0.599722 
7300.000000 -4354.000000 -0.596438 
7400.000000 -4364.000000 -0.589730 
7500.000000 -4436.000000 -0.591467 
7600.000000 -4464.000000 -0.587368 
7700.000000 -4502.000000 -0.584675 
7800.000000 -4464.000000 -0.572308 
7900.000000 -4486.000000 -0.567848 
8000.000000 -4494.000000 -0.561750 
8100.000000 -4444.000000 -0.548642 
8200.000000 -4410.000000 -0.537805 
8300.000000 -4398.000000 -0.529880 
8400.000000 -4368.000000 -0.520000 
8500.000000 -4314.000000 -0.507529 
8600.000000 -4290.000000 -0.498837 
8700.000000 -4226.000000 -0.485747 
8800.000000 -4204.000000 -0.477727 
8900.000000 -4222.000000 -0.474382 
9000.000000 -4178.000000 -0.464222 
9100.000000 -4192.000000 -0.460659 
9200.000000 -4292.000000 -0.466522 
9300.000000 -4258.000000 -0.457849 
9400.000000 -4184.000000 -0.445106 
9500.000000 -4188.000000 -0.440842 
9600.000000 -4156.000000 -0.432917 
9700.000000 -4098.000000 -0.422474 
9800.000000 -4012.000000 -0.409388 
9900.000000 -4040.000000 -0.408081 
10000.000000 -4050.000000 -0.405000 
10100.000000 -4148.000000 -0.410693 
10200.000000 -4174.000000 -0.409216 
10300.000000 -4198.000000 -0.407573 
10400.000000 -4170.000000 -0.400962 
10500.000000 -4240.000000 -0.403810 
10600.000000 -4208.000000 -0.396981 
10700.000000 -4108.000000 -0.383925 
10800.000000 -4008.000000 -0.371111 
10900.000000 -4052.000000 -0.371743 
11000.000000 -4010.000000 -0.364545 
11100.000000 -4022.000000 -0.362342 
11200.000000 -4028.000000 -0.359643 
11300.000000 -3978.000000 -0.352035 
11400.000000 -3918.000000 -0.343684 
11500.000000 -3854.000000 -0.335130 
11600.000000 -3836.000000 -0.330690 
11700.000000 -3860.000000 -0.329915 
11800.000000 -3878.000000 -0.328644 
11900.000000 -3978.000000 -0.334286 
12000.000000 -4012.000000 -0.334333 
12100.000000 -4008.000000 -0.331240 
12200.000000 -3934.000000 -0.322459 
12300.000000 -3878.000000 -0.315285 
12400.000000 -3836.000000 -0.309355 
12500.000000 -3790.000000 -0.303200 
12600.000000 -3728.000000 -0.295873 
12700.000000 -3690.000000 -0.290551 
12800.000000 -3644.000000 -0.284687 
12900.000000 -3596.000000 -0.278760 
13000.000000 -3580.000000 -0.275385 
13100.000000 -3546.000000 -0.270687 
13200.000000 -3476.000000 -0.263333 
13300.000000 -3418.000000 -0.256992 
13400.000000 -3388.000000 -0.252836 
13500.000000 -3476.000000 -0.257481 
13600.000000 -3470.000000 -0.255147 
13700.000000 -3416.000000 -0.249343 
13800.000000 -3332.000000 -0.241449 
13900.000000 -3322.000000 -0.238993 
14000.000000 -3290.000000 -0.235000 
14100.000000 -3278.000000 -0.232482 
14200.000000 -3230.000000 -0.227465 
14300.000000 -3270.000000 -0.228671 
14400.000000 -3334.000000 -0.231528 
14500.000000 -3284.000000 -0.226483 
14600.000000 -3254.000000 -0.222877 
14700.000000 -3202.000000 -0.217823 
14800.000000 -3196.000000 -0.215946 
14900.000000 -3142.000000 -0.210872 
15000.000000 -3096.000000 -0.206400 
15100.000000 -3106.000000 -0.205695 
15200.000000 -3072.000000 -0.202105 
15300.000000 -3108.000000 -0.203137 
15400.000000 -3122.000000 -0.202727 
15500.000000 -3088.000000 -0.199226 
15600.000000 -3152.000000 -0.202051 
15700.000000 -3178.000000 -0.202420 
15800.000000 -3104.000000 -0.196456 
15900.000000 -3078.000000 -0.193585 
16000.000000 -3048.000000 -0.190500 
16100.000000 -3054.000000 -0.189689 
16200.000000 -3110.000000 -0.191975 
16300.000000 -3192.000000 -0.195828 
16400.000000 -3278.000000 -0.199878 
16500.000000 -3352.000000 -0.203152 
16600.000000 -3452.000000 -0.207952 
16700.000000 -3552.000000 -0.212695 
16800.000000 -3652.000000 -0.217381 
16900.000000 -3596.000000 -0.212781 
17000.000000 -3510.000000 -0.206471 
17100.000000 -3438.000000 -0.201053 
17200.000000 -3368.000000 -0.195814 
17300.000000 -3296.000000 -0.190520 
17400.000000 -3298.000000 -0.189540 
17500.000000 -3278.000000 -0.187314 
17600.000000 -3274.000000 -0.186023 
17700.000000 -3220.000000 -0.181921 
17800.000000 -3208.000000 -0.180225 
17900.000000 -3188.000000 -0.178101 
18000.000000 -3134.000000 -0.174111 
18100.000000 -3078.000000 -0.170055 
18200.000000 -3010.000000 -0.165385 
18300.000000 -2932.000000 -0.160219 
18400.000000 -2918.000000 -0.158587 
18500.000000 -2958.000000 -0.159892 
18600.000000 -2990.000000 -0.160753 
18700.000000 -2972.000000 -0.158930 
18800.000000 -2960.000000 -0.157447 
18900.000000 -2978.000000 -0.157566 
19000.000000 -2998.000000 -0.157789 
19100.000000 -2982.000000 -0.156126 
19200.000000 -2960.000000 -0.154167 
19300.000000 -2998.000000 -0.155337 
19400.000000 -3002.000000 -0.154742 
19500.000000 -3010.000000 -0.154359 
19600.000000 -3050.000000 -0.155612 
19700.000000 -3088.000000 -0.156751 
19800.000000 -3112.000000 -0.157172 
19900.000000 -3170.000000 -0.159296 
20000.000000 -3226.000000 -0.161300 
20100.000000 -3260.000000 -0.162189 
20200.000000 -3282.000000 -0.162475 
20300.000000 -3246.000000 -0.159901 
20400.000000 -3270.000000 -0.160294 
20500.000000 -3294.000000 -0.160683 
20600.000000 -3282.000000 -0.159320 
20700.000000 -3240.000000 -0.156522 
20800.000000 -3250.000000 -0.156250 
20900.000000 -3218.000000 -0.153971 
21000.000000 -3258.000000 -0.155143 
21100.000000 -3224.000000 -0.152796 
21200.000000 -3178.000000 -0.149906 
21300.000000 -3126.000000 -0.146761 
21400.000000 -3122.000000 -0.145888 
21500.000000 -3110.000000 -0.144651 
21600.000000 -3084.000000 -0.142778 
21700.000000 -3136.000000 -0.144516 
21800.000000 -3100.000000 -0.142202 
21900.000000 -3052.000000 -0.139361 
22000.000000 -3024.000000 -0.137455 
22100.000000 -3016.000000 -0.136471 
22200.000000 -2986.000000 -0.134505 
22300.000000 -2946.000000 -0.132108 
22400.000000 -3028.000000 -0.135179 
22500.000000 -3128.000000 -0.139022 
22600.000000 -3222.000000 -0.142566 
22700.000000 -3322.000000 -0.146344 
22800.000000 -3400.000000 -0.149123 
22900.000000 -3500.000000 -0.152838 
23000.000000 -3538.000000 -0.153826 
23100.000000 -3626.000000 -0.156970 
23200.000000 -3708.000000 -0.159828 
23300.000000 -3784.000000 -0.162403 
23400.000000 -3812.000000 -0.162906 
23500.000000 -3912.000000 -0.166468 
23600.000000 -3986.000000 -0.168898 
23700.000000 -4086.000000 -0.172405 
23800.000000 -4186.000000 -0.175882 
23900.000000 -4276.000000 -0.178912 
24000.000000 -4294.000000 -0.178917 
24100.000000 -4374.000000 -0.181494 
24200.000000 -4466.000000 -0.184545 
24300.000000 -4500.000000 -0.185185 
24400.000000 -4556.000000 -0.186721 
24500.000000 -4590.000000 -0.187347 
24600.000000 -4614.000000 -0.187561 
24700.000000 -4714.000000 -0.190850 
24800.000000 -4780.000000 -0.192742 
24900.000000 -4810.000000 -0.193173 
25000.000000 -4906.000000 -0.196240 
25100.000000 -5002.000000 -0.199283 
25200.000000 -5102.000000 -0.202460 
25300.000000 -5170.000000 -0.204348 
25400.000000 -5204.000000 -0.204882 
25500.000000 -5294.000000 -0.207608 
25600.000000 -5270.000000 -0.205859 
25700.000000 -5304.000000 -0.206381 
25800.000000 -5392.000000 -0.208992 
25900.000000 -5430.000000 -0.209653 
26000.000000 -5520.000000 -0.212308 
26100.000000 -5590.000000 -0.214176 
26200.000000 -5552.000000 -0.211908 
26300.000000 -5592.000000 -0.212624 
26400.000000 -5648.000000 -0.213939 
26500.000000 -5706.000000 -0.215321 
26600.000000 -5734.000000 -0.215564 
26700.000000 -5762.000000 -0.215805 
26800.000000 -5730.000000 -0.213806 
26900.000000 -5788.000000 -0.215167 
27000.000000 -5848.000000 -0.216593 
27100.000000 -5896.000000 -0.217565 
27200.000000 -5886.000000 -0.216397 
27300.000000 -5944.000000 -0.217729 
27400.000000 -5998.000000 -0.218905 
27500.000000 -6052.000000 -0.220073 
27600.000000 -6152.000000 -0.222899 
27700.000000 -6164.000000 -0.222527 
27800.000000 -6210.000000 -0.223381 
27900.000000 -6310.000000 -0.226165 
28000.000000 -6402.000000 -0.228643 
28100.000000 -6486.000000 -0.230819 
28200.000000 -6490.000000 -0.230142 
28300.000000 -6458.000000 -0.228198 
28400.000000 -6506.000000 -0.229085 
28500.000000 -6592.000000 -0.231298 
28600.000000 -6668.000000 -0.233147 
28700.000000 -6752.000000 -0.235261 
28800.000000 -6766.000000 -0.234931 
28900.000000 -6750.000000 -0.233564 
29000.000000 -6758.000000 -0.233034 
29100.000000 -6842.000000 -0.235120 
29200.000000 -6870.000000 -0.235274 
29300.000000 -6946.000000 -0.237065 
29400.000000 -6974.000000 -0.237211 
29500.000000 -6994.000000 -0.237085 
29600.000000 -7026.000000 -0.237365 
29700.000000 -7062.000000 -0.237778 
29800.000000 -7142.000000 -0.239664 
29900.000000 -7218.000000 -0.241405 
30000.000000 -7220.000000 -0.240667 
30100.000000 -7286.000000 -0.242060 
30200.000000 -7372.000000 -0.244106 
30300.000000 -7388.000000 -0.243828 
30400.000000 -7466.000000 -0.245592 
30500.000000 -7506.000000 -0.246098 
30600.000000 -7450.000000 -0.243464 
30700.000000 -7434.000000 -0.242150 
30800.000000 -7376.000000 -0.239481 
30900.000000 -7362.000000 -0.238252 
31000.000000 -7368.000000 -0.237677 
31100.000000 -7346.000000 -0.236206 
31200.000000 -7308.000000 -0.234231 
31300.000000 -7372.000000 -0.235527 
31400.000000 -7438.000000 -0.236879 
31500.000000 -7478.000000 -0.237397 
31600.000000 -7578.000000 -0.239810 
31700.000000 -7678.000000 -0.242208 
31800.000000 -7778.000000 -0.244591 
31900.000000 -7792.000000 -0.244263 
32000.000000 -7772.000000 -0.242875 
32100.000000 -7872.000000 -0.245234 
32200.000000 -7972.000000 -0.247578 
32300.000000 -8072.000000 -0.249907 
32400.000000 -8172.000000 -0.252222 
32500.000000 -8272.000000 -0.254523 
32600.000000 -8362.000000 -0.256503 
32700.000000 -8372.000000 -0.256024 
32800.000000 -8376.000000 -0.255366 
32900.000000 -8426.000000 -0.256109 
33000.000000 -8466.000000 -0.256545 
33100.000000 -8564.000000 -0.258731 
33200.000000 -8596.000000 -0.258916 
33300.000000 -8594.000000 -0.258078 
33400.000000 -8626.000000 -0.258263 
33500.000000 -8640.000000 -0.257910 
33600.000000 -8730.000000 -0.259821 
33700.000000 -8698.000000 -0.258101 
33800.000000 -8702.000000 -0.257456 
33900.000000 -8766.000000 -0.258584 
34000.000000 -8784.000000 -0.258353 
34100.000000 -8820.000000 -0.258651 
34200.000000 -8798.000000 -0.257251 
34300.000000 -8812.000000 -0.256910 
34400.000000 -8784.000000 -0.255349 
34500.000000 -8762.000000 -0.253971 
34600.000000 -8838.000000 -0.255434 
34700.000000 -8914.000000 -0.256888 
34800.000000 -9004.000000 -0.258736 
34900.000000 -9072.000000 -0.259943 
35000.000000 -9086.000000 -0.259600 
35100.000000 -9150.000000 -0.260684 
35200.000000 -9202.000000 -0.261420 
35300.000000 -9250.000000 -0.262040 
35400.000000 -9252.000000 -0.261356 
35500.000000 -9256.000000 -0.260732 
35600.000000 -9268.000000 -0.260337 
35700.000000 -9194.000000 -0.257535 
35800.000000 -9154.000000 -0.255698 
35900.000000 -9128.000000 -0.254262 
36000.000000 -9144.000000 -0.254000 
36100.000000 -9178.000000 -0.254238 
36200.000000 -9158.000000 -0.252983 
36300.000000 -9176.000000 -0.252782 
36400.000000 -9132.000000 -0.250879 
36500.000000 -9102.000000 -0.249370 
36600.000000 -9068.000000 -0.247760 
36700.000000 -9054.000000 -0.246703 
36800.000000 -9094.000000 -0.247120 
36900.000000 -9132.000000 -0.247480 
37000.000000 -9232.000000 -0.249514 
37100.000000 -9332.000000 -0.251536 
37200.000000 -9432.000000 -0.253548 
37300.000000 -9510.000000 -0.254960 
37400.000000 -9426.000000 -0.252032 
37500.000000 -9460.000000 -0.252267 
37600.000000 -9436.000000 -0.250957 
37700.000000 -9358.000000 -0.248223 
37800.000000 -9308.000000 -0.246243 
37900.000000 -9262.000000 -0.244380 
38000.000000 -9286.000000 -0.244368 
38100.000000 -9366.000000 -0.245827 
38200.000000 -9358.000000 -0.244974 
38300.000000 -9318.000000 -0.243290 
38400.000000 -9268.000000 -0.241354 
38500.000000 -9304.000000 -0.241662 
38600.000000 -9246.000000 -0.239534 
38700.000000 -9154.000000 -0.236537 
38800.000000 -9068.000000 -0.233711 
38900.000000 -9070.000000 -0.233162 
39000.000000 -9102.000000 -0.233385 
39100.000000 -9058.000000 -0.231662 
39200.000000 -8974.000000 -0.228929 
39300.000000 -8914.000000 -0.226819 
39400.000000 -8872.000000 -0.225178 
39500.000000 -8836.000000 -0.223696 
39600.000000 -8784.000000 -0.221818 
39700.000000 -8794.000000 -0.221511 
39800.000000 -8722.000000 -0.219146 
39900.000000 -8656.000000 -0.216942 
40000.000000 -8572.000000 -0.214300 
40100.000000 -8524.000000 -0.212569 
40200.000000 -8466.000000 -0.210597 
40300.000000 -8396.000000 -0.208337 
40400.000000 -8356.000000 -0.206832 
40500.000000 -8284.000000 -0.204543 
40600.000000 -8260.000000 -0.203448 
40700.000000 -8216.000000 -0.201867 
40800.000000 -8158.000000 -0.199951 
40900.000000 -8098.000000 -0.197995 
41000.000000 -8034.000000 -0.195951 
41100.000000 -7964.000000 -0.193771 
41200.000000 -7888.000000 -0.191456 
41300.000000 -7840.000000 -0.189831 
41400.000000 -7776.000000 -0.187826 
41500.000000 -7692.000000 -0.185349 
41600.000000 -7604.000000 -0.182788 
41700.000000 -7534.000000 -0.180671 
41800.000000 -7470.000000 -0.178708 
41900.000000 -7434.000000 -0.177422 
42000.000000 -7342.000000 -0.174810 
42100.000000 -7284.000000 -0.173017 
42200.000000 -7238.000000 -0.171517 
42300.000000 -7200.000000 -0.170213 
42400.000000 -7184.000000 -0.169434 
42500.000000 -7108.000000 -0.167247 
42600.000000 -7102.000000 -0.166714 
42700.000000 -7136.000000 -0.167119 
42800.000000 -7120.000000 -0.166355 
42900.000000 -7056.000000 -0.164476 
43000.000000 -7002.000000 -0.162837 
43100.000000 -6922.000000 -0.160603 
43200.000000 -6894.000000 -0.159583 
43300.000000 -6890.000000 -0.159122 
43400.000000 -6852.000000 -0.157880 
43500.000000 -6830.000000 -0.157011 
43600.000000 -6786.000000 -0.155642 
43700.000000 -6748.000000 -0.154416 
43800.000000 -6712.000000 -0.153242 
43900.000000 -6636.000000 -0.151162 
44000.000000 -6620.000000 -0.150455 
44100.000000 -6562.000000 -0.148798 
44200.000000 -6522.000000 -0.147557 
44300.000000 -6462.000000 -0.145869 
44400.000000 -6468.000000 -0.145676 
44500.000000 -6476.000000 -0.145528 
44600.000000 -6432.000000 -0.144215 
44700.000000 -6436.000000 -0.143982 
44800.000000 -6410.000000 -0.143080 
44900.000000 -6370.000000 -0.141871 
45000.000000 -6330.000000 -0.140667 
45100.000000 -6252.000000 -0.138625 
45200.000000 -6196.000000 -0.137080 
45300.000000 -6190.000000 -0.136645 
45400.000000 -6166.000000 -0.135815 
45500.000000 -6088.000000 -0.133802 
45600.000000 -6038.000000 -0.132412 
45700.000000 -6012.000000 -0.131554 
45800.000000 -5944.000000 -0.129782 
45900.000000 -5932.000000 -0.129237 
46000.000000 -5912.000000 -0.128522 
46100.000000 -5868.000000 -0.127289 
46200.000000 -5790.000000 -0.125325 
46300.000000 -5728.000000 -0.123715 
46400.000000 -5670.000000 -0.122198 
46500.000000 -5606.000000 -0.120559 
46600.000000 -5530.000000 -0.118670 
46700.000000 -5462.000000 -0.116959 
46800.000000 -5426.000000 -0.115940 
46900.000000 -5372.000000 -0.114542 
47000.000000 -5362.000000 -0.114085 
47100.000000 -5286.000000 -0.112229 
47200.000000 -5242.000000 -0.111059 
47300.000000 -5188.000000 -0.109683 
47400.000000 -5144.000000 -0.108523 
47500.000000 -5120.000000 -0.107789 
47600.000000 -5104.000000 -0.107227 
47700.000000 -5054.000000 -0.105954 
47800.000000 -4980.000000 -0.104184 
47900.000000 -4942.000000 -0.103173 
48000.000000 -4898.000000 -0.102042 
48100.000000 -4814.000000 -0.100083 
48200.000000 -4774.000000 -0.099046 
48300.000000 -4768.000000 -0.098716 
48400.000000 -4722.000000 -0.097562 
48500.000000 -4654.000000 -0.095959 
48600.000000 -4630.000000 -0.095267 
48700.000000 -4534.000000 -0.093101 
48800.000000 -4490.000000 -0.092008 
48900.000000 -4430.000000 -0.090593 
49000.000000 -4362.000000 -0.089020 
49100.000000 -4318.000000 -0.087943 
49200.000000 -4274.000000 -0.086870 
49300.000000 -4194.000000 -0.085071 
49400.000000 -4160.000000 -0.084211 
49500.000000 -4108.000000 -0.082990 
49600.000000 -4092.000000 -0.082500 
49700.000000 -4098.000000 -0.082455 
49800.000000 -4044.000000 -0.081205 
49900.000000 -3964.000000 -0.079439 
50000.000000 -3888.000000 -0.077760 
50100.000000 -3788.000000 -0.075609 
50200.000000 -3796.000000 -0.075618 
50300.000000 -3786.000000 -0.075268 
50400.000000 -3752.000000 -0.074444 
50500.000000 -3752.000000 -0.074297 
50600.000000 -3710.000000 -0.073320 
50700.000000 -3658.000000 -0.072150 
50800.000000 -3624.000000 -0.071339 
50900.000000 -3594.000000 -0.070609 
51000.000000 -3532.000000 -0.069255 
51100.000000 -3498.000000 -0.068454 
51200.000000 -3430.000000 -0.066992 
51300.000000 -3382.000000 -0.065926 
51400.000000 -3370.000000 -0.065564 
51500.000000 -3284.000000 -0.063767 
51600.000000 -3254.000000 -0.063062 
51700.000000 -3224.000000 -0.062360 
51800.000000 -3160.000000 -0.061004 
51900.000000 -3086.000000 -0.059461 
52000.000000 -3044.000000 -0.058538 
52100.000000 -3020.000000 -0.057965 
52200.000000 -3006.000000 -0.057586 
52300.000000 -2962.000000 -0.056635 
52400.000000 -2868.000000 -0.054733 
52500.000000 -2822.000000 -0.053752 
52600.000000 -2758.000000 -0.052433 
52700.000000 -2702.000000 -0.051271 
52800.000000 -2638.000000 -0.049962 
52900.000000 -2578.000000 -0.048733 
53000.000000 -2546.000000 -0.048038 
53100.000000 -2500.000000 -0.047081 
53200.000000 -2476.000000 -0.046541 
53300.000000 -2428.000000 -0.045553 
53400.000000 -2370.000000 -0.044382 
53500.000000 -2342.000000 -0.043776 
53600.000000 -2280.000000 -0.042537 
53700.000000 -2202.000000 -0.041006 
53800.000000 -2154.000000 -0.040037 
53900.000000 -2092.000000 -0.038813 
54000.000000 -2010.000000 -0.037222 
54100.000000 -1932.000000 -0.035712 
54200.000000 -1884.000000 -0.034760 
54300.000000 -1816.000000 -0.033444 
54400.000000 -1766.000000 -0.032463 
54500.000000 -1700.000000 -0.031193 
54600.000000 -1630.000000 -0.029853 
54700.000000 -1534.000000 -0.028044 
54800.000000 -1492.000000 -0.027226 
54900.000000 -1414.000000 -0.025756 
55000.000000 -1360.000000 -0.024727 
55100.000000 -1336.000000 -0.024247 
55200.000000 -1300.000000 -0.023551 
55300.000000 -1270.000000 -0.022966 
55400.000000 -1246.000000 -0.022491 
55500.000000 -1198.000000 -0.021586 
55600.000000 -1116.000000 -0.020072 
55700.000000 -1068.000000 -0.019174 
55800.000000 -988.000000 -0.017706 
55900.000000 -922.000000 -0.016494 
56000.000000 -864.000000 -0.015429 
56100.000000 -786.000000 -0.014011 
56200.000000 -752.000000 -0.013381 
56300.000000 -698.000000 -0.012398 
56400.000000 -646.000000 -0.011454 
56500.000000 -586.000000 -0.010372 
56600.000000 -528.000000 -0.009329 
56700.000000 -444.000000 -0.007831 
56800.000000 -364.000000 -0.006408 
56900.000000 -264.000000 -0.004640 
57000.000000 -194.000000 -0.003404 
57100.000000 -160.000000 -0.002802 
57200.000000 -90.000000 -0.001573 
57300.000000 -20.000000 -0.000349 
57400.000000 64.000000 0.001115 
57500.000000 126.000000 0.002191 
57600.000000 204.000000 0.003542 
57700.000000 254.000000 0.004402 
57800.000000 298.000000 0.005156 
57900.000000 394.000000 0.006805 
58000.000000 408.000000 0.007034 
58100.000000 446.000000 0.007676 
58200.000000 512.000000 0.008797 
58300.000000 582.000000 0.009983 
58400.000000 648.000000 0.011096 
58500.000000 710.000000 0.012137 
58600.000000 760.000000 0.012969 
58700.000000 852.000000 0.014514 
58800.000000 948.000000 0.016122 
58900.000000 1034.000000 0.017555 
59000.000000 1106.000000 0.018746 
59100.000000 1170.000000 0.019797 
59200.000000 1236.000000 0.020878 
59300.000000 1296.000000 0.021855 
59400.000000 1376.000000 0.023165 
59500.000000 1434.000000 0.024101 
59600.000000 1482.000000 0.024866 
59700.000000 1540.000000 0.025796 
59800.000000 1632.000000 0.027291 
59900.000000 1686.000000 0.028147 
60000.000000 1762.000000 0.029367 
60100.000000 1842.000000 0.030649 
60200.000000 1900.000000 0.031561 
60300.000000 1984.000000 0.032902 
60400.000000 2022.000000 0.033477 
60500.000000 2094.000000 0.034612 
60600.000000 2128.000000 0.035116 
60700.000000 2188.000000 0.036046 
60800.000000 2268.000000 0.037303 
60900.000000 2338.000000 0.038391 
61000.000000 2392.000000 0.039213 
61100.000000 2466.000000 0.040360 
61200.000000 2544.000000 0.041569 
61300.000000 2624.000000 0.042806 
61400.000000 2702.000000 0.044007 
61500.000000 2774.000000 0.045106 
61600.000000 2828.000000 0.045909 
61700.000000 2864.000000 0.046418 
61800.000000 2932.000000 0.047443 
61900.000000 2964.000000 0.047884 
62000.000000 3008.000000 0.048516 
62100.000000 3084.000000 0.049662 
62200.000000 3176.000000 0.051061 
62300.000000 3254.000000 0.052231 
62400.000000 3320.000000 0.053205 
62500.000000 3384.000000 0.054144 
62600.000000 3478.000000 0.055559 
62700.000000 3560.000000 0.056778 
62800.000000 3630.000000 0.057803 
62900.000000 3728.000000 0.059269 
63000.000000 3812.000000 0.060508 
63100.000000 3850.000000 0.061014 
63200.000000 3940.000000 0.062342 
63300.000000 4016.000000 0.063444 
63400.000000 4116.000000 0.064921 
63500.000000 4174.000000 0.065732 
63600.000000 4256.000000 0.066918 
63700.000000 4354.000000 0.068352 
63800.000000 4442.000000 0.069624 
63900.000000 4538.000000 0.071017 
64000.000000 4586.000000 0.071656 
64100.000000 4662.000000 0.072730 
64200.000000 4744.000000 0.073894 
64300.000000 4774.000000 0.074246 
64400.000000 4868.000000 0.075590 
64500.000000 4938.000000 0.076558 
64600.000000 5038.000000 0.077988 
64700.000000 5112.000000 0.079011 
64800.000000 5212.000000 0.080432 
64900.000000 5264.000000 0.081109 
65000.000000 5362.000000 0.082492 
65100.000000 5440.000000 0.083564 
65200.000000 5518.000000 0.084632 
65300.000000 5580.000000 0.085452 
65400.000000 5648.000000 0.086361 
65500.000000 5688.000000 0.086840 
65600.000000 5758.000000 0.087774 
65700.000000 5828.000000 0.088706 
65800.000000 5916.000000 0.089909 
65900.000000 5980.000000 0.090744 
66000.000000 6026.000000 0.091303 
66100.000000 6116.000000 0.092526 
66200.000000 6182.000000 0.093384 
66300.000000 6244.000000 0.094178 
66400.000000 6320.000000 0.095181 
66500.000000 6406.000000 0.096331 
66600.000000 6496.000000 0.097538 
66700.000000 6564.000000 0.098411 
66800.000000 6642.000000 0.099431 
66900.000000 6728.000000 0.100568 
67000.000000 6818.000000 0.101761 
67100.000000 6910.000000 0.102981 
67200.000000 6990.000000 0.104018 
67300.000000 7056.000000 0.104844 
67400.000000 7118.000000 0.105608 
67500.000000 7206.000000 0.106756 
67600.000000 7298.000000 0.107959 
67700.000000 7366.000000 0.108804 
67800.000000 7326.000000 0.108053 
67900.000000 7332.000000 0.107982 
68000.000000 7402.000000 0.108853 
68100.000000 7470.000000 0.109692 
68200.000000 7568.000000 0.110968 
68300.000000 7638.000000 0.111830 
68400.000000 7720.000000 0.112866 
68500.000000 7808.000000 0.113985 
68600.000000 7892.000000 0.115044 
68700.000000 7966.000000 0.115953 
68800.000000 8000.000000 0.116279 
68900.000000 8036.000000 0.116633 
69000.000000 8074.000000 0.117014 
69100.000000 8126.000000 0.117598 
69200.000000 8162.000000 0.117948 
69300.000000 8238.000000 0.118874 
69400.000000 8332.000000 0.120058 
69500.000000 8416.000000 0.121094 
69600.000000 8516.000000 0.122356 
69700.000000 8600.000000 0.123386 
69800.000000 8664.000000 0.124126 
69900.000000 8720.000000 0.124750 
70000.000000 8814.000000 0.125914 
70100.000000 8878.000000 0.126648 
70200.000000 8936.000000 0.127293 
70300.000000 9004.000000 0.128080 
70400.000000 9058.000000 0.128665 
70500.000000 9136.000000 0.129589 
70600.000000 9198.000000 0.130283 
70700.000000 9296.000000 0.131485 
70800.000000 9374.000000 0.132401 
70900.000000 9474.000000 0.133625 
71000.000000 9574.000000 0.134845 
71100.000000 9658.000000 0.135837 
71200.000000 9752.000000 0.136966 
71300.000000 9836.000000 0.137952 
71400.000000 9910.000000 0.138796 
71500.000000 9984.000000 0.139636 
71600.000000 10044.000000 0.140279 
71700.000000 10112.000000 0.141032 
71800.000000 10162.000000 0.141532 
71900.000000 10260.000000 0.142698 
72000.000000 10326.000000 0.143417 
72100.000000 10418.000000 0.144494 
72200.000000 10506.000000 0.145512 
72300.000000 10582.000000 0.146362 
72400.000000 10680.000000 0.147514 
72500.000000 10780.000000 0.148690 
72600.000000 10880.000000 0.149862 
72700.000000 10980.000000 0.151032 
72800.000000 11080.000000 0.152198 
72900.000000 11152.000000 0.152977 
73000.000000 11218.000000 0.153671 
73100.000000 11302.000000 0.154610 
73200.000000 11390.000000 0.155601 
73300.000000 11466.000000 0.156426 
73400.000000 11554.000000 0.157411 
73500.000000 11618.000000 0.158068 
73600.000000 11712.000000 0.159130 
73700.000000 11808.000000 0.160217 
73800.000000 11906.000000 0.161328 
73900.000000 12000.000000 0.162382 
74000.000000 12068.000000 0.163081 
74100.000000 12152.000000 0.163995 
74200.000000 12240.000000 0.164960 
74300.000000 12336.000000 0.166030 
74400.000000 12396.000000 0.166613 
74500.000000 12476.000000 0.167463 
74600.000000 12564.000000 0.168418 
74700.000000 12638.000000 0.169183 
74800.000000 12728.000000 0.170160 
74900.000000 12818.000000 0.171135 
75000.000000 12918.000000 0.172240 
75100.000000 13016.000000 0.173316 
75200.000000 13090.000000 0.174069 
75300.000000 13186.000000 0.175113 
75400.000000 13266.000000 0.175942 
75500.000000 13348.000000 0.176795 
75600.000000 13438.000000 0.177751 
75700.000000 13532.000000 0.178758 
75800.000000 13620.000000 0.179683 
75900.000000 13710.000000 0.180632 
76000.000000 13800.000000 0.181579 
76100.000000 13898.000000 0.182628 
76200.000000 13958.000000 0.183176 
76300.000000 14048.000000 0.184115 
76400.000000 14142.000000 0.185105 
76500.000000 14210.000000 0.185752 
76600.000000 14306.000000 0.186762 
76700.000000 14394.000000 0.187666 
76800.000000 14434.000000 0.187943 
76900.000000 14534.000000 0.188999 
77000.000000 14596.000000 0.189558 
77100.000000 14694.000000 0.190584 
77200.000000 14788.000000 0.191554 
77300.000000 14864.000000 0.192290 
77400.000000 14944.000000 0.193075 
77500.000000 15020.000000 0.193806 
77600.000000 15106.000000 0.194665 
77700.000000 15190.000000 0.195496 
77800.000000 15274.000000 0.196324 
77900.000000 15352.000000 0.197073 
78000.000000 15450.000000 0.198077 
78100.000000 15550.000000 0.199104 
78200.000000 15642.000000 0.200026 
78300.000000 15720.000000 0.200766 
78400.000000 15812.000000 0.201684 
78500.000000 15912.000000 0.202701 
78600.000000 15994.000000 0.203486 
78700.000000 16056.000000 0.204015 
78800.000000 16140.000000 0.204822 
78900.000000 16220.000000 0.205577 
79000.000000 16304.000000 0.206380 
79100.000000 16350.000000 0.206700 
79200.000000 16434.000000 0.207500 
79300.000000 16524.000000 0.208373 
79400.000000 16612.000000 0.209219 
79500.000000 16708.000000 0.210164 
79600.000000 16780.000000 0.210804 
79700.000000 16830.000000 0.211167 
79800.000000 16900.000000 0.211779 
79900.000000 16998.000000 0.212741 
80000.000000 17044.000000 0.213050 
80100.000000 17102.000000 0.213508 
80200.000000 17190.000000 0.214339 
80300.000000 17262.000000 0.214969 
80400.000000 17314.000000 0.215348 
80500.000000 17328.000000 0.215255 
80600.000000 17328.000000 0.214988 
80700.000000 17228.000000 0.213482 
80800.000000 17238.000000 0.213342 
80900.000000 17330.000000 0.214215 
81000.000000 17406.000000 0.214889 
81100.000000 17500.000000 0.215783 
81200.000000 17470.000000 0.215148 
81300.000000 17526.000000 0.215572 
81400.000000 17614.000000 0.216388 
81500.000000 17684.000000 0.216982 
81600.000000 17782.000000 0.217917 
81700.000000 17864.000000 0.218654 
81800.000000 17960.000000 0.219560 
81900.000000 18060.000000 0.220513 
82000.000000 18148.000000 0.221317 
82100.000000 18236.000000 0.222119 
82200.000000 18316.000000 0.222822 
82300.000000 18414.000000 0.223742 
82400.000000 18514.000000 0.224684 
82500.000000 18606.000000 0.225527 
82600.000000 18678.000000 0.226126 
82700.000000 18756.000000 0.226796 
82800.000000 18828.000000 0.227391 
82900.000000 18926.000000 0.228299 
83000.000000 19018.000000 0.229133 
83100.000000 19116.000000 0.230036 
83200.000000 19202.000000 0.230793 
83300.000000 19286.000000 0.231525 
83400.000000 19326.000000 0.231727 
83500.000000 19422.000000 0.232599 
83600.000000 19474.000000 0.232943 
83700.000000 19546.000000 0.233524 
83800.000000 19632.000000 0.234272 
83900.000000 19694.000000 0.234732 
84000.000000 19738.000000 0.234976 
84100.000000 19804.000000 0.235482 
84200.000000 19858.000000 0.235843 
84300.000000 19958.000000 0.236750 
84400.000000 20058.000000 0.237654 
84500.000000 20140.000000 0.238343 
84600.000000 20174.000000 0.238463 
84700.000000 20272.000000 0.239339 
84800.000000 20372.000000 0.240236 
84900.000000 20416.000000 0.240471 
85000.000000 20476.000000 0.240894 
85100.000000 20568.000000 0.241692 
85200.000000 20640.000000 0.242254 
85300.000000 20658.000000 0.242181 
85400.000000 20680.000000 0.242155 
85500.000000 20672.000000 0.241778 
85600.000000 20758.000000 0.242500 
85700.000000 20856.000000 0.243361 
85800.000000 20884.000000 0.243403 
85900.000000 20966.000000 0.244075 
86000.000000 21058.000000 0.244860 
86100.000000 21130.000000 0.245412 
86200.000000 21172.000000 0.245615 
86300.000000 21226.000000 0.245956 
86400.000000 21278.000000 0.246273 
86500.000000 21374.000000 0.247098 
86600.000000 21460.000000 0.247806 
86700.000000 21560.000000 0.248674 
86800.000000 21652.000000 0.249447 
86900.000000 21748.000000 0.250265 
87000.000000 21832.000000 0.250943 
87100.000000 21932.000000 0.251803 
87200.000000 22030.000000 0.252638 
87300.000000 22130.000000 0.253494 
87400.000000 22230.000000 0.254348 
87500.000000 22318.000000 0.255063 
87600.000000 22418.000000 0.255913 
87700.000000 22508.000000 0.256648 
87800.000000 22512.000000 0.256401 
87900.000000 22488.000000 0.255836 
88000.000000 22388.000000 0.254409 
88100.000000 22322.000000 0.253371 
88200.000000 22268.000000 0.252472 
88300.000000 22168.000000 0.251053 
88400.000000 22088.000000 0.249864 
88500.000000 22176.000000 0.250576 
88600.000000 22182.000000 0.250361 
88700.000000 22104.000000 0.249200 
88800.000000 22068.000000 0.248514 
88900.000000 22044.000000 0.247964 
89000.000000 22036.000000 0.247596 
89100.000000 21996.000000 0.246869 
89200.000000 21982.000000 0.246435 
89300.000000 21940.000000 0.245689 
89400.000000 21918.000000 0.245168 
89500.000000 21818.000000 0.243777 
89600.000000 21784.000000 0.243125 
89700.000000 21684.000000 0.241739 
89800.000000 21584.000000 0.240356 
89900.000000 21528.000000 0.239466 
90000.000000 21428.000000 0.238089 
90100.000000 21416.000000 0.237691 
90200.000000 21374.000000 0.236962 
90300.000000 21316.000000 0.236058 
90400.000000 21218.000000 0.234712 
90500.000000 21160.000000 0.233812 
90600.000000 21060.000000 0.232450 
90700.000000 20974.000000 0.231246 
90800.000000 20900.000000 0.230176 
90900.000000 20848.000000 0.229351 
91000.000000 20760.000000 0.228132 
91100.000000 20660.000000 0.226784 
91200.000000 20560.000000 0.225439 
91300.000000 20506.000000 0.224600 
91400.000000 20460.000000 0.223851 
91500.000000 20456.000000 0.223563 
91600.000000 20450.000000 0.223253 
91700.000000 20456.000000 0.223075 
91800.000000 20436.000000 0.222614 
91900.000000 20446.000000 0.222481 
92000.000000 20414.000000 0.221891 
92100.000000 20454.000000 0.222085 
92200.000000 20438.000000 0.221670 
92300.000000 20506.000000 0.222167 
92400.000000 20570.000000 0.222619 
92500.000000 20632.000000 0.223049 
92600.000000 20608.000000 0.222549 
92700.000000 20560.000000 0.221791 
92800.000000 20494.000000 0.220841 
92900.000000 20500.000000 0.220667 
93000.000000 20428.000000 0.219656 
93100.000000 20486.000000 0.220043 
93200.000000 20512.000000 0.220086 
93300.000000 20516.000000 0.219893 
93400.000000 20472.000000 0.219186 
93500.000000 20374.000000 0.217904 
93600.000000 20348.000000 0.217393 
93700.000000 20274.000000 0.216371 
93800.000000 20178.000000 0.215117 
93900.000000 20258.000000 0.215740 
94000.000000 20336.000000 0.216340 
94100.000000 20236.000000 0.215048 
94200.000000 20182.000000 0.214246 
94300.000000 20136.000000 0.213531 
94400.000000 20128.000000 0.213220 
94500.000000 20198.000000 0.213735 
94600.000000 20098.000000 0.212452 
94700.000000 20148.000000 0.212756 
94800.000000 20228.000000 0.213376 
94900.000000 20202.000000 0.212877 
95000.000000 20180.000000 0.212421 
95100.000000 20174.000000 0.212135 
95200.000000 20254.000000 0.212752 
95300.000000 20164.000000 0.211584 
95400.000000 20220.000000 0.211950 
95500.000000 20248.000000 0.212021 
95600.000000 20296.000000 0.212301 
95700.000000 20386.000000 0.213020 
95800.000000 20400.000000 0.212944 
95900.000000 20406.000000 0.212784 
96000.000000 20390.000000 0.212396 
96100.000000 20420.000000 0.212487 
96200.000000 20418.000000 0.212245 
96300.000000 20350.000000 0.211319 
96400.000000 20270.000000 0.210270 
96500.000000 20232.000000 0.209658 
96600.000000 20196.000000 0.209068 
96700.000000 20238.000000 0.209286 
96800.000000 20288.000000 0.209587 
96900.000000 20362.000000 0.210134 
97000.000000 20362.000000 0.209918 
97100.000000 20360.000000 0.209681 
97200.000000 20334.000000 0.209198 
97300.000000 20334.000000 0.208983 
97400.000000 20320.000000 0.208624 
97500.000000 20290.000000 0.208103 
97600.000000 20310.000000 0.208094 
97700.000000 20262.000000 0.207390 
97800.000000 20240.000000 0.206953 
97900.000000 20254.000000 0.206885 
98000.000000 20286.000000 0.207000 
98100.000000 20342.000000 0.207360 
98200.000000 20376.000000 0.207495 
98300.000000 20436.000000 0.207894 
98400.000000 20522.000000 0.208557 
98500.000000 20588.000000 0.209015 
98600.000000 20658.000000 0.209513 
98700.000000 20658.000000 0.209301 
98800.000000 20692.000000 0.209433 
98900.000000 20748.000000 0.209788 
99000.000000 20648.000000 0.208566 
99100.000000 20720.000000 0.209082 
99200.000000 20768.000000 0.209355 
99300.000000 20850.000000 0.209970 
99400.000000 20896.000000 0.210221 
99500.000000 20980.000000 0.210854 
99600.000000 21054.000000 0.211386 
99700.000000 21136.000000 0.211996 
99800.000000 21220.000000 0.212625 
99900.000000 21308.000000 0.213293 
100000.000000 21358.000000 0.213580 
100100.000000 21400.000000 0.213786 
100200.000000 21466.000000 0.214232 
100300.000000 21450.000000 0.213858 
100400.000000 21478.000000 0.213924 
100500.000000 21542.000000 0.214348 
100600.000000 21536.000000 0.214076 
100700.000000 21468.000000 0.213188 
100800.000000 21402.000000 0.212321 
100900.000000 21366.000000 0.211754 
101000.000000 21378.000000 0.211663 
101100.000000 21418.000000 0.211850 
101200.000000 21392.000000 0.211383 
101300.000000 21388.000000 0.211135 
101400.000000 21412.000000 0.211164 
101500.000000 21356.000000 0.210404 
101600.000000 21284.000000 0.209488 
101700.000000 21284.000000 0.209282 
101800.000000 21248.000000 0.208723 
101900.000000 21260.000000 0.208636 
102000.000000 21322.000000 0.209039 
102100.000000 21342.000000 0.209030 
102200.000000 21312.000000 0.208532 
102300.000000 21256.000000 0.207781 
102400.000000 21322.000000 0.208223 
102500.000000 21354.000000 0.208332 
102600.000000 21322.000000 0.207817 
102700.000000 21338.000000 0.207770 
102800.000000 21406.000000 0.208230 
102900.000000 21448.000000 0.208435 
103000.000000 21422.000000 0.207981 
103100.000000 21464.000000 0.208186 
103200.000000 21444.000000 0.207791 
103300.000000 21442.000000 0.207570 
103400.000000 21450.000000 0.207447 
103500.000000 21414.000000 0.206899 
103600.000000 21328.000000 0.205869 
103700.000000 21252.000000 0.204937 
103800.000000 21186.000000 0.204104 
103900.000000 21162.000000 0.203677 
104000.000000 21074.000000 0.202635 
104100.000000 21018.000000 0.201902 
104200.000000 20968.000000 0.201228 
104300.000000 20876.000000 0.200153 
104400.000000 20776.000000 0.199004 
104500.000000 20676.000000 0.197856 
104600.000000 20578.000000 0.196730 
104700.000000 20510.000000 0.195893 
104800.000000 20580.000000 0.196374 
104900.000000 20674.000000 0.197083 
105000.000000 20610.000000 0.196286 
105100.000000 20664.000000 0.196613 
105200.000000 20632.000000 0.196122 
105300.000000 20588.000000 0.195518 
105400.000000 20628.000000 0.195712 
105500.000000 20670.000000 0.195924 
105600.000000 20744.000000 0.196439 
105700.000000 20798.000000 0.196764 
105800.000000 20816.000000 0.196749 
105900.000000 20780.000000 0.196223 
106000.000000 20708.000000 0.195358 
106100.000000 20654.000000 0.194665 
106200.000000 20606.000000 0.194030 
106300.000000 20518.000000 0.193020 
106400.000000 20424.000000 0.191955 
106500.000000 20398.000000 0.191531 
106600.000000 20358.000000 0.190976 
106700.000000 20298.000000 0.190234 
106800.000000 20342.000000 0.190468 
106900.000000 20408.000000 0.190907 
107000.000000 20370.000000 0.190374 
107100.000000 20342.000000 0.189935 
107200.000000 20390.000000 0.190205 
107300.000000 20460.000000 0.190680 
107400.000000 20494.000000 0.190819 
107500.000000 20502.000000 0.190716 
107600.000000 20526.000000 0.190762 
107700.000000 20534.000000 0.190659 
107800.000000 20576.000000 0.190872 
107900.000000 20620.000000 0.191103 
108000.000000 20590.000000 0.190648 
108100.000000 20546.000000 0.190065 
108200.000000 20446.000000 0.188965 
108300.000000 20510.000000 0.189381 
108400.000000 20498.000000 0.189096 
108500.000000 20520.000000 0.189124 
108600.000000 20422.000000 0.188048 
108700.000000 20356.000000 0.187268 
108800.000000 20424.000000 0.187721 
108900.000000 20496.000000 0.188209 
109000.000000 20496.000000 0.188037 
109100.000000 20482.000000 0.187736 
109200.000000 20410.000000 0.186905 
109300.000000 20414.000000 0.186770 
109400.000000 20494.000000 0.187331 
109500.000000 20582.000000 0.187963 
109600.000000 20670.000000 0.188595 
109700.000000 20746.000000 0.189116 
109800.000000 20842.000000 0.189818 
109900.000000 20900.000000 0.190173 
110000.000000 20970.000000 0.190636 
110100.000000 21034.000000 0.191045 
110200.000000 21100.000000 0.191470 
110300.000000 21192.000000 0.192131 
110400.000000 21240.000000 0.192391 
110500.000000 21302.000000 0.192778 
110600.000000 21380.000000 0.193309 
110700.000000 21466.000000 0.193911 
110800.000000 21550.000000 0.194495 
110900.000000 21636.000000 0.195095 
111000.000000 21710.000000 0.195586 
111100.000000 21784.000000 0.196076 
111200.000000 21872.000000 0.196691 
111300.000000 21920.000000 0.196945 
111400.000000 22004.000000 0.197522 
111500.000000 22040.000000 0.197668 
111600.000000 22106.000000 0.198082 
111700.000000 22150.000000 0.198299 
111800.000000 22212.000000 0.198676 
111900.000000 22300.000000 0.199285 
112000.000000 22384.000000 0.199857 
112100.000000 22372.000000 0.199572 
112200.000000 22446.000000 0.200053 
112300.000000 22484.000000 0.200214 
112400.000000 22546.000000 0.200587 
112500.000000 22628.000000 0.201138 
112600.000000 22686.000000 0.201474 
112700.000000 22672.000000 0.201171 
112800.000000 22766.000000 0.201826 
112900.000000 22762.000000 0.201612 
113000.000000 22766.000000 0.201469 
113100.000000 22752.000000 0.201167 
113200.000000 22712.000000 0.200636 
113300.000000 22732.000000 0.200635 
113400.000000 22806.000000 0.201111 
113500.000000 22774.000000 0.200652 
113600.000000 22764.000000 0.200387 
113700.000000 22814.000000 0.200651 
113800.000000 22836.000000 0.200668 
113900.000000 22870.000000 0.200790 
114000.000000 22892.000000 0.200807 
114100.000000 22906.000000 0.200754 
114200.000000 22902.000000 0.200543 
114300.000000 22988.000000 0.201120 
114400.000000 23046.000000 0.201451 
114500.000000 23082.000000 0.201590 
114600.000000 23092.000000 0.201501 
114700.000000 23148.000000 0.201813 
114800.000000 23140.000000 0.201568 
114900.000000 23152.000000 0.201497 
115000.000000 23132.000000 0.201148 
115100.000000 23166.000000 0.201268 
115200.000000 23114.000000 0.200642 
115300.000000 23136.000000 0.200659 
115400.000000 23190.000000 0.200953 
115500.000000 23248.000000 0.201281 
115600.000000 23272.000000 0.201315 
115700.000000 23364.000000 0.201936 
115800.000000 23406.000000 0.202124 
115900.000000 23444.000000 0.202278 
116000.000000 23510.000000 0.202672 
116100.000000 23486.000000 0.202291 
116200.000000 23432.000000 0.201652 
116300.000000 23402.000000 0.201221 
116400.000000 23376.000000 0.200825 
116500.000000 23346.000000 0.200395 
116600.000000 23350.000000 0.200257 
116700.000000 23346.000000 0.200051 
116800.000000 23296.000000 0.199452 
116900.000000 23318.000000 0.199470 
117000.000000 23334.000000 0.199436 
117100.000000 23338.000000 0.199300 
117200.000000 23266.000000 0.198515 
117300.000000 23298.000000 0.198619 
117400.000000 23264.000000 0.198160 
117500.000000 23172.000000 0.197209 
117600.000000 23128.000000 0.196667 
117700.000000 23102.000000 0.196279 
117800.000000 23062.000000 0.195772 
117900.000000 22992.000000 0.195013 
118000.000000 22980.000000 0.194746 
118100.000000 22930.000000 0.194157 
118200.000000 22964.000000 0.194281 
118300.000000 22966.000000 0.194134 
118400.000000 22982.000000 0.194105 
118500.000000 23074.000000 0.194717 
118600.000000 23116.000000 0.194907 
118700.000000 23122.000000 0.194794 
118800.000000 23072.000000 0.194209 
118900.000000 23002.000000 0.193457 
119000.000000 23008.000000 0.193345 
119100.000000 23012.000000 0.193216 
119200.000000 22976.000000 0.192752 
119300.000000 22916.000000 0.192087 
119400.000000 22898.000000 0.191776 
119500.000000 22892.000000 0.191565 
119600.000000 22880.000000 0.191304 
119700.000000 22848.000000 0.190877 
119800.000000 22894.000000 0.191102 
119900.000000 22986.000000 0.191710 
120000.000000 23076.000000 0.192300 
120100.000000 23134.000000 0.192623 
120200.000000 23230.000000 0.193261 
120300.000000 23312.000000 0.193782 
120400.000000 23410.000000 0.194435 
120500.000000 23494.000000 0.194971 
120600.000000 23556.000000 0.195323 
120700.000000 23656.000000 0.195990 
120800.000000 23752.000000 0.196623 
120900.000000 23836.000000 0.197155 
121000.000000 23920.000000 0.197686 
121100.000000 24020.000000 0.198348 
121200.000000 24110.000000 0.198927 
121300.000000 24210.000000 0.199588 
121400.000000 24310.000000 0.200247 
121500.000000 24396.000000 0.200790 
121600.000000 24484.000000 0.201349 
121700.000000 24552.000000 0.201742 
121800.000000 24600.000000 0.201970 
121900.000000 24588.000000 0.201706 
122000.000000 24644.000000 0.202000 
122100.000000 24716.000000 0.202424 
122200.000000 24780.000000 0.202782 
122300.000000 24828.000000 0.203009 
122400.000000 24908.000000 0.203497 
122500.000000 24966.000000 0.203804 
122600.000000 24936.000000 0.203393 
122700.000000 25024.000000 0.203945 
122800.000000 25104.000000 0.204430 
122900.000000 25188.000000 0.204947 
123000.000000 25182.000000 0.204732 
123100.000000 25234.000000 0.204988 
123200.000000 25164.000000 0.204253 
123300.000000 25254.000000 0.204818 
123400.000000 25300.000000 0.205024 
123500.000000 25222.000000 0.204227 
123600.000000 25168.000000 0.203625 
123700.000000 25068.000000 0.202652 
123800.000000 24968.000000 0.201680 
123900.000000 24918.000000 0.201114 
124000.000000 24944.000000 0.201161 
124100.000000 24956.000000 0.201096 
124200.000000 25044.000000 0.201643 
124300.000000 25126.000000 0.202140 
124400.000000 25196.000000 0.202540 
124500.000000 25296.000000 0.203181 
124600.000000 25380.000000 0.203692 
124700.000000 25472.000000 0.204266 
124800.000000 25546.000000 0.204696 
124900.000000 25610.000000 0.205044 
125000.000000 25704.000000 0.205632 
125100.000000 25780.000000 0.206075 
125200.000000 25876.000000 0.206677 
125300.000000 25976.000000 0.207310 
125400.000000 26072.000000 0.207911 
125500.000000 26170.000000 0.208526 
125600.000000 26268.000000 0.209140 
125700.000000 26348.000000 0.209610 
125800.000000 26446.000000 0.210223 
125900.000000 26544.000000 0.210834 
126000.000000 26636.000000 0.211397 
126100.000000 26736.000000 0.212022 
126200.000000 26824.000000 0.212552 
126300.000000 26912.000000 0.213080 
126400.000000 26904.000000 0.212848 
126500.000000 26980.000000 0.213281 
126600.000000 27036.000000 0.213555 
126700.000000 27092.000000 0.213828 
126800.000000 27152.000000 0.214132 
126900.000000 27224.000000 0.214531 
127000.000000 27288.000000 0.214866 
127100.000000 27332.000000 0.215043 
127200.000000 27390.000000 0.215330 
127300.000000 27390.000000 0.215161 
127400.000000 27414.000000 0.215181 
127500.000000 27484.000000 0.215561 
127600.000000 27520.000000 0.215674 
127700.000000 27558.000000 0.215803 
127800.000000 27558.000000 0.215634 
127900.000000 27560.000000 0.215481 
128000.000000 27590.000000 0.215547 
128100.000000 27640.000000 0.215769 
128200.000000 27700.000000 0.216069 
128300.000000 27788.000000 0.216586 
128400.000000 27880.000000 0.217134 
128500.000000 27964.000000 0.217619 
128600.000000 28026.000000 0.217932 
128700.000000 28038.000000 0.217855 
128800.000000 28104.000000 0.218199 
128900.000000 28168.000000 0.218526 
129000.000000 28234.000000 0.218868 
129100.000000 28268.000000 0.218962 
129200.000000 28294.000000 0.218994 
129300.000000 28394.000000 0.219598 
129400.000000 28432.000000 0.219722 
129500.000000 28496.000000 0.220046 
129600.000000 28574.000000 0.220478 
129700.000000 28636.000000 0.220786 
129800.000000 28644.000000 0.220678 
129900.000000 28708.000000 0.221001 
130000.000000 28806.000000 0.221585 
130100.000000 28896.000000 0.222106 
130200.000000 28972.000000 0.222519 
130300.000000 29042.000000 0.222886 
130400.000000 29122.000000 0.223328 
130500.000000 29204.000000 0.223785 
130600.000000 29258.000000 0.224028 
130700.000000 29238.000000 0.223703 
130800.000000 29324.000000 0.224190 
130900.000000 29410.000000 0.224675 
131000.000000 29488.000000 0.225099 
131100.000000 29410.000000 0.224333 
131200.000000 29414.000000 0.224192 
131300.000000 29498.000000 0.224661 
131400.000000 29550.000000 0.224886 
131500.000000 29620.000000 0.225247 
131600.000000 29704.000000 0.225714 
131700.000000 29754.000000 0.225923 
131800.000000 29820.000000 0.226252 
131900.000000 29890.000000 0.226611 
132000.000000 29966.000000 0.227015 
132100.000000 30038.000000 0.227388 
132200.000000 30080.000000 0.227534 
132300.000000 30150.000000 0.227891 
132400.000000 30246.000000 0.228444 
132500.000000 30312.000000 0.228770 
132600.000000 30376.000000 0.229080 
132700.000000 30450.000000 0.229465 
132800.000000 30528.000000 0.229880 
132900.000000 30584.000000 0.230128 
133000.000000 30680.000000 0.230677 
133100.000000 30756.000000 0.231074 
133200.000000 30802.000000 0.231246 
133300.000000 30898.000000 0.231793 
133400.000000 30928.000000 0.231844 
133500.000000 31026.000000 0.232405 
133600.000000 31126.000000 0.232979 
133700.000000 31206.000000 0.233403 
133800.000000 31276.000000 0.233752 
133900.000000 31338.000000 0.234040 
134000.000000 31430.000000 0.234552 
134100.000000 31476.000000 0.234720 
134200.000000 31552.000000 0.235112 
134300.000000 31628.000000 0.235503 
134400.000000 31712.000000 0.235952 
134500.000000 31770.000000 0.236208 
134600.000000 31856.000000 0.236672 
134700.000000 31956.000000 0.237238 
134800.000000 32020.000000 0.237537 
134900.000000 32110.000000 0.238028 
135000.000000 32172.000000 0.238311 
135100.000000 32230.000000 0.238564 
135200.000000 32306.000000 0.238950 
135300.000000 32364.000000 0.239202 
135400.000000 32454.000000 0.239690 
135500.000000 32534.000000 0.240103 
135600.000000 32610.000000 0.240487 
135700.000000 32680.000000 0.240825 
135800.000000 32746.000000 0.241134 
135900.000000 32794.000000 0.241310 
136000.000000 32874.000000 0.241721 
136100.000000 32962.000000 0.242190 
136200.000000 33020.000000 0.242438 
136300.000000 33080.000000 0.242700 
136400.000000 33162.000000 0.243123 
136500.000000 33252.000000 0.243604 
136600.000000 33326.000000 0.243968 
136700.000000 33344.000000 0.243921 
136800.000000 33422.000000 0.244313 
136900.000000 33504.000000 0.244733 
137000.000000 33570.000000 0.245036 
137100.000000 33650.000000 0.245441 
137200.000000 33738.000000 0.245904 
137300.000000 33794.000000 0.246133 
137400.000000 33782.000000 0.245866 
137500.000000 33780.000000 0.245673 
137600.000000 33838.000000 0.245916 
137700.000000 33938.000000 0.246463 
137800.000000 34018.000000 0.246865 
137900.000000 34050.000000 0.246918 
138000.000000 34144.000000 0.247420 
138100.000000 34232.000000 0.247878 
138200.000000 34262.000000 0.247916 
138300.000000 34360.000000 0.248445 
138400.000000 34442.000000 0.248858 
138500.000000 34498.000000 0.249083 
138600.000000 34582.000000 0.249509 
138700.000000 34618.000000 0.249589 
138800.000000 34668.000000 0.249769 
138900.000000 34760.000000 0.250252 
139000.000000 34856.000000 0.250763 
139100.000000 34940.000000 0.251186 
139200.000000 34988.000000 0.251351 
139300.000000 35064.000000 0.251716 
139400.000000 35142.000000 0.252095 
139500.000000 35198.000000 0.252315 
139600.000000 35272.000000 0.252665 
139700.000000 35296.000000 0.252656 
139800.000000 35396.000000 0.253190 
139900.000000 35476.000000 0.253581 
140000.000000 35538.000000 0.253843 
140100.000000 35566.000000 0.253862 
140200.000000 35588.000000 0.253837 
140300.000000 35646.000000 0.254070 
140400.000000 35728.000000 0.254473 
140500.000000 35774.000000 0.254619 
140600.000000 35846.000000 0.254950 
140700.000000 35944.000000 0.255466 
140800.000000 35936.000000 0.255227 
140900.000000 35972.000000 0.255302 
141000.000000 36060.000000 0.255745 
141100.000000 36120.000000 0.255989 
141200.000000 36214.000000 0.256473 
141300.000000 36276.000000 0.256730 
141400.000000 36302.000000 0.256733 
141500.000000 36366.000000 0.257004 
141600.000000 36452.000000 0.257429 
141700.000000 36526.000000 0.257770 
141800.000000 36592.000000 0.258054 
141900.000000 36626.000000 0.258111 
142000.000000 36674.000000 0.258268 
142100.000000 36754.000000 0.258649 
142200.000000 36818.000000 0.258917 
142300.000000 36858.000000 0.259016 
142400.000000 36932.000000 0.259354 
142500.000000 37016.000000 0.259761 
142600.000000 37070.000000 0.259958 
142700.000000 37104.000000 0.260014 
142800.000000 37096.000000 0.259776 
142900.000000 37168.000000 0.260098 
143000.000000 37248.000000 0.260476 
143100.000000 37300.000000 0.260657 
143200.000000 37378.000000 0.261020 
143300.000000 37440.000000 0.261270 
143400.000000 37462.000000 0.261241 
143500.000000 37520.000000 0.261463 
143600.000000 37584.000000 0.261727 
143700.000000 37564.000000 0.261406 
143800.000000 37628.000000 0.261669 
143900.000000 37674.000000 0.261807 
144000.000000 37752.000000 0.262167 
144100.000000 37838.000000 0.262582 
144200.000000 37896.000000 0.262802 
144300.000000 37928.000000 0.262841 
144400.000000 38014.000000 0.263255 
144500.000000 38108.000000 0.263723 
144600.000000 38186.000000 0.264080 
144700.000000 38276.000000 0.264520 
144800.000000 38350.000000 0.264848 
144900.000000 38432.000000 0.265231 
145000.000000 38528.000000 0.265710 
145100.000000 38598.000000 0.266010 
145200.000000 38646.000000 0.266157 
145300.000000 38700.000000 0.266346 
145400.000000 38718.000000 0.266286 
145500.000000 38790.000000 0.266598 
145600.000000 38860.000000 0.266896 
145700.000000 38918.000000 0.267110 
145800.000000 38964.000000 0.267243 
145900.000000 39028.000000 0.267498 
146000.000000 39046.000000 0.267438 
146100.000000 39108.000000 0.267680 
146200.000000 39170.000000 0.267921 
146300.000000 39242.000000 0.268230 
146400.000000 39342.000000 0.268730 
146500.000000 39386.000000 0.268846 
146600.000000 39450.000000 0.269100 
146700.000000 39496.000000 0.269230 
146800.000000 39594.000000 0.269714 
146900.000000 39658.000000 0.269966 
147000.000000 39724.000000 0.270231 
147100.000000 39818.000000 0.270687 
147200.000000 39874.000000 0.270883 
147300.000000 39948.000000 0.271202 
147400.000000 40028.000000 0.271560 
147500.000000 40094.000000 0.271824 
147600.000000 40174.000000 0.272182 
147700.000000 40244.000000 0.272471 
147800.000000 40326.000000 0.272842 
147900.000000 40374.000000 0.272982 
148000.000000 40438.000000 0.273230 
148100.000000 40512.000000 0.273545 
148200.000000 40570.000000 0.273752 
148300.000000 40660.000000 0.274174 
148400.000000 40722.000000 0.274407 
148500.000000 40794.000000 0.274707 
148600.000000 40892.000000 0.275182 
148700.000000 40966.000000 0.275494 
148800.000000 41028.000000 0.275726 
148900.000000 41090.000000 0.275957 
149000.000000 41096.000000 0.275812 
149100.000000 41150.000000 0.275989 
149200.000000 41224.000000 0.276300 
149300.000000 41318.000000 0.276745 
149400.000000 41406.000000 0.277149 
149500.000000 41426.000000 0.277097 
149600.000000 41524.000000 0.277567 
149700.000000 41608.000000 0.277943 
149800.000000 41694.000000 0.278331 
149900.000000 41790.000000 0.278786 
150000.000000 41812.000000 0.278747 
150100.000000 41892.000000 0.279094 
150200.000000 41898.000000 0.278948 
150300.000000 41992.000000 0.279388 
150400.000000 42024.000000 0.279415 
150500.000000 42072.000000 0.279548 
150600.000000 42170.000000 0.280013 
150700.000000 42250.000000 0.280358 
150800.000000 42328.000000 0.280690 
150900.000000 42376.000000 0.280822 
151000.000000 42424.000000 0.280954 
151100.000000 42514.000000 0.281363 
151200.000000 42582.000000 0.281627 
151300.000000 42670.000000 0.282022 
151400.000000 42754.000000 0.282391 
151500.000000 42854.000000 0.282865 
151600.000000 42934.000000 0.283206 
151700.000000 43014.000000 0.283546 
151800.000000 43106.000000 0.283966 
151900.000000 43182.000000 0.284279 
152000.000000 43226.000000 0.284382 
152100.000000 43306.000000 0.284721 
152200.000000 43358.000000 0.284875 
152300.000000 43442.000000 0.285240 
152400.000000 43542.000000 0.285709 
152500.000000 43642.000000 0.286177 
152600.000000 43734.000000 0.286592 
152700.000000 43816.000000 0.286942 
152800.000000 43904.000000 0.287330 
152900.000000 43946.000000 0.287417 
153000.000000 44002.000000 0.287595 
153100.000000 44070.000000 0.287851 
153200.000000 44164.000000 0.288277 
153300.000000 44230.000000 0.288519 
153400.000000 44296.000000 0.288761 
153500.000000 44368.000000 0.289042 
153600.000000 44450.000000 0.289388 
153700.000000 44534.000000 0.289746 
153800.000000 44578.000000 0.289844 
153900.000000 44606.000000 0.289838 
154000.000000 44672.000000 0.290078 
154100.000000 44754.000000 0.290422 
154200.000000 44836.000000 0.290765 
154300.000000 44932.000000 0.291199 
154400.000000 44998.000000 0.291438 
154500.000000 45048.000000 0.291573 
154600.000000 45094.000000 0.291682 
154700.000000 45148.000000 0.291842 
154800.000000 45208.000000 0.292041 
154900.000000 45274.000000 0.292279 
155000.000000 45298.000000 0.292245 
155100.000000 45370.000000 0.292521 
155200.000000 45444.000000 0.292809 
155300.000000 45474.000000 0.292814 
155400.000000 45504.000000 0.292819 
155500.000000 45594.000000 0.293209 
155600.000000 45692.000000 0.293650 
155700.000000 45774.000000 0.293988 
155800.000000 45832.000000 0.294172 
155900.000000 45926.000000 0.294586 
156000.000000 46026.000000 0.295038 
156100.000000 46098.000000 0.295311 
156200.000000 46190.000000 0.295711 
156300.000000 46272.000000 0.296046 
156400.000000 46364.000000 0.296445 
156500.000000 46454.000000 0.296831 
156600.000000 46534.000000 0.297152 
156700.000000 46578.000000 0.297243 
156800.000000 46666.000000 0.297615 
156900.000000 46752.000000 0.297973 
157000.000000 46842.000000 0.298357 
157100.000000 46918.000000 0.298651 
157200.000000 47016.000000 0.299084 
157300.000000 47086.000000 0.299339 
157400.000000 47170.000000 0.299682 
157500.000000 47224.000000 0.299835 
157600.000000 47316.000000 0.300228 
157700.000000 47400.000000 0.300571 
157800.000000 47484.000000 0.300913 
157900.000000 47564.000000 0.301229 
158000.000000 47630.000000 0.301456 
158100.000000 47722.000000 0.301847 
158200.000000 47816.000000 0.302250 
158300.000000 47914.000000 0.302678 
158400.000000 47996.000000 0.303005 
158500.000000 48064.000000 0.303243 
158600.000000 48132.000000 0.303480 
158700.000000 48190.000000 0.303655 
158800.000000 48290.000000 0.304093 
158900.000000 48370.000000 0.304405 
159000.000000 48450.000000 0.304717 
159100.000000 48526.000000 0.305003 
159200.000000 48624.000000 0.305427 
159300.000000 48688.000000 0.305637 
159400.000000 48778.000000 0.306010 
159500.000000 48864.000000 0.306357 
159600.000000 48872.000000 0.306216 
159700.000000 48922.000000 0.306337 
159800.000000 48998.000000 0.306621 
159900.000000 49066.000000 0.306854 
160000.000000 49144.000000 0.307150 
160100.000000 49220.000000 0.307433 
160200.000000 49312.000000 0.307815 
160300.000000 49388.000000 0.308097 
160400.000000 49446.000000 0.308267 
160500.000000 49526.000000 0.308573 
160600.000000 49610.000000 0.308904 
160700.000000 49676.000000 0.309123 
160800.000000 49754.000000 0.309415 
160900.000000 49854.000000 0.309845 
161000.000000 49952.000000 0.310261 
161100.000000 50036.000000 0.310590 
161200.000000 50110.000000 0.310856 
161300.000000 50154.000000 0.310936 
161400.000000 50220.000000 0.311152 
161500.000000 50280.000000 0.311331 
161600.000000 50262.000000 0.311027 
161700.000000 50346.000000 0.311354 
161800.000000 50436.000000 0.311718 
161900.000000 50534.000000 0.312131 
162000.000000 50616.000000 0.312444 
162100.000000 50680.000000 0.312647 
162200.000000 50756.000000 0.312922 
162300.000000 50802.000000 0.313013 
162400.000000 50872.000000 0.313251 
162500.000000 50870.000000 0.313046 
162600.000000 50942.000000 0.313296 
162700.000000 50986.000000 0.313374 
162800.000000 50962.000000 0.313034 
162900.000000 50984.000000 0.312977 
163000.000000 51024.000000 0.313031 
163100.000000 51064.000000 0.313084 
163200.000000 51132.000000 0.313309 
163300.000000 51180.000000 0.313411 
163400.000000 51234.000000 0.313550 
163500.000000 51272.000000 0.313590 
163600.000000 51358.000000 0.313924 
163700.000000 51376.000000 0.313842 
163800.000000 51408.000000 0.313846 
163900.000000 51446.000000 0.313887 
164000.000000 51474.000000 0.313866 
164100.000000 51484.000000 0.313736 
164200.000000 51494.000000 0.313605 
164300.000000 51500.000000 0.313451 
164400.000000 51492.000000 0.313212 
164500.000000 51480.000000 0.312948 
164600.000000 51530.000000 0.313062 
164700.000000 51538.000000 0.312920 
164800.000000 51620.000000 0.313228 
164900.000000 51698.000000 0.313511 
165000.000000 51794.000000 0.313903 
165100.000000 51868.000000 0.314161 
165200.000000 51932.000000 0.314358 
165300.000000 51996.000000 0.314555 
165400.000000 52036.000000 0.314607 
165500.000000 52116.000000 0.314900 
165600.000000 52096.000000 0.314589 
165700.000000 52142.000000 0.314677 
165800.000000 52200.000000 0.314837 
165900.000000 52210.000000 0.314708 
166000.000000 52154.000000 0.314181 
166100.000000 52196.000000 0.314244 
166200.000000 52274.000000 0.314525 
166300.000000 52310.000000 0.314552 
166400.000000 52392.000000 0.314856 
166500.000000 52476.000000 0.315171 
166600.000000 52556.000000 0.315462 
166700.000000 52644.000000 0.315801 
166800.000000 52744.000000 0.316211 
166900.000000 52820.000000 0.316477 
167000.000000 52882.000000 0.316659 
167100.000000 52950.000000 0.316876 
167200.000000 53022.000000 0.317117 
167300.000000 52950.000000 0.316497 
167400.000000 53008.000000 0.316655 
167500.000000 53058.000000 0.316764 
167600.000000 53152.000000 0.317136 
167700.000000 53234.000000 0.317436 
167800.000000 53332.000000 0.317831 
167900.000000 53382.000000 0.317939 
168000.000000 53406.000000 0.317893 
168100.000000 53476.000000 0.318120 
168200.000000 53568.000000 0.318478 
168300.000000 53650.000000 0.318776 
168400.000000 53618.000000 0.318397 
168500.000000 53648.000000 0.318386 
168600.000000 53728.000000 0.318671 
168700.000000 53828.000000 0.319075 
168800.000000 53918.000000 0.319419 
168900.000000 54000.000000 0.319716 
169000.000000 54072.000000 0.319953 
169100.000000 54168.000000 0.320331 
169200.000000 54224.000000 0.320473 
169300.000000 54262.000000 0.320508 
169400.000000 54292.000000 0.320496 
169500.000000 54286.000000 0.320271 
169600.000000 54284.000000 0.320071 
169700.000000 54320.000000 0.320094 
169800.000000 54370.000000 0.320200 
169900.000000 54430.000000 0.320365 
170000.000000 54518.000000 0.320694 
170100.000000 54592.000000 0.320941 
170200.000000 54692.000000 0.321340 
170300.000000 54792.000000 0.321738 
170400.000000 54892.000000 0.322136 
170500.000000 54980.000000 0.322463 
170600.000000 55028.000000 0.322556 
170700.000000 55016.000000 0.322296 
170800.000000 55114.000000 0.322681 
170900.000000 55214.000000 0.323078 
171000.000000 55314.000000 0.323474 
171100.000000 55408.000000 0.323834 
171200.000000 55504.000000 0.324206 
171300.000000 55604.000000 0.324600 
171400.000000 55676.000000 0.324831 
171500.000000 55770.000000 0.325190 
171600.000000 55870.000000 0.325583 
171700.000000 55970.000000 0.325976 
171800.000000 56052.000000 0.326263 
171900.000000 56148.000000 0.326632 
172000.000000 56244.000000 0.327000 
172100.000000 56344.000000 0.327391 
172200.000000 56444.000000 0.327782 
172300.000000 56538.000000 0.328137 
172400.000000 56636.000000 0.328515 
172500.000000 56736.000000 0.328904 
172600.000000 56818.000000 0.329189 
172700.000000 56918.000000 0.329577 
172800.000000 57016.000000 0.329954 
172900.000000 57106.000000 0.330283 
173000.000000 57196.000000 0.330613 
173100.000000 57282.000000 0.330919 
173200.000000 57382.000000 0.331305 
173300.000000 57482.000000 0.331691 
173400.000000 57564.000000 0.331972 
173500.000000 57662.000000 0.332346 
173600.000000 57730.000000 0.332546 
173700.000000 57830.000000 0.332930 
173800.000000 57910.000000 0.333199 
173900.000000 58010.000000 0.333583 
174000.000000 58108.000000 0.333954 
174100.000000 58202.000000 0.334302 
174200.000000 58290.000000 0.334615 
174300.000000 58372.000000 0.334894 
174400.000000 58468.000000 0.335252 
174500.000000 58550.000000 0.335530 
174600.000000 58650.000000 0.335911 
174700.000000 58750.000000 0.336291 
174800.000000 58846.000000 0.336648 
174900.000000 58944.000000 0.337015 
175000.000000 59044.000000 0.337394 
175100.000000 59142.000000 0.337761 
175200.000000 59234.000000 0.338094 
175300.000000 59332.000000 0.338460 
175400.000000 59424.000000 0.338791 
175500.000000 59524.000000 0.339168 
175600.000000 59620.000000 0.339522 
175700.000000 59684.000000 0.339693 
175800.000000 59780.000000 0.340046 
175900.000000 59870.000000 0.340364 
176000.000000 59970.000000 0.340739 
176100.000000 60068.000000 0.341102 
176200.000000 60166.000000 0.341464 
176300.000000 60266.000000 0.341838 
176400.000000 60362.000000 0.342188 
176500.000000 60462.000000 0.342561 
176600.000000 60562.000000 0.342933 
176700.000000 60630.000000 0.343124 
176800.000000 60718.000000 0.343428 
176900.000000 60814.000000 0.343776 
177000.000000 60912.000000 0.344136 
177100.000000 61012.000000 0.344506 
177200.000000 61112.000000 0.344876 
177300.000000 61210.000000 0.345234 
177400.000000 61308.000000 0.345592 
177500.000000 61408.000000 0.345961 
177600.000000 61444.000000 0.345968 
177700.000000 61490.000000 0.346033 
177800.000000 61582.000000 0.346355 
177900.000000 61622.000000 0.346386 
178000.000000 61720.000000 0.346742 
178100.000000 61820.000000 0.347108 
178200.000000 61802.000000 0.346813 
178300.000000 61808.000000 0.346652 
178400.000000 61804.000000 0.346435 
178500.000000 61870.000000 0.346611 
178600.000000 61946.000000 0.346842 
178700.000000 61948.000000 0.346659 
178800.000000 61962.000000 0.346544 
178900.000000 61976.000000 0.346428 
179000.000000 61948.000000 0.346078 
179100.000000 61896.000000 0.345595 
179200.000000 61952.000000 0.345714 
179300.000000 61988.000000 0.345722 
179400.000000 62020.000000 0.345708 
179500.000000 61948.000000 0.345114 
179600.000000 61900.000000 0.344655 
179700.000000 61822.000000 0.344029 
179800.000000 61732.000000 0.343337 
179900.000000 61646.000000 0.342668 
180000.000000 61548.000000 0.341933 
180100.000000 61572.000000 0.341877 
180200.000000 61472.000000 0.341132 
180300.000000 61404.000000 0.340566 
180400.000000 61438.000000 0.340565 
180500.000000 61472.000000 0.340565 
180600.000000 61422.000000 0.340100 
180700.000000 61442.000000 0.340022 
180800.000000 61524.000000 0.340288 
180900.000000 61522.000000 0.340088 
181000.000000 61522.000000 0.339901 
181100.000000 61426.000000 0.339183 
181200.000000 61412.000000 0.338918 
181300.000000 61478.000000 0.339095 
181400.000000 61440.000000 0.338699 
181500.000000 61406.000000 0.338325 
181600.000000 61442.000000 0.338337 
181700.000000 61382.000000 0.337821 
181800.000000 61434.000000 0.337921 
181900.000000 61454.000000 0.337845 
182000.000000 61412.000000 0.337429 
182100.000000 61396.000000 0.337155 
182200.000000 61424.000000 0.337124 
182300.000000 61424.000000 0.336939 
182400.000000 61350.000000 0.336349 
182500.000000 61308.000000 0.335934 
182600.000000 61248.000000 0.335422 
182700.000000 61214.000000 0.335052 
182800.000000 61178.000000 0.334672 
182900.000000 61106.000000 0.334095 
183000.000000 61092.000000 0.333836 
183100.000000 61024.000000 0.333282 
183200.000000 61078.000000 0.333395 
183300.000000 61114.000000 0.333410 
183400.000000 61084.000000 0.333064 
183500.000000 61120.000000 0.333079 
183600.000000 61202.000000 0.333344 
183700.000000 61248.000000 0.333413 
183800.000000 61316.000000 0.333602 
183900.000000 61322.000000 0.333453 
184000.000000 61340.000000 0.333370 
184100.000000 61346.000000 0.333221 
184200.000000 61398.000000 0.333322 
184300.000000 61480.000000 0.333587 
184400.000000 61510.000000 0.333568 
184500.000000 61572.000000 0.333724 
184600.000000 61554.000000 0.333445 
184700.000000 61558.000000 0.333286 
184800.000000 61618.000000 0.333431 
184900.000000 61662.000000 0.333488 
185000.000000 61734.000000 0.333697 
185100.000000 61820.000000 0.333982 
185200.000000 61872.000000 0.334082 
185300.000000 61968.000000 0.334420 
185400.000000 61988.000000 0.334347 
185500.000000 62046.000000 0.334480 
185600.000000 62108.000000 0.334634 
185700.000000 62208.000000 0.334992 
185800.000000 62208.000000 0.334812 
185900.000000 62292.000000 0.335083 
186000.000000 62384.000000 0.335398 
186100.000000 62470.000000 0.335680 
186200.000000 62536.000000 0.335854 
186300.000000 62614.000000 0.336092 
186400.000000 62688.000000 0.336309 
186500.000000 62750.000000 0.336461 
186600.000000 62850.000000 0.336817 
186700.000000 62942.000000 0.337129 
186800.000000 63040.000000 0.337473 
186900.000000 63124.000000 0.337742 
187000.000000 63224.000000 0.338096 
187100.000000 63324.000000 0.338450 
187200.000000 63414.000000 0.338750 
187300.000000 63494.000000 0.338996 
187400.000000 63568.000000 0.339210 
187500.000000 63650.000000 0.339467 
187600.000000 63750.000000 0.339819 
187700.000000 63850.000000 0.340170 
187800.000000 63950.000000 0.340522 
187900.000000 64050.000000 0.340873 
188000.000000 64150.000000 0.341223 
188100.000000 64228.000000 0.341457 
188200.000000 64328.000000 0.341807 
188300.000000 64428.000000 0.342156 
188400.000000 64516.000000 0.342442 
188500.000000 64612.000000 0.342769 
188600.000000 64708.000000 0.343096 
188700.000000 64782.000000 0.343307 
188800.000000 64844.000000 0.343453 
188900.000000 64940.000000 0.343780 
189000.000000 65008.000000 0.343958 
189100.000000 65090.000000 0.344209 
189200.000000 65190.000000 0.344556 
189300.000000 65280.000000 0.344849 
189400.000000 65378.000000 0.345185 
189500.000000 65464.000000 0.345456 
189600.000000 65518.000000 0.345559 
189700.000000 65614.000000 0.345883 
189800.000000 65710.000000 0.346207 
189900.000000 65804.000000 0.346519 
190000.000000 65882.000000 0.346747 
190100.000000 65982.000000 0.347091 
190200.000000 66064.000000 0.347340 
190300.000000 66164.000000 0.347683 
190400.000000 66262.000000 0.348015 
190500.000000 66356.000000 0.348325 
190600.000000 66426.000000 0.348510 
190700.000000 66474.000000 0.348579 
190800.000000 66566.000000 0.348878 
190900.000000 66626.000000 0.349010 
191000.000000 66718.000000 0.349309 
191100.000000 66800.000000 0.349555 
191200.000000 66876.000000 0.349770 
191300.000000 66948.000000 0.349963 
191400.000000 67000.000000 0.350052 
191500.000000 67098.000000 0.350381 
191600.000000 67186.000000 0.350658 
191700.000000 67252.000000 0.350819 
191800.000000 67350.000000 0.351147 
191900.000000 67408.000000 0.351266 
192000.000000 67462.000000 0.351365 
192100.000000 67538.000000 0.351577 
192200.000000 67638.000000 0.351915 
192300.000000 67694.000000 0.352023 
192400.000000 67776.000000 0.352266 
192500.000000 67876.000000 0.352603 
192600.000000 67964.000000 0.352876 
192700.000000 68062.000000 0.353202 
192800.000000 68140.000000 0.353423 
192900.000000 68228.000000 0.353696 
193000.000000 68310.000000 0.353938 
193100.000000 68382.000000 0.354127 
193200.000000 68464.000000 0.354369 
193300.000000 68564.000000 0.354703 
193400.000000 68652.000000 0.354974 
193500.000000 68698.000000 0.355028 
193600.000000 68792.000000 0.355331 
193700.000000 68892.000000 0.355663 
193800.000000 68988.000000 0.355975 
193900.000000 69000.000000 0.355854 
194000.000000 69086.000000 0.356113 
194100.000000 69184.000000 0.356435 
194200.000000 69276.000000 0.356725 
194300.000000 69362.000000 0.356984 
194400.000000 69446.000000 0.357233 
194500.000000 69472.000000 0.357183 
194600.000000 69544.000000 0.357369 
194700.000000 69632.000000 0.357637 
194800.000000 69732.000000 0.357967 
194900.000000 69814.000000 0.358204 
195000.000000 69914.000000 0.358533 
195100.000000 69952.000000 0.358544 
195200.000000 69986.000000 0.358535 
195300.000000 70026.000000 0.358556 
195400.000000 70106.000000 0.358782 
195500.000000 70178.000000 0.358967 
195600.000000 70216.000000 0.358977 
195700.000000 70210.000000 0.358763 
195800.000000 70238.000000 0.358723 
195900.000000 70310.000000 0.358908 
196000.000000 70296.000000 0.358653 
196100.000000 70310.000000 0.358542 
196200.000000 70382.000000 0.358726 
196300.000000 70412.000000 0.358696 
196400.000000 70418.000000 0.358544 
196500.000000 70430.000000 0.358422 
196600.000000 70510.000000 0.358647 
196700.000000 70488.000000 0.358353 
196800.000000 70526.000000 0.358364 
196900.000000 70574.000000 0.358426 
197000.000000 70614.000000 0.358447 
197100.000000 70700.000000 0.358701 
197200.000000 70784.000000 0.358945 
197300.000000 70810.000000 0.358895 
197400.000000 70830.000000 0.358815 
197500.000000 70882.000000 0.358896 
197600.000000 70906.000000 0.358836 
197700.000000 70998.000000 0.359120 
197800.000000 71086.000000 0.359383 
197900.000000 71164.000000 0.359596 
198000.000000 71254.000000 0.359869 
198100.000000 71344.000000 0.360141 
198200.000000 71406.000000 0.360272 
198300.000000 71496.000000 0.360545 
198400.000000 71592.000000 0.360847 
198500.000000 71676.000000 0.361088 
198600.000000 71772.000000 0.361390 
198700.000000 71872.000000 0.361711 
198800.000000 71972.000000 0.362032 
198900.000000 72070.000000 0.362343 
199000.000000 72166.000000 0.362643 
199100.000000 72234.000000 0.362803 
199200.000000 72328.000000 0.363092 
199300.000000 72370.000000 0.363121 
199400.000000 72416.000000 0.363170 
199500.000000 72476.000000 0.363288 
199600.000000 72574.000000 0.363597 
199700.000000 72650.000000 0.363796 
199800.000000 72706.000000 0.363894 
199900.000000 72714.000000 0.363752 
200000.000000 72810.000000 0.364050 
