100.000000 -52.000000 -0.520000 
200.000000 -22.000000 -0.110000 
300.000000 -116.000000 -0.386667 
400.000000 -216.000000 -0.540000 
500.000000 -316.000000 -0.632000 
600.000000 -386.000000 -0.643333 
700.000000 -450.000000 -0.642857 
800.000000 -550.000000 -0.687500 
900.000000 -618.000000 -0.686667 
1000.000000 -718.000000 -0.718000 
1100.000000 -802.000000 -0.729091 
1200.000000 -860.000000 -0.716667 
1300.000000 -954.000000 -0.733846 
1400.000000 -1054.000000 -0.752857 
1500.000000 -1102.000000 -0.734667 
1600.000000 -1118.000000 -0.698750 
1700.000000 -1154.000000 -0.678824 
1800.000000 -1234.000000 -0.685556 
1900.000000 -1286.000000 -0.676842 
2000.000000 -1314.000000 -0.657000 
2100.000000 -1308.000000 -0.622857 
2200.000000 -1350.000000 -0.613636 
2300.000000 -1450.000000 -0.630435 
2400.000000 -1550.000000 -0.645833 
2500.000000 -1608.000000 -0.643200 
2600.000000 -1620.000000 -0.623077 
2700.000000 -1660.000000 -0.614815 
2800.000000 -1684.000000 -0.601429 
2900.000000 -1716.000000 -0.591724 
3000.000000 -1760.000000 -0.586667 
3100.000000 -1844.000000 -0.594839 
3200.000000 -1774.000000 -0.554375 
3300.000000 -1812.000000 -0.549091 
3400.000000 -1826.000000 -0.537059 
3500.000000 -1866.000000 -0.533143 
3600.000000 -1966.000000 -0.546111 
3700.000000 -2032.000000 -0.549189 
3800.000000 -2110.000000 -0.555263 
3900.000000 -2068.000000 -0.530256 
4000.000000 -2150.000000 -0.537500 
4100.000000 -2146.000000 -0.523415 
4200.000000 -2140.000000 -0.509524 
4300.000000 -2218.000000 -0.515814 
4400.000000 -2278.000000 -0.517727 
4500.000000 -2320.000000 -0.515556 
4600.000000 -2364.000000 -0.513913 
4700.000000 -2336.000000 -0.497021 
4800.000000 -2436.000000 -0.507500 
4900.000000 -2502.000000 -0.510612 
5000.000000 -2476.000000 -0.495200 
5100.000000 -2430.000000 -0.476471 
5200.000000 -2410.000000 -0.463462 
5300.000000 -2424.000000 -0.457358 
5400.000000 -2328.000000 -0.431111 
5500.000000 -2286.000000 -0.415636 
5600.000000 -2322.000000 -0.414643 
5700.000000 -2290.000000 -0.401754 
5800.000000 -2198.000000 -0.378966 
5900.000000 -2146.000000 -0.363729 
6000.000000 -2090.000000 -0.348333 
6100.000000 -2058.000000 -0.337377 
6200.000000 -2010.000000 -0.324194 
6300.000000 -1958.000000 -0.310794 
6400.000000 -1952.000000 -0.305000 
6500.000000 -1874.000000 -0.288308 
6600.000000 -1864.000000 -0.282424 
6700.000000 -1802.000000 -0.268955 
6800.000000 -1752.000000 -0.257647 
6900.000000 -1684.000000 -0.244058 
7000.000000 -1670.000000 -0.238571 
7100.000000 -1662.000000 -0.234085 
7200.000000 -1606.000000 -0.223056 
7300.000000 -1600.000000 -0.219178 
7400.000000 -1592.000000 -0.215135 
7500.000000 -1584.000000 -0.211200 
7600.000000 -1554.000000 -0.204474 
7700.000000 -1544.000000 -0.200519 
7800.000000 -1524.000000 -0.195385 
7900.000000 -1478.000000 -0.187089 
8000.000000 -1444.000000 -0.180500 
8100.000000 -1386.000000 -0.171111 
8200.000000 -1368.000000 -0.166829 
8300.000000 -1304.000000 -0.157108 
8400.000000 -1254.000000 -0.149286 
8500.000000 -1214.000000 -0.142824 
8600.000000 -1170.000000 -0.136047 
8700.000000 -1130.000000 -0.129885 
8800.000000 -1098.000000 -0.124773 
8900.000000 -1036.000000 -0.116404 
9000.000000 -1002.000000 -0.111333 
9100.000000 -936.000000 -0.102857 
9200.000000 -840.000000 -0.091304 
9300.000000 -830.000000 -0.089247 
9400.000000 -786.000000 -0.083617 
9500.000000 -754.000000 -0.079368 
9600.000000 -762.000000 -0.079375 
9700.000000 -748.000000 -0.077113 
9800.000000 -716.000000 -0.073061 
9900.000000 -724.000000 -0.073131 
10000.000000 -664.000000 -0.066400 
10100.000000 -630.000000 -0.062376 
10200.000000 -568.000000 -0.055686 
10300.000000 -526.000000 -0.051068 
10400.000000 -492.000000 -0.047308 
10500.000000 -436.000000 -0.041524 
10600.000000 -338.000000 -0.031887 
10700.000000 -280.000000 -0.026168 
10800.000000 -216.000000 -0.020000 
10900.000000 -140.000000 -0.012844 
11000.000000 -58.000000 -0.005273 
11100.000000 -12.000000 -0.001081 
11200.000000 70.000000 0.006250 
11300.000000 42.000000 0.003717 
11400.000000 58.000000 0.005088 
11500.000000 142.000000 0.012348 
11600.000000 222.000000 0.019138 
11700.000000 300.000000 0.025641 
11800.000000 384.000000 0.032542 
11900.000000 450.000000 0.037815 
12000.000000 490.000000 0.040833 
12100.000000 550.000000 0.045455 
12200.000000 628.000000 0.051475 
12300.000000 706.000000 0.057398 
12400.000000 768.000000 0.061935 
12500.000000 856.000000 0.068480 
12600.000000 940.000000 0.074603 
12700.000000 980.000000 0.077165 
12800.000000 996.000000 0.077813 
12900.000000 936.000000 0.072558 
13000.000000 972.000000 0.074769 
13100.000000 1024.000000 0.078168 
13200.000000 1064.000000 0.080606 
13300.000000 1158.000000 0.087068 
13400.000000 1252.000000 0.093433 
13500.000000 1304.000000 0.096593 
13600.000000 1350.000000 0.099265 
13700.000000 1418.000000 0.103504 
13800.000000 1478.000000 0.107101 
13900.000000 1524.000000 0.109640 
14000.000000 1580.000000 0.112857 
14100.000000 1606.000000 0.113901 
14200.000000 1638.000000 0.115352 
14300.000000 1648.000000 0.115245 
14400.000000 1658.000000 0.115139 
14500.000000 1654.000000 0.114069 
14600.000000 1618.000000 0.110822 
14700.000000 1678.000000 0.114150 
14800.000000 1738.000000 0.117432 
14900.000000 1782.000000 0.119597 
15000.000000 1810.000000 0.120667 
15100.000000 1834.000000 0.121457 
15200.000000 1878.000000 0.123553 
15300.000000 1938.000000 0.126667 
15400.000000 2016.000000 0.130909 
15500.000000 2052.000000 0.132387 
15600.000000 2098.000000 0.134487 
15700.000000 2120.000000 0.135032 
15800.000000 2192.000000 0.138734 
15900.000000 2228.000000 0.140126 
16000.000000 2282.000000 0.142625 
16100.000000 2336.000000 0.145093 
16200.000000 2360.000000 0.145679 
16300.000000 2452.000000 0.150429 
16400.000000 2476.000000 0.150976 
16500.000000 2442.000000 0.148000 
16600.000000 2506.000000 0.150964 
16700.000000 2412.000000 0.144431 
16800.000000 2440.000000 0.145238 
16900.000000 2406.000000 0.142367 
17000.000000 2432.000000 0.143059 
17100.000000 2490.000000 0.145614 
17200.000000 2482.000000 0.144302 
17300.000000 2546.000000 0.147168 
17400.000000 2544.000000 0.146207 
17500.000000 2602.000000 0.148686 
17600.000000 2562.000000 0.145568 
17700.000000 2462.000000 0.139096 
17800.000000 2388.000000 0.134157 
17900.000000 2456.000000 0.137207 
18000.000000 2556.000000 0.142000 
18100.000000 2494.000000 0.137790 
18200.000000 2576.000000 0.141538 
18300.000000 2636.000000 0.144044 
18400.000000 2720.000000 0.147826 
18500.000000 2800.000000 0.151351 
18600.000000 2800.000000 0.150538 
18700.000000 2852.000000 0.152513 
18800.000000 2904.000000 0.154468 
18900.000000 2890.000000 0.152910 
19000.000000 2904.000000 0.152842 
19100.000000 2806.000000 0.146911 
19200.000000 2894.000000 0.150729 
19300.000000 2952.000000 0.152953 
19400.000000 2854.000000 0.147113 
19500.000000 2922.000000 0.149846 
19600.000000 2910.000000 0.148469 
19700.000000 2958.000000 0.150152 
19800.000000 2968.000000 0.149899 
19900.000000 3026.000000 0.152060 
20000.000000 3054.000000 0.152700 
20100.000000 3122.000000 0.155323 
20200.000000 3182.000000 0.157525 
20300.000000 3210.000000 0.158128 
20400.000000 3228.000000 0.158235 
20500.000000 3264.000000 0.159220 
20600.000000 3260.000000 0.158252 
20700.000000 3276.000000 0.158261 
20800.000000 3266.000000 0.157019 
20900.000000 3312.000000 0.158469 
21000.000000 3348.000000 0.159429 
21100.000000 3288.000000 0.155829 
21200.000000 3352.000000 0.158113 
21300.000000 3420.000000 0.160563 
21400.000000 3494.000000 0.163271 
21500.000000 3582.000000 0.166605 
21600.000000 3664.000000 0.169630 
21700.000000 3728.000000 0.171797 
21800.000000 3794.000000 0.174037 
21900.000000 3756.000000 0.171507 
22000.000000 3764.000000 0.171091 
22100.000000 3832.000000 0.173394 
22200.000000 3876.000000 0.174595 
22300.000000 3944.000000 0.176861 
22400.000000 4030.000000 0.179911 
22500.000000 4098.000000 0.182133 
22600.000000 4194.000000 0.185575 
22700.000000 4288.000000 0.188899 
22800.000000 4384.000000 0.192281 
22900.000000 4468.000000 0.195109 
23000.000000 4556.000000 0.198087 
23100.000000 4600.000000 0.199134 
23200.000000 4686.000000 0.201983 
23300.000000 4734.000000 0.203176 
23400.000000 4818.000000 0.205897 
23500.000000 4898.000000 0.208426 
23600.000000 4978.000000 0.210932 
23700.000000 5034.000000 0.212405 
23800.000000 5058.000000 0.212521 
23900.000000 5116.000000 0.214059 
24000.000000 5106.000000 0.212750 
24100.000000 5166.000000 0.214357 
24200.000000 5240.000000 0.216529 
24300.000000 5294.000000 0.217860 
24400.000000 5282.000000 0.216475 
24500.000000 5336.000000 0.217796 
24600.000000 5426.000000 0.220569 
24700.000000 5502.000000 0.222753 
24800.000000 5560.000000 0.224194 
24900.000000 5524.000000 0.221847 
25000.000000 5556.000000 0.222240 
25100.000000 5606.000000 0.223347 
25200.000000 5624.000000 0.223175 
25300.000000 5690.000000 0.224901 
25400.000000 5702.000000 0.224488 
25500.000000 5658.000000 0.221882 
25600.000000 5738.000000 0.224141 
25700.000000 5808.000000 0.225992 
25800.000000 5902.000000 0.228760 
25900.000000 5956.000000 0.229961 
26000.000000 5934.000000 0.228231 
26100.000000 6018.000000 0.230575 
26200.000000 6080.000000 0.232061 
26300.000000 6120.000000 0.232700 
26400.000000 6182.000000 0.234167 
26500.000000 6256.000000 0.236075 
26600.000000 6296.000000 0.236692 
26700.000000 6388.000000 0.239251 
26800.000000 6450.000000 0.240672 
26900.000000 6512.000000 0.242082 
27000.000000 6542.000000 0.242296 
27100.000000 6570.000000 0.242435 
27200.000000 6656.000000 0.244706 
27300.000000 6698.000000 0.245348 
27400.000000 6728.000000 0.245547 
27500.000000 6802.000000 0.247345 
27600.000000 6820.000000 0.247101 
27700.000000 6848.000000 0.247220 
27800.000000 6948.000000 0.249928 
27900.000000 7034.000000 0.252115 
28000.000000 7118.000000 0.254214 
28100.000000 7168.000000 0.255089 
28200.000000 7232.000000 0.256454 
28300.000000 7304.000000 0.258092 
28400.000000 7304.000000 0.257183 
28500.000000 7356.000000 0.258105 
28600.000000 7404.000000 0.258881 
28700.000000 7484.000000 0.260767 
28800.000000 7516.000000 0.260972 
28900.000000 7590.000000 0.262630 
29000.000000 7640.000000 0.263448 
29100.000000 7680.000000 0.263918 
29200.000000 7752.000000 0.265479 
29300.000000 7766.000000 0.265051 
29400.000000 7784.000000 0.264762 
29500.000000 7846.000000 0.265966 
29600.000000 7904.000000 0.267027 
29700.000000 7938.000000 0.267273 
29800.000000 7986.000000 0.267987 
29900.000000 8024.000000 0.268361 
30000.000000 8010.000000 0.267000 
30100.000000 8096.000000 0.268970 
30200.000000 8176.000000 0.270728 
30300.000000 8240.000000 0.271947 
30400.000000 8304.000000 0.273158 
30500.000000 8222.000000 0.269574 
30600.000000 8122.000000 0.265425 
30700.000000 8130.000000 0.264821 
30800.000000 8212.000000 0.266623 
30900.000000 8302.000000 0.268673 
31000.000000 8376.000000 0.270194 
31100.000000 8428.000000 0.270997 
31200.000000 8508.000000 0.272692 
31300.000000 8592.000000 0.274505 
31400.000000 8674.000000 0.276242 
31500.000000 8742.000000 0.277524 
31600.000000 8832.000000 0.279494 
31700.000000 8792.000000 0.277350 
31800.000000 8852.000000 0.278365 
31900.000000 8872.000000 0.278119 
32000.000000 8884.000000 0.277625 
32100.000000 8940.000000 0.278505 
32200.000000 9004.000000 0.279627 
32300.000000 9052.000000 0.280248 
32400.000000 9058.000000 0.279568 
32500.000000 9118.000000 0.280554 
32600.000000 9138.000000 0.280307 
32700.000000 9230.000000 0.282263 
32800.000000 9294.000000 0.283354 
32900.000000 9346.000000 0.284073 
33000.000000 9406.000000 0.285030 
33100.000000 9500.000000 0.287009 
33200.000000 9566.000000 0.288133 
33300.000000 9666.000000 0.290270 
33400.000000 9748.000000 0.291856 
33500.000000 9848.000000 0.293970 
33600.000000 9938.000000 0.295774 
33700.000000 10024.000000 0.297448 
33800.000000 10114.000000 0.299231 
33900.000000 10016.000000 0.295457 
34000.000000 9962.000000 0.293000 
34100.000000 9940.000000 0.291496 
34200.000000 9956.000000 0.291111 
34300.000000 10012.000000 0.291895 
34400.000000 10080.000000 0.293023 
34500.000000 10156.000000 0.294377 
34600.000000 10246.000000 0.296127 
34700.000000 10304.000000 0.296945 
34800.000000 10394.000000 0.298678 
34900.000000 10492.000000 0.300630 
35000.000000 10574.000000 0.302114 
35100.000000 10658.000000 0.303647 
35200.000000 10708.000000 0.304205 
35300.000000 10772.000000 0.305156 
35400.000000 10856.000000 0.306667 
35500.000000 10898.000000 0.306986 
35600.000000 10998.000000 0.308933 
35700.000000 11080.000000 0.310364 
35800.000000 11154.000000 0.311564 
35900.000000 11232.000000 0.312869 
36000.000000 11300.000000 0.313889 
36100.000000 11376.000000 0.315125 
36200.000000 11476.000000 0.317017 
36300.000000 11502.000000 0.316860 
36400.000000 11558.000000 0.317527 
36500.000000 11628.000000 0.318575 
36600.000000 11728.000000 0.320437 
36700.000000 11810.000000 0.321798 
36800.000000 11888.000000 0.323043 
36900.000000 11928.000000 0.323252 
37000.000000 11966.000000 0.323405 
37100.000000 12056.000000 0.324960 
37200.000000 12132.000000 0.326129 
37300.000000 12182.000000 0.326595 
37400.000000 12230.000000 0.327005 
37500.000000 12308.000000 0.328213 
37600.000000 12388.000000 0.329468 
37700.000000 12484.000000 0.331141 
37800.000000 12580.000000 0.332804 
37900.000000 12652.000000 0.333826 
38000.000000 12706.000000 0.334368 
38100.000000 12778.000000 0.335381 
38200.000000 12828.000000 0.335812 
38300.000000 12916.000000 0.337232 
38400.000000 13002.000000 0.338594 
38500.000000 13038.000000 0.338649 
38600.000000 13124.000000 0.340000 
38700.000000 13210.000000 0.341344 
38800.000000 13298.000000 0.342732 
38900.000000 13382.000000 0.344010 
39000.000000 13438.000000 0.344564 
39100.000000 13518.000000 0.345729 
39200.000000 13584.000000 0.346531 
39300.000000 13670.000000 0.347837 
39400.000000 13706.000000 0.347868 
39500.000000 13776.000000 0.348760 
39600.000000 13850.000000 0.349747 
39700.000000 13878.000000 0.349572 
39800.000000 13970.000000 0.351005 
39900.000000 14064.000000 0.352481 
40000.000000 14136.000000 0.353400 
40100.000000 14176.000000 0.353516 
40200.000000 14228.000000 0.353930 
40300.000000 14300.000000 0.354839 
40400.000000 14358.000000 0.355396 
40500.000000 14454.000000 0.356889 
40600.000000 14538.000000 0.358079 
40700.000000 14604.000000 0.358821 
40800.000000 14662.000000 0.359363 
40900.000000 14714.000000 0.359756 
41000.000000 14736.000000 0.359415 
41100.000000 14800.000000 0.360097 
41200.000000 14844.000000 0.360291 
41300.000000 14910.000000 0.361017 
41400.000000 15002.000000 0.362367 
41500.000000 15098.000000 0.363807 
41600.000000 15182.000000 0.364952 
41700.000000 15222.000000 0.365036 
41800.000000 15298.000000 0.365981 
41900.000000 15370.000000 0.366826 
42000.000000 15418.000000 0.367095 
42100.000000 15494.000000 0.368028 
42200.000000 15594.000000 0.369526 
42300.000000 15680.000000 0.370686 
42400.000000 15778.000000 0.372123 
42500.000000 15878.000000 0.373600 
42600.000000 15928.000000 0.373897 
42700.000000 16028.000000 0.375363 
42800.000000 16100.000000 0.376168 
42900.000000 16168.000000 0.376876 
43000.000000 16228.000000 0.377395 
43100.000000 16310.000000 0.378422 
43200.000000 16348.000000 0.378426 
43300.000000 16378.000000 0.378245 
43400.000000 16458.000000 0.379217 
43500.000000 16554.000000 0.380552 
43600.000000 16586.000000 0.380413 
43700.000000 16664.000000 0.381327 
43800.000000 16740.000000 0.382192 
43900.000000 16808.000000 0.382870 
44000.000000 16882.000000 0.383682 
44100.000000 16944.000000 0.384218 
44200.000000 17022.000000 0.385113 
44300.000000 17090.000000 0.385779 
44400.000000 17124.000000 0.385676 
44500.000000 17208.000000 0.386697 
44600.000000 17280.000000 0.387444 
44700.000000 17352.000000 0.388188 
44800.000000 17452.000000 0.389554 
44900.000000 17506.000000 0.389889 
45000.000000 17586.000000 0.390800 
45100.000000 17674.000000 0.391885 
45200.000000 17744.000000 0.392566 
45300.000000 17804.000000 0.393024 
45400.000000 17888.000000 0.394009 
45500.000000 17892.000000 0.393231 
45600.000000 17944.000000 0.393509 
45700.000000 17992.000000 0.393698 
45800.000000 18032.000000 0.393712 
45900.000000 18084.000000 0.393987 
46000.000000 18158.000000 0.394739 
46100.000000 18222.000000 0.395271 
46200.000000 18268.000000 0.395411 
46300.000000 18330.000000 0.395896 
46400.000000 18408.000000 0.396724 
46500.000000 18506.000000 0.397978 
46600.000000 18600.000000 0.399142 
46700.000000 18674.000000 0.399872 
46800.000000 18746.000000 0.400556 
46900.000000 18792.000000 0.400682 
47000.000000 18880.000000 0.401702 
47100.000000 18938.000000 0.402081 
47200.000000 19002.000000 0.402585 
47300.000000 19074.000000 0.403256 
47400.000000 19148.000000 0.403966 
47500.000000 19196.000000 0.404126 
47600.000000 19264.000000 0.404706 
47700.000000 19340.000000 0.405451 
47800.000000 19368.000000 0.405188 
47900.000000 19440.000000 0.405846 
48000.000000 19488.000000 0.406000 
48100.000000 19564.000000 0.406736 
48200.000000 19640.000000 0.407469 
48300.000000 19720.000000 0.408282 
48400.000000 19806.000000 0.409215 
48500.000000 19848.000000 0.409237 
48600.000000 19930.000000 0.410082 
48700.000000 19998.000000 0.410637 
48800.000000 20060.000000 0.411066 
48900.000000 20140.000000 0.411861 
49000.000000 20224.000000 0.412735 
49100.000000 20298.000000 0.413401 
49200.000000 20396.000000 0.414553 
49300.000000 20460.000000 0.415010 
49400.000000 20512.000000 0.415223 
49500.000000 20600.000000 0.416162 
49600.000000 20646.000000 0.416250 
49700.000000 20734.000000 0.417183 
49800.000000 20802.000000 0.417711 
49900.000000 20884.000000 0.418517 
50000.000000 20940.000000 0.418800 
50100.000000 21028.000000 0.419721 
50200.000000 21098.000000 0.420279 
50300.000000 21180.000000 0.421074 
50400.000000 21274.000000 0.422103 
50500.000000 21342.000000 0.422614 
50600.000000 21426.000000 0.423439 
50700.000000 21480.000000 0.423669 
50800.000000 21564.000000 0.424488 
50900.000000 21624.000000 0.424833 
51000.000000 21700.000000 0.425490 
51100.000000 21786.000000 0.426341 
51200.000000 21852.000000 0.426797 
51300.000000 21936.000000 0.427602 
51400.000000 22026.000000 0.428521 
51500.000000 22094.000000 0.429010 
51600.000000 22174.000000 0.429729 
51700.000000 22216.000000 0.429710 
51800.000000 22272.000000 0.429961 
51900.000000 22350.000000 0.430636 
52000.000000 22438.000000 0.431500 
52100.000000 22508.000000 0.432015 
52200.000000 22600.000000 0.432950 
52300.000000 22686.000000 0.433767 
52400.000000 22744.000000 0.434046 
52500.000000 22828.000000 0.434819 
52600.000000 22920.000000 0.435741 
52700.000000 23008.000000 0.436584 
52800.000000 23056.000000 0.436667 
52900.000000 23148.000000 0.437580 
53000.000000 23246.000000 0.438604 
53100.000000 23304.000000 0.438870 
53200.000000 23366.000000 0.439211 
53300.000000 23434.000000 0.439662 
53400.000000 23516.000000 0.440375 
53500.000000 23578.000000 0.440710 
53600.000000 23650.000000 0.441231 
53700.000000 23704.000000 0.441415 
53800.000000 23776.000000 0.441933 
53900.000000 23834.000000 0.442189 
54000.000000 23924.000000 0.443037 
54100.000000 24016.000000 0.443919 
54200.000000 24074.000000 0.444170 
54300.000000 24144.000000 0.444641 
54400.000000 24226.000000 0.445331 
54500.000000 24310.000000 0.446055 
54600.000000 24372.000000 0.446374 
54700.000000 24412.000000 0.446289 
54800.000000 24486.000000 0.446825 
54900.000000 24574.000000 0.447614 
55000.000000 24634.000000 0.447891 
55100.000000 24678.000000 0.447877 
55200.000000 24768.000000 0.448696 
55300.000000 24828.000000 0.448969 
55400.000000 24906.000000 0.449567 
55500.000000 24988.000000 0.450234 
55600.000000 25060.000000 0.450719 
55700.000000 25116.000000 0.450916 
55800.000000 25180.000000 0.451254 
55900.000000 25264.000000 0.451950 
56000.000000 25340.000000 0.452500 
56100.000000 25420.000000 0.453119 
56200.000000 25520.000000 0.454093 
56300.000000 25618.000000 0.455027 
56400.000000 25706.000000 0.455780 
56500.000000 25806.000000 0.456743 
56600.000000 25872.000000 0.457102 
56700.000000 25950.000000 0.457672 
56800.000000 26046.000000 0.458556 
56900.000000 26110.000000 0.458875 
57000.000000 26194.000000 0.459544 
57100.000000 26280.000000 0.460245 
57200.000000 26364.000000 0.460909 
57300.000000 26432.000000 0.461291 
57400.000000 26510.000000 0.461847 
57500.000000 26594.000000 0.462504 
57600.000000 26646.000000 0.462604 
57700.000000 26728.000000 0.463224 
57800.000000 26776.000000 0.463253 
57900.000000 26842.000000 0.463592 
58000.000000 26938.000000 0.464448 
58100.000000 27032.000000 0.465267 
58200.000000 27128.000000 0.466117 
58300.000000 27226.000000 0.466998 
58400.000000 27318.000000 0.467774 
58500.000000 27394.000000 0.468273 
58600.000000 27474.000000 0.468840 
58700.000000 27566.000000 0.469608 
58800.000000 27638.000000 0.470034 
58900.000000 27738.000000 0.470934 
59000.000000 27822.000000 0.471559 
59100.000000 27906.000000 0.472183 
59200.000000 27998.000000 0.472939 
59300.000000 28074.000000 0.473423 
59400.000000 28174.000000 0.474310 
59500.000000 28274.000000 0.475193 
59600.000000 28374.000000 0.476074 
59700.000000 28408.000000 0.475846 
59800.000000 28492.000000 0.476455 
59900.000000 28592.000000 0.477329 
60000.000000 28690.000000 0.478167 
60100.000000 28760.000000 0.478536 
60200.000000 28834.000000 0.478970 
60300.000000 28930.000000 0.479768 
60400.000000 29028.000000 0.480596 
60500.000000 29116.000000 0.481256 
60600.000000 29214.000000 0.482079 
60700.000000 29294.000000 0.482603 
60800.000000 29366.000000 0.482993 
60900.000000 29458.000000 0.483711 
61000.000000 29540.000000 0.484262 
61100.000000 29638.000000 0.485074 
61200.000000 29738.000000 0.485915 
61300.000000 29832.000000 0.486656 
61400.000000 29932.000000 0.487492 
61500.000000 30000.000000 0.487805 
61600.000000 30086.000000 0.488409 
61700.000000 30180.000000 0.489141 
61800.000000 30252.000000 0.489515 
61900.000000 30308.000000 0.489628 
62000.000000 30402.000000 0.490355 
62100.000000 30502.000000 0.491176 
62200.000000 30602.000000 0.491994 
62300.000000 30658.000000 0.492103 
62400.000000 30754.000000 0.492853 
62500.000000 30850.000000 0.493600 
62600.000000 30950.000000 0.494409 
62700.000000 31038.000000 0.495024 
62800.000000 31132.000000 0.495732 
62900.000000 31216.000000 0.496280 
63000.000000 31298.000000 0.496794 
63100.000000 31384.000000 0.497369 
63200.000000 31448.000000 0.497595 
63300.000000 31528.000000 0.498073 
63400.000000 31622.000000 0.498770 
63500.000000 31712.000000 0.499402 
63600.000000 31812.000000 0.500189 
63700.000000 31898.000000 0.500754 
63800.000000 31998.000000 0.501536 
63900.000000 32078.000000 0.502003 
64000.000000 32166.000000 0.502594 
64100.000000 32232.000000 0.502839 
64200.000000 32300.000000 0.503115 
64300.000000 32370.000000 0.503421 
64400.000000 32450.000000 0.503882 
64500.000000 32546.000000 0.504589 
64600.000000 32622.000000 0.504984 
64700.000000 32722.000000 0.505750 
64800.000000 32818.000000 0.506451 
64900.000000 32908.000000 0.507057 
65000.000000 33008.000000 0.507815 
65100.000000 33086.000000 0.508233 
65200.000000 33170.000000 0.508742 
65300.000000 33268.000000 0.509464 
65400.000000 33364.000000 0.510153 
65500.000000 33456.000000 0.510779 
65600.000000 33536.000000 0.511220 
65700.000000 33606.000000 0.511507 
65800.000000 33684.000000 0.511915 
65900.000000 33782.000000 0.512625 
66000.000000 33878.000000 0.513303 
66100.000000 33978.000000 0.514039 
66200.000000 34064.000000 0.514562 
66300.000000 34138.000000 0.514902 
66400.000000 34234.000000 0.515572 
66500.000000 34326.000000 0.516180 
66600.000000 34420.000000 0.516817 
66700.000000 34512.000000 0.517421 
66800.000000 34606.000000 0.518054 
66900.000000 34690.000000 0.518535 
67000.000000 34776.000000 0.519045 
67100.000000 34864.000000 0.519583 
67200.000000 34940.000000 0.519940 
67300.000000 35024.000000 0.520416 
67400.000000 35090.000000 0.520623 
67500.000000 35164.000000 0.520948 
67600.000000 35232.000000 0.521183 
67700.000000 35332.000000 0.521891 
67800.000000 35420.000000 0.522419 
67900.000000 35504.000000 0.522887 
68000.000000 35594.000000 0.523441 
68100.000000 35666.000000 0.523730 
68200.000000 35756.000000 0.524282 
68300.000000 35800.000000 0.524158 
68400.000000 35898.000000 0.524825 
68500.000000 35990.000000 0.525401 
68600.000000 36068.000000 0.525773 
68700.000000 36144.000000 0.526114 
68800.000000 36232.000000 0.526628 
68900.000000 36332.000000 0.527315 
69000.000000 36432.000000 0.528000 
69100.000000 36532.000000 0.528683 
69200.000000 36608.000000 0.529017 
69300.000000 36708.000000 0.529697 
69400.000000 36806.000000 0.530346 
69500.000000 36898.000000 0.530906 
69600.000000 36998.000000 0.531580 
69700.000000 37094.000000 0.532195 
69800.000000 37188.000000 0.532779 
69900.000000 37280.000000 0.533333 
70000.000000 37380.000000 0.534000 
70100.000000 37480.000000 0.534665 
70200.000000 37576.000000 0.535271 
70300.000000 37674.000000 0.535903 
70400.000000 37770.000000 0.536506 
70500.000000 37870.000000 0.537163 
70600.000000 37970.000000 0.537819 
70700.000000 38042.000000 0.538076 
70800.000000 38142.000000 0.538729 
70900.000000 38230.000000 0.539210 
71000.000000 38312.000000 0.539606 
71100.000000 38412.000000 0.540253 
71200.000000 38480.000000 0.540449 
71300.000000 38572.000000 0.540982 
71400.000000 38636.000000 0.541120 
71500.000000 38722.000000 0.541566 
71600.000000 38796.000000 0.541844 
71700.000000 38892.000000 0.542427 
71800.000000 38968.000000 0.542730 
71900.000000 39056.000000 0.543199 
72000.000000 39130.000000 0.543472 
72100.000000 39230.000000 0.544105 
72200.000000 39318.000000 0.544571 
72300.000000 39400.000000 0.544952 
72400.000000 39492.000000 0.545470 
72500.000000 39586.000000 0.546014 
72600.000000 39678.000000 0.546529 
72700.000000 39758.000000 0.546878 
72800.000000 39844.000000 0.547308 
72900.000000 39928.000000 0.547709 
73000.000000 40018.000000 0.548192 
73100.000000 40110.000000 0.548700 
73200.000000 40178.000000 0.548880 
73300.000000 40238.000000 0.548950 
73400.000000 40332.000000 0.549482 
73500.000000 40416.000000 0.549878 
73600.000000 40510.000000 0.550408 
73700.000000 40580.000000 0.550611 
73800.000000 40680.000000 0.551220 
73900.000000 40768.000000 0.551664 
74000.000000 40842.000000 0.551919 
74100.000000 40930.000000 0.552362 
74200.000000 40998.000000 0.552534 
74300.000000 41098.000000 0.553136 
74400.000000 41196.000000 0.553710 
74500.000000 41216.000000 0.553235 
74600.000000 41276.000000 0.553298 
74700.000000 41360.000000 0.553681 
74800.000000 41458.000000 0.554251 
74900.000000 41556.000000 0.554820 
75000.000000 41646.000000 0.555280 
75100.000000 41710.000000 0.555393 
75200.000000 41798.000000 0.555824 
75300.000000 41896.000000 0.556388 
75400.000000 41990.000000 0.556897 
75500.000000 42082.000000 0.557377 
75600.000000 42182.000000 0.557963 
75700.000000 42250.000000 0.558124 
75800.000000 42344.000000 0.558628 
75900.000000 42444.000000 0.559209 
76000.000000 42540.000000 0.559737 
76100.000000 42638.000000 0.560289 
76200.000000 42700.000000 0.560367 
76300.000000 42786.000000 0.560760 
76400.000000 42886.000000 0.561335 
76500.000000 42980.000000 0.561830 
76600.000000 43070.000000 0.562272 
76700.000000 43146.000000 0.562529 
76800.000000 43228.000000 0.562865 
76900.000000 43286.000000 0.562887 
77000.000000 43376.000000 0.563325 
77100.000000 43474.000000 0.563865 
77200.000000 43570.000000 0.564378 
77300.000000 43654.000000 0.564735 
77400.000000 43722.000000 0.564884 
77500.000000 43814.000000 0.565342 
77600.000000 43892.000000 0.565619 
77700.000000 43992.000000 0.566178 
77800.000000 44080.000000 0.566581 
77900.000000 44160.000000 0.566881 
78000.000000 44238.000000 0.567154 
78100.000000 44318.000000 0.567452 
78200.000000 44418.000000 0.568005 
78300.000000 44498.000000 0.568301 
78400.000000 44576.000000 0.568571 
78500.000000 44656.000000 0.568866 
78600.000000 44746.000000 0.569288 
78700.000000 44838.000000 0.569733 
78800.000000 44908.000000 0.569898 
78900.000000 44992.000000 0.570241 
79000.000000 45078.000000 0.570608 
79100.000000 45152.000000 0.570822 
79200.000000 45250.000000 0.571338 
79300.000000 45334.000000 0.571677 
79400.000000 45414.000000 0.571965 
79500.000000 45496.000000 0.572277 
79600.000000 45574.000000 0.572538 
79700.000000 45648.000000 0.572748 
79800.000000 45738.000000 0.573158 
79900.000000 45826.000000 0.573542 
80000.000000 45922.000000 0.574025 
80100.000000 46016.000000 0.574482 
80200.000000 46116.000000 0.575012 
80300.000000 46180.000000 0.575093 
80400.000000 46280.000000 0.575622 
80500.000000 46364.000000 0.575950 
80600.000000 46436.000000 0.576129 
80700.000000 46518.000000 0.576431 
80800.000000 46610.000000 0.576856 
80900.000000 46708.000000 0.577355 
81000.000000 46804.000000 0.577827 
81100.000000 46880.000000 0.578052 
81200.000000 46970.000000 0.578448 
81300.000000 47066.000000 0.578918 
81400.000000 47142.000000 0.579140 
81500.000000 47238.000000 0.579607 
81600.000000 47316.000000 0.579853 
81700.000000 47392.000000 0.580073 
81800.000000 47474.000000 0.580367 
81900.000000 47566.000000 0.580781 
82000.000000 47666.000000 0.581293 
82100.000000 47766.000000 0.581803 
82200.000000 47858.000000 0.582214 
82300.000000 47910.000000 0.582139 
82400.000000 47984.000000 0.582330 
82500.000000 48052.000000 0.582448 
82600.000000 48132.000000 0.582712 
82700.000000 48230.000000 0.583192 
82800.000000 48320.000000 0.583575 
82900.000000 48410.000000 0.583957 
83000.000000 48492.000000 0.584241 
83100.000000 48592.000000 0.584741 
83200.000000 48684.000000 0.585144 
83300.000000 48784.000000 0.585642 
83400.000000 48850.000000 0.585731 
83500.000000 48918.000000 0.585844 
83600.000000 48994.000000 0.586053 
83700.000000 49048.000000 0.585998 
83800.000000 49116.000000 0.586110 
83900.000000 49204.000000 0.586460 
84000.000000 49300.000000 0.586905 
84100.000000 49392.000000 0.587301 
84200.000000 49492.000000 0.587791 
84300.000000 49592.000000 0.588280 
84400.000000 49668.000000 0.588483 
84500.000000 49760.000000 0.588876 
84600.000000 49860.000000 0.589362 
84700.000000 49954.000000 0.589776 
84800.000000 50030.000000 0.589976 
84900.000000 50120.000000 0.590342 
85000.000000 50220.000000 0.590824 
85100.000000 50298.000000 0.591046 
85200.000000 50398.000000 0.591526 
85300.000000 50486.000000 0.591864 
85400.000000 50570.000000 0.592155 
85500.000000 50640.000000 0.592281 
85600.000000 50726.000000 0.592593 
85700.000000 50806.000000 0.592835 
85800.000000 50878.000000 0.592984 
85900.000000 50958.000000 0.593225 
86000.000000 51014.000000 0.593186 
86100.000000 51082.000000 0.593287 
86200.000000 51160.000000 0.593503 
86300.000000 51236.000000 0.593696 
86400.000000 51308.000000 0.593843 
86500.000000 51396.000000 0.594173 
86600.000000 51478.000000 0.594434 
86700.000000 51526.000000 0.594302 
86800.000000 51626.000000 0.594770 
86900.000000 51724.000000 0.595213 
87000.000000 51814.000000 0.595563 
87100.000000 51898.000000 0.595844 
87200.000000 51976.000000 0.596055 
87300.000000 52074.000000 0.596495 
87400.000000 52130.000000 0.596453 
87500.000000 52162.000000 0.596137 
87600.000000 52262.000000 0.596598 
87700.000000 52360.000000 0.597035 
87800.000000 52448.000000 0.597358 
87900.000000 52522.000000 0.597520 
88000.000000 52594.000000 0.597659 
88100.000000 52694.000000 0.598116 
88200.000000 52774.000000 0.598345 
88300.000000 52862.000000 0.598664 
88400.000000 52958.000000 0.599072 
88500.000000 53048.000000 0.599412 
88600.000000 53128.000000 0.599639 
88700.000000 53218.000000 0.599977 
88800.000000 53312.000000 0.600360 
88900.000000 53404.000000 0.600720 
89000.000000 53486.000000 0.600966 
89100.000000 53538.000000 0.600875 
89200.000000 53628.000000 0.601211 
89300.000000 53708.000000 0.601433 
89400.000000 53794.000000 0.601723 
89500.000000 53880.000000 0.602011 
89600.000000 53956.000000 0.602188 
89700.000000 54038.000000 0.602430 
89800.000000 54126.000000 0.602739 
89900.000000 54210.000000 0.603003 
90000.000000 54306.000000 0.603400 
90100.000000 54352.000000 0.603241 
90200.000000 54434.000000 0.603481 
90300.000000 54528.000000 0.603854 
90400.000000 54624.000000 0.604248 
90500.000000 54700.000000 0.604420 
90600.000000 54766.000000 0.604481 
90700.000000 54850.000000 0.604741 
90800.000000 54942.000000 0.605088 
90900.000000 55000.000000 0.605061 
91000.000000 55060.000000 0.605055 
91100.000000 55148.000000 0.605357 
91200.000000 55228.000000 0.605570 
91300.000000 55314.000000 0.605849 
91400.000000 55392.000000 0.606039 
91500.000000 55492.000000 0.606470 
91600.000000 55588.000000 0.606856 
91700.000000 55688.000000 0.607285 
91800.000000 55720.000000 0.606972 
91900.000000 55816.000000 0.607356 
92000.000000 55894.000000 0.607543 
92100.000000 55974.000000 0.607752 
92200.000000 56046.000000 0.607874 
92300.000000 56144.000000 0.608277 
92400.000000 56220.000000 0.608442 
92500.000000 56306.000000 0.608714 
92600.000000 56388.000000 0.608942 
92700.000000 56484.000000 0.609320 
92800.000000 56584.000000 0.609741 
92900.000000 56670.000000 0.610011 
93000.000000 56770.000000 0.610430 
93100.000000 56866.000000 0.610806 
93200.000000 56966.000000 0.611223 
93300.000000 57060.000000 0.611576 
93400.000000 57128.000000 0.611649 
93500.000000 57214.000000 0.611914 
93600.000000 57288.000000 0.612051 
93700.000000 57376.000000 0.612337 
93800.000000 57454.000000 0.612516 
93900.000000 57552.000000 0.612907 
94000.000000 57634.000000 0.613128 
94100.000000 57698.000000 0.613156 
94200.000000 57782.000000 0.613397 
94300.000000 57866.000000 0.613637 
94400.000000 57934.000000 0.613708 
94500.000000 57990.000000 0.613651 
94600.000000 58052.000000 0.613658 
94700.000000 58144.000000 0.613981 
94800.000000 58222.000000 0.614156 
94900.000000 58312.000000 0.614457 
95000.000000 58386.000000 0.614589 
95100.000000 58450.000000 0.614616 
95200.000000 58526.000000 0.614769 
95300.000000 58612.000000 0.615026 
95400.000000 58704.000000 0.615346 
95500.000000 58762.000000 0.615309 
95600.000000 58842.000000 0.615502 
95700.000000 58942.000000 0.615904 
95800.000000 59040.000000 0.616284 
95900.000000 59126.000000 0.616538 
96000.000000 59188.000000 0.616542 
96100.000000 59272.000000 0.616774 
96200.000000 59364.000000 0.617089 
96300.000000 59448.000000 0.617321 
96400.000000 59536.000000 0.617593 
96500.000000 59634.000000 0.617969 
96600.000000 59724.000000 0.618261 
96700.000000 59822.000000 0.618635 
96800.000000 59912.000000 0.618926 
96900.000000 60010.000000 0.619298 
97000.000000 60110.000000 0.619691 
97100.000000 60210.000000 0.620082 
97200.000000 60290.000000 0.620268 
97300.000000 60370.000000 0.620452 
97400.000000 60464.000000 0.620780 
97500.000000 60562.000000 0.621149 
97600.000000 60662.000000 0.621537 
97700.000000 60762.000000 0.621924 
97800.000000 60862.000000 0.622311 
97900.000000 60950.000000 0.622574 
98000.000000 61022.000000 0.622673 
98100.000000 61116.000000 0.622997 
98200.000000 61196.000000 0.623177 
98300.000000 61248.000000 0.623072 
98400.000000 61336.000000 0.623333 
98500.000000 61410.000000 0.623452 
98600.000000 61496.000000 0.623692 
98700.000000 61580.000000 0.623911 
98800.000000 61660.000000 0.624089 
98900.000000 61758.000000 0.624449 
99000.000000 61858.000000 0.624828 
99100.000000 61950.000000 0.625126 
99200.000000 62046.000000 0.625464 
99300.000000 62146.000000 0.625841 
99400.000000 62224.000000 0.625996 
99500.000000 62324.000000 0.626372 
99600.000000 62410.000000 0.626606 
99700.000000 62506.000000 0.626941 
99800.000000 62592.000000 0.627174 
99900.000000 62676.000000 0.627387 
100000.000000 62746.000000 0.627460 
100100.000000 62836.000000 0.627732 
100200.000000 62936.000000 0.628104 
100300.000000 63030.000000 0.628415 
100400.000000 63114.000000 0.628626 
100500.000000 63198.000000 0.628836 
100600.000000 63296.000000 0.629185 
100700.000000 63386.000000 0.629454 
100800.000000 63474.000000 0.629702 
100900.000000 63574.000000 0.630069 
101000.000000 63632.000000 0.630020 
101100.000000 63720.000000 0.630267 
101200.000000 63820.000000 0.630632 
101300.000000 63906.000000 0.630859 
101400.000000 63986.000000 0.631026 
101500.000000 64084.000000 0.631369 
101600.000000 64174.000000 0.631634 
101700.000000 64264.000000 0.631898 
101800.000000 64362.000000 0.632240 
101900.000000 64448.000000 0.632463 
102000.000000 64540.000000 0.632745 
102100.000000 64622.000000 0.632928 
102200.000000 64714.000000 0.633209 
102300.000000 64792.000000 0.633353 
102400.000000 64878.000000 0.633574 
102500.000000 64978.000000 0.633932 
102600.000000 65046.000000 0.633977 
102700.000000 65042.000000 0.633320 
102800.000000 65134.000000 0.633599 
102900.000000 65208.000000 0.633703 
103000.000000 65300.000000 0.633981 
103100.000000 65380.000000 0.634142 
103200.000000 65350.000000 0.633236 
103300.000000 65354.000000 0.632662 
103400.000000 65448.000000 0.632959 
103500.000000 65528.000000 0.633121 
103600.000000 65626.000000 0.633456 
103700.000000 65716.000000 0.633713 
103800.000000 65816.000000 0.634066 
103900.000000 65914.000000 0.634398 
104000.000000 65998.000000 0.634596 
104100.000000 66094.000000 0.634909 
104200.000000 66194.000000 0.635259 
104300.000000 66292.000000 0.635590 
104400.000000 66372.000000 0.635747 
104500.000000 66460.000000 0.635981 
104600.000000 66560.000000 0.636329 
104700.000000 66632.000000 0.636409 
104800.000000 66692.000000 0.636374 
104900.000000 66766.000000 0.636473 
105000.000000 66866.000000 0.636819 
105100.000000 66964.000000 0.637146 
105200.000000 67038.000000 0.637243 
105300.000000 67096.000000 0.637189 
105400.000000 67134.000000 0.636945 
105500.000000 67234.000000 0.637289 
105600.000000 67314.000000 0.637443 
105700.000000 67404.000000 0.637692 
105800.000000 67472.000000 0.637732 
105900.000000 67562.000000 0.637979 
106000.000000 67656.000000 0.638264 
106100.000000 67756.000000 0.638605 
106200.000000 67846.000000 0.638851 
106300.000000 67946.000000 0.639191 
106400.000000 68044.000000 0.639511 
106500.000000 68126.000000 0.639681 
106600.000000 68218.000000 0.639944 
106700.000000 68308.000000 0.640187 
106800.000000 68408.000000 0.640524 
106900.000000 68482.000000 0.640617 
107000.000000 68574.000000 0.640878 
107100.000000 68674.000000 0.641214 
107200.000000 68774.000000 0.641549 
107300.000000 68844.000000 0.641603 
107400.000000 68916.000000 0.641676 
107500.000000 69012.000000 0.641972 
107600.000000 69108.000000 0.642268 
107700.000000 69194.000000 0.642470 
107800.000000 69290.000000 0.642764 
107900.000000 69376.000000 0.642966 
108000.000000 69434.000000 0.642907 
108100.000000 69510.000000 0.643016 
108200.000000 69596.000000 0.643216 
108300.000000 69664.000000 0.643250 
108400.000000 69740.000000 0.643358 
108500.000000 69840.000000 0.643687 
108600.000000 69940.000000 0.644015 
108700.000000 69992.000000 0.643901 
108800.000000 70036.000000 0.643713 
108900.000000 70114.000000 0.643838 
109000.000000 70208.000000 0.644110 
109100.000000 70300.000000 0.644363 
109200.000000 70390.000000 0.644597 
109300.000000 70488.000000 0.644904 
109400.000000 70572.000000 0.645082 
109500.000000 70612.000000 0.644858 
109600.000000 70704.000000 0.645109 
109700.000000 70758.000000 0.645014 
109800.000000 70830.000000 0.645082 
109900.000000 70906.000000 0.645187 
110000.000000 71004.000000 0.645491 
110100.000000 71088.000000 0.645668 
110200.000000 71160.000000 0.645735 
110300.000000 71224.000000 0.645730 
110400.000000 71308.000000 0.645906 
110500.000000 71390.000000 0.646063 
110600.000000 71460.000000 0.646112 
110700.000000 71504.000000 0.645926 
110800.000000 71604.000000 0.646245 
110900.000000 71674.000000 0.646294 
111000.000000 71740.000000 0.646306 
111100.000000 71776.000000 0.646049 
111200.000000 71782.000000 0.645522 
111300.000000 71856.000000 0.645606 
111400.000000 71956.000000 0.645925 
111500.000000 72042.000000 0.646117 
111600.000000 72130.000000 0.646326 
111700.000000 72214.000000 0.646500 
111800.000000 72184.000000 0.645653 
111900.000000 72258.000000 0.645737 
112000.000000 72330.000000 0.645804 
112100.000000 72354.000000 0.645442 
112200.000000 72442.000000 0.645651 
112300.000000 72538.000000 0.645931 
112400.000000 72638.000000 0.646246 
112500.000000 72716.000000 0.646364 
112600.000000 72770.000000 0.646270 
112700.000000 72740.000000 0.645430 
112800.000000 72750.000000 0.644947 
112900.000000 72650.000000 0.643490 
113000.000000 72614.000000 0.642602 
113100.000000 72654.000000 0.642387 
113200.000000 72738.000000 0.642562 
113300.000000 72776.000000 0.642330 
113400.000000 72836.000000 0.642293 
113500.000000 72936.000000 0.642608 
113600.000000 73000.000000 0.642606 
113700.000000 73036.000000 0.642357 
113800.000000 73126.000000 0.642583 
113900.000000 73066.000000 0.641493 
114000.000000 73122.000000 0.641421 
114100.000000 73146.000000 0.641069 
114200.000000 73046.000000 0.639632 
114300.000000 73010.000000 0.638758 
114400.000000 72948.000000 0.637657 
114500.000000 72960.000000 0.637205 
114600.000000 72932.000000 0.636405 
114700.000000 73014.000000 0.636565 
114800.000000 73080.000000 0.636585 
114900.000000 73136.000000 0.636519 
115000.000000 73180.000000 0.636348 
115100.000000 73230.000000 0.636229 
115200.000000 73288.000000 0.636181 
115300.000000 73388.000000 0.636496 
115400.000000 73472.000000 0.636672 
115500.000000 73376.000000 0.635290 
115600.000000 73454.000000 0.635415 
115700.000000 73538.000000 0.635592 
115800.000000 73636.000000 0.635889 
115900.000000 73694.000000 0.635841 
116000.000000 73788.000000 0.636103 
116100.000000 73818.000000 0.635814 
116200.000000 73830.000000 0.635370 
116300.000000 73826.000000 0.634789 
116400.000000 73860.000000 0.634536 
116500.000000 73888.000000 0.634232 
116600.000000 73962.000000 0.634322 
116700.000000 74032.000000 0.634379 
116800.000000 74100.000000 0.634418 
116900.000000 74160.000000 0.634388 
117000.000000 74148.000000 0.633744 
117100.000000 74240.000000 0.633988 
117200.000000 74262.000000 0.633635 
117300.000000 74326.000000 0.633640 
117400.000000 74402.000000 0.633748 
117500.000000 74494.000000 0.633991 
117600.000000 74422.000000 0.632840 
117700.000000 74422.000000 0.632302 
117800.000000 74454.000000 0.632037 
117900.000000 74508.000000 0.631959 
118000.000000 74592.000000 0.632136 
118100.000000 74690.000000 0.632430 
118200.000000 74762.000000 0.632504 
118300.000000 74790.000000 0.632206 
118400.000000 74878.000000 0.632416 
118500.000000 74950.000000 0.632489 
118600.000000 75050.000000 0.632799 
118700.000000 75138.000000 0.633008 
118800.000000 75230.000000 0.633249 
118900.000000 75330.000000 0.633558 
119000.000000 75410.000000 0.633697 
119100.000000 75480.000000 0.633753 
119200.000000 75572.000000 0.633993 
119300.000000 75656.000000 0.634166 
119400.000000 75754.000000 0.634456 
119500.000000 75854.000000 0.634762 
119600.000000 75930.000000 0.634866 
119700.000000 76020.000000 0.635088 
119800.000000 76110.000000 0.635309 
119900.000000 76176.000000 0.635329 
120000.000000 76268.000000 0.635567 
120100.000000 76354.000000 0.635754 
120200.000000 76454.000000 0.636057 
120300.000000 76538.000000 0.636226 
120400.000000 76594.000000 0.636163 
120500.000000 76692.000000 0.636448 
120600.000000 76786.000000 0.636700 
120700.000000 76874.000000 0.636901 
120800.000000 76962.000000 0.637103 
120900.000000 77044.000000 0.637254 
121000.000000 77120.000000 0.637355 
121100.000000 77204.000000 0.637523 
121200.000000 77298.000000 0.637772 
121300.000000 77380.000000 0.637923 
121400.000000 77478.000000 0.638204 
121500.000000 77578.000000 0.638502 
121600.000000 77640.000000 0.638487 
121700.000000 77728.000000 0.638685 
121800.000000 77800.000000 0.638752 
121900.000000 77884.000000 0.638917 
122000.000000 77974.000000 0.639131 
122100.000000 78068.000000 0.639378 
122200.000000 78168.000000 0.639673 
122300.000000 78250.000000 0.639820 
122400.000000 78346.000000 0.640082 
122500.000000 78416.000000 0.640131 
122600.000000 78460.000000 0.639967 
122700.000000 78548.000000 0.640163 
122800.000000 78624.000000 0.640261 
122900.000000 78710.000000 0.640439 
123000.000000 78810.000000 0.640732 
123100.000000 78882.000000 0.640796 
123200.000000 78978.000000 0.641055 
123300.000000 79054.000000 0.641152 
123400.000000 79144.000000 0.641361 
123500.000000 79226.000000 0.641506 
123600.000000 79320.000000 0.641748 
123700.000000 79420.000000 0.642037 
123800.000000 79480.000000 0.642003 
123900.000000 79570.000000 0.642211 
124000.000000 79662.000000 0.642435 
124100.000000 79744.000000 0.642579 
124200.000000 79836.000000 0.642802 
124300.000000 79916.000000 0.642928 
124400.000000 79994.000000 0.643039 
124500.000000 80068.000000 0.643116 
124600.000000 80166.000000 0.643387 
124700.000000 80256.000000 0.643593 
124800.000000 80356.000000 0.643878 
124900.000000 80438.000000 0.644019 
125000.000000 80536.000000 0.644288 
125100.000000 80626.000000 0.644492 
125200.000000 80680.000000 0.644409 
125300.000000 80752.000000 0.644469 
125400.000000 80850.000000 0.644737 
125500.000000 80944.000000 0.644972 
125600.000000 81040.000000 0.645223 
125700.000000 81122.000000 0.645362 
125800.000000 81206.000000 0.645517 
125900.000000 81268.000000 0.645496 
126000.000000 81324.000000 0.645429 
126100.000000 81424.000000 0.645710 
126200.000000 81498.000000 0.645784 
126300.000000 81576.000000 0.645891 
126400.000000 81662.000000 0.646060 
126500.000000 81758.000000 0.646308 
126600.000000 81858.000000 0.646588 
126700.000000 81958.000000 0.646867 
126800.000000 82052.000000 0.647098 
126900.000000 82150.000000 0.647360 
127000.000000 82246.000000 0.647606 
127100.000000 82314.000000 0.647632 
127200.000000 82394.000000 0.647752 
127300.000000 82462.000000 0.647777 
127400.000000 82562.000000 0.648053 
127500.000000 82654.000000 0.648267 
127600.000000 82750.000000 0.648511 
127700.000000 82834.000000 0.648661 
127800.000000 82920.000000 0.648826 
127900.000000 83020.000000 0.649101 
128000.000000 83108.000000 0.649281 
128100.000000 83208.000000 0.649555 
128200.000000 83292.000000 0.649704 
128300.000000 83334.000000 0.649525 
128400.000000 83406.000000 0.649579 
128500.000000 83494.000000 0.649759 
128600.000000 83588.000000 0.649984 
128700.000000 83688.000000 0.650256 
128800.000000 83772.000000 0.650404 
128900.000000 83872.000000 0.650675 
129000.000000 83966.000000 0.650899 
129100.000000 84044.000000 0.650999 
129200.000000 84138.000000 0.651223 
129300.000000 84236.000000 0.651477 
129400.000000 84322.000000 0.651638 
129500.000000 84414.000000 0.651846 
129600.000000 84514.000000 0.652114 
129700.000000 84598.000000 0.652259 
129800.000000 84662.000000 0.652250 
129900.000000 84744.000000 0.652379 
130000.000000 84840.000000 0.652615 
130100.000000 84940.000000 0.652882 
130200.000000 85026.000000 0.653041 
130300.000000 85112.000000 0.653200 
130400.000000 85206.000000 0.653420 
130500.000000 85274.000000 0.653441 
130600.000000 85352.000000 0.653538 
130700.000000 85450.000000 0.653787 
130800.000000 85502.000000 0.653685 
130900.000000 85574.000000 0.653736 
131000.000000 85642.000000 0.653756 
131100.000000 85730.000000 0.653928 
131200.000000 85764.000000 0.653689 
131300.000000 85862.000000 0.653938 
131400.000000 85954.000000 0.654140 
131500.000000 86032.000000 0.654236 
131600.000000 86130.000000 0.654483 
131700.000000 86190.000000 0.654442 
131800.000000 86278.000000 0.654613 
131900.000000 86372.000000 0.654829 
132000.000000 86446.000000 0.654894 
132100.000000 86536.000000 0.655079 
132200.000000 86600.000000 0.655068 
132300.000000 86656.000000 0.654996 
132400.000000 86750.000000 0.655212 
132500.000000 86822.000000 0.655260 
132600.000000 86918.000000 0.655490 
132700.000000 86996.000000 0.655584 
132800.000000 87058.000000 0.655557 
132900.000000 87142.000000 0.655696 
133000.000000 87242.000000 0.655955 
133100.000000 87330.000000 0.656123 
133200.000000 87416.000000 0.656276 
133300.000000 87494.000000 0.656369 
133400.000000 87570.000000 0.656447 
133500.000000 87670.000000 0.656704 
133600.000000 87754.000000 0.656841 
133700.000000 87854.000000 0.657098 
133800.000000 87948.000000 0.657309 
133900.000000 88048.000000 0.657565 
134000.000000 88146.000000 0.657806 
134100.000000 88234.000000 0.657972 
134200.000000 88326.000000 0.658167 
134300.000000 88408.000000 0.658287 
134400.000000 88486.000000 0.658378 
134500.000000 88582.000000 0.658602 
134600.000000 88678.000000 0.658826 
134700.000000 88774.000000 0.659050 
134800.000000 88868.000000 0.659258 
134900.000000 88946.000000 0.659348 
135000.000000 89014.000000 0.659363 
135100.000000 89064.000000 0.659245 
135200.000000 89162.000000 0.659482 
135300.000000 89234.000000 0.659527 
135400.000000 89312.000000 0.659616 
135500.000000 89400.000000 0.659779 
135600.000000 89466.000000 0.659779 
135700.000000 89566.000000 0.660029 
135800.000000 89654.000000 0.660191 
135900.000000 89752.000000 0.660427 
136000.000000 89846.000000 0.660632 
136100.000000 89928.000000 0.660749 
136200.000000 90022.000000 0.660954 
136300.000000 90110.000000 0.661115 
136400.000000 90208.000000 0.661349 
136500.000000 90286.000000 0.661436 
136600.000000 90386.000000 0.661684 
136700.000000 90478.000000 0.661873 
136800.000000 90578.000000 0.662120 
136900.000000 90676.000000 0.662352 
137000.000000 90776.000000 0.662599 
137100.000000 90870.000000 0.662801 
137200.000000 90950.000000 0.662901 
137300.000000 91030.000000 0.663001 
137400.000000 91100.000000 0.663028 
137500.000000 91192.000000 0.663215 
137600.000000 91278.000000 0.663358 
137700.000000 91378.000000 0.663602 
137800.000000 91476.000000 0.663832 
137900.000000 91534.000000 0.663771 
138000.000000 91576.000000 0.663594 
138100.000000 91664.000000 0.663751 
138200.000000 91764.000000 0.663994 
138300.000000 91848.000000 0.664121 
138400.000000 91942.000000 0.664321 
138500.000000 92042.000000 0.664563 
138600.000000 92140.000000 0.664791 
138700.000000 92214.000000 0.664845 
138800.000000 92300.000000 0.664986 
138900.000000 92382.000000 0.665097 
139000.000000 92444.000000 0.665065 
139100.000000 92476.000000 0.664817 
139200.000000 92556.000000 0.664914 
139300.000000 92622.000000 0.664910 
139400.000000 92716.000000 0.665108 
139500.000000 92802.000000 0.665247 
139600.000000 92838.000000 0.665029 
139700.000000 92906.000000 0.665039 
139800.000000 92976.000000 0.665064 
139900.000000 93024.000000 0.664932 
140000.000000 93098.000000 0.664986 
140100.000000 93160.000000 0.664954 
140200.000000 93254.000000 0.665150 
140300.000000 93322.000000 0.665160 
140400.000000 93408.000000 0.665299 
140500.000000 93436.000000 0.665025 
140600.000000 93398.000000 0.664282 
140700.000000 93482.000000 0.664407 
140800.000000 93582.000000 0.664645 
140900.000000 93654.000000 0.664684 
141000.000000 93738.000000 0.664809 
141100.000000 93814.000000 0.664876 
141200.000000 93914.000000 0.665113 
141300.000000 94004.000000 0.665280 
141400.000000 94076.000000 0.665318 
141500.000000 94160.000000 0.665442 
141600.000000 94236.000000 0.665508 
141700.000000 94336.000000 0.665745 
141800.000000 94422.000000 0.665882 
141900.000000 94502.000000 0.665976 
142000.000000 94600.000000 0.666197 
142100.000000 94684.000000 0.666319 
142200.000000 94778.000000 0.666512 
142300.000000 94874.000000 0.666718 
142400.000000 94972.000000 0.666938 
142500.000000 95044.000000 0.666975 
142600.000000 95136.000000 0.667153 
142700.000000 95222.000000 0.667288 
142800.000000 95270.000000 0.667157 
142900.000000 95310.000000 0.666970 
143000.000000 95348.000000 0.666769 
143100.000000 95408.000000 0.666723 
143200.000000 95502.000000 0.666913 
143300.000000 95602.000000 0.667146 
143400.000000 95696.000000 0.667336 
143500.000000 95786.000000 0.667498 
143600.000000 95838.000000 0.667396 
143700.000000 95924.000000 0.667530 
143800.000000 96004.000000 0.667622 
143900.000000 96096.000000 0.667797 
144000.000000 96186.000000 0.667958 
144100.000000 96240.000000 0.667870 
144200.000000 96336.000000 0.668072 
144300.000000 96414.000000 0.668150 
144400.000000 96498.000000 0.668269 
144500.000000 96566.000000 0.668277 
144600.000000 96634.000000 0.668285 
144700.000000 96730.000000 0.668487 
144800.000000 96808.000000 0.668564 
144900.000000 96908.000000 0.668792 
145000.000000 97008.000000 0.669021 
145100.000000 97108.000000 0.669249 
145200.000000 97202.000000 0.669435 
145300.000000 97258.000000 0.669360 
145400.000000 97358.000000 0.669587 
145500.000000 97454.000000 0.669787 
145600.000000 97516.000000 0.669753 
145700.000000 97612.000000 0.669952 
145800.000000 97698.000000 0.670082 
145900.000000 97784.000000 0.670212 
146000.000000 97878.000000 0.670397 
146100.000000 97932.000000 0.670308 
146200.000000 98014.000000 0.670410 
146300.000000 98096.000000 0.670513 
146400.000000 98164.000000 0.670519 
146500.000000 98254.000000 0.670676 
146600.000000 98352.000000 0.670887 
146700.000000 98402.000000 0.670770 
146800.000000 98480.000000 0.670845 
146900.000000 98574.000000 0.671028 
147000.000000 98674.000000 0.671252 
147100.000000 98746.000000 0.671285 
147200.000000 98822.000000 0.671345 
147300.000000 98896.000000 0.671392 
147400.000000 98972.000000 0.671452 
147500.000000 99064.000000 0.671620 
147600.000000 99128.000000 0.671599 
147700.000000 99200.000000 0.671632 
147800.000000 99294.000000 0.671813 
147900.000000 99386.000000 0.671981 
148000.000000 99438.000000 0.671878 
148100.000000 99524.000000 0.672005 
148200.000000 99590.000000 0.671997 
148300.000000 99680.000000 0.672151 
148400.000000 99768.000000 0.672291 
148500.000000 99862.000000 0.672471 
148600.000000 99944.000000 0.672571 
148700.000000 100042.000000 0.672777 
148800.000000 100140.000000 0.672984 
148900.000000 100240.000000 0.673203 
149000.000000 100340.000000 0.673423 
149100.000000 100430.000000 0.673575 
149200.000000 100524.000000 0.673753 
149300.000000 100610.000000 0.673878 
149400.000000 100694.000000 0.673989 
149500.000000 100794.000000 0.674207 
149600.000000 100882.000000 0.674345 
149700.000000 100970.000000 0.674482 
149800.000000 100994.000000 0.674192 
149900.000000 101080.000000 0.674316 
150000.000000 101140.000000 0.674267 
150100.000000 101212.000000 0.674297 
150200.000000 101286.000000 0.674341 
150300.000000 101374.000000 0.674478 
150400.000000 101470.000000 0.674668 
150500.000000 101554.000000 0.674777 
150600.000000 101648.000000 0.674954 
150700.000000 101740.000000 0.675116 
150800.000000 101828.000000 0.675252 
150900.000000 101910.000000 0.675348 
151000.000000 102002.000000 0.675510 
151100.000000 102100.000000 0.675711 
151200.000000 102182.000000 0.675807 
151300.000000 102240.000000 0.675744 
151400.000000 102326.000000 0.675865 
151500.000000 102424.000000 0.676066 
151600.000000 102524.000000 0.676280 
151700.000000 102612.000000 0.676414 
151800.000000 102704.000000 0.676574 
151900.000000 102778.000000 0.676616 
152000.000000 102872.000000 0.676789 
152100.000000 102964.000000 0.676949 
152200.000000 103040.000000 0.677004 
152300.000000 103140.000000 0.677216 
152400.000000 103238.000000 0.677415 
152500.000000 103338.000000 0.677626 
152600.000000 103430.000000 0.677785 
152700.000000 103528.000000 0.677983 
152800.000000 103600.000000 0.678010 
152900.000000 103660.000000 0.677959 
153000.000000 103752.000000 0.678118 
153100.000000 103852.000000 0.678328 
153200.000000 103938.000000 0.678446 
153300.000000 104030.000000 0.678604 
153400.000000 104118.000000 0.678735 
153500.000000 104200.000000 0.678827 
153600.000000 104292.000000 0.678984 
153700.000000 104380.000000 0.679115 
153800.000000 104468.000000 0.679246 
153900.000000 104534.000000 0.679233 
154000.000000 104632.000000 0.679429 
154100.000000 104730.000000 0.679624 
154200.000000 104824.000000 0.679792 
154300.000000 104904.000000 0.679870 
154400.000000 105000.000000 0.680052 
154500.000000 105092.000000 0.680207 
154600.000000 105188.000000 0.680388 
154700.000000 105260.000000 0.680414 
154800.000000 105358.000000 0.680607 
154900.000000 105456.000000 0.680800 
155000.000000 105556.000000 0.681006 
155100.000000 105616.000000 0.680954 
155200.000000 105716.000000 0.681160 
155300.000000 105816.000000 0.681365 
155400.000000 105912.000000 0.681544 
155500.000000 106010.000000 0.681736 
155600.000000 106110.000000 0.681941 
155700.000000 106186.000000 0.681991 
155800.000000 106286.000000 0.682195 
155900.000000 106378.000000 0.682348 
156000.000000 106478.000000 0.682551 
156100.000000 106560.000000 0.682639 
156200.000000 106660.000000 0.682842 
156300.000000 106744.000000 0.682943 
156400.000000 106842.000000 0.683133 
156500.000000 106942.000000 0.683335 
156600.000000 107028.000000 0.683448 
156700.000000 107118.000000 0.683586 
156800.000000 107212.000000 0.683750 
156900.000000 107296.000000 0.683850 
157000.000000 107392.000000 0.684025 
157100.000000 107484.000000 0.684176 
157200.000000 107580.000000 0.684351 
157300.000000 107680.000000 0.684552 
157400.000000 107774.000000 0.684714 
157500.000000 107868.000000 0.684876 
157600.000000 107968.000000 0.685076 
157700.000000 108066.000000 0.685263 
157800.000000 108152.000000 0.685374 
157900.000000 108244.000000 0.685522 
158000.000000 108310.000000 0.685506 
158100.000000 108406.000000 0.685680 
158200.000000 108498.000000 0.685828 
158300.000000 108566.000000 0.685824 
158400.000000 108662.000000 0.685997 
158500.000000 108756.000000 0.686158 
158600.000000 108840.000000 0.686255 
158700.000000 108920.000000 0.686326 
158800.000000 109014.000000 0.686486 
158900.000000 109108.000000 0.686646 
159000.000000 109194.000000 0.686755 
159100.000000 109244.000000 0.686637 
159200.000000 109332.000000 0.686759 
159300.000000 109432.000000 0.686955 
159400.000000 109532.000000 0.687152 
159500.000000 109600.000000 0.687147 
159600.000000 109680.000000 0.687218 
159700.000000 109776.000000 0.687389 
159800.000000 109874.000000 0.687572 
159900.000000 109954.000000 0.687642 
160000.000000 110050.000000 0.687813 
160100.000000 110124.000000 0.687845 
160200.000000 110192.000000 0.687840 
160300.000000 110292.000000 0.688035 
160400.000000 110386.000000 0.688192 
160500.000000 110484.000000 0.688374 
160600.000000 110562.000000 0.688431 
160700.000000 110658.000000 0.688600 
160800.000000 110754.000000 0.688769 
160900.000000 110850.000000 0.688937 
161000.000000 110928.000000 0.688994 
161100.000000 111028.000000 0.689187 
161200.000000 111118.000000 0.689318 
161300.000000 111216.000000 0.689498 
161400.000000 111296.000000 0.689566 
161500.000000 111376.000000 0.689635 
161600.000000 111460.000000 0.689728 
161700.000000 111560.000000 0.689920 
161800.000000 111640.000000 0.689988 
161900.000000 111732.000000 0.690130 
162000.000000 111776.000000 0.689975 
162100.000000 111846.000000 0.689982 
162200.000000 111922.000000 0.690025 
162300.000000 112018.000000 0.690191 
162400.000000 112118.000000 0.690382 
162500.000000 112180.000000 0.690338 
162600.000000 112276.000000 0.690504 
162700.000000 112366.000000 0.690633 
162800.000000 112462.000000 0.690799 
162900.000000 112556.000000 0.690952 
163000.000000 112650.000000 0.691104 
163100.000000 112740.000000 0.691232 
163200.000000 112810.000000 0.691238 
163300.000000 112886.000000 0.691280 
163400.000000 112946.000000 0.691224 
163500.000000 113028.000000 0.691303 
163600.000000 113110.000000 0.691381 
163700.000000 113192.000000 0.691460 
163800.000000 113290.000000 0.691636 
163900.000000 113390.000000 0.691824 
164000.000000 113480.000000 0.691951 
164100.000000 113562.000000 0.692029 
164200.000000 113646.000000 0.692119 
164300.000000 113744.000000 0.692295 
164400.000000 113828.000000 0.692384 
164500.000000 113904.000000 0.692426 
164600.000000 113992.000000 0.692540 
164700.000000 114090.000000 0.692714 
164800.000000 114172.000000 0.692791 
164900.000000 114270.000000 0.692965 
165000.000000 114356.000000 0.693067 
165100.000000 114456.000000 0.693253 
165200.000000 114552.000000 0.693414 
165300.000000 114648.000000 0.693575 
165400.000000 114746.000000 0.693748 
165500.000000 114846.000000 0.693934 
165600.000000 114932.000000 0.694034 
165700.000000 115030.000000 0.694206 
165800.000000 115116.000000 0.694306 
165900.000000 115202.000000 0.694406 
166000.000000 115286.000000 0.694494 
166100.000000 115314.000000 0.694244 
166200.000000 115390.000000 0.694284 
166300.000000 115486.000000 0.694444 
166400.000000 115574.000000 0.694555 
166500.000000 115656.000000 0.694631 
166600.000000 115736.000000 0.694694 
166700.000000 115836.000000 0.694877 
166800.000000 115832.000000 0.694436 
166900.000000 115888.000000 0.694356 
167000.000000 115962.000000 0.694383 
167100.000000 115958.000000 0.693944 
167200.000000 116026.000000 0.693935 
167300.000000 116054.000000 0.693688 
167400.000000 116062.000000 0.693321 
167500.000000 115962.000000 0.692310 
167600.000000 115862.000000 0.691301 
167700.000000 115762.000000 0.690292 
167800.000000 115836.000000 0.690322 
167900.000000 115928.000000 0.690459 
168000.000000 116028.000000 0.690643 
168100.000000 116126.000000 0.690815 
168200.000000 116222.000000 0.690975 
168300.000000 116316.000000 0.691123 
168400.000000 116410.000000 0.691271 
168500.000000 116498.000000 0.691383 
168600.000000 116580.000000 0.691459 
168700.000000 116670.000000 0.691583 
168800.000000 116736.000000 0.691564 
168900.000000 116830.000000 0.691711 
169000.000000 116928.000000 0.691882 
169100.000000 117018.000000 0.692005 
169200.000000 117096.000000 0.692057 
169300.000000 117182.000000 0.692156 
169400.000000 117256.000000 0.692184 
169500.000000 117356.000000 0.692366 
169600.000000 117456.000000 0.692547 
169700.000000 117554.000000 0.692717 
169800.000000 117654.000000 0.692897 
169900.000000 117750.000000 0.693055 
170000.000000 117846.000000 0.693212 
170100.000000 117946.000000 0.693392 
170200.000000 118046.000000 0.693572 
170300.000000 118146.000000 0.693752 
170400.000000 118200.000000 0.693662 
170500.000000 118298.000000 0.693830 
170600.000000 118398.000000 0.694009 
170700.000000 118466.000000 0.694001 
170800.000000 118558.000000 0.694133 
170900.000000 118644.000000 0.694231 
171000.000000 118744.000000 0.694409 
171100.000000 118844.000000 0.694588 
171200.000000 118944.000000 0.694766 
171300.000000 119018.000000 0.694793 
171400.000000 119116.000000 0.694959 
171500.000000 119194.000000 0.695009 
171600.000000 119294.000000 0.695186 
171700.000000 119372.000000 0.695236 
171800.000000 119454.000000 0.695309 
171900.000000 119554.000000 0.695486 
172000.000000 119638.000000 0.695570 
172100.000000 119734.000000 0.695723 
172200.000000 119812.000000 0.695772 
172300.000000 119898.000000 0.695868 
172400.000000 119986.000000 0.695974 
172500.000000 120064.000000 0.696023 
172600.000000 120118.000000 0.695933 
172700.000000 120180.000000 0.695889 
172800.000000 120240.000000 0.695833 
172900.000000 120286.000000 0.695697 
173000.000000 120374.000000 0.695803 
173100.000000 120442.000000 0.695794 
173200.000000 120496.000000 0.695704 
173300.000000 120586.000000 0.695822 
173400.000000 120678.000000 0.695952 
173500.000000 120770.000000 0.696081 
173600.000000 120868.000000 0.696244 
173700.000000 120928.000000 0.696189 
173800.000000 121014.000000 0.696283 
173900.000000 121074.000000 0.696228 
174000.000000 121170.000000 0.696379 
174100.000000 121254.000000 0.696462 
174200.000000 121350.000000 0.696613 
174300.000000 121442.000000 0.696741 
174400.000000 121510.000000 0.696732 
174500.000000 121602.000000 0.696860 
174600.000000 121694.000000 0.696987 
174700.000000 121794.000000 0.697161 
174800.000000 121894.000000 0.697334 
174900.000000 121990.000000 0.697484 
175000.000000 122058.000000 0.697474 
175100.000000 122136.000000 0.697521 
175200.000000 122234.000000 0.697683 
175300.000000 122310.000000 0.697718 
175400.000000 122410.000000 0.697891 
175500.000000 122510.000000 0.698063 
175600.000000 122600.000000 0.698178 
175700.000000 122686.000000 0.698270 
175800.000000 122784.000000 0.698430 
175900.000000 122848.000000 0.698397 
176000.000000 122946.000000 0.698557 
176100.000000 123044.000000 0.698717 
176200.000000 123134.000000 0.698831 
176300.000000 123226.000000 0.698956 
176400.000000 123316.000000 0.699070 
176500.000000 123406.000000 0.699184 
176600.000000 123498.000000 0.699309 
176700.000000 123586.000000 0.699411 
176800.000000 123676.000000 0.699525 
176900.000000 123684.000000 0.699175 
177000.000000 123782.000000 0.699333 
177100.000000 123862.000000 0.699390 
177200.000000 123962.000000 0.699560 
177300.000000 124042.000000 0.699616 
177400.000000 124138.000000 0.699763 
177500.000000 124204.000000 0.699741 
177600.000000 124284.000000 0.699797 
177700.000000 124376.000000 0.699921 
177800.000000 124448.000000 0.699933 
177900.000000 124532.000000 0.700011 
178000.000000 124600.000000 0.700000 
178100.000000 124690.000000 0.700112 
178200.000000 124774.000000 0.700191 
178300.000000 124852.000000 0.700236 
178400.000000 124950.000000 0.700392 
178500.000000 125042.000000 0.700515 
178600.000000 125140.000000 0.700672 
178700.000000 125196.000000 0.700593 
178800.000000 125276.000000 0.700649 
178900.000000 125368.000000 0.700771 
179000.000000 125458.000000 0.700883 
179100.000000 125542.000000 0.700960 
179200.000000 125640.000000 0.701116 
179300.000000 125726.000000 0.701205 
179400.000000 125824.000000 0.701360 
179500.000000 125906.000000 0.701426 
179600.000000 125966.000000 0.701370 
179700.000000 126052.000000 0.701458 
179800.000000 126118.000000 0.701435 
179900.000000 126202.000000 0.701512 
180000.000000 126296.000000 0.701644 
180100.000000 126390.000000 0.701777 
180200.000000 126460.000000 0.701776 
180300.000000 126526.000000 0.701753 
180400.000000 126626.000000 0.701918 
180500.000000 126704.000000 0.701961 
180600.000000 126800.000000 0.702104 
180700.000000 126878.000000 0.702147 
180800.000000 126960.000000 0.702212 
180900.000000 127058.000000 0.702366 
181000.000000 127158.000000 0.702530 
181100.000000 127250.000000 0.702650 
181200.000000 127322.000000 0.702660 
181300.000000 127422.000000 0.702824 
181400.000000 127518.000000 0.702966 
181500.000000 127614.000000 0.703107 
181600.000000 127692.000000 0.703150 
181700.000000 127770.000000 0.703192 
181800.000000 127844.000000 0.703212 
181900.000000 127938.000000 0.703342 
182000.000000 128038.000000 0.703506 
182100.000000 128132.000000 0.703635 
182200.000000 128214.000000 0.703699 
182300.000000 128308.000000 0.703829 
182400.000000 128400.000000 0.703947 
182500.000000 128492.000000 0.704066 
182600.000000 128570.000000 0.704107 
182700.000000 128656.000000 0.704193 
182800.000000 128756.000000 0.704354 
182900.000000 128832.000000 0.704385 
183000.000000 128918.000000 0.704470 
183100.000000 129018.000000 0.704631 
183200.000000 129092.000000 0.704651 
183300.000000 129192.000000 0.704812 
183400.000000 129292.000000 0.704973 
183500.000000 129388.000000 0.705112 
183600.000000 129462.000000 0.705131 
183700.000000 129562.000000 0.705291 
183800.000000 129654.000000 0.705408 
183900.000000 129746.000000 0.705525 
184000.000000 129816.000000 0.705522 
184100.000000 129914.000000 0.705671 
184200.000000 130006.000000 0.705787 
184300.000000 130096.000000 0.705893 
184400.000000 130154.000000 0.705824 
184500.000000 130244.000000 0.705930 
184600.000000 130338.000000 0.706056 
184700.000000 130430.000000 0.706172 
184800.000000 130518.000000 0.706266 
184900.000000 130598.000000 0.706317 
185000.000000 130690.000000 0.706432 
185100.000000 130790.000000 0.706591 
185200.000000 130876.000000 0.706674 
185300.000000 130964.000000 0.706767 
185400.000000 131046.000000 0.706828 
185500.000000 131126.000000 0.706879 
185600.000000 131184.000000 0.706810 
185700.000000 131282.000000 0.706957 
185800.000000 131368.000000 0.707040 
185900.000000 131442.000000 0.707058 
186000.000000 131496.000000 0.706968 
186100.000000 131560.000000 0.706932 
186200.000000 131648.000000 0.707025 
186300.000000 131746.000000 0.707171 
186400.000000 131844.000000 0.707318 
186500.000000 131912.000000 0.707303 
186600.000000 132002.000000 0.707406 
186700.000000 132052.000000 0.707295 
186800.000000 132098.000000 0.707163 
186900.000000 132158.000000 0.707105 
187000.000000 132218.000000 0.707048 
187100.000000 132312.000000 0.707173 
187200.000000 132396.000000 0.707244 
187300.000000 132488.000000 0.707357 
187400.000000 132588.000000 0.707513 
187500.000000 132672.000000 0.707584 
187600.000000 132772.000000 0.707740 
187700.000000 132802.000000 0.707523 
187800.000000 132840.000000 0.707348 
187900.000000 132940.000000 0.707504 
188000.000000 133022.000000 0.707564 
188100.000000 133098.000000 0.707592 
188200.000000 133188.000000 0.707694 
188300.000000 133288.000000 0.707849 
188400.000000 133372.000000 0.707919 
188500.000000 133466.000000 0.708042 
188600.000000 133560.000000 0.708165 
188700.000000 133640.000000 0.708214 
188800.000000 133736.000000 0.708347 
188900.000000 133834.000000 0.708491 
189000.000000 133908.000000 0.708508 
189100.000000 134006.000000 0.708651 
189200.000000 134096.000000 0.708753 
189300.000000 134176.000000 0.708801 
189400.000000 134262.000000 0.708881 
189500.000000 134362.000000 0.709034 
189600.000000 134326.000000 0.708470 
189700.000000 134226.000000 0.707570 
189800.000000 134256.000000 0.707355 
189900.000000 134354.000000 0.707499 
190000.000000 134446.000000 0.707611 
190100.000000 134524.000000 0.707649 
190200.000000 134610.000000 0.707729 
190300.000000 134698.000000 0.707819 
190400.000000 134782.000000 0.707889 
190500.000000 134868.000000 0.707969 
190600.000000 134874.000000 0.707629 
190700.000000 134918.000000 0.707488 
190800.000000 135012.000000 0.707610 
190900.000000 135098.000000 0.707690 
191000.000000 135184.000000 0.707770 
191100.000000 135252.000000 0.707755 
191200.000000 135330.000000 0.707793 
191300.000000 135416.000000 0.707872 
191400.000000 135492.000000 0.707900 
191500.000000 135566.000000 0.707916 
191600.000000 135652.000000 0.707996 
191700.000000 135732.000000 0.708044 
191800.000000 135824.000000 0.708154 
191900.000000 135916.000000 0.708265 
192000.000000 135978.000000 0.708219 
192100.000000 136064.000000 0.708298 
192200.000000 136164.000000 0.708450 
192300.000000 136254.000000 0.708549 
192400.000000 136338.000000 0.708617 
192500.000000 136418.000000 0.708665 
192600.000000 136498.000000 0.708712 
192700.000000 136594.000000 0.708843 
192800.000000 136682.000000 0.708932 
192900.000000 136768.000000 0.709010 
193000.000000 136854.000000 0.709088 
193100.000000 136930.000000 0.709114 
193200.000000 137012.000000 0.709172 
193300.000000 137088.000000 0.709198 
193400.000000 137172.000000 0.709266 
193500.000000 137270.000000 0.709406 
193600.000000 137362.000000 0.709514 
193700.000000 137438.000000 0.709541 
193800.000000 137522.000000 0.709608 
193900.000000 137622.000000 0.709758 
194000.000000 137714.000000 0.709866 
194100.000000 137792.000000 0.709902 
194200.000000 137890.000000 0.710041 
194300.000000 137986.000000 0.710170 
194400.000000 138086.000000 0.710319 
194500.000000 138176.000000 0.710416 
194600.000000 138268.000000 0.710524 
194700.000000 138364.000000 0.710652 
194800.000000 138464.000000 0.710801 
194900.000000 138500.000000 0.710621 
195000.000000 138400.000000 0.709744 
195100.000000 138436.000000 0.709564 
195200.000000 138532.000000 0.709693 
195300.000000 138632.000000 0.709841 
195400.000000 138726.000000 0.709959 
195500.000000 138826.000000 0.710107 
195600.000000 138922.000000 0.710235 
195700.000000 139008.000000 0.710312 
195800.000000 139102.000000 0.710429 
195900.000000 139198.000000 0.710556 
196000.000000 139294.000000 0.710684 
196100.000000 139370.000000 0.710709 
196200.000000 139452.000000 0.710765 
196300.000000 139538.000000 0.710841 
196400.000000 139612.000000 0.710855 
196500.000000 139710.000000 0.710992 
196600.000000 139804.000000 0.711109 
196700.000000 139816.000000 0.710808 
196800.000000 139868.000000 0.710711 
196900.000000 139942.000000 0.710726 
197000.000000 140018.000000 0.710751 
197100.000000 140108.000000 0.710847 
197200.000000 140198.000000 0.710943 
197300.000000 140262.000000 0.710907 
197400.000000 140302.000000 0.710750 
197500.000000 140368.000000 0.710724 
197600.000000 140440.000000 0.710729 
197700.000000 140532.000000 0.710835 
197800.000000 140612.000000 0.710880 
197900.000000 140710.000000 0.711016 
198000.000000 140798.000000 0.711101 
198100.000000 140898.000000 0.711247 
198200.000000 140982.000000 0.711312 
198300.000000 141066.000000 0.711377 
198400.000000 141166.000000 0.711522 
198500.000000 141246.000000 0.711567 
198600.000000 141334.000000 0.711652 
198700.000000 141434.000000 0.711797 
198800.000000 141522.000000 0.711881 
198900.000000 141622.000000 0.712026 
199000.000000 141718.000000 0.712151 
199100.000000 141794.000000 0.712175 
199200.000000 141884.000000 0.712269 
199300.000000 141954.000000 0.712263 
199400.000000 142054.000000 0.712407 
199500.000000 142152.000000 0.712541 
199600.000000 142238.000000 0.712615 
199700.000000 142336.000000 0.712749 
199800.000000 142436.000000 0.712893 
199900.000000 142502.000000 0.712866 
200000.000000 142600.000000 0.713000 
