100.000000 -24.000000 -0.240000 
200.000000 -84.000000 -0.420000 
300.000000 -144.000000 -0.480000 
400.000000 -142.000000 -0.355000 
500.000000 -132.000000 -0.264000 
600.000000 -132.000000 -0.220000 
700.000000 -192.000000 -0.274286 
800.000000 -252.000000 -0.315000 
900.000000 -334.000000 -0.371111 
1000.000000 -400.000000 -0.400000 
1100.000000 -500.000000 -0.454545 
1200.000000 -586.000000 -0.488333 
1300.000000 -636.000000 -0.489231 
1400.000000 -642.000000 -0.458571 
1500.000000 -722.000000 -0.481333 
1600.000000 -822.000000 -0.513750 
1700.000000 -922.000000 -0.542353 
1800.000000 -990.000000 -0.550000 
1900.000000 -1090.000000 -0.573684 
2000.000000 -1186.000000 -0.593000 
2100.000000 -1284.000000 -0.611429 
2200.000000 -1322.000000 -0.600909 
2300.000000 -1384.000000 -0.601739 
2400.000000 -1444.000000 -0.601667 
2500.000000 -1486.000000 -0.594400 
2600.000000 -1518.000000 -0.583846 
2700.000000 -1600.000000 -0.592593 
2800.000000 -1700.000000 -0.607143 
2900.000000 -1736.000000 -0.598621 
3000.000000 -1744.000000 -0.581333 
3100.000000 -1844.000000 -0.594839 
3200.000000 -1876.000000 -0.586250 
3300.000000 -1930.000000 -0.584848 
3400.000000 -1984.000000 -0.583529 
3500.000000 -2004.000000 -0.572571 
3600.000000 -2090.000000 -0.580556 
3700.000000 -2162.000000 -0.584324 
3800.000000 -2132.000000 -0.561053 
3900.000000 -2138.000000 -0.548205 
4000.000000 -2180.000000 -0.545000 
4100.000000 -2224.000000 -0.542439 
4200.000000 -2150.000000 -0.511905 
4300.000000 -2162.000000 -0.502791 
4400.000000 -2132.000000 -0.484545 
4500.000000 -2170.000000 -0.482222 
4600.000000 -2106.000000 -0.457826 
4700.000000 -2054.000000 -0.437021 
4800.000000 -2074.000000 -0.432083 
4900.000000 -2152.000000 -0.439184 
5000.000000 -2230.000000 -0.446000 
5100.000000 -2324.000000 -0.455686 
5200.000000 -2398.000000 -0.461154 
5300.000000 -2392.000000 -0.451321 
5400.000000 -2418.000000 -0.447778 
5500.000000 -2498.000000 -0.454182 
5600.000000 -2546.000000 -0.454643 
5700.000000 -2602.000000 -0.456491 
5800.000000 -2642.000000 -0.455517 
5900.000000 -2720.000000 -0.461017 
6000.000000 -2804.000000 -0.467333 
6100.000000 -2846.000000 -0.466557 
6200.000000 -2908.000000 -0.469032 
6300.000000 -2958.000000 -0.469524 
6400.000000 -2908.000000 -0.454375 
6500.000000 -2978.000000 -0.458154 
6600.000000 -2936.000000 -0.444848 
6700.000000 -2966.000000 -0.442687 
6800.000000 -2916.000000 -0.428824 
6900.000000 -2906.000000 -0.421159 
7000.000000 -2964.000000 -0.423429 
7100.000000 -2904.000000 -0.409014 
7200.000000 -2978.000000 -0.413611 
7300.000000 -2940.000000 -0.402740 
7400.000000 -2924.000000 -0.395135 
7500.000000 -2896.000000 -0.386133 
7600.000000 -2848.000000 -0.374737 
7700.000000 -2816.000000 -0.365714 
7800.000000 -2826.000000 -0.362308 
7900.000000 -2780.000000 -0.351899 
8000.000000 -2794.000000 -0.349250 
8100.000000 -2880.000000 -0.355556 
8200.000000 -2860.000000 -0.348780 
8300.000000 -2778.000000 -0.334699 
8400.000000 -2708.000000 -0.322381 
8500.000000 -2636.000000 -0.310118 
8600.000000 -2554.000000 -0.296977 
8700.000000 -2472.000000 -0.284138 
8800.000000 -2512.000000 -0.285455 
8900.000000 -2464.000000 -0.276854 
9000.000000 -2500.000000 -0.277778 
9100.000000 -2544.000000 -0.279560 
9200.000000 -2532.000000 -0.275217 
9300.000000 -2584.000000 -0.277849 
9400.000000 -2670.000000 -0.284043 
9500.000000 -2596.000000 -0.273263 
9600.000000 -2504.000000 -0.260833 
9700.000000 -2510.000000 -0.258763 
9800.000000 -2492.000000 -0.254286 
9900.000000 -2418.000000 -0.244242 
10000.000000 -2518.000000 -0.251800 
10100.000000 -2598.000000 -0.257228 
10200.000000 -2614.000000 -0.256275 
10300.000000 -2626.000000 -0.254951 
10400.000000 -2540.000000 -0.244231 
10500.000000 -2560.000000 -0.243810 
10600.000000 -2548.000000 -0.240377 
10700.000000 -2502.000000 -0.233832 
10800.000000 -2476.000000 -0.229259 
10900.000000 -2444.000000 -0.224220 
11000.000000 -2456.000000 -0.223273 
11100.000000 -2438.000000 -0.219640 
11200.000000 -2384.000000 -0.212857 
11300.000000 -2372.000000 -0.209912 
11400.000000 -2370.000000 -0.207895 
11500.000000 -2418.000000 -0.210261 
11600.000000 -2360.000000 -0.203448 
11700.000000 -2302.000000 -0.196752 
11800.000000 -2342.000000 -0.198475 
11900.000000 -2284.000000 -0.191933 
12000.000000 -2254.000000 -0.187833 
12100.000000 -2208.000000 -0.182479 
12200.000000 -2110.000000 -0.172951 
12300.000000 -2048.000000 -0.166504 
12400.000000 -1972.000000 -0.159032 
12500.000000 -1966.000000 -0.157280 
12600.000000 -1998.000000 -0.158571 
12700.000000 -1940.000000 -0.152756 
12800.000000 -1870.000000 -0.146094 
12900.000000 -1954.000000 -0.151473 
13000.000000 -2054.000000 -0.158000 
13100.000000 -2154.000000 -0.164427 
13200.000000 -2146.000000 -0.162576 
13300.000000 -2078.000000 -0.156241 
13400.000000 -2060.000000 -0.153731 
13500.000000 -2018.000000 -0.149481 
13600.000000 -1952.000000 -0.143529 
13700.000000 -1884.000000 -0.137518 
13800.000000 -1804.000000 -0.130725 
13900.000000 -1780.000000 -0.128058 
14000.000000 -1718.000000 -0.122714 
14100.000000 -1670.000000 -0.118440 
14200.000000 -1592.000000 -0.112113 
14300.000000 -1546.000000 -0.108112 
14400.000000 -1470.000000 -0.102083 
14500.000000 -1452.000000 -0.100138 
14600.000000 -1392.000000 -0.095342 
14700.000000 -1326.000000 -0.090204 
14800.000000 -1262.000000 -0.085270 
14900.000000 -1166.000000 -0.078255 
15000.000000 -1118.000000 -0.074533 
15100.000000 -1070.000000 -0.070861 
15200.000000 -992.000000 -0.065263 
15300.000000 -914.000000 -0.059739 
15400.000000 -870.000000 -0.056494 
15500.000000 -798.000000 -0.051484 
15600.000000 -732.000000 -0.046923 
15700.000000 -650.000000 -0.041401 
15800.000000 -572.000000 -0.036203 
15900.000000 -512.000000 -0.032201 
16000.000000 -472.000000 -0.029500 
16100.000000 -418.000000 -0.025963 
16200.000000 -322.000000 -0.019877 
16300.000000 -256.000000 -0.015706 
16400.000000 -172.000000 -0.010488 
16500.000000 -100.000000 -0.006061 
16600.000000 -24.000000 -0.001446 
16700.000000 34.000000 0.002036 
16800.000000 72.000000 0.004286 
16900.000000 142.000000 0.008402 
17000.000000 226.000000 0.013294 
17100.000000 304.000000 0.017778 
17200.000000 388.000000 0.022558 
17300.000000 468.000000 0.027052 
17400.000000 536.000000 0.030805 
17500.000000 628.000000 0.035886 
17600.000000 700.000000 0.039773 
17700.000000 754.000000 0.042599 
17800.000000 788.000000 0.044270 
17900.000000 766.000000 0.042793 
18000.000000 698.000000 0.038778 
18100.000000 708.000000 0.039116 
18200.000000 682.000000 0.037473 
18300.000000 678.000000 0.037049 
18400.000000 668.000000 0.036304 
18500.000000 674.000000 0.036432 
18600.000000 714.000000 0.038387 
18700.000000 744.000000 0.039786 
18800.000000 760.000000 0.040426 
18900.000000 832.000000 0.044021 
19000.000000 848.000000 0.044632 
19100.000000 856.000000 0.044817 
19200.000000 916.000000 0.047708 
19300.000000 984.000000 0.050984 
19400.000000 1052.000000 0.054227 
19500.000000 1032.000000 0.052923 
19600.000000 948.000000 0.048367 
19700.000000 888.000000 0.045076 
19800.000000 884.000000 0.044646 
19900.000000 878.000000 0.044121 
20000.000000 922.000000 0.046100 
20100.000000 966.000000 0.048060 
20200.000000 978.000000 0.048416 
20300.000000 976.000000 0.048079 
20400.000000 888.000000 0.043529 
20500.000000 822.000000 0.040098 
20600.000000 796.000000 0.038641 
20700.000000 756.000000 0.036522 
20800.000000 772.000000 0.037115 
20900.000000 676.000000 0.032344 
21000.000000 674.000000 0.032095 
21100.000000 682.000000 0.032322 
21200.000000 680.000000 0.032075 
21300.000000 714.000000 0.033521 
21400.000000 796.000000 0.037196 
21500.000000 874.000000 0.040651 
21600.000000 960.000000 0.044444 
21700.000000 962.000000 0.044332 
21800.000000 1028.000000 0.047156 
21900.000000 1086.000000 0.049589 
22000.000000 1158.000000 0.052636 
22100.000000 1206.000000 0.054570 
22200.000000 1262.000000 0.056847 
22300.000000 1286.000000 0.057668 
22400.000000 1346.000000 0.060089 
22500.000000 1416.000000 0.062933 
22600.000000 1464.000000 0.064779 
22700.000000 1520.000000 0.066960 
22800.000000 1570.000000 0.068860 
22900.000000 1632.000000 0.071266 
23000.000000 1718.000000 0.074696 
23100.000000 1796.000000 0.077749 
23200.000000 1896.000000 0.081724 
23300.000000 1964.000000 0.084292 
23400.000000 2050.000000 0.087607 
23500.000000 2078.000000 0.088426 
23600.000000 2126.000000 0.090085 
23700.000000 2162.000000 0.091224 
23800.000000 2222.000000 0.093361 
23900.000000 2280.000000 0.095397 
24000.000000 2354.000000 0.098083 
24100.000000 2416.000000 0.100249 
24200.000000 2456.000000 0.101488 
24300.000000 2526.000000 0.103951 
24400.000000 2570.000000 0.105328 
24500.000000 2628.000000 0.107265 
24600.000000 2670.000000 0.108537 
24700.000000 2732.000000 0.110607 
24800.000000 2818.000000 0.113629 
24900.000000 2876.000000 0.115502 
25000.000000 2932.000000 0.117280 
25100.000000 3000.000000 0.119522 
25200.000000 3080.000000 0.122222 
25300.000000 3168.000000 0.125217 
25400.000000 3188.000000 0.125512 
25500.000000 3284.000000 0.128784 
25600.000000 3348.000000 0.130781 
25700.000000 3386.000000 0.131751 
25800.000000 3454.000000 0.133876 
25900.000000 3528.000000 0.136216 
26000.000000 3566.000000 0.137154 
26100.000000 3656.000000 0.140077 
26200.000000 3720.000000 0.141985 
26300.000000 3806.000000 0.144715 
26400.000000 3824.000000 0.144848 
26500.000000 3900.000000 0.147170 
26600.000000 3978.000000 0.149549 
26700.000000 4052.000000 0.151760 
26800.000000 4128.000000 0.154030 
26900.000000 4190.000000 0.155762 
27000.000000 4288.000000 0.158815 
27100.000000 4354.000000 0.160664 
27200.000000 4446.000000 0.163456 
27300.000000 4504.000000 0.164982 
27400.000000 4576.000000 0.167007 
27500.000000 4672.000000 0.169891 
27600.000000 4738.000000 0.171667 
27700.000000 4802.000000 0.173357 
27800.000000 4866.000000 0.175036 
27900.000000 4916.000000 0.176201 
28000.000000 4990.000000 0.178214 
28100.000000 5028.000000 0.178932 
28200.000000 5086.000000 0.180355 
28300.000000 5138.000000 0.181555 
28400.000000 5212.000000 0.183521 
28500.000000 5294.000000 0.185754 
28600.000000 5368.000000 0.187692 
28700.000000 5414.000000 0.188641 
28800.000000 5480.000000 0.190278 
28900.000000 5518.000000 0.190934 
29000.000000 5584.000000 0.192552 
29100.000000 5652.000000 0.194227 
29200.000000 5722.000000 0.195959 
29300.000000 5756.000000 0.196451 
29400.000000 5834.000000 0.198435 
29500.000000 5882.000000 0.199390 
29600.000000 5960.000000 0.201351 
29700.000000 6026.000000 0.202896 
29800.000000 6120.000000 0.205369 
29900.000000 6174.000000 0.206488 
30000.000000 6256.000000 0.208533 
30100.000000 6328.000000 0.210233 
30200.000000 6398.000000 0.211854 
30300.000000 6454.000000 0.213003 
30400.000000 6526.000000 0.214671 
30500.000000 6612.000000 0.216787 
30600.000000 6652.000000 0.217386 
30700.000000 6694.000000 0.218046 
30800.000000 6764.000000 0.219610 
30900.000000 6842.000000 0.221424 
31000.000000 6920.000000 0.223226 
31100.000000 6994.000000 0.224887 
31200.000000 7062.000000 0.226346 
31300.000000 7146.000000 0.228307 
31400.000000 7246.000000 0.230764 
31500.000000 7326.000000 0.232571 
31600.000000 7412.000000 0.234557 
31700.000000 7500.000000 0.236593 
31800.000000 7560.000000 0.237736 
31900.000000 7604.000000 0.238370 
32000.000000 7662.000000 0.239438 
32100.000000 7738.000000 0.241059 
32200.000000 7812.000000 0.242609 
32300.000000 7878.000000 0.243901 
32400.000000 7956.000000 0.245556 
32500.000000 7978.000000 0.245477 
32600.000000 7928.000000 0.243190 
32700.000000 7866.000000 0.240550 
32800.000000 7836.000000 0.238902 
32900.000000 7890.000000 0.239818 
33000.000000 7870.000000 0.238485 
33100.000000 7860.000000 0.237462 
33200.000000 7802.000000 0.235000 
33300.000000 7702.000000 0.231291 
33400.000000 7622.000000 0.228204 
33500.000000 7522.000000 0.224537 
33600.000000 7422.000000 0.220893 
33700.000000 7322.000000 0.217270 
33800.000000 7222.000000 0.213669 
33900.000000 7122.000000 0.210088 
34000.000000 7022.000000 0.206529 
34100.000000 6922.000000 0.202991 
34200.000000 6822.000000 0.199474 
34300.000000 6722.000000 0.195977 
34400.000000 6622.000000 0.192500 
34500.000000 6522.000000 0.189043 
34600.000000 6422.000000 0.185607 
34700.000000 6322.000000 0.182190 
34800.000000 6222.000000 0.178793 
34900.000000 6122.000000 0.175415 
35000.000000 6022.000000 0.172057 
35100.000000 5922.000000 0.168718 
35200.000000 5822.000000 0.165398 
35300.000000 5722.000000 0.162096 
35400.000000 5654.000000 0.159718 
35500.000000 5554.000000 0.156451 
35600.000000 5472.000000 0.153708 
35700.000000 5448.000000 0.152605 
35800.000000 5428.000000 0.151620 
35900.000000 5426.000000 0.151142 
36000.000000 5438.000000 0.151056 
36100.000000 5486.000000 0.151967 
36200.000000 5490.000000 0.151657 
36300.000000 5542.000000 0.152672 
36400.000000 5592.000000 0.153626 
36500.000000 5608.000000 0.153644 
36600.000000 5658.000000 0.154590 
36700.000000 5626.000000 0.153297 
36800.000000 5610.000000 0.152446 
36900.000000 5566.000000 0.150840 
37000.000000 5566.000000 0.150432 
37100.000000 5530.000000 0.149057 
37200.000000 5556.000000 0.149355 
37300.000000 5582.000000 0.149651 
37400.000000 5500.000000 0.147059 
37500.000000 5420.000000 0.144533 
37600.000000 5330.000000 0.141755 
37700.000000 5300.000000 0.140584 
37800.000000 5248.000000 0.138836 
37900.000000 5148.000000 0.135831 
38000.000000 5156.000000 0.135684 
38100.000000 5130.000000 0.134646 
38200.000000 5178.000000 0.135550 
38300.000000 5224.000000 0.136397 
38400.000000 5190.000000 0.135156 
38500.000000 5112.000000 0.132779 
38600.000000 5078.000000 0.131554 
38700.000000 5012.000000 0.129509 
38800.000000 5022.000000 0.129433 
38900.000000 4932.000000 0.126787 
39000.000000 4876.000000 0.125026 
39100.000000 4812.000000 0.123069 
39200.000000 4792.000000 0.122245 
39300.000000 4756.000000 0.121018 
39400.000000 4656.000000 0.118173 
39500.000000 4646.000000 0.117620 
39600.000000 4560.000000 0.115152 
39700.000000 4542.000000 0.114408 
39800.000000 4466.000000 0.112211 
39900.000000 4456.000000 0.111679 
40000.000000 4536.000000 0.113400 
40100.000000 4492.000000 0.112020 
40200.000000 4442.000000 0.110498 
40300.000000 4410.000000 0.109429 
40400.000000 4356.000000 0.107822 
40500.000000 4374.000000 0.108000 
40600.000000 4318.000000 0.106355 
40700.000000 4270.000000 0.104914 
40800.000000 4200.000000 0.102941 
40900.000000 4150.000000 0.101467 
41000.000000 4112.000000 0.100293 
41100.000000 4158.000000 0.101168 
41200.000000 4230.000000 0.102670 
41300.000000 4134.000000 0.100097 
41400.000000 4054.000000 0.097923 
41500.000000 4016.000000 0.096771 
41600.000000 3962.000000 0.095240 
41700.000000 3928.000000 0.094197 
41800.000000 3924.000000 0.093876 
41900.000000 3908.000000 0.093270 
42000.000000 3830.000000 0.091190 
42100.000000 3856.000000 0.091591 
42200.000000 3822.000000 0.090569 
42300.000000 3774.000000 0.089220 
42400.000000 3696.000000 0.087170 
42500.000000 3608.000000 0.084894 
42600.000000 3612.000000 0.084789 
42700.000000 3574.000000 0.083700 
42800.000000 3592.000000 0.083925 
42900.000000 3636.000000 0.084755 
43000.000000 3722.000000 0.086558 
43100.000000 3668.000000 0.085104 
43200.000000 3618.000000 0.083750 
43300.000000 3588.000000 0.082864 
43400.000000 3614.000000 0.083272 
43500.000000 3582.000000 0.082345 
43600.000000 3596.000000 0.082477 
43700.000000 3584.000000 0.082014 
43800.000000 3540.000000 0.080822 
43900.000000 3606.000000 0.082141 
44000.000000 3644.000000 0.082818 
44100.000000 3662.000000 0.083039 
44200.000000 3642.000000 0.082398 
44300.000000 3732.000000 0.084244 
44400.000000 3788.000000 0.085315 
44500.000000 3844.000000 0.086382 
44600.000000 3906.000000 0.087578 
44700.000000 3988.000000 0.089217 
44800.000000 4064.000000 0.090714 
44900.000000 4146.000000 0.092339 
45000.000000 4166.000000 0.092578 
45100.000000 4208.000000 0.093304 
45200.000000 4270.000000 0.094469 
45300.000000 4320.000000 0.095364 
45400.000000 4340.000000 0.095595 
45500.000000 4400.000000 0.096703 
45600.000000 4494.000000 0.098553 
45700.000000 4538.000000 0.099300 
45800.000000 4582.000000 0.100044 
45900.000000 4616.000000 0.100566 
46000.000000 4680.000000 0.101739 
46100.000000 4728.000000 0.102560 
46200.000000 4776.000000 0.103377 
46300.000000 4828.000000 0.104276 
46400.000000 4896.000000 0.105517 
46500.000000 4908.000000 0.105548 
46600.000000 4996.000000 0.107210 
46700.000000 5014.000000 0.107366 
46800.000000 5012.000000 0.107094 
46900.000000 5048.000000 0.107633 
47000.000000 5110.000000 0.108723 
47100.000000 5150.000000 0.109342 
47200.000000 5212.000000 0.110424 
47300.000000 5268.000000 0.111374 
47400.000000 5278.000000 0.111350 
47500.000000 5336.000000 0.112337 
47600.000000 5378.000000 0.112983 
47700.000000 5426.000000 0.113753 
47800.000000 5518.000000 0.115439 
47900.000000 5580.000000 0.116493 
48000.000000 5616.000000 0.117000 
48100.000000 5702.000000 0.118545 
48200.000000 5768.000000 0.119668 
48300.000000 5792.000000 0.119917 
48400.000000 5848.000000 0.120826 
48500.000000 5866.000000 0.120948 
48600.000000 5950.000000 0.122428 
48700.000000 6002.000000 0.123244 
48800.000000 6018.000000 0.123320 
48900.000000 6028.000000 0.123272 
49000.000000 6078.000000 0.124041 
49100.000000 6114.000000 0.124521 
49200.000000 6156.000000 0.125122 
49300.000000 6162.000000 0.124990 
49400.000000 6210.000000 0.125709 
49500.000000 6240.000000 0.126061 
49600.000000 6254.000000 0.126089 
49700.000000 6284.000000 0.126439 
49800.000000 6326.000000 0.127028 
49900.000000 6390.000000 0.128056 
50000.000000 6382.000000 0.127640 
50100.000000 6398.000000 0.127705 
50200.000000 6474.000000 0.128964 
50300.000000 6546.000000 0.130139 
50400.000000 6600.000000 0.130952 
50500.000000 6638.000000 0.131446 
50600.000000 6676.000000 0.131937 
50700.000000 6750.000000 0.133136 
50800.000000 6798.000000 0.133819 
50900.000000 6832.000000 0.134224 
51000.000000 6870.000000 0.134706 
51100.000000 6904.000000 0.135108 
51200.000000 6928.000000 0.135312 
51300.000000 7012.000000 0.136686 
51400.000000 7016.000000 0.136498 
51500.000000 7012.000000 0.136155 
51600.000000 7096.000000 0.137519 
51700.000000 7134.000000 0.137988 
51800.000000 7168.000000 0.138378 
51900.000000 7210.000000 0.138921 
52000.000000 7210.000000 0.138654 
52100.000000 7270.000000 0.139539 
52200.000000 7320.000000 0.140230 
52300.000000 7354.000000 0.140612 
52400.000000 7428.000000 0.141756 
52500.000000 7430.000000 0.141524 
52600.000000 7500.000000 0.142586 
52700.000000 7556.000000 0.143378 
52800.000000 7608.000000 0.144091 
52900.000000 7692.000000 0.145406 
53000.000000 7700.000000 0.145283 
53100.000000 7692.000000 0.144859 
53200.000000 7726.000000 0.145226 
53300.000000 7722.000000 0.144878 
53400.000000 7804.000000 0.146142 
53500.000000 7864.000000 0.146991 
53600.000000 7936.000000 0.148060 
53700.000000 7988.000000 0.148752 
53800.000000 8060.000000 0.149814 
53900.000000 8126.000000 0.150761 
54000.000000 8216.000000 0.152148 
54100.000000 8280.000000 0.153050 
54200.000000 8324.000000 0.153579 
54300.000000 8422.000000 0.155101 
54400.000000 8458.000000 0.155478 
54500.000000 8510.000000 0.156147 
54600.000000 8568.000000 0.156923 
54700.000000 8578.000000 0.156819 
54800.000000 8644.000000 0.157737 
54900.000000 8692.000000 0.158324 
55000.000000 8746.000000 0.159018 
55100.000000 8792.000000 0.159564 
55200.000000 8838.000000 0.160109 
55300.000000 8876.000000 0.160506 
55400.000000 8876.000000 0.160217 
55500.000000 8958.000000 0.161405 
55600.000000 8968.000000 0.161295 
55700.000000 9024.000000 0.162011 
55800.000000 9064.000000 0.162437 
55900.000000 9108.000000 0.162934 
56000.000000 9152.000000 0.163429 
56100.000000 9232.000000 0.164563 
56200.000000 9262.000000 0.164804 
56300.000000 9246.000000 0.164227 
56400.000000 9236.000000 0.163759 
56500.000000 9162.000000 0.162159 
56600.000000 9230.000000 0.163074 
56700.000000 9276.000000 0.163598 
56800.000000 9312.000000 0.163944 
56900.000000 9314.000000 0.163691 
57000.000000 9312.000000 0.163368 
57100.000000 9332.000000 0.163433 
57200.000000 9318.000000 0.162902 
57300.000000 9326.000000 0.162757 
57400.000000 9422.000000 0.164146 
57500.000000 9484.000000 0.164939 
57600.000000 9558.000000 0.165937 
57700.000000 9642.000000 0.167106 
57800.000000 9684.000000 0.167543 
57900.000000 9768.000000 0.168705 
58000.000000 9798.000000 0.168931 
58100.000000 9830.000000 0.169191 
58200.000000 9890.000000 0.169931 
58300.000000 9942.000000 0.170532 
58400.000000 10004.000000 0.171301 
58500.000000 10032.000000 0.171487 
58600.000000 10030.000000 0.171160 
58700.000000 10102.000000 0.172095 
58800.000000 10194.000000 0.173367 
58900.000000 10240.000000 0.173854 
59000.000000 10290.000000 0.174407 
59100.000000 10350.000000 0.175127 
59200.000000 10434.000000 0.176250 
59300.000000 10456.000000 0.176324 
59400.000000 10474.000000 0.176330 
59500.000000 10422.000000 0.175160 
59600.000000 10504.000000 0.176242 
59700.000000 10592.000000 0.177420 
59800.000000 10680.000000 0.178595 
59900.000000 10726.000000 0.179065 
60000.000000 10794.000000 0.179900 
60100.000000 10884.000000 0.181098 
60200.000000 10942.000000 0.181761 
60300.000000 10988.000000 0.182222 
60400.000000 11062.000000 0.183146 
60500.000000 11154.000000 0.184364 
60600.000000 11168.000000 0.184290 
60700.000000 11216.000000 0.184778 
60800.000000 11304.000000 0.185921 
60900.000000 11388.000000 0.186995 
61000.000000 11470.000000 0.188033 
61100.000000 11532.000000 0.188740 
61200.000000 11614.000000 0.189771 
61300.000000 11706.000000 0.190962 
61400.000000 11786.000000 0.191954 
61500.000000 11836.000000 0.192455 
61600.000000 11892.000000 0.193052 
61700.000000 11934.000000 0.193420 
61800.000000 11988.000000 0.193981 
61900.000000 12068.000000 0.194960 
62000.000000 12126.000000 0.195581 
62100.000000 12156.000000 0.195749 
62200.000000 12224.000000 0.196527 
62300.000000 12300.000000 0.197432 
62400.000000 12386.000000 0.198494 
62500.000000 12458.000000 0.199328 
62600.000000 12508.000000 0.199808 
62700.000000 12588.000000 0.200766 
62800.000000 12652.000000 0.201465 
62900.000000 12734.000000 0.202448 
63000.000000 12776.000000 0.202794 
63100.000000 12846.000000 0.203582 
63200.000000 12904.000000 0.204177 
63300.000000 12990.000000 0.205213 
63400.000000 13072.000000 0.206183 
63500.000000 13080.000000 0.205984 
63600.000000 13140.000000 0.206604 
63700.000000 13214.000000 0.207441 
63800.000000 13278.000000 0.208119 
63900.000000 13324.000000 0.208513 
64000.000000 13408.000000 0.209500 
64100.000000 13448.000000 0.209797 
64200.000000 13516.000000 0.210530 
64300.000000 13570.000000 0.211042 
64400.000000 13632.000000 0.211677 
64500.000000 13698.000000 0.212372 
64600.000000 13756.000000 0.212941 
64700.000000 13834.000000 0.213818 
64800.000000 13902.000000 0.214537 
64900.000000 13950.000000 0.214946 
65000.000000 14034.000000 0.215908 
65100.000000 14074.000000 0.216190 
65200.000000 14144.000000 0.216933 
65300.000000 14218.000000 0.217734 
65400.000000 14306.000000 0.218746 
65500.000000 14368.000000 0.219359 
65600.000000 14440.000000 0.220122 
65700.000000 14494.000000 0.220609 
65800.000000 14574.000000 0.221489 
65900.000000 14650.000000 0.222307 
66000.000000 14702.000000 0.222758 
66100.000000 14748.000000 0.223116 
66200.000000 14842.000000 0.224199 
66300.000000 14910.000000 0.224887 
66400.000000 14994.000000 0.225813 
66500.000000 15058.000000 0.226436 
66600.000000 15132.000000 0.227207 
66700.000000 15204.000000 0.227946 
66800.000000 15280.000000 0.228743 
66900.000000 15364.000000 0.229656 
67000.000000 15444.000000 0.230507 
67100.000000 15516.000000 0.231237 
67200.000000 15582.000000 0.231875 
67300.000000 15658.000000 0.232660 
67400.000000 15756.000000 0.233769 
67500.000000 15836.000000 0.234607 
67600.000000 15894.000000 0.235118 
67700.000000 15994.000000 0.236248 
67800.000000 16050.000000 0.236726 
67900.000000 16130.000000 0.237555 
68000.000000 16208.000000 0.238353 
68100.000000 16300.000000 0.239354 
68200.000000 16400.000000 0.240469 
68300.000000 16498.000000 0.241552 
68400.000000 16586.000000 0.242485 
68500.000000 16682.000000 0.243533 
68600.000000 16730.000000 0.243878 
68700.000000 16824.000000 0.244891 
68800.000000 16918.000000 0.245901 
68900.000000 16984.000000 0.246502 
69000.000000 17002.000000 0.246406 
69100.000000 17040.000000 0.246599 
69200.000000 17068.000000 0.246647 
69300.000000 17108.000000 0.246869 
69400.000000 17168.000000 0.247378 
69500.000000 17222.000000 0.247799 
69600.000000 17236.000000 0.247644 
69700.000000 17288.000000 0.248034 
69800.000000 17348.000000 0.248539 
69900.000000 17424.000000 0.249270 
70000.000000 17470.000000 0.249571 
70100.000000 17554.000000 0.250414 
70200.000000 17610.000000 0.250855 
70300.000000 17632.000000 0.250811 
70400.000000 17714.000000 0.251619 
70500.000000 17772.000000 0.252085 
70600.000000 17816.000000 0.252351 
70700.000000 17846.000000 0.252419 
70800.000000 17928.000000 0.253220 
70900.000000 18008.000000 0.253992 
71000.000000 18088.000000 0.254761 
71100.000000 18102.000000 0.254599 
71200.000000 18114.000000 0.254410 
71300.000000 18214.000000 0.255456 
71400.000000 18300.000000 0.256303 
71500.000000 18360.000000 0.256783 
71600.000000 18450.000000 0.257682 
71700.000000 18518.000000 0.258271 
71800.000000 18598.000000 0.259025 
71900.000000 18662.000000 0.259555 
72000.000000 18722.000000 0.260028 
72100.000000 18808.000000 0.260860 
72200.000000 18878.000000 0.261468 
72300.000000 18952.000000 0.262130 
72400.000000 18982.000000 0.262182 
72500.000000 19076.000000 0.263117 
72600.000000 19134.000000 0.263554 
72700.000000 19218.000000 0.264347 
72800.000000 19296.000000 0.265055 
72900.000000 19360.000000 0.265569 
73000.000000 19446.000000 0.266384 
73100.000000 19512.000000 0.266922 
73200.000000 19576.000000 0.267432 
73300.000000 19612.000000 0.267558 
73400.000000 19682.000000 0.268147 
73500.000000 19726.000000 0.268381 
73600.000000 19684.000000 0.267446 
73700.000000 19784.000000 0.268440 
73800.000000 19872.000000 0.269268 
73900.000000 19942.000000 0.269851 
74000.000000 20004.000000 0.270324 
74100.000000 20090.000000 0.271120 
74200.000000 20176.000000 0.271914 
74300.000000 20264.000000 0.272732 
74400.000000 20346.000000 0.273468 
74500.000000 20392.000000 0.273718 
74600.000000 20408.000000 0.273566 
74700.000000 20494.000000 0.274351 
74800.000000 20528.000000 0.274439 
74900.000000 20584.000000 0.274820 
75000.000000 20638.000000 0.275173 
75100.000000 20730.000000 0.276032 
75200.000000 20826.000000 0.276941 
75300.000000 20846.000000 0.276839 
75400.000000 20934.000000 0.277639 
75500.000000 21004.000000 0.278199 
75600.000000 21090.000000 0.278968 
75700.000000 21154.000000 0.279445 
75800.000000 21214.000000 0.279868 
75900.000000 21278.000000 0.280343 
76000.000000 21362.000000 0.281079 
76100.000000 21418.000000 0.281445 
76200.000000 21494.000000 0.282073 
76300.000000 21576.000000 0.282779 
76400.000000 21662.000000 0.283534 
76500.000000 21742.000000 0.284209 
76600.000000 21824.000000 0.284909 
76700.000000 21904.000000 0.285580 
76800.000000 22004.000000 0.286510 
76900.000000 22094.000000 0.287308 
77000.000000 22180.000000 0.288052 
77100.000000 22222.000000 0.288223 
77200.000000 22282.000000 0.288627 
77300.000000 22348.000000 0.289107 
77400.000000 22406.000000 0.289483 
77500.000000 22494.000000 0.290245 
77600.000000 22574.000000 0.290902 
77700.000000 22610.000000 0.290991 
77800.000000 22680.000000 0.291517 
77900.000000 22738.000000 0.291887 
78000.000000 22788.000000 0.292154 
78100.000000 22882.000000 0.292983 
78200.000000 22956.000000 0.293555 
78300.000000 23026.000000 0.294074 
78400.000000 23104.000000 0.294694 
78500.000000 23182.000000 0.295312 
78600.000000 23232.000000 0.295573 
78700.000000 23274.000000 0.295731 
78800.000000 23362.000000 0.296472 
78900.000000 23404.000000 0.296629 
79000.000000 23470.000000 0.297089 
79100.000000 23512.000000 0.297244 
79200.000000 23590.000000 0.297854 
79300.000000 23674.000000 0.298537 
79400.000000 23774.000000 0.299421 
79500.000000 23870.000000 0.300252 
79600.000000 23946.000000 0.300829 
79700.000000 24032.000000 0.301531 
79800.000000 24118.000000 0.302231 
79900.000000 24218.000000 0.303104 
80000.000000 24280.000000 0.303500 
80100.000000 24364.000000 0.304170 
80200.000000 24396.000000 0.304190 
80300.000000 24466.000000 0.304682 
80400.000000 24544.000000 0.305274 
80500.000000 24638.000000 0.306062 
80600.000000 24734.000000 0.306873 
80700.000000 24800.000000 0.307311 
80800.000000 24848.000000 0.307525 
80900.000000 24938.000000 0.308257 
81000.000000 24950.000000 0.308025 
81100.000000 25020.000000 0.308508 
81200.000000 25044.000000 0.308424 
81300.000000 25100.000000 0.308733 
81400.000000 25184.000000 0.309386 
81500.000000 25256.000000 0.309890 
81600.000000 25308.000000 0.310147 
81700.000000 25378.000000 0.310624 
81800.000000 25464.000000 0.311296 
81900.000000 25540.000000 0.311844 
82000.000000 25616.000000 0.312390 
82100.000000 25700.000000 0.313033 
82200.000000 25742.000000 0.313163 
82300.000000 25794.000000 0.313414 
82400.000000 25886.000000 0.314150 
82500.000000 25970.000000 0.314788 
82600.000000 26018.000000 0.314988 
82700.000000 26082.000000 0.315381 
82800.000000 26142.000000 0.315725 
82900.000000 26218.000000 0.316261 
83000.000000 26306.000000 0.316940 
83100.000000 26336.000000 0.316919 
83200.000000 26378.000000 0.317043 
83300.000000 26426.000000 0.317239 
83400.000000 26500.000000 0.317746 
83500.000000 26576.000000 0.318275 
83600.000000 26640.000000 0.318660 
83700.000000 26716.000000 0.319188 
83800.000000 26786.000000 0.319642 
83900.000000 26874.000000 0.320310 
84000.000000 26954.000000 0.320881 
84100.000000 26960.000000 0.320571 
84200.000000 27004.000000 0.320713 
84300.000000 27076.000000 0.321186 
84400.000000 27152.000000 0.321706 
84500.000000 27228.000000 0.322225 
84600.000000 27294.000000 0.322624 
84700.000000 27370.000000 0.323141 
84800.000000 27422.000000 0.323373 
84900.000000 27504.000000 0.323958 
85000.000000 27564.000000 0.324282 
85100.000000 27590.000000 0.324207 
85200.000000 27598.000000 0.323920 
85300.000000 27662.000000 0.324291 
85400.000000 27750.000000 0.324941 
85500.000000 27822.000000 0.325404 
85600.000000 27900.000000 0.325935 
85700.000000 27874.000000 0.325251 
85800.000000 27958.000000 0.325851 
85900.000000 28016.000000 0.326147 
86000.000000 28112.000000 0.326884 
86100.000000 28136.000000 0.326783 
86200.000000 28136.000000 0.326404 
86300.000000 28200.000000 0.326767 
86400.000000 28274.000000 0.327245 
86500.000000 28372.000000 0.328000 
86600.000000 28442.000000 0.328430 
86700.000000 28510.000000 0.328835 
86800.000000 28594.000000 0.329424 
86900.000000 28634.000000 0.329505 
87000.000000 28690.000000 0.329770 
87100.000000 28718.000000 0.329713 
87200.000000 28776.000000 0.330000 
87300.000000 28828.000000 0.330218 
87400.000000 28888.000000 0.330526 
87500.000000 28928.000000 0.330606 
87600.000000 28898.000000 0.329886 
87700.000000 28882.000000 0.329327 
87800.000000 28936.000000 0.329567 
87900.000000 29036.000000 0.330330 
88000.000000 29078.000000 0.330432 
88100.000000 29120.000000 0.330533 
88200.000000 29156.000000 0.330567 
88300.000000 29174.000000 0.330396 
88400.000000 29100.000000 0.329186 
88500.000000 29044.000000 0.328181 
88600.000000 29032.000000 0.327675 
88700.000000 29062.000000 0.327644 
88800.000000 29122.000000 0.327950 
88900.000000 29098.000000 0.327312 
89000.000000 29164.000000 0.327685 
89100.000000 29120.000000 0.326824 
89200.000000 29130.000000 0.326569 
89300.000000 29172.000000 0.326674 
89400.000000 29132.000000 0.325861 
89500.000000 29088.000000 0.325006 
89600.000000 29094.000000 0.324710 
89700.000000 29020.000000 0.323523 
89800.000000 28946.000000 0.322339 
89900.000000 28852.000000 0.320934 
90000.000000 28804.000000 0.320044 
90100.000000 28744.000000 0.319023 
90200.000000 28710.000000 0.318293 
90300.000000 28622.000000 0.316966 
90400.000000 28544.000000 0.315752 
90500.000000 28466.000000 0.314541 
90600.000000 28374.000000 0.313179 
90700.000000 28274.000000 0.311731 
90800.000000 28196.000000 0.310529 
90900.000000 28108.000000 0.309219 
91000.000000 28022.000000 0.307934 
91100.000000 27962.000000 0.306937 
91200.000000 27944.000000 0.306404 
91300.000000 27844.000000 0.304973 
91400.000000 27762.000000 0.303742 
91500.000000 27662.000000 0.302317 
91600.000000 27618.000000 0.301507 
91700.000000 27618.000000 0.301178 
91800.000000 27674.000000 0.301460 
91900.000000 27648.000000 0.300849 
92000.000000 27548.000000 0.299435 
92100.000000 27478.000000 0.298350 
92200.000000 27378.000000 0.296941 
92300.000000 27278.000000 0.295536 
92400.000000 27230.000000 0.294697 
92500.000000 27152.000000 0.293535 
92600.000000 27052.000000 0.292138 
92700.000000 26958.000000 0.290809 
92800.000000 26858.000000 0.289418 
92900.000000 26758.000000 0.288030 
93000.000000 26658.000000 0.286645 
93100.000000 26698.000000 0.286767 
93200.000000 26606.000000 0.285472 
93300.000000 26528.000000 0.284330 
93400.000000 26498.000000 0.283704 
93500.000000 26432.000000 0.282695 
93600.000000 26332.000000 0.281325 
93700.000000 26358.000000 0.281302 
93800.000000 26328.000000 0.280682 
93900.000000 26250.000000 0.279553 
94000.000000 26272.000000 0.279489 
94100.000000 26238.000000 0.278831 
94200.000000 26138.000000 0.277473 
94300.000000 26038.000000 0.276119 
94400.000000 25998.000000 0.275403 
94500.000000 25898.000000 0.274053 
94600.000000 25798.000000 0.272706 
94700.000000 25742.000000 0.271827 
94800.000000 25682.000000 0.270907 
94900.000000 25758.000000 0.271423 
95000.000000 25744.000000 0.270989 
95100.000000 25728.000000 0.270536 
95200.000000 25706.000000 0.270021 
95300.000000 25642.000000 0.269066 
95400.000000 25586.000000 0.268197 
95500.000000 25508.000000 0.267099 
95600.000000 25516.000000 0.266904 
95700.000000 25534.000000 0.266813 
95800.000000 25548.000000 0.266681 
95900.000000 25562.000000 0.266548 
96000.000000 25586.000000 0.266521 
96100.000000 25634.000000 0.266743 
96200.000000 25644.000000 0.266570 
96300.000000 25648.000000 0.266334 
96400.000000 25606.000000 0.265622 
96500.000000 25620.000000 0.265492 
96600.000000 25618.000000 0.265197 
96700.000000 25604.000000 0.264778 
96800.000000 25626.000000 0.264731 
96900.000000 25640.000000 0.264603 
97000.000000 25678.000000 0.264722 
97100.000000 25722.000000 0.264902 
97200.000000 25780.000000 0.265226 
97300.000000 25772.000000 0.264872 
97400.000000 25736.000000 0.264230 
97500.000000 25732.000000 0.263918 
97600.000000 25780.000000 0.264139 
97700.000000 25834.000000 0.264422 
97800.000000 25862.000000 0.264438 
97900.000000 25906.000000 0.264617 
98000.000000 25986.000000 0.265163 
98100.000000 26044.000000 0.265484 
98200.000000 26108.000000 0.265866 
98300.000000 26150.000000 0.266022 
98400.000000 26204.000000 0.266301 
98500.000000 26272.000000 0.266721 
98600.000000 26370.000000 0.267444 
98700.000000 26404.000000 0.267518 
98800.000000 26474.000000 0.267955 
98900.000000 26546.000000 0.268413 
99000.000000 26646.000000 0.269152 
99100.000000 26740.000000 0.269828 
99200.000000 26834.000000 0.270504 
99300.000000 26914.000000 0.271037 
99400.000000 26970.000000 0.271328 
99500.000000 27048.000000 0.271839 
99600.000000 27110.000000 0.272189 
99700.000000 27206.000000 0.272879 
99800.000000 27292.000000 0.273467 
99900.000000 27340.000000 0.273674 
100000.000000 27418.000000 0.274180 
100100.000000 27514.000000 0.274865 
100200.000000 27558.000000 0.275030 
100300.000000 27642.000000 0.275593 
100400.000000 27698.000000 0.275876 
100500.000000 27788.000000 0.276498 
100600.000000 27840.000000 0.276740 
100700.000000 27906.000000 0.277120 
100800.000000 27978.000000 0.277560 
100900.000000 28076.000000 0.278256 
101000.000000 28162.000000 0.278832 
101100.000000 28192.000000 0.278853 
101200.000000 28274.000000 0.279387 
101300.000000 28338.000000 0.279743 
101400.000000 28434.000000 0.280414 
101500.000000 28518.000000 0.280966 
101600.000000 28618.000000 0.281673 
101700.000000 28702.000000 0.282222 
101800.000000 28764.000000 0.282554 
101900.000000 28858.000000 0.283199 
102000.000000 28908.000000 0.283412 
102100.000000 28956.000000 0.283604 
102200.000000 29002.000000 0.283777 
102300.000000 29090.000000 0.284360 
102400.000000 29170.000000 0.284863 
102500.000000 29254.000000 0.285405 
102600.000000 29346.000000 0.286023 
102700.000000 29418.000000 0.286446 
102800.000000 29506.000000 0.287023 
102900.000000 29580.000000 0.287464 
103000.000000 29644.000000 0.287806 
103100.000000 29686.000000 0.287934 
103200.000000 29776.000000 0.288527 
103300.000000 29872.000000 0.289177 
103400.000000 29960.000000 0.289749 
103500.000000 30010.000000 0.289952 
103600.000000 30068.000000 0.290232 
103700.000000 30156.000000 0.290800 
103800.000000 30222.000000 0.291156 
103900.000000 30304.000000 0.291665 
104000.000000 30390.000000 0.292212 
104100.000000 30474.000000 0.292738 
104200.000000 30530.000000 0.292994 
104300.000000 30606.000000 0.293442 
104400.000000 30672.000000 0.293793 
104500.000000 30754.000000 0.294297 
104600.000000 30830.000000 0.294742 
104700.000000 30920.000000 0.295320 
104800.000000 31008.000000 0.295878 
104900.000000 31108.000000 0.296549 
105000.000000 31200.000000 0.297143 
105100.000000 31296.000000 0.297774 
105200.000000 31368.000000 0.298175 
105300.000000 31434.000000 0.298519 
105400.000000 31512.000000 0.298975 
105500.000000 31612.000000 0.299640 
105600.000000 31706.000000 0.300246 
105700.000000 31744.000000 0.300322 
105800.000000 31820.000000 0.300756 
105900.000000 31902.000000 0.301246 
106000.000000 31956.000000 0.301472 
106100.000000 32032.000000 0.301904 
106200.000000 32080.000000 0.302072 
106300.000000 32148.000000 0.302427 
106400.000000 32246.000000 0.303064 
106500.000000 32318.000000 0.303455 
106600.000000 32398.000000 0.303921 
106700.000000 32490.000000 0.304499 
106800.000000 32566.000000 0.304925 
106900.000000 32650.000000 0.305426 
107000.000000 32728.000000 0.305869 
107100.000000 32812.000000 0.306368 
107200.000000 32900.000000 0.306903 
107300.000000 32952.000000 0.307102 
107400.000000 33022.000000 0.307467 
107500.000000 33092.000000 0.307833 
107600.000000 33192.000000 0.308476 
107700.000000 33292.000000 0.309118 
107800.000000 33366.000000 0.309518 
107900.000000 33444.000000 0.309954 
108000.000000 33508.000000 0.310259 
108100.000000 33600.000000 0.310823 
108200.000000 33664.000000 0.311128 
108300.000000 33732.000000 0.311468 
108400.000000 33808.000000 0.311882 
108500.000000 33884.000000 0.312295 
108600.000000 33948.000000 0.312597 
108700.000000 34042.000000 0.313174 
108800.000000 34140.000000 0.313787 
108900.000000 34226.000000 0.314288 
109000.000000 34292.000000 0.314606 
109100.000000 34346.000000 0.314812 
109200.000000 34438.000000 0.315366 
109300.000000 34538.000000 0.315993 
109400.000000 34602.000000 0.316289 
109500.000000 34700.000000 0.316895 
109600.000000 34754.000000 0.317099 
109700.000000 34852.000000 0.317703 
109800.000000 34952.000000 0.318324 
109900.000000 35046.000000 0.318890 
110000.000000 35126.000000 0.319327 
110100.000000 35198.000000 0.319691 
110200.000000 35276.000000 0.320109 
110300.000000 35372.000000 0.320689 
110400.000000 35426.000000 0.320888 
110500.000000 35504.000000 0.321303 
110600.000000 35570.000000 0.321609 
110700.000000 35658.000000 0.322114 
110800.000000 35736.000000 0.322527 
110900.000000 35794.000000 0.322759 
111000.000000 35870.000000 0.323153 
111100.000000 35926.000000 0.323366 
111200.000000 35966.000000 0.323435 
111300.000000 36058.000000 0.323971 
111400.000000 36104.000000 0.324093 
111500.000000 36144.000000 0.324161 
111600.000000 36224.000000 0.324588 
111700.000000 36254.000000 0.324566 
111800.000000 36306.000000 0.324741 
111900.000000 36388.000000 0.325183 
112000.000000 36482.000000 0.325732 
112100.000000 36562.000000 0.326155 
112200.000000 36638.000000 0.326542 
112300.000000 36732.000000 0.327088 
112400.000000 36814.000000 0.327527 
112500.000000 36904.000000 0.328036 
112600.000000 36980.000000 0.328419 
112700.000000 37078.000000 0.328997 
112800.000000 37172.000000 0.329539 
112900.000000 37272.000000 0.330133 
113000.000000 37368.000000 0.330690 
113100.000000 37456.000000 0.331176 
113200.000000 37490.000000 0.331184 
113300.000000 37526.000000 0.331209 
113400.000000 37598.000000 0.331552 
113500.000000 37656.000000 0.331771 
113600.000000 37698.000000 0.331849 
113700.000000 37782.000000 0.332296 
113800.000000 37862.000000 0.332707 
113900.000000 37934.000000 0.333047 
114000.000000 38004.000000 0.333368 
114100.000000 38104.000000 0.333953 
114200.000000 38202.000000 0.334518 
114300.000000 38252.000000 0.334663 
114400.000000 38306.000000 0.334843 
114500.000000 38386.000000 0.335249 
114600.000000 38480.000000 0.335777 
114700.000000 38548.000000 0.336077 
114800.000000 38584.000000 0.336098 
114900.000000 38630.000000 0.336205 
115000.000000 38692.000000 0.336452 
115100.000000 38792.000000 0.337029 
115200.000000 38824.000000 0.337014 
115300.000000 38896.000000 0.337346 
115400.000000 38960.000000 0.337608 
115500.000000 39026.000000 0.337887 
115600.000000 39102.000000 0.338253 
115700.000000 39190.000000 0.338721 
115800.000000 39268.000000 0.339102 
115900.000000 39318.000000 0.339241 
116000.000000 39404.000000 0.339690 
116100.000000 39478.000000 0.340034 
116200.000000 39528.000000 0.340172 
116300.000000 39562.000000 0.340172 
116400.000000 39600.000000 0.340206 
116500.000000 39688.000000 0.340670 
116600.000000 39716.000000 0.340618 
116700.000000 39688.000000 0.340086 
116800.000000 39730.000000 0.340154 
116900.000000 39820.000000 0.340633 
117000.000000 39918.000000 0.341179 
117100.000000 40016.000000 0.341725 
117200.000000 40062.000000 0.341826 
117300.000000 40032.000000 0.341279 
117400.000000 40092.000000 0.341499 
117500.000000 40146.000000 0.341668 
117600.000000 40196.000000 0.341803 
117700.000000 40240.000000 0.341886 
117800.000000 40290.000000 0.342020 
117900.000000 40368.000000 0.342392 
118000.000000 40468.000000 0.342949 
118100.000000 40566.000000 0.343489 
118200.000000 40642.000000 0.343841 
118300.000000 40736.000000 0.344345 
118400.000000 40836.000000 0.344899 
118500.000000 40920.000000 0.345316 
118600.000000 40992.000000 0.345632 
118700.000000 41064.000000 0.345948 
118800.000000 41130.000000 0.346212 
118900.000000 41224.000000 0.346712 
119000.000000 41296.000000 0.347025 
119100.000000 41384.000000 0.347473 
119200.000000 41468.000000 0.347886 
119300.000000 41532.000000 0.348131 
119400.000000 41632.000000 0.348677 
119500.000000 41706.000000 0.349004 
119600.000000 41766.000000 0.349214 
119700.000000 41810.000000 0.349290 
119800.000000 41910.000000 0.349833 
119900.000000 41988.000000 0.350192 
120000.000000 42088.000000 0.350733 
120100.000000 42172.000000 0.351141 
120200.000000 42256.000000 0.351547 
120300.000000 42318.000000 0.351771 
120400.000000 42372.000000 0.351927 
120500.000000 42468.000000 0.352432 
120600.000000 42540.000000 0.352736 
120700.000000 42640.000000 0.353273 
120800.000000 42726.000000 0.353692 
120900.000000 42826.000000 0.354227 
121000.000000 42916.000000 0.354678 
121100.000000 43002.000000 0.355095 
121200.000000 43050.000000 0.355198 
121300.000000 43126.000000 0.355532 
121400.000000 43202.000000 0.355865 
121500.000000 43294.000000 0.356329 
121600.000000 43372.000000 0.356678 
121700.000000 43452.000000 0.357042 
121800.000000 43548.000000 0.357537 
121900.000000 43640.000000 0.357998 
122000.000000 43722.000000 0.358377 
122100.000000 43802.000000 0.358739 
122200.000000 43860.000000 0.358920 
122300.000000 43882.000000 0.358806 
122400.000000 43942.000000 0.359003 
122500.000000 43970.000000 0.358939 
122600.000000 44046.000000 0.359266 
122700.000000 44070.000000 0.359169 
122800.000000 44092.000000 0.359055 
122900.000000 44114.000000 0.358942 
123000.000000 44192.000000 0.359285 
123100.000000 44274.000000 0.359659 
123200.000000 44364.000000 0.360097 
123300.000000 44356.000000 0.359740 
123400.000000 44440.000000 0.360130 
123500.000000 44482.000000 0.360178 
123600.000000 44574.000000 0.360631 
123700.000000 44674.000000 0.361148 
123800.000000 44730.000000 0.361309 
123900.000000 44828.000000 0.361808 
124000.000000 44918.000000 0.362242 
124100.000000 44998.000000 0.362595 
124200.000000 45072.000000 0.362899 
124300.000000 45164.000000 0.363347 
124400.000000 45264.000000 0.363859 
124500.000000 45360.000000 0.364337 
124600.000000 45438.000000 0.364671 
124700.000000 45506.000000 0.364924 
124800.000000 45570.000000 0.365144 
124900.000000 45644.000000 0.365444 
125000.000000 45684.000000 0.365472 
125100.000000 45772.000000 0.365883 
125200.000000 45846.000000 0.366182 
125300.000000 45938.000000 0.366624 
125400.000000 46038.000000 0.367129 
125500.000000 46094.000000 0.367283 
125600.000000 46194.000000 0.367787 
125700.000000 46278.000000 0.368162 
125800.000000 46376.000000 0.368649 
125900.000000 46466.000000 0.369071 
126000.000000 46550.000000 0.369444 
126100.000000 46636.000000 0.369833 
126200.000000 46720.000000 0.370206 
126300.000000 46808.000000 0.370610 
126400.000000 46870.000000 0.370807 
126500.000000 46960.000000 0.371225 
126600.000000 47058.000000 0.371706 
126700.000000 47152.000000 0.372155 
126800.000000 47244.000000 0.372587 
126900.000000 47326.000000 0.372939 
127000.000000 47406.000000 0.373276 
127100.000000 47478.000000 0.373548 
127200.000000 47578.000000 0.374041 
127300.000000 47650.000000 0.374313 
127400.000000 47726.000000 0.374615 
127500.000000 47812.000000 0.374996 
127600.000000 47912.000000 0.375486 
127700.000000 48010.000000 0.375959 
127800.000000 48098.000000 0.376354 
127900.000000 48196.000000 0.376826 
128000.000000 48282.000000 0.377203 
128100.000000 48370.000000 0.377596 
128200.000000 48466.000000 0.378050 
128300.000000 48508.000000 0.378083 
128400.000000 48574.000000 0.378302 
128500.000000 48632.000000 0.378459 
128600.000000 48732.000000 0.378942 
128700.000000 48832.000000 0.379425 
128800.000000 48856.000000 0.379317 
128900.000000 48868.000000 0.379116 
129000.000000 48936.000000 0.379349 
129100.000000 48996.000000 0.379520 
129200.000000 49016.000000 0.379381 
129300.000000 49092.000000 0.379675 
129400.000000 49136.000000 0.379722 
129500.000000 49116.000000 0.379274 
129600.000000 49124.000000 0.379043 
129700.000000 49184.000000 0.379214 
129800.000000 49256.000000 0.379476 
129900.000000 49310.000000 0.379600 
130000.000000 49404.000000 0.380031 
130100.000000 49498.000000 0.380461 
130200.000000 49570.000000 0.380722 
130300.000000 49544.000000 0.380230 
130400.000000 49602.000000 0.380383 
130500.000000 49658.000000 0.380521 
130600.000000 49724.000000 0.380735 
130700.000000 49764.000000 0.380750 
130800.000000 49830.000000 0.380963 
130900.000000 49858.000000 0.380886 
131000.000000 49922.000000 0.381084 
131100.000000 49968.000000 0.381144 
131200.000000 49976.000000 0.380915 
131300.000000 50018.000000 0.380944 
131400.000000 50042.000000 0.380837 
131500.000000 49942.000000 0.379787 
131600.000000 49888.000000 0.379088 
131700.000000 49968.000000 0.379408 
131800.000000 50026.000000 0.379560 
131900.000000 50058.000000 0.379515 
132000.000000 50132.000000 0.379788 
132100.000000 50198.000000 0.380000 
132200.000000 50226.000000 0.379924 
132300.000000 50324.000000 0.380378 
132400.000000 50402.000000 0.380680 
132500.000000 50438.000000 0.380664 
132600.000000 50490.000000 0.380769 
132700.000000 50564.000000 0.381040 
132800.000000 50634.000000 0.381280 
132900.000000 50692.000000 0.381430 
133000.000000 50776.000000 0.381774 
133100.000000 50868.000000 0.382179 
133200.000000 50922.000000 0.382297 
133300.000000 51002.000000 0.382611 
133400.000000 51102.000000 0.383073 
133500.000000 51166.000000 0.383266 
133600.000000 51236.000000 0.383503 
133700.000000 51298.000000 0.383680 
133800.000000 51382.000000 0.384021 
133900.000000 51460.000000 0.384317 
134000.000000 51532.000000 0.384567 
134100.000000 51612.000000 0.384877 
134200.000000 51660.000000 0.384948 
134300.000000 51720.000000 0.385108 
134400.000000 51780.000000 0.385268 
134500.000000 51824.000000 0.385309 
134600.000000 51912.000000 0.385676 
134700.000000 51976.000000 0.385865 
134800.000000 52074.000000 0.386306 
134900.000000 52164.000000 0.386686 
135000.000000 52262.000000 0.387126 
135100.000000 52348.000000 0.387476 
135200.000000 52408.000000 0.387633 
135300.000000 52410.000000 0.387361 
135400.000000 52460.000000 0.387445 
135500.000000 52508.000000 0.387513 
135600.000000 52568.000000 0.387670 
135700.000000 52630.000000 0.387841 
135800.000000 52694.000000 0.388027 
135900.000000 52758.000000 0.388212 
136000.000000 52854.000000 0.388632 
136100.000000 52918.000000 0.388817 
136200.000000 52998.000000 0.389119 
136300.000000 53038.000000 0.389127 
136400.000000 53136.000000 0.389560 
136500.000000 53216.000000 0.389861 
136600.000000 53304.000000 0.390220 
136700.000000 53392.000000 0.390578 
136800.000000 53466.000000 0.390833 
136900.000000 53532.000000 0.391030 
137000.000000 53600.000000 0.391241 
137100.000000 53688.000000 0.391597 
137200.000000 53782.000000 0.391997 
137300.000000 53838.000000 0.392119 
137400.000000 53914.000000 0.392387 
137500.000000 54000.000000 0.392727 
137600.000000 54080.000000 0.393023 
137700.000000 54166.000000 0.393362 
137800.000000 54248.000000 0.393672 
137900.000000 54326.000000 0.393952 
138000.000000 54402.000000 0.394217 
138100.000000 54484.000000 0.394526 
138200.000000 54536.000000 0.394616 
138300.000000 54598.000000 0.394779 
138400.000000 54686.000000 0.395130 
138500.000000 54778.000000 0.395509 
138600.000000 54846.000000 0.395714 
138700.000000 54930.000000 0.396035 
138800.000000 55012.000000 0.396340 
138900.000000 55090.000000 0.396616 
139000.000000 55148.000000 0.396748 
139100.000000 55232.000000 0.397067 
139200.000000 55316.000000 0.397385 
139300.000000 55392.000000 0.397645 
139400.000000 55442.000000 0.397719 
139500.000000 55534.000000 0.398093 
139600.000000 55612.000000 0.398367 
139700.000000 55696.000000 0.398683 
139800.000000 55784.000000 0.399027 
139900.000000 55876.000000 0.399400 
140000.000000 55974.000000 0.399814 
140100.000000 56048.000000 0.400057 
140200.000000 56134.000000 0.400385 
140300.000000 56222.000000 0.400727 
140400.000000 56316.000000 0.401111 
140500.000000 56406.000000 0.401466 
140600.000000 56488.000000 0.401764 
140700.000000 56584.000000 0.402161 
140800.000000 56684.000000 0.402585 
140900.000000 56774.000000 0.402938 
141000.000000 56854.000000 0.403220 
141100.000000 56920.000000 0.403402 
141200.000000 57020.000000 0.403824 
141300.000000 57118.000000 0.404232 
141400.000000 57206.000000 0.404569 
141500.000000 57282.000000 0.404820 
141600.000000 57348.000000 0.405000 
141700.000000 57446.000000 0.405406 
141800.000000 57538.000000 0.405769 
141900.000000 57596.000000 0.405891 
142000.000000 57692.000000 0.406282 
142100.000000 57762.000000 0.406488 
142200.000000 57834.000000 0.406709 
142300.000000 57928.000000 0.407084 
142400.000000 58014.000000 0.407402 
142500.000000 58108.000000 0.407775 
142600.000000 58176.000000 0.407966 
142700.000000 58262.000000 0.408283 
142800.000000 58352.000000 0.408627 
142900.000000 58424.000000 0.408845 
143000.000000 58522.000000 0.409245 
143100.000000 58622.000000 0.409658 
143200.000000 58710.000000 0.409986 
143300.000000 58786.000000 0.410230 
143400.000000 58862.000000 0.410474 
143500.000000 58956.000000 0.410843 
143600.000000 59044.000000 0.411170 
143700.000000 59118.000000 0.411399 
143800.000000 59196.000000 0.411655 
143900.000000 59266.000000 0.411855 
144000.000000 59350.000000 0.412153 
144100.000000 59420.000000 0.412353 
144200.000000 59496.000000 0.412594 
144300.000000 59558.000000 0.412737 
144400.000000 59626.000000 0.412922 
144500.000000 59712.000000 0.413232 
144600.000000 59790.000000 0.413485 
144700.000000 59884.000000 0.413849 
144800.000000 59958.000000 0.414075 
144900.000000 60020.000000 0.414217 
145000.000000 60120.000000 0.414621 
145100.000000 60212.000000 0.414969 
145200.000000 60270.000000 0.415083 
145300.000000 60338.000000 0.415265 
145400.000000 60414.000000 0.415502 
145500.000000 60510.000000 0.415876 
145600.000000 60602.000000 0.416223 
145700.000000 60696.000000 0.416582 
145800.000000 60794.000000 0.416968 
145900.000000 60894.000000 0.417368 
146000.000000 60992.000000 0.417753 
146100.000000 61088.000000 0.418125 
146200.000000 61182.000000 0.418482 
146300.000000 61270.000000 0.418797 
146400.000000 61356.000000 0.419098 
146500.000000 61426.000000 0.419290 
146600.000000 61510.000000 0.419577 
146700.000000 61604.000000 0.419932 
146800.000000 61674.000000 0.420123 
146900.000000 61740.000000 0.420286 
147000.000000 61838.000000 0.420667 
147100.000000 61922.000000 0.420952 
147200.000000 62020.000000 0.421332 
147300.000000 62104.000000 0.421616 
147400.000000 62198.000000 0.421967 
147500.000000 62270.000000 0.422169 
147600.000000 62352.000000 0.422439 
147700.000000 62406.000000 0.422519 
147800.000000 62506.000000 0.422909 
147900.000000 62604.000000 0.423286 
148000.000000 62700.000000 0.423649 
148100.000000 62784.000000 0.423930 
148200.000000 62870.000000 0.424224 
148300.000000 62942.000000 0.424423 
148400.000000 63038.000000 0.424784 
148500.000000 63132.000000 0.425131 
148600.000000 63216.000000 0.425411 
148700.000000 63316.000000 0.425797 
148800.000000 63416.000000 0.426183 
148900.000000 63504.000000 0.426488 
149000.000000 63552.000000 0.426523 
149100.000000 63628.000000 0.426747 
149200.000000 63712.000000 0.427024 
149300.000000 63798.000000 0.427314 
149400.000000 63888.000000 0.427631 
149500.000000 63986.000000 0.428000 
149600.000000 64060.000000 0.428209 
149700.000000 64156.000000 0.428564 
149800.000000 64230.000000 0.428772 
149900.000000 64324.000000 0.429113 
150000.000000 64406.000000 0.429373 
150100.000000 64504.000000 0.429740 
150200.000000 64592.000000 0.430040 
150300.000000 64692.000000 0.430419 
150400.000000 64772.000000 0.430665 
150500.000000 64844.000000 0.430857 
150600.000000 64944.000000 0.431235 
150700.000000 65032.000000 0.431533 
150800.000000 65108.000000 0.431751 
150900.000000 65180.000000 0.431942 
151000.000000 65270.000000 0.432252 
151100.000000 65364.000000 0.432588 
151200.000000 65462.000000 0.432950 
151300.000000 65520.000000 0.433047 
151400.000000 65608.000000 0.433342 
151500.000000 65696.000000 0.433637 
151600.000000 65770.000000 0.433839 
151700.000000 65868.000000 0.434199 
151800.000000 65968.000000 0.434572 
151900.000000 66066.000000 0.434931 
152000.000000 66166.000000 0.435303 
152100.000000 66238.000000 0.435490 
152200.000000 66298.000000 0.435598 
152300.000000 66384.000000 0.435877 
152400.000000 66472.000000 0.436168 
152500.000000 66552.000000 0.436407 
152600.000000 66650.000000 0.436763 
152700.000000 66750.000000 0.437132 
152800.000000 66794.000000 0.437134 
152900.000000 66862.000000 0.437292 
153000.000000 66928.000000 0.437438 
153100.000000 67006.000000 0.437662 
153200.000000 67060.000000 0.437728 
153300.000000 67138.000000 0.437952 
153400.000000 67236.000000 0.438305 
153500.000000 67332.000000 0.438645 
153600.000000 67422.000000 0.438945 
153700.000000 67512.000000 0.439245 
153800.000000 67606.000000 0.439571 
153900.000000 67706.000000 0.439935 
154000.000000 67798.000000 0.440247 
154100.000000 67878.000000 0.440480 
154200.000000 67966.000000 0.440765 
154300.000000 68052.000000 0.441037 
154400.000000 68150.000000 0.441386 
154500.000000 68230.000000 0.441618 
154600.000000 68296.000000 0.441759 
154700.000000 68392.000000 0.442094 
154800.000000 68476.000000 0.442351 
154900.000000 68574.000000 0.442699 
155000.000000 68672.000000 0.443045 
155100.000000 68748.000000 0.443250 
155200.000000 68834.000000 0.443518 
155300.000000 68920.000000 0.443786 
155400.000000 69020.000000 0.444144 
155500.000000 69092.000000 0.444322 
155600.000000 69172.000000 0.444550 
155700.000000 69234.000000 0.444663 
155800.000000 69310.000000 0.444865 
155900.000000 69338.000000 0.444759 
156000.000000 69380.000000 0.444744 
156100.000000 69464.000000 0.444997 
156200.000000 69542.000000 0.445211 
156300.000000 69622.000000 0.445438 
156400.000000 69694.000000 0.445614 
156500.000000 69772.000000 0.445827 
156600.000000 69870.000000 0.446169 
156700.000000 69948.000000 0.446382 
156800.000000 70030.000000 0.446620 
156900.000000 70112.000000 0.446858 
157000.000000 70198.000000 0.447121 
157100.000000 70298.000000 0.447473 
157200.000000 70378.000000 0.447697 
157300.000000 70434.000000 0.447769 
157400.000000 70516.000000 0.448005 
157500.000000 70590.000000 0.448190 
157600.000000 70678.000000 0.448464 
157700.000000 70726.000000 0.448484 
157800.000000 70816.000000 0.448771 
157900.000000 70902.000000 0.449031 
158000.000000 70980.000000 0.449241 
158100.000000 71068.000000 0.449513 
158200.000000 71146.000000 0.449722 
158300.000000 71216.000000 0.449880 
158400.000000 71312.000000 0.450202 
158500.000000 71386.000000 0.450385 
158600.000000 71474.000000 0.450656 
158700.000000 71540.000000 0.450788 
158800.000000 71634.000000 0.451096 
158900.000000 71730.000000 0.451416 
159000.000000 71818.000000 0.451686 
159100.000000 71868.000000 0.451716 
159200.000000 71958.000000 0.451997 
159300.000000 72050.000000 0.452291 
159400.000000 72146.000000 0.452610 
159500.000000 72212.000000 0.452740 
159600.000000 72294.000000 0.452970 
159700.000000 72362.000000 0.453112 
159800.000000 72454.000000 0.453404 
159900.000000 72532.000000 0.453609 
160000.000000 72606.000000 0.453788 
160100.000000 72682.000000 0.453979 
160200.000000 72776.000000 0.454282 
160300.000000 72868.000000 0.454573 
160400.000000 72926.000000 0.454651 
160500.000000 73024.000000 0.454978 
160600.000000 73116.000000 0.455268 
160700.000000 73210.000000 0.455569 
160800.000000 73272.000000 0.455672 
160900.000000 73362.000000 0.455948 
161000.000000 73458.000000 0.456261 
161100.000000 73522.000000 0.456375 
161200.000000 73610.000000 0.456638 
161300.000000 73670.000000 0.456727 
161400.000000 73768.000000 0.457051 
161500.000000 73838.000000 0.457201 
161600.000000 73930.000000 0.457488 
161700.000000 74024.000000 0.457786 
161800.000000 74114.000000 0.458059 
161900.000000 74210.000000 0.458369 
162000.000000 74272.000000 0.458469 
162100.000000 74364.000000 0.458754 
162200.000000 74444.000000 0.458964 
162300.000000 74526.000000 0.459187 
162400.000000 74592.000000 0.459310 
162500.000000 74678.000000 0.459557 
162600.000000 74768.000000 0.459828 
162700.000000 74812.000000 0.459816 
162800.000000 74884.000000 0.459975 
162900.000000 74930.000000 0.459975 
163000.000000 75024.000000 0.460270 
163100.000000 75094.000000 0.460417 
163200.000000 75110.000000 0.460233 
163300.000000 75208.000000 0.460551 
163400.000000 75292.000000 0.460783 
163500.000000 75336.000000 0.460771 
163600.000000 75236.000000 0.459878 
163700.000000 75136.000000 0.458986 
163800.000000 75176.000000 0.458950 
163900.000000 75266.000000 0.459219 
164000.000000 75366.000000 0.459549 
164100.000000 75272.000000 0.458696 
164200.000000 75362.000000 0.458965 
164300.000000 75418.000000 0.459026 
164400.000000 75504.000000 0.459270 
164500.000000 75604.000000 0.459599 
164600.000000 75528.000000 0.458858 
164700.000000 75584.000000 0.458919 
164800.000000 75682.000000 0.459235 
164900.000000 75780.000000 0.459551 
165000.000000 75850.000000 0.459697 
165100.000000 75950.000000 0.460024 
165200.000000 76006.000000 0.460085 
165300.000000 76084.000000 0.460278 
165400.000000 76156.000000 0.460435 
165500.000000 76252.000000 0.460737 
165600.000000 76340.000000 0.460990 
165700.000000 76404.000000 0.461098 
165800.000000 76472.000000 0.461230 
165900.000000 76536.000000 0.461338 
166000.000000 76608.000000 0.461494 
166100.000000 76696.000000 0.461746 
166200.000000 76794.000000 0.462058 
166300.000000 76888.000000 0.462345 
166400.000000 76980.000000 0.462620 
166500.000000 77072.000000 0.462895 
166600.000000 77148.000000 0.463073 
166700.000000 77236.000000 0.463323 
166800.000000 77306.000000 0.463465 
166900.000000 77390.000000 0.463691 
167000.000000 77460.000000 0.463832 
167100.000000 77544.000000 0.464057 
167200.000000 77638.000000 0.464342 
167300.000000 77738.000000 0.464662 
167400.000000 77834.000000 0.464958 
167500.000000 77932.000000 0.465266 
167600.000000 78010.000000 0.465453 
167700.000000 78108.000000 0.465760 
167800.000000 78198.000000 0.466019 
167900.000000 78270.000000 0.466170 
168000.000000 78326.000000 0.466226 
168100.000000 78414.000000 0.466472 
168200.000000 78504.000000 0.466730 
168300.000000 78592.000000 0.466976 
168400.000000 78684.000000 0.467245 
168500.000000 78772.000000 0.467490 
168600.000000 78868.000000 0.467782 
168700.000000 78950.000000 0.467991 
168800.000000 79030.000000 0.468187 
168900.000000 79120.000000 0.468443 
169000.000000 79212.000000 0.468710 
169100.000000 79302.000000 0.468965 
169200.000000 79402.000000 0.469279 
169300.000000 79498.000000 0.469569 
169400.000000 79572.000000 0.469728 
169500.000000 79658.000000 0.469959 
169600.000000 79740.000000 0.470165 
169700.000000 79840.000000 0.470477 
169800.000000 79932.000000 0.470742 
169900.000000 80032.000000 0.471054 
170000.000000 80120.000000 0.471294 
170100.000000 80210.000000 0.471546 
170200.000000 80274.000000 0.471645 
170300.000000 80374.000000 0.471955 
170400.000000 80472.000000 0.472254 
170500.000000 80572.000000 0.472563 
170600.000000 80672.000000 0.472872 
170700.000000 80770.000000 0.473169 
170800.000000 80864.000000 0.473443 
170900.000000 80950.000000 0.473669 
171000.000000 81032.000000 0.473871 
171100.000000 81126.000000 0.474144 
171200.000000 81214.000000 0.474381 
171300.000000 81286.000000 0.474524 
171400.000000 81342.000000 0.474574 
171500.000000 81398.000000 0.474624 
171600.000000 81488.000000 0.474872 
171700.000000 81570.000000 0.475073 
171800.000000 81654.000000 0.475285 
171900.000000 81752.000000 0.475579 
172000.000000 81840.000000 0.475814 
172100.000000 81938.000000 0.476107 
172200.000000 82030.000000 0.476365 
172300.000000 82118.000000 0.476599 
172400.000000 82186.000000 0.476717 
172500.000000 82284.000000 0.477009 
172600.000000 82382.000000 0.477300 
172700.000000 82472.000000 0.477545 
172800.000000 82566.000000 0.477812 
172900.000000 82658.000000 0.478068 
173000.000000 82756.000000 0.478358 
173100.000000 82848.000000 0.478614 
173200.000000 82948.000000 0.478915 
173300.000000 83048.000000 0.479215 
173400.000000 83134.000000 0.479435 
173500.000000 83224.000000 0.479677 
173600.000000 83304.000000 0.479862 
173700.000000 83394.000000 0.480104 
173800.000000 83492.000000 0.480391 
173900.000000 83582.000000 0.480633 
174000.000000 83676.000000 0.480897 
174100.000000 83748.000000 0.481034 
174200.000000 83834.000000 0.481251 
174300.000000 83928.000000 0.481515 
174400.000000 84020.000000 0.481766 
174500.000000 84120.000000 0.482063 
174600.000000 84212.000000 0.482314 
174700.000000 84312.000000 0.482610 
174800.000000 84380.000000 0.482723 
174900.000000 84466.000000 0.482939 
175000.000000 84560.000000 0.483200 
175100.000000 84656.000000 0.483472 
175200.000000 84756.000000 0.483767 
175300.000000 84812.000000 0.483811 
175400.000000 84908.000000 0.484082 
175500.000000 85008.000000 0.484376 
175600.000000 85062.000000 0.484408 
175700.000000 85158.000000 0.484678 
175800.000000 85258.000000 0.484972 
175900.000000 85336.000000 0.485139 
176000.000000 85402.000000 0.485239 
176100.000000 85452.000000 0.485247 
176200.000000 85492.000000 0.485199 
176300.000000 85590.000000 0.485479 
176400.000000 85644.000000 0.485510 
176500.000000 85684.000000 0.485462 
176600.000000 85752.000000 0.485572 
176700.000000 85778.000000 0.485444 
176800.000000 85810.000000 0.485351 
176900.000000 85716.000000 0.484545 
177000.000000 85742.000000 0.484418 
177100.000000 85774.000000 0.484325 
177200.000000 85710.000000 0.483691 
177300.000000 85760.000000 0.483700 
177400.000000 85858.000000 0.483980 
177500.000000 85950.000000 0.484225 
177600.000000 86002.000000 0.484246 
177700.000000 85950.000000 0.483680 
177800.000000 86000.000000 0.483690 
177900.000000 86048.000000 0.483687 
178000.000000 86120.000000 0.483820 
178100.000000 86118.000000 0.483537 
178200.000000 86164.000000 0.483524 
178300.000000 86190.000000 0.483399 
178400.000000 86270.000000 0.483576 
178500.000000 86362.000000 0.483821 
178600.000000 86460.000000 0.484099 
178700.000000 86462.000000 0.483839 
178800.000000 86514.000000 0.483859 
178900.000000 86604.000000 0.484092 
179000.000000 86704.000000 0.484380 
179100.000000 86770.000000 0.484478 
179200.000000 86864.000000 0.484732 
179300.000000 86940.000000 0.484886 
179400.000000 87020.000000 0.485061 
179500.000000 87118.000000 0.485337 
179600.000000 87170.000000 0.485356 
179700.000000 87206.000000 0.485287 
179800.000000 87296.000000 0.485517 
179900.000000 87352.000000 0.485559 
180000.000000 87394.000000 0.485522 
180100.000000 87456.000000 0.485597 
180200.000000 87526.000000 0.485716 
180300.000000 87564.000000 0.485657 
180400.000000 87654.000000 0.485887 
180500.000000 87744.000000 0.486116 
180600.000000 87834.000000 0.486346 
180700.000000 87882.000000 0.486342 
180800.000000 87968.000000 0.486549 
180900.000000 88028.000000 0.486611 
181000.000000 88122.000000 0.486862 
181100.000000 88168.000000 0.486847 
181200.000000 88230.000000 0.486921 
181300.000000 88264.000000 0.486840 
181400.000000 88326.000000 0.486913 
181500.000000 88400.000000 0.487052 
181600.000000 88500.000000 0.487335 
181700.000000 88598.000000 0.487606 
181800.000000 88664.000000 0.487701 
181900.000000 88650.000000 0.487356 
182000.000000 88550.000000 0.486538 
182100.000000 88450.000000 0.485722 
182200.000000 88486.000000 0.485653 
182300.000000 88582.000000 0.485913 
182400.000000 88596.000000 0.485724 
182500.000000 88690.000000 0.485973 
182600.000000 88778.000000 0.486188 
182700.000000 88828.000000 0.486196 
182800.000000 88908.000000 0.486368 
182900.000000 88964.000000 0.486408 
183000.000000 89064.000000 0.486689 
183100.000000 89104.000000 0.486641 
183200.000000 89204.000000 0.486921 
183300.000000 89294.000000 0.487147 
183400.000000 89392.000000 0.487415 
183500.000000 89490.000000 0.487684 
183600.000000 89586.000000 0.487941 
183700.000000 89674.000000 0.488155 
183800.000000 89758.000000 0.488346 
183900.000000 89848.000000 0.488570 
184000.000000 89922.000000 0.488707 
184100.000000 90002.000000 0.488876 
184200.000000 90096.000000 0.489121 
184300.000000 90188.000000 0.489354 
184400.000000 90272.000000 0.489544 
184500.000000 90338.000000 0.489637 
184600.000000 90432.000000 0.489881 
184700.000000 90508.000000 0.490027 
184800.000000 90606.000000 0.490292 
184900.000000 90706.000000 0.490568 
185000.000000 90792.000000 0.490768 
185100.000000 90862.000000 0.490881 
185200.000000 90942.000000 0.491048 
185300.000000 91040.000000 0.491311 
185400.000000 91138.000000 0.491575 
185500.000000 91220.000000 0.491752 
185600.000000 91308.000000 0.491961 
185700.000000 91400.000000 0.492192 
185800.000000 91480.000000 0.492357 
185900.000000 91560.000000 0.492523 
186000.000000 91638.000000 0.492677 
186100.000000 91736.000000 0.492939 
186200.000000 91832.000000 0.493190 
186300.000000 91932.000000 0.493462 
186400.000000 92002.000000 0.493573 
186500.000000 92078.000000 0.493716 
186600.000000 92158.000000 0.493880 
186700.000000 92242.000000 0.494065 
186800.000000 92340.000000 0.494325 
186900.000000 92416.000000 0.494468 
187000.000000 92476.000000 0.494524 
187100.000000 92562.000000 0.494719 
187200.000000 92658.000000 0.494968 
187300.000000 92752.000000 0.495206 
187400.000000 92850.000000 0.495464 
187500.000000 92928.000000 0.495616 
187600.000000 93020.000000 0.495842 
187700.000000 93080.000000 0.495898 
187800.000000 93162.000000 0.496070 
187900.000000 93260.000000 0.496328 
188000.000000 93312.000000 0.496340 
188100.000000 93410.000000 0.496598 
188200.000000 93492.000000 0.496769 
188300.000000 93578.000000 0.496962 
188400.000000 93678.000000 0.497229 
188500.000000 93752.000000 0.497358 
188600.000000 93840.000000 0.497561 
188700.000000 93922.000000 0.497732 
188800.000000 93998.000000 0.497871 
188900.000000 94096.000000 0.498126 
189000.000000 94196.000000 0.498392 
189100.000000 94294.000000 0.498646 
189200.000000 94376.000000 0.498816 
189300.000000 94464.000000 0.499017 
189400.000000 94564.000000 0.499282 
189500.000000 94664.000000 0.499546 
189600.000000 94738.000000 0.499673 
189700.000000 94812.000000 0.499800 
189800.000000 94898.000000 0.499989 
189900.000000 94982.000000 0.500169 
190000.000000 95060.000000 0.500316 
190100.000000 95154.000000 0.500547 
190200.000000 95244.000000 0.500757 
190300.000000 95310.000000 0.500841 
190400.000000 95410.000000 0.501103 
190500.000000 95510.000000 0.501365 
190600.000000 95608.000000 0.501616 
190700.000000 95600.000000 0.501311 
190800.000000 95700.000000 0.501572 
190900.000000 95794.000000 0.501802 
191000.000000 95884.000000 0.502010 
191100.000000 95974.000000 0.502219 
191200.000000 96070.000000 0.502458 
191300.000000 96168.000000 0.502708 
191400.000000 96226.000000 0.502748 
191500.000000 96312.000000 0.502935 
191600.000000 96390.000000 0.503079 
191700.000000 96476.000000 0.503266 
191800.000000 96550.000000 0.503389 
191900.000000 96602.000000 0.503398 
192000.000000 96638.000000 0.503323 
192100.000000 96728.000000 0.503529 
192200.000000 96782.000000 0.503548 
192300.000000 96850.000000 0.503640 
192400.000000 96940.000000 0.503846 
192500.000000 96986.000000 0.503823 
192600.000000 97034.000000 0.503811 
192700.000000 97100.000000 0.503892 
192800.000000 97154.000000 0.503911 
192900.000000 97216.000000 0.503971 
193000.000000 97256.000000 0.503917 
193100.000000 97324.000000 0.504008 
193200.000000 97422.000000 0.504255 
193300.000000 97468.000000 0.504232 
193400.000000 97560.000000 0.504447 
193500.000000 97628.000000 0.504537 
193600.000000 97658.000000 0.504432 
193700.000000 97700.000000 0.504388 
193800.000000 97604.000000 0.503633 
193900.000000 97548.000000 0.503084 
194000.000000 97604.000000 0.503113 
194100.000000 97604.000000 0.502854 
194200.000000 97622.000000 0.502688 
194300.000000 97532.000000 0.501966 
194400.000000 97438.000000 0.501224 
194500.000000 97344.000000 0.500483 
194600.000000 97336.000000 0.500185 
194700.000000 97284.000000 0.499661 
194800.000000 97184.000000 0.498891 
194900.000000 97092.000000 0.498163 
195000.000000 97040.000000 0.497641 
195100.000000 96940.000000 0.496873 
195200.000000 96840.000000 0.496107 
195300.000000 96752.000000 0.495402 
195400.000000 96652.000000 0.494637 
195500.000000 96552.000000 0.493872 
195600.000000 96452.000000 0.493108 
195700.000000 96352.000000 0.492345 
195800.000000 96252.000000 0.491583 
195900.000000 96152.000000 0.490822 
196000.000000 96052.000000 0.490061 
196100.000000 95952.000000 0.489301 
196200.000000 95852.000000 0.488542 
196300.000000 95752.000000 0.487784 
196400.000000 95652.000000 0.487026 
196500.000000 95552.000000 0.486270 
196600.000000 95452.000000 0.485514 
196700.000000 95352.000000 0.484759 
196800.000000 95252.000000 0.484004 
196900.000000 95152.000000 0.483250 
197000.000000 95100.000000 0.482741 
197100.000000 95000.000000 0.481989 
197200.000000 94998.000000 0.481734 
197300.000000 94914.000000 0.481064 
197400.000000 94814.000000 0.480314 
197500.000000 94828.000000 0.480142 
197600.000000 94818.000000 0.479848 
197700.000000 94792.000000 0.479474 
197800.000000 94704.000000 0.478787 
197900.000000 94708.000000 0.478565 
198000.000000 94684.000000 0.478202 
198100.000000 94584.000000 0.477456 
198200.000000 94484.000000 0.476710 
198300.000000 94384.000000 0.475966 
198400.000000 94334.000000 0.475474 
198500.000000 94266.000000 0.474892 
198600.000000 94166.000000 0.474149 
198700.000000 94078.000000 0.473468 
198800.000000 93978.000000 0.472726 
198900.000000 93884.000000 0.472016 
199000.000000 93828.000000 0.471497 
199100.000000 93728.000000 0.470758 
199200.000000 93628.000000 0.470020 
199300.000000 93564.000000 0.469463 
199400.000000 93500.000000 0.468907 
199500.000000 93480.000000 0.468571 
199600.000000 93408.000000 0.467976 
199700.000000 93396.000000 0.467682 
199800.000000 93304.000000 0.466987 
199900.000000 93234.000000 0.466403 
200000.000000 93166.000000 0.465830 
