100.000000 -58.000000 -0.580000 
200.000000 -112.000000 -0.560000 
300.000000 -154.000000 -0.513333 
400.000000 -254.000000 -0.635000 
500.000000 -318.000000 -0.636000 
600.000000 -380.000000 -0.633333 
700.000000 -404.000000 -0.577143 
800.000000 -454.000000 -0.567500 
900.000000 -538.000000 -0.597778 
1000.000000 -638.000000 -0.638000 
1100.000000 -716.000000 -0.650909 
1200.000000 -790.000000 -0.658333 
1300.000000 -864.000000 -0.664615 
1400.000000 -950.000000 -0.678571 
1500.000000 -948.000000 -0.632000 
1600.000000 -1012.000000 -0.632500 
1700.000000 -1112.000000 -0.654118 
1800.000000 -1212.000000 -0.673333 
1900.000000 -1312.000000 -0.690526 
2000.000000 -1366.000000 -0.683000 
2100.000000 -1378.000000 -0.656190 
2200.000000 -1462.000000 -0.664545 
2300.000000 -1408.000000 -0.612174 
2400.000000 -1394.000000 -0.580833 
2500.000000 -1476.000000 -0.590400 
2600.000000 -1556.000000 -0.598462 
2700.000000 -1656.000000 -0.613333 
2800.000000 -1710.000000 -0.610714 
2900.000000 -1810.000000 -0.624138 
3000.000000 -1910.000000 -0.636667 
3100.000000 -1970.000000 -0.635484 
3200.000000 -2010.000000 -0.628125 
3300.000000 -2110.000000 -0.639394 
3400.000000 -2100.000000 -0.617647 
3500.000000 -2122.000000 -0.606286 
3600.000000 -2194.000000 -0.609444 
3700.000000 -2222.000000 -0.600541 
3800.000000 -2230.000000 -0.586842 
3900.000000 -2282.000000 -0.585128 
4000.000000 -2226.000000 -0.556500 
4100.000000 -2264.000000 -0.552195 
4200.000000 -2364.000000 -0.562857 
4300.000000 -2352.000000 -0.546977 
4400.000000 -2386.000000 -0.542273 
4500.000000 -2384.000000 -0.529778 
4600.000000 -2484.000000 -0.540000 
4700.000000 -2584.000000 -0.549787 
4800.000000 -2620.000000 -0.545833 
4900.000000 -2584.000000 -0.527347 
5000.000000 -2592.000000 -0.518400 
5100.000000 -2672.000000 -0.523922 
5200.000000 -2730.000000 -0.525000 
5300.000000 -2830.000000 -0.533962 
5400.000000 -2828.000000 -0.523704 
5500.000000 -2860.000000 -0.520000 
5600.000000 -2882.000000 -0.514643 
5700.000000 -2784.000000 -0.488421 
5800.000000 -2830.000000 -0.487931 
5900.000000 -2790.000000 -0.472881 
6000.000000 -2890.000000 -0.481667 
6100.000000 -2990.000000 -0.490164 
6200.000000 -3090.000000 -0.498387 
6300.000000 -3152.000000 -0.500317 
6400.000000 -3120.000000 -0.487500 
6500.000000 -3020.000000 -0.464615 
6600.000000 -2942.000000 -0.445758 
6700.000000 -2866.000000 -0.427761 
6800.000000 -2868.000000 -0.421765 
6900.000000 -2968.000000 -0.430145 
7000.000000 -3066.000000 -0.438000 
7100.000000 -3072.000000 -0.432676 
7200.000000 -3148.000000 -0.437222 
7300.000000 -3248.000000 -0.444932 
7400.000000 -3348.000000 -0.452432 
7500.000000 -3448.000000 -0.459733 
7600.000000 -3406.000000 -0.448158 
7700.000000 -3366.000000 -0.437143 
7800.000000 -3334.000000 -0.427436 
7900.000000 -3234.000000 -0.409367 
8000.000000 -3296.000000 -0.412000 
8100.000000 -3320.000000 -0.409877 
8200.000000 -3408.000000 -0.415610 
8300.000000 -3490.000000 -0.420482 
8400.000000 -3502.000000 -0.416905 
8500.000000 -3474.000000 -0.408706 
8600.000000 -3468.000000 -0.403256 
8700.000000 -3372.000000 -0.387586 
8800.000000 -3358.000000 -0.381591 
8900.000000 -3396.000000 -0.381573 
9000.000000 -3358.000000 -0.373111 
9100.000000 -3344.000000 -0.367473 
9200.000000 -3278.000000 -0.356304 
9300.000000 -3378.000000 -0.363226 
9400.000000 -3382.000000 -0.359787 
9500.000000 -3482.000000 -0.366526 
9600.000000 -3482.000000 -0.362708 
9700.000000 -3582.000000 -0.369278 
9800.000000 -3628.000000 -0.370204 
9900.000000 -3688.000000 -0.372525 
10000.000000 -3648.000000 -0.364800 
10100.000000 -3738.000000 -0.370099 
10200.000000 -3838.000000 -0.376274 
10300.000000 -3758.000000 -0.364854 
10400.000000 -3788.000000 -0.364231 
10500.000000 -3888.000000 -0.370286 
10600.000000 -3988.000000 -0.376226 
10700.000000 -4088.000000 -0.382056 
10800.000000 -4050.000000 -0.375000 
10900.000000 -4028.000000 -0.369541 
11000.000000 -3954.000000 -0.359455 
11100.000000 -4020.000000 -0.362162 
11200.000000 -4062.000000 -0.362679 
11300.000000 -4080.000000 -0.361062 
11400.000000 -4124.000000 -0.361754 
11500.000000 -4216.000000 -0.366609 
11600.000000 -4194.000000 -0.361552 
11700.000000 -4248.000000 -0.363077 
11800.000000 -4348.000000 -0.368475 
11900.000000 -4332.000000 -0.364034 
12000.000000 -4258.000000 -0.354833 
12100.000000 -4358.000000 -0.360165 
12200.000000 -4406.000000 -0.361148 
12300.000000 -4456.000000 -0.362276 
12400.000000 -4468.000000 -0.360323 
12500.000000 -4482.000000 -0.358560 
12600.000000 -4556.000000 -0.361587 
12700.000000 -4498.000000 -0.354173 
12800.000000 -4402.000000 -0.343906 
12900.000000 -4384.000000 -0.339845 
13000.000000 -4382.000000 -0.337077 
13100.000000 -4418.000000 -0.337252 
13200.000000 -4494.000000 -0.340455 
13300.000000 -4558.000000 -0.342707 
13400.000000 -4492.000000 -0.335224 
13500.000000 -4550.000000 -0.337037 
13600.000000 -4620.000000 -0.339706 
13700.000000 -4720.000000 -0.344526 
13800.000000 -4768.000000 -0.345507 
13900.000000 -4720.000000 -0.339568 
14000.000000 -4782.000000 -0.341571 
14100.000000 -4728.000000 -0.335319 
14200.000000 -4720.000000 -0.332394 
14300.000000 -4708.000000 -0.329231 
14400.000000 -4662.000000 -0.323750 
14500.000000 -4652.000000 -0.320828 
14600.000000 -4688.000000 -0.321096 
14700.000000 -4788.000000 -0.325714 
14800.000000 -4828.000000 -0.326216 
14900.000000 -4770.000000 -0.320134 
15000.000000 -4870.000000 -0.324667 
15100.000000 -4928.000000 -0.326358 
15200.000000 -5028.000000 -0.330789 
15300.000000 -5074.000000 -0.331634 
15400.000000 -5066.000000 -0.328961 
15500.000000 -5078.000000 -0.327613 
15600.000000 -5108.000000 -0.327436 
15700.000000 -5072.000000 -0.323057 
15800.000000 -5082.000000 -0.321646 
15900.000000 -5054.000000 -0.317862 
16000.000000 -5064.000000 -0.316500 
16100.000000 -5132.000000 -0.318758 
16200.000000 -5232.000000 -0.322963 
16300.000000 -5274.000000 -0.323558 
16400.000000 -5350.000000 -0.326219 
16500.000000 -5344.000000 -0.323879 
16600.000000 -5244.000000 -0.315904 
16700.000000 -5172.000000 -0.309701 
16800.000000 -5162.000000 -0.307262 
16900.000000 -5248.000000 -0.310533 
17000.000000 -5322.000000 -0.313059 
17100.000000 -5422.000000 -0.317076 
17200.000000 -5518.000000 -0.320814 
17300.000000 -5600.000000 -0.323699 
17400.000000 -5608.000000 -0.322299 
17500.000000 -5556.000000 -0.317486 
17600.000000 -5564.000000 -0.316136 
17700.000000 -5470.000000 -0.309040 
17800.000000 -5394.000000 -0.303034 
17900.000000 -5346.000000 -0.298659 
18000.000000 -5370.000000 -0.298333 
18100.000000 -5408.000000 -0.298785 
18200.000000 -5440.000000 -0.298901 
18300.000000 -5478.000000 -0.299344 
18400.000000 -5508.000000 -0.299348 
18500.000000 -5608.000000 -0.303135 
18600.000000 -5708.000000 -0.306882 
18700.000000 -5724.000000 -0.306096 
18800.000000 -5720.000000 -0.304255 
18900.000000 -5742.000000 -0.303810 
19000.000000 -5804.000000 -0.305474 
19100.000000 -5772.000000 -0.302199 
19200.000000 -5744.000000 -0.299167 
19300.000000 -5772.000000 -0.299067 
19400.000000 -5770.000000 -0.297423 
19500.000000 -5870.000000 -0.301026 
19600.000000 -5818.000000 -0.296837 
19700.000000 -5796.000000 -0.294213 
19800.000000 -5760.000000 -0.290909 
19900.000000 -5716.000000 -0.287236 
20000.000000 -5764.000000 -0.288200 
20100.000000 -5754.000000 -0.286269 
20200.000000 -5786.000000 -0.286436 
20300.000000 -5836.000000 -0.287488 
20400.000000 -5780.000000 -0.283333 
20500.000000 -5756.000000 -0.280780 
20600.000000 -5690.000000 -0.276214 
20700.000000 -5684.000000 -0.274589 
20800.000000 -5704.000000 -0.274231 
20900.000000 -5752.000000 -0.275215 
21000.000000 -5668.000000 -0.269905 
21100.000000 -5598.000000 -0.265308 
21200.000000 -5560.000000 -0.262264 
21300.000000 -5556.000000 -0.260845 
21400.000000 -5510.000000 -0.257477 
21500.000000 -5478.000000 -0.254791 
21600.000000 -5460.000000 -0.252778 
21700.000000 -5378.000000 -0.247834 
21800.000000 -5344.000000 -0.245138 
21900.000000 -5274.000000 -0.240822 
22000.000000 -5236.000000 -0.238000 
22100.000000 -5200.000000 -0.235294 
22200.000000 -5152.000000 -0.232072 
22300.000000 -5056.000000 -0.226726 
22400.000000 -4956.000000 -0.221250 
22500.000000 -4934.000000 -0.219289 
22600.000000 -5022.000000 -0.222212 
22700.000000 -5034.000000 -0.221762 
22800.000000 -4974.000000 -0.218158 
22900.000000 -5030.000000 -0.219651 
23000.000000 -5082.000000 -0.220957 
23100.000000 -5050.000000 -0.218615 
23200.000000 -4974.000000 -0.214397 
23300.000000 -4940.000000 -0.212017 
23400.000000 -4920.000000 -0.210256 
23500.000000 -4880.000000 -0.207660 
23600.000000 -4816.000000 -0.204068 
23700.000000 -4840.000000 -0.204219 
23800.000000 -4866.000000 -0.204454 
23900.000000 -4864.000000 -0.203515 
24000.000000 -4828.000000 -0.201167 
24100.000000 -4814.000000 -0.199751 
24200.000000 -4914.000000 -0.203058 
24300.000000 -4976.000000 -0.204774 
24400.000000 -4982.000000 -0.204180 
24500.000000 -5064.000000 -0.206694 
24600.000000 -5164.000000 -0.209919 
24700.000000 -5200.000000 -0.210526 
24800.000000 -5272.000000 -0.212581 
24900.000000 -5300.000000 -0.212851 
25000.000000 -5290.000000 -0.211600 
25100.000000 -5288.000000 -0.210677 
25200.000000 -5218.000000 -0.207063 
25300.000000 -5164.000000 -0.204111 
25400.000000 -5114.000000 -0.201339 
25500.000000 -5148.000000 -0.201882 
25600.000000 -5140.000000 -0.200781 
25700.000000 -5190.000000 -0.201946 
25800.000000 -5248.000000 -0.203411 
25900.000000 -5336.000000 -0.206023 
26000.000000 -5318.000000 -0.204538 
26100.000000 -5334.000000 -0.204368 
26200.000000 -5418.000000 -0.206794 
26300.000000 -5404.000000 -0.205475 
26400.000000 -5492.000000 -0.208030 
26500.000000 -5430.000000 -0.204906 
26600.000000 -5382.000000 -0.202331 
26700.000000 -5434.000000 -0.203521 
26800.000000 -5470.000000 -0.204104 
26900.000000 -5446.000000 -0.202454 
27000.000000 -5494.000000 -0.203481 
27100.000000 -5492.000000 -0.202657 
27200.000000 -5530.000000 -0.203309 
27300.000000 -5522.000000 -0.202271 
27400.000000 -5546.000000 -0.202409 
27500.000000 -5490.000000 -0.199636 
27600.000000 -5504.000000 -0.199420 
27700.000000 -5604.000000 -0.202310 
27800.000000 -5612.000000 -0.201871 
27900.000000 -5702.000000 -0.204373 
28000.000000 -5630.000000 -0.201071 
28100.000000 -5646.000000 -0.200925 
28200.000000 -5694.000000 -0.201915 
28300.000000 -5684.000000 -0.200848 
28400.000000 -5660.000000 -0.199296 
28500.000000 -5678.000000 -0.199228 
28600.000000 -5768.000000 -0.201678 
28700.000000 -5774.000000 -0.201185 
28800.000000 -5816.000000 -0.201944 
28900.000000 -5892.000000 -0.203875 
29000.000000 -5912.000000 -0.203862 
29100.000000 -5952.000000 -0.204536 
29200.000000 -6036.000000 -0.206712 
29300.000000 -6088.000000 -0.207782 
29400.000000 -6134.000000 -0.208639 
29500.000000 -6228.000000 -0.211119 
29600.000000 -6240.000000 -0.210811 
29700.000000 -6302.000000 -0.212189 
29800.000000 -6402.000000 -0.214832 
29900.000000 -6502.000000 -0.217458 
30000.000000 -6550.000000 -0.218333 
30100.000000 -6618.000000 -0.219867 
30200.000000 -6672.000000 -0.220927 
30300.000000 -6676.000000 -0.220330 
30400.000000 -6708.000000 -0.220658 
30500.000000 -6696.000000 -0.219541 
30600.000000 -6662.000000 -0.217712 
30700.000000 -6680.000000 -0.217590 
30800.000000 -6774.000000 -0.219935 
30900.000000 -6874.000000 -0.222460 
31000.000000 -6962.000000 -0.224581 
31100.000000 -7052.000000 -0.226752 
31200.000000 -7124.000000 -0.228333 
31300.000000 -7178.000000 -0.229329 
31400.000000 -7254.000000 -0.231019 
31500.000000 -7296.000000 -0.231619 
31600.000000 -7326.000000 -0.231835 
31700.000000 -7380.000000 -0.232808 
31800.000000 -7460.000000 -0.234591 
31900.000000 -7480.000000 -0.234483 
32000.000000 -7528.000000 -0.235250 
32100.000000 -7616.000000 -0.237259 
32200.000000 -7592.000000 -0.235776 
32300.000000 -7692.000000 -0.238142 
32400.000000 -7772.000000 -0.239877 
32500.000000 -7836.000000 -0.241108 
32600.000000 -7924.000000 -0.243067 
32700.000000 -7938.000000 -0.242752 
32800.000000 -8016.000000 -0.244390 
32900.000000 -8106.000000 -0.246383 
33000.000000 -8206.000000 -0.248667 
33100.000000 -8306.000000 -0.250937 
33200.000000 -8298.000000 -0.249940 
33300.000000 -8332.000000 -0.250210 
33400.000000 -8366.000000 -0.250479 
33500.000000 -8330.000000 -0.248657 
33600.000000 -8368.000000 -0.249048 
33700.000000 -8384.000000 -0.248783 
33800.000000 -8484.000000 -0.251006 
33900.000000 -8584.000000 -0.253215 
34000.000000 -8684.000000 -0.255412 
34100.000000 -8756.000000 -0.256774 
34200.000000 -8788.000000 -0.256959 
34300.000000 -8888.000000 -0.259125 
34400.000000 -8946.000000 -0.260058 
34500.000000 -9046.000000 -0.262203 
34600.000000 -9146.000000 -0.264335 
34700.000000 -9212.000000 -0.265476 
34800.000000 -9312.000000 -0.267586 
34900.000000 -9412.000000 -0.269685 
35000.000000 -9512.000000 -0.271771 
35100.000000 -9560.000000 -0.272365 
35200.000000 -9530.000000 -0.270739 
35300.000000 -9548.000000 -0.270482 
35400.000000 -9648.000000 -0.272542 
35500.000000 -9652.000000 -0.271887 
35600.000000 -9724.000000 -0.273146 
35700.000000 -9690.000000 -0.271429 
35800.000000 -9786.000000 -0.273352 
35900.000000 -9806.000000 -0.273148 
36000.000000 -9814.000000 -0.272611 
36100.000000 -9890.000000 -0.273961 
36200.000000 -9960.000000 -0.275138 
36300.000000 -10032.000000 -0.276364 
36400.000000 -10094.000000 -0.277308 
36500.000000 -10194.000000 -0.279288 
36600.000000 -10294.000000 -0.281257 
36700.000000 -10334.000000 -0.281580 
36800.000000 -10420.000000 -0.283152 
36900.000000 -10424.000000 -0.282493 
37000.000000 -10452.000000 -0.282486 
37100.000000 -10476.000000 -0.282372 
37200.000000 -10510.000000 -0.282527 
37300.000000 -10586.000000 -0.283807 
37400.000000 -10626.000000 -0.284118 
37500.000000 -10656.000000 -0.284160 
37600.000000 -10682.000000 -0.284096 
37700.000000 -10736.000000 -0.284775 
37800.000000 -10758.000000 -0.284603 
37900.000000 -10826.000000 -0.285646 
38000.000000 -10858.000000 -0.285737 
38100.000000 -10858.000000 -0.284987 
38200.000000 -10880.000000 -0.284817 
38300.000000 -10926.000000 -0.285274 
38400.000000 -11008.000000 -0.286667 
38500.000000 -11108.000000 -0.288519 
38600.000000 -11200.000000 -0.290155 
38700.000000 -11220.000000 -0.289922 
38800.000000 -11272.000000 -0.290515 
38900.000000 -11302.000000 -0.290540 
39000.000000 -11248.000000 -0.288410 
39100.000000 -11314.000000 -0.289361 
39200.000000 -11370.000000 -0.290051 
39300.000000 -11352.000000 -0.288855 
39400.000000 -11352.000000 -0.288122 
39500.000000 -11384.000000 -0.288203 
39600.000000 -11332.000000 -0.286162 
39700.000000 -11428.000000 -0.287859 
39800.000000 -11508.000000 -0.289146 
39900.000000 -11490.000000 -0.287970 
40000.000000 -11578.000000 -0.289450 
40100.000000 -11678.000000 -0.291222 
40200.000000 -11728.000000 -0.291741 
40300.000000 -11716.000000 -0.290720 
40400.000000 -11680.000000 -0.289109 
40500.000000 -11722.000000 -0.289432 
40600.000000 -11822.000000 -0.291182 
40700.000000 -11904.000000 -0.292482 
40800.000000 -11980.000000 -0.293627 
40900.000000 -12034.000000 -0.294230 
41000.000000 -12124.000000 -0.295707 
41100.000000 -12140.000000 -0.295377 
41200.000000 -12142.000000 -0.294709 
41300.000000 -12210.000000 -0.295642 
41400.000000 -12206.000000 -0.294831 
41500.000000 -12286.000000 -0.296048 
41600.000000 -12310.000000 -0.295913 
41700.000000 -12336.000000 -0.295827 
41800.000000 -12394.000000 -0.296507 
41900.000000 -12434.000000 -0.296754 
42000.000000 -12404.000000 -0.295333 
42100.000000 -12478.000000 -0.296390 
42200.000000 -12512.000000 -0.296493 
42300.000000 -12586.000000 -0.297541 
42400.000000 -12634.000000 -0.297972 
42500.000000 -12686.000000 -0.298494 
42600.000000 -12724.000000 -0.298685 
42700.000000 -12770.000000 -0.299063 
42800.000000 -12824.000000 -0.299626 
42900.000000 -12858.000000 -0.299720 
43000.000000 -12872.000000 -0.299349 
43100.000000 -12896.000000 -0.299211 
43200.000000 -12958.000000 -0.299954 
43300.000000 -13058.000000 -0.301570 
43400.000000 -13008.000000 -0.299724 
43500.000000 -13106.000000 -0.301287 
43600.000000 -13198.000000 -0.302706 
43700.000000 -13298.000000 -0.304302 
43800.000000 -13380.000000 -0.305479 
43900.000000 -13390.000000 -0.305011 
44000.000000 -13434.000000 -0.305318 
44100.000000 -13524.000000 -0.306667 
44200.000000 -13542.000000 -0.306380 
44300.000000 -13592.000000 -0.306817 
44400.000000 -13692.000000 -0.308378 
44500.000000 -13762.000000 -0.309258 
44600.000000 -13828.000000 -0.310045 
44700.000000 -13842.000000 -0.309664 
44800.000000 -13826.000000 -0.308616 
44900.000000 -13926.000000 -0.310156 
45000.000000 -14026.000000 -0.311689 
45100.000000 -14006.000000 -0.310554 
45200.000000 -14068.000000 -0.311239 
45300.000000 -14134.000000 -0.312009 
45400.000000 -14218.000000 -0.313172 
45500.000000 -14318.000000 -0.314681 
45600.000000 -14418.000000 -0.316184 
45700.000000 -14518.000000 -0.317681 
45800.000000 -14618.000000 -0.319170 
45900.000000 -14718.000000 -0.320654 
46000.000000 -14818.000000 -0.322130 
46100.000000 -14918.000000 -0.323601 
46200.000000 -15014.000000 -0.324978 
46300.000000 -15114.000000 -0.326436 
46400.000000 -15214.000000 -0.327888 
46500.000000 -15296.000000 -0.328946 
46600.000000 -15304.000000 -0.328412 
46700.000000 -15258.000000 -0.326724 
46800.000000 -15234.000000 -0.325513 
46900.000000 -15190.000000 -0.323881 
47000.000000 -15290.000000 -0.325319 
47100.000000 -15390.000000 -0.326752 
47200.000000 -15466.000000 -0.327670 
47300.000000 -15510.000000 -0.327907 
47400.000000 -15602.000000 -0.329156 
47500.000000 -15548.000000 -0.327326 
47600.000000 -15540.000000 -0.326471 
47700.000000 -15546.000000 -0.325912 
47800.000000 -15516.000000 -0.324603 
47900.000000 -15550.000000 -0.324635 
48000.000000 -15574.000000 -0.324458 
48100.000000 -15614.000000 -0.324615 
48200.000000 -15636.000000 -0.324398 
48300.000000 -15722.000000 -0.325507 
48400.000000 -15774.000000 -0.325909 
48500.000000 -15712.000000 -0.323959 
48600.000000 -15790.000000 -0.324897 
48700.000000 -15858.000000 -0.325626 
48800.000000 -15948.000000 -0.326803 
48900.000000 -16042.000000 -0.328057 
49000.000000 -16030.000000 -0.327143 
49100.000000 -16062.000000 -0.327128 
49200.000000 -16108.000000 -0.327398 
49300.000000 -16208.000000 -0.328763 
49400.000000 -16290.000000 -0.329757 
49500.000000 -16390.000000 -0.331111 
49600.000000 -16490.000000 -0.332460 
49700.000000 -16510.000000 -0.332193 
49800.000000 -16580.000000 -0.332932 
49900.000000 -16656.000000 -0.333788 
50000.000000 -16694.000000 -0.333880 
50100.000000 -16656.000000 -0.332455 
50200.000000 -16658.000000 -0.331833 
50300.000000 -16758.000000 -0.333161 
50400.000000 -16844.000000 -0.334206 
50500.000000 -16930.000000 -0.335248 
50600.000000 -16974.000000 -0.335455 
50700.000000 -17018.000000 -0.335661 
50800.000000 -17052.000000 -0.335669 
50900.000000 -17140.000000 -0.336739 
51000.000000 -17170.000000 -0.336667 
51100.000000 -17256.000000 -0.337691 
51200.000000 -17356.000000 -0.338984 
51300.000000 -17348.000000 -0.338168 
51400.000000 -17396.000000 -0.338444 
51500.000000 -17416.000000 -0.338175 
51600.000000 -17468.000000 -0.338527 
51700.000000 -17552.000000 -0.339497 
51800.000000 -17572.000000 -0.339228 
51900.000000 -17564.000000 -0.338420 
52000.000000 -17610.000000 -0.338654 
52100.000000 -17632.000000 -0.338426 
52200.000000 -17694.000000 -0.338966 
52300.000000 -17694.000000 -0.338317 
52400.000000 -17718.000000 -0.338130 
52500.000000 -17740.000000 -0.337905 
52600.000000 -17818.000000 -0.338745 
52700.000000 -17826.000000 -0.338254 
52800.000000 -17882.000000 -0.338674 
52900.000000 -17982.000000 -0.339924 
53000.000000 -17998.000000 -0.339585 
53100.000000 -18082.000000 -0.340527 
53200.000000 -18176.000000 -0.341654 
53300.000000 -18244.000000 -0.342289 
53400.000000 -18254.000000 -0.341835 
53500.000000 -18290.000000 -0.341869 
53600.000000 -18324.000000 -0.341866 
53700.000000 -18344.000000 -0.341601 
53800.000000 -18360.000000 -0.341264 
53900.000000 -18404.000000 -0.341447 
54000.000000 -18486.000000 -0.342333 
54100.000000 -18586.000000 -0.343549 
54200.000000 -18686.000000 -0.344760 
54300.000000 -18764.000000 -0.345562 
54400.000000 -18796.000000 -0.345515 
54500.000000 -18842.000000 -0.345725 
54600.000000 -18844.000000 -0.345128 
54700.000000 -18924.000000 -0.345960 
54800.000000 -18968.000000 -0.346131 
54900.000000 -19006.000000 -0.346193 
55000.000000 -19090.000000 -0.347091 
55100.000000 -19160.000000 -0.347731 
55200.000000 -19160.000000 -0.347101 
55300.000000 -19244.000000 -0.347993 
55400.000000 -19304.000000 -0.348448 
55500.000000 -19334.000000 -0.348360 
55600.000000 -19392.000000 -0.348777 
55700.000000 -19390.000000 -0.348115 
55800.000000 -19464.000000 -0.348817 
55900.000000 -19510.000000 -0.349016 
56000.000000 -19574.000000 -0.349536 
56100.000000 -19594.000000 -0.349269 
56200.000000 -19648.000000 -0.349609 
56300.000000 -19698.000000 -0.349876 
56400.000000 -19734.000000 -0.349894 
56500.000000 -19684.000000 -0.348389 
56600.000000 -19784.000000 -0.349541 
56700.000000 -19884.000000 -0.350688 
56800.000000 -19866.000000 -0.349754 
56900.000000 -19954.000000 -0.350685 
57000.000000 -19910.000000 -0.349298 
57100.000000 -19900.000000 -0.348511 
57200.000000 -19860.000000 -0.347203 
57300.000000 -19806.000000 -0.345654 
57400.000000 -19862.000000 -0.346028 
57500.000000 -19852.000000 -0.345252 
57600.000000 -19898.000000 -0.345451 
57700.000000 -19846.000000 -0.343951 
57800.000000 -19794.000000 -0.342457 
57900.000000 -19804.000000 -0.342038 
58000.000000 -19806.000000 -0.341483 
58100.000000 -19850.000000 -0.341652 
58200.000000 -19880.000000 -0.341581 
58300.000000 -19862.000000 -0.340686 
58400.000000 -19940.000000 -0.341438 
58500.000000 -19976.000000 -0.341470 
58600.000000 -19952.000000 -0.340478 
58700.000000 -20052.000000 -0.341601 
58800.000000 -20152.000000 -0.342721 
58900.000000 -20146.000000 -0.342037 
59000.000000 -20062.000000 -0.340034 
59100.000000 -19982.000000 -0.338105 
59200.000000 -19908.000000 -0.336284 
59300.000000 -19898.000000 -0.335548 
59400.000000 -19816.000000 -0.333603 
59500.000000 -19808.000000 -0.332908 
59600.000000 -19858.000000 -0.333188 
59700.000000 -19958.000000 -0.334305 
59800.000000 -19916.000000 -0.333043 
59900.000000 -19904.000000 -0.332287 
60000.000000 -19876.000000 -0.331267 
60100.000000 -19804.000000 -0.329517 
60200.000000 -19722.000000 -0.327608 
60300.000000 -19664.000000 -0.326103 
60400.000000 -19610.000000 -0.324669 
60500.000000 -19546.000000 -0.323074 
60600.000000 -19448.000000 -0.320924 
60700.000000 -19404.000000 -0.319670 
60800.000000 -19340.000000 -0.318092 
60900.000000 -19316.000000 -0.317176 
61000.000000 -19260.000000 -0.315738 
61100.000000 -19200.000000 -0.314239 
61200.000000 -19134.000000 -0.312647 
61300.000000 -19152.000000 -0.312431 
61400.000000 -19186.000000 -0.312476 
61500.000000 -19088.000000 -0.310374 
61600.000000 -19022.000000 -0.308799 
61700.000000 -18926.000000 -0.306742 
61800.000000 -18830.000000 -0.304693 
61900.000000 -18782.000000 -0.303425 
62000.000000 -18718.000000 -0.301903 
62100.000000 -18646.000000 -0.300258 
62200.000000 -18546.000000 -0.298167 
62300.000000 -18470.000000 -0.296469 
62400.000000 -18488.000000 -0.296282 
62500.000000 -18588.000000 -0.297408 
62600.000000 -18518.000000 -0.295815 
62700.000000 -18426.000000 -0.293876 
62800.000000 -18344.000000 -0.292102 
62900.000000 -18252.000000 -0.290175 
63000.000000 -18178.000000 -0.288540 
63100.000000 -18078.000000 -0.286498 
63200.000000 -17980.000000 -0.284494 
63300.000000 -17902.000000 -0.282812 
63400.000000 -17840.000000 -0.281388 
63500.000000 -17752.000000 -0.279559 
63600.000000 -17770.000000 -0.279403 
63700.000000 -17696.000000 -0.277802 
63800.000000 -17614.000000 -0.276082 
63900.000000 -17518.000000 -0.274147 
64000.000000 -17428.000000 -0.272312 
64100.000000 -17354.000000 -0.270733 
64200.000000 -17298.000000 -0.269439 
64300.000000 -17216.000000 -0.267745 
64400.000000 -17134.000000 -0.266056 
64500.000000 -17056.000000 -0.264434 
64600.000000 -16958.000000 -0.262508 
64700.000000 -16922.000000 -0.261546 
64800.000000 -16822.000000 -0.259599 
64900.000000 -16722.000000 -0.257658 
65000.000000 -16628.000000 -0.255815 
65100.000000 -16542.000000 -0.254101 
65200.000000 -16458.000000 -0.252423 
65300.000000 -16360.000000 -0.250536 
65400.000000 -16274.000000 -0.248838 
65500.000000 -16236.000000 -0.247878 
65600.000000 -16172.000000 -0.246524 
65700.000000 -16100.000000 -0.245053 
65800.000000 -16034.000000 -0.243678 
65900.000000 -15954.000000 -0.242094 
66000.000000 -15904.000000 -0.240970 
66100.000000 -15826.000000 -0.239425 
66200.000000 -15792.000000 -0.238550 
66300.000000 -15744.000000 -0.237466 
66400.000000 -15704.000000 -0.236506 
66500.000000 -15610.000000 -0.234737 
66600.000000 -15576.000000 -0.233874 
66700.000000 -15490.000000 -0.232234 
66800.000000 -15422.000000 -0.230868 
66900.000000 -15344.000000 -0.229357 
67000.000000 -15268.000000 -0.227881 
67100.000000 -15230.000000 -0.226975 
67200.000000 -15160.000000 -0.225595 
67300.000000 -15086.000000 -0.224160 
67400.000000 -15012.000000 -0.222730 
67500.000000 -14932.000000 -0.221215 
67600.000000 -14850.000000 -0.219675 
67700.000000 -14778.000000 -0.218287 
67800.000000 -14742.000000 -0.217434 
67900.000000 -14698.000000 -0.216465 
68000.000000 -14616.000000 -0.214941 
68100.000000 -14540.000000 -0.213510 
68200.000000 -14462.000000 -0.212053 
68300.000000 -14386.000000 -0.210630 
68400.000000 -14322.000000 -0.209386 
68500.000000 -14268.000000 -0.208292 
68600.000000 -14186.000000 -0.206793 
68700.000000 -14090.000000 -0.205095 
68800.000000 -14030.000000 -0.203924 
68900.000000 -13950.000000 -0.202467 
69000.000000 -13870.000000 -0.201014 
69100.000000 -13782.000000 -0.199450 
69200.000000 -13682.000000 -0.197717 
69300.000000 -13584.000000 -0.196017 
69400.000000 -13508.000000 -0.194640 
69500.000000 -13448.000000 -0.193496 
69600.000000 -13348.000000 -0.191782 
69700.000000 -13294.000000 -0.190732 
69800.000000 -13202.000000 -0.189140 
69900.000000 -13144.000000 -0.188040 
70000.000000 -13076.000000 -0.186800 
70100.000000 -13002.000000 -0.185478 
70200.000000 -12946.000000 -0.184416 
70300.000000 -12882.000000 -0.183243 
70400.000000 -12822.000000 -0.182131 
70500.000000 -12764.000000 -0.181050 
70600.000000 -12700.000000 -0.179887 
70700.000000 -12626.000000 -0.178586 
70800.000000 -12542.000000 -0.177147 
70900.000000 -12486.000000 -0.176107 
71000.000000 -12418.000000 -0.174901 
71100.000000 -12352.000000 -0.173727 
71200.000000 -12258.000000 -0.172163 
71300.000000 -12218.000000 -0.171360 
71400.000000 -12128.000000 -0.169860 
71500.000000 -12034.000000 -0.168308 
71600.000000 -11950.000000 -0.166899 
71700.000000 -11886.000000 -0.165774 
71800.000000 -11830.000000 -0.164763 
71900.000000 -11754.000000 -0.163477 
72000.000000 -11662.000000 -0.161972 
72100.000000 -11580.000000 -0.160610 
72200.000000 -11514.000000 -0.159474 
72300.000000 -11426.000000 -0.158036 
72400.000000 -11368.000000 -0.157017 
72500.000000 -11290.000000 -0.155724 
72600.000000 -11194.000000 -0.154187 
72700.000000 -11098.000000 -0.152655 
72800.000000 -11044.000000 -0.151703 
72900.000000 -10958.000000 -0.150315 
73000.000000 -10886.000000 -0.149123 
73100.000000 -10794.000000 -0.147661 
73200.000000 -10712.000000 -0.146339 
73300.000000 -10672.000000 -0.145593 
73400.000000 -10612.000000 -0.144578 
73500.000000 -10528.000000 -0.143238 
73600.000000 -10468.000000 -0.142228 
73700.000000 -10432.000000 -0.141547 
73800.000000 -10358.000000 -0.140352 
73900.000000 -10298.000000 -0.139350 
74000.000000 -10246.000000 -0.138459 
74100.000000 -10154.000000 -0.137031 
74200.000000 -10122.000000 -0.136415 
74300.000000 -10060.000000 -0.135397 
74400.000000 -9994.000000 -0.134328 
74500.000000 -9922.000000 -0.133181 
74600.000000 -9826.000000 -0.131716 
74700.000000 -9756.000000 -0.130602 
74800.000000 -9690.000000 -0.129545 
74900.000000 -9612.000000 -0.128331 
75000.000000 -9536.000000 -0.127147 
75100.000000 -9462.000000 -0.125992 
75200.000000 -9380.000000 -0.124734 
75300.000000 -9302.000000 -0.123533 
75400.000000 -9202.000000 -0.122042 
75500.000000 -9114.000000 -0.120715 
75600.000000 -9050.000000 -0.119709 
75700.000000 -8980.000000 -0.118626 
75800.000000 -8898.000000 -0.117388 
75900.000000 -8886.000000 -0.117075 
76000.000000 -8844.000000 -0.116368 
76100.000000 -8798.000000 -0.115611 
76200.000000 -8768.000000 -0.115066 
76300.000000 -8688.000000 -0.113866 
76400.000000 -8640.000000 -0.113089 
76500.000000 -8540.000000 -0.111634 
76600.000000 -8474.000000 -0.110627 
76700.000000 -8394.000000 -0.109439 
76800.000000 -8320.000000 -0.108333 
76900.000000 -8224.000000 -0.106944 
77000.000000 -8158.000000 -0.105948 
77100.000000 -8116.000000 -0.105266 
77200.000000 -8064.000000 -0.104456 
77300.000000 -7986.000000 -0.103312 
77400.000000 -7896.000000 -0.102016 
77500.000000 -7832.000000 -0.101058 
77600.000000 -7828.000000 -0.100876 
77700.000000 -7770.000000 -0.100000 
77800.000000 -7706.000000 -0.099049 
77900.000000 -7704.000000 -0.098896 
78000.000000 -7642.000000 -0.097974 
78100.000000 -7610.000000 -0.097439 
78200.000000 -7594.000000 -0.097110 
78300.000000 -7516.000000 -0.095990 
78400.000000 -7494.000000 -0.095587 
78500.000000 -7438.000000 -0.094752 
78600.000000 -7412.000000 -0.094300 
78700.000000 -7318.000000 -0.092986 
78800.000000 -7260.000000 -0.092132 
78900.000000 -7172.000000 -0.090900 
79000.000000 -7082.000000 -0.089646 
79100.000000 -6996.000000 -0.088445 
79200.000000 -6938.000000 -0.087601 
79300.000000 -6852.000000 -0.086406 
79400.000000 -6820.000000 -0.085894 
79500.000000 -6742.000000 -0.084805 
79600.000000 -6668.000000 -0.083769 
79700.000000 -6582.000000 -0.082585 
79800.000000 -6496.000000 -0.081404 
79900.000000 -6442.000000 -0.080626 
80000.000000 -6382.000000 -0.079775 
80100.000000 -6338.000000 -0.079126 
80200.000000 -6252.000000 -0.077955 
80300.000000 -6166.000000 -0.076787 
80400.000000 -6100.000000 -0.075871 
80500.000000 -6010.000000 -0.074658 
80600.000000 -5928.000000 -0.073548 
80700.000000 -5858.000000 -0.072590 
80800.000000 -5796.000000 -0.071733 
80900.000000 -5744.000000 -0.071001 
81000.000000 -5692.000000 -0.070272 
81100.000000 -5618.000000 -0.069273 
81200.000000 -5596.000000 -0.068916 
81300.000000 -5526.000000 -0.067970 
81400.000000 -5438.000000 -0.066806 
81500.000000 -5368.000000 -0.065865 
81600.000000 -5302.000000 -0.064975 
81700.000000 -5236.000000 -0.064088 
81800.000000 -5188.000000 -0.063423 
81900.000000 -5122.000000 -0.062540 
82000.000000 -5050.000000 -0.061585 
82100.000000 -4976.000000 -0.060609 
82200.000000 -4960.000000 -0.060341 
82300.000000 -4896.000000 -0.059490 
82400.000000 -4828.000000 -0.058592 
82500.000000 -4758.000000 -0.057673 
82600.000000 -4704.000000 -0.056949 
82700.000000 -4604.000000 -0.055671 
82800.000000 -4538.000000 -0.054807 
82900.000000 -4464.000000 -0.053848 
83000.000000 -4396.000000 -0.052964 
83100.000000 -4338.000000 -0.052202 
83200.000000 -4288.000000 -0.051538 
83300.000000 -4222.000000 -0.050684 
83400.000000 -4198.000000 -0.050336 
83500.000000 -4168.000000 -0.049916 
83600.000000 -4132.000000 -0.049426 
83700.000000 -4098.000000 -0.048961 
83800.000000 -4034.000000 -0.048138 
83900.000000 -3972.000000 -0.047342 
84000.000000 -3910.000000 -0.046548 
84100.000000 -3852.000000 -0.045803 
84200.000000 -3770.000000 -0.044774 
84300.000000 -3732.000000 -0.044270 
84400.000000 -3690.000000 -0.043720 
84500.000000 -3620.000000 -0.042840 
84600.000000 -3560.000000 -0.042080 
84700.000000 -3508.000000 -0.041417 
84800.000000 -3466.000000 -0.040873 
84900.000000 -3376.000000 -0.039764 
85000.000000 -3356.000000 -0.039482 
85100.000000 -3310.000000 -0.038895 
85200.000000 -3260.000000 -0.038263 
85300.000000 -3236.000000 -0.037937 
85400.000000 -3186.000000 -0.037307 
85500.000000 -3112.000000 -0.036398 
85600.000000 -3012.000000 -0.035187 
85700.000000 -2962.000000 -0.034562 
85800.000000 -2892.000000 -0.033706 
85900.000000 -2816.000000 -0.032782 
86000.000000 -2754.000000 -0.032023 
86100.000000 -2694.000000 -0.031289 
86200.000000 -2626.000000 -0.030464 
86300.000000 -2558.000000 -0.029641 
86400.000000 -2500.000000 -0.028935 
86500.000000 -2460.000000 -0.028439 
86600.000000 -2360.000000 -0.027252 
86700.000000 -2292.000000 -0.026436 
86800.000000 -2222.000000 -0.025599 
86900.000000 -2224.000000 -0.025593 
87000.000000 -2224.000000 -0.025563 
87100.000000 -2260.000000 -0.025947 
87200.000000 -2322.000000 -0.026628 
87300.000000 -2318.000000 -0.026552 
87400.000000 -2320.000000 -0.026545 
87500.000000 -2288.000000 -0.026149 
87600.000000 -2300.000000 -0.026256 
87700.000000 -2270.000000 -0.025884 
87800.000000 -2344.000000 -0.026697 
87900.000000 -2420.000000 -0.027531 
88000.000000 -2494.000000 -0.028341 
88100.000000 -2566.000000 -0.029126 
88200.000000 -2628.000000 -0.029796 
88300.000000 -2692.000000 -0.030487 
88400.000000 -2750.000000 -0.031109 
88500.000000 -2814.000000 -0.031797 
88600.000000 -2876.000000 -0.032460 
88700.000000 -2922.000000 -0.032943 
88800.000000 -2964.000000 -0.033378 
88900.000000 -2982.000000 -0.033543 
89000.000000 -3030.000000 -0.034045 
89100.000000 -3024.000000 -0.033939 
89200.000000 -3036.000000 -0.034036 
89300.000000 -3066.000000 -0.034334 
89400.000000 -3026.000000 -0.033848 
89500.000000 -3054.000000 -0.034123 
89600.000000 -3094.000000 -0.034531 
89700.000000 -3110.000000 -0.034671 
89800.000000 -3098.000000 -0.034499 
89900.000000 -3168.000000 -0.035239 
90000.000000 -3142.000000 -0.034911 
90100.000000 -3184.000000 -0.035339 
90200.000000 -3194.000000 -0.035410 
90300.000000 -3216.000000 -0.035615 
90400.000000 -3316.000000 -0.036681 
90500.000000 -3416.000000 -0.037746 
90600.000000 -3444.000000 -0.038013 
90700.000000 -3452.000000 -0.038060 
90800.000000 -3514.000000 -0.038700 
90900.000000 -3608.000000 -0.039692 
91000.000000 -3706.000000 -0.040725 
91100.000000 -3738.000000 -0.041032 
91200.000000 -3808.000000 -0.041754 
91300.000000 -3884.000000 -0.042541 
91400.000000 -3842.000000 -0.042035 
91500.000000 -3880.000000 -0.042404 
91600.000000 -3966.000000 -0.043297 
91700.000000 -3866.000000 -0.042159 
91800.000000 -3858.000000 -0.042026 
91900.000000 -3918.000000 -0.042633 
92000.000000 -3862.000000 -0.041978 
92100.000000 -3818.000000 -0.041455 
92200.000000 -3882.000000 -0.042104 
92300.000000 -3886.000000 -0.042102 
92400.000000 -3894.000000 -0.042143 
92500.000000 -3832.000000 -0.041427 
92600.000000 -3732.000000 -0.040302 
92700.000000 -3682.000000 -0.039720 
92800.000000 -3618.000000 -0.038987 
92900.000000 -3576.000000 -0.038493 
93000.000000 -3534.000000 -0.038000 
93100.000000 -3484.000000 -0.037422 
93200.000000 -3450.000000 -0.037017 
93300.000000 -3450.000000 -0.036977 
93400.000000 -3382.000000 -0.036210 
93500.000000 -3300.000000 -0.035294 
93600.000000 -3224.000000 -0.034444 
93700.000000 -3168.000000 -0.033810 
93800.000000 -3174.000000 -0.033838 
93900.000000 -3128.000000 -0.033312 
94000.000000 -3052.000000 -0.032468 
94100.000000 -2972.000000 -0.031583 
94200.000000 -2882.000000 -0.030594 
94300.000000 -2814.000000 -0.029841 
94400.000000 -2740.000000 -0.029025 
94500.000000 -2664.000000 -0.028190 
94600.000000 -2566.000000 -0.027125 
94700.000000 -2500.000000 -0.026399 
94800.000000 -2428.000000 -0.025612 
94900.000000 -2364.000000 -0.024910 
95000.000000 -2292.000000 -0.024126 
95100.000000 -2218.000000 -0.023323 
95200.000000 -2140.000000 -0.022479 
95300.000000 -2076.000000 -0.021784 
95400.000000 -2006.000000 -0.021027 
95500.000000 -1920.000000 -0.020105 
95600.000000 -1826.000000 -0.019100 
95700.000000 -1788.000000 -0.018683 
95800.000000 -1738.000000 -0.018142 
95900.000000 -1648.000000 -0.017185 
96000.000000 -1612.000000 -0.016792 
96100.000000 -1526.000000 -0.015879 
96200.000000 -1442.000000 -0.014990 
96300.000000 -1354.000000 -0.014060 
96400.000000 -1294.000000 -0.013423 
96500.000000 -1210.000000 -0.012539 
96600.000000 -1158.000000 -0.011988 
96700.000000 -1092.000000 -0.011293 
96800.000000 -1006.000000 -0.010393 
96900.000000 -914.000000 -0.009432 
97000.000000 -824.000000 -0.008495 
97100.000000 -748.000000 -0.007703 
97200.000000 -656.000000 -0.006749 
97300.000000 -604.000000 -0.006208 
97400.000000 -520.000000 -0.005339 
97500.000000 -454.000000 -0.004656 
97600.000000 -374.000000 -0.003832 
97700.000000 -286.000000 -0.002927 
97800.000000 -192.000000 -0.001963 
97900.000000 -110.000000 -0.001124 
98000.000000 -26.000000 -0.000265 
98100.000000 42.000000 0.000428 
98200.000000 134.000000 0.001365 
98300.000000 204.000000 0.002075 
98400.000000 284.000000 0.002886 
98500.000000 358.000000 0.003635 
98600.000000 426.000000 0.004320 
98700.000000 494.000000 0.005005 
98800.000000 524.000000 0.005304 
98900.000000 602.000000 0.006087 
99000.000000 688.000000 0.006949 
99100.000000 784.000000 0.007911 
99200.000000 882.000000 0.008891 
99300.000000 926.000000 0.009325 
99400.000000 1010.000000 0.010161 
99500.000000 1110.000000 0.011156 
99600.000000 1192.000000 0.011968 
99700.000000 1266.000000 0.012698 
99800.000000 1310.000000 0.013126 
99900.000000 1362.000000 0.013634 
100000.000000 1432.000000 0.014320 
100100.000000 1514.000000 0.015125 
100200.000000 1614.000000 0.016108 
100300.000000 1648.000000 0.016431 
100400.000000 1748.000000 0.017410 
100500.000000 1834.000000 0.018249 
100600.000000 1934.000000 0.019225 
100700.000000 2034.000000 0.020199 
100800.000000 2106.000000 0.020893 
100900.000000 2200.000000 0.021804 
101000.000000 2290.000000 0.022673 
101100.000000 2364.000000 0.023383 
101200.000000 2432.000000 0.024032 
101300.000000 2510.000000 0.024778 
101400.000000 2610.000000 0.025740 
101500.000000 2702.000000 0.026621 
101600.000000 2802.000000 0.027579 
101700.000000 2900.000000 0.028515 
101800.000000 2916.000000 0.028644 
101900.000000 2962.000000 0.029068 
102000.000000 2970.000000 0.029118 
102100.000000 2870.000000 0.028110 
102200.000000 2778.000000 0.027182 
102300.000000 2788.000000 0.027253 
102400.000000 2760.000000 0.026953 
102500.000000 2766.000000 0.026985 
102600.000000 2774.000000 0.027037 
102700.000000 2766.000000 0.026933 
102800.000000 2792.000000 0.027160 
102900.000000 2816.000000 0.027366 
103000.000000 2834.000000 0.027515 
103100.000000 2864.000000 0.027779 
103200.000000 2894.000000 0.028043 
103300.000000 2862.000000 0.027706 
103400.000000 2918.000000 0.028221 
103500.000000 2950.000000 0.028502 
103600.000000 3012.000000 0.029073 
103700.000000 3026.000000 0.029180 
103800.000000 3032.000000 0.029210 
103900.000000 3032.000000 0.029182 
104000.000000 3046.000000 0.029288 
104100.000000 3056.000000 0.029356 
104200.000000 3010.000000 0.028887 
104300.000000 2916.000000 0.027958 
104400.000000 2836.000000 0.027165 
104500.000000 2736.000000 0.026182 
104600.000000 2660.000000 0.025430 
104700.000000 2734.000000 0.026113 
104800.000000 2634.000000 0.025134 
104900.000000 2536.000000 0.024175 
105000.000000 2436.000000 0.023200 
105100.000000 2336.000000 0.022226 
105200.000000 2270.000000 0.021578 
105300.000000 2192.000000 0.020817 
105400.000000 2092.000000 0.019848 
105500.000000 1992.000000 0.018882 
105600.000000 1892.000000 0.017917 
105700.000000 1792.000000 0.016954 
105800.000000 1744.000000 0.016484 
105900.000000 1748.000000 0.016506 
106000.000000 1648.000000 0.015547 
106100.000000 1564.000000 0.014741 
106200.000000 1482.000000 0.013955 
106300.000000 1398.000000 0.013151 
106400.000000 1300.000000 0.012218 
106500.000000 1246.000000 0.011700 
106600.000000 1180.000000 0.011069 
106700.000000 1090.000000 0.010216 
106800.000000 1012.000000 0.009476 
106900.000000 986.000000 0.009224 
107000.000000 914.000000 0.008542 
107100.000000 832.000000 0.007768 
107200.000000 742.000000 0.006922 
107300.000000 664.000000 0.006188 
107400.000000 586.000000 0.005456 
107500.000000 486.000000 0.004521 
107600.000000 386.000000 0.003587 
107700.000000 286.000000 0.002656 
107800.000000 186.000000 0.001725 
107900.000000 86.000000 0.000797 
108000.000000 20.000000 0.000185 
108100.000000 -80.000000 -0.000740 
108200.000000 -158.000000 -0.001460 
108300.000000 -258.000000 -0.002382 
108400.000000 -324.000000 -0.002989 
108500.000000 -420.000000 -0.003871 
108600.000000 -484.000000 -0.004457 
108700.000000 -584.000000 -0.005373 
108800.000000 -680.000000 -0.006250 
108900.000000 -720.000000 -0.006612 
109000.000000 -726.000000 -0.006661 
109100.000000 -740.000000 -0.006783 
109200.000000 -738.000000 -0.006758 
109300.000000 -808.000000 -0.007392 
109400.000000 -818.000000 -0.007477 
109500.000000 -814.000000 -0.007434 
109600.000000 -868.000000 -0.007920 
109700.000000 -848.000000 -0.007730 
109800.000000 -870.000000 -0.007923 
109900.000000 -944.000000 -0.008590 
110000.000000 -910.000000 -0.008273 
110100.000000 -820.000000 -0.007448 
110200.000000 -876.000000 -0.007949 
110300.000000 -952.000000 -0.008631 
110400.000000 -982.000000 -0.008895 
110500.000000 -1076.000000 -0.009738 
110600.000000 -1140.000000 -0.010307 
110700.000000 -1160.000000 -0.010479 
110800.000000 -1258.000000 -0.011354 
110900.000000 -1294.000000 -0.011668 
111000.000000 -1254.000000 -0.011297 
111100.000000 -1254.000000 -0.011287 
111200.000000 -1316.000000 -0.011835 
111300.000000 -1320.000000 -0.011860 
111400.000000 -1284.000000 -0.011526 
111500.000000 -1298.000000 -0.011641 
111600.000000 -1342.000000 -0.012025 
111700.000000 -1378.000000 -0.012337 
111800.000000 -1478.000000 -0.013220 
111900.000000 -1558.000000 -0.013923 
112000.000000 -1658.000000 -0.014804 
112100.000000 -1672.000000 -0.014915 
112200.000000 -1702.000000 -0.015169 
112300.000000 -1784.000000 -0.015886 
112400.000000 -1848.000000 -0.016441 
112500.000000 -1880.000000 -0.016711 
112600.000000 -1974.000000 -0.017531 
112700.000000 -1972.000000 -0.017498 
112800.000000 -1968.000000 -0.017447 
112900.000000 -1992.000000 -0.017644 
113000.000000 -1980.000000 -0.017522 
113100.000000 -2034.000000 -0.017984 
113200.000000 -2092.000000 -0.018481 
113300.000000 -2090.000000 -0.018447 
113400.000000 -2096.000000 -0.018483 
113500.000000 -2092.000000 -0.018432 
113600.000000 -2080.000000 -0.018310 
113700.000000 -2064.000000 -0.018153 
113800.000000 -2058.000000 -0.018084 
113900.000000 -2022.000000 -0.017752 
114000.000000 -2092.000000 -0.018351 
114100.000000 -2192.000000 -0.019211 
114200.000000 -2292.000000 -0.020070 
114300.000000 -2392.000000 -0.020927 
114400.000000 -2482.000000 -0.021696 
114500.000000 -2508.000000 -0.021904 
114600.000000 -2552.000000 -0.022269 
114700.000000 -2606.000000 -0.022720 
114800.000000 -2610.000000 -0.022735 
114900.000000 -2568.000000 -0.022350 
115000.000000 -2528.000000 -0.021983 
115100.000000 -2536.000000 -0.022033 
115200.000000 -2556.000000 -0.022187 
115300.000000 -2586.000000 -0.022428 
115400.000000 -2584.000000 -0.022392 
115500.000000 -2618.000000 -0.022667 
115600.000000 -2666.000000 -0.023062 
115700.000000 -2642.000000 -0.022835 
115800.000000 -2622.000000 -0.022642 
115900.000000 -2546.000000 -0.021967 
116000.000000 -2542.000000 -0.021914 
116100.000000 -2486.000000 -0.021413 
116200.000000 -2414.000000 -0.020775 
116300.000000 -2422.000000 -0.020825 
116400.000000 -2484.000000 -0.021340 
116500.000000 -2400.000000 -0.020601 
116600.000000 -2450.000000 -0.021012 
116700.000000 -2490.000000 -0.021337 
116800.000000 -2466.000000 -0.021113 
116900.000000 -2496.000000 -0.021352 
117000.000000 -2536.000000 -0.021675 
117100.000000 -2526.000000 -0.021571 
117200.000000 -2510.000000 -0.021416 
117300.000000 -2500.000000 -0.021313 
117400.000000 -2494.000000 -0.021244 
117500.000000 -2594.000000 -0.022077 
117600.000000 -2694.000000 -0.022908 
117700.000000 -2686.000000 -0.022821 
117800.000000 -2734.000000 -0.023209 
117900.000000 -2720.000000 -0.023070 
118000.000000 -2678.000000 -0.022695 
118100.000000 -2664.000000 -0.022557 
118200.000000 -2632.000000 -0.022267 
118300.000000 -2662.000000 -0.022502 
118400.000000 -2716.000000 -0.022939 
118500.000000 -2684.000000 -0.022650 
118600.000000 -2620.000000 -0.022091 
118700.000000 -2590.000000 -0.021820 
118800.000000 -2550.000000 -0.021465 
118900.000000 -2494.000000 -0.020976 
119000.000000 -2444.000000 -0.020538 
119100.000000 -2470.000000 -0.020739 
119200.000000 -2448.000000 -0.020537 
119300.000000 -2358.000000 -0.019765 
119400.000000 -2386.000000 -0.019983 
119500.000000 -2424.000000 -0.020285 
119600.000000 -2482.000000 -0.020753 
119700.000000 -2582.000000 -0.021571 
119800.000000 -2680.000000 -0.022371 
119900.000000 -2638.000000 -0.022002 
120000.000000 -2594.000000 -0.021617 
120100.000000 -2606.000000 -0.021699 
120200.000000 -2680.000000 -0.022296 
120300.000000 -2632.000000 -0.021879 
120400.000000 -2678.000000 -0.022243 
120500.000000 -2758.000000 -0.022888 
120600.000000 -2744.000000 -0.022753 
120700.000000 -2770.000000 -0.022949 
120800.000000 -2794.000000 -0.023129 
120900.000000 -2774.000000 -0.022945 
121000.000000 -2722.000000 -0.022496 
121100.000000 -2764.000000 -0.022824 
121200.000000 -2782.000000 -0.022954 
121300.000000 -2794.000000 -0.023034 
121400.000000 -2838.000000 -0.023377 
121500.000000 -2852.000000 -0.023473 
121600.000000 -2878.000000 -0.023668 
121700.000000 -2846.000000 -0.023385 
121800.000000 -2798.000000 -0.022972 
121900.000000 -2834.000000 -0.023249 
122000.000000 -2828.000000 -0.023180 
122100.000000 -2814.000000 -0.023047 
122200.000000 -2790.000000 -0.022831 
122300.000000 -2758.000000 -0.022551 
122400.000000 -2664.000000 -0.021765 
122500.000000 -2584.000000 -0.021094 
122600.000000 -2558.000000 -0.020865 
122700.000000 -2506.000000 -0.020424 
122800.000000 -2484.000000 -0.020228 
122900.000000 -2444.000000 -0.019886 
123000.000000 -2420.000000 -0.019675 
123100.000000 -2370.000000 -0.019253 
123200.000000 -2378.000000 -0.019302 
123300.000000 -2394.000000 -0.019416 
123400.000000 -2378.000000 -0.019271 
123500.000000 -2416.000000 -0.019563 
123600.000000 -2332.000000 -0.018867 
123700.000000 -2262.000000 -0.018286 
123800.000000 -2194.000000 -0.017722 
123900.000000 -2130.000000 -0.017191 
124000.000000 -2050.000000 -0.016532 
124100.000000 -2008.000000 -0.016181 
124200.000000 -1938.000000 -0.015604 
124300.000000 -1860.000000 -0.014964 
124400.000000 -1786.000000 -0.014357 
124500.000000 -1744.000000 -0.014008 
124600.000000 -1678.000000 -0.013467 
124700.000000 -1586.000000 -0.012719 
124800.000000 -1512.000000 -0.012115 
124900.000000 -1460.000000 -0.011689 
125000.000000 -1392.000000 -0.011136 
125100.000000 -1398.000000 -0.011175 
125200.000000 -1326.000000 -0.010591 
125300.000000 -1244.000000 -0.009928 
125400.000000 -1170.000000 -0.009330 
125500.000000 -1070.000000 -0.008526 
125600.000000 -970.000000 -0.007723 
125700.000000 -890.000000 -0.007080 
125800.000000 -816.000000 -0.006486 
125900.000000 -730.000000 -0.005798 
126000.000000 -652.000000 -0.005175 
126100.000000 -696.000000 -0.005519 
126200.000000 -664.000000 -0.005261 
126300.000000 -602.000000 -0.004766 
126400.000000 -544.000000 -0.004304 
126500.000000 -514.000000 -0.004063 
126600.000000 -438.000000 -0.003460 
126700.000000 -390.000000 -0.003078 
126800.000000 -326.000000 -0.002571 
126900.000000 -268.000000 -0.002112 
127000.000000 -194.000000 -0.001528 
127100.000000 -122.000000 -0.000960 
127200.000000 -34.000000 -0.000267 
127300.000000 52.000000 0.000408 
127400.000000 90.000000 0.000706 
127500.000000 154.000000 0.001208 
127600.000000 240.000000 0.001881 
127700.000000 326.000000 0.002553 
127800.000000 416.000000 0.003255 
127900.000000 476.000000 0.003722 
128000.000000 536.000000 0.004188 
128100.000000 634.000000 0.004949 
128200.000000 644.000000 0.005023 
128300.000000 678.000000 0.005284 
128400.000000 670.000000 0.005218 
128500.000000 720.000000 0.005603 
128600.000000 750.000000 0.005832 
128700.000000 832.000000 0.006465 
128800.000000 852.000000 0.006615 
128900.000000 910.000000 0.007060 
129000.000000 964.000000 0.007473 
129100.000000 1056.000000 0.008180 
129200.000000 1122.000000 0.008684 
129300.000000 1070.000000 0.008275 
129400.000000 1128.000000 0.008717 
129500.000000 1152.000000 0.008896 
129600.000000 1210.000000 0.009336 
129700.000000 1272.000000 0.009807 
129800.000000 1294.000000 0.009969 
129900.000000 1316.000000 0.010131 
130000.000000 1408.000000 0.010831 
130100.000000 1464.000000 0.011253 
130200.000000 1494.000000 0.011475 
130300.000000 1516.000000 0.011635 
130400.000000 1594.000000 0.012224 
130500.000000 1616.000000 0.012383 
130600.000000 1694.000000 0.012971 
130700.000000 1766.000000 0.013512 
130800.000000 1838.000000 0.014052 
130900.000000 1910.000000 0.014591 
131000.000000 1970.000000 0.015038 
131100.000000 1936.000000 0.014767 
131200.000000 1964.000000 0.014970 
131300.000000 2034.000000 0.015491 
131400.000000 2082.000000 0.015845 
131500.000000 2172.000000 0.016517 
131600.000000 2232.000000 0.016960 
131700.000000 2288.000000 0.017373 
131800.000000 2324.000000 0.017633 
131900.000000 2306.000000 0.017483 
132000.000000 2314.000000 0.017530 
132100.000000 2362.000000 0.017880 
132200.000000 2404.000000 0.018185 
132300.000000 2454.000000 0.018549 
132400.000000 2456.000000 0.018550 
132500.000000 2496.000000 0.018838 
132600.000000 2552.000000 0.019246 
132700.000000 2628.000000 0.019804 
132800.000000 2674.000000 0.020136 
132900.000000 2724.000000 0.020497 
133000.000000 2784.000000 0.020932 
133100.000000 2876.000000 0.021608 
133200.000000 2912.000000 0.021862 
133300.000000 2984.000000 0.022386 
133400.000000 3046.000000 0.022834 
133500.000000 3128.000000 0.023431 
133600.000000 3192.000000 0.023892 
133700.000000 3184.000000 0.023815 
133800.000000 3264.000000 0.024395 
133900.000000 3322.000000 0.024810 
134000.000000 3386.000000 0.025269 
134100.000000 3450.000000 0.025727 
134200.000000 3524.000000 0.026259 
134300.000000 3596.000000 0.026776 
134400.000000 3662.000000 0.027247 
134500.000000 3752.000000 0.027896 
134600.000000 3826.000000 0.028425 
134700.000000 3910.000000 0.029027 
134800.000000 3994.000000 0.029629 
134900.000000 4060.000000 0.030096 
135000.000000 4160.000000 0.030815 
135100.000000 4232.000000 0.031325 
135200.000000 4312.000000 0.031893 
135300.000000 4408.000000 0.032579 
135400.000000 4492.000000 0.033176 
135500.000000 4582.000000 0.033815 
135600.000000 4660.000000 0.034366 
135700.000000 4754.000000 0.035033 
135800.000000 4838.000000 0.035626 
135900.000000 4934.000000 0.036306 
136000.000000 5026.000000 0.036956 
136100.000000 5056.000000 0.037149 
136200.000000 5146.000000 0.037783 
136300.000000 5220.000000 0.038298 
136400.000000 5312.000000 0.038944 
136500.000000 5388.000000 0.039473 
136600.000000 5482.000000 0.040132 
136700.000000 5570.000000 0.040746 
136800.000000 5652.000000 0.041316 
136900.000000 5748.000000 0.041987 
137000.000000 5838.000000 0.042613 
137100.000000 5930.000000 0.043253 
137200.000000 5986.000000 0.043630 
137300.000000 6086.000000 0.044326 
137400.000000 6170.000000 0.044905 
137500.000000 6238.000000 0.045367 
137600.000000 6316.000000 0.045901 
137700.000000 6412.000000 0.046565 
137800.000000 6496.000000 0.047141 
137900.000000 6596.000000 0.047832 
138000.000000 6684.000000 0.048435 
138100.000000 6768.000000 0.049008 
138200.000000 6848.000000 0.049551 
138300.000000 6936.000000 0.050152 
138400.000000 7012.000000 0.050665 
138500.000000 7070.000000 0.051047 
138600.000000 7144.000000 0.051544 
138700.000000 7220.000000 0.052055 
138800.000000 7318.000000 0.052723 
138900.000000 7418.000000 0.053405 
139000.000000 7510.000000 0.054029 
139100.000000 7602.000000 0.054651 
139200.000000 7702.000000 0.055330 
139300.000000 7746.000000 0.055607 
139400.000000 7844.000000 0.056270 
139500.000000 7930.000000 0.056846 
139600.000000 8028.000000 0.057507 
139700.000000 8094.000000 0.057938 
139800.000000 8184.000000 0.058541 
139900.000000 8216.000000 0.058728 
140000.000000 8284.000000 0.059171 
140100.000000 8350.000000 0.059600 
140200.000000 8424.000000 0.060086 
140300.000000 8480.000000 0.060442 
140400.000000 8550.000000 0.060897 
140500.000000 8632.000000 0.061438 
140600.000000 8732.000000 0.062105 
140700.000000 8832.000000 0.062772 
140800.000000 8914.000000 0.063310 
140900.000000 8996.000000 0.063847 
141000.000000 9090.000000 0.064468 
141100.000000 9190.000000 0.065131 
141200.000000 9278.000000 0.065708 
141300.000000 9378.000000 0.066369 
141400.000000 9450.000000 0.066832 
141500.000000 9528.000000 0.067336 
141600.000000 9626.000000 0.067980 
141700.000000 9718.000000 0.068582 
141800.000000 9806.000000 0.069154 
141900.000000 9902.000000 0.069782 
142000.000000 9994.000000 0.070380 
142100.000000 10078.000000 0.070922 
142200.000000 10174.000000 0.071547 
142300.000000 10268.000000 0.072157 
142400.000000 10366.000000 0.072795 
142500.000000 10466.000000 0.073446 
142600.000000 10564.000000 0.074081 
142700.000000 10648.000000 0.074618 
142800.000000 10736.000000 0.075182 
142900.000000 10808.000000 0.075633 
143000.000000 10906.000000 0.076266 
143100.000000 10996.000000 0.076841 
143200.000000 11078.000000 0.077360 
143300.000000 11166.000000 0.077920 
143400.000000 11258.000000 0.078508 
143500.000000 11338.000000 0.079010 
143600.000000 11438.000000 0.079652 
143700.000000 11538.000000 0.080292 
143800.000000 11634.000000 0.080904 
143900.000000 11728.000000 0.081501 
144000.000000 11816.000000 0.082056 
144100.000000 11902.000000 0.082595 
144200.000000 12000.000000 0.083218 
144300.000000 12094.000000 0.083812 
144400.000000 12184.000000 0.084377 
144500.000000 12266.000000 0.084886 
144600.000000 12350.000000 0.085408 
144700.000000 12432.000000 0.085916 
144800.000000 12520.000000 0.086464 
144900.000000 12618.000000 0.087081 
145000.000000 12700.000000 0.087586 
145100.000000 12800.000000 0.088215 
145200.000000 12888.000000 0.088760 
145300.000000 12988.000000 0.089387 
145400.000000 13082.000000 0.089972 
145500.000000 13182.000000 0.090598 
145600.000000 13268.000000 0.091126 
145700.000000 13332.000000 0.091503 
145800.000000 13402.000000 0.091920 
145900.000000 13502.000000 0.092543 
146000.000000 13594.000000 0.093110 
146100.000000 13660.000000 0.093498 
146200.000000 13760.000000 0.094118 
146300.000000 13858.000000 0.094723 
146400.000000 13956.000000 0.095328 
146500.000000 14040.000000 0.095836 
146600.000000 14132.000000 0.096398 
146700.000000 14212.000000 0.096878 
146800.000000 14312.000000 0.097493 
146900.000000 14386.000000 0.097931 
147000.000000 14444.000000 0.098259 
147100.000000 14524.000000 0.098736 
147200.000000 14616.000000 0.099293 
147300.000000 14634.000000 0.099348 
147400.000000 14692.000000 0.099674 
147500.000000 14748.000000 0.099986 
147600.000000 14828.000000 0.100461 
147700.000000 14888.000000 0.100799 
147800.000000 14980.000000 0.101353 
147900.000000 15030.000000 0.101623 
148000.000000 15126.000000 0.102203 
148100.000000 15204.000000 0.102660 
148200.000000 15298.000000 0.103225 
148300.000000 15380.000000 0.103709 
148400.000000 15448.000000 0.104097 
148500.000000 15542.000000 0.104660 
148600.000000 15630.000000 0.105182 
148700.000000 15708.000000 0.105636 
148800.000000 15794.000000 0.106142 
148900.000000 15892.000000 0.106729 
149000.000000 15988.000000 0.107302 
149100.000000 16074.000000 0.107807 
149200.000000 16174.000000 0.108405 
149300.000000 16272.000000 0.108989 
149400.000000 16368.000000 0.109558 
149500.000000 16452.000000 0.110047 
149600.000000 16552.000000 0.110642 
149700.000000 16652.000000 0.111236 
149800.000000 16744.000000 0.111776 
149900.000000 16838.000000 0.112328 
150000.000000 16900.000000 0.112667 
150100.000000 16988.000000 0.113178 
150200.000000 17074.000000 0.113675 
150300.000000 17166.000000 0.114212 
150400.000000 17262.000000 0.114774 
150500.000000 17338.000000 0.115203 
150600.000000 17426.000000 0.115710 
150700.000000 17498.000000 0.116111 
150800.000000 17566.000000 0.116485 
150900.000000 17646.000000 0.116938 
151000.000000 17742.000000 0.117497 
151100.000000 17836.000000 0.118041 
151200.000000 17922.000000 0.118532 
151300.000000 18008.000000 0.119022 
151400.000000 18104.000000 0.119577 
151500.000000 18184.000000 0.120026 
151600.000000 18274.000000 0.120541 
151700.000000 18368.000000 0.121081 
151800.000000 18468.000000 0.121660 
151900.000000 18542.000000 0.122067 
152000.000000 18632.000000 0.122579 
152100.000000 18718.000000 0.123064 
152200.000000 18790.000000 0.123456 
152300.000000 18844.000000 0.123729 
152400.000000 18898.000000 0.124003 
152500.000000 18974.000000 0.124420 
152600.000000 19058.000000 0.124889 
152700.000000 19122.000000 0.125226 
152800.000000 19208.000000 0.125707 
152900.000000 19258.000000 0.125952 
153000.000000 19354.000000 0.126497 
153100.000000 19442.000000 0.126989 
153200.000000 19534.000000 0.127507 
153300.000000 19630.000000 0.128050 
153400.000000 19710.000000 0.128488 
153500.000000 19784.000000 0.128886 
153600.000000 19848.000000 0.129219 
153700.000000 19942.000000 0.129746 
153800.000000 20036.000000 0.130273 
153900.000000 20128.000000 0.130786 
154000.000000 20226.000000 0.131338 
154100.000000 20320.000000 0.131862 
154200.000000 20344.000000 0.131933 
154300.000000 20436.000000 0.132443 
154400.000000 20530.000000 0.132966 
154500.000000 20576.000000 0.133178 
154600.000000 20596.000000 0.133221 
154700.000000 20674.000000 0.133639 
154800.000000 20764.000000 0.134134 
154900.000000 20834.000000 0.134500 
155000.000000 20878.000000 0.134697 
155100.000000 20944.000000 0.135035 
155200.000000 20988.000000 0.135232 
155300.000000 20988.000000 0.135145 
155400.000000 21010.000000 0.135199 
155500.000000 21096.000000 0.135666 
155600.000000 21074.000000 0.135437 
155700.000000 21132.000000 0.135723 
155800.000000 21190.000000 0.136008 
155900.000000 21278.000000 0.136485 
156000.000000 21334.000000 0.136756 
156100.000000 21428.000000 0.137271 
156200.000000 21520.000000 0.137772 
156300.000000 21512.000000 0.137633 
156400.000000 21574.000000 0.137941 
156500.000000 21648.000000 0.138326 
156600.000000 21742.000000 0.138838 
156700.000000 21826.000000 0.139285 
156800.000000 21774.000000 0.138865 
156900.000000 21866.000000 0.139363 
157000.000000 21964.000000 0.139898 
157100.000000 22048.000000 0.140344 
157200.000000 22124.000000 0.140738 
157300.000000 22198.000000 0.141119 
157400.000000 22284.000000 0.141576 
157500.000000 22382.000000 0.142108 
157600.000000 22464.000000 0.142538 
157700.000000 22538.000000 0.142917 
157800.000000 22600.000000 0.143219 
157900.000000 22668.000000 0.143559 
158000.000000 22730.000000 0.143861 
158100.000000 22742.000000 0.143846 
158200.000000 22778.000000 0.143982 
158300.000000 22820.000000 0.144157 
158400.000000 22872.000000 0.144394 
158500.000000 22932.000000 0.144681 
158600.000000 23010.000000 0.145082 
158700.000000 23042.000000 0.145192 
158800.000000 23110.000000 0.145529 
158900.000000 23118.000000 0.145488 
159000.000000 23212.000000 0.145987 
159100.000000 23290.000000 0.146386 
159200.000000 23338.000000 0.146595 
159300.000000 23394.000000 0.146855 
159400.000000 23420.000000 0.146926 
159500.000000 23428.000000 0.146884 
159600.000000 23386.000000 0.146529 
159700.000000 23400.000000 0.146525 
159800.000000 23466.000000 0.146846 
159900.000000 23528.000000 0.147142 
160000.000000 23598.000000 0.147488 
160100.000000 23698.000000 0.148020 
160200.000000 23720.000000 0.148065 
160300.000000 23798.000000 0.148459 
160400.000000 23856.000000 0.148728 
160500.000000 23852.000000 0.148611 
160600.000000 23802.000000 0.148207 
160700.000000 23852.000000 0.148426 
160800.000000 23914.000000 0.148719 
160900.000000 23994.000000 0.149124 
161000.000000 23968.000000 0.148870 
161100.000000 24020.000000 0.149100 
161200.000000 24086.000000 0.149417 
161300.000000 24064.000000 0.149188 
161400.000000 24100.000000 0.149318 
161500.000000 24072.000000 0.149053 
161600.000000 24142.000000 0.149394 
161700.000000 24234.000000 0.149870 
161800.000000 24296.000000 0.150161 
161900.000000 24348.000000 0.150389 
162000.000000 24406.000000 0.150654 
162100.000000 24488.000000 0.151067 
162200.000000 24528.000000 0.151221 
162300.000000 24538.000000 0.151189 
162400.000000 24586.000000 0.151392 
162500.000000 24588.000000 0.151311 
162600.000000 24550.000000 0.150984 
162700.000000 24450.000000 0.150277 
162800.000000 24350.000000 0.149570 
162900.000000 24250.000000 0.148864 
163000.000000 24150.000000 0.148160 
163100.000000 24114.000000 0.147848 
163200.000000 24202.000000 0.148297 
163300.000000 24246.000000 0.148475 
163400.000000 24308.000000 0.148764 
163500.000000 24350.000000 0.148930 
163600.000000 24328.000000 0.148704 
163700.000000 24342.000000 0.148699 
163800.000000 24314.000000 0.148437 
163900.000000 24360.000000 0.148627 
164000.000000 24286.000000 0.148085 
164100.000000 24208.000000 0.147520 
164200.000000 24174.000000 0.147223 
164300.000000 24262.000000 0.147669 
164400.000000 24248.000000 0.147494 
164500.000000 24234.000000 0.147319 
164600.000000 24180.000000 0.146902 
164700.000000 24094.000000 0.146290 
164800.000000 24024.000000 0.145777 
164900.000000 23978.000000 0.145409 
165000.000000 23906.000000 0.144885 
165100.000000 23832.000000 0.144349 
165200.000000 23806.000000 0.144104 
165300.000000 23706.000000 0.143412 
165400.000000 23680.000000 0.143168 
165500.000000 23620.000000 0.142719 
165600.000000 23540.000000 0.142150 
165700.000000 23468.000000 0.141629 
165800.000000 23420.000000 0.141255 
165900.000000 23344.000000 0.140711 
166000.000000 23278.000000 0.140229 
166100.000000 23200.000000 0.139675 
166200.000000 23118.000000 0.139097 
166300.000000 23040.000000 0.138545 
166400.000000 22986.000000 0.138137 
166500.000000 22900.000000 0.137538 
166600.000000 22828.000000 0.137023 
166700.000000 22734.000000 0.136377 
166800.000000 22658.000000 0.135839 
166900.000000 22748.000000 0.136297 
167000.000000 22726.000000 0.136084 
167100.000000 22672.000000 0.135679 
167200.000000 22590.000000 0.135108 
167300.000000 22508.000000 0.134537 
167400.000000 22416.000000 0.133907 
167500.000000 22316.000000 0.133230 
167600.000000 22270.000000 0.132876 
167700.000000 22200.000000 0.132379 
167800.000000 22132.000000 0.131895 
167900.000000 22054.000000 0.131352 
168000.000000 22022.000000 0.131083 
168100.000000 21934.000000 0.130482 
168200.000000 21834.000000 0.129810 
168300.000000 21734.000000 0.129138 
168400.000000 21734.000000 0.129062 
168500.000000 21686.000000 0.128700 
168600.000000 21612.000000 0.128185 
168700.000000 21558.000000 0.127789 
168800.000000 21474.000000 0.127216 
168900.000000 21402.000000 0.126714 
169000.000000 21336.000000 0.126249 
169100.000000 21248.000000 0.125653 
169200.000000 21148.000000 0.124988 
169300.000000 21056.000000 0.124371 
169400.000000 20982.000000 0.123861 
169500.000000 20916.000000 0.123398 
169600.000000 20910.000000 0.123290 
169700.000000 20840.000000 0.122805 
169800.000000 20780.000000 0.122379 
169900.000000 20718.000000 0.121942 
170000.000000 20628.000000 0.121341 
170100.000000 20554.000000 0.120835 
170200.000000 20462.000000 0.120223 
170300.000000 20380.000000 0.119671 
170400.000000 20284.000000 0.119038 
170500.000000 20216.000000 0.118569 
170600.000000 20134.000000 0.118019 
170700.000000 20034.000000 0.117364 
170800.000000 20026.000000 0.117248 
170900.000000 20094.000000 0.117578 
171000.000000 20076.000000 0.117404 
171100.000000 20018.000000 0.116996 
171200.000000 19966.000000 0.116624 
171300.000000 19934.000000 0.116369 
171400.000000 19886.000000 0.116021 
171500.000000 19850.000000 0.115743 
171600.000000 19792.000000 0.115338 
171700.000000 19760.000000 0.115084 
171800.000000 19724.000000 0.114808 
171900.000000 19744.000000 0.114857 
172000.000000 19688.000000 0.114465 
172100.000000 19694.000000 0.114433 
172200.000000 19686.000000 0.114321 
172300.000000 19586.000000 0.113674 
172400.000000 19654.000000 0.114002 
172500.000000 19642.000000 0.113867 
172600.000000 19600.000000 0.113557 
172700.000000 19558.000000 0.113248 
172800.000000 19544.000000 0.113102 
172900.000000 19534.000000 0.112979 
173000.000000 19548.000000 0.112994 
173100.000000 19556.000000 0.112975 
173200.000000 19504.000000 0.112610 
173300.000000 19480.000000 0.112406 
173400.000000 19486.000000 0.112376 
173500.000000 19474.000000 0.112242 
173600.000000 19438.000000 0.111970 
173700.000000 19476.000000 0.112124 
173800.000000 19398.000000 0.111611 
173900.000000 19378.000000 0.111432 
174000.000000 19290.000000 0.110862 
174100.000000 19262.000000 0.110638 
174200.000000 19210.000000 0.110276 
174300.000000 19182.000000 0.110052 
174400.000000 19202.000000 0.110103 
174500.000000 19210.000000 0.110086 
174600.000000 19168.000000 0.109782 
174700.000000 19216.000000 0.109994 
174800.000000 19266.000000 0.110217 
174900.000000 19294.000000 0.110314 
175000.000000 19236.000000 0.109920 
175100.000000 19196.000000 0.109629 
175200.000000 19222.000000 0.109715 
175300.000000 19322.000000 0.110222 
175400.000000 19304.000000 0.110057 
175500.000000 19268.000000 0.109789 
175600.000000 19168.000000 0.109157 
175700.000000 19190.000000 0.109220 
175800.000000 19230.000000 0.109386 
175900.000000 19246.000000 0.109414 
176000.000000 19300.000000 0.109659 
176100.000000 19364.000000 0.109960 
176200.000000 19420.000000 0.110216 
176300.000000 19418.000000 0.110142 
176400.000000 19386.000000 0.109898 
176500.000000 19464.000000 0.110278 
176600.000000 19496.000000 0.110396 
176700.000000 19512.000000 0.110424 
176800.000000 19540.000000 0.110520 
176900.000000 19516.000000 0.110322 
177000.000000 19544.000000 0.110418 
177100.000000 19624.000000 0.110807 
177200.000000 19558.000000 0.110372 
177300.000000 19656.000000 0.110863 
177400.000000 19708.000000 0.111094 
177500.000000 19744.000000 0.111234 
177600.000000 19776.000000 0.111351 
177700.000000 19828.000000 0.111581 
177800.000000 19904.000000 0.111946 
177900.000000 19952.000000 0.112153 
178000.000000 20040.000000 0.112584 
178100.000000 20120.000000 0.112970 
178200.000000 20182.000000 0.113255 
178300.000000 20250.000000 0.113573 
178400.000000 20270.000000 0.113621 
178500.000000 20336.000000 0.113927 
178600.000000 20434.000000 0.114412 
178700.000000 20438.000000 0.114370 
178800.000000 20446.000000 0.114351 
178900.000000 20520.000000 0.114701 
179000.000000 20566.000000 0.114894 
179100.000000 20606.000000 0.115053 
179200.000000 20634.000000 0.115145 
179300.000000 20706.000000 0.115482 
179400.000000 20750.000000 0.115663 
179500.000000 20758.000000 0.115643 
179600.000000 20812.000000 0.115880 
179700.000000 20818.000000 0.115849 
179800.000000 20882.000000 0.116140 
179900.000000 20870.000000 0.116009 
180000.000000 20900.000000 0.116111 
180100.000000 20938.000000 0.116258 
180200.000000 20952.000000 0.116271 
180300.000000 20982.000000 0.116373 
180400.000000 20994.000000 0.116375 
180500.000000 20950.000000 0.116066 
180600.000000 20926.000000 0.115869 
180700.000000 20976.000000 0.116082 
180800.000000 21024.000000 0.116283 
180900.000000 21034.000000 0.116274 
181000.000000 21054.000000 0.116320 
181100.000000 21110.000000 0.116565 
181200.000000 21190.000000 0.116943 
181300.000000 21248.000000 0.117198 
181400.000000 21284.000000 0.117332 
181500.000000 21264.000000 0.117157 
181600.000000 21330.000000 0.117456 
181700.000000 21370.000000 0.117611 
181800.000000 21440.000000 0.117932 
181900.000000 21540.000000 0.118417 
182000.000000 21538.000000 0.118341 
182100.000000 21580.000000 0.118506 
182200.000000 21612.000000 0.118617 
182300.000000 21684.000000 0.118947 
182400.000000 21730.000000 0.119134 
182500.000000 21772.000000 0.119299 
182600.000000 21824.000000 0.119518 
182700.000000 21890.000000 0.119814 
182800.000000 21958.000000 0.120120 
182900.000000 21978.000000 0.120164 
183000.000000 22040.000000 0.120437 
183100.000000 22138.000000 0.120907 
183200.000000 22188.000000 0.121114 
183300.000000 22220.000000 0.121222 
183400.000000 22224.000000 0.121178 
183500.000000 22138.000000 0.120643 
183600.000000 22164.000000 0.120719 
183700.000000 22138.000000 0.120512 
183800.000000 22206.000000 0.120816 
183900.000000 22198.000000 0.120707 
184000.000000 22148.000000 0.120370 
184100.000000 22138.000000 0.120250 
184200.000000 22102.000000 0.119989 
184300.000000 22094.000000 0.119881 
184400.000000 22110.000000 0.119902 
184500.000000 22148.000000 0.120043 
184600.000000 22160.000000 0.120043 
184700.000000 22202.000000 0.120206 
184800.000000 22278.000000 0.120552 
184900.000000 22296.000000 0.120584 
185000.000000 22330.000000 0.120703 
185100.000000 22312.000000 0.120540 
185200.000000 22332.000000 0.120583 
185300.000000 22384.000000 0.120799 
185400.000000 22414.000000 0.120895 
185500.000000 22420.000000 0.120863 
185600.000000 22366.000000 0.120506 
185700.000000 22392.000000 0.120582 
185800.000000 22430.000000 0.120721 
185900.000000 22424.000000 0.120624 
186000.000000 22432.000000 0.120602 
186100.000000 22504.000000 0.120924 
186200.000000 22484.000000 0.120752 
186300.000000 22416.000000 0.120322 
186400.000000 22342.000000 0.119861 
186500.000000 22302.000000 0.119582 
186600.000000 22244.000000 0.119207 
186700.000000 22156.000000 0.118672 
186800.000000 22066.000000 0.118126 
186900.000000 21966.000000 0.117528 
187000.000000 21926.000000 0.117251 
187100.000000 21886.000000 0.116975 
187200.000000 21864.000000 0.116795 
187300.000000 21772.000000 0.116241 
187400.000000 21698.000000 0.115784 
187500.000000 21612.000000 0.115264 
187600.000000 21520.000000 0.114712 
187700.000000 21434.000000 0.114193 
187800.000000 21364.000000 0.113759 
187900.000000 21278.000000 0.113241 
188000.000000 21214.000000 0.112840 
188100.000000 21150.000000 0.112440 
188200.000000 21134.000000 0.112295 
188300.000000 21040.000000 0.111737 
188400.000000 20944.000000 0.111168 
188500.000000 20898.000000 0.110865 
188600.000000 20804.000000 0.110308 
188700.000000 20704.000000 0.109719 
188800.000000 20612.000000 0.109174 
188900.000000 20538.000000 0.108724 
189000.000000 20460.000000 0.108254 
189100.000000 20442.000000 0.108102 
189200.000000 20372.000000 0.107674 
189300.000000 20352.000000 0.107512 
189400.000000 20272.000000 0.107033 
189500.000000 20172.000000 0.106449 
189600.000000 20100.000000 0.106013 
189700.000000 20054.000000 0.105714 
189800.000000 19966.000000 0.105195 
189900.000000 19896.000000 0.104771 
190000.000000 19796.000000 0.104189 
190100.000000 19714.000000 0.103703 
190200.000000 19614.000000 0.103123 
190300.000000 19522.000000 0.102585 
190400.000000 19464.000000 0.102227 
190500.000000 19366.000000 0.101659 
190600.000000 19266.000000 0.101081 
190700.000000 19194.000000 0.100650 
190800.000000 19136.000000 0.100294 
190900.000000 19038.000000 0.099728 
191000.000000 18940.000000 0.099162 
191100.000000 18848.000000 0.098629 
191200.000000 18756.000000 0.098096 
191300.000000 18662.000000 0.097554 
191400.000000 18584.000000 0.097095 
191500.000000 18546.000000 0.096846 
191600.000000 18476.000000 0.096430 
191700.000000 18402.000000 0.095994 
191800.000000 18312.000000 0.095474 
191900.000000 18212.000000 0.094904 
192000.000000 18120.000000 0.094375 
192100.000000 18032.000000 0.093868 
192200.000000 17998.000000 0.093642 
192300.000000 17964.000000 0.093417 
192400.000000 17878.000000 0.092921 
192500.000000 17804.000000 0.092488 
192600.000000 17794.000000 0.092388 
192700.000000 17876.000000 0.092766 
192800.000000 17958.000000 0.093143 
192900.000000 17964.000000 0.093126 
193000.000000 17944.000000 0.092974 
193100.000000 18044.000000 0.093444 
193200.000000 18032.000000 0.093333 
193300.000000 18024.000000 0.093244 
193400.000000 18016.000000 0.093154 
193500.000000 17954.000000 0.092786 
193600.000000 17898.000000 0.092448 
193700.000000 17852.000000 0.092163 
193800.000000 17784.000000 0.091765 
193900.000000 17764.000000 0.091614 
194000.000000 17718.000000 0.091330 
194100.000000 17638.000000 0.090871 
194200.000000 17548.000000 0.090360 
194300.000000 17528.000000 0.090211 
194400.000000 17532.000000 0.090185 
194500.000000 17474.000000 0.089841 
194600.000000 17450.000000 0.089671 
194700.000000 17478.000000 0.089769 
194800.000000 17426.000000 0.089456 
194900.000000 17366.000000 0.089102 
195000.000000 17324.000000 0.088841 
195100.000000 17258.000000 0.088457 
195200.000000 17184.000000 0.088033 
195300.000000 17184.000000 0.087988 
195400.000000 17104.000000 0.087533 
195500.000000 17094.000000 0.087437 
195600.000000 16996.000000 0.086892 
195700.000000 16926.000000 0.086490 
195800.000000 16878.000000 0.086200 
195900.000000 16838.000000 0.085952 
196000.000000 16796.000000 0.085694 
196100.000000 16754.000000 0.085436 
196200.000000 16654.000000 0.084883 
196300.000000 16554.000000 0.084330 
196400.000000 16498.000000 0.084002 
196500.000000 16464.000000 0.083786 
196600.000000 16432.000000 0.083581 
196700.000000 16426.000000 0.083508 
196800.000000 16326.000000 0.082957 
196900.000000 16284.000000 0.082702 
197000.000000 16324.000000 0.082863 
197100.000000 16392.000000 0.083166 
197200.000000 16388.000000 0.083103 
197300.000000 16304.000000 0.082636 
197400.000000 16214.000000 0.082138 
197500.000000 16172.000000 0.081884 
197600.000000 16130.000000 0.081630 
197700.000000 16068.000000 0.081275 
197800.000000 16052.000000 0.081153 
197900.000000 16012.000000 0.080910 
198000.000000 15986.000000 0.080737 
198100.000000 15982.000000 0.080676 
198200.000000 15896.000000 0.080202 
198300.000000 15940.000000 0.080383 
198400.000000 15952.000000 0.080403 
198500.000000 15962.000000 0.080413 
198600.000000 15862.000000 0.079869 
198700.000000 15788.000000 0.079456 
198800.000000 15766.000000 0.079306 
198900.000000 15736.000000 0.079115 
199000.000000 15660.000000 0.078693 
199100.000000 15680.000000 0.078754 
199200.000000 15634.000000 0.078484 
199300.000000 15602.000000 0.078284 
199400.000000 15522.000000 0.077844 
199500.000000 15436.000000 0.077373 
199600.000000 15378.000000 0.077044 
199700.000000 15376.000000 0.076995 
199800.000000 15382.000000 0.076987 
199900.000000 15356.000000 0.076818 
200000.000000 15362.000000 0.076810 
