100.000000 -82.000000 -0.820000 
200.000000 -126.000000 -0.630000 
300.000000 -208.000000 -0.693333 
400.000000 -308.000000 -0.770000 
500.000000 -408.000000 -0.816000 
600.000000 -508.000000 -0.846667 
700.000000 -608.000000 -0.868571 
800.000000 -688.000000 -0.860000 
900.000000 -768.000000 -0.853333 
1000.000000 -868.000000 -0.868000 
1100.000000 -952.000000 -0.865455 
1200.000000 -1002.000000 -0.835000 
1300.000000 -1102.000000 -0.847692 
1400.000000 -1146.000000 -0.818571 
1500.000000 -1168.000000 -0.778667 
1600.000000 -1160.000000 -0.725000 
1700.000000 -1260.000000 -0.741176 
1800.000000 -1352.000000 -0.751111 
1900.000000 -1440.000000 -0.757895 
2000.000000 -1472.000000 -0.736000 
2100.000000 -1482.000000 -0.705714 
2200.000000 -1546.000000 -0.702727 
2300.000000 -1634.000000 -0.710435 
2400.000000 -1680.000000 -0.700000 
2500.000000 -1774.000000 -0.709600 
2600.000000 -1794.000000 -0.690000 
2700.000000 -1836.000000 -0.680000 
2800.000000 -1908.000000 -0.681429 
2900.000000 -2008.000000 -0.692414 
3000.000000 -2108.000000 -0.702667 
3100.000000 -2198.000000 -0.709032 
3200.000000 -2254.000000 -0.704375 
3300.000000 -2282.000000 -0.691515 
3400.000000 -2296.000000 -0.675294 
3500.000000 -2366.000000 -0.676000 
3600.000000 -2466.000000 -0.685000 
3700.000000 -2506.000000 -0.677297 
3800.000000 -2590.000000 -0.681579 
3900.000000 -2690.000000 -0.689744 
4000.000000 -2760.000000 -0.690000 
4100.000000 -2860.000000 -0.697561 
4200.000000 -2888.000000 -0.687619 
4300.000000 -2988.000000 -0.694884 
4400.000000 -3088.000000 -0.701818 
4500.000000 -3166.000000 -0.703556 
4600.000000 -3234.000000 -0.703043 
4700.000000 -3320.000000 -0.706383 
4800.000000 -3392.000000 -0.706667 
4900.000000 -3474.000000 -0.708980 
5000.000000 -3540.000000 -0.708000 
5100.000000 -3640.000000 -0.713726 
5200.000000 -3740.000000 -0.719231 
5300.000000 -3792.000000 -0.715472 
5400.000000 -3876.000000 -0.717778 
5500.000000 -3902.000000 -0.709455 
5600.000000 -4002.000000 -0.714643 
5700.000000 -4058.000000 -0.711930 
5800.000000 -4066.000000 -0.701034 
5900.000000 -3978.000000 -0.674237 
6000.000000 -4054.000000 -0.675667 
6100.000000 -4120.000000 -0.675410 
6200.000000 -4130.000000 -0.666129 
6300.000000 -4230.000000 -0.671429 
6400.000000 -4326.000000 -0.675937 
6500.000000 -4426.000000 -0.680923 
6600.000000 -4436.000000 -0.672121 
6700.000000 -4528.000000 -0.675821 
6800.000000 -4560.000000 -0.670588 
6900.000000 -4602.000000 -0.666957 
7000.000000 -4622.000000 -0.660286 
7100.000000 -4576.000000 -0.644507 
7200.000000 -4646.000000 -0.645278 
7300.000000 -4586.000000 -0.628219 
7400.000000 -4670.000000 -0.631081 
7500.000000 -4770.000000 -0.636000 
7600.000000 -4848.000000 -0.637895 
7700.000000 -4856.000000 -0.630649 
7800.000000 -4956.000000 -0.635385 
7900.000000 -4994.000000 -0.632152 
8000.000000 -5094.000000 -0.636750 
8100.000000 -5056.000000 -0.624198 
8200.000000 -5140.000000 -0.626829 
8300.000000 -5100.000000 -0.614458 
8400.000000 -5088.000000 -0.605714 
8500.000000 -5162.000000 -0.607294 
8600.000000 -5236.000000 -0.608837 
8700.000000 -5328.000000 -0.612414 
8800.000000 -5428.000000 -0.616818 
8900.000000 -5440.000000 -0.611236 
9000.000000 -5394.000000 -0.599333 
9100.000000 -5472.000000 -0.601319 
9200.000000 -5472.000000 -0.594783 
9300.000000 -5494.000000 -0.590753 
9400.000000 -5594.000000 -0.595106 
9500.000000 -5694.000000 -0.599368 
9600.000000 -5778.000000 -0.601875 
9700.000000 -5774.000000 -0.595258 
9800.000000 -5766.000000 -0.588367 
9900.000000 -5800.000000 -0.585859 
10000.000000 -5900.000000 -0.590000 
10100.000000 -5926.000000 -0.586733 
10200.000000 -5860.000000 -0.574510 
10300.000000 -5840.000000 -0.566990 
10400.000000 -5826.000000 -0.560192 
10500.000000 -5916.000000 -0.563429 
10600.000000 -5972.000000 -0.563396 
10700.000000 -5956.000000 -0.556635 
10800.000000 -5976.000000 -0.553333 
10900.000000 -5968.000000 -0.547523 
11000.000000 -6056.000000 -0.550545 
11100.000000 -6156.000000 -0.554595 
11200.000000 -6252.000000 -0.558214 
11300.000000 -6216.000000 -0.550089 
11400.000000 -6250.000000 -0.548246 
11500.000000 -6220.000000 -0.540870 
11600.000000 -6152.000000 -0.530345 
11700.000000 -6090.000000 -0.520513 
11800.000000 -6042.000000 -0.512034 
11900.000000 -6018.000000 -0.505714 
12000.000000 -5974.000000 -0.497833 
12100.000000 -5992.000000 -0.495207 
12200.000000 -6066.000000 -0.497213 
12300.000000 -6026.000000 -0.489919 
12400.000000 -6064.000000 -0.489032 
12500.000000 -6046.000000 -0.483680 
12600.000000 -5990.000000 -0.475397 
12700.000000 -6016.000000 -0.473701 
12800.000000 -5952.000000 -0.465000 
12900.000000 -5934.000000 -0.460000 
13000.000000 -5894.000000 -0.453385 
13100.000000 -5902.000000 -0.450534 
13200.000000 -5898.000000 -0.446818 
13300.000000 -5846.000000 -0.439549 
13400.000000 -5874.000000 -0.438358 
13500.000000 -5806.000000 -0.430074 
13600.000000 -5858.000000 -0.430735 
13700.000000 -5822.000000 -0.424964 
13800.000000 -5788.000000 -0.419420 
13900.000000 -5720.000000 -0.411511 
14000.000000 -5784.000000 -0.413143 
14100.000000 -5884.000000 -0.417305 
14200.000000 -5856.000000 -0.412394 
14300.000000 -5822.000000 -0.407133 
14400.000000 -5862.000000 -0.407083 
14500.000000 -5962.000000 -0.411172 
14600.000000 -5988.000000 -0.410137 
14700.000000 -6000.000000 -0.408163 
14800.000000 -6086.000000 -0.411216 
14900.000000 -6108.000000 -0.409933 
15000.000000 -6128.000000 -0.408533 
15100.000000 -6176.000000 -0.409007 
15200.000000 -6154.000000 -0.404868 
15300.000000 -6224.000000 -0.406797 
15400.000000 -6132.000000 -0.398182 
15500.000000 -6134.000000 -0.395742 
15600.000000 -6196.000000 -0.397179 
15700.000000 -6276.000000 -0.399745 
15800.000000 -6344.000000 -0.401519 
15900.000000 -6444.000000 -0.405283 
16000.000000 -6462.000000 -0.403875 
16100.000000 -6490.000000 -0.403106 
16200.000000 -6498.000000 -0.401111 
16300.000000 -6422.000000 -0.393988 
16400.000000 -6398.000000 -0.390122 
16500.000000 -6358.000000 -0.385333 
16600.000000 -6406.000000 -0.385904 
16700.000000 -6464.000000 -0.387066 
16800.000000 -6532.000000 -0.388810 
16900.000000 -6462.000000 -0.382367 
17000.000000 -6422.000000 -0.377765 
17100.000000 -6522.000000 -0.381404 
17200.000000 -6608.000000 -0.384186 
17300.000000 -6680.000000 -0.386127 
17400.000000 -6732.000000 -0.386897 
17500.000000 -6658.000000 -0.380457 
17600.000000 -6676.000000 -0.379318 
17700.000000 -6760.000000 -0.381921 
17800.000000 -6722.000000 -0.377640 
17900.000000 -6822.000000 -0.381117 
18000.000000 -6876.000000 -0.382000 
18100.000000 -6828.000000 -0.377238 
18200.000000 -6806.000000 -0.373956 
18300.000000 -6782.000000 -0.370601 
18400.000000 -6772.000000 -0.368043 
18500.000000 -6750.000000 -0.364865 
18600.000000 -6738.000000 -0.362258 
18700.000000 -6720.000000 -0.359358 
18800.000000 -6660.000000 -0.354255 
18900.000000 -6632.000000 -0.350899 
19000.000000 -6610.000000 -0.347895 
19100.000000 -6590.000000 -0.345026 
19200.000000 -6564.000000 -0.341875 
19300.000000 -6552.000000 -0.339482 
19400.000000 -6524.000000 -0.336289 
19500.000000 -6502.000000 -0.333436 
19600.000000 -6416.000000 -0.327347 
19700.000000 -6338.000000 -0.321726 
19800.000000 -6290.000000 -0.317677 
19900.000000 -6262.000000 -0.314673 
20000.000000 -6210.000000 -0.310500 
20100.000000 -6178.000000 -0.307363 
20200.000000 -6134.000000 -0.303663 
20300.000000 -6124.000000 -0.301675 
20400.000000 -6092.000000 -0.298627 
20500.000000 -6012.000000 -0.293268 
20600.000000 -6018.000000 -0.292136 
20700.000000 -5958.000000 -0.287826 
20800.000000 -5892.000000 -0.283269 
20900.000000 -5882.000000 -0.281435 
21000.000000 -5894.000000 -0.280667 
21100.000000 -5882.000000 -0.278768 
21200.000000 -5854.000000 -0.276132 
21300.000000 -5838.000000 -0.274085 
21400.000000 -5792.000000 -0.270654 
21500.000000 -5746.000000 -0.267256 
21600.000000 -5720.000000 -0.264815 
21700.000000 -5656.000000 -0.260645 
21800.000000 -5636.000000 -0.258532 
21900.000000 -5674.000000 -0.259087 
22000.000000 -5692.000000 -0.258727 
22100.000000 -5650.000000 -0.255656 
22200.000000 -5608.000000 -0.252613 
22300.000000 -5522.000000 -0.247623 
22400.000000 -5484.000000 -0.244821 
22500.000000 -5406.000000 -0.240267 
22600.000000 -5352.000000 -0.236814 
22700.000000 -5298.000000 -0.233392 
22800.000000 -5290.000000 -0.232018 
22900.000000 -5274.000000 -0.230306 
23000.000000 -5244.000000 -0.228000 
23100.000000 -5184.000000 -0.224416 
23200.000000 -5116.000000 -0.220517 
23300.000000 -5102.000000 -0.218970 
23400.000000 -5116.000000 -0.218632 
23500.000000 -5052.000000 -0.214979 
23600.000000 -5044.000000 -0.213729 
23700.000000 -5028.000000 -0.212152 
23800.000000 -4994.000000 -0.209832 
23900.000000 -4934.000000 -0.206444 
24000.000000 -4924.000000 -0.205167 
24100.000000 -4890.000000 -0.202905 
24200.000000 -4836.000000 -0.199835 
24300.000000 -4810.000000 -0.197942 
24400.000000 -4776.000000 -0.195738 
24500.000000 -4716.000000 -0.192490 
24600.000000 -4672.000000 -0.189919 
24700.000000 -4646.000000 -0.188097 
24800.000000 -4558.000000 -0.183790 
24900.000000 -4496.000000 -0.180562 
25000.000000 -4476.000000 -0.179040 
25100.000000 -4426.000000 -0.176335 
25200.000000 -4362.000000 -0.173095 
25300.000000 -4352.000000 -0.172016 
25400.000000 -4320.000000 -0.170079 
25500.000000 -4272.000000 -0.167529 
25600.000000 -4250.000000 -0.166016 
25700.000000 -4238.000000 -0.164903 
25800.000000 -4214.000000 -0.163333 
25900.000000 -4134.000000 -0.159614 
26000.000000 -4092.000000 -0.157385 
26100.000000 -4042.000000 -0.154866 
26200.000000 -4004.000000 -0.152824 
26300.000000 -3916.000000 -0.148897 
26400.000000 -3836.000000 -0.145303 
26500.000000 -3802.000000 -0.143472 
26600.000000 -3788.000000 -0.142406 
26700.000000 -3748.000000 -0.140375 
26800.000000 -3738.000000 -0.139478 
26900.000000 -3674.000000 -0.136580 
27000.000000 -3598.000000 -0.133259 
27100.000000 -3560.000000 -0.131365 
27200.000000 -3496.000000 -0.128529 
27300.000000 -3448.000000 -0.126300 
27400.000000 -3376.000000 -0.123212 
27500.000000 -3318.000000 -0.120655 
27600.000000 -3278.000000 -0.118768 
27700.000000 -3224.000000 -0.116390 
27800.000000 -3176.000000 -0.114245 
27900.000000 -3110.000000 -0.111470 
28000.000000 -3066.000000 -0.109500 
28100.000000 -3062.000000 -0.108968 
28200.000000 -3026.000000 -0.107305 
28300.000000 -2994.000000 -0.105795 
28400.000000 -2980.000000 -0.104930 
28500.000000 -2906.000000 -0.101965 
28600.000000 -2810.000000 -0.098252 
28700.000000 -2732.000000 -0.095192 
28800.000000 -2758.000000 -0.095764 
28900.000000 -2676.000000 -0.092595 
29000.000000 -2650.000000 -0.091379 
29100.000000 -2598.000000 -0.089278 
29200.000000 -2522.000000 -0.086370 
29300.000000 -2488.000000 -0.084915 
29400.000000 -2440.000000 -0.082993 
29500.000000 -2430.000000 -0.082373 
29600.000000 -2380.000000 -0.080405 
29700.000000 -2342.000000 -0.078855 
29800.000000 -2282.000000 -0.076577 
29900.000000 -2250.000000 -0.075251 
30000.000000 -2212.000000 -0.073733 
30100.000000 -2164.000000 -0.071894 
30200.000000 -2120.000000 -0.070199 
30300.000000 -2098.000000 -0.069241 
30400.000000 -2062.000000 -0.067829 
30500.000000 -2036.000000 -0.066754 
30600.000000 -1980.000000 -0.064706 
30700.000000 -1930.000000 -0.062866 
30800.000000 -1860.000000 -0.060390 
30900.000000 -1842.000000 -0.059612 
31000.000000 -1756.000000 -0.056645 
31100.000000 -1700.000000 -0.054662 
31200.000000 -1622.000000 -0.051987 
31300.000000 -1562.000000 -0.049904 
31400.000000 -1546.000000 -0.049236 
31500.000000 -1586.000000 -0.050349 
31600.000000 -1558.000000 -0.049304 
31700.000000 -1558.000000 -0.049148 
31800.000000 -1528.000000 -0.048050 
31900.000000 -1584.000000 -0.049655 
32000.000000 -1644.000000 -0.051375 
32100.000000 -1716.000000 -0.053458 
32200.000000 -1766.000000 -0.054845 
32300.000000 -1866.000000 -0.057771 
32400.000000 -1918.000000 -0.059198 
32500.000000 -1966.000000 -0.060492 
32600.000000 -2016.000000 -0.061840 
32700.000000 -2070.000000 -0.063303 
32800.000000 -2068.000000 -0.063049 
32900.000000 -2072.000000 -0.062979 
33000.000000 -2120.000000 -0.064242 
33100.000000 -2172.000000 -0.065619 
33200.000000 -2186.000000 -0.065843 
33300.000000 -2258.000000 -0.067808 
33400.000000 -2302.000000 -0.068922 
33500.000000 -2330.000000 -0.069552 
33600.000000 -2418.000000 -0.071964 
33700.000000 -2496.000000 -0.074065 
33800.000000 -2498.000000 -0.073905 
33900.000000 -2566.000000 -0.075693 
34000.000000 -2666.000000 -0.078412 
34100.000000 -2766.000000 -0.081114 
34200.000000 -2854.000000 -0.083450 
34300.000000 -2858.000000 -0.083324 
34400.000000 -2958.000000 -0.085988 
34500.000000 -3034.000000 -0.087942 
34600.000000 -3082.000000 -0.089075 
34700.000000 -3146.000000 -0.090663 
34800.000000 -3212.000000 -0.092299 
34900.000000 -3206.000000 -0.091862 
35000.000000 -3210.000000 -0.091714 
35100.000000 -3204.000000 -0.091282 
35200.000000 -3162.000000 -0.089830 
35300.000000 -3170.000000 -0.089802 
35400.000000 -3136.000000 -0.088588 
35500.000000 -3122.000000 -0.087944 
35600.000000 -3086.000000 -0.086685 
35700.000000 -3076.000000 -0.086162 
35800.000000 -3076.000000 -0.085922 
35900.000000 -3018.000000 -0.084067 
36000.000000 -2992.000000 -0.083111 
36100.000000 -2966.000000 -0.082161 
36200.000000 -2970.000000 -0.082044 
36300.000000 -2940.000000 -0.080992 
36400.000000 -2884.000000 -0.079231 
36500.000000 -2878.000000 -0.078849 
36600.000000 -2880.000000 -0.078689 
36700.000000 -2856.000000 -0.077820 
36800.000000 -2824.000000 -0.076739 
36900.000000 -2746.000000 -0.074417 
37000.000000 -2738.000000 -0.074000 
37100.000000 -2712.000000 -0.073100 
37200.000000 -2672.000000 -0.071828 
37300.000000 -2654.000000 -0.071153 
37400.000000 -2664.000000 -0.071230 
37500.000000 -2618.000000 -0.069813 
37600.000000 -2596.000000 -0.069043 
37700.000000 -2514.000000 -0.066684 
37800.000000 -2526.000000 -0.066825 
37900.000000 -2482.000000 -0.065488 
38000.000000 -2556.000000 -0.067263 
38100.000000 -2650.000000 -0.069554 
38200.000000 -2626.000000 -0.068743 
38300.000000 -2566.000000 -0.066997 
38400.000000 -2626.000000 -0.068385 
38500.000000 -2698.000000 -0.070078 
38600.000000 -2726.000000 -0.070622 
38700.000000 -2638.000000 -0.068165 
38800.000000 -2666.000000 -0.068711 
38900.000000 -2718.000000 -0.069871 
39000.000000 -2676.000000 -0.068615 
39100.000000 -2686.000000 -0.068696 
39200.000000 -2696.000000 -0.068776 
39300.000000 -2708.000000 -0.068906 
39400.000000 -2698.000000 -0.068477 
39500.000000 -2714.000000 -0.068709 
39600.000000 -2726.000000 -0.068838 
39700.000000 -2710.000000 -0.068262 
39800.000000 -2718.000000 -0.068291 
39900.000000 -2754.000000 -0.069023 
40000.000000 -2768.000000 -0.069200 
40100.000000 -2762.000000 -0.068878 
40200.000000 -2764.000000 -0.068756 
40300.000000 -2762.000000 -0.068536 
40400.000000 -2774.000000 -0.068663 
40500.000000 -2726.000000 -0.067309 
40600.000000 -2742.000000 -0.067537 
40700.000000 -2722.000000 -0.066880 
40800.000000 -2652.000000 -0.065000 
40900.000000 -2648.000000 -0.064743 
41000.000000 -2662.000000 -0.064927 
41100.000000 -2564.000000 -0.062384 
41200.000000 -2632.000000 -0.063883 
41300.000000 -2720.000000 -0.065860 
41400.000000 -2698.000000 -0.065169 
41500.000000 -2654.000000 -0.063952 
41600.000000 -2628.000000 -0.063173 
41700.000000 -2728.000000 -0.065420 
41800.000000 -2828.000000 -0.067656 
41900.000000 -2786.000000 -0.066492 
42000.000000 -2736.000000 -0.065143 
42100.000000 -2698.000000 -0.064086 
42200.000000 -2662.000000 -0.063081 
42300.000000 -2632.000000 -0.062222 
42400.000000 -2534.000000 -0.059764 
42500.000000 -2496.000000 -0.058729 
42600.000000 -2454.000000 -0.057606 
42700.000000 -2482.000000 -0.058126 
42800.000000 -2474.000000 -0.057804 
42900.000000 -2470.000000 -0.057576 
43000.000000 -2394.000000 -0.055674 
43100.000000 -2316.000000 -0.053735 
43200.000000 -2258.000000 -0.052269 
43300.000000 -2210.000000 -0.051039 
43400.000000 -2148.000000 -0.049493 
43500.000000 -2052.000000 -0.047172 
43600.000000 -2014.000000 -0.046193 
43700.000000 -2020.000000 -0.046224 
43800.000000 -1956.000000 -0.044658 
43900.000000 -1914.000000 -0.043599 
44000.000000 -1856.000000 -0.042182 
44100.000000 -1760.000000 -0.039909 
44200.000000 -1826.000000 -0.041312 
44300.000000 -1726.000000 -0.038962 
44400.000000 -1650.000000 -0.037162 
44500.000000 -1578.000000 -0.035461 
44600.000000 -1528.000000 -0.034260 
44700.000000 -1442.000000 -0.032260 
44800.000000 -1472.000000 -0.032857 
44900.000000 -1400.000000 -0.031180 
45000.000000 -1316.000000 -0.029244 
45100.000000 -1264.000000 -0.028027 
45200.000000 -1180.000000 -0.026106 
45300.000000 -1132.000000 -0.024989 
45400.000000 -1054.000000 -0.023216 
45500.000000 -1006.000000 -0.022110 
45600.000000 -930.000000 -0.020395 
45700.000000 -862.000000 -0.018862 
45800.000000 -814.000000 -0.017773 
45900.000000 -770.000000 -0.016776 
46000.000000 -816.000000 -0.017739 
46100.000000 -726.000000 -0.015748 
46200.000000 -676.000000 -0.014632 
46300.000000 -680.000000 -0.014687 
46400.000000 -622.000000 -0.013405 
46500.000000 -566.000000 -0.012172 
46600.000000 -474.000000 -0.010172 
46700.000000 -426.000000 -0.009122 
46800.000000 -368.000000 -0.007863 
46900.000000 -316.000000 -0.006738 
47000.000000 -230.000000 -0.004894 
47100.000000 -188.000000 -0.003992 
47200.000000 -124.000000 -0.002627 
47300.000000 -76.000000 -0.001607 
47400.000000 -34.000000 -0.000717 
47500.000000 -26.000000 -0.000547 
47600.000000 16.000000 0.000336 
47700.000000 -30.000000 -0.000629 
47800.000000 34.000000 0.000711 
47900.000000 100.000000 0.002088 
48000.000000 146.000000 0.003042 
48100.000000 194.000000 0.004033 
48200.000000 230.000000 0.004772 
48300.000000 232.000000 0.004803 
48400.000000 266.000000 0.005496 
48500.000000 328.000000 0.006763 
48600.000000 364.000000 0.007490 
48700.000000 424.000000 0.008706 
48800.000000 508.000000 0.010410 
48900.000000 548.000000 0.011207 
49000.000000 634.000000 0.012939 
49100.000000 710.000000 0.014460 
49200.000000 668.000000 0.013577 
49300.000000 616.000000 0.012495 
49400.000000 570.000000 0.011538 
49500.000000 480.000000 0.009697 
49600.000000 422.000000 0.008508 
49700.000000 336.000000 0.006761 
49800.000000 274.000000 0.005502 
49900.000000 200.000000 0.004008 
50000.000000 160.000000 0.003200 
50100.000000 132.000000 0.002635 
50200.000000 60.000000 0.001195 
50300.000000 2.000000 0.000040 
50400.000000 -96.000000 -0.001905 
50500.000000 -96.000000 -0.001901 
50600.000000 -84.000000 -0.001660 
50700.000000 -88.000000 -0.001736 
50800.000000 -146.000000 -0.002874 
50900.000000 -208.000000 -0.004086 
51000.000000 -216.000000 -0.004235 
51100.000000 -292.000000 -0.005714 
51200.000000 -332.000000 -0.006484 
51300.000000 -302.000000 -0.005887 
51400.000000 -294.000000 -0.005720 
51500.000000 -286.000000 -0.005553 
51600.000000 -386.000000 -0.007481 
51700.000000 -428.000000 -0.008279 
51800.000000 -432.000000 -0.008340 
51900.000000 -474.000000 -0.009133 
52000.000000 -550.000000 -0.010577 
52100.000000 -602.000000 -0.011555 
52200.000000 -662.000000 -0.012682 
52300.000000 -670.000000 -0.012811 
52400.000000 -718.000000 -0.013702 
52500.000000 -722.000000 -0.013752 
52600.000000 -772.000000 -0.014677 
52700.000000 -792.000000 -0.015028 
52800.000000 -828.000000 -0.015682 
52900.000000 -864.000000 -0.016333 
53000.000000 -846.000000 -0.015962 
53100.000000 -856.000000 -0.016121 
53200.000000 -902.000000 -0.016955 
53300.000000 -966.000000 -0.018124 
53400.000000 -948.000000 -0.017753 
53500.000000 -922.000000 -0.017234 
53600.000000 -950.000000 -0.017724 
53700.000000 -956.000000 -0.017803 
53800.000000 -962.000000 -0.017881 
53900.000000 -920.000000 -0.017069 
54000.000000 -856.000000 -0.015852 
54100.000000 -844.000000 -0.015601 
54200.000000 -888.000000 -0.016384 
54300.000000 -878.000000 -0.016169 
54400.000000 -936.000000 -0.017206 
54500.000000 -956.000000 -0.017541 
54600.000000 -1000.000000 -0.018315 
54700.000000 -966.000000 -0.017660 
54800.000000 -1050.000000 -0.019161 
54900.000000 -1032.000000 -0.018798 
55000.000000 -984.000000 -0.017891 
55100.000000 -988.000000 -0.017931 
55200.000000 -992.000000 -0.017971 
55300.000000 -926.000000 -0.016745 
55400.000000 -874.000000 -0.015776 
55500.000000 -900.000000 -0.016216 
55600.000000 -858.000000 -0.015432 
55700.000000 -804.000000 -0.014434 
55800.000000 -762.000000 -0.013656 
55900.000000 -752.000000 -0.013453 
56000.000000 -768.000000 -0.013714 
56100.000000 -722.000000 -0.012870 
56200.000000 -730.000000 -0.012989 
56300.000000 -666.000000 -0.011829 
56400.000000 -672.000000 -0.011915 
56500.000000 -680.000000 -0.012035 
56600.000000 -696.000000 -0.012297 
56700.000000 -796.000000 -0.014039 
56800.000000 -816.000000 -0.014366 
56900.000000 -794.000000 -0.013954 
57000.000000 -768.000000 -0.013474 
57100.000000 -740.000000 -0.012960 
57200.000000 -734.000000 -0.012832 
57300.000000 -706.000000 -0.012321 
57400.000000 -628.000000 -0.010941 
57500.000000 -626.000000 -0.010887 
57600.000000 -660.000000 -0.011458 
57700.000000 -694.000000 -0.012028 
57800.000000 -726.000000 -0.012561 
57900.000000 -722.000000 -0.012470 
58000.000000 -680.000000 -0.011724 
58100.000000 -670.000000 -0.011532 
58200.000000 -590.000000 -0.010137 
58300.000000 -516.000000 -0.008851 
58400.000000 -458.000000 -0.007842 
58500.000000 -402.000000 -0.006872 
58600.000000 -424.000000 -0.007235 
58700.000000 -524.000000 -0.008927 
58800.000000 -558.000000 -0.009490 
58900.000000 -512.000000 -0.008693 
59000.000000 -488.000000 -0.008271 
59100.000000 -430.000000 -0.007276 
59200.000000 -374.000000 -0.006318 
59300.000000 -310.000000 -0.005228 
59400.000000 -254.000000 -0.004276 
59500.000000 -216.000000 -0.003630 
59600.000000 -166.000000 -0.002785 
59700.000000 -128.000000 -0.002144 
59800.000000 -84.000000 -0.001405 
59900.000000 -4.000000 -0.000067 
60000.000000 14.000000 0.000233 
60100.000000 56.000000 0.000932 
60200.000000 92.000000 0.001528 
60300.000000 138.000000 0.002289 
60400.000000 198.000000 0.003278 
60500.000000 98.000000 0.001620 
60600.000000 126.000000 0.002079 
60700.000000 180.000000 0.002965 
60800.000000 214.000000 0.003520 
60900.000000 254.000000 0.004171 
61000.000000 272.000000 0.004459 
61100.000000 172.000000 0.002815 
61200.000000 116.000000 0.001895 
61300.000000 94.000000 0.001533 
61400.000000 70.000000 0.001140 
61500.000000 76.000000 0.001236 
61600.000000 68.000000 0.001104 
61700.000000 58.000000 0.000940 
61800.000000 46.000000 0.000744 
61900.000000 36.000000 0.000582 
62000.000000 58.000000 0.000935 
62100.000000 42.000000 0.000676 
62200.000000 32.000000 0.000514 
62300.000000 48.000000 0.000770 
62400.000000 64.000000 0.001026 
62500.000000 56.000000 0.000896 
62600.000000 92.000000 0.001470 
62700.000000 140.000000 0.002233 
62800.000000 136.000000 0.002166 
62900.000000 164.000000 0.002607 
63000.000000 156.000000 0.002476 
63100.000000 210.000000 0.003328 
63200.000000 230.000000 0.003639 
63300.000000 262.000000 0.004139 
63400.000000 344.000000 0.005426 
63500.000000 408.000000 0.006425 
63600.000000 442.000000 0.006950 
63700.000000 470.000000 0.007378 
63800.000000 524.000000 0.008213 
63900.000000 534.000000 0.008357 
64000.000000 556.000000 0.008687 
64100.000000 616.000000 0.009610 
64200.000000 666.000000 0.010374 
64300.000000 690.000000 0.010731 
64400.000000 692.000000 0.010745 
64500.000000 702.000000 0.010884 
64600.000000 742.000000 0.011486 
64700.000000 828.000000 0.012798 
64800.000000 858.000000 0.013241 
64900.000000 958.000000 0.014761 
65000.000000 1056.000000 0.016246 
65100.000000 1142.000000 0.017542 
65200.000000 1228.000000 0.018834 
65300.000000 1292.000000 0.019786 
65400.000000 1386.000000 0.021193 
65500.000000 1434.000000 0.021893 
65600.000000 1528.000000 0.023293 
65700.000000 1614.000000 0.024566 
65800.000000 1668.000000 0.025350 
65900.000000 1752.000000 0.026586 
66000.000000 1796.000000 0.027212 
66100.000000 1818.000000 0.027504 
66200.000000 1774.000000 0.026798 
66300.000000 1674.000000 0.025249 
66400.000000 1574.000000 0.023705 
66500.000000 1598.000000 0.024030 
66600.000000 1634.000000 0.024535 
66700.000000 1628.000000 0.024408 
66800.000000 1586.000000 0.023743 
66900.000000 1608.000000 0.024036 
67000.000000 1664.000000 0.024836 
67100.000000 1744.000000 0.025991 
67200.000000 1814.000000 0.026994 
67300.000000 1884.000000 0.027994 
67400.000000 1980.000000 0.029377 
67500.000000 2060.000000 0.030519 
67600.000000 2114.000000 0.031272 
67700.000000 2208.000000 0.032614 
67800.000000 2222.000000 0.032773 
67900.000000 2288.000000 0.033697 
68000.000000 2202.000000 0.032382 
68100.000000 2102.000000 0.030866 
68200.000000 2168.000000 0.031789 
68300.000000 2204.000000 0.032269 
68400.000000 2240.000000 0.032749 
68500.000000 2272.000000 0.033168 
68600.000000 2338.000000 0.034082 
68700.000000 2362.000000 0.034381 
68800.000000 2408.000000 0.035000 
68900.000000 2440.000000 0.035414 
69000.000000 2452.000000 0.035536 
69100.000000 2492.000000 0.036064 
69200.000000 2572.000000 0.037168 
69300.000000 2592.000000 0.037403 
69400.000000 2684.000000 0.038674 
69500.000000 2714.000000 0.039050 
69600.000000 2614.000000 0.037557 
69700.000000 2612.000000 0.037475 
69800.000000 2664.000000 0.038166 
69900.000000 2720.000000 0.038913 
70000.000000 2778.000000 0.039686 
70100.000000 2846.000000 0.040599 
70200.000000 2910.000000 0.041453 
70300.000000 2924.000000 0.041593 
70400.000000 2840.000000 0.040341 
70500.000000 2850.000000 0.040426 
70600.000000 2900.000000 0.041076 
70700.000000 2948.000000 0.041697 
70800.000000 3016.000000 0.042599 
70900.000000 3062.000000 0.043188 
71000.000000 3068.000000 0.043211 
71100.000000 3124.000000 0.043938 
71200.000000 3024.000000 0.042472 
71300.000000 3064.000000 0.042973 
71400.000000 3148.000000 0.044090 
71500.000000 3238.000000 0.045287 
71600.000000 3198.000000 0.044665 
71700.000000 3104.000000 0.043291 
71800.000000 3172.000000 0.044178 
71900.000000 3198.000000 0.044478 
72000.000000 3226.000000 0.044806 
72100.000000 3312.000000 0.045936 
72200.000000 3296.000000 0.045651 
72300.000000 3374.000000 0.046667 
72400.000000 3446.000000 0.047597 
72500.000000 3536.000000 0.048772 
72600.000000 3594.000000 0.049504 
72700.000000 3676.000000 0.050564 
72800.000000 3704.000000 0.050879 
72900.000000 3728.000000 0.051139 
73000.000000 3778.000000 0.051753 
73100.000000 3816.000000 0.052202 
73200.000000 3862.000000 0.052760 
73300.000000 3908.000000 0.053315 
73400.000000 3830.000000 0.052180 
73500.000000 3730.000000 0.050748 
73600.000000 3706.000000 0.050353 
73700.000000 3778.000000 0.051262 
73800.000000 3840.000000 0.052033 
73900.000000 3886.000000 0.052585 
74000.000000 3968.000000 0.053622 
74100.000000 3984.000000 0.053765 
74200.000000 4078.000000 0.054960 
74300.000000 4112.000000 0.055343 
74400.000000 4136.000000 0.055591 
74500.000000 4206.000000 0.056456 
74600.000000 4264.000000 0.057158 
74700.000000 4312.000000 0.057724 
74800.000000 4328.000000 0.057861 
74900.000000 4256.000000 0.056822 
75000.000000 4318.000000 0.057573 
75100.000000 4362.000000 0.058083 
75200.000000 4402.000000 0.058537 
75300.000000 4458.000000 0.059203 
75400.000000 4520.000000 0.059947 
75500.000000 4552.000000 0.060291 
75600.000000 4612.000000 0.061005 
75700.000000 4678.000000 0.061797 
75800.000000 4712.000000 0.062164 
75900.000000 4768.000000 0.062819 
76000.000000 4824.000000 0.063474 
76100.000000 4892.000000 0.064284 
76200.000000 4938.000000 0.064803 
76300.000000 4916.000000 0.064430 
76400.000000 4990.000000 0.065314 
76500.000000 5070.000000 0.066275 
76600.000000 5122.000000 0.066867 
76700.000000 5168.000000 0.067379 
76800.000000 5240.000000 0.068229 
76900.000000 5288.000000 0.068765 
77000.000000 5366.000000 0.069688 
77100.000000 5420.000000 0.070298 
77200.000000 5462.000000 0.070751 
77300.000000 5460.000000 0.070634 
77400.000000 5506.000000 0.071137 
77500.000000 5514.000000 0.071148 
77600.000000 5612.000000 0.072320 
77700.000000 5656.000000 0.072793 
77800.000000 5726.000000 0.073599 
77900.000000 5762.000000 0.073967 
78000.000000 5794.000000 0.074282 
78100.000000 5854.000000 0.074955 
78200.000000 5892.000000 0.075345 
78300.000000 5976.000000 0.076322 
78400.000000 6008.000000 0.076633 
78500.000000 6076.000000 0.077401 
78600.000000 6106.000000 0.077684 
78700.000000 6174.000000 0.078450 
78800.000000 6190.000000 0.078553 
78900.000000 6274.000000 0.079518 
79000.000000 6358.000000 0.080481 
79100.000000 6386.000000 0.080733 
79200.000000 6370.000000 0.080429 
79300.000000 6444.000000 0.081261 
79400.000000 6508.000000 0.081965 
79500.000000 6528.000000 0.082113 
79600.000000 6614.000000 0.083090 
79700.000000 6678.000000 0.083789 
79800.000000 6718.000000 0.084185 
79900.000000 6758.000000 0.084581 
80000.000000 6804.000000 0.085050 
80100.000000 6826.000000 0.085218 
80200.000000 6820.000000 0.085037 
80300.000000 6764.000000 0.084234 
80400.000000 6766.000000 0.084154 
80500.000000 6850.000000 0.085093 
80600.000000 6856.000000 0.085062 
80700.000000 6880.000000 0.085254 
80800.000000 6928.000000 0.085743 
80900.000000 6998.000000 0.086502 
81000.000000 7034.000000 0.086840 
81100.000000 7100.000000 0.087546 
81200.000000 7142.000000 0.087956 
81300.000000 7168.000000 0.088167 
81400.000000 7244.000000 0.088993 
81500.000000 7254.000000 0.089006 
81600.000000 7308.000000 0.089559 
81700.000000 7370.000000 0.090208 
81800.000000 7392.000000 0.090367 
81900.000000 7432.000000 0.090745 
82000.000000 7498.000000 0.091439 
82100.000000 7544.000000 0.091888 
82200.000000 7628.000000 0.092798 
82300.000000 7718.000000 0.093779 
82400.000000 7684.000000 0.093252 
82500.000000 7740.000000 0.093818 
82600.000000 7796.000000 0.094383 
82700.000000 7826.000000 0.094631 
82800.000000 7922.000000 0.095676 
82900.000000 8018.000000 0.096719 
83000.000000 8048.000000 0.096964 
83100.000000 8092.000000 0.097377 
83200.000000 8112.000000 0.097500 
83300.000000 8148.000000 0.097815 
83400.000000 8244.000000 0.098849 
83500.000000 8324.000000 0.099689 
83600.000000 8362.000000 0.100024 
83700.000000 8412.000000 0.100502 
83800.000000 8396.000000 0.100191 
83900.000000 8420.000000 0.100358 
84000.000000 8418.000000 0.100214 
84100.000000 8412.000000 0.100024 
84200.000000 8472.000000 0.100618 
84300.000000 8560.000000 0.101542 
84400.000000 8610.000000 0.102014 
84500.000000 8650.000000 0.102367 
84600.000000 8666.000000 0.102435 
84700.000000 8726.000000 0.103022 
84800.000000 8736.000000 0.103019 
84900.000000 8784.000000 0.103463 
85000.000000 8830.000000 0.103882 
85100.000000 8898.000000 0.104559 
85200.000000 8906.000000 0.104531 
85300.000000 8954.000000 0.104971 
85400.000000 8992.000000 0.105293 
85500.000000 9028.000000 0.105591 
85600.000000 9078.000000 0.106051 
85700.000000 9148.000000 0.106744 
85800.000000 9224.000000 0.107506 
85900.000000 9294.000000 0.108196 
86000.000000 9354.000000 0.108767 
86100.000000 9408.000000 0.109268 
86200.000000 9444.000000 0.109559 
86300.000000 9464.000000 0.109664 
86400.000000 9558.000000 0.110625 
86500.000000 9612.000000 0.111121 
86600.000000 9648.000000 0.111409 
86700.000000 9664.000000 0.111465 
86800.000000 9700.000000 0.111751 
86900.000000 9786.000000 0.112612 
87000.000000 9860.000000 0.113333 
87100.000000 9920.000000 0.113892 
87200.000000 9962.000000 0.114243 
87300.000000 10012.000000 0.114685 
87400.000000 10008.000000 0.114508 
87500.000000 10082.000000 0.115223 
87600.000000 10178.000000 0.116187 
87700.000000 10248.000000 0.116853 
87800.000000 10320.000000 0.117540 
87900.000000 10346.000000 0.117702 
88000.000000 10396.000000 0.118136 
88100.000000 10460.000000 0.118729 
88200.000000 10550.000000 0.119615 
88300.000000 10580.000000 0.119819 
88400.000000 10660.000000 0.120588 
88500.000000 10704.000000 0.120949 
88600.000000 10782.000000 0.121693 
88700.000000 10822.000000 0.122007 
88800.000000 10880.000000 0.122523 
88900.000000 10896.000000 0.122565 
89000.000000 10930.000000 0.122809 
89100.000000 10980.000000 0.123232 
89200.000000 11032.000000 0.123677 
89300.000000 11064.000000 0.123897 
89400.000000 11134.000000 0.124541 
89500.000000 11182.000000 0.124939 
89600.000000 11246.000000 0.125513 
89700.000000 11226.000000 0.125151 
89800.000000 11288.000000 0.125702 
89900.000000 11342.000000 0.126162 
90000.000000 11412.000000 0.126800 
90100.000000 11414.000000 0.126681 
90200.000000 11434.000000 0.126763 
90300.000000 11476.000000 0.127087 
90400.000000 11560.000000 0.127876 
90500.000000 11632.000000 0.128530 
90600.000000 11696.000000 0.129095 
90700.000000 11750.000000 0.129548 
90800.000000 11828.000000 0.130264 
90900.000000 11894.000000 0.130847 
91000.000000 11954.000000 0.131363 
91100.000000 12038.000000 0.132141 
91200.000000 12066.000000 0.132303 
91300.000000 12134.000000 0.132903 
91400.000000 12166.000000 0.133107 
91500.000000 12240.000000 0.133770 
91600.000000 12326.000000 0.134563 
91700.000000 12416.000000 0.135398 
91800.000000 12466.000000 0.135795 
91900.000000 12524.000000 0.136279 
92000.000000 12590.000000 0.136848 
92100.000000 12632.000000 0.137155 
92200.000000 12668.000000 0.137397 
92300.000000 12752.000000 0.138158 
92400.000000 12828.000000 0.138831 
92500.000000 12926.000000 0.139741 
92600.000000 12946.000000 0.139806 
92700.000000 12962.000000 0.139827 
92800.000000 13030.000000 0.140409 
92900.000000 13090.000000 0.140904 
93000.000000 13142.000000 0.141312 
93100.000000 13200.000000 0.141783 
93200.000000 13268.000000 0.142361 
93300.000000 13338.000000 0.142958 
93400.000000 13392.000000 0.143383 
93500.000000 13444.000000 0.143786 
93600.000000 13518.000000 0.144423 
93700.000000 13564.000000 0.144760 
93800.000000 13568.000000 0.144648 
93900.000000 13582.000000 0.144643 
94000.000000 13618.000000 0.144872 
94100.000000 13638.000000 0.144931 
94200.000000 13686.000000 0.145287 
94300.000000 13692.000000 0.145196 
94400.000000 13726.000000 0.145403 
94500.000000 13786.000000 0.145884 
94600.000000 13840.000000 0.146300 
94700.000000 13900.000000 0.146779 
94800.000000 13958.000000 0.147236 
94900.000000 14028.000000 0.147819 
95000.000000 14060.000000 0.148000 
95100.000000 14044.000000 0.147676 
95200.000000 14082.000000 0.147920 
95300.000000 14040.000000 0.147324 
95400.000000 14110.000000 0.147904 
95500.000000 14164.000000 0.148314 
95600.000000 14238.000000 0.148933 
95700.000000 14276.000000 0.149174 
95800.000000 14342.000000 0.149708 
95900.000000 14386.000000 0.150010 
96000.000000 14432.000000 0.150333 
96100.000000 14438.000000 0.150239 
96200.000000 14520.000000 0.150936 
96300.000000 14598.000000 0.151589 
96400.000000 14676.000000 0.152241 
96500.000000 14746.000000 0.152808 
96600.000000 14814.000000 0.153354 
96700.000000 14840.000000 0.153464 
96800.000000 14876.000000 0.153678 
96900.000000 14902.000000 0.153787 
97000.000000 14948.000000 0.154103 
97100.000000 15042.000000 0.154912 
97200.000000 15082.000000 0.155165 
97300.000000 15044.000000 0.154615 
97400.000000 15062.000000 0.154641 
97500.000000 15078.000000 0.154646 
97600.000000 15176.000000 0.155492 
97700.000000 15270.000000 0.156295 
97800.000000 15322.000000 0.156667 
97900.000000 15374.000000 0.157038 
98000.000000 15458.000000 0.157735 
98100.000000 15540.000000 0.158410 
98200.000000 15634.000000 0.159206 
98300.000000 15682.000000 0.159532 
98400.000000 15748.000000 0.160041 
98500.000000 15812.000000 0.160528 
98600.000000 15864.000000 0.160893 
98700.000000 15880.000000 0.160892 
98800.000000 15938.000000 0.161316 
98900.000000 15920.000000 0.160971 
99000.000000 15992.000000 0.161535 
99100.000000 16076.000000 0.162220 
99200.000000 16092.000000 0.162218 
99300.000000 16116.000000 0.162296 
99400.000000 16184.000000 0.162817 
99500.000000 16266.000000 0.163477 
99600.000000 16322.000000 0.163876 
99700.000000 16366.000000 0.164152 
99800.000000 16378.000000 0.164108 
99900.000000 16438.000000 0.164545 
100000.000000 16526.000000 0.165260 
100100.000000 16496.000000 0.164795 
100200.000000 16410.000000 0.163772 
100300.000000 16442.000000 0.163928 
100400.000000 16532.000000 0.164661 
100500.000000 16622.000000 0.165393 
100600.000000 16682.000000 0.165825 
100700.000000 16724.000000 0.166077 
100800.000000 16754.000000 0.166210 
100900.000000 16824.000000 0.166739 
101000.000000 16862.000000 0.166950 
101100.000000 16894.000000 0.167102 
101200.000000 16922.000000 0.167213 
101300.000000 16970.000000 0.167522 
101400.000000 17038.000000 0.168028 
101500.000000 17090.000000 0.168374 
101600.000000 17180.000000 0.169094 
101700.000000 17268.000000 0.169794 
101800.000000 17302.000000 0.169961 
101900.000000 17374.000000 0.170500 
102000.000000 17406.000000 0.170647 
102100.000000 17488.000000 0.171283 
102200.000000 17568.000000 0.171898 
102300.000000 17632.000000 0.172356 
102400.000000 17690.000000 0.172754 
102500.000000 17746.000000 0.173132 
102600.000000 17810.000000 0.173587 
102700.000000 17854.000000 0.173846 
102800.000000 17932.000000 0.174436 
102900.000000 17970.000000 0.174636 
103000.000000 18042.000000 0.175165 
103100.000000 18116.000000 0.175713 
103200.000000 18206.000000 0.176415 
103300.000000 18240.000000 0.176573 
103400.000000 18294.000000 0.176925 
103500.000000 18370.000000 0.177488 
103600.000000 18422.000000 0.177819 
103700.000000 18516.000000 0.178554 
103800.000000 18582.000000 0.179017 
103900.000000 18660.000000 0.179596 
104000.000000 18752.000000 0.180308 
104100.000000 18768.000000 0.180288 
104200.000000 18852.000000 0.180921 
104300.000000 18938.000000 0.181572 
104400.000000 19016.000000 0.182146 
104500.000000 19116.000000 0.182928 
104600.000000 19202.000000 0.183576 
104700.000000 19290.000000 0.184241 
104800.000000 19346.000000 0.184599 
104900.000000 19388.000000 0.184824 
105000.000000 19466.000000 0.185390 
105100.000000 19494.000000 0.185480 
105200.000000 19530.000000 0.185646 
105300.000000 19600.000000 0.186135 
105400.000000 19608.000000 0.186034 
105500.000000 19652.000000 0.186275 
105600.000000 19716.000000 0.186705 
105700.000000 19752.000000 0.186868 
105800.000000 19810.000000 0.187240 
105900.000000 19862.000000 0.187554 
106000.000000 19920.000000 0.187925 
106100.000000 19978.000000 0.188294 
106200.000000 19988.000000 0.188211 
106300.000000 20074.000000 0.188843 
106400.000000 20124.000000 0.189135 
106500.000000 20144.000000 0.189146 
106600.000000 20216.000000 0.189644 
106700.000000 20254.000000 0.189822 
106800.000000 20350.000000 0.190543 
106900.000000 20384.000000 0.190683 
107000.000000 20436.000000 0.190991 
107100.000000 20454.000000 0.190980 
107200.000000 20516.000000 0.191381 
107300.000000 20612.000000 0.192097 
107400.000000 20644.000000 0.192216 
107500.000000 20714.000000 0.192688 
107600.000000 20770.000000 0.193030 
107700.000000 20830.000000 0.193408 
107800.000000 20902.000000 0.193896 
107900.000000 20984.000000 0.194476 
108000.000000 21028.000000 0.194704 
108100.000000 21052.000000 0.194746 
108200.000000 21142.000000 0.195397 
108300.000000 21190.000000 0.195660 
108400.000000 21252.000000 0.196052 
108500.000000 21340.000000 0.196682 
108600.000000 21410.000000 0.197145 
108700.000000 21480.000000 0.197608 
108800.000000 21556.000000 0.198125 
108900.000000 21616.000000 0.198494 
109000.000000 21708.000000 0.199156 
109100.000000 21804.000000 0.199853 
109200.000000 21850.000000 0.200092 
109300.000000 21936.000000 0.200695 
109400.000000 22004.000000 0.201133 
109500.000000 22080.000000 0.201644 
109600.000000 22148.000000 0.202080 
109700.000000 22204.000000 0.202407 
109800.000000 22270.000000 0.202823 
109900.000000 22326.000000 0.203148 
110000.000000 22376.000000 0.203418 
110100.000000 22404.000000 0.203488 
110200.000000 22498.000000 0.204156 
110300.000000 22558.000000 0.204515 
110400.000000 22602.000000 0.204728 
110500.000000 22656.000000 0.205032 
110600.000000 22704.000000 0.205280 
110700.000000 22736.000000 0.205384 
110800.000000 22810.000000 0.205866 
110900.000000 22890.000000 0.206402 
111000.000000 22968.000000 0.206919 
111100.000000 23016.000000 0.207165 
111200.000000 23088.000000 0.207626 
111300.000000 23136.000000 0.207871 
111400.000000 23208.000000 0.208330 
111500.000000 23266.000000 0.208664 
111600.000000 23340.000000 0.209140 
111700.000000 23384.000000 0.209346 
111800.000000 23446.000000 0.209714 
111900.000000 23518.000000 0.210170 
112000.000000 23568.000000 0.210429 
112100.000000 23660.000000 0.211062 
112200.000000 23736.000000 0.211551 
112300.000000 23780.000000 0.211754 
112400.000000 23852.000000 0.212206 
112500.000000 23938.000000 0.212782 
112600.000000 24012.000000 0.213250 
112700.000000 24072.000000 0.213594 
112800.000000 24146.000000 0.214060 
112900.000000 24244.000000 0.214739 
113000.000000 24336.000000 0.215363 
113100.000000 24386.000000 0.215614 
113200.000000 24462.000000 0.216095 
113300.000000 24552.000000 0.216699 
113400.000000 24644.000000 0.217319 
113500.000000 24718.000000 0.217780 
113600.000000 24776.000000 0.218099 
113700.000000 24856.000000 0.218610 
113800.000000 24954.000000 0.219279 
113900.000000 25006.000000 0.219543 
114000.000000 25104.000000 0.220211 
114100.000000 25204.000000 0.220894 
114200.000000 25288.000000 0.221436 
114300.000000 25374.000000 0.221995 
114400.000000 25402.000000 0.222045 
114500.000000 25494.000000 0.222655 
114600.000000 25534.000000 0.222810 
114700.000000 25604.000000 0.223226 
114800.000000 25692.000000 0.223798 
114900.000000 25754.000000 0.224143 
115000.000000 25810.000000 0.224435 
115100.000000 25878.000000 0.224831 
115200.000000 25958.000000 0.225330 
115300.000000 26040.000000 0.225846 
115400.000000 26118.000000 0.226326 
115500.000000 26172.000000 0.226597 
115600.000000 26208.000000 0.226713 
115700.000000 26280.000000 0.227139 
115800.000000 26330.000000 0.227375 
115900.000000 26386.000000 0.227662 
116000.000000 26444.000000 0.227966 
116100.000000 26516.000000 0.228389 
116200.000000 26558.000000 0.228554 
116300.000000 26642.000000 0.229080 
116400.000000 26704.000000 0.229416 
116500.000000 26798.000000 0.230026 
116600.000000 26846.000000 0.230240 
116700.000000 26890.000000 0.230420 
116800.000000 26976.000000 0.230959 
116900.000000 27050.000000 0.231394 
117000.000000 27124.000000 0.231829 
117100.000000 27180.000000 0.232109 
117200.000000 27212.000000 0.232184 
117300.000000 27294.000000 0.232685 
117400.000000 27378.000000 0.233203 
117500.000000 27394.000000 0.233140 
117600.000000 27460.000000 0.233503 
117700.000000 27534.000000 0.233934 
117800.000000 27592.000000 0.234228 
117900.000000 27658.000000 0.234589 
118000.000000 27680.000000 0.234576 
118100.000000 27722.000000 0.234733 
118200.000000 27732.000000 0.234619 
118300.000000 27814.000000 0.235114 
118400.000000 27902.000000 0.235659 
118500.000000 27980.000000 0.236118 
118600.000000 28016.000000 0.236223 
118700.000000 28090.000000 0.236647 
118800.000000 28156.000000 0.237003 
118900.000000 28206.000000 0.237225 
119000.000000 28286.000000 0.237697 
119100.000000 28310.000000 0.237699 
119200.000000 28364.000000 0.237953 
119300.000000 28414.000000 0.238173 
119400.000000 28454.000000 0.238308 
119500.000000 28528.000000 0.238728 
119600.000000 28604.000000 0.239164 
119700.000000 28666.000000 0.239482 
119800.000000 28718.000000 0.239716 
119900.000000 28786.000000 0.240083 
120000.000000 28858.000000 0.240483 
120100.000000 28926.000000 0.240849 
120200.000000 28998.000000 0.241248 
120300.000000 29078.000000 0.241712 
120400.000000 29148.000000 0.242093 
120500.000000 29184.000000 0.242191 
120600.000000 29238.000000 0.242438 
120700.000000 29296.000000 0.242717 
120800.000000 29356.000000 0.243013 
120900.000000 29416.000000 0.243309 
121000.000000 29456.000000 0.243438 
121100.000000 29472.000000 0.243369 
121200.000000 29536.000000 0.243696 
121300.000000 29582.000000 0.243875 
121400.000000 29636.000000 0.244119 
121500.000000 29702.000000 0.244461 
121600.000000 29768.000000 0.244803 
121700.000000 29788.000000 0.244766 
121800.000000 29846.000000 0.245041 
121900.000000 29916.000000 0.245414 
122000.000000 29946.000000 0.245459 
122100.000000 30008.000000 0.245766 
122200.000000 30064.000000 0.246023 
122300.000000 30110.000000 0.246198 
122400.000000 30190.000000 0.246650 
122500.000000 30214.000000 0.246645 
122600.000000 30266.000000 0.246868 
122700.000000 30346.000000 0.247319 
122800.000000 30444.000000 0.247915 
122900.000000 30502.000000 0.248186 
123000.000000 30540.000000 0.248293 
123100.000000 30638.000000 0.248887 
123200.000000 30706.000000 0.249237 
123300.000000 30758.000000 0.249457 
123400.000000 30848.000000 0.249984 
123500.000000 30896.000000 0.250170 
123600.000000 30980.000000 0.250647 
123700.000000 31038.000000 0.250914 
123800.000000 31082.000000 0.251066 
123900.000000 31174.000000 0.251606 
124000.000000 31210.000000 0.251694 
124100.000000 31278.000000 0.252039 
124200.000000 31358.000000 0.252480 
124300.000000 31380.000000 0.252454 
124400.000000 31374.000000 0.252203 
124500.000000 31436.000000 0.252498 
124600.000000 31500.000000 0.252809 
124700.000000 31580.000000 0.253248 
124800.000000 31642.000000 0.253542 
124900.000000 31712.000000 0.253899 
125000.000000 31766.000000 0.254128 
125100.000000 31818.000000 0.254341 
125200.000000 31876.000000 0.254601 
125300.000000 31916.000000 0.254717 
125400.000000 32014.000000 0.255295 
125500.000000 32102.000000 0.255793 
125600.000000 32170.000000 0.256131 
125700.000000 32232.000000 0.256420 
125800.000000 32294.000000 0.256709 
125900.000000 32344.000000 0.256902 
126000.000000 32366.000000 0.256873 
126100.000000 32420.000000 0.257098 
126200.000000 32490.000000 0.257448 
126300.000000 32534.000000 0.257593 
126400.000000 32586.000000 0.257801 
126500.000000 32620.000000 0.257866 
126600.000000 32710.000000 0.258373 
126700.000000 32806.000000 0.258927 
126800.000000 32850.000000 0.259069 
126900.000000 32912.000000 0.259354 
127000.000000 32980.000000 0.259685 
127100.000000 32992.000000 0.259575 
127200.000000 33056.000000 0.259874 
127300.000000 33112.000000 0.260110 
127400.000000 33158.000000 0.260267 
127500.000000 33256.000000 0.260831 
127600.000000 33288.000000 0.260878 
127700.000000 33324.000000 0.260955 
127800.000000 33414.000000 0.261455 
127900.000000 33498.000000 0.261908 
128000.000000 33586.000000 0.262391 
128100.000000 33654.000000 0.262717 
128200.000000 33712.000000 0.262964 
128300.000000 33796.000000 0.263414 
128400.000000 33834.000000 0.263505 
128500.000000 33876.000000 0.263626 
128600.000000 33952.000000 0.264012 
128700.000000 34014.000000 0.264289 
128800.000000 34090.000000 0.264674 
128900.000000 34132.000000 0.264794 
129000.000000 34170.000000 0.264884 
129100.000000 34206.000000 0.264957 
129200.000000 34286.000000 0.265372 
129300.000000 34350.000000 0.265661 
129400.000000 34416.000000 0.265966 
129500.000000 34476.000000 0.266224 
129600.000000 34508.000000 0.266265 
129700.000000 34584.000000 0.266646 
129800.000000 34666.000000 0.267072 
129900.000000 34680.000000 0.266975 
130000.000000 34740.000000 0.267231 
130100.000000 34810.000000 0.267563 
130200.000000 34866.000000 0.267788 
130300.000000 34906.000000 0.267889 
130400.000000 34974.000000 0.268206 
130500.000000 35036.000000 0.268475 
130600.000000 35108.000000 0.268821 
130700.000000 35172.000000 0.269105 
130800.000000 35218.000000 0.269251 
130900.000000 35270.000000 0.269442 
131000.000000 35318.000000 0.269603 
131100.000000 35402.000000 0.270038 
131200.000000 35416.000000 0.269939 
131300.000000 35486.000000 0.270267 
131400.000000 35536.000000 0.270441 
131500.000000 35596.000000 0.270692 
131600.000000 35660.000000 0.270973 
131700.000000 35710.000000 0.271147 
131800.000000 35780.000000 0.271472 
131900.000000 35818.000000 0.271554 
132000.000000 35874.000000 0.271773 
132100.000000 35964.000000 0.272248 
132200.000000 36002.000000 0.272330 
132300.000000 36070.000000 0.272638 
132400.000000 36158.000000 0.273097 
132500.000000 36184.000000 0.273087 
132600.000000 36230.000000 0.273228 
132700.000000 36304.000000 0.273580 
132800.000000 36336.000000 0.273614 
132900.000000 36378.000000 0.273725 
133000.000000 36432.000000 0.273925 
133100.000000 36528.000000 0.274440 
133200.000000 36622.000000 0.274940 
133300.000000 36702.000000 0.275334 
133400.000000 36786.000000 0.275757 
133500.000000 36836.000000 0.275925 
133600.000000 36900.000000 0.276198 
133700.000000 36950.000000 0.276365 
133800.000000 37050.000000 0.276906 
133900.000000 37116.000000 0.277192 
134000.000000 37130.000000 0.277090 
134100.000000 37220.000000 0.277554 
134200.000000 37316.000000 0.278063 
134300.000000 37380.000000 0.278332 
134400.000000 37428.000000 0.278482 
134500.000000 37484.000000 0.278691 
134600.000000 37520.000000 0.278752 
134700.000000 37584.000000 0.279020 
134800.000000 37628.000000 0.279139 
134900.000000 37696.000000 0.279437 
135000.000000 37716.000000 0.279378 
135100.000000 37770.000000 0.279571 
135200.000000 37828.000000 0.279793 
135300.000000 37892.000000 0.280059 
135400.000000 37944.000000 0.280236 
135500.000000 38026.000000 0.280635 
135600.000000 38100.000000 0.280973 
135700.000000 38178.000000 0.281341 
135800.000000 38236.000000 0.281561 
135900.000000 38336.000000 0.282090 
136000.000000 38386.000000 0.282250 
136100.000000 38456.000000 0.282557 
136200.000000 38524.000000 0.282849 
136300.000000 38570.000000 0.282979 
136400.000000 38606.000000 0.283035 
136500.000000 38694.000000 0.283473 
136600.000000 38768.000000 0.283807 
136700.000000 38816.000000 0.283950 
136800.000000 38888.000000 0.284269 
136900.000000 38940.000000 0.284441 
137000.000000 39006.000000 0.284715 
137100.000000 39040.000000 0.284756 
137200.000000 39102.000000 0.285000 
137300.000000 39160.000000 0.285215 
137400.000000 39234.000000 0.285546 
137500.000000 39286.000000 0.285716 
137600.000000 39340.000000 0.285901 
137700.000000 39398.000000 0.286115 
137800.000000 39470.000000 0.286430 
137900.000000 39562.000000 0.286889 
138000.000000 39616.000000 0.287072 
138100.000000 39698.000000 0.287458 
138200.000000 39764.000000 0.287728 
138300.000000 39816.000000 0.287896 
138400.000000 39884.000000 0.288179 
138500.000000 39906.000000 0.288130 
138600.000000 39984.000000 0.288485 
138700.000000 40038.000000 0.288666 
138800.000000 40094.000000 0.288862 
138900.000000 40134.000000 0.288942 
139000.000000 40188.000000 0.289122 
139100.000000 40260.000000 0.289432 
139200.000000 40274.000000 0.289325 
139300.000000 40332.000000 0.289533 
139400.000000 40394.000000 0.289770 
139500.000000 40446.000000 0.289935 
139600.000000 40502.000000 0.290129 
139700.000000 40536.000000 0.290165 
139800.000000 40602.000000 0.290429 
139900.000000 40636.000000 0.290465 
140000.000000 40692.000000 0.290657 
140100.000000 40760.000000 0.290935 
140200.000000 40854.000000 0.291398 
140300.000000 40900.000000 0.291518 
140400.000000 40994.000000 0.291980 
140500.000000 41070.000000 0.292313 
140600.000000 41120.000000 0.292461 
140700.000000 41184.000000 0.292708 
140800.000000 41276.000000 0.293153 
140900.000000 41342.000000 0.293414 
141000.000000 41360.000000 0.293333 
141100.000000 41432.000000 0.293636 
141200.000000 41492.000000 0.293853 
141300.000000 41504.000000 0.293730 
141400.000000 41578.000000 0.294045 
141500.000000 41634.000000 0.294233 
141600.000000 41684.000000 0.294379 
141700.000000 41760.000000 0.294707 
141800.000000 41806.000000 0.294824 
141900.000000 41898.000000 0.295264 
142000.000000 41958.000000 0.295479 
142100.000000 42046.000000 0.295890 
142200.000000 42094.000000 0.296020 
142300.000000 42138.000000 0.296121 
142400.000000 42204.000000 0.296376 
142500.000000 42270.000000 0.296632 
142600.000000 42330.000000 0.296844 
142700.000000 42400.000000 0.297127 
142800.000000 42422.000000 0.297073 
142900.000000 42470.000000 0.297201 
143000.000000 42528.000000 0.297399 
143100.000000 42570.000000 0.297484 
143200.000000 42628.000000 0.297682 
143300.000000 42726.000000 0.298158 
143400.000000 42808.000000 0.298522 
143500.000000 42882.000000 0.298829 
143600.000000 42960.000000 0.299164 
143700.000000 43028.000000 0.299429 
143800.000000 43110.000000 0.299791 
143900.000000 43184.000000 0.300097 
144000.000000 43264.000000 0.300444 
144100.000000 43342.000000 0.300777 
144200.000000 43388.000000 0.300888 
144300.000000 43482.000000 0.301331 
144400.000000 43542.000000 0.301537 
144500.000000 43592.000000 0.301675 
144600.000000 43660.000000 0.301936 
144700.000000 43724.000000 0.302170 
144800.000000 43762.000000 0.302224 
144900.000000 43842.000000 0.302567 
145000.000000 43894.000000 0.302717 
145100.000000 43970.000000 0.303032 
145200.000000 44052.000000 0.303388 
145300.000000 44074.000000 0.303331 
145400.000000 44136.000000 0.303549 
145500.000000 44196.000000 0.303753 
145600.000000 44252.000000 0.303929 
145700.000000 44314.000000 0.304146 
145800.000000 44338.000000 0.304101 
145900.000000 44396.000000 0.304291 
146000.000000 44454.000000 0.304479 
146100.000000 44498.000000 0.304572 
146200.000000 44554.000000 0.304747 
146300.000000 44586.000000 0.304757 
146400.000000 44620.000000 0.304781 
146500.000000 44694.000000 0.305079 
146600.000000 44716.000000 0.305020 
146700.000000 44758.000000 0.305099 
146800.000000 44776.000000 0.305014 
146900.000000 44812.000000 0.305051 
147000.000000 44846.000000 0.305075 
147100.000000 44930.000000 0.305438 
147200.000000 44996.000000 0.305679 
147300.000000 45052.000000 0.305852 
147400.000000 45060.000000 0.305699 
147500.000000 45096.000000 0.305736 
147600.000000 45162.000000 0.305976 
147700.000000 45256.000000 0.306405 
147800.000000 45346.000000 0.306807 
147900.000000 45418.000000 0.307086 
148000.000000 45500.000000 0.307432 
148100.000000 45564.000000 0.307657 
148200.000000 45614.000000 0.307787 
148300.000000 45696.000000 0.308132 
148400.000000 45726.000000 0.308127 
148500.000000 45734.000000 0.307973 
148600.000000 45826.000000 0.308385 
148700.000000 45866.000000 0.308447 
148800.000000 45948.000000 0.308790 
148900.000000 45956.000000 0.308637 
149000.000000 45988.000000 0.308644 
149100.000000 46048.000000 0.308840 
149200.000000 46052.000000 0.308660 
149300.000000 46080.000000 0.308640 
149400.000000 46130.000000 0.308768 
149500.000000 46174.000000 0.308856 
149600.000000 46226.000000 0.308997 
149700.000000 46308.000000 0.309339 
149800.000000 46374.000000 0.309573 
149900.000000 46468.000000 0.309993 
150000.000000 46544.000000 0.310293 
150100.000000 46560.000000 0.310193 
150200.000000 46618.000000 0.310373 
150300.000000 46682.000000 0.310592 
150400.000000 46744.000000 0.310798 
150500.000000 46788.000000 0.310884 
150600.000000 46884.000000 0.311315 
150700.000000 46938.000000 0.311466 
150800.000000 46972.000000 0.311485 
150900.000000 47070.000000 0.311928 
151000.000000 47128.000000 0.312106 
151100.000000 47162.000000 0.312124 
151200.000000 47204.000000 0.312196 
151300.000000 47256.000000 0.312333 
151400.000000 47330.000000 0.312616 
151500.000000 47366.000000 0.312647 
151600.000000 47444.000000 0.312955 
151700.000000 47502.000000 0.313131 
151800.000000 47586.000000 0.313478 
151900.000000 47682.000000 0.313904 
152000.000000 47738.000000 0.314066 
152100.000000 47786.000000 0.314175 
152200.000000 47840.000000 0.314323 
152300.000000 47876.000000 0.314353 
152400.000000 47936.000000 0.314541 
152500.000000 47994.000000 0.314715 
152600.000000 48062.000000 0.314954 
152700.000000 48112.000000 0.315075 
152800.000000 48202.000000 0.315458 
152900.000000 48270.000000 0.315697 
153000.000000 48296.000000 0.315660 
153100.000000 48374.000000 0.315963 
153200.000000 48434.000000 0.316149 
153300.000000 48470.000000 0.316177 
153400.000000 48528.000000 0.316349 
153500.000000 48580.000000 0.316482 
153600.000000 48656.000000 0.316771 
153700.000000 48688.000000 0.316773 
153800.000000 48748.000000 0.316957 
153900.000000 48836.000000 0.317323 
154000.000000 48888.000000 0.317455 
154100.000000 48932.000000 0.317534 
154200.000000 48988.000000 0.317691 
154300.000000 49062.000000 0.317965 
154400.000000 49138.000000 0.318251 
154500.000000 49210.000000 0.318511 
154600.000000 49264.000000 0.318655 
154700.000000 49290.000000 0.318617 
154800.000000 49338.000000 0.318721 
154900.000000 49370.000000 0.318722 
155000.000000 49358.000000 0.318439 
155100.000000 49378.000000 0.318362 
155200.000000 49448.000000 0.318608 
155300.000000 49500.000000 0.318738 
155400.000000 49544.000000 0.318816 
155500.000000 49568.000000 0.318765 
155600.000000 49634.000000 0.318985 
155700.000000 49690.000000 0.319139 
155800.000000 49754.000000 0.319345 
155900.000000 49758.000000 0.319166 
156000.000000 49836.000000 0.319462 
156100.000000 49878.000000 0.319526 
156200.000000 49928.000000 0.319641 
156300.000000 49998.000000 0.319885 
156400.000000 50082.000000 0.320217 
156500.000000 50130.000000 0.320320 
156600.000000 50212.000000 0.320639 
156700.000000 50268.000000 0.320791 
156800.000000 50292.000000 0.320740 
156900.000000 50336.000000 0.320816 
157000.000000 50382.000000 0.320904 
157100.000000 50448.000000 0.321120 
157200.000000 50504.000000 0.321272 
157300.000000 50598.000000 0.321666 
157400.000000 50644.000000 0.321754 
157500.000000 50722.000000 0.322044 
157600.000000 50780.000000 0.322208 
157700.000000 50862.000000 0.322524 
157800.000000 50946.000000 0.322852 
157900.000000 51012.000000 0.323065 
158000.000000 51092.000000 0.323367 
158100.000000 51152.000000 0.323542 
158200.000000 51202.000000 0.323654 
158300.000000 51272.000000 0.323891 
158400.000000 51328.000000 0.324040 
158500.000000 51372.000000 0.324114 
158600.000000 51416.000000 0.324187 
158700.000000 51460.000000 0.324260 
158800.000000 51478.000000 0.324169 
158900.000000 51554.000000 0.324443 
159000.000000 51614.000000 0.324616 
159100.000000 51654.000000 0.324664 
159200.000000 51708.000000 0.324799 
159300.000000 51724.000000 0.324696 
159400.000000 51788.000000 0.324893 
159500.000000 51856.000000 0.325116 
159600.000000 51940.000000 0.325439 
159700.000000 51992.000000 0.325560 
159800.000000 52022.000000 0.325544 
159900.000000 52070.000000 0.325641 
160000.000000 52144.000000 0.325900 
160100.000000 52208.000000 0.326096 
160200.000000 52244.000000 0.326117 
160300.000000 52312.000000 0.326338 
160400.000000 52362.000000 0.326446 
160500.000000 52414.000000 0.326567 
160600.000000 52458.000000 0.326638 
160700.000000 52530.000000 0.326882 
160800.000000 52606.000000 0.327152 
160900.000000 52678.000000 0.327396 
161000.000000 52712.000000 0.327404 
161100.000000 52760.000000 0.327498 
161200.000000 52838.000000 0.327779 
161300.000000 52894.000000 0.327923 
161400.000000 52966.000000 0.328166 
161500.000000 53016.000000 0.328272 
161600.000000 53024.000000 0.328119 
161700.000000 53118.000000 0.328497 
161800.000000 53170.000000 0.328616 
161900.000000 53220.000000 0.328721 
162000.000000 53258.000000 0.328753 
162100.000000 53324.000000 0.328957 
162200.000000 53360.000000 0.328977 
162300.000000 53432.000000 0.329217 
162400.000000 53500.000000 0.329434 
162500.000000 53548.000000 0.329526 
162600.000000 53620.000000 0.329766 
162700.000000 53702.000000 0.330068 
162800.000000 53764.000000 0.330246 
162900.000000 53842.000000 0.330522 
163000.000000 53886.000000 0.330589 
163100.000000 53954.000000 0.330803 
163200.000000 53996.000000 0.330858 
163300.000000 54056.000000 0.331023 
163400.000000 54134.000000 0.331297 
163500.000000 54202.000000 0.331511 
163600.000000 54258.000000 0.331650 
163700.000000 54346.000000 0.331985 
163800.000000 54404.000000 0.332137 
163900.000000 54474.000000 0.332361 
164000.000000 54554.000000 0.332646 
164100.000000 54590.000000 0.332663 
164200.000000 54666.000000 0.332923 
164300.000000 54704.000000 0.332952 
164400.000000 54748.000000 0.333017 
164500.000000 54840.000000 0.333374 
164600.000000 54886.000000 0.333451 
164700.000000 54970.000000 0.333758 
164800.000000 55056.000000 0.334078 
164900.000000 55130.000000 0.334324 
165000.000000 55208.000000 0.334594 
165100.000000 55248.000000 0.334634 
165200.000000 55326.000000 0.334903 
165300.000000 55352.000000 0.334858 
165400.000000 55374.000000 0.334788 
165500.000000 55452.000000 0.335057 
165600.000000 55530.000000 0.335326 
165700.000000 55590.000000 0.335486 
165800.000000 55648.000000 0.335633 
165900.000000 55722.000000 0.335877 
166000.000000 55808.000000 0.336193 
166100.000000 55894.000000 0.336508 
166200.000000 55952.000000 0.336655 
166300.000000 56020.000000 0.336861 
166400.000000 56094.000000 0.337103 
166500.000000 56128.000000 0.337105 
166600.000000 56192.000000 0.337287 
166700.000000 56236.000000 0.337349 
166800.000000 56292.000000 0.337482 
166900.000000 56332.000000 0.337519 
167000.000000 56402.000000 0.337737 
167100.000000 56436.000000 0.337738 
167200.000000 56512.000000 0.337990 
167300.000000 56582.000000 0.338207 
167400.000000 56632.000000 0.338303 
167500.000000 56698.000000 0.338496 
167600.000000 56736.000000 0.338520 
167700.000000 56748.000000 0.338390 
167800.000000 56812.000000 0.338570 
167900.000000 56880.000000 0.338773 
168000.000000 56928.000000 0.338857 
168100.000000 56996.000000 0.339060 
168200.000000 57038.000000 0.339108 
168300.000000 57082.000000 0.339168 
168400.000000 57168.000000 0.339477 
168500.000000 57196.000000 0.339442 
168600.000000 57290.000000 0.339798 
168700.000000 57342.000000 0.339905 
168800.000000 57404.000000 0.340071 
168900.000000 57430.000000 0.340024 
169000.000000 57484.000000 0.340142 
169100.000000 57572.000000 0.340461 
169200.000000 57654.000000 0.340745 
169300.000000 57684.000000 0.340721 
169400.000000 57710.000000 0.340673 
169500.000000 57778.000000 0.340873 
169600.000000 57794.000000 0.340767 
169700.000000 57854.000000 0.340919 
169800.000000 57868.000000 0.340801 
169900.000000 57914.000000 0.340871 
170000.000000 57978.000000 0.341047 
170100.000000 58014.000000 0.341058 
170200.000000 58004.000000 0.340799 
170300.000000 58082.000000 0.341057 
170400.000000 58140.000000 0.341197 
170500.000000 58204.000000 0.341372 
170600.000000 58252.000000 0.341454 
170700.000000 58328.000000 0.341699 
170800.000000 58352.000000 0.341639 
170900.000000 58420.000000 0.341837 
171000.000000 58476.000000 0.341965 
171100.000000 58522.000000 0.342034 
171200.000000 58588.000000 0.342220 
171300.000000 58648.000000 0.342370 
171400.000000 58694.000000 0.342439 
171500.000000 58772.000000 0.342694 
171600.000000 58834.000000 0.342855 
171700.000000 58902.000000 0.343052 
171800.000000 58950.000000 0.343132 
171900.000000 59044.000000 0.343479 
172000.000000 59130.000000 0.343779 
172100.000000 59152.000000 0.343707 
172200.000000 59172.000000 0.343624 
172300.000000 59200.000000 0.343587 
172400.000000 59238.000000 0.343608 
172500.000000 59288.000000 0.343699 
172600.000000 59334.000000 0.343766 
172700.000000 59390.000000 0.343891 
172800.000000 59430.000000 0.343924 
172900.000000 59480.000000 0.344014 
173000.000000 59524.000000 0.344069 
173100.000000 59598.000000 0.344298 
173200.000000 59622.000000 0.344238 
173300.000000 59632.000000 0.344097 
173400.000000 59660.000000 0.344060 
173500.000000 59724.000000 0.344231 
173600.000000 59770.000000 0.344297 
173700.000000 59848.000000 0.344548 
173800.000000 59892.000000 0.344603 
173900.000000 59920.000000 0.344566 
174000.000000 59956.000000 0.344575 
174100.000000 59994.000000 0.344595 
174200.000000 60052.000000 0.344730 
174300.000000 60100.000000 0.344808 
174400.000000 60170.000000 0.345011 
174500.000000 60206.000000 0.345020 
174600.000000 60280.000000 0.345246 
174700.000000 60318.000000 0.345266 
174800.000000 60376.000000 0.345400 
174900.000000 60440.000000 0.345569 
175000.000000 60506.000000 0.345749 
175100.000000 60544.000000 0.345768 
175200.000000 60590.000000 0.345833 
175300.000000 60654.000000 0.346001 
175400.000000 60740.000000 0.346294 
175500.000000 60814.000000 0.346519 
175600.000000 60856.000000 0.346560 
175700.000000 60904.000000 0.346636 
175800.000000 60954.000000 0.346724 
175900.000000 61008.000000 0.346833 
176000.000000 61050.000000 0.346875 
176100.000000 61082.000000 0.346860 
176200.000000 61136.000000 0.346969 
176300.000000 61192.000000 0.347090 
176400.000000 61254.000000 0.347245 
176500.000000 61294.000000 0.347275 
176600.000000 61336.000000 0.347316 
176700.000000 61388.000000 0.347414 
176800.000000 61474.000000 0.347704 
176900.000000 61500.000000 0.347654 
177000.000000 61580.000000 0.347910 
177100.000000 61634.000000 0.348018 
177200.000000 61690.000000 0.348138 
177300.000000 61790.000000 0.348505 
177400.000000 61862.000000 0.348715 
177500.000000 61920.000000 0.348845 
177600.000000 61952.000000 0.348829 
177700.000000 61976.000000 0.348768 
177800.000000 62058.000000 0.349033 
177900.000000 62098.000000 0.349061 
178000.000000 62116.000000 0.348966 
178100.000000 62186.000000 0.349163 
178200.000000 62180.000000 0.348934 
178300.000000 62226.000000 0.348996 
178400.000000 62300.000000 0.349215 
178500.000000 62356.000000 0.349333 
178600.000000 62402.000000 0.349395 
178700.000000 62478.000000 0.349625 
178800.000000 62530.000000 0.349720 
178900.000000 62600.000000 0.349916 
179000.000000 62656.000000 0.350034 
179100.000000 62692.000000 0.350039 
179200.000000 62692.000000 0.349844 
179300.000000 62758.000000 0.350017 
179400.000000 62806.000000 0.350089 
179500.000000 62836.000000 0.350061 
179600.000000 62918.000000 0.350323 
179700.000000 62938.000000 0.350239 
179800.000000 62940.000000 0.350056 
179900.000000 62972.000000 0.350039 
180000.000000 63050.000000 0.350278 
180100.000000 63142.000000 0.350594 
180200.000000 63198.000000 0.350710 
180300.000000 63248.000000 0.350793 
180400.000000 63312.000000 0.350953 
180500.000000 63352.000000 0.350981 
180600.000000 63400.000000 0.351052 
180700.000000 63418.000000 0.350957 
180800.000000 63432.000000 0.350841 
180900.000000 63500.000000 0.351023 
181000.000000 63568.000000 0.351204 
181100.000000 63576.000000 0.351055 
181200.000000 63628.000000 0.351148 
181300.000000 63692.000000 0.351307 
181400.000000 63744.000000 0.351400 
181500.000000 63790.000000 0.351460 
181600.000000 63850.000000 0.351597 
181700.000000 63906.000000 0.351712 
181800.000000 63988.000000 0.351969 
181900.000000 64036.000000 0.352040 
182000.000000 64086.000000 0.352121 
182100.000000 64150.000000 0.352279 
182200.000000 64246.000000 0.352613 
182300.000000 64274.000000 0.352573 
182400.000000 64332.000000 0.352697 
182500.000000 64388.000000 0.352811 
182600.000000 64460.000000 0.353012 
182700.000000 64534.000000 0.353224 
182800.000000 64576.000000 0.353260 
182900.000000 64656.000000 0.353505 
183000.000000 64666.000000 0.353366 
183100.000000 64708.000000 0.353403 
183200.000000 64768.000000 0.353537 
183300.000000 64778.000000 0.353399 
183400.000000 64814.000000 0.353402 
183500.000000 64866.000000 0.353493 
183600.000000 64918.000000 0.353584 
183700.000000 64934.000000 0.353478 
183800.000000 65004.000000 0.353667 
183900.000000 65076.000000 0.353866 
184000.000000 65086.000000 0.353728 
184100.000000 65136.000000 0.353808 
184200.000000 65198.000000 0.353952 
184300.000000 65242.000000 0.353999 
184400.000000 65328.000000 0.354273 
184500.000000 65412.000000 0.354537 
184600.000000 65498.000000 0.354810 
184700.000000 65516.000000 0.354716 
184800.000000 65604.000000 0.355000 
184900.000000 65664.000000 0.355132 
185000.000000 65692.000000 0.355092 
185100.000000 65760.000000 0.355267 
185200.000000 65790.000000 0.355238 
185300.000000 65882.000000 0.355542 
185400.000000 65910.000000 0.355502 
185500.000000 65966.000000 0.355612 
185600.000000 66040.000000 0.355819 
185700.000000 66110.000000 0.356004 
185800.000000 66148.000000 0.356017 
185900.000000 66226.000000 0.356245 
186000.000000 66278.000000 0.356333 
186100.000000 66332.000000 0.356432 
186200.000000 66402.000000 0.356617 
186300.000000 66496.000000 0.356930 
186400.000000 66558.000000 0.357071 
186500.000000 66606.000000 0.357137 
186600.000000 66640.000000 0.357128 
186700.000000 66692.000000 0.357215 
186800.000000 66724.000000 0.357195 
186900.000000 66780.000000 0.357303 
187000.000000 66838.000000 0.357422 
187100.000000 66868.000000 0.357392 
187200.000000 66930.000000 0.357532 
187300.000000 67000.000000 0.357715 
187400.000000 67074.000000 0.357919 
187500.000000 67138.000000 0.358069 
187600.000000 67180.000000 0.358102 
187700.000000 67220.000000 0.358125 
187800.000000 67288.000000 0.358296 
187900.000000 67328.000000 0.358318 
188000.000000 67360.000000 0.358298 
188100.000000 67416.000000 0.358405 
188200.000000 67468.000000 0.358491 
188300.000000 67540.000000 0.358683 
188400.000000 67592.000000 0.358769 
188500.000000 67620.000000 0.358727 
188600.000000 67668.000000 0.358791 
188700.000000 67758.000000 0.359078 
188800.000000 67788.000000 0.359047 
188900.000000 67836.000000 0.359111 
189000.000000 67892.000000 0.359217 
189100.000000 67970.000000 0.359439 
189200.000000 68036.000000 0.359598 
189300.000000 68098.000000 0.359736 
189400.000000 68152.000000 0.359831 
189500.000000 68232.000000 0.360063 
189600.000000 68284.000000 0.360148 
189700.000000 68328.000000 0.360190 
189800.000000 68400.000000 0.360379 
189900.000000 68482.000000 0.360621 
190000.000000 68470.000000 0.360368 
190100.000000 68534.000000 0.360516 
190200.000000 68604.000000 0.360694 
190300.000000 68662.000000 0.360809 
190400.000000 68728.000000 0.360966 
190500.000000 68794.000000 0.361123 
190600.000000 68870.000000 0.361333 
190700.000000 68928.000000 0.361447 
190800.000000 68974.000000 0.361499 
190900.000000 69016.000000 0.361530 
191000.000000 69102.000000 0.361791 
191100.000000 69146.000000 0.361832 
191200.000000 69206.000000 0.361956 
191300.000000 69284.000000 0.362175 
191400.000000 69342.000000 0.362288 
191500.000000 69394.000000 0.362371 
191600.000000 69440.000000 0.362422 
191700.000000 69478.000000 0.362431 
191800.000000 69522.000000 0.362471 
191900.000000 69578.000000 0.362574 
192000.000000 69650.000000 0.362760 
192100.000000 69714.000000 0.362905 
192200.000000 69732.000000 0.362810 
192300.000000 69792.000000 0.362933 
192400.000000 69834.000000 0.362963 
192500.000000 69874.000000 0.362982 
192600.000000 69910.000000 0.362980 
192700.000000 69954.000000 0.363020 
192800.000000 70042.000000 0.363288 
192900.000000 70098.000000 0.363390 
193000.000000 70164.000000 0.363544 
193100.000000 70226.000000 0.363677 
193200.000000 70272.000000 0.363727 
193300.000000 70330.000000 0.363839 
193400.000000 70364.000000 0.363826 
193500.000000 70414.000000 0.363897 
193600.000000 70458.000000 0.363936 
193700.000000 70506.000000 0.363996 
193800.000000 70600.000000 0.364293 
193900.000000 70662.000000 0.364425 
194000.000000 70714.000000 0.364505 
194100.000000 70756.000000 0.364534 
194200.000000 70848.000000 0.364820 
194300.000000 70898.000000 0.364889 
194400.000000 70980.000000 0.365123 
194500.000000 71002.000000 0.365049 
194600.000000 71100.000000 0.365365 
194700.000000 71146.000000 0.365413 
194800.000000 71214.000000 0.365575 
194900.000000 71288.000000 0.365767 
195000.000000 71286.000000 0.365569 
195100.000000 71350.000000 0.365710 
195200.000000 71422.000000 0.365891 
195300.000000 71492.000000 0.366062 
195400.000000 71510.000000 0.365967 
195500.000000 71562.000000 0.366046 
195600.000000 71626.000000 0.366186 
195700.000000 71696.000000 0.366357 
195800.000000 71716.000000 0.366272 
195900.000000 71770.000000 0.366360 
196000.000000 71850.000000 0.366582 
196100.000000 71924.000000 0.366772 
196200.000000 71986.000000 0.366901 
196300.000000 72058.000000 0.367081 
196400.000000 72100.000000 0.367108 
196500.000000 72148.000000 0.367165 
196600.000000 72194.000000 0.367213 
196700.000000 72246.000000 0.367290 
196800.000000 72290.000000 0.367327 
196900.000000 72386.000000 0.367628 
197000.000000 72456.000000 0.367797 
197100.000000 72538.000000 0.368026 
197200.000000 72624.000000 0.368276 
197300.000000 72642.000000 0.368180 
197400.000000 72708.000000 0.368328 
197500.000000 72744.000000 0.368324 
197600.000000 72808.000000 0.368462 
197700.000000 72854.000000 0.368508 
197800.000000 72930.000000 0.368706 
197900.000000 73006.000000 0.368903 
198000.000000 73058.000000 0.368980 
198100.000000 73122.000000 0.369117 
198200.000000 73158.000000 0.369112 
198300.000000 73210.000000 0.369188 
198400.000000 73284.000000 0.369375 
198500.000000 73362.000000 0.369582 
198600.000000 73394.000000 0.369557 
198700.000000 73438.000000 0.369592 
198800.000000 73494.000000 0.369688 
198900.000000 73576.000000 0.369915 
199000.000000 73652.000000 0.370111 
199100.000000 73716.000000 0.370246 
199200.000000 73786.000000 0.370412 
199300.000000 73866.000000 0.370627 
199400.000000 73904.000000 0.370632 
199500.000000 73930.000000 0.370576 
199600.000000 74006.000000 0.370772 
199700.000000 74072.000000 0.370916 
199800.000000 74122.000000 0.370981 
199900.000000 74178.000000 0.371076 
200000.000000 74220.000000 0.371100 
