100.000000 27.000000 0.824506 153.061798 
200.000000 26.000000 3.850414 302.959869 
300.000000 21.000000 -1.126778 586.361267 
400.000000 27.000000 10.028902 357.065369 
500.000000 8.000000 9.837154 114.204514 
600.000000 6.000000 -1.006300 131.794357 
700.000000 0.000000 -2.548452 108.313538 
800.000000 1.000000 -9.427341 109.765617 
900.000000 4.000000 -9.670523 139.141129 
1000.000000 13.000000 -9.175654 346.753876 
1100.000000 4.000000 6.303356 124.435356 
1200.000000 12.000000 -15.159967 221.839783 
1300.000000 0.000000 -7.752554 237.087036 
1400.000000 26.000000 -8.828986 333.517883 
1500.000000 7.000000 -11.622458 641.087097 
1600.000000 22.000000 -3.686193 441.606720 
1700.000000 20.000000 -12.192744 771.331726 
1800.000000 20.000000 -15.212665 1008.793945 
1900.000000 18.000000 -4.030653 972.834961 
2000.000000 27.000000 -11.460159 927.155029 
2100.000000 24.000000 -8.968370 803.496216 
2200.000000 0.000000 -9.185457 444.190704 
2300.000000 16.000000 -10.918924 348.983612 
2400.000000 0.000000 -7.941468 198.463684 
2500.000000 7.000000 -5.162820 353.249023 
2600.000000 14.000000 -6.554285 242.332535 
2700.000000 27.000000 -15.007212 837.780884 
2800.000000 22.000000 -9.706507 1156.566284 
2900.000000 20.000000 -7.341862 1133.311768 
3000.000000 22.000000 -9.772741 1044.672119 
3100.000000 20.000000 -9.372341 1162.591064 
3200.000000 16.000000 -15.188241 1225.389404 
3300.000000 0.000000 -13.164178 652.491394 
3400.000000 14.000000 -3.475890 270.819305 
3500.000000 17.000000 1.434076 184.042480 
3600.000000 1.000000 -3.784019 30.271263 
3700.000000 27.000000 -9.580261 140.230316 
3800.000000 27.000000 -5.078603 649.782593 
3900.000000 9.000000 -3.178475 693.027954 
4000.000000 4.000000 1.995801 222.175797 
4100.000000 0.000000 -3.543796 57.256088 
4200.000000 0.000000 -3.760792 29.677073 
4300.000000 20.000000 -8.191169 96.047180 
4400.000000 24.000000 -9.719119 318.307312 
4500.000000 15.000000 -11.091640 503.371979 
4600.000000 23.000000 -8.782833 461.299927 
4700.000000 27.000000 -10.910833 869.565125 
4800.000000 27.000000 -13.182853 1151.921753 
4900.000000 6.000000 -14.277216 924.732727 
5000.000000 27.000000 -13.095206 1069.714478 
5100.000000 14.000000 -8.666301 1197.180542 
5200.000000 20.000000 -8.622223 585.233276 
5300.000000 10.000000 -7.344682 312.325226 
5400.000000 24.000000 -3.760175 532.457886 
5500.000000 0.000000 5.954002 180.420471 
5600.000000 18.000000 1.568904 21.893309 
5700.000000 2.000000 2.500437 23.608339 
5800.000000 0.000000 3.656162 5.527949 
5900.000000 5.000000 4.650097 4.871716 
6000.000000 7.000000 4.097567 1.599504 
6100.000000 11.000000 10.864308 15.395715 
6200.000000 14.000000 5.351930 5.824366 
6300.000000 25.000000 -7.406156 341.946259 
6400.000000 14.000000 -7.868508 751.334106 
6500.000000 0.000000 6.097844 160.191315 
6600.000000 8.000000 14.901052 5.023590 
6700.000000 0.000000 14.028319 48.225876 
6800.000000 0.000000 14.582405 73.057732 
6900.000000 9.000000 14.496330 4.483547 
7000.000000 8.000000 -0.277094 53.134972 
7100.000000 8.000000 -9.835288 82.738197 
7200.000000 5.000000 -6.496325 97.917091 
7300.000000 19.000000 3.110376 266.781860 
7400.000000 18.000000 7.155505 182.220306 
7500.000000 0.000000 11.280622 3.255136 
7600.000000 0.000000 15.000000 36.763973 
7700.000000 26.000000 13.293633 2.827863 
7800.000000 27.000000 4.238348 31.822218 
7900.000000 11.000000 14.864297 61.545998 
8000.000000 4.000000 10.092773 5.283386 
8100.000000 12.000000 9.393230 10.104154 
8200.000000 21.000000 14.446578 11.514220 
8300.000000 27.000000 14.568188 94.293198 
8400.000000 22.000000 7.532780 147.710388 
8500.000000 25.000000 11.466596 82.333656 
8600.000000 14.000000 14.954553 4.999214 
8700.000000 1.000000 15.000000 31.328465 
8800.000000 23.000000 11.695535 21.137636 
8900.000000 27.000000 9.333352 82.599480 
9000.000000 15.000000 13.565524 1.105457 
9100.000000 1.000000 12.517359 0.038925 
9200.000000 14.000000 5.538193 8.682825 
9300.000000 23.000000 7.603897 149.595963 
9400.000000 27.000000 7.690323 228.909286 
9500.000000 27.000000 6.974176 218.435898 
9600.000000 14.000000 15.000000 184.212036 
9700.000000 27.000000 10.676097 89.826279 
9800.000000 27.000000 9.730681 136.001373 
9900.000000 22.000000 -3.755399 241.146561 
10000.000000 15.000000 8.344965 253.546951 
10100.000000 16.000000 8.827427 8.135116 
10200.000000 20.000000 6.233022 69.958160 
10300.000000 0.000000 15.000000 7.084609 
10400.000000 12.000000 12.726995 28.826397 
10500.000000 16.000000 14.937390 17.329245 
10600.000000 23.000000 8.883997 87.139931 
10700.000000 27.000000 9.762045 133.292511 
10800.000000 9.000000 13.844126 69.805557 
10900.000000 23.000000 9.929946 2.006284 
11000.000000 9.000000 12.669405 0.552149 
11100.000000 27.000000 15.000000 0.278073 
11200.000000 10.000000 14.048964 7.617700 
11300.000000 27.000000 3.891394 56.168369 
11400.000000 26.000000 13.770200 22.158369 
11500.000000 6.000000 13.811648 9.806451 
11600.000000 0.000000 0.499898 3.527632 
11700.000000 9.000000 8.821260 0.711445 
11800.000000 27.000000 9.274412 52.162384 
11900.000000 0.000000 15.000000 0.864858 
12000.000000 9.000000 14.495326 47.081966 
12100.000000 0.000000 15.000000 103.783775 
12200.000000 27.000000 12.837184 0.247530 
12300.000000 0.000000 15.000000 6.241500 
12400.000000 14.000000 13.383270 6.903849 
12500.000000 4.000000 -0.309094 1.623401 
12600.000000 26.000000 -4.227446 144.068008 
12700.000000 2.000000 0.759298 138.133133 
12800.000000 12.000000 0.309182 114.152458 
12900.000000 27.000000 5.257018 218.908447 
13000.000000 14.000000 10.086004 112.352989 
13100.000000 17.000000 7.689395 0.000664 
13200.000000 16.000000 2.361498 72.778519 
13300.000000 27.000000 -4.065163 262.913055 
13400.000000 0.000000 4.255553 450.793304 
13500.000000 22.000000 14.412537 104.487762 
13600.000000 22.000000 8.798234 104.233177 
13700.000000 24.000000 9.630887 219.725845 
13800.000000 19.000000 11.359058 88.304153 
13900.000000 20.000000 11.010748 204.475189 
14000.000000 9.000000 8.880527 48.187153 
14100.000000 21.000000 -5.284433 269.421631 
14200.000000 15.000000 6.020488 232.767441 
14300.000000 1.000000 5.656486 72.830971 
14400.000000 26.000000 14.890660 88.473358 
14500.000000 12.000000 13.527701 1.073786 
14600.000000 7.000000 6.617238 17.495718 
14700.000000 9.000000 2.452214 27.319971 
14800.000000 2.000000 14.373574 0.206454 
14900.000000 24.000000 -1.447852 4.627090 
15000.000000 12.000000 3.644002 29.144676 
15100.000000 23.000000 11.591152 93.397682 
15200.000000 20.000000 12.332035 141.641632 
15300.000000 14.000000 7.325249 61.958298 
15400.000000 15.000000 -2.655123 258.178253 
15500.000000 16.000000 1.184294 372.806091 
15600.000000 16.000000 2.610892 252.433044 
15700.000000 0.000000 -6.377616 269.553528 
15800.000000 0.000000 15.000000 10.759243 
15900.000000 26.000000 1.871313 23.025154 
16000.000000 4.000000 9.771338 9.712552 
16100.000000 21.000000 11.037495 84.804428 
16200.000000 0.000000 15.000000 45.512798 
16300.000000 23.000000 10.866891 30.654026 
16400.000000 24.000000 8.306326 125.169563 
16500.000000 15.000000 15.000000 77.668289 
16600.000000 3.000000 10.429285 0.692183 
16700.000000 8.000000 12.764474 21.493555 
16800.000000 9.000000 -1.359976 33.734577 
16900.000000 16.000000 -1.558091 128.817978 
17000.000000 0.000000 -0.189761 90.777710 
17100.000000 0.000000 1.189330 24.299807 
17200.000000 26.000000 -5.578590 87.057068 
17300.000000 27.000000 0.514718 481.177582 
17400.000000 10.000000 2.260066 711.121338 
17500.000000 17.000000 14.628407 71.454872 
17600.000000 7.000000 -5.339231 115.442337 
17700.000000 23.000000 -6.723942 302.216492 
17800.000000 27.000000 2.512216 413.467743 
17900.000000 9.000000 -3.020467 382.531860 
18000.000000 27.000000 -8.527552 637.446533 
18100.000000 4.000000 -4.858540 373.187439 
18200.000000 15.000000 3.975590 126.038872 
18300.000000 14.000000 -1.505504 85.438477 
18400.000000 3.000000 8.937136 114.227547 
18500.000000 27.000000 -8.119917 418.233276 
18600.000000 1.000000 -7.826754 241.908432 
18700.000000 0.000000 2.551186 156.414337 
18800.000000 15.000000 0.688813 119.639000 
18900.000000 0.000000 -4.219553 164.552063 
19000.000000 3.000000 -4.783946 62.364979 
19100.000000 12.000000 1.959708 166.360977 
19200.000000 2.000000 7.061084 85.461067 
19300.000000 2.000000 4.703863 31.625139 
19400.000000 0.000000 -2.078399 3.854237 
19500.000000 27.000000 -6.895485 200.757874 
19600.000000 27.000000 -7.013667 702.271545 
19700.000000 27.000000 -8.857469 1018.909302 
19800.000000 19.000000 -9.303682 1158.664307 
19900.000000 26.000000 -5.157792 729.807739 
20000.000000 22.000000 -9.358313 865.763428 
20100.000000 6.000000 -13.047211 1033.792603 
20200.000000 0.000000 -15.051208 508.984741 
20300.000000 1.000000 -16.000000 430.668579 
20400.000000 14.000000 -5.000250 497.266479 
20500.000000 27.000000 -7.389343 487.710693 
20600.000000 0.000000 -11.544758 346.872009 
20700.000000 13.000000 -14.189445 441.738434 
20800.000000 0.000000 -12.169662 484.635345 
20900.000000 24.000000 -3.495696 323.102356 
21000.000000 20.000000 -7.840796 673.624084 
21100.000000 10.000000 -10.929201 727.833740 
21200.000000 27.000000 -12.947550 822.618225 
21300.000000 13.000000 -11.162888 463.248688 
21400.000000 26.000000 -6.247565 568.908691 
21500.000000 4.000000 2.760800 350.828613 
21600.000000 19.000000 -11.229484 349.291595 
21700.000000 5.000000 -7.747236 315.791687 
21800.000000 11.000000 -7.019031 197.412292 
21900.000000 4.000000 -12.199375 299.824249 
22000.000000 18.000000 -12.000793 611.544861 
22100.000000 1.000000 -9.238964 541.415100 
22200.000000 0.000000 -9.804026 204.713852 
22300.000000 0.000000 -8.704815 173.610916 
22400.000000 3.000000 -15.882814 165.633026 
22500.000000 0.000000 -9.109249 527.525391 
22600.000000 3.000000 -6.063775 270.093719 
22700.000000 14.000000 -1.022206 282.775726 
22800.000000 4.000000 -9.271891 234.357269 
22900.000000 11.000000 -9.032130 553.046448 
23000.000000 11.000000 -13.464623 655.794067 
23100.000000 17.000000 -4.370273 1065.419067 
23200.000000 11.000000 -9.846241 619.084290 
23300.000000 11.000000 -4.732600 380.056091 
23400.000000 19.000000 -4.087699 214.579010 
23500.000000 27.000000 -7.062752 600.736389 
23600.000000 9.000000 -9.157047 770.735901 
23700.000000 23.000000 -6.973181 665.382019 
23800.000000 12.000000 -12.659082 914.041870 
23900.000000 0.000000 -13.371321 407.395630 
24000.000000 20.000000 -11.016697 598.759705 
24100.000000 27.000000 -6.615175 689.765320 
24200.000000 7.000000 -3.496952 300.858124 
24300.000000 0.000000 -9.892631 193.925766 
24400.000000 6.000000 -10.156851 186.733841 
24500.000000 6.000000 -16.000000 263.055634 
24600.000000 21.000000 -7.556087 662.118652 
24700.000000 6.000000 -8.749187 271.381470 
24800.000000 26.000000 -8.529395 684.807739 
24900.000000 17.000000 -13.158035 877.637573 
25000.000000 20.000000 -12.738127 783.669861 
25100.000000 24.000000 -11.571085 724.484741 
25200.000000 24.000000 -15.570642 786.931946 
25300.000000 6.000000 -12.671535 676.406921 
25400.000000 7.000000 -13.563754 624.133057 
25500.000000 19.000000 -5.942778 704.136292 
25600.000000 25.000000 -8.779661 700.930725 
25700.000000 13.000000 -7.551245 750.151672 
25800.000000 24.000000 -11.741249 909.814514 
25900.000000 23.000000 -11.935994 1304.295776 
26000.000000 0.000000 -9.742871 838.664734 
26100.000000 12.000000 -5.382063 506.421753 
26200.000000 8.000000 -5.475358 312.464478 
26300.000000 24.000000 -9.252596 529.077820 
26400.000000 4.000000 -6.164609 218.532974 
26500.000000 12.000000 -5.777162 141.029984 
26600.000000 19.000000 -5.732037 518.952148 
26700.000000 6.000000 -7.448035 337.044098 
26800.000000 23.000000 -7.579583 503.200226 
26900.000000 24.000000 -11.098993 902.550415 
27000.000000 21.000000 -9.102629 1100.112427 
27100.000000 27.000000 -4.831063 816.618774 
27200.000000 9.000000 -2.647845 665.200317 
27300.000000 9.000000 -0.620905 355.689331 
27400.000000 22.000000 -1.084823 366.530975 
27500.000000 14.000000 -0.415393 560.771667 
27600.000000 6.000000 6.367668 127.322662 
27700.000000 7.000000 5.720606 36.620403 
27800.000000 22.000000 -8.254328 218.391586 
27900.000000 20.000000 -9.498545 340.374939 
28000.000000 25.000000 -7.547703 708.176208 
28100.000000 5.000000 7.200315 205.053192 
28200.000000 3.000000 9.738640 145.574478 
28300.000000 8.000000 6.749741 27.137810 
28400.000000 27.000000 1.932353 110.807014 
28500.000000 0.000000 -2.379904 195.395813 
28600.000000 24.000000 -11.502434 452.428253 
28700.000000 27.000000 -10.562353 960.932129 
28800.000000 20.000000 -9.328912 625.170532 
28900.000000 19.000000 -7.773425 972.514038 
29000.000000 3.000000 -1.389573 547.863342 
29100.000000 4.000000 -0.596368 135.263290 
29200.000000 22.000000 -6.241957 115.183815 
29300.000000 21.000000 -7.262359 569.954407 
29400.000000 23.000000 -4.262359 711.857544 
29500.000000 25.000000 -9.255503 716.699829 
29600.000000 20.000000 -2.261273 744.212158 
29700.000000 2.000000 -3.755241 621.901184 
29800.000000 14.000000 0.736700 191.274597 
29900.000000 27.000000 -7.262359 570.122437 
30000.000000 27.000000 -1.082177 731.710632 
30100.000000 11.000000 0.909757 542.052185 
30200.000000 25.000000 10.182752 122.542191 
30300.000000 6.000000 7.780068 19.993629 
30400.000000 5.000000 13.705579 18.765358 
30500.000000 12.000000 3.708591 2.426370 
30600.000000 27.000000 -9.283931 355.498505 
30700.000000 27.000000 -7.293621 782.813965 
30800.000000 25.000000 -5.293627 841.113159 
30900.000000 16.000000 4.910633 189.743942 
31000.000000 9.000000 9.709057 37.298542 
31100.000000 27.000000 12.704133 44.707668 
31200.000000 13.000000 14.590692 68.027916 
31300.000000 19.000000 8.708368 18.316704 
31400.000000 1.000000 7.565217 29.459747 
31500.000000 7.000000 14.706339 40.905167 
31600.000000 26.000000 -0.277733 22.347614 
31700.000000 1.000000 6.421211 100.167458 
31800.000000 27.000000 1.898677 152.955109 
31900.000000 1.000000 5.664294 163.678619 
32000.000000 11.000000 5.870474 4.692817 
32100.000000 22.000000 -8.131273 356.441345 
32200.000000 3.000000 -8.312526 337.129547 
32300.000000 12.000000 -6.369134 435.255188 
32400.000000 1.000000 -9.596004 133.293350 
32500.000000 20.000000 -7.963207 551.409241 
32600.000000 19.000000 -7.562572 611.408569 
32700.000000 6.000000 -11.231472 452.136536 
32800.000000 8.000000 -11.582240 304.394501 
32900.000000 27.000000 -12.272925 565.018250 
33000.000000 27.000000 -10.557367 924.082642 
33100.000000 11.000000 -15.989555 822.147949 
33200.000000 24.000000 -10.839183 1149.302490 
33300.000000 4.000000 3.550529 903.270508 
33400.000000 0.000000 -9.922215 563.165588 
33500.000000 15.000000 -9.289727 273.618713 
33600.000000 12.000000 -15.485416 446.914398 
33700.000000 27.000000 -10.977700 765.992371 
33800.000000 20.000000 -3.066580 426.250763 
33900.000000 5.000000 7.442584 108.777802 
34000.000000 0.000000 9.233135 8.100511 
34100.000000 19.000000 12.523227 16.299337 
34200.000000 20.000000 2.079580 38.998539 
34300.000000 17.000000 1.887496 264.336761 
34400.000000 17.000000 -7.942039 588.056213 
34500.000000 27.000000 -11.053005 912.198669 
34600.000000 0.000000 -15.175126 681.616821 
34700.000000 3.000000 -15.754046 593.304138 
34800.000000 21.000000 -11.934812 817.164673 
34900.000000 16.000000 -16.000000 600.426270 
35000.000000 27.000000 -9.026020 837.448669 
35100.000000 26.000000 -10.026017 1136.925049 
35200.000000 21.000000 -9.127835 1031.976196 
35300.000000 7.000000 -16.000000 843.121460 
35400.000000 24.000000 -7.963430 655.237061 
35500.000000 4.000000 -6.001398 466.319366 
35600.000000 0.000000 -14.777085 479.265106 
35700.000000 4.000000 -14.166002 372.473999 
35800.000000 1.000000 -15.067240 446.925690 
35900.000000 27.000000 -11.147600 760.798828 
36000.000000 8.000000 -14.264444 1027.639160 
36100.000000 12.000000 -9.276335 803.350769 
36200.000000 8.000000 -12.970252 430.130737 
36300.000000 18.000000 -13.525788 613.258545 
36400.000000 0.000000 -15.643307 419.447174 
36500.000000 0.000000 -14.573785 333.613892 
36600.000000 4.000000 -7.599367 477.932770 
36700.000000 14.000000 -0.891151 439.132874 
36800.000000 15.000000 -2.885810 486.398712 
36900.000000 12.000000 -11.513999 559.232544 
37000.000000 9.000000 -16.000000 811.701599 
37100.000000 17.000000 -11.235409 645.984009 
37200.000000 10.000000 2.631690 249.141769 
37300.000000 4.000000 3.720245 120.096436 
37400.000000 0.000000 1.600281 49.768932 
37500.000000 9.000000 6.658117 1.020289 
37600.000000 0.000000 -0.761177 20.490479 
37700.000000 27.000000 2.157586 63.626995 
37800.000000 4.000000 -10.200681 183.017792 
37900.000000 7.000000 0.682377 203.858032 
38000.000000 4.000000 7.499875 57.144753 
38100.000000 16.000000 2.653089 85.423653 
38200.000000 3.000000 13.617768 0.985642 
38300.000000 20.000000 11.257637 6.478970 
38400.000000 14.000000 -0.341987 87.121681 
38500.000000 0.000000 4.737352 28.465477 
38600.000000 21.000000 15.000000 0.044902 
38700.000000 5.000000 12.754391 1.925325 
38800.000000 24.000000 0.572773 6.707009 
38900.000000 24.000000 7.729330 151.644669 
39000.000000 22.000000 -3.204933 267.607300 
39100.000000 0.000000 8.479223 41.743423 
39200.000000 14.000000 9.754382 2.153317 
39300.000000 4.000000 14.136114 0.355193 
39400.000000 8.000000 3.497400 56.877502 
39500.000000 14.000000 -2.206915 104.578270 
39600.000000 11.000000 -9.502789 153.005432 
39700.000000 0.000000 -8.336714 177.936783 
39800.000000 27.000000 4.662763 360.478271 
39900.000000 1.000000 12.783129 32.116180 
40000.000000 0.000000 13.793118 30.462246 
40100.000000 27.000000 5.497980 12.923179 
40200.000000 27.000000 8.188778 147.009354 
40300.000000 0.000000 14.773372 31.070427 
40400.000000 0.000000 14.000175 23.856863 
40500.000000 25.000000 9.049577 46.797611 
40600.000000 27.000000 -5.064711 84.320824 
40700.000000 9.000000 2.883918 319.070435 
40800.000000 14.000000 -0.997331 198.670303 
40900.000000 6.000000 5.261245 51.351971 
41000.000000 27.000000 5.940288 59.199554 
41100.000000 5.000000 4.218342 152.590881 
41200.000000 6.000000 14.057632 100.316948 
41300.000000 24.000000 9.477717 123.075310 
41400.000000 13.000000 6.038494 135.654861 
41500.000000 18.000000 1.118660 275.970062 
41600.000000 6.000000 4.000180 172.996185 
41700.000000 0.000000 15.000000 48.719933 
41800.000000 18.000000 15.000000 1.248287 
41900.000000 2.000000 11.083200 9.445197 
42000.000000 24.000000 13.038807 31.232286 
42100.000000 27.000000 9.972053 43.017834 
42200.000000 0.000000 2.591296 46.654488 
42300.000000 0.000000 13.983518 10.765968 
42400.000000 11.000000 12.461223 0.913721 
42500.000000 21.000000 6.062839 89.289825 
42600.000000 16.000000 15.000000 89.079010 
42700.000000 1.000000 12.840148 7.808610 
42800.000000 21.000000 12.619798 3.474401 
42900.000000 16.000000 8.421428 49.235073 
43000.000000 0.000000 13.394406 2.320829 
43100.000000 4.000000 14.421425 73.627037 
43200.000000 25.000000 11.248590 29.894743 
43300.000000 11.000000 8.626093 55.099442 
43400.000000 7.000000 10.104824 59.318398 
43500.000000 11.000000 15.000000 9.640000 
43600.000000 15.000000 15.000000 45.223583 
43700.000000 10.000000 9.183552 1.491883 
43800.000000 27.000000 14.110148 0.401940 
43900.000000 25.000000 14.922327 15.025427 
44000.000000 0.000000 15.000000 36.749760 
44100.000000 2.000000 14.763359 88.225342 
44200.000000 13.000000 15.000000 68.243073 
44300.000000 27.000000 11.270526 1.409448 
44400.000000 14.000000 7.458395 84.379547 
44500.000000 25.000000 7.388293 56.137375 
44600.000000 14.000000 -4.098609 96.888878 
44700.000000 17.000000 -2.948758 149.466583 
44800.000000 27.000000 -7.098998 342.882843 
44900.000000 27.000000 -9.098999 408.740540 
45000.000000 19.000000 -6.931996 742.160278 
45100.000000 26.000000 -13.096227 865.327332 
45200.000000 6.000000 -15.355157 954.080566 
45300.000000 0.000000 -14.852339 755.878479 
45400.000000 27.000000 -9.535821 905.233398 
45500.000000 17.000000 -6.588311 774.879883 
45600.000000 19.000000 -15.292731 560.357422 
45700.000000 10.000000 2.941395 603.784363 
45800.000000 0.000000 11.556440 105.892952 
45900.000000 13.000000 14.346915 0.061132 
46000.000000 12.000000 14.958724 17.688755 
46100.000000 21.000000 3.614904 51.000053 
46200.000000 17.000000 -2.305658 334.037933 
46300.000000 23.000000 10.856161 292.058014 
46400.000000 3.000000 14.519148 43.012020 
46500.000000 0.000000 14.168070 40.843597 
46600.000000 14.000000 10.026180 35.217247 
46700.000000 27.000000 13.814796 4.561726 
46800.000000 0.000000 14.453380 3.041909 
46900.000000 0.000000 4.443724 3.221805 
47000.000000 0.000000 4.568151 6.129303 
47100.000000 10.000000 2.446612 30.090767 
47200.000000 2.000000 0.763770 59.065681 
47300.000000 4.000000 5.526301 24.097765 
47400.000000 4.000000 10.461464 7.223415 
47500.000000 27.000000 14.288779 19.007427 
47600.000000 4.000000 12.278786 18.763451 
47700.000000 8.000000 11.278794 16.971102 
47800.000000 27.000000 11.311961 9.295614 
47900.000000 6.000000 10.278805 50.596767 
48000.000000 16.000000 12.938238 36.410698 
48100.000000 27.000000 15.000000 0.043939 
48200.000000 27.000000 8.162475 65.883965 
48300.000000 25.000000 12.558499 142.011993 
48400.000000 5.000000 11.596235 5.281777 
48500.000000 3.000000 13.580774 26.685303 
48600.000000 4.000000 11.597194 19.200445 
48700.000000 4.000000 15.000000 41.751392 
48800.000000 27.000000 -8.798038 91.666412 
48900.000000 24.000000 -9.817952 598.634888 
49000.000000 20.000000 -14.543773 429.562256 
49100.000000 11.000000 2.725091 403.272339 
49200.000000 0.000000 12.415518 23.042318 
49300.000000 8.000000 5.489131 16.615877 
49400.000000 7.000000 -6.390891 13.699441 
49500.000000 9.000000 -8.198590 215.459045 
49600.000000 5.000000 -9.145493 217.220505 
49700.000000 7.000000 13.465491 6.216591 
49800.000000 11.000000 -10.484194 37.769787 
49900.000000 0.000000 -9.452044 104.267883 
50000.000000 19.000000 -4.536026 254.028717 
50100.000000 27.000000 -13.117417 607.429993 
50200.000000 27.000000 -11.226583 1114.812012 
50300.000000 4.000000 14.890923 172.143906 
50400.000000 0.000000 3.174057 71.966141 
50500.000000 13.000000 4.891069 43.164288 
50600.000000 27.000000 11.485485 161.991348 
50700.000000 4.000000 11.008698 20.743305 
50800.000000 23.000000 1.499174 52.449921 
50900.000000 2.000000 8.711847 150.707413 
51000.000000 7.000000 6.891070 25.042786 
51100.000000 27.000000 -4.824655 286.029694 
51200.000000 0.000000 4.668833 192.790741 
51300.000000 10.000000 7.870495 65.345024 
51400.000000 17.000000 14.709044 37.130466 
51500.000000 26.000000 9.056282 66.474220 
51600.000000 12.000000 14.209764 56.356659 
51700.000000 8.000000 15.000000 8.799254 
51800.000000 27.000000 8.701136 3.883295 
51900.000000 24.000000 10.848505 27.887236 
52000.000000 27.000000 10.253336 121.571899 
52100.000000 22.000000 10.314071 20.663553 
52200.000000 9.000000 9.610587 0.340753 
52300.000000 23.000000 15.000000 6.711899 
52400.000000 2.000000 15.000000 0.164959 
52500.000000 0.000000 14.117649 76.644516 
52600.000000 13.000000 7.893364 108.338280 
52700.000000 18.000000 6.904568 28.518774 
52800.000000 16.000000 1.136833 21.671953 
52900.000000 0.000000 12.000004 1.482722 
53000.000000 3.000000 13.000001 56.030666 
53100.000000 0.000000 11.082364 70.070389 
53200.000000 20.000000 13.841750 27.202583 
53300.000000 16.000000 -2.883138 50.342972 
53400.000000 11.000000 6.310788 53.768131 
53500.000000 22.000000 15.000000 51.267551 
53600.000000 27.000000 11.557308 122.106659 
53700.000000 9.000000 12.000041 90.364967 
53800.000000 7.000000 8.994912 1.367034 
53900.000000 24.000000 -3.979823 66.017097 
54000.000000 27.000000 -5.714286 392.029785 
54100.000000 15.000000 -10.096331 566.073608 
54200.000000 13.000000 0.999774 443.821106 
54300.000000 4.000000 11.999978 59.994347 
54400.000000 27.000000 15.000000 38.393887 
54500.000000 13.000000 14.089250 3.091434 
54600.000000 0.000000 15.000000 50.942291 
54700.000000 21.000000 15.000000 1.898685 
54800.000000 15.000000 5.509677 14.728851 
54900.000000 7.000000 15.000000 4.561789 
55000.000000 27.000000 12.842779 0.085973 
55100.000000 14.000000 15.000000 12.551800 
55200.000000 1.000000 13.008395 9.287183 
55300.000000 27.000000 12.008339 4.925840 
55400.000000 27.000000 9.236519 114.538330 
55500.000000 2.000000 6.495810 122.543602 
55600.000000 22.000000 13.444833 11.554102 
55700.000000 13.000000 10.123422 14.576061 
55800.000000 3.000000 13.001035 1.792439 
55900.000000 16.000000 13.510385 0.262647 
56000.000000 0.000000 13.117808 16.106798 
56100.000000 0.000000 12.082382 80.264252 
56200.000000 16.000000 6.141211 74.232422 
56300.000000 1.000000 -2.973203 79.141701 
56400.000000 27.000000 4.777071 179.452484 
56500.000000 27.000000 -3.999968 536.009277 
56600.000000 15.000000 -15.418505 568.450439 
56700.000000 21.000000 -6.994006 656.452148 
56800.000000 1.000000 6.180531 78.040207 
56900.000000 0.000000 13.428564 9.482938 
57000.000000 12.000000 7.955135 0.005437 
57100.000000 14.000000 11.236875 4.386337 
57200.000000 14.000000 4.852663 46.797932 
57300.000000 11.000000 15.000000 2.300864 
57400.000000 0.000000 15.000000 46.051418 
57500.000000 5.000000 11.956247 10.489623 
57600.000000 6.000000 8.468195 24.234041 
57700.000000 27.000000 11.057311 5.314874 
57800.000000 19.000000 1.192114 26.518684 
57900.000000 27.000000 14.957563 54.863304 
58000.000000 12.000000 9.451921 15.432778 
58100.000000 14.000000 2.450359 46.109299 
58200.000000 10.000000 15.000000 0.654306 
58300.000000 4.000000 14.536247 34.186218 
58400.000000 26.000000 14.405987 2.607880 
58500.000000 20.000000 14.730749 39.224960 
58600.000000 10.000000 15.000000 46.842430 
58700.000000 0.000000 2.766038 12.557051 
58800.000000 20.000000 10.212334 1.149714 
58900.000000 23.000000 4.664259 11.187917 
59000.000000 20.000000 2.612843 125.533791 
59100.000000 27.000000 9.380199 267.596191 
59200.000000 16.000000 15.000000 204.849701 
59300.000000 27.000000 14.994710 110.351540 
59400.000000 16.000000 7.168934 112.006897 
59500.000000 26.000000 -3.149526 208.028778 
59600.000000 2.000000 -2.533136 194.637375 
59700.000000 11.000000 2.608862 143.413910 
59800.000000 0.000000 0.938790 61.356789 
59900.000000 6.000000 12.934936 2.267392 
60000.000000 1.000000 12.934937 46.722198 
60100.000000 21.000000 3.276105 7.747087 
60200.000000 25.000000 -9.224633 319.321716 
60300.000000 24.000000 13.450988 105.795525 
60400.000000 20.000000 14.390103 64.316536 
60500.000000 5.000000 15.000000 47.562786 
60600.000000 3.000000 15.000000 0.884701 
60700.000000 0.000000 14.000276 53.818359 
60800.000000 13.000000 5.002776 12.147568 
60900.000000 6.000000 14.380341 38.235165 
61000.000000 0.000000 15.000000 9.832250 
61100.000000 15.000000 12.307896 0.001784 
61200.000000 0.000000 14.006021 9.804833 
61300.000000 26.000000 7.922619 0.030595 
61400.000000 0.000000 14.005728 4.763990 
61500.000000 27.000000 14.175190 19.020351 
61600.000000 3.000000 14.128088 12.731795 
61700.000000 7.000000 8.448037 51.434109 
61800.000000 11.000000 8.621391 69.910599 
61900.000000 0.000000 14.373096 107.899658 
62000.000000 5.000000 14.373096 149.092804 
62100.000000 27.000000 0.797916 5.732244 
62200.000000 17.000000 12.192318 28.731897 
62300.000000 24.000000 13.995366 89.553391 
62400.000000 9.000000 15.000000 26.879864 
62500.000000 11.000000 6.274752 2.064526 
62600.000000 10.000000 10.061184 20.674671 
62700.000000 5.000000 14.999646 6.156500 
62800.000000 22.000000 15.000000 23.337288 
62900.000000 27.000000 15.000000 41.063049 
63000.000000 13.000000 14.000949 85.643097 
63100.000000 27.000000 12.311950 79.352242 
63200.000000 0.000000 15.000000 1.721923 
63300.000000 1.000000 15.000000 81.383827 
63400.000000 16.000000 13.963844 37.238457 
63500.000000 10.000000 13.944175 15.321527 
63600.000000 9.000000 12.267541 0.073744 
63700.000000 25.000000 15.000000 2.009945 
63800.000000 27.000000 15.000000 28.393749 
63900.000000 4.000000 11.408473 5.264767 
64000.000000 1.000000 13.092930 26.814297 
64100.000000 3.000000 12.844455 1.549368 
64200.000000 24.000000 15.000000 8.192569 
64300.000000 17.000000 10.027909 47.596584 
64400.000000 7.000000 15.000000 2.399533 
64500.000000 4.000000 13.031569 54.269451 
64600.000000 25.000000 7.649721 5.018317 
64700.000000 20.000000 0.941381 15.390298 
64800.000000 4.000000 12.028226 55.265301 
64900.000000 10.000000 3.000588 123.190002 
65000.000000 15.000000 12.396778 4.070743 
65100.000000 24.000000 0.373074 25.954014 
65200.000000 11.000000 12.082441 0.015142 
65300.000000 3.000000 14.999999 36.705387 
65400.000000 22.000000 0.682379 46.633301 
65500.000000 27.000000 0.999997 177.735886 
65600.000000 26.000000 -2.780125 389.200104 
65700.000000 14.000000 6.364053 61.923141 
65800.000000 27.000000 0.063488 324.676208 
65900.000000 9.000000 2.227766 392.951263 
66000.000000 26.000000 -2.910755 30.785706 
66100.000000 12.000000 2.941330 254.682358 
66200.000000 17.000000 6.000000 105.864098 
66300.000000 0.000000 14.999954 0.828499 
66400.000000 19.000000 4.000000 6.527241 
66500.000000 11.000000 6.999305 20.739424 
66600.000000 4.000000 -15.726035 297.359528 
66700.000000 0.000000 -13.975194 339.374908 
66800.000000 8.000000 -14.862098 313.241821 
66900.000000 1.000000 -11.199396 316.880646 
67000.000000 9.000000 -1.175753 209.769165 
67100.000000 27.000000 -5.875752 565.299011 
67200.000000 10.000000 1.035300 510.499176 
67300.000000 25.000000 -1.175751 287.584106 
67400.000000 16.000000 -7.233401 747.216431 
67500.000000 19.000000 -4.264126 809.039795 
67600.000000 25.000000 -8.168960 764.168945 
67700.000000 20.000000 -1.175753 490.057037 
67800.000000 16.000000 -4.160901 568.695251 
67900.000000 9.000000 7.824246 147.481064 
68000.000000 9.000000 2.735213 426.477875 
68100.000000 2.000000 4.722294 172.444794 
68200.000000 0.000000 14.823553 0.211746 
68300.000000 6.000000 4.535652 0.883905 
68400.000000 22.000000 -7.175753 134.078247 
68500.000000 0.000000 13.824247 7.812785 
68600.000000 7.000000 11.824246 11.611116 
68700.000000 0.000000 14.821918 37.125271 
68800.000000 27.000000 -11.175755 195.744781 
68900.000000 13.000000 0.498172 493.599213 
69000.000000 1.000000 11.774812 26.617012 
69100.000000 21.000000 -5.133731 9.360113 
69200.000000 4.000000 4.516547 263.967346 
69300.000000 20.000000 -0.174767 158.501373 
69400.000000 8.000000 14.634242 0.725139 
69500.000000 1.000000 13.182171 45.166840 
69600.000000 0.000000 14.836742 99.326866 
69700.000000 23.000000 2.945346 23.547945 
69800.000000 15.000000 0.951518 221.907318 
69900.000000 27.000000 -8.160808 591.138123 
70000.000000 18.000000 -0.160825 489.808868 
70100.000000 3.000000 9.658820 66.532875 
70200.000000 0.000000 14.829967 14.147653 
70300.000000 26.000000 -6.987422 100.280708 
70400.000000 27.000000 -6.160728 346.698975 
70500.000000 27.000000 -5.860821 669.036499 
70600.000000 1.000000 4.486971 318.324738 
70700.000000 23.000000 2.214421 76.114716 
70800.000000 25.000000 1.801389 273.338165 
70900.000000 9.000000 8.839152 42.187836 
71000.000000 17.000000 0.837650 130.221375 
71100.000000 21.000000 -5.162754 454.900879 
71200.000000 17.000000 3.860404 120.255890 
71300.000000 21.000000 4.835495 138.254745 
71400.000000 4.000000 9.838868 46.792385 
71500.000000 2.000000 9.808209 12.432679 
71600.000000 0.000000 12.839189 37.230152 
71700.000000 14.000000 -2.160944 19.153399 
71800.000000 2.000000 8.777703 114.526016 
71900.000000 6.000000 12.924906 4.091797 
72000.000000 20.000000 -8.097587 204.011932 
72100.000000 0.000000 14.839189 0.000005 
72200.000000 27.000000 5.723515 1.510370 
72300.000000 20.000000 -0.299996 159.848785 
72400.000000 5.000000 4.679924 151.514282 
72500.000000 1.000000 11.731064 14.153459 
72600.000000 11.000000 2.699997 34.779156 
72700.000000 2.000000 8.658875 33.792690 
72800.000000 26.000000 -5.300002 245.200714 
72900.000000 4.000000 9.685328 364.286621 
73000.000000 27.000000 15.000000 30.543396 
73100.000000 15.000000 3.315402 27.980947 
73200.000000 23.000000 -0.551351 2.047600 
73300.000000 25.000000 10.309396 77.678963 
73400.000000 14.000000 4.194477 84.387711 
73500.000000 1.000000 12.700884 0.131301 
73600.000000 9.000000 -2.004088 108.809395 
73700.000000 6.000000 6.999063 54.303032 
73800.000000 27.000000 13.993624 57.748158 
73900.000000 0.000000 12.019481 0.217768 
74000.000000 15.000000 3.019452 2.525284 
74100.000000 17.000000 -3.979696 212.752411 
74200.000000 11.000000 6.019460 131.496094 
74300.000000 0.000000 6.012065 134.863388 
74400.000000 3.000000 9.727535 3.345628 
74500.000000 16.000000 -3.982749 28.816135 
74600.000000 26.000000 -5.952678 414.974792 
74700.000000 26.000000 -7.868249 651.109436 
74800.000000 5.000000 9.043524 388.075989 
74900.000000 25.000000 15.000000 15.182487 
75000.000000 21.000000 -3.821779 46.167233 
75100.000000 27.000000 -9.066637 574.691467 
75200.000000 17.000000 -0.088344 646.054932 
75300.000000 16.000000 -0.495467 283.255585 
75400.000000 0.000000 12.990977 0.303341 
75500.000000 26.000000 -7.684153 0.750972 
75600.000000 13.000000 1.845327 83.284889 
75700.000000 6.000000 4.790477 20.463751 
75800.000000 8.000000 7.911457 75.662369 
75900.000000 4.000000 11.673388 16.812874 
76000.000000 20.000000 14.205651 17.513908 
76100.000000 2.000000 10.068507 52.012501 
76200.000000 27.000000 -7.767338 238.445572 
76300.000000 5.000000 10.898300 27.088966 
76400.000000 9.000000 12.711187 29.318104 
76500.000000 27.000000 15.000000 0.171211 
76600.000000 19.000000 14.313555 10.937333 
76700.000000 14.000000 -0.197683 134.788422 
76800.000000 19.000000 -5.508677 461.720490 
76900.000000 27.000000 1.782904 433.427277 
77000.000000 4.000000 11.776986 222.947235 
77100.000000 15.000000 3.787915 89.984665 
77200.000000 15.000000 3.702630 2.739286 
77300.000000 2.000000 13.698950 1.049203 
77400.000000 3.000000 12.000032 41.873833 
77500.000000 27.000000 -7.997082 171.686401 
77600.000000 17.000000 14.979342 334.374756 
77700.000000 10.000000 4.841374 55.665138 
77800.000000 14.000000 1.020832 79.994011 
77900.000000 22.000000 -2.804504 62.860352 
78000.000000 0.000000 15.000000 120.767433 
78100.000000 18.000000 3.535033 57.424156 
78200.000000 7.000000 9.253827 64.753304 
78300.000000 14.000000 0.474737 27.366688 
78400.000000 7.000000 12.543666 23.879913 
78500.000000 0.000000 15.000000 9.417325 
78600.000000 0.000000 14.921796 31.376637 
78700.000000 16.000000 15.000000 36.514751 
78800.000000 16.000000 15.000000 0.954973 
78900.000000 27.000000 11.808172 32.774193 
79000.000000 27.000000 1.594190 74.031738 
79100.000000 16.000000 9.757296 237.930923 
79200.000000 27.000000 1.980329 337.519165 
79300.000000 25.000000 6.725383 308.542725 
79400.000000 27.000000 15.000000 67.306923 
79500.000000 19.000000 15.000000 0.106538 
79600.000000 27.000000 1.263573 59.782768 
79700.000000 23.000000 3.477262 330.522125 
79800.000000 16.000000 14.700003 121.358200 
79900.000000 26.000000 13.700562 61.949291 
80000.000000 20.000000 14.700002 42.829979 
80100.000000 27.000000 15.000000 73.717293 
80200.000000 1.000000 15.000000 0.512233 
80300.000000 26.000000 6.821647 36.532349 
80400.000000 12.000000 15.000000 5.739730 
80500.000000 0.000000 15.000000 3.891719 
80600.000000 8.000000 11.844927 39.604290 
80700.000000 1.000000 10.844873 0.310740 
80800.000000 0.000000 14.844873 58.979343 
80900.000000 0.000000 14.005032 98.615547 
81000.000000 4.000000 13.000290 107.669456 
81100.000000 6.000000 5.909978 8.749645 
81200.000000 4.000000 9.942083 1.478967 
81300.000000 24.000000 -3.193893 95.136940 
81400.000000 24.000000 1.630935 152.543198 
81500.000000 16.000000 2.124089 475.877594 
81600.000000 24.000000 -0.903502 25.129141 
81700.000000 4.000000 14.999910 3.704582 
81800.000000 15.000000 3.026394 14.792233 
81900.000000 23.000000 -2.810204 297.481506 
82000.000000 6.000000 6.727329 537.205872 
82100.000000 2.000000 8.923689 294.647339 
82200.000000 0.000000 15.000000 22.045149 
82300.000000 25.000000 -6.509816 201.796387 
82400.000000 8.000000 8.760838 140.363525 
82500.000000 0.000000 14.307604 0.730341 
82600.000000 27.000000 -6.960792 15.749417 
82700.000000 25.000000 2.132377 5.705244 
82800.000000 0.000000 14.016555 5.561470 
82900.000000 27.000000 -7.971159 123.577484 
83000.000000 27.000000 -7.375172 238.555496 
83100.000000 23.000000 0.140513 579.807800 
83200.000000 8.000000 6.015555 237.143417 
83300.000000 10.000000 5.249350 58.700768 
83400.000000 0.000000 12.018886 21.706640 
83500.000000 7.000000 7.884021 41.158337 
83600.000000 22.000000 -3.964629 93.884987 
83700.000000 11.000000 3.013530 202.080215 
83800.000000 14.000000 2.016908 90.778145 
83900.000000 22.000000 -7.983438 476.305847 
84000.000000 10.000000 6.016563 148.723511 
84100.000000 27.000000 -4.932119 206.696457 
84200.000000 22.000000 -3.974870 142.703186 
84300.000000 1.000000 14.016529 46.026077 
84400.000000 5.000000 14.016565 29.043648 
84500.000000 18.000000 4.067640 59.462196 
84600.000000 19.000000 -4.007715 115.293770 
84700.000000 21.000000 -7.056533 470.250854 
84800.000000 24.000000 -1.998866 107.869507 
84900.000000 16.000000 0.016275 412.393646 
85000.000000 25.000000 -6.952513 212.827927 
85100.000000 27.000000 -6.947250 459.040070 
85200.000000 27.000000 -1.951987 341.255157 
85300.000000 15.000000 0.365400 510.202209 
85400.000000 17.000000 4.016672 95.077415 
85500.000000 27.000000 -8.955179 502.364716 
85600.000000 11.000000 3.967336 555.545593 
85700.000000 11.000000 9.605453 10.775658 
85800.000000 11.000000 8.393110 0.022069 
85900.000000 19.000000 -6.006282 278.518616 
86000.000000 5.000000 13.005308 14.786902 
86100.000000 26.000000 -6.999441 134.755600 
86200.000000 27.000000 -7.999201 632.354797 
86300.000000 27.000000 -7.999977 938.121704 
86400.000000 17.000000 -0.926138 273.680908 
86500.000000 24.000000 -9.999994 721.570923 
86600.000000 27.000000 -6.999878 799.223999 
86700.000000 1.000000 14.199893 687.258423 
86800.000000 8.000000 7.913368 219.095001 
86900.000000 19.000000 -1.267414 452.634766 
87000.000000 6.000000 13.000001 38.591270 
87100.000000 18.000000 0.693711 146.098221 
87200.000000 0.000000 13.805668 130.240219 
87300.000000 15.000000 2.882870 58.303596 
87400.000000 8.000000 9.431189 271.892029 
87500.000000 9.000000 10.000003 10.690859 
87600.000000 0.000000 13.999868 14.212090 
87700.000000 18.000000 -6.999971 51.533234 
87800.000000 9.000000 6.994613 270.268982 
87900.000000 1.000000 13.654290 104.878082 
88000.000000 3.000000 12.460596 19.365469 
88100.000000 12.000000 5.140756 1.989674 
88200.000000 20.000000 -3.973099 400.307281 
88300.000000 27.000000 -9.999892 624.536987 
88400.000000 16.000000 0.698971 804.168579 
88500.000000 18.000000 -1.012200 254.604233 
88600.000000 27.000000 -7.037694 609.401062 
88700.000000 5.000000 11.775128 138.211914 
88800.000000 0.000000 14.002491 1.955085 
88900.000000 15.000000 -0.018497 25.067743 
89000.000000 13.000000 2.325945 4.028677 
89100.000000 14.000000 -0.161387 362.054626 
89200.000000 0.000000 15.000000 16.179935 
89300.000000 0.000000 13.982982 18.916927 
89400.000000 26.000000 -7.995240 140.029236 
89500.000000 0.000000 12.957838 114.911537 
89600.000000 6.000000 9.223477 1.514339 
89700.000000 26.000000 -6.998630 35.273766 
89800.000000 11.000000 5.694908 337.209808 
89900.000000 3.000000 15.000000 0.166752 
90000.000000 13.000000 4.788141 4.064939 
90100.000000 23.000000 -6.769073 52.554825 
90200.000000 18.000000 -2.269811 332.771545 
90300.000000 15.000000 2.254748 207.503357 
90400.000000 3.000000 14.240123 0.211764 
90500.000000 15.000000 -1.105902 181.148270 
90600.000000 27.000000 -8.759876 510.802948 
90700.000000 0.000000 14.195388 254.336090 
90800.000000 9.000000 5.235273 249.638947 
90900.000000 16.000000 1.414518 13.730449 
91000.000000 0.000000 14.105661 209.871246 
91100.000000 27.000000 -8.740071 284.924896 
91200.000000 13.000000 4.240098 250.421799 
91300.000000 5.000000 9.465227 185.450134 
91400.000000 5.000000 10.141202 75.532753 
91500.000000 13.000000 4.960380 0.673782 
91600.000000 15.000000 1.666653 100.214386 
91700.000000 5.000000 12.241255 3.606953 
91800.000000 27.000000 -7.807893 0.251216 
91900.000000 2.000000 13.699998 0.963333 
92000.000000 27.000000 -6.998721 19.308321 
92100.000000 0.000000 13.999987 1.446533 
92200.000000 9.000000 9.871493 32.195263 
92300.000000 25.000000 -8.953938 22.274937 
92400.000000 7.000000 9.926467 7.820381 
92500.000000 24.000000 -5.996624 106.031174 
92600.000000 11.000000 4.873460 388.273254 
92700.000000 23.000000 -5.997385 198.585251 
92800.000000 18.000000 -6.006379 424.615204 
92900.000000 7.000000 11.999888 206.798004 
93000.000000 5.000000 10.712802 40.516937 
93100.000000 0.000000 14.999972 3.834544 
93200.000000 19.000000 -3.146480 60.910950 
93300.000000 10.000000 6.896172 0.015653 
93400.000000 24.000000 -6.000003 368.097443 
93500.000000 0.000000 14.999995 18.990898 
93600.000000 12.000000 5.288740 1.738257 
93700.000000 3.000000 11.984246 44.353710 
93800.000000 0.000000 14.999719 28.575161 
93900.000000 13.000000 5.066927 50.953972 
94000.000000 6.000000 12.033608 0.880750 
94100.000000 4.000000 15.000000 4.628370 
94200.000000 5.000000 11.504099 3.272561 
94300.000000 4.000000 13.999996 63.277744 
94400.000000 27.000000 -8.994799 38.837971 
94500.000000 2.000000 13.599039 2.355544 
94600.000000 0.000000 13.700015 64.895767 
94700.000000 15.000000 -0.007059 1.536959 
94800.000000 18.000000 -1.267207 207.388306 
94900.000000 6.000000 6.193905 224.809784 
95000.000000 5.000000 11.700629 57.390621 
95100.000000 0.000000 15.000000 39.111916 
95200.000000 0.000000 13.331504 62.367737 
95300.000000 0.000000 15.000000 40.649288 
95400.000000 3.000000 12.997391 57.265911 
95500.000000 27.000000 -7.999689 133.982269 
95600.000000 17.000000 -0.286888 652.311035 
95700.000000 18.000000 -0.861059 306.974884 
95800.000000 15.000000 1.925598 535.308960 
95900.000000 27.000000 -7.988945 677.748535 
96000.000000 21.000000 -5.794385 739.718262 
96100.000000 0.000000 15.000000 171.723648 
96200.000000 18.000000 -1.997358 24.387369 
96300.000000 27.000000 -7.000372 520.309021 
96400.000000 9.000000 6.710195 519.143982 
96500.000000 27.000000 -9.176058 364.716827 
96600.000000 27.000000 -8.999977 787.288879 
96700.000000 10.000000 7.467033 398.568787 
96800.000000 0.000000 13.000021 0.008400 
96900.000000 22.000000 -8.006771 249.773682 
97000.000000 2.000000 14.731615 409.237000 
97100.000000 16.000000 -1.939496 37.225945 
97200.000000 27.000000 -10.019736 617.876709 
97300.000000 27.000000 -9.999977 1018.931946 
97400.000000 3.000000 12.318677 717.253418 
97500.000000 19.000000 -1.235579 486.772491 
97600.000000 27.000000 -9.999637 303.340729 
97700.000000 23.000000 -9.000071 630.881653 
97800.000000 26.000000 -7.765350 663.498535 
97900.000000 0.000000 14.977421 105.518654 
98000.000000 0.000000 14.992281 6.923002 
98100.000000 3.000000 14.000021 24.025686 
98200.000000 6.000000 4.988865 18.681448 
98300.000000 4.000000 11.936790 0.093729 
98400.000000 4.000000 12.944046 28.347189 
98500.000000 12.000000 5.714552 16.638046 
98600.000000 1.000000 14.462987 21.487652 
98700.000000 14.000000 3.000119 1.364519 
98800.000000 15.000000 0.618890 391.861969 
98900.000000 27.000000 -7.013834 666.745361 
99000.000000 16.000000 0.045892 704.923096 
99100.000000 11.000000 3.189924 284.228241 
99200.000000 22.000000 -3.727342 152.050797 
99300.000000 18.000000 -0.056995 153.223389 
99400.000000 10.000000 6.215501 109.119118 
99500.000000 1.000000 13.961618 11.014125 
99600.000000 0.000000 15.000000 18.731903 
99700.000000 18.000000 -0.992604 5.399391 
99800.000000 8.000000 10.006310 11.266338 
99900.000000 0.000000 15.000000 2.474593 
100000.000000 27.000000 -8.001656 169.138641 
100100.000000 24.000000 -8.231986 458.658142 
100200.000000 22.000000 -1.000287 602.721313 
100300.000000 0.000000 14.999839 6.419887 
100400.000000 3.000000 13.996726 52.828312 
100500.000000 25.000000 -9.224513 4.250817 
100600.000000 9.000000 6.906873 246.570190 
100700.000000 9.000000 7.000115 13.123480 
100800.000000 3.000000 6.000887 7.741717 
100900.000000 19.000000 -1.058540 67.246178 
101000.000000 27.000000 -9.998825 243.105591 
101100.000000 7.000000 11.692219 218.918472 
101200.000000 12.000000 4.462813 42.690369 
101300.000000 8.000000 8.504910 11.090564 
101400.000000 4.000000 11.862414 2.617226 
101500.000000 2.000000 12.751170 73.446106 
101600.000000 4.000000 14.014293 112.655037 
101700.000000 21.000000 -5.707143 0.032309 
101800.000000 20.000000 -2.986094 320.785522 
101900.000000 23.000000 -5.044909 791.512756 
102000.000000 4.000000 11.013871 140.180359 
102100.000000 26.000000 -5.991227 172.864578 
102200.000000 25.000000 -6.986091 561.274170 
102300.000000 23.000000 -9.985697 981.564453 
102400.000000 27.000000 -9.939966 245.453903 
102500.000000 25.000000 -9.686086 809.711548 
102600.000000 19.000000 -0.519323 817.639832 
102700.000000 4.000000 14.405726 159.637787 
102800.000000 1.000000 13.043117 11.778972 
102900.000000 27.000000 -10.954216 50.386250 
103000.000000 27.000000 -8.532868 611.140198 
103100.000000 6.000000 6.015308 148.448349 
103200.000000 27.000000 -8.019624 201.092560 
103300.000000 27.000000 -9.082208 730.872742 
103400.000000 6.000000 13.294773 189.897202 
103500.000000 4.000000 13.656295 4.867107 
103600.000000 10.000000 3.313015 67.926788 
103700.000000 0.000000 13.999995 7.640581 
103800.000000 0.000000 14.547000 96.592621 
103900.000000 0.000000 13.689079 16.699017 
104000.000000 9.000000 4.509801 70.914566 
104100.000000 19.000000 -1.973555 47.026230 
104200.000000 0.000000 14.699988 0.104996 
104300.000000 0.000000 14.689272 20.946350 
104400.000000 0.000000 15.000000 97.158272 
104500.000000 6.000000 14.041790 110.316818 
104600.000000 0.000000 14.004737 37.422703 
104700.000000 2.000000 13.004748 71.067268 
104800.000000 13.000000 4.997025 8.653887 
104900.000000 27.000000 -10.979876 217.647751 
105000.000000 4.000000 13.004751 7.162032 
105100.000000 27.000000 -10.994372 137.255371 
105200.000000 24.000000 -8.995231 527.492004 
105300.000000 19.000000 -3.467036 396.189087 
105400.000000 1.000000 12.077861 21.290068 
105500.000000 5.000000 9.943444 1.960324 
105600.000000 27.000000 -10.618608 268.908997 
105700.000000 12.000000 4.870695 682.102417 
105800.000000 7.000000 3.968977 379.452545 
105900.000000 27.000000 -8.993608 556.130188 
106000.000000 27.000000 -9.992589 582.486938 
106100.000000 11.000000 6.863554 503.644867 
106200.000000 0.000000 14.947062 16.588287 
106300.000000 17.000000 1.000410 16.785559 
106400.000000 27.000000 -8.983799 369.998444 
106500.000000 11.000000 2.949012 489.577576 
106600.000000 0.000000 14.954338 338.661133 
106700.000000 6.000000 9.691399 18.709192 
106800.000000 5.000000 13.374822 75.662819 
106900.000000 8.000000 6.267817 20.589394 
107000.000000 18.000000 -0.261861 247.734680 
107100.000000 12.000000 2.998321 74.612251 
107200.000000 6.000000 11.285946 7.542250 
107300.000000 27.000000 -8.982449 191.564056 
107400.000000 9.000000 4.941567 57.691402 
107500.000000 23.000000 -8.000401 538.588074 
107600.000000 0.000000 13.036089 34.512814 
107700.000000 27.000000 -6.999055 87.072693 
107800.000000 14.000000 0.322634 4.815496 
107900.000000 0.000000 15.000000 14.793331 
108000.000000 0.000000 13.938139 31.554676 
108100.000000 22.000000 -10.000001 131.292999 
108200.000000 27.000000 -8.971125 438.994537 
108300.000000 23.000000 -7.862101 234.314301 
108400.000000 9.000000 7.957688 505.235474 
108500.000000 24.000000 -6.875421 85.673546 
108600.000000 27.000000 -8.997672 599.128906 
108700.000000 8.000000 10.339345 550.303711 
108800.000000 0.000000 14.999990 0.628609 
108900.000000 0.000000 15.000000 37.791626 
109000.000000 10.000000 7.001340 48.064117 
109100.000000 24.000000 -5.649040 48.283211 
109200.000000 0.000000 15.000000 14.065692 
109300.000000 0.000000 15.000000 113.054695 
109400.000000 27.000000 -9.999980 77.252899 
109500.000000 27.000000 -8.998306 608.506226 
109600.000000 6.000000 14.073531 124.917976 
109700.000000 0.000000 14.956739 16.856123 
109800.000000 10.000000 7.251797 4.216482 
109900.000000 8.000000 8.194627 2.087346 
110000.000000 7.000000 5.381308 6.220538 
110100.000000 6.000000 12.491196 3.137472 
110200.000000 23.000000 -6.407559 1.430906 
110300.000000 18.000000 -3.938899 283.956268 
110400.000000 27.000000 -10.999994 894.781738 
110500.000000 0.000000 13.999938 174.855682 
110600.000000 20.000000 -1.999996 67.326843 
110700.000000 26.000000 -6.532684 125.370514 
110800.000000 25.000000 -6.140954 392.231903 
110900.000000 0.000000 13.999963 63.429485 
111000.000000 27.000000 -11.990305 245.173203 
111100.000000 23.000000 -7.522546 412.084229 
111200.000000 25.000000 -5.532574 453.337158 
111300.000000 15.000000 2.999906 382.078522 
111400.000000 4.000000 8.756907 403.152863 
111500.000000 27.000000 -9.989428 286.162170 
111600.000000 15.000000 3.085026 86.014435 
111700.000000 8.000000 6.722832 89.026863 
111800.000000 2.000000 10.125861 2.889109 
111900.000000 0.000000 12.970313 30.592770 
112000.000000 9.000000 9.999274 6.051372 
112100.000000 6.000000 9.985345 100.109871 
112200.000000 21.000000 -6.689167 5.606719 
112300.000000 16.000000 -1.999995 285.271118 
112400.000000 19.000000 -3.998199 165.769211 
112500.000000 13.000000 -1.242648 266.981262 
112600.000000 9.000000 9.026988 424.500610 
112700.000000 14.000000 1.027073 2.526631 
112800.000000 22.000000 -3.901575 121.439232 
112900.000000 26.000000 -7.299201 546.713440 
113000.000000 23.000000 -6.299202 756.995422 
113100.000000 18.000000 -3.416848 677.241516 
113200.000000 27.000000 -10.299147 578.597168 
113300.000000 7.000000 11.003577 103.617493 
113400.000000 5.000000 13.005795 1.224482 
113500.000000 27.000000 -9.997663 179.192398 
113600.000000 12.000000 4.132361 494.220795 
113700.000000 23.000000 -8.023760 46.430119 
113800.000000 14.000000 4.258981 152.689468 
113900.000000 10.000000 7.001533 9.132095 
114000.000000 0.000000 14.957393 9.191618 
114100.000000 11.000000 6.980625 0.008308 
114200.000000 13.000000 7.060435 0.235937 
114300.000000 17.000000 2.682495 310.565582 
114400.000000 25.000000 -7.997989 398.072632 
114500.000000 26.000000 -8.999996 867.582947 
114600.000000 21.000000 -7.440074 294.604767 
114700.000000 7.000000 7.998459 164.173065 
114800.000000 10.000000 10.731555 87.602669 
114900.000000 22.000000 -3.999091 118.155693 
115000.000000 27.000000 -11.109604 438.077759 
115100.000000 10.000000 4.466798 427.126862 
115200.000000 17.000000 4.252439 27.345459 
115300.000000 17.000000 -2.998126 32.123695 
115400.000000 0.000000 15.000000 22.894260 
115500.000000 12.000000 1.133164 0.002714 
115600.000000 17.000000 -3.297514 65.895996 
115700.000000 27.000000 -8.905816 548.269592 
115800.000000 8.000000 9.006529 219.372299 
115900.000000 3.000000 11.450444 0.857668 
116000.000000 2.000000 13.000632 1.480425 
116100.000000 0.000000 14.000629 78.330460 
116200.000000 27.000000 -8.768332 4.574680 
116300.000000 12.000000 6.663346 325.408478 
116400.000000 16.000000 4.941812 102.666351 
116500.000000 5.000000 10.999869 0.857507 
116600.000000 27.000000 -6.915555 271.768829 
116700.000000 27.000000 -8.999887 485.749786 
116800.000000 8.000000 8.613396 484.751251 
116900.000000 3.000000 13.769735 2.345705 
117000.000000 0.000000 14.999361 16.291176 
117100.000000 15.000000 -0.998146 11.814646 
117200.000000 7.000000 5.265911 5.778895 
117300.000000 4.000000 15.000000 1.303485 
117400.000000 0.000000 15.000000 50.674477 
117500.000000 27.000000 -9.946329 1.232889 
117600.000000 27.000000 -7.000388 504.527893 
117700.000000 0.000000 15.000000 89.350716 
117800.000000 0.000000 10.942815 3.020733 
117900.000000 6.000000 12.969680 45.187534 
118000.000000 27.000000 -9.167837 90.222839 
118100.000000 3.000000 10.109109 188.196899 
118200.000000 12.000000 3.926023 230.852051 
118300.000000 1.000000 15.000000 8.618518 
118400.000000 19.000000 -2.440677 42.402588 
118500.000000 8.000000 3.282608 247.564041 
118600.000000 12.000000 0.283955 236.238708 
118700.000000 16.000000 -0.030573 574.729370 
118800.000000 13.000000 8.667969 741.868164 
118900.000000 23.000000 -8.589238 336.239410 
119000.000000 4.000000 9.999997 99.950356 
119100.000000 13.000000 8.718547 207.080750 
119200.000000 0.000000 14.995481 0.484160 
119300.000000 7.000000 7.997978 0.313306 
119400.000000 20.000000 -3.574503 214.138824 
119500.000000 27.000000 -8.999648 244.026382 
119600.000000 20.000000 -1.000746 471.392792 
119700.000000 26.000000 -9.999892 603.479187 
119800.000000 15.000000 -0.760869 510.890717 
119900.000000 6.000000 7.738956 215.595657 
120000.000000 0.000000 14.973767 0.966650 
120100.000000 27.000000 -9.934141 0.520115 
120200.000000 27.000000 -7.750802 196.098816 
120300.000000 23.000000 -5.057791 604.178467 
120400.000000 22.000000 -3.001743 589.318787 
120500.000000 11.000000 2.061692 428.640228 
120600.000000 16.000000 -2.670468 153.884583 
120700.000000 26.000000 -4.528348 494.966858 
120800.000000 0.000000 13.999997 18.711931 
120900.000000 17.000000 2.040864 157.001846 
121000.000000 13.000000 3.375706 57.983833 
121100.000000 18.000000 -0.000010 141.908417 
121200.000000 27.000000 -9.941068 324.467377 
121300.000000 1.000000 12.468723 304.407928 
121400.000000 8.000000 12.750490 10.783407 
121500.000000 0.000000 11.168789 16.495771 
121600.000000 27.000000 -9.821946 32.708553 
121700.000000 15.000000 1.019723 3.725442 
121800.000000 26.000000 -8.923656 74.708435 
121900.000000 27.000000 -8.939230 307.792633 
122000.000000 1.000000 15.000000 54.278992 
122100.000000 18.000000 -1.999782 8.007772 
122200.000000 12.000000 8.235743 51.704006 
122300.000000 19.000000 2.701322 215.168365 
122400.000000 9.000000 10.999853 21.032541 
122500.000000 5.000000 11.964224 1.959594 
122600.000000 8.000000 7.388117 39.960987 
122700.000000 5.000000 10.638069 15.954416 
122800.000000 27.000000 -8.971144 249.258896 
122900.000000 4.000000 12.026845 130.991516 
123000.000000 24.000000 -10.971753 482.673828 
123100.000000 14.000000 1.935391 715.819336 
123200.000000 16.000000 2.375849 147.373779 
123300.000000 11.000000 4.010409 233.861649 
123400.000000 12.000000 6.028375 38.079693 
123500.000000 27.000000 -9.971755 477.762482 
123600.000000 21.000000 -5.977726 907.252136 
123700.000000 6.000000 9.027381 351.265808 
123800.000000 0.000000 15.000000 0.011791 
123900.000000 18.000000 -3.012590 58.004047 
124000.000000 20.000000 -0.996455 228.915314 
124100.000000 27.000000 -8.000001 659.688721 
124200.000000 9.000000 13.069874 368.765717 
124300.000000 3.000000 14.000005 0.463837 
124400.000000 1.000000 14.000006 51.713985 
124500.000000 18.000000 -8.641177 7.498761 
124600.000000 17.000000 0.943855 290.936737 
124700.000000 27.000000 -8.998747 415.537506 
124800.000000 14.000000 -1.243571 647.636047 
124900.000000 3.000000 15.000000 81.089996 
125000.000000 7.000000 11.728476 11.353256 
125100.000000 22.000000 -6.636481 42.295746 
125200.000000 19.000000 -2.906282 36.487106 
125300.000000 9.000000 6.051157 162.506668 
125400.000000 27.000000 -6.999969 299.576050 
125500.000000 6.000000 13.117657 63.508614 
125600.000000 2.000000 13.942317 20.209942 
125700.000000 17.000000 -0.897651 2.271866 
125800.000000 25.000000 -5.326242 453.042450 
125900.000000 10.000000 6.999100 420.845490 
126000.000000 0.000000 14.998724 44.494564 
126100.000000 2.000000 15.000000 33.821716 
126200.000000 16.000000 -5.553151 178.289581 
126300.000000 26.000000 -7.999996 628.127747 
126400.000000 24.000000 -9.990901 973.699524 
126500.000000 17.000000 -1.138539 992.082642 
126600.000000 7.000000 11.909613 418.653076 
126700.000000 12.000000 3.007093 133.072266 
126800.000000 18.000000 4.689850 437.160919 
126900.000000 2.000000 15.000000 0.001152 
127000.000000 27.000000 -9.999984 148.779297 
127100.000000 17.000000 -7.510002 555.446350 
127200.000000 6.000000 11.064187 35.233768 
127300.000000 0.000000 15.000000 32.654671 
127400.000000 11.000000 5.330460 32.358406 
127500.000000 24.000000 -2.136271 212.683807 
127600.000000 24.000000 -7.954969 159.001938 
127700.000000 15.000000 1.474249 471.045929 
127800.000000 20.000000 -1.061312 583.400757 
127900.000000 8.000000 2.774161 190.495316 
128000.000000 0.000000 14.988536 0.002748 
128100.000000 17.000000 -1.501765 33.525150 
128200.000000 27.000000 -10.011967 100.543549 
128300.000000 15.000000 1.442327 451.012726 
128400.000000 27.000000 -8.785734 141.810394 
128500.000000 26.000000 -6.988938 399.875488 
128600.000000 15.000000 -0.380304 486.846832 
128700.000000 18.000000 -1.120528 151.427628 
128800.000000 4.000000 13.706783 1.226646 
128900.000000 26.000000 -9.299787 122.167473 
129000.000000 4.000000 10.473092 125.383987 
129100.000000 21.000000 -5.267765 22.568674 
129200.000000 23.000000 -3.198037 221.734695 
129300.000000 18.000000 4.450952 367.591949 
129400.000000 23.000000 -1.238266 124.196983 
129500.000000 8.000000 9.125487 18.567034 
129600.000000 0.000000 15.000000 25.533676 
129700.000000 0.000000 14.999999 80.079643 
129800.000000 1.000000 15.000000 44.721718 
129900.000000 24.000000 -8.999784 8.608286 
130000.000000 15.000000 2.999606 111.233856 
130100.000000 26.000000 -7.000008 567.403381 
130200.000000 10.000000 4.078373 333.929596 
130300.000000 5.000000 12.761902 108.782043 
130400.000000 1.000000 11.988961 23.255047 
130500.000000 21.000000 -3.998213 14.492867 
130600.000000 12.000000 0.081122 201.293869 
130700.000000 2.000000 11.989386 174.965363 
130800.000000 17.000000 6.437097 65.583252 
130900.000000 0.000000 15.000000 15.577625 
131000.000000 16.000000 -0.971792 5.521537 
131100.000000 27.000000 -4.168866 109.520859 
131200.000000 0.000000 15.000000 96.576706 
131300.000000 18.000000 4.034306 10.658316 
131400.000000 0.000000 15.000000 21.240562 
131500.000000 3.000000 10.993687 29.955082 
131600.000000 16.000000 -3.345559 52.990490 
131700.000000 2.000000 15.000000 10.871400 
131800.000000 3.000000 11.701074 65.795715 
131900.000000 19.000000 2.087286 221.456802 
132000.000000 12.000000 10.630033 1.773782 
132100.000000 20.000000 -0.822226 4.519481 
132200.000000 26.000000 -1.885082 3.214384 
132300.000000 0.000000 15.000000 9.612786 
132400.000000 17.000000 1.000000 0.998792 
132500.000000 27.000000 -2.942585 297.609497 
132600.000000 22.000000 -7.045492 110.299171 
132700.000000 3.000000 13.865710 254.931992 
132800.000000 26.000000 -10.998325 262.460724 
132900.000000 18.000000 -3.351937 577.636230 
133000.000000 13.000000 7.700787 681.275513 
133100.000000 27.000000 -5.497560 630.301514 
133200.000000 0.000000 14.381773 171.785034 
133300.000000 3.000000 14.889714 14.302248 
133400.000000 6.000000 12.922079 60.986320 
133500.000000 6.000000 14.680806 85.690758 
133600.000000 12.000000 0.383677 35.933769 
133700.000000 21.000000 -8.290526 147.220490 
133800.000000 9.000000 3.552504 46.999832 
133900.000000 14.000000 -4.215306 24.989496 
134000.000000 23.000000 -1.267395 504.854065 
134100.000000 0.000000 15.000000 12.819630 
134200.000000 21.000000 -7.508739 9.757582 
134300.000000 12.000000 4.989048 351.625793 
134400.000000 27.000000 -8.758967 298.487549 
134500.000000 22.000000 -5.980241 689.997986 
134600.000000 21.000000 -9.269979 710.965637 
134700.000000 12.000000 6.615112 868.357971 
134800.000000 0.000000 15.000000 83.541206 
134900.000000 24.000000 -5.000083 83.107178 
135000.000000 7.000000 4.873713 4.886699 
135100.000000 27.000000 -10.004745 497.740753 
135200.000000 27.000000 -7.875497 792.275391 
135300.000000 8.000000 7.656933 276.182709 
135400.000000 21.000000 -3.573342 576.868408 
135500.000000 21.000000 -5.717175 768.866028 
135600.000000 25.000000 -8.835155 810.406311 
135700.000000 16.000000 -1.893982 671.211365 
135800.000000 12.000000 5.411699 141.978195 
135900.000000 27.000000 -8.986938 520.037354 
136000.000000 11.000000 10.711925 649.958679 
136100.000000 8.000000 3.116188 61.581848 
136200.000000 26.000000 -9.996668 562.564453 
136300.000000 9.000000 12.299892 400.117737 
136400.000000 4.000000 9.613125 5.022347 
136500.000000 27.000000 -8.216568 315.878540 
136600.000000 9.000000 8.700090 165.232666 
136700.000000 7.000000 15.000000 0.498479 
136800.000000 27.000000 -8.999971 62.795235 
136900.000000 7.000000 6.057631 253.021683 
137000.000000 27.000000 -9.013080 317.066071 
137100.000000 27.000000 -9.180305 838.214844 
137200.000000 22.000000 -4.938195 803.717896 
137300.000000 2.000000 10.064055 93.748901 
137400.000000 17.000000 -1.629259 12.720009 
137500.000000 25.000000 -8.248312 498.922058 
137600.000000 27.000000 -8.993042 736.203369 
137700.000000 22.000000 -8.997445 961.670044 
137800.000000 26.000000 -10.997306 834.386780 
137900.000000 7.000000 12.301176 563.207031 
138000.000000 20.000000 -8.578729 207.262985 
138100.000000 18.000000 -0.967914 83.706177 
138200.000000 15.000000 2.495717 180.192139 
138300.000000 18.000000 -2.028205 301.545197 
138400.000000 12.000000 5.005510 135.955124 
138500.000000 24.000000 -9.000090 654.387512 
138600.000000 27.000000 -9.992444 918.915771 
138700.000000 3.000000 15.000000 699.431213 
138800.000000 1.000000 14.000003 0.483051 
138900.000000 27.000000 -9.997354 39.831188 
139000.000000 13.000000 3.907888 477.440186 
139100.000000 15.000000 5.550529 188.603409 
139200.000000 1.000000 15.000000 0.246044 
139300.000000 0.000000 14.993677 66.693062 
139400.000000 25.000000 -8.166624 24.278181 
139500.000000 27.000000 -10.998720 178.871002 
139600.000000 8.000000 7.655096 381.113586 
139700.000000 27.000000 -9.986541 253.555542 
139800.000000 27.000000 -4.689351 841.870544 
139900.000000 0.000000 15.000000 68.240852 
140000.000000 9.000000 8.029634 1.072912 
140100.000000 0.000000 15.000000 31.676920 
140200.000000 7.000000 10.071783 61.555401 
140300.000000 4.000000 12.652005 3.744947 
140400.000000 17.000000 -0.055719 77.827728 
140500.000000 6.000000 11.021160 18.934191 
140600.000000 8.000000 5.330417 7.642538 
140700.000000 13.000000 4.648664 338.969330 
140800.000000 6.000000 8.981332 179.545990 
140900.000000 4.000000 8.790447 12.542495 
141000.000000 6.000000 3.052331 51.893948 
141100.000000 24.000000 -6.403485 86.350212 
141200.000000 27.000000 -7.898839 639.892395 
141300.000000 15.000000 5.222526 177.162735 
141400.000000 26.000000 -8.927079 464.175018 
141500.000000 27.000000 -10.898839 969.028748 
141600.000000 27.000000 -7.899394 1144.170410 
141700.000000 0.000000 15.000000 240.949814 
141800.000000 24.000000 -1.603076 26.375172 
141900.000000 14.000000 3.001323 5.684297 
142000.000000 15.000000 -0.999876 100.103195 
142100.000000 6.000000 12.009853 6.575129 
142200.000000 23.000000 -7.667664 3.674687 
142300.000000 11.000000 6.011231 10.366944 
142400.000000 9.000000 13.370120 14.411256 
142500.000000 16.000000 11.202855 12.005843 
142600.000000 16.000000 0.381540 12.930000 
142700.000000 26.000000 -8.956606 225.689240 
142800.000000 17.000000 7.375925 577.589722 
142900.000000 3.000000 14.014532 3.287126 
143000.000000 20.000000 -6.854304 16.810953 
143100.000000 24.000000 -7.985470 479.216156 
143200.000000 14.000000 1.141088 662.200134 
143300.000000 13.000000 2.013865 512.646851 
143400.000000 15.000000 1.487412 647.943237 
143500.000000 9.000000 14.082359 26.277924 
143600.000000 27.000000 -6.796181 1.357429 
143700.000000 26.000000 -7.999988 425.818420 
143800.000000 13.000000 12.667253 614.738220 
143900.000000 26.000000 -7.196782 551.110718 
144000.000000 27.000000 -8.928748 688.477417 
144100.000000 27.000000 -9.999977 689.308044 
144200.000000 27.000000 -3.906480 978.905640 
144300.000000 0.000000 15.000000 30.029491 
144400.000000 6.000000 5.225191 6.568420 
144500.000000 22.000000 -4.077421 430.060577 
144600.000000 20.000000 -1.974702 345.892761 
144700.000000 2.000000 15.000000 24.065712 
144800.000000 27.000000 -9.999794 207.419464 
144900.000000 1.000000 15.000000 80.024124 
145000.000000 16.000000 -1.334301 2.632126 
145100.000000 9.000000 7.985307 126.820534 
145200.000000 6.000000 10.035073 6.076309 
145300.000000 10.000000 7.314086 15.036987 
145400.000000 19.000000 1.399332 124.645386 
145500.000000 26.000000 -9.444195 61.016033 
145600.000000 20.000000 1.518191 426.488342 
145700.000000 13.000000 8.577802 278.973938 
145800.000000 16.000000 -0.232047 391.866577 
145900.000000 8.000000 9.642776 139.207458 
146000.000000 9.000000 14.502454 22.150478 
146100.000000 0.000000 14.712106 45.413296 
146200.000000 27.000000 -8.957791 32.770912 
146300.000000 0.000000 14.192690 32.786255 
146400.000000 3.000000 13.658211 3.465191 
146500.000000 25.000000 -5.097007 223.688705 
146600.000000 16.000000 0.001177 250.948563 
146700.000000 13.000000 0.818544 565.771240 
146800.000000 27.000000 -9.184718 926.012451 
146900.000000 27.000000 -8.994726 1102.895874 
147000.000000 5.000000 10.976713 431.472778 
147100.000000 0.000000 15.000000 4.542631 
147200.000000 3.000000 12.343003 48.701729 
147300.000000 3.000000 15.000000 5.059745 
147400.000000 16.000000 -0.672308 1.702232 
147500.000000 1.000000 13.133450 4.242834 
147600.000000 27.000000 -9.863895 39.751465 
147700.000000 27.000000 -9.209553 651.000000 
147800.000000 27.000000 -9.865645 643.748840 
147900.000000 12.000000 12.831233 697.607300 
148000.000000 27.000000 -8.990059 135.694229 
148100.000000 0.000000 15.000000 162.305893 
148200.000000 0.000000 15.000000 5.270684 
148300.000000 14.000000 5.620732 34.509136 
148400.000000 27.000000 -7.832061 190.181885 
148500.000000 9.000000 8.533021 170.465897 
148600.000000 10.000000 5.891869 10.708252 
148700.000000 14.000000 0.449779 327.653168 
148800.000000 3.000000 13.040617 15.013845 
148900.000000 5.000000 13.042703 30.763939 
149000.000000 0.000000 14.980639 8.920956 
149100.000000 2.000000 15.000000 6.498790 
149200.000000 27.000000 -9.995731 32.554569 
149300.000000 10.000000 5.140216 171.415497 
149400.000000 18.000000 -8.607063 164.825241 
149500.000000 20.000000 -2.059180 632.997864 
149600.000000 11.000000 3.002879 139.743500 
149700.000000 0.000000 15.000000 0.532027 
149800.000000 27.000000 -4.927342 47.026405 
149900.000000 15.000000 5.641098 205.552078 
150000.000000 5.000000 8.066670 1.466090 
150100.000000 7.000000 12.007260 23.514364 
150200.000000 27.000000 -6.941166 115.020905 
150300.000000 4.000000 12.349782 5.182702 
150400.000000 0.000000 14.988564 2.198846 
150500.000000 27.000000 -10.000006 220.524017 
150600.000000 20.000000 -5.873545 408.886078 
150700.000000 27.000000 -9.000002 703.003540 
150800.000000 5.000000 10.999794 390.011810 
150900.000000 22.000000 -7.043301 421.806793 
151000.000000 0.000000 15.000000 171.036011 
151100.000000 27.000000 -7.004746 204.154251 
151200.000000 0.000000 13.871142 126.244202 
151300.000000 17.000000 5.161438 130.279556 
151400.000000 27.000000 -10.996301 381.832123 
151500.000000 27.000000 -9.996500 881.760071 
151600.000000 7.000000 10.853869 762.424072 
151700.000000 21.000000 -8.996308 771.717834 
151800.000000 27.000000 -7.996309 935.132080 
151900.000000 27.000000 -7.996309 1113.664062 
152000.000000 3.000000 10.272820 330.807556 
152100.000000 0.000000 15.000000 9.864054 
152200.000000 5.000000 15.000000 21.598742 
152300.000000 0.000000 14.004318 28.329741 
152400.000000 14.000000 2.210614 11.005545 
152500.000000 19.000000 -3.396294 182.126114 
152600.000000 13.000000 -0.527550 472.134125 
152700.000000 27.000000 -7.860264 255.242630 
152800.000000 14.000000 1.003778 69.882767 
152900.000000 12.000000 -5.711082 220.135437 
153000.000000 4.000000 10.361709 432.206207 
153100.000000 27.000000 -10.625203 135.728195 
153200.000000 0.000000 14.917679 64.988899 
153300.000000 7.000000 14.191569 31.902147 
153400.000000 27.000000 -7.995530 52.904987 
153500.000000 2.000000 12.703286 42.048813 
153600.000000 21.000000 -8.996712 311.222137 
153700.000000 19.000000 -5.186711 648.924500 
153800.000000 8.000000 12.999900 48.692135 
153900.000000 3.000000 15.000000 0.981307 
154000.000000 14.000000 1.013869 5.995228 
154100.000000 13.000000 4.084421 3.956973 
154200.000000 8.000000 9.583993 21.341825 
154300.000000 27.000000 -5.030237 125.896408 
154400.000000 15.000000 2.999405 255.761841 
154500.000000 19.000000 -3.057703 523.602478 
154600.000000 14.000000 1.435168 505.532104 
154700.000000 4.000000 12.958052 50.971569 
154800.000000 8.000000 10.227207 0.527499 
154900.000000 0.000000 15.000000 65.366394 
155000.000000 4.000000 14.999997 122.029213 
155100.000000 1.000000 15.000000 117.729050 
155200.000000 0.000000 15.000000 170.968094 
155300.000000 0.000000 14.560425 0.271326 
155400.000000 19.000000 -8.915966 122.527115 
155500.000000 8.000000 2.298573 104.282158 
155600.000000 7.000000 4.315506 42.488602 
155700.000000 9.000000 8.007736 148.175720 
155800.000000 12.000000 4.007890 234.600891 
155900.000000 2.000000 12.511568 2.069063 
156000.000000 0.000000 14.000014 50.277035 
156100.000000 7.000000 5.311332 46.732174 
156200.000000 17.000000 0.192497 79.777954 
156300.000000 14.000000 3.010390 211.234863 
156400.000000 2.000000 14.700000 0.077429 
156500.000000 25.000000 -9.907984 190.272583 
156600.000000 12.000000 11.788331 496.944489 
156700.000000 4.000000 9.198821 0.030321 
156800.000000 27.000000 -8.999975 207.128922 
156900.000000 19.000000 -3.035572 691.502991 
157000.000000 22.000000 -7.014277 783.242249 
157100.000000 19.000000 -4.882364 795.987549 
157200.000000 10.000000 15.000000 47.643291 
157300.000000 1.000000 13.461754 0.019561 
157400.000000 15.000000 2.343172 0.060077 
157500.000000 27.000000 -9.999954 290.455322 
157600.000000 10.000000 8.343028 225.639084 
157700.000000 0.000000 15.000000 19.283245 
157800.000000 21.000000 -8.799430 242.583893 
157900.000000 2.000000 10.551430 44.921036 
158000.000000 6.000000 2.758373 87.307091 
158100.000000 5.000000 13.394477 59.121384 
158200.000000 27.000000 -7.784053 19.183048 
158300.000000 0.000000 15.000000 11.386827 
158400.000000 17.000000 -2.831901 21.852844 
158500.000000 0.000000 14.759929 0.891039 
158600.000000 0.000000 15.000000 8.558888 
158700.000000 0.000000 13.833867 80.203415 
158800.000000 7.000000 9.865841 14.060179 
158900.000000 5.000000 11.985062 15.111628 
159000.000000 8.000000 6.636156 121.425697 
159100.000000 13.000000 2.957371 264.588623 
159200.000000 25.000000 -6.539596 448.196594 
159300.000000 8.000000 6.000521 83.351570 
159400.000000 0.000000 15.000000 104.600739 
159500.000000 21.000000 -3.452568 212.303619 
159600.000000 27.000000 -9.868211 627.368774 
159700.000000 8.000000 7.120429 658.468384 
159800.000000 26.000000 -8.869467 700.272888 
159900.000000 2.000000 15.000000 383.333466 
160000.000000 0.000000 15.000000 23.786011 
160100.000000 22.000000 -3.336098 12.517376 
160200.000000 26.000000 -6.135705 344.649261 
160300.000000 0.000000 14.800283 0.079224 
160400.000000 22.000000 -6.192471 0.679504 
160500.000000 7.000000 12.016745 86.374443 
160600.000000 3.000000 15.000000 6.513514 
160700.000000 19.000000 -6.312306 102.158958 
160800.000000 27.000000 -7.917631 631.536011 
160900.000000 5.000000 10.510630 412.124359 
161000.000000 10.000000 12.836809 362.043091 
161100.000000 27.000000 -8.999990 244.616180 
161200.000000 12.000000 4.997786 415.138519 
161300.000000 4.000000 13.940210 32.031311 
161400.000000 2.000000 12.430502 26.284504 
161500.000000 1.000000 14.021463 0.013255 
161600.000000 20.000000 0.457201 29.263687 
161700.000000 4.000000 12.190076 5.537216 
161800.000000 26.000000 -8.999849 331.502930 
161900.000000 12.000000 -2.730108 469.427979 
162000.000000 8.000000 15.000000 607.470825 
162100.000000 3.000000 12.191089 59.303185 
162200.000000 10.000000 8.010954 62.995369 
162300.000000 17.000000 1.064159 40.976482 
162400.000000 26.000000 -3.189604 230.590286 
162500.000000 4.000000 14.727360 37.625259 
162600.000000 21.000000 -5.020068 57.996807 
162700.000000 16.000000 -0.216648 235.274963 
162800.000000 27.000000 -9.213208 756.318909 
162900.000000 10.000000 5.621768 160.866104 
163000.000000 0.000000 15.000000 33.030773 
163100.000000 13.000000 1.285508 72.874847 
163200.000000 3.000000 14.344702 6.300444 
163300.000000 25.000000 -9.983515 10.696899 
163400.000000 0.000000 13.457052 0.010106 
163500.000000 21.000000 -3.998139 0.705696 
163600.000000 7.000000 8.469329 6.360152 
163700.000000 0.000000 10.942377 40.358932 
163800.000000 1.000000 12.815574 19.313015 
163900.000000 0.000000 15.000000 0.375842 
164000.000000 0.000000 14.700800 32.425827 
164100.000000 2.000000 11.947458 53.902176 
164200.000000 20.000000 -6.000006 189.038132 
164300.000000 12.000000 4.741555 416.219971 
164400.000000 9.000000 5.358501 15.407868 
164500.000000 22.000000 -3.749108 27.250702 
164600.000000 4.000000 13.005730 1.138384 
164700.000000 8.000000 14.839818 43.207947 
164800.000000 9.000000 4.176286 29.462517 
164900.000000 22.000000 -6.999903 215.657364 
165000.000000 11.000000 6.730632 7.213439 
165100.000000 0.000000 14.100266 2.761972 
165200.000000 16.000000 -1.653753 62.113544 
165300.000000 27.000000 -9.953249 444.323944 
165400.000000 27.000000 -8.487773 927.459839 
165500.000000 8.000000 2.317531 42.694901 
165600.000000 8.000000 8.992544 97.749298 
165700.000000 8.000000 9.999993 6.118373 
165800.000000 27.000000 -9.999850 272.565796 
165900.000000 14.000000 1.406283 123.021164 
166000.000000 24.000000 -8.991690 591.631958 
166100.000000 7.000000 8.001559 364.701447 
166200.000000 24.000000 -1.262407 257.818024 
166300.000000 27.000000 -9.991041 463.903442 
166400.000000 6.000000 12.966501 355.997894 
166500.000000 17.000000 1.007474 264.805511 
166600.000000 5.000000 9.198821 0.688202 
166700.000000 8.000000 3.296373 17.762295 
166800.000000 22.000000 -8.067316 244.026352 
166900.000000 15.000000 0.917501 377.136566 
167000.000000 27.000000 -8.997670 707.058105 
167100.000000 22.000000 0.689277 899.798340 
167200.000000 21.000000 -9.996844 495.678223 
167300.000000 27.000000 -7.702320 934.888733 
167400.000000 3.000000 15.000000 176.734253 
167500.000000 1.000000 15.000000 17.289238 
167600.000000 27.000000 -8.949915 92.523941 
167700.000000 27.000000 -9.999983 571.875244 
167800.000000 27.000000 -2.880685 658.592712 
167900.000000 27.000000 -7.882363 800.519714 
168000.000000 21.000000 -3.958027 765.511414 
168100.000000 23.000000 -1.148825 492.648499 
168200.000000 23.000000 -6.392674 596.962036 
168300.000000 15.000000 0.443561 108.732735 
168400.000000 23.000000 -7.897426 113.485756 
168500.000000 27.000000 -8.988927 676.612915 
168600.000000 21.000000 0.703256 956.611450 
168700.000000 10.000000 5.011076 230.454681 
168800.000000 15.000000 2.011952 106.075150 
168900.000000 27.000000 -7.985356 315.561188 
169000.000000 7.000000 9.198830 75.014565 
169100.000000 9.000000 10.441695 301.686127 
169200.000000 9.000000 11.297940 2.646806 
169300.000000 6.000000 12.858701 1.543071 
169400.000000 12.000000 2.297451 0.486328 
169500.000000 9.000000 8.176777 0.036268 
169600.000000 25.000000 -7.764386 276.966827 
169700.000000 8.000000 12.300066 3.439233 
169800.000000 17.000000 1.460924 15.476050 
169900.000000 1.000000 13.000008 4.875652 
170000.000000 18.000000 -2.085616 91.668549 
170100.000000 1.000000 15.000000 2.241433 
170200.000000 0.000000 15.000000 61.330688 
170300.000000 20.000000 -4.009218 142.020538 
170400.000000 23.000000 -6.000001 328.609253 
170500.000000 0.000000 15.000000 3.592809 
170600.000000 11.000000 9.129786 204.351196 
170700.000000 5.000000 10.295402 13.533870 
170800.000000 15.000000 3.828024 17.400444 
170900.000000 25.000000 -8.338498 5.225785 
171000.000000 27.000000 -9.826568 295.172791 
171100.000000 27.000000 -8.397363 243.991867 
171200.000000 16.000000 -0.204150 63.804951 
171300.000000 0.000000 15.000000 17.729601 
171400.000000 9.000000 7.168248 82.735390 
171500.000000 5.000000 11.823645 72.628616 
171600.000000 17.000000 -1.633517 53.746571 
171700.000000 3.000000 14.240308 0.279216 
171800.000000 16.000000 -6.613053 8.408275 
171900.000000 14.000000 4.541649 4.877339 
172000.000000 9.000000 8.999825 47.189968 
172100.000000 0.000000 12.948260 36.997868 
172200.000000 18.000000 -2.671991 0.254843 
172300.000000 13.000000 5.078322 53.610126 
172400.000000 15.000000 -7.047918 483.592468 
172500.000000 16.000000 0.832655 265.395081 
172600.000000 0.000000 15.000000 114.822876 
172700.000000 7.000000 8.999990 39.564926 
172800.000000 20.000000 -7.082442 378.249023 
172900.000000 2.000000 13.489997 114.885185 
173000.000000 11.000000 4.999187 152.416946 
173100.000000 27.000000 -9.097872 32.070541 
173200.000000 21.000000 3.682501 547.932007 
173300.000000 6.000000 10.116856 60.032875 
173400.000000 0.000000 15.000000 7.008875 
173500.000000 0.000000 14.999991 75.802361 
173600.000000 27.000000 -5.275262 4.591812 
173700.000000 11.000000 9.766406 268.230286 
173800.000000 18.000000 -1.859071 442.322937 
173900.000000 19.000000 0.760849 762.390930 
174000.000000 6.000000 11.774911 96.011803 
174100.000000 14.000000 3.036301 21.230278 
174200.000000 2.000000 14.190160 67.461098 
174300.000000 13.000000 5.220563 9.117256 
174400.000000 26.000000 -10.000003 343.942566 
174500.000000 13.000000 3.954242 687.493835 
174600.000000 4.000000 10.992363 84.961388 
174700.000000 13.000000 4.209558 80.624374 
174800.000000 4.000000 14.352771 0.797440 
174900.000000 16.000000 -0.687128 0.397821 
175000.000000 22.000000 -6.509980 354.070129 
175100.000000 12.000000 5.810340 299.444031 
175200.000000 1.000000 15.000000 4.031611 
175300.000000 23.000000 -8.969960 96.852478 
175400.000000 11.000000 7.345397 18.394978 
175500.000000 7.000000 14.881697 14.313717 
175600.000000 21.000000 -4.869080 2.088167 
175700.000000 8.000000 8.789890 18.658636 
175800.000000 27.000000 -9.954275 228.472961 
175900.000000 2.000000 12.853346 439.394165 
176000.000000 18.000000 -0.149527 11.050048 
176100.000000 0.000000 14.046100 8.527658 
176200.000000 10.000000 9.180573 50.644028 
176300.000000 0.000000 15.000000 28.432606 
176400.000000 0.000000 14.908678 27.462055 
176500.000000 27.000000 -9.889329 0.312140 
176600.000000 24.000000 -10.935013 261.610657 
176700.000000 10.000000 4.309176 52.879360 
176800.000000 23.000000 -9.934900 451.474152 
176900.000000 0.000000 15.000000 74.964317 
177000.000000 4.000000 14.546312 30.385710 
177100.000000 2.000000 13.490391 100.401634 
177200.000000 14.000000 2.000026 9.883093 
177300.000000 27.000000 -7.072165 233.937927 
177400.000000 12.000000 7.710272 399.428528 
177500.000000 23.000000 -8.996632 190.356735 
177600.000000 26.000000 -9.016678 637.684937 
177700.000000 7.000000 11.053211 136.011627 
177800.000000 5.000000 9.037071 7.919531 
177900.000000 23.000000 -5.102183 142.373886 
178000.000000 11.000000 6.821346 35.530746 
178100.000000 5.000000 12.251475 11.723867 
178200.000000 27.000000 -10.508477 127.496811 
178300.000000 19.000000 -6.101199 348.367523 
178400.000000 7.000000 7.232266 185.760727 
178500.000000 0.000000 15.000000 121.752655 
178600.000000 18.000000 -0.746905 8.198921 
178700.000000 27.000000 -5.936375 360.349274 
178800.000000 16.000000 3.187025 136.345627 
178900.000000 2.000000 15.000000 3.018781 
179000.000000 11.000000 6.255228 21.868340 
179100.000000 0.000000 13.998966 45.952633 
179200.000000 19.000000 -2.978632 59.197346 
179300.000000 19.000000 -1.989237 387.511963 
179400.000000 6.000000 13.004202 135.142471 
179500.000000 13.000000 2.323897 0.010176 
179600.000000 0.000000 15.000000 7.173091 
179700.000000 10.000000 9.046261 19.393366 
179800.000000 24.000000 -4.999099 0.259768 
179900.000000 27.000000 -8.999998 440.565277 
180000.000000 24.000000 -8.372791 349.018677 
180100.000000 25.000000 -9.000004 801.367859 
180200.000000 23.000000 -5.719492 459.557251 
180300.000000 14.000000 4.731130 572.307007 
180400.000000 18.000000 0.914072 212.105072 
180500.000000 5.000000 13.699836 4.555391 
180600.000000 17.000000 -1.669699 10.901861 
180700.000000 18.000000 -3.746227 195.526093 
180800.000000 20.000000 -8.992656 592.220703 
180900.000000 20.000000 -4.991283 836.209229 
181000.000000 0.000000 15.000000 449.115143 
181100.000000 0.000000 14.190000 1.510685 
181200.000000 27.000000 -9.154447 65.210167 
181300.000000 22.000000 -3.551690 492.261047 
181400.000000 3.000000 11.058821 5.909974 
181500.000000 3.000000 10.822123 16.465158 
181600.000000 27.000000 -9.127117 188.539886 
181700.000000 4.000000 13.998366 14.967418 
181800.000000 0.000000 15.000000 14.211476 
181900.000000 14.000000 2.239122 0.237489 
182000.000000 0.000000 14.967723 114.208405 
182100.000000 4.000000 11.979538 11.789242 
182200.000000 22.000000 -6.638284 18.929323 
182300.000000 10.000000 6.526653 140.505493 
182400.000000 27.000000 -9.953813 277.236023 
182500.000000 4.000000 15.000000 61.645004 
182600.000000 18.000000 -0.018380 7.486526 
182700.000000 26.000000 -10.001624 410.936951 
182800.000000 11.000000 6.026016 171.128937 
182900.000000 27.000000 -8.000003 660.604858 
183000.000000 27.000000 -8.996287 881.924744 
183100.000000 2.000000 15.000000 348.237152 
183200.000000 13.000000 2.907146 190.049728 
183300.000000 11.000000 1.115357 29.422951 
183400.000000 26.000000 -10.422636 554.925903 
183500.000000 10.000000 6.039089 360.108612 
183600.000000 5.000000 13.767241 282.580383 
183700.000000 16.000000 -0.608294 22.632706 
183800.000000 25.000000 -9.108978 297.532349 
183900.000000 27.000000 -8.150436 397.369232 
184000.000000 27.000000 -9.235215 521.995117 
184100.000000 15.000000 0.370345 70.917442 
184200.000000 4.000000 11.545456 218.860168 
184300.000000 4.000000 11.549026 24.286922 
184400.000000 24.000000 -8.449791 253.824097 
184500.000000 8.000000 10.736630 339.396881 
184600.000000 5.000000 14.402965 3.456383 
184700.000000 27.000000 -8.489355 18.280817 
184800.000000 13.000000 4.957683 303.111420 
184900.000000 20.000000 -4.051263 580.956665 
185000.000000 27.000000 -9.989048 785.720825 
185100.000000 1.000000 15.000000 38.648746 
185200.000000 0.000000 15.000000 0.255887 
185300.000000 0.000000 15.000000 58.487144 
185400.000000 17.000000 -6.840289 184.430176 
185500.000000 27.000000 -8.739571 490.289886 
185600.000000 15.000000 -0.262178 355.879639 
185700.000000 27.000000 -9.740066 622.900818 
185800.000000 27.000000 -9.939806 745.780212 
185900.000000 23.000000 -1.267360 1071.332275 
186000.000000 24.000000 -7.980015 457.446564 
186100.000000 5.000000 12.767475 285.826630 
186200.000000 11.000000 7.020631 174.475296 
186300.000000 6.000000 12.297771 7.401608 
186400.000000 27.000000 -8.998254 329.661804 
186500.000000 20.000000 -4.210600 614.283447 
186600.000000 7.000000 10.926257 125.222664 
186700.000000 10.000000 10.683104 207.383011 
186800.000000 11.000000 2.717277 120.472321 
186900.000000 25.000000 -3.217304 495.108673 
187000.000000 27.000000 -8.989750 775.231628 
187100.000000 5.000000 14.009886 220.708466 
187200.000000 16.000000 4.682274 90.804535 
187300.000000 12.000000 6.168640 2.955103 
187400.000000 27.000000 -8.734282 192.894485 
187500.000000 19.000000 0.008036 338.272278 
187600.000000 2.000000 14.342999 1.194394 
187700.000000 2.000000 14.000851 50.026031 
187800.000000 0.000000 11.956365 114.034012 
187900.000000 23.000000 -2.341453 50.717567 
188000.000000 11.000000 2.138040 72.352875 
188100.000000 26.000000 -8.981737 601.324158 
188200.000000 27.000000 -9.967888 900.744690 
188300.000000 20.000000 -2.538989 944.266968 
188400.000000 0.000000 15.000000 67.124855 
188500.000000 3.000000 15.000000 11.705354 
188600.000000 27.000000 -7.737498 38.767853 
188700.000000 18.000000 -1.959650 187.841919 
188800.000000 1.000000 13.088607 102.241928 
188900.000000 27.000000 -9.738829 26.343948 
189000.000000 26.000000 -8.999997 604.512939 
189100.000000 27.000000 -9.999994 1011.917175 
189200.000000 21.000000 -5.226896 934.402893 
189300.000000 26.000000 -9.882896 339.129669 
189400.000000 19.000000 -1.012237 567.951538 
189500.000000 26.000000 -3.702479 468.793518 
189600.000000 0.000000 14.052671 206.260452 
189700.000000 0.000000 14.084951 6.329288 
189800.000000 27.000000 -8.954715 0.981616 
189900.000000 21.000000 3.237368 425.622772 
190000.000000 9.000000 9.709191 225.722443 
190100.000000 23.000000 2.010078 29.335167 
190200.000000 19.000000 -3.551566 102.116989 
190300.000000 12.000000 2.850795 390.712067 
190400.000000 1.000000 13.884405 32.434200 
190500.000000 10.000000 5.001264 39.469006 
190600.000000 0.000000 15.000000 0.001574 
190700.000000 16.000000 1.867750 118.962540 
190800.000000 13.000000 4.358692 91.098869 
190900.000000 0.000000 15.000000 0.479866 
191000.000000 1.000000 14.190006 54.373219 
191100.000000 15.000000 -0.665118 62.218182 
191200.000000 3.000000 14.502840 55.068600 
191300.000000 0.000000 14.701124 90.882904 
191400.000000 12.000000 5.170508 0.006858 
191500.000000 26.000000 -3.246816 197.460175 
191600.000000 17.000000 -1.527058 385.236816 
191700.000000 0.000000 15.000000 103.365868 
191800.000000 19.000000 -0.999689 11.226990 
191900.000000 7.000000 11.146023 1.943702 
192000.000000 3.000000 12.703848 23.744438 
192100.000000 3.000000 14.825069 89.720558 
192200.000000 22.000000 -5.809645 31.919193 
192300.000000 6.000000 10.258721 3.761730 
192400.000000 6.000000 15.000000 66.597893 
192500.000000 1.000000 15.000000 109.582703 
192600.000000 4.000000 11.882407 4.413950 
192700.000000 27.000000 -7.893665 181.441086 
192800.000000 2.000000 12.051002 106.351273 
192900.000000 10.000000 10.290689 11.350656 
193000.000000 18.000000 0.125381 8.916213 
193100.000000 7.000000 10.000851 32.067932 
193200.000000 10.000000 4.310725 97.201897 
193300.000000 21.000000 -2.692646 61.469334 
193400.000000 19.000000 -0.734509 230.684570 
193500.000000 0.000000 15.000000 49.237965 
193600.000000 0.000000 15.000000 28.651201 
193700.000000 22.000000 -3.087966 29.533041 
193800.000000 13.000000 3.116127 0.079452 
193900.000000 25.000000 -8.224632 179.867203 
194000.000000 0.000000 15.000000 48.734386 
194100.000000 27.000000 -7.867084 107.926620 
194200.000000 22.000000 -5.067908 616.841125 
194300.000000 27.000000 -8.935724 853.985046 
194400.000000 16.000000 1.049075 754.792847 
194500.000000 24.000000 -8.924764 598.729065 
194600.000000 27.000000 -8.932096 931.552063 
194700.000000 5.000000 15.000000 93.486214 
194800.000000 25.000000 -8.999756 355.122284 
194900.000000 15.000000 -0.065865 418.412567 
195000.000000 0.000000 13.233294 421.722260 
195100.000000 27.000000 -10.200137 383.749115 
195200.000000 14.000000 8.524966 698.695679 
195300.000000 27.000000 0.516446 817.585938 
195400.000000 22.000000 -5.632824 268.545319 
195500.000000 25.000000 -7.890177 532.814331 
195600.000000 20.000000 -4.980515 783.539185 
195700.000000 24.000000 -6.847563 845.792175 
195800.000000 0.000000 15.000000 86.024590 
195900.000000 16.000000 0.700162 49.113106 
196000.000000 8.000000 7.918701 200.099197 
196100.000000 0.000000 13.999675 11.062106 
196200.000000 2.000000 13.000038 34.144867 
196300.000000 16.000000 -0.674572 16.477917 
196400.000000 9.000000 8.100200 15.296417 
196500.000000 25.000000 -6.916232 107.948502 
196600.000000 21.000000 -4.713722 483.290436 
196700.000000 18.000000 -4.966399 743.134155 
196800.000000 3.000000 15.000000 459.461823 
196900.000000 19.000000 -1.997347 42.876575 
197000.000000 4.000000 13.999997 0.157721 
197100.000000 21.000000 -4.761627 41.533161 
197200.000000 3.000000 15.000000 0.309364 
197300.000000 1.000000 15.000000 69.640221 
197400.000000 27.000000 -8.867272 0.353705 
197500.000000 17.000000 -1.801172 159.986008 
197600.000000 6.000000 9.182382 112.830971 
197700.000000 25.000000 -6.872354 346.301514 
197800.000000 27.000000 -7.950373 768.640137 
197900.000000 6.000000 8.997901 589.275513 
198000.000000 27.000000 -7.699104 651.901001 
198100.000000 16.000000 2.378790 701.829102 
198200.000000 17.000000 2.923543 319.875214 
198300.000000 15.000000 0.727908 31.732992 
198400.000000 14.000000 1.193388 280.904572 
198500.000000 27.000000 -8.996532 347.717194 
198600.000000 0.000000 15.000000 18.510138 
198700.000000 2.000000 14.040704 19.038210 
198800.000000 15.000000 0.547092 16.647715 
198900.000000 23.000000 -5.390404 341.058105 
199000.000000 27.000000 -8.956513 437.305695 
199100.000000 18.000000 3.470845 173.107895 
199200.000000 0.000000 14.043001 0.473795 
199300.000000 0.000000 14.000096 27.988201 
199400.000000 11.000000 6.029883 26.824738 
199500.000000 15.000000 -0.749667 1.792599 
199600.000000 5.000000 13.193031 36.374878 
199700.000000 20.000000 -0.257463 362.531738 
199800.000000 27.000000 -8.959306 482.379883 
199900.000000 2.000000 12.999022 329.253235 
200000.000000 20.000000 -4.467486 225.381271 
