100.000000 20.000000 -4.849821 273.057953 
200.000000 11.000000 -10.188380 382.606476 
300.000000 27.000000 6.143379 621.950134 
400.000000 8.000000 5.429704 406.186371 
500.000000 27.000000 13.125945 190.838455 
600.000000 27.000000 10.462074 187.367599 
700.000000 27.000000 5.814596 152.165665 
800.000000 19.000000 4.111984 292.996674 
900.000000 0.000000 5.970166 21.880423 
1000.000000 18.000000 9.451297 8.801255 
1100.000000 9.000000 10.733993 24.946495 
1200.000000 27.000000 2.364437 60.003784 
1300.000000 22.000000 -11.659714 544.486755 
1400.000000 27.000000 -11.010850 955.759583 
1500.000000 11.000000 4.308471 575.217102 
1600.000000 0.000000 10.165380 20.331905 
1700.000000 20.000000 14.247404 23.814098 
1800.000000 27.000000 14.949570 89.521828 
1900.000000 11.000000 15.000000 129.544861 
2000.000000 23.000000 11.472351 145.528336 
2100.000000 24.000000 15.000000 69.301338 
2200.000000 8.000000 5.401275 11.934420 
2300.000000 19.000000 -2.515035 251.353485 
2400.000000 1.000000 -4.684200 340.435455 
2500.000000 10.000000 0.488448 122.193588 
2600.000000 24.000000 -1.747968 354.806335 
2700.000000 27.000000 13.549639 219.267731 
2800.000000 19.000000 6.925345 50.908623 
2900.000000 13.000000 3.324901 15.179943 
3000.000000 20.000000 10.615167 75.792946 
3100.000000 10.000000 9.577701 1.565921 
3200.000000 7.000000 11.336317 24.688766 
3300.000000 2.000000 12.292131 100.575050 
3400.000000 24.000000 15.000000 13.456984 
3500.000000 27.000000 -1.954148 26.743734 
3600.000000 3.000000 -7.857046 226.369125 
3700.000000 2.000000 -14.912714 198.106262 
3800.000000 4.000000 -13.082465 283.327240 
3900.000000 3.000000 -15.573271 267.994537 
4000.000000 27.000000 -12.671452 518.629211 
4100.000000 23.000000 0.810468 670.370605 
4200.000000 0.000000 13.850078 58.671120 
4300.000000 18.000000 14.977053 2.457233 
4400.000000 0.000000 10.884152 4.089825 
4500.000000 26.000000 15.000000 0.664431 
4600.000000 5.000000 15.000000 14.051330 
4700.000000 3.000000 14.307302 14.407442 
4800.000000 0.000000 13.359875 104.894608 
4900.000000 3.000000 14.992881 120.466187 
5000.000000 27.000000 15.000000 1.471331 
5100.000000 4.000000 14.392314 18.191717 
5200.000000 20.000000 15.000000 8.572134 
5300.000000 2.000000 14.599055 51.903820 
5400.000000 10.000000 14.360683 53.186352 
5500.000000 0.000000 15.000000 73.927452 
5600.000000 25.000000 14.323698 31.835180 
5700.000000 1.000000 15.000000 18.611847 
5800.000000 5.000000 15.000000 92.919441 
5900.000000 20.000000 15.000000 1.004467 
6000.000000 9.000000 12.201849 2.067196 
6100.000000 16.000000 13.622032 4.132965 
6200.000000 24.000000 15.000000 31.474445 
6300.000000 8.000000 12.931983 0.636183 
6400.000000 24.000000 11.517603 24.169994 
6500.000000 22.000000 7.043194 74.604347 
6600.000000 3.000000 13.500571 40.208126 
6700.000000 25.000000 -2.922043 17.195942 
6800.000000 23.000000 -8.314179 495.531372 
6900.000000 12.000000 14.468867 291.195312 
7000.000000 0.000000 15.000000 0.052012 
7100.000000 0.000000 15.000000 84.894875 
7200.000000 10.000000 14.039666 64.116661 
7300.000000 0.000000 15.000000 129.662613 
7400.000000 0.000000 15.000000 28.183264 
7500.000000 5.000000 15.000000 16.669107 
7600.000000 10.000000 15.000000 0.035055 
7700.000000 15.000000 15.000000 7.431483 
7800.000000 19.000000 13.521910 48.376602 
7900.000000 10.000000 14.019419 94.751167 
8000.000000 2.000000 15.000000 4.833068 
8100.000000 3.000000 15.000000 65.855927 
8200.000000 14.000000 15.000000 49.744202 
8300.000000 10.000000 14.550746 1.363998 
8400.000000 15.000000 13.271649 22.179115 
8500.000000 27.000000 8.508955 58.818279 
8600.000000 15.000000 10.012146 105.767647 
8700.000000 12.000000 11.197854 105.080292 
8800.000000 2.000000 12.058744 3.065899 
8900.000000 0.000000 15.000000 37.749874 
9000.000000 0.000000 15.000000 107.822403 
9100.000000 16.000000 15.000000 16.856573 
9200.000000 16.000000 14.913096 18.620720 
9300.000000 20.000000 15.000000 30.152586 
9400.000000 2.000000 14.285960 1.841713 
9500.000000 21.000000 9.043011 75.916939 
9600.000000 10.000000 5.300641 8.308637 
9700.000000 6.000000 9.906633 40.128159 
9800.000000 22.000000 2.615869 0.471772 
9900.000000 18.000000 -16.000000 435.782196 
10000.000000 25.000000 -6.680034 495.297821 
10100.000000 17.000000 -7.054112 329.016968 
10200.000000 0.000000 1.518762 190.628540 
10300.000000 1.000000 4.309282 15.938155 
10400.000000 7.000000 -11.318554 23.436127 
10500.000000 22.000000 -7.531386 288.207031 
10600.000000 0.000000 -0.418588 143.676971 
10700.000000 19.000000 -9.650847 324.140076 
10800.000000 8.000000 -15.644164 608.957642 
10900.000000 27.000000 -8.076630 991.518799 
11000.000000 27.000000 15.000000 368.610291 
11100.000000 0.000000 14.979417 82.488953 
11200.000000 14.000000 14.710120 11.428629 
11300.000000 0.000000 13.455729 24.986988 
11400.000000 17.000000 12.129860 40.849480 
11500.000000 20.000000 4.083082 27.682272 
11600.000000 16.000000 9.748280 56.246559 
11700.000000 9.000000 10.396336 52.885677 
11800.000000 0.000000 5.673240 5.050943 
11900.000000 2.000000 15.000000 0.402456 
12000.000000 27.000000 15.000000 11.759767 
12100.000000 27.000000 12.245028 19.692308 
12200.000000 21.000000 3.308599 10.130758 
12300.000000 23.000000 -4.402516 123.694633 
12400.000000 27.000000 -10.223690 638.851746 
12500.000000 0.000000 15.000000 225.447800 
12600.000000 11.000000 14.102268 4.153000 
12700.000000 27.000000 0.869955 113.422775 
12800.000000 27.000000 0.243569 219.831741 
12900.000000 0.000000 12.762340 207.340714 
13000.000000 27.000000 14.656274 8.134728 
13100.000000 27.000000 6.378090 58.072769 
13200.000000 3.000000 9.246030 0.205685 
13300.000000 24.000000 15.000000 5.611467 
13400.000000 7.000000 13.992538 0.095222 
13500.000000 24.000000 15.000000 13.619561 
13600.000000 27.000000 13.781643 32.981594 
13700.000000 2.000000 15.000000 4.728077 
13800.000000 0.000000 15.000000 4.069754 
13900.000000 2.000000 12.331657 27.283993 
14000.000000 17.000000 11.036957 33.125614 
14100.000000 21.000000 15.000000 25.927042 
14200.000000 2.000000 15.000000 16.098547 
14300.000000 7.000000 15.000000 11.077145 
14400.000000 27.000000 12.429030 29.303549 
14500.000000 27.000000 11.989144 62.622742 
14600.000000 27.000000 15.000000 81.216492 
14700.000000 2.000000 13.059679 0.328090 
14800.000000 13.000000 14.972002 57.657864 
14900.000000 19.000000 12.838884 0.284619 
15000.000000 17.000000 15.000000 18.821829 
15100.000000 22.000000 15.000000 2.602823 
15200.000000 21.000000 14.771648 21.861294 
15300.000000 10.000000 14.421243 0.135633 
15400.000000 27.000000 15.000000 40.910244 
15500.000000 25.000000 15.000000 82.569427 
15600.000000 27.000000 12.161788 147.125549 
15700.000000 27.000000 14.417544 142.050430 
15800.000000 1.000000 15.000000 1.264994 
15900.000000 1.000000 15.000000 57.057064 
16000.000000 13.000000 15.000000 2.274797 
16100.000000 15.000000 14.466743 0.796293 
16200.000000 19.000000 14.403267 7.285764 
16300.000000 27.000000 4.600802 78.156036 
16400.000000 16.000000 12.314850 111.099098 
16500.000000 27.000000 11.888483 143.842911 
16600.000000 18.000000 6.120765 273.405792 
16700.000000 0.000000 14.840453 2.067730 
16800.000000 3.000000 15.000000 38.779575 
16900.000000 26.000000 11.544945 9.132854 
17000.000000 13.000000 15.000000 23.072134 
17100.000000 27.000000 13.487680 85.360184 
17200.000000 27.000000 13.659699 119.231071 
17300.000000 20.000000 13.891223 133.473312 
17400.000000 13.000000 10.967107 66.363609 
17500.000000 24.000000 -1.777856 40.726654 
17600.000000 27.000000 3.740834 38.827255 
17700.000000 10.000000 14.305840 5.701231 
17800.000000 24.000000 12.093609 65.333939 
17900.000000 4.000000 15.000000 3.889396 
18000.000000 5.000000 15.000000 24.598360 
18100.000000 23.000000 5.197659 13.677313 
18200.000000 4.000000 -3.165601 75.144211 
18300.000000 23.000000 -14.777568 181.049362 
18400.000000 27.000000 6.596398 232.190338 
18500.000000 9.000000 11.418770 135.971069 
18600.000000 0.000000 15.000000 24.556717 
18700.000000 0.000000 15.000000 39.820583 
18800.000000 26.000000 15.000000 1.412720 
18900.000000 21.000000 15.000000 0.623972 
19000.000000 27.000000 15.000000 38.878063 
19100.000000 27.000000 13.270987 77.731224 
19200.000000 24.000000 14.232731 96.729630 
19300.000000 25.000000 13.793833 124.901115 
19400.000000 10.000000 11.829912 0.155779 
19500.000000 23.000000 2.303111 86.692253 
19600.000000 12.000000 6.900162 143.451599 
19700.000000 23.000000 -6.732748 203.551102 
19800.000000 26.000000 1.941044 167.883774 
19900.000000 16.000000 -5.430449 86.779343 
20000.000000 5.000000 -5.781351 51.452400 
20100.000000 0.000000 -8.553940 142.219070 
20200.000000 21.000000 5.478989 222.270935 
20300.000000 24.000000 5.512037 67.252213 
20400.000000 26.000000 1.699904 264.925903 
20500.000000 13.000000 15.000000 173.978531 
20600.000000 27.000000 10.125583 160.716125 
20700.000000 20.000000 14.753868 128.326462 
20800.000000 3.000000 13.530173 0.271832 
20900.000000 27.000000 15.000000 10.208957 
21000.000000 10.000000 15.000000 2.931119 
21100.000000 5.000000 15.000000 54.858337 
21200.000000 5.000000 15.000000 94.283821 
21300.000000 27.000000 15.000000 45.922184 
21400.000000 7.000000 15.000000 0.618714 
21500.000000 27.000000 13.680892 0.180011 
21600.000000 0.000000 15.000000 16.524284 
21700.000000 8.000000 15.000000 95.208893 
21800.000000 5.000000 15.000000 28.396152 
21900.000000 1.000000 15.000000 1.728189 
22000.000000 0.000000 15.000000 86.654076 
22100.000000 0.000000 15.000000 132.169952 
22200.000000 19.000000 15.000000 9.336551 
22300.000000 5.000000 15.000000 45.451569 
22400.000000 26.000000 15.000000 3.488717 
22500.000000 2.000000 15.000000 7.758731 
22600.000000 21.000000 10.720194 17.090408 
22700.000000 27.000000 14.637930 20.061266 
22800.000000 12.000000 15.000000 40.170132 
22900.000000 6.000000 15.000000 1.140902 
23000.000000 0.000000 15.000000 55.899101 
23100.000000 0.000000 15.000000 82.172211 
23200.000000 16.000000 15.000000 43.595783 
23300.000000 0.000000 15.000000 4.581962 
23400.000000 27.000000 15.000000 0.267686 
23500.000000 12.000000 15.000000 2.985284 
23600.000000 7.000000 15.000000 45.991962 
23700.000000 0.000000 15.000000 104.785828 
23800.000000 3.000000 15.000000 81.507469 
23900.000000 23.000000 15.000000 76.663719 
24000.000000 27.000000 15.000000 13.945727 
24100.000000 20.000000 15.000000 42.575047 
24200.000000 1.000000 15.000000 24.134464 
24300.000000 23.000000 13.065211 0.790732 
24400.000000 4.000000 15.000000 0.297233 
24500.000000 0.000000 15.000000 18.837091 
24600.000000 9.000000 14.818789 60.489567 
24700.000000 27.000000 15.000000 8.194544 
24800.000000 27.000000 13.500611 50.633739 
24900.000000 25.000000 15.000000 100.293221 
25000.000000 26.000000 13.927967 88.684685 
25100.000000 22.000000 15.000000 59.244682 
25200.000000 17.000000 15.000000 13.925357 
25300.000000 13.000000 12.615557 17.619749 
25400.000000 13.000000 14.290092 73.305626 
25500.000000 0.000000 15.000000 31.771608 
25600.000000 27.000000 15.000000 2.477631 
25700.000000 25.000000 15.000000 0.134909 
25800.000000 25.000000 13.857757 45.597912 
25900.000000 16.000000 13.923185 29.079056 
26000.000000 7.000000 14.848416 0.204388 
26100.000000 11.000000 15.000000 1.666345 
26200.000000 27.000000 3.243649 0.345115 
26300.000000 27.000000 15.000000 139.513229 
26400.000000 9.000000 14.359063 2.032759 
26500.000000 5.000000 15.000000 0.633065 
26600.000000 11.000000 12.564415 30.012718 
26700.000000 21.000000 13.184121 28.622454 
26800.000000 26.000000 -3.290033 162.882202 
26900.000000 19.000000 -15.249528 618.431396 
27000.000000 27.000000 -5.031391 521.706970 
27100.000000 19.000000 6.553648 437.462158 
27200.000000 24.000000 1.960234 451.000275 
27300.000000 14.000000 10.421496 292.792145 
27400.000000 17.000000 15.000000 1.706955 
27500.000000 7.000000 13.749815 0.795170 
27600.000000 17.000000 14.911138 8.299135 
27700.000000 19.000000 11.328498 0.565332 
27800.000000 0.000000 4.027854 31.708849 
27900.000000 27.000000 10.563272 91.342232 
28000.000000 7.000000 0.145289 174.999954 
28100.000000 15.000000 -11.844732 104.238373 
28200.000000 0.000000 7.302008 161.950317 
28300.000000 19.000000 3.785378 100.873772 
28400.000000 27.000000 -3.572859 442.064331 
28500.000000 0.000000 15.000000 189.072311 
28600.000000 14.000000 11.951110 134.367783 
28700.000000 12.000000 7.948727 2.449030 
28800.000000 22.000000 15.000000 11.652260 
28900.000000 10.000000 9.748596 77.039940 
29000.000000 0.000000 15.000000 11.174887 
29100.000000 27.000000 -4.313288 81.712616 
29200.000000 13.000000 2.865486 359.832214 
29300.000000 13.000000 -0.271055 134.105499 
29400.000000 1.000000 4.377949 16.404959 
29500.000000 1.000000 -14.551723 67.946609 
29600.000000 0.000000 -12.956642 178.668625 
29700.000000 27.000000 -8.780643 833.543335 
29800.000000 15.000000 -5.501738 771.172485 
29900.000000 27.000000 7.897003 588.843994 
30000.000000 3.000000 15.000000 76.376907 
30100.000000 10.000000 15.000000 5.266378 
30200.000000 23.000000 14.321794 22.945553 
30300.000000 4.000000 15.000000 7.943695 
30400.000000 20.000000 10.394419 9.217619 
30500.000000 20.000000 15.000000 51.757713 
30600.000000 27.000000 15.000000 38.569370 
30700.000000 27.000000 14.498877 30.951231 
30800.000000 21.000000 14.212825 81.910080 
30900.000000 18.000000 15.000000 85.759598 
31000.000000 16.000000 15.000000 32.433853 
31100.000000 21.000000 14.923196 61.528671 
31200.000000 26.000000 12.455462 55.704617 
31300.000000 27.000000 11.760539 52.899055 
31400.000000 15.000000 15.000000 28.984003 
31500.000000 27.000000 13.293345 60.568455 
31600.000000 7.000000 15.000000 4.464287 
31700.000000 0.000000 15.000000 29.512562 
31800.000000 2.000000 15.000000 5.315864 
31900.000000 23.000000 13.629494 7.660909 
32000.000000 10.000000 11.647100 16.494211 
32100.000000 2.000000 15.000000 40.071445 
32200.000000 6.000000 15.000000 25.644903 
32300.000000 1.000000 15.000000 79.202187 
32400.000000 21.000000 15.000000 28.340324 
32500.000000 11.000000 14.832281 77.445999 
32600.000000 6.000000 15.000000 111.515404 
32700.000000 13.000000 15.000000 6.962292 
32800.000000 0.000000 15.000000 3.852448 
32900.000000 1.000000 15.000000 55.253269 
33000.000000 1.000000 15.000000 106.715736 
33100.000000 27.000000 15.000000 54.249172 
33200.000000 14.000000 15.000000 0.811913 
33300.000000 1.000000 13.769812 21.001038 
33400.000000 17.000000 12.539712 19.293184 
33500.000000 11.000000 15.000000 5.100962 
33600.000000 11.000000 15.000000 45.600487 
33700.000000 9.000000 15.000000 0.001969 
33800.000000 23.000000 15.000000 8.608519 
33900.000000 20.000000 14.012136 4.252926 
34000.000000 24.000000 14.253338 34.081207 
34100.000000 3.000000 15.000000 6.740313 
34200.000000 15.000000 15.000000 22.864227 
34300.000000 0.000000 15.000000 23.520773 
34400.000000 0.000000 15.000000 26.272482 
34500.000000 7.000000 15.000000 5.751629 
34600.000000 22.000000 15.000000 29.236372 
34700.000000 13.000000 15.000000 0.000125 
34800.000000 27.000000 15.000000 57.332844 
34900.000000 19.000000 15.000000 1.344852 
35000.000000 1.000000 15.000000 6.047576 
35100.000000 8.000000 15.000000 10.386373 
35200.000000 10.000000 15.000000 20.449121 
35300.000000 0.000000 15.000000 73.887573 
35400.000000 6.000000 15.000000 141.704285 
35500.000000 27.000000 15.000000 0.027281 
35600.000000 0.000000 15.000000 9.738909 
35700.000000 0.000000 15.000000 77.791100 
35800.000000 22.000000 14.819983 31.539951 
35900.000000 16.000000 15.000000 5.127381 
36000.000000 19.000000 15.000000 3.609086 
36100.000000 24.000000 14.540571 23.371370 
36200.000000 15.000000 15.000000 16.348404 
36300.000000 0.000000 15.000000 29.411669 
36400.000000 6.000000 15.000000 50.133041 
36500.000000 3.000000 15.000000 119.594986 
36600.000000 4.000000 15.000000 88.039948 
36700.000000 16.000000 15.000000 0.102135 
36800.000000 17.000000 15.000000 0.827795 
36900.000000 12.000000 15.000000 1.573676 
37000.000000 26.000000 15.000000 47.940643 
37100.000000 27.000000 14.225792 46.566605 
37200.000000 22.000000 13.917293 59.488499 
37300.000000 2.000000 15.000000 5.672737 
37400.000000 27.000000 14.389106 14.658391 
37500.000000 5.000000 15.000000 3.271988 
37600.000000 22.000000 15.000000 1.724439 
37700.000000 2.000000 15.000000 3.020175 
37800.000000 1.000000 15.000000 33.224167 
37900.000000 22.000000 15.000000 21.446625 
38000.000000 27.000000 14.027120 8.784822 
38100.000000 0.000000 15.000000 0.558628 
38200.000000 13.000000 15.000000 24.537661 
38300.000000 16.000000 15.000000 9.268740 
38400.000000 4.000000 15.000000 25.939304 
38500.000000 21.000000 15.000000 14.199606 
38600.000000 27.000000 15.000000 34.227219 
38700.000000 19.000000 15.000000 40.877949 
38800.000000 18.000000 15.000000 2.521647 
38900.000000 1.000000 15.000000 41.995529 
39000.000000 9.000000 15.000000 71.660736 
39100.000000 0.000000 13.507777 43.758163 
39200.000000 6.000000 15.000000 94.808029 
39300.000000 24.000000 15.000000 0.160024 
39400.000000 14.000000 15.000000 21.140863 
39500.000000 18.000000 15.000000 32.631279 
39600.000000 16.000000 15.000000 11.151623 
39700.000000 17.000000 14.354430 12.425026 
39800.000000 2.000000 15.000000 5.509367 
39900.000000 6.000000 15.000000 17.916534 
40000.000000 2.000000 15.000000 57.301834 
40100.000000 2.000000 15.000000 94.583809 
40200.000000 7.000000 15.000000 108.657921 
40300.000000 5.000000 15.000000 69.215965 
40400.000000 0.000000 15.000000 32.221828 
40500.000000 0.000000 15.000000 25.466480 
40600.000000 27.000000 15.000000 23.306444 
40700.000000 0.000000 12.887018 4.858400 
40800.000000 26.000000 15.000000 0.864789 
40900.000000 25.000000 14.649211 30.790186 
41000.000000 9.000000 15.000000 32.105263 
41100.000000 4.000000 15.000000 0.198615 
41200.000000 17.000000 15.000000 0.781365 
41300.000000 0.000000 15.000000 48.244991 
41400.000000 1.000000 15.000000 122.281235 
41500.000000 0.000000 15.000000 140.391205 
41600.000000 0.000000 15.000000 138.825287 
41700.000000 1.000000 15.000000 159.999710 
41800.000000 13.000000 15.000000 30.353628 
41900.000000 27.000000 15.000000 5.819196 
42000.000000 9.000000 15.000000 18.449173 
42100.000000 11.000000 15.000000 0.654548 
42200.000000 18.000000 15.000000 23.109877 
42300.000000 5.000000 15.000000 2.298749 
42400.000000 0.000000 15.000000 81.625191 
42500.000000 15.000000 15.000000 11.177816 
42600.000000 0.000000 15.000000 1.115149 
42700.000000 0.000000 15.000000 68.070969 
42800.000000 19.000000 15.000000 59.038837 
42900.000000 24.000000 15.000000 12.819302 
43000.000000 8.000000 15.000000 7.106907 
43100.000000 21.000000 14.862209 27.607349 
43200.000000 6.000000 15.000000 4.372915 
43300.000000 18.000000 14.421427 0.488406 
43400.000000 16.000000 13.815779 22.122992 
43500.000000 27.000000 14.218812 0.033327 
43600.000000 9.000000 15.000000 0.412982 
43700.000000 0.000000 15.000000 44.597740 
43800.000000 1.000000 15.000000 128.350525 
43900.000000 27.000000 15.000000 1.031601 
44000.000000 10.000000 14.338906 9.609715 
44100.000000 25.000000 14.027275 0.757647 
44200.000000 17.000000 14.649838 15.295008 
44300.000000 27.000000 15.000000 73.958122 
44400.000000 10.000000 15.000000 4.054062 
44500.000000 7.000000 15.000000 7.184154 
44600.000000 18.000000 15.000000 10.508365 
44700.000000 0.000000 15.000000 55.138111 
44800.000000 25.000000 13.328292 6.472579 
44900.000000 22.000000 13.686846 24.251316 
45000.000000 27.000000 13.659321 66.203598 
45100.000000 24.000000 12.756408 105.569107 
45200.000000 27.000000 14.628187 20.916115 
45300.000000 13.000000 11.064092 51.853497 
45400.000000 15.000000 15.000000 13.519838 
45500.000000 27.000000 14.542943 0.956490 
45600.000000 16.000000 14.851398 56.090176 
45700.000000 27.000000 14.869910 1.543758 
45800.000000 16.000000 15.000000 23.663088 
45900.000000 0.000000 15.000000 3.083902 
46000.000000 21.000000 15.000000 11.133386 
46100.000000 27.000000 13.893106 3.633413 
46200.000000 14.000000 13.653574 16.523407 
46300.000000 15.000000 15.000000 11.437032 
46400.000000 6.000000 14.432641 0.231872 
46500.000000 27.000000 15.000000 7.209289 
46600.000000 13.000000 8.830122 3.191215 
46700.000000 0.000000 13.682067 30.354891 
46800.000000 14.000000 15.000000 42.463360 
46900.000000 27.000000 14.287490 20.301733 
47000.000000 15.000000 15.000000 60.614124 
47100.000000 10.000000 15.000000 0.909806 
47200.000000 22.000000 14.397305 35.823376 
47300.000000 27.000000 11.574096 38.928463 
47400.000000 22.000000 15.000000 120.379158 
47500.000000 12.000000 15.000000 18.476103 
47600.000000 0.000000 15.000000 23.027964 
47700.000000 5.000000 15.000000 81.027557 
47800.000000 17.000000 15.000000 33.580013 
47900.000000 8.000000 14.498499 0.020380 
48000.000000 15.000000 15.000000 6.319852 
48100.000000 1.000000 14.922569 33.480446 
48200.000000 12.000000 15.000000 68.806564 
48300.000000 7.000000 12.057364 1.577180 
48400.000000 5.000000 15.000000 40.983204 
48500.000000 26.000000 15.000000 39.689342 
48600.000000 0.000000 15.000000 34.680820 
48700.000000 24.000000 15.000000 0.998303 
48800.000000 11.000000 15.000000 15.923717 
48900.000000 3.000000 13.558187 12.805017 
49000.000000 0.000000 15.000000 81.533455 
49100.000000 7.000000 15.000000 117.918526 
49200.000000 4.000000 15.000000 103.934868 
49300.000000 16.000000 15.000000 86.658600 
49400.000000 18.000000 15.000000 4.562872 
49500.000000 8.000000 15.000000 23.477077 
49600.000000 0.000000 15.000000 68.737411 
49700.000000 26.000000 15.000000 49.052933 
49800.000000 10.000000 15.000000 16.800678 
49900.000000 12.000000 15.000000 8.033707 
50000.000000 0.000000 15.000000 8.195588 
50100.000000 9.000000 15.000000 22.515753 
50200.000000 27.000000 13.905026 10.279311 
50300.000000 4.000000 11.863219 0.680938 
50400.000000 0.000000 15.000000 54.053211 
50500.000000 0.000000 15.000000 116.195587 
50600.000000 7.000000 14.989906 127.379181 
50700.000000 4.000000 15.000000 122.002205 
50800.000000 0.000000 15.000000 150.148117 
50900.000000 18.000000 15.000000 134.717255 
51000.000000 19.000000 15.000000 12.360152 
51100.000000 27.000000 15.000000 3.802973 
51200.000000 14.000000 15.000000 11.736644 
51300.000000 21.000000 15.000000 1.420528 
51400.000000 26.000000 14.198064 9.203812 
51500.000000 27.000000 14.123886 68.215477 
51600.000000 27.000000 15.000000 78.124222 
51700.000000 9.000000 15.000000 53.500965 
51800.000000 14.000000 15.000000 2.668984 
51900.000000 10.000000 15.000000 3.332515 
52000.000000 6.000000 15.000000 50.972107 
52100.000000 27.000000 14.880654 10.681774 
52200.000000 26.000000 8.014947 112.005325 
52300.000000 7.000000 13.883014 9.528990 
52400.000000 22.000000 14.801109 23.306675 
52500.000000 5.000000 15.000000 0.227039 
52600.000000 24.000000 15.000000 26.695438 
52700.000000 13.000000 15.000000 0.306798 
52800.000000 18.000000 15.000000 4.907098 
52900.000000 22.000000 15.000000 2.847526 
53000.000000 16.000000 15.000000 9.613034 
53100.000000 3.000000 15.000000 23.900507 
53200.000000 27.000000 14.649232 0.856398 
53300.000000 0.000000 15.000000 5.340622 
53400.000000 13.000000 15.000000 1.463639 
53500.000000 24.000000 15.000000 24.758345 
53600.000000 27.000000 15.000000 4.197576 
53700.000000 15.000000 15.000000 0.009500 
53800.000000 20.000000 15.000000 1.073072 
53900.000000 0.000000 15.000000 1.243864 
54000.000000 0.000000 15.000000 8.244543 
54100.000000 0.000000 14.783190 73.629799 
54200.000000 19.000000 15.000000 14.477724 
54300.000000 2.000000 15.000000 2.354050 
54400.000000 2.000000 14.718832 22.585745 
54500.000000 0.000000 15.000000 63.686947 
54600.000000 21.000000 15.000000 41.199589 
54700.000000 27.000000 14.957558 9.157177 
54800.000000 22.000000 15.000000 39.061172 
54900.000000 21.000000 15.000000 57.376633 
55000.000000 0.000000 15.000000 0.693498 
55100.000000 15.000000 15.000000 31.630922 
55200.000000 8.000000 8.778365 29.281515 
55300.000000 3.000000 13.195867 57.602398 
55400.000000 20.000000 14.198617 13.363724 
55500.000000 19.000000 14.728207 31.381157 
55600.000000 0.000000 15.000000 7.484104 
55700.000000 8.000000 15.000000 57.355629 
55800.000000 22.000000 14.929944 0.322149 
55900.000000 4.000000 12.416197 15.523182 
56000.000000 4.000000 15.000000 9.346466 
56100.000000 0.000000 15.000000 41.218460 
56200.000000 16.000000 15.000000 1.970967 
56300.000000 0.000000 15.000000 65.944183 
56400.000000 18.000000 15.000000 5.385105 
56500.000000 15.000000 15.000000 1.514530 
56600.000000 25.000000 14.383088 49.037525 
56700.000000 27.000000 15.000000 93.814194 
56800.000000 17.000000 15.000000 63.826847 
56900.000000 26.000000 14.433085 101.214989 
57000.000000 3.000000 15.000000 24.703325 
57100.000000 0.000000 11.718986 6.167621 
57200.000000 13.000000 15.000000 1.117020 
57300.000000 18.000000 6.351965 1.973363 
57400.000000 25.000000 14.354430 43.472351 
57500.000000 27.000000 15.000000 102.406792 
57600.000000 12.000000 7.392083 9.674273 
57700.000000 12.000000 6.443652 284.142914 
57800.000000 24.000000 -2.224287 396.942963 
57900.000000 14.000000 5.591105 501.505371 
58000.000000 1.000000 10.970943 5.119460 
58100.000000 5.000000 10.761218 33.806328 
58200.000000 18.000000 2.375191 1.362395 
58300.000000 8.000000 3.300633 189.858688 
58400.000000 24.000000 -16.000000 383.351166 
58500.000000 21.000000 9.441668 415.521576 
58600.000000 18.000000 -0.460751 94.399796 
58700.000000 24.000000 -6.570207 513.633789 
58800.000000 0.000000 -10.834796 488.166168 
58900.000000 27.000000 -16.000000 882.481445 
59000.000000 17.000000 -16.000000 954.601807 
59100.000000 27.000000 -14.421759 984.367981 
59200.000000 6.000000 -6.590621 909.886658 
59300.000000 27.000000 -11.423110 1152.463501 
59400.000000 9.000000 -15.720084 701.019043 
59500.000000 11.000000 -7.767575 851.009888 
59600.000000 8.000000 -16.000000 534.697693 
59700.000000 0.000000 9.858212 451.493591 
59800.000000 14.000000 2.387305 117.919685 
59900.000000 1.000000 8.403704 20.689468 
60000.000000 14.000000 5.711924 0.816938 
60100.000000 1.000000 12.149484 27.892366 
60200.000000 8.000000 -7.741017 3.140294 
60300.000000 11.000000 -16.000000 264.623474 
60400.000000 10.000000 5.316576 525.410339 
60500.000000 27.000000 -10.381319 764.321533 
60600.000000 13.000000 -13.457851 759.665527 
60700.000000 25.000000 -10.270461 1091.049072 
60800.000000 7.000000 -14.417574 488.355042 
60900.000000 0.000000 -4.406376 390.644867 
61000.000000 26.000000 -15.206079 764.359619 
61100.000000 16.000000 -16.000000 881.850342 
61200.000000 0.000000 4.301537 213.409149 
61300.000000 8.000000 -9.190425 37.694668 
61400.000000 9.000000 -15.246346 102.585373 
61500.000000 3.000000 -14.889112 185.474777 
61600.000000 1.000000 -14.374950 305.767456 
61700.000000 18.000000 7.629548 366.454590 
61800.000000 12.000000 7.386153 75.130142 
61900.000000 20.000000 5.607772 9.061313 
62000.000000 9.000000 9.064095 37.465927 
62100.000000 4.000000 13.128908 20.398699 
62200.000000 9.000000 13.241446 38.611599 
62300.000000 10.000000 9.055446 21.323811 
62400.000000 18.000000 3.262505 44.418583 
62500.000000 19.000000 15.000000 54.359562 
62600.000000 0.000000 15.000000 16.044704 
62700.000000 11.000000 13.126683 62.044888 
62800.000000 14.000000 5.120466 0.017792 
62900.000000 27.000000 1.090787 249.446808 
63000.000000 27.000000 12.983641 280.288269 
63100.000000 8.000000 2.539239 174.277740 
63200.000000 27.000000 -1.716220 413.794739 
63300.000000 23.000000 -5.586852 623.294678 
63400.000000 11.000000 1.884689 193.653183 
63500.000000 0.000000 6.779665 28.860174 
63600.000000 4.000000 1.115780 169.904358 
63700.000000 26.000000 6.701941 34.114620 
63800.000000 27.000000 -15.684370 472.808807 
63900.000000 27.000000 -10.919311 1044.758179 
64000.000000 7.000000 14.202964 145.048096 
64100.000000 0.000000 15.000000 2.076144 
64200.000000 0.000000 14.980390 34.538364 
64300.000000 26.000000 15.000000 54.107780 
64400.000000 27.000000 6.448989 47.226196 
64500.000000 7.000000 10.446374 109.034134 
64600.000000 27.000000 0.501051 279.974518 
64700.000000 26.000000 -3.389694 339.329559 
64800.000000 1.000000 15.000000 153.491882 
64900.000000 0.000000 5.064075 78.647224 
65000.000000 13.000000 0.208357 6.397456 
65100.000000 10.000000 -9.417208 386.519562 
65200.000000 27.000000 -13.770803 552.382385 
65300.000000 5.000000 -6.867708 713.457092 
65400.000000 20.000000 -13.672711 566.818359 
65500.000000 14.000000 15.000000 101.262581 
65600.000000 27.000000 -9.707301 126.719193 
65700.000000 0.000000 15.000000 26.351599 
65800.000000 24.000000 -10.092990 125.362480 
65900.000000 22.000000 -3.030346 448.741241 
66000.000000 27.000000 -10.470599 768.300232 
66100.000000 27.000000 -14.200562 957.923828 
66200.000000 1.000000 4.902886 368.692474 
66300.000000 9.000000 -9.620767 146.541245 
66400.000000 0.000000 -16.000000 225.427444 
66500.000000 13.000000 -16.000000 349.628906 
66600.000000 20.000000 -2.872794 715.217529 
66700.000000 12.000000 4.940197 283.797760 
66800.000000 27.000000 12.818281 298.476807 
66900.000000 27.000000 11.880168 240.580490 
67000.000000 17.000000 15.000000 12.382991 
67100.000000 2.000000 4.226621 40.367779 
67200.000000 18.000000 -13.338224 37.688812 
67300.000000 0.000000 -16.000000 248.061966 
67400.000000 10.000000 -14.237387 293.805939 
67500.000000 11.000000 -16.000000 380.415894 
67600.000000 21.000000 0.198175 434.506927 
67700.000000 17.000000 -0.429338 467.838806 
67800.000000 14.000000 -11.937288 584.028870 
67900.000000 27.000000 -8.042350 913.763977 
68000.000000 19.000000 -9.535877 313.438660 
68100.000000 22.000000 -11.380067 735.567200 
68200.000000 14.000000 -15.919044 918.754211 
68300.000000 1.000000 -16.000000 501.533386 
68400.000000 9.000000 -10.129881 384.462891 
68500.000000 0.000000 -11.814963 471.583405 
68600.000000 8.000000 -15.022491 408.466187 
68700.000000 10.000000 -6.788251 634.406006 
68800.000000 11.000000 -1.882162 432.625916 
68900.000000 10.000000 -10.971327 419.528046 
69000.000000 23.000000 -16.000000 872.799316 
69100.000000 7.000000 -8.971467 688.664490 
69200.000000 27.000000 -12.738262 1135.449707 
69300.000000 27.000000 -7.035987 1161.242676 
69400.000000 13.000000 -16.000000 1210.495728 
69500.000000 14.000000 -16.000000 834.154724 
69600.000000 6.000000 -13.671183 751.313965 
69700.000000 15.000000 -16.000000 428.097198 
69800.000000 8.000000 -11.123721 697.835632 
69900.000000 11.000000 -15.960462 638.125427 
70000.000000 3.000000 -16.000000 427.726379 
70100.000000 25.000000 -14.480947 831.731201 
70200.000000 11.000000 10.205882 129.268661 
70300.000000 0.000000 0.775379 36.014145 
70400.000000 26.000000 -12.242947 247.272125 
70500.000000 27.000000 -16.000000 959.158691 
70600.000000 26.000000 -8.168905 1154.436646 
70700.000000 3.000000 2.557220 256.841034 
70800.000000 10.000000 9.797333 37.706825 
70900.000000 3.000000 3.740155 9.916238 
71000.000000 14.000000 0.101815 12.619469 
71100.000000 24.000000 -16.000000 651.659607 
71200.000000 27.000000 -8.939598 1141.561279 
71300.000000 4.000000 -6.716153 474.703827 
71400.000000 8.000000 -14.901788 314.146423 
71500.000000 6.000000 11.230276 421.685974 
71600.000000 13.000000 -15.930331 423.460571 
71700.000000 27.000000 -11.003109 996.567566 
71800.000000 18.000000 -1.645058 1113.739868 
71900.000000 19.000000 1.026242 531.332336 
72000.000000 27.000000 -9.922071 779.594482 
72100.000000 16.000000 -6.113049 363.212250 
72200.000000 5.000000 0.695024 99.677841 
72300.000000 8.000000 3.582840 67.976654 
72400.000000 3.000000 -3.851005 0.000014 
72500.000000 13.000000 -7.916480 292.406677 
72600.000000 27.000000 -11.895387 582.046448 
72700.000000 27.000000 -10.412838 1065.690308 
72800.000000 26.000000 -10.977904 1284.972412 
72900.000000 3.000000 12.760284 458.969391 
73000.000000 23.000000 12.024688 127.507774 
73100.000000 0.000000 15.000000 54.066975 
73200.000000 11.000000 13.133199 14.881629 
73300.000000 10.000000 9.892311 21.372360 
73400.000000 0.000000 15.000000 1.955340 
73500.000000 4.000000 11.264136 12.096741 
73600.000000 19.000000 -0.711615 2.059947 
73700.000000 17.000000 0.366551 269.939697 
73800.000000 6.000000 5.928632 180.247116 
73900.000000 0.000000 2.616502 74.296295 
74000.000000 15.000000 -3.220398 297.852570 
74100.000000 7.000000 5.390461 49.391872 
74200.000000 10.000000 -1.644915 237.902420 
74300.000000 0.000000 4.794795 37.443180 
74400.000000 0.000000 7.519670 0.700884 
74500.000000 27.000000 -11.645611 113.634644 
74600.000000 25.000000 -8.069446 750.648682 
74700.000000 27.000000 -11.615043 939.839722 
74800.000000 17.000000 -0.019918 752.792236 
74900.000000 8.000000 8.074000 441.912750 
75000.000000 0.000000 15.000000 11.923725 
75100.000000 27.000000 -9.737376 70.837776 
75200.000000 7.000000 0.769902 141.494934 
75300.000000 18.000000 -2.348069 291.144012 
75400.000000 27.000000 -11.303777 686.928284 
75500.000000 3.000000 6.114600 301.900757 
75600.000000 27.000000 -10.359325 479.835083 
75700.000000 2.000000 3.620626 436.317261 
75800.000000 21.000000 -4.674007 113.427551 
75900.000000 23.000000 -9.884051 602.061707 
76000.000000 17.000000 -13.349669 769.485474 
76100.000000 5.000000 -1.794849 356.150513 
76200.000000 2.000000 -3.714515 103.032326 
76300.000000 18.000000 -2.455670 106.888115 
76400.000000 6.000000 -8.534829 260.535858 
76500.000000 6.000000 4.366204 90.423615 
76600.000000 27.000000 -10.248131 420.422302 
76700.000000 27.000000 -8.644823 944.191711 
76800.000000 0.000000 -8.739272 561.170044 
76900.000000 15.000000 3.690067 430.776154 
77000.000000 3.000000 5.698737 116.746407 
77100.000000 21.000000 -15.422261 346.887207 
77200.000000 26.000000 -6.292984 854.180603 
77300.000000 27.000000 -9.817122 918.168457 
77400.000000 26.000000 -16.000000 816.597717 
77500.000000 0.000000 -16.000000 378.085968 
77600.000000 16.000000 -15.333374 326.232056 
77700.000000 18.000000 -16.000000 738.173645 
77800.000000 7.000000 -15.596263 1039.479248 
77900.000000 0.000000 -15.719114 665.071411 
78000.000000 22.000000 -15.323990 692.759277 
78100.000000 18.000000 0.300718 668.118164 
78200.000000 3.000000 13.712516 33.135658 
78300.000000 3.000000 13.702153 25.747318 
78400.000000 0.000000 15.000000 58.195518 
78500.000000 17.000000 8.614035 1.007232 
78600.000000 25.000000 0.882942 79.251183 
78700.000000 4.000000 1.313052 10.949172 
78800.000000 27.000000 -4.899913 133.161545 
78900.000000 21.000000 -5.096807 538.319885 
79000.000000 27.000000 -10.319333 735.701599 
79100.000000 21.000000 -6.553996 782.759338 
79200.000000 0.000000 15.000000 44.252499 
79300.000000 2.000000 5.165169 56.785484 
79400.000000 9.000000 6.778852 2.596117 
79500.000000 20.000000 -4.348640 102.883286 
79600.000000 27.000000 -11.358275 678.567566 
79700.000000 4.000000 -10.904100 606.294067 
79800.000000 0.000000 0.239774 111.770645 
79900.000000 11.000000 -6.201746 122.344345 
80000.000000 12.000000 5.390658 56.010666 
80100.000000 26.000000 -10.874047 361.679962 
80200.000000 27.000000 -9.398344 587.831909 
80300.000000 21.000000 -3.876036 916.922119 
80400.000000 0.000000 15.000000 315.144989 
80500.000000 2.000000 15.000000 2.299552 
80600.000000 25.000000 14.278224 7.408144 
80700.000000 2.000000 13.081513 32.285458 
80800.000000 0.000000 15.000000 33.526527 
80900.000000 12.000000 5.697945 2.384798 
81000.000000 4.000000 6.013494 94.072830 
81100.000000 12.000000 3.894319 0.003740 
81200.000000 7.000000 -13.119412 378.405151 
81300.000000 0.000000 -5.335255 373.368011 
81400.000000 24.000000 -12.229062 429.077637 
81500.000000 0.000000 -9.285370 415.730621 
81600.000000 8.000000 -16.000000 668.943542 
81700.000000 17.000000 -16.000000 566.083374 
81800.000000 24.000000 -9.906871 613.247070 
81900.000000 26.000000 -7.363985 1012.718384 
82000.000000 27.000000 -9.455715 833.395264 
82100.000000 27.000000 -10.493913 1170.305542 
82200.000000 18.000000 -6.393507 1065.647949 
82300.000000 22.000000 -7.757475 990.736023 
82400.000000 11.000000 3.805718 362.284546 
82500.000000 10.000000 6.066348 42.193985 
82600.000000 1.000000 15.000000 23.722240 
82700.000000 0.000000 15.000000 82.249588 
82800.000000 6.000000 11.057017 69.515457 
82900.000000 27.000000 15.000000 15.511830 
83000.000000 2.000000 4.856774 25.137680 
83100.000000 22.000000 -14.669991 196.264374 
83200.000000 12.000000 -7.492124 524.196045 
83300.000000 18.000000 -1.016548 711.603333 
83400.000000 2.000000 -15.694661 534.544739 
83500.000000 0.000000 -13.024345 425.694305 
83600.000000 26.000000 -7.187407 635.758606 
83700.000000 27.000000 -2.640906 650.168030 
83800.000000 20.000000 -10.931704 453.429901 
83900.000000 10.000000 2.114873 404.355042 
84000.000000 16.000000 -0.139308 261.658936 
84100.000000 15.000000 1.895185 333.073425 
84200.000000 20.000000 -9.476622 248.242447 
84300.000000 3.000000 12.459442 90.254440 
84400.000000 27.000000 -10.234362 346.374512 
84500.000000 21.000000 -8.034671 355.939178 
84600.000000 27.000000 -10.336816 907.762939 
84700.000000 19.000000 -4.627940 1016.147583 
84800.000000 20.000000 -7.323047 828.089600 
84900.000000 25.000000 -5.766187 1012.424988 
85000.000000 1.000000 14.823531 55.693840 
85100.000000 6.000000 9.853744 0.018622 
85200.000000 27.000000 -10.648601 242.684006 
85300.000000 17.000000 -1.041429 681.815125 
85400.000000 23.000000 -6.891632 387.564850 
85500.000000 23.000000 -8.295684 593.160034 
85600.000000 0.000000 15.000000 416.300690 
85700.000000 1.000000 9.924278 4.877386 
85800.000000 5.000000 9.154460 18.063343 
85900.000000 27.000000 -5.113421 80.620163 
86000.000000 27.000000 -7.574759 398.436279 
86100.000000 23.000000 -10.106855 647.375427 
86200.000000 9.000000 11.397008 267.183258 
86300.000000 8.000000 4.568194 255.187073 
86400.000000 7.000000 8.891521 45.737614 
86500.000000 23.000000 -5.141397 256.942810 
86600.000000 2.000000 10.293848 116.930511 
86700.000000 19.000000 -4.040524 46.796665 
86800.000000 8.000000 9.093739 59.946796 
86900.000000 3.000000 12.480898 3.935581 
87000.000000 4.000000 11.810839 10.296591 
87100.000000 18.000000 -0.635222 177.289871 
87200.000000 27.000000 -11.536089 718.472351 
87300.000000 21.000000 -6.516222 558.946777 
87400.000000 22.000000 -5.632344 983.876038 
87500.000000 21.000000 -5.545561 1098.804688 
87600.000000 12.000000 8.438161 819.401245 
87700.000000 0.000000 12.546883 224.846268 
87800.000000 12.000000 1.267023 59.118767 
87900.000000 27.000000 -11.646012 510.888062 
88000.000000 9.000000 3.174088 205.014542 
88100.000000 25.000000 -8.312675 262.149353 
88200.000000 27.000000 -1.295856 333.153992 
88300.000000 23.000000 -7.500978 718.954468 
88400.000000 20.000000 -4.643168 849.397583 
88500.000000 22.000000 -2.487765 455.042297 
88600.000000 6.000000 -4.776884 524.244995 
88700.000000 0.000000 13.317822 60.370033 
88800.000000 11.000000 6.593017 0.076006 
88900.000000 2.000000 15.000000 2.506591 
89000.000000 16.000000 3.561486 46.949875 
89100.000000 26.000000 13.502343 72.432716 
89200.000000 13.000000 4.787899 3.556589 
89300.000000 13.000000 9.257890 30.848562 
89400.000000 2.000000 15.000000 94.892342 
89500.000000 0.000000 15.000000 112.592957 
89600.000000 0.000000 13.863204 38.636032 
89700.000000 0.000000 14.541243 83.028709 
89800.000000 18.000000 -7.027327 18.343285 
89900.000000 10.000000 -16.000000 70.366203 
90000.000000 11.000000 -16.000000 215.267212 
90100.000000 7.000000 -1.354895 330.995819 
90200.000000 27.000000 -8.326722 643.554382 
90300.000000 21.000000 -5.317990 648.167358 
90400.000000 0.000000 -16.000000 319.995422 
90500.000000 18.000000 -4.008989 491.923309 
90600.000000 4.000000 14.299236 133.130844 
90700.000000 0.000000 -16.000000 212.188858 
90800.000000 21.000000 -3.424757 350.225739 
90900.000000 4.000000 -16.000000 609.832825 
91000.000000 0.000000 -9.608384 364.052307 
91100.000000 0.000000 -13.804535 317.642792 
91200.000000 9.000000 -16.000000 477.545227 
91300.000000 0.000000 -10.796443 321.722229 
91400.000000 0.000000 -15.865746 262.342712 
91500.000000 18.000000 1.188444 474.289917 
91600.000000 13.000000 -4.981359 344.568604 
91700.000000 3.000000 0.182378 373.977905 
91800.000000 10.000000 6.405176 78.972977 
91900.000000 26.000000 -11.268310 334.363739 
92000.000000 25.000000 -1.524651 788.786560 
92100.000000 0.000000 -15.884093 347.542297 
92200.000000 16.000000 -16.000000 349.326874 
92300.000000 10.000000 -14.296491 348.441772 
92400.000000 8.000000 -16.000000 386.476807 
92500.000000 5.000000 -10.228239 330.802368 
92600.000000 22.000000 -9.703465 386.294220 
92700.000000 22.000000 -7.572943 927.406616 
92800.000000 27.000000 -10.201778 706.035400 
92900.000000 26.000000 -10.378499 621.416565 
93000.000000 8.000000 9.014608 431.131104 
93100.000000 20.000000 2.156474 189.388702 
93200.000000 19.000000 -5.039088 326.087524 
93300.000000 1.000000 14.833013 179.909134 
93400.000000 10.000000 6.315312 0.229966 
93500.000000 24.000000 15.000000 0.454771 
93600.000000 19.000000 13.919506 14.984359 
93700.000000 5.000000 11.094803 26.791204 
93800.000000 0.000000 15.000000 6.847357 
93900.000000 13.000000 13.153558 14.462109 
94000.000000 22.000000 13.804728 17.108727 
94100.000000 10.000000 6.068732 29.112364 
94200.000000 5.000000 3.848335 44.377888 
94300.000000 7.000000 11.360247 0.671422 
94400.000000 3.000000 15.000000 35.061905 
94500.000000 10.000000 8.789626 22.701956 
94600.000000 7.000000 6.892277 26.255583 
94700.000000 17.000000 2.429541 22.119797 
94800.000000 23.000000 12.514630 0.676303 
94900.000000 23.000000 12.917160 63.194393 
95000.000000 12.000000 0.370811 142.331100 
95100.000000 1.000000 8.104030 130.697647 
95200.000000 0.000000 10.257873 7.329181 
95300.000000 9.000000 7.369380 6.557315 
95400.000000 4.000000 12.148729 1.268828 
95500.000000 12.000000 14.854946 1.382929 
95600.000000 25.000000 -5.898419 101.524643 
95700.000000 23.000000 -2.199575 309.646027 
95800.000000 25.000000 -11.217855 341.673309 
95900.000000 27.000000 -11.073215 609.847534 
96000.000000 18.000000 0.771983 590.472656 
96100.000000 0.000000 15.000000 45.335609 
96200.000000 2.000000 13.400421 18.285547 
96300.000000 12.000000 4.847726 10.177510 
96400.000000 13.000000 4.920785 10.241909 
96500.000000 2.000000 10.042073 71.842140 
96600.000000 26.000000 -9.906876 275.281219 
96700.000000 0.000000 15.000000 150.917755 
96800.000000 6.000000 15.000000 10.183385 
96900.000000 2.000000 11.578899 55.083385 
97000.000000 9.000000 2.853266 63.402866 
97100.000000 18.000000 -3.072623 59.392605 
97200.000000 22.000000 -3.597732 235.326248 
97300.000000 21.000000 14.355453 17.756947 
97400.000000 15.000000 2.797496 58.262985 
97500.000000 7.000000 15.000000 31.890276 
97600.000000 11.000000 5.617525 16.100147 
97700.000000 27.000000 -10.598504 88.200050 
97800.000000 18.000000 2.483491 606.096375 
97900.000000 0.000000 15.000000 108.633110 
98000.000000 13.000000 14.136708 22.910002 
98100.000000 17.000000 0.437628 183.346222 
98200.000000 0.000000 15.000000 0.000196 
98300.000000 25.000000 14.711546 32.861946 
98400.000000 16.000000 1.774417 104.953262 
98500.000000 26.000000 2.379448 644.042908 
98600.000000 21.000000 -3.695906 652.056702 
98700.000000 11.000000 3.848047 238.395966 
98800.000000 11.000000 2.650640 78.008347 
98900.000000 17.000000 1.322820 253.924728 
99000.000000 27.000000 -10.728334 795.546997 
99100.000000 8.000000 2.561840 920.183105 
99200.000000 18.000000 9.049514 326.748260 
99300.000000 24.000000 9.862137 21.493736 
99400.000000 27.000000 -12.448566 312.127136 
99500.000000 0.000000 -0.961572 366.022125 
99600.000000 10.000000 12.003942 61.297745 
99700.000000 24.000000 -11.372161 265.694885 
99800.000000 25.000000 -10.638721 656.465271 
99900.000000 24.000000 -8.871492 940.985413 
100000.000000 23.000000 -1.439586 1054.239746 
100100.000000 24.000000 -10.033422 715.044128 
100200.000000 17.000000 -8.647820 979.484863 
100300.000000 15.000000 -1.055044 950.719666 
100400.000000 0.000000 15.000000 39.753769 
100500.000000 27.000000 -10.552311 43.580326 
100600.000000 27.000000 -9.055408 361.887604 
100700.000000 24.000000 -6.684787 736.537720 
100800.000000 16.000000 -1.756808 905.045227 
100900.000000 27.000000 -7.192677 567.098572 
101000.000000 14.000000 -10.123646 533.625183 
101100.000000 19.000000 -1.391782 817.178284 
101200.000000 23.000000 -5.510255 555.952148 
101300.000000 2.000000 15.000000 40.086040 
101400.000000 4.000000 9.125193 1.220747 
101500.000000 27.000000 -10.372360 78.026573 
101600.000000 3.000000 6.311266 232.151947 
101700.000000 0.000000 15.000000 4.117549 
101800.000000 5.000000 10.026163 65.099487 
101900.000000 12.000000 8.758718 56.286068 
102000.000000 24.000000 -3.040738 69.524681 
102100.000000 0.000000 15.000000 0.035351 
102200.000000 19.000000 0.667685 1.895267 
102300.000000 0.000000 5.949875 170.587769 
102400.000000 0.000000 14.974474 19.637182 
102500.000000 1.000000 3.821129 63.072704 
102600.000000 19.000000 -9.340814 345.752228 
102700.000000 16.000000 -2.710553 259.071838 
102800.000000 14.000000 2.410131 242.845795 
102900.000000 3.000000 14.588809 0.123076 
103000.000000 8.000000 9.884546 49.720955 
103100.000000 10.000000 8.246691 28.480158 
103200.000000 1.000000 15.000000 26.600079 
103300.000000 11.000000 3.290086 1.199310 
103400.000000 20.000000 -8.292498 252.496140 
103500.000000 0.000000 -16.000000 407.933228 
103600.000000 3.000000 -16.000000 534.678711 
103700.000000 5.000000 -16.000000 711.553223 
103800.000000 25.000000 -11.099133 668.707764 
103900.000000 2.000000 -16.000000 684.811401 
104000.000000 11.000000 -12.859613 434.458740 
104100.000000 20.000000 -7.065157 792.353943 
104200.000000 10.000000 6.381117 713.471619 
104300.000000 0.000000 14.135385 44.643513 
104400.000000 20.000000 -0.115600 38.617279 
104500.000000 20.000000 -3.395651 298.252594 
104600.000000 8.000000 -1.314671 521.893982 
104700.000000 9.000000 6.095708 77.819344 
104800.000000 11.000000 3.965332 67.566429 
104900.000000 0.000000 15.000000 4.518924 
105000.000000 4.000000 15.000000 50.513336 
105100.000000 13.000000 7.968694 0.228580 
105200.000000 0.000000 15.000000 51.385471 
105300.000000 11.000000 8.869741 88.592613 
105400.000000 27.000000 -9.055470 299.978821 
105500.000000 27.000000 -6.082275 389.301270 
105600.000000 0.000000 14.421474 40.946068 
105700.000000 25.000000 -9.424307 116.042564 
105800.000000 27.000000 -8.045513 716.817139 
105900.000000 17.000000 -9.255563 823.519287 
106000.000000 27.000000 -11.548724 1087.520630 
106100.000000 27.000000 -8.557273 1274.305176 
106200.000000 23.000000 -2.370005 854.531250 
106300.000000 22.000000 -6.834165 237.471268 
106400.000000 27.000000 -11.062025 672.651611 
106500.000000 15.000000 -1.048139 661.733521 
106600.000000 27.000000 -6.771140 683.582092 
106700.000000 11.000000 -9.451420 489.079620 
106800.000000 10.000000 -8.071682 603.964966 
106900.000000 27.000000 -10.564125 627.364075 
107000.000000 27.000000 -9.988109 767.734253 
107100.000000 25.000000 -11.581875 829.700012 
107200.000000 26.000000 -11.004796 1152.852783 
107300.000000 9.000000 9.344151 388.155029 
107400.000000 5.000000 11.568588 1.401616 
107500.000000 19.000000 2.730837 179.461884 
107600.000000 8.000000 7.897436 55.182262 
107700.000000 26.000000 -11.454263 158.607315 
107800.000000 20.000000 -5.767149 188.327942 
107900.000000 14.000000 4.621666 210.664307 
108000.000000 14.000000 2.192070 111.008224 
108100.000000 26.000000 -9.501862 595.833740 
108200.000000 15.000000 -1.236538 324.245667 
108300.000000 27.000000 -9.225780 268.701233 
108400.000000 17.000000 -0.644429 522.709290 
108500.000000 0.000000 15.000000 13.394613 
108600.000000 27.000000 -9.874472 60.941559 
108700.000000 15.000000 -0.343882 290.047699 
108800.000000 0.000000 13.575377 42.466412 
108900.000000 8.000000 7.174152 2.436728 
109000.000000 9.000000 2.077917 22.278934 
109100.000000 16.000000 2.797459 11.068511 
109200.000000 23.000000 -5.363451 168.254349 
109300.000000 17.000000 9.808204 586.174561 
109400.000000 13.000000 7.013592 93.940491 
109500.000000 3.000000 15.000000 64.547066 
109600.000000 14.000000 0.773048 14.262462 
109700.000000 0.000000 15.000000 50.533546 
109800.000000 0.000000 15.000000 5.446684 
109900.000000 12.000000 4.715270 5.935975 
110000.000000 13.000000 4.872296 9.143727 
110100.000000 27.000000 -8.583696 356.462067 
110200.000000 3.000000 7.057353 321.795715 
110300.000000 5.000000 2.586055 40.590836 
110400.000000 15.000000 -0.195227 275.347992 
110500.000000 27.000000 -4.321478 74.130760 
110600.000000 2.000000 13.870320 5.429326 
110700.000000 10.000000 7.306331 22.317789 
110800.000000 13.000000 8.017261 11.435661 
110900.000000 23.000000 -6.449519 104.164467 
111000.000000 27.000000 -4.291771 354.133392 
111100.000000 20.000000 -9.129579 698.607605 
111200.000000 11.000000 2.967158 46.512882 
111300.000000 0.000000 11.595455 21.221508 
111400.000000 11.000000 8.665594 33.512009 
111500.000000 22.000000 -9.224789 119.222679 
111600.000000 27.000000 -7.380456 209.666901 
111700.000000 21.000000 -4.567027 574.276428 
111800.000000 27.000000 -8.200777 953.849182 
111900.000000 0.000000 15.000000 140.277985 
112000.000000 16.000000 -0.123580 11.078335 
112100.000000 10.000000 -2.094077 117.036095 
112200.000000 24.000000 -2.523832 293.404266 
112300.000000 7.000000 9.041653 225.491531 
112400.000000 20.000000 15.000000 107.351921 
112500.000000 24.000000 7.670499 128.253265 
112600.000000 6.000000 9.573690 97.082336 
112700.000000 18.000000 1.839528 76.469284 
112800.000000 7.000000 6.603343 2.344795 
112900.000000 18.000000 -2.542179 172.508560 
113000.000000 21.000000 -3.999433 93.590279 
113100.000000 14.000000 -1.300220 440.428284 
113200.000000 21.000000 -4.936532 281.510956 
113300.000000 4.000000 13.842205 200.072830 
113400.000000 2.000000 13.855741 24.359854 
113500.000000 2.000000 15.000000 39.595966 
113600.000000 27.000000 -8.622993 6.060535 
113700.000000 1.000000 15.000000 1.756464 
113800.000000 14.000000 8.174047 18.718147 
113900.000000 23.000000 13.909904 0.004953 
114000.000000 11.000000 14.548412 6.870360 
114100.000000 11.000000 8.004437 12.379496 
114200.000000 12.000000 5.265572 3.435853 
114300.000000 0.000000 14.221397 59.914371 
114400.000000 15.000000 -4.328734 0.753600 
114500.000000 27.000000 -8.220359 487.159912 
114600.000000 25.000000 -11.215441 710.906433 
114700.000000 6.000000 0.674178 170.757843 
114800.000000 1.000000 10.312384 0.022837 
114900.000000 1.000000 14.225857 9.414125 
115000.000000 26.000000 9.078802 0.981977 
115100.000000 18.000000 15.000000 41.561005 
115200.000000 7.000000 7.996241 49.977486 
115300.000000 9.000000 6.322254 78.315247 
115400.000000 27.000000 -10.227819 143.824570 
115500.000000 4.000000 10.617208 458.691650 
115600.000000 24.000000 -8.159517 529.182617 
115700.000000 11.000000 4.892233 395.038605 
115800.000000 3.000000 13.652638 116.833366 
115900.000000 0.000000 15.000000 0.253988 
116000.000000 26.000000 -10.107780 114.460976 
116100.000000 8.000000 7.616694 36.549213 
116200.000000 3.000000 11.312091 5.871195 
116300.000000 22.000000 -3.730114 94.579117 
116400.000000 23.000000 10.609682 95.554085 
116500.000000 11.000000 8.058091 52.217941 
116600.000000 19.000000 -3.523188 101.530838 
116700.000000 27.000000 -9.864162 426.965637 
116800.000000 27.000000 -12.033191 980.656250 
116900.000000 9.000000 8.720078 61.726624 
117000.000000 9.000000 1.979812 48.487144 
117100.000000 26.000000 -9.597280 543.486694 
117200.000000 24.000000 -6.727903 830.715637 
117300.000000 20.000000 -3.407534 430.815125 
117400.000000 27.000000 6.053061 210.551392 
117500.000000 9.000000 0.518041 286.367401 
117600.000000 21.000000 -4.290579 260.992371 
117700.000000 14.000000 -3.687171 503.198608 
117800.000000 16.000000 0.587274 163.327225 
117900.000000 25.000000 -7.895677 218.359039 
118000.000000 10.000000 5.702639 46.212601 
118100.000000 11.000000 -0.542063 305.859192 
118200.000000 26.000000 -11.448920 536.571045 
118300.000000 27.000000 -10.724735 797.216248 
118400.000000 20.000000 -8.463780 1049.970459 
118500.000000 26.000000 -6.175579 1222.224243 
118600.000000 14.000000 4.301485 448.815826 
118700.000000 8.000000 15.000000 3.013595 
118800.000000 24.000000 -9.229689 84.762749 
118900.000000 27.000000 -11.686949 465.493256 
119000.000000 27.000000 -11.296641 805.188904 
119100.000000 16.000000 -1.458191 823.506348 
119200.000000 5.000000 4.989452 406.753052 
119300.000000 27.000000 15.000000 151.744522 
119400.000000 8.000000 3.817788 185.174698 
119500.000000 2.000000 12.747113 0.000226 
119600.000000 24.000000 -10.116369 291.796844 
119700.000000 0.000000 4.961581 244.326294 
119800.000000 0.000000 15.000000 0.289024 
119900.000000 4.000000 14.582353 60.409843 
120000.000000 5.000000 7.751788 85.819115 
120100.000000 0.000000 15.000000 110.656929 
120200.000000 7.000000 2.433537 37.365257 
120300.000000 5.000000 5.559961 1.106880 
120400.000000 4.000000 10.390773 4.128592 
120500.000000 23.000000 -6.113345 227.169052 
120600.000000 23.000000 -7.001977 420.350250 
120700.000000 27.000000 -13.153517 953.060486 
120800.000000 13.000000 -1.225256 1011.596619 
120900.000000 5.000000 11.721139 37.685963 
121000.000000 27.000000 -10.833809 420.005585 
121100.000000 18.000000 -1.302479 691.896240 
121200.000000 0.000000 13.036260 77.665588 
121300.000000 21.000000 15.000000 38.237698 
121400.000000 3.000000 11.930268 3.929697 
121500.000000 0.000000 13.736950 14.873961 
121600.000000 27.000000 15.000000 5.615423 
121700.000000 12.000000 -0.508906 61.075874 
121800.000000 4.000000 15.000000 0.141097 
121900.000000 19.000000 -2.693518 68.929695 
122000.000000 0.000000 15.000000 1.514954 
122100.000000 19.000000 2.328009 1.384088 
122200.000000 0.000000 15.000000 0.723998 
122300.000000 0.000000 15.000000 43.151058 
122400.000000 21.000000 -3.876631 186.375443 
122500.000000 21.000000 -1.219066 705.162048 
122600.000000 23.000000 -6.389440 986.852905 
122700.000000 19.000000 11.692409 282.831665 
122800.000000 0.000000 12.653864 202.247009 
122900.000000 11.000000 0.153447 9.934720 
123000.000000 7.000000 11.135302 5.489020 
123100.000000 12.000000 4.827414 7.600933 
123200.000000 20.000000 -2.831652 222.179062 
123300.000000 25.000000 15.000000 45.969929 
123400.000000 15.000000 -4.938675 65.313049 
123500.000000 11.000000 6.733179 312.549774 
123600.000000 25.000000 -7.205890 480.969849 
123700.000000 27.000000 -8.465542 990.332153 
123800.000000 7.000000 8.750404 757.332275 
123900.000000 6.000000 9.728127 488.981934 
124000.000000 3.000000 10.050117 2.120883 
124100.000000 0.000000 15.000000 52.044228 
124200.000000 12.000000 2.511297 2.806715 
124300.000000 21.000000 3.117572 0.564259 
124400.000000 22.000000 -7.040517 520.423584 
124500.000000 24.000000 -0.037663 177.701324 
124600.000000 15.000000 3.024985 302.431702 
124700.000000 1.000000 14.727538 55.689846 
124800.000000 13.000000 4.352648 0.029927 
124900.000000 25.000000 13.858612 58.316967 
125000.000000 21.000000 -5.159303 197.105743 
125100.000000 25.000000 -11.260787 404.784668 
125200.000000 27.000000 15.000000 262.758331 
125300.000000 0.000000 15.000000 7.139517 
125400.000000 16.000000 0.997095 0.306993 
125500.000000 0.000000 15.000000 9.594556 
125600.000000 5.000000 11.816724 56.595669 
125700.000000 16.000000 -4.758991 5.889455 
125800.000000 22.000000 -10.457902 415.631744 
125900.000000 23.000000 -6.105098 797.751831 
126000.000000 1.000000 15.000000 422.245941 
126100.000000 6.000000 5.110076 67.662636 
126200.000000 2.000000 15.000000 2.049363 
126300.000000 22.000000 -4.605397 25.913427 
126400.000000 15.000000 2.373313 336.661469 
126500.000000 26.000000 1.555826 206.456436 
126600.000000 9.000000 7.163252 14.840817 
126700.000000 0.000000 15.000000 1.242182 
126800.000000 0.000000 14.568971 11.219247 
126900.000000 21.000000 -3.659200 0.007758 
127000.000000 7.000000 12.621973 2.660298 
127100.000000 14.000000 1.751362 67.495125 
127200.000000 4.000000 12.786317 1.770683 
127300.000000 25.000000 -7.546951 53.045532 
127400.000000 18.000000 -1.518902 43.545033 
127500.000000 2.000000 13.347672 33.134483 
127600.000000 1.000000 13.345524 30.194983 
127700.000000 0.000000 13.676729 47.658756 
127800.000000 3.000000 14.822121 26.989399 
127900.000000 0.000000 15.000000 86.286278 
128000.000000 5.000000 14.128184 31.724001 
128100.000000 14.000000 5.622860 5.831176 
128200.000000 26.000000 -5.219591 97.167542 
128300.000000 0.000000 15.000000 35.408291 
128400.000000 25.000000 -9.360529 36.825623 
128500.000000 20.000000 -3.374412 553.813904 
128600.000000 0.000000 15.000000 2.652390 
128700.000000 13.000000 2.854046 15.927381 
128800.000000 8.000000 2.082181 272.639557 
128900.000000 15.000000 4.871165 101.447708 
129000.000000 17.000000 -0.130922 354.394653 
129100.000000 22.000000 -1.922765 853.329346 
129200.000000 5.000000 11.501194 323.333191 
129300.000000 0.000000 15.000000 155.278290 
129400.000000 3.000000 14.717278 0.238248 
129500.000000 5.000000 11.962308 15.610589 
129600.000000 0.000000 15.000000 5.616376 
129700.000000 0.000000 14.431173 17.334156 
129800.000000 9.000000 8.952095 6.979869 
129900.000000 2.000000 13.551323 10.154281 
130000.000000 5.000000 14.153259 41.129433 
130100.000000 17.000000 -1.834233 8.436156 
130200.000000 3.000000 14.406663 66.287102 
130300.000000 0.000000 14.707273 28.947130 
130400.000000 16.000000 -1.454403 0.041240 
130500.000000 0.000000 15.000000 1.220653 
130600.000000 15.000000 1.573205 39.944492 
130700.000000 3.000000 14.692994 0.013476 
130800.000000 0.000000 15.000000 80.887650 
130900.000000 2.000000 10.440662 17.570572 
131000.000000 24.000000 -9.943775 376.779938 
131100.000000 13.000000 4.681233 642.370178 
131200.000000 0.000000 15.000000 65.483795 
131300.000000 10.000000 13.941893 0.443553 
131400.000000 15.000000 2.593000 41.191586 
131500.000000 0.000000 15.000000 25.420511 
131600.000000 26.000000 -10.662278 4.564785 
131700.000000 19.000000 -2.830426 35.162437 
131800.000000 0.000000 14.693433 10.098824 
131900.000000 10.000000 6.446026 44.871056 
132000.000000 12.000000 4.821694 76.414490 
132100.000000 15.000000 8.512562 1.524742 
132200.000000 20.000000 -3.584229 45.247341 
132300.000000 27.000000 -10.141404 146.201584 
132400.000000 16.000000 -0.079161 525.085205 
132500.000000 0.000000 14.954332 63.090942 
132600.000000 1.000000 15.000000 26.907084 
132700.000000 19.000000 3.790975 143.505081 
132800.000000 0.000000 15.000000 0.087099 
132900.000000 12.000000 5.845069 7.427476 
133000.000000 9.000000 14.265467 83.886726 
133100.000000 4.000000 14.789270 130.010483 
133200.000000 9.000000 7.554158 17.733967 
133300.000000 0.000000 15.000000 30.248510 
133400.000000 20.000000 -1.547053 4.407655 
133500.000000 4.000000 11.019668 194.234375 
133600.000000 2.000000 14.653381 10.980511 
133700.000000 8.000000 2.847755 19.151478 
133800.000000 27.000000 -11.058879 295.675812 
133900.000000 7.000000 12.185329 72.062073 
134000.000000 26.000000 -9.237028 235.832825 
134100.000000 0.000000 14.190843 180.565536 
134200.000000 0.000000 15.000000 0.712021 
134300.000000 13.000000 -4.018727 0.425758 
134400.000000 18.000000 4.562784 183.556122 
134500.000000 21.000000 -0.474700 65.445801 
134600.000000 17.000000 -5.624634 208.515762 
134700.000000 0.000000 15.000000 70.911179 
134800.000000 27.000000 15.000000 18.100405 
134900.000000 27.000000 15.000000 69.805428 
135000.000000 4.000000 14.023018 85.279808 
135100.000000 20.000000 -0.830032 191.406677 
135200.000000 9.000000 4.550292 73.502113 
135300.000000 0.000000 15.000000 0.323991 
135400.000000 0.000000 15.000000 78.379570 
135500.000000 0.000000 15.000000 128.843918 
135600.000000 21.000000 -5.782769 118.660164 
135700.000000 0.000000 14.954965 3.036319 
135800.000000 20.000000 2.087646 78.850121 
135900.000000 12.000000 4.210255 328.361328 
136000.000000 2.000000 15.000000 117.041710 
136100.000000 1.000000 15.000000 15.191252 
136200.000000 26.000000 -9.363325 19.379110 
136300.000000 27.000000 -10.049269 569.242126 
136400.000000 0.000000 15.000000 237.267715 
136500.000000 20.000000 -6.357029 121.117897 
136600.000000 11.000000 0.743651 73.085869 
136700.000000 0.000000 15.000000 67.593239 
136800.000000 25.000000 5.146160 33.094669 
136900.000000 25.000000 4.605286 0.004230 
137000.000000 27.000000 -10.998783 128.322571 
137100.000000 6.000000 11.531202 13.568399 
137200.000000 9.000000 7.729861 4.154125 
137300.000000 23.000000 -4.627858 328.499298 
137400.000000 20.000000 14.825682 15.895148 
137500.000000 13.000000 -0.999250 1.560302 
137600.000000 8.000000 11.556762 280.617889 
137700.000000 24.000000 -8.191540 76.123199 
137800.000000 0.000000 13.849013 9.447015 
137900.000000 11.000000 3.503790 3.178787 
138000.000000 4.000000 11.974503 36.903000 
138100.000000 27.000000 15.000000 11.713371 
138200.000000 26.000000 15.000000 65.289925 
138300.000000 21.000000 8.839586 96.231766 
138400.000000 13.000000 0.834967 134.524567 
138500.000000 27.000000 -10.194785 621.816040 
138600.000000 26.000000 -8.119657 1073.152954 
138700.000000 18.000000 -2.176182 1043.240723 
138800.000000 0.000000 15.000000 170.842896 
138900.000000 15.000000 3.210952 182.599716 
139000.000000 26.000000 -11.664784 318.832947 
139100.000000 22.000000 -5.217735 611.826111 
139200.000000 0.000000 13.131263 70.068428 
139300.000000 0.000000 15.000000 95.277466 
139400.000000 18.000000 0.405100 22.650408 
139500.000000 21.000000 15.000000 80.407654 
139600.000000 13.000000 4.683940 75.871376 
139700.000000 27.000000 -9.756728 380.567841 
139800.000000 27.000000 -11.069013 775.406433 
139900.000000 12.000000 1.398837 712.648987 
140000.000000 1.000000 15.000000 114.445915 
140100.000000 21.000000 -6.029890 211.625107 
140200.000000 20.000000 -0.408076 671.123413 
140300.000000 18.000000 -4.989238 106.647591 
140400.000000 10.000000 5.760273 336.965729 
140500.000000 26.000000 -5.328788 824.652466 
140600.000000 23.000000 15.000000 125.516823 
140700.000000 1.000000 10.744481 13.215322 
140800.000000 13.000000 -0.645536 17.190521 
140900.000000 14.000000 -0.637054 282.356812 
141000.000000 5.000000 12.901785 6.755650 
141100.000000 26.000000 15.000000 0.393932 
141200.000000 23.000000 12.142927 25.928648 
141300.000000 10.000000 6.908354 36.570457 
141400.000000 7.000000 13.320406 19.568243 
141500.000000 22.000000 -2.753321 86.486778 
141600.000000 14.000000 5.378151 63.845749 
141700.000000 0.000000 15.000000 8.756845 
141800.000000 21.000000 -2.513131 17.394823 
141900.000000 22.000000 -10.033158 233.362793 
142000.000000 8.000000 7.380853 365.178711 
142100.000000 0.000000 15.000000 179.736893 
142200.000000 8.000000 6.496425 7.176228 
142300.000000 22.000000 -4.522232 252.454498 
142400.000000 6.000000 9.006433 22.206831 
142500.000000 24.000000 -3.533127 104.531914 
142600.000000 12.000000 5.253002 54.113190 
142700.000000 14.000000 0.042950 234.696960 
142800.000000 27.000000 -11.789662 601.178589 
142900.000000 18.000000 0.934753 702.060669 
143000.000000 4.000000 15.000000 167.091888 
143100.000000 23.000000 -8.196924 81.409172 
143200.000000 27.000000 -7.552558 572.866821 
143300.000000 10.000000 5.653976 727.208740 
143400.000000 5.000000 14.493736 142.824966 
143500.000000 7.000000 11.145617 46.423237 
143600.000000 22.000000 15.000000 48.265560 
143700.000000 6.000000 4.588581 44.792278 
143800.000000 24.000000 -10.768721 460.398773 
143900.000000 3.000000 15.000000 372.126068 
144000.000000 20.000000 15.000000 90.831131 
144100.000000 22.000000 15.000000 56.943218 
144200.000000 0.000000 15.000000 5.643926 
144300.000000 8.000000 11.194249 13.984809 
144400.000000 2.000000 15.000000 0.022028 
144500.000000 0.000000 15.000000 37.884445 
144600.000000 20.000000 15.000000 50.424820 
144700.000000 5.000000 8.761878 5.910826 
144800.000000 20.000000 8.994397 1.978488 
144900.000000 0.000000 15.000000 4.448056 
145000.000000 1.000000 15.000000 54.749939 
145100.000000 0.000000 15.000000 99.400085 
145200.000000 1.000000 15.000000 166.197495 
145300.000000 27.000000 15.000000 29.071012 
145400.000000 27.000000 -7.648929 59.848713 
145500.000000 27.000000 -10.054852 201.536682 
145600.000000 7.000000 12.179455 161.899490 
145700.000000 9.000000 2.147057 35.800930 
145800.000000 4.000000 15.000000 136.740005 
145900.000000 0.000000 14.908236 24.067303 
146000.000000 25.000000 -4.437954 0.772801 
146100.000000 10.000000 -0.649417 62.488876 
146200.000000 5.000000 7.230175 119.394264 
146300.000000 6.000000 9.544826 8.215217 
146400.000000 27.000000 -11.894120 87.669914 
146500.000000 9.000000 7.059700 69.054031 
146600.000000 3.000000 8.971878 7.013467 
146700.000000 0.000000 -1.171925 21.482838 
146800.000000 13.000000 4.188529 1.443177 
146900.000000 0.000000 14.133996 21.108112 
147000.000000 5.000000 7.181242 39.910133 
147100.000000 10.000000 7.797083 174.734451 
147200.000000 2.000000 12.201898 0.098865 
147300.000000 0.000000 15.000000 44.085114 
147400.000000 0.000000 15.000000 17.758646 
147500.000000 0.000000 14.453961 59.915119 
147600.000000 0.000000 15.000000 55.983089 
147700.000000 5.000000 11.311110 129.155609 
147800.000000 27.000000 15.000000 38.459164 
147900.000000 1.000000 15.000000 7.309645 
148000.000000 13.000000 14.562139 0.033147 
148100.000000 27.000000 15.000000 13.875484 
148200.000000 27.000000 15.000000 48.336239 
148300.000000 24.000000 15.000000 92.553406 
148400.000000 27.000000 15.000000 67.945381 
148500.000000 10.000000 0.222886 0.260078 
148600.000000 14.000000 -1.045477 9.664324 
148700.000000 20.000000 -3.801677 174.336517 
148800.000000 0.000000 13.414781 245.836273 
148900.000000 19.000000 -4.272896 44.471256 
149000.000000 2.000000 -0.316689 68.721367 
149100.000000 0.000000 15.000000 179.501419 
149200.000000 1.000000 15.000000 29.488813 
149300.000000 7.000000 10.404491 26.246908 
149400.000000 27.000000 -11.193721 66.844429 
149500.000000 26.000000 10.679480 196.643188 
149600.000000 24.000000 -6.612532 148.550247 
149700.000000 27.000000 -10.060391 717.781006 
149800.000000 8.000000 11.739635 389.076996 
149900.000000 12.000000 14.087813 127.553909 
150000.000000 5.000000 10.528670 7.834052 
150100.000000 21.000000 -1.912388 148.020660 
150200.000000 27.000000 -9.827301 648.795959 
150300.000000 19.000000 -5.903551 1003.944885 
150400.000000 26.000000 -2.965474 349.842499 
150500.000000 27.000000 -11.152707 727.152283 
150600.000000 3.000000 14.046102 496.383911 
150700.000000 24.000000 -9.349648 179.703842 
150800.000000 21.000000 -3.286336 609.616943 
150900.000000 3.000000 15.000000 563.046448 
151000.000000 2.000000 14.859649 80.104424 
151100.000000 27.000000 15.000000 28.305193 
151200.000000 27.000000 15.000000 68.942749 
151300.000000 27.000000 15.000000 63.067226 
151400.000000 3.000000 14.337703 24.549665 
151500.000000 3.000000 13.355597 0.387941 
151600.000000 12.000000 9.666778 10.380271 
151700.000000 15.000000 1.228611 15.256256 
151800.000000 5.000000 5.521129 6.087953 
151900.000000 23.000000 -8.939504 189.705246 
152000.000000 20.000000 -9.503605 408.319031 
152100.000000 27.000000 15.000000 447.159210 
152200.000000 26.000000 15.000000 181.076828 
152300.000000 0.000000 14.664827 6.689892 
152400.000000 6.000000 4.717935 21.818365 
152500.000000 13.000000 2.836284 63.237423 
152600.000000 9.000000 8.372476 104.591751 
152700.000000 0.000000 12.715383 14.732688 
152800.000000 11.000000 15.000000 85.009880 
152900.000000 12.000000 15.000000 1.200301 
153000.000000 12.000000 11.868822 1.230513 
153100.000000 0.000000 13.950738 32.376106 
153200.000000 19.000000 -2.432362 21.205736 
153300.000000 25.000000 -10.347469 386.146088 
153400.000000 13.000000 -1.555899 246.901260 
153500.000000 27.000000 -9.792982 723.223267 
153600.000000 8.000000 9.374022 279.416534 
153700.000000 27.000000 15.000000 30.627436 
153800.000000 9.000000 15.000000 16.982616 
153900.000000 27.000000 15.000000 56.593143 
154000.000000 12.000000 8.319996 39.111839 
154100.000000 25.000000 -8.575346 127.447411 
154200.000000 21.000000 -6.590069 237.357864 
154300.000000 3.000000 12.548711 111.279243 
154400.000000 21.000000 -2.075695 327.531860 
154500.000000 12.000000 7.997473 100.008453 
154600.000000 13.000000 3.524394 60.505188 
154700.000000 27.000000 -11.221505 339.823456 
154800.000000 5.000000 11.727040 466.391357 
154900.000000 26.000000 -10.992075 247.214569 
155000.000000 0.000000 14.627151 20.717936 
155100.000000 9.000000 0.620492 0.795106 
155200.000000 17.000000 2.814894 293.229095 
155300.000000 5.000000 13.791532 12.334067 
155400.000000 27.000000 -9.265258 88.954422 
155500.000000 27.000000 -10.563999 520.136169 
155600.000000 10.000000 7.390892 92.231102 
155700.000000 23.000000 -6.360505 76.631622 
155800.000000 27.000000 -12.831987 415.273560 
155900.000000 21.000000 10.252371 285.076813 
156000.000000 12.000000 3.677726 68.520638 
156100.000000 10.000000 7.292075 9.551107 
156200.000000 4.000000 9.896688 0.034109 
156300.000000 24.000000 15.000000 0.072350 
156400.000000 2.000000 10.526556 27.243460 
156500.000000 22.000000 15.000000 5.300915 
156600.000000 0.000000 12.758307 0.131650 
156700.000000 6.000000 14.769381 38.095173 
156800.000000 0.000000 15.000000 3.891239 
156900.000000 20.000000 -6.766906 175.701874 
157000.000000 11.000000 7.564667 559.654358 
157100.000000 0.000000 15.000000 0.227752 
157200.000000 0.000000 15.000000 31.398708 
157300.000000 3.000000 13.353280 61.767521 
157400.000000 25.000000 6.074593 9.912518 
157500.000000 12.000000 15.000000 19.400204 
157600.000000 25.000000 15.000000 3.485428 
157700.000000 3.000000 14.008740 7.627491 
157800.000000 22.000000 -3.854895 242.627502 
157900.000000 5.000000 9.971175 36.409454 
158000.000000 1.000000 15.000000 2.406292 
158100.000000 10.000000 9.581904 13.851493 
158200.000000 13.000000 15.000000 7.221149 
158300.000000 0.000000 15.000000 4.781388 
158400.000000 2.000000 11.438038 6.666464 
158500.000000 0.000000 15.000000 67.986076 
158600.000000 22.000000 -9.746715 19.435316 
158700.000000 17.000000 15.000000 1.414973 
158800.000000 9.000000 15.000000 11.184005 
158900.000000 15.000000 15.000000 40.502399 
159000.000000 0.000000 13.417642 13.670152 
159100.000000 0.000000 12.319994 76.119675 
159200.000000 6.000000 10.852011 15.815759 
159300.000000 18.000000 15.000000 83.666710 
159400.000000 26.000000 15.000000 8.605206 
159500.000000 27.000000 15.000000 39.633961 
159600.000000 15.000000 0.531959 2.632276 
159700.000000 14.000000 -0.685929 14.255825 
159800.000000 25.000000 -12.455615 584.340759 
159900.000000 10.000000 5.623182 386.465729 
160000.000000 5.000000 15.000000 54.888573 
160100.000000 14.000000 3.473756 86.162636 
160200.000000 0.000000 14.326557 4.152307 
160300.000000 7.000000 10.539404 14.485517 
160400.000000 3.000000 11.569174 0.314177 
160500.000000 5.000000 12.280095 38.166847 
160600.000000 0.000000 15.000000 84.103279 
160700.000000 9.000000 14.405477 38.477524 
160800.000000 25.000000 15.000000 5.972838 
160900.000000 11.000000 15.000000 5.437318 
161000.000000 1.000000 15.000000 0.717075 
161100.000000 21.000000 8.481071 9.122916 
161200.000000 27.000000 15.000000 59.832027 
161300.000000 3.000000 11.150568 13.614893 
161400.000000 0.000000 14.665756 17.670809 
161500.000000 18.000000 15.000000 54.782501 
161600.000000 24.000000 15.000000 16.449123 
161700.000000 21.000000 15.000000 10.581210 
161800.000000 20.000000 15.000000 37.222553 
161900.000000 17.000000 14.274147 71.583397 
162000.000000 7.000000 9.567894 17.727360 
162100.000000 1.000000 11.477880 4.186502 
162200.000000 27.000000 15.000000 24.041151 
162300.000000 9.000000 14.525810 64.202721 
162400.000000 21.000000 15.000000 5.102282 
162500.000000 27.000000 15.000000 20.428366 
162600.000000 4.000000 10.107500 4.375234 
162700.000000 13.000000 15.000000 17.608202 
162800.000000 0.000000 15.000000 3.889031 
162900.000000 12.000000 2.331890 29.161823 
163000.000000 0.000000 14.527184 47.732502 
163100.000000 0.000000 15.000000 82.530556 
163200.000000 1.000000 13.164151 84.534500 
163300.000000 4.000000 11.082941 117.098129 
163400.000000 11.000000 0.569389 73.411407 
163500.000000 24.000000 -9.818294 221.596420 
163600.000000 14.000000 4.954916 396.887726 
163700.000000 23.000000 15.000000 12.514565 
163800.000000 27.000000 15.000000 56.277790 
163900.000000 15.000000 15.000000 64.038826 
164000.000000 0.000000 15.000000 0.805164 
164100.000000 18.000000 15.000000 26.287062 
164200.000000 15.000000 15.000000 7.728916 
164300.000000 27.000000 15.000000 9.611817 
164400.000000 27.000000 15.000000 71.314346 
164500.000000 12.000000 15.000000 15.314408 
164600.000000 20.000000 14.839033 41.967163 
164700.000000 27.000000 15.000000 47.299515 
164800.000000 23.000000 15.000000 7.753197 
164900.000000 27.000000 15.000000 72.377861 
165000.000000 27.000000 15.000000 34.943668 
165100.000000 17.000000 15.000000 70.161713 
165200.000000 25.000000 15.000000 36.725750 
165300.000000 20.000000 15.000000 54.783314 
165400.000000 21.000000 15.000000 48.684429 
165500.000000 27.000000 15.000000 26.687368 
165600.000000 5.000000 15.000000 4.361826 
165700.000000 18.000000 15.000000 15.355552 
165800.000000 26.000000 15.000000 32.557369 
165900.000000 1.000000 15.000000 0.607298 
166000.000000 0.000000 15.000000 17.342228 
166100.000000 27.000000 -9.524246 104.956017 
166200.000000 0.000000 15.000000 0.023450 
166300.000000 5.000000 10.290038 13.721419 
166400.000000 3.000000 15.000000 61.999599 
166500.000000 10.000000 14.984345 2.296039 
166600.000000 16.000000 1.175083 8.850408 
166700.000000 7.000000 13.732465 42.395496 
166800.000000 0.000000 15.000000 49.997234 
166900.000000 27.000000 15.000000 27.396027 
167000.000000 19.000000 15.000000 24.510138 
167100.000000 6.000000 14.857461 15.899917 
167200.000000 18.000000 15.000000 12.421928 
167300.000000 27.000000 15.000000 59.319637 
167400.000000 11.000000 14.927967 35.813972 
167500.000000 9.000000 15.000000 10.441957 
167600.000000 0.000000 14.571666 8.775336 
167700.000000 0.000000 14.989993 22.176676 
167800.000000 4.000000 13.657040 37.369743 
167900.000000 16.000000 11.303406 5.976657 
168000.000000 23.000000 15.000000 8.748391 
168100.000000 4.000000 9.204014 34.658840 
168200.000000 12.000000 6.638291 4.012027 
168300.000000 0.000000 15.000000 66.455437 
168400.000000 0.000000 13.082960 84.664879 
168500.000000 27.000000 15.000000 3.686823 
168600.000000 27.000000 13.930985 31.573563 
168700.000000 11.000000 1.636230 47.873249 
168800.000000 1.000000 15.000000 5.209816 
168900.000000 8.000000 -6.392552 8.006243 
169000.000000 13.000000 9.897001 9.688967 
169100.000000 24.000000 -6.105895 172.458923 
169200.000000 6.000000 4.766371 10.725076 
169300.000000 5.000000 4.264551 3.158541 
169400.000000 14.000000 0.547633 0.989115 
169500.000000 15.000000 0.098257 97.210770 
169600.000000 0.000000 15.000000 1.990803 
169700.000000 23.000000 -10.579071 26.635983 
169800.000000 0.000000 4.310068 36.978420 
169900.000000 22.000000 -11.435258 42.239624 
170000.000000 1.000000 13.718796 102.730644 
170100.000000 14.000000 -16.000000 23.436491 
170200.000000 27.000000 7.348093 256.047607 
170300.000000 13.000000 5.547861 285.189484 
170400.000000 19.000000 14.140425 45.733280 
170500.000000 0.000000 2.751780 6.454403 
170600.000000 17.000000 -6.822883 169.944641 
170700.000000 7.000000 3.376737 45.640316 
170800.000000 11.000000 -6.173199 20.848591 
170900.000000 13.000000 -0.820589 78.815300 
171000.000000 17.000000 -3.830093 525.412964 
171100.000000 0.000000 15.000000 39.739670 
171200.000000 0.000000 12.225327 0.409012 
171300.000000 5.000000 9.018354 31.425589 
171400.000000 6.000000 6.123836 38.834858 
171500.000000 0.000000 10.567550 58.581566 
171600.000000 16.000000 15.000000 3.592536 
171700.000000 17.000000 14.991183 38.053497 
171800.000000 16.000000 5.667842 0.003763 
171900.000000 0.000000 10.497407 19.423662 
172000.000000 9.000000 5.843806 61.530727 
172100.000000 18.000000 15.000000 57.851360 
172200.000000 9.000000 6.687069 6.881024 
172300.000000 27.000000 14.421617 42.086422 
172400.000000 27.000000 14.649951 80.698074 
172500.000000 17.000000 -6.791477 70.681091 
172600.000000 5.000000 11.692455 79.249176 
172700.000000 0.000000 14.889984 32.713989 
172800.000000 13.000000 3.616655 0.014663 
172900.000000 0.000000 14.502409 29.453674 
173000.000000 12.000000 9.718999 28.347153 
173100.000000 20.000000 9.199457 65.434570 
173200.000000 27.000000 10.385039 159.491241 
173300.000000 26.000000 8.934200 166.634735 
173400.000000 10.000000 3.215114 171.255188 
173500.000000 27.000000 14.628454 104.979874 
173600.000000 3.000000 15.000000 80.728798 
173700.000000 10.000000 0.051148 0.193062 
173800.000000 10.000000 4.488637 147.744553 
173900.000000 15.000000 0.812480 8.541060 
174000.000000 17.000000 0.119341 387.897888 
174100.000000 11.000000 5.691659 328.972595 
174200.000000 0.000000 14.957082 5.967510 
174300.000000 26.000000 -12.782896 152.746490 
174400.000000 20.000000 -10.044763 487.658478 
174500.000000 16.000000 0.524006 598.679016 
174600.000000 0.000000 15.000000 142.083237 
174700.000000 5.000000 11.008984 38.380634 
174800.000000 12.000000 1.037427 0.318070 
174900.000000 6.000000 11.773441 16.589718 
175000.000000 27.000000 12.123906 0.187559 
175100.000000 27.000000 12.841250 70.119987 
175200.000000 14.000000 15.000000 18.439354 
175300.000000 18.000000 10.518603 44.857857 
175400.000000 27.000000 7.786422 181.387497 
175500.000000 11.000000 6.544469 166.132019 
175600.000000 8.000000 6.481690 14.001261 
175700.000000 0.000000 11.139960 44.685493 
175800.000000 15.000000 -0.143654 70.249451 
175900.000000 26.000000 -6.277632 203.291824 
176000.000000 5.000000 5.785570 5.688100 
176100.000000 27.000000 12.331904 5.380624 
176200.000000 3.000000 13.884536 15.906594 
176300.000000 17.000000 -0.364100 267.767151 
176400.000000 8.000000 11.617024 319.992035 
176500.000000 27.000000 -6.149579 45.799789 
176600.000000 0.000000 14.636127 3.705012 
176700.000000 0.000000 13.809688 4.898833 
176800.000000 0.000000 6.687110 45.624950 
176900.000000 7.000000 5.991846 9.528481 
177000.000000 4.000000 -2.410768 7.914217 
177100.000000 15.000000 -16.000000 243.751953 
177200.000000 25.000000 -10.870638 882.444458 
177300.000000 17.000000 -5.059314 1049.935913 
177400.000000 19.000000 -9.348808 1037.784058 
177500.000000 6.000000 -2.743729 389.580627 
177600.000000 4.000000 1.389432 124.780128 
177700.000000 3.000000 -12.632300 320.067902 
177800.000000 1.000000 -2.935616 114.447853 
177900.000000 0.000000 -5.104994 144.928848 
178000.000000 16.000000 -16.000000 271.178528 
178100.000000 17.000000 -8.583756 633.177063 
178200.000000 15.000000 -4.370777 419.864319 
178300.000000 27.000000 -16.000000 551.228455 
178400.000000 24.000000 -15.068502 1082.701782 
178500.000000 0.000000 -6.605391 652.394348 
178600.000000 15.000000 -16.000000 442.040894 
178700.000000 27.000000 -16.000000 1114.328857 
178800.000000 3.000000 2.120392 627.579468 
178900.000000 12.000000 -15.971442 181.360916 
179000.000000 4.000000 -5.458083 131.803391 
179100.000000 10.000000 -0.386106 305.025635 
179200.000000 15.000000 -10.826972 476.618347 
179300.000000 27.000000 -16.000000 1136.459717 
179400.000000 18.000000 -9.915901 893.148438 
179500.000000 8.000000 5.510427 329.792389 
179600.000000 9.000000 -8.554734 70.106270 
179700.000000 25.000000 -15.549894 468.009033 
179800.000000 27.000000 -15.465863 1090.520020 
179900.000000 10.000000 -1.988533 643.089966 
180000.000000 11.000000 4.231270 41.974895 
180100.000000 9.000000 3.192941 152.652756 
180200.000000 17.000000 -6.843983 482.753113 
180300.000000 27.000000 -10.751752 967.727234 
180400.000000 22.000000 -9.428227 859.667419 
180500.000000 20.000000 2.230516 249.650970 
180600.000000 8.000000 7.330272 76.630188 
180700.000000 12.000000 13.585415 25.757219 
180800.000000 0.000000 14.942991 1.715069 
180900.000000 0.000000 15.000000 29.763885 
181000.000000 9.000000 15.000000 20.535290 
181100.000000 16.000000 10.519229 0.090746 
181200.000000 27.000000 10.375682 67.481781 
181300.000000 27.000000 7.845165 160.449692 
181400.000000 4.000000 -0.260079 193.360001 
181500.000000 27.000000 -11.135162 515.279663 
181600.000000 7.000000 5.155178 277.736298 
181700.000000 5.000000 6.022778 34.669876 
181800.000000 18.000000 -16.000000 184.888885 
181900.000000 27.000000 -16.000000 958.358704 
182000.000000 26.000000 -12.894922 1317.094238 
182100.000000 11.000000 8.065617 1134.711914 
182200.000000 11.000000 15.000000 78.925163 
182300.000000 2.000000 15.000000 2.060569 
182400.000000 14.000000 14.760736 0.053245 
182500.000000 27.000000 -16.000000 83.859779 
182600.000000 27.000000 -13.762749 752.901001 
182700.000000 15.000000 2.161816 532.591125 
182800.000000 0.000000 13.129732 10.973414 
182900.000000 13.000000 15.000000 18.794920 
183000.000000 10.000000 15.000000 34.459244 
183100.000000 27.000000 11.866068 1.364853 
183200.000000 12.000000 14.932266 12.047948 
183300.000000 8.000000 6.723588 12.062074 
183400.000000 0.000000 14.811900 2.094926 
183500.000000 14.000000 -1.222995 48.948963 
183600.000000 8.000000 15.000000 1.981436 
183700.000000 18.000000 13.544467 12.390873 
183800.000000 27.000000 -13.122364 148.772934 
183900.000000 8.000000 11.243212 135.350128 
184000.000000 0.000000 15.000000 1.912188 
184100.000000 22.000000 15.000000 7.968280 
184200.000000 21.000000 13.337990 12.186799 
184300.000000 3.000000 14.490580 7.661385 
184400.000000 27.000000 15.000000 3.481482 
184500.000000 12.000000 15.000000 16.469532 
184600.000000 0.000000 14.587051 0.509425 
184700.000000 12.000000 4.327384 35.660866 
184800.000000 18.000000 15.000000 1.804153 
184900.000000 12.000000 -0.016681 47.868790 
185000.000000 18.000000 0.751635 563.475830 
185100.000000 6.000000 15.000000 3.457095 
185200.000000 8.000000 13.054376 2.663044 
185300.000000 18.000000 10.025046 35.276413 
185400.000000 24.000000 11.373734 47.205193 
185500.000000 23.000000 1.079046 177.129913 
185600.000000 7.000000 8.243155 524.160950 
185700.000000 27.000000 15.000000 36.034279 
185800.000000 5.000000 8.580958 52.561821 
185900.000000 27.000000 12.952203 48.945675 
186000.000000 27.000000 13.451256 52.680244 
186100.000000 11.000000 3.791429 22.794292 
186200.000000 5.000000 12.729876 18.836571 
186300.000000 13.000000 4.722813 41.386295 
186400.000000 5.000000 10.813007 10.356215 
186500.000000 10.000000 5.583827 14.244936 
186600.000000 4.000000 13.248985 26.850906 
186700.000000 3.000000 15.000000 48.697948 
186800.000000 27.000000 15.000000 38.018177 
186900.000000 20.000000 15.000000 0.340068 
187000.000000 19.000000 15.000000 17.038811 
187100.000000 27.000000 13.442392 58.682281 
187200.000000 27.000000 15.000000 66.368767 
187300.000000 27.000000 15.000000 103.080872 
187400.000000 6.000000 9.381571 9.966383 
187500.000000 17.000000 15.000000 22.050236 
187600.000000 19.000000 14.091845 19.233990 
187700.000000 6.000000 12.066413 10.126970 
187800.000000 27.000000 13.900954 68.069389 
187900.000000 22.000000 -4.853981 122.846420 
188000.000000 0.000000 15.000000 81.572174 
188100.000000 2.000000 13.954859 3.229434 
188200.000000 18.000000 15.000000 11.802341 
188300.000000 10.000000 12.157077 3.592286 
188400.000000 11.000000 15.000000 0.061832 
188500.000000 26.000000 14.958142 2.161791 
188600.000000 0.000000 13.834868 0.042243 
188700.000000 19.000000 15.000000 22.143267 
188800.000000 11.000000 13.343050 10.901679 
188900.000000 7.000000 12.207891 46.352066 
189000.000000 20.000000 15.000000 62.948387 
189100.000000 27.000000 15.000000 16.964239 
189200.000000 19.000000 15.000000 46.409637 
189300.000000 17.000000 14.651789 3.130414 
189400.000000 9.000000 15.000000 1.809518 
189500.000000 0.000000 14.618039 34.210087 
189600.000000 12.000000 12.827061 6.746857 
189700.000000 25.000000 8.421469 58.109390 
189800.000000 25.000000 11.379024 181.512390 
189900.000000 13.000000 9.470935 125.210907 
190000.000000 23.000000 6.318489 134.802521 
190100.000000 21.000000 -2.980740 350.325684 
190200.000000 17.000000 15.000000 230.787399 
190300.000000 0.000000 15.000000 23.813303 
190400.000000 6.000000 11.294003 32.696232 
190500.000000 3.000000 15.000000 2.504060 
190600.000000 12.000000 12.045000 24.253429 
190700.000000 14.000000 15.000000 0.012394 
190800.000000 6.000000 13.486369 2.220324 
190900.000000 15.000000 14.530039 0.002940 
191000.000000 27.000000 15.000000 32.495033 
191100.000000 25.000000 14.957664 38.115555 
191200.000000 20.000000 13.626177 32.415585 
191300.000000 0.000000 14.658239 2.259097 
191400.000000 11.000000 6.847069 2.157754 
191500.000000 27.000000 15.000000 0.000767 
191600.000000 27.000000 13.951321 11.464621 
191700.000000 0.000000 11.539068 3.490513 
191800.000000 14.000000 15.000000 34.968143 
191900.000000 16.000000 15.000000 10.763851 
192000.000000 23.000000 14.158355 42.009468 
192100.000000 5.000000 10.893175 14.385597 
192200.000000 7.000000 10.447664 63.884987 
192300.000000 23.000000 15.000000 2.890417 
192400.000000 27.000000 14.999997 32.431038 
192500.000000 20.000000 14.750421 57.717720 
192600.000000 0.000000 15.000000 4.729439 
192700.000000 1.000000 15.000000 21.059505 
192800.000000 15.000000 15.000000 25.652452 
192900.000000 24.000000 15.000000 0.654416 
193000.000000 0.000000 12.813127 3.254931 
193100.000000 6.000000 13.018814 3.226859 
193200.000000 4.000000 13.064053 51.384911 
193300.000000 0.000000 15.000000 76.619171 
193400.000000 12.000000 4.816594 33.619953 
193500.000000 4.000000 11.826684 31.768980 
193600.000000 4.000000 14.671412 76.510773 
193700.000000 3.000000 14.612366 106.858498 
193800.000000 9.000000 12.386143 88.285408 
193900.000000 20.000000 12.904449 6.367312 
194000.000000 26.000000 15.000000 7.318198 
194100.000000 27.000000 14.468369 27.017309 
194200.000000 10.000000 11.454190 8.344990 
194300.000000 7.000000 13.140833 0.641415 
194400.000000 24.000000 15.000000 1.585160 
194500.000000 27.000000 15.000000 3.470142 
194600.000000 0.000000 12.833725 36.697598 
194700.000000 0.000000 15.000000 79.776009 
194800.000000 0.000000 13.758843 157.403198 
194900.000000 0.000000 15.000000 168.934875 
195000.000000 0.000000 15.000000 162.049026 
195100.000000 14.000000 15.000000 49.033897 
195200.000000 0.000000 15.000000 91.985756 
195300.000000 7.000000 13.915970 4.628431 
195400.000000 16.000000 13.532488 23.378153 
195500.000000 27.000000 15.000000 1.828195 
195600.000000 27.000000 15.000000 39.446720 
195700.000000 15.000000 15.000000 50.909840 
195800.000000 5.000000 15.000000 3.118477 
195900.000000 19.000000 15.000000 3.674966 
196000.000000 20.000000 14.198168 2.849826 
196100.000000 12.000000 4.263448 18.018583 
196200.000000 1.000000 15.000000 4.889070 
196300.000000 3.000000 15.000000 48.468853 
196400.000000 27.000000 15.000000 12.179752 
196500.000000 27.000000 12.735139 17.605524 
196600.000000 27.000000 12.962952 89.683670 
196700.000000 21.000000 15.000000 99.193848 
196800.000000 26.000000 14.198594 83.243889 
196900.000000 27.000000 15.000000 69.532616 
197000.000000 8.000000 9.168741 39.173244 
197100.000000 0.000000 14.932889 13.661028 
197200.000000 24.000000 15.000000 13.457373 
197300.000000 9.000000 7.815858 14.428443 
197400.000000 15.000000 3.749123 0.918150 
197500.000000 5.000000 10.501218 20.509882 
197600.000000 1.000000 15.000000 45.304146 
197700.000000 22.000000 15.000000 57.891842 
197800.000000 27.000000 15.000000 0.051459 
197900.000000 10.000000 14.556121 10.378558 
198000.000000 0.000000 15.000000 18.763058 
198100.000000 24.000000 -10.429501 24.252068 
198200.000000 4.000000 11.985497 0.240833 
198300.000000 1.000000 13.736291 0.021669 
198400.000000 11.000000 8.215864 0.546790 
198500.000000 0.000000 15.000000 11.090643 
198600.000000 1.000000 15.000000 4.235673 
198700.000000 18.000000 1.869802 12.835001 
198800.000000 21.000000 15.000000 6.687017 
198900.000000 7.000000 11.706560 4.997414 
199000.000000 17.000000 10.626532 42.527294 
199100.000000 4.000000 12.391464 1.935726 
199200.000000 6.000000 13.808120 0.173760 
199300.000000 0.000000 15.000000 68.566307 
199400.000000 15.000000 14.171704 3.545943 
199500.000000 16.000000 2.299422 32.858303 
199600.000000 12.000000 8.100643 11.068133 
199700.000000 15.000000 12.954900 10.550749 
199800.000000 27.000000 14.950550 8.738142 
199900.000000 18.000000 0.072471 41.402596 
200000.000000 24.000000 -10.172823 250.538330 
