100.000000 -4.000000 -0.040000 
200.000000 -26.000000 -0.130000 
300.000000 -82.000000 -0.273333 
400.000000 -156.000000 -0.390000 
500.000000 -110.000000 -0.220000 
600.000000 -110.000000 -0.183333 
700.000000 -210.000000 -0.300000 
800.000000 -268.000000 -0.335000 
900.000000 -328.000000 -0.364444 
1000.000000 -306.000000 -0.306000 
1100.000000 -332.000000 -0.301818 
1200.000000 -432.000000 -0.360000 
1300.000000 -532.000000 -0.409231 
1400.000000 -624.000000 -0.445714 
1500.000000 -640.000000 -0.426667 
1600.000000 -736.000000 -0.460000 
1700.000000 -828.000000 -0.487059 
1800.000000 -896.000000 -0.497778 
1900.000000 -962.000000 -0.506316 
2000.000000 -1062.000000 -0.531000 
2100.000000 -1142.000000 -0.543810 
2200.000000 -1220.000000 -0.554545 
2300.000000 -1240.000000 -0.539130 
2400.000000 -1298.000000 -0.540833 
2500.000000 -1386.000000 -0.554400 
2600.000000 -1478.000000 -0.568462 
2700.000000 -1562.000000 -0.578519 
2800.000000 -1650.000000 -0.589286 
2900.000000 -1720.000000 -0.593103 
3000.000000 -1778.000000 -0.592667 
3100.000000 -1850.000000 -0.596774 
3200.000000 -1892.000000 -0.591250 
3300.000000 -1948.000000 -0.590303 
3400.000000 -2018.000000 -0.593529 
3500.000000 -2096.000000 -0.598857 
3600.000000 -2150.000000 -0.597222 
3700.000000 -2192.000000 -0.592432 
3800.000000 -2264.000000 -0.595789 
3900.000000 -2364.000000 -0.606154 
4000.000000 -2390.000000 -0.597500 
4100.000000 -2482.000000 -0.605366 
4200.000000 -2500.000000 -0.595238 
4300.000000 -2568.000000 -0.597209 
4400.000000 -2640.000000 -0.600000 
4500.000000 -2678.000000 -0.595111 
4600.000000 -2726.000000 -0.592609 
4700.000000 -2804.000000 -0.596596 
4800.000000 -2880.000000 -0.600000 
4900.000000 -2910.000000 -0.593878 
5000.000000 -2898.000000 -0.579600 
5100.000000 -2990.000000 -0.586275 
5200.000000 -3026.000000 -0.581923 
5300.000000 -3096.000000 -0.584151 
5400.000000 -3190.000000 -0.590741 
5500.000000 -3240.000000 -0.589091 
5600.000000 -3226.000000 -0.576071 
5700.000000 -3184.000000 -0.558596 
5800.000000 -3162.000000 -0.545172 
5900.000000 -3110.000000 -0.527119 
6000.000000 -3210.000000 -0.535000 
6100.000000 -3310.000000 -0.542623 
6200.000000 -3300.000000 -0.532258 
6300.000000 -3400.000000 -0.539683 
6400.000000 -3388.000000 -0.529375 
6500.000000 -3364.000000 -0.517538 
6600.000000 -3344.000000 -0.506667 
6700.000000 -3442.000000 -0.513731 
6800.000000 -3542.000000 -0.520882 
6900.000000 -3558.000000 -0.515652 
7000.000000 -3658.000000 -0.522571 
7100.000000 -3624.000000 -0.510423 
7200.000000 -3634.000000 -0.504722 
7300.000000 -3734.000000 -0.511507 
7400.000000 -3834.000000 -0.518108 
7500.000000 -3828.000000 -0.510400 
7600.000000 -3854.000000 -0.507105 
7700.000000 -3952.000000 -0.513247 
7800.000000 -3962.000000 -0.507949 
7900.000000 -4032.000000 -0.510380 
8000.000000 -4060.000000 -0.507500 
8100.000000 -4112.000000 -0.507654 
8200.000000 -4118.000000 -0.502195 
8300.000000 -4218.000000 -0.508193 
8400.000000 -4284.000000 -0.510000 
8500.000000 -4384.000000 -0.515765 
8600.000000 -4474.000000 -0.520233 
8700.000000 -4498.000000 -0.517012 
8800.000000 -4480.000000 -0.509091 
8900.000000 -4498.000000 -0.505393 
9000.000000 -4588.000000 -0.509778 
9100.000000 -4688.000000 -0.515165 
9200.000000 -4770.000000 -0.518478 
9300.000000 -4846.000000 -0.521075 
9400.000000 -4926.000000 -0.524043 
9500.000000 -4938.000000 -0.519789 
9600.000000 -5004.000000 -0.521250 
9700.000000 -5104.000000 -0.526186 
9800.000000 -5204.000000 -0.531020 
9900.000000 -5290.000000 -0.534343 
10000.000000 -5374.000000 -0.537400 
10100.000000 -5350.000000 -0.529703 
10200.000000 -5250.000000 -0.514706 
10300.000000 -5220.000000 -0.506796 
10400.000000 -5192.000000 -0.499231 
10500.000000 -5144.000000 -0.489905 
10600.000000 -5210.000000 -0.491509 
10700.000000 -5256.000000 -0.491215 
10800.000000 -5352.000000 -0.495556 
10900.000000 -5452.000000 -0.500183 
11000.000000 -5552.000000 -0.504727 
11100.000000 -5628.000000 -0.507027 
11200.000000 -5706.000000 -0.509464 
11300.000000 -5794.000000 -0.512743 
11400.000000 -5818.000000 -0.510351 
11500.000000 -5782.000000 -0.502783 
11600.000000 -5810.000000 -0.500862 
11700.000000 -5792.000000 -0.495043 
11800.000000 -5870.000000 -0.497458 
11900.000000 -5952.000000 -0.500168 
12000.000000 -5866.000000 -0.488833 
12100.000000 -5918.000000 -0.489091 
12200.000000 -5998.000000 -0.491639 
12300.000000 -6098.000000 -0.495772 
12400.000000 -6198.000000 -0.499839 
12500.000000 -6278.000000 -0.502240 
12600.000000 -6310.000000 -0.500794 
12700.000000 -6400.000000 -0.503937 
12800.000000 -6480.000000 -0.506250 
12900.000000 -6544.000000 -0.507287 
13000.000000 -6534.000000 -0.502615 
13100.000000 -6584.000000 -0.502595 
13200.000000 -6674.000000 -0.505606 
13300.000000 -6604.000000 -0.496541 
13400.000000 -6676.000000 -0.498209 
13500.000000 -6744.000000 -0.499556 
13600.000000 -6812.000000 -0.500882 
13700.000000 -6912.000000 -0.504526 
13800.000000 -6912.000000 -0.500870 
13900.000000 -6916.000000 -0.497554 
14000.000000 -6928.000000 -0.494857 
14100.000000 -6950.000000 -0.492908 
14200.000000 -6880.000000 -0.484507 
14300.000000 -6834.000000 -0.477902 
14400.000000 -6804.000000 -0.472500 
14500.000000 -6804.000000 -0.469241 
14600.000000 -6762.000000 -0.463151 
14700.000000 -6814.000000 -0.463537 
14800.000000 -6884.000000 -0.465135 
14900.000000 -6984.000000 -0.468725 
15000.000000 -7052.000000 -0.470133 
15100.000000 -7070.000000 -0.468212 
15200.000000 -7076.000000 -0.465526 
15300.000000 -7172.000000 -0.468758 
15400.000000 -7204.000000 -0.467792 
15500.000000 -7198.000000 -0.464387 
15600.000000 -7228.000000 -0.463333 
15700.000000 -7236.000000 -0.460892 
15800.000000 -7274.000000 -0.460380 
15900.000000 -7360.000000 -0.462893 
16000.000000 -7460.000000 -0.466250 
16100.000000 -7560.000000 -0.469565 
16200.000000 -7608.000000 -0.469630 
16300.000000 -7594.000000 -0.465890 
16400.000000 -7528.000000 -0.459024 
16500.000000 -7538.000000 -0.456848 
16600.000000 -7554.000000 -0.455060 
16700.000000 -7650.000000 -0.458084 
16800.000000 -7604.000000 -0.452619 
16900.000000 -7634.000000 -0.451716 
17000.000000 -7668.000000 -0.451059 
17100.000000 -7674.000000 -0.448772 
17200.000000 -7672.000000 -0.446047 
17300.000000 -7750.000000 -0.447977 
17400.000000 -7726.000000 -0.444023 
17500.000000 -7662.000000 -0.437829 
17600.000000 -7694.000000 -0.437159 
17700.000000 -7634.000000 -0.431299 
17800.000000 -7598.000000 -0.426854 
17900.000000 -7574.000000 -0.423128 
18000.000000 -7506.000000 -0.417000 
18100.000000 -7414.000000 -0.409613 
18200.000000 -7364.000000 -0.404615 
18300.000000 -7330.000000 -0.400546 
18400.000000 -7332.000000 -0.398478 
18500.000000 -7294.000000 -0.394270 
18600.000000 -7252.000000 -0.389892 
18700.000000 -7184.000000 -0.384171 
18800.000000 -7128.000000 -0.379149 
18900.000000 -7082.000000 -0.374709 
19000.000000 -7046.000000 -0.370842 
19100.000000 -7000.000000 -0.366492 
19200.000000 -6932.000000 -0.361042 
19300.000000 -6860.000000 -0.355440 
19400.000000 -6770.000000 -0.348969 
19500.000000 -6696.000000 -0.343385 
19600.000000 -6636.000000 -0.338571 
19700.000000 -6578.000000 -0.333909 
19800.000000 -6530.000000 -0.329798 
19900.000000 -6476.000000 -0.325427 
20000.000000 -6424.000000 -0.321200 
20100.000000 -6344.000000 -0.315622 
20200.000000 -6306.000000 -0.312178 
20300.000000 -6236.000000 -0.307192 
20400.000000 -6164.000000 -0.302157 
20500.000000 -6102.000000 -0.297659 
20600.000000 -6042.000000 -0.293301 
20700.000000 -5984.000000 -0.289082 
20800.000000 -5958.000000 -0.286442 
20900.000000 -5890.000000 -0.281818 
21000.000000 -5808.000000 -0.276571 
21100.000000 -5752.000000 -0.272607 
21200.000000 -5688.000000 -0.268302 
21300.000000 -5646.000000 -0.265070 
21400.000000 -5564.000000 -0.260000 
21500.000000 -5522.000000 -0.256837 
21600.000000 -5454.000000 -0.252500 
21700.000000 -5384.000000 -0.248111 
21800.000000 -5354.000000 -0.245596 
21900.000000 -5308.000000 -0.242374 
22000.000000 -5260.000000 -0.239091 
22100.000000 -5248.000000 -0.237466 
22200.000000 -5200.000000 -0.234234 
22300.000000 -5116.000000 -0.229417 
22400.000000 -5054.000000 -0.225625 
22500.000000 -5014.000000 -0.222844 
22600.000000 -4972.000000 -0.220000 
22700.000000 -5034.000000 -0.221762 
22800.000000 -4998.000000 -0.219211 
22900.000000 -5016.000000 -0.219039 
23000.000000 -5016.000000 -0.218087 
23100.000000 -5018.000000 -0.217229 
23200.000000 -5056.000000 -0.217931 
23300.000000 -5028.000000 -0.215794 
23400.000000 -5054.000000 -0.215983 
23500.000000 -5154.000000 -0.219319 
23600.000000 -5102.000000 -0.216186 
23700.000000 -5044.000000 -0.212827 
23800.000000 -5046.000000 -0.212017 
23900.000000 -5076.000000 -0.212385 
24000.000000 -4996.000000 -0.208167 
24100.000000 -4950.000000 -0.205394 
24200.000000 -5018.000000 -0.207355 
24300.000000 -4992.000000 -0.205432 
24400.000000 -5000.000000 -0.204918 
24500.000000 -4962.000000 -0.202531 
24600.000000 -4996.000000 -0.203089 
24700.000000 -5096.000000 -0.206316 
24800.000000 -5172.000000 -0.208548 
24900.000000 -5272.000000 -0.211727 
25000.000000 -5372.000000 -0.214880 
25100.000000 -5436.000000 -0.216574 
25200.000000 -5440.000000 -0.215873 
25300.000000 -5404.000000 -0.213597 
25400.000000 -5490.000000 -0.216142 
25500.000000 -5518.000000 -0.216392 
25600.000000 -5516.000000 -0.215469 
25700.000000 -5504.000000 -0.214163 
25800.000000 -5434.000000 -0.210620 
25900.000000 -5440.000000 -0.210039 
26000.000000 -5384.000000 -0.207077 
26100.000000 -5324.000000 -0.203985 
26200.000000 -5316.000000 -0.202901 
26300.000000 -5364.000000 -0.203954 
26400.000000 -5418.000000 -0.205227 
26500.000000 -5406.000000 -0.204000 
26600.000000 -5444.000000 -0.204662 
26700.000000 -5496.000000 -0.205843 
26800.000000 -5580.000000 -0.208209 
26900.000000 -5534.000000 -0.205725 
27000.000000 -5494.000000 -0.203481 
27100.000000 -5538.000000 -0.204354 
27200.000000 -5568.000000 -0.204706 
27300.000000 -5668.000000 -0.207619 
27400.000000 -5680.000000 -0.207299 
27500.000000 -5672.000000 -0.206255 
27600.000000 -5654.000000 -0.204855 
27700.000000 -5606.000000 -0.202383 
27800.000000 -5572.000000 -0.200432 
27900.000000 -5622.000000 -0.201505 
28000.000000 -5698.000000 -0.203500 
28100.000000 -5724.000000 -0.203701 
28200.000000 -5756.000000 -0.204113 
28300.000000 -5760.000000 -0.203534 
28400.000000 -5784.000000 -0.203662 
28500.000000 -5786.000000 -0.203018 
28600.000000 -5806.000000 -0.203007 
28700.000000 -5788.000000 -0.201672 
28800.000000 -5760.000000 -0.200000 
28900.000000 -5754.000000 -0.199100 
29000.000000 -5808.000000 -0.200276 
29100.000000 -5908.000000 -0.203024 
29200.000000 -6006.000000 -0.205685 
29300.000000 -5934.000000 -0.202526 
29400.000000 -5878.000000 -0.199932 
29500.000000 -5882.000000 -0.199390 
29600.000000 -5856.000000 -0.197838 
29700.000000 -5884.000000 -0.198114 
29800.000000 -5886.000000 -0.197517 
29900.000000 -5878.000000 -0.196589 
30000.000000 -5858.000000 -0.195267 
30100.000000 -5814.000000 -0.193156 
30200.000000 -5846.000000 -0.193576 
30300.000000 -5842.000000 -0.192805 
30400.000000 -5854.000000 -0.192566 
30500.000000 -5870.000000 -0.192459 
30600.000000 -5906.000000 -0.193007 
30700.000000 -5942.000000 -0.193550 
30800.000000 -6028.000000 -0.195714 
30900.000000 -6076.000000 -0.196634 
31000.000000 -6176.000000 -0.199226 
31100.000000 -6184.000000 -0.198842 
31200.000000 -6208.000000 -0.198974 
31300.000000 -6190.000000 -0.197764 
31400.000000 -6222.000000 -0.198153 
31500.000000 -6234.000000 -0.197905 
31600.000000 -6228.000000 -0.197089 
31700.000000 -6190.000000 -0.195268 
31800.000000 -6252.000000 -0.196604 
31900.000000 -6318.000000 -0.198056 
32000.000000 -6326.000000 -0.197688 
32100.000000 -6338.000000 -0.197445 
32200.000000 -6392.000000 -0.198509 
32300.000000 -6360.000000 -0.196904 
32400.000000 -6368.000000 -0.196543 
32500.000000 -6406.000000 -0.197108 
32600.000000 -6390.000000 -0.196012 
32700.000000 -6382.000000 -0.195168 
32800.000000 -6350.000000 -0.193598 
32900.000000 -6338.000000 -0.192644 
33000.000000 -6308.000000 -0.191152 
33100.000000 -6282.000000 -0.189789 
33200.000000 -6280.000000 -0.189157 
33300.000000 -6314.000000 -0.189610 
33400.000000 -6252.000000 -0.187186 
33500.000000 -6274.000000 -0.187284 
33600.000000 -6252.000000 -0.186071 
33700.000000 -6250.000000 -0.185460 
33800.000000 -6240.000000 -0.184615 
33900.000000 -6204.000000 -0.183009 
34000.000000 -6222.000000 -0.183000 
34100.000000 -6236.000000 -0.182874 
34200.000000 -6260.000000 -0.183041 
34300.000000 -6228.000000 -0.181574 
34400.000000 -6244.000000 -0.181512 
34500.000000 -6244.000000 -0.180986 
34600.000000 -6242.000000 -0.180405 
34700.000000 -6282.000000 -0.181037 
34800.000000 -6266.000000 -0.180057 
34900.000000 -6344.000000 -0.181777 
35000.000000 -6444.000000 -0.184114 
35100.000000 -6544.000000 -0.186439 
35200.000000 -6528.000000 -0.185455 
35300.000000 -6490.000000 -0.183853 
35400.000000 -6494.000000 -0.183446 
35500.000000 -6434.000000 -0.181239 
35600.000000 -6464.000000 -0.181573 
35700.000000 -6496.000000 -0.181961 
35800.000000 -6502.000000 -0.181620 
35900.000000 -6572.000000 -0.183064 
36000.000000 -6580.000000 -0.182778 
36100.000000 -6586.000000 -0.182438 
36200.000000 -6558.000000 -0.181160 
36300.000000 -6606.000000 -0.181983 
36400.000000 -6702.000000 -0.184121 
36500.000000 -6702.000000 -0.183616 
36600.000000 -6668.000000 -0.182186 
36700.000000 -6610.000000 -0.180109 
36800.000000 -6632.000000 -0.180217 
36900.000000 -6592.000000 -0.178645 
37000.000000 -6518.000000 -0.176162 
37100.000000 -6464.000000 -0.174232 
37200.000000 -6538.000000 -0.175753 
37300.000000 -6522.000000 -0.174853 
37400.000000 -6546.000000 -0.175027 
37500.000000 -6630.000000 -0.176800 
37600.000000 -6646.000000 -0.176755 
37700.000000 -6612.000000 -0.175385 
37800.000000 -6696.000000 -0.177143 
37900.000000 -6696.000000 -0.176675 
38000.000000 -6700.000000 -0.176316 
38100.000000 -6652.000000 -0.174593 
38200.000000 -6668.000000 -0.174555 
38300.000000 -6642.000000 -0.173420 
38400.000000 -6620.000000 -0.172396 
38500.000000 -6720.000000 -0.174545 
38600.000000 -6708.000000 -0.173782 
38700.000000 -6674.000000 -0.172455 
38800.000000 -6710.000000 -0.172938 
38900.000000 -6702.000000 -0.172288 
39000.000000 -6610.000000 -0.169487 
39100.000000 -6540.000000 -0.167263 
39200.000000 -6544.000000 -0.166939 
39300.000000 -6502.000000 -0.165445 
39400.000000 -6512.000000 -0.165279 
39500.000000 -6594.000000 -0.166937 
39600.000000 -6694.000000 -0.169040 
39700.000000 -6794.000000 -0.171134 
39800.000000 -6884.000000 -0.172965 
39900.000000 -6810.000000 -0.170677 
40000.000000 -6818.000000 -0.170450 
40100.000000 -6812.000000 -0.169875 
40200.000000 -6740.000000 -0.167662 
40300.000000 -6708.000000 -0.166452 
40400.000000 -6766.000000 -0.167475 
40500.000000 -6756.000000 -0.166815 
40600.000000 -6724.000000 -0.165616 
40700.000000 -6710.000000 -0.164865 
40800.000000 -6790.000000 -0.166422 
40900.000000 -6764.000000 -0.165379 
41000.000000 -6842.000000 -0.166878 
41100.000000 -6928.000000 -0.168564 
41200.000000 -6968.000000 -0.169126 
41300.000000 -7068.000000 -0.171138 
41400.000000 -7116.000000 -0.171884 
41500.000000 -7134.000000 -0.171904 
41600.000000 -7100.000000 -0.170673 
41700.000000 -7066.000000 -0.169448 
41800.000000 -7004.000000 -0.167560 
41900.000000 -6990.000000 -0.166826 
42000.000000 -6968.000000 -0.165905 
42100.000000 -6916.000000 -0.164276 
42200.000000 -6866.000000 -0.162701 
42300.000000 -6836.000000 -0.161608 
42400.000000 -6770.000000 -0.159670 
42500.000000 -6730.000000 -0.158353 
42600.000000 -6670.000000 -0.156573 
42700.000000 -6700.000000 -0.156909 
42800.000000 -6656.000000 -0.155514 
42900.000000 -6616.000000 -0.154219 
43000.000000 -6546.000000 -0.152233 
43100.000000 -6448.000000 -0.149606 
43200.000000 -6416.000000 -0.148519 
43300.000000 -6388.000000 -0.147529 
43400.000000 -6430.000000 -0.148157 
43500.000000 -6434.000000 -0.147908 
43600.000000 -6468.000000 -0.148349 
43700.000000 -6438.000000 -0.147323 
43800.000000 -6378.000000 -0.145616 
43900.000000 -6356.000000 -0.144784 
44000.000000 -6352.000000 -0.144364 
44100.000000 -6332.000000 -0.143583 
44200.000000 -6324.000000 -0.143077 
44300.000000 -6320.000000 -0.142664 
44400.000000 -6238.000000 -0.140495 
44500.000000 -6178.000000 -0.138831 
44600.000000 -6150.000000 -0.137892 
44700.000000 -6144.000000 -0.137450 
44800.000000 -6146.000000 -0.137187 
44900.000000 -6176.000000 -0.137550 
45000.000000 -6156.000000 -0.136800 
45100.000000 -6094.000000 -0.135122 
45200.000000 -6046.000000 -0.133761 
45300.000000 -6054.000000 -0.133642 
45400.000000 -6056.000000 -0.133392 
45500.000000 -6082.000000 -0.133670 
45600.000000 -6042.000000 -0.132500 
45700.000000 -6056.000000 -0.132516 
45800.000000 -6078.000000 -0.132707 
45900.000000 -6166.000000 -0.134336 
46000.000000 -6150.000000 -0.133696 
46100.000000 -6144.000000 -0.133275 
46200.000000 -6184.000000 -0.133853 
46300.000000 -6232.000000 -0.134600 
46400.000000 -6188.000000 -0.133362 
46500.000000 -6226.000000 -0.133892 
46600.000000 -6242.000000 -0.133949 
46700.000000 -6238.000000 -0.133576 
46800.000000 -6202.000000 -0.132521 
46900.000000 -6208.000000 -0.132367 
47000.000000 -6284.000000 -0.133702 
47100.000000 -6258.000000 -0.132866 
47200.000000 -6222.000000 -0.131822 
47300.000000 -6170.000000 -0.130444 
47400.000000 -6148.000000 -0.129705 
47500.000000 -6140.000000 -0.129263 
47600.000000 -6132.000000 -0.128824 
47700.000000 -6116.000000 -0.128218 
47800.000000 -6036.000000 -0.126276 
47900.000000 -5974.000000 -0.124718 
48000.000000 -5968.000000 -0.124333 
48100.000000 -5950.000000 -0.123701 
48200.000000 -5980.000000 -0.124066 
48300.000000 -6004.000000 -0.124306 
48400.000000 -5990.000000 -0.123760 
48500.000000 -6026.000000 -0.124247 
48600.000000 -6036.000000 -0.124198 
48700.000000 -6094.000000 -0.125133 
48800.000000 -6032.000000 -0.123607 
48900.000000 -5942.000000 -0.121513 
49000.000000 -5852.000000 -0.119429 
49100.000000 -5790.000000 -0.117923 
49200.000000 -5754.000000 -0.116951 
49300.000000 -5718.000000 -0.115984 
49400.000000 -5744.000000 -0.116275 
49500.000000 -5712.000000 -0.115394 
49600.000000 -5710.000000 -0.115121 
49700.000000 -5622.000000 -0.113119 
49800.000000 -5554.000000 -0.111526 
49900.000000 -5492.000000 -0.110060 
50000.000000 -5510.000000 -0.110200 
50100.000000 -5462.000000 -0.109022 
50200.000000 -5432.000000 -0.108207 
50300.000000 -5438.000000 -0.108111 
50400.000000 -5434.000000 -0.107817 
50500.000000 -5382.000000 -0.106574 
50600.000000 -5352.000000 -0.105771 
50700.000000 -5368.000000 -0.105878 
50800.000000 -5304.000000 -0.104409 
50900.000000 -5272.000000 -0.103576 
51000.000000 -5174.000000 -0.101451 
51100.000000 -5154.000000 -0.100861 
51200.000000 -5130.000000 -0.100195 
51300.000000 -5132.000000 -0.100039 
51400.000000 -5090.000000 -0.099027 
51500.000000 -5102.000000 -0.099068 
51600.000000 -5040.000000 -0.097674 
51700.000000 -5024.000000 -0.097176 
51800.000000 -4970.000000 -0.095946 
51900.000000 -4966.000000 -0.095684 
52000.000000 -4994.000000 -0.096038 
52100.000000 -5050.000000 -0.096929 
52200.000000 -5068.000000 -0.097088 
52300.000000 -5060.000000 -0.096750 
52400.000000 -5042.000000 -0.096221 
52500.000000 -5014.000000 -0.095505 
52600.000000 -5026.000000 -0.095551 
52700.000000 -5048.000000 -0.095787 
52800.000000 -4964.000000 -0.094015 
52900.000000 -4994.000000 -0.094405 
53000.000000 -5022.000000 -0.094755 
53100.000000 -5030.000000 -0.094727 
53200.000000 -4986.000000 -0.093722 
53300.000000 -4976.000000 -0.093358 
53400.000000 -5070.000000 -0.094944 
53500.000000 -4976.000000 -0.093009 
53600.000000 -4954.000000 -0.092425 
53700.000000 -4984.000000 -0.092812 
53800.000000 -4986.000000 -0.092677 
53900.000000 -4998.000000 -0.092727 
54000.000000 -4932.000000 -0.091333 
54100.000000 -4944.000000 -0.091386 
54200.000000 -4864.000000 -0.089742 
54300.000000 -4856.000000 -0.089429 
54400.000000 -4894.000000 -0.089963 
54500.000000 -4992.000000 -0.091596 
54600.000000 -5046.000000 -0.092418 
54700.000000 -5048.000000 -0.092285 
54800.000000 -5112.000000 -0.093285 
54900.000000 -5146.000000 -0.093734 
55000.000000 -5134.000000 -0.093345 
55100.000000 -5094.000000 -0.092450 
55200.000000 -5192.000000 -0.094058 
55300.000000 -5268.000000 -0.095262 
55400.000000 -5368.000000 -0.096895 
55500.000000 -5468.000000 -0.098523 
55600.000000 -5516.000000 -0.099209 
55700.000000 -5578.000000 -0.100144 
55800.000000 -5588.000000 -0.100143 
55900.000000 -5532.000000 -0.098962 
56000.000000 -5450.000000 -0.097321 
56100.000000 -5438.000000 -0.096934 
56200.000000 -5432.000000 -0.096655 
56300.000000 -5424.000000 -0.096341 
56400.000000 -5476.000000 -0.097092 
56500.000000 -5490.000000 -0.097168 
56600.000000 -5426.000000 -0.095866 
56700.000000 -5330.000000 -0.094004 
56800.000000 -5356.000000 -0.094296 
56900.000000 -5292.000000 -0.093005 
57000.000000 -5342.000000 -0.093719 
57100.000000 -5332.000000 -0.093380 
57200.000000 -5298.000000 -0.092622 
57300.000000 -5294.000000 -0.092391 
57400.000000 -5338.000000 -0.092997 
57500.000000 -5354.000000 -0.093113 
57600.000000 -5348.000000 -0.092847 
57700.000000 -5390.000000 -0.093414 
57800.000000 -5418.000000 -0.093737 
57900.000000 -5424.000000 -0.093679 
58000.000000 -5408.000000 -0.093241 
58100.000000 -5434.000000 -0.093528 
58200.000000 -5472.000000 -0.094021 
58300.000000 -5486.000000 -0.094099 
58400.000000 -5472.000000 -0.093699 
58500.000000 -5434.000000 -0.092889 
58600.000000 -5350.000000 -0.091297 
58700.000000 -5340.000000 -0.090971 
58800.000000 -5244.000000 -0.089184 
58900.000000 -5256.000000 -0.089236 
59000.000000 -5312.000000 -0.090034 
59100.000000 -5330.000000 -0.090186 
59200.000000 -5312.000000 -0.089730 
59300.000000 -5322.000000 -0.089747 
59400.000000 -5272.000000 -0.088754 
59500.000000 -5206.000000 -0.087496 
59600.000000 -5230.000000 -0.087752 
59700.000000 -5234.000000 -0.087672 
59800.000000 -5206.000000 -0.087057 
59900.000000 -5176.000000 -0.086411 
60000.000000 -5114.000000 -0.085233 
60100.000000 -5042.000000 -0.083894 
60200.000000 -4994.000000 -0.082957 
60300.000000 -4962.000000 -0.082289 
60400.000000 -5038.000000 -0.083411 
60500.000000 -5090.000000 -0.084132 
60600.000000 -5098.000000 -0.084125 
60700.000000 -5122.000000 -0.084382 
60800.000000 -5126.000000 -0.084309 
60900.000000 -5114.000000 -0.083974 
61000.000000 -5136.000000 -0.084197 
61100.000000 -5178.000000 -0.084746 
61200.000000 -5168.000000 -0.084444 
61300.000000 -5106.000000 -0.083295 
61400.000000 -5108.000000 -0.083192 
61500.000000 -5096.000000 -0.082862 
61600.000000 -5158.000000 -0.083734 
61700.000000 -5154.000000 -0.083533 
61800.000000 -5254.000000 -0.085016 
61900.000000 -5288.000000 -0.085428 
62000.000000 -5326.000000 -0.085903 
62100.000000 -5342.000000 -0.086023 
62200.000000 -5358.000000 -0.086141 
62300.000000 -5378.000000 -0.086324 
62400.000000 -5424.000000 -0.086923 
62500.000000 -5488.000000 -0.087808 
62600.000000 -5406.000000 -0.086358 
62700.000000 -5338.000000 -0.085136 
62800.000000 -5296.000000 -0.084331 
62900.000000 -5364.000000 -0.085278 
63000.000000 -5332.000000 -0.084635 
63100.000000 -5312.000000 -0.084184 
63200.000000 -5344.000000 -0.084557 
63300.000000 -5336.000000 -0.084297 
63400.000000 -5404.000000 -0.085237 
63500.000000 -5308.000000 -0.083591 
63600.000000 -5288.000000 -0.083145 
63700.000000 -5298.000000 -0.083171 
63800.000000 -5286.000000 -0.082853 
63900.000000 -5316.000000 -0.083192 
64000.000000 -5298.000000 -0.082781 
64100.000000 -5320.000000 -0.082995 
64200.000000 -5330.000000 -0.083022 
64300.000000 -5394.000000 -0.083888 
64400.000000 -5380.000000 -0.083540 
64500.000000 -5356.000000 -0.083039 
64600.000000 -5434.000000 -0.084118 
64700.000000 -5480.000000 -0.084699 
64800.000000 -5466.000000 -0.084352 
64900.000000 -5468.000000 -0.084253 
65000.000000 -5540.000000 -0.085231 
65100.000000 -5552.000000 -0.085284 
65200.000000 -5564.000000 -0.085337 
65300.000000 -5626.000000 -0.086156 
65400.000000 -5620.000000 -0.085933 
65500.000000 -5604.000000 -0.085557 
65600.000000 -5534.000000 -0.084360 
65700.000000 -5484.000000 -0.083470 
65800.000000 -5488.000000 -0.083404 
65900.000000 -5402.000000 -0.081973 
66000.000000 -5396.000000 -0.081758 
66100.000000 -5432.000000 -0.082179 
66200.000000 -5444.000000 -0.082236 
66300.000000 -5432.000000 -0.081931 
66400.000000 -5422.000000 -0.081657 
66500.000000 -5434.000000 -0.081714 
66600.000000 -5510.000000 -0.082733 
66700.000000 -5418.000000 -0.081229 
66800.000000 -5438.000000 -0.081407 
66900.000000 -5500.000000 -0.082212 
67000.000000 -5470.000000 -0.081642 
67100.000000 -5488.000000 -0.081788 
67200.000000 -5556.000000 -0.082679 
67300.000000 -5588.000000 -0.083031 
67400.000000 -5596.000000 -0.083027 
67500.000000 -5606.000000 -0.083052 
67600.000000 -5660.000000 -0.083728 
67700.000000 -5622.000000 -0.083043 
67800.000000 -5678.000000 -0.083746 
67900.000000 -5674.000000 -0.083564 
68000.000000 -5694.000000 -0.083735 
68100.000000 -5650.000000 -0.082966 
68200.000000 -5666.000000 -0.083079 
68300.000000 -5664.000000 -0.082928 
68400.000000 -5720.000000 -0.083626 
68500.000000 -5746.000000 -0.083883 
68600.000000 -5676.000000 -0.082741 
68700.000000 -5700.000000 -0.082969 
68800.000000 -5654.000000 -0.082180 
68900.000000 -5650.000000 -0.082003 
69000.000000 -5670.000000 -0.082174 
69100.000000 -5686.000000 -0.082287 
69200.000000 -5738.000000 -0.082919 
69300.000000 -5756.000000 -0.083059 
69400.000000 -5824.000000 -0.083919 
69500.000000 -5850.000000 -0.084173 
69600.000000 -5818.000000 -0.083592 
69700.000000 -5840.000000 -0.083788 
69800.000000 -5792.000000 -0.082980 
69900.000000 -5778.000000 -0.082661 
70000.000000 -5738.000000 -0.081971 
70100.000000 -5706.000000 -0.081398 
70200.000000 -5752.000000 -0.081937 
70300.000000 -5806.000000 -0.082589 
70400.000000 -5776.000000 -0.082045 
70500.000000 -5782.000000 -0.082014 
70600.000000 -5806.000000 -0.082238 
70700.000000 -5846.000000 -0.082687 
70800.000000 -5856.000000 -0.082712 
70900.000000 -5838.000000 -0.082341 
71000.000000 -5886.000000 -0.082901 
71100.000000 -5954.000000 -0.083741 
71200.000000 -6004.000000 -0.084326 
71300.000000 -6066.000000 -0.085077 
71400.000000 -6134.000000 -0.085910 
71500.000000 -6174.000000 -0.086350 
71600.000000 -6138.000000 -0.085726 
71700.000000 -6104.000000 -0.085132 
71800.000000 -6098.000000 -0.084930 
71900.000000 -6104.000000 -0.084896 
72000.000000 -6086.000000 -0.084528 
72100.000000 -6144.000000 -0.085215 
72200.000000 -6150.000000 -0.085180 
72300.000000 -6150.000000 -0.085062 
72400.000000 -6212.000000 -0.085801 
72500.000000 -6220.000000 -0.085793 
72600.000000 -6284.000000 -0.086556 
72700.000000 -6344.000000 -0.087263 
72800.000000 -6376.000000 -0.087582 
72900.000000 -6316.000000 -0.086639 
73000.000000 -6216.000000 -0.085151 
73100.000000 -6134.000000 -0.083912 
73200.000000 -6162.000000 -0.084180 
73300.000000 -6168.000000 -0.084147 
73400.000000 -6152.000000 -0.083815 
73500.000000 -6184.000000 -0.084136 
73600.000000 -6230.000000 -0.084647 
73700.000000 -6172.000000 -0.083745 
73800.000000 -6184.000000 -0.083794 
73900.000000 -6134.000000 -0.083004 
74000.000000 -6192.000000 -0.083676 
74100.000000 -6226.000000 -0.084022 
74200.000000 -6236.000000 -0.084043 
74300.000000 -6212.000000 -0.083607 
74400.000000 -6220.000000 -0.083602 
74500.000000 -6218.000000 -0.083463 
74600.000000 -6156.000000 -0.082520 
74700.000000 -6160.000000 -0.082463 
74800.000000 -6130.000000 -0.081952 
74900.000000 -6126.000000 -0.081789 
75000.000000 -6138.000000 -0.081840 
75100.000000 -6214.000000 -0.082743 
75200.000000 -6246.000000 -0.083059 
75300.000000 -6258.000000 -0.083108 
75400.000000 -6298.000000 -0.083528 
75500.000000 -6332.000000 -0.083868 
75600.000000 -6428.000000 -0.085026 
75700.000000 -6508.000000 -0.085971 
75800.000000 -6500.000000 -0.085752 
75900.000000 -6494.000000 -0.085560 
76000.000000 -6448.000000 -0.084842 
76100.000000 -6378.000000 -0.083811 
76200.000000 -6350.000000 -0.083333 
76300.000000 -6322.000000 -0.082857 
76400.000000 -6306.000000 -0.082539 
76500.000000 -6360.000000 -0.083137 
76600.000000 -6460.000000 -0.084334 
76700.000000 -6560.000000 -0.085528 
76800.000000 -6564.000000 -0.085469 
76900.000000 -6584.000000 -0.085618 
77000.000000 -6572.000000 -0.085351 
77100.000000 -6554.000000 -0.085006 
77200.000000 -6528.000000 -0.084560 
77300.000000 -6614.000000 -0.085563 
77400.000000 -6680.000000 -0.086305 
77500.000000 -6776.000000 -0.087432 
77600.000000 -6764.000000 -0.087165 
77700.000000 -6812.000000 -0.087671 
77800.000000 -6882.000000 -0.088458 
77900.000000 -6930.000000 -0.088960 
78000.000000 -6956.000000 -0.089179 
78100.000000 -7028.000000 -0.089987 
78200.000000 -7048.000000 -0.090128 
78300.000000 -7118.000000 -0.090907 
78400.000000 -7124.000000 -0.090867 
78500.000000 -7192.000000 -0.091618 
78600.000000 -7268.000000 -0.092468 
78700.000000 -7290.000000 -0.092630 
78800.000000 -7320.000000 -0.092893 
78900.000000 -7400.000000 -0.093790 
79000.000000 -7396.000000 -0.093620 
79100.000000 -7496.000000 -0.094766 
79200.000000 -7594.000000 -0.095884 
79300.000000 -7680.000000 -0.096847 
79400.000000 -7662.000000 -0.096499 
79500.000000 -7600.000000 -0.095597 
79600.000000 -7550.000000 -0.094849 
79700.000000 -7574.000000 -0.095031 
79800.000000 -7660.000000 -0.095990 
79900.000000 -7694.000000 -0.096295 
80000.000000 -7688.000000 -0.096100 
80100.000000 -7728.000000 -0.096479 
80200.000000 -7796.000000 -0.097207 
80300.000000 -7856.000000 -0.097833 
80400.000000 -7884.000000 -0.098060 
80500.000000 -7954.000000 -0.098807 
80600.000000 -8000.000000 -0.099256 
80700.000000 -8008.000000 -0.099232 
80800.000000 -8036.000000 -0.099455 
80900.000000 -8058.000000 -0.099604 
81000.000000 -8012.000000 -0.098914 
81100.000000 -8016.000000 -0.098841 
81200.000000 -8042.000000 -0.099039 
81300.000000 -8112.000000 -0.099779 
81400.000000 -8176.000000 -0.100442 
81500.000000 -8234.000000 -0.101031 
81600.000000 -8282.000000 -0.101495 
81700.000000 -8220.000000 -0.100612 
81800.000000 -8238.000000 -0.100709 
81900.000000 -8238.000000 -0.100586 
82000.000000 -8314.000000 -0.101390 
82100.000000 -8338.000000 -0.101559 
82200.000000 -8368.000000 -0.101800 
82300.000000 -8336.000000 -0.101288 
82400.000000 -8322.000000 -0.100995 
82500.000000 -8360.000000 -0.101333 
82600.000000 -8404.000000 -0.101743 
82700.000000 -8442.000000 -0.102080 
82800.000000 -8518.000000 -0.102874 
82900.000000 -8592.000000 -0.103643 
83000.000000 -8658.000000 -0.104313 
83100.000000 -8734.000000 -0.105102 
83200.000000 -8782.000000 -0.105553 
83300.000000 -8742.000000 -0.104946 
83400.000000 -8778.000000 -0.105252 
83500.000000 -8836.000000 -0.105820 
83600.000000 -8826.000000 -0.105574 
83700.000000 -8862.000000 -0.105878 
83800.000000 -8798.000000 -0.104988 
83900.000000 -8742.000000 -0.104195 
84000.000000 -8700.000000 -0.103571 
84100.000000 -8764.000000 -0.104209 
84200.000000 -8770.000000 -0.104157 
84300.000000 -8748.000000 -0.103772 
84400.000000 -8674.000000 -0.102773 
84500.000000 -8600.000000 -0.101775 
84600.000000 -8638.000000 -0.102104 
84700.000000 -8696.000000 -0.102668 
84800.000000 -8774.000000 -0.103467 
84900.000000 -8854.000000 -0.104287 
85000.000000 -8900.000000 -0.104706 
85100.000000 -8924.000000 -0.104865 
85200.000000 -8906.000000 -0.104531 
85300.000000 -8894.000000 -0.104267 
85400.000000 -8938.000000 -0.104660 
85500.000000 -8934.000000 -0.104491 
85600.000000 -8966.000000 -0.104743 
85700.000000 -8988.000000 -0.104877 
85800.000000 -9088.000000 -0.105921 
85900.000000 -9050.000000 -0.105355 
86000.000000 -9118.000000 -0.106023 
86100.000000 -9150.000000 -0.106272 
86200.000000 -9150.000000 -0.106148 
86300.000000 -9164.000000 -0.106188 
86400.000000 -9160.000000 -0.106019 
86500.000000 -9204.000000 -0.106405 
86600.000000 -9282.000000 -0.107182 
86700.000000 -9288.000000 -0.107128 
86800.000000 -9308.000000 -0.107235 
86900.000000 -9394.000000 -0.108101 
87000.000000 -9396.000000 -0.108000 
87100.000000 -9398.000000 -0.107899 
87200.000000 -9448.000000 -0.108349 
87300.000000 -9466.000000 -0.108431 
87400.000000 -9410.000000 -0.107666 
87500.000000 -9376.000000 -0.107154 
87600.000000 -9384.000000 -0.107123 
87700.000000 -9454.000000 -0.107799 
87800.000000 -9494.000000 -0.108132 
87900.000000 -9560.000000 -0.108760 
88000.000000 -9610.000000 -0.109205 
88100.000000 -9648.000000 -0.109512 
88200.000000 -9584.000000 -0.108662 
88300.000000 -9570.000000 -0.108381 
88400.000000 -9530.000000 -0.107805 
88500.000000 -9550.000000 -0.107910 
88600.000000 -9602.000000 -0.108375 
88700.000000 -9628.000000 -0.108546 
88800.000000 -9672.000000 -0.108919 
88900.000000 -9722.000000 -0.109359 
89000.000000 -9772.000000 -0.109798 
89100.000000 -9832.000000 -0.110348 
89200.000000 -9848.000000 -0.110404 
89300.000000 -9880.000000 -0.110638 
89400.000000 -9926.000000 -0.111029 
89500.000000 -9960.000000 -0.111285 
89600.000000 -9964.000000 -0.111205 
89700.000000 -9992.000000 -0.111394 
89800.000000 -10032.000000 -0.111715 
89900.000000 -10032.000000 -0.111591 
90000.000000 -9988.000000 -0.110978 
90100.000000 -10016.000000 -0.111165 
90200.000000 -10080.000000 -0.111752 
90300.000000 -10140.000000 -0.112292 
90400.000000 -10136.000000 -0.112124 
90500.000000 -10188.000000 -0.112575 
90600.000000 -10142.000000 -0.111943 
90700.000000 -10114.000000 -0.111510 
90800.000000 -10092.000000 -0.111145 
90900.000000 -10142.000000 -0.111573 
91000.000000 -10232.000000 -0.112440 
91100.000000 -10246.000000 -0.112470 
91200.000000 -10262.000000 -0.112522 
91300.000000 -10326.000000 -0.113100 
91400.000000 -10344.000000 -0.113173 
91500.000000 -10414.000000 -0.113814 
91600.000000 -10468.000000 -0.114279 
91700.000000 -10532.000000 -0.114853 
91800.000000 -10606.000000 -0.115534 
91900.000000 -10632.000000 -0.115691 
92000.000000 -10676.000000 -0.116043 
92100.000000 -10722.000000 -0.116417 
92200.000000 -10762.000000 -0.116725 
92300.000000 -10832.000000 -0.117356 
92400.000000 -10860.000000 -0.117532 
92500.000000 -10860.000000 -0.117405 
92600.000000 -10892.000000 -0.117624 
92700.000000 -10932.000000 -0.117929 
92800.000000 -11004.000000 -0.118578 
92900.000000 -11034.000000 -0.118773 
93000.000000 -11082.000000 -0.119161 
93100.000000 -11102.000000 -0.119248 
93200.000000 -11092.000000 -0.119013 
93300.000000 -11046.000000 -0.118392 
93400.000000 -11104.000000 -0.118887 
93500.000000 -11154.000000 -0.119294 
93600.000000 -11220.000000 -0.119872 
93700.000000 -11246.000000 -0.120021 
93800.000000 -11284.000000 -0.120299 
93900.000000 -11330.000000 -0.120660 
94000.000000 -11410.000000 -0.121383 
94100.000000 -11424.000000 -0.121403 
94200.000000 -11496.000000 -0.122038 
94300.000000 -11564.000000 -0.122630 
94400.000000 -11618.000000 -0.123072 
94500.000000 -11686.000000 -0.123661 
94600.000000 -11690.000000 -0.123573 
94700.000000 -11638.000000 -0.122893 
94800.000000 -11628.000000 -0.122658 
94900.000000 -11720.000000 -0.123498 
95000.000000 -11786.000000 -0.124063 
95100.000000 -11822.000000 -0.124311 
95200.000000 -11830.000000 -0.124265 
95300.000000 -11862.000000 -0.124470 
95400.000000 -11822.000000 -0.123920 
95500.000000 -11764.000000 -0.123183 
95600.000000 -11728.000000 -0.122678 
95700.000000 -11682.000000 -0.122069 
95800.000000 -11694.000000 -0.122067 
95900.000000 -11648.000000 -0.121460 
96000.000000 -11694.000000 -0.121813 
96100.000000 -11666.000000 -0.121394 
96200.000000 -11764.000000 -0.122287 
96300.000000 -11772.000000 -0.122243 
96400.000000 -11692.000000 -0.121286 
96500.000000 -11736.000000 -0.121617 
96600.000000 -11750.000000 -0.121636 
96700.000000 -11776.000000 -0.121779 
96800.000000 -11776.000000 -0.121653 
96900.000000 -11798.000000 -0.121754 
97000.000000 -11820.000000 -0.121856 
97100.000000 -11868.000000 -0.122225 
97200.000000 -11868.000000 -0.122099 
97300.000000 -11864.000000 -0.121932 
97400.000000 -11880.000000 -0.121971 
97500.000000 -11958.000000 -0.122646 
97600.000000 -11888.000000 -0.121803 
97700.000000 -11934.000000 -0.122149 
97800.000000 -11990.000000 -0.122597 
97900.000000 -12054.000000 -0.123126 
98000.000000 -12100.000000 -0.123469 
98100.000000 -12138.000000 -0.123731 
98200.000000 -12194.000000 -0.124175 
98300.000000 -12186.000000 -0.123967 
98400.000000 -12186.000000 -0.123841 
98500.000000 -12194.000000 -0.123797 
98600.000000 -12250.000000 -0.124239 
98700.000000 -12230.000000 -0.123911 
98800.000000 -12220.000000 -0.123684 
98900.000000 -12166.000000 -0.123013 
99000.000000 -12164.000000 -0.122869 
99100.000000 -12190.000000 -0.123007 
99200.000000 -12258.000000 -0.123569 
99300.000000 -12218.000000 -0.123041 
99400.000000 -12174.000000 -0.122475 
99500.000000 -12222.000000 -0.122834 
99600.000000 -12252.000000 -0.123012 
99700.000000 -12226.000000 -0.122628 
99800.000000 -12170.000000 -0.121944 
99900.000000 -12142.000000 -0.121542 
100000.000000 -12152.000000 -0.121520 
100100.000000 -12170.000000 -0.121578 
100200.000000 -12140.000000 -0.121158 
100300.000000 -12122.000000 -0.120857 
100400.000000 -12116.000000 -0.120677 
100500.000000 -12086.000000 -0.120259 
100600.000000 -12016.000000 -0.119443 
100700.000000 -11926.000000 -0.118431 
100800.000000 -11920.000000 -0.118254 
100900.000000 -11934.000000 -0.118276 
101000.000000 -11854.000000 -0.117366 
101100.000000 -11820.000000 -0.116914 
101200.000000 -11754.000000 -0.116146 
101300.000000 -11680.000000 -0.115301 
101400.000000 -11646.000000 -0.114852 
101500.000000 -11578.000000 -0.114069 
101600.000000 -11504.000000 -0.113228 
101700.000000 -11490.000000 -0.112979 
101800.000000 -11444.000000 -0.112417 
101900.000000 -11396.000000 -0.111835 
102000.000000 -11414.000000 -0.111902 
102100.000000 -11338.000000 -0.111048 
102200.000000 -11304.000000 -0.110607 
102300.000000 -11266.000000 -0.110127 
102400.000000 -11282.000000 -0.110176 
102500.000000 -11274.000000 -0.109990 
102600.000000 -11254.000000 -0.109688 
102700.000000 -11300.000000 -0.110029 
102800.000000 -11298.000000 -0.109903 
102900.000000 -11266.000000 -0.109485 
103000.000000 -11194.000000 -0.108680 
103100.000000 -11156.000000 -0.108206 
103200.000000 -11094.000000 -0.107500 
103300.000000 -11080.000000 -0.107260 
103400.000000 -11044.000000 -0.106809 
103500.000000 -10990.000000 -0.106184 
103600.000000 -10970.000000 -0.105888 
103700.000000 -10914.000000 -0.105246 
103800.000000 -10868.000000 -0.104701 
103900.000000 -10808.000000 -0.104023 
104000.000000 -10746.000000 -0.103327 
104100.000000 -10672.000000 -0.102517 
104200.000000 -10642.000000 -0.102131 
104300.000000 -10564.000000 -0.101285 
104400.000000 -10554.000000 -0.101092 
104500.000000 -10584.000000 -0.101282 
104600.000000 -10588.000000 -0.101224 
104700.000000 -10580.000000 -0.101051 
104800.000000 -10600.000000 -0.101145 
104900.000000 -10560.000000 -0.100667 
105000.000000 -10494.000000 -0.099943 
105100.000000 -10490.000000 -0.099810 
105200.000000 -10420.000000 -0.099049 
105300.000000 -10336.000000 -0.098158 
105400.000000 -10258.000000 -0.097324 
105500.000000 -10238.000000 -0.097043 
105600.000000 -10152.000000 -0.096136 
105700.000000 -10074.000000 -0.095307 
105800.000000 -10078.000000 -0.095255 
105900.000000 -10012.000000 -0.094542 
106000.000000 -9918.000000 -0.093566 
106100.000000 -9860.000000 -0.092931 
106200.000000 -9822.000000 -0.092486 
106300.000000 -9856.000000 -0.092719 
106400.000000 -9858.000000 -0.092650 
106500.000000 -9776.000000 -0.091793 
106600.000000 -9792.000000 -0.091857 
106700.000000 -9770.000000 -0.091565 
106800.000000 -9704.000000 -0.090861 
106900.000000 -9728.000000 -0.091001 
107000.000000 -9664.000000 -0.090318 
107100.000000 -9722.000000 -0.090775 
107200.000000 -9696.000000 -0.090448 
107300.000000 -9774.000000 -0.091090 
107400.000000 -9812.000000 -0.091359 
107500.000000 -9836.000000 -0.091498 
107600.000000 -9876.000000 -0.091784 
107700.000000 -9806.000000 -0.091049 
107800.000000 -9768.000000 -0.090612 
107900.000000 -9678.000000 -0.089694 
108000.000000 -9652.000000 -0.089370 
108100.000000 -9724.000000 -0.089954 
108200.000000 -9686.000000 -0.089519 
108300.000000 -9634.000000 -0.088957 
108400.000000 -9540.000000 -0.088007 
108500.000000 -9496.000000 -0.087521 
108600.000000 -9498.000000 -0.087459 
108700.000000 -9438.000000 -0.086826 
108800.000000 -9360.000000 -0.086029 
108900.000000 -9314.000000 -0.085528 
109000.000000 -9304.000000 -0.085358 
109100.000000 -9214.000000 -0.084455 
109200.000000 -9188.000000 -0.084139 
109300.000000 -9162.000000 -0.083824 
109400.000000 -9070.000000 -0.082907 
109500.000000 -9082.000000 -0.082941 
109600.000000 -9116.000000 -0.083175 
109700.000000 -9074.000000 -0.082717 
109800.000000 -9126.000000 -0.083115 
109900.000000 -9136.000000 -0.083130 
110000.000000 -9062.000000 -0.082382 
110100.000000 -9012.000000 -0.081853 
110200.000000 -8964.000000 -0.081343 
110300.000000 -8950.000000 -0.081142 
110400.000000 -8900.000000 -0.080616 
110500.000000 -8860.000000 -0.080181 
110600.000000 -8924.000000 -0.080687 
110700.000000 -8840.000000 -0.079855 
110800.000000 -8758.000000 -0.079043 
110900.000000 -8770.000000 -0.079080 
111000.000000 -8756.000000 -0.078883 
111100.000000 -8804.000000 -0.079244 
111200.000000 -8728.000000 -0.078489 
111300.000000 -8668.000000 -0.077880 
111400.000000 -8646.000000 -0.077612 
111500.000000 -8592.000000 -0.077058 
111600.000000 -8534.000000 -0.076470 
111700.000000 -8594.000000 -0.076938 
111800.000000 -8578.000000 -0.076726 
111900.000000 -8526.000000 -0.076193 
112000.000000 -8542.000000 -0.076268 
112100.000000 -8540.000000 -0.076182 
112200.000000 -8456.000000 -0.075365 
112300.000000 -8370.000000 -0.074533 
112400.000000 -8298.000000 -0.073826 
112500.000000 -8232.000000 -0.073173 
112600.000000 -8152.000000 -0.072398 
112700.000000 -8058.000000 -0.071500 
112800.000000 -8066.000000 -0.071507 
112900.000000 -7990.000000 -0.070771 
113000.000000 -7954.000000 -0.070389 
113100.000000 -7894.000000 -0.069797 
113200.000000 -7888.000000 -0.069682 
113300.000000 -7836.000000 -0.069162 
113400.000000 -7816.000000 -0.068924 
113500.000000 -7822.000000 -0.068916 
113600.000000 -7798.000000 -0.068644 
113700.000000 -7748.000000 -0.068144 
113800.000000 -7678.000000 -0.067469 
113900.000000 -7636.000000 -0.067041 
114000.000000 -7568.000000 -0.066386 
114100.000000 -7566.000000 -0.066310 
114200.000000 -7536.000000 -0.065989 
114300.000000 -7550.000000 -0.066054 
114400.000000 -7546.000000 -0.065962 
114500.000000 -7548.000000 -0.065921 
114600.000000 -7500.000000 -0.065445 
114700.000000 -7478.000000 -0.065196 
114800.000000 -7404.000000 -0.064495 
114900.000000 -7332.000000 -0.063812 
115000.000000 -7260.000000 -0.063130 
115100.000000 -7214.000000 -0.062676 
115200.000000 -7194.000000 -0.062448 
115300.000000 -7154.000000 -0.062047 
115400.000000 -7132.000000 -0.061802 
115500.000000 -7154.000000 -0.061939 
115600.000000 -7162.000000 -0.061955 
115700.000000 -7148.000000 -0.061780 
115800.000000 -7120.000000 -0.061485 
115900.000000 -7208.000000 -0.062192 
116000.000000 -7156.000000 -0.061690 
116100.000000 -7082.000000 -0.060999 
116200.000000 -7010.000000 -0.060327 
116300.000000 -6946.000000 -0.059725 
116400.000000 -6894.000000 -0.059227 
116500.000000 -6848.000000 -0.058781 
116600.000000 -6774.000000 -0.058096 
116700.000000 -6702.000000 -0.057429 
116800.000000 -6630.000000 -0.056764 
116900.000000 -6562.000000 -0.056133 
117000.000000 -6552.000000 -0.056000 
117100.000000 -6544.000000 -0.055884 
117200.000000 -6510.000000 -0.055546 
117300.000000 -6420.000000 -0.054731 
117400.000000 -6384.000000 -0.054378 
117500.000000 -6318.000000 -0.053770 
117600.000000 -6306.000000 -0.053622 
117700.000000 -6316.000000 -0.053662 
117800.000000 -6314.000000 -0.053599 
117900.000000 -6254.000000 -0.053045 
118000.000000 -6184.000000 -0.052407 
118100.000000 -6122.000000 -0.051837 
118200.000000 -6042.000000 -0.051117 
118300.000000 -5942.000000 -0.050228 
118400.000000 -5880.000000 -0.049662 
118500.000000 -5918.000000 -0.049941 
118600.000000 -5884.000000 -0.049612 
118700.000000 -5834.000000 -0.049149 
118800.000000 -5832.000000 -0.049091 
118900.000000 -5732.000000 -0.048209 
119000.000000 -5694.000000 -0.047849 
119100.000000 -5748.000000 -0.048262 
119200.000000 -5804.000000 -0.048691 
119300.000000 -5762.000000 -0.048298 
119400.000000 -5666.000000 -0.047454 
119500.000000 -5614.000000 -0.046979 
119600.000000 -5580.000000 -0.046656 
119700.000000 -5606.000000 -0.046834 
119800.000000 -5566.000000 -0.046461 
119900.000000 -5494.000000 -0.045822 
120000.000000 -5580.000000 -0.046500 
120100.000000 -5540.000000 -0.046128 
120200.000000 -5494.000000 -0.045707 
120300.000000 -5438.000000 -0.045204 
120400.000000 -5470.000000 -0.045432 
120500.000000 -5434.000000 -0.045095 
120600.000000 -5410.000000 -0.044859 
120700.000000 -5388.000000 -0.044640 
120800.000000 -5368.000000 -0.044437 
120900.000000 -5368.000000 -0.044400 
121000.000000 -5306.000000 -0.043851 
121100.000000 -5262.000000 -0.043452 
121200.000000 -5316.000000 -0.043861 
121300.000000 -5286.000000 -0.043578 
121400.000000 -5280.000000 -0.043493 
121500.000000 -5272.000000 -0.043391 
121600.000000 -5246.000000 -0.043141 
121700.000000 -5162.000000 -0.042416 
121800.000000 -5076.000000 -0.041675 
121900.000000 -5052.000000 -0.041444 
122000.000000 -5012.000000 -0.041082 
122100.000000 -5006.000000 -0.040999 
122200.000000 -4916.000000 -0.040229 
122300.000000 -4926.000000 -0.040278 
122400.000000 -4880.000000 -0.039869 
122500.000000 -4848.000000 -0.039576 
122600.000000 -4780.000000 -0.038989 
122700.000000 -4688.000000 -0.038207 
122800.000000 -4632.000000 -0.037720 
122900.000000 -4618.000000 -0.037575 
123000.000000 -4524.000000 -0.036780 
123100.000000 -4448.000000 -0.036133 
123200.000000 -4358.000000 -0.035373 
123300.000000 -4324.000000 -0.035069 
123400.000000 -4286.000000 -0.034733 
123500.000000 -4272.000000 -0.034591 
123600.000000 -4232.000000 -0.034239 
123700.000000 -4230.000000 -0.034196 
123800.000000 -4218.000000 -0.034071 
123900.000000 -4208.000000 -0.033963 
124000.000000 -4226.000000 -0.034081 
124100.000000 -4222.000000 -0.034021 
124200.000000 -4258.000000 -0.034283 
124300.000000 -4320.000000 -0.034755 
124400.000000 -4344.000000 -0.034920 
124500.000000 -4326.000000 -0.034747 
124600.000000 -4296.000000 -0.034478 
124700.000000 -4322.000000 -0.034659 
124800.000000 -4266.000000 -0.034183 
124900.000000 -4174.000000 -0.033419 
125000.000000 -4134.000000 -0.033072 
125100.000000 -4076.000000 -0.032582 
125200.000000 -4042.000000 -0.032284 
125300.000000 -3994.000000 -0.031875 
125400.000000 -3926.000000 -0.031308 
125500.000000 -3852.000000 -0.030693 
125600.000000 -3828.000000 -0.030478 
125700.000000 -3814.000000 -0.030342 
125800.000000 -3828.000000 -0.030429 
125900.000000 -3768.000000 -0.029929 
126000.000000 -3706.000000 -0.029413 
126100.000000 -3664.000000 -0.029056 
126200.000000 -3672.000000 -0.029097 
126300.000000 -3630.000000 -0.028741 
126400.000000 -3630.000000 -0.028718 
126500.000000 -3608.000000 -0.028522 
126600.000000 -3524.000000 -0.027836 
126700.000000 -3548.000000 -0.028003 
126800.000000 -3518.000000 -0.027744 
126900.000000 -3572.000000 -0.028148 
127000.000000 -3538.000000 -0.027858 
127100.000000 -3494.000000 -0.027490 
127200.000000 -3444.000000 -0.027075 
127300.000000 -3424.000000 -0.026897 
127400.000000 -3352.000000 -0.026311 
127500.000000 -3382.000000 -0.026525 
127600.000000 -3360.000000 -0.026332 
127700.000000 -3350.000000 -0.026233 
127800.000000 -3330.000000 -0.026056 
127900.000000 -3324.000000 -0.025989 
128000.000000 -3312.000000 -0.025875 
128100.000000 -3324.000000 -0.025948 
128200.000000 -3350.000000 -0.026131 
128300.000000 -3318.000000 -0.025861 
128400.000000 -3268.000000 -0.025452 
128500.000000 -3218.000000 -0.025043 
128600.000000 -3170.000000 -0.024650 
128700.000000 -3168.000000 -0.024615 
128800.000000 -3158.000000 -0.024519 
128900.000000 -3152.000000 -0.024453 
129000.000000 -3098.000000 -0.024016 
129100.000000 -3108.000000 -0.024074 
129200.000000 -3092.000000 -0.023932 
129300.000000 -3112.000000 -0.024068 
129400.000000 -3098.000000 -0.023941 
129500.000000 -3056.000000 -0.023598 
129600.000000 -3006.000000 -0.023194 
129700.000000 -2964.000000 -0.022853 
129800.000000 -2934.000000 -0.022604 
129900.000000 -2936.000000 -0.022602 
130000.000000 -2902.000000 -0.022323 
130100.000000 -2856.000000 -0.021952 
130200.000000 -2828.000000 -0.021720 
130300.000000 -2762.000000 -0.021197 
130400.000000 -2700.000000 -0.020706 
130500.000000 -2692.000000 -0.020628 
130600.000000 -2628.000000 -0.020123 
130700.000000 -2634.000000 -0.020153 
130800.000000 -2574.000000 -0.019679 
130900.000000 -2514.000000 -0.019206 
131000.000000 -2498.000000 -0.019069 
131100.000000 -2454.000000 -0.018719 
131200.000000 -2408.000000 -0.018354 
131300.000000 -2426.000000 -0.018477 
131400.000000 -2446.000000 -0.018615 
131500.000000 -2414.000000 -0.018357 
131600.000000 -2420.000000 -0.018389 
131700.000000 -2446.000000 -0.018573 
131800.000000 -2384.000000 -0.018088 
131900.000000 -2388.000000 -0.018105 
132000.000000 -2422.000000 -0.018348 
132100.000000 -2338.000000 -0.017699 
132200.000000 -2284.000000 -0.017277 
132300.000000 -2224.000000 -0.016810 
132400.000000 -2170.000000 -0.016390 
132500.000000 -2186.000000 -0.016498 
132600.000000 -2152.000000 -0.016229 
132700.000000 -2090.000000 -0.015750 
132800.000000 -2104.000000 -0.015843 
132900.000000 -2064.000000 -0.015530 
133000.000000 -2056.000000 -0.015459 
133100.000000 -2030.000000 -0.015252 
133200.000000 -1944.000000 -0.014595 
133300.000000 -1890.000000 -0.014179 
133400.000000 -1856.000000 -0.013913 
133500.000000 -1850.000000 -0.013858 
133600.000000 -1840.000000 -0.013772 
133700.000000 -1818.000000 -0.013598 
133800.000000 -1766.000000 -0.013199 
133900.000000 -1690.000000 -0.012621 
134000.000000 -1596.000000 -0.011910 
134100.000000 -1600.000000 -0.011931 
134200.000000 -1612.000000 -0.012012 
134300.000000 -1610.000000 -0.011988 
134400.000000 -1510.000000 -0.011235 
134500.000000 -1540.000000 -0.011450 
134600.000000 -1504.000000 -0.011174 
134700.000000 -1448.000000 -0.010750 
134800.000000 -1382.000000 -0.010252 
134900.000000 -1312.000000 -0.009726 
135000.000000 -1212.000000 -0.008978 
135100.000000 -1176.000000 -0.008705 
135200.000000 -1120.000000 -0.008284 
135300.000000 -1096.000000 -0.008101 
135400.000000 -1086.000000 -0.008021 
135500.000000 -1090.000000 -0.008044 
135600.000000 -1040.000000 -0.007670 
135700.000000 -966.000000 -0.007119 
135800.000000 -932.000000 -0.006863 
135900.000000 -902.000000 -0.006637 
136000.000000 -876.000000 -0.006441 
136100.000000 -818.000000 -0.006010 
136200.000000 -730.000000 -0.005360 
136300.000000 -698.000000 -0.005121 
136400.000000 -644.000000 -0.004721 
136500.000000 -602.000000 -0.004410 
136600.000000 -534.000000 -0.003909 
136700.000000 -452.000000 -0.003307 
136800.000000 -476.000000 -0.003480 
136900.000000 -444.000000 -0.003243 
137000.000000 -384.000000 -0.002803 
137100.000000 -340.000000 -0.002480 
137200.000000 -294.000000 -0.002143 
137300.000000 -310.000000 -0.002258 
137400.000000 -268.000000 -0.001951 
137500.000000 -226.000000 -0.001644 
137600.000000 -188.000000 -0.001366 
137700.000000 -198.000000 -0.001438 
137800.000000 -194.000000 -0.001408 
137900.000000 -214.000000 -0.001552 
138000.000000 -148.000000 -0.001072 
138100.000000 -94.000000 -0.000681 
138200.000000 -80.000000 -0.000579 
138300.000000 -126.000000 -0.000911 
138400.000000 -86.000000 -0.000621 
138500.000000 -30.000000 -0.000217 
138600.000000 12.000000 0.000087 
138700.000000 76.000000 0.000548 
138800.000000 110.000000 0.000793 
138900.000000 110.000000 0.000792 
139000.000000 186.000000 0.001338 
139100.000000 220.000000 0.001582 
139200.000000 214.000000 0.001537 
139300.000000 242.000000 0.001737 
139400.000000 280.000000 0.002009 
139500.000000 350.000000 0.002509 
139600.000000 422.000000 0.003023 
139700.000000 476.000000 0.003407 
139800.000000 534.000000 0.003820 
139900.000000 576.000000 0.004117 
140000.000000 572.000000 0.004086 
140100.000000 632.000000 0.004511 
140200.000000 696.000000 0.004964 
140300.000000 770.000000 0.005488 
140400.000000 870.000000 0.006197 
140500.000000 900.000000 0.006406 
140600.000000 918.000000 0.006529 
140700.000000 950.000000 0.006752 
140800.000000 1022.000000 0.007259 
140900.000000 1084.000000 0.007693 
141000.000000 1154.000000 0.008184 
141100.000000 1170.000000 0.008292 
141200.000000 1206.000000 0.008541 
141300.000000 1186.000000 0.008393 
141400.000000 1256.000000 0.008883 
141500.000000 1308.000000 0.009244 
141600.000000 1340.000000 0.009463 
141700.000000 1360.000000 0.009598 
141800.000000 1382.000000 0.009746 
141900.000000 1418.000000 0.009993 
142000.000000 1460.000000 0.010282 
142100.000000 1468.000000 0.010331 
142200.000000 1540.000000 0.010830 
142300.000000 1554.000000 0.010921 
142400.000000 1568.000000 0.011011 
142500.000000 1630.000000 0.011439 
142600.000000 1638.000000 0.011487 
142700.000000 1642.000000 0.011507 
142800.000000 1672.000000 0.011709 
142900.000000 1666.000000 0.011659 
143000.000000 1682.000000 0.011762 
143100.000000 1682.000000 0.011754 
143200.000000 1654.000000 0.011550 
143300.000000 1714.000000 0.011961 
143400.000000 1794.000000 0.012510 
143500.000000 1834.000000 0.012780 
143600.000000 1800.000000 0.012535 
143700.000000 1764.000000 0.012276 
143800.000000 1836.000000 0.012768 
143900.000000 1818.000000 0.012634 
144000.000000 1858.000000 0.012903 
144100.000000 1844.000000 0.012797 
144200.000000 1836.000000 0.012732 
144300.000000 1882.000000 0.013042 
144400.000000 1906.000000 0.013199 
144500.000000 1968.000000 0.013619 
144600.000000 2024.000000 0.013997 
144700.000000 2094.000000 0.014471 
144800.000000 2072.000000 0.014309 
144900.000000 2080.000000 0.014355 
145000.000000 2130.000000 0.014690 
145100.000000 2192.000000 0.015107 
145200.000000 2188.000000 0.015069 
145300.000000 2216.000000 0.015251 
145400.000000 2262.000000 0.015557 
145500.000000 2292.000000 0.015753 
145600.000000 2354.000000 0.016168 
145700.000000 2454.000000 0.016843 
145800.000000 2530.000000 0.017353 
145900.000000 2554.000000 0.017505 
146000.000000 2544.000000 0.017425 
146100.000000 2540.000000 0.017385 
146200.000000 2562.000000 0.017524 
146300.000000 2604.000000 0.017799 
146400.000000 2622.000000 0.017910 
146500.000000 2658.000000 0.018143 
146600.000000 2724.000000 0.018581 
146700.000000 2680.000000 0.018269 
146800.000000 2676.000000 0.018229 
146900.000000 2704.000000 0.018407 
147000.000000 2784.000000 0.018939 
147100.000000 2816.000000 0.019143 
147200.000000 2804.000000 0.019049 
147300.000000 2796.000000 0.018982 
147400.000000 2812.000000 0.019077 
147500.000000 2894.000000 0.019620 
147600.000000 2968.000000 0.020108 
147700.000000 2922.000000 0.019783 
147800.000000 2916.000000 0.019729 
147900.000000 2900.000000 0.019608 
148000.000000 2934.000000 0.019824 
148100.000000 2930.000000 0.019784 
148200.000000 2964.000000 0.020000 
148300.000000 3014.000000 0.020324 
148400.000000 3078.000000 0.020741 
148500.000000 3116.000000 0.020983 
148600.000000 3188.000000 0.021454 
148700.000000 3224.000000 0.021681 
148800.000000 3198.000000 0.021492 
148900.000000 3272.000000 0.021974 
149000.000000 3278.000000 0.022000 
149100.000000 3284.000000 0.022025 
149200.000000 3286.000000 0.022024 
149300.000000 3332.000000 0.022317 
149400.000000 3340.000000 0.022356 
149500.000000 3348.000000 0.022395 
149600.000000 3428.000000 0.022914 
149700.000000 3468.000000 0.023166 
149800.000000 3490.000000 0.023298 
149900.000000 3580.000000 0.023883 
150000.000000 3596.000000 0.023973 
150100.000000 3646.000000 0.024290 
150200.000000 3658.000000 0.024354 
150300.000000 3738.000000 0.024870 
150400.000000 3744.000000 0.024894 
150500.000000 3800.000000 0.025249 
150600.000000 3832.000000 0.025445 
150700.000000 3848.000000 0.025534 
150800.000000 3902.000000 0.025875 
150900.000000 3918.000000 0.025964 
151000.000000 3866.000000 0.025603 
151100.000000 3816.000000 0.025255 
151200.000000 3856.000000 0.025503 
151300.000000 3956.000000 0.026147 
151400.000000 3984.000000 0.026314 
151500.000000 4056.000000 0.026772 
151600.000000 4056.000000 0.026755 
151700.000000 4008.000000 0.026421 
151800.000000 4016.000000 0.026456 
151900.000000 4042.000000 0.026610 
152000.000000 4020.000000 0.026447 
152100.000000 4066.000000 0.026732 
152200.000000 4068.000000 0.026728 
152300.000000 4080.000000 0.026789 
152400.000000 4066.000000 0.026680 
152500.000000 4094.000000 0.026846 
152600.000000 4124.000000 0.027025 
152700.000000 4166.000000 0.027282 
152800.000000 4200.000000 0.027487 
152900.000000 4224.000000 0.027626 
153000.000000 4182.000000 0.027333 
153100.000000 4202.000000 0.027446 
153200.000000 4168.000000 0.027206 
153300.000000 4144.000000 0.027032 
153400.000000 4182.000000 0.027262 
153500.000000 4210.000000 0.027427 
153600.000000 4230.000000 0.027539 
153700.000000 4288.000000 0.027899 
153800.000000 4362.000000 0.028362 
153900.000000 4388.000000 0.028512 
154000.000000 4386.000000 0.028481 
154100.000000 4428.000000 0.028735 
154200.000000 4442.000000 0.028807 
154300.000000 4436.000000 0.028749 
154400.000000 4456.000000 0.028860 
154500.000000 4498.000000 0.029113 
154600.000000 4510.000000 0.029172 
154700.000000 4568.000000 0.029528 
154800.000000 4582.000000 0.029599 
154900.000000 4590.000000 0.029632 
155000.000000 4628.000000 0.029858 
155100.000000 4638.000000 0.029903 
155200.000000 4610.000000 0.029704 
155300.000000 4628.000000 0.029800 
155400.000000 4626.000000 0.029768 
155500.000000 4712.000000 0.030302 
155600.000000 4756.000000 0.030566 
155700.000000 4802.000000 0.030841 
155800.000000 4798.000000 0.030796 
155900.000000 4896.000000 0.031405 
156000.000000 4948.000000 0.031718 
156100.000000 5008.000000 0.032082 
156200.000000 5082.000000 0.032535 
156300.000000 5138.000000 0.032873 
156400.000000 5164.000000 0.033018 
156500.000000 5158.000000 0.032958 
156600.000000 5214.000000 0.033295 
156700.000000 5236.000000 0.033414 
156800.000000 5312.000000 0.033878 
156900.000000 5372.000000 0.034238 
157000.000000 5360.000000 0.034140 
157100.000000 5338.000000 0.033978 
157200.000000 5322.000000 0.033855 
157300.000000 5366.000000 0.034113 
157400.000000 5424.000000 0.034460 
157500.000000 5424.000000 0.034438 
157600.000000 5424.000000 0.034416 
157700.000000 5502.000000 0.034889 
157800.000000 5494.000000 0.034816 
157900.000000 5478.000000 0.034693 
158000.000000 5476.000000 0.034658 
158100.000000 5432.000000 0.034358 
158200.000000 5444.000000 0.034412 
158300.000000 5512.000000 0.034820 
158400.000000 5486.000000 0.034634 
158500.000000 5526.000000 0.034864 
158600.000000 5514.000000 0.034767 
158700.000000 5512.000000 0.034732 
158800.000000 5508.000000 0.034685 
158900.000000 5498.000000 0.034600 
159000.000000 5500.000000 0.034591 
159100.000000 5538.000000 0.034808 
159200.000000 5572.000000 0.035000 
159300.000000 5512.000000 0.034601 
159400.000000 5542.000000 0.034768 
159500.000000 5626.000000 0.035273 
159600.000000 5694.000000 0.035677 
159700.000000 5690.000000 0.035629 
159800.000000 5720.000000 0.035795 
159900.000000 5732.000000 0.035847 
160000.000000 5824.000000 0.036400 
160100.000000 5856.000000 0.036577 
160200.000000 5756.000000 0.035930 
160300.000000 5692.000000 0.035508 
160400.000000 5700.000000 0.035536 
160500.000000 5636.000000 0.035115 
160600.000000 5704.000000 0.035517 
160700.000000 5772.000000 0.035918 
160800.000000 5736.000000 0.035672 
160900.000000 5796.000000 0.036022 
161000.000000 5854.000000 0.036360 
161100.000000 5908.000000 0.036673 
161200.000000 5900.000000 0.036600 
161300.000000 5922.000000 0.036714 
161400.000000 5954.000000 0.036890 
161500.000000 5892.000000 0.036483 
161600.000000 5858.000000 0.036250 
161700.000000 5846.000000 0.036153 
161800.000000 5880.000000 0.036341 
161900.000000 5880.000000 0.036319 
162000.000000 5980.000000 0.036914 
162100.000000 6026.000000 0.037175 
162200.000000 6082.000000 0.037497 
162300.000000 6104.000000 0.037609 
162400.000000 6196.000000 0.038153 
162500.000000 6244.000000 0.038425 
162600.000000 6266.000000 0.038536 
162700.000000 6244.000000 0.038377 
162800.000000 6302.000000 0.038710 
162900.000000 6344.000000 0.038944 
163000.000000 6362.000000 0.039031 
163100.000000 6394.000000 0.039203 
163200.000000 6406.000000 0.039252 
163300.000000 6460.000000 0.039559 
163400.000000 6520.000000 0.039902 
163500.000000 6538.000000 0.039988 
163600.000000 6616.000000 0.040440 
163700.000000 6578.000000 0.040183 
163800.000000 6610.000000 0.040354 
163900.000000 6694.000000 0.040842 
164000.000000 6734.000000 0.041061 
164100.000000 6778.000000 0.041304 
164200.000000 6848.000000 0.041705 
164300.000000 6896.000000 0.041972 
164400.000000 6978.000000 0.042445 
164500.000000 7014.000000 0.042638 
164600.000000 6998.000000 0.042515 
164700.000000 7042.000000 0.042757 
164800.000000 7094.000000 0.043046 
164900.000000 7162.000000 0.043432 
165000.000000 7210.000000 0.043697 
165100.000000 7266.000000 0.044010 
165200.000000 7294.000000 0.044153 
165300.000000 7364.000000 0.044549 
165400.000000 7414.000000 0.044825 
165500.000000 7480.000000 0.045196 
165600.000000 7540.000000 0.045531 
165700.000000 7590.000000 0.045806 
165800.000000 7568.000000 0.045645 
165900.000000 7562.000000 0.045582 
166000.000000 7618.000000 0.045892 
166100.000000 7586.000000 0.045671 
166200.000000 7618.000000 0.045836 
166300.000000 7602.000000 0.045713 
166400.000000 7656.000000 0.046010 
166500.000000 7716.000000 0.046342 
166600.000000 7736.000000 0.046435 
166700.000000 7794.000000 0.046755 
166800.000000 7830.000000 0.046942 
166900.000000 7884.000000 0.047238 
167000.000000 7892.000000 0.047257 
167100.000000 7912.000000 0.047349 
167200.000000 7812.000000 0.046722 
167300.000000 7712.000000 0.046097 
167400.000000 7764.000000 0.046380 
167500.000000 7776.000000 0.046424 
167600.000000 7806.000000 0.046575 
167700.000000 7852.000000 0.046822 
167800.000000 7916.000000 0.047175 
167900.000000 7914.000000 0.047135 
168000.000000 7922.000000 0.047155 
168100.000000 7920.000000 0.047115 
168200.000000 7904.000000 0.046992 
168300.000000 7956.000000 0.047273 
168400.000000 8034.000000 0.047708 
168500.000000 8110.000000 0.048131 
168600.000000 8132.000000 0.048233 
168700.000000 8196.000000 0.048583 
168800.000000 8258.000000 0.048922 
168900.000000 8214.000000 0.048632 
169000.000000 8304.000000 0.049136 
169100.000000 8312.000000 0.049154 
169200.000000 8268.000000 0.048865 
169300.000000 8258.000000 0.048777 
169400.000000 8224.000000 0.048548 
169500.000000 8270.000000 0.048791 
169600.000000 8248.000000 0.048632 
169700.000000 8304.000000 0.048933 
169800.000000 8310.000000 0.048940 
169900.000000 8320.000000 0.048970 
170000.000000 8306.000000 0.048859 
170100.000000 8348.000000 0.049077 
170200.000000 8432.000000 0.049542 
170300.000000 8432.000000 0.049513 
170400.000000 8486.000000 0.049800 
170500.000000 8490.000000 0.049795 
170600.000000 8530.000000 0.050000 
170700.000000 8546.000000 0.050064 
170800.000000 8548.000000 0.050047 
170900.000000 8620.000000 0.050439 
171000.000000 8676.000000 0.050737 
171100.000000 8758.000000 0.051186 
171200.000000 8762.000000 0.051180 
171300.000000 8740.000000 0.051022 
171400.000000 8770.000000 0.051167 
171500.000000 8806.000000 0.051347 
171600.000000 8872.000000 0.051702 
171700.000000 8922.000000 0.051963 
171800.000000 8972.000000 0.052224 
171900.000000 8946.000000 0.052042 
172000.000000 8936.000000 0.051953 
172100.000000 8962.000000 0.052074 
172200.000000 8972.000000 0.052102 
172300.000000 8998.000000 0.052223 
172400.000000 9012.000000 0.052274 
172500.000000 9052.000000 0.052475 
172600.000000 9052.000000 0.052445 
172700.000000 9094.000000 0.052658 
172800.000000 9094.000000 0.052627 
172900.000000 9180.000000 0.053094 
173000.000000 9234.000000 0.053376 
173100.000000 9266.000000 0.053530 
173200.000000 9312.000000 0.053764 
173300.000000 9336.000000 0.053872 
173400.000000 9376.000000 0.054072 
173500.000000 9368.000000 0.053994 
173600.000000 9442.000000 0.054389 
173700.000000 9394.000000 0.054082 
173800.000000 9400.000000 0.054085 
173900.000000 9456.000000 0.054376 
174000.000000 9500.000000 0.054598 
174100.000000 9518.000000 0.054670 
174200.000000 9606.000000 0.055144 
174300.000000 9650.000000 0.055364 
174400.000000 9642.000000 0.055287 
174500.000000 9602.000000 0.055026 
174600.000000 9614.000000 0.055063 
174700.000000 9588.000000 0.054883 
174800.000000 9640.000000 0.055149 
174900.000000 9642.000000 0.055129 
175000.000000 9624.000000 0.054994 
175100.000000 9624.000000 0.054963 
175200.000000 9700.000000 0.055365 
175300.000000 9718.000000 0.055436 
175400.000000 9722.000000 0.055428 
175500.000000 9762.000000 0.055624 
175600.000000 9788.000000 0.055740 
175700.000000 9784.000000 0.055686 
175800.000000 9766.000000 0.055552 
175900.000000 9788.000000 0.055645 
176000.000000 9844.000000 0.055932 
176100.000000 9894.000000 0.056184 
176200.000000 9928.000000 0.056345 
176300.000000 9962.000000 0.056506 
176400.000000 10018.000000 0.056791 
176500.000000 10088.000000 0.057156 
176600.000000 10164.000000 0.057554 
176700.000000 10196.000000 0.057702 
176800.000000 10188.000000 0.057624 
176900.000000 10182.000000 0.057558 
177000.000000 10244.000000 0.057876 
177100.000000 10290.000000 0.058103 
177200.000000 10328.000000 0.058284 
177300.000000 10286.000000 0.058015 
177400.000000 10284.000000 0.057971 
177500.000000 10372.000000 0.058434 
177600.000000 10392.000000 0.058514 
177700.000000 10382.000000 0.058424 
177800.000000 10412.000000 0.058560 
177900.000000 10436.000000 0.058662 
178000.000000 10492.000000 0.058944 
178100.000000 10488.000000 0.058888 
178200.000000 10540.000000 0.059147 
178300.000000 10606.000000 0.059484 
178400.000000 10632.000000 0.059596 
178500.000000 10662.000000 0.059731 
178600.000000 10734.000000 0.060101 
178700.000000 10738.000000 0.060090 
178800.000000 10792.000000 0.060358 
178900.000000 10778.000000 0.060246 
179000.000000 10852.000000 0.060626 
179100.000000 10924.000000 0.060994 
179200.000000 10914.000000 0.060904 
179300.000000 10888.000000 0.060725 
179400.000000 10892.000000 0.060713 
179500.000000 10990.000000 0.061226 
179600.000000 11036.000000 0.061448 
179700.000000 11008.000000 0.061258 
179800.000000 11074.000000 0.061591 
179900.000000 11066.000000 0.061512 
180000.000000 11108.000000 0.061711 
180100.000000 11100.000000 0.061632 
180200.000000 11178.000000 0.062031 
180300.000000 11194.000000 0.062085 
180400.000000 11222.000000 0.062206 
180500.000000 11196.000000 0.062028 
180600.000000 11184.000000 0.061927 
180700.000000 11162.000000 0.061771 
180800.000000 11168.000000 0.061770 
180900.000000 11178.000000 0.061791 
181000.000000 11198.000000 0.061867 
181100.000000 11232.000000 0.062021 
181200.000000 11322.000000 0.062483 
181300.000000 11390.000000 0.062824 
181400.000000 11414.000000 0.062922 
181500.000000 11452.000000 0.063096 
181600.000000 11516.000000 0.063414 
181700.000000 11540.000000 0.063511 
181800.000000 11596.000000 0.063784 
181900.000000 11574.000000 0.063628 
182000.000000 11624.000000 0.063868 
182100.000000 11612.000000 0.063767 
182200.000000 11568.000000 0.063491 
182300.000000 11564.000000 0.063434 
182400.000000 11612.000000 0.063662 
182500.000000 11650.000000 0.063836 
182600.000000 11658.000000 0.063844 
182700.000000 11722.000000 0.064160 
182800.000000 11742.000000 0.064234 
182900.000000 11784.000000 0.064429 
183000.000000 11880.000000 0.064918 
183100.000000 11888.000000 0.064926 
183200.000000 11862.000000 0.064749 
183300.000000 11858.000000 0.064692 
183400.000000 11912.000000 0.064951 
183500.000000 11918.000000 0.064948 
183600.000000 11952.000000 0.065098 
183700.000000 12024.000000 0.065455 
183800.000000 12042.000000 0.065517 
183900.000000 12104.000000 0.065818 
184000.000000 12190.000000 0.066250 
184100.000000 12238.000000 0.066475 
184200.000000 12182.000000 0.066135 
184300.000000 12216.000000 0.066283 
184400.000000 12254.000000 0.066453 
184500.000000 12294.000000 0.066634 
184600.000000 12338.000000 0.066836 
184700.000000 12382.000000 0.067038 
184800.000000 12404.000000 0.067121 
184900.000000 12400.000000 0.067063 
185000.000000 12418.000000 0.067124 
185100.000000 12430.000000 0.067153 
185200.000000 12466.000000 0.067311 
185300.000000 12536.000000 0.067652 
185400.000000 12530.000000 0.067584 
185500.000000 12556.000000 0.067687 
185600.000000 12604.000000 0.067909 
185700.000000 12684.000000 0.068304 
185800.000000 12696.000000 0.068332 
185900.000000 12772.000000 0.068704 
186000.000000 12742.000000 0.068505 
186100.000000 12742.000000 0.068469 
186200.000000 12736.000000 0.068400 
186300.000000 12808.000000 0.068749 
186400.000000 12856.000000 0.068970 
186500.000000 12892.000000 0.069126 
186600.000000 12918.000000 0.069228 
186700.000000 12862.000000 0.068891 
186800.000000 12898.000000 0.069047 
186900.000000 12886.000000 0.068946 
187000.000000 12932.000000 0.069155 
187100.000000 12994.000000 0.069449 
187200.000000 13042.000000 0.069669 
187300.000000 13082.000000 0.069845 
187400.000000 13144.000000 0.070139 
187500.000000 13098.000000 0.069856 
187600.000000 13168.000000 0.070192 
187700.000000 13208.000000 0.070368 
187800.000000 13232.000000 0.070458 
187900.000000 13292.000000 0.070740 
188000.000000 13380.000000 0.071170 
188100.000000 13444.000000 0.071473 
188200.000000 13476.000000 0.071605 
188300.000000 13542.000000 0.071917 
188400.000000 13558.000000 0.071964 
188500.000000 13608.000000 0.072191 
188600.000000 13606.000000 0.072142 
188700.000000 13598.000000 0.072061 
188800.000000 13668.000000 0.072394 
188900.000000 13636.000000 0.072186 
189000.000000 13648.000000 0.072212 
189100.000000 13708.000000 0.072491 
189200.000000 13732.000000 0.072579 
189300.000000 13748.000000 0.072625 
189400.000000 13760.000000 0.072650 
189500.000000 13850.000000 0.073087 
189600.000000 13882.000000 0.073217 
189700.000000 13850.000000 0.073010 
189800.000000 13878.000000 0.073119 
189900.000000 13938.000000 0.073397 
190000.000000 14034.000000 0.073863 
190100.000000 13992.000000 0.073603 
190200.000000 14004.000000 0.073628 
190300.000000 14048.000000 0.073820 
190400.000000 14082.000000 0.073960 
190500.000000 14088.000000 0.073953 
190600.000000 14182.000000 0.074407 
190700.000000 14234.000000 0.074641 
190800.000000 14290.000000 0.074895 
190900.000000 14306.000000 0.074940 
191000.000000 14330.000000 0.075026 
191100.000000 14334.000000 0.075008 
191200.000000 14344.000000 0.075021 
191300.000000 14334.000000 0.074929 
191400.000000 14358.000000 0.075016 
191500.000000 14382.000000 0.075102 
191600.000000 14442.000000 0.075376 
191700.000000 14536.000000 0.075827 
191800.000000 14594.000000 0.076090 
191900.000000 14616.000000 0.076165 
192000.000000 14670.000000 0.076406 
192100.000000 14696.000000 0.076502 
192200.000000 14688.000000 0.076420 
192300.000000 14668.000000 0.076277 
192400.000000 14744.000000 0.076632 
192500.000000 14778.000000 0.076769 
192600.000000 14814.000000 0.076916 
192700.000000 14852.000000 0.077073 
192800.000000 14890.000000 0.077230 
192900.000000 14898.000000 0.077232 
193000.000000 14932.000000 0.077368 
193100.000000 15012.000000 0.077742 
193200.000000 15018.000000 0.077733 
193300.000000 15010.000000 0.077651 
193400.000000 15068.000000 0.077911 
193500.000000 15096.000000 0.078016 
193600.000000 15132.000000 0.078161 
193700.000000 15170.000000 0.078317 
193800.000000 15238.000000 0.078627 
193900.000000 15244.000000 0.078618 
194000.000000 15228.000000 0.078495 
194100.000000 15206.000000 0.078341 
194200.000000 15204.000000 0.078290 
194300.000000 15288.000000 0.078682 
194400.000000 15354.000000 0.078981 
194500.000000 15328.000000 0.078807 
194600.000000 15340.000000 0.078828 
194700.000000 15388.000000 0.079034 
194800.000000 15398.000000 0.079045 
194900.000000 15444.000000 0.079241 
195000.000000 15530.000000 0.079641 
195100.000000 15540.000000 0.079651 
195200.000000 15564.000000 0.079734 
195300.000000 15578.000000 0.079764 
195400.000000 15588.000000 0.079775 
195500.000000 15588.000000 0.079734 
195600.000000 15586.000000 0.079683 
195700.000000 15648.000000 0.079959 
195800.000000 15670.000000 0.080031 
195900.000000 15706.000000 0.080174 
196000.000000 15698.000000 0.080092 
196100.000000 15698.000000 0.080051 
196200.000000 15758.000000 0.080316 
196300.000000 15774.000000 0.080357 
196400.000000 15822.000000 0.080560 
196500.000000 15830.000000 0.080560 
196600.000000 15844.000000 0.080590 
196700.000000 15886.000000 0.080763 
196800.000000 15948.000000 0.081037 
196900.000000 16010.000000 0.081310 
197000.000000 16002.000000 0.081228 
197100.000000 16074.000000 0.081553 
197200.000000 16164.000000 0.081968 
197300.000000 16234.000000 0.082281 
197400.000000 16258.000000 0.082361 
197500.000000 16280.000000 0.082430 
197600.000000 16304.000000 0.082510 
197700.000000 16366.000000 0.082782 
197800.000000 16366.000000 0.082740 
197900.000000 16354.000000 0.082638 
198000.000000 16378.000000 0.082717 
198100.000000 16360.000000 0.082585 
198200.000000 16422.000000 0.082856 
198300.000000 16442.000000 0.082915 
198400.000000 16496.000000 0.083145 
198500.000000 16516.000000 0.083204 
198600.000000 16590.000000 0.083535 
198700.000000 16646.000000 0.083775 
198800.000000 16656.000000 0.083783 
198900.000000 16692.000000 0.083922 
199000.000000 16696.000000 0.083899 
199100.000000 16748.000000 0.084119 
199200.000000 16706.000000 0.083865 
199300.000000 16762.000000 0.084104 
199400.000000 16780.000000 0.084152 
199500.000000 16848.000000 0.084451 
199600.000000 16858.000000 0.084459 
199700.000000 16860.000000 0.084427 
199800.000000 16872.000000 0.084444 
199900.000000 16910.000000 0.084592 
200000.000000 16974.000000 0.084870 
