100.000000 -58.000000 -0.580000 
200.000000 -112.000000 -0.560000 
300.000000 -172.000000 -0.573333 
400.000000 -226.000000 -0.565000 
500.000000 -306.000000 -0.612000 
600.000000 -392.000000 -0.653333 
700.000000 -400.000000 -0.571429 
800.000000 -430.000000 -0.537500 
900.000000 -476.000000 -0.528889 
1000.000000 -576.000000 -0.576000 
1100.000000 -656.000000 -0.596364 
1200.000000 -756.000000 -0.630000 
1300.000000 -836.000000 -0.643077 
1400.000000 -868.000000 -0.620000 
1500.000000 -888.000000 -0.592000 
1600.000000 -856.000000 -0.535000 
1700.000000 -900.000000 -0.529412 
1800.000000 -940.000000 -0.522222 
1900.000000 -1014.000000 -0.533684 
2000.000000 -1072.000000 -0.536000 
2100.000000 -1158.000000 -0.551429 
2200.000000 -1240.000000 -0.563636 
2300.000000 -1340.000000 -0.582609 
2400.000000 -1428.000000 -0.595000 
2500.000000 -1528.000000 -0.611200 
2600.000000 -1574.000000 -0.605385 
2700.000000 -1624.000000 -0.601481 
2800.000000 -1658.000000 -0.592143 
2900.000000 -1732.000000 -0.597241 
3000.000000 -1818.000000 -0.606000 
3100.000000 -1918.000000 -0.618710 
3200.000000 -1992.000000 -0.622500 
3300.000000 -2086.000000 -0.632121 
3400.000000 -2176.000000 -0.640000 
3500.000000 -2084.000000 -0.595429 
3600.000000 -2122.000000 -0.589444 
3700.000000 -2186.000000 -0.590811 
3800.000000 -2246.000000 -0.591053 
3900.000000 -2308.000000 -0.591795 
4000.000000 -2306.000000 -0.576500 
4100.000000 -2340.000000 -0.570732 
4200.000000 -2364.000000 -0.562857 
4300.000000 -2464.000000 -0.573023 
4400.000000 -2512.000000 -0.570909 
4500.000000 -2612.000000 -0.580444 
4600.000000 -2712.000000 -0.589565 
4700.000000 -2778.000000 -0.591064 
4800.000000 -2800.000000 -0.583333 
4900.000000 -2802.000000 -0.571837 
5000.000000 -2902.000000 -0.580400 
5100.000000 -2884.000000 -0.565490 
5200.000000 -2984.000000 -0.573846 
5300.000000 -3084.000000 -0.581887 
5400.000000 -3184.000000 -0.589630 
5500.000000 -3284.000000 -0.597091 
5600.000000 -3322.000000 -0.593214 
5700.000000 -3378.000000 -0.592632 
5800.000000 -3402.000000 -0.586552 
5900.000000 -3416.000000 -0.578983 
6000.000000 -3476.000000 -0.579333 
6100.000000 -3512.000000 -0.575738 
6200.000000 -3612.000000 -0.582581 
6300.000000 -3622.000000 -0.574921 
6400.000000 -3666.000000 -0.572812 
6500.000000 -3766.000000 -0.579385 
6600.000000 -3844.000000 -0.582424 
6700.000000 -3830.000000 -0.571642 
6800.000000 -3750.000000 -0.551471 
6900.000000 -3776.000000 -0.547246 
7000.000000 -3758.000000 -0.536857 
7100.000000 -3834.000000 -0.540000 
7200.000000 -3896.000000 -0.541111 
7300.000000 -3970.000000 -0.543836 
7400.000000 -3994.000000 -0.539730 
7500.000000 -4020.000000 -0.536000 
7600.000000 -4044.000000 -0.532105 
7700.000000 -4030.000000 -0.523377 
7800.000000 -3976.000000 -0.509744 
7900.000000 -4028.000000 -0.509873 
8000.000000 -3958.000000 -0.494750 
8100.000000 -4004.000000 -0.494321 
8200.000000 -4058.000000 -0.494878 
8300.000000 -3978.000000 -0.479277 
8400.000000 -3936.000000 -0.468571 
8500.000000 -4016.000000 -0.472471 
8600.000000 -3976.000000 -0.462326 
8700.000000 -4068.000000 -0.467586 
8800.000000 -4032.000000 -0.458182 
8900.000000 -4048.000000 -0.454831 
9000.000000 -3986.000000 -0.442889 
9100.000000 -3940.000000 -0.432967 
9200.000000 -3908.000000 -0.424783 
9300.000000 -3970.000000 -0.426882 
9400.000000 -3996.000000 -0.425106 
9500.000000 -4096.000000 -0.431158 
9600.000000 -4126.000000 -0.429792 
9700.000000 -4138.000000 -0.426598 
9800.000000 -4160.000000 -0.424490 
9900.000000 -4110.000000 -0.415152 
10000.000000 -4106.000000 -0.410600 
10100.000000 -4048.000000 -0.400792 
10200.000000 -4024.000000 -0.394510 
10300.000000 -3980.000000 -0.386408 
10400.000000 -3948.000000 -0.379615 
10500.000000 -3856.000000 -0.367238 
10600.000000 -3808.000000 -0.359245 
10700.000000 -3812.000000 -0.356262 
10800.000000 -3776.000000 -0.349630 
10900.000000 -3694.000000 -0.338899 
11000.000000 -3696.000000 -0.336000 
11100.000000 -3724.000000 -0.335496 
11200.000000 -3742.000000 -0.334107 
11300.000000 -3772.000000 -0.333805 
11400.000000 -3722.000000 -0.326491 
11500.000000 -3658.000000 -0.318087 
11600.000000 -3558.000000 -0.306724 
11700.000000 -3640.000000 -0.311111 
11800.000000 -3678.000000 -0.311695 
11900.000000 -3694.000000 -0.310420 
12000.000000 -3602.000000 -0.300167 
12100.000000 -3576.000000 -0.295537 
12200.000000 -3574.000000 -0.292951 
12300.000000 -3634.000000 -0.295447 
12400.000000 -3552.000000 -0.286452 
12500.000000 -3580.000000 -0.286400 
12600.000000 -3638.000000 -0.288730 
12700.000000 -3550.000000 -0.279528 
12800.000000 -3472.000000 -0.271250 
12900.000000 -3390.000000 -0.262791 
13000.000000 -3320.000000 -0.255385 
13100.000000 -3244.000000 -0.247634 
13200.000000 -3196.000000 -0.242121 
13300.000000 -3132.000000 -0.235489 
13400.000000 -3106.000000 -0.231791 
13500.000000 -3024.000000 -0.224000 
13600.000000 -2942.000000 -0.216324 
13700.000000 -2872.000000 -0.209635 
13800.000000 -2814.000000 -0.203913 
13900.000000 -2750.000000 -0.197842 
14000.000000 -2708.000000 -0.193429 
14100.000000 -2684.000000 -0.190355 
14200.000000 -2612.000000 -0.183944 
14300.000000 -2560.000000 -0.179021 
14400.000000 -2544.000000 -0.176667 
14500.000000 -2644.000000 -0.182345 
14600.000000 -2612.000000 -0.178904 
14700.000000 -2524.000000 -0.171701 
14800.000000 -2464.000000 -0.166486 
14900.000000 -2400.000000 -0.161074 
15000.000000 -2326.000000 -0.155067 
15100.000000 -2264.000000 -0.149934 
15200.000000 -2190.000000 -0.144079 
15300.000000 -2136.000000 -0.139608 
15400.000000 -2070.000000 -0.134416 
15500.000000 -2000.000000 -0.129032 
15600.000000 -1934.000000 -0.123974 
15700.000000 -1876.000000 -0.119490 
15800.000000 -1802.000000 -0.114051 
15900.000000 -1704.000000 -0.107170 
16000.000000 -1626.000000 -0.101625 
16100.000000 -1570.000000 -0.097516 
16200.000000 -1490.000000 -0.091975 
16300.000000 -1432.000000 -0.087853 
16400.000000 -1390.000000 -0.084756 
16500.000000 -1360.000000 -0.082424 
16600.000000 -1296.000000 -0.078072 
16700.000000 -1216.000000 -0.072814 
16800.000000 -1130.000000 -0.067262 
16900.000000 -1040.000000 -0.061538 
17000.000000 -948.000000 -0.055765 
17100.000000 -858.000000 -0.050175 
17200.000000 -786.000000 -0.045698 
17300.000000 -714.000000 -0.041272 
17400.000000 -648.000000 -0.037241 
17500.000000 -580.000000 -0.033143 
17600.000000 -498.000000 -0.028295 
17700.000000 -418.000000 -0.023616 
17800.000000 -326.000000 -0.018315 
17900.000000 -270.000000 -0.015084 
18000.000000 -176.000000 -0.009778 
18100.000000 -100.000000 -0.005525 
18200.000000 -22.000000 -0.001209 
18300.000000 68.000000 0.003716 
18400.000000 144.000000 0.007826 
18500.000000 226.000000 0.012216 
18600.000000 302.000000 0.016237 
18700.000000 394.000000 0.021070 
18800.000000 460.000000 0.024468 
18900.000000 496.000000 0.026243 
19000.000000 574.000000 0.030211 
19100.000000 636.000000 0.033298 
19200.000000 696.000000 0.036250 
19300.000000 772.000000 0.040000 
19400.000000 842.000000 0.043402 
19500.000000 916.000000 0.046974 
19600.000000 982.000000 0.050102 
19700.000000 1062.000000 0.053909 
19800.000000 1134.000000 0.057273 
19900.000000 1188.000000 0.059698 
20000.000000 1248.000000 0.062400 
20100.000000 1292.000000 0.064279 
20200.000000 1348.000000 0.066733 
20300.000000 1408.000000 0.069360 
20400.000000 1476.000000 0.072353 
20500.000000 1544.000000 0.075317 
20600.000000 1634.000000 0.079320 
20700.000000 1674.000000 0.080870 
20800.000000 1734.000000 0.083365 
20900.000000 1808.000000 0.086507 
21000.000000 1896.000000 0.090286 
21100.000000 1952.000000 0.092512 
21200.000000 2004.000000 0.094528 
21300.000000 2052.000000 0.096338 
21400.000000 2080.000000 0.097196 
21500.000000 2148.000000 0.099907 
21600.000000 2214.000000 0.102500 
21700.000000 2304.000000 0.106175 
21800.000000 2380.000000 0.109174 
21900.000000 2478.000000 0.113151 
22000.000000 2550.000000 0.115909 
22100.000000 2590.000000 0.117195 
22200.000000 2660.000000 0.119820 
22300.000000 2732.000000 0.122511 
22400.000000 2762.000000 0.123304 
22500.000000 2828.000000 0.125689 
22600.000000 2920.000000 0.129204 
22700.000000 2970.000000 0.130837 
22800.000000 3052.000000 0.133860 
22900.000000 3098.000000 0.135284 
23000.000000 3148.000000 0.136870 
23100.000000 3214.000000 0.139134 
23200.000000 3306.000000 0.142500 
23300.000000 3404.000000 0.146094 
23400.000000 3500.000000 0.149573 
23500.000000 3578.000000 0.152255 
23600.000000 3670.000000 0.155508 
23700.000000 3746.000000 0.158059 
23800.000000 3818.000000 0.160420 
23900.000000 3870.000000 0.161925 
24000.000000 3968.000000 0.165333 
24100.000000 4030.000000 0.167220 
24200.000000 4088.000000 0.168926 
24300.000000 4166.000000 0.171440 
24400.000000 4252.000000 0.174262 
24500.000000 4328.000000 0.176653 
24600.000000 4410.000000 0.179268 
24700.000000 4460.000000 0.180567 
24800.000000 4540.000000 0.183065 
24900.000000 4606.000000 0.184980 
25000.000000 4662.000000 0.186480 
25100.000000 4754.000000 0.189402 
25200.000000 4828.000000 0.191587 
25300.000000 4904.000000 0.193834 
25400.000000 4990.000000 0.196457 
25500.000000 5044.000000 0.197804 
25600.000000 5130.000000 0.200391 
25700.000000 5218.000000 0.203035 
25800.000000 5302.000000 0.205504 
25900.000000 5388.000000 0.208031 
26000.000000 5446.000000 0.209462 
26100.000000 5478.000000 0.209885 
26200.000000 5540.000000 0.211450 
26300.000000 5590.000000 0.212548 
26400.000000 5648.000000 0.213939 
26500.000000 5718.000000 0.215774 
26600.000000 5804.000000 0.218195 
26700.000000 5844.000000 0.218876 
26800.000000 5910.000000 0.220522 
26900.000000 5986.000000 0.222528 
27000.000000 6078.000000 0.225111 
27100.000000 6166.000000 0.227528 
27200.000000 6188.000000 0.227500 
27300.000000 6256.000000 0.229158 
27400.000000 6322.000000 0.230730 
27500.000000 6380.000000 0.232000 
27600.000000 6470.000000 0.234420 
27700.000000 6534.000000 0.235884 
27800.000000 6596.000000 0.237266 
27900.000000 6676.000000 0.239283 
28000.000000 6730.000000 0.240357 
28100.000000 6794.000000 0.241779 
28200.000000 6858.000000 0.243191 
28300.000000 6934.000000 0.245018 
28400.000000 7012.000000 0.246901 
28500.000000 7074.000000 0.248211 
28600.000000 7132.000000 0.249371 
28700.000000 7178.000000 0.250105 
28800.000000 7230.000000 0.251042 
28900.000000 7292.000000 0.252318 
29000.000000 7324.000000 0.252552 
29100.000000 7396.000000 0.254158 
29200.000000 7426.000000 0.254315 
29300.000000 7480.000000 0.255290 
29400.000000 7558.000000 0.257075 
29500.000000 7658.000000 0.259593 
29600.000000 7710.000000 0.260473 
29700.000000 7736.000000 0.260471 
29800.000000 7776.000000 0.260940 
29900.000000 7794.000000 0.260669 
30000.000000 7854.000000 0.261800 
30100.000000 7932.000000 0.263522 
30200.000000 7964.000000 0.263709 
30300.000000 8006.000000 0.264224 
30400.000000 8004.000000 0.263289 
30500.000000 8050.000000 0.263934 
30600.000000 8126.000000 0.265556 
30700.000000 8174.000000 0.266254 
30800.000000 8216.000000 0.266753 
30900.000000 8274.000000 0.267767 
31000.000000 8362.000000 0.269742 
31100.000000 8410.000000 0.270418 
31200.000000 8420.000000 0.269872 
31300.000000 8502.000000 0.271629 
31400.000000 8540.000000 0.271975 
31500.000000 8586.000000 0.272571 
31600.000000 8674.000000 0.274494 
31700.000000 8750.000000 0.276025 
31800.000000 8826.000000 0.277547 
31900.000000 8924.000000 0.279749 
32000.000000 8980.000000 0.280625 
32100.000000 9056.000000 0.282118 
32200.000000 9118.000000 0.283168 
32300.000000 9208.000000 0.285077 
32400.000000 9280.000000 0.286420 
32500.000000 9360.000000 0.288000 
32600.000000 9444.000000 0.289693 
32700.000000 9542.000000 0.291804 
32800.000000 9546.000000 0.291037 
32900.000000 9646.000000 0.293191 
33000.000000 9724.000000 0.294667 
33100.000000 9788.000000 0.295710 
33200.000000 9842.000000 0.296446 
33300.000000 9900.000000 0.297297 
33400.000000 9926.000000 0.297186 
33500.000000 10002.000000 0.298567 
33600.000000 10062.000000 0.299464 
33700.000000 10108.000000 0.299941 
33800.000000 10152.000000 0.300355 
33900.000000 10214.000000 0.301298 
34000.000000 10244.000000 0.301294 
34100.000000 10308.000000 0.302287 
34200.000000 10388.000000 0.303743 
34300.000000 10470.000000 0.305248 
34400.000000 10536.000000 0.306279 
34500.000000 10634.000000 0.308232 
34600.000000 10722.000000 0.309884 
34700.000000 10806.000000 0.311412 
34800.000000 10900.000000 0.313218 
34900.000000 10922.000000 0.312951 
35000.000000 11008.000000 0.314514 
35100.000000 11068.000000 0.315328 
35200.000000 11130.000000 0.316193 
35300.000000 11222.000000 0.317904 
35400.000000 11314.000000 0.319605 
35500.000000 11308.000000 0.318535 
35600.000000 11356.000000 0.318989 
35700.000000 11444.000000 0.320560 
35800.000000 11478.000000 0.320615 
35900.000000 11574.000000 0.322396 
36000.000000 11638.000000 0.323278 
36100.000000 11684.000000 0.323656 
36200.000000 11778.000000 0.325359 
36300.000000 11868.000000 0.326942 
36400.000000 11932.000000 0.327802 
36500.000000 11986.000000 0.328384 
36600.000000 12044.000000 0.329071 
36700.000000 12080.000000 0.329155 
36800.000000 12122.000000 0.329402 
36900.000000 12188.000000 0.330298 
37000.000000 12278.000000 0.331838 
37100.000000 12364.000000 0.333261 
37200.000000 12456.000000 0.334839 
37300.000000 12540.000000 0.336193 
37400.000000 12610.000000 0.337166 
37500.000000 12662.000000 0.337653 
37600.000000 12700.000000 0.337766 
37700.000000 12780.000000 0.338992 
37800.000000 12864.000000 0.340317 
37900.000000 12948.000000 0.341636 
38000.000000 13030.000000 0.342895 
38100.000000 13130.000000 0.344619 
38200.000000 13214.000000 0.345916 
38300.000000 13288.000000 0.346945 
38400.000000 13356.000000 0.347813 
38500.000000 13438.000000 0.349039 
38600.000000 13480.000000 0.349223 
38700.000000 13556.000000 0.350284 
38800.000000 13628.000000 0.351237 
38900.000000 13676.000000 0.351568 
39000.000000 13756.000000 0.352718 
39100.000000 13850.000000 0.354220 
39200.000000 13916.000000 0.355000 
39300.000000 13984.000000 0.355827 
39400.000000 14024.000000 0.355939 
39500.000000 14098.000000 0.356911 
39600.000000 14166.000000 0.357727 
39700.000000 14190.000000 0.357431 
39800.000000 14246.000000 0.357940 
39900.000000 14328.000000 0.359098 
40000.000000 14412.000000 0.360300 
40100.000000 14458.000000 0.360549 
40200.000000 14534.000000 0.361542 
40300.000000 14608.000000 0.362481 
40400.000000 14672.000000 0.363168 
40500.000000 14754.000000 0.364296 
40600.000000 14824.000000 0.365123 
40700.000000 14900.000000 0.366093 
40800.000000 14958.000000 0.366618 
40900.000000 15028.000000 0.367433 
41000.000000 15114.000000 0.368634 
41100.000000 15146.000000 0.368516 
41200.000000 15178.000000 0.368398 
41300.000000 15210.000000 0.368281 
41400.000000 15264.000000 0.368696 
41500.000000 15356.000000 0.370024 
41600.000000 15426.000000 0.370817 
41700.000000 15496.000000 0.371607 
41800.000000 15546.000000 0.371914 
41900.000000 15636.000000 0.373174 
42000.000000 15702.000000 0.373857 
42100.000000 15748.000000 0.374062 
42200.000000 15810.000000 0.374645 
42300.000000 15908.000000 0.376076 
42400.000000 15960.000000 0.376415 
42500.000000 16048.000000 0.377600 
42600.000000 16142.000000 0.378920 
42700.000000 16214.000000 0.379719 
42800.000000 16290.000000 0.380607 
42900.000000 16360.000000 0.381352 
43000.000000 16438.000000 0.382279 
43100.000000 16512.000000 0.383109 
43200.000000 16570.000000 0.383565 
43300.000000 16648.000000 0.384480 
43400.000000 16690.000000 0.384562 
43500.000000 16732.000000 0.384644 
43600.000000 16776.000000 0.384771 
43700.000000 16842.000000 0.385400 
43800.000000 16902.000000 0.385890 
43900.000000 16984.000000 0.386879 
44000.000000 17062.000000 0.387773 
44100.000000 17120.000000 0.388209 
44200.000000 17174.000000 0.388552 
44300.000000 17240.000000 0.389165 
44400.000000 17336.000000 0.390450 
44500.000000 17406.000000 0.391146 
44600.000000 17472.000000 0.391749 
44700.000000 17544.000000 0.392483 
44800.000000 17590.000000 0.392634 
44900.000000 17690.000000 0.393987 
45000.000000 17730.000000 0.394000 
45100.000000 17782.000000 0.394279 
45200.000000 17880.000000 0.395575 
45300.000000 17936.000000 0.395938 
45400.000000 18002.000000 0.396520 
45500.000000 18054.000000 0.396791 
45600.000000 18138.000000 0.397763 
45700.000000 18226.000000 0.398818 
45800.000000 18308.000000 0.399738 
45900.000000 18392.000000 0.400697 
46000.000000 18462.000000 0.401348 
46100.000000 18530.000000 0.401952 
46200.000000 18598.000000 0.402554 
46300.000000 18658.000000 0.402981 
46400.000000 18716.000000 0.403362 
46500.000000 18774.000000 0.403742 
46600.000000 18866.000000 0.404850 
46700.000000 18918.000000 0.405096 
46800.000000 18986.000000 0.405684 
46900.000000 19038.000000 0.405928 
47000.000000 19102.000000 0.406426 
47100.000000 19130.000000 0.406157 
47200.000000 19196.000000 0.406695 
47300.000000 19248.000000 0.406934 
47400.000000 19322.000000 0.407637 
47500.000000 19382.000000 0.408042 
47600.000000 19462.000000 0.408866 
47700.000000 19552.000000 0.409895 
47800.000000 19588.000000 0.409791 
47900.000000 19672.000000 0.410689 
48000.000000 19750.000000 0.411458 
48100.000000 19822.000000 0.412100 
48200.000000 19852.000000 0.411867 
48300.000000 19908.000000 0.412174 
48400.000000 19958.000000 0.412355 
48500.000000 20026.000000 0.412907 
48600.000000 20084.000000 0.413251 
48700.000000 20138.000000 0.413511 
48800.000000 20190.000000 0.413730 
48900.000000 20272.000000 0.414560 
49000.000000 20328.000000 0.414857 
49100.000000 20358.000000 0.414623 
49200.000000 20394.000000 0.414512 
49300.000000 20436.000000 0.414523 
49400.000000 20480.000000 0.414575 
49500.000000 20548.000000 0.415111 
49600.000000 20570.000000 0.414718 
49700.000000 20634.000000 0.415171 
49800.000000 20680.000000 0.415261 
49900.000000 20716.000000 0.415150 
50000.000000 20782.000000 0.415640 
50100.000000 20834.000000 0.415848 
50200.000000 20842.000000 0.415179 
50300.000000 20916.000000 0.415825 
50400.000000 20928.000000 0.415238 
50500.000000 21014.000000 0.416119 
50600.000000 21090.000000 0.416798 
50700.000000 21160.000000 0.417357 
50800.000000 21210.000000 0.417520 
50900.000000 21276.000000 0.417996 
51000.000000 21304.000000 0.417726 
51100.000000 21364.000000 0.418082 
51200.000000 21436.000000 0.418672 
51300.000000 21494.000000 0.418986 
51400.000000 21554.000000 0.419339 
51500.000000 21582.000000 0.419068 
51600.000000 21626.000000 0.419109 
51700.000000 21696.000000 0.419652 
51800.000000 21722.000000 0.419344 
51900.000000 21764.000000 0.419345 
52000.000000 21820.000000 0.419615 
52100.000000 21908.000000 0.420499 
52200.000000 21970.000000 0.420881 
52300.000000 21998.000000 0.420612 
52400.000000 22088.000000 0.421527 
52500.000000 22126.000000 0.421448 
52600.000000 22144.000000 0.420989 
52700.000000 22200.000000 0.421252 
52800.000000 22262.000000 0.421629 
52900.000000 22350.000000 0.422495 
53000.000000 22414.000000 0.422906 
53100.000000 22436.000000 0.422524 
53200.000000 22486.000000 0.422669 
53300.000000 22562.000000 0.423302 
53400.000000 22594.000000 0.423109 
53500.000000 22642.000000 0.423215 
53600.000000 22730.000000 0.424067 
53700.000000 22794.000000 0.424469 
53800.000000 22812.000000 0.424015 
53900.000000 22898.000000 0.424824 
54000.000000 22992.000000 0.425778 
54100.000000 23060.000000 0.426248 
54200.000000 23092.000000 0.426052 
54300.000000 23170.000000 0.426704 
54400.000000 23210.000000 0.426654 
54500.000000 23290.000000 0.427339 
54600.000000 23372.000000 0.428059 
54700.000000 23408.000000 0.427934 
54800.000000 23464.000000 0.428175 
54900.000000 23534.000000 0.428670 
55000.000000 23586.000000 0.428836 
55100.000000 23686.000000 0.429873 
55200.000000 23714.000000 0.429601 
55300.000000 23734.000000 0.429186 
55400.000000 23802.000000 0.429639 
55500.000000 23856.000000 0.429838 
55600.000000 23940.000000 0.430576 
55700.000000 23994.000000 0.430772 
55800.000000 24064.000000 0.431254 
55900.000000 24130.000000 0.431664 
56000.000000 24168.000000 0.431571 
56100.000000 24220.000000 0.431729 
56200.000000 24292.000000 0.432242 
56300.000000 24344.000000 0.432398 
56400.000000 24368.000000 0.432057 
56500.000000 24414.000000 0.432106 
56600.000000 24484.000000 0.432580 
56700.000000 24524.000000 0.432522 
56800.000000 24556.000000 0.432324 
56900.000000 24608.000000 0.432478 
57000.000000 24634.000000 0.432175 
57100.000000 24710.000000 0.432750 
57200.000000 24710.000000 0.431993 
57300.000000 24786.000000 0.432565 
57400.000000 24834.000000 0.432648 
57500.000000 24880.000000 0.432696 
57600.000000 24962.000000 0.433368 
57700.000000 24984.000000 0.432998 
57800.000000 25054.000000 0.433460 
57900.000000 25114.000000 0.433748 
58000.000000 25160.000000 0.433793 
58100.000000 25212.000000 0.433941 
58200.000000 25290.000000 0.434536 
58300.000000 25348.000000 0.434786 
58400.000000 25398.000000 0.434897 
58500.000000 25440.000000 0.434872 
58600.000000 25516.000000 0.435427 
58700.000000 25574.000000 0.435673 
58800.000000 25634.000000 0.435952 
58900.000000 25696.000000 0.436265 
59000.000000 25762.000000 0.436644 
59100.000000 25810.000000 0.436717 
59200.000000 25880.000000 0.437162 
59300.000000 25952.000000 0.437639 
59400.000000 25978.000000 0.437340 
59500.000000 26032.000000 0.437513 
59600.000000 26074.000000 0.437483 
59700.000000 26162.000000 0.438224 
59800.000000 26258.000000 0.439097 
59900.000000 26312.000000 0.439265 
60000.000000 26358.000000 0.439300 
60100.000000 26358.000000 0.438569 
60200.000000 26396.000000 0.438472 
60300.000000 26476.000000 0.439071 
60400.000000 26480.000000 0.438411 
60500.000000 26560.000000 0.439008 
60600.000000 26628.000000 0.439406 
60700.000000 26692.000000 0.439736 
60800.000000 26746.000000 0.439901 
60900.000000 26824.000000 0.440460 
61000.000000 26846.000000 0.440098 
61100.000000 26918.000000 0.440556 
61200.000000 27000.000000 0.441176 
61300.000000 27072.000000 0.441631 
61400.000000 27170.000000 0.442508 
61500.000000 27266.000000 0.443350 
61600.000000 27350.000000 0.443994 
61700.000000 27396.000000 0.444019 
61800.000000 27476.000000 0.444595 
61900.000000 27524.000000 0.444653 
62000.000000 27570.000000 0.444677 
62100.000000 27606.000000 0.444541 
62200.000000 27678.000000 0.444984 
62300.000000 27754.000000 0.445490 
62400.000000 27824.000000 0.445897 
62500.000000 27882.000000 0.446112 
62600.000000 27944.000000 0.446390 
62700.000000 28026.000000 0.446986 
62800.000000 28102.000000 0.447484 
62900.000000 28184.000000 0.448076 
63000.000000 28234.000000 0.448159 
63100.000000 28254.000000 0.447765 
63200.000000 28352.000000 0.448608 
63300.000000 28448.000000 0.449415 
63400.000000 28512.000000 0.449716 
63500.000000 28588.000000 0.450205 
63600.000000 28628.000000 0.450126 
63700.000000 28694.000000 0.450455 
63800.000000 28768.000000 0.450909 
63900.000000 28802.000000 0.450736 
64000.000000 28872.000000 0.451125 
64100.000000 28966.000000 0.451888 
64200.000000 29042.000000 0.452368 
64300.000000 29122.000000 0.452908 
64400.000000 29180.000000 0.453106 
64500.000000 29248.000000 0.453457 
64600.000000 29330.000000 0.454025 
64700.000000 29392.000000 0.454281 
64800.000000 29452.000000 0.454506 
64900.000000 29526.000000 0.454946 
65000.000000 29592.000000 0.455262 
65100.000000 29648.000000 0.455422 
65200.000000 29716.000000 0.455767 
65300.000000 29728.000000 0.455253 
65400.000000 29800.000000 0.455657 
65500.000000 29846.000000 0.455664 
65600.000000 29902.000000 0.455823 
65700.000000 29930.000000 0.455556 
65800.000000 30030.000000 0.456383 
65900.000000 30080.000000 0.456449 
66000.000000 30132.000000 0.456545 
66100.000000 30226.000000 0.457277 
66200.000000 30304.000000 0.457764 
66300.000000 30394.000000 0.458431 
66400.000000 30458.000000 0.458705 
66500.000000 30518.000000 0.458917 
66600.000000 30602.000000 0.459489 
66700.000000 30664.000000 0.459730 
66800.000000 30746.000000 0.460269 
66900.000000 30808.000000 0.460508 
67000.000000 30848.000000 0.460418 
67100.000000 30936.000000 0.461043 
67200.000000 30974.000000 0.460923 
67300.000000 31058.000000 0.461486 
67400.000000 31098.000000 0.461395 
67500.000000 31158.000000 0.461600 
67600.000000 31214.000000 0.461746 
67700.000000 31282.000000 0.462068 
67800.000000 31320.000000 0.461947 
67900.000000 31414.000000 0.462651 
68000.000000 31504.000000 0.463294 
68100.000000 31532.000000 0.463025 
68200.000000 31600.000000 0.463343 
68300.000000 31634.000000 0.463163 
68400.000000 31670.000000 0.463012 
68500.000000 31762.000000 0.463679 
68600.000000 31820.000000 0.463848 
68700.000000 31882.000000 0.464076 
68800.000000 31946.000000 0.464331 
68900.000000 32040.000000 0.465022 
69000.000000 32108.000000 0.465333 
69100.000000 32188.000000 0.465818 
69200.000000 32246.000000 0.465983 
69300.000000 32308.000000 0.466205 
69400.000000 32358.000000 0.466254 
69500.000000 32424.000000 0.466532 
69600.000000 32522.000000 0.467270 
69700.000000 32558.000000 0.467116 
69800.000000 32646.000000 0.467708 
69900.000000 32732.000000 0.468269 
70000.000000 32786.000000 0.468371 
70100.000000 32854.000000 0.468673 
70200.000000 32914.000000 0.468860 
70300.000000 32970.000000 0.468990 
70400.000000 33060.000000 0.469602 
70500.000000 33136.000000 0.470014 
70600.000000 33190.000000 0.470113 
70700.000000 33244.000000 0.470212 
70800.000000 33310.000000 0.470480 
70900.000000 33336.000000 0.470183 
71000.000000 33416.000000 0.470648 
71100.000000 33464.000000 0.470661 
71200.000000 33500.000000 0.470506 
71300.000000 33564.000000 0.470743 
71400.000000 33624.000000 0.470924 
71500.000000 33710.000000 0.471469 
71600.000000 33750.000000 0.471369 
71700.000000 33814.000000 0.471604 
71800.000000 33872.000000 0.471755 
71900.000000 33900.000000 0.471488 
72000.000000 33996.000000 0.472167 
72100.000000 34072.000000 0.472566 
72200.000000 34158.000000 0.473102 
72300.000000 34228.000000 0.473416 
72400.000000 34280.000000 0.473481 
72500.000000 34310.000000 0.473241 
72600.000000 34378.000000 0.473526 
72700.000000 34464.000000 0.474058 
72800.000000 34546.000000 0.474533 
72900.000000 34566.000000 0.474156 
73000.000000 34604.000000 0.474027 
73100.000000 34614.000000 0.473516 
73200.000000 34676.000000 0.473716 
73300.000000 34714.000000 0.473588 
73400.000000 34786.000000 0.473924 
73500.000000 34848.000000 0.474122 
73600.000000 34918.000000 0.474429 
73700.000000 34996.000000 0.474844 
73800.000000 35026.000000 0.474607 
73900.000000 35070.000000 0.474560 
74000.000000 35126.000000 0.474676 
74100.000000 35184.000000 0.474818 
74200.000000 35266.000000 0.475283 
74300.000000 35346.000000 0.475720 
74400.000000 35400.000000 0.475806 
74500.000000 35442.000000 0.475732 
74600.000000 35528.000000 0.476247 
74700.000000 35610.000000 0.476707 
74800.000000 35658.000000 0.476711 
74900.000000 35752.000000 0.477330 
75000.000000 35812.000000 0.477493 
75100.000000 35894.000000 0.477949 
75200.000000 35990.000000 0.478590 
75300.000000 36074.000000 0.479070 
75400.000000 36142.000000 0.479337 
75500.000000 36200.000000 0.479470 
75600.000000 36298.000000 0.480132 
75700.000000 36372.000000 0.480476 
75800.000000 36390.000000 0.480079 
75900.000000 36424.000000 0.479895 
76000.000000 36484.000000 0.480053 
76100.000000 36560.000000 0.480421 
76200.000000 36654.000000 0.481024 
76300.000000 36746.000000 0.481599 
76400.000000 36744.000000 0.480942 
76500.000000 36802.000000 0.481072 
76600.000000 36874.000000 0.481384 
76700.000000 36934.000000 0.481538 
76800.000000 37008.000000 0.481875 
76900.000000 37052.000000 0.481821 
77000.000000 37144.000000 0.482390 
77100.000000 37244.000000 0.483061 
77200.000000 37248.000000 0.482487 
77300.000000 37314.000000 0.482717 
77400.000000 37408.000000 0.483307 
77500.000000 37460.000000 0.483355 
77600.000000 37542.000000 0.483789 
77700.000000 37630.000000 0.484299 
77800.000000 37694.000000 0.484499 
77900.000000 37730.000000 0.484339 
78000.000000 37816.000000 0.484821 
78100.000000 37870.000000 0.484891 
78200.000000 37938.000000 0.485141 
78300.000000 38026.000000 0.485645 
78400.000000 38122.000000 0.486250 
78500.000000 38192.000000 0.486522 
78600.000000 38262.000000 0.486794 
78700.000000 38358.000000 0.487395 
78800.000000 38428.000000 0.487665 
78900.000000 38486.000000 0.487782 
79000.000000 38544.000000 0.487899 
79100.000000 38616.000000 0.488192 
79200.000000 38654.000000 0.488056 
79300.000000 38656.000000 0.487465 
79400.000000 38744.000000 0.487960 
79500.000000 38784.000000 0.487849 
79600.000000 38826.000000 0.487764 
79700.000000 38918.000000 0.488306 
79800.000000 38990.000000 0.488596 
79900.000000 39022.000000 0.488385 
80000.000000 39112.000000 0.488900 
80100.000000 39172.000000 0.489039 
80200.000000 39238.000000 0.489252 
80300.000000 39316.000000 0.489614 
80400.000000 39382.000000 0.489826 
80500.000000 39448.000000 0.490037 
80600.000000 39512.000000 0.490223 
80700.000000 39576.000000 0.490409 
80800.000000 39632.000000 0.490495 
80900.000000 39720.000000 0.490977 
81000.000000 39818.000000 0.491580 
81100.000000 39886.000000 0.491813 
81200.000000 39964.000000 0.492167 
81300.000000 40046.000000 0.492571 
81400.000000 40094.000000 0.492555 
81500.000000 40170.000000 0.492883 
81600.000000 40256.000000 0.493333 
81700.000000 40268.000000 0.492876 
81800.000000 40324.000000 0.492958 
81900.000000 40416.000000 0.493480 
82000.000000 40492.000000 0.493805 
82100.000000 40552.000000 0.493934 
82200.000000 40606.000000 0.493990 
82300.000000 40684.000000 0.494338 
82400.000000 40762.000000 0.494684 
82500.000000 40850.000000 0.495152 
82600.000000 40902.000000 0.495182 
82700.000000 40948.000000 0.495139 
82800.000000 40992.000000 0.495072 
82900.000000 41068.000000 0.495392 
83000.000000 41144.000000 0.495711 
83100.000000 41244.000000 0.496318 
83200.000000 41300.000000 0.496394 
83300.000000 41334.000000 0.496206 
83400.000000 41398.000000 0.496379 
83500.000000 41484.000000 0.496814 
83600.000000 41560.000000 0.497129 
83700.000000 41630.000000 0.497372 
83800.000000 41698.000000 0.497589 
83900.000000 41754.000000 0.497664 
84000.000000 41806.000000 0.497690 
84100.000000 41898.000000 0.498193 
84200.000000 41988.000000 0.498670 
84300.000000 42072.000000 0.499075 
84400.000000 42140.000000 0.499289 
84500.000000 42208.000000 0.499503 
84600.000000 42306.000000 0.500071 
84700.000000 42398.000000 0.500567 
84800.000000 42486.000000 0.501014 
84900.000000 42566.000000 0.501366 
85000.000000 42650.000000 0.501765 
85100.000000 42716.000000 0.501951 
85200.000000 42786.000000 0.502183 
85300.000000 42846.000000 0.502298 
85400.000000 42910.000000 0.502459 
85500.000000 42964.000000 0.502503 
85600.000000 43030.000000 0.502687 
85700.000000 43092.000000 0.502824 
85800.000000 43158.000000 0.503007 
85900.000000 43234.000000 0.503306 
86000.000000 43314.000000 0.503651 
86100.000000 43358.000000 0.503577 
86200.000000 43440.000000 0.503944 
86300.000000 43500.000000 0.504056 
86400.000000 43582.000000 0.504421 
86500.000000 43682.000000 0.504994 
86600.000000 43770.000000 0.505427 
86700.000000 43846.000000 0.505721 
86800.000000 43898.000000 0.505737 
86900.000000 43950.000000 0.505754 
87000.000000 44032.000000 0.506115 
87100.000000 44094.000000 0.506246 
87200.000000 44152.000000 0.506330 
87300.000000 44198.000000 0.506277 
87400.000000 44212.000000 0.505858 
87500.000000 44274.000000 0.505989 
87600.000000 44338.000000 0.506142 
87700.000000 44424.000000 0.506545 
87800.000000 44470.000000 0.506492 
87900.000000 44544.000000 0.506758 
88000.000000 44610.000000 0.506932 
88100.000000 44672.000000 0.507060 
88200.000000 44770.000000 0.507596 
88300.000000 44778.000000 0.507112 
88400.000000 44842.000000 0.507262 
88500.000000 44894.000000 0.507277 
88600.000000 44934.000000 0.507156 
88700.000000 44980.000000 0.507103 
88800.000000 45062.000000 0.507455 
88900.000000 45126.000000 0.507604 
89000.000000 45180.000000 0.507640 
89100.000000 45254.000000 0.507901 
89200.000000 45310.000000 0.507960 
89300.000000 45390.000000 0.508287 
89400.000000 45458.000000 0.508479 
89500.000000 45526.000000 0.508670 
89600.000000 45618.000000 0.509129 
89700.000000 45674.000000 0.509186 
89800.000000 45768.000000 0.509666 
89900.000000 45828.000000 0.509766 
90000.000000 45872.000000 0.509689 
90100.000000 45910.000000 0.509545 
90200.000000 45990.000000 0.509867 
90300.000000 46062.000000 0.510100 
90400.000000 46118.000000 0.510155 
90500.000000 46154.000000 0.509989 
90600.000000 46194.000000 0.509868 
90700.000000 46246.000000 0.509879 
90800.000000 46344.000000 0.510396 
90900.000000 46386.000000 0.510297 
91000.000000 46460.000000 0.510549 
91100.000000 46536.000000 0.510823 
91200.000000 46616.000000 0.511140 
91300.000000 46684.000000 0.511325 
91400.000000 46770.000000 0.511707 
91500.000000 46832.000000 0.511825 
91600.000000 46866.000000 0.511638 
91700.000000 46962.000000 0.512127 
91800.000000 47046.000000 0.512484 
91900.000000 47112.000000 0.512644 
92000.000000 47182.000000 0.512848 
92100.000000 47252.000000 0.513051 
92200.000000 47320.000000 0.513232 
92300.000000 47414.000000 0.513694 
92400.000000 47460.000000 0.513636 
92500.000000 47466.000000 0.513146 
92600.000000 47526.000000 0.513240 
92700.000000 47598.000000 0.513463 
92800.000000 47602.000000 0.512953 
92900.000000 47658.000000 0.513003 
93000.000000 47740.000000 0.513333 
93100.000000 47818.000000 0.513620 
93200.000000 47884.000000 0.513777 
93300.000000 47946.000000 0.513891 
93400.000000 48018.000000 0.514111 
93500.000000 48098.000000 0.514417 
93600.000000 48158.000000 0.514509 
93700.000000 48208.000000 0.514493 
93800.000000 48270.000000 0.514606 
93900.000000 48324.000000 0.514633 
94000.000000 48340.000000 0.514255 
94100.000000 48364.000000 0.513964 
94200.000000 48404.000000 0.513843 
94300.000000 48460.000000 0.513892 
94400.000000 48520.000000 0.513983 
94500.000000 48564.000000 0.513905 
94600.000000 48626.000000 0.514017 
94700.000000 48680.000000 0.514044 
94800.000000 48716.000000 0.513882 
94900.000000 48790.000000 0.514120 
95000.000000 48828.000000 0.513979 
95100.000000 48912.000000 0.514322 
95200.000000 48952.000000 0.514202 
95300.000000 49016.000000 0.514334 
95400.000000 49070.000000 0.514361 
95500.000000 49116.000000 0.514304 
95600.000000 49170.000000 0.514331 
95700.000000 49244.000000 0.514566 
95800.000000 49338.000000 0.515010 
95900.000000 49390.000000 0.515016 
96000.000000 49472.000000 0.515333 
96100.000000 49550.000000 0.515609 
96200.000000 49638.000000 0.515988 
96300.000000 49710.000000 0.516199 
96400.000000 49778.000000 0.516369 
96500.000000 49854.000000 0.516622 
96600.000000 49882.000000 0.516377 
96700.000000 49974.000000 0.516794 
96800.000000 50032.000000 0.516860 
96900.000000 50108.000000 0.517110 
97000.000000 50174.000000 0.517258 
97100.000000 50246.000000 0.517467 
97200.000000 50332.000000 0.517819 
97300.000000 50406.000000 0.518047 
97400.000000 50450.000000 0.517967 
97500.000000 50520.000000 0.518154 
97600.000000 50564.000000 0.518074 
97700.000000 50638.000000 0.518301 
97800.000000 50700.000000 0.518405 
97900.000000 50784.000000 0.518733 
98000.000000 50848.000000 0.518857 
98100.000000 50910.000000 0.518960 
98200.000000 50984.000000 0.519185 
98300.000000 51064.000000 0.519471 
98400.000000 51132.000000 0.519634 
98500.000000 51202.000000 0.519817 
98600.000000 51288.000000 0.520162 
98700.000000 51342.000000 0.520182 
98800.000000 51418.000000 0.520425 
98900.000000 51488.000000 0.520607 
99000.000000 51576.000000 0.520970 
99100.000000 51622.000000 0.520908 
99200.000000 51704.000000 0.521210 
99300.000000 51802.000000 0.521672 
99400.000000 51880.000000 0.521932 
99500.000000 51944.000000 0.522050 
99600.000000 52030.000000 0.522390 
99700.000000 52098.000000 0.522548 
99800.000000 52182.000000 0.522866 
99900.000000 52278.000000 0.523303 
100000.000000 52340.000000 0.523400 
100100.000000 52418.000000 0.523656 
100200.000000 52498.000000 0.523932 
100300.000000 52548.000000 0.523908 
100400.000000 52630.000000 0.524203 
100500.000000 52702.000000 0.524398 
100600.000000 52768.000000 0.524533 
100700.000000 52848.000000 0.524806 
100800.000000 52902.000000 0.524821 
100900.000000 52996.000000 0.525233 
101000.000000 53056.000000 0.525307 
101100.000000 53138.000000 0.525598 
101200.000000 53180.000000 0.525494 
101300.000000 53226.000000 0.525429 
101400.000000 53272.000000 0.525365 
101500.000000 53336.000000 0.525478 
101600.000000 53436.000000 0.525945 
101700.000000 53506.000000 0.526116 
101800.000000 53592.000000 0.526444 
101900.000000 53668.000000 0.526673 
102000.000000 53732.000000 0.526784 
102100.000000 53826.000000 0.527189 
102200.000000 53880.000000 0.527202 
102300.000000 53946.000000 0.527331 
102400.000000 54032.000000 0.527656 
102500.000000 54074.000000 0.527551 
102600.000000 54142.000000 0.527700 
102700.000000 54216.000000 0.527907 
102800.000000 54238.000000 0.527607 
102900.000000 54304.000000 0.527736 
103000.000000 54386.000000 0.528019 
103100.000000 54398.000000 0.527624 
103200.000000 54470.000000 0.527810 
103300.000000 54540.000000 0.527977 
103400.000000 54598.000000 0.528027 
103500.000000 54696.000000 0.528464 
103600.000000 54766.000000 0.528629 
103700.000000 54858.000000 0.529007 
103800.000000 54940.000000 0.529287 
103900.000000 55022.000000 0.529567 
104000.000000 55108.000000 0.529885 
104100.000000 55182.000000 0.530086 
104200.000000 55236.000000 0.530096 
104300.000000 55300.000000 0.530201 
104400.000000 55400.000000 0.530651 
104500.000000 55486.000000 0.530967 
104600.000000 55532.000000 0.530899 
104700.000000 55588.000000 0.530926 
104800.000000 55652.000000 0.531031 
104900.000000 55732.000000 0.531287 
105000.000000 55822.000000 0.531638 
105100.000000 55852.000000 0.531418 
105200.000000 55914.000000 0.531502 
105300.000000 55976.000000 0.531586 
105400.000000 56008.000000 0.531385 
105500.000000 56104.000000 0.531791 
105600.000000 56192.000000 0.532121 
105700.000000 56268.000000 0.532337 
105800.000000 56356.000000 0.532665 
105900.000000 56432.000000 0.532880 
106000.000000 56486.000000 0.532887 
106100.000000 56564.000000 0.533120 
106200.000000 56652.000000 0.533446 
106300.000000 56712.000000 0.533509 
106400.000000 56764.000000 0.533496 
106500.000000 56852.000000 0.533822 
106600.000000 56916.000000 0.533921 
106700.000000 56998.000000 0.534189 
106800.000000 57056.000000 0.534232 
106900.000000 57122.000000 0.534350 
107000.000000 57194.000000 0.534523 
107100.000000 57272.000000 0.534753 
107200.000000 57348.000000 0.534963 
107300.000000 57444.000000 0.535359 
107400.000000 57538.000000 0.535736 
107500.000000 57594.000000 0.535758 
107600.000000 57682.000000 0.536078 
107700.000000 57766.000000 0.536360 
107800.000000 57848.000000 0.536623 
107900.000000 57938.000000 0.536960 
108000.000000 58038.000000 0.537389 
108100.000000 58126.000000 0.537706 
108200.000000 58214.000000 0.538022 
108300.000000 58300.000000 0.538319 
108400.000000 58394.000000 0.538690 
108500.000000 58484.000000 0.539023 
108600.000000 58556.000000 0.539190 
108700.000000 58632.000000 0.539393 
108800.000000 58660.000000 0.539154 
108900.000000 58740.000000 0.539394 
109000.000000 58810.000000 0.539541 
109100.000000 58858.000000 0.539487 
109200.000000 58924.000000 0.539597 
109300.000000 58984.000000 0.539652 
109400.000000 59056.000000 0.539817 
109500.000000 59146.000000 0.540146 
109600.000000 59220.000000 0.540328 
109700.000000 59306.000000 0.540620 
109800.000000 59384.000000 0.540838 
109900.000000 59478.000000 0.541201 
110000.000000 59558.000000 0.541436 
110100.000000 59646.000000 0.541744 
110200.000000 59706.000000 0.541797 
110300.000000 59798.000000 0.542140 
110400.000000 59896.000000 0.542536 
110500.000000 59984.000000 0.542842 
110600.000000 60082.000000 0.543237 
110700.000000 60148.000000 0.543342 
110800.000000 60198.000000 0.543303 
110900.000000 60246.000000 0.543246 
111000.000000 60322.000000 0.543441 
111100.000000 60396.000000 0.543618 
111200.000000 60436.000000 0.543489 
111300.000000 60506.000000 0.543630 
111400.000000 60582.000000 0.543824 
111500.000000 60672.000000 0.544143 
111600.000000 60708.000000 0.543979 
111700.000000 60796.000000 0.544279 
111800.000000 60840.000000 0.544186 
111900.000000 60930.000000 0.544504 
112000.000000 61012.000000 0.544750 
112100.000000 61082.000000 0.544888 
112200.000000 61150.000000 0.545009 
112300.000000 61246.000000 0.545378 
112400.000000 61326.000000 0.545605 
112500.000000 61420.000000 0.545956 
112600.000000 61514.000000 0.546305 
112700.000000 61596.000000 0.546548 
112800.000000 61670.000000 0.546720 
112900.000000 61762.000000 0.547050 
113000.000000 61840.000000 0.547257 
113100.000000 61896.000000 0.547268 
113200.000000 61984.000000 0.547562 
113300.000000 62024.000000 0.547432 
113400.000000 62102.000000 0.547637 
113500.000000 62178.000000 0.547824 
113600.000000 62266.000000 0.548116 
113700.000000 62310.000000 0.548021 
113800.000000 62398.000000 0.548313 
113900.000000 62494.000000 0.548674 
114000.000000 62566.000000 0.548825 
114100.000000 62638.000000 0.548975 
114200.000000 62734.000000 0.549335 
114300.000000 62824.000000 0.549641 
114400.000000 62914.000000 0.549948 
114500.000000 63014.000000 0.550341 
114600.000000 63114.000000 0.550733 
114700.000000 63214.000000 0.551125 
114800.000000 63312.000000 0.551498 
114900.000000 63388.000000 0.551680 
115000.000000 63456.000000 0.551791 
115100.000000 63524.000000 0.551903 
115200.000000 63620.000000 0.552257 
115300.000000 63708.000000 0.552541 
115400.000000 63786.000000 0.552738 
115500.000000 63856.000000 0.552866 
115600.000000 63942.000000 0.553131 
115700.000000 64000.000000 0.553155 
115800.000000 64080.000000 0.553368 
115900.000000 64150.000000 0.553494 
116000.000000 64218.000000 0.553603 
116100.000000 64300.000000 0.553833 
116200.000000 64372.000000 0.553976 
116300.000000 64438.000000 0.554067 
116400.000000 64534.000000 0.554416 
116500.000000 64584.000000 0.554369 
116600.000000 64664.000000 0.554580 
116700.000000 64752.000000 0.554859 
116800.000000 64822.000000 0.554983 
116900.000000 64912.000000 0.555278 
117000.000000 64982.000000 0.555402 
117100.000000 65070.000000 0.555679 
117200.000000 65152.000000 0.555904 
117300.000000 65216.000000 0.555976 
117400.000000 65288.000000 0.556116 
117500.000000 65382.000000 0.556443 
117600.000000 65470.000000 0.556718 
117700.000000 65570.000000 0.557094 
117800.000000 65640.000000 0.557216 
117900.000000 65730.000000 0.557506 
118000.000000 65814.000000 0.557746 
118100.000000 65900.000000 0.558002 
118200.000000 65982.000000 0.558223 
118300.000000 66062.000000 0.558428 
118400.000000 66144.000000 0.558649 
118500.000000 66232.000000 0.558920 
118600.000000 66304.000000 0.559056 
118700.000000 66400.000000 0.559393 
118800.000000 66490.000000 0.559680 
118900.000000 66576.000000 0.559933 
119000.000000 66652.000000 0.560101 
119100.000000 66726.000000 0.560252 
119200.000000 66758.000000 0.560050 
119300.000000 66842.000000 0.560285 
119400.000000 66934.000000 0.560586 
119500.000000 66996.000000 0.560636 
119600.000000 67046.000000 0.560585 
119700.000000 67108.000000 0.560635 
119800.000000 67146.000000 0.560484 
119900.000000 67232.000000 0.560734 
120000.000000 67320.000000 0.561000 
120100.000000 67410.000000 0.561282 
120200.000000 67488.000000 0.561464 
120300.000000 67574.000000 0.561712 
120400.000000 67618.000000 0.561611 
120500.000000 67706.000000 0.561876 
120600.000000 67756.000000 0.561824 
120700.000000 67806.000000 0.561773 
120800.000000 67846.000000 0.561639 
120900.000000 67896.000000 0.561588 
121000.000000 67970.000000 0.561736 
121100.000000 68022.000000 0.561701 
121200.000000 68104.000000 0.561914 
121300.000000 68170.000000 0.561995 
121400.000000 68254.000000 0.562224 
121500.000000 68326.000000 0.562354 
121600.000000 68412.000000 0.562599 
121700.000000 68458.000000 0.562514 
121800.000000 68534.000000 0.562676 
121900.000000 68582.000000 0.562609 
122000.000000 68676.000000 0.562918 
122100.000000 68754.000000 0.563096 
122200.000000 68802.000000 0.563028 
122300.000000 68874.000000 0.563156 
122400.000000 68942.000000 0.563252 
122500.000000 68998.000000 0.563249 
122600.000000 69098.000000 0.563605 
122700.000000 69180.000000 0.563814 
122800.000000 69260.000000 0.564007 
122900.000000 69328.000000 0.564101 
123000.000000 69392.000000 0.564163 
123100.000000 69472.000000 0.564354 
123200.000000 69568.000000 0.564675 
123300.000000 69646.000000 0.564850 
123400.000000 69732.000000 0.565089 
123500.000000 69824.000000 0.565377 
123600.000000 69916.000000 0.565663 
123700.000000 70012.000000 0.565982 
123800.000000 70088.000000 0.566139 
123900.000000 70168.000000 0.566328 
124000.000000 70248.000000 0.566516 
124100.000000 70304.000000 0.566511 
124200.000000 70402.000000 0.566844 
124300.000000 70494.000000 0.567128 
124400.000000 70566.000000 0.567251 
124500.000000 70642.000000 0.567406 
124600.000000 70732.000000 0.567673 
124700.000000 70818.000000 0.567907 
124800.000000 70868.000000 0.567853 
124900.000000 70938.000000 0.567958 
125000.000000 71012.000000 0.568096 
125100.000000 71100.000000 0.568345 
125200.000000 71162.000000 0.568387 
125300.000000 71226.000000 0.568444 
125400.000000 71286.000000 0.568469 
125500.000000 71328.000000 0.568351 
125600.000000 71396.000000 0.568439 
125700.000000 71460.000000 0.568496 
125800.000000 71522.000000 0.568537 
125900.000000 71604.000000 0.568737 
126000.000000 71618.000000 0.568397 
126100.000000 71644.000000 0.568152 
126200.000000 71694.000000 0.568098 
126300.000000 71732.000000 0.567949 
126400.000000 71748.000000 0.567627 
126500.000000 71836.000000 0.567874 
126600.000000 71912.000000 0.568025 
126700.000000 71954.000000 0.567908 
126800.000000 72020.000000 0.567981 
126900.000000 72062.000000 0.567864 
127000.000000 72142.000000 0.568047 
127100.000000 72186.000000 0.567946 
127200.000000 72190.000000 0.567531 
127300.000000 72238.000000 0.567463 
127400.000000 72292.000000 0.567441 
127500.000000 72360.000000 0.567529 
127600.000000 72426.000000 0.567602 
127700.000000 72490.000000 0.567659 
127800.000000 72564.000000 0.567793 
127900.000000 72654.000000 0.568053 
128000.000000 72702.000000 0.567984 
128100.000000 72772.000000 0.568087 
128200.000000 72818.000000 0.568003 
128300.000000 72902.000000 0.568215 
128400.000000 72982.000000 0.568396 
128500.000000 73072.000000 0.568654 
128600.000000 73150.000000 0.568818 
128700.000000 73218.000000 0.568904 
128800.000000 73278.000000 0.568929 
128900.000000 73378.000000 0.569263 
129000.000000 73452.000000 0.569395 
129100.000000 73534.000000 0.569589 
129200.000000 73626.000000 0.569861 
129300.000000 73718.000000 0.570131 
129400.000000 73814.000000 0.570433 
129500.000000 73908.000000 0.570718 
129600.000000 73950.000000 0.570602 
129700.000000 74032.000000 0.570794 
129800.000000 74120.000000 0.571032 
129900.000000 74220.000000 0.571363 
130000.000000 74294.000000 0.571492 
130100.000000 74388.000000 0.571776 
130200.000000 74462.000000 0.571905 
130300.000000 74528.000000 0.571972 
130400.000000 74610.000000 0.572163 
130500.000000 74690.000000 0.572337 
130600.000000 74782.000000 0.572603 
130700.000000 74880.000000 0.572915 
130800.000000 74972.000000 0.573180 
130900.000000 75066.000000 0.573461 
131000.000000 75158.000000 0.573725 
131100.000000 75256.000000 0.574035 
131200.000000 75344.000000 0.574268 
131300.000000 75430.000000 0.574486 
131400.000000 75514.000000 0.574688 
131500.000000 75598.000000 0.574890 
131600.000000 75686.000000 0.575122 
131700.000000 75784.000000 0.575429 
131800.000000 75852.000000 0.575508 
131900.000000 75938.000000 0.575724 
132000.000000 76034.000000 0.576015 
132100.000000 76104.000000 0.576109 
132200.000000 76168.000000 0.576157 
132300.000000 76262.000000 0.576432 
132400.000000 76348.000000 0.576647 
132500.000000 76430.000000 0.576830 
132600.000000 76522.000000 0.577089 
132700.000000 76584.000000 0.577121 
132800.000000 76672.000000 0.577349 
132900.000000 76744.000000 0.577457 
133000.000000 76822.000000 0.577609 
133100.000000 76920.000000 0.577911 
133200.000000 77000.000000 0.578078 
133300.000000 77082.000000 0.578260 
133400.000000 77168.000000 0.578471 
133500.000000 77250.000000 0.578652 
133600.000000 77336.000000 0.578862 
133700.000000 77436.000000 0.579177 
133800.000000 77536.000000 0.579492 
133900.000000 77594.000000 0.579492 
134000.000000 77686.000000 0.579746 
134100.000000 77772.000000 0.579955 
134200.000000 77872.000000 0.580268 
134300.000000 77930.000000 0.580268 
134400.000000 78026.000000 0.580551 
134500.000000 78106.000000 0.580714 
134600.000000 78202.000000 0.580996 
134700.000000 78290.000000 0.581218 
134800.000000 78374.000000 0.581410 
134900.000000 78458.000000 0.581601 
135000.000000 78522.000000 0.581644 
135100.000000 78618.000000 0.581924 
135200.000000 78710.000000 0.582175 
135300.000000 78796.000000 0.582380 
135400.000000 78888.000000 0.582629 
135500.000000 78954.000000 0.582686 
135600.000000 79054.000000 0.582994 
135700.000000 79130.000000 0.583125 
135800.000000 79202.000000 0.583225 
135900.000000 79260.000000 0.583223 
136000.000000 79360.000000 0.583529 
136100.000000 79460.000000 0.583835 
136200.000000 79558.000000 0.584126 
136300.000000 79620.000000 0.584153 
136400.000000 79720.000000 0.584457 
136500.000000 79814.000000 0.584718 
136600.000000 79864.000000 0.584656 
136700.000000 79952.000000 0.584872 
136800.000000 80046.000000 0.585132 
136900.000000 80112.000000 0.585186 
137000.000000 80178.000000 0.585241 
137100.000000 80260.000000 0.585412 
137200.000000 80352.000000 0.585656 
137300.000000 80422.000000 0.585739 
137400.000000 80500.000000 0.585881 
137500.000000 80586.000000 0.586080 
137600.000000 80666.000000 0.586235 
137700.000000 80724.000000 0.586231 
137800.000000 80784.000000 0.586241 
137900.000000 80874.000000 0.586468 
138000.000000 80948.000000 0.586580 
138100.000000 81020.000000 0.586676 
138200.000000 81118.000000 0.586961 
138300.000000 81208.000000 0.587187 
138400.000000 81290.000000 0.587355 
138500.000000 81390.000000 0.587653 
138600.000000 81478.000000 0.587864 
138700.000000 81564.000000 0.588061 
138800.000000 81628.000000 0.588098 
138900.000000 81712.000000 0.588279 
139000.000000 81794.000000 0.588446 
139100.000000 81894.000000 0.588742 
139200.000000 81950.000000 0.588721 
139300.000000 81982.000000 0.588528 
139400.000000 82062.000000 0.588680 
139500.000000 82160.000000 0.588961 
139600.000000 82258.000000 0.589241 
139700.000000 82326.000000 0.589306 
139800.000000 82356.000000 0.589099 
139900.000000 82428.000000 0.589192 
140000.000000 82488.000000 0.589200 
140100.000000 82574.000000 0.589393 
140200.000000 82616.000000 0.589272 
140300.000000 82684.000000 0.589337 
140400.000000 82780.000000 0.589601 
140500.000000 82860.000000 0.589751 
140600.000000 82940.000000 0.589900 
140700.000000 83000.000000 0.589908 
140800.000000 83072.000000 0.590000 
140900.000000 83168.000000 0.590263 
141000.000000 83240.000000 0.590355 
141100.000000 83320.000000 0.590503 
141200.000000 83404.000000 0.590680 
141300.000000 83486.000000 0.590842 
141400.000000 83582.000000 0.591103 
141500.000000 83676.000000 0.591350 
141600.000000 83736.000000 0.591356 
141700.000000 83774.000000 0.591207 
141800.000000 83870.000000 0.591467 
141900.000000 83960.000000 0.591684 
142000.000000 84054.000000 0.591930 
142100.000000 84108.000000 0.591893 
142200.000000 84182.000000 0.591997 
142300.000000 84280.000000 0.592270 
142400.000000 84356.000000 0.592388 
142500.000000 84446.000000 0.592604 
142600.000000 84544.000000 0.592875 
142700.000000 84610.000000 0.592922 
142800.000000 84688.000000 0.593053 
142900.000000 84780.000000 0.593282 
143000.000000 84848.000000 0.593343 
143100.000000 84884.000000 0.593180 
143200.000000 84972.000000 0.593380 
143300.000000 85064.000000 0.593608 
143400.000000 85150.000000 0.593794 
143500.000000 85212.000000 0.593812 
143600.000000 85306.000000 0.594053 
143700.000000 85362.000000 0.594029 
143800.000000 85462.000000 0.594312 
143900.000000 85510.000000 0.594232 
144000.000000 85600.000000 0.594444 
144100.000000 85690.000000 0.594656 
144200.000000 85788.000000 0.594924 
144300.000000 85872.000000 0.595094 
144400.000000 85940.000000 0.595152 
144500.000000 86038.000000 0.595419 
144600.000000 86138.000000 0.595698 
144700.000000 86208.000000 0.595771 
144800.000000 86304.000000 0.596022 
144900.000000 86388.000000 0.596190 
145000.000000 86474.000000 0.596372 
145100.000000 86568.000000 0.596609 
145200.000000 86668.000000 0.596887 
145300.000000 86768.000000 0.597165 
145400.000000 86850.000000 0.597318 
145500.000000 86950.000000 0.597594 
145600.000000 87042.000000 0.597816 
145700.000000 87128.000000 0.597996 
145800.000000 87198.000000 0.598066 
145900.000000 87254.000000 0.598040 
146000.000000 87332.000000 0.598164 
146100.000000 87432.000000 0.598439 
146200.000000 87524.000000 0.598659 
146300.000000 87598.000000 0.598756 
146400.000000 87642.000000 0.598648 
146500.000000 87712.000000 0.598717 
146600.000000 87788.000000 0.598827 
146700.000000 87880.000000 0.599046 
146800.000000 87954.000000 0.599142 
146900.000000 88024.000000 0.599210 
147000.000000 88124.000000 0.599483 
147100.000000 88218.000000 0.599714 
147200.000000 88316.000000 0.599973 
147300.000000 88412.000000 0.600217 
147400.000000 88474.000000 0.600231 
147500.000000 88548.000000 0.600325 
147600.000000 88628.000000 0.600461 
147700.000000 88726.000000 0.600718 
147800.000000 88816.000000 0.600920 
147900.000000 88900.000000 0.601082 
148000.000000 88950.000000 0.601014 
148100.000000 89036.000000 0.601188 
148200.000000 89130.000000 0.601417 
148300.000000 89180.000000 0.601349 
148400.000000 89276.000000 0.601590 
148500.000000 89360.000000 0.601751 
148600.000000 89440.000000 0.601884 
148700.000000 89532.000000 0.602098 
148800.000000 89596.000000 0.602124 
148900.000000 89672.000000 0.602230 
149000.000000 89772.000000 0.602497 
149100.000000 89850.000000 0.602616 
149200.000000 89926.000000 0.602721 
149300.000000 90012.000000 0.602894 
149400.000000 90106.000000 0.603119 
149500.000000 90196.000000 0.603318 
149600.000000 90280.000000 0.603476 
149700.000000 90366.000000 0.603647 
149800.000000 90444.000000 0.603765 
149900.000000 90544.000000 0.604029 
150000.000000 90574.000000 0.603827 
150100.000000 90672.000000 0.604077 
150200.000000 90764.000000 0.604288 
150300.000000 90854.000000 0.604484 
150400.000000 90932.000000 0.604601 
150500.000000 91026.000000 0.604824 
150600.000000 91096.000000 0.604887 
150700.000000 91194.000000 0.605136 
150800.000000 91266.000000 0.605212 
150900.000000 91344.000000 0.605328 
151000.000000 91418.000000 0.605417 
151100.000000 91480.000000 0.605427 
151200.000000 91566.000000 0.605595 
151300.000000 91660.000000 0.605816 
151400.000000 91760.000000 0.606077 
151500.000000 91836.000000 0.606178 
151600.000000 91900.000000 0.606201 
151700.000000 91914.000000 0.605893 
151800.000000 92006.000000 0.606100 
151900.000000 92072.000000 0.606136 
152000.000000 92160.000000 0.606316 
152100.000000 92234.000000 0.606404 
152200.000000 92334.000000 0.606662 
152300.000000 92426.000000 0.606868 
152400.000000 92502.000000 0.606969 
152500.000000 92576.000000 0.607056 
152600.000000 92672.000000 0.607287 
152700.000000 92700.000000 0.607073 
152800.000000 92796.000000 0.607304 
152900.000000 92880.000000 0.607456 
153000.000000 92980.000000 0.607712 
153100.000000 93076.000000 0.607943 
153200.000000 93156.000000 0.608068 
153300.000000 93212.000000 0.608037 
153400.000000 93274.000000 0.608044 
153500.000000 93362.000000 0.608221 
153600.000000 93444.000000 0.608359 
153700.000000 93520.000000 0.608458 
153800.000000 93586.000000 0.608492 
153900.000000 93684.000000 0.608733 
154000.000000 93742.000000 0.608714 
154100.000000 93836.000000 0.608929 
154200.000000 93912.000000 0.609027 
154300.000000 93998.000000 0.609190 
154400.000000 94074.000000 0.609288 
154500.000000 94148.000000 0.609372 
154600.000000 94224.000000 0.609470 
154700.000000 94304.000000 0.609593 
154800.000000 94390.000000 0.609755 
154900.000000 94482.000000 0.609955 
155000.000000 94554.000000 0.610026 
155100.000000 94654.000000 0.610277 
155200.000000 94726.000000 0.610348 
155300.000000 94820.000000 0.610560 
155400.000000 94914.000000 0.610772 
155500.000000 94992.000000 0.610881 
155600.000000 95058.000000 0.610913 
155700.000000 95140.000000 0.611047 
155800.000000 95214.000000 0.611130 
155900.000000 95310.000000 0.611353 
156000.000000 95374.000000 0.611372 
156100.000000 95446.000000 0.611441 
156200.000000 95536.000000 0.611626 
156300.000000 95618.000000 0.611759 
156400.000000 95682.000000 0.611777 
156500.000000 95726.000000 0.611668 
156600.000000 95816.000000 0.611852 
156700.000000 95882.000000 0.611883 
156800.000000 95960.000000 0.611990 
156900.000000 96060.000000 0.612237 
157000.000000 96130.000000 0.612293 
157100.000000 96208.000000 0.612400 
157200.000000 96292.000000 0.612545 
157300.000000 96376.000000 0.612689 
157400.000000 96460.000000 0.612834 
157500.000000 96540.000000 0.612952 
157600.000000 96620.000000 0.613071 
157700.000000 96684.000000 0.613088 
157800.000000 96770.000000 0.613245 
157900.000000 96842.000000 0.613312 
158000.000000 96908.000000 0.613342 
158100.000000 97006.000000 0.613574 
158200.000000 97104.000000 0.613805 
158300.000000 97164.000000 0.613797 
158400.000000 97224.000000 0.613788 
158500.000000 97314.000000 0.613968 
158600.000000 97392.000000 0.614073 
158700.000000 97480.000000 0.614241 
158800.000000 97548.000000 0.614282 
158900.000000 97596.000000 0.614198 
159000.000000 97672.000000 0.614289 
159100.000000 97732.000000 0.614280 
159200.000000 97814.000000 0.614410 
159300.000000 97898.000000 0.614551 
159400.000000 97984.000000 0.614705 
159500.000000 98074.000000 0.614884 
159600.000000 98170.000000 0.615100 
159700.000000 98242.000000 0.615166 
159800.000000 98294.000000 0.615106 
159900.000000 98382.000000 0.615272 
160000.000000 98460.000000 0.615375 
160100.000000 98524.000000 0.615390 
160200.000000 98576.000000 0.615331 
160300.000000 98636.000000 0.615321 
160400.000000 98730.000000 0.615524 
160500.000000 98806.000000 0.615614 
160600.000000 98890.000000 0.615753 
160700.000000 98928.000000 0.615607 
160800.000000 99004.000000 0.615696 
160900.000000 99018.000000 0.615401 
161000.000000 99100.000000 0.615528 
161100.000000 99160.000000 0.615518 
161200.000000 99256.000000 0.615732 
161300.000000 99332.000000 0.615821 
161400.000000 99380.000000 0.615737 
161500.000000 99466.000000 0.615889 
161600.000000 99548.000000 0.616015 
161700.000000 99614.000000 0.616042 
161800.000000 99714.000000 0.616279 
161900.000000 99776.000000 0.616282 
162000.000000 99854.000000 0.616383 
162100.000000 99954.000000 0.616619 
162200.000000 100050.000000 0.616831 
162300.000000 100142.000000 0.617018 
162400.000000 100230.000000 0.617180 
162500.000000 100320.000000 0.617354 
162600.000000 100396.000000 0.617442 
162700.000000 100484.000000 0.617603 
162800.000000 100578.000000 0.617801 
162900.000000 100640.000000 0.617802 
163000.000000 100712.000000 0.617865 
163100.000000 100774.000000 0.617866 
163200.000000 100846.000000 0.617929 
163300.000000 100938.000000 0.618114 
163400.000000 101022.000000 0.618250 
163500.000000 101120.000000 0.618471 
163600.000000 101198.000000 0.618570 
163700.000000 101262.000000 0.618583 
163800.000000 101320.000000 0.618559 
163900.000000 101400.000000 0.618670 
164000.000000 101482.000000 0.618793 
164100.000000 101536.000000 0.618745 
164200.000000 101628.000000 0.618928 
164300.000000 101674.000000 0.618831 
164400.000000 101774.000000 0.619063 
164500.000000 101862.000000 0.619222 
164600.000000 101958.000000 0.619429 
164700.000000 102058.000000 0.619660 
164800.000000 102114.000000 0.619624 
164900.000000 102204.000000 0.619794 
165000.000000 102260.000000 0.619758 
165100.000000 102350.000000 0.619927 
165200.000000 102442.000000 0.620109 
165300.000000 102542.000000 0.620339 
165400.000000 102642.000000 0.620568 
165500.000000 102730.000000 0.620725 
165600.000000 102792.000000 0.620725 
165700.000000 102884.000000 0.620905 
165800.000000 102976.000000 0.621086 
165900.000000 103060.000000 0.621218 
166000.000000 103138.000000 0.621313 
166100.000000 103230.000000 0.621493 
166200.000000 103330.000000 0.621721 
166300.000000 103426.000000 0.621924 
166400.000000 103518.000000 0.622103 
166500.000000 103616.000000 0.622318 
166600.000000 103706.000000 0.622485 
166700.000000 103772.000000 0.622508 
166800.000000 103870.000000 0.622722 
166900.000000 103964.000000 0.622912 
167000.000000 104052.000000 0.623066 
167100.000000 104128.000000 0.623148 
167200.000000 104212.000000 0.623277 
167300.000000 104312.000000 0.623503 
167400.000000 104404.000000 0.623680 
167500.000000 104490.000000 0.623821 
167600.000000 104586.000000 0.624021 
167700.000000 104646.000000 0.624007 
167800.000000 104746.000000 0.624231 
167900.000000 104816.000000 0.624276 
168000.000000 104916.000000 0.624500 
168100.000000 104998.000000 0.624616 
168200.000000 105098.000000 0.624839 
168300.000000 105192.000000 0.625027 
168400.000000 105250.000000 0.625000 
168500.000000 105332.000000 0.625116 
168600.000000 105410.000000 0.625208 
168700.000000 105496.000000 0.625347 
168800.000000 105566.000000 0.625391 
168900.000000 105660.000000 0.625577 
169000.000000 105754.000000 0.625763 
169100.000000 105824.000000 0.625807 
169200.000000 105894.000000 0.625851 
169300.000000 105992.000000 0.626060 
169400.000000 106066.000000 0.626127 
169500.000000 106166.000000 0.626348 
169600.000000 106248.000000 0.626462 
169700.000000 106348.000000 0.626682 
169800.000000 106446.000000 0.626890 
169900.000000 106492.000000 0.626792 
170000.000000 106582.000000 0.626953 
170100.000000 106676.000000 0.627137 
170200.000000 106768.000000 0.627309 
170300.000000 106860.000000 0.627481 
170400.000000 106950.000000 0.627641 
170500.000000 107018.000000 0.627672 
170600.000000 107076.000000 0.627644 
170700.000000 107160.000000 0.627768 
170800.000000 107260.000000 0.627986 
170900.000000 107318.000000 0.627958 
171000.000000 107398.000000 0.628058 
171100.000000 107488.000000 0.628217 
171200.000000 107574.000000 0.628353 
171300.000000 107638.000000 0.628360 
171400.000000 107722.000000 0.628483 
171500.000000 107800.000000 0.628571 
171600.000000 107900.000000 0.628788 
171700.000000 108000.000000 0.629004 
171800.000000 108066.000000 0.629022 
171900.000000 108134.000000 0.629052 
172000.000000 108212.000000 0.629140 
172100.000000 108292.000000 0.629239 
172200.000000 108370.000000 0.629326 
172300.000000 108454.000000 0.629449 
172400.000000 108518.000000 0.629455 
172500.000000 108580.000000 0.629449 
172600.000000 108656.000000 0.629525 
172700.000000 108752.000000 0.629716 
172800.000000 108832.000000 0.629815 
172900.000000 108930.000000 0.630017 
173000.000000 109030.000000 0.630231 
173100.000000 109130.000000 0.630445 
173200.000000 109212.000000 0.630554 
173300.000000 109308.000000 0.630744 
173400.000000 109404.000000 0.630934 
173500.000000 109502.000000 0.631135 
173600.000000 109598.000000 0.631325 
173700.000000 109698.000000 0.631537 
173800.000000 109790.000000 0.631703 
173900.000000 109880.000000 0.631857 
174000.000000 109970.000000 0.632011 
174100.000000 110058.000000 0.632154 
174200.000000 110148.000000 0.632308 
174300.000000 110232.000000 0.632427 
174400.000000 110332.000000 0.632638 
174500.000000 110418.000000 0.632768 
174600.000000 110488.000000 0.632806 
174700.000000 110584.000000 0.632994 
174800.000000 110672.000000 0.633135 
174900.000000 110734.000000 0.633128 
175000.000000 110822.000000 0.633269 
175100.000000 110904.000000 0.633375 
175200.000000 110944.000000 0.633242 
175300.000000 111028.000000 0.633360 
175400.000000 111106.000000 0.633444 
175500.000000 111188.000000 0.633550 
175600.000000 111282.000000 0.633724 
175700.000000 111358.000000 0.633796 
175800.000000 111450.000000 0.633959 
175900.000000 111510.000000 0.633940 
176000.000000 111588.000000 0.634023 
176100.000000 111676.000000 0.634162 
176200.000000 111774.000000 0.634359 
176300.000000 111872.000000 0.634555 
176400.000000 111964.000000 0.634717 
176500.000000 112028.000000 0.634720 
176600.000000 112128.000000 0.634926 
176700.000000 112204.000000 0.634997 
176800.000000 112296.000000 0.635158 
176900.000000 112378.000000 0.635263 
177000.000000 112468.000000 0.635412 
177100.000000 112568.000000 0.635618 
177200.000000 112648.000000 0.635711 
177300.000000 112746.000000 0.635905 
177400.000000 112836.000000 0.636054 
177500.000000 112928.000000 0.636214 
177600.000000 113020.000000 0.636374 
177700.000000 113098.000000 0.636455 
177800.000000 113182.000000 0.636569 
177900.000000 113240.000000 0.636537 
178000.000000 113338.000000 0.636730 
178100.000000 113436.000000 0.636923 
178200.000000 113526.000000 0.637071 
178300.000000 113614.000000 0.637207 
178400.000000 113686.000000 0.637253 
178500.000000 113742.000000 0.637210 
178600.000000 113828.000000 0.637335 
178700.000000 113900.000000 0.637381 
178800.000000 113982.000000 0.637483 
178900.000000 114042.000000 0.637462 
179000.000000 114134.000000 0.637620 
179100.000000 114212.000000 0.637700 
179200.000000 114306.000000 0.637868 
179300.000000 114398.000000 0.638026 
179400.000000 114488.000000 0.638172 
179500.000000 114570.000000 0.638273 
179600.000000 114668.000000 0.638463 
179700.000000 114744.000000 0.638531 
179800.000000 114824.000000 0.638621 
179900.000000 114920.000000 0.638799 
180000.000000 115012.000000 0.638956 
180100.000000 115074.000000 0.638945 
180200.000000 115120.000000 0.638846 
180300.000000 115204.000000 0.638957 
180400.000000 115262.000000 0.638925 
180500.000000 115322.000000 0.638903 
180600.000000 115400.000000 0.638981 
180700.000000 115472.000000 0.639026 
180800.000000 115572.000000 0.639226 
180900.000000 115650.000000 0.639304 
181000.000000 115730.000000 0.639392 
181100.000000 115808.000000 0.639470 
181200.000000 115900.000000 0.639625 
181300.000000 115978.000000 0.639702 
181400.000000 116046.000000 0.639724 
181500.000000 116110.000000 0.639724 
181600.000000 116162.000000 0.639659 
181700.000000 116238.000000 0.639725 
181800.000000 116330.000000 0.639879 
181900.000000 116426.000000 0.640055 
182000.000000 116520.000000 0.640220 
182100.000000 116618.000000 0.640406 
182200.000000 116702.000000 0.640516 
182300.000000 116760.000000 0.640483 
182400.000000 116850.000000 0.640625 
182500.000000 116896.000000 0.640526 
182600.000000 116996.000000 0.640723 
182700.000000 117086.000000 0.640865 
182800.000000 117186.000000 0.641061 
182900.000000 117276.000000 0.641203 
183000.000000 117348.000000 0.641246 
183100.000000 117446.000000 0.641431 
183200.000000 117506.000000 0.641408 
183300.000000 117602.000000 0.641582 
183400.000000 117670.000000 0.641603 
183500.000000 117706.000000 0.641450 
183600.000000 117792.000000 0.641569 
183700.000000 117878.000000 0.641688 
183800.000000 117960.000000 0.641785 
183900.000000 118046.000000 0.641903 
184000.000000 118134.000000 0.642033 
184100.000000 118230.000000 0.642205 
184200.000000 118294.000000 0.642204 
184300.000000 118364.000000 0.642235 
184400.000000 118458.000000 0.642397 
184500.000000 118552.000000 0.642558 
184600.000000 118652.000000 0.642752 
184700.000000 118720.000000 0.642772 
184800.000000 118792.000000 0.642814 
184900.000000 118884.000000 0.642964 
185000.000000 118954.000000 0.642995 
185100.000000 119032.000000 0.643069 
185200.000000 119124.000000 0.643218 
185300.000000 119220.000000 0.643389 
185400.000000 119320.000000 0.643581 
185500.000000 119410.000000 0.643720 
185600.000000 119490.000000 0.643804 
185700.000000 119580.000000 0.643942 
185800.000000 119646.000000 0.643950 
185900.000000 119740.000000 0.644110 
186000.000000 119840.000000 0.644301 
186100.000000 119928.000000 0.644428 
186200.000000 120004.000000 0.644490 
186300.000000 120090.000000 0.644605 
186400.000000 120178.000000 0.644732 
186500.000000 120270.000000 0.644879 
186600.000000 120356.000000 0.644995 
186700.000000 120398.000000 0.644874 
186800.000000 120490.000000 0.645021 
186900.000000 120570.000000 0.645104 
187000.000000 120636.000000 0.645112 
187100.000000 120724.000000 0.645238 
187200.000000 120814.000000 0.645374 
187300.000000 120900.000000 0.645489 
187400.000000 121000.000000 0.645678 
187500.000000 121048.000000 0.645589 
187600.000000 121148.000000 0.645778 
187700.000000 121244.000000 0.645946 
187800.000000 121334.000000 0.646081 
187900.000000 121426.000000 0.646227 
188000.000000 121524.000000 0.646404 
188100.000000 121614.000000 0.646539 
188200.000000 121706.000000 0.646684 
188300.000000 121800.000000 0.646840 
188400.000000 121892.000000 0.646985 
188500.000000 121988.000000 0.647151 
188600.000000 122080.000000 0.647296 
188700.000000 122174.000000 0.647451 
188800.000000 122274.000000 0.647638 
188900.000000 122372.000000 0.647814 
189000.000000 122460.000000 0.647937 
189100.000000 122512.000000 0.647869 
189200.000000 122590.000000 0.647939 
189300.000000 122644.000000 0.647882 
189400.000000 122706.000000 0.647867 
189500.000000 122802.000000 0.648032 
189600.000000 122886.000000 0.648133 
189700.000000 122972.000000 0.648245 
189800.000000 123048.000000 0.648303 
189900.000000 123142.000000 0.648457 
190000.000000 123216.000000 0.648505 
190100.000000 123272.000000 0.648459 
190200.000000 123354.000000 0.648549 
190300.000000 123454.000000 0.648734 
190400.000000 123518.000000 0.648729 
190500.000000 123612.000000 0.648882 
190600.000000 123678.000000 0.648888 
190700.000000 123744.000000 0.648894 
190800.000000 123832.000000 0.649015 
190900.000000 123930.000000 0.649188 
191000.000000 124004.000000 0.649236 
191100.000000 124070.000000 0.649241 
191200.000000 124150.000000 0.649320 
191300.000000 124242.000000 0.649462 
191400.000000 124320.000000 0.649530 
191500.000000 124408.000000 0.649650 
191600.000000 124482.000000 0.649697 
191700.000000 124576.000000 0.649849 
191800.000000 124670.000000 0.650000 
191900.000000 124750.000000 0.650078 
192000.000000 124846.000000 0.650240 
192100.000000 124936.000000 0.650370 
192200.000000 125026.000000 0.650499 
192300.000000 125110.000000 0.650598 
192400.000000 125158.000000 0.650509 
192500.000000 125234.000000 0.650566 
192600.000000 125334.000000 0.650748 
192700.000000 125400.000000 0.650752 
192800.000000 125492.000000 0.650892 
192900.000000 125584.000000 0.651032 
193000.000000 125666.000000 0.651119 
193100.000000 125754.000000 0.651238 
193200.000000 125852.000000 0.651408 
193300.000000 125946.000000 0.651557 
193400.000000 126034.000000 0.651675 
193500.000000 126134.000000 0.651855 
193600.000000 126218.000000 0.651953 
193700.000000 126272.000000 0.651895 
193800.000000 126358.000000 0.652002 
193900.000000 126406.000000 0.651913 
194000.000000 126506.000000 0.652093 
194100.000000 126590.000000 0.652190 
194200.000000 126662.000000 0.652224 
194300.000000 126762.000000 0.652403 
194400.000000 126860.000000 0.652572 
194500.000000 126952.000000 0.652709 
194600.000000 127050.000000 0.652878 
194700.000000 127150.000000 0.653056 
194800.000000 127244.000000 0.653203 
194900.000000 127332.000000 0.653320 
195000.000000 127406.000000 0.653364 
195100.000000 127494.000000 0.653480 
195200.000000 127550.000000 0.653432 
195300.000000 127630.000000 0.653507 
195400.000000 127704.000000 0.653552 
195500.000000 127780.000000 0.653606 
195600.000000 127832.000000 0.653538 
195700.000000 127908.000000 0.653592 
195800.000000 128008.000000 0.653769 
195900.000000 128098.000000 0.653895 
196000.000000 128126.000000 0.653704 
196100.000000 128216.000000 0.653830 
196200.000000 128290.000000 0.653874 
196300.000000 128390.000000 0.654050 
196400.000000 128466.000000 0.654104 
196500.000000 128558.000000 0.654239 
196600.000000 128634.000000 0.654293 
196700.000000 128706.000000 0.654326 
196800.000000 128780.000000 0.654370 
196900.000000 128880.000000 0.654545 
197000.000000 128980.000000 0.654721 
197100.000000 129076.000000 0.654876 
197200.000000 129156.000000 0.654949 
197300.000000 129244.000000 0.655063 
197400.000000 129304.000000 0.655035 
197500.000000 129372.000000 0.655048 
197600.000000 129452.000000 0.655121 
197700.000000 129514.000000 0.655104 
197800.000000 129606.000000 0.655238 
197900.000000 129702.000000 0.655392 
198000.000000 129794.000000 0.655525 
198100.000000 129876.000000 0.655608 
198200.000000 129956.000000 0.655681 
198300.000000 130020.000000 0.655673 
198400.000000 130100.000000 0.655746 
198500.000000 130176.000000 0.655798 
198600.000000 130262.000000 0.655901 
198700.000000 130346.000000 0.655994 
198800.000000 130442.000000 0.656147 
198900.000000 130530.000000 0.656259 
199000.000000 130608.000000 0.656322 
199100.000000 130708.000000 0.656494 
199200.000000 130786.000000 0.656556 
199300.000000 130858.000000 0.656588 
199400.000000 130940.000000 0.656670 
199500.000000 131026.000000 0.656772 
199600.000000 131088.000000 0.656753 
199700.000000 131162.000000 0.656795 
199800.000000 131232.000000 0.656817 
199900.000000 131284.000000 0.656748 
200000.000000 131346.000000 0.656730 
