100.000000 -14.000000 -0.140000 
200.000000 -114.000000 -0.570000 
300.000000 -214.000000 -0.713333 
400.000000 -314.000000 -0.785000 
500.000000 -352.000000 -0.704000 
600.000000 -412.000000 -0.686667 
700.000000 -512.000000 -0.731429 
800.000000 -612.000000 -0.765000 
900.000000 -712.000000 -0.791111 
1000.000000 -776.000000 -0.776000 
1100.000000 -870.000000 -0.790909 
1200.000000 -970.000000 -0.808333 
1300.000000 -1070.000000 -0.823077 
1400.000000 -1170.000000 -0.835714 
1500.000000 -1270.000000 -0.846667 
1600.000000 -1370.000000 -0.856250 
1700.000000 -1428.000000 -0.840000 
1800.000000 -1460.000000 -0.811111 
1900.000000 -1542.000000 -0.811579 
2000.000000 -1612.000000 -0.806000 
2100.000000 -1704.000000 -0.811429 
2200.000000 -1774.000000 -0.806364 
2300.000000 -1808.000000 -0.786087 
2400.000000 -1856.000000 -0.773333 
2500.000000 -1912.000000 -0.764800 
2600.000000 -1916.000000 -0.736923 
2700.000000 -1984.000000 -0.734815 
2800.000000 -2074.000000 -0.740714 
2900.000000 -2152.000000 -0.742069 
3000.000000 -2152.000000 -0.717333 
3100.000000 -2104.000000 -0.678710 
3200.000000 -2200.000000 -0.687500 
3300.000000 -2246.000000 -0.680606 
3400.000000 -2304.000000 -0.677647 
3500.000000 -2364.000000 -0.675429 
3600.000000 -2410.000000 -0.669444 
3700.000000 -2420.000000 -0.654054 
3800.000000 -2480.000000 -0.652632 
3900.000000 -2580.000000 -0.661538 
4000.000000 -2680.000000 -0.670000 
4100.000000 -2780.000000 -0.678049 
4200.000000 -2880.000000 -0.685714 
4300.000000 -2980.000000 -0.693023 
4400.000000 -3032.000000 -0.689091 
4500.000000 -2972.000000 -0.660444 
4600.000000 -2920.000000 -0.634783 
4700.000000 -2894.000000 -0.615745 
4800.000000 -2982.000000 -0.621250 
4900.000000 -3082.000000 -0.628980 
5000.000000 -3166.000000 -0.633200 
5100.000000 -3228.000000 -0.632941 
5200.000000 -3252.000000 -0.625385 
5300.000000 -3300.000000 -0.622642 
5400.000000 -3308.000000 -0.612593 
5500.000000 -3398.000000 -0.617818 
5600.000000 -3382.000000 -0.603929 
5700.000000 -3378.000000 -0.592632 
5800.000000 -3346.000000 -0.576897 
5900.000000 -3446.000000 -0.584068 
6000.000000 -3404.000000 -0.567333 
6100.000000 -3396.000000 -0.556721 
6200.000000 -3488.000000 -0.562581 
6300.000000 -3578.000000 -0.567936 
6400.000000 -3670.000000 -0.573438 
6500.000000 -3710.000000 -0.570769 
6600.000000 -3810.000000 -0.577273 
6700.000000 -3848.000000 -0.574328 
6800.000000 -3902.000000 -0.573824 
6900.000000 -3940.000000 -0.571014 
7000.000000 -3964.000000 -0.566286 
7100.000000 -4002.000000 -0.563662 
7200.000000 -3990.000000 -0.554167 
7300.000000 -4006.000000 -0.548767 
7400.000000 -4042.000000 -0.546216 
7500.000000 -4056.000000 -0.540800 
7600.000000 -4056.000000 -0.533684 
7700.000000 -4056.000000 -0.526753 
7800.000000 -4084.000000 -0.523590 
7900.000000 -4020.000000 -0.508861 
8000.000000 -3992.000000 -0.499000 
8100.000000 -3980.000000 -0.491358 
8200.000000 -3978.000000 -0.485122 
8300.000000 -3954.000000 -0.476386 
8400.000000 -3960.000000 -0.471429 
8500.000000 -3986.000000 -0.468941 
8600.000000 -4054.000000 -0.471395 
8700.000000 -4016.000000 -0.461609 
8800.000000 -3928.000000 -0.446364 
8900.000000 -3870.000000 -0.434831 
9000.000000 -3874.000000 -0.430444 
9100.000000 -3882.000000 -0.426593 
9200.000000 -3926.000000 -0.426739 
9300.000000 -3878.000000 -0.416989 
9400.000000 -3842.000000 -0.408723 
9500.000000 -3760.000000 -0.395789 
9600.000000 -3742.000000 -0.389792 
9700.000000 -3842.000000 -0.396082 
9800.000000 -3806.000000 -0.388367 
9900.000000 -3764.000000 -0.380202 
10000.000000 -3750.000000 -0.375000 
10100.000000 -3732.000000 -0.369505 
10200.000000 -3658.000000 -0.358627 
10300.000000 -3590.000000 -0.348544 
10400.000000 -3518.000000 -0.338269 
10500.000000 -3474.000000 -0.330857 
10600.000000 -3508.000000 -0.330943 
10700.000000 -3464.000000 -0.323738 
10800.000000 -3430.000000 -0.317593 
10900.000000 -3414.000000 -0.313211 
11000.000000 -3410.000000 -0.310000 
11100.000000 -3368.000000 -0.303423 
11200.000000 -3306.000000 -0.295179 
11300.000000 -3230.000000 -0.285841 
11400.000000 -3136.000000 -0.275088 
11500.000000 -3214.000000 -0.279478 
11600.000000 -3192.000000 -0.275172 
11700.000000 -3228.000000 -0.275897 
11800.000000 -3138.000000 -0.265932 
11900.000000 -3122.000000 -0.262353 
12000.000000 -3040.000000 -0.253333 
12100.000000 -3068.000000 -0.253554 
12200.000000 -2984.000000 -0.244590 
12300.000000 -2890.000000 -0.234959 
12400.000000 -2816.000000 -0.227097 
12500.000000 -2800.000000 -0.224000 
12600.000000 -2784.000000 -0.220952 
12700.000000 -2706.000000 -0.213071 
12800.000000 -2716.000000 -0.212187 
12900.000000 -2622.000000 -0.203256 
13000.000000 -2568.000000 -0.197538 
13100.000000 -2484.000000 -0.189618 
13200.000000 -2396.000000 -0.181515 
13300.000000 -2330.000000 -0.175188 
13400.000000 -2258.000000 -0.168507 
13500.000000 -2194.000000 -0.162519 
13600.000000 -2144.000000 -0.157647 
13700.000000 -2078.000000 -0.151679 
13800.000000 -2028.000000 -0.146957 
13900.000000 -1948.000000 -0.140144 
14000.000000 -1864.000000 -0.133143 
14100.000000 -1780.000000 -0.126241 
14200.000000 -1690.000000 -0.119014 
14300.000000 -1618.000000 -0.113147 
14400.000000 -1562.000000 -0.108472 
14500.000000 -1504.000000 -0.103724 
14600.000000 -1432.000000 -0.098082 
14700.000000 -1362.000000 -0.092653 
14800.000000 -1328.000000 -0.089730 
14900.000000 -1272.000000 -0.085369 
15000.000000 -1230.000000 -0.082000 
15100.000000 -1160.000000 -0.076821 
15200.000000 -1096.000000 -0.072105 
15300.000000 -1020.000000 -0.066667 
15400.000000 -940.000000 -0.061039 
15500.000000 -848.000000 -0.054710 
15600.000000 -790.000000 -0.050641 
15700.000000 -702.000000 -0.044713 
15800.000000 -622.000000 -0.039367 
15900.000000 -524.000000 -0.032956 
16000.000000 -570.000000 -0.035625 
16100.000000 -500.000000 -0.031056 
16200.000000 -426.000000 -0.026296 
16300.000000 -344.000000 -0.021104 
16400.000000 -250.000000 -0.015244 
16500.000000 -190.000000 -0.011515 
16600.000000 -120.000000 -0.007229 
16700.000000 -80.000000 -0.004790 
16800.000000 -18.000000 -0.001071 
16900.000000 38.000000 0.002249 
17000.000000 124.000000 0.007294 
17100.000000 214.000000 0.012515 
17200.000000 304.000000 0.017674 
17300.000000 352.000000 0.020347 
17400.000000 396.000000 0.022759 
17500.000000 430.000000 0.024571 
17600.000000 506.000000 0.028750 
17700.000000 556.000000 0.031412 
17800.000000 632.000000 0.035506 
17900.000000 708.000000 0.039553 
18000.000000 798.000000 0.044333 
18100.000000 746.000000 0.041215 
18200.000000 790.000000 0.043407 
18300.000000 864.000000 0.047213 
18400.000000 922.000000 0.050109 
18500.000000 1012.000000 0.054703 
18600.000000 1092.000000 0.058710 
18700.000000 1174.000000 0.062781 
18800.000000 1246.000000 0.066277 
18900.000000 1338.000000 0.070794 
19000.000000 1398.000000 0.073579 
19100.000000 1474.000000 0.077173 
19200.000000 1550.000000 0.080729 
19300.000000 1622.000000 0.084041 
19400.000000 1644.000000 0.084742 
19500.000000 1708.000000 0.087590 
19600.000000 1778.000000 0.090714 
19700.000000 1838.000000 0.093299 
19800.000000 1904.000000 0.096162 
19900.000000 1986.000000 0.099799 
20000.000000 2052.000000 0.102600 
20100.000000 2144.000000 0.106667 
20200.000000 2198.000000 0.108812 
20300.000000 2252.000000 0.110936 
20400.000000 2334.000000 0.114412 
20500.000000 2398.000000 0.116976 
20600.000000 2460.000000 0.119417 
20700.000000 2552.000000 0.123285 
20800.000000 2610.000000 0.125481 
20900.000000 2626.000000 0.125646 
21000.000000 2652.000000 0.126286 
21100.000000 2694.000000 0.127678 
21200.000000 2782.000000 0.131226 
21300.000000 2842.000000 0.133427 
21400.000000 2934.000000 0.137103 
21500.000000 2988.000000 0.138977 
21600.000000 3068.000000 0.142037 
21700.000000 3148.000000 0.145069 
21800.000000 3224.000000 0.147890 
21900.000000 3264.000000 0.149041 
22000.000000 3320.000000 0.150909 
22100.000000 3364.000000 0.152217 
22200.000000 3394.000000 0.152883 
22300.000000 3462.000000 0.155247 
22400.000000 3530.000000 0.157589 
22500.000000 3590.000000 0.159556 
22600.000000 3638.000000 0.160973 
22700.000000 3692.000000 0.162643 
22800.000000 3786.000000 0.166053 
22900.000000 3864.000000 0.168734 
23000.000000 3928.000000 0.170783 
23100.000000 3954.000000 0.171169 
23200.000000 3994.000000 0.172155 
23300.000000 4076.000000 0.174936 
23400.000000 4154.000000 0.177521 
23500.000000 4212.000000 0.179234 
23600.000000 4260.000000 0.180508 
23700.000000 4336.000000 0.182954 
23800.000000 4386.000000 0.184286 
23900.000000 4470.000000 0.187029 
24000.000000 4536.000000 0.189000 
24100.000000 4584.000000 0.190207 
24200.000000 4680.000000 0.193388 
24300.000000 4752.000000 0.195556 
24400.000000 4810.000000 0.197131 
24500.000000 4898.000000 0.199918 
24600.000000 4960.000000 0.201626 
24700.000000 5018.000000 0.203158 
24800.000000 5096.000000 0.205484 
24900.000000 5160.000000 0.207229 
25000.000000 5226.000000 0.209040 
25100.000000 5310.000000 0.211554 
25200.000000 5390.000000 0.213889 
25300.000000 5418.000000 0.214150 
25400.000000 5468.000000 0.215276 
25500.000000 5522.000000 0.216549 
25600.000000 5580.000000 0.217969 
25700.000000 5650.000000 0.219844 
25800.000000 5750.000000 0.222868 
25900.000000 5818.000000 0.224633 
26000.000000 5872.000000 0.225846 
26100.000000 5950.000000 0.227969 
26200.000000 6030.000000 0.230153 
26300.000000 6126.000000 0.232928 
26400.000000 6224.000000 0.235758 
26500.000000 6260.000000 0.236226 
26600.000000 6328.000000 0.237895 
26700.000000 6424.000000 0.240599 
26800.000000 6504.000000 0.242687 
26900.000000 6552.000000 0.243569 
27000.000000 6596.000000 0.244296 
27100.000000 6680.000000 0.246494 
27200.000000 6744.000000 0.247941 
27300.000000 6824.000000 0.249963 
27400.000000 6872.000000 0.250803 
27500.000000 6938.000000 0.252291 
27600.000000 7012.000000 0.254058 
27700.000000 7072.000000 0.255307 
27800.000000 7126.000000 0.256331 
27900.000000 7192.000000 0.257778 
28000.000000 7250.000000 0.258929 
28100.000000 7334.000000 0.260996 
28200.000000 7416.000000 0.262979 
28300.000000 7460.000000 0.263604 
28400.000000 7524.000000 0.264930 
28500.000000 7568.000000 0.265544 
28600.000000 7590.000000 0.265385 
28700.000000 7654.000000 0.266690 
28800.000000 7682.000000 0.266736 
28900.000000 7750.000000 0.268166 
29000.000000 7792.000000 0.268690 
29100.000000 7852.000000 0.269828 
29200.000000 7914.000000 0.271027 
29300.000000 7958.000000 0.271604 
29400.000000 8008.000000 0.272381 
29500.000000 8066.000000 0.273424 
29600.000000 8118.000000 0.274257 
29700.000000 8190.000000 0.275758 
29800.000000 8244.000000 0.276644 
29900.000000 8308.000000 0.277860 
30000.000000 8382.000000 0.279400 
30100.000000 8434.000000 0.280199 
30200.000000 8446.000000 0.279669 
30300.000000 8484.000000 0.280000 
30400.000000 8562.000000 0.281645 
30500.000000 8634.000000 0.283082 
30600.000000 8678.000000 0.283595 
30700.000000 8750.000000 0.285016 
30800.000000 8808.000000 0.285974 
30900.000000 8834.000000 0.285890 
31000.000000 8924.000000 0.287871 
31100.000000 9014.000000 0.289839 
31200.000000 9082.000000 0.291090 
31300.000000 9132.000000 0.291757 
31400.000000 9206.000000 0.293185 
31500.000000 9228.000000 0.292952 
31600.000000 9294.000000 0.294114 
31700.000000 9372.000000 0.295647 
31800.000000 9402.000000 0.295660 
31900.000000 9468.000000 0.296803 
32000.000000 9480.000000 0.296250 
32100.000000 9512.000000 0.296324 
32200.000000 9574.000000 0.297329 
32300.000000 9632.000000 0.298204 
32400.000000 9708.000000 0.299630 
32500.000000 9806.000000 0.301723 
32600.000000 9904.000000 0.303804 
32700.000000 10004.000000 0.305933 
32800.000000 10034.000000 0.305915 
32900.000000 10120.000000 0.307599 
33000.000000 10182.000000 0.308545 
33100.000000 10230.000000 0.309063 
33200.000000 10302.000000 0.310301 
33300.000000 10358.000000 0.311051 
33400.000000 10416.000000 0.311856 
33500.000000 10484.000000 0.312955 
33600.000000 10504.000000 0.312619 
33700.000000 10540.000000 0.312760 
33800.000000 10616.000000 0.314083 
33900.000000 10714.000000 0.316047 
34000.000000 10780.000000 0.317059 
34100.000000 10854.000000 0.318299 
34200.000000 10912.000000 0.319064 
34300.000000 10994.000000 0.320525 
34400.000000 11038.000000 0.320872 
34500.000000 11126.000000 0.322493 
34600.000000 11212.000000 0.324046 
34700.000000 11270.000000 0.324784 
34800.000000 11310.000000 0.325000 
34900.000000 11358.000000 0.325444 
35000.000000 11416.000000 0.326171 
35100.000000 11492.000000 0.327407 
35200.000000 11572.000000 0.328750 
35300.000000 11654.000000 0.330142 
35400.000000 11722.000000 0.331130 
35500.000000 11804.000000 0.332507 
35600.000000 11846.000000 0.332753 
35700.000000 11928.000000 0.334118 
35800.000000 12008.000000 0.335419 
35900.000000 12052.000000 0.335710 
36000.000000 12114.000000 0.336500 
36100.000000 12176.000000 0.337285 
36200.000000 12222.000000 0.337624 
36300.000000 12268.000000 0.337961 
36400.000000 12340.000000 0.339011 
36500.000000 12436.000000 0.340712 
36600.000000 12502.000000 0.341585 
36700.000000 12594.000000 0.343161 
36800.000000 12674.000000 0.344402 
36900.000000 12724.000000 0.344824 
37000.000000 12770.000000 0.345135 
37100.000000 12846.000000 0.346253 
37200.000000 12944.000000 0.347957 
37300.000000 12966.000000 0.347614 
37400.000000 13030.000000 0.348396 
37500.000000 13070.000000 0.348533 
37600.000000 13084.000000 0.347979 
37700.000000 13138.000000 0.348488 
37800.000000 13166.000000 0.348307 
37900.000000 13226.000000 0.348971 
38000.000000 13304.000000 0.350105 
38100.000000 13374.000000 0.351024 
38200.000000 13458.000000 0.352304 
38300.000000 13518.000000 0.352950 
38400.000000 13572.000000 0.353438 
38500.000000 13664.000000 0.354909 
38600.000000 13738.000000 0.355907 
38700.000000 13820.000000 0.357106 
38800.000000 13882.000000 0.357783 
38900.000000 13958.000000 0.358817 
39000.000000 14010.000000 0.359231 
39100.000000 14074.000000 0.359949 
39200.000000 14160.000000 0.361225 
39300.000000 14194.000000 0.361170 
39400.000000 14254.000000 0.361777 
39500.000000 14348.000000 0.363241 
39600.000000 14386.000000 0.363283 
39700.000000 14468.000000 0.364433 
39800.000000 14530.000000 0.365075 
39900.000000 14570.000000 0.365163 
40000.000000 14664.000000 0.366600 
40100.000000 14754.000000 0.367930 
40200.000000 14850.000000 0.369403 
40300.000000 14926.000000 0.370372 
40400.000000 14994.000000 0.371139 
40500.000000 15068.000000 0.372049 
40600.000000 15144.000000 0.373005 
40700.000000 15222.000000 0.374005 
40800.000000 15276.000000 0.374412 
40900.000000 15368.000000 0.375746 
41000.000000 15430.000000 0.376341 
41100.000000 15502.000000 0.377178 
41200.000000 15592.000000 0.378447 
41300.000000 15624.000000 0.378305 
41400.000000 15698.000000 0.379179 
41500.000000 15792.000000 0.380530 
41600.000000 15848.000000 0.380962 
41700.000000 15912.000000 0.381583 
41800.000000 15980.000000 0.382297 
41900.000000 16048.000000 0.383007 
42000.000000 16116.000000 0.383714 
42100.000000 16188.000000 0.384513 
42200.000000 16256.000000 0.385213 
42300.000000 16312.000000 0.385626 
42400.000000 16382.000000 0.386368 
42500.000000 16430.000000 0.386588 
42600.000000 16498.000000 0.387277 
42700.000000 16540.000000 0.387354 
42800.000000 16632.000000 0.388598 
42900.000000 16716.000000 0.389650 
43000.000000 16754.000000 0.389628 
43100.000000 16802.000000 0.389838 
43200.000000 16880.000000 0.390741 
43300.000000 16958.000000 0.391640 
43400.000000 16996.000000 0.391613 
43500.000000 17048.000000 0.391908 
43600.000000 17118.000000 0.392615 
43700.000000 17216.000000 0.393959 
43800.000000 17292.000000 0.394795 
43900.000000 17334.000000 0.394852 
44000.000000 17382.000000 0.395045 
44100.000000 17444.000000 0.395556 
44200.000000 17514.000000 0.396244 
44300.000000 17582.000000 0.396885 
44400.000000 17648.000000 0.397477 
44500.000000 17724.000000 0.398292 
44600.000000 17768.000000 0.398386 
44700.000000 17818.000000 0.398613 
44800.000000 17906.000000 0.399687 
44900.000000 17950.000000 0.399777 
45000.000000 18034.000000 0.400756 
45100.000000 18130.000000 0.401996 
45200.000000 18178.000000 0.402168 
45300.000000 18250.000000 0.402870 
45400.000000 18306.000000 0.403216 
45500.000000 18364.000000 0.403604 
45600.000000 18426.000000 0.404079 
45700.000000 18488.000000 0.404551 
45800.000000 18566.000000 0.405371 
45900.000000 18630.000000 0.405882 
46000.000000 18668.000000 0.405826 
46100.000000 18710.000000 0.405857 
46200.000000 18800.000000 0.406926 
46300.000000 18832.000000 0.406739 
46400.000000 18890.000000 0.407112 
46500.000000 18966.000000 0.407871 
46600.000000 19000.000000 0.407725 
46700.000000 19048.000000 0.407880 
46800.000000 19086.000000 0.407821 
46900.000000 19156.000000 0.408444 
47000.000000 19240.000000 0.409362 
47100.000000 19282.000000 0.409384 
47200.000000 19330.000000 0.409534 
47300.000000 19398.000000 0.410106 
47400.000000 19452.000000 0.410380 
47500.000000 19492.000000 0.410358 
47600.000000 19510.000000 0.409874 
47700.000000 19590.000000 0.410692 
47800.000000 19632.000000 0.410711 
47900.000000 19690.000000 0.411065 
48000.000000 19742.000000 0.411292 
48100.000000 19820.000000 0.412058 
48200.000000 19890.000000 0.412656 
48300.000000 19904.000000 0.412091 
48400.000000 19976.000000 0.412727 
48500.000000 20052.000000 0.413443 
48600.000000 20084.000000 0.413251 
48700.000000 20122.000000 0.413183 
48800.000000 20192.000000 0.413770 
48900.000000 20234.000000 0.413783 
49000.000000 20264.000000 0.413551 
49100.000000 20280.000000 0.413035 
49200.000000 20358.000000 0.413780 
49300.000000 20426.000000 0.414320 
49400.000000 20526.000000 0.415506 
49500.000000 20568.000000 0.415515 
49600.000000 20614.000000 0.415605 
49700.000000 20662.000000 0.415734 
49800.000000 20700.000000 0.415663 
49900.000000 20782.000000 0.416473 
50000.000000 20872.000000 0.417440 
50100.000000 20946.000000 0.418084 
50200.000000 21000.000000 0.418327 
50300.000000 21088.000000 0.419245 
50400.000000 21122.000000 0.419087 
50500.000000 21168.000000 0.419168 
50600.000000 21198.000000 0.418933 
50700.000000 21202.000000 0.418185 
50800.000000 21276.000000 0.418819 
50900.000000 21340.000000 0.419253 
51000.000000 21418.000000 0.419961 
51100.000000 21494.000000 0.420626 
51200.000000 21558.000000 0.421055 
51300.000000 21622.000000 0.421481 
51400.000000 21652.000000 0.421245 
51500.000000 21738.000000 0.422097 
51600.000000 21776.000000 0.422016 
51700.000000 21848.000000 0.422592 
51800.000000 21896.000000 0.422703 
51900.000000 21972.000000 0.423353 
52000.000000 22030.000000 0.423654 
52100.000000 22094.000000 0.424069 
52200.000000 22120.000000 0.423755 
52300.000000 22200.000000 0.424474 
52400.000000 22284.000000 0.425267 
52500.000000 22336.000000 0.425448 
52600.000000 22366.000000 0.425209 
52700.000000 22416.000000 0.425351 
52800.000000 22516.000000 0.426439 
52900.000000 22588.000000 0.426994 
53000.000000 22646.000000 0.427283 
53100.000000 22708.000000 0.427646 
53200.000000 22734.000000 0.427331 
53300.000000 22788.000000 0.427542 
53400.000000 22864.000000 0.428165 
53500.000000 22904.000000 0.428112 
53600.000000 22986.000000 0.428843 
53700.000000 23042.000000 0.429088 
53800.000000 23098.000000 0.429331 
53900.000000 23166.000000 0.429796 
54000.000000 23228.000000 0.430148 
54100.000000 23248.000000 0.429723 
54200.000000 23280.000000 0.429520 
54300.000000 23354.000000 0.430092 
54400.000000 23374.000000 0.429669 
54500.000000 23410.000000 0.429541 
54600.000000 23482.000000 0.430073 
54700.000000 23544.000000 0.430420 
54800.000000 23626.000000 0.431131 
54900.000000 23712.000000 0.431913 
55000.000000 23782.000000 0.432400 
55100.000000 23828.000000 0.432450 
55200.000000 23854.000000 0.432138 
55300.000000 23898.000000 0.432152 
55400.000000 23960.000000 0.432491 
55500.000000 24000.000000 0.432432 
55600.000000 24022.000000 0.432050 
55700.000000 24096.000000 0.432603 
55800.000000 24166.000000 0.433082 
55900.000000 24226.000000 0.433381 
56000.000000 24298.000000 0.433893 
56100.000000 24396.000000 0.434866 
56200.000000 24450.000000 0.435053 
56300.000000 24498.000000 0.435133 
56400.000000 24578.000000 0.435780 
56500.000000 24612.000000 0.435611 
56600.000000 24646.000000 0.435442 
56700.000000 24688.000000 0.435414 
56800.000000 24764.000000 0.435986 
56900.000000 24804.000000 0.435923 
57000.000000 24868.000000 0.436281 
57100.000000 24876.000000 0.435657 
57200.000000 24924.000000 0.435734 
57300.000000 24996.000000 0.436230 
57400.000000 25066.000000 0.436690 
57500.000000 25138.000000 0.437183 
57600.000000 25204.000000 0.437569 
57700.000000 25278.000000 0.438094 
57800.000000 25290.000000 0.437543 
57900.000000 25376.000000 0.438273 
58000.000000 25472.000000 0.439172 
58100.000000 25564.000000 0.440000 
58200.000000 25620.000000 0.440206 
58300.000000 25676.000000 0.440412 
58400.000000 25756.000000 0.441027 
58500.000000 25826.000000 0.441470 
58600.000000 25918.000000 0.442287 
58700.000000 26012.000000 0.443135 
58800.000000 26076.000000 0.443469 
58900.000000 26148.000000 0.443939 
59000.000000 26226.000000 0.444508 
59100.000000 26262.000000 0.444365 
59200.000000 26308.000000 0.444392 
59300.000000 26376.000000 0.444789 
59400.000000 26378.000000 0.444074 
59500.000000 26454.000000 0.444605 
59600.000000 26512.000000 0.444832 
59700.000000 26578.000000 0.445193 
59800.000000 26670.000000 0.445987 
59900.000000 26680.000000 0.445409 
60000.000000 26732.000000 0.445533 
60100.000000 26758.000000 0.445225 
60200.000000 26802.000000 0.445216 
60300.000000 26860.000000 0.445439 
60400.000000 26870.000000 0.444868 
60500.000000 26928.000000 0.445091 
60600.000000 27008.000000 0.445677 
60700.000000 27070.000000 0.445964 
60800.000000 27132.000000 0.446250 
60900.000000 27212.000000 0.446831 
61000.000000 27262.000000 0.446918 
61100.000000 27332.000000 0.447332 
61200.000000 27380.000000 0.447386 
61300.000000 27396.000000 0.446917 
61400.000000 27448.000000 0.447036 
61500.000000 27496.000000 0.447089 
61600.000000 27528.000000 0.446883 
61700.000000 27594.000000 0.447229 
61800.000000 27646.000000 0.447346 
61900.000000 27666.000000 0.446947 
62000.000000 27758.000000 0.447710 
62100.000000 27802.000000 0.447697 
62200.000000 27854.000000 0.447814 
62300.000000 27920.000000 0.448154 
62400.000000 27980.000000 0.448397 
62500.000000 28018.000000 0.448288 
62600.000000 28046.000000 0.448019 
62700.000000 28102.000000 0.448198 
62800.000000 28144.000000 0.448153 
62900.000000 28192.000000 0.448204 
63000.000000 28178.000000 0.447270 
63100.000000 28230.000000 0.447385 
63200.000000 28274.000000 0.447373 
63300.000000 28322.000000 0.447425 
63400.000000 28372.000000 0.447508 
63500.000000 28418.000000 0.447528 
63600.000000 28500.000000 0.448113 
63700.000000 28522.000000 0.447755 
63800.000000 28568.000000 0.447774 
63900.000000 28630.000000 0.448044 
64000.000000 28676.000000 0.448063 
64100.000000 28744.000000 0.448424 
64200.000000 28816.000000 0.448847 
64300.000000 28904.000000 0.449518 
64400.000000 28932.000000 0.449255 
64500.000000 28978.000000 0.449271 
64600.000000 29028.000000 0.449350 
64700.000000 29074.000000 0.449366 
64800.000000 29150.000000 0.449846 
64900.000000 29168.000000 0.449430 
65000.000000 29210.000000 0.449385 
65100.000000 29258.000000 0.449432 
65200.000000 29252.000000 0.448650 
65300.000000 29322.000000 0.449035 
65400.000000 29362.000000 0.448960 
65500.000000 29454.000000 0.449679 
65600.000000 29516.000000 0.449939 
65700.000000 29542.000000 0.449650 
65800.000000 29590.000000 0.449696 
65900.000000 29660.000000 0.450076 
66000.000000 29704.000000 0.450061 
66100.000000 29784.000000 0.450590 
66200.000000 29832.000000 0.450634 
66300.000000 29860.000000 0.450377 
66400.000000 29938.000000 0.450873 
66500.000000 29968.000000 0.450647 
66600.000000 29972.000000 0.450030 
66700.000000 30058.000000 0.450645 
66800.000000 30112.000000 0.450778 
66900.000000 30156.000000 0.450762 
67000.000000 30186.000000 0.450537 
67100.000000 30254.000000 0.450879 
67200.000000 30334.000000 0.451399 
67300.000000 30378.000000 0.451382 
67400.000000 30440.000000 0.451632 
67500.000000 30488.000000 0.451674 
67600.000000 30548.000000 0.451893 
67700.000000 30618.000000 0.452260 
67800.000000 30672.000000 0.452389 
67900.000000 30736.000000 0.452666 
68000.000000 30800.000000 0.452941 
68100.000000 30870.000000 0.453304 
68200.000000 30934.000000 0.453578 
68300.000000 31006.000000 0.453968 
68400.000000 31066.000000 0.454181 
68500.000000 31128.000000 0.454423 
68600.000000 31206.000000 0.454898 
68700.000000 31256.000000 0.454964 
68800.000000 31288.000000 0.454767 
68900.000000 31340.000000 0.454862 
69000.000000 31390.000000 0.454928 
69100.000000 31448.000000 0.455109 
69200.000000 31490.000000 0.455058 
69300.000000 31576.000000 0.455642 
69400.000000 31640.000000 0.455908 
69500.000000 31672.000000 0.455712 
69600.000000 31746.000000 0.456121 
69700.000000 31768.000000 0.455782 
69800.000000 31792.000000 0.455473 
69900.000000 31880.000000 0.456080 
70000.000000 31956.000000 0.456514 
70100.000000 32010.000000 0.456633 
70200.000000 32042.000000 0.456439 
70300.000000 32098.000000 0.456586 
70400.000000 32148.000000 0.456648 
70500.000000 32170.000000 0.456312 
70600.000000 32240.000000 0.456657 
70700.000000 32286.000000 0.456662 
70800.000000 32336.000000 0.456723 
70900.000000 32410.000000 0.457123 
71000.000000 32468.000000 0.457296 
71100.000000 32532.000000 0.457553 
71200.000000 32580.000000 0.457584 
71300.000000 32644.000000 0.457840 
71400.000000 32704.000000 0.458039 
71500.000000 32796.000000 0.458685 
71600.000000 32862.000000 0.458966 
71700.000000 32904.000000 0.458912 
71800.000000 32944.000000 0.458830 
71900.000000 33000.000000 0.458971 
72000.000000 33096.000000 0.459667 
72100.000000 33154.000000 0.459834 
72200.000000 33222.000000 0.460138 
72300.000000 33300.000000 0.460581 
72400.000000 33356.000000 0.460718 
72500.000000 33416.000000 0.460910 
72600.000000 33514.000000 0.461625 
72700.000000 33592.000000 0.462063 
72800.000000 33676.000000 0.462582 
72900.000000 33744.000000 0.462881 
73000.000000 33838.000000 0.463534 
73100.000000 33896.000000 0.463694 
73200.000000 33962.000000 0.463962 
73300.000000 34038.000000 0.464366 
73400.000000 34100.000000 0.464578 
73500.000000 34196.000000 0.465252 
73600.000000 34270.000000 0.465625 
73700.000000 34294.000000 0.465319 
73800.000000 34364.000000 0.465637 
73900.000000 34460.000000 0.466306 
74000.000000 34530.000000 0.466622 
74100.000000 34626.000000 0.467287 
74200.000000 34678.000000 0.467358 
74300.000000 34752.000000 0.467725 
74400.000000 34828.000000 0.468118 
74500.000000 34886.000000 0.468268 
74600.000000 34936.000000 0.468311 
74700.000000 34992.000000 0.468434 
74800.000000 35054.000000 0.468636 
74900.000000 35136.000000 0.469105 
75000.000000 35206.000000 0.469413 
75100.000000 35292.000000 0.469933 
75200.000000 35390.000000 0.470612 
75300.000000 35466.000000 0.470996 
75400.000000 35552.000000 0.471512 
75500.000000 35618.000000 0.471762 
75600.000000 35708.000000 0.472328 
75700.000000 35774.000000 0.472576 
75800.000000 35866.000000 0.473166 
75900.000000 35964.000000 0.473834 
76000.000000 36026.000000 0.474026 
76100.000000 36068.000000 0.473955 
76200.000000 36132.000000 0.474173 
76300.000000 36176.000000 0.474128 
76400.000000 36226.000000 0.474162 
76500.000000 36282.000000 0.474275 
76600.000000 36310.000000 0.474021 
76700.000000 36402.000000 0.474602 
76800.000000 36490.000000 0.475130 
76900.000000 36582.000000 0.475709 
77000.000000 36616.000000 0.475532 
77100.000000 36696.000000 0.475953 
77200.000000 36742.000000 0.475933 
77300.000000 36772.000000 0.475705 
77400.000000 36838.000000 0.475943 
77500.000000 36910.000000 0.476258 
77600.000000 36974.000000 0.476469 
77700.000000 37052.000000 0.476860 
77800.000000 37128.000000 0.477224 
77900.000000 37222.000000 0.477818 
78000.000000 37296.000000 0.478154 
78100.000000 37366.000000 0.478438 
78200.000000 37452.000000 0.478926 
78300.000000 37530.000000 0.479310 
78400.000000 37608.000000 0.479694 
78500.000000 37708.000000 0.480357 
78600.000000 37774.000000 0.480585 
78700.000000 37844.000000 0.480864 
78800.000000 37874.000000 0.480635 
78900.000000 37968.000000 0.481217 
79000.000000 38034.000000 0.481443 
79100.000000 38108.000000 0.481770 
79200.000000 38198.000000 0.482298 
79300.000000 38272.000000 0.482623 
79400.000000 38350.000000 0.482997 
79500.000000 38428.000000 0.483371 
79600.000000 38496.000000 0.483618 
79700.000000 38558.000000 0.483789 
79800.000000 38630.000000 0.484085 
79900.000000 38646.000000 0.483680 
80000.000000 38732.000000 0.484150 
80100.000000 38812.000000 0.484544 
80200.000000 38860.000000 0.484539 
80300.000000 38914.000000 0.484608 
80400.000000 39000.000000 0.485075 
80500.000000 39070.000000 0.485342 
80600.000000 39156.000000 0.485806 
80700.000000 39242.000000 0.486270 
80800.000000 39294.000000 0.486312 
80900.000000 39362.000000 0.486551 
81000.000000 39412.000000 0.486568 
81100.000000 39478.000000 0.486782 
81200.000000 39534.000000 0.486872 
81300.000000 39556.000000 0.486544 
81400.000000 39608.000000 0.486585 
81500.000000 39694.000000 0.487043 
81600.000000 39760.000000 0.487255 
81700.000000 39840.000000 0.487638 
81800.000000 39934.000000 0.488191 
81900.000000 40016.000000 0.488596 
82000.000000 40076.000000 0.488732 
82100.000000 40124.000000 0.488721 
82200.000000 40200.000000 0.489051 
82300.000000 40252.000000 0.489089 
82400.000000 40314.000000 0.489248 
82500.000000 40404.000000 0.489745 
82600.000000 40486.000000 0.490145 
82700.000000 40564.000000 0.490496 
82800.000000 40634.000000 0.490749 
82900.000000 40710.000000 0.491074 
83000.000000 40782.000000 0.491349 
83100.000000 40872.000000 0.491841 
83200.000000 40912.000000 0.491731 
83300.000000 40962.000000 0.491741 
83400.000000 41022.000000 0.491870 
83500.000000 41112.000000 0.492359 
83600.000000 41176.000000 0.492536 
83700.000000 41250.000000 0.492832 
83800.000000 41304.000000 0.492888 
83900.000000 41378.000000 0.493182 
84000.000000 41458.000000 0.493548 
84100.000000 41534.000000 0.493864 
84200.000000 41616.000000 0.494252 
84300.000000 41696.000000 0.494614 
84400.000000 41774.000000 0.494953 
84500.000000 41872.000000 0.495527 
84600.000000 41938.000000 0.495721 
84700.000000 42014.000000 0.496033 
84800.000000 42110.000000 0.496580 
84900.000000 42170.000000 0.496702 
85000.000000 42236.000000 0.496894 
85100.000000 42284.000000 0.496874 
85200.000000 42378.000000 0.497394 
85300.000000 42476.000000 0.497960 
85400.000000 42576.000000 0.498548 
85500.000000 42644.000000 0.498760 
85600.000000 42714.000000 0.498995 
85700.000000 42782.000000 0.499207 
85800.000000 42866.000000 0.499604 
85900.000000 42952.000000 0.500023 
86000.000000 43008.000000 0.500093 
86100.000000 43090.000000 0.500465 
86200.000000 43186.000000 0.500998 
86300.000000 43270.000000 0.501391 
86400.000000 43354.000000 0.501782 
86500.000000 43450.000000 0.502312 
86600.000000 43540.000000 0.502771 
86700.000000 43588.000000 0.502745 
86800.000000 43670.000000 0.503111 
86900.000000 43726.000000 0.503176 
87000.000000 43806.000000 0.503517 
87100.000000 43898.000000 0.503995 
87200.000000 43978.000000 0.504335 
87300.000000 44038.000000 0.504444 
87400.000000 44082.000000 0.504371 
87500.000000 44164.000000 0.504731 
87600.000000 44236.000000 0.504977 
87700.000000 44336.000000 0.505542 
87800.000000 44400.000000 0.505695 
87900.000000 44482.000000 0.506052 
88000.000000 44582.000000 0.506614 
88100.000000 44664.000000 0.506969 
88200.000000 44764.000000 0.507528 
88300.000000 44858.000000 0.508018 
88400.000000 44930.000000 0.508258 
88500.000000 45020.000000 0.508701 
88600.000000 45116.000000 0.509210 
88700.000000 45206.000000 0.509651 
88800.000000 45288.000000 0.510000 
88900.000000 45386.000000 0.510529 
89000.000000 45454.000000 0.510719 
89100.000000 45518.000000 0.510864 
89200.000000 45596.000000 0.511166 
89300.000000 45682.000000 0.511557 
89400.000000 45780.000000 0.512081 
89500.000000 45866.000000 0.512469 
89600.000000 45946.000000 0.512790 
89700.000000 46014.000000 0.512977 
89800.000000 46106.000000 0.513430 
89900.000000 46188.000000 0.513771 
90000.000000 46278.000000 0.514200 
90100.000000 46374.000000 0.514695 
90200.000000 46470.000000 0.515188 
90300.000000 46528.000000 0.515260 
90400.000000 46616.000000 0.515664 
90500.000000 46704.000000 0.516066 
90600.000000 46798.000000 0.516534 
90700.000000 46850.000000 0.516538 
90800.000000 46928.000000 0.516828 
90900.000000 47010.000000 0.517162 
91000.000000 47110.000000 0.517692 
91100.000000 47202.000000 0.518134 
91200.000000 47286.000000 0.518487 
91300.000000 47346.000000 0.518576 
91400.000000 47436.000000 0.518993 
91500.000000 47504.000000 0.519169 
91600.000000 47554.000000 0.519148 
91700.000000 47638.000000 0.519498 
91800.000000 47714.000000 0.519760 
91900.000000 47784.000000 0.519956 
92000.000000 47884.000000 0.520478 
92100.000000 47938.000000 0.520499 
92200.000000 47994.000000 0.520542 
92300.000000 48056.000000 0.520650 
92400.000000 48120.000000 0.520779 
92500.000000 48208.000000 0.521168 
92600.000000 48294.000000 0.521533 
92700.000000 48356.000000 0.521640 
92800.000000 48436.000000 0.521940 
92900.000000 48536.000000 0.522454 
93000.000000 48634.000000 0.522946 
93100.000000 48666.000000 0.522728 
93200.000000 48738.000000 0.522940 
93300.000000 48820.000000 0.523258 
93400.000000 48896.000000 0.523512 
93500.000000 48996.000000 0.524021 
93600.000000 49080.000000 0.524359 
93700.000000 49176.000000 0.524824 
93800.000000 49264.000000 0.525203 
93900.000000 49362.000000 0.525687 
94000.000000 49442.000000 0.525979 
94100.000000 49514.000000 0.526185 
94200.000000 49596.000000 0.526497 
94300.000000 49642.000000 0.526426 
94400.000000 49738.000000 0.526886 
94500.000000 49834.000000 0.527344 
94600.000000 49912.000000 0.527611 
94700.000000 50012.000000 0.528110 
94800.000000 50096.000000 0.528439 
94900.000000 50158.000000 0.528535 
95000.000000 50242.000000 0.528863 
95100.000000 50326.000000 0.529190 
95200.000000 50414.000000 0.529559 
95300.000000 50514.000000 0.530052 
95400.000000 50596.000000 0.530356 
95500.000000 50672.000000 0.530597 
95600.000000 50744.000000 0.530795 
95700.000000 50828.000000 0.531118 
95800.000000 50906.000000 0.531378 
95900.000000 50998.000000 0.531783 
96000.000000 51058.000000 0.531854 
96100.000000 51158.000000 0.532341 
96200.000000 51222.000000 0.532453 
96300.000000 51322.000000 0.532939 
96400.000000 51378.000000 0.532967 
96500.000000 51478.000000 0.533451 
96600.000000 51550.000000 0.533644 
96700.000000 51594.000000 0.533547 
96800.000000 51690.000000 0.533988 
96900.000000 51758.000000 0.534138 
97000.000000 51808.000000 0.534103 
97100.000000 51878.000000 0.534274 
97200.000000 51976.000000 0.534733 
97300.000000 52044.000000 0.534882 
97400.000000 52112.000000 0.535031 
97500.000000 52206.000000 0.535446 
97600.000000 52272.000000 0.535574 
97700.000000 52354.000000 0.535865 
97800.000000 52454.000000 0.536339 
97900.000000 52524.000000 0.536507 
98000.000000 52612.000000 0.536857 
98100.000000 52670.000000 0.536901 
98200.000000 52748.000000 0.537149 
98300.000000 52840.000000 0.537538 
98400.000000 52926.000000 0.537866 
98500.000000 52966.000000 0.537726 
98600.000000 53064.000000 0.538174 
98700.000000 53138.000000 0.538379 
98800.000000 53230.000000 0.538765 
98900.000000 53320.000000 0.539130 
99000.000000 53400.000000 0.539394 
99100.000000 53486.000000 0.539717 
99200.000000 53550.000000 0.539819 
99300.000000 53638.000000 0.540161 
99400.000000 53718.000000 0.540423 
99500.000000 53808.000000 0.540784 
99600.000000 53852.000000 0.540683 
99700.000000 53936.000000 0.540983 
99800.000000 54016.000000 0.541242 
99900.000000 54104.000000 0.541582 
100000.000000 54200.000000 0.542000 
100100.000000 54282.000000 0.542278 
100200.000000 54364.000000 0.542555 
100300.000000 54446.000000 0.542831 
100400.000000 54518.000000 0.543008 
100500.000000 54590.000000 0.543184 
100600.000000 54676.000000 0.543499 
100700.000000 54764.000000 0.543833 
100800.000000 54840.000000 0.544048 
100900.000000 54928.000000 0.544381 
101000.000000 54988.000000 0.544436 
101100.000000 55058.000000 0.544590 
101200.000000 55090.000000 0.544368 
101300.000000 55140.000000 0.544324 
101400.000000 55186.000000 0.544241 
101500.000000 55234.000000 0.544177 
101600.000000 55308.000000 0.544370 
101700.000000 55390.000000 0.544641 
101800.000000 55490.000000 0.545088 
101900.000000 55570.000000 0.545339 
102000.000000 55628.000000 0.545373 
102100.000000 55718.000000 0.545720 
102200.000000 55818.000000 0.546164 
102300.000000 55892.000000 0.546354 
102400.000000 55956.000000 0.546445 
102500.000000 56042.000000 0.546751 
102600.000000 56140.000000 0.547174 
102700.000000 56236.000000 0.547575 
102800.000000 56328.000000 0.547938 
102900.000000 56406.000000 0.548163 
103000.000000 56490.000000 0.548447 
103100.000000 56568.000000 0.548671 
103200.000000 56650.000000 0.548934 
103300.000000 56688.000000 0.548771 
103400.000000 56752.000000 0.548859 
103500.000000 56782.000000 0.548618 
103600.000000 56844.000000 0.548687 
103700.000000 56916.000000 0.548852 
103800.000000 57000.000000 0.549133 
103900.000000 57088.000000 0.549451 
104000.000000 57160.000000 0.549615 
104100.000000 57236.000000 0.549818 
104200.000000 57316.000000 0.550058 
104300.000000 57366.000000 0.550010 
104400.000000 57434.000000 0.550134 
104500.000000 57506.000000 0.550297 
104600.000000 57550.000000 0.550191 
104700.000000 57614.000000 0.550277 
104800.000000 57680.000000 0.550382 
104900.000000 57764.000000 0.550658 
105000.000000 57844.000000 0.550895 
105100.000000 57940.000000 0.551284 
105200.000000 57998.000000 0.551312 
105300.000000 58090.000000 0.551662 
105400.000000 58162.000000 0.551822 
105500.000000 58230.000000 0.551943 
105600.000000 58324.000000 0.552311 
105700.000000 58412.000000 0.552621 
105800.000000 58492.000000 0.552854 
105900.000000 58592.000000 0.553277 
106000.000000 58678.000000 0.553566 
106100.000000 58750.000000 0.553723 
106200.000000 58816.000000 0.553823 
106300.000000 58900.000000 0.554092 
106400.000000 58988.000000 0.554398 
106500.000000 59068.000000 0.554629 
106600.000000 59148.000000 0.554859 
106700.000000 59226.000000 0.555070 
106800.000000 59318.000000 0.555412 
106900.000000 59390.000000 0.555566 
107000.000000 59458.000000 0.555682 
107100.000000 59528.000000 0.555817 
107200.000000 59614.000000 0.556101 
107300.000000 59712.000000 0.556496 
107400.000000 59758.000000 0.556406 
107500.000000 59812.000000 0.556391 
107600.000000 59878.000000 0.556487 
107700.000000 59964.000000 0.556769 
107800.000000 60050.000000 0.557050 
107900.000000 60142.000000 0.557386 
108000.000000 60234.000000 0.557722 
108100.000000 60324.000000 0.558039 
108200.000000 60410.000000 0.558318 
108300.000000 60462.000000 0.558283 
108400.000000 60524.000000 0.558339 
108500.000000 60600.000000 0.558525 
108600.000000 60676.000000 0.558711 
108700.000000 60760.000000 0.558970 
108800.000000 60838.000000 0.559173 
108900.000000 60932.000000 0.559523 
109000.000000 60978.000000 0.559431 
109100.000000 61042.000000 0.559505 
109200.000000 61124.000000 0.559744 
109300.000000 61162.000000 0.559579 
109400.000000 61260.000000 0.559963 
109500.000000 61336.000000 0.560146 
109600.000000 61406.000000 0.560274 
109700.000000 61478.000000 0.560419 
109800.000000 61500.000000 0.560109 
109900.000000 61588.000000 0.560400 
110000.000000 61670.000000 0.560636 
110100.000000 61756.000000 0.560908 
110200.000000 61854.000000 0.561289 
110300.000000 61914.000000 0.561324 
110400.000000 61996.000000 0.561558 
110500.000000 62092.000000 0.561919 
110600.000000 62148.000000 0.561917 
110700.000000 62242.000000 0.562258 
110800.000000 62306.000000 0.562329 
110900.000000 62386.000000 0.562543 
111000.000000 62434.000000 0.562468 
111100.000000 62528.000000 0.562808 
111200.000000 62580.000000 0.562770 
111300.000000 62648.000000 0.562875 
111400.000000 62690.000000 0.562747 
111500.000000 62788.000000 0.563121 
111600.000000 62882.000000 0.563459 
111700.000000 62908.000000 0.563187 
111800.000000 62994.000000 0.563453 
111900.000000 63024.000000 0.563217 
112000.000000 63118.000000 0.563554 
112100.000000 63192.000000 0.563711 
112200.000000 63274.000000 0.563939 
112300.000000 63372.000000 0.564310 
112400.000000 63446.000000 0.564466 
112500.000000 63510.000000 0.564533 
112600.000000 63574.000000 0.564600 
112700.000000 63632.000000 0.564614 
112800.000000 63728.000000 0.564965 
112900.000000 63784.000000 0.564960 
113000.000000 63878.000000 0.565292 
113100.000000 63968.000000 0.565588 
113200.000000 64054.000000 0.565848 
113300.000000 64126.000000 0.565984 
113400.000000 64208.000000 0.566208 
113500.000000 64306.000000 0.566573 
113600.000000 64398.000000 0.566884 
113700.000000 64490.000000 0.567194 
113800.000000 64540.000000 0.567135 
113900.000000 64604.000000 0.567199 
114000.000000 64680.000000 0.567368 
114100.000000 64762.000000 0.567590 
114200.000000 64848.000000 0.567846 
114300.000000 64936.000000 0.568119 
114400.000000 65020.000000 0.568357 
114500.000000 65106.000000 0.568611 
114600.000000 65190.000000 0.568848 
114700.000000 65272.000000 0.569067 
114800.000000 65370.000000 0.569425 
114900.000000 65460.000000 0.569713 
115000.000000 65548.000000 0.569983 
115100.000000 65622.000000 0.570130 
115200.000000 65696.000000 0.570278 
115300.000000 65790.000000 0.570598 
115400.000000 65872.000000 0.570815 
115500.000000 65962.000000 0.571100 
115600.000000 66058.000000 0.571436 
115700.000000 66142.000000 0.571668 
115800.000000 66216.000000 0.571813 
115900.000000 66306.000000 0.572097 
116000.000000 66376.000000 0.572207 
116100.000000 66454.000000 0.572386 
116200.000000 66530.000000 0.572547 
116300.000000 66622.000000 0.572846 
116400.000000 66712.000000 0.573127 
116500.000000 66806.000000 0.573442 
116600.000000 66900.000000 0.573756 
116700.000000 66990.000000 0.574036 
116800.000000 67086.000000 0.574366 
116900.000000 67162.000000 0.574525 
117000.000000 67248.000000 0.574769 
117100.000000 67342.000000 0.575081 
117200.000000 67432.000000 0.575358 
117300.000000 67498.000000 0.575431 
117400.000000 67568.000000 0.575537 
117500.000000 67640.000000 0.575660 
117600.000000 67718.000000 0.575833 
117700.000000 67806.000000 0.576092 
117800.000000 67892.000000 0.576333 
117900.000000 67978.000000 0.576573 
118000.000000 68068.000000 0.576847 
118100.000000 68142.000000 0.576986 
118200.000000 68240.000000 0.577327 
118300.000000 68340.000000 0.577684 
118400.000000 68418.000000 0.577855 
118500.000000 68504.000000 0.578093 
118600.000000 68594.000000 0.578364 
118700.000000 68694.000000 0.578719 
118800.000000 68756.000000 0.578754 
118900.000000 68844.000000 0.579008 
119000.000000 68944.000000 0.579361 
119100.000000 69044.000000 0.579715 
119200.000000 69118.000000 0.579849 
119300.000000 69218.000000 0.580201 
119400.000000 69314.000000 0.580519 
119500.000000 69410.000000 0.580837 
119600.000000 69508.000000 0.581171 
119700.000000 69598.000000 0.581437 
119800.000000 69684.000000 0.581669 
119900.000000 69756.000000 0.581785 
120000.000000 69856.000000 0.582133 
120100.000000 69920.000000 0.582182 
120200.000000 70014.000000 0.582479 
120300.000000 70094.000000 0.582660 
120400.000000 70168.000000 0.582791 
120500.000000 70268.000000 0.583137 
120600.000000 70350.000000 0.583333 
120700.000000 70422.000000 0.583447 
120800.000000 70508.000000 0.583676 
120900.000000 70596.000000 0.583921 
121000.000000 70680.000000 0.584132 
121100.000000 70768.000000 0.584377 
121200.000000 70852.000000 0.584587 
121300.000000 70932.000000 0.584765 
121400.000000 71032.000000 0.585107 
121500.000000 71124.000000 0.585383 
121600.000000 71220.000000 0.585691 
121700.000000 71316.000000 0.585998 
121800.000000 71394.000000 0.586158 
121900.000000 71484.000000 0.586415 
122000.000000 71584.000000 0.586754 
122100.000000 71670.000000 0.586978 
122200.000000 71756.000000 0.587201 
122300.000000 71844.000000 0.587441 
122400.000000 71942.000000 0.587761 
122500.000000 72034.000000 0.588033 
122600.000000 72124.000000 0.588287 
122700.000000 72202.000000 0.588443 
122800.000000 72286.000000 0.588648 
122900.000000 72368.000000 0.588836 
123000.000000 72460.000000 0.589106 
123100.000000 72552.000000 0.589374 
123200.000000 72644.000000 0.589643 
123300.000000 72706.000000 0.589667 
123400.000000 72796.000000 0.589919 
123500.000000 72880.000000 0.590121 
123600.000000 72940.000000 0.590129 
123700.000000 73026.000000 0.590348 
123800.000000 73118.000000 0.590614 
123900.000000 73188.000000 0.590702 
124000.000000 73288.000000 0.591032 
124100.000000 73380.000000 0.591297 
124200.000000 73480.000000 0.591626 
124300.000000 73570.000000 0.591874 
124400.000000 73640.000000 0.591961 
124500.000000 73722.000000 0.592145 
124600.000000 73822.000000 0.592472 
124700.000000 73888.000000 0.592526 
124800.000000 73968.000000 0.592692 
124900.000000 74056.000000 0.592922 
125000.000000 74150.000000 0.593200 
125100.000000 74238.000000 0.593429 
125200.000000 74326.000000 0.593658 
125300.000000 74424.000000 0.593966 
125400.000000 74498.000000 0.594083 
125500.000000 74590.000000 0.594343 
125600.000000 74670.000000 0.594506 
125700.000000 74754.000000 0.594702 
125800.000000 74852.000000 0.595008 
125900.000000 74938.000000 0.595218 
126000.000000 75030.000000 0.595476 
126100.000000 75126.000000 0.595765 
126200.000000 75184.000000 0.595753 
126300.000000 75228.000000 0.595629 
126400.000000 75316.000000 0.595854 
126500.000000 75390.000000 0.595968 
126600.000000 75482.000000 0.596224 
126700.000000 75582.000000 0.596543 
126800.000000 75656.000000 0.596656 
126900.000000 75754.000000 0.596958 
127000.000000 75842.000000 0.597181 
127100.000000 75912.000000 0.597262 
127200.000000 76008.000000 0.597547 
127300.000000 76108.000000 0.597863 
127400.000000 76208.000000 0.598179 
127500.000000 76288.000000 0.598337 
127600.000000 76360.000000 0.598433 
127700.000000 76426.000000 0.598481 
127800.000000 76504.000000 0.598623 
127900.000000 76598.000000 0.598890 
128000.000000 76666.000000 0.598953 
128100.000000 76766.000000 0.599266 
128200.000000 76848.000000 0.599438 
128300.000000 76940.000000 0.599688 
128400.000000 77040.000000 0.600000 
128500.000000 77138.000000 0.600296 
128600.000000 77222.000000 0.600482 
128700.000000 77306.000000 0.600668 
128800.000000 77386.000000 0.600823 
128900.000000 77464.000000 0.600962 
129000.000000 77550.000000 0.601163 
129100.000000 77634.000000 0.601348 
129200.000000 77726.000000 0.601594 
129300.000000 77776.000000 0.601516 
129400.000000 77824.000000 0.601422 
129500.000000 77916.000000 0.601668 
129600.000000 77996.000000 0.601821 
129700.000000 78096.000000 0.602128 
129800.000000 78192.000000 0.602404 
129900.000000 78286.000000 0.602664 
130000.000000 78382.000000 0.602938 
130100.000000 78462.000000 0.603090 
130200.000000 78538.000000 0.603210 
130300.000000 78616.000000 0.603346 
130400.000000 78706.000000 0.603574 
130500.000000 78792.000000 0.603770 
130600.000000 78892.000000 0.604074 
130700.000000 78966.000000 0.604178 
130800.000000 79064.000000 0.604465 
130900.000000 79144.000000 0.604614 
131000.000000 79240.000000 0.604886 
131100.000000 79316.000000 0.605004 
131200.000000 79410.000000 0.605259 
131300.000000 79490.000000 0.605407 
131400.000000 79580.000000 0.605632 
131500.000000 79668.000000 0.605840 
131600.000000 79754.000000 0.606033 
131700.000000 79836.000000 0.606196 
131800.000000 79936.000000 0.606495 
131900.000000 80022.000000 0.606687 
132000.000000 80120.000000 0.606970 
132100.000000 80194.000000 0.607070 
132200.000000 80284.000000 0.607292 
132300.000000 80374.000000 0.607513 
132400.000000 80450.000000 0.607628 
132500.000000 80550.000000 0.607925 
132600.000000 80626.000000 0.608039 
132700.000000 80726.000000 0.608335 
132800.000000 80822.000000 0.608599 
132900.000000 80914.000000 0.608834 
133000.000000 80974.000000 0.608827 
133100.000000 81052.000000 0.608956 
133200.000000 81138.000000 0.609144 
133300.000000 81222.000000 0.609317 
133400.000000 81314.000000 0.609550 
133500.000000 81402.000000 0.609753 
133600.000000 81498.000000 0.610015 
133700.000000 81586.000000 0.610217 
133800.000000 81682.000000 0.610478 
133900.000000 81758.000000 0.610590 
134000.000000 81832.000000 0.610687 
134100.000000 81914.000000 0.610843 
134200.000000 82010.000000 0.611103 
134300.000000 82100.000000 0.611318 
134400.000000 82180.000000 0.611458 
134500.000000 82278.000000 0.611732 
134600.000000 82374.000000 0.611991 
134700.000000 82464.000000 0.612205 
134800.000000 82542.000000 0.612329 
134900.000000 82622.000000 0.612468 
135000.000000 82714.000000 0.612696 
135100.000000 82808.000000 0.612939 
135200.000000 82868.000000 0.612929 
135300.000000 82964.000000 0.613186 
135400.000000 83052.000000 0.613383 
135500.000000 83134.000000 0.613535 
135600.000000 83234.000000 0.613820 
135700.000000 83330.000000 0.614075 
135800.000000 83426.000000 0.614330 
135900.000000 83514.000000 0.614525 
136000.000000 83612.000000 0.614794 
136100.000000 83702.000000 0.615004 
136200.000000 83798.000000 0.615257 
136300.000000 83840.000000 0.615114 
136400.000000 83926.000000 0.615293 
136500.000000 84014.000000 0.615487 
136600.000000 84090.000000 0.615593 
136700.000000 84166.000000 0.615699 
136800.000000 84238.000000 0.615775 
136900.000000 84332.000000 0.616012 
137000.000000 84414.000000 0.616161 
137100.000000 84514.000000 0.616441 
137200.000000 84600.000000 0.616618 
137300.000000 84650.000000 0.616533 
137400.000000 84734.000000 0.616696 
137500.000000 84826.000000 0.616916 
137600.000000 84916.000000 0.617122 
137700.000000 85010.000000 0.617357 
137800.000000 85080.000000 0.617417 
137900.000000 85148.000000 0.617462 
138000.000000 85232.000000 0.617623 
138100.000000 85314.000000 0.617770 
138200.000000 85402.000000 0.617959 
138300.000000 85500.000000 0.618221 
138400.000000 85574.000000 0.618309 
138500.000000 85672.000000 0.618570 
138600.000000 85744.000000 0.618644 
138700.000000 85826.000000 0.618789 
138800.000000 85862.000000 0.618602 
138900.000000 85958.000000 0.618848 
139000.000000 86054.000000 0.619094 
139100.000000 86118.000000 0.619109 
139200.000000 86216.000000 0.619368 
139300.000000 86306.000000 0.619569 
139400.000000 86372.000000 0.619598 
139500.000000 86470.000000 0.619857 
139600.000000 86542.000000 0.619928 
139700.000000 86626.000000 0.620086 
139800.000000 86722.000000 0.620329 
139900.000000 86814.000000 0.620543 
140000.000000 86914.000000 0.620814 
140100.000000 87012.000000 0.621071 
140200.000000 87104.000000 0.621284 
140300.000000 87202.000000 0.621540 
140400.000000 87286.000000 0.621695 
140500.000000 87378.000000 0.621907 
140600.000000 87472.000000 0.622134 
140700.000000 87560.000000 0.622317 
140800.000000 87660.000000 0.622585 
140900.000000 87748.000000 0.622768 
141000.000000 87822.000000 0.622851 
141100.000000 87886.000000 0.622863 
141200.000000 87986.000000 0.623130 
141300.000000 88084.000000 0.623383 
141400.000000 88180.000000 0.623621 
141500.000000 88254.000000 0.623703 
141600.000000 88332.000000 0.623814 
141700.000000 88396.000000 0.623825 
141800.000000 88468.000000 0.623893 
141900.000000 88538.000000 0.623946 
142000.000000 88616.000000 0.624056 
142100.000000 88714.000000 0.624307 
142200.000000 88810.000000 0.624543 
142300.000000 88906.000000 0.624779 
142400.000000 88996.000000 0.624972 
142500.000000 89086.000000 0.625165 
142600.000000 89170.000000 0.625316 
142700.000000 89254.000000 0.625466 
142800.000000 89328.000000 0.625546 
142900.000000 89410.000000 0.625682 
143000.000000 89510.000000 0.625944 
143100.000000 89604.000000 0.626164 
143200.000000 89700.000000 0.626397 
143300.000000 89792.000000 0.626602 
143400.000000 89880.000000 0.626778 
143500.000000 89968.000000 0.626955 
143600.000000 90038.000000 0.627006 
143700.000000 90128.000000 0.627196 
143800.000000 90220.000000 0.627399 
143900.000000 90310.000000 0.627589 
144000.000000 90408.000000 0.627833 
144100.000000 90478.000000 0.627883 
144200.000000 90560.000000 0.628017 
144300.000000 90618.000000 0.627983 
144400.000000 90712.000000 0.628199 
144500.000000 90802.000000 0.628388 
144600.000000 90890.000000 0.628562 
144700.000000 90984.000000 0.628777 
144800.000000 91070.000000 0.628936 
144900.000000 91168.000000 0.629179 
145000.000000 91236.000000 0.629214 
145100.000000 91336.000000 0.629469 
145200.000000 91422.000000 0.629628 
145300.000000 91522.000000 0.629883 
145400.000000 91616.000000 0.630096 
145500.000000 91708.000000 0.630296 
145600.000000 91792.000000 0.630440 
145700.000000 91890.000000 0.630679 
145800.000000 91972.000000 0.630809 
145900.000000 92030.000000 0.630774 
146000.000000 92094.000000 0.630781 
146100.000000 92166.000000 0.630842 
146200.000000 92242.000000 0.630930 
146300.000000 92306.000000 0.630936 
146400.000000 92402.000000 0.631161 
146500.000000 92482.000000 0.631276 
146600.000000 92564.000000 0.631405 
146700.000000 92646.000000 0.631534 
146800.000000 92712.000000 0.631553 
146900.000000 92802.000000 0.631736 
147000.000000 92882.000000 0.631850 
147100.000000 92972.000000 0.632033 
147200.000000 93052.000000 0.632147 
147300.000000 93140.000000 0.632315 
147400.000000 93226.000000 0.632469 
147500.000000 93318.000000 0.632664 
147600.000000 93398.000000 0.632778 
147700.000000 93494.000000 0.632999 
147800.000000 93572.000000 0.633099 
147900.000000 93646.000000 0.633171 
148000.000000 93724.000000 0.633270 
148100.000000 93818.000000 0.633477 
148200.000000 93914.000000 0.633698 
148300.000000 94014.000000 0.633945 
148400.000000 94110.000000 0.634164 
148500.000000 94152.000000 0.634020 
148600.000000 94228.000000 0.634105 
148700.000000 94280.000000 0.634028 
148800.000000 94344.000000 0.634032 
148900.000000 94402.000000 0.633996 
149000.000000 94480.000000 0.634094 
149100.000000 94576.000000 0.634313 
149200.000000 94634.000000 0.634276 
149300.000000 94722.000000 0.634441 
149400.000000 94816.000000 0.634645 
149500.000000 94902.000000 0.634796 
149600.000000 94992.000000 0.634973 
149700.000000 95064.000000 0.635030 
149800.000000 95124.000000 0.635007 
149900.000000 95206.000000 0.635130 
150000.000000 95306.000000 0.635373 
150100.000000 95376.000000 0.635416 
150200.000000 95474.000000 0.635646 
150300.000000 95562.000000 0.635808 
150400.000000 95650.000000 0.635971 
150500.000000 95732.000000 0.636093 
150600.000000 95808.000000 0.636175 
150700.000000 95906.000000 0.636403 
150800.000000 95994.000000 0.636565 
150900.000000 96090.000000 0.636779 
151000.000000 96190.000000 0.637020 
151100.000000 96264.000000 0.637088 
151200.000000 96334.000000 0.637130 
151300.000000 96422.000000 0.637290 
151400.000000 96498.000000 0.637371 
151500.000000 96568.000000 0.637413 
151600.000000 96664.000000 0.637625 
151700.000000 96756.000000 0.637811 
151800.000000 96836.000000 0.637918 
151900.000000 96880.000000 0.637788 
152000.000000 96956.000000 0.637868 
152100.000000 97044.000000 0.638028 
152200.000000 97142.000000 0.638252 
152300.000000 97234.000000 0.638437 
152400.000000 97330.000000 0.638648 
152500.000000 97424.000000 0.638846 
152600.000000 97492.000000 0.638873 
152700.000000 97588.000000 0.639083 
152800.000000 97678.000000 0.639254 
152900.000000 97776.000000 0.639477 
153000.000000 97872.000000 0.639686 
153100.000000 97960.000000 0.639843 
153200.000000 98028.000000 0.639869 
153300.000000 98114.000000 0.640013 
153400.000000 98170.000000 0.639961 
153500.000000 98222.000000 0.639883 
153600.000000 98308.000000 0.640026 
153700.000000 98390.000000 0.640143 
153800.000000 98482.000000 0.640325 
153900.000000 98578.000000 0.640533 
154000.000000 98666.000000 0.640688 
154100.000000 98740.000000 0.640753 
154200.000000 98810.000000 0.640791 
154300.000000 98892.000000 0.640907 
154400.000000 98972.000000 0.641010 
154500.000000 99022.000000 0.640919 
154600.000000 99104.000000 0.641035 
154700.000000 99174.000000 0.641073 
154800.000000 99270.000000 0.641279 
154900.000000 99362.000000 0.641459 
155000.000000 99462.000000 0.641690 
155100.000000 99540.000000 0.641779 
155200.000000 99608.000000 0.641804 
155300.000000 99698.000000 0.641970 
155400.000000 99784.000000 0.642111 
155500.000000 99882.000000 0.642328 
155600.000000 99970.000000 0.642481 
155700.000000 100058.000000 0.642633 
155800.000000 100144.000000 0.642773 
155900.000000 100206.000000 0.642758 
156000.000000 100296.000000 0.642923 
156100.000000 100364.000000 0.642947 
156200.000000 100438.000000 0.643009 
156300.000000 100520.000000 0.643122 
156400.000000 100606.000000 0.643261 
156500.000000 100684.000000 0.643348 
156600.000000 100772.000000 0.643499 
156700.000000 100850.000000 0.643586 
156800.000000 100934.000000 0.643712 
156900.000000 101030.000000 0.643913 
157000.000000 101118.000000 0.644064 
157100.000000 101212.000000 0.644252 
157200.000000 101298.000000 0.644389 
157300.000000 101398.000000 0.644615 
157400.000000 101484.000000 0.644752 
157500.000000 101572.000000 0.644902 
157600.000000 101660.000000 0.645051 
157700.000000 101758.000000 0.645263 
157800.000000 101856.000000 0.645475 
157900.000000 101940.000000 0.645598 
158000.000000 102038.000000 0.645810 
158100.000000 102130.000000 0.645984 
158200.000000 102212.000000 0.646094 
158300.000000 102290.000000 0.646178 
158400.000000 102362.000000 0.646225 
158500.000000 102452.000000 0.646385 
158600.000000 102544.000000 0.646557 
158700.000000 102630.000000 0.646692 
158800.000000 102730.000000 0.646914 
158900.000000 102828.000000 0.647124 
159000.000000 102928.000000 0.647346 
159100.000000 103020.000000 0.647517 
159200.000000 103096.000000 0.647588 
159300.000000 103182.000000 0.647721 
159400.000000 103274.000000 0.647892 
159500.000000 103352.000000 0.647975 
159600.000000 103448.000000 0.648170 
159700.000000 103544.000000 0.648366 
159800.000000 103640.000000 0.648561 
159900.000000 103712.000000 0.648605 
160000.000000 103806.000000 0.648787 
160100.000000 103870.000000 0.648782 
160200.000000 103964.000000 0.648964 
160300.000000 104058.000000 0.649145 
160400.000000 104144.000000 0.649277 
160500.000000 104230.000000 0.649408 
160600.000000 104314.000000 0.649527 
160700.000000 104398.000000 0.649645 
160800.000000 104484.000000 0.649776 
160900.000000 104556.000000 0.649820 
161000.000000 104640.000000 0.649938 
161100.000000 104714.000000 0.649994 
161200.000000 104800.000000 0.650124 
161300.000000 104878.000000 0.650205 
161400.000000 104958.000000 0.650297 
161500.000000 105030.000000 0.650341 
161600.000000 105096.000000 0.650347 
161700.000000 105196.000000 0.650563 
161800.000000 105294.000000 0.650766 
161900.000000 105384.000000 0.650920 
162000.000000 105448.000000 0.650914 
162100.000000 105516.000000 0.650932 
162200.000000 105602.000000 0.651060 
162300.000000 105658.000000 0.651004 
162400.000000 105734.000000 0.651071 
162500.000000 105828.000000 0.651249 
162600.000000 105896.000000 0.651267 
162700.000000 105976.000000 0.651358 
162800.000000 106036.000000 0.651327 
162900.000000 106112.000000 0.651393 
163000.000000 106194.000000 0.651497 
163100.000000 106276.000000 0.651600 
163200.000000 106366.000000 0.651752 
163300.000000 106448.000000 0.651855 
163400.000000 106538.000000 0.652007 
163500.000000 106626.000000 0.652147 
163600.000000 106692.000000 0.652152 
163700.000000 106750.000000 0.652108 
163800.000000 106848.000000 0.652308 
163900.000000 106914.000000 0.652312 
164000.000000 107000.000000 0.652439 
164100.000000 107100.000000 0.652651 
164200.000000 107188.000000 0.652789 
164300.000000 107282.000000 0.652964 
164400.000000 107324.000000 0.652822 
164500.000000 107424.000000 0.653033 
164600.000000 107488.000000 0.653026 
164700.000000 107558.000000 0.653054 
164800.000000 107626.000000 0.653070 
164900.000000 107714.000000 0.653208 
165000.000000 107800.000000 0.653333 
165100.000000 107882.000000 0.653434 
165200.000000 107970.000000 0.653571 
165300.000000 108070.000000 0.653781 
165400.000000 108170.000000 0.653990 
165500.000000 108258.000000 0.654127 
165600.000000 108348.000000 0.654275 
165700.000000 108424.000000 0.654339 
165800.000000 108502.000000 0.654415 
165900.000000 108578.000000 0.654479 
166000.000000 108640.000000 0.654458 
166100.000000 108730.000000 0.654606 
166200.000000 108804.000000 0.654657 
166300.000000 108884.000000 0.654744 
166400.000000 108984.000000 0.654952 
166500.000000 109074.000000 0.655099 
166600.000000 109168.000000 0.655270 
166700.000000 109254.000000 0.655393 
166800.000000 109320.000000 0.655396 
166900.000000 109396.000000 0.655458 
167000.000000 109482.000000 0.655581 
167100.000000 109566.000000 0.655691 
167200.000000 109626.000000 0.655658 
167300.000000 109718.000000 0.655816 
167400.000000 109790.000000 0.655854 
167500.000000 109890.000000 0.656060 
167600.000000 109982.000000 0.656217 
167700.000000 110046.000000 0.656208 
167800.000000 110120.000000 0.656257 
167900.000000 110202.000000 0.656355 
168000.000000 110296.000000 0.656524 
168100.000000 110352.000000 0.656466 
168200.000000 110452.000000 0.656671 
168300.000000 110552.000000 0.656875 
168400.000000 110596.000000 0.656746 
168500.000000 110688.000000 0.656902 
168600.000000 110774.000000 0.657023 
168700.000000 110870.000000 0.657202 
168800.000000 110932.000000 0.657180 
168900.000000 111000.000000 0.657194 
169000.000000 111044.000000 0.657065 
169100.000000 111126.000000 0.657161 
169200.000000 111224.000000 0.657352 
169300.000000 111306.000000 0.657448 
169400.000000 111388.000000 0.657544 
169500.000000 111474.000000 0.657664 
169600.000000 111544.000000 0.657689 
169700.000000 111644.000000 0.657890 
169800.000000 111744.000000 0.658092 
169900.000000 111794.000000 0.657999 
170000.000000 111880.000000 0.658118 
170100.000000 111976.000000 0.658295 
170200.000000 112074.000000 0.658484 
170300.000000 112162.000000 0.658614 
170400.000000 112252.000000 0.658756 
170500.000000 112294.000000 0.658616 
170600.000000 112370.000000 0.658675 
170700.000000 112442.000000 0.658711 
170800.000000 112522.000000 0.658794 
170900.000000 112604.000000 0.658888 
171000.000000 112682.000000 0.658959 
171100.000000 112774.000000 0.659112 
171200.000000 112844.000000 0.659136 
171300.000000 112898.000000 0.659066 
171400.000000 112958.000000 0.659032 
171500.000000 113050.000000 0.659184 
171600.000000 113114.000000 0.659172 
171700.000000 113192.000000 0.659243 
171800.000000 113272.000000 0.659325 
171900.000000 113334.000000 0.659302 
172000.000000 113428.000000 0.659465 
172100.000000 113520.000000 0.659617 
172200.000000 113602.000000 0.659710 
172300.000000 113658.000000 0.659652 
172400.000000 113736.000000 0.659722 
172500.000000 113824.000000 0.659849 
172600.000000 113910.000000 0.659965 
172700.000000 113978.000000 0.659977 
172800.000000 114068.000000 0.660116 
172900.000000 114168.000000 0.660312 
173000.000000 114246.000000 0.660381 
173100.000000 114310.000000 0.660370 
173200.000000 114400.000000 0.660508 
173300.000000 114482.000000 0.660600 
173400.000000 114546.000000 0.660588 
173500.000000 114628.000000 0.660680 
173600.000000 114670.000000 0.660541 
173700.000000 114734.000000 0.660530 
173800.000000 114824.000000 0.660667 
173900.000000 114890.000000 0.660667 
174000.000000 114972.000000 0.660759 
174100.000000 115060.000000 0.660885 
174200.000000 115122.000000 0.660861 
174300.000000 115170.000000 0.660757 
174400.000000 115270.000000 0.660952 
174500.000000 115366.000000 0.661123 
174600.000000 115448.000000 0.661214 
174700.000000 115510.000000 0.661191 
174800.000000 115600.000000 0.661327 
174900.000000 115670.000000 0.661349 
175000.000000 115676.000000 0.661006 
175100.000000 115708.000000 0.660811 
175200.000000 115790.000000 0.660902 
175300.000000 115874.000000 0.661004 
175400.000000 115940.000000 0.661003 
175500.000000 116002.000000 0.660980 
175600.000000 116100.000000 0.661162 
175700.000000 116188.000000 0.661286 
175800.000000 116280.000000 0.661433 
175900.000000 116350.000000 0.661455 
176000.000000 116406.000000 0.661398 
176100.000000 116458.000000 0.661317 
176200.000000 116524.000000 0.661317 
176300.000000 116584.000000 0.661282 
176400.000000 116674.000000 0.661417 
176500.000000 116760.000000 0.661530 
176600.000000 116786.000000 0.661302 
176700.000000 116874.000000 0.661426 
176800.000000 116968.000000 0.661584 
176900.000000 117058.000000 0.661718 
177000.000000 117158.000000 0.661910 
177100.000000 117246.000000 0.662033 
177200.000000 117328.000000 0.662122 
177300.000000 117400.000000 0.662155 
177400.000000 117450.000000 0.662063 
177500.000000 117534.000000 0.662163 
177600.000000 117622.000000 0.662286 
177700.000000 117712.000000 0.662420 
177800.000000 117778.000000 0.662418 
177900.000000 117878.000000 0.662608 
178000.000000 117976.000000 0.662787 
178100.000000 118052.000000 0.662841 
178200.000000 118132.000000 0.662918 
178300.000000 118210.000000 0.662984 
178400.000000 118296.000000 0.663094 
178500.000000 118376.000000 0.663171 
178600.000000 118438.000000 0.663147 
178700.000000 118518.000000 0.663223 
178800.000000 118614.000000 0.663389 
178900.000000 118664.000000 0.663298 
179000.000000 118744.000000 0.663374 
179100.000000 118834.000000 0.663506 
179200.000000 118918.000000 0.663605 
179300.000000 118996.000000 0.663670 
179400.000000 119082.000000 0.663779 
179500.000000 119122.000000 0.663632 
179600.000000 119190.000000 0.663641 
179700.000000 119270.000000 0.663717 
179800.000000 119348.000000 0.663782 
179900.000000 119378.000000 0.663580 
180000.000000 119426.000000 0.663478 
180100.000000 119488.000000 0.663454 
180200.000000 119566.000000 0.663518 
180300.000000 119622.000000 0.663461 
180400.000000 119690.000000 0.663470 
180500.000000 119760.000000 0.663490 
180600.000000 119850.000000 0.663621 
180700.000000 119940.000000 0.663752 
180800.000000 120040.000000 0.663938 
180900.000000 120128.000000 0.664057 
181000.000000 120214.000000 0.664166 
181100.000000 120304.000000 0.664296 
181200.000000 120402.000000 0.664470 
181300.000000 120496.000000 0.664622 
181400.000000 120580.000000 0.664719 
181500.000000 120666.000000 0.664826 
181600.000000 120726.000000 0.664791 
181700.000000 120818.000000 0.664931 
181800.000000 120910.000000 0.665071 
181900.000000 120982.000000 0.665102 
182000.000000 121044.000000 0.665077 
182100.000000 121138.000000 0.665228 
182200.000000 121178.000000 0.665082 
182300.000000 121248.000000 0.665101 
182400.000000 121298.000000 0.665011 
182500.000000 121382.000000 0.665107 
182600.000000 121454.000000 0.665137 
182700.000000 121540.000000 0.665244 
182800.000000 121620.000000 0.665317 
182900.000000 121674.000000 0.665249 
183000.000000 121742.000000 0.665257 
183100.000000 121800.000000 0.665210 
183200.000000 121886.000000 0.665317 
183300.000000 121966.000000 0.665390 
183400.000000 122018.000000 0.665311 
183500.000000 122102.000000 0.665406 
183600.000000 122188.000000 0.665512 
183700.000000 122282.000000 0.665661 
183800.000000 122362.000000 0.665734 
183900.000000 122438.000000 0.665786 
184000.000000 122506.000000 0.665793 
184100.000000 122564.000000 0.665747 
184200.000000 122654.000000 0.665874 
184300.000000 122716.000000 0.665849 
184400.000000 122780.000000 0.665835 
184500.000000 122860.000000 0.665908 
184600.000000 122932.000000 0.665937 
184700.000000 122984.000000 0.665858 
184800.000000 123066.000000 0.665942 
184900.000000 123148.000000 0.666025 
185000.000000 123212.000000 0.666011 
185100.000000 123248.000000 0.665846 
185200.000000 123322.000000 0.665886 
185300.000000 123420.000000 0.666055 
185400.000000 123508.000000 0.666170 
185500.000000 123598.000000 0.666296 
185600.000000 123660.000000 0.666272 
185700.000000 123742.000000 0.666354 
185800.000000 123828.000000 0.666459 
185900.000000 123914.000000 0.666563 
186000.000000 124012.000000 0.666731 
186100.000000 124062.000000 0.666642 
186200.000000 124076.000000 0.666359 
186300.000000 124162.000000 0.666463 
186400.000000 124218.000000 0.666406 
186500.000000 124266.000000 0.666306 
186600.000000 124330.000000 0.666292 
186700.000000 124368.000000 0.666138 
186800.000000 124428.000000 0.666103 
186900.000000 124480.000000 0.666025 
187000.000000 124540.000000 0.665989 
187100.000000 124602.000000 0.665965 
187200.000000 124672.000000 0.665983 
187300.000000 124728.000000 0.665926 
187400.000000 124734.000000 0.665603 
187500.000000 124754.000000 0.665355 
187600.000000 124824.000000 0.665373 
187700.000000 124896.000000 0.665402 
187800.000000 124982.000000 0.665506 
187900.000000 125030.000000 0.665407 
188000.000000 125088.000000 0.665362 
188100.000000 125132.000000 0.665242 
188200.000000 125200.000000 0.665250 
188300.000000 125288.000000 0.665364 
188400.000000 125340.000000 0.665287 
188500.000000 125428.000000 0.665401 
188600.000000 125518.000000 0.665525 
188700.000000 125538.000000 0.665278 
188800.000000 125624.000000 0.665381 
188900.000000 125718.000000 0.665527 
189000.000000 125810.000000 0.665661 
189100.000000 125908.000000 0.665828 
189200.000000 125982.000000 0.665867 
189300.000000 126060.000000 0.665927 
189400.000000 126150.000000 0.666051 
189500.000000 126200.000000 0.665963 
189600.000000 126286.000000 0.666065 
189700.000000 126328.000000 0.665936 
189800.000000 126412.000000 0.666027 
189900.000000 126464.000000 0.665950 
190000.000000 126538.000000 0.665989 
190100.000000 126628.000000 0.666113 
190200.000000 126708.000000 0.666183 
190300.000000 126808.000000 0.666358 
190400.000000 126820.000000 0.666071 
190500.000000 126870.000000 0.665984 
190600.000000 126876.000000 0.665666 
190700.000000 126938.000000 0.665642 
190800.000000 127038.000000 0.665818 
190900.000000 127090.000000 0.665741 
191000.000000 127168.000000 0.665801 
191100.000000 127254.000000 0.665903 
191200.000000 127298.000000 0.665785 
191300.000000 127366.000000 0.665792 
191400.000000 127460.000000 0.665935 
191500.000000 127524.000000 0.665922 
191600.000000 127610.000000 0.666023 
191700.000000 127710.000000 0.666197 
191800.000000 127780.000000 0.666215 
191900.000000 127856.000000 0.666264 
192000.000000 127954.000000 0.666427 
192100.000000 128044.000000 0.666549 
192200.000000 128088.000000 0.666431 
192300.000000 128164.000000 0.666479 
192400.000000 128260.000000 0.666632 
192500.000000 128338.000000 0.666691 
192600.000000 128426.000000 0.666802 
192700.000000 128498.000000 0.666829 
192800.000000 128586.000000 0.666940 
192900.000000 128678.000000 0.667071 
193000.000000 128772.000000 0.667212 
193100.000000 128860.000000 0.667323 
193200.000000 128958.000000 0.667484 
193300.000000 128998.000000 0.667346 
193400.000000 129096.000000 0.667508 
193500.000000 129182.000000 0.667607 
193600.000000 129244.000000 0.667583 
193700.000000 129266.000000 0.667352 
193800.000000 129326.000000 0.667317 
193900.000000 129392.000000 0.667313 
194000.000000 129446.000000 0.667247 
194100.000000 129508.000000 0.667223 
194200.000000 129570.000000 0.667199 
194300.000000 129632.000000 0.667174 
194400.000000 129686.000000 0.667109 
194500.000000 129776.000000 0.667229 
194600.000000 129848.000000 0.667256 
194700.000000 129912.000000 0.667242 
194800.000000 129998.000000 0.667341 
194900.000000 130054.000000 0.667286 
195000.000000 130142.000000 0.667395 
195100.000000 130228.000000 0.667494 
195200.000000 130322.000000 0.667633 
195300.000000 130418.000000 0.667783 
195400.000000 130488.000000 0.667799 
195500.000000 130582.000000 0.667939 
195600.000000 130666.000000 0.668027 
195700.000000 130726.000000 0.667992 
195800.000000 130780.000000 0.667926 
195900.000000 130862.000000 0.668004 
196000.000000 130926.000000 0.667990 
196100.000000 130996.000000 0.668006 
196200.000000 131072.000000 0.668053 
196300.000000 131112.000000 0.667916 
196400.000000 131206.000000 0.668055 
196500.000000 131294.000000 0.668163 
196600.000000 131358.000000 0.668149 
196700.000000 131438.000000 0.668216 
196800.000000 131504.000000 0.668211 
196900.000000 131580.000000 0.668258 
197000.000000 131648.000000 0.668264 
197100.000000 131702.000000 0.668199 
197200.000000 131740.000000 0.668053 
197300.000000 131812.000000 0.668079 
197400.000000 131912.000000 0.668247 
197500.000000 131972.000000 0.668213 
197600.000000 132046.000000 0.668249 
197700.000000 132146.000000 0.668417 
197800.000000 132234.000000 0.668524 
197900.000000 132312.000000 0.668580 
198000.000000 132392.000000 0.668646 
198100.000000 132442.000000 0.668561 
198200.000000 132522.000000 0.668628 
198300.000000 132606.000000 0.668714 
198400.000000 132672.000000 0.668710 
198500.000000 132768.000000 0.668856 
198600.000000 132856.000000 0.668963 
198700.000000 132936.000000 0.669029 
198800.000000 133030.000000 0.669165 
198900.000000 133114.000000 0.669251 
199000.000000 133184.000000 0.669266 
199100.000000 133276.000000 0.669392 
199200.000000 133360.000000 0.669478 
199300.000000 133444.000000 0.669563 
199400.000000 133524.000000 0.669629 
199500.000000 133580.000000 0.669574 
199600.000000 133650.000000 0.669589 
199700.000000 133710.000000 0.669554 
199800.000000 133802.000000 0.669680 
199900.000000 133846.000000 0.669565 
200000.000000 133882.000000 0.669410 
