100.000000 6.000000 0.840672 92.730766 
200.000000 27.000000 2.587667 152.285416 
300.000000 0.000000 2.330906 198.166809 
400.000000 5.000000 2.881571 98.301781 
500.000000 12.000000 -4.759323 150.781265 
600.000000 25.000000 -5.894406 539.174683 
700.000000 14.000000 -7.941444 694.035889 
800.000000 2.000000 -9.333807 479.110962 
900.000000 4.000000 4.529712 244.681396 
1000.000000 0.000000 -4.557159 82.969681 
1100.000000 14.000000 12.380879 17.458071 
1200.000000 24.000000 9.194015 80.467888 
1300.000000 27.000000 7.054602 165.900223 
1400.000000 7.000000 12.385942 29.552319 
1500.000000 5.000000 11.742404 9.849831 
1600.000000 9.000000 8.043943 48.995335 
1700.000000 12.000000 5.682150 6.950507 
1800.000000 6.000000 -2.495018 89.600380 
1900.000000 14.000000 -0.617058 220.669571 
2000.000000 4.000000 -7.474390 71.246872 
2100.000000 18.000000 -6.590070 303.359070 
2200.000000 7.000000 -13.554584 489.373322 
2300.000000 27.000000 -14.301343 702.498596 
2400.000000 22.000000 -14.615979 1017.263550 
2500.000000 0.000000 -5.807548 494.203339 
2600.000000 23.000000 -4.352806 452.992920 
2700.000000 27.000000 -3.092519 528.666748 
2800.000000 6.000000 1.985983 465.307007 
2900.000000 19.000000 -0.919510 164.560669 
3000.000000 17.000000 -15.769905 547.879028 
3100.000000 7.000000 -0.561100 360.900696 
3200.000000 6.000000 2.560430 123.779800 
3300.000000 19.000000 10.841188 78.884132 
3400.000000 10.000000 13.110338 60.505360 
3500.000000 1.000000 15.000000 39.474747 
3600.000000 0.000000 1.076086 4.939467 
3700.000000 3.000000 15.000000 0.010187 
3800.000000 12.000000 12.139606 0.477875 
3900.000000 7.000000 12.110996 5.078796 
4000.000000 0.000000 14.137948 35.315216 
4100.000000 7.000000 7.022272 56.855282 
4200.000000 8.000000 -4.317216 24.457781 
4300.000000 12.000000 -12.266320 92.576141 
4400.000000 0.000000 -16.000000 366.009399 
4500.000000 11.000000 -12.197894 408.011353 
4600.000000 17.000000 -12.615111 643.078003 
4700.000000 23.000000 -4.360179 527.389099 
4800.000000 16.000000 5.602873 114.821815 
4900.000000 21.000000 -1.906631 202.985641 
5000.000000 27.000000 -1.918552 437.349426 
5100.000000 23.000000 -10.388786 788.282593 
5200.000000 9.000000 -12.669369 599.158142 
5300.000000 6.000000 -13.559548 671.929382 
5400.000000 4.000000 -12.685369 446.757324 
5500.000000 0.000000 -7.405575 282.135071 
5600.000000 27.000000 -9.365796 493.504547 
5700.000000 0.000000 -13.231008 405.098541 
5800.000000 27.000000 -9.370359 616.863953 
5900.000000 4.000000 -3.674577 469.075104 
6000.000000 22.000000 3.975476 235.383606 
6100.000000 13.000000 9.930873 105.854935 
6200.000000 26.000000 5.183361 172.028137 
6300.000000 8.000000 6.555953 29.926678 
6400.000000 27.000000 3.944342 74.138451 
6500.000000 27.000000 6.269329 171.816833 
6600.000000 16.000000 2.302774 269.373474 
6700.000000 8.000000 6.066120 172.953613 
6800.000000 3.000000 13.647998 8.954334 
6900.000000 5.000000 12.443996 29.563908 
7000.000000 25.000000 8.006474 19.672596 
7100.000000 22.000000 11.191925 77.083572 
7200.000000 15.000000 4.638052 18.854824 
7300.000000 27.000000 6.177118 102.472893 
7400.000000 19.000000 4.274026 33.437038 
7500.000000 25.000000 -4.111983 292.197662 
7600.000000 14.000000 2.784877 172.947098 
7700.000000 6.000000 12.230591 60.473183 
7800.000000 27.000000 -9.689030 300.956390 
7900.000000 5.000000 15.000000 49.856213 
8000.000000 2.000000 14.651117 21.654930 
8100.000000 24.000000 15.000000 0.676068 
8200.000000 0.000000 15.000000 1.769889 
8300.000000 6.000000 14.376307 87.524422 
8400.000000 8.000000 15.000000 106.711678 
8500.000000 12.000000 9.235368 4.447090 
8600.000000 0.000000 15.000000 60.031727 
8700.000000 25.000000 15.000000 0.627349 
8800.000000 18.000000 9.005896 26.725367 
8900.000000 0.000000 15.000000 45.836121 
9000.000000 26.000000 -4.339991 12.799423 
9100.000000 27.000000 -7.323715 412.829681 
9200.000000 19.000000 14.239662 212.571121 
9300.000000 11.000000 14.865317 39.132805 
9400.000000 27.000000 11.405870 58.350220 
9500.000000 26.000000 6.560866 189.448639 
9600.000000 11.000000 6.078598 75.549461 
9700.000000 3.000000 15.000000 41.210094 
9800.000000 27.000000 -8.874246 118.651939 
9900.000000 26.000000 -7.041261 553.278625 
10000.000000 0.000000 13.369416 291.405731 
10100.000000 17.000000 1.182106 31.239941 
10200.000000 17.000000 -4.354397 383.156006 
10300.000000 10.000000 10.077703 92.547356 
10400.000000 3.000000 15.000000 3.667358 
10500.000000 27.000000 -6.216958 3.813360 
10600.000000 11.000000 10.163740 0.122267 
10700.000000 7.000000 10.750023 4.659522 
10800.000000 0.000000 15.000000 24.956350 
10900.000000 8.000000 10.529449 23.256006 
11000.000000 20.000000 6.755857 0.704378 
11100.000000 26.000000 -6.778779 129.767105 
11200.000000 6.000000 6.254659 43.407612 
11300.000000 27.000000 -8.382101 153.626648 
11400.000000 0.000000 15.000000 163.314529 
11500.000000 2.000000 15.000000 11.469461 
11600.000000 0.000000 15.000000 64.796036 
11700.000000 27.000000 11.852666 16.285133 
11800.000000 10.000000 9.279665 0.061167 
11900.000000 21.000000 -0.915921 182.786255 
12000.000000 27.000000 -9.244548 719.448181 
12100.000000 20.000000 -0.716739 524.153809 
12200.000000 23.000000 0.253784 123.302994 
12300.000000 20.000000 4.651334 90.247719 
12400.000000 27.000000 -8.025190 514.945740 
12500.000000 27.000000 3.522204 352.857025 
12600.000000 24.000000 -8.966187 347.862549 
12700.000000 27.000000 -9.583492 841.997681 
12800.000000 27.000000 -8.887456 985.968628 
12900.000000 27.000000 -8.896378 1116.621948 
13000.000000 5.000000 11.077487 482.244751 
13100.000000 8.000000 9.737659 19.360756 
13200.000000 1.000000 14.847734 4.391016 
13300.000000 26.000000 -5.051536 75.970375 
13400.000000 21.000000 -1.383981 20.995752 
13500.000000 22.000000 -5.221204 161.559280 
13600.000000 11.000000 6.472783 256.518707 
13700.000000 16.000000 2.162878 282.082336 
13800.000000 23.000000 -5.330348 584.503967 
13900.000000 10.000000 7.617710 694.990112 
14000.000000 12.000000 7.546248 434.260223 
14100.000000 4.000000 15.000000 92.205353 
14200.000000 18.000000 -3.226940 65.894806 
14300.000000 22.000000 -7.495196 98.681625 
14400.000000 14.000000 -9.007696 540.709290 
14500.000000 0.000000 -3.933239 252.601471 
14600.000000 24.000000 -7.470652 583.633911 
14700.000000 20.000000 -4.078418 170.174942 
14800.000000 19.000000 -1.167974 461.777313 
14900.000000 21.000000 -5.382126 78.573074 
15000.000000 13.000000 0.520994 112.864586 
15100.000000 12.000000 5.919415 291.564758 
15200.000000 14.000000 5.504870 14.023064 
15300.000000 7.000000 11.412362 19.980940 
15400.000000 23.000000 -7.206526 1.401909 
15500.000000 4.000000 11.464795 115.492630 
15600.000000 7.000000 12.251308 3.301673 
15700.000000 0.000000 15.000000 18.988377 
15800.000000 1.000000 15.000000 33.005775 
15900.000000 27.000000 -9.746510 71.563919 
16000.000000 6.000000 8.481636 396.996857 
16100.000000 23.000000 -2.445966 18.396589 
16200.000000 19.000000 -5.348790 488.650665 
16300.000000 7.000000 11.719759 51.320049 
16400.000000 4.000000 12.225468 91.740883 
16500.000000 7.000000 12.017125 38.886353 
16600.000000 9.000000 5.852142 2.882396 
16700.000000 0.000000 15.000000 44.813892 
16800.000000 27.000000 -9.131594 93.504440 
16900.000000 11.000000 6.278061 380.333618 
17000.000000 0.000000 15.000000 14.433738 
17100.000000 10.000000 5.442433 39.702988 
17200.000000 12.000000 5.940754 58.986725 
17300.000000 20.000000 -5.047733 153.409302 
17400.000000 10.000000 4.240332 492.545624 
17500.000000 21.000000 -5.238441 229.876083 
17600.000000 16.000000 0.026634 630.804810 
17700.000000 22.000000 -8.992076 474.981201 
17800.000000 15.000000 1.762809 796.814331 
17900.000000 7.000000 9.952208 126.185898 
18000.000000 27.000000 -9.509353 582.780151 
18100.000000 0.000000 15.000000 397.236908 
18200.000000 5.000000 11.497192 11.669598 
18300.000000 0.000000 15.000000 59.895905 
18400.000000 23.000000 -8.756992 21.951374 
18500.000000 14.000000 0.082898 379.876740 
18600.000000 9.000000 8.853841 351.615875 
18700.000000 6.000000 9.865706 17.429461 
18800.000000 16.000000 0.749575 111.174179 
18900.000000 3.000000 15.000000 116.116257 
19000.000000 16.000000 0.994842 13.165401 
19100.000000 20.000000 -2.954325 62.515499 
19200.000000 6.000000 8.743852 389.487640 
19300.000000 5.000000 12.325882 5.632561 
19400.000000 23.000000 -8.561443 41.869457 
19500.000000 22.000000 -7.978241 462.869171 
19600.000000 0.000000 15.000000 40.908100 
19700.000000 27.000000 -10.200685 201.755356 
19800.000000 20.000000 -3.800682 124.996841 
19900.000000 4.000000 12.541883 132.295959 
20000.000000 27.000000 -10.372298 80.849075 
20100.000000 20.000000 -3.086775 372.625366 
20200.000000 3.000000 12.560610 4.459177 
20300.000000 27.000000 -9.389597 450.857849 
20400.000000 18.000000 -0.942418 190.207428 
20500.000000 23.000000 -8.393574 358.101440 
20600.000000 27.000000 -7.611530 890.289001 
20700.000000 12.000000 3.381459 418.916077 
20800.000000 26.000000 -4.458859 132.722672 
20900.000000 22.000000 -4.370926 571.604736 
21000.000000 27.000000 -10.004212 928.198975 
21100.000000 8.000000 6.192057 228.287247 
21200.000000 22.000000 -4.755380 485.877167 
21300.000000 13.000000 3.935612 477.166504 
21400.000000 7.000000 12.567376 325.626923 
21500.000000 27.000000 -10.445148 587.348022 
21600.000000 1.000000 15.000000 96.042953 
21700.000000 0.000000 14.828747 32.204853 
21800.000000 13.000000 0.039275 2.393656 
21900.000000 27.000000 -10.166679 403.983246 
22000.000000 2.000000 13.426393 54.975636 
22100.000000 12.000000 3.520189 19.237165 
22200.000000 11.000000 4.456667 9.462433 
22300.000000 22.000000 -2.529644 5.639076 
22400.000000 6.000000 9.754510 17.364933 
22500.000000 0.000000 15.000000 24.188940 
22600.000000 15.000000 2.232023 61.201229 
22700.000000 0.000000 15.000000 6.072235 
22800.000000 27.000000 -7.617620 83.394745 
22900.000000 23.000000 -8.517436 359.771149 
23000.000000 16.000000 -0.284202 201.112625 
23100.000000 0.000000 15.000000 3.615202 
23200.000000 3.000000 14.691807 11.416413 
23300.000000 0.000000 15.000000 46.106495 
23400.000000 17.000000 -0.980585 52.838696 
23500.000000 13.000000 5.687179 185.037598 
23600.000000 17.000000 1.981683 0.324877 
23700.000000 17.000000 1.054127 215.470581 
23800.000000 22.000000 -5.462896 640.046814 
23900.000000 1.000000 13.883369 292.087128 
24000.000000 15.000000 0.309832 84.111130 
24100.000000 20.000000 -2.927253 263.545715 
24200.000000 14.000000 0.113710 5.806729 
24300.000000 22.000000 -5.059698 422.275513 
24400.000000 17.000000 -1.827350 238.141800 
24500.000000 17.000000 3.559680 69.218491 
24600.000000 12.000000 5.531318 0.017934 
24700.000000 1.000000 14.749700 109.633087 
24800.000000 5.000000 12.573405 1.484182 
24900.000000 0.000000 15.000000 30.640442 
25000.000000 16.000000 -1.155816 68.478523 
25100.000000 23.000000 -5.049539 649.669189 
25200.000000 19.000000 1.745319 533.920532 
25300.000000 27.000000 -8.654487 686.199097 
25400.000000 27.000000 -9.574120 868.178345 
25500.000000 18.000000 2.452460 553.172668 
25600.000000 5.000000 10.997471 32.317993 
25700.000000 23.000000 -6.062624 151.285126 
25800.000000 16.000000 1.548340 189.009476 
25900.000000 16.000000 3.727236 516.907776 
26000.000000 18.000000 0.122885 18.995628 
26100.000000 18.000000 2.665397 170.856628 
26200.000000 20.000000 -2.491272 29.162334 
26300.000000 14.000000 3.444522 290.457520 
26400.000000 8.000000 10.549873 162.963074 
26500.000000 0.000000 14.973951 11.028106 
26600.000000 22.000000 -4.275935 214.302658 
26700.000000 6.000000 9.313354 108.180283 
26800.000000 24.000000 -6.300805 87.218964 
26900.000000 1.000000 15.000000 0.672040 
27000.000000 1.000000 14.880284 75.133186 
27100.000000 27.000000 -9.869083 65.721550 
27200.000000 0.000000 15.000000 0.025707 
27300.000000 27.000000 -10.001072 31.897148 
27400.000000 5.000000 11.867064 3.463799 
27500.000000 0.000000 15.000000 12.679298 
27600.000000 13.000000 2.802123 7.146296 
27700.000000 21.000000 -5.539423 238.617401 
27800.000000 0.000000 15.000000 18.861256 
27900.000000 13.000000 5.697357 30.857086 
28000.000000 19.000000 -4.691340 2.307852 
28100.000000 9.000000 7.071315 24.268892 
28200.000000 8.000000 7.939322 13.983013 
28300.000000 0.000000 15.000000 37.427422 
28400.000000 0.000000 15.000000 90.664040 
28500.000000 26.000000 -7.098434 179.746429 
28600.000000 27.000000 -9.755164 199.032135 
28700.000000 13.000000 4.152898 270.474854 
28800.000000 2.000000 12.717830 37.996548 
28900.000000 25.000000 -8.649190 217.576569 
29000.000000 0.000000 15.000000 178.623779 
29100.000000 27.000000 -9.682718 51.890114 
29200.000000 7.000000 10.244038 97.486603 
29300.000000 5.000000 15.000000 3.884522 
29400.000000 0.000000 15.000000 63.923569 
29500.000000 15.000000 0.866435 68.360184 
29600.000000 12.000000 5.187362 61.686165 
29700.000000 27.000000 -8.327189 127.173897 
29800.000000 18.000000 1.866849 253.614471 
29900.000000 10.000000 6.892828 202.361984 
30000.000000 21.000000 -3.500643 439.594574 
30100.000000 27.000000 -9.713818 846.445312 
30200.000000 11.000000 9.873054 176.660019 
30300.000000 9.000000 4.121206 10.408390 
30400.000000 20.000000 0.608189 163.298431 
30500.000000 25.000000 -3.999008 39.003204 
30600.000000 1.000000 14.137197 0.374567 
30700.000000 17.000000 0.311226 3.544482 
30800.000000 9.000000 15.000000 53.048321 
30900.000000 3.000000 13.654493 19.755623 
31000.000000 25.000000 -6.752566 135.998032 
31100.000000 11.000000 6.522395 282.413177 
31200.000000 16.000000 -1.948195 69.063316 
31300.000000 21.000000 -5.332823 564.074890 
31400.000000 4.000000 15.000000 160.760757 
31500.000000 0.000000 14.463092 94.869896 
31600.000000 0.000000 15.000000 9.886282 
31700.000000 6.000000 9.133097 56.208488 
31800.000000 21.000000 -3.003562 234.329773 
31900.000000 27.000000 -9.866352 799.227356 
32000.000000 17.000000 -0.209348 813.779724 
32100.000000 27.000000 -10.305606 683.552368 
32200.000000 6.000000 8.715943 451.770111 
32300.000000 18.000000 -0.737049 317.041046 
32400.000000 13.000000 3.316615 529.662170 
32500.000000 0.000000 15.000000 1.834085 
32600.000000 26.000000 -7.752713 96.975487 
32700.000000 1.000000 15.000000 407.691193 
32800.000000 27.000000 -9.744718 103.258507 
32900.000000 27.000000 -9.823106 739.746338 
33000.000000 11.000000 7.347281 670.092590 
33100.000000 4.000000 15.000000 47.709469 
33200.000000 3.000000 14.087691 0.081924 
33300.000000 21.000000 -0.527957 26.247686 
33400.000000 20.000000 -6.056670 33.614670 
33500.000000 0.000000 15.000000 128.822159 
33600.000000 5.000000 8.075220 0.328494 
33700.000000 22.000000 -2.536966 20.077635 
33800.000000 5.000000 9.980976 303.454132 
33900.000000 23.000000 -4.348013 613.689575 
34000.000000 18.000000 2.419719 147.182388 
34100.000000 21.000000 -2.981329 418.593994 
34200.000000 25.000000 -9.094303 782.111755 
34300.000000 26.000000 -6.541772 912.014099 
34400.000000 2.000000 15.000000 176.650131 
34500.000000 0.000000 14.900199 19.872698 
34600.000000 8.000000 8.535557 3.137596 
34700.000000 1.000000 15.000000 0.708855 
34800.000000 3.000000 14.856823 62.847557 
34900.000000 25.000000 -10.461843 141.899414 
35000.000000 13.000000 0.406071 253.978683 
35100.000000 11.000000 5.679846 432.662506 
35200.000000 27.000000 -9.902349 409.567810 
35300.000000 27.000000 -10.358617 674.400024 
35400.000000 5.000000 13.476610 48.270760 
35500.000000 10.000000 10.160329 31.536631 
35600.000000 20.000000 -4.079586 371.219208 
35700.000000 25.000000 -5.513824 861.911194 
35800.000000 12.000000 4.654533 268.289001 
35900.000000 7.000000 10.895414 0.680946 
36000.000000 27.000000 -9.924773 48.250427 
36100.000000 27.000000 -9.635706 304.605988 
36200.000000 20.000000 -4.375915 786.489319 
36300.000000 0.000000 15.000000 269.648712 
36400.000000 13.000000 1.258609 83.966965 
36500.000000 15.000000 4.604742 518.081665 
36600.000000 3.000000 10.472698 3.895964 
36700.000000 13.000000 3.801130 77.959198 
36800.000000 23.000000 -2.337648 368.277802 
36900.000000 23.000000 -8.355618 380.155670 
37000.000000 18.000000 -1.067248 385.264374 
37100.000000 6.000000 13.831126 14.709652 
37200.000000 9.000000 6.293913 30.572412 
37300.000000 19.000000 -0.457553 65.555046 
37400.000000 16.000000 -2.245048 134.994186 
37500.000000 18.000000 -1.738277 183.360214 
37600.000000 0.000000 15.000000 80.069557 
37700.000000 9.000000 4.895801 1.143142 
37800.000000 19.000000 -3.011463 100.318245 
37900.000000 0.000000 15.000000 198.069885 
38000.000000 6.000000 12.514720 62.538078 
38100.000000 3.000000 11.882344 5.973205 
38200.000000 26.000000 -9.486576 158.815552 
38300.000000 23.000000 -2.334064 313.636841 
38400.000000 2.000000 13.842554 207.144989 
38500.000000 7.000000 8.174391 5.630217 
38600.000000 23.000000 -8.113605 5.262450 
38700.000000 26.000000 -8.431217 415.039368 
38800.000000 27.000000 -7.926471 713.435791 
38900.000000 4.000000 13.772635 663.376282 
39000.000000 17.000000 -1.045462 382.943390 
39100.000000 10.000000 6.717779 272.312500 
39200.000000 17.000000 3.668343 550.402588 
39300.000000 27.000000 -9.925023 684.032288 
39400.000000 0.000000 13.964799 408.513611 
39500.000000 0.000000 15.000000 0.129435 
39600.000000 27.000000 -10.209517 308.568390 
39700.000000 8.000000 6.558943 24.378963 
39800.000000 21.000000 -2.226359 354.255005 
39900.000000 26.000000 -4.871205 716.824829 
40000.000000 27.000000 -8.651697 871.504761 
40100.000000 0.000000 15.000000 250.159790 
40200.000000 0.000000 15.000000 3.024232 
40300.000000 0.000000 14.545793 14.336102 
40400.000000 12.000000 7.251232 2.151929 
40500.000000 0.000000 14.144391 54.947037 
40600.000000 0.000000 15.000000 42.367638 
40700.000000 27.000000 -9.865258 49.415264 
40800.000000 21.000000 -2.297348 212.488281 
40900.000000 12.000000 4.630621 293.337738 
41000.000000 1.000000 14.492623 5.517111 
41100.000000 19.000000 -2.837821 147.133545 
41200.000000 6.000000 10.003087 142.539566 
41300.000000 4.000000 14.108174 127.947647 
41400.000000 24.000000 -7.483033 70.588150 
41500.000000 27.000000 -9.577244 521.981323 
41600.000000 13.000000 7.411673 36.668320 
41700.000000 26.000000 -5.540283 103.183067 
41800.000000 5.000000 15.000000 1.076972 
41900.000000 26.000000 -9.615664 50.206978 
42000.000000 23.000000 -8.328297 296.876251 
42100.000000 18.000000 -2.084531 465.234039 
42200.000000 19.000000 -2.354327 737.535767 
42300.000000 24.000000 -8.385204 943.450745 
42400.000000 0.000000 15.000000 525.989624 
42500.000000 0.000000 15.000000 0.698219 
42600.000000 20.000000 -5.067944 31.538633 
42700.000000 4.000000 9.882419 242.910324 
42800.000000 5.000000 9.116743 1.577434 
42900.000000 0.000000 15.000000 28.906532 
43000.000000 0.000000 14.146199 103.954201 
43100.000000 17.000000 2.677076 197.779953 
43200.000000 18.000000 -2.211884 59.200333 
43300.000000 8.000000 10.456317 144.343109 
43400.000000 19.000000 -5.747093 6.364478 
43500.000000 20.000000 -5.816850 391.839233 
43600.000000 15.000000 3.840817 441.236755 
43700.000000 25.000000 -6.625865 614.553406 
43800.000000 0.000000 15.000000 109.635208 
43900.000000 4.000000 11.157041 189.545441 
44000.000000 16.000000 0.568712 29.430286 
44100.000000 21.000000 -0.994905 78.161385 
44200.000000 27.000000 -7.760689 489.998169 
44300.000000 0.000000 15.000000 325.971680 
44400.000000 15.000000 0.861391 17.100132 
44500.000000 20.000000 -4.734477 0.156451 
44600.000000 12.000000 4.672955 115.686539 
44700.000000 11.000000 5.477115 0.000390 
44800.000000 0.000000 15.000000 35.812206 
44900.000000 27.000000 -9.665256 53.756451 
45000.000000 14.000000 3.053018 441.563599 
45100.000000 0.000000 14.974447 13.500088 
45200.000000 21.000000 -3.290100 225.196915 
45300.000000 14.000000 4.486828 174.502029 
45400.000000 8.000000 9.969574 11.900197 
45500.000000 4.000000 11.302581 35.491119 
45600.000000 16.000000 2.606579 405.439209 
45700.000000 0.000000 15.000000 4.482900 
45800.000000 14.000000 1.259067 5.412631 
45900.000000 14.000000 4.637105 67.379929 
46000.000000 0.000000 15.000000 9.219788 
46100.000000 0.000000 15.000000 84.912415 
46200.000000 21.000000 -8.678533 0.116548 
46300.000000 18.000000 -3.467602 343.834198 
46400.000000 27.000000 -9.742594 363.960510 
46500.000000 0.000000 15.000000 81.732239 
46600.000000 21.000000 -1.884938 110.150604 
46700.000000 27.000000 -6.142336 664.760864 
46800.000000 20.000000 -1.887509 921.711121 
46900.000000 10.000000 5.052640 277.584900 
47000.000000 19.000000 3.623347 352.799561 
47100.000000 20.000000 1.273043 609.579651 
47200.000000 8.000000 8.276196 61.902237 
47300.000000 7.000000 13.365787 33.156288 
47400.000000 18.000000 -2.274738 0.297750 
47500.000000 0.000000 15.000000 35.685783 
47600.000000 3.000000 14.352803 19.964130 
47700.000000 10.000000 5.221155 87.308121 
47800.000000 16.000000 6.588504 234.572906 
47900.000000 20.000000 -3.685307 575.722839 
48000.000000 24.000000 -9.386715 857.705627 
48100.000000 24.000000 -5.587976 1099.117554 
48200.000000 21.000000 -0.376744 926.263062 
48300.000000 27.000000 -9.939718 795.184937 
48400.000000 21.000000 -3.718134 861.378052 
48500.000000 9.000000 8.985669 82.839584 
48600.000000 3.000000 11.368712 12.635151 
48700.000000 11.000000 5.602573 38.791355 
48800.000000 5.000000 10.969973 5.221374 
48900.000000 5.000000 11.098349 81.570610 
49000.000000 13.000000 4.115226 96.835892 
49100.000000 24.000000 -9.367787 0.770667 
49200.000000 20.000000 -0.628327 200.098984 
49300.000000 20.000000 -2.215189 209.861328 
49400.000000 0.000000 11.882273 0.690045 
49500.000000 9.000000 7.783024 0.656326 
49600.000000 27.000000 -9.684418 62.095486 
49700.000000 25.000000 -7.593999 608.434448 
49800.000000 12.000000 4.610148 678.564697 
49900.000000 12.000000 7.298768 71.834473 
50000.000000 12.000000 5.302201 3.156826 
50100.000000 5.000000 7.108157 8.314303 
50200.000000 17.000000 -0.041017 145.281952 
50300.000000 25.000000 -8.268024 586.050659 
50400.000000 21.000000 -2.616693 541.512695 
50500.000000 8.000000 8.455380 13.804151 
50600.000000 16.000000 1.616777 0.957518 
50700.000000 16.000000 -0.732044 8.672206 
50800.000000 0.000000 15.000000 95.876389 
50900.000000 3.000000 14.061646 17.171080 
51000.000000 0.000000 14.056963 6.248636 
51100.000000 18.000000 -0.683126 300.687378 
51200.000000 9.000000 10.219672 138.720718 
51300.000000 21.000000 -4.435408 383.995026 
51400.000000 27.000000 -10.152822 523.465454 
51500.000000 0.000000 14.899873 63.802216 
51600.000000 25.000000 -8.001184 311.688354 
51700.000000 14.000000 5.015603 333.686768 
51800.000000 13.000000 3.829318 226.160950 
51900.000000 27.000000 -8.741955 553.705078 
52000.000000 27.000000 -7.962631 557.355103 
52100.000000 27.000000 -8.500281 921.862244 
52200.000000 27.000000 -8.517938 1115.212524 
52300.000000 0.000000 14.665991 127.457726 
52400.000000 9.000000 7.758963 0.225053 
52500.000000 22.000000 -3.848864 337.077362 
52600.000000 8.000000 9.103954 165.868927 
52700.000000 2.000000 15.000000 231.728043 
52800.000000 0.000000 15.000000 15.736938 
52900.000000 0.000000 15.000000 21.140495 
53000.000000 0.000000 15.000000 109.372780 
53100.000000 14.000000 -0.870431 0.420078 
53200.000000 24.000000 -9.577262 469.749298 
53300.000000 5.000000 10.843804 69.039482 
53400.000000 23.000000 -9.497208 520.085510 
53500.000000 27.000000 -9.994720 834.677124 
53600.000000 11.000000 6.366241 357.189514 
53700.000000 0.000000 15.000000 38.214020 
53800.000000 20.000000 -5.574158 17.190157 
53900.000000 27.000000 -10.379028 545.925903 
54000.000000 6.000000 9.866418 45.423073 
54100.000000 25.000000 -8.213034 200.849609 
54200.000000 26.000000 -7.032423 545.694641 
54300.000000 20.000000 -1.713367 777.539001 
54400.000000 0.000000 15.000000 44.757401 
54500.000000 0.000000 15.000000 40.797962 
54600.000000 2.000000 11.532637 129.870316 
54700.000000 20.000000 -6.965093 28.465395 
54800.000000 10.000000 7.256133 195.171890 
54900.000000 3.000000 15.000000 0.252143 
55000.000000 0.000000 15.000000 5.789458 
55100.000000 0.000000 15.000000 80.266579 
55200.000000 24.000000 -10.819778 5.724133 
55300.000000 8.000000 6.401461 22.279299 
55400.000000 27.000000 -9.391401 246.092484 
55500.000000 25.000000 -6.433563 695.384216 
55600.000000 1.000000 15.000000 27.992374 
55700.000000 5.000000 11.824188 0.796939 
55800.000000 9.000000 7.706069 23.387121 
55900.000000 21.000000 -1.196537 40.925461 
56000.000000 16.000000 -1.158241 213.584869 
56100.000000 18.000000 -2.325631 552.581665 
56200.000000 22.000000 -3.826698 833.956543 
56300.000000 17.000000 4.780424 531.883057 
56400.000000 23.000000 -6.320393 274.178955 
56500.000000 4.000000 11.882345 2.166176 
56600.000000 26.000000 -8.770948 296.423737 
56700.000000 27.000000 -4.772759 469.330536 
56800.000000 16.000000 10.111365 115.635056 
56900.000000 24.000000 -8.200698 232.062012 
57000.000000 0.000000 14.980000 51.101154 
57100.000000 26.000000 -7.027406 155.713669 
57200.000000 3.000000 14.877644 13.385717 
57300.000000 12.000000 1.801494 0.557655 
57400.000000 27.000000 -10.071314 305.467102 
57500.000000 13.000000 7.623951 536.737305 
57600.000000 23.000000 -8.390299 411.344574 
57700.000000 8.000000 14.031727 294.325531 
57800.000000 0.000000 15.000000 0.012217 
57900.000000 20.000000 -4.882059 182.722519 
58000.000000 11.000000 6.365800 95.623497 
58100.000000 9.000000 7.899062 182.459534 
58200.000000 27.000000 -10.051596 210.068115 
58300.000000 19.000000 -3.731040 637.103882 
58400.000000 27.000000 -9.620869 634.261719 
58500.000000 13.000000 5.694626 730.886047 
58600.000000 8.000000 12.745305 413.447021 
58700.000000 23.000000 -5.041460 322.957947 
58800.000000 6.000000 10.249884 13.798296 
58900.000000 8.000000 8.746661 1.381016 
59000.000000 27.000000 -9.965744 40.387844 
59100.000000 27.000000 -9.866453 357.134430 
59200.000000 7.000000 9.023174 467.352844 
59300.000000 11.000000 5.554087 60.318165 
59400.000000 27.000000 -7.325511 132.231033 
59500.000000 17.000000 -1.978318 541.927734 
59600.000000 0.000000 15.000000 25.221039 
59700.000000 0.000000 15.000000 46.296402 
59800.000000 0.000000 15.000000 128.859406 
59900.000000 21.000000 -3.702204 51.998409 
60000.000000 15.000000 -10.465728 182.111618 
60100.000000 26.000000 -9.832186 654.178406 
60200.000000 27.000000 -10.040897 878.338745 
60300.000000 4.000000 10.654401 663.843445 
60400.000000 19.000000 -8.241669 102.206924 
60500.000000 11.000000 8.408960 221.602844 
60600.000000 1.000000 14.979805 4.579530 
60700.000000 20.000000 -4.515433 60.492447 
60800.000000 0.000000 11.626656 1.491429 
60900.000000 0.000000 12.912148 58.952686 
61000.000000 22.000000 -3.395009 168.929611 
61100.000000 22.000000 -5.746520 19.304438 
61200.000000 11.000000 7.614048 238.046921 
61300.000000 14.000000 0.909503 29.349157 
61400.000000 27.000000 -10.854332 595.871216 
61500.000000 3.000000 15.000000 102.695900 
61600.000000 25.000000 -9.037988 4.210485 
61700.000000 6.000000 14.860147 2.926606 
61800.000000 21.000000 -6.040499 34.277145 
61900.000000 19.000000 -2.887300 502.418854 
62000.000000 23.000000 -3.175468 608.657166 
62100.000000 13.000000 5.378492 723.727783 
62200.000000 19.000000 -5.007465 288.251007 
62300.000000 2.000000 13.096652 407.594147 
62400.000000 22.000000 -4.918293 78.475784 
62500.000000 15.000000 0.170244 15.586935 
62600.000000 21.000000 -8.305418 0.044452 
62700.000000 0.000000 15.000000 3.386826 
62800.000000 7.000000 8.298220 4.904666 
62900.000000 2.000000 14.435054 46.233257 
63000.000000 25.000000 -7.769217 192.176285 
63100.000000 2.000000 15.000000 154.917191 
63200.000000 0.000000 15.000000 4.548440 
63300.000000 14.000000 0.674427 25.353630 
63400.000000 7.000000 9.635032 20.421438 
63500.000000 27.000000 -9.735360 134.312500 
63600.000000 6.000000 10.078311 109.089691 
63700.000000 16.000000 -0.820321 254.247330 
63800.000000 18.000000 -3.329044 97.181496 
63900.000000 8.000000 7.192573 41.388252 
64000.000000 3.000000 12.777396 74.724411 
64100.000000 20.000000 -3.737590 2.868192 
64200.000000 0.000000 15.000000 39.777672 
64300.000000 0.000000 13.938491 29.058638 
64400.000000 27.000000 -9.739505 3.584732 
64500.000000 22.000000 -9.954170 370.755127 
64600.000000 23.000000 -3.764196 811.998657 
64700.000000 18.000000 -3.803782 510.441589 
64800.000000 16.000000 -1.779199 525.537415 
64900.000000 23.000000 -5.721876 790.001831 
65000.000000 15.000000 5.132737 882.144287 
65100.000000 11.000000 8.611343 499.148743 
65200.000000 18.000000 1.119108 23.684032 
65300.000000 0.000000 15.000000 22.511400 
65400.000000 27.000000 -10.196304 95.203163 
65500.000000 13.000000 1.502733 117.967934 
65600.000000 27.000000 -9.966491 586.120667 
65700.000000 1.000000 15.000000 216.261032 
65800.000000 20.000000 -4.267999 104.963890 
65900.000000 27.000000 -8.575620 468.042877 
66000.000000 21.000000 -1.481012 753.145325 
66100.000000 27.000000 -9.648805 782.615173 
66200.000000 22.000000 -5.309459 1011.243713 
66300.000000 3.000000 15.000000 372.005310 
66400.000000 18.000000 1.499264 363.967133 
66500.000000 8.000000 9.334168 150.006683 
66600.000000 27.000000 -9.637007 48.568542 
66700.000000 27.000000 -10.208900 560.385925 
66800.000000 13.000000 1.840233 466.878357 
66900.000000 0.000000 15.000000 100.601700 
67000.000000 8.000000 8.529147 2.394252 
67100.000000 2.000000 14.860358 0.899143 
67200.000000 15.000000 1.511922 88.709595 
67300.000000 25.000000 -9.052789 197.687561 
67400.000000 15.000000 1.749117 342.300110 
67500.000000 3.000000 14.159682 46.485786 
67600.000000 10.000000 5.138941 19.859381 
67700.000000 27.000000 -8.469935 388.701843 
67800.000000 23.000000 -6.866427 542.851746 
67900.000000 0.000000 15.000000 43.615040 
68000.000000 1.000000 10.368136 47.869938 
68100.000000 7.000000 4.051101 0.355053 
68200.000000 0.000000 15.000000 0.000840 
68300.000000 8.000000 6.296280 9.385267 
68400.000000 23.000000 -5.103209 131.378464 
68500.000000 16.000000 -1.846855 396.915314 
68600.000000 17.000000 0.480431 169.508835 
68700.000000 0.000000 15.000000 0.106804 
68800.000000 27.000000 -10.346496 16.526669 
68900.000000 11.000000 4.726679 59.661633 
69000.000000 0.000000 15.000000 1.060590 
69100.000000 3.000000 14.694584 21.805756 
69200.000000 9.000000 8.782703 0.134457 
69300.000000 22.000000 -7.398295 19.972824 
69400.000000 21.000000 -3.784472 348.581573 
69500.000000 27.000000 -10.176464 786.550720 
69600.000000 25.000000 -10.201376 1105.512817 
69700.000000 3.000000 15.000000 638.466797 
69800.000000 0.000000 15.000000 1.243917 
69900.000000 2.000000 7.722799 62.955944 
70000.000000 0.000000 15.000000 26.894323 
70100.000000 3.000000 15.000000 60.241459 
70200.000000 1.000000 15.000000 33.653164 
70300.000000 19.000000 -1.970507 21.219330 
70400.000000 0.000000 15.000000 4.608582 
70500.000000 6.000000 12.814629 61.020630 
70600.000000 14.000000 2.628350 55.856934 
70700.000000 23.000000 -9.633492 141.978928 
70800.000000 22.000000 -9.400329 534.015991 
70900.000000 21.000000 -2.694696 708.069275 
71000.000000 24.000000 -9.724759 223.987000 
71100.000000 5.000000 14.317837 235.968170 
71200.000000 24.000000 -6.538224 86.540817 
71300.000000 7.000000 7.106472 59.799927 
71400.000000 14.000000 2.628196 12.935939 
71500.000000 11.000000 3.051417 3.038392 
71600.000000 21.000000 -1.372723 83.526199 
71700.000000 0.000000 15.000000 0.195276 
71800.000000 4.000000 13.132425 1.641287 
71900.000000 6.000000 14.014195 71.598618 
72000.000000 0.000000 15.000000 40.390881 
72100.000000 12.000000 6.320677 3.322656 
72200.000000 2.000000 12.132629 17.984352 
72300.000000 18.000000 3.465619 61.021671 
72400.000000 5.000000 12.667061 0.647604 
72500.000000 5.000000 15.000000 24.771187 
72600.000000 20.000000 1.432904 90.767990 
72700.000000 8.000000 8.174391 13.735560 
72800.000000 18.000000 -5.752272 21.955681 
72900.000000 2.000000 14.636019 219.368546 
73000.000000 12.000000 4.930669 14.754539 
73100.000000 7.000000 11.739213 50.260841 
73200.000000 18.000000 2.368742 5.675486 
73300.000000 21.000000 -4.347575 195.362427 
73400.000000 15.000000 4.115146 3.844353 
73500.000000 5.000000 14.694005 11.202450 
73600.000000 14.000000 0.081994 7.837045 
73700.000000 12.000000 4.810072 0.033916 
73800.000000 22.000000 -8.653417 177.513031 
73900.000000 20.000000 -6.105158 551.028809 
74000.000000 18.000000 0.800512 258.264984 
74100.000000 27.000000 -8.256484 176.571075 
74200.000000 26.000000 -8.856210 299.880707 
74300.000000 13.000000 5.486053 698.766357 
74400.000000 20.000000 -5.116788 89.932640 
74500.000000 11.000000 5.750982 44.337132 
74600.000000 17.000000 1.198014 75.566933 
74700.000000 10.000000 6.222482 284.367310 
74800.000000 25.000000 -11.133354 479.872437 
74900.000000 4.000000 11.614780 205.108444 
75000.000000 23.000000 -7.340412 198.096512 
75100.000000 3.000000 11.943255 84.347366 
75200.000000 0.000000 15.000000 3.413726 
75300.000000 26.000000 -9.539035 80.086113 
75400.000000 8.000000 8.309196 146.239365 
75500.000000 8.000000 8.642613 402.774963 
75600.000000 0.000000 14.530340 3.409992 
75700.000000 0.000000 15.000000 16.799572 
75800.000000 24.000000 -10.706750 93.282158 
75900.000000 1.000000 15.000000 91.905083 
76000.000000 15.000000 2.479078 89.450249 
76100.000000 27.000000 -10.116142 154.379013 
76200.000000 23.000000 -8.505505 742.075989 
76300.000000 27.000000 -9.278729 884.796143 
76400.000000 2.000000 13.203909 78.914352 
76500.000000 6.000000 10.049185 18.190573 
76600.000000 3.000000 14.937888 214.848236 
76700.000000 0.000000 15.000000 7.932299 
76800.000000 20.000000 -0.371092 62.103661 
76900.000000 12.000000 3.931850 119.733109 
77000.000000 27.000000 -10.815802 376.420685 
77100.000000 27.000000 -9.424621 904.317078 
77200.000000 4.000000 14.083096 165.149368 
77300.000000 8.000000 6.912261 23.324017 
77400.000000 2.000000 14.823544 18.827278 
77500.000000 2.000000 13.404127 5.139208 
77600.000000 3.000000 14.802206 5.336956 
77700.000000 0.000000 15.000000 65.960899 
77800.000000 11.000000 1.504222 93.505936 
77900.000000 23.000000 -4.611241 111.289970 
78000.000000 5.000000 11.060347 10.181106 
78100.000000 5.000000 11.662809 0.007679 
78200.000000 15.000000 1.475889 18.411469 
78300.000000 7.000000 11.001382 1.707927 
78400.000000 10.000000 5.134633 31.951281 
78500.000000 16.000000 1.258013 7.181689 
78600.000000 27.000000 -10.071817 404.339783 
78700.000000 14.000000 2.412021 445.350647 
78800.000000 5.000000 10.672899 233.076019 
78900.000000 27.000000 -9.768497 206.285217 
79000.000000 0.000000 15.000000 137.010178 
79100.000000 12.000000 7.159681 0.195170 
79200.000000 11.000000 3.548554 0.000004 
79300.000000 7.000000 3.373445 6.129183 
79400.000000 27.000000 -10.442415 169.528885 
79500.000000 12.000000 4.943693 73.217697 
79600.000000 0.000000 15.000000 0.084816 
79700.000000 0.000000 14.529014 24.825987 
79800.000000 15.000000 0.363110 234.787689 
79900.000000 21.000000 -4.374414 140.741272 
80000.000000 15.000000 2.538916 458.678802 
80100.000000 22.000000 -4.402439 82.318130 
80200.000000 17.000000 -2.626774 0.178617 
80300.000000 23.000000 -10.549370 103.668022 
80400.000000 13.000000 3.653499 156.922058 
80500.000000 27.000000 -9.806848 574.096741 
80600.000000 13.000000 3.370752 164.095947 
80700.000000 5.000000 9.130792 399.214722 
80800.000000 14.000000 2.626039 238.927063 
80900.000000 15.000000 2.847492 53.695854 
81000.000000 27.000000 -7.282435 100.396355 
81100.000000 27.000000 -10.531350 42.595406 
81200.000000 27.000000 -8.868653 558.169189 
81300.000000 10.000000 7.345242 444.740723 
81400.000000 14.000000 -0.080381 319.170013 
81500.000000 14.000000 4.093795 286.757782 
81600.000000 0.000000 15.000000 5.995429 
81700.000000 22.000000 -5.492054 5.131281 
81800.000000 12.000000 3.138402 300.686523 
81900.000000 25.000000 -8.348605 326.641876 
82000.000000 1.000000 15.000000 94.089500 
82100.000000 27.000000 -10.064687 292.318359 
82200.000000 18.000000 -1.982045 408.476990 
82300.000000 8.000000 9.309478 22.003128 
82400.000000 20.000000 -1.356649 135.718002 
82500.000000 0.000000 15.000000 18.139023 
82600.000000 9.000000 9.113196 0.000307 
82700.000000 0.000000 15.000000 29.063589 
82800.000000 19.000000 -5.565211 2.142659 
82900.000000 10.000000 2.644147 52.981403 
83000.000000 8.000000 6.641696 59.369602 
83100.000000 27.000000 -10.265480 627.518127 
83200.000000 27.000000 -6.459712 783.140076 
83300.000000 0.000000 15.000000 32.149189 
83400.000000 26.000000 -7.850902 92.532028 
83500.000000 5.000000 11.611659 40.297234 
83600.000000 0.000000 14.861042 7.910796 
83700.000000 9.000000 12.313210 21.187166 
83800.000000 18.000000 -3.825793 211.326904 
83900.000000 0.000000 15.000000 29.763964 
84000.000000 7.000000 7.019384 63.700424 
84100.000000 27.000000 -9.894202 419.202454 
84200.000000 27.000000 -8.711514 885.699036 
84300.000000 6.000000 12.540264 657.521179 
84400.000000 10.000000 6.260709 24.151352 
84500.000000 1.000000 15.000000 24.507341 
84600.000000 27.000000 -8.138833 13.414886 
84700.000000 23.000000 -7.480236 231.961014 
84800.000000 25.000000 -5.987870 752.438110 
84900.000000 3.000000 12.499872 50.832386 
85000.000000 0.000000 14.899516 16.791611 
85100.000000 20.000000 -7.241556 22.819838 
85200.000000 25.000000 -7.392782 295.970337 
85300.000000 17.000000 0.386111 14.432579 
85400.000000 12.000000 1.207918 0.148866 
85500.000000 18.000000 -1.844662 456.391418 
85600.000000 19.000000 -2.430133 435.584229 
85700.000000 4.000000 15.000000 4.185101 
85800.000000 24.000000 -7.336062 188.268341 
85900.000000 18.000000 -3.778374 335.021912 
86000.000000 27.000000 -8.259890 760.359436 
86100.000000 27.000000 -9.826498 684.050842 
86200.000000 3.000000 11.508677 540.997803 
86300.000000 3.000000 12.682638 163.531097 
86400.000000 14.000000 2.355390 20.860838 
86500.000000 0.000000 15.000000 12.731954 
86600.000000 5.000000 4.854760 13.532188 
86700.000000 15.000000 1.883236 27.493099 
86800.000000 24.000000 -9.673966 336.368347 
86900.000000 17.000000 -4.039071 307.850647 
87000.000000 26.000000 -9.865599 748.621399 
87100.000000 11.000000 3.715388 804.373596 
87200.000000 19.000000 0.099092 462.865723 
87300.000000 1.000000 15.000000 57.660370 
87400.000000 18.000000 -3.310872 14.745180 
87500.000000 27.000000 -10.074343 506.749390 
87600.000000 0.000000 15.000000 207.943909 
87700.000000 10.000000 4.478618 58.573708 
87800.000000 27.000000 -10.261045 339.008942 
87900.000000 9.000000 5.814845 15.819058 
88000.000000 17.000000 2.266180 393.114227 
88100.000000 27.000000 -9.862895 448.263641 
88200.000000 0.000000 13.884275 44.399822 
88300.000000 0.000000 14.899864 31.524111 
88400.000000 4.000000 13.402082 2.979564 
88500.000000 0.000000 15.000000 26.628969 
88600.000000 13.000000 3.170068 8.031347 
88700.000000 13.000000 4.325451 2.300751 
88800.000000 0.000000 15.000000 1.072453 
88900.000000 27.000000 -9.030214 139.610352 
89000.000000 23.000000 -10.484989 455.570068 
89100.000000 27.000000 -7.556598 825.879028 
89200.000000 27.000000 -9.933983 962.701172 
89300.000000 27.000000 -10.007976 1172.180542 
89400.000000 0.000000 15.000000 502.769653 
89500.000000 0.000000 15.000000 15.695420 
89600.000000 3.000000 11.492582 52.433548 
89700.000000 27.000000 -9.378543 187.285965 
89800.000000 3.000000 13.855042 5.136436 
89900.000000 21.000000 -6.424150 3.631824 
90000.000000 21.000000 -4.100059 402.118805 
90100.000000 27.000000 -9.736370 415.213470 
90200.000000 27.000000 -7.935761 909.777466 
90300.000000 4.000000 14.336470 122.207504 
90400.000000 6.000000 12.271395 0.113152 
90500.000000 23.000000 -8.941114 0.123257 
90600.000000 27.000000 -9.406680 428.125061 
90700.000000 1.000000 15.000000 178.391174 
90800.000000 0.000000 15.000000 17.362839 
90900.000000 17.000000 0.229067 11.490610 
91000.000000 4.000000 13.571367 73.811455 
91100.000000 0.000000 15.000000 104.809341 
91200.000000 7.000000 10.470397 129.586792 
91300.000000 2.000000 13.808249 33.942539 
91400.000000 18.000000 -1.954284 153.083267 
91500.000000 27.000000 -6.708778 688.819275 
91600.000000 2.000000 15.000000 375.962311 
91700.000000 19.000000 -1.421678 207.580627 
91800.000000 7.000000 9.724138 2.380972 
91900.000000 0.000000 15.000000 25.584368 
92000.000000 24.000000 -7.820344 0.175881 
92100.000000 0.000000 15.000000 2.770538 
92200.000000 0.000000 15.000000 5.075527 
92300.000000 0.000000 15.000000 99.246666 
92400.000000 27.000000 -10.470107 58.530373 
92500.000000 25.000000 -10.364088 172.259048 
92600.000000 11.000000 6.536456 460.342896 
92700.000000 15.000000 3.070330 53.465633 
92800.000000 1.000000 15.000000 198.197205 
92900.000000 4.000000 10.988890 1.732665 
93000.000000 25.000000 -9.462117 21.614998 
93100.000000 20.000000 -3.713082 558.241089 
93200.000000 4.000000 13.262059 494.323242 
93300.000000 3.000000 15.000000 0.059630 
93400.000000 16.000000 0.174132 7.126384 
93500.000000 19.000000 -3.341698 51.413776 
93600.000000 24.000000 -4.223560 295.871979 
93700.000000 5.000000 14.919161 60.086739 
93800.000000 27.000000 -9.851276 22.315113 
93900.000000 20.000000 -2.132722 365.271149 
94000.000000 23.000000 -1.553485 379.785583 
94100.000000 14.000000 4.928305 204.531540 
94200.000000 9.000000 11.717204 6.102226 
94300.000000 0.000000 14.581683 12.904757 
94400.000000 7.000000 9.383180 27.356277 
94500.000000 0.000000 15.000000 54.424953 
94600.000000 27.000000 -10.194179 43.170578 
94700.000000 25.000000 -8.151402 351.662415 
94800.000000 3.000000 13.986474 7.049353 
94900.000000 14.000000 3.959035 0.510402 
95000.000000 19.000000 0.752879 294.889679 
95100.000000 10.000000 5.165009 12.356582 
95200.000000 0.000000 14.949282 62.105141 
95300.000000 13.000000 8.398336 36.053314 
95400.000000 12.000000 2.781931 241.744644 
95500.000000 22.000000 -5.861996 460.284698 
95600.000000 27.000000 -9.076750 490.696259 
95700.000000 17.000000 -1.343978 601.347717 
95800.000000 0.000000 15.000000 96.512238 
95900.000000 14.000000 0.661048 27.430618 
96000.000000 1.000000 15.000000 25.880512 
96100.000000 4.000000 11.623890 2.816896 
96200.000000 5.000000 8.705315 54.514420 
96300.000000 16.000000 -0.876841 80.447838 
96400.000000 19.000000 -3.802943 81.367424 
96500.000000 9.000000 8.694968 67.154564 
96600.000000 12.000000 1.822945 53.020100 
96700.000000 0.000000 14.436631 0.550700 
96800.000000 0.000000 13.632487 0.033536 
96900.000000 24.000000 -7.323936 1.210187 
97000.000000 19.000000 0.577015 391.627014 
97100.000000 0.000000 15.000000 0.736802 
97200.000000 10.000000 7.240418 13.272678 
97300.000000 19.000000 -2.553737 133.826813 
97400.000000 27.000000 -9.471151 292.874176 
97500.000000 6.000000 9.477695 417.309174 
97600.000000 27.000000 -10.005058 356.655273 
97700.000000 24.000000 -9.232729 835.463989 
97800.000000 10.000000 6.715115 284.462128 
97900.000000 0.000000 15.000000 2.275869 
98000.000000 20.000000 -2.839730 215.989914 
98100.000000 13.000000 2.572805 2.446604 
98200.000000 7.000000 8.174368 28.635429 
98300.000000 14.000000 1.661987 364.844330 
98400.000000 22.000000 -6.308380 119.870499 
98500.000000 21.000000 -3.480674 31.017944 
98600.000000 26.000000 -9.536419 464.448334 
98700.000000 21.000000 -3.288035 650.294739 
98800.000000 7.000000 6.687593 110.343887 
98900.000000 13.000000 2.817452 462.426361 
99000.000000 3.000000 13.319447 0.264197 
99100.000000 25.000000 -6.121440 178.621964 
99200.000000 4.000000 10.997642 176.128555 
99300.000000 4.000000 13.676412 94.511353 
99400.000000 14.000000 4.263563 0.592914 
99500.000000 1.000000 15.000000 78.155869 
99600.000000 4.000000 10.322616 4.116469 
99700.000000 7.000000 8.355445 9.340653 
99800.000000 8.000000 9.558678 3.330548 
99900.000000 2.000000 12.437957 39.219872 
100000.000000 27.000000 -10.756841 263.265869 
100100.000000 0.000000 15.000000 10.793884 
100200.000000 12.000000 3.546116 0.162212 
100300.000000 15.000000 1.238610 22.818703 
100400.000000 6.000000 12.607723 145.317902 
100500.000000 8.000000 15.000000 10.652099 
100600.000000 12.000000 4.130565 48.508736 
100700.000000 0.000000 15.000000 2.944138 
100800.000000 0.000000 15.000000 31.177925 
100900.000000 26.000000 -8.739586 0.162917 
101000.000000 27.000000 -10.204871 55.972366 
101100.000000 4.000000 13.646330 391.463196 
101200.000000 23.000000 -4.019976 453.635681 
101300.000000 27.000000 -7.732284 478.245636 
101400.000000 4.000000 13.245254 299.928162 
101500.000000 0.000000 15.000000 0.163855 
101600.000000 0.000000 15.000000 83.428719 
101700.000000 18.000000 -2.387266 1.830561 
101800.000000 5.000000 8.521267 11.823762 
101900.000000 15.000000 2.940868 1.233094 
102000.000000 22.000000 -8.521717 1.880498 
102100.000000 2.000000 15.000000 19.547243 
102200.000000 0.000000 15.000000 4.132576 
102300.000000 19.000000 -2.151548 23.583069 
102400.000000 27.000000 -9.462982 0.417805 
102500.000000 0.000000 15.000000 95.095383 
102600.000000 8.000000 9.826803 0.314909 
102700.000000 0.000000 15.000000 28.118076 
102800.000000 27.000000 -9.857583 24.531345 
102900.000000 26.000000 -9.064969 546.381165 
103000.000000 11.000000 3.894047 281.262146 
103100.000000 24.000000 -10.069930 567.104492 
103200.000000 21.000000 -1.583770 655.725098 
103300.000000 21.000000 -3.505193 703.349548 
103400.000000 13.000000 0.927535 228.996674 
103500.000000 10.000000 7.336574 576.827759 
103600.000000 24.000000 -5.212325 122.867523 
103700.000000 3.000000 12.291158 109.766037 
103800.000000 18.000000 -1.329514 290.778717 
103900.000000 15.000000 4.275947 520.095032 
104000.000000 26.000000 -10.131200 298.832336 
104100.000000 15.000000 0.937745 539.118835 
104200.000000 2.000000 15.000000 70.589783 
104300.000000 0.000000 15.000000 28.335136 
104400.000000 0.000000 15.000000 90.729942 
104500.000000 15.000000 0.194835 43.826881 
104600.000000 10.000000 12.917091 16.937859 
104700.000000 27.000000 -9.343648 68.981857 
104800.000000 6.000000 9.155451 1.936584 
104900.000000 15.000000 0.261346 1.214675 
105000.000000 22.000000 -5.809637 9.232280 
105100.000000 1.000000 13.236468 15.658198 
105200.000000 5.000000 12.604349 8.076517 
105300.000000 22.000000 -7.950328 2.307820 
105400.000000 8.000000 10.413107 51.743835 
105500.000000 2.000000 15.000000 40.652473 
105600.000000 7.000000 7.796687 69.698570 
105700.000000 21.000000 -5.296184 2.082937 
105800.000000 16.000000 0.351081 214.829453 
105900.000000 5.000000 10.450717 0.871417 
106000.000000 14.000000 2.958044 74.050331 
106100.000000 1.000000 14.941905 23.205238 
106200.000000 0.000000 15.000000 54.157883 
106300.000000 27.000000 -10.534114 118.032013 
106400.000000 16.000000 0.637004 420.191895 
106500.000000 14.000000 -0.501650 152.412094 
106600.000000 19.000000 -0.255483 604.171326 
106700.000000 3.000000 13.194915 229.578064 
106800.000000 4.000000 12.600642 37.406647 
106900.000000 16.000000 0.762882 210.496216 
107000.000000 14.000000 4.737937 247.911804 
107100.000000 9.000000 11.079386 416.513123 
107200.000000 5.000000 14.600181 273.598816 
107300.000000 15.000000 0.984044 25.591784 
107400.000000 16.000000 0.890132 0.438520 
107500.000000 0.000000 14.979833 27.309011 
107600.000000 5.000000 11.126231 1.002166 
107700.000000 12.000000 6.346354 301.583679 
107800.000000 23.000000 -5.103563 37.241169 
107900.000000 10.000000 4.934039 160.431824 
108000.000000 11.000000 5.189810 0.163044 
108100.000000 18.000000 -1.242514 6.675420 
108200.000000 18.000000 -2.237303 229.112518 
108300.000000 27.000000 -10.184206 804.127563 
108400.000000 26.000000 -9.404183 536.795105 
108500.000000 5.000000 9.457164 537.553406 
108600.000000 17.000000 1.596286 212.332993 
108700.000000 26.000000 -8.741136 162.623138 
108800.000000 15.000000 1.673380 273.682373 
108900.000000 16.000000 1.173436 611.052612 
109000.000000 27.000000 -10.268063 789.472839 
109100.000000 11.000000 4.772327 454.219971 
109200.000000 11.000000 6.882596 23.927113 
109300.000000 4.000000 13.192713 1.708552 
109400.000000 0.000000 15.000000 11.070976 
109500.000000 0.000000 15.000000 27.924873 
109600.000000 3.000000 13.583694 0.832902 
109700.000000 15.000000 1.783468 5.131976 
109800.000000 20.000000 -3.647972 58.861626 
109900.000000 27.000000 -9.606302 90.019318 
110000.000000 6.000000 11.325779 384.160400 
110100.000000 13.000000 5.303538 231.604202 
110200.000000 14.000000 2.080388 434.155365 
110300.000000 16.000000 1.129494 27.811684 
110400.000000 3.000000 11.352675 1.877368 
110500.000000 0.000000 14.909410 27.431849 
110600.000000 8.000000 10.450964 173.789413 
110700.000000 0.000000 15.000000 6.271595 
110800.000000 3.000000 15.000000 0.392024 
110900.000000 13.000000 6.188871 2.454418 
111000.000000 20.000000 -4.266350 176.667526 
111100.000000 22.000000 -3.573474 604.676819 
111200.000000 24.000000 -9.641621 628.834778 
111300.000000 6.000000 9.659285 160.782486 
111400.000000 7.000000 7.501882 2.602978 
111500.000000 11.000000 5.731223 49.537861 
111600.000000 27.000000 -11.219355 328.054901 
111700.000000 27.000000 -10.795382 843.728271 
111800.000000 19.000000 -1.075531 585.342529 
111900.000000 14.000000 2.122135 314.372223 
112000.000000 0.000000 14.853722 12.859722 
112100.000000 5.000000 10.942638 14.041047 
112200.000000 27.000000 -10.264598 259.928345 
112300.000000 12.000000 3.607481 465.318451 
112400.000000 2.000000 14.823560 0.013041 
112500.000000 0.000000 13.233711 82.815750 
112600.000000 7.000000 7.289710 2.840357 
112700.000000 5.000000 11.280166 1.044069 
112800.000000 12.000000 5.525560 20.484940 
112900.000000 13.000000 4.042703 9.153916 
113000.000000 22.000000 -7.804178 281.317810 
113100.000000 24.000000 -3.945875 644.256653 
113200.000000 23.000000 -7.584201 659.754272 
113300.000000 23.000000 -7.041810 437.886719 
113400.000000 12.000000 7.260311 241.821732 
113500.000000 0.000000 11.830474 2.854563 
113600.000000 10.000000 6.436514 52.376480 
113700.000000 8.000000 7.858333 27.388029 
113800.000000 3.000000 13.569913 22.863214 
113900.000000 27.000000 -10.062820 61.835354 
114000.000000 19.000000 -2.114958 576.354431 
114100.000000 0.000000 15.000000 124.158920 
114200.000000 0.000000 15.000000 39.801609 
114300.000000 14.000000 1.938864 59.050995 
114400.000000 6.000000 8.679562 34.087700 
114500.000000 0.000000 15.000000 16.882793 
114600.000000 12.000000 2.640233 64.269798 
114700.000000 16.000000 1.397935 82.231422 
114800.000000 17.000000 -2.015721 4.069267 
114900.000000 26.000000 -10.437727 255.238754 
115000.000000 16.000000 -0.895190 258.919037 
115100.000000 0.000000 15.000000 336.529480 
115200.000000 4.000000 13.377411 69.940392 
115300.000000 21.000000 -5.884504 247.906372 
115400.000000 17.000000 -0.609923 300.584320 
115500.000000 27.000000 -10.306097 598.705566 
115600.000000 16.000000 1.597937 336.164581 
115700.000000 0.000000 15.000000 0.231755 
115800.000000 0.000000 15.000000 32.863762 
115900.000000 27.000000 -8.688554 144.579086 
116000.000000 4.000000 10.999247 5.628491 
116100.000000 23.000000 -5.910605 9.614690 
116200.000000 6.000000 11.242176 19.284451 
116300.000000 27.000000 -10.405412 346.237854 
116400.000000 27.000000 -11.192766 828.145203 
116500.000000 22.000000 -4.567530 314.188019 
116600.000000 12.000000 4.844078 152.597046 
116700.000000 7.000000 11.526339 23.877434 
116800.000000 5.000000 12.959140 0.773341 
116900.000000 0.000000 14.835885 15.650393 
117000.000000 9.000000 7.733948 0.773437 
117100.000000 25.000000 -9.611372 210.310211 
117200.000000 20.000000 -5.458093 393.814911 
117300.000000 17.000000 -3.821018 555.015259 
117400.000000 24.000000 -7.729586 916.529297 
117500.000000 9.000000 7.953908 775.579895 
117600.000000 0.000000 14.789536 2.743852 
117700.000000 0.000000 15.000000 71.242851 
117800.000000 25.000000 -9.989426 54.950020 
117900.000000 23.000000 -8.035997 471.703674 
118000.000000 27.000000 -10.212519 911.774780 
118100.000000 22.000000 -5.285180 868.800171 
118200.000000 0.000000 15.000000 358.361816 
118300.000000 27.000000 -10.297939 326.286621 
118400.000000 23.000000 -6.910551 796.549133 
118500.000000 26.000000 -8.318997 843.956299 
118600.000000 8.000000 10.356545 59.046852 
118700.000000 0.000000 14.587390 32.488426 
118800.000000 0.000000 15.000000 83.907677 
118900.000000 3.000000 13.282475 83.554306 
119000.000000 7.000000 9.109024 74.604065 
119100.000000 0.000000 15.000000 99.012253 
119200.000000 22.000000 -8.201304 55.710091 
119300.000000 27.000000 -10.947799 669.298218 
119400.000000 19.000000 -1.390277 877.227966 
119500.000000 0.000000 15.000000 67.303993 
119600.000000 26.000000 -10.233362 127.642700 
119700.000000 27.000000 -7.070939 523.225281 
119800.000000 13.000000 4.151761 355.696014 
119900.000000 14.000000 1.737252 278.021759 
120000.000000 27.000000 -10.944681 662.173035 
120100.000000 7.000000 8.647251 417.693054 
120200.000000 12.000000 5.981320 279.185516 
120300.000000 13.000000 1.837195 0.142012 
120400.000000 22.000000 -6.295578 410.038483 
120500.000000 5.000000 10.780127 253.824524 
120600.000000 21.000000 -0.741703 470.450500 
120700.000000 1.000000 15.000000 7.088785 
120800.000000 20.000000 -4.251516 130.030991 
120900.000000 4.000000 11.560776 116.095993 
121000.000000 26.000000 -10.490027 616.224976 
121100.000000 0.000000 15.000000 370.342163 
121200.000000 1.000000 13.843212 12.495312 
121300.000000 1.000000 14.828139 26.433359 
121400.000000 5.000000 10.177232 18.427095 
121500.000000 2.000000 15.000000 7.475147 
121600.000000 0.000000 15.000000 44.807411 
121700.000000 17.000000 3.607291 60.492172 
121800.000000 0.000000 15.000000 2.688723 
121900.000000 0.000000 15.000000 2.421787 
122000.000000 9.000000 5.613836 45.792336 
122100.000000 4.000000 15.000000 88.916092 
122200.000000 12.000000 2.623740 14.306551 
122300.000000 17.000000 0.669003 100.045517 
122400.000000 6.000000 9.453588 71.213875 
122500.000000 16.000000 2.384977 526.054871 
122600.000000 27.000000 -9.637161 678.254028 
122700.000000 26.000000 -10.762955 328.588776 
122800.000000 17.000000 0.192295 558.393188 
122900.000000 18.000000 -1.633108 273.514923 
123000.000000 16.000000 -0.202323 19.180859 
123100.000000 27.000000 -9.925742 554.152832 
123200.000000 26.000000 -8.890627 943.828186 
123300.000000 26.000000 -8.842086 474.394592 
123400.000000 24.000000 -10.134213 512.044006 
123500.000000 24.000000 -9.234144 889.134766 
123600.000000 21.000000 -5.167722 637.824524 
123700.000000 23.000000 -7.821054 527.864197 
123800.000000 16.000000 0.735885 638.119812 
123900.000000 0.000000 15.000000 24.129690 
124000.000000 17.000000 -0.892171 164.948242 
124100.000000 7.000000 10.344727 48.336910 
124200.000000 27.000000 -10.301435 73.698921 
124300.000000 27.000000 -9.581484 654.879639 
124400.000000 7.000000 8.896439 669.184326 
124500.000000 24.000000 -7.571494 259.970367 
124600.000000 3.000000 12.119585 17.646627 
124700.000000 16.000000 0.393008 1.241988 
124800.000000 27.000000 -9.763676 78.558365 
124900.000000 27.000000 -9.763674 357.929077 
125000.000000 27.000000 -10.090546 819.687683 
125100.000000 1.000000 15.000000 90.717682 
125200.000000 17.000000 -1.047058 102.620132 
125300.000000 5.000000 8.524616 43.990509 
125400.000000 10.000000 7.363008 6.162880 
125500.000000 25.000000 -9.037580 215.054565 
125600.000000 26.000000 -9.735361 421.187073 
125700.000000 18.000000 -1.320510 838.515320 
125800.000000 27.000000 -9.648009 1096.909790 
125900.000000 0.000000 14.899927 219.228897 
126000.000000 9.000000 5.578293 24.861618 
126100.000000 14.000000 3.195503 29.321367 
126200.000000 12.000000 -4.741652 1.468567 
126300.000000 23.000000 -7.914475 330.543335 
126400.000000 22.000000 -7.476157 204.211761 
126500.000000 27.000000 -9.076664 652.057861 
126600.000000 1.000000 15.000000 116.211578 
126700.000000 8.000000 2.532094 1.677722 
126800.000000 27.000000 -10.399515 300.867126 
126900.000000 23.000000 -5.495868 747.686523 
127000.000000 5.000000 13.359600 389.730835 
127100.000000 14.000000 2.459965 187.855942 
127200.000000 7.000000 8.034701 246.037704 
127300.000000 6.000000 4.849006 8.066666 
127400.000000 27.000000 -10.208309 408.917267 
127500.000000 25.000000 -10.008797 902.540405 
127600.000000 3.000000 11.301287 201.696274 
127700.000000 0.000000 14.404716 0.733096 
127800.000000 8.000000 9.180141 0.822766 
127900.000000 0.000000 15.000000 0.449085 
128000.000000 14.000000 1.470469 28.754839 
128100.000000 4.000000 13.518522 4.684377 
128200.000000 23.000000 -5.532464 111.705437 
128300.000000 11.000000 0.860961 79.507446 
128400.000000 27.000000 -9.460394 595.529968 
128500.000000 24.000000 -8.806992 857.321899 
128600.000000 27.000000 -9.835300 1102.469849 
128700.000000 24.000000 -7.499551 1178.070801 
128800.000000 27.000000 -10.221760 990.096069 
128900.000000 27.000000 -10.060262 1222.080200 
129000.000000 15.000000 3.523799 1136.997070 
129100.000000 0.000000 15.000000 185.329453 
129200.000000 27.000000 -8.482730 134.916458 
129300.000000 27.000000 -10.074833 639.968445 
129400.000000 24.000000 -6.054139 920.148865 
129500.000000 10.000000 4.850164 71.809921 
129600.000000 0.000000 14.037777 78.787346 
129700.000000 0.000000 15.000000 2.227056 
129800.000000 4.000000 11.843174 18.237318 
129900.000000 0.000000 15.000000 3.065514 
130000.000000 27.000000 -10.388041 226.522858 
130100.000000 22.000000 -6.006542 514.980530 
130200.000000 27.000000 -10.323947 890.471741 
130300.000000 14.000000 0.574661 184.491699 
130400.000000 3.000000 13.453660 75.587715 
130500.000000 23.000000 -8.067385 78.228294 
130600.000000 16.000000 1.081934 137.397812 
130700.000000 19.000000 -1.545526 293.510376 
130800.000000 27.000000 -9.805133 736.887390 
130900.000000 9.000000 8.967507 304.331146 
131000.000000 20.000000 -3.131061 28.533251 
131100.000000 1.000000 14.858773 25.797268 
131200.000000 27.000000 -10.199479 60.270241 
131300.000000 5.000000 10.971669 23.146729 
131400.000000 9.000000 7.691054 3.340119 
131500.000000 15.000000 0.787895 186.459015 
131600.000000 1.000000 13.807295 0.288611 
131700.000000 0.000000 15.000000 3.962613 
131800.000000 6.000000 12.255546 0.070908 
131900.000000 0.000000 15.000000 40.757973 
132000.000000 10.000000 5.456609 10.040616 
132100.000000 10.000000 5.189616 23.885683 
132200.000000 19.000000 -2.312365 116.927132 
132300.000000 14.000000 3.126013 57.901028 
132400.000000 3.000000 12.766282 202.995667 
132500.000000 0.000000 15.000000 4.517159 
132600.000000 9.000000 6.190918 4.402348 
132700.000000 16.000000 -0.239994 0.338674 
132800.000000 20.000000 -2.784563 212.434570 
132900.000000 7.000000 8.166772 233.854416 
133000.000000 25.000000 -10.386640 457.015961 
133100.000000 0.000000 14.973469 17.162680 
133200.000000 13.000000 3.694122 23.145472 
133300.000000 27.000000 -11.681497 382.139893 
133400.000000 3.000000 13.670461 251.941635 
133500.000000 27.000000 -10.227416 239.313507 
133600.000000 27.000000 -10.537346 615.826477 
133700.000000 0.000000 15.000000 257.443237 
133800.000000 8.000000 10.947128 377.896576 
133900.000000 6.000000 9.453147 73.550262 
134000.000000 19.000000 -2.516203 5.757054 
134100.000000 22.000000 -4.192554 355.218475 
134200.000000 14.000000 1.871465 293.472351 
134300.000000 10.000000 4.933718 190.609238 
134400.000000 19.000000 -2.472405 278.220551 
134500.000000 27.000000 -9.838613 734.488281 
134600.000000 16.000000 1.200162 712.569458 
134700.000000 22.000000 -5.747932 798.166687 
134800.000000 0.000000 15.000000 482.423706 
134900.000000 11.000000 4.907595 44.115837 
135000.000000 10.000000 3.975800 5.146461 
135100.000000 18.000000 0.336473 273.662292 
135200.000000 27.000000 -10.827122 78.857773 
135300.000000 17.000000 -1.153666 195.084473 
135400.000000 10.000000 5.323531 0.011890 
135500.000000 25.000000 -8.943098 19.196922 
135600.000000 27.000000 -10.421453 556.282043 
135700.000000 2.000000 15.000000 354.932892 
135800.000000 12.000000 6.527030 182.340927 
135900.000000 16.000000 -0.345230 52.764156 
136000.000000 16.000000 0.541657 422.745972 
136100.000000 0.000000 15.000000 26.907362 
136200.000000 0.000000 15.000000 13.707416 
136300.000000 21.000000 -5.006299 108.416176 
136400.000000 5.000000 13.346498 371.692627 
136500.000000 17.000000 -1.009184 48.100883 
136600.000000 8.000000 5.441172 299.913544 
136700.000000 2.000000 12.686703 19.115099 
136800.000000 24.000000 -7.802568 4.926571 
136900.000000 18.000000 -2.375611 108.493362 
137000.000000 23.000000 -5.770977 413.008759 
137100.000000 0.000000 15.000000 55.669750 
137200.000000 4.000000 10.697814 34.449089 
137300.000000 27.000000 -9.791631 91.507790 
137400.000000 26.000000 -9.969602 621.573792 
137500.000000 8.000000 4.886798 423.467163 
137600.000000 2.000000 15.000000 32.315842 
137700.000000 21.000000 -6.621673 7.818540 
137800.000000 27.000000 -9.683734 199.606262 
137900.000000 18.000000 -0.620507 738.603455 
138000.000000 22.000000 -4.030928 811.089844 
138100.000000 27.000000 -9.692166 739.790466 
138200.000000 20.000000 -2.303148 329.258698 
138300.000000 27.000000 -10.138930 840.723206 
138400.000000 27.000000 -9.765085 719.430237 
138500.000000 23.000000 -8.308162 972.115356 
138600.000000 23.000000 -6.348656 1083.771484 
138700.000000 11.000000 5.885036 404.655487 
138800.000000 0.000000 15.000000 215.951096 
138900.000000 0.000000 15.000000 0.036337 
139000.000000 6.000000 10.918763 23.490416 
139100.000000 0.000000 15.000000 73.148842 
139200.000000 20.000000 -6.013910 70.900177 
139300.000000 20.000000 -5.382023 0.521945 
139400.000000 27.000000 -9.643965 420.782410 
139500.000000 22.000000 -3.962164 906.910583 
139600.000000 0.000000 15.000000 20.212038 
139700.000000 14.000000 -0.175018 25.404869 
139800.000000 10.000000 9.163545 230.477036 
139900.000000 27.000000 -9.890120 200.666061 
140000.000000 1.000000 15.000000 83.546074 
140100.000000 15.000000 0.202730 27.690681 
140200.000000 10.000000 4.589576 55.503639 
140300.000000 20.000000 -2.129171 479.912689 
140400.000000 24.000000 -7.334941 643.052917 
140500.000000 27.000000 -10.030463 1024.849976 
140600.000000 24.000000 -7.034781 368.530762 
140700.000000 6.000000 12.344860 621.018494 
140800.000000 9.000000 8.296000 223.568375 
140900.000000 10.000000 8.452824 94.524666 
141000.000000 6.000000 9.098431 1.704246 
141100.000000 11.000000 8.621938 170.941879 
141200.000000 27.000000 -10.327505 177.227097 
141300.000000 17.000000 -1.012442 602.449341 
141400.000000 27.000000 -11.185037 390.389252 
141500.000000 15.000000 0.846002 552.052246 
141600.000000 16.000000 -0.353731 318.875183 
141700.000000 3.000000 15.000000 15.428751 
141800.000000 21.000000 -4.237463 5.445971 
141900.000000 26.000000 -10.380488 108.328789 
142000.000000 27.000000 -7.374186 735.105103 
142100.000000 19.000000 -4.591228 645.292053 
142200.000000 4.000000 11.402337 243.658813 
142300.000000 13.000000 3.795564 262.723877 
142400.000000 6.000000 7.863819 4.700576 
142500.000000 7.000000 9.685526 21.666248 
142600.000000 14.000000 0.993686 48.797695 
142700.000000 18.000000 0.383624 76.728714 
142800.000000 9.000000 6.217346 116.090401 
142900.000000 18.000000 -1.778595 297.655090 
143000.000000 0.000000 15.000000 11.427454 
143100.000000 0.000000 15.000000 20.996487 
143200.000000 27.000000 -10.584338 130.848846 
143300.000000 27.000000 -10.429649 657.737976 
143400.000000 11.000000 2.733728 264.882324 
143500.000000 22.000000 -6.647869 309.784668 
143600.000000 21.000000 -4.295313 784.639954 
143700.000000 27.000000 -10.159100 958.473572 
143800.000000 27.000000 -10.000666 1216.560425 
143900.000000 10.000000 9.246852 323.126831 
144000.000000 25.000000 -6.567728 355.699829 
144100.000000 7.000000 10.760099 50.008030 
144200.000000 21.000000 -3.788713 161.600754 
144300.000000 19.000000 -1.982803 313.696564 
144400.000000 2.000000 14.834731 104.227844 
144500.000000 0.000000 15.000000 2.955094 
144600.000000 10.000000 5.153283 0.512285 
144700.000000 12.000000 5.606463 168.853088 
144800.000000 27.000000 -11.033125 567.131897 
144900.000000 4.000000 10.990200 47.814793 
145000.000000 18.000000 -3.235828 139.415817 
145100.000000 11.000000 6.149385 547.066467 
145200.000000 0.000000 15.000000 32.112087 
145300.000000 18.000000 -3.421510 269.483704 
145400.000000 16.000000 1.273790 151.395996 
145500.000000 0.000000 15.000000 10.135334 
145600.000000 5.000000 9.503201 68.021408 
145700.000000 20.000000 -4.554207 37.493343 
145800.000000 27.000000 -8.473125 354.699921 
145900.000000 4.000000 8.987519 326.344116 
146000.000000 6.000000 10.094755 48.217628 
146100.000000 13.000000 4.524612 32.411957 
146200.000000 13.000000 2.563486 180.762741 
146300.000000 16.000000 -4.244953 432.860168 
146400.000000 27.000000 -10.081562 735.266846 
146500.000000 13.000000 2.596988 920.914124 
146600.000000 11.000000 4.615145 231.976120 
146700.000000 24.000000 -7.957722 66.803314 
146800.000000 20.000000 -3.925639 379.011719 
146900.000000 23.000000 -7.635329 617.005798 
147000.000000 20.000000 -3.344499 403.629883 
147100.000000 13.000000 2.993166 545.612488 
147200.000000 27.000000 -9.695053 576.644043 
147300.000000 14.000000 4.515420 131.491608 
147400.000000 27.000000 -11.192921 155.988083 
147500.000000 12.000000 5.786090 379.764252 
147600.000000 10.000000 5.986238 167.997772 
147700.000000 21.000000 -6.622910 87.481010 
147800.000000 0.000000 15.000000 35.975590 
147900.000000 13.000000 4.876853 27.965517 
148000.000000 23.000000 -9.000384 355.404572 
148100.000000 19.000000 -3.779342 640.986267 
148200.000000 2.000000 13.452221 185.227890 
148300.000000 1.000000 14.824591 183.937027 
148400.000000 5.000000 13.319698 2.404442 
148500.000000 0.000000 14.746184 75.949631 
148600.000000 4.000000 13.568788 6.468034 
148700.000000 0.000000 15.000000 95.513313 
148800.000000 27.000000 -10.449009 20.546835 
148900.000000 3.000000 15.000000 56.841209 
149000.000000 2.000000 14.957973 18.094713 
149100.000000 0.000000 15.000000 34.530720 
149200.000000 10.000000 9.670970 86.063141 
149300.000000 0.000000 15.000000 33.519958 
149400.000000 12.000000 3.825227 7.229461 
149500.000000 16.000000 0.112785 3.985790 
149600.000000 5.000000 10.662400 14.866048 
149700.000000 4.000000 8.748589 17.406897 
149800.000000 8.000000 6.206429 6.753258 
149900.000000 26.000000 -7.373265 464.533691 
150000.000000 0.000000 15.000000 460.093292 
150100.000000 2.000000 13.238805 1.967913 
150200.000000 13.000000 3.113303 0.268493 
150300.000000 24.000000 -6.447744 356.243378 
150400.000000 0.000000 15.000000 72.741112 
150500.000000 8.000000 8.669905 3.539879 
150600.000000 20.000000 -6.814866 0.443791 
150700.000000 17.000000 -1.294599 156.450928 
150800.000000 0.000000 15.000000 0.183868 
150900.000000 25.000000 -8.805951 6.765214 
151000.000000 0.000000 15.000000 1.200673 
151100.000000 4.000000 12.051239 6.546898 
151200.000000 11.000000 5.580365 183.016479 
151300.000000 0.000000 15.000000 10.294166 
151400.000000 1.000000 15.000000 59.922573 
151500.000000 6.000000 11.052245 137.527863 
151600.000000 0.000000 11.413129 52.890289 
151700.000000 4.000000 9.601021 28.266756 
151800.000000 27.000000 -10.762884 43.466660 
151900.000000 23.000000 -4.637392 304.516968 
152000.000000 24.000000 -3.714853 821.656494 
152100.000000 20.000000 -2.624316 1000.742615 
152200.000000 0.000000 15.000000 591.099304 
152300.000000 25.000000 -7.132801 621.414490 
152400.000000 1.000000 15.000000 20.895397 
152500.000000 9.000000 8.768128 3.401843 
152600.000000 27.000000 -9.626682 98.864235 
152700.000000 1.000000 15.000000 96.225128 
152800.000000 27.000000 -9.952451 135.447205 
152900.000000 12.000000 5.608459 444.507629 
153000.000000 23.000000 -5.980760 820.216797 
153100.000000 3.000000 15.000000 88.499054 
153200.000000 27.000000 -9.781128 31.536133 
153300.000000 10.000000 6.662431 15.793058 
153400.000000 0.000000 15.000000 0.456388 
153500.000000 3.000000 14.215796 53.088425 
153600.000000 9.000000 6.462734 0.531825 
153700.000000 0.000000 15.000000 22.988386 
153800.000000 15.000000 0.035375 15.355396 
153900.000000 6.000000 9.622272 40.635799 
154000.000000 8.000000 10.482119 124.757118 
154100.000000 9.000000 8.012635 0.000120 
154200.000000 3.000000 15.000000 63.124386 
154300.000000 13.000000 2.144048 0.639762 
154400.000000 27.000000 -10.556921 296.438904 
154500.000000 11.000000 6.230986 593.324585 
154600.000000 1.000000 15.000000 29.125004 
154700.000000 3.000000 13.954064 10.065261 
154800.000000 12.000000 4.755636 0.026274 
154900.000000 1.000000 14.144591 23.213720 
155000.000000 12.000000 4.063539 66.485077 
155100.000000 5.000000 9.664347 54.208332 
155200.000000 18.000000 -3.400724 245.538559 
155300.000000 23.000000 -7.855625 556.652893 
155400.000000 25.000000 -6.075843 922.587585 
155500.000000 20.000000 -0.365381 949.451782 
155600.000000 0.000000 15.000000 17.175203 
155700.000000 0.000000 15.000000 41.136246 
155800.000000 25.000000 -10.829757 6.922626 
155900.000000 13.000000 3.821619 15.990284 
156000.000000 27.000000 -11.211666 409.847870 
156100.000000 11.000000 4.677696 594.515503 
156200.000000 9.000000 7.696039 480.591339 
156300.000000 2.000000 13.895292 102.016098 
156400.000000 11.000000 4.924343 36.311413 
156500.000000 27.000000 -9.914457 223.773071 
156600.000000 4.000000 9.780375 60.371349 
156700.000000 11.000000 6.062716 0.709426 
156800.000000 27.000000 -11.008052 271.662506 
156900.000000 23.000000 -6.664714 586.226562 
157000.000000 12.000000 3.233751 410.199402 
157100.000000 8.000000 8.502255 406.550354 
157200.000000 3.000000 14.000570 112.323318 
157300.000000 0.000000 15.000000 15.360937 
157400.000000 27.000000 -11.475564 28.497368 
157500.000000 0.000000 15.000000 119.554253 
157600.000000 8.000000 5.234202 7.593204 
157700.000000 27.000000 -9.498307 235.721542 
157800.000000 27.000000 -8.869885 848.838928 
157900.000000 14.000000 2.090071 96.233322 
158000.000000 24.000000 -7.907917 452.969299 
158100.000000 26.000000 -9.974527 956.679932 
158200.000000 3.000000 13.034950 507.558563 
158300.000000 10.000000 9.992055 21.826696 
158400.000000 26.000000 -9.054913 233.869354 
158500.000000 27.000000 -9.865329 834.442749 
158600.000000 21.000000 -5.200380 385.595642 
158700.000000 3.000000 10.557528 12.021128 
158800.000000 1.000000 15.000000 12.447115 
158900.000000 12.000000 3.714746 37.046692 
159000.000000 14.000000 2.738634 294.162323 
159100.000000 27.000000 -12.142756 512.132996 
159200.000000 27.000000 -10.150686 880.852600 
159300.000000 24.000000 -6.586924 1127.109619 
159400.000000 19.000000 -2.617080 279.944641 
159500.000000 24.000000 -8.174291 432.098114 
159600.000000 17.000000 -0.005912 783.944031 
159700.000000 17.000000 1.940112 681.442932 
159800.000000 0.000000 15.000000 74.597260 
159900.000000 1.000000 14.751657 0.312460 
160000.000000 14.000000 -0.955045 13.582713 
160100.000000 20.000000 -2.082992 126.248146 
160200.000000 17.000000 -2.336334 22.182915 
160300.000000 27.000000 -10.797890 273.591827 
160400.000000 5.000000 11.955164 110.457703 
160500.000000 27.000000 -11.265895 72.689079 
160600.000000 26.000000 -8.029314 614.473816 
160700.000000 1.000000 14.883243 301.435577 
160800.000000 27.000000 -10.325016 476.867798 
160900.000000 16.000000 0.430456 331.521332 
161000.000000 6.000000 12.717594 3.398373 
161100.000000 19.000000 -5.337266 18.041061 
161200.000000 13.000000 2.939338 114.950554 
161300.000000 27.000000 -10.991165 148.983551 
161400.000000 14.000000 1.097980 36.419628 
161500.000000 17.000000 0.910434 238.665924 
161600.000000 1.000000 13.971438 47.073399 
161700.000000 23.000000 -5.692897 213.957275 
161800.000000 4.000000 10.550787 12.910783 
161900.000000 14.000000 -0.737159 8.730294 
162000.000000 17.000000 -0.569773 21.912691 
162100.000000 0.000000 15.000000 21.611771 
162200.000000 0.000000 15.000000 98.477371 
162300.000000 6.000000 11.012997 103.960114 
162400.000000 11.000000 5.109320 17.998020 
162500.000000 12.000000 3.603559 118.668785 
162600.000000 27.000000 -8.067472 614.740173 
162700.000000 27.000000 -9.857955 871.372437 
162800.000000 4.000000 13.939062 518.615234 
162900.000000 20.000000 -5.898326 23.072569 
163000.000000 12.000000 4.250221 142.735077 
163100.000000 19.000000 -3.776259 20.329201 
163200.000000 13.000000 4.159683 286.317261 
163300.000000 13.000000 3.983712 618.160400 
163400.000000 0.000000 15.000000 3.962272 
163500.000000 8.000000 7.528895 16.139984 
163600.000000 23.000000 -4.360075 154.050049 
163700.000000 26.000000 -10.263178 250.747345 
163800.000000 27.000000 -10.264139 518.165894 
163900.000000 17.000000 -2.408448 170.286728 
164000.000000 27.000000 -11.558716 573.669495 
164100.000000 3.000000 15.000000 102.818443 
164200.000000 8.000000 8.992084 36.437408 
164300.000000 27.000000 -10.087020 325.692719 
164400.000000 12.000000 6.709604 74.860481 
164500.000000 17.000000 0.579902 107.054710 
164600.000000 10.000000 5.091127 94.338074 
164700.000000 1.000000 13.473749 0.198763 
164800.000000 22.000000 -7.130138 0.478784 
164900.000000 27.000000 -8.964465 259.179169 
165000.000000 0.000000 15.000000 4.109801 
165100.000000 11.000000 3.167274 27.821888 
165200.000000 27.000000 -9.690706 348.400696 
165300.000000 21.000000 -5.949667 317.494873 
165400.000000 27.000000 -10.746644 738.647827 
165500.000000 27.000000 -11.652575 939.039124 
165600.000000 6.000000 10.119870 682.714172 
165700.000000 11.000000 6.268919 155.064072 
165800.000000 25.000000 -6.278731 625.800476 
165900.000000 27.000000 -8.540524 597.220886 
166000.000000 0.000000 15.000000 213.629669 
166100.000000 0.000000 15.000000 7.517004 
166200.000000 0.000000 15.000000 97.018822 
166300.000000 11.000000 6.981425 114.616684 
166400.000000 0.000000 15.000000 3.641154 
166500.000000 5.000000 9.815536 31.872604 
166600.000000 10.000000 7.375033 1.245005 
166700.000000 9.000000 6.854998 1.934189 
166800.000000 27.000000 -10.326488 31.517685 
166900.000000 26.000000 -11.177609 248.427567 
167000.000000 9.000000 8.064219 348.877930 
167100.000000 18.000000 2.642142 534.464172 
167200.000000 5.000000 9.897948 169.444702 
167300.000000 2.000000 15.000000 13.441106 
167400.000000 3.000000 13.132557 52.589710 
167500.000000 2.000000 14.979996 74.461678 
167600.000000 9.000000 6.592828 103.086487 
167700.000000 17.000000 -0.979691 22.857515 
167800.000000 25.000000 -8.056396 544.251770 
167900.000000 6.000000 11.603095 499.628937 
168000.000000 27.000000 -9.237368 717.391357 
168100.000000 27.000000 -11.742083 746.396851 
168200.000000 27.000000 -11.446195 1157.975952 
168300.000000 27.000000 -8.048671 1118.156250 
168400.000000 19.000000 -0.171872 699.409058 
168500.000000 9.000000 7.664968 58.801132 
168600.000000 6.000000 6.118746 4.138685 
168700.000000 9.000000 6.221404 87.653694 
168800.000000 14.000000 0.912984 53.530113 
168900.000000 5.000000 13.321081 5.274529 
169000.000000 11.000000 6.136354 1.627824 
169100.000000 14.000000 5.772728 1.879489 
169200.000000 0.000000 15.000000 28.455423 
169300.000000 0.000000 15.000000 4.026324 
169400.000000 12.000000 3.928042 106.308144 
169500.000000 1.000000 13.482339 20.687292 
169600.000000 10.000000 5.782443 0.028140 
169700.000000 25.000000 -8.734602 0.925788 
169800.000000 3.000000 15.000000 167.725830 
169900.000000 0.000000 14.979647 2.611885 
170000.000000 24.000000 -7.735559 337.112610 
170100.000000 26.000000 -7.971011 857.015869 
170200.000000 0.000000 15.000000 55.924809 
170300.000000 4.000000 13.603744 19.589596 
170400.000000 8.000000 5.161841 6.339141 
170500.000000 2.000000 15.000000 0.348775 
170600.000000 25.000000 -6.213904 213.139099 
170700.000000 0.000000 15.000000 11.829530 
170800.000000 18.000000 -2.979524 141.985336 
170900.000000 2.000000 14.067742 0.445837 
171000.000000 21.000000 -5.806565 0.521204 
171100.000000 7.000000 11.387671 46.547363 
171200.000000 6.000000 8.766883 10.543967 
171300.000000 23.000000 -5.327665 386.161255 
171400.000000 15.000000 0.917332 139.846497 
171500.000000 27.000000 -9.576038 483.861633 
171600.000000 27.000000 -11.212810 662.289856 
171700.000000 12.000000 6.852466 514.706726 
171800.000000 6.000000 8.174391 20.085993 
171900.000000 14.000000 -0.263995 145.559494 
172000.000000 8.000000 9.037214 144.828873 
172100.000000 20.000000 -3.297333 194.523392 
172200.000000 18.000000 -0.378809 524.660645 
172300.000000 27.000000 -11.122190 379.373199 
172400.000000 12.000000 4.672711 152.524353 
172500.000000 27.000000 -10.123430 386.750671 
172600.000000 27.000000 -11.533244 566.575500 
172700.000000 12.000000 3.682276 196.998672 
172800.000000 4.000000 12.356135 0.119244 
172900.000000 0.000000 15.000000 27.110975 
173000.000000 4.000000 10.997582 99.395103 
173100.000000 3.000000 12.716586 63.684372 
173200.000000 22.000000 -6.082225 2.618302 
173300.000000 23.000000 -4.996164 425.464020 
173400.000000 21.000000 -3.356589 717.981750 
173500.000000 6.000000 9.134495 194.066238 
173600.000000 8.000000 5.977820 3.223049 
173700.000000 0.000000 15.000000 49.665691 
173800.000000 5.000000 9.918539 1.527876 
173900.000000 7.000000 9.381924 2.588019 
174000.000000 0.000000 15.000000 2.880233 
174100.000000 27.000000 -11.194491 93.357018 
174200.000000 16.000000 1.865337 247.941574 
174300.000000 24.000000 -7.877373 78.784485 
174400.000000 14.000000 1.985547 60.277763 
174500.000000 10.000000 6.203730 29.018408 
174600.000000 0.000000 15.000000 1.070196 
174700.000000 19.000000 -3.835421 2.223110 
174800.000000 15.000000 4.715094 359.649750 
174900.000000 14.000000 0.261307 23.588423 
175000.000000 17.000000 0.624005 534.801819 
175100.000000 27.000000 -9.697153 359.378143 
175200.000000 12.000000 1.097681 82.172539 
175300.000000 0.000000 14.665999 0.050275 
175400.000000 22.000000 -7.163780 0.082426 
175500.000000 16.000000 -2.187721 11.101779 
175600.000000 11.000000 5.304690 38.924191 
175700.000000 16.000000 1.777877 403.349030 
175800.000000 5.000000 12.946650 16.179556 
175900.000000 12.000000 3.603498 42.890724 
176000.000000 0.000000 15.000000 27.590685 
176100.000000 11.000000 4.197860 53.631023 
176200.000000 27.000000 -10.698580 197.970047 
176300.000000 19.000000 -2.973686 520.078552 
176400.000000 9.000000 5.138190 118.707375 
176500.000000 1.000000 15.000000 0.000002 
176600.000000 11.000000 3.777933 39.582973 
176700.000000 27.000000 -10.090039 93.969963 
176800.000000 11.000000 6.185157 26.014542 
176900.000000 20.000000 -5.013554 4.171006 
177000.000000 0.000000 15.000000 1.303268 
177100.000000 5.000000 12.871506 56.434170 
177200.000000 27.000000 -9.919753 60.318981 
177300.000000 27.000000 -10.200262 612.561646 
177400.000000 0.000000 15.000000 218.951599 
177500.000000 0.000000 15.000000 1.827419 
177600.000000 0.000000 15.000000 73.468842 
177700.000000 12.000000 4.686628 53.034107 
177800.000000 3.000000 14.292130 3.857521 
177900.000000 20.000000 -4.997350 0.665329 
178000.000000 27.000000 -8.292450 375.834076 
178100.000000 20.000000 -5.189870 430.319763 
178200.000000 11.000000 6.345290 529.773865 
178300.000000 27.000000 -9.803342 500.502960 
178400.000000 27.000000 -9.867541 710.695496 
178500.000000 9.000000 6.216861 318.425018 
178600.000000 0.000000 15.000000 9.759551 
178700.000000 0.000000 15.000000 5.425939 
178800.000000 0.000000 15.000000 31.805882 
178900.000000 1.000000 15.000000 17.973288 
179000.000000 0.000000 15.000000 45.107124 
179100.000000 11.000000 7.270329 0.303193 
179200.000000 0.000000 15.000000 14.638876 
179300.000000 0.000000 15.000000 13.338148 
179400.000000 4.000000 10.997068 38.353470 
179500.000000 17.000000 -1.863193 4.442191 
179600.000000 13.000000 2.829105 6.348877 
179700.000000 24.000000 -7.692552 289.656982 
179800.000000 25.000000 -7.892275 641.500183 
179900.000000 14.000000 2.983819 179.693207 
180000.000000 22.000000 -3.746664 274.155304 
180100.000000 7.000000 10.102324 162.089096 
180200.000000 10.000000 5.907941 34.988182 
180300.000000 26.000000 -10.239076 208.439453 
180400.000000 0.000000 15.000000 62.068359 
180500.000000 0.000000 15.000000 30.153282 
180600.000000 10.000000 7.290006 20.551682 
180700.000000 25.000000 -9.207644 306.453857 
180800.000000 27.000000 -9.824559 762.645813 
180900.000000 17.000000 1.053047 684.208557 
181000.000000 0.000000 15.000000 61.537468 
181100.000000 0.000000 14.833204 3.406084 
181200.000000 0.000000 15.000000 0.322386 
181300.000000 0.000000 15.000000 23.914938 
181400.000000 14.000000 0.121953 21.186481 
181500.000000 22.000000 -4.886956 150.544724 
181600.000000 12.000000 3.601313 69.265785 
181700.000000 16.000000 -0.756134 0.958051 
181800.000000 16.000000 2.034628 288.136963 
181900.000000 18.000000 -3.377650 506.252930 
182000.000000 24.000000 -9.955735 871.639893 
182100.000000 10.000000 5.835015 65.427536 
182200.000000 2.000000 12.717637 8.930421 
182300.000000 6.000000 13.212976 0.769104 
182400.000000 0.000000 14.842503 61.670292 
182500.000000 15.000000 1.615337 2.202327 
182600.000000 0.000000 15.000000 22.919575 
182700.000000 20.000000 -3.259851 37.736923 
182800.000000 25.000000 -7.133880 203.170120 
182900.000000 0.000000 15.000000 4.767025 
183000.000000 27.000000 -9.951425 301.401733 
183100.000000 27.000000 -9.738215 746.448792 
183200.000000 15.000000 3.351762 313.695343 
183300.000000 7.000000 9.936124 42.741074 
183400.000000 10.000000 6.309606 60.661190 
183500.000000 14.000000 -0.158881 292.048218 
183600.000000 0.000000 15.000000 204.962112 
183700.000000 20.000000 -2.501264 168.364792 
183800.000000 12.000000 5.792023 422.412537 
183900.000000 0.000000 15.000000 84.617714 
184000.000000 1.000000 15.000000 0.880407 
184100.000000 0.000000 15.000000 25.684076 
184200.000000 23.000000 -5.271695 115.070992 
184300.000000 6.000000 11.120734 1.150312 
184400.000000 21.000000 -3.685480 3.846435 
184500.000000 27.000000 -10.102451 247.275284 
184600.000000 22.000000 -4.695093 560.499207 
184700.000000 27.000000 -9.865750 885.837585 
184800.000000 27.000000 -10.355201 986.318176 
184900.000000 15.000000 -0.737058 127.694145 
185000.000000 27.000000 -10.204842 605.171082 
185100.000000 18.000000 1.682927 702.621155 
185200.000000 22.000000 -5.615827 247.641861 
185300.000000 27.000000 -9.925714 672.981873 
185400.000000 27.000000 -9.909044 831.968750 
185500.000000 5.000000 12.339845 294.876831 
185600.000000 14.000000 3.010163 275.975708 
185700.000000 5.000000 10.403096 0.935214 
185800.000000 25.000000 -11.742710 1.216127 
185900.000000 3.000000 15.000000 0.245475 
186000.000000 0.000000 15.000000 85.415611 
186100.000000 27.000000 -11.199697 144.620850 
186200.000000 12.000000 3.559537 174.114258 
186300.000000 0.000000 15.000000 104.836327 
186400.000000 27.000000 -11.021618 41.527279 
186500.000000 12.000000 2.253286 0.000447 
186600.000000 0.000000 13.482285 151.012878 
186700.000000 27.000000 -10.933109 634.965759 
186800.000000 1.000000 15.000000 114.468857 
186900.000000 21.000000 -5.986751 123.018272 
187000.000000 0.000000 15.000000 151.394592 
187100.000000 5.000000 10.604732 5.804461 
187200.000000 20.000000 -3.349204 361.224152 
187300.000000 26.000000 -10.217171 843.384705 
187400.000000 24.000000 -8.323799 1102.630127 
187500.000000 27.000000 -9.343965 703.083801 
187600.000000 25.000000 -10.670613 1029.225830 
187700.000000 22.000000 -6.750936 1140.606445 
187800.000000 23.000000 -9.977455 1194.670044 
187900.000000 27.000000 -8.939986 1205.305542 
188000.000000 8.000000 9.473603 423.447845 
188100.000000 0.000000 15.000000 52.850098 
188200.000000 12.000000 4.092124 0.317062 
188300.000000 2.000000 14.816340 3.855039 
188400.000000 0.000000 15.000000 28.572998 
188500.000000 5.000000 11.352864 47.690208 
188600.000000 8.000000 10.767580 27.542082 
188700.000000 0.000000 15.000000 60.640728 
188800.000000 11.000000 4.196335 8.209449 
188900.000000 21.000000 -4.502363 170.861557 
189000.000000 12.000000 5.463179 207.691498 
189100.000000 0.000000 15.000000 40.751041 
189200.000000 8.000000 5.225565 25.584455 
189300.000000 27.000000 -11.216052 393.430511 
189400.000000 22.000000 -7.022915 744.173584 
189500.000000 21.000000 -5.926469 321.587158 
189600.000000 18.000000 -4.039382 481.865082 
189700.000000 0.000000 15.000000 80.119736 
189800.000000 18.000000 -3.264365 3.423508 
189900.000000 24.000000 -6.240632 408.596497 
190000.000000 27.000000 -9.716298 425.375824 
190100.000000 0.000000 15.000000 377.782684 
190200.000000 4.000000 10.078349 5.129281 
190300.000000 2.000000 13.803663 0.585133 
190400.000000 13.000000 4.379655 55.936863 
190500.000000 1.000000 15.000000 30.776794 
190600.000000 26.000000 -6.640397 144.907150 
190700.000000 11.000000 6.080764 273.040192 
190800.000000 3.000000 14.829078 0.270202 
190900.000000 15.000000 0.501863 5.755016 
191000.000000 27.000000 -8.845429 555.890198 
191100.000000 9.000000 6.144358 576.002502 
191200.000000 21.000000 -4.275947 627.358582 
191300.000000 24.000000 -7.327721 670.678162 
191400.000000 24.000000 -10.184880 737.016724 
191500.000000 14.000000 3.081602 718.141846 
191600.000000 5.000000 11.467626 433.132141 
191700.000000 27.000000 -10.177738 152.021286 
191800.000000 27.000000 -9.913599 722.058044 
191900.000000 3.000000 15.000000 266.295837 
192000.000000 14.000000 2.711403 92.957779 
192100.000000 24.000000 -8.101517 531.642883 
192200.000000 3.000000 14.823879 21.655010 
192300.000000 20.000000 -0.617552 6.672481 
192400.000000 13.000000 -0.746845 5.375023 
192500.000000 7.000000 9.653830 156.881348 
192600.000000 11.000000 4.636019 18.142492 
192700.000000 26.000000 -10.646167 48.126530 
192800.000000 21.000000 -3.883827 182.229248 
192900.000000 0.000000 15.000000 17.708357 
193000.000000 27.000000 -9.678702 198.017609 
193100.000000 9.000000 6.667411 160.375504 
193200.000000 7.000000 9.694191 10.116354 
193300.000000 12.000000 3.176265 50.904922 
193400.000000 0.000000 15.000000 114.086632 
193500.000000 9.000000 6.094186 81.965469 
193600.000000 16.000000 -3.911752 0.063687 
193700.000000 16.000000 -1.745828 2.978826 
193800.000000 3.000000 14.066132 9.168639 
193900.000000 3.000000 14.336663 37.409073 
194000.000000 1.000000 14.602329 29.532087 
194100.000000 20.000000 -1.367364 61.529209 
194200.000000 23.000000 -6.185586 68.927162 
194300.000000 4.000000 13.370111 0.004118 
194400.000000 6.000000 10.110308 0.753226 
194500.000000 9.000000 7.838577 0.023733 
194600.000000 7.000000 8.259920 5.927680 
194700.000000 6.000000 9.914757 36.215717 
194800.000000 1.000000 15.000000 69.394409 
194900.000000 0.000000 15.000000 113.717102 
195000.000000 1.000000 15.000000 77.288010 
195100.000000 26.000000 -8.764672 23.942324 
195200.000000 0.000000 15.000000 233.487427 
195300.000000 17.000000 -1.352230 92.244179 
195400.000000 18.000000 1.495386 521.830750 
195500.000000 5.000000 9.391336 33.270710 
195600.000000 24.000000 -6.047975 105.578560 
195700.000000 0.000000 15.000000 0.315283 
195800.000000 6.000000 9.827684 83.805656 
195900.000000 2.000000 15.000000 39.793541 
196000.000000 0.000000 15.000000 8.110500 
196100.000000 21.000000 -6.013489 4.503375 
196200.000000 24.000000 -8.531451 240.485245 
196300.000000 27.000000 -10.121554 107.307281 
196400.000000 14.000000 2.108577 258.104706 
196500.000000 0.000000 15.000000 64.075096 
196600.000000 24.000000 -6.095678 388.519012 
196700.000000 18.000000 0.515266 79.558830 
196800.000000 5.000000 12.319036 162.204819 
196900.000000 16.000000 -0.326041 64.689941 
197000.000000 5.000000 10.586618 82.428337 
197100.000000 23.000000 -4.215898 68.329468 
197200.000000 3.000000 13.074753 92.336517 
197300.000000 21.000000 -4.767158 25.484032 
197400.000000 3.000000 13.693097 218.259415 
197500.000000 15.000000 0.466010 145.340164 
197600.000000 10.000000 7.462611 444.515350 
197700.000000 2.000000 15.000000 9.061749 
197800.000000 6.000000 10.075135 53.782955 
197900.000000 7.000000 11.585799 38.354633 
198000.000000 25.000000 -7.319355 188.929871 
198100.000000 24.000000 -6.727705 429.388336 
198200.000000 18.000000 -1.258636 417.459747 
198300.000000 18.000000 0.193604 483.879578 
198400.000000 19.000000 0.513158 728.207886 
198500.000000 27.000000 -9.722610 711.384216 
198600.000000 22.000000 -5.154875 557.513550 
198700.000000 3.000000 13.660372 80.743431 
198800.000000 4.000000 12.095384 11.000353 
198900.000000 11.000000 3.984161 6.967941 
199000.000000 0.000000 15.000000 2.978118 
199100.000000 13.000000 3.839433 26.579554 
199200.000000 1.000000 15.000000 56.227394 
199300.000000 17.000000 -2.917103 187.263031 
199400.000000 24.000000 -8.249664 672.790588 
199500.000000 0.000000 15.000000 60.361065 
199600.000000 27.000000 -9.859597 147.132004 
199700.000000 0.000000 15.000000 28.561157 
199800.000000 11.000000 5.121103 36.988266 
199900.000000 15.000000 2.188905 34.229183 
200000.000000 11.000000 8.641882 201.960587 
