100.000000 27.000000 -7.060733 132.773590 
200.000000 19.000000 -1.671397 471.999756 
300.000000 6.000000 -6.222766 310.731323 
400.000000 9.000000 -8.588300 376.387604 
500.000000 24.000000 -12.346986 319.969971 
600.000000 0.000000 -8.352004 288.452789 
700.000000 13.000000 -5.169167 255.737213 
800.000000 2.000000 -10.167801 237.953079 
900.000000 8.000000 -15.590895 245.956650 
1000.000000 23.000000 3.521416 376.460480 
1100.000000 20.000000 8.712531 253.923569 
1200.000000 8.000000 11.589502 31.195591 
1300.000000 18.000000 8.375838 4.242723 
1400.000000 6.000000 5.591724 0.000931 
1500.000000 5.000000 2.365430 0.106711 
1600.000000 10.000000 9.083632 9.008954 
1700.000000 27.000000 -9.940612 312.464386 
1800.000000 24.000000 -13.542620 882.189514 
1900.000000 22.000000 -16.000000 1066.298340 
2000.000000 3.000000 -13.353909 815.841492 
2100.000000 4.000000 -9.161844 318.640411 
2200.000000 15.000000 2.071042 166.260406 
2300.000000 20.000000 13.358421 121.018677 
2400.000000 19.000000 -0.471037 83.371407 
2500.000000 27.000000 -16.000000 463.419617 
2600.000000 18.000000 -16.000000 1074.745361 
2700.000000 27.000000 -10.475580 1119.194824 
2800.000000 11.000000 10.544872 605.977844 
2900.000000 15.000000 -6.253838 222.157990 
3000.000000 27.000000 -6.838148 468.802673 
3100.000000 18.000000 -14.335577 489.198914 
3200.000000 3.000000 -12.207364 359.232819 
3300.000000 27.000000 -7.830009 660.317810 
3400.000000 3.000000 14.082460 72.326187 
3500.000000 10.000000 11.290879 1.167056 
3600.000000 27.000000 10.650440 56.136166 
3700.000000 12.000000 6.081845 63.435677 
3800.000000 24.000000 10.171164 52.502689 
3900.000000 6.000000 13.336864 32.028851 
4000.000000 12.000000 15.000000 35.060104 
4100.000000 4.000000 11.799622 1.224978 
4200.000000 10.000000 11.264957 9.151202 
4300.000000 27.000000 14.941137 16.717123 
4400.000000 3.000000 10.554437 29.116295 
4500.000000 4.000000 7.600594 8.554725 
4600.000000 4.000000 7.016674 39.706345 
4700.000000 8.000000 15.000000 0.007906 
4800.000000 14.000000 13.465025 1.671775 
4900.000000 27.000000 -7.546158 194.428528 
5000.000000 18.000000 -1.250663 417.416168 
5100.000000 20.000000 11.711413 228.841095 
5200.000000 0.000000 15.000000 25.698017 
5300.000000 16.000000 15.000000 5.542039 
5400.000000 18.000000 14.819280 2.596293 
5500.000000 2.000000 14.690590 53.739464 
5600.000000 18.000000 7.942058 6.379915 
5700.000000 24.000000 2.900232 177.743820 
5800.000000 16.000000 5.455111 271.715454 
5900.000000 3.000000 14.409617 206.151825 
6000.000000 10.000000 13.103075 2.080687 
6100.000000 27.000000 -1.665981 67.165993 
6200.000000 24.000000 -3.742668 397.945007 
6300.000000 24.000000 -3.562495 541.447388 
6400.000000 22.000000 3.349219 647.781006 
6500.000000 24.000000 14.278061 199.406830 
6600.000000 9.000000 11.309331 89.663528 
6700.000000 27.000000 -7.314777 263.357666 
6800.000000 20.000000 -0.972523 176.866089 
6900.000000 15.000000 2.239914 101.577469 
7000.000000 9.000000 11.850168 25.532631 
7100.000000 12.000000 14.522490 6.310561 
7200.000000 20.000000 5.708396 98.379784 
7300.000000 23.000000 -1.828074 355.646820 
7400.000000 12.000000 6.633756 141.499542 
7500.000000 18.000000 6.107892 114.899391 
7600.000000 25.000000 -7.769730 394.065216 
7700.000000 2.000000 8.947011 13.059665 
7800.000000 0.000000 15.000000 35.159752 
7900.000000 18.000000 3.266221 3.635525 
8000.000000 0.000000 3.384110 48.005032 
8100.000000 0.000000 15.000000 25.176794 
8200.000000 16.000000 1.594732 35.624023 
8300.000000 27.000000 -1.553129 75.202080 
8400.000000 7.000000 6.611682 129.646759 
8500.000000 8.000000 7.331885 201.589432 
8600.000000 22.000000 -4.433672 124.749367 
8700.000000 0.000000 15.000000 130.161499 
8800.000000 27.000000 -2.161607 98.848015 
8900.000000 13.000000 3.725656 41.451611 
9000.000000 22.000000 -6.964537 134.632919 
9100.000000 7.000000 -12.668452 333.958801 
9200.000000 13.000000 -14.078953 349.342072 
9300.000000 0.000000 15.000000 91.017258 
9400.000000 0.000000 15.000000 20.650612 
9500.000000 21.000000 3.744945 3.922775 
9600.000000 18.000000 -2.116577 102.432869 
9700.000000 0.000000 15.000000 30.273310 
9800.000000 5.000000 14.065698 39.385921 
9900.000000 27.000000 -3.059723 33.598606 
10000.000000 3.000000 -11.080158 295.271118 
10100.000000 18.000000 -2.876906 383.608948 
10200.000000 27.000000 13.584520 191.912888 
10300.000000 20.000000 1.792690 48.537640 
10400.000000 27.000000 -11.286487 278.388702 
10500.000000 8.000000 -10.230302 154.429459 
10600.000000 27.000000 -12.193583 692.172302 
10700.000000 20.000000 -5.359569 957.369690 
10800.000000 25.000000 -9.285952 1206.835327 
10900.000000 27.000000 -8.891523 985.865479 
11000.000000 27.000000 -11.371131 1039.056152 
11100.000000 1.000000 -12.918323 860.848816 
11200.000000 7.000000 7.576365 624.874573 
11300.000000 27.000000 -11.808874 182.489777 
11400.000000 26.000000 -10.724887 754.170471 
11500.000000 20.000000 -8.030502 1045.474243 
11600.000000 23.000000 -10.638621 1146.009644 
11700.000000 5.000000 9.138415 385.429352 
11800.000000 13.000000 -15.988827 403.904663 
11900.000000 6.000000 -14.984601 395.357697 
12000.000000 27.000000 -9.823302 715.751221 
12100.000000 20.000000 -14.645101 1004.248291 
12200.000000 15.000000 2.617040 463.016754 
12300.000000 15.000000 1.018265 141.099121 
12400.000000 2.000000 14.768738 24.264242 
12500.000000 11.000000 4.274019 6.438295 
12600.000000 2.000000 11.981413 18.892120 
12700.000000 4.000000 10.631393 5.094799 
12800.000000 6.000000 11.274997 9.747098 
12900.000000 0.000000 13.675218 46.946243 
13000.000000 27.000000 -10.826841 62.889194 
13100.000000 24.000000 -12.387568 643.426941 
13200.000000 23.000000 -9.144096 1007.205688 
13300.000000 0.000000 15.000000 163.322906 
13400.000000 2.000000 7.258483 30.908606 
13500.000000 26.000000 -6.660910 146.945831 
13600.000000 27.000000 -11.633162 435.663788 
13700.000000 25.000000 -10.644478 746.896790 
13800.000000 18.000000 0.021816 1017.284119 
13900.000000 0.000000 6.807983 153.182312 
14000.000000 27.000000 -9.687431 29.099913 
14100.000000 22.000000 -13.706437 577.036377 
14200.000000 21.000000 -7.587319 652.015564 
14300.000000 3.000000 5.274113 486.367920 
14400.000000 9.000000 5.726333 5.826249 
14500.000000 6.000000 9.923985 284.477570 
14600.000000 11.000000 6.334533 27.293808 
14700.000000 0.000000 13.821027 2.040500 
14800.000000 17.000000 -0.328147 41.268589 
14900.000000 22.000000 -8.571666 514.763184 
15000.000000 14.000000 1.477944 597.081848 
15100.000000 9.000000 -8.326081 360.645294 
15200.000000 8.000000 5.377103 291.967468 
15300.000000 10.000000 -8.439360 434.047668 
15400.000000 0.000000 4.690887 519.236450 
15500.000000 4.000000 11.858987 11.443985 
15600.000000 27.000000 -3.947896 261.499817 
15700.000000 7.000000 6.647679 172.052582 
15800.000000 6.000000 8.946010 7.090936 
15900.000000 9.000000 4.678291 8.528738 
16000.000000 17.000000 2.217980 14.643452 
16100.000000 15.000000 2.597082 52.559189 
16200.000000 8.000000 7.918348 110.819160 
16300.000000 14.000000 15.000000 120.447281 
16400.000000 8.000000 7.199915 171.461792 
16500.000000 27.000000 15.000000 59.575260 
16600.000000 27.000000 3.797533 173.419235 
16700.000000 27.000000 15.000000 148.747025 
16800.000000 22.000000 13.612243 139.204651 
16900.000000 13.000000 3.551585 12.784591 
17000.000000 2.000000 14.740234 7.743079 
17100.000000 12.000000 2.308088 5.761117 
17200.000000 25.000000 -6.505538 383.705322 
17300.000000 0.000000 12.620408 252.559525 
17400.000000 23.000000 -9.133082 435.062347 
17500.000000 15.000000 -2.958482 715.072571 
17600.000000 27.000000 -11.407954 429.893585 
17700.000000 5.000000 10.170709 193.543793 
17800.000000 23.000000 -4.723490 436.133667 
17900.000000 21.000000 -4.762403 640.457153 
18000.000000 23.000000 1.126064 198.851974 
18100.000000 0.000000 14.882954 103.221313 
18200.000000 4.000000 11.292545 0.000112 
18300.000000 22.000000 -6.610661 436.017548 
18400.000000 24.000000 -7.435507 713.971436 
18500.000000 14.000000 -2.184423 660.229004 
18600.000000 23.000000 -8.587440 694.261230 
18700.000000 12.000000 4.987515 971.848816 
18800.000000 0.000000 12.774058 136.135376 
18900.000000 10.000000 6.488040 0.336789 
19000.000000 18.000000 -2.993760 388.181274 
19100.000000 27.000000 -11.904537 130.099609 
19200.000000 19.000000 -2.655830 449.328674 
19300.000000 12.000000 2.398958 89.946136 
19400.000000 21.000000 -7.754519 300.623352 
19500.000000 11.000000 -0.875562 429.573700 
19600.000000 8.000000 6.507157 710.133545 
19700.000000 2.000000 11.709497 161.368683 
19800.000000 0.000000 12.257581 2.398630 
19900.000000 0.000000 11.753506 22.498917 
20000.000000 0.000000 11.989579 86.694023 
20100.000000 8.000000 7.255916 53.747929 
20200.000000 26.000000 -12.143397 100.122719 
20300.000000 8.000000 6.992031 27.501846 
20400.000000 21.000000 -10.954151 46.331493 
20500.000000 26.000000 -9.671506 560.096741 
20600.000000 27.000000 -10.324287 678.924438 
20700.000000 6.000000 6.377721 97.473495 
20800.000000 27.000000 -3.718048 191.277390 
20900.000000 27.000000 -5.081203 537.660706 
21000.000000 27.000000 -12.956571 1075.419312 
21100.000000 8.000000 7.181942 129.808792 
21200.000000 27.000000 -9.936935 630.711182 
21300.000000 24.000000 -10.068914 634.875671 
21400.000000 17.000000 -2.383445 640.412476 
21500.000000 11.000000 3.676941 212.880661 
21600.000000 0.000000 13.992057 40.325077 
21700.000000 14.000000 2.245870 4.675663 
21800.000000 5.000000 6.196792 57.869827 
21900.000000 12.000000 3.330163 283.510773 
22000.000000 12.000000 2.866067 487.998444 
22100.000000 11.000000 3.766335 596.991394 
22200.000000 0.000000 14.953776 9.747077 
22300.000000 27.000000 -12.044541 211.956238 
22400.000000 17.000000 -14.920080 360.611908 
22500.000000 24.000000 -16.000000 424.292603 
22600.000000 22.000000 -9.980849 815.704712 
22700.000000 8.000000 -3.998225 624.697693 
22800.000000 1.000000 -4.518319 386.123077 
22900.000000 0.000000 3.829386 88.637451 
23000.000000 25.000000 -11.883380 87.628662 
23100.000000 6.000000 -13.621713 736.805603 
23200.000000 23.000000 -9.823127 839.102844 
23300.000000 25.000000 4.160161 788.739624 
23400.000000 6.000000 15.000000 85.076988 
23500.000000 23.000000 15.000000 29.066801 
23600.000000 23.000000 4.045827 74.275383 
23700.000000 20.000000 10.821224 197.959930 
23800.000000 27.000000 15.000000 126.424049 
23900.000000 0.000000 2.626521 112.585228 
24000.000000 0.000000 12.292533 3.027594 
24100.000000 17.000000 4.381395 18.801842 
24200.000000 7.000000 4.827397 93.703789 
24300.000000 0.000000 13.911744 0.182435 
24400.000000 9.000000 14.535853 19.333267 
24500.000000 1.000000 13.188692 76.154907 
24600.000000 6.000000 5.625871 4.362531 
24700.000000 1.000000 -15.491033 2.880780 
24800.000000 15.000000 -8.960868 322.825470 
24900.000000 19.000000 -12.041360 863.840332 
25000.000000 23.000000 -13.148108 1162.596069 
25100.000000 2.000000 -11.751894 1011.030823 
25200.000000 12.000000 -5.139972 465.796021 
25300.000000 24.000000 15.000000 83.778702 
25400.000000 7.000000 12.354372 2.461440 
25500.000000 16.000000 -16.000000 108.942383 
25600.000000 24.000000 -10.934918 751.569824 
25700.000000 19.000000 -12.926777 1142.848999 
25800.000000 10.000000 -3.182020 895.172485 
25900.000000 23.000000 12.508790 478.116760 
26000.000000 14.000000 -1.602886 220.212158 
26100.000000 25.000000 -5.452175 524.357056 
26200.000000 3.000000 14.478513 76.229561 
26300.000000 23.000000 12.039449 3.663781 
26400.000000 7.000000 11.000014 0.929778 
26500.000000 0.000000 9.000002 27.150480 
26600.000000 9.000000 5.418150 0.865512 
26700.000000 27.000000 -7.956973 72.556580 
26800.000000 27.000000 -7.120903 585.871704 
26900.000000 15.000000 -7.705493 725.019958 
27000.000000 17.000000 -4.992192 650.837158 
27100.000000 4.000000 9.342160 137.257568 
27200.000000 7.000000 8.000004 9.470191 
27300.000000 19.000000 1.999998 110.930450 
27400.000000 15.000000 0.758511 332.195770 
27500.000000 10.000000 -8.635396 96.611015 
27600.000000 17.000000 -11.027655 425.837799 
27700.000000 22.000000 -10.928073 880.314209 
27800.000000 0.000000 -10.829181 871.351257 
27900.000000 3.000000 0.111891 589.247070 
28000.000000 27.000000 3.193227 326.808197 
28100.000000 2.000000 11.383229 335.815033 
28200.000000 0.000000 13.817410 0.343742 
28300.000000 7.000000 15.000000 35.072109 
28400.000000 27.000000 15.000000 1.169638 
28500.000000 0.000000 4.324197 31.491541 
28600.000000 13.000000 3.251750 8.683194 
28700.000000 14.000000 9.252894 53.740673 
28800.000000 5.000000 14.783545 6.854215 
28900.000000 0.000000 13.023409 41.195831 
29000.000000 27.000000 4.339257 0.207654 
29100.000000 0.000000 -8.324975 149.638931 
29200.000000 11.000000 4.653746 287.959503 
29300.000000 16.000000 9.170564 228.908249 
29400.000000 10.000000 10.007332 0.279860 
29500.000000 26.000000 -7.654113 128.037033 
29600.000000 0.000000 15.000000 28.156679 
29700.000000 8.000000 15.000000 0.135152 
29800.000000 10.000000 9.051318 31.498831 
29900.000000 3.000000 14.144158 26.001236 
30000.000000 7.000000 14.018126 10.645888 
30100.000000 27.000000 15.000000 2.601046 
30200.000000 9.000000 6.768678 32.903553 
30300.000000 22.000000 -2.150061 127.934013 
30400.000000 27.000000 -5.899779 554.967712 
30500.000000 24.000000 6.301424 266.664276 
30600.000000 18.000000 -0.049520 47.160564 
30700.000000 0.000000 14.253764 21.622456 
30800.000000 5.000000 13.490120 29.784628 
30900.000000 0.000000 15.000000 89.117676 
31000.000000 8.000000 4.956705 5.714104 
31100.000000 0.000000 15.000000 21.714466 
31200.000000 14.000000 4.000068 1.413818 
31300.000000 0.000000 -5.896213 0.083742 
31400.000000 23.000000 -5.739466 120.646545 
31500.000000 6.000000 -9.424503 162.913483 
31600.000000 0.000000 -6.342709 179.614838 
31700.000000 9.000000 -16.000000 231.434891 
31800.000000 13.000000 -6.742415 682.031189 
31900.000000 13.000000 -6.215066 538.711121 
32000.000000 18.000000 -7.136786 689.997498 
32100.000000 0.000000 4.057449 120.053711 
32200.000000 0.000000 4.303389 3.439408 
32300.000000 2.000000 -16.000000 38.558723 
32400.000000 21.000000 -14.181814 281.110291 
32500.000000 3.000000 0.901858 288.809814 
32600.000000 2.000000 3.983111 31.990391 
32700.000000 27.000000 -9.887525 205.975800 
32800.000000 13.000000 -9.943794 596.376648 
32900.000000 4.000000 0.175975 680.480042 
33000.000000 8.000000 -6.177921 630.557983 
33100.000000 0.000000 3.019911 161.522980 
33200.000000 18.000000 -2.261395 338.235077 
33300.000000 9.000000 -6.010276 529.764282 
33400.000000 21.000000 -10.011968 730.805420 
33500.000000 22.000000 -10.398840 1039.801270 
33600.000000 27.000000 -9.994769 573.586792 
33700.000000 19.000000 -4.065654 713.676147 
33800.000000 0.000000 0.461647 582.849243 
33900.000000 13.000000 0.846851 312.525482 
34000.000000 5.000000 -2.413514 434.557190 
34100.000000 2.000000 12.502796 46.170101 
34200.000000 17.000000 -6.229038 109.134239 
34300.000000 22.000000 -11.228429 551.642212 
34400.000000 21.000000 -11.089329 995.560974 
34500.000000 7.000000 -4.524904 930.289673 
34600.000000 11.000000 2.922806 333.830200 
34700.000000 27.000000 -13.310711 543.224670 
34800.000000 27.000000 -12.067489 782.190186 
34900.000000 6.000000 -2.807770 507.785400 
35000.000000 1.000000 13.890169 47.103321 
35100.000000 8.000000 -1.993316 162.220078 
35200.000000 0.000000 -6.240750 405.252350 
35300.000000 0.000000 10.544316 141.744232 
35400.000000 0.000000 13.655083 1.429383 
35500.000000 9.000000 7.059268 8.743575 
35600.000000 23.000000 -7.796680 6.213248 
35700.000000 27.000000 -11.514841 394.595093 
35800.000000 8.000000 3.659473 715.616760 
35900.000000 15.000000 -0.549079 33.312119 
36000.000000 0.000000 13.698526 1.468886 
36100.000000 21.000000 -6.299902 20.015656 
36200.000000 21.000000 -6.025633 34.429272 
36300.000000 13.000000 -1.670419 8.262712 
36400.000000 20.000000 3.001977 36.086128 
36500.000000 10.000000 3.273065 119.929855 
36600.000000 25.000000 0.000620 14.160711 
36700.000000 0.000000 12.999998 0.305582 
36800.000000 9.000000 7.042786 1.938557 
36900.000000 16.000000 11.046041 0.548204 
37000.000000 24.000000 15.000000 49.814617 
37100.000000 25.000000 15.000000 84.965500 
37200.000000 25.000000 14.361886 101.765594 
37300.000000 3.000000 15.000000 30.758968 
37400.000000 18.000000 0.804949 8.762457 
37500.000000 0.000000 13.000002 3.945030 
37600.000000 6.000000 8.513296 50.450748 
37700.000000 0.000000 14.999846 1.149697 
37800.000000 16.000000 -0.287793 260.284332 
37900.000000 12.000000 4.492360 57.934654 
38000.000000 25.000000 1.292693 65.699875 
38100.000000 1.000000 10.274483 1.019185 
38200.000000 5.000000 14.825528 26.145977 
38300.000000 11.000000 9.369729 0.740032 
38400.000000 25.000000 -9.512607 20.341875 
38500.000000 25.000000 -10.832803 638.898376 
38600.000000 21.000000 -0.940292 1000.562439 
38700.000000 23.000000 -7.823349 491.985992 
38800.000000 17.000000 -1.688033 837.853088 
38900.000000 0.000000 -1.778952 344.276367 
39000.000000 15.000000 -5.433683 81.447777 
39100.000000 17.000000 0.079820 389.938263 
39200.000000 0.000000 15.000000 0.083059 
39300.000000 1.000000 12.813402 12.294762 
39400.000000 0.000000 14.000645 31.910330 
39500.000000 14.000000 1.840322 4.535860 
39600.000000 20.000000 -2.726035 23.179491 
39700.000000 24.000000 -10.403220 294.993256 
39800.000000 0.000000 15.000000 89.315025 
39900.000000 2.000000 13.528090 8.820185 
40000.000000 0.000000 14.805985 2.641270 
40100.000000 5.000000 12.689072 6.907284 
40200.000000 0.000000 14.757087 66.295540 
40300.000000 13.000000 2.800024 31.488213 
40400.000000 16.000000 2.287510 15.506939 
40500.000000 21.000000 -6.162633 287.836273 
40600.000000 26.000000 -8.608063 308.451263 
40700.000000 5.000000 11.244616 30.061268 
40800.000000 27.000000 -11.600421 304.702850 
40900.000000 9.000000 8.736984 67.718498 
41000.000000 18.000000 -0.010430 253.352829 
41100.000000 7.000000 15.000000 0.008188 
41200.000000 16.000000 -0.670731 34.244690 
41300.000000 22.000000 -8.400573 60.563175 
41400.000000 11.000000 5.000000 239.547546 
41500.000000 16.000000 0.915998 571.269775 
41600.000000 9.000000 6.906158 632.317932 
41700.000000 27.000000 -10.995355 624.310425 
41800.000000 15.000000 5.139248 241.364487 
41900.000000 10.000000 7.601916 38.690147 
42000.000000 0.000000 15.000000 47.268345 
42100.000000 15.000000 -1.777373 14.948227 
42200.000000 0.000000 14.999954 24.652548 
42300.000000 27.000000 -7.168223 51.272564 
42400.000000 23.000000 -7.900182 36.064701 
42500.000000 19.000000 2.209430 467.556580 
42600.000000 3.000000 12.000043 7.364656 
42700.000000 21.000000 -7.250408 2.367015 
42800.000000 27.000000 -11.968556 453.677124 
42900.000000 10.000000 3.821505 552.796082 
43000.000000 2.000000 13.444815 4.520741 
43100.000000 27.000000 -5.652462 479.864655 
43200.000000 24.000000 -10.000197 774.544800 
43300.000000 10.000000 8.406844 764.010132 
43400.000000 16.000000 2.052160 367.781311 
43500.000000 15.000000 4.362415 51.675777 
43600.000000 26.000000 -4.891912 321.101807 
43700.000000 6.000000 11.204866 71.199097 
43800.000000 2.000000 14.873249 1.490538 
43900.000000 23.000000 -4.941073 30.112000 
44000.000000 10.000000 4.332626 42.256737 
44100.000000 7.000000 13.651489 58.207012 
44200.000000 18.000000 -3.996899 334.242584 
44300.000000 22.000000 -6.751083 808.776794 
44400.000000 13.000000 5.064070 103.715141 
44500.000000 1.000000 6.650938 6.913140 
44600.000000 12.000000 4.498127 244.241211 
44700.000000 10.000000 4.029368 1.244224 
44800.000000 8.000000 4.881304 43.634605 
44900.000000 10.000000 10.209437 47.721558 
45000.000000 23.000000 -3.356186 76.508667 
45100.000000 6.000000 14.216805 65.873718 
45200.000000 1.000000 14.190690 1.320846 
45300.000000 10.000000 7.382958 175.739975 
45400.000000 0.000000 15.000000 15.254720 
45500.000000 4.000000 11.190322 32.144310 
45600.000000 0.000000 15.000000 3.896366 
45700.000000 24.000000 -10.088054 143.871460 
45800.000000 27.000000 -11.995213 340.669250 
45900.000000 22.000000 -2.868595 530.691528 
46000.000000 0.000000 15.000000 50.252350 
46100.000000 24.000000 -9.778469 7.990296 
46200.000000 20.000000 -3.898912 468.134735 
46300.000000 2.000000 15.000000 32.939774 
46400.000000 25.000000 -7.000658 44.024937 
46500.000000 0.000000 15.000000 1.165227 
46600.000000 21.000000 -3.514986 28.096756 
46700.000000 5.000000 12.513493 22.415003 
46800.000000 2.000000 14.011353 8.178810 
46900.000000 25.000000 -10.285762 0.190703 
47000.000000 14.000000 -0.704836 269.316010 
47100.000000 0.000000 14.897099 13.931407 
47200.000000 23.000000 -7.943850 13.676084 
47300.000000 1.000000 15.000000 3.303077 
47400.000000 9.000000 5.242343 26.154886 
47500.000000 22.000000 -9.956690 245.474701 
47600.000000 27.000000 -8.825415 583.273438 
47700.000000 21.000000 -2.373857 384.495880 
47800.000000 18.000000 -1.564587 177.502151 
47900.000000 14.000000 0.289511 366.736084 
48000.000000 5.000000 12.900220 574.281555 
48100.000000 0.000000 12.471928 36.947674 
48200.000000 7.000000 6.111037 24.185080 
48300.000000 16.000000 4.808642 1.016340 
48400.000000 18.000000 -1.190809 109.142029 
48500.000000 0.000000 14.190287 0.078160 
48600.000000 25.000000 -9.106563 191.686996 
48700.000000 0.000000 15.000000 16.260515 
48800.000000 23.000000 -11.082236 301.379364 
48900.000000 27.000000 -11.446898 788.956177 
49000.000000 27.000000 -10.030096 969.071411 
49100.000000 0.000000 15.000000 417.281799 
49200.000000 27.000000 -10.971005 529.166626 
49300.000000 16.000000 2.820720 973.035889 
49400.000000 0.000000 15.000000 390.188477 
49500.000000 27.000000 -11.005439 176.726959 
49600.000000 0.000000 9.235698 201.859222 
49700.000000 12.000000 8.727316 104.004395 
49800.000000 0.000000 14.243810 2.981808 
49900.000000 19.000000 -1.540135 2.335513 
50000.000000 23.000000 -8.275489 36.650841 
50100.000000 25.000000 -9.145635 512.476196 
50200.000000 1.000000 12.547185 76.005379 
50300.000000 23.000000 -9.610997 473.751495 
50400.000000 12.000000 4.392201 289.772034 
50500.000000 15.000000 2.435273 264.937561 
50600.000000 27.000000 -11.610154 370.860168 
50700.000000 14.000000 1.390630 236.921692 
50800.000000 23.000000 -9.501247 615.239868 
50900.000000 6.000000 10.124771 366.121948 
51000.000000 16.000000 -0.213206 102.455727 
51100.000000 27.000000 -8.973566 493.723358 
51200.000000 18.000000 -2.664060 296.317810 
51300.000000 22.000000 -1.274619 799.152161 
51400.000000 25.000000 -9.982363 724.565002 
51500.000000 0.000000 15.000000 319.893829 
51600.000000 8.000000 6.787044 8.367005 
51700.000000 25.000000 -1.871189 29.437147 
51800.000000 23.000000 -7.036961 154.091614 
51900.000000 24.000000 -9.207560 56.144485 
52000.000000 27.000000 -12.000020 422.972351 
52100.000000 18.000000 0.724279 600.308044 
52200.000000 17.000000 -3.163111 155.909821 
52300.000000 6.000000 9.216921 352.685211 
52400.000000 6.000000 10.645660 66.871643 
52500.000000 12.000000 6.322731 1.114135 
52600.000000 0.000000 15.000000 47.898491 
52700.000000 23.000000 -7.093245 5.801035 
52800.000000 17.000000 2.044987 284.874756 
52900.000000 1.000000 12.173971 187.980423 
53000.000000 0.000000 15.000000 0.867953 
53100.000000 12.000000 0.707939 42.833195 
53200.000000 23.000000 -3.216688 288.273224 
53300.000000 26.000000 -10.319077 704.561157 
53400.000000 6.000000 10.728040 185.717606 
53500.000000 0.000000 15.000000 0.652036 
53600.000000 10.000000 4.499975 10.885921 
53700.000000 0.000000 15.000000 32.625538 
53800.000000 4.000000 12.893265 75.053886 
53900.000000 6.000000 6.427180 120.274689 
54000.000000 0.000000 15.000000 122.832703 
54100.000000 14.000000 0.167872 4.023573 
54200.000000 4.000000 14.158763 34.231800 
54300.000000 4.000000 8.301980 20.234480 
54400.000000 27.000000 -11.466838 115.423157 
54500.000000 23.000000 -4.357969 484.254578 
54600.000000 18.000000 -0.253810 515.010315 
54700.000000 0.000000 15.000000 0.115841 
54800.000000 15.000000 2.113212 5.905028 
54900.000000 27.000000 -9.123263 312.375122 
55000.000000 1.000000 12.148346 9.250037 
55100.000000 2.000000 15.000000 39.708324 
55200.000000 13.000000 2.085616 0.000005 
55300.000000 20.000000 -6.949053 206.878708 
55400.000000 25.000000 -8.611727 454.089661 
55500.000000 0.000000 13.643435 131.617859 
55600.000000 5.000000 10.295979 100.037155 
55700.000000 15.000000 2.798285 162.534851 
55800.000000 17.000000 1.118323 69.294060 
55900.000000 8.000000 8.973027 92.937332 
56000.000000 21.000000 -5.096053 10.663142 
56100.000000 22.000000 -7.127682 125.662880 
56200.000000 2.000000 15.000000 425.752686 
56300.000000 5.000000 10.528537 0.016388 
56400.000000 0.000000 15.000000 21.148060 
56500.000000 6.000000 6.825477 4.943251 
56600.000000 24.000000 -10.817116 39.193859 
56700.000000 24.000000 -4.660073 641.003357 
56800.000000 0.000000 15.000000 29.689323 
56900.000000 4.000000 14.577679 50.850613 
57000.000000 21.000000 -6.122935 0.231415 
57100.000000 27.000000 -10.638823 485.523560 
57200.000000 16.000000 -2.433484 547.513855 
57300.000000 0.000000 15.000000 155.932678 
57400.000000 22.000000 -6.211498 214.094803 
57500.000000 25.000000 -10.748514 164.541000 
57600.000000 22.000000 -5.272007 760.898376 
57700.000000 21.000000 -4.603730 137.833908 
57800.000000 7.000000 8.055353 59.642338 
57900.000000 19.000000 -3.138954 0.003014 
58000.000000 13.000000 6.202877 301.656311 
58100.000000 17.000000 2.863006 395.228027 
58200.000000 6.000000 10.279303 0.341813 
58300.000000 26.000000 -10.327710 164.162186 
58400.000000 0.000000 14.731421 37.811604 
58500.000000 10.000000 4.185205 140.787186 
58600.000000 19.000000 -5.395255 358.507050 
58700.000000 0.000000 15.000000 23.014324 
58800.000000 13.000000 1.914318 24.743826 
58900.000000 0.000000 14.703485 47.292721 
59000.000000 0.000000 15.000000 28.115856 
59100.000000 4.000000 11.999978 81.915039 
59200.000000 24.000000 -5.702126 111.600822 
59300.000000 8.000000 9.756023 45.430607 
59400.000000 3.000000 13.566944 24.754326 
59500.000000 16.000000 0.163479 55.774998 
59600.000000 19.000000 -2.370643 560.748108 
59700.000000 18.000000 -1.219475 239.295944 
59800.000000 2.000000 14.977291 70.791153 
59900.000000 10.000000 5.794300 195.835281 
60000.000000 8.000000 8.677025 226.881348 
60100.000000 12.000000 3.693923 87.705826 
60200.000000 3.000000 14.049638 5.038990 
60300.000000 27.000000 -10.285236 14.489906 
60400.000000 7.000000 5.781762 261.157867 
60500.000000 0.000000 15.000000 0.387741 
60600.000000 17.000000 2.736338 107.052162 
60700.000000 25.000000 -4.244239 375.016815 
60800.000000 9.000000 8.201417 368.788574 
60900.000000 1.000000 13.668844 97.159119 
61000.000000 18.000000 -2.415062 147.359833 
61100.000000 27.000000 -11.076956 800.756531 
61200.000000 7.000000 7.743146 216.215881 
61300.000000 2.000000 12.657533 27.837580 
61400.000000 14.000000 4.204586 10.782570 
61500.000000 24.000000 -8.759448 374.924469 
61600.000000 3.000000 10.586651 32.607513 
61700.000000 15.000000 3.127486 345.175507 
61800.000000 0.000000 14.829173 0.240320 
61900.000000 20.000000 -3.729419 20.476887 
62000.000000 16.000000 2.303922 222.700516 
62100.000000 6.000000 11.004956 12.735198 
62200.000000 0.000000 15.000000 50.796600 
62300.000000 7.000000 9.957834 10.674512 
62400.000000 6.000000 9.807714 47.990986 
62500.000000 27.000000 -11.218644 54.206627 
62600.000000 27.000000 -10.057198 394.037750 
62700.000000 22.000000 -6.756411 581.118286 
62800.000000 0.000000 15.000000 231.372009 
62900.000000 24.000000 -5.377295 130.780472 
63000.000000 27.000000 -10.641712 628.783142 
63100.000000 18.000000 -1.075367 274.803253 
63200.000000 21.000000 -4.549407 862.236450 
63300.000000 0.000000 15.000000 20.694857 
63400.000000 6.000000 10.839105 9.123981 
63500.000000 8.000000 7.212793 0.008763 
63600.000000 16.000000 0.491923 17.623505 
63700.000000 23.000000 -4.317537 216.224289 
63800.000000 18.000000 -3.333965 566.846130 
63900.000000 27.000000 -11.345676 167.024475 
64000.000000 15.000000 4.600212 636.183167 
64100.000000 20.000000 -3.753719 39.636955 
64200.000000 12.000000 5.522509 381.907288 
64300.000000 2.000000 12.893654 0.514313 
64400.000000 24.000000 -9.276194 318.389404 
64500.000000 1.000000 14.851770 240.918518 
64600.000000 12.000000 5.081344 0.950567 
64700.000000 19.000000 -1.667366 246.545822 
64800.000000 3.000000 12.635131 28.024899 
64900.000000 9.000000 5.949427 36.494537 
65000.000000 10.000000 7.341568 11.528373 
65100.000000 20.000000 -3.826694 310.410309 
65200.000000 14.000000 -0.249038 106.857605 
65300.000000 6.000000 11.033262 42.279457 
65400.000000 20.000000 -3.477025 147.100876 
65500.000000 0.000000 13.926595 0.258462 
65600.000000 7.000000 11.282207 2.388624 
65700.000000 11.000000 5.686774 2.036209 
65800.000000 21.000000 -5.463741 350.585510 
65900.000000 22.000000 -9.748340 400.685425 
66000.000000 26.000000 -11.373101 843.885376 
66100.000000 11.000000 5.261604 444.296204 
66200.000000 18.000000 -2.781593 483.150635 
66300.000000 24.000000 -9.425056 731.652710 
66400.000000 24.000000 -8.764827 638.918091 
66500.000000 4.000000 13.052806 225.786346 
66600.000000 3.000000 10.828205 0.000047 
66700.000000 1.000000 15.000000 18.182024 
66800.000000 20.000000 0.640924 8.090604 
66900.000000 0.000000 15.000000 18.621336 
67000.000000 16.000000 0.613689 273.086884 
67100.000000 27.000000 -11.072094 746.302063 
67200.000000 23.000000 -7.464136 905.370117 
67300.000000 23.000000 -6.258775 1083.652222 
67400.000000 22.000000 -8.745046 247.032669 
67500.000000 21.000000 -3.030148 388.483307 
67600.000000 11.000000 5.094477 10.752732 
67700.000000 3.000000 12.691147 23.146141 
67800.000000 8.000000 10.661685 68.623619 
67900.000000 18.000000 -4.662075 118.535370 
68000.000000 18.000000 -1.990660 248.307129 
68100.000000 27.000000 -9.612459 266.799469 
68200.000000 0.000000 15.000000 20.489067 
68300.000000 26.000000 -8.662673 13.024788 
68400.000000 27.000000 -11.112662 505.721924 
68500.000000 5.000000 11.612960 48.283283 
68600.000000 27.000000 -11.216600 399.693359 
68700.000000 27.000000 -11.777019 883.862305 
68800.000000 10.000000 5.396800 321.418640 
68900.000000 15.000000 1.411060 632.960815 
69000.000000 22.000000 -5.120240 620.322876 
69100.000000 26.000000 -11.704143 494.306122 
69200.000000 18.000000 -1.487456 541.095520 
69300.000000 27.000000 -10.267004 677.141785 
69400.000000 8.000000 7.400925 576.972534 
69500.000000 0.000000 14.824517 0.278965 
69600.000000 0.000000 15.000000 28.639757 
69700.000000 27.000000 -9.462646 61.605183 
69800.000000 27.000000 -11.207741 441.408875 
69900.000000 6.000000 9.854870 354.538086 
70000.000000 0.000000 13.088523 140.136108 
70100.000000 15.000000 0.770466 127.909378 
70200.000000 27.000000 -10.768686 532.618896 
70300.000000 25.000000 -10.118022 1034.288940 
70400.000000 27.000000 -12.091881 803.103149 
70500.000000 0.000000 12.609402 588.009766 
70600.000000 18.000000 -2.142607 399.922119 
70700.000000 0.000000 15.000000 90.117554 
70800.000000 24.000000 -4.806135 151.766724 
70900.000000 3.000000 13.520417 116.987816 
71000.000000 7.000000 9.132292 22.312864 
71100.000000 14.000000 2.137746 12.455837 
71200.000000 22.000000 -4.132851 26.000978 
71300.000000 27.000000 -10.084199 269.998993 
71400.000000 18.000000 -2.251847 616.381042 
71500.000000 8.000000 9.442054 124.274429 
71600.000000 2.000000 13.727854 6.947039 
71700.000000 0.000000 7.528569 4.777811 
71800.000000 0.000000 14.858139 45.264889 
71900.000000 26.000000 -7.298967 123.796524 
72000.000000 0.000000 14.739908 2.863242 
72100.000000 1.000000 14.145333 50.723812 
72200.000000 7.000000 9.129313 9.201268 
72300.000000 27.000000 -10.072475 357.482056 
72400.000000 0.000000 15.000000 103.547729 
72500.000000 1.000000 14.540102 20.969757 
72600.000000 27.000000 -10.020862 74.097778 
72700.000000 17.000000 -1.357909 573.447327 
72800.000000 0.000000 15.000000 54.344784 
72900.000000 9.000000 6.946927 2.292261 
73000.000000 17.000000 2.250455 18.619860 
73100.000000 27.000000 -8.771601 419.811859 
73200.000000 2.000000 13.271217 301.704010 
73300.000000 23.000000 -4.570290 222.446335 
73400.000000 26.000000 -9.454621 704.135498 
73500.000000 0.000000 14.366908 96.171432 
73600.000000 16.000000 -1.103509 70.207893 
73700.000000 2.000000 13.482278 80.270218 
73800.000000 18.000000 -2.204583 64.573036 
73900.000000 6.000000 8.127111 20.068226 
74000.000000 6.000000 12.680702 84.346542 
74100.000000 0.000000 15.000000 14.865378 
74200.000000 27.000000 -9.098208 263.463837 
74300.000000 26.000000 -10.086888 822.964661 
74400.000000 6.000000 13.600001 790.026428 
74500.000000 6.000000 8.530443 22.044268 
74600.000000 10.000000 1.381338 1.799547 
74700.000000 27.000000 -10.786819 13.440252 
74800.000000 27.000000 -9.238858 634.531677 
74900.000000 2.000000 15.000000 505.687805 
75000.000000 18.000000 -2.247669 291.101440 
75100.000000 24.000000 -7.849221 753.625183 
75200.000000 3.000000 13.709446 54.879742 
75300.000000 8.000000 6.857259 11.081689 
75400.000000 9.000000 8.251772 164.874542 
75500.000000 2.000000 15.000000 2.537793 
75600.000000 0.000000 13.406827 10.833407 
75700.000000 5.000000 9.648323 25.620970 
75800.000000 1.000000 15.000000 57.630882 
75900.000000 15.000000 3.403534 0.315649 
76000.000000 12.000000 5.615807 119.726227 
76100.000000 0.000000 15.000000 15.893973 
76200.000000 0.000000 15.000000 14.602644 
76300.000000 1.000000 15.000000 102.769211 
76400.000000 26.000000 -9.871533 12.270450 
76500.000000 22.000000 -2.200715 440.541168 
76600.000000 4.000000 12.303240 179.257553 
76700.000000 2.000000 14.862498 4.727293 
76800.000000 10.000000 9.357216 28.888350 
76900.000000 23.000000 -6.537406 307.072723 
77000.000000 24.000000 -6.229586 471.484894 
77100.000000 21.000000 -3.754184 946.985535 
77200.000000 20.000000 -3.971962 732.586304 
77300.000000 12.000000 5.313847 532.035095 
77400.000000 12.000000 3.580331 439.735504 
77500.000000 22.000000 -2.550520 540.776733 
77600.000000 3.000000 14.309681 410.524658 
77700.000000 4.000000 11.783107 22.415016 
77800.000000 3.000000 12.931440 31.728523 
77900.000000 0.000000 15.000000 86.768082 
78000.000000 1.000000 15.000000 104.458130 
78100.000000 15.000000 2.598165 115.339241 
78200.000000 27.000000 -10.079080 553.285522 
78300.000000 23.000000 -5.530199 847.262756 
78400.000000 27.000000 -10.079075 1124.205078 
78500.000000 13.000000 5.591660 1114.283325 
78600.000000 9.000000 8.052999 242.955093 
78700.000000 25.000000 -4.898692 240.775848 
78800.000000 5.000000 14.180849 158.903778 
78900.000000 0.000000 15.000000 17.824947 
79000.000000 10.000000 6.689001 40.982479 
79100.000000 13.000000 4.635899 99.302841 
79200.000000 6.000000 12.203023 14.224738 
79300.000000 9.000000 9.120509 43.756016 
79400.000000 25.000000 -8.943727 212.635330 
79500.000000 19.000000 -4.181793 78.654633 
79600.000000 16.000000 0.795625 458.569092 
79700.000000 22.000000 -5.767983 322.346466 
79800.000000 22.000000 -8.072513 662.403870 
79900.000000 18.000000 -0.991261 898.645752 
80000.000000 13.000000 4.665774 418.298401 
80100.000000 11.000000 4.162629 292.423187 
80200.000000 24.000000 -9.493583 686.756104 
80300.000000 27.000000 -8.096536 931.801208 
80400.000000 21.000000 -2.477649 945.537292 
80500.000000 15.000000 4.586233 799.369263 
80600.000000 24.000000 15.000000 397.459717 
80700.000000 15.000000 14.665977 146.629456 
80800.000000 2.000000 14.921342 134.636688 
80900.000000 8.000000 10.278794 7.426082 
81000.000000 0.000000 15.000000 65.083450 
81100.000000 25.000000 -5.864909 143.569702 
81200.000000 14.000000 -9.593494 390.484894 
81300.000000 13.000000 8.004221 166.299240 
81400.000000 24.000000 -8.092631 154.993500 
81500.000000 0.000000 15.000000 0.058117 
81600.000000 2.000000 14.563446 70.052063 
81700.000000 27.000000 -8.594778 50.544189 
81800.000000 14.000000 3.447691 36.588684 
81900.000000 7.000000 8.739616 2.961756 
82000.000000 22.000000 -5.631097 287.451385 
82100.000000 2.000000 15.000000 0.710425 
82200.000000 19.000000 -3.929610 13.374380 
82300.000000 17.000000 1.075313 242.780441 
82400.000000 22.000000 -5.870741 199.281036 
82500.000000 14.000000 1.981158 85.182961 
82600.000000 16.000000 2.688304 329.581268 
82700.000000 10.000000 9.032514 12.065686 
82800.000000 9.000000 6.199084 15.976371 
82900.000000 27.000000 -10.146579 16.726467 
83000.000000 14.000000 2.582160 24.434450 
83100.000000 7.000000 10.022129 0.000447 
83200.000000 24.000000 -7.744148 161.742737 
83300.000000 2.000000 14.119969 212.563492 
83400.000000 0.000000 13.877559 74.584953 
83500.000000 27.000000 -9.165919 48.547024 
83600.000000 23.000000 -4.579453 546.963867 
83700.000000 23.000000 -4.603714 791.279175 
83800.000000 27.000000 -9.333738 433.760345 
83900.000000 27.000000 -8.223254 800.764832 
84000.000000 27.000000 -8.160697 925.533752 
84100.000000 14.000000 1.595276 339.912842 
84200.000000 2.000000 15.000000 37.711605 
84300.000000 24.000000 -8.048050 0.049129 
84400.000000 27.000000 -8.207941 189.285309 
84500.000000 16.000000 2.749039 166.041840 
84600.000000 2.000000 15.000000 3.335131 
84700.000000 9.000000 5.250105 1.019540 
84800.000000 27.000000 -9.154542 83.597633 
84900.000000 10.000000 6.381806 254.401428 
85000.000000 22.000000 -3.831621 292.286072 
85100.000000 23.000000 -5.094572 762.685120 
85200.000000 27.000000 -8.067593 643.886353 
85300.000000 23.000000 -4.741109 469.282013 
85400.000000 23.000000 -4.626021 624.510315 
85500.000000 10.000000 6.092698 380.143707 
85600.000000 0.000000 15.000000 2.127686 
85700.000000 25.000000 -6.958130 156.380341 
85800.000000 0.000000 15.000000 208.604263 
85900.000000 9.000000 9.420979 146.209656 
86000.000000 20.000000 -1.838737 24.546137 
86100.000000 27.000000 -9.332916 95.689957 
86200.000000 26.000000 -5.628570 336.727203 
86300.000000 0.000000 15.000000 11.488256 
86400.000000 13.000000 4.994317 68.205299 
86500.000000 22.000000 -5.050917 279.821655 
86600.000000 27.000000 -9.765991 791.115723 
86700.000000 19.000000 -1.360456 1005.331360 
86800.000000 20.000000 -2.730901 338.245056 
86900.000000 16.000000 1.609273 247.400482 
87000.000000 6.000000 10.057981 47.644119 
87100.000000 27.000000 -9.240678 383.424500 
87200.000000 19.000000 -2.879061 112.587639 
87300.000000 23.000000 -6.325884 201.318710 
87400.000000 0.000000 15.000000 0.000266 
87500.000000 0.000000 13.841919 75.789032 
87600.000000 1.000000 14.631680 66.847450 
87700.000000 20.000000 -1.472162 110.883522 
87800.000000 9.000000 -1.767947 120.061699 
87900.000000 0.000000 -13.086010 297.122711 
88000.000000 7.000000 -16.000000 410.107147 
88100.000000 18.000000 -4.594062 420.135742 
88200.000000 0.000000 -7.068911 86.948189 
88300.000000 0.000000 -15.535614 178.393021 
88400.000000 27.000000 -12.224416 430.837616 
88500.000000 21.000000 -11.364650 801.275269 
88600.000000 20.000000 -16.000000 1217.738281 
88700.000000 0.000000 12.568354 451.504852 
88800.000000 8.000000 4.175708 159.442642 
88900.000000 0.000000 13.682529 1.158593 
89000.000000 1.000000 13.786782 37.528564 
89100.000000 0.000000 14.136049 74.338982 
89200.000000 0.000000 12.543657 102.339752 
89300.000000 7.000000 15.000000 33.788708 
89400.000000 19.000000 9.077999 62.599083 
89500.000000 16.000000 15.000000 2.415956 
89600.000000 23.000000 10.142452 0.833982 
89700.000000 24.000000 1.200704 23.331879 
89800.000000 17.000000 15.000000 132.253876 
89900.000000 2.000000 3.971984 0.148167 
90000.000000 9.000000 -15.537703 25.341885 
90100.000000 23.000000 -9.101375 549.860596 
90200.000000 27.000000 -13.471114 1075.000854 
90300.000000 26.000000 -0.057629 992.958496 
90400.000000 26.000000 -0.232701 665.283142 
90500.000000 12.000000 -16.000000 654.760071 
90600.000000 14.000000 -10.831749 550.229736 
90700.000000 0.000000 13.508094 97.222244 
90800.000000 0.000000 13.270450 5.061332 
90900.000000 12.000000 6.525477 38.109715 
91000.000000 14.000000 -16.000000 108.702759 
91100.000000 2.000000 -2.574610 360.347778 
91200.000000 7.000000 4.463161 567.230957 
91300.000000 27.000000 -2.629679 436.742615 
91400.000000 0.000000 15.000000 171.565262 
91500.000000 27.000000 -1.873533 157.800735 
91600.000000 0.000000 15.000000 25.463276 
91700.000000 25.000000 9.796497 0.965302 
91800.000000 0.000000 15.000000 0.639510 
91900.000000 0.000000 13.730303 29.618227 
92000.000000 4.000000 15.000000 40.594933 
92100.000000 12.000000 2.229725 0.663636 
92200.000000 17.000000 1.316580 25.139292 
92300.000000 5.000000 10.497720 50.335327 
92400.000000 4.000000 13.378624 29.352690 
92500.000000 3.000000 14.796844 70.332268 
92600.000000 0.000000 13.279344 1.224506 
92700.000000 11.000000 15.000000 8.993883 
92800.000000 6.000000 15.000000 0.136548 
92900.000000 21.000000 7.616281 22.796623 
93000.000000 2.000000 14.356668 42.948029 
93100.000000 0.000000 15.000000 37.582375 
93200.000000 16.000000 5.006288 0.414680 
93300.000000 26.000000 1.341157 17.524803 
93400.000000 27.000000 1.117168 241.338272 
93500.000000 24.000000 3.640801 400.386597 
93600.000000 14.000000 12.971903 97.041931 
93700.000000 5.000000 13.534152 29.959023 
93800.000000 12.000000 15.000000 77.101761 
93900.000000 2.000000 15.000000 21.532497 
94000.000000 11.000000 14.841836 58.844242 
94100.000000 7.000000 15.000000 1.994001 
94200.000000 10.000000 8.721769 11.097600 
94300.000000 11.000000 9.764485 3.539851 
94400.000000 0.000000 15.000000 5.641601 
94500.000000 7.000000 14.333221 73.637497 
94600.000000 23.000000 15.000000 41.965370 
94700.000000 5.000000 13.235341 3.462857 
94800.000000 4.000000 15.000000 51.884262 
94900.000000 22.000000 1.161880 1.880645 
95000.000000 27.000000 -8.641685 210.733276 
95100.000000 20.000000 0.334613 485.380676 
95200.000000 8.000000 10.078341 2.391490 
95300.000000 17.000000 -10.273865 58.623646 
95400.000000 24.000000 -6.458251 23.482586 
95500.000000 8.000000 10.476634 14.063939 
95600.000000 3.000000 15.000000 8.096328 
95700.000000 14.000000 2.879046 31.272017 
95800.000000 22.000000 -6.029305 196.743973 
95900.000000 11.000000 9.910257 259.864929 
96000.000000 19.000000 -8.345056 455.590179 
96100.000000 12.000000 7.607328 643.590576 
96200.000000 27.000000 -7.149395 833.950928 
96300.000000 13.000000 7.337936 749.600342 
96400.000000 19.000000 5.000911 404.165924 
96500.000000 16.000000 3.456566 298.079559 
96600.000000 9.000000 10.955688 149.785919 
96700.000000 10.000000 9.633331 89.834740 
96800.000000 0.000000 15.000000 10.662941 
96900.000000 8.000000 9.930251 43.389122 
97000.000000 27.000000 -7.859528 32.460346 
97100.000000 22.000000 -3.548894 27.038252 
97200.000000 27.000000 -7.439197 472.409180 
97300.000000 17.000000 4.085615 418.747772 
97400.000000 27.000000 -7.815434 739.180054 
97500.000000 1.000000 15.000000 200.938126 
97600.000000 13.000000 8.736559 30.606401 
97700.000000 26.000000 7.604462 21.432318 
97800.000000 27.000000 -7.835444 426.121460 
97900.000000 1.000000 15.000000 136.069092 
98000.000000 8.000000 10.522593 9.028942 
98100.000000 9.000000 9.895417 3.357532 
98200.000000 20.000000 2.250790 11.725778 
98300.000000 9.000000 9.131712 31.971182 
98400.000000 6.000000 12.656212 77.935165 
98500.000000 0.000000 15.000000 54.842735 
98600.000000 23.000000 0.385581 0.223910 
98700.000000 27.000000 -7.565998 253.969772 
98800.000000 26.000000 -5.160430 638.678589 
98900.000000 15.000000 9.732676 27.546080 
99000.000000 17.000000 13.482080 43.043190 
99100.000000 5.000000 12.309177 16.288721 
99200.000000 24.000000 -1.778363 38.860714 
99300.000000 27.000000 -9.037862 513.798950 
99400.000000 6.000000 12.326712 83.555557 
99500.000000 13.000000 4.847118 19.154375 
99600.000000 21.000000 -1.958890 92.391197 
99700.000000 27.000000 -10.114111 250.052139 
99800.000000 8.000000 10.726047 193.067322 
99900.000000 7.000000 11.600409 371.810577 
100000.000000 13.000000 2.694263 267.807343 
100100.000000 19.000000 -2.173601 135.933472 
100200.000000 26.000000 -7.232268 256.080750 
100300.000000 18.000000 2.011391 540.684631 
100400.000000 0.000000 15.000000 7.142160 
100500.000000 27.000000 -7.000809 100.287514 
100600.000000 0.000000 15.000000 65.342613 
100700.000000 13.000000 8.192551 6.224093 
100800.000000 12.000000 9.602078 291.536774 
100900.000000 12.000000 7.777159 94.643295 
101000.000000 26.000000 -6.874828 54.527298 
101100.000000 19.000000 0.700454 396.563263 
101200.000000 27.000000 -7.503772 339.719391 
101300.000000 14.000000 5.742772 415.060486 
101400.000000 2.000000 15.000000 18.882454 
101500.000000 27.000000 -7.458149 23.390123 
101600.000000 9.000000 9.619484 155.951447 
101700.000000 27.000000 -6.835810 142.597092 
101800.000000 10.000000 9.267584 289.396118 
101900.000000 9.000000 9.779763 16.531937 
102000.000000 27.000000 -7.583612 24.843191 
102100.000000 0.000000 15.000000 3.027124 
102200.000000 12.000000 7.638311 48.823399 
102300.000000 14.000000 4.103799 38.100086 
102400.000000 11.000000 4.767673 0.091627 
102500.000000 27.000000 -7.337708 111.509300 
102600.000000 6.000000 14.900074 100.999168 
102700.000000 14.000000 4.154366 237.301346 
102800.000000 11.000000 8.420232 387.906006 
102900.000000 27.000000 -8.250052 322.702789 
103000.000000 27.000000 -8.233861 687.687317 
103100.000000 8.000000 11.879992 95.305862 
103200.000000 27.000000 -8.095650 25.478148 
103300.000000 8.000000 9.689864 209.100571 
103400.000000 1.000000 15.000000 105.975578 
103500.000000 9.000000 12.717637 42.053055 
103600.000000 27.000000 -4.095687 185.912659 
103700.000000 27.000000 -5.404071 620.094971 
103800.000000 5.000000 12.526977 625.484253 
103900.000000 17.000000 7.449410 33.594788 
104000.000000 19.000000 3.544903 178.575043 
104100.000000 11.000000 15.000000 170.513474 
104200.000000 5.000000 15.000000 2.497514 
104300.000000 19.000000 13.269361 3.342405 
104400.000000 26.000000 13.146070 84.969261 
104500.000000 22.000000 14.478017 58.547848 
104600.000000 7.000000 11.348992 74.708321 
104700.000000 24.000000 -4.940086 91.746284 
104800.000000 0.000000 15.000000 0.756529 
104900.000000 4.000000 15.000000 89.335396 
105000.000000 25.000000 -3.768359 24.078514 
105100.000000 0.000000 15.000000 5.987659 
105200.000000 21.000000 0.106647 18.188011 
105300.000000 0.000000 15.000000 4.954656 
105400.000000 19.000000 0.862174 3.525466 
105500.000000 1.000000 15.000000 49.371231 
105600.000000 1.000000 15.000000 127.076973 
105700.000000 16.000000 15.000000 89.716850 
105800.000000 0.000000 15.000000 118.735100 
105900.000000 18.000000 7.308998 0.057989 
106000.000000 15.000000 2.707688 4.589656 
106100.000000 19.000000 3.527031 138.437988 
106200.000000 16.000000 0.032833 78.937042 
106300.000000 27.000000 -5.148030 518.442505 
106400.000000 26.000000 -5.189919 694.278564 
106500.000000 10.000000 8.151062 200.414536 
106600.000000 26.000000 -5.096993 163.332047 
106700.000000 6.000000 14.424476 65.654678 
106800.000000 0.000000 15.000000 9.408802 
106900.000000 11.000000 7.517915 64.260811 
107000.000000 20.000000 -2.575904 47.082508 
107100.000000 14.000000 -1.889402 365.546875 
107200.000000 3.000000 14.364956 414.811462 
107300.000000 13.000000 6.499389 55.016258 
107400.000000 15.000000 -4.162912 323.143707 
107500.000000 23.000000 -3.855493 49.092777 
107600.000000 27.000000 -9.195442 577.652405 
107700.000000 25.000000 -6.481595 162.141449 
107800.000000 21.000000 -4.594619 370.523071 
107900.000000 8.000000 10.900028 525.719116 
108000.000000 7.000000 2.621539 176.824310 
108100.000000 27.000000 15.000000 46.100090 
108200.000000 16.000000 15.000000 88.029655 
108300.000000 27.000000 -8.925246 258.630798 
108400.000000 4.000000 10.655449 216.236176 
108500.000000 0.000000 8.787538 4.381634 
108600.000000 3.000000 6.574156 2.448874 
108700.000000 14.000000 4.370981 21.323626 
108800.000000 15.000000 3.064569 141.875183 
108900.000000 27.000000 -8.277328 680.648010 
109000.000000 14.000000 -4.862698 749.656616 
109100.000000 17.000000 3.026198 371.966705 
109200.000000 22.000000 -16.000000 410.859863 
109300.000000 26.000000 -8.341300 951.189270 
109400.000000 11.000000 4.828596 738.332275 
109500.000000 4.000000 13.626657 615.125488 
109600.000000 20.000000 -1.082908 474.201447 
109700.000000 5.000000 13.067986 14.808704 
109800.000000 22.000000 -2.608688 365.036133 
109900.000000 5.000000 12.607912 47.940117 
110000.000000 0.000000 12.309916 25.747463 
110100.000000 0.000000 15.000000 3.303128 
110200.000000 24.000000 -9.092590 129.945679 
110300.000000 27.000000 -8.601897 602.138916 
110400.000000 13.000000 3.454109 533.522705 
110500.000000 0.000000 15.000000 45.149418 
110600.000000 2.000000 15.000000 31.810308 
110700.000000 0.000000 15.000000 124.117729 
110800.000000 0.000000 15.000000 156.537109 
110900.000000 4.000000 13.794092 47.905094 
111000.000000 23.000000 -8.535144 141.825363 
111100.000000 27.000000 -11.037674 355.156433 
111200.000000 3.000000 12.792417 68.928619 
111300.000000 0.000000 15.000000 0.109105 
111400.000000 26.000000 -7.610694 0.029504 
111500.000000 0.000000 15.000000 7.681386 
111600.000000 23.000000 -6.475846 191.859787 
111700.000000 27.000000 -8.865376 450.609314 
111800.000000 10.000000 6.726481 683.311829 
111900.000000 11.000000 5.979044 119.302521 
112000.000000 21.000000 -1.591603 400.748169 
112100.000000 26.000000 -9.010918 426.947052 
112200.000000 12.000000 5.276732 89.621307 
112300.000000 5.000000 13.438227 52.259464 
112400.000000 16.000000 2.276294 27.908251 
112500.000000 19.000000 -3.758242 90.230049 
112600.000000 22.000000 -8.769452 508.283478 
112700.000000 2.000000 15.000000 153.445755 
112800.000000 24.000000 -8.514849 52.737316 
112900.000000 17.000000 2.728592 323.240387 
113000.000000 9.000000 10.161283 10.308547 
113100.000000 21.000000 -1.258982 183.624908 
113200.000000 27.000000 -5.748844 133.149658 
113300.000000 12.000000 7.120465 39.503197 
113400.000000 27.000000 -6.481706 114.966034 
113500.000000 19.000000 1.148270 177.895309 
113600.000000 10.000000 9.013476 153.574265 
113700.000000 3.000000 15.000000 0.701588 
113800.000000 4.000000 14.676184 3.412715 
113900.000000 27.000000 -7.200379 143.721329 
114000.000000 26.000000 -6.642048 143.465515 
114100.000000 23.000000 -7.497142 378.751465 
114200.000000 10.000000 9.480295 272.763031 
114300.000000 0.000000 15.000000 3.858561 
114400.000000 13.000000 7.541213 28.469130 
114500.000000 3.000000 15.000000 11.090716 
114600.000000 18.000000 -0.848389 26.203491 
114700.000000 13.000000 4.620972 51.001293 
114800.000000 18.000000 1.334003 348.047333 
114900.000000 18.000000 -1.371415 70.290848 
115000.000000 9.000000 12.600391 237.211426 
115100.000000 27.000000 -4.853939 66.919991 
115200.000000 20.000000 -0.972189 430.772278 
115300.000000 5.000000 11.882335 16.741768 
115400.000000 10.000000 8.931942 159.751648 
115500.000000 22.000000 -3.473591 107.065582 
115600.000000 20.000000 -1.285138 94.505234 
115700.000000 7.000000 10.960611 14.802395 
115800.000000 0.000000 15.000000 56.741390 
115900.000000 16.000000 7.126686 13.796037 
116000.000000 0.000000 15.000000 99.670662 
116100.000000 16.000000 4.761365 7.083731 
116200.000000 18.000000 3.154984 99.485886 
116300.000000 14.000000 8.284872 4.610048 
116400.000000 16.000000 1.098725 134.922516 
116500.000000 0.000000 15.000000 132.584229 
116600.000000 9.000000 10.241612 0.011454 
116700.000000 14.000000 7.704957 19.419006 
116800.000000 27.000000 -4.842015 124.019958 
116900.000000 2.000000 15.000000 0.956835 
117000.000000 8.000000 12.210147 7.716259 
117100.000000 27.000000 -5.533596 63.202080 
117200.000000 0.000000 15.000000 131.113968 
117300.000000 24.000000 -4.144426 6.816508 
117400.000000 24.000000 -4.024712 53.553604 
117500.000000 24.000000 -3.988681 495.404968 
117600.000000 11.000000 6.182063 62.912502 
117700.000000 22.000000 -0.092839 151.827835 
117800.000000 16.000000 2.056464 269.375488 
117900.000000 23.000000 -1.370863 551.808838 
118000.000000 22.000000 -5.173847 118.865318 
118100.000000 8.000000 11.275845 282.673370 
118200.000000 7.000000 12.706347 3.523135 
118300.000000 18.000000 1.533779 2.061041 
118400.000000 3.000000 15.000000 98.997009 
118500.000000 8.000000 11.881414 28.488821 
118600.000000 23.000000 -1.411237 20.713663 
118700.000000 9.000000 11.930129 3.346492 
118800.000000 10.000000 8.845802 36.361755 
118900.000000 27.000000 -5.055080 416.543182 
119000.000000 3.000000 12.038165 224.219498 
119100.000000 21.000000 -3.792390 218.078598 
119200.000000 27.000000 -8.641824 405.974915 
119300.000000 24.000000 -5.055303 552.419617 
119400.000000 24.000000 -2.298200 508.207458 
119500.000000 27.000000 -8.512914 266.526337 
119600.000000 27.000000 -7.557569 629.236023 
119700.000000 27.000000 -7.694782 529.946350 
119800.000000 9.000000 6.687772 567.559143 
119900.000000 0.000000 15.000000 1.201516 
120000.000000 0.000000 15.000000 47.084904 
120100.000000 24.000000 -5.967822 100.668419 
120200.000000 1.000000 15.000000 100.866989 
120300.000000 13.000000 4.738177 2.483081 
120400.000000 24.000000 -7.735568 346.944763 
120500.000000 10.000000 4.467853 283.981598 
120600.000000 2.000000 15.000000 2.517668 
120700.000000 0.000000 15.000000 70.695007 
120800.000000 10.000000 7.731514 69.696503 
120900.000000 5.000000 13.974519 0.416690 
121000.000000 14.000000 3.198654 29.904604 
121100.000000 25.000000 -7.638853 147.011444 
121200.000000 14.000000 2.614866 622.983643 
121300.000000 0.000000 15.000000 172.275864 
121400.000000 11.000000 4.625389 210.829803 
121500.000000 13.000000 3.600182 1.003662 
121600.000000 22.000000 -5.024061 358.665466 
121700.000000 26.000000 -8.623862 530.369751 
121800.000000 23.000000 -5.231590 581.823853 
121900.000000 1.000000 7.838436 158.923264 
122000.000000 17.000000 -1.069973 3.569859 
122100.000000 15.000000 2.075140 289.282166 
122200.000000 19.000000 -1.618195 190.676712 
122300.000000 20.000000 -3.285631 443.501312 
122400.000000 17.000000 0.687918 689.728943 
122500.000000 5.000000 8.205232 93.076431 
122600.000000 0.000000 15.000000 0.018701 
122700.000000 24.000000 -8.033923 83.786331 
122800.000000 19.000000 0.637153 468.246490 
122900.000000 0.000000 15.000000 0.016548 
123000.000000 11.000000 5.213877 10.061800 
123100.000000 13.000000 -3.034792 351.084167 
123200.000000 4.000000 11.494977 35.215797 
123300.000000 0.000000 15.000000 27.993933 
123400.000000 17.000000 -8.920477 64.923317 
123500.000000 2.000000 -3.110703 183.181458 
123600.000000 7.000000 -7.278057 188.448334 
123700.000000 11.000000 -16.000000 405.902893 
123800.000000 6.000000 -16.000000 396.202454 
123900.000000 14.000000 -5.439440 848.606323 
124000.000000 14.000000 1.345972 225.491959 
124100.000000 20.000000 -6.740511 22.696554 
124200.000000 0.000000 14.979349 147.754196 
124300.000000 16.000000 -1.960046 3.713392 
124400.000000 18.000000 -2.082130 174.078064 
124500.000000 27.000000 -9.061746 743.119568 
124600.000000 5.000000 10.298942 155.948593 
124700.000000 1.000000 15.000000 33.318569 
124800.000000 4.000000 11.167092 18.383797 
124900.000000 15.000000 2.897861 102.010948 
125000.000000 0.000000 15.000000 2.473045 
125100.000000 11.000000 2.132393 70.770500 
125200.000000 0.000000 15.000000 8.895851 
125300.000000 27.000000 -8.736829 64.266998 
125400.000000 7.000000 11.284896 214.862305 
125500.000000 23.000000 -4.948411 247.798447 
125600.000000 20.000000 -4.338729 492.123749 
125700.000000 27.000000 -9.250865 550.334717 
125800.000000 19.000000 -0.498957 828.052307 
125900.000000 6.000000 8.295030 116.847473 
126000.000000 14.000000 2.772052 251.174393 
126100.000000 26.000000 -8.472641 454.942627 
126200.000000 27.000000 -9.865472 946.883545 
126300.000000 21.000000 -3.138965 1112.901611 
126400.000000 7.000000 12.784076 472.848785 
126500.000000 12.000000 4.997499 16.165560 
126600.000000 20.000000 -2.610349 352.366547 
126700.000000 25.000000 -6.452955 611.123047 
126800.000000 7.000000 8.174333 50.745529 
126900.000000 3.000000 11.882345 12.933565 
127000.000000 27.000000 -7.352684 271.102936 
127100.000000 17.000000 -0.260123 604.927124 
127200.000000 19.000000 -0.864907 602.441284 
127300.000000 15.000000 -1.510074 235.837402 
127400.000000 18.000000 -0.049572 111.143974 
127500.000000 9.000000 12.424687 92.714493 
127600.000000 9.000000 9.378999 7.672755 
127700.000000 21.000000 -2.904829 54.672668 
127800.000000 27.000000 -6.905871 166.503723 
127900.000000 15.000000 5.235402 370.931458 
128000.000000 9.000000 7.165592 33.372643 
128100.000000 19.000000 -1.371850 259.804565 
128200.000000 3.000000 15.000000 20.474539 
128300.000000 27.000000 -8.797660 19.463322 
128400.000000 21.000000 -7.102888 24.917681 
128500.000000 18.000000 0.900934 41.191002 
128600.000000 22.000000 -3.993187 45.458744 
128700.000000 11.000000 6.294930 148.933670 
128800.000000 21.000000 -6.616539 340.415253 
128900.000000 11.000000 10.414631 305.593994 
129000.000000 13.000000 0.211861 1.583880 
129100.000000 16.000000 1.441003 422.364410 
129200.000000 0.000000 15.000000 15.350742 
129300.000000 10.000000 7.496079 24.308876 
129400.000000 10.000000 7.366290 1.215444 
129500.000000 0.000000 15.000000 0.003025 
129600.000000 27.000000 -9.822832 34.348003 
129700.000000 27.000000 -8.248489 560.452637 
129800.000000 22.000000 -5.634248 756.833191 
129900.000000 19.000000 -1.585249 504.629456 
130000.000000 8.000000 10.333404 666.729309 
130100.000000 21.000000 -2.855446 183.344543 
130200.000000 27.000000 -9.899426 561.671387 
130300.000000 26.000000 -6.878583 734.662720 
130400.000000 18.000000 0.383465 100.096878 
130500.000000 9.000000 1.272996 126.280487 
130600.000000 27.000000 -8.010542 463.710144 
130700.000000 4.000000 12.335616 192.610962 
130800.000000 27.000000 -9.269594 493.398285 
130900.000000 12.000000 4.717845 650.431335 
131000.000000 11.000000 4.762334 229.608902 
131100.000000 5.000000 -16.000000 248.701279 
131200.000000 13.000000 5.597175 318.974854 
131300.000000 27.000000 -9.844877 136.908615 
131400.000000 21.000000 0.559487 226.451782 
131500.000000 18.000000 -3.199680 591.048218 
131600.000000 8.000000 2.778636 67.413231 
131700.000000 24.000000 -7.257176 504.047485 
131800.000000 20.000000 -2.202606 526.195068 
131900.000000 0.000000 15.000000 58.685394 
132000.000000 3.000000 12.796210 16.121151 
132100.000000 26.000000 -7.476343 54.162464 
132200.000000 19.000000 -2.729850 194.401978 
132300.000000 22.000000 -4.411098 579.476196 
132400.000000 0.000000 15.000000 233.918304 
132500.000000 0.000000 15.000000 25.673054 
132600.000000 9.000000 5.249525 0.272822 
132700.000000 8.000000 9.779536 1.615428 
132800.000000 4.000000 13.750043 30.672499 
132900.000000 0.000000 15.000000 56.614735 
133000.000000 14.000000 1.672462 17.225830 
133100.000000 1.000000 12.717622 25.963886 
133200.000000 15.000000 2.794472 1.689227 
133300.000000 27.000000 -8.924563 347.787842 
133400.000000 27.000000 -9.476148 434.848907 
133500.000000 15.000000 -0.153782 428.985748 
133600.000000 14.000000 3.362628 119.402039 
133700.000000 22.000000 -4.805698 57.980648 
133800.000000 21.000000 -4.218647 514.860901 
133900.000000 24.000000 -7.358572 480.399689 
134000.000000 19.000000 -2.559260 222.075607 
134100.000000 19.000000 -2.303582 460.516266 
134200.000000 20.000000 -1.726258 764.777649 
134300.000000 23.000000 -3.917181 633.301819 
134400.000000 7.000000 10.731833 310.823120 
134500.000000 8.000000 6.568536 18.198875 
134600.000000 8.000000 9.579777 0.391587 
134700.000000 13.000000 5.229183 33.666756 
134800.000000 5.000000 9.918946 20.372997 
134900.000000 0.000000 13.806658 77.704132 
135000.000000 22.000000 -4.214072 143.604034 
135100.000000 27.000000 -9.652886 162.264557 
135200.000000 3.000000 15.000000 204.752502 
135300.000000 17.000000 0.047947 44.456886 
135400.000000 25.000000 -5.620137 101.210938 
135500.000000 0.000000 15.000000 60.223740 
135600.000000 11.000000 5.924414 6.820988 
135700.000000 3.000000 14.820984 2.224012 
135800.000000 27.000000 -8.863705 106.415504 
135900.000000 23.000000 -8.229985 254.659256 
136000.000000 14.000000 2.572595 523.832520 
136100.000000 3.000000 10.785755 51.611179 
136200.000000 13.000000 2.426751 0.304161 
136300.000000 3.000000 9.462196 27.998459 
136400.000000 0.000000 15.000000 31.332239 
136500.000000 23.000000 -4.025496 35.827133 
136600.000000 0.000000 15.000000 12.432974 
136700.000000 21.000000 -8.297167 26.768621 
136800.000000 17.000000 0.645118 261.908447 
136900.000000 0.000000 14.665999 34.901829 
137000.000000 17.000000 1.673295 181.274673 
137100.000000 27.000000 -10.517871 463.677429 
137200.000000 27.000000 -8.433606 889.146484 
137300.000000 0.000000 13.843844 21.360691 
137400.000000 4.000000 0.193310 2.392699 
137500.000000 16.000000 -6.764408 190.131165 
137600.000000 27.000000 -9.199076 332.435547 
137700.000000 3.000000 13.440367 44.821457 
137800.000000 0.000000 15.000000 15.090974 
137900.000000 3.000000 10.537649 7.875937 
138000.000000 14.000000 0.740234 31.697390 
138100.000000 9.000000 7.205321 9.201509 
138200.000000 25.000000 -9.824063 168.026443 
138300.000000 23.000000 -7.440646 428.076996 
138400.000000 0.000000 14.869532 27.991167 
138500.000000 27.000000 -8.995626 224.999603 
138600.000000 0.000000 15.000000 0.952100 
138700.000000 11.000000 6.335605 11.057273 
138800.000000 1.000000 14.886328 2.823694 
138900.000000 0.000000 14.400048 59.947464 
139000.000000 24.000000 -9.474583 14.938546 
139100.000000 27.000000 -8.569738 362.727875 
139200.000000 27.000000 -8.725990 185.527176 
139300.000000 22.000000 -3.751078 707.598267 
139400.000000 18.000000 -0.810571 648.365295 
139500.000000 18.000000 -4.837756 55.397301 
139600.000000 10.000000 7.835599 470.585541 
139700.000000 4.000000 13.028419 60.387394 
139800.000000 3.000000 13.034434 20.385813 
139900.000000 3.000000 12.532150 30.592854 
140000.000000 2.000000 15.000000 77.693123 
140100.000000 6.000000 9.907310 31.312059 
140200.000000 20.000000 -2.483939 30.578587 
140300.000000 17.000000 -0.329482 53.987041 
140400.000000 14.000000 3.500395 214.601532 
140500.000000 21.000000 -3.193895 152.153244 
140600.000000 0.000000 15.000000 94.365883 
140700.000000 9.000000 10.207474 23.490715 
140800.000000 13.000000 6.897657 143.687729 
140900.000000 14.000000 2.213254 3.692925 
141000.000000 19.000000 -4.256959 356.977936 
141100.000000 14.000000 2.722047 436.936127 
141200.000000 8.000000 6.995339 512.335632 
141300.000000 24.000000 -5.544515 638.655518 
141400.000000 27.000000 -9.482648 451.689117 
141500.000000 0.000000 15.000000 9.690730 
141600.000000 5.000000 12.182039 117.527786 
141700.000000 2.000000 14.598507 134.296997 
141800.000000 21.000000 -6.828684 81.011436 
141900.000000 20.000000 -1.026859 495.252380 
142000.000000 10.000000 7.553296 65.415947 
142100.000000 10.000000 4.110304 0.858665 
142200.000000 0.000000 15.000000 74.013931 
142300.000000 12.000000 5.120935 9.040256 
142400.000000 27.000000 -9.461749 232.417755 
142500.000000 27.000000 -9.173776 743.431702 
142600.000000 15.000000 1.768536 914.531982 
142700.000000 18.000000 -6.291790 828.413818 
142800.000000 7.000000 8.598773 134.978073 
142900.000000 20.000000 -4.498397 396.969879 
143000.000000 25.000000 -7.364106 719.225708 
143100.000000 9.000000 8.928945 125.562454 
143200.000000 27.000000 -8.725900 180.443359 
143300.000000 13.000000 0.355174 356.669525 
143400.000000 27.000000 -8.679347 435.956909 
143500.000000 22.000000 -7.848892 536.821411 
143600.000000 25.000000 -6.508309 916.005188 
143700.000000 27.000000 -9.090223 418.666595 
143800.000000 4.000000 13.318577 393.135101 
143900.000000 16.000000 0.953005 207.809082 
144000.000000 27.000000 -9.437819 671.693970 
144100.000000 22.000000 -6.054520 926.574036 
144200.000000 8.000000 5.759709 731.829468 
144300.000000 20.000000 -1.639571 298.677277 
144400.000000 27.000000 -8.876397 168.158966 
144500.000000 24.000000 -7.759311 387.704681 
144600.000000 23.000000 -5.258084 569.567810 
144700.000000 10.000000 6.476382 43.706074 
144800.000000 27.000000 -8.971682 319.822754 
144900.000000 27.000000 -9.488511 522.544556 
145000.000000 25.000000 -7.015168 937.942627 
145100.000000 16.000000 -1.871097 190.054459 
145200.000000 9.000000 3.505198 481.628876 
145300.000000 16.000000 -2.776678 31.469801 
145400.000000 27.000000 -8.363370 416.230194 
145500.000000 27.000000 -8.767632 830.165894 
145600.000000 0.000000 15.000000 80.486351 
145700.000000 0.000000 15.000000 9.935302 
145800.000000 3.000000 15.000000 10.493216 
145900.000000 10.000000 3.201997 24.957932 
146000.000000 11.000000 10.533506 22.297461 
146100.000000 5.000000 15.000000 41.688087 
146200.000000 27.000000 -9.065647 7.766316 
146300.000000 24.000000 -6.789672 434.655701 
146400.000000 0.000000 15.000000 0.299664 
146500.000000 24.000000 -9.734577 33.525883 
146600.000000 17.000000 -0.074513 279.415009 
146700.000000 0.000000 15.000000 0.796554 
146800.000000 10.000000 6.840957 51.170666 
146900.000000 6.000000 13.462447 62.786644 
147000.000000 6.000000 8.609015 2.150301 
147100.000000 27.000000 -9.675865 185.658875 
147200.000000 24.000000 -7.031085 556.286011 
147300.000000 8.000000 11.273978 504.239105 
147400.000000 27.000000 -8.787402 331.601776 
147500.000000 19.000000 -5.769454 147.627075 
147600.000000 0.000000 15.000000 12.385246 
147700.000000 3.000000 15.000000 32.080345 
147800.000000 3.000000 15.000000 121.337212 
147900.000000 18.000000 -1.818326 35.841972 
148000.000000 27.000000 -8.912849 256.035522 
148100.000000 27.000000 -6.482622 785.768494 
148200.000000 14.000000 2.990277 608.775513 
148300.000000 27.000000 -8.360339 764.495056 
148400.000000 16.000000 -0.154793 224.034149 
148500.000000 2.000000 15.000000 37.677696 
148600.000000 0.000000 15.000000 47.929989 
148700.000000 8.000000 9.627074 89.261673 
148800.000000 3.000000 15.000000 126.299889 
148900.000000 20.000000 1.373897 1.372911 
149000.000000 8.000000 11.147797 37.899826 
149100.000000 17.000000 4.233287 66.817375 
149200.000000 0.000000 15.000000 2.168161 
149300.000000 0.000000 15.000000 32.674313 
149400.000000 22.000000 -7.795056 73.818680 
149500.000000 12.000000 5.098006 202.623886 
149600.000000 7.000000 8.174391 8.731637 
149700.000000 14.000000 2.858004 122.717941 
149800.000000 27.000000 -8.534169 578.547363 
149900.000000 22.000000 -5.816209 579.740417 
150000.000000 5.000000 11.873240 196.173050 
150100.000000 17.000000 4.604680 33.372887 
150200.000000 4.000000 14.148616 18.003490 
150300.000000 15.000000 0.937956 0.768318 
150400.000000 27.000000 -5.793366 257.589752 
150500.000000 8.000000 9.645665 142.515060 
150600.000000 1.000000 15.000000 19.002892 
150700.000000 17.000000 0.589324 0.339407 
150800.000000 0.000000 15.000000 34.722652 
150900.000000 2.000000 15.000000 27.090847 
151000.000000 17.000000 -0.226357 129.539062 
151100.000000 18.000000 -0.057971 74.292564 
151200.000000 12.000000 6.009036 0.136424 
151300.000000 15.000000 1.999904 333.692780 
151400.000000 12.000000 5.096955 207.749146 
151500.000000 18.000000 -3.362782 406.569275 
151600.000000 4.000000 11.882289 6.379663 
151700.000000 0.000000 15.000000 8.548806 
151800.000000 7.000000 8.581951 10.096969 
151900.000000 20.000000 -2.860287 135.427200 
152000.000000 17.000000 -0.399704 394.880005 
152100.000000 24.000000 -8.223369 799.486084 
152200.000000 0.000000 14.541800 665.135437 
152300.000000 10.000000 6.220909 8.966724 
152400.000000 27.000000 -9.247544 184.650909 
152500.000000 27.000000 -10.144401 751.393311 
152600.000000 19.000000 -3.912148 454.429260 
152700.000000 13.000000 3.084384 526.166687 
152800.000000 0.000000 14.094993 1.657802 
152900.000000 0.000000 12.720570 22.316162 
153000.000000 16.000000 2.060150 107.620026 
153100.000000 27.000000 -9.310628 472.433716 
153200.000000 26.000000 -4.016101 393.513367 
153300.000000 27.000000 -8.595201 728.520508 
153400.000000 2.000000 11.882175 100.497849 
153500.000000 22.000000 -5.106765 260.642761 
153600.000000 26.000000 -9.201155 291.174927 
153700.000000 15.000000 -0.975780 524.791809 
153800.000000 4.000000 13.020064 0.556957 
153900.000000 18.000000 -1.894822 35.595497 
154000.000000 18.000000 -3.291520 445.088470 
154100.000000 20.000000 -5.252299 600.977539 
154200.000000 26.000000 -11.011375 663.933594 
154300.000000 13.000000 4.296575 856.133118 
154400.000000 0.000000 12.556719 371.029694 
154500.000000 19.000000 -0.964602 9.909392 
154600.000000 0.000000 14.931075 0.771480 
154700.000000 0.000000 15.000000 0.756135 
154800.000000 27.000000 -10.272735 305.717438 
154900.000000 7.000000 5.545764 185.457413 
155000.000000 19.000000 -3.837286 469.334503 
155100.000000 11.000000 1.764081 5.145866 
155200.000000 8.000000 8.076860 94.487862 
155300.000000 0.000000 13.956594 127.622940 
155400.000000 27.000000 -10.089832 252.590225 
155500.000000 11.000000 5.277490 413.450287 
155600.000000 12.000000 3.776141 628.240173 
155700.000000 12.000000 3.607531 160.758881 
155800.000000 18.000000 -1.865130 78.456116 
155900.000000 3.000000 13.663796 197.203903 
156000.000000 1.000000 13.580792 93.308434 
156100.000000 13.000000 4.126034 233.789108 
156200.000000 0.000000 15.000000 0.799498 
156300.000000 11.000000 5.161351 39.237186 
156400.000000 6.000000 8.363866 0.753133 
156500.000000 4.000000 14.588428 134.602448 
156600.000000 8.000000 8.451740 10.399389 
156700.000000 8.000000 9.891620 1.298431 
156800.000000 4.000000 10.642408 0.205872 
156900.000000 26.000000 -10.338800 14.449362 
157000.000000 21.000000 -3.667055 501.985413 
157100.000000 20.000000 -4.720218 609.245056 
157200.000000 1.000000 15.000000 19.621592 
157300.000000 12.000000 2.076395 9.250509 
157400.000000 5.000000 10.992024 14.496803 
157500.000000 10.000000 6.585350 5.132425 
157600.000000 18.000000 -0.003100 246.625427 
157700.000000 22.000000 -5.747104 132.359741 
157800.000000 16.000000 -0.262141 104.108177 
157900.000000 4.000000 12.577748 0.345278 
158000.000000 27.000000 -11.827675 327.096436 
158100.000000 18.000000 -0.237421 607.472534 
158200.000000 14.000000 1.674750 189.604187 
158300.000000 23.000000 -8.270913 512.697937 
158400.000000 15.000000 -1.685503 77.418640 
158500.000000 23.000000 -6.732090 417.076508 
158600.000000 27.000000 -10.959150 853.258118 
158700.000000 6.000000 9.963517 700.886841 
158800.000000 0.000000 15.000000 93.522827 
158900.000000 27.000000 -11.602785 165.381989 
159000.000000 27.000000 -11.092175 806.174683 
159100.000000 26.000000 -13.080034 919.026794 
159200.000000 22.000000 -7.018569 712.662720 
159300.000000 27.000000 -10.587914 889.516418 
159400.000000 18.000000 -0.596731 903.598877 
159500.000000 19.000000 -4.147225 837.131653 
159600.000000 18.000000 -2.483311 421.518921 
159700.000000 26.000000 -10.795332 338.336456 
159800.000000 27.000000 -11.091610 918.348511 
159900.000000 9.000000 7.600942 219.510208 
160000.000000 27.000000 -10.661512 692.590088 
160100.000000 27.000000 -8.076219 471.638733 
160200.000000 8.000000 8.535801 415.212067 
160300.000000 16.000000 -2.039815 115.627449 
160400.000000 27.000000 -9.395263 611.446594 
160500.000000 23.000000 -5.550119 960.449219 
160600.000000 5.000000 9.799727 43.458897 
160700.000000 10.000000 4.852906 1.652383 
160800.000000 15.000000 1.059130 9.153958 
160900.000000 0.000000 14.406769 14.263940 
161000.000000 2.000000 12.701443 30.384184 
161100.000000 22.000000 -5.890653 9.215563 
161200.000000 2.000000 13.248596 2.314408 
161300.000000 9.000000 7.322428 2.838637 
161400.000000 10.000000 4.466294 240.498734 
161500.000000 27.000000 -10.371860 164.458267 
161600.000000 27.000000 -9.207961 552.018677 
161700.000000 19.000000 -3.404886 170.936111 
161800.000000 0.000000 15.000000 227.391815 
161900.000000 1.000000 15.000000 40.544174 
162000.000000 27.000000 -11.318260 80.231674 
162100.000000 6.000000 9.674560 29.846478 
162200.000000 0.000000 13.616394 5.862960 
162300.000000 15.000000 3.717388 2.320669 
162400.000000 0.000000 13.535698 70.124763 
162500.000000 14.000000 2.033600 72.092987 
162600.000000 27.000000 -13.139253 160.231293 
162700.000000 19.000000 -3.033646 526.143860 
162800.000000 12.000000 1.695991 73.583199 
162900.000000 23.000000 -10.796923 116.653618 
163000.000000 0.000000 12.610476 59.039856 
163100.000000 1.000000 12.834090 22.329571 
163200.000000 10.000000 5.046613 50.468849 
163300.000000 27.000000 -10.955622 60.581184 
163400.000000 7.000000 9.640023 248.637695 
163500.000000 12.000000 2.667831 108.535881 
163600.000000 2.000000 11.265388 64.417107 
163700.000000 17.000000 -1.215793 2.615500 
163800.000000 23.000000 -9.722354 87.461052 
163900.000000 20.000000 -1.919320 403.379456 
164000.000000 16.000000 -0.974091 190.034531 
164100.000000 13.000000 -0.811707 246.745407 
164200.000000 19.000000 -2.202690 557.407532 
164300.000000 7.000000 6.625366 42.128769 
164400.000000 23.000000 -9.361019 396.846680 
164500.000000 3.000000 11.141091 46.997627 
164600.000000 0.000000 12.576432 176.617386 
164700.000000 11.000000 1.720915 154.865891 
164800.000000 16.000000 -2.717105 3.485331 
164900.000000 0.000000 15.000000 0.149806 
165000.000000 10.000000 5.809618 39.292980 
165100.000000 27.000000 -10.941078 389.582581 
165200.000000 27.000000 -12.247010 801.659851 
165300.000000 17.000000 -5.265758 1012.916870 
165400.000000 14.000000 2.433558 1097.883423 
165500.000000 0.000000 12.203481 440.709167 
165600.000000 11.000000 4.830964 7.185625 
165700.000000 27.000000 -8.109022 154.305939 
165800.000000 25.000000 -8.556553 499.818329 
165900.000000 4.000000 10.617795 125.405647 
166000.000000 1.000000 11.572164 4.382351 
166100.000000 21.000000 -5.628263 15.566847 
166200.000000 2.000000 12.248222 165.029541 
166300.000000 2.000000 12.947242 1.155936 
166400.000000 6.000000 11.886218 0.001709 
166500.000000 23.000000 -5.797777 110.232635 
166600.000000 9.000000 7.888328 10.152318 
166700.000000 13.000000 4.592322 216.020691 
166800.000000 14.000000 1.867110 572.458862 
166900.000000 23.000000 -6.560940 794.435486 
167000.000000 10.000000 7.101015 310.506775 
167100.000000 8.000000 6.546319 28.775328 
167200.000000 2.000000 14.526924 168.978348 
167300.000000 0.000000 9.217199 5.035594 
167400.000000 20.000000 -6.366512 107.365028 
167500.000000 14.000000 -1.370407 23.949547 
167600.000000 11.000000 6.174226 1.881864 
167700.000000 27.000000 -11.489798 302.019958 
167800.000000 22.000000 -7.292593 659.268677 
167900.000000 25.000000 -12.310870 521.970947 
168000.000000 1.000000 12.081276 396.974579 
168100.000000 7.000000 9.784489 257.769775 
168200.000000 6.000000 8.315788 197.337799 
168300.000000 3.000000 12.204851 0.185584 
168400.000000 0.000000 14.864184 60.239483 
168500.000000 3.000000 11.377042 56.498539 
168600.000000 26.000000 -8.843741 186.746536 
168700.000000 24.000000 -7.075089 264.063171 
168800.000000 0.000000 15.000000 199.449982 
168900.000000 4.000000 10.394287 0.018320 
169000.000000 22.000000 -7.070660 66.259575 
169100.000000 20.000000 -4.523436 568.935547 
169200.000000 24.000000 -7.218258 879.207764 
169300.000000 19.000000 -4.817935 355.764801 
169400.000000 0.000000 10.628609 175.964706 
169500.000000 16.000000 -1.310812 10.685268 
169600.000000 3.000000 12.398468 14.672240 
169700.000000 16.000000 -0.165545 130.022339 
169800.000000 25.000000 -9.125551 480.354797 
169900.000000 17.000000 -2.608639 180.445267 
170000.000000 21.000000 -2.665277 202.914261 
170100.000000 22.000000 -7.360900 398.269165 
170200.000000 10.000000 6.233390 655.179077 
170300.000000 27.000000 -10.522137 99.932343 
170400.000000 17.000000 -0.267758 327.278473 
170500.000000 24.000000 -8.024711 651.248413 
170600.000000 0.000000 12.785489 339.117737 
170700.000000 11.000000 5.403677 0.921167 
170800.000000 21.000000 -5.520499 135.580490 
170900.000000 27.000000 -10.551201 404.514252 
171000.000000 19.000000 -3.358807 245.548340 
171100.000000 6.000000 12.123752 428.802551 
171200.000000 8.000000 7.724676 67.410049 
171300.000000 6.000000 10.077135 51.564045 
171400.000000 4.000000 11.355662 4.863637 
171500.000000 2.000000 13.135541 45.522739 
171600.000000 22.000000 -5.668623 52.690380 
171700.000000 16.000000 -0.192757 185.214233 
171800.000000 17.000000 -0.752543 250.658173 
171900.000000 25.000000 -7.250598 660.569946 
172000.000000 14.000000 1.587216 638.031555 
172100.000000 0.000000 15.000000 65.399132 
172200.000000 19.000000 -4.470341 4.813749 
172300.000000 7.000000 9.684183 0.923069 
172400.000000 11.000000 6.350012 0.015954 
172500.000000 2.000000 13.023918 14.996824 
172600.000000 18.000000 0.334852 51.508179 
172700.000000 0.000000 15.000000 74.771011 
172800.000000 0.000000 15.000000 0.485157 
172900.000000 10.000000 8.459133 28.302656 
173000.000000 27.000000 -10.469949 108.791351 
173100.000000 0.000000 14.987068 9.470615 
173200.000000 21.000000 -3.168977 222.074738 
173300.000000 18.000000 -1.372977 611.228027 
173400.000000 27.000000 -9.514406 665.685547 
173500.000000 25.000000 -6.129646 325.410797 
173600.000000 0.000000 15.000000 153.388107 
173700.000000 13.000000 3.704783 9.371079 
173800.000000 0.000000 14.986091 4.914621 
173900.000000 19.000000 -3.555859 12.297632 
174000.000000 5.000000 11.604999 226.829437 
174100.000000 10.000000 6.084889 61.696209 
174200.000000 9.000000 8.472517 0.269092 
174300.000000 1.000000 15.000000 12.581861 
174400.000000 9.000000 6.349318 4.731305 
174500.000000 0.000000 15.000000 71.434830 
174600.000000 10.000000 6.360570 25.788055 
174700.000000 0.000000 14.463483 34.490490 
174800.000000 8.000000 8.937729 75.186150 
174900.000000 26.000000 -7.165772 32.049335 
175000.000000 0.000000 15.000000 3.779005 
175100.000000 12.000000 3.919880 5.773518 
175200.000000 16.000000 2.106119 187.925186 
175300.000000 3.000000 10.797138 0.027182 
175400.000000 23.000000 -4.656384 5.795797 
175500.000000 15.000000 1.844552 39.488468 
175600.000000 13.000000 3.144745 9.489448 
175700.000000 12.000000 3.193295 9.675185 
175800.000000 0.000000 14.823529 2.898361 
175900.000000 5.000000 11.507537 61.445648 
176000.000000 9.000000 8.431485 92.316429 
176100.000000 18.000000 -1.739864 237.844589 
176200.000000 5.000000 11.265022 1.101797 
176300.000000 7.000000 9.998067 51.546982 
176400.000000 27.000000 -9.714314 86.252510 
176500.000000 20.000000 -4.921869 97.586876 
176600.000000 19.000000 -2.845350 109.550980 
176700.000000 3.000000 13.114443 224.015884 
176800.000000 0.000000 14.664143 21.736212 
176900.000000 18.000000 -2.341659 231.182068 
177000.000000 7.000000 9.444326 7.162780 
177100.000000 24.000000 -5.722748 10.112931 
177200.000000 11.000000 6.215398 18.843388 
177300.000000 27.000000 -10.207856 402.701385 
177400.000000 26.000000 -7.796308 552.549377 
177500.000000 26.000000 -8.140199 911.511475 
177600.000000 27.000000 -8.423153 1045.067505 
177700.000000 0.000000 15.000000 93.968613 
177800.000000 7.000000 8.902926 3.349640 
177900.000000 6.000000 10.721789 161.826111 
178000.000000 0.000000 15.000000 4.182613 
178100.000000 21.000000 -4.158741 0.133613 
178200.000000 15.000000 6.370388 159.393829 
178300.000000 10.000000 8.575914 21.290815 
178400.000000 27.000000 -7.599214 149.607346 
178500.000000 15.000000 2.111858 17.022318 
178600.000000 27.000000 -8.256307 157.678970 
178700.000000 0.000000 15.000000 32.088631 
178800.000000 21.000000 -1.878285 68.164635 
178900.000000 20.000000 -1.832448 246.189438 
179000.000000 22.000000 -1.869847 118.870918 
179100.000000 21.000000 -1.876693 271.520355 
179200.000000 3.000000 15.000000 0.739541 
179300.000000 2.000000 9.093005 49.924171 
179400.000000 13.000000 13.116618 90.414146 
179500.000000 9.000000 10.068406 3.362690 
179600.000000 26.000000 -4.848326 162.701202 
179700.000000 27.000000 -4.267704 574.555359 
179800.000000 12.000000 9.118442 420.347046 
179900.000000 27.000000 -4.372211 524.980835 
180000.000000 25.000000 -1.139452 289.970062 
180100.000000 18.000000 9.371697 13.784575 
180200.000000 26.000000 15.000000 55.962978 
180300.000000 5.000000 15.000000 9.261937 
180400.000000 0.000000 15.000000 1.532647 
180500.000000 8.000000 12.482336 0.004316 
180600.000000 24.000000 -5.883525 99.999947 
180700.000000 0.000000 15.000000 22.871542 
180800.000000 0.000000 15.000000 52.225361 
180900.000000 0.000000 15.000000 17.466496 
181000.000000 13.000000 11.300959 28.673048 
181100.000000 18.000000 2.827340 134.896301 
181200.000000 27.000000 -5.650093 218.646530 
181300.000000 2.000000 15.000000 6.775365 
181400.000000 27.000000 -6.974665 188.278000 
181500.000000 27.000000 -7.514769 98.375694 
181600.000000 6.000000 14.935779 71.704994 
181700.000000 9.000000 12.307431 42.276863 
181800.000000 2.000000 15.000000 29.285337 
181900.000000 0.000000 15.000000 50.807682 
182000.000000 22.000000 -3.492338 19.113176 
182100.000000 21.000000 5.194219 46.569374 
182200.000000 0.000000 15.000000 0.536194 
182300.000000 27.000000 -7.214342 29.586224 
182400.000000 26.000000 -5.665923 482.992004 
182500.000000 27.000000 -6.780393 432.625916 
182600.000000 27.000000 -4.418887 521.198547 
182700.000000 27.000000 -4.733730 631.438721 
182800.000000 21.000000 2.444623 404.085999 
182900.000000 12.000000 9.349156 139.281540 
183000.000000 27.000000 -6.868388 315.831146 
183100.000000 21.000000 -3.164579 742.423523 
183200.000000 17.000000 0.736770 397.027649 
183300.000000 19.000000 8.409130 77.406975 
183400.000000 13.000000 6.476918 230.830322 
183500.000000 27.000000 0.473491 157.179474 
183600.000000 0.000000 15.000000 7.314182 
183700.000000 0.000000 15.000000 0.838164 
183800.000000 12.000000 6.041264 5.852439 
183900.000000 27.000000 -3.034664 121.430428 
184000.000000 17.000000 10.220526 75.445602 
184100.000000 13.000000 3.775115 352.176758 
184200.000000 0.000000 15.000000 18.379871 
184300.000000 10.000000 8.927505 35.274448 
184400.000000 0.000000 15.000000 12.107978 
184500.000000 0.000000 15.000000 91.989174 
184600.000000 27.000000 -7.125629 47.322853 
184700.000000 27.000000 -8.443348 417.795197 
184800.000000 19.000000 -3.194030 509.168671 
184900.000000 12.000000 5.470285 516.474426 
185000.000000 25.000000 -7.167264 666.365723 
185100.000000 0.000000 15.000000 60.390789 
185200.000000 15.000000 5.168704 15.526362 
185300.000000 0.000000 15.000000 24.472181 
185400.000000 12.000000 5.455973 17.802073 
185500.000000 1.000000 15.000000 10.813111 
185600.000000 12.000000 6.168964 128.829285 
185700.000000 8.000000 10.069778 13.118054 
185800.000000 20.000000 0.178317 41.018261 
185900.000000 7.000000 9.978999 0.438520 
186000.000000 14.000000 2.732354 1.325873 
186100.000000 19.000000 -0.059338 107.031227 
186200.000000 5.000000 13.805711 1.828993 
186300.000000 0.000000 15.000000 7.799151 
186400.000000 20.000000 -2.941770 1.272833 
186500.000000 12.000000 4.891572 129.946228 
186600.000000 8.000000 9.050402 139.343887 
186700.000000 2.000000 14.841754 2.322548 
186800.000000 27.000000 -9.625624 177.696747 
186900.000000 11.000000 5.816162 220.683029 
187000.000000 11.000000 6.404144 347.021515 
187100.000000 20.000000 -3.409541 253.160141 
187200.000000 26.000000 -8.641391 708.737854 
187300.000000 23.000000 -6.344343 287.949738 
187400.000000 2.000000 13.309553 303.995117 
187500.000000 26.000000 -8.863261 364.572968 
187600.000000 4.000000 13.994580 92.736885 
187700.000000 24.000000 -8.217421 390.322845 
187800.000000 5.000000 10.593458 212.830597 
187900.000000 27.000000 -10.534363 549.039124 
188000.000000 27.000000 -8.415407 967.634766 
188100.000000 1.000000 14.975846 564.686462 
188200.000000 13.000000 3.506008 20.323542 
188300.000000 27.000000 -9.914959 268.287201 
188400.000000 0.000000 15.000000 114.648628 
188500.000000 2.000000 13.585654 3.459749 
188600.000000 20.000000 -4.499711 12.897770 
188700.000000 18.000000 -2.718009 219.778671 
188800.000000 2.000000 13.388521 134.356339 
188900.000000 18.000000 -1.592922 34.383862 
189000.000000 22.000000 -4.967733 274.419098 
189100.000000 11.000000 6.597463 597.241577 
189200.000000 13.000000 5.204919 11.069628 
189300.000000 11.000000 6.835484 1.708556 
189400.000000 6.000000 11.855745 30.482651 
189500.000000 10.000000 8.640326 39.685123 
189600.000000 24.000000 -6.873611 290.585602 
189700.000000 3.000000 14.208474 265.932892 
189800.000000 24.000000 -9.136326 26.404453 
189900.000000 26.000000 -8.216893 526.412415 
190000.000000 23.000000 -5.406563 902.476257 
190100.000000 14.000000 4.244511 70.439240 
190200.000000 0.000000 15.000000 200.619370 
190300.000000 0.000000 15.000000 8.721748 
190400.000000 13.000000 2.911917 6.407019 
190500.000000 11.000000 6.382870 30.891773 
190600.000000 8.000000 10.236727 13.450969 
190700.000000 18.000000 0.115757 151.945892 
190800.000000 11.000000 5.897093 214.073990 
190900.000000 27.000000 -8.973058 651.921387 
191000.000000 12.000000 2.991323 450.407867 
191100.000000 20.000000 -2.452689 448.576019 
191200.000000 27.000000 -8.981912 415.967316 
191300.000000 0.000000 15.000000 23.030994 
191400.000000 17.000000 0.745644 4.960059 
191500.000000 8.000000 10.714488 294.096588 
191600.000000 11.000000 8.116794 62.744537 
191700.000000 25.000000 -7.148913 533.305725 
191800.000000 14.000000 5.545834 828.483093 
191900.000000 6.000000 11.443179 467.482178 
192000.000000 4.000000 14.607881 109.514908 
192100.000000 10.000000 8.011925 5.285499 
192200.000000 7.000000 10.453503 4.144382 
192300.000000 21.000000 -2.693010 3.083390 
192400.000000 3.000000 14.823988 0.535866 
192500.000000 27.000000 -9.174932 332.508026 
192600.000000 4.000000 13.930789 131.232666 
192700.000000 5.000000 12.078755 0.020822 
192800.000000 21.000000 -2.912988 186.219437 
192900.000000 27.000000 -9.268207 738.828125 
193000.000000 16.000000 3.931717 490.475800 
193100.000000 0.000000 15.000000 124.161636 
193200.000000 0.000000 15.000000 1.077003 
193300.000000 14.000000 4.561372 15.073686 
193400.000000 13.000000 3.851707 22.317402 
193500.000000 20.000000 -1.450326 98.565102 
193600.000000 24.000000 -8.220387 399.216919 
193700.000000 4.000000 13.931639 282.291168 
193800.000000 10.000000 7.226047 45.872524 
193900.000000 27.000000 -9.827399 53.307262 
194000.000000 22.000000 -3.889594 510.434967 
194100.000000 0.000000 15.000000 25.697752 
194200.000000 20.000000 -3.764162 0.491614 
194300.000000 16.000000 0.268719 114.736954 
194400.000000 8.000000 10.878177 11.423820 
194500.000000 24.000000 -7.834148 206.566849 
194600.000000 0.000000 15.000000 19.875185 
194700.000000 24.000000 -9.476411 130.589188 
194800.000000 18.000000 0.547218 500.533081 
194900.000000 14.000000 2.310648 55.596500 
195000.000000 4.000000 13.279871 22.750015 
195100.000000 6.000000 11.224070 1.196996 
195200.000000 26.000000 -8.583879 103.830978 
195300.000000 27.000000 -8.979382 236.952362 
195400.000000 27.000000 -9.219423 697.514160 
195500.000000 7.000000 14.088312 61.980259 
195600.000000 25.000000 -4.909197 225.601334 
195700.000000 19.000000 6.689025 43.628582 
195800.000000 18.000000 -1.362572 466.223907 
195900.000000 14.000000 11.983909 4.647532 
196000.000000 12.000000 14.563038 46.357838 
196100.000000 20.000000 -2.119396 317.073883 
196200.000000 10.000000 7.404162 111.974281 
196300.000000 27.000000 -0.806769 6.492725 
196400.000000 12.000000 7.078913 351.863617 
196500.000000 14.000000 4.200769 146.680313 
196600.000000 0.000000 15.000000 8.155149 
196700.000000 16.000000 4.860390 15.374910 
196800.000000 16.000000 2.504288 38.434402 
196900.000000 23.000000 -4.796703 431.217529 
197000.000000 0.000000 15.000000 25.660259 
197100.000000 15.000000 2.611744 242.123795 
197200.000000 0.000000 15.000000 2.163443 
197300.000000 20.000000 -1.953315 211.817184 
197400.000000 27.000000 -7.627693 189.162781 
197500.000000 27.000000 -8.268003 575.604004 
197600.000000 21.000000 -3.187052 783.271484 
197700.000000 21.000000 -3.740769 834.697083 
197800.000000 27.000000 -10.219878 837.431030 
197900.000000 10.000000 7.666859 821.941772 
198000.000000 23.000000 -5.339584 542.743408 
198100.000000 2.000000 14.988515 210.312531 
198200.000000 27.000000 -9.870869 594.492310 
198300.000000 6.000000 10.186078 548.330933 
198400.000000 9.000000 7.965160 194.242340 
198500.000000 4.000000 13.769663 66.934814 
198600.000000 19.000000 -2.756355 25.523764 
198700.000000 9.000000 7.821816 13.749124 
198800.000000 0.000000 15.000000 38.790215 
198900.000000 16.000000 0.605811 18.493008 
199000.000000 27.000000 -9.005791 430.048218 
199100.000000 0.000000 15.000000 109.150284 
199200.000000 27.000000 -9.424270 32.568447 
199300.000000 27.000000 -9.107393 465.235168 
199400.000000 9.000000 7.834451 558.579163 
199500.000000 0.000000 15.000000 88.998573 
199600.000000 2.000000 15.000000 21.042183 
199700.000000 17.000000 -0.247168 23.273335 
199800.000000 25.000000 -6.997362 499.238983 
199900.000000 23.000000 -5.864667 717.178162 
200000.000000 27.000000 -9.227622 1003.044739 
