100.000000 -0.800000 -0.008000 
200.000000 -1.000000 -0.005000 
300.000000 -3.199999 -0.010667 
400.000000 -4.099998 -0.010250 
500.000000 -4.799997 -0.009600 
600.000000 -6.899995 -0.011500 
700.000000 -6.799994 -0.009714 
800.000000 -7.699993 -0.009625 
900.000000 -7.399992 -0.008222 
1000.000000 -7.899992 -0.007900 
1100.000000 -8.799994 -0.008000 
1200.000000 -7.999995 -0.006667 
1300.000000 -9.300000 -0.007154 
1400.000000 -8.600001 -0.006143 
1500.000000 -9.100003 -0.006067 
1600.000000 -9.500005 -0.005938 
1700.000000 -10.900010 -0.006412 
1800.000000 -11.800014 -0.006556 
1900.000000 -12.200015 -0.006421 
2000.000000 -12.900018 -0.006450 
2100.000000 -12.200019 -0.005810 
2200.000000 -13.400023 -0.006091 
2300.000000 -14.600028 -0.006348 
2400.000000 -15.600032 -0.006500 
2500.000000 -14.900033 -0.005960 
2600.000000 -13.200034 -0.005077 
2700.000000 -13.300038 -0.004926 
2800.000000 -14.000041 -0.005000 
2900.000000 -15.300046 -0.005276 
3000.000000 -14.800048 -0.004933 
3100.000000 -13.500051 -0.004355 
3200.000000 -14.100053 -0.004406 
3300.000000 -16.000059 -0.004849 
3400.000000 -17.600065 -0.005176 
3500.000000 -17.600069 -0.005029 
3600.000000 -18.600073 -0.005167 
3700.000000 -19.300076 -0.005216 
3800.000000 -20.900082 -0.005500 
3900.000000 -20.800089 -0.005333 
4000.000000 -19.600092 -0.004900 
4100.000000 -20.700096 -0.005049 
4200.000000 -21.200102 -0.005048 
4300.000000 -21.900105 -0.005093 
4400.000000 -21.400106 -0.004864 
4500.000000 -22.100109 -0.004911 
4600.000000 -23.300114 -0.005065 
4700.000000 -23.100117 -0.004915 
4800.000000 -24.400122 -0.005083 
4900.000000 -25.300129 -0.005163 
5000.000000 -26.200132 -0.005240 
5100.000000 -25.300133 -0.004961 
5200.000000 -25.200136 -0.004846 
5300.000000 -25.800138 -0.004868 
5400.000000 -25.600142 -0.004741 
5500.000000 -25.900146 -0.004709 
5600.000000 -26.500149 -0.004732 
5700.000000 -27.700153 -0.004860 
5800.000000 -27.900158 -0.004810 
5900.000000 -28.700161 -0.004864 
6000.000000 -29.700165 -0.004950 
6100.000000 -31.700172 -0.005197 
6200.000000 -32.800159 -0.005290 
6300.000000 -33.900143 -0.005381 
6400.000000 -34.500134 -0.005391 
6500.000000 -35.200123 -0.005415 
6600.000000 -35.500103 -0.005379 
6700.000000 -37.500072 -0.005597 
6800.000000 -38.400059 -0.005647 
6900.000000 -39.100033 -0.005667 
7000.000000 -40.400013 -0.005771 
7100.000000 -39.700008 -0.005592 
7200.000000 -40.399998 -0.005611 
7300.000000 -42.299969 -0.005795 
7400.000000 -41.799961 -0.005649 
7500.000000 -42.899944 -0.005720 
7600.000000 -43.699932 -0.005750 
7700.000000 -43.799915 -0.005688 
7800.000000 -44.199909 -0.005667 
7900.000000 -43.999897 -0.005570 
8000.000000 -44.299892 -0.005537 
8100.000000 -44.199879 -0.005457 
8200.000000 -45.199863 -0.005512 
8300.000000 -45.399845 -0.005470 
8400.000000 -45.899837 -0.005464 
8500.000000 -45.899822 -0.005400 
8600.000000 -45.799809 -0.005326 
8700.000000 -46.999790 -0.005402 
8800.000000 -46.799778 -0.005318 
8900.000000 -46.799778 -0.005258 
9000.000000 -47.999760 -0.005333 
9100.000000 -48.199741 -0.005297 
9200.000000 -49.299725 -0.005359 
9300.000000 -48.699718 -0.005237 
9400.000000 -49.899700 -0.005308 
9500.000000 -50.299694 -0.005295 
9600.000000 -51.499676 -0.005365 
9700.000000 -51.099667 -0.005268 
9800.000000 -50.399662 -0.005143 
9900.000000 -50.499660 -0.005101 
10000.000000 -50.899639 -0.005090 
10100.000000 -51.999622 -0.005148 
10200.000000 -52.599613 -0.005157 
10300.000000 -52.699596 -0.005116 
10400.000000 -52.499584 -0.005048 
10500.000000 -52.299572 -0.004981 
10600.000000 -52.499569 -0.004953 
10700.000000 -52.499554 -0.004907 
10800.000000 -51.799549 -0.004796 
10900.000000 -52.199543 -0.004789 
11000.000000 -52.999531 -0.004818 
11100.000000 -54.299511 -0.004892 
11200.000000 -54.799503 -0.004893 
11300.000000 -55.299480 -0.004894 
11400.000000 -53.599476 -0.004702 
11500.000000 -53.399464 -0.004643 
11600.000000 -52.699444 -0.004543 
11700.000000 -53.399433 -0.004564 
11800.000000 -54.299419 -0.004602 
11900.000000 -53.299404 -0.004479 
12000.000000 -54.199390 -0.004517 
12100.000000 -53.799381 -0.004446 
12200.000000 -53.699368 -0.004402 
12300.000000 -53.999363 -0.004390 
12400.000000 -54.199345 -0.004371 
12500.000000 -54.399342 -0.004352 
12600.000000 -55.799320 -0.004429 
12700.000000 -56.099316 -0.004417 
12800.000000 -56.999302 -0.004453 
12900.000000 -57.899288 -0.004488 
13000.000000 -58.599277 -0.004508 
13100.000000 -57.999271 -0.004427 
13200.000000 -58.199268 -0.004409 
13300.000000 -58.999256 -0.004436 
13400.000000 -59.199253 -0.004418 
13500.000000 -59.699245 -0.004422 
13600.000000 -59.999241 -0.004412 
13700.000000 -60.299236 -0.004401 
13800.000000 -60.899227 -0.004413 
13900.000000 -61.199223 -0.004403 
14000.000000 -61.599201 -0.004400 
14100.000000 -61.199192 -0.004340 
14200.000000 -62.399174 -0.004394 
14300.000000 -61.899166 -0.004329 
14400.000000 -62.299160 -0.004326 
14500.000000 -62.699154 -0.004324 
14600.000000 -62.099148 -0.004253 
14700.000000 -62.899136 -0.004279 
14800.000000 -63.299129 -0.004277 
14900.000000 -62.799122 -0.004215 
15000.000000 -64.299103 -0.004287 
15100.000000 -65.599083 -0.004344 
15200.000000 -66.499054 -0.004375 
15300.000000 -67.199043 -0.004392 
15400.000000 -65.999031 -0.004286 
15500.000000 -66.099030 -0.004264 
15600.000000 -66.499023 -0.004263 
15700.000000 -66.799019 -0.004255 
15800.000000 -66.999016 -0.004240 
15900.000000 -66.699005 -0.004195 
16000.000000 -66.198997 -0.004137 
16100.000000 -67.798973 -0.004211 
16200.000000 -67.898972 -0.004191 
16300.000000 -67.898956 -0.004166 
16400.000000 -68.098953 -0.004152 
16500.000000 -67.998940 -0.004121 
16600.000000 -69.498917 -0.004187 
16700.000000 -69.798912 -0.004180 
16800.000000 -69.998909 -0.004167 
16900.000000 -69.798897 -0.004130 
17000.000000 -69.098892 -0.004065 
17100.000000 -69.098892 -0.004041 
17200.000000 -69.298874 -0.004029 
17300.000000 -70.098862 -0.004052 
17400.000000 -71.898834 -0.004132 
17500.000000 -73.398811 -0.004194 
17600.000000 -73.298798 -0.004165 
17700.000000 -72.898788 -0.004119 
17800.000000 -73.098785 -0.004107 
17900.000000 -72.398781 -0.004045 
18000.000000 -72.598778 -0.004033 
18100.000000 -72.098770 -0.003983 
18200.000000 -71.598763 -0.003934 
18300.000000 -73.298737 -0.004005 
18400.000000 -73.198723 -0.003978 
18500.000000 -73.198723 -0.003957 
18600.000000 -73.798714 -0.003968 
18700.000000 -74.298706 -0.003973 
18800.000000 -74.198692 -0.003947 
18900.000000 -74.298691 -0.003931 
19000.000000 -75.098663 -0.003953 
19100.000000 -75.298660 -0.003942 
19200.000000 -75.798653 -0.003948 
19300.000000 -74.998650 -0.003886 
19400.000000 -74.098648 -0.003820 
19500.000000 -74.098648 -0.003800 
19600.000000 -74.698639 -0.003811 
19700.000000 -73.798637 -0.003746 
19800.000000 -72.998634 -0.003687 
19900.000000 -72.098633 -0.003623 
20000.000000 -73.498611 -0.003675 
20100.000000 -72.798607 -0.003622 
20200.000000 -70.998604 -0.003515 
20300.000000 -71.098602 -0.003502 
20400.000000 -71.398598 -0.003500 
20500.000000 -72.698578 -0.003546 
20600.000000 -72.198570 -0.003505 
20700.000000 -72.598564 -0.003507 
20800.000000 -72.598549 -0.003490 
20900.000000 -72.798546 -0.003483 
21000.000000 -73.198540 -0.003486 
21100.000000 -72.898529 -0.003455 
21200.000000 -71.998528 -0.003396 
21300.000000 -72.098526 -0.003385 
21400.000000 -71.098526 -0.003322 
21500.000000 -71.498520 -0.003326 
21600.000000 -71.998512 -0.003333 
21700.000000 -71.498505 -0.003295 
21800.000000 -70.198494 -0.003220 
21900.000000 -69.598488 -0.003178 
22000.000000 -68.498474 -0.003114 
22100.000000 -67.598473 -0.003059 
22200.000000 -67.898468 -0.003058 
22300.000000 -67.398460 -0.003022 
22400.000000 -66.998451 -0.002991 
22500.000000 -66.998451 -0.002978 
22600.000000 -66.998451 -0.002965 
22700.000000 -66.798439 -0.002943 
22800.000000 -66.198433 -0.002903 
22900.000000 -65.398430 -0.002856 
23000.000000 -64.698425 -0.002813 
23100.000000 -64.698425 -0.002801 
23200.000000 -63.998421 -0.002759 
23300.000000 -64.298401 -0.002760 
23400.000000 -63.998390 -0.002735 
23500.000000 -63.598381 -0.002706 
23600.000000 -63.398369 -0.002686 
23700.000000 -63.398369 -0.002675 
23800.000000 -63.398369 -0.002664 
23900.000000 -63.498367 -0.002657 
24000.000000 -63.598366 -0.002650 
24100.000000 -64.598351 -0.002680 
24200.000000 -63.698349 -0.002632 
24300.000000 -63.898346 -0.002630 
24400.000000 -63.598335 -0.002606 
24500.000000 -62.898331 -0.002567 
24600.000000 -63.298325 -0.002573 
24700.000000 -64.198296 -0.002599 
24800.000000 -63.298294 -0.002552 
24900.000000 -62.798286 -0.002522 
25000.000000 -62.198280 -0.002488 
25100.000000 -61.498276 -0.002450 
25200.000000 -61.498276 -0.002440 
25300.000000 -62.298264 -0.002462 
25400.000000 -61.598259 -0.002425 
25500.000000 -61.598259 -0.002416 
25600.000000 -61.598259 -0.002406 
25700.000000 -61.598259 -0.002397 
25800.000000 -59.698257 -0.002314 
25900.000000 -59.098251 -0.002282 
26000.000000 -59.198250 -0.002277 
26100.000000 -59.198250 -0.002268 
26200.000000 -58.298248 -0.002225 
26300.000000 -59.298233 -0.002255 
26400.000000 -58.998222 -0.002235 
26500.000000 -59.298218 -0.002238 
26600.000000 -59.198204 -0.002225 
26700.000000 -58.598183 -0.002195 
26800.000000 -58.598183 -0.002186 
26900.000000 -57.698181 -0.002145 
27000.000000 -57.798180 -0.002141 
27100.000000 -58.698166 -0.002166 
27200.000000 -58.598152 -0.002154 
27300.000000 -58.598152 -0.002146 
27400.000000 -58.898148 -0.002150 
27500.000000 -57.698135 -0.002098 
27600.000000 -56.798134 -0.002058 
27700.000000 -56.198128 -0.002029 
27800.000000 -56.298126 -0.002025 
27900.000000 -56.098114 -0.002011 
28000.000000 -56.598106 -0.002021 
28100.000000 -56.598106 -0.002014 
28200.000000 -56.698105 -0.002011 
28300.000000 -56.998100 -0.002014 
28400.000000 -56.198097 -0.001979 
28500.000000 -56.298096 -0.001975 
28600.000000 -55.598091 -0.001944 
28700.000000 -55.798088 -0.001944 
28800.000000 -55.898087 -0.001941 
28900.000000 -55.098083 -0.001907 
29000.000000 -54.498077 -0.001879 
29100.000000 -54.898071 -0.001887 
29200.000000 -53.998070 -0.001849 
29300.000000 -52.998070 -0.001809 
29400.000000 -52.098068 -0.001772 
29500.000000 -51.298065 -0.001739 
29600.000000 -50.598061 -0.001709 
29700.000000 -49.798058 -0.001677 
29800.000000 -51.998024 -0.001745 
29900.000000 -52.098007 -0.001742 
30000.000000 -52.598000 -0.001753 
30100.000000 -52.297989 -0.001737 
30200.000000 -51.397987 -0.001702 
30300.000000 -50.597984 -0.001670 
30400.000000 -49.697983 -0.001635 
30500.000000 -49.997978 -0.001639 
30600.000000 -48.597969 -0.001588 
30700.000000 -48.597969 -0.001583 
30800.000000 -48.597969 -0.001578 
30900.000000 -47.297958 -0.001531 
31000.000000 -46.397957 -0.001497 
31100.000000 -46.397957 -0.001492 
31200.000000 -46.397957 -0.001487 
31300.000000 -46.997948 -0.001502 
31400.000000 -46.197945 -0.001471 
31500.000000 -44.397942 -0.001409 
31600.000000 -44.397942 -0.001405 
31700.000000 -43.397942 -0.001369 
31800.000000 -43.497940 -0.001368 
31900.000000 -43.897934 -0.001376 
32000.000000 -42.897934 -0.001341 
32100.000000 -43.497925 -0.001355 
32200.000000 -44.997902 -0.001397 
32300.000000 -43.297897 -0.001340 
32400.000000 -43.797890 -0.001352 
32500.000000 -43.097885 -0.001326 
32600.000000 -43.197884 -0.001325 
32700.000000 -42.297882 -0.001294 
32800.000000 -42.297882 -0.001290 
32900.000000 -41.897873 -0.001273 
33000.000000 -42.497864 -0.001288 
33100.000000 -42.497864 -0.001284 
33200.000000 -42.497864 -0.001280 
33300.000000 -42.797859 -0.001285 
33400.000000 -40.997856 -0.001227 
33500.000000 -40.997856 -0.001224 
33600.000000 -41.197853 -0.001226 
33700.000000 -39.397850 -0.001169 
33800.000000 -39.397850 -0.001166 
33900.000000 -39.497849 -0.001165 
34000.000000 -39.397835 -0.001159 
34100.000000 -38.597832 -0.001132 
34200.000000 -39.497818 -0.001155 
34300.000000 -37.797813 -0.001102 
34400.000000 -36.297806 -0.001055 
34500.000000 -36.197792 -0.001049 
34600.000000 -35.497787 -0.001026 
34700.000000 -35.497787 -0.001023 
34800.000000 -34.997780 -0.001006 
34900.000000 -34.397774 -0.000986 
35000.000000 -34.697769 -0.000991 
35100.000000 -34.097763 -0.000971 
35200.000000 -33.197762 -0.000943 
35300.000000 -33.297760 -0.000943 
35400.000000 -32.797752 -0.000926 
35500.000000 -32.897736 -0.000927 
35600.000000 -32.297729 -0.000907 
35700.000000 -32.297729 -0.000905 
35800.000000 -31.497726 -0.000880 
35900.000000 -30.797728 -0.000858 
36000.000000 -30.597731 -0.000850 
36100.000000 -30.497734 -0.000845 
36200.000000 -30.497734 -0.000842 
36300.000000 -29.897736 -0.000824 
36400.000000 -30.097736 -0.000827 
36500.000000 -29.197737 -0.000800 
36600.000000 -28.797739 -0.000787 
36700.000000 -28.797739 -0.000785 
36800.000000 -28.797739 -0.000783 
36900.000000 -27.797739 -0.000753 
37000.000000 -27.797739 -0.000751 
37100.000000 -26.997740 -0.000728 
37200.000000 -26.997740 -0.000726 
37300.000000 -26.197741 -0.000702 
37400.000000 -26.697742 -0.000714 
37500.000000 -26.397745 -0.000704 
37600.000000 -25.997747 -0.000691 
37700.000000 -25.097748 -0.000666 
37800.000000 -25.097748 -0.000664 
37900.000000 -25.097748 -0.000662 
38000.000000 -23.397749 -0.000616 
38100.000000 -23.897751 -0.000627 
38200.000000 -23.997751 -0.000628 
38300.000000 -23.997751 -0.000627 
38400.000000 -23.797754 -0.000620 
38500.000000 -23.797754 -0.000618 
38600.000000 -23.097755 -0.000598 
38700.000000 -23.097755 -0.000597 
38800.000000 -22.597757 -0.000582 
38900.000000 -22.097759 -0.000568 
39000.000000 -22.097759 -0.000567 
39100.000000 -22.197760 -0.000568 
39200.000000 -21.297760 -0.000543 
39300.000000 -21.297760 -0.000542 
39400.000000 -21.097763 -0.000535 
39500.000000 -20.397764 -0.000516 
39600.000000 -20.497765 -0.000518 
39700.000000 -20.697765 -0.000521 
39800.000000 -19.897766 -0.000500 
39900.000000 -19.897766 -0.000499 
40000.000000 -19.897766 -0.000497 
40100.000000 -19.097767 -0.000476 
40200.000000 -19.197767 -0.000478 
40300.000000 -18.297768 -0.000454 
40400.000000 -18.397768 -0.000455 
40500.000000 -18.997770 -0.000469 
40600.000000 -18.197771 -0.000448 
40700.000000 -18.597773 -0.000457 
40800.000000 -17.597773 -0.000431 
40900.000000 -17.197775 -0.000420 
41000.000000 -15.697777 -0.000383 
41100.000000 -14.697777 -0.000358 
41200.000000 -14.697777 -0.000357 
41300.000000 -13.797777 -0.000334 
41400.000000 -12.797777 -0.000309 
41500.000000 -12.097778 -0.000292 
41600.000000 -11.497780 -0.000276 
41700.000000 -12.197783 -0.000293 
41800.000000 -11.497784 -0.000275 
41900.000000 -11.397787 -0.000272 
42000.000000 -11.497787 -0.000274 
42100.000000 -11.497787 -0.000273 
42200.000000 -10.697788 -0.000254 
42300.000000 -10.797789 -0.000255 
42400.000000 -9.197790 -0.000217 
42500.000000 -9.397791 -0.000221 
42600.000000 -8.897793 -0.000209 
42700.000000 -7.897793 -0.000185 
42800.000000 -6.897793 -0.000161 
42900.000000 -6.897793 -0.000161 
43000.000000 -6.097793 -0.000142 
43100.000000 -6.097793 -0.000141 
43200.000000 -5.097793 -0.000118 
43300.000000 -5.597792 -0.000129 
43400.000000 -4.797792 -0.000111 
43500.000000 -4.997792 -0.000115 
43600.000000 -5.197792 -0.000119 
43700.000000 -4.197792 -0.000096 
43800.000000 -3.597791 -0.000082 
43900.000000 -2.897791 -0.000066 
44000.000000 -1.997791 -0.000045 
44100.000000 -1.297791 -0.000029 
44200.000000 -1.297791 -0.000029 
44300.000000 -1.497791 -0.000034 
44400.000000 -1.197791 -0.000027 
44500.000000 -1.197791 -0.000027 
44600.000000 -1.397791 -0.000031 
44700.000000 -1.497791 -0.000034 
44800.000000 -0.897791 -0.000020 
44900.000000 0.002209 0.000000 
45000.000000 0.002209 0.000000 
45100.000000 0.402209 0.000009 
45200.000000 1.202209 0.000027 
45300.000000 1.202209 0.000027 
45400.000000 1.202209 0.000026 
45500.000000 0.502209 0.000011 
45600.000000 2.502209 0.000055 
45700.000000 2.502209 0.000055 
45800.000000 2.502209 0.000055 
45900.000000 2.502209 0.000055 
46000.000000 2.202209 0.000048 
46100.000000 3.202209 0.000069 
46200.000000 3.102209 0.000067 
46300.000000 3.102209 0.000067 
46400.000000 3.002209 0.000065 
46500.000000 2.802210 0.000060 
46600.000000 2.702210 0.000058 
46700.000000 3.502210 0.000075 
46800.000000 3.502210 0.000075 
46900.000000 4.102210 0.000087 
47000.000000 4.602211 0.000098 
47100.000000 4.602211 0.000098 
47200.000000 4.602211 0.000098 
47300.000000 4.602211 0.000097 
47400.000000 4.402211 0.000093 
47500.000000 6.002211 0.000126 
47600.000000 6.002211 0.000126 
47700.000000 7.002211 0.000147 
47800.000000 7.702211 0.000161 
47900.000000 7.702211 0.000161 
48000.000000 8.702211 0.000181 
48100.000000 8.702211 0.000181 
48200.000000 8.602211 0.000178 
48300.000000 9.402210 0.000195 
48400.000000 9.902208 0.000205 
48500.000000 10.002205 0.000206 
48600.000000 10.002205 0.000206 
48700.000000 10.002205 0.000205 
48800.000000 10.902205 0.000223 
48900.000000 11.802204 0.000241 
49000.000000 12.802204 0.000261 
49100.000000 12.802204 0.000261 
49200.000000 12.802204 0.000260 
49300.000000 14.502203 0.000294 
49400.000000 14.502203 0.000294 
49500.000000 14.502203 0.000293 
49600.000000 14.402203 0.000290 
49700.000000 14.402203 0.000290 
49800.000000 15.302202 0.000307 
49900.000000 15.302202 0.000307 
50000.000000 17.102201 0.000342 
50100.000000 17.102201 0.000341 
50200.000000 17.102201 0.000341 
50300.000000 17.102201 0.000340 
50400.000000 18.702200 0.000371 
50500.000000 19.502199 0.000386 
50600.000000 20.102198 0.000397 
50700.000000 20.002197 0.000395 
50800.000000 21.002197 0.000413 
50900.000000 21.002197 0.000413 
51000.000000 21.902197 0.000429 
51100.000000 21.902197 0.000429 
51200.000000 21.902197 0.000428 
51300.000000 21.902197 0.000427 
51400.000000 21.902197 0.000426 
51500.000000 21.802197 0.000423 
51600.000000 22.602196 0.000438 
51700.000000 23.202194 0.000449 
51800.000000 24.202194 0.000467 
51900.000000 24.702192 0.000476 
52000.000000 25.702192 0.000494 
52100.000000 25.602192 0.000491 
52200.000000 26.602192 0.000510 
52300.000000 27.602192 0.000528 
52400.000000 27.502192 0.000525 
52500.000000 28.502192 0.000543 
52600.000000 28.502192 0.000542 
52700.000000 28.502192 0.000541 
52800.000000 29.202190 0.000553 
52900.000000 29.002190 0.000548 
53000.000000 29.002190 0.000547 
53100.000000 29.802189 0.000561 
53200.000000 30.702188 0.000577 
53300.000000 31.702188 0.000595 
53400.000000 32.102192 0.000601 
53500.000000 33.002193 0.000617 
53600.000000 34.002193 0.000634 
53700.000000 34.002193 0.000633 
53800.000000 34.902195 0.000649 
53900.000000 34.902195 0.000648 
54000.000000 35.802197 0.000663 
54100.000000 36.702198 0.000678 
54200.000000 37.602200 0.000694 
54300.000000 38.402203 0.000707 
54400.000000 38.402203 0.000706 
54500.000000 38.302204 0.000703 
54600.000000 41.202206 0.000755 
54700.000000 41.202206 0.000753 
54800.000000 41.202206 0.000752 
54900.000000 41.702213 0.000760 
55000.000000 43.502216 0.000791 
55100.000000 43.502216 0.000790 
55200.000000 44.502216 0.000806 
55300.000000 45.402218 0.000821 
55400.000000 46.202221 0.000834 
55500.000000 46.002224 0.000829 
55600.000000 46.002224 0.000827 
55700.000000 45.902225 0.000824 
55800.000000 45.902225 0.000823 
55900.000000 47.702229 0.000853 
56000.000000 47.702229 0.000852 
56100.000000 47.202236 0.000841 
56200.000000 48.202236 0.000858 
56300.000000 47.902241 0.000851 
56400.000000 48.502247 0.000860 
56500.000000 49.002254 0.000867 
56600.000000 49.502262 0.000875 
56700.000000 50.302265 0.000887 
56800.000000 52.102268 0.000917 
56900.000000 53.102268 0.000933 
57000.000000 53.102268 0.000932 
57100.000000 53.402279 0.000935 
57200.000000 54.302280 0.000949 
57300.000000 55.202282 0.000963 
57400.000000 56.102283 0.000977 
57500.000000 58.002285 0.001009 
57600.000000 58.002285 0.001007 
57700.000000 58.002285 0.001005 
57800.000000 58.002285 0.001003 
57900.000000 57.602291 0.000995 
58000.000000 59.002300 0.001017 
58100.000000 59.902302 0.001031 
58200.000000 60.902302 0.001046 
58300.000000 60.902302 0.001045 
58400.000000 60.902302 0.001043 
58500.000000 61.802303 0.001056 
58600.000000 61.802303 0.001055 
58700.000000 61.802303 0.001053 
58800.000000 62.802303 0.001068 
58900.000000 62.102314 0.001054 
59000.000000 63.702320 0.001080 
59100.000000 63.702320 0.001078 
59200.000000 64.702316 0.001093 
59300.000000 65.402321 0.001103 
59400.000000 66.202324 0.001115 
59500.000000 68.002327 0.001143 
59600.000000 68.602333 0.001151 
59700.000000 68.602333 0.001149 
59800.000000 69.502335 0.001162 
59900.000000 70.202339 0.001172 
60000.000000 70.202339 0.001170 
60100.000000 70.202339 0.001168 
60200.000000 69.902344 0.001161 
60300.000000 70.802345 0.001174 
60400.000000 71.402351 0.001182 
60500.000000 71.402351 0.001180 
60600.000000 72.402351 0.001195 
60700.000000 72.402351 0.001193 
60800.000000 72.402351 0.001191 
60900.000000 74.402351 0.001222 
61000.000000 75.402351 0.001236 
61100.000000 77.302353 0.001265 
61200.000000 78.202354 0.001278 
61300.000000 79.202354 0.001292 
61400.000000 81.102356 0.001321 
61500.000000 81.102356 0.001319 
61600.000000 80.802361 0.001312 
61700.000000 81.302368 0.001318 
61800.000000 83.102371 0.001345 
61900.000000 84.002373 0.001357 
62000.000000 85.902374 0.001386 
62100.000000 86.802376 0.001398 
62200.000000 87.702377 0.001410 
62300.000000 87.602379 0.001406 
62400.000000 89.402382 0.001433 
62500.000000 91.402382 0.001462 
62600.000000 91.102386 0.001455 
62700.000000 92.502396 0.001475 
62800.000000 93.502396 0.001489 
62900.000000 95.202400 0.001514 
63000.000000 98.002403 0.001556 
63100.000000 99.502411 0.001577 
63200.000000 102.202415 0.001617 
63300.000000 103.902420 0.001641 
63400.000000 105.902420 0.001670 
63500.000000 108.702423 0.001712 
63600.000000 110.502426 0.001737 
63700.000000 112.202431 0.001761 
63800.000000 114.002434 0.001787 
63900.000000 118.002434 0.001847 
64000.000000 120.802437 0.001888 
64100.000000 122.602440 0.001913 
64200.000000 125.402443 0.001953 
64300.000000 127.402443 0.001981 
64400.000000 129.302444 0.002008 
64500.000000 131.102432 0.002033 
64600.000000 134.002426 0.002074 
64700.000000 136.602402 0.002111 
64800.000000 139.502396 0.002153 
64900.000000 141.402390 0.002179 
65000.000000 144.302383 0.002220 
65100.000000 146.102371 0.002244 
65200.000000 149.902359 0.002299 
65300.000000 152.902359 0.002342 
65400.000000 154.902359 0.002369 
65500.000000 156.802353 0.002394 
65600.000000 159.702347 0.002434 
65700.000000 162.502335 0.002473 
65800.000000 164.102310 0.002494 
65900.000000 165.002243 0.002504 
66000.000000 165.602219 0.002509 
66100.000000 167.302200 0.002531 
66200.000000 170.302200 0.002573 
66300.000000 171.202194 0.002582 
66400.000000 173.102188 0.002607 
66500.000000 175.602158 0.002641 
66600.000000 177.402145 0.002664 
66700.000000 180.202133 0.002702 
66800.000000 182.002121 0.002725 
66900.000000 184.002121 0.002750 
67000.000000 185.902115 0.002775 
67100.000000 186.802109 0.002784 
67200.000000 189.702103 0.002823 
67300.000000 191.302078 0.002843 
67400.000000 193.102066 0.002865 
67500.000000 196.102066 0.002905 
67600.000000 197.202011 0.002917 
67700.000000 199.901993 0.002953 
67800.000000 199.901993 0.002948 
67900.000000 202.701981 0.002985 
68000.000000 205.301956 0.003019 
68100.000000 207.501907 0.003047 
68200.000000 207.301895 0.003040 
68300.000000 210.201889 0.003078 
68400.000000 212.201889 0.003102 
68500.000000 214.801865 0.003136 
68600.000000 216.801865 0.003160 
68700.000000 219.601852 0.003197 
68800.000000 220.501846 0.003205 
68900.000000 222.101822 0.003224 
69000.000000 223.001755 0.003232 
69100.000000 224.501724 0.003249 
69200.000000 226.001694 0.003266 
69300.000000 228.901688 0.003303 
69400.000000 231.801682 0.003340 
69500.000000 234.801682 0.003378 
69600.000000 237.201645 0.003408 
69700.000000 239.601608 0.003438 
69800.000000 241.301590 0.003457 
69900.000000 242.901566 0.003475 
70000.000000 243.601547 0.003480 
70100.000000 246.301529 0.003514 
70200.000000 249.201523 0.003550 
70300.000000 252.101517 0.003586 
70400.000000 254.701492 0.003618 
70500.000000 257.201447 0.003648 
70600.000000 259.201447 0.003671 
70700.000000 261.101440 0.003693 
70800.000000 262.801422 0.003712 
70900.000000 264.501404 0.003731 
71000.000000 266.401398 0.003752 
71100.000000 269.001373 0.003783 
71200.000000 271.001373 0.003806 
71300.000000 273.401337 0.003835 
71400.000000 275.401337 0.003857 
71500.000000 278.201324 0.003891 
71600.000000 280.001312 0.003911 
71700.000000 282.801300 0.003944 
71800.000000 284.601288 0.003964 
71900.000000 286.601288 0.003986 
72000.000000 289.401276 0.004019 
72100.000000 291.401276 0.004042 
72200.000000 294.401276 0.004078 
72300.000000 297.101257 0.004109 
72400.000000 298.101257 0.004117 
72500.000000 301.001251 0.004152 
72600.000000 302.901245 0.004172 
72700.000000 304.501221 0.004188 
72800.000000 307.401215 0.004223 
72900.000000 310.301208 0.004257 
73000.000000 313.101196 0.004289 
73100.000000 315.001190 0.004309 
73200.000000 317.901184 0.004343 
73300.000000 319.801178 0.004363 
73400.000000 324.501160 0.004421 
73500.000000 326.401154 0.004441 
73600.000000 329.201141 0.004473 
73700.000000 331.101135 0.004493 
73800.000000 334.101135 0.004527 
73900.000000 337.001129 0.004560 
74000.000000 338.601105 0.004576 
74100.000000 341.401093 0.004607 
74200.000000 343.301086 0.004627 
74300.000000 344.701050 0.004639 
74400.000000 346.601044 0.004659 
74500.000000 347.401031 0.004663 
74600.000000 350.301025 0.004696 
74700.000000 352.901001 0.004724 
74800.000000 356.901001 0.004771 
74900.000000 359.700989 0.004802 
75000.000000 362.500977 0.004833 
75100.000000 366.300964 0.004878 
75200.000000 366.700928 0.004876 
75300.000000 370.400909 0.004919 
75400.000000 372.100891 0.004935 
75500.000000 373.600861 0.004948 
75600.000000 376.600861 0.004981 
75700.000000 379.500854 0.005013 
75800.000000 380.400848 0.005018 
75900.000000 382.400848 0.005038 
76000.000000 385.200836 0.005068 
76100.000000 387.000824 0.005085 
76200.000000 390.900818 0.005130 
76300.000000 392.400787 0.005143 
76400.000000 395.200775 0.005173 
76500.000000 398.200775 0.005205 
76600.000000 399.100769 0.005210 
76700.000000 403.100769 0.005256 
76800.000000 405.700745 0.005283 
76900.000000 408.700745 0.005315 
77000.000000 411.600739 0.005345 
77100.000000 414.100708 0.005371 
77200.000000 416.100708 0.005390 
77300.000000 417.900696 0.005406 
77400.000000 420.700684 0.005435 
77500.000000 423.500671 0.005465 
77600.000000 427.500671 0.005509 
77700.000000 430.200653 0.005537 
77800.000000 432.200653 0.005555 
77900.000000 435.200653 0.005587 
78000.000000 437.200653 0.005605 
78100.000000 440.000641 0.005634 
78200.000000 443.000641 0.005665 
78300.000000 446.800629 0.005706 
78400.000000 449.600616 0.005735 
78500.000000 451.200592 0.005748 
78600.000000 453.600555 0.005771 
78700.000000 456.600555 0.005802 
78800.000000 458.600555 0.005820 
78900.000000 461.300537 0.005847 
79000.000000 462.800507 0.005858 
79100.000000 467.700500 0.005913 
79200.000000 469.500488 0.005928 
79300.000000 472.500488 0.005958 
79400.000000 474.400482 0.005975 
79500.000000 476.400482 0.005992 
79600.000000 479.300476 0.006021 
79700.000000 481.200470 0.006038 
79800.000000 484.200470 0.006068 
79900.000000 487.100464 0.006096 
80000.000000 491.100464 0.006139 
80100.000000 493.100464 0.006156 
80200.000000 495.700439 0.006181 
80300.000000 497.200409 0.006192 
80400.000000 500.000397 0.006219 
80500.000000 502.600372 0.006243 
80600.000000 504.200348 0.006256 
80700.000000 505.800323 0.006268 
80800.000000 508.800323 0.006297 
80900.000000 511.800323 0.006326 
81000.000000 515.700317 0.006367 
81100.000000 516.300415 0.006366 
81200.000000 519.300415 0.006395 
81300.000000 522.200439 0.006423 
81400.000000 524.100464 0.006439 
81500.000000 525.100464 0.006443 
81600.000000 526.900513 0.006457 
81700.000000 527.500610 0.006457 
81800.000000 530.100708 0.006480 
81900.000000 532.900757 0.006507 
82000.000000 535.900757 0.006535 
82100.000000 538.500854 0.006559 
82200.000000 540.400879 0.006574 
82300.000000 542.200928 0.006588 
82400.000000 544.100952 0.006603 
82500.000000 547.100952 0.006632 
82600.000000 551.000977 0.006671 
82700.000000 553.901001 0.006698 
82800.000000 556.901001 0.006726 
82900.000000 558.901001 0.006742 
83000.000000 561.701050 0.006767 
83100.000000 564.501099 0.006793 
83200.000000 566.301147 0.006807 
83300.000000 569.001221 0.006831 
83400.000000 571.801270 0.006856 
83500.000000 574.601318 0.006881 
83600.000000 577.301392 0.006906 
83700.000000 580.301392 0.006933 
83800.000000 583.201416 0.006959 
83900.000000 584.901489 0.006971 
84000.000000 586.701538 0.006985 
84100.000000 588.701538 0.007000 
84200.000000 591.701538 0.007027 
84300.000000 594.701538 0.007055 
84400.000000 596.401611 0.007066 
84500.000000 600.401611 0.007105 
84600.000000 602.201660 0.007118 
84700.000000 604.001709 0.007131 
84800.000000 607.001709 0.007158 
84900.000000 609.901733 0.007184 
85000.000000 612.801758 0.007209 
85100.000000 614.601807 0.007222 
85200.000000 617.501831 0.007248 
85300.000000 619.401855 0.007261 
85400.000000 622.401855 0.007288 
85500.000000 625.401855 0.007315 
85600.000000 628.401855 0.007341 
85700.000000 631.301880 0.007366 
85800.000000 634.101929 0.007390 
85900.000000 637.702026 0.007424 
86000.000000 639.202148 0.007433 
86100.000000 642.102173 0.007458 
86200.000000 645.002197 0.007483 
86300.000000 647.002197 0.007497 
86400.000000 649.002197 0.007512 
86500.000000 651.002197 0.007526 
86600.000000 654.802246 0.007561 
86700.000000 657.802246 0.007587 
86800.000000 660.702271 0.007612 
86900.000000 662.502319 0.007624 
87000.000000 664.402344 0.007637 
87100.000000 667.302368 0.007661 
87200.000000 670.102417 0.007685 
87300.000000 674.002441 0.007721 
87400.000000 676.902466 0.007745 
87500.000000 680.802490 0.007781 
87600.000000 683.702515 0.007805 
87700.000000 685.702515 0.007819 
87800.000000 688.502563 0.007842 
87900.000000 690.502563 0.007856 
88000.000000 692.202637 0.007866 
88100.000000 694.102661 0.007879 
88200.000000 697.002686 0.007903 
88300.000000 699.702759 0.007924 
88400.000000 701.702759 0.007938 
88500.000000 705.702759 0.007974 
88600.000000 708.702759 0.007999 
88700.000000 711.602783 0.008023 
88800.000000 713.602783 0.008036 
88900.000000 715.102905 0.008044 
89000.000000 716.902954 0.008055 
89100.000000 719.802979 0.008079 
89200.000000 722.802979 0.008103 
89300.000000 726.802979 0.008139 
89400.000000 728.802979 0.008152 
89500.000000 731.703003 0.008175 
89600.000000 732.603027 0.008176 
89700.000000 735.503052 0.008200 
89800.000000 737.203125 0.008209 
89900.000000 740.103149 0.008233 
90000.000000 743.103149 0.008257 
90100.000000 744.003174 0.008258 
90200.000000 746.903198 0.008281 
90300.000000 748.603271 0.008290 
90400.000000 749.503296 0.008291 
90500.000000 751.503296 0.008304 
90600.000000 753.403320 0.008316 
90700.000000 756.403320 0.008340 
90800.000000 758.903442 0.008358 
90900.000000 762.803467 0.008392 
91000.000000 764.403564 0.008400 
91100.000000 768.303589 0.008434 
91200.000000 769.503784 0.008438 
91300.000000 771.403809 0.008449 
91400.000000 774.403809 0.008473 
91500.000000 776.303833 0.008484 
91600.000000 780.003906 0.008515 
91700.000000 782.604004 0.008534 
91800.000000 787.504028 0.008578 
91900.000000 790.504028 0.008602 
92000.000000 793.304077 0.008623 
92100.000000 797.304077 0.008657 
92200.000000 799.304077 0.008669 
92300.000000 802.204102 0.008691 
92400.000000 805.004150 0.008712 
92500.000000 807.504272 0.008730 
92600.000000 810.304321 0.008751 
92700.000000 813.104370 0.008771 
92800.000000 816.104370 0.008794 
92900.000000 817.904419 0.008804 
93000.000000 819.704468 0.008814 
93100.000000 821.504517 0.008824 
93200.000000 823.504517 0.008836 
93300.000000 827.504517 0.008869 
93400.000000 829.304565 0.008879 
93500.000000 832.004639 0.008898 
93600.000000 835.004639 0.008921 
93700.000000 838.004639 0.008943 
93800.000000 841.904663 0.008976 
93900.000000 843.904663 0.008987 
94000.000000 845.904663 0.008999 
94100.000000 848.704712 0.009019 
94200.000000 852.704712 0.009052 
94300.000000 855.704712 0.009074 
94400.000000 858.704712 0.009096 
94500.000000 860.704712 0.009108 
94600.000000 862.704712 0.009120 
94700.000000 865.604736 0.009140 
94800.000000 867.504761 0.009151 
94900.000000 870.304810 0.009171 
95000.000000 871.904907 0.009178 
95100.000000 874.604980 0.009197 
95200.000000 878.305054 0.009226 
95300.000000 881.205078 0.009247 
95400.000000 884.905151 0.009276 
95500.000000 886.805176 0.009286 
95600.000000 889.805176 0.009308 
95700.000000 891.805176 0.009319 
95800.000000 893.805176 0.009330 
95900.000000 895.805176 0.009341 
96000.000000 897.805176 0.009352 
96100.000000 901.805176 0.009384 
96200.000000 904.705200 0.009404 
96300.000000 906.705200 0.009415 
96400.000000 909.705200 0.009437 
96500.000000 913.605225 0.009467 
96600.000000 915.605225 0.009478 
96700.000000 918.505249 0.009499 
96800.000000 920.005371 0.009504 
96900.000000 920.905396 0.009504 
97000.000000 922.805420 0.009513 
97100.000000 923.605469 0.009512 
97200.000000 927.605469 0.009543 
97300.000000 929.505493 0.009553 
97400.000000 932.505493 0.009574 
97500.000000 935.405518 0.009594 
97600.000000 937.405518 0.009605 
97700.000000 940.405518 0.009625 
97800.000000 943.205566 0.009644 
97900.000000 947.205566 0.009675 
98000.000000 950.205566 0.009696 
98100.000000 953.105591 0.009716 
98200.000000 956.705688 0.009742 
98300.000000 959.705688 0.009763 
98400.000000 962.405762 0.009781 
98500.000000 964.105835 0.009788 
98600.000000 966.905884 0.009806 
98700.000000 968.805908 0.009816 
98800.000000 971.705933 0.009835 
98900.000000 974.605957 0.009854 
99000.000000 976.406006 0.009863 
99100.000000 979.006104 0.009879 
99200.000000 982.906128 0.009908 
99300.000000 984.906128 0.009918 
99400.000000 985.806152 0.009918 
99500.000000 988.806152 0.009938 
99600.000000 991.706177 0.009957 
99700.000000 996.606201 0.009996 
99800.000000 997.906372 0.009999 
99900.000000 1001.606445 0.010026 
100000.000000 1004.606445 0.010046 
100100.000000 1005.606445 0.010046 
100200.000000 1007.606445 0.010056 
100300.000000 1010.506470 0.010075 
100400.000000 1013.506470 0.010095 
100500.000000 1016.506470 0.010114 
100600.000000 1018.306519 0.010122 
100700.000000 1021.106567 0.010140 
100800.000000 1024.006592 0.010159 
100900.000000 1026.006592 0.010169 
101000.000000 1027.006592 0.010168 
101100.000000 1027.706665 0.010165 
101200.000000 1029.506714 0.010173 
101300.000000 1031.506714 0.010183 
101400.000000 1033.406738 0.010191 
101500.000000 1035.306763 0.010200 
101600.000000 1036.206787 0.010199 
101700.000000 1036.807129 0.010195 
101800.000000 1038.207275 0.010199 
101900.000000 1039.007324 0.010196 
102000.000000 1041.907349 0.010215 
102100.000000 1044.407471 0.010229 
102200.000000 1047.107544 0.010246 
102300.000000 1050.007568 0.010264 
102400.000000 1053.007568 0.010283 
102500.000000 1055.907593 0.010302 
102600.000000 1058.807617 0.010320 
102700.000000 1060.507690 0.010326 
102800.000000 1063.507690 0.010345 
102900.000000 1067.507690 0.010374 
103000.000000 1070.407715 0.010392 
103100.000000 1073.407715 0.010411 
103200.000000 1075.007812 0.010417 
103300.000000 1076.807861 0.010424 
103400.000000 1078.807861 0.010433 
103500.000000 1081.707886 0.010451 
103600.000000 1084.707886 0.010470 
103700.000000 1088.607910 0.010498 
103800.000000 1090.607910 0.010507 
103900.000000 1094.607910 0.010535 
104000.000000 1097.607910 0.010554 
104100.000000 1100.607910 0.010573 
104200.000000 1103.607910 0.010591 
104300.000000 1104.507935 0.010590 
104400.000000 1106.307983 0.010597 
104500.000000 1107.208008 0.010595 
104600.000000 1111.108032 0.010622 
104700.000000 1113.908081 0.010639 
104800.000000 1116.908081 0.010658 
104900.000000 1119.808105 0.010675 
105000.000000 1122.608154 0.010692 
105100.000000 1125.608154 0.010710 
105200.000000 1128.608154 0.010728 
105300.000000 1131.608154 0.010747 
105400.000000 1133.508179 0.010754 
105500.000000 1134.408203 0.010753 
105600.000000 1138.408203 0.010780 
105700.000000 1139.308228 0.010779 
105800.000000 1141.308228 0.010787 
105900.000000 1143.308228 0.010796 
106000.000000 1145.308228 0.010805 
106100.000000 1147.908325 0.010819 
106200.000000 1150.908325 0.010837 
106300.000000 1152.808350 0.010845 
106400.000000 1155.808350 0.010863 
106500.000000 1157.808350 0.010871 
106600.000000 1159.808350 0.010880 
106700.000000 1163.708374 0.010906 
106800.000000 1165.608398 0.010914 
106900.000000 1168.508423 0.010931 
107000.000000 1171.508423 0.010949 
107100.000000 1173.508423 0.010957 
107200.000000 1175.208496 0.010963 
107300.000000 1177.008545 0.010969 
107400.000000 1181.008545 0.010996 
107500.000000 1184.008545 0.011014 
107600.000000 1184.708618 0.011010 
107700.000000 1187.708618 0.011028 
107800.000000 1190.608643 0.011045 
107900.000000 1193.408691 0.011060 
108000.000000 1195.408691 0.011069 
108100.000000 1197.408691 0.011077 
108200.000000 1199.308716 0.011084 
108300.000000 1202.308716 0.011102 
108400.000000 1204.308716 0.011110 
108500.000000 1208.308716 0.011136 
108600.000000 1213.208740 0.011171 
108700.000000 1215.908813 0.011186 
108800.000000 1218.808838 0.011202 
108900.000000 1219.608887 0.011199 
109000.000000 1221.408936 0.011206 
109100.000000 1225.308960 0.011231 
109200.000000 1226.308960 0.011230 
109300.000000 1230.308960 0.011256 
109400.000000 1233.208984 0.011272 
109500.000000 1236.109009 0.011289 
109600.000000 1239.109009 0.011306 
109700.000000 1240.909058 0.011312 
109800.000000 1243.709106 0.011327 
109900.000000 1245.709106 0.011335 
110000.000000 1247.709106 0.011343 
110100.000000 1249.609131 0.011350 
110200.000000 1252.309204 0.011364 
110300.000000 1254.309204 0.011372 
110400.000000 1256.209229 0.011379 
110500.000000 1258.109253 0.011386 
110600.000000 1261.009277 0.011402 
110700.000000 1262.809326 0.011407 
110800.000000 1264.709351 0.011414 
110900.000000 1264.509399 0.011402 
111000.000000 1265.009521 0.011396 
111100.000000 1266.309692 0.011398 
111200.000000 1267.409912 0.011398 
111300.000000 1271.309937 0.011422 
111400.000000 1273.209961 0.011429 
111500.000000 1274.109985 0.011427 
111600.000000 1275.109985 0.011426 
111700.000000 1276.109985 0.011424 
111800.000000 1276.810059 0.011420 
111900.000000 1279.510132 0.011434 
112000.000000 1280.410156 0.011432 
112100.000000 1282.410156 0.011440 
112200.000000 1284.410156 0.011448 
112300.000000 1285.210205 0.011444 
112400.000000 1285.910278 0.011440 
112500.000000 1286.610352 0.011437 
112600.000000 1288.510376 0.011443 
112700.000000 1291.510376 0.011460 
112800.000000 1294.510376 0.011476 
112900.000000 1296.510376 0.011484 
113000.000000 1299.510376 0.011500 
113100.000000 1302.410400 0.011516 
113200.000000 1305.310425 0.011531 
113300.000000 1308.310425 0.011547 
113400.000000 1311.210449 0.011563 
113500.000000 1314.110474 0.011578 
113600.000000 1316.710571 0.011591 
113700.000000 1318.710571 0.011598 
113800.000000 1320.510620 0.011604 
113900.000000 1322.110718 0.011608 
114000.000000 1323.910767 0.011613 
114100.000000 1326.910767 0.011629 
114200.000000 1330.910767 0.011654 
114300.000000 1332.610840 0.011659 
114400.000000 1335.510864 0.011674 
114500.000000 1337.410889 0.011680 
114600.000000 1340.410889 0.011696 
114700.000000 1343.110962 0.011710 
114800.000000 1344.010986 0.011707 
114900.000000 1347.811035 0.011730 
115000.000000 1348.711060 0.011728 
115100.000000 1349.211182 0.011722 
115200.000000 1350.811279 0.011726 
115300.000000 1353.211426 0.011736 
115400.000000 1353.411621 0.011728 
115500.000000 1355.111694 0.011733 
115600.000000 1357.111694 0.011740 
115700.000000 1361.111694 0.011764 
115800.000000 1364.011719 0.011779 
115900.000000 1367.011719 0.011795 
116000.000000 1368.911743 0.011801 
116100.000000 1370.911743 0.011808 
116200.000000 1372.911743 0.011815 
116300.000000 1373.611816 0.011811 
116400.000000 1378.611816 0.011844 
116500.000000 1381.611816 0.011859 
116600.000000 1384.511841 0.011874 
116700.000000 1385.411865 0.011872 
116800.000000 1387.411865 0.011879 
116900.000000 1391.311890 0.011902 
117000.000000 1393.111938 0.011907 
117100.000000 1396.111938 0.011922 
117200.000000 1397.111938 0.011921 
117300.000000 1400.011963 0.011935 
117400.000000 1401.011963 0.011934 
117500.000000 1401.812012 0.011930 
117600.000000 1403.512085 0.011935 
117700.000000 1406.312134 0.011948 
117800.000000 1408.312134 0.011955 
117900.000000 1411.212158 0.011970 
118000.000000 1414.112183 0.011984 
118100.000000 1416.912231 0.011998 
118200.000000 1417.912231 0.011996 
118300.000000 1419.612305 0.012000 
118400.000000 1422.612305 0.012015 
118500.000000 1424.212402 0.012019 
118600.000000 1424.012451 0.012007 
118700.000000 1425.912476 0.012013 
118800.000000 1428.612549 0.012025 
118900.000000 1430.412598 0.012030 
119000.000000 1432.412598 0.012037 
119100.000000 1435.412598 0.012052 
119200.000000 1435.412598 0.012042 
119300.000000 1436.412598 0.012040 
119400.000000 1438.412598 0.012047 
119500.000000 1441.012695 0.012059 
119600.000000 1441.912720 0.012056 
119700.000000 1442.812744 0.012054 
119800.000000 1442.912964 0.012044 
119900.000000 1445.613037 0.012057 
120000.000000 1448.413086 0.012070 
120100.000000 1451.313110 0.012084 
120200.000000 1454.113159 0.012097 
120300.000000 1456.613281 0.012108 
120400.000000 1457.413574 0.012105 
120500.000000 1459.413574 0.012111 
120600.000000 1463.313599 0.012134 
120700.000000 1465.313599 0.012140 
120800.000000 1468.313599 0.012155 
120900.000000 1472.313599 0.012178 
121000.000000 1475.313599 0.012193 
121100.000000 1479.313599 0.012216 
121200.000000 1483.313599 0.012239 
121300.000000 1485.313599 0.012245 
121400.000000 1489.313599 0.012268 
121500.000000 1492.313599 0.012282 
121600.000000 1495.213623 0.012296 
121700.000000 1496.913696 0.012300 
121800.000000 1499.913696 0.012315 
121900.000000 1502.813721 0.012328 
122000.000000 1504.813721 0.012335 
122100.000000 1508.713745 0.012356 
122200.000000 1511.613770 0.012370 
122300.000000 1514.413818 0.012383 
122400.000000 1515.413818 0.012381 
122500.000000 1516.413818 0.012379 
122600.000000 1517.113892 0.012375 
122700.000000 1518.113892 0.012373 
122800.000000 1521.113892 0.012387 
122900.000000 1524.113892 0.012401 
123000.000000 1526.113892 0.012407 
123100.000000 1528.713989 0.012418 
123200.000000 1530.713989 0.012425 
123300.000000 1533.713989 0.012439 
123400.000000 1534.713989 0.012437 
123500.000000 1534.214111 0.012423 
123600.000000 1535.114136 0.012420 
123700.000000 1539.114136 0.012442 
123800.000000 1542.114136 0.012456 
123900.000000 1543.914185 0.012461 
124000.000000 1545.814209 0.012466 
124100.000000 1546.814209 0.012464 
124200.000000 1549.814209 0.012478 
124300.000000 1552.714233 0.012492 
124400.000000 1555.714233 0.012506 
124500.000000 1557.714233 0.012512 
124600.000000 1560.614258 0.012525 
124700.000000 1562.414307 0.012529 
124800.000000 1566.414307 0.012551 
124900.000000 1569.414307 0.012565 
125000.000000 1573.314331 0.012587 
125100.000000 1576.314331 0.012600 
125200.000000 1579.314331 0.012614 
125300.000000 1583.314331 0.012636 
125400.000000 1585.314331 0.012642 
125500.000000 1589.214355 0.012663 
125600.000000 1591.014404 0.012667 
125700.000000 1593.014404 0.012673 
125800.000000 1596.014404 0.012687 
125900.000000 1600.014404 0.012709 
126000.000000 1602.014404 0.012714 
126100.000000 1604.914429 0.012727 
126200.000000 1608.814453 0.012748 
126300.000000 1611.814453 0.012762 
126400.000000 1615.714478 0.012783 
126500.000000 1618.714478 0.012796 
126600.000000 1619.714478 0.012794 
126700.000000 1621.714478 0.012800 
126800.000000 1623.714478 0.012805 
126900.000000 1625.414551 0.012809 
127000.000000 1628.314575 0.012821 
127100.000000 1629.314575 0.012819 
127200.000000 1632.314575 0.012833 
127300.000000 1633.114624 0.012829 
127400.000000 1635.114624 0.012834 
127500.000000 1635.914673 0.012831 
127600.000000 1636.814697 0.012828 
127700.000000 1638.814697 0.012833 
127800.000000 1642.714722 0.012854 
127900.000000 1644.714722 0.012859 
128000.000000 1647.714722 0.012873 
128100.000000 1650.714722 0.012886 
128200.000000 1652.614746 0.012891 
128300.000000 1653.614746 0.012889 
128400.000000 1656.514771 0.012901 
128500.000000 1658.514771 0.012907 
128600.000000 1660.514771 0.012912 
128700.000000 1662.514771 0.012918 
128800.000000 1665.314819 0.012929 
128900.000000 1668.314819 0.012943 
129000.000000 1672.314819 0.012964 
129100.000000 1674.214844 0.012968 
129200.000000 1675.114868 0.012965 
129300.000000 1678.114868 0.012978 
129400.000000 1681.014893 0.012991 
129500.000000 1682.014893 0.012989 
129600.000000 1685.014893 0.013002 
129700.000000 1687.014893 0.013007 
129800.000000 1689.014893 0.013012 
129900.000000 1691.014893 0.013018 
130000.000000 1695.014893 0.013039 
130100.000000 1698.914917 0.013059 
130200.000000 1700.814941 0.013063 
130300.000000 1701.814941 0.013061 
130400.000000 1702.714966 0.013058 
130500.000000 1704.614990 0.013062 
130600.000000 1705.415039 0.013058 
130700.000000 1707.415039 0.013064 
130800.000000 1709.415039 0.013069 
130900.000000 1710.315063 0.013066 
131000.000000 1710.915161 0.013060 
131100.000000 1710.815186 0.013050 
131200.000000 1710.315308 0.013036 
131300.000000 1710.215332 0.013025 
131400.000000 1711.215332 0.013023 
131500.000000 1712.515503 0.013023 
131600.000000 1714.515503 0.013028 
131700.000000 1717.315552 0.013040 
131800.000000 1720.115601 0.013051 
131900.000000 1722.915649 0.013062 
132000.000000 1723.915649 0.013060 
132100.000000 1724.715698 0.013056 
132200.000000 1728.615723 0.013076 
132300.000000 1730.315796 0.013079 
132400.000000 1731.215820 0.013076 
132500.000000 1733.015869 0.013079 
132600.000000 1736.015869 0.013092 
132700.000000 1738.015869 0.013097 
132800.000000 1741.015869 0.013110 
132900.000000 1745.015869 0.013130 
133000.000000 1748.015869 0.013143 
133100.000000 1753.015869 0.013171 
133200.000000 1756.015869 0.013183 
133300.000000 1757.915894 0.013188 
133400.000000 1760.915894 0.013200 
133500.000000 1763.815918 0.013212 
133600.000000 1766.715942 0.013224 
133700.000000 1768.715942 0.013229 
133800.000000 1770.515991 0.013233 
133900.000000 1771.216064 0.013228 
134000.000000 1773.216064 0.013233 
134100.000000 1775.216064 0.013238 
134200.000000 1777.116089 0.013242 
134300.000000 1778.916138 0.013246 
134400.000000 1779.516235 0.013240 
134500.000000 1780.316284 0.013237 
134600.000000 1782.216309 0.013241 
134700.000000 1785.216309 0.013253 
134800.000000 1788.216309 0.013266 
134900.000000 1790.216309 0.013271 
135000.000000 1793.216309 0.013283 
135100.000000 1793.216309 0.013273 
135200.000000 1794.416504 0.013272 
135300.000000 1796.316772 0.013277 
135400.000000 1798.216797 0.013281 
135500.000000 1799.916870 0.013284 
135600.000000 1801.816895 0.013288 
135700.000000 1804.716919 0.013299 
135800.000000 1806.616943 0.013304 
135900.000000 1810.616943 0.013323 
136000.000000 1813.616943 0.013335 
136100.000000 1816.616943 0.013348 
136200.000000 1819.516968 0.013359 
136300.000000 1821.516968 0.013364 
136400.000000 1822.516968 0.013362 
136500.000000 1825.516968 0.013374 
136600.000000 1828.317017 0.013384 
136700.000000 1831.217041 0.013396 
136800.000000 1834.217041 0.013408 
136900.000000 1837.217041 0.013420 
137000.000000 1838.217041 0.013418 
137100.000000 1840.117065 0.013422 
137200.000000 1844.017090 0.013440 
137300.000000 1846.917114 0.013452 
137400.000000 1849.917114 0.013464 
137500.000000 1850.917114 0.013461 
137600.000000 1852.717163 0.013465 
137700.000000 1856.617188 0.013483 
137800.000000 1857.217285 0.013478 
137900.000000 1861.217285 0.013497 
138000.000000 1865.217285 0.013516 
138100.000000 1869.217285 0.013535 
138200.000000 1871.117310 0.013539 
138300.000000 1875.017334 0.013558 
138400.000000 1879.017334 0.013577 
138500.000000 1883.017334 0.013596 
138600.000000 1886.017334 0.013608 
138700.000000 1890.017334 0.013627 
138800.000000 1893.017334 0.013638 
138900.000000 1896.017334 0.013650 
139000.000000 1899.017334 0.013662 
139100.000000 1901.917358 0.013673 
139200.000000 1903.817383 0.013677 
139300.000000 1906.717407 0.013688 
139400.000000 1908.717407 0.013692 
139500.000000 1911.717407 0.013704 
139600.000000 1915.617432 0.013722 
139700.000000 1917.517456 0.013726 
139800.000000 1920.517456 0.013738 
139900.000000 1920.517456 0.013728 
140000.000000 1922.217529 0.013730 
140100.000000 1925.217529 0.013742 
140200.000000 1927.217529 0.013746 
140300.000000 1927.217529 0.013736 
140400.000000 1928.017578 0.013732 
140500.000000 1930.817627 0.013742 
140600.000000 1932.617676 0.013746 
140700.000000 1935.317749 0.013755 
140800.000000 1936.017822 0.013750 
140900.000000 1938.317993 0.013757 
141000.000000 1941.317993 0.013768 
141100.000000 1943.218018 0.013772 
141200.000000 1946.218018 0.013783 
141300.000000 1948.218018 0.013788 
141400.000000 1951.218018 0.013799 
141500.000000 1953.118042 0.013803 
141600.000000 1954.018066 0.013800 
141700.000000 1957.718140 0.013816 
141800.000000 1959.618164 0.013820 
141900.000000 1960.518188 0.013816 
142000.000000 1964.418213 0.013834 
142100.000000 1966.418213 0.013838 
142200.000000 1968.318237 0.013842 
142300.000000 1970.018311 0.013844 
142400.000000 1970.418457 0.013837 
142500.000000 1972.418457 0.013842 
142600.000000 1976.318481 0.013859 
142700.000000 1978.318481 0.013863 
142800.000000 1980.318481 0.013868 
142900.000000 1982.318481 0.013872 
143000.000000 1984.318481 0.013876 
143100.000000 1986.218506 0.013880 
143200.000000 1987.118530 0.013877 
143300.000000 1987.818604 0.013872 
143400.000000 1987.518677 0.013860 
143500.000000 1988.918823 0.013860 
143600.000000 1990.418945 0.013861 
143700.000000 1993.119019 0.013870 
143800.000000 1994.119019 0.013867 
143900.000000 1996.019043 0.013871 
144000.000000 1998.819092 0.013881 
144100.000000 1999.519165 0.013876 
144200.000000 2001.019287 0.013877 
144300.000000 2001.919312 0.013873 
144400.000000 2002.819336 0.013870 
144500.000000 2004.519409 0.013872 
144600.000000 2007.319458 0.013882 
144700.000000 2011.219482 0.013899 
144800.000000 2012.119751 0.013896 
144900.000000 2013.219971 0.013894 
145000.000000 2015.020020 0.013897 
145100.000000 2017.020020 0.013901 
145200.000000 2020.920044 0.013918 
145300.000000 2023.920044 0.013929 
145400.000000 2026.920044 0.013940 
145500.000000 2029.920044 0.013951 
145600.000000 2031.820068 0.013955 
145700.000000 2032.820068 0.013952 
145800.000000 2036.820068 0.013970 
145900.000000 2038.720093 0.013973 
146000.000000 2039.620117 0.013970 
146100.000000 2041.520142 0.013973 
146200.000000 2044.320190 0.013983 
146300.000000 2045.220215 0.013980 
146400.000000 2048.220215 0.013991 
146500.000000 2050.120117 0.013994 
146600.000000 2053.120117 0.014005 
146700.000000 2056.120117 0.014016 
146800.000000 2058.120117 0.014020 
146900.000000 2060.120117 0.014024 
147000.000000 2063.120117 0.014035 
147100.000000 2064.120117 0.014032 
147200.000000 2067.120117 0.014043 
147300.000000 2070.120117 0.014054 
147400.000000 2071.120117 0.014051 
147500.000000 2074.120117 0.014062 
147600.000000 2076.120117 0.014066 
147700.000000 2079.020020 0.014076 
147800.000000 2083.020020 0.014094 
147900.000000 2087.020020 0.014111 
148000.000000 2091.020020 0.014129 
148100.000000 2095.020020 0.014146 
148200.000000 2097.020020 0.014150 
148300.000000 2098.919922 0.014153 
148400.000000 2102.919922 0.014171 
148500.000000 2104.919922 0.014175 
148600.000000 2108.919922 0.014192 
148700.000000 2112.919922 0.014209 
148800.000000 2113.919922 0.014206 
148900.000000 2115.819824 0.014210 
149000.000000 2119.819824 0.014227 
149100.000000 2119.819824 0.014217 
149200.000000 2123.719727 0.014234 
149300.000000 2126.619629 0.014244 
149400.000000 2130.619629 0.014261 
149500.000000 2131.419434 0.014257 
149600.000000 2132.419434 0.014254 
149700.000000 2135.319336 0.014264 
149800.000000 2137.219238 0.014267 
149900.000000 2140.219238 0.014278 
150000.000000 2143.119141 0.014287 
150100.000000 2146.119141 0.014298 
150200.000000 2149.119141 0.014308 
150300.000000 2151.918945 0.014317 
150400.000000 2153.818848 0.014321 
150500.000000 2154.818848 0.014318 
150600.000000 2156.818848 0.014322 
150700.000000 2159.818848 0.014332 
150800.000000 2163.718750 0.014348 
150900.000000 2165.718750 0.014352 
151000.000000 2166.618652 0.014348 
151100.000000 2167.618652 0.014346 
151200.000000 2171.518555 0.014362 
151300.000000 2174.318359 0.014371 
151400.000000 2174.318359 0.014361 
151500.000000 2176.118164 0.014364 
151600.000000 2177.018066 0.014360 
151700.000000 2176.917969 0.014350 
151800.000000 2177.717773 0.014346 
151900.000000 2179.717773 0.014350 
152000.000000 2180.617676 0.014346 
152100.000000 2183.617676 0.014356 
152200.000000 2185.517578 0.014360 
152300.000000 2189.517578 0.014376 
152400.000000 2192.517578 0.014387 
152500.000000 2194.517578 0.014390 
152600.000000 2195.517578 0.014387 
152700.000000 2196.517578 0.014385 
152800.000000 2199.517578 0.014395 
152900.000000 2202.517578 0.014405 
153000.000000 2204.517578 0.014409 
153100.000000 2207.517578 0.014419 
153200.000000 2211.517578 0.014435 
153300.000000 2213.417480 0.014438 
153400.000000 2215.417480 0.014442 
153500.000000 2218.417480 0.014452 
153600.000000 2220.317383 0.014455 
153700.000000 2222.317383 0.014459 
153800.000000 2225.317383 0.014469 
153900.000000 2228.317383 0.014479 
154000.000000 2231.317383 0.014489 
154100.000000 2235.317383 0.014506 
154200.000000 2238.317383 0.014516 
154300.000000 2241.317383 0.014526 
154400.000000 2245.317383 0.014542 
154500.000000 2248.317383 0.014552 
154600.000000 2251.317383 0.014562 
154700.000000 2252.217285 0.014559 
154800.000000 2255.117188 0.014568 
154900.000000 2258.117188 0.014578 
155000.000000 2260.117188 0.014581 
155100.000000 2262.117188 0.014585 
155200.000000 2264.117188 0.014588 
155300.000000 2264.017090 0.014578 
155400.000000 2264.916992 0.014575 
155500.000000 2265.916992 0.014572 
155600.000000 2266.716797 0.014568 
155700.000000 2268.516602 0.014570 
155800.000000 2270.516602 0.014573 
155900.000000 2274.516602 0.014590 
156000.000000 2275.416504 0.014586 
156100.000000 2278.416504 0.014596 
156200.000000 2279.416504 0.014593 
156300.000000 2280.416504 0.014590 
156400.000000 2282.316406 0.014593 
156500.000000 2283.216309 0.014589 
156600.000000 2284.216309 0.014586 
156700.000000 2284.016113 0.014576 
156800.000000 2286.016113 0.014579 
156900.000000 2290.016113 0.014595 
157000.000000 2291.016113 0.014592 
157100.000000 2293.016113 0.014596 
157200.000000 2293.714844 0.014591 
157300.000000 2294.714844 0.014588 
157400.000000 2297.714844 0.014598 
157500.000000 2297.714844 0.014589 
157600.000000 2297.614746 0.014579 
157700.000000 2297.414551 0.014568 
157800.000000 2296.914062 0.014556 
157900.000000 2296.713867 0.014545 
158000.000000 2298.613770 0.014548 
158100.000000 2300.613770 0.014552 
158200.000000 2302.613770 0.014555 
158300.000000 2303.613770 0.014552 
158400.000000 2306.613770 0.014562 
158500.000000 2310.613770 0.014578 
158600.000000 2311.513672 0.014574 
158700.000000 2314.513672 0.014584 
158800.000000 2316.513672 0.014588 
158900.000000 2319.513672 0.014597 
159000.000000 2321.413574 0.014600 
159100.000000 2324.413574 0.014610 
159200.000000 2327.413574 0.014619 
159300.000000 2329.413574 0.014623 
159400.000000 2332.413574 0.014632 
159500.000000 2334.413574 0.014636 
159600.000000 2336.413574 0.014639 
159700.000000 2338.413574 0.014643 
159800.000000 2339.313477 0.014639 
159900.000000 2341.313477 0.014642 
160000.000000 2343.013184 0.014644 
160100.000000 2343.013184 0.014635 
160200.000000 2345.013184 0.014638 
160300.000000 2348.013184 0.014648 
160400.000000 2349.013184 0.014645 
160500.000000 2352.013184 0.014654 
160600.000000 2353.013184 0.014651 
160700.000000 2354.013184 0.014648 
160800.000000 2355.013184 0.014646 
160900.000000 2355.812988 0.014641 
161000.000000 2355.812988 0.014632 
161100.000000 2356.712891 0.014629 
161200.000000 2358.712891 0.014632 
161300.000000 2360.712891 0.014636 
161400.000000 2363.712891 0.014645 
161500.000000 2364.512695 0.014641 
161600.000000 2366.312500 0.014643 
161700.000000 2369.112305 0.014651 
161800.000000 2370.912109 0.014653 
161900.000000 2372.912109 0.014657 
162000.000000 2374.812012 0.014659 
162100.000000 2375.812012 0.014656 
162200.000000 2377.812012 0.014660 
162300.000000 2378.611816 0.014656 
162400.000000 2380.611816 0.014659 
162500.000000 2382.611816 0.014662 
162600.000000 2384.611816 0.014666 
162700.000000 2387.611816 0.014675 
162800.000000 2388.611816 0.014672 
162900.000000 2389.311523 0.014667 
163000.000000 2390.211426 0.014664 
163100.000000 2390.011230 0.014654 
163200.000000 2390.011230 0.014645 
163300.000000 2389.610840 0.014633 
163400.000000 2390.110352 0.014627 
163500.000000 2390.709961 0.014622 
163600.000000 2390.609863 0.014613 
163700.000000 2390.109375 0.014601 
163800.000000 2390.009277 0.014591 
163900.000000 2390.809082 0.014587 
164000.000000 2392.408691 0.014588 
164100.000000 2395.408691 0.014597 
164200.000000 2398.408691 0.014607 
164300.000000 2402.408691 0.014622 
164400.000000 2404.408691 0.014625 
164500.000000 2406.408691 0.014629 
164600.000000 2410.208496 0.014643 
164700.000000 2411.108398 0.014639 
164800.000000 2412.108398 0.014637 
164900.000000 2414.108398 0.014640 
165000.000000 2415.108398 0.014637 
165100.000000 2418.108398 0.014646 
165200.000000 2419.108398 0.014644 
165300.000000 2420.607910 0.014644 
165400.000000 2421.607910 0.014641 
165500.000000 2422.407715 0.014637 
165600.000000 2423.307617 0.014634 
165700.000000 2425.207520 0.014636 
165800.000000 2428.207520 0.014645 
165900.000000 2431.107422 0.014654 
166000.000000 2433.107422 0.014657 
166100.000000 2436.107422 0.014667 
166200.000000 2439.107422 0.014676 
166300.000000 2443.107422 0.014691 
166400.000000 2446.007324 0.014700 
166500.000000 2448.007324 0.014703 
166600.000000 2450.807129 0.014711 
166700.000000 2451.807129 0.014708 
166800.000000 2455.807129 0.014723 
166900.000000 2458.807129 0.014732 
167000.000000 2460.807129 0.014735 
167100.000000 2462.807129 0.014739 
167200.000000 2464.707031 0.014741 
167300.000000 2465.606934 0.014738 
167400.000000 2466.606934 0.014735 
167500.000000 2468.606934 0.014738 
167600.000000 2469.606934 0.014735 
167700.000000 2471.406738 0.014737 
167800.000000 2471.406738 0.014728 
167900.000000 2471.306641 0.014719 
168000.000000 2472.206543 0.014716 
168100.000000 2472.206543 0.014707 
168200.000000 2472.106445 0.014697 
168300.000000 2474.806152 0.014705 
168400.000000 2476.706055 0.014707 
168500.000000 2478.706055 0.014710 
168600.000000 2480.706055 0.014714 
168700.000000 2481.706055 0.014711 
168800.000000 2481.706055 0.014702 
168900.000000 2482.405762 0.014697 
169000.000000 2483.205566 0.014694 
169100.000000 2482.604004 0.014681 
169200.000000 2481.302734 0.014665 
169300.000000 2481.302734 0.014656 
169400.000000 2482.202637 0.014653 
169500.000000 2482.202637 0.014644 
169600.000000 2485.202637 0.014653 
169700.000000 2488.202637 0.014662 
169800.000000 2492.202637 0.014677 
169900.000000 2493.202637 0.014675 
170000.000000 2496.202637 0.014684 
170100.000000 2498.202637 0.014687 
170200.000000 2502.202637 0.014702 
170300.000000 2504.002441 0.014703 
170400.000000 2506.002441 0.014707 
170500.000000 2508.002441 0.014710 
170600.000000 2510.002441 0.014713 
170700.000000 2512.002441 0.014716 
170800.000000 2513.002441 0.014713 
170900.000000 2515.902344 0.014721 
171000.000000 2517.902344 0.014725 
171100.000000 2520.802246 0.014733 
171200.000000 2522.702148 0.014735 
171300.000000 2524.501953 0.014737 
171400.000000 2526.501953 0.014740 
171500.000000 2526.301758 0.014731 
171600.000000 2528.201660 0.014733 
171700.000000 2530.201660 0.014736 
171800.000000 2532.201660 0.014739 
171900.000000 2533.201660 0.014736 
172000.000000 2533.201660 0.014728 
172100.000000 2536.201660 0.014737 
172200.000000 2536.201660 0.014728 
172300.000000 2538.101562 0.014731 
172400.000000 2539.101562 0.014728 
172500.000000 2540.101562 0.014725 
172600.000000 2540.101562 0.014717 
172700.000000 2540.101562 0.014708 
172800.000000 2542.901367 0.014716 
172900.000000 2543.901367 0.014713 
173000.000000 2543.901367 0.014705 
173100.000000 2543.801270 0.014696 
173200.000000 2543.801270 0.014687 
173300.000000 2543.300781 0.014676 
173400.000000 2544.100586 0.014672 
173500.000000 2544.000488 0.014663 
173600.000000 2543.600098 0.014652 
173700.000000 2543.600098 0.014644 
173800.000000 2543.399902 0.014634 
173900.000000 2542.899414 0.014623 
174000.000000 2542.899414 0.014614 
174100.000000 2542.799316 0.014605 
174200.000000 2542.098633 0.014593 
174300.000000 2541.998535 0.014584 
174400.000000 2541.998535 0.014576 
174500.000000 2541.498047 0.014564 
174600.000000 2541.498047 0.014556 
174700.000000 2541.297852 0.014547 
174800.000000 2541.097656 0.014537 
174900.000000 2540.897461 0.014528 
175000.000000 2540.497070 0.014517 
175100.000000 2541.796387 0.014516 
175200.000000 2541.796387 0.014508 
175300.000000 2540.595215 0.014493 
175400.000000 2540.294922 0.014483 
175500.000000 2540.193848 0.014474 
175600.000000 2543.193848 0.014483 
175700.000000 2544.193848 0.014480 
175800.000000 2545.093750 0.014477 
175900.000000 2547.093750 0.014480 
176000.000000 2548.093750 0.014478 
176100.000000 2549.993652 0.014480 
176200.000000 2549.993652 0.014472 
176300.000000 2549.993652 0.014464 
176400.000000 2550.793457 0.014460 
176500.000000 2552.593262 0.014462 
176600.000000 2553.493164 0.014459 
176700.000000 2556.393066 0.014467 
176800.000000 2558.292969 0.014470 
176900.000000 2562.292969 0.014484 
177000.000000 2565.292969 0.014493 
177100.000000 2567.192871 0.014496 
177200.000000 2570.192871 0.014504 
177300.000000 2571.192871 0.014502 
177400.000000 2573.192871 0.014505 
177500.000000 2575.192871 0.014508 
177600.000000 2577.192871 0.014511 
177700.000000 2579.892578 0.014518 
177800.000000 2581.792480 0.014521 
177900.000000 2582.792480 0.014518 
178000.000000 2585.792480 0.014527 
178100.000000 2586.792480 0.014524 
178200.000000 2587.392090 0.014520 
178300.000000 2590.392090 0.014528 
178400.000000 2591.392090 0.014526 
178500.000000 2593.392090 0.014529 
178600.000000 2595.392090 0.014532 
178700.000000 2598.392090 0.014541 
178800.000000 2601.392090 0.014549 
178900.000000 2605.392090 0.014563 
179000.000000 2608.392090 0.014572 
179100.000000 2612.392090 0.014586 
179200.000000 2614.392090 0.014589 
179300.000000 2618.392090 0.014603 
179400.000000 2619.392090 0.014601 
179500.000000 2620.392090 0.014598 
179600.000000 2621.392090 0.014596 
179700.000000 2622.291992 0.014593 
179800.000000 2625.291992 0.014601 
179900.000000 2628.291992 0.014610 
180000.000000 2629.191895 0.014607 
180100.000000 2632.191895 0.014615 
180200.000000 2634.191895 0.014618 
180300.000000 2634.091797 0.014609 
180400.000000 2634.091797 0.014601 
180500.000000 2633.791504 0.014592 
180600.000000 2633.791504 0.014584 
180700.000000 2635.791504 0.014587 
180800.000000 2636.691406 0.014583 
180900.000000 2638.591309 0.014586 
181000.000000 2641.591309 0.014594 
181100.000000 2642.491211 0.014591 
181200.000000 2645.491211 0.014600 
181300.000000 2647.491211 0.014603 
181400.000000 2648.491211 0.014600 
181500.000000 2652.491211 0.014614 
181600.000000 2652.491211 0.014606 
181700.000000 2654.491211 0.014609 
181800.000000 2657.391113 0.014617 
181900.000000 2659.391113 0.014620 
182000.000000 2660.190918 0.014616 
182100.000000 2660.090820 0.014608 
182200.000000 2661.090820 0.014605 
182300.000000 2662.090820 0.014603 
182400.000000 2662.090820 0.014595 
182500.000000 2663.090820 0.014592 
182600.000000 2663.090820 0.014584 
182700.000000 2663.990723 0.014581 
182800.000000 2667.890625 0.014595 
182900.000000 2669.890625 0.014598 
183000.000000 2671.790527 0.014600 
183100.000000 2673.790527 0.014603 
183200.000000 2677.790527 0.014617 
183300.000000 2679.790527 0.014620 
183400.000000 2682.690430 0.014628 
183500.000000 2683.690430 0.014625 
183600.000000 2684.690430 0.014622 
183700.000000 2686.490234 0.014624 
183800.000000 2686.490234 0.014616 
183900.000000 2690.390137 0.014630 
184000.000000 2692.189941 0.014631 
184100.000000 2692.189941 0.014624 
184200.000000 2694.189941 0.014626 
184300.000000 2697.189941 0.014635 
184400.000000 2699.189941 0.014638 
184500.000000 2701.189941 0.014641 
184600.000000 2705.189941 0.014654 
184700.000000 2706.989746 0.014656 
184800.000000 2709.989746 0.014664 
184900.000000 2712.989746 0.014673 
185000.000000 2714.989746 0.014676 
185100.000000 2717.989746 0.014684 
185200.000000 2720.989746 0.014692 
185300.000000 2723.989746 0.014700 
185400.000000 2723.989746 0.014693 
185500.000000 2725.989746 0.014695 
185600.000000 2727.889648 0.014698 
185700.000000 2729.689453 0.014699 
185800.000000 2731.589355 0.014702 
185900.000000 2733.489258 0.014704 
186000.000000 2735.489258 0.014707 
186100.000000 2737.489258 0.014710 
186200.000000 2738.389160 0.014707 
186300.000000 2739.188965 0.014703 
186400.000000 2739.087891 0.014695 
186500.000000 2742.087891 0.014703 
186600.000000 2743.787598 0.014704 
186700.000000 2745.587402 0.014706 
186800.000000 2748.587402 0.014714 
186900.000000 2750.587402 0.014717 
187000.000000 2751.587402 0.014714 
187100.000000 2754.287109 0.014721 
187200.000000 2757.287109 0.014729 
187300.000000 2759.287109 0.014732 
187400.000000 2760.287109 0.014729 
187500.000000 2761.287109 0.014727 
187600.000000 2763.187012 0.014729 
187700.000000 2764.086914 0.014726 
187800.000000 2766.086914 0.014729 
187900.000000 2768.086914 0.014732 
188000.000000 2770.086914 0.014735 
188100.000000 2773.086914 0.014743 
188200.000000 2776.086914 0.014751 
188300.000000 2777.986816 0.014753 
188400.000000 2778.886719 0.014750 
188500.000000 2780.686523 0.014752 
188600.000000 2781.486328 0.014748 
188700.000000 2784.486328 0.014756 
188800.000000 2785.486328 0.014754 
188900.000000 2786.486328 0.014751 
189000.000000 2786.186035 0.014742 
189100.000000 2786.885742 0.014738 
189200.000000 2786.485352 0.014728 
189300.000000 2786.084961 0.014718 
189400.000000 2786.784668 0.014714 
189500.000000 2789.784668 0.014722 
189600.000000 2790.684570 0.014719 
189700.000000 2791.684570 0.014716 
189800.000000 2792.684570 0.014714 
189900.000000 2795.684570 0.014722 
190000.000000 2795.684570 0.014714 
190100.000000 2796.384277 0.014710 
190200.000000 2798.384277 0.014713 
190300.000000 2799.284180 0.014710 
190400.000000 2802.284180 0.014718 
190500.000000 2805.284180 0.014726 
190600.000000 2806.284180 0.014723 
190700.000000 2808.284180 0.014726 
190800.000000 2810.284180 0.014729 
190900.000000 2812.284180 0.014732 
191000.000000 2813.284180 0.014729 
191100.000000 2815.284180 0.014732 
191200.000000 2818.284180 0.014740 
191300.000000 2819.284180 0.014738 
191400.000000 2820.184082 0.014735 
191500.000000 2821.184082 0.014732 
191600.000000 2825.184082 0.014745 
191700.000000 2828.184082 0.014753 
191800.000000 2831.184082 0.014761 
191900.000000 2834.184082 0.014769 
192000.000000 2837.184082 0.014777 
192100.000000 2839.184082 0.014780 
192200.000000 2842.184082 0.014788 
192300.000000 2844.184082 0.014790 
192400.000000 2844.184082 0.014783 
192500.000000 2845.184082 0.014780 
192600.000000 2846.184082 0.014778 
192700.000000 2847.184082 0.014775 
192800.000000 2850.184082 0.014783 
192900.000000 2852.184082 0.014786 
193000.000000 2853.184082 0.014783 
193100.000000 2856.184082 0.014791 
193200.000000 2856.083984 0.014783 
193300.000000 2856.083984 0.014775 
193400.000000 2857.083984 0.014773 
193500.000000 2857.083984 0.014765 
193600.000000 2857.083984 0.014758 
193700.000000 2856.983887 0.014750 
193800.000000 2857.783691 0.014746 
193900.000000 2856.582520 0.014732 
194000.000000 2856.382324 0.014724 
194100.000000 2859.182129 0.014730 
194200.000000 2860.182129 0.014728 
194300.000000 2862.182129 0.014731 
194400.000000 2866.182129 0.014744 
194500.000000 2869.182129 0.014752 
194600.000000 2869.182129 0.014744 
194700.000000 2871.182129 0.014747 
194800.000000 2873.182129 0.014749 
194900.000000 2874.182129 0.014747 
195000.000000 2877.082031 0.014754 
195100.000000 2879.082031 0.014757 
195200.000000 2882.082031 0.014765 
195300.000000 2882.881836 0.014761 
195400.000000 2884.881836 0.014764 
195500.000000 2886.881836 0.014767 
195600.000000 2888.781738 0.014769 
195700.000000 2890.781738 0.014771 
195800.000000 2891.681641 0.014769 
195900.000000 2891.681641 0.014761 
196000.000000 2893.581543 0.014763 
196100.000000 2894.381348 0.014760 
196200.000000 2894.181152 0.014751 
196300.000000 2896.181152 0.014754 
196400.000000 2896.181152 0.014746 
196500.000000 2896.780762 0.014742 
196600.000000 2897.780762 0.014739 
196700.000000 2898.780762 0.014737 
196800.000000 2898.680664 0.014729 
196900.000000 2898.280273 0.014720 
197000.000000 2898.080078 0.014711 
197100.000000 2897.879883 0.014703 
197200.000000 2898.679688 0.014699 
197300.000000 2900.679688 0.014702 
197400.000000 2903.679688 0.014710 
197500.000000 2906.679688 0.014717 
197600.000000 2909.579590 0.014725 
197700.000000 2912.579590 0.014732 
197800.000000 2915.579590 0.014740 
197900.000000 2918.579590 0.014748 
198000.000000 2920.379395 0.014749 
198100.000000 2921.379395 0.014747 
198200.000000 2925.379395 0.014760 
198300.000000 2927.379395 0.014762 
198400.000000 2927.379395 0.014755 
198500.000000 2929.379395 0.014758 
198600.000000 2930.279297 0.014755 
198700.000000 2931.279297 0.014752 
198800.000000 2933.279297 0.014755 
198900.000000 2936.279297 0.014763 
199000.000000 2938.279297 0.014765 
199100.000000 2940.179199 0.014767 
199200.000000 2942.179199 0.014770 
199300.000000 2944.179199 0.014773 
199400.000000 2944.179199 0.014765 
199500.000000 2944.179199 0.014758 
199600.000000 2946.079102 0.014760 
199700.000000 2945.979004 0.014752 
199800.000000 2946.878906 0.014749 
199900.000000 2948.878906 0.014752 
200000.000000 2950.678711 0.014753 
