100.000000 -0.800000 -0.008000 
200.000000 -1.000000 -0.005000 
300.000000 -3.199999 -0.010667 
400.000000 -4.099998 -0.010250 
500.000000 -4.799997 -0.009600 
600.000000 -6.099996 -0.010167 
700.000000 -5.599995 -0.008000 
800.000000 -6.499994 -0.008125 
900.000000 -6.199994 -0.006889 
1000.000000 -6.699993 -0.006700 
1100.000000 -7.599992 -0.006909 
1200.000000 -6.799992 -0.005667 
1300.000000 -7.799991 -0.006000 
1400.000000 -7.099991 -0.005071 
1500.000000 -7.599990 -0.005067 
1600.000000 -8.399991 -0.005250 
1700.000000 -9.999997 -0.005882 
1800.000000 -10.900001 -0.006056 
1900.000000 -11.300002 -0.005947 
2000.000000 -12.000005 -0.006000 
2100.000000 -13.500010 -0.006429 
2200.000000 -14.200013 -0.006455 
2300.000000 -15.400018 -0.006696 
2400.000000 -16.600021 -0.006917 
2500.000000 -17.900026 -0.007160 
2600.000000 -16.800030 -0.006462 
2700.000000 -17.000034 -0.006296 
2800.000000 -18.300039 -0.006536 
2900.000000 -19.800045 -0.006828 
3000.000000 -19.600048 -0.006533 
3100.000000 -18.400051 -0.005936 
3200.000000 -19.100054 -0.005969 
3300.000000 -20.900061 -0.006333 
3400.000000 -22.200066 -0.006529 
3500.000000 -23.900072 -0.006829 
3600.000000 -24.900076 -0.006917 
3700.000000 -25.600079 -0.006919 
3800.000000 -27.300085 -0.007184 
3900.000000 -27.000092 -0.006923 
4000.000000 -28.000099 -0.007000 
4100.000000 -29.800106 -0.007268 
4200.000000 -30.500113 -0.007262 
4300.000000 -31.200115 -0.007256 
4400.000000 -30.600117 -0.006955 
4500.000000 -31.100119 -0.006911 
4600.000000 -32.700111 -0.007109 
4700.000000 -32.500103 -0.006915 
4800.000000 -33.900082 -0.007063 
4900.000000 -35.000050 -0.007143 
5000.000000 -35.800037 -0.007160 
5100.000000 -36.300030 -0.007118 
5200.000000 -36.900005 -0.007096 
5300.000000 -37.499996 -0.007075 
5400.000000 -37.899975 -0.007019 
5500.000000 -38.099957 -0.006927 
5600.000000 -38.999943 -0.006964 
5700.000000 -40.799915 -0.007158 
5800.000000 -42.499889 -0.007328 
5900.000000 -43.299877 -0.007339 
6000.000000 -44.199863 -0.007367 
6100.000000 -45.999836 -0.007541 
6200.000000 -47.199818 -0.007613 
6300.000000 -48.699795 -0.007730 
6400.000000 -50.199772 -0.007844 
6500.000000 -50.999760 -0.007846 
6600.000000 -51.199741 -0.007758 
6700.000000 -53.799702 -0.008030 
6800.000000 -54.499691 -0.008015 
6900.000000 -54.699673 -0.007927 
7000.000000 -56.499645 -0.008071 
7100.000000 -55.599644 -0.007831 
7200.000000 -56.799625 -0.007889 
7300.000000 -59.199589 -0.008110 
7400.000000 -58.699581 -0.007932 
7500.000000 -59.599567 -0.007947 
7600.000000 -60.099560 -0.007908 
7700.000000 -59.499554 -0.007727 
7800.000000 -59.699535 -0.007654 
7900.000000 -59.399525 -0.007519 
8000.000000 -59.999516 -0.007500 
8100.000000 -59.899502 -0.007395 
8200.000000 -61.199482 -0.007463 
8300.000000 -62.399464 -0.007518 
8400.000000 -63.399448 -0.007548 
8500.000000 -63.399437 -0.007459 
8600.000000 -64.299423 -0.007477 
8700.000000 -66.399391 -0.007632 
8800.000000 -66.099380 -0.007511 
8900.000000 -66.099380 -0.007427 
9000.000000 -66.799370 -0.007422 
9100.000000 -67.299347 -0.007396 
9200.000000 -68.799324 -0.007478 
9300.000000 -67.899323 -0.007301 
9400.000000 -69.099304 -0.007351 
9500.000000 -69.999290 -0.007368 
9600.000000 -70.799278 -0.007375 
9700.000000 -71.099258 -0.007330 
9800.000000 -70.799248 -0.007224 
9900.000000 -71.899231 -0.007263 
10000.000000 -72.299210 -0.007230 
10100.000000 -73.199196 -0.007247 
10200.000000 -74.199181 -0.007274 
10300.000000 -75.399162 -0.007320 
10400.000000 -75.699142 -0.007279 
10500.000000 -77.099121 -0.007343 
10600.000000 -77.699112 -0.007330 
10700.000000 -78.299088 -0.007318 
10800.000000 -77.999077 -0.007222 
10900.000000 -78.599052 -0.007211 
11000.000000 -79.899033 -0.007264 
11100.000000 -81.699005 -0.007360 
11200.000000 -82.998985 -0.007411 
11300.000000 -83.698959 -0.007407 
11400.000000 -83.298950 -0.007307 
11500.000000 -84.998924 -0.007391 
11600.000000 -84.198906 -0.007259 
11700.000000 -82.798897 -0.007077 
11800.000000 -83.798882 -0.007102 
11900.000000 -83.498871 -0.007017 
12000.000000 -84.198860 -0.007017 
12100.000000 -84.198845 -0.006959 
12200.000000 -84.298828 -0.006910 
12300.000000 -84.698822 -0.006886 
12400.000000 -85.898804 -0.006927 
12500.000000 -86.898788 -0.006952 
12600.000000 -87.398766 -0.006936 
12700.000000 -88.498749 -0.006968 
12800.000000 -88.698746 -0.006930 
12900.000000 -89.998726 -0.006977 
13000.000000 -90.898712 -0.006992 
13100.000000 -90.298706 -0.006893 
13200.000000 -91.098694 -0.006901 
13300.000000 -91.798683 -0.006902 
13400.000000 -92.998665 -0.006940 
13500.000000 -93.498657 -0.006926 
13600.000000 -92.898651 -0.006831 
13700.000000 -94.198631 -0.006876 
13800.000000 -95.198616 -0.006898 
13900.000000 -95.998604 -0.006906 
14000.000000 -95.798592 -0.006843 
14100.000000 -95.398582 -0.006766 
14200.000000 -96.198570 -0.006775 
14300.000000 -96.998558 -0.006783 
14400.000000 -97.498550 -0.006771 
14500.000000 -98.798531 -0.006814 
14600.000000 -98.898514 -0.006774 
14700.000000 -99.898499 -0.006796 
14800.000000 -99.898483 -0.006750 
14900.000000 -101.698456 -0.006825 
15000.000000 -101.198448 -0.006747 
15100.000000 -102.498428 -0.006788 
15200.000000 -103.498398 -0.006809 
15300.000000 -104.698380 -0.006843 
15400.000000 -103.998375 -0.006753 
15500.000000 -104.398369 -0.006735 
15600.000000 -104.698364 -0.006711 
15700.000000 -106.098343 -0.006758 
15800.000000 -105.798332 -0.006696 
15900.000000 -105.698318 -0.006648 
16000.000000 -105.198311 -0.006575 
16100.000000 -106.598289 -0.006621 
16200.000000 -107.598274 -0.006642 
16300.000000 -108.098267 -0.006632 
16400.000000 -107.398262 -0.006549 
16500.000000 -107.798256 -0.006533 
16600.000000 -109.498230 -0.006596 
16700.000000 -109.998222 -0.006587 
16800.000000 -110.898209 -0.006601 
16900.000000 -110.598198 -0.006544 
17000.000000 -109.798195 -0.006459 
17100.000000 -110.198189 -0.006444 
17200.000000 -110.998161 -0.006453 
17300.000000 -111.098145 -0.006422 
17400.000000 -113.198112 -0.006506 
17500.000000 -114.098099 -0.006520 
17600.000000 -114.398079 -0.006500 
17700.000000 -113.398064 -0.006407 
17800.000000 -114.398048 -0.006427 
17900.000000 -114.398033 -0.006391 
18000.000000 -115.298019 -0.006405 
18100.000000 -115.098007 -0.006359 
18200.000000 -115.397987 -0.006341 
18300.000000 -116.597969 -0.006371 
18400.000000 -116.797951 -0.006348 
18500.000000 -117.297943 -0.006340 
18600.000000 -118.797920 -0.006387 
18700.000000 -119.497910 -0.006390 
18800.000000 -119.397896 -0.006351 
18900.000000 -120.897873 -0.006397 
19000.000000 -121.097855 -0.006374 
19100.000000 -122.297836 -0.006403 
19200.000000 -122.997826 -0.006406 
19300.000000 -122.197823 -0.006331 
19400.000000 -121.297821 -0.006252 
19500.000000 -121.397820 -0.006226 
19600.000000 -121.997810 -0.006224 
19700.000000 -120.597801 -0.006122 
19800.000000 -120.897781 -0.006106 
19900.000000 -120.797768 -0.006070 
20000.000000 -121.897751 -0.006095 
20100.000000 -121.797737 -0.006060 
20200.000000 -121.597725 -0.006020 
20300.000000 -122.397713 -0.006029 
20400.000000 -123.497696 -0.006054 
20500.000000 -123.897675 -0.006044 
20600.000000 -124.297668 -0.006034 
20700.000000 -124.897659 -0.006034 
20800.000000 -124.597649 -0.005990 
20900.000000 -125.297638 -0.005995 
21000.000000 -126.497620 -0.006024 
21100.000000 -125.897614 -0.005967 
21200.000000 -127.197594 -0.006000 
21300.000000 -127.297592 -0.005976 
21400.000000 -128.797623 -0.006019 
21500.000000 -129.597672 -0.006028 
21600.000000 -130.497726 -0.006042 
21700.000000 -129.697739 -0.005977 
21800.000000 -129.897812 -0.005959 
21900.000000 -129.697861 -0.005922 
22000.000000 -130.397964 -0.005927 
22100.000000 -128.998001 -0.005837 
22200.000000 -128.598038 -0.005793 
22300.000000 -127.798042 -0.005731 
22400.000000 -128.298050 -0.005728 
22500.000000 -128.398056 -0.005707 
22600.000000 -129.098099 -0.005712 
22700.000000 -128.898148 -0.005678 
22800.000000 -128.398178 -0.005631 
22900.000000 -130.098282 -0.005681 
23000.000000 -130.298355 -0.005665 
23100.000000 -131.198410 -0.005680 
23200.000000 -130.898453 -0.005642 
23300.000000 -130.598495 -0.005605 
23400.000000 -130.398544 -0.005573 
23500.000000 -130.698624 -0.005562 
23600.000000 -131.898758 -0.005589 
23700.000000 -132.898819 -0.005608 
23800.000000 -133.098831 -0.005592 
23900.000000 -132.898880 -0.005561 
24000.000000 -133.398911 -0.005558 
24100.000000 -133.198959 -0.005527 
24200.000000 -133.498978 -0.005516 
24300.000000 -134.099014 -0.005518 
24400.000000 -134.099075 -0.005496 
24500.000000 -133.799118 -0.005461 
24600.000000 -133.299149 -0.005419 
24700.000000 -135.199265 -0.005474 
24800.000000 -135.999313 -0.005484 
24900.000000 -135.899368 -0.005458 
25000.000000 -134.699417 -0.005388 
25100.000000 -135.199448 -0.005386 
25200.000000 -135.799484 -0.005389 
25300.000000 -135.699539 -0.005364 
25400.000000 -134.899551 -0.005311 
25500.000000 -135.099625 -0.005298 
25600.000000 -135.099625 -0.005277 
25700.000000 -135.699661 -0.005280 
25800.000000 -133.999680 -0.005194 
25900.000000 -133.499710 -0.005154 
26000.000000 -133.899734 -0.005150 
26100.000000 -133.499771 -0.005115 
26200.000000 -132.999802 -0.005076 
26300.000000 -133.999863 -0.005095 
26400.000000 -133.099869 -0.005042 
26500.000000 -133.999924 -0.005057 
26600.000000 -133.799973 -0.005030 
26700.000000 -133.700027 -0.005007 
26800.000000 -134.000107 -0.005000 
26900.000000 -135.400192 -0.005033 
27000.000000 -134.900223 -0.004996 
27100.000000 -135.200241 -0.004989 
27200.000000 -136.300308 -0.005011 
27300.000000 -136.300308 -0.004993 
27400.000000 -135.500320 -0.004945 
27500.000000 -135.200363 -0.004916 
27600.000000 -134.700394 -0.004880 
27700.000000 -134.000412 -0.004838 
27800.000000 -133.800461 -0.004813 
27900.000000 -135.700577 -0.004864 
28000.000000 -135.700577 -0.004846 
28100.000000 -135.700577 -0.004829 
28200.000000 -134.700638 -0.004777 
28300.000000 -136.200729 -0.004813 
28400.000000 -135.600754 -0.004775 
28500.000000 -134.800766 -0.004730 
28600.000000 -135.500809 -0.004738 
28700.000000 -136.700882 -0.004763 
28800.000000 -137.500931 -0.004774 
28900.000000 -137.000961 -0.004741 
29000.000000 -136.200974 -0.004697 
29100.000000 -136.500992 -0.004691 
29200.000000 -136.101028 -0.004661 
29300.000000 -137.201096 -0.004683 
29400.000000 -137.201157 -0.004667 
29500.000000 -136.901199 -0.004641 
29600.000000 -136.501236 -0.004612 
29700.000000 -135.601303 -0.004566 
29800.000000 -137.601425 -0.004617 
29900.000000 -138.001511 -0.004615 
30000.000000 -139.701614 -0.004657 
30100.000000 -139.601669 -0.004638 
30200.000000 -139.401718 -0.004616 
30300.000000 -139.101761 -0.004591 
30400.000000 -138.901810 -0.004569 
30500.000000 -136.901810 -0.004489 
30600.000000 -135.701859 -0.004435 
30700.000000 -135.701859 -0.004420 
30800.000000 -134.901871 -0.004380 
30900.000000 -136.601974 -0.004421 
31000.000000 -135.202011 -0.004361 
31100.000000 -134.502029 -0.004325 
31200.000000 -135.002060 -0.004327 
31300.000000 -136.202194 -0.004352 
31400.000000 -134.602219 -0.004287 
31500.000000 -133.402267 -0.004235 
31600.000000 -133.602280 -0.004228 
31700.000000 -132.802292 -0.004189 
31800.000000 -133.702347 -0.004204 
31900.000000 -132.902359 -0.004166 
32000.000000 -132.502396 -0.004141 
32100.000000 -133.502457 -0.004159 
32200.000000 -133.802475 -0.004155 
32300.000000 -132.502518 -0.004102 
32400.000000 -132.902542 -0.004102 
32500.000000 -133.402573 -0.004105 
32600.000000 -133.202621 -0.004086 
32700.000000 -133.602707 -0.004086 
32800.000000 -133.502762 -0.004070 
32900.000000 -133.802841 -0.004067 
33000.000000 -134.902908 -0.004088 
33100.000000 -135.302933 -0.004088 
33200.000000 -134.702957 -0.004057 
33300.000000 -136.003036 -0.004084 
33400.000000 -135.403061 -0.004054 
33500.000000 -136.603134 -0.004078 
33600.000000 -136.603195 -0.004066 
33700.000000 -134.903214 -0.004003 
33800.000000 -134.003220 -0.003965 
33900.000000 -133.903275 -0.003950 
34000.000000 -133.703323 -0.003932 
34100.000000 -132.203354 -0.003877 
34200.000000 -131.803391 -0.003854 
34300.000000 -131.803452 -0.003843 
34400.000000 -130.903519 -0.003805 
34500.000000 -131.703629 -0.003817 
34600.000000 -131.603683 -0.003804 
34700.000000 -131.403732 -0.003787 
34800.000000 -131.103775 -0.003767 
34900.000000 -130.103836 -0.003728 
35000.000000 -130.603867 -0.003732 
35100.000000 -130.603928 -0.003721 
35200.000000 -131.603989 -0.003739 
35300.000000 -130.703995 -0.003703 
35400.000000 -130.504044 -0.003687 
35500.000000 -130.504105 -0.003676 
35600.000000 -130.504166 -0.003666 
35700.000000 -131.004257 -0.003670 
35800.000000 -130.404282 -0.003643 
35900.000000 -130.804306 -0.003644 
36000.000000 -130.404343 -0.003622 
36100.000000 -131.804428 -0.003651 
36200.000000 -131.204453 -0.003624 
36300.000000 -131.704544 -0.003628 
36400.000000 -131.004562 -0.003599 
36500.000000 -131.204636 -0.003595 
36600.000000 -130.904678 -0.003577 
36700.000000 -130.604721 -0.003559 
36800.000000 -130.804733 -0.003554 
36900.000000 -131.504776 -0.003564 
37000.000000 -131.804794 -0.003562 
37100.000000 -130.904800 -0.003528 
37200.000000 -131.204819 -0.003527 
37300.000000 -130.204819 -0.003491 
37400.000000 -130.604843 -0.003492 
37500.000000 -130.704910 -0.003485 
37600.000000 -131.604965 -0.003500 
37700.000000 -130.905045 -0.003472 
37800.000000 -131.105057 -0.003468 
37900.000000 -131.205124 -0.003462 
38000.000000 -128.705154 -0.003387 
38100.000000 -128.105179 -0.003362 
38200.000000 -129.405258 -0.003388 
38300.000000 -129.805283 -0.003389 
38400.000000 -129.205307 -0.003365 
38500.000000 -129.205307 -0.003356 
38600.000000 -130.405380 -0.003378 
38700.000000 -129.605392 -0.003349 
38800.000000 -130.005417 -0.003351 
38900.000000 -128.805466 -0.003311 
39000.000000 -129.405502 -0.003318 
39100.000000 -130.405563 -0.003335 
39200.000000 -131.105606 -0.003345 
39300.000000 -131.905655 -0.003356 
39400.000000 -132.105728 -0.003353 
39500.000000 -131.605759 -0.003332 
39600.000000 -130.705826 -0.003301 
39700.000000 -130.105850 -0.003277 
39800.000000 -129.105911 -0.003244 
39900.000000 -129.905960 -0.003256 
40000.000000 -130.105972 -0.003253 
40100.000000 -130.305984 -0.003250 
40200.000000 -130.906021 -0.003256 
40300.000000 -130.206039 -0.003231 
40400.000000 -130.806076 -0.003238 
40500.000000 -131.506119 -0.003247 
40600.000000 -131.106155 -0.003229 
40700.000000 -130.706192 -0.003211 
40800.000000 -130.306229 -0.003194 
40900.000000 -130.806259 -0.003198 
41000.000000 -131.806320 -0.003215 
41100.000000 -131.506363 -0.003200 
41200.000000 -131.506363 -0.003192 
41300.000000 -130.606369 -0.003162 
41400.000000 -130.206406 -0.003145 
41500.000000 -129.506424 -0.003121 
41600.000000 -130.106461 -0.003128 
41700.000000 -130.706497 -0.003134 
41800.000000 -130.506546 -0.003122 
41900.000000 -131.006577 -0.003127 
42000.000000 -131.206650 -0.003124 
42100.000000 -131.406662 -0.003121 
42200.000000 -129.706680 -0.003074 
42300.000000 -130.106705 -0.003076 
42400.000000 -127.706741 -0.003012 
42500.000000 -128.206757 -0.003017 
42600.000000 -128.306793 -0.003012 
42700.000000 -127.906830 -0.002995 
42800.000000 -128.406860 -0.003000 
42900.000000 -128.606873 -0.002998 
43000.000000 -128.006882 -0.002977 
43100.000000 -128.606918 -0.002984 
43200.000000 -128.706924 -0.002979 
43300.000000 -129.106949 -0.002982 
43400.000000 -128.106949 -0.002952 
43500.000000 -128.106949 -0.002945 
43600.000000 -128.306961 -0.002943 
43700.000000 -127.506958 -0.002918 
43800.000000 -128.207031 -0.002927 
43900.000000 -127.407043 -0.002902 
44000.000000 -128.007034 -0.002909 
44100.000000 -127.407028 -0.002889 
44200.000000 -126.307014 -0.002858 
44300.000000 -126.207001 -0.002849 
44400.000000 -127.306984 -0.002867 
44500.000000 -126.906975 -0.002852 
44600.000000 -126.206970 -0.002830 
44700.000000 -126.306969 -0.002826 
44800.000000 -125.906960 -0.002810 
44900.000000 -125.406952 -0.002793 
45000.000000 -124.506950 -0.002767 
45100.000000 -124.206940 -0.002754 
45200.000000 -124.406921 -0.002752 
45300.000000 -123.606918 -0.002729 
45400.000000 -123.006912 -0.002709 
45500.000000 -123.606903 -0.002717 
45600.000000 -122.106895 -0.002678 
45700.000000 -122.306892 -0.002676 
45800.000000 -123.106880 -0.002688 
45900.000000 -123.506874 -0.002691 
46000.000000 -124.906853 -0.002715 
46100.000000 -123.206848 -0.002673 
46200.000000 -123.606842 -0.002675 
46300.000000 -124.306831 -0.002685 
46400.000000 -122.906822 -0.002649 
46500.000000 -123.806808 -0.002663 
46600.000000 -123.506798 -0.002650 
46700.000000 -121.706795 -0.002606 
46800.000000 -122.906776 -0.002626 
46900.000000 -123.006775 -0.002623 
47000.000000 -123.106773 -0.002619 
47100.000000 -122.606766 -0.002603 
47200.000000 -122.106758 -0.002587 
47300.000000 -122.706749 -0.002594 
47400.000000 -122.806732 -0.002591 
47500.000000 -121.806702 -0.002564 
47600.000000 -122.106697 -0.002565 
47700.000000 -120.606689 -0.002528 
47800.000000 -120.606674 -0.002523 
47900.000000 -120.606674 -0.002518 
48000.000000 -121.406662 -0.002529 
48100.000000 -121.606659 -0.002528 
48200.000000 -120.906654 -0.002508 
48300.000000 -121.706642 -0.002520 
48400.000000 -120.206635 -0.002484 
48500.000000 -120.206619 -0.002478 
48600.000000 -119.906609 -0.002467 
48700.000000 -119.306602 -0.002450 
48800.000000 -119.406586 -0.002447 
48900.000000 -119.206573 -0.002438 
49000.000000 -117.406570 -0.002396 
49100.000000 -117.806564 -0.002399 
49200.000000 -117.106560 -0.002380 
49300.000000 -117.206558 -0.002377 
49400.000000 -116.706535 -0.002362 
49500.000000 -116.006531 -0.002344 
49600.000000 -115.206528 -0.002323 
49700.000000 -114.806519 -0.002310 
49800.000000 -115.206497 -0.002313 
49900.000000 -114.806488 -0.002301 
50000.000000 -114.106483 -0.002282 
50100.000000 -114.806473 -0.002292 
50200.000000 -115.206467 -0.002295 
50300.000000 -116.106453 -0.002308 
50400.000000 -114.406448 -0.002270 
50500.000000 -113.906441 -0.002256 
50600.000000 -113.706429 -0.002247 
50700.000000 -114.006424 -0.002249 
50800.000000 -113.206421 -0.002228 
50900.000000 -113.606415 -0.002232 
51000.000000 -112.806412 -0.002212 
51100.000000 -111.406403 -0.002180 
51200.000000 -111.206390 -0.002172 
51300.000000 -111.606384 -0.002176 
51400.000000 -111.006378 -0.002160 
51500.000000 -111.806366 -0.002171 
51600.000000 -111.106361 -0.002153 
51700.000000 -110.806351 -0.002143 
51800.000000 -109.206345 -0.002108 
51900.000000 -109.006332 -0.002100 
52000.000000 -108.506325 -0.002087 
52100.000000 -109.306313 -0.002098 
52200.000000 -109.206299 -0.002092 
52300.000000 -110.406281 -0.002111 
52400.000000 -111.806259 -0.002134 
52500.000000 -110.806259 -0.002111 
52600.000000 -110.906258 -0.002108 
52700.000000 -111.106239 -0.002108 
52800.000000 -110.306236 -0.002089 
52900.000000 -110.006226 -0.002080 
53000.000000 -109.606216 -0.002068 
53100.000000 -108.806213 -0.002049 
53200.000000 -108.006210 -0.002030 
53300.000000 -107.506203 -0.002017 
53400.000000 -106.806183 -0.002000 
53500.000000 -106.806168 -0.001996 
53600.000000 -106.506157 -0.001987 
53700.000000 -105.706154 -0.001968 
53800.000000 -105.506142 -0.001961 
53900.000000 -104.106133 -0.001931 
54000.000000 -104.706123 -0.001939 
54100.000000 -103.506111 -0.001913 
54200.000000 -103.206100 -0.001904 
54300.000000 -103.906090 -0.001914 
54400.000000 -105.206070 -0.001934 
54500.000000 -104.706062 -0.001921 
54600.000000 -104.306053 -0.001910 
54700.000000 -103.706047 -0.001896 
54800.000000 -104.306038 -0.001903 
54900.000000 -104.106026 -0.001896 
55000.000000 -104.606018 -0.001902 
55100.000000 -104.006012 -0.001888 
55200.000000 -102.406006 -0.001855 
55300.000000 -102.005981 -0.001845 
55400.000000 -102.805954 -0.001856 
55500.000000 -102.705940 -0.001851 
55600.000000 -101.105934 -0.001818 
55700.000000 -101.805923 -0.001828 
55800.000000 -101.505913 -0.001819 
55900.000000 -100.805908 -0.001803 
56000.000000 -101.205902 -0.001807 
56100.000000 -100.505898 -0.001792 
56200.000000 -100.605881 -0.001790 
56300.000000 -99.905876 -0.001775 
56400.000000 -101.605850 -0.001802 
56500.000000 -101.405838 -0.001795 
56600.000000 -101.505836 -0.001793 
56700.000000 -102.005829 -0.001799 
56800.000000 -101.205826 -0.001782 
56900.000000 -99.505821 -0.001749 
57000.000000 -99.505821 -0.001746 
57100.000000 -99.105812 -0.001736 
57200.000000 -97.105812 -0.001698 
57300.000000 -97.505806 -0.001702 
57400.000000 -96.605804 -0.001683 
57500.000000 -95.705803 -0.001664 
57600.000000 -95.105797 -0.001651 
57700.000000 -95.205795 -0.001650 
57800.000000 -94.705788 -0.001639 
57900.000000 -93.705788 -0.001618 
58000.000000 -94.005783 -0.001621 
58100.000000 -93.105766 -0.001603 
58200.000000 -92.505760 -0.001589 
58300.000000 -91.105751 -0.001563 
58400.000000 -91.705742 -0.001570 
58500.000000 -91.305733 -0.001561 
58600.000000 -91.005722 -0.001553 
58700.000000 -91.005722 -0.001550 
58800.000000 -90.205719 -0.001534 
58900.000000 -90.805710 -0.001542 
59000.000000 -90.205704 -0.001529 
59100.000000 -90.305702 -0.001528 
59200.000000 -90.305702 -0.001525 
59300.000000 -90.305702 -0.001523 
59400.000000 -89.505699 -0.001507 
59500.000000 -88.605698 -0.001489 
59600.000000 -88.005692 -0.001477 
59700.000000 -88.105675 -0.001476 
59800.000000 -87.505669 -0.001463 
59900.000000 -86.905663 -0.001451 
60000.000000 -86.405655 -0.001440 
60100.000000 -86.005646 -0.001431 
60200.000000 -86.505638 -0.001437 
60300.000000 -86.205627 -0.001430 
60400.000000 -85.605621 -0.001417 
60500.000000 -86.205612 -0.001425 
60600.000000 -84.905602 -0.001401 
60700.000000 -85.105598 -0.001402 
60800.000000 -84.205597 -0.001385 
60900.000000 -83.305595 -0.001368 
61000.000000 -82.805588 -0.001357 
61100.000000 -80.805588 -0.001323 
61200.000000 -81.805573 -0.001337 
61300.000000 -80.405563 -0.001312 
61400.000000 -80.605560 -0.001313 
61500.000000 -80.605560 -0.001311 
61600.000000 -81.605545 -0.001325 
61700.000000 -80.805542 -0.001310 
61800.000000 -80.505531 -0.001303 
61900.000000 -80.605515 -0.001302 
62000.000000 -80.005508 -0.001290 
62100.000000 -80.005493 -0.001288 
62200.000000 -79.105492 -0.001272 
62300.000000 -79.405487 -0.001275 
62400.000000 -79.805481 -0.001279 
62500.000000 -78.105476 -0.001250 
62600.000000 -77.205475 -0.001233 
62700.000000 -77.705467 -0.001239 
62800.000000 -77.005463 -0.001226 
62900.000000 -76.305458 -0.001213 
63000.000000 -75.605453 -0.001200 
63100.000000 -75.105446 -0.001190 
63200.000000 -75.405441 -0.001193 
63300.000000 -74.805435 -0.001182 
63400.000000 -73.905434 -0.001166 
63500.000000 -72.205429 -0.001137 
63600.000000 -72.505424 -0.001140 
63700.000000 -71.705421 -0.001126 
63800.000000 -71.005417 -0.001113 
63900.000000 -69.605408 -0.001089 
64000.000000 -68.805405 -0.001075 
64100.000000 -69.505394 -0.001084 
64200.000000 -67.905388 -0.001058 
64300.000000 -67.205383 -0.001045 
64400.000000 -66.705376 -0.001036 
64500.000000 -66.705376 -0.001034 
64600.000000 -65.905373 -0.001020 
64700.000000 -67.105354 -0.001037 
64800.000000 -67.505348 -0.001042 
64900.000000 -67.905327 -0.001046 
65000.000000 -67.505318 -0.001039 
65100.000000 -67.905312 -0.001043 
65200.000000 -66.805298 -0.001025 
65300.000000 -67.405289 -0.001032 
65400.000000 -66.805283 -0.001021 
65500.000000 -67.205276 -0.001026 
65600.000000 -67.905266 -0.001035 
65700.000000 -67.305260 -0.001024 
65800.000000 -66.905251 -0.001017 
65900.000000 -67.205246 -0.001020 
66000.000000 -67.305244 -0.001020 
66100.000000 -66.105232 -0.001000 
66200.000000 -66.305229 -0.001002 
66300.000000 -65.405228 -0.000987 
66400.000000 -64.905220 -0.000977 
66500.000000 -64.005203 -0.000962 
66600.000000 -64.205200 -0.000964 
66700.000000 -63.405197 -0.000951 
66800.000000 -62.705193 -0.000939 
66900.000000 -63.405182 -0.000948 
67000.000000 -62.605179 -0.000934 
67100.000000 -62.605179 -0.000933 
67200.000000 -61.705177 -0.000918 
67300.000000 -61.605164 -0.000915 
67400.000000 -60.805161 -0.000902 
67500.000000 -60.605148 -0.000898 
67600.000000 -60.205139 -0.000891 
67700.000000 -59.305138 -0.000876 
67800.000000 -58.705132 -0.000866 
67900.000000 -58.205124 -0.000857 
68000.000000 -58.405121 -0.000859 
68100.000000 -56.705116 -0.000833 
68200.000000 -57.105110 -0.000837 
68300.000000 -54.205109 -0.000794 
68400.000000 -53.505104 -0.000782 
68500.000000 -53.205093 -0.000777 
68600.000000 -53.205078 -0.000776 
68700.000000 -51.405075 -0.000748 
68800.000000 -51.405075 -0.000747 
68900.000000 -52.205063 -0.000758 
69000.000000 -51.705055 -0.000749 
69100.000000 -52.705040 -0.000763 
69200.000000 -51.405029 -0.000743 
69300.000000 -51.805023 -0.000748 
69400.000000 -52.405014 -0.000755 
69500.000000 -51.105003 -0.000735 
69600.000000 -50.804993 -0.000730 
69700.000000 -51.204971 -0.000735 
69800.000000 -50.704964 -0.000726 
69900.000000 -50.704964 -0.000725 
70000.000000 -50.904961 -0.000727 
70100.000000 -50.104958 -0.000715 
70200.000000 -49.204956 -0.000701 
70300.000000 -49.204956 -0.000700 
70400.000000 -48.604950 -0.000690 
70500.000000 -47.704948 -0.000677 
70600.000000 -46.804947 -0.000663 
70700.000000 -46.004944 -0.000651 
70800.000000 -45.504936 -0.000643 
70900.000000 -45.904930 -0.000647 
71000.000000 -46.204926 -0.000651 
71100.000000 -45.104912 -0.000634 
71200.000000 -45.204910 -0.000635 
71300.000000 -45.504906 -0.000638 
71400.000000 -44.804901 -0.000628 
71500.000000 -43.804901 -0.000613 
71600.000000 -43.804901 -0.000612 
71700.000000 -42.204895 -0.000589 
71800.000000 -41.704887 -0.000581 
71900.000000 -41.104881 -0.000572 
72000.000000 -40.704872 -0.000565 
72100.000000 -39.804871 -0.000552 
72200.000000 -38.204865 -0.000529 
72300.000000 -37.604858 -0.000520 
72400.000000 -37.604858 -0.000519 
72500.000000 -37.604858 -0.000519 
72600.000000 -36.704857 -0.000506 
72700.000000 -36.704857 -0.000505 
72800.000000 -37.004852 -0.000508 
72900.000000 -35.104851 -0.000482 
73000.000000 -35.404846 -0.000485 
73100.000000 -34.604843 -0.000473 
73200.000000 -34.804840 -0.000475 
73300.000000 -35.104836 -0.000479 
73400.000000 -35.304832 -0.000481 
73500.000000 -35.304832 -0.000480 
73600.000000 -34.504829 -0.000469 
73700.000000 -34.704826 -0.000471 
73800.000000 -34.504814 -0.000468 
73900.000000 -35.004807 -0.000474 
74000.000000 -34.404800 -0.000465 
74100.000000 -33.604797 -0.000454 
74200.000000 -34.004791 -0.000458 
74300.000000 -34.504784 -0.000464 
74400.000000 -34.904778 -0.000469 
74500.000000 -34.304771 -0.000460 
74600.000000 -34.004761 -0.000456 
74700.000000 -33.304756 -0.000446 
74800.000000 -33.404755 -0.000447 
74900.000000 -34.304741 -0.000458 
75000.000000 -33.804733 -0.000451 
75100.000000 -35.004715 -0.000466 
75200.000000 -34.704704 -0.000461 
75300.000000 -34.804703 -0.000462 
75400.000000 -34.804703 -0.000462 
75500.000000 -34.904701 -0.000462 
75600.000000 -35.904686 -0.000475 
75700.000000 -37.104668 -0.000490 
75800.000000 -37.204666 -0.000491 
75900.000000 -38.204651 -0.000503 
76000.000000 -37.404648 -0.000492 
76100.000000 -37.504646 -0.000493 
76200.000000 -37.004639 -0.000486 
76300.000000 -36.104637 -0.000473 
76400.000000 -36.404633 -0.000477 
76500.000000 -34.704628 -0.000454 
76600.000000 -35.004623 -0.000457 
76700.000000 -33.504616 -0.000437 
76800.000000 -32.504616 -0.000423 
76900.000000 -31.704613 -0.000412 
77000.000000 -32.504604 -0.000422 
77100.000000 -30.804602 -0.000400 
77200.000000 -30.704605 -0.000398 
77300.000000 -29.304607 -0.000379 
77400.000000 -28.604609 -0.000370 
77500.000000 -27.904610 -0.000360 
77600.000000 -28.304611 -0.000365 
77700.000000 -28.204615 -0.000363 
77800.000000 -28.404615 -0.000365 
77900.000000 -27.404615 -0.000352 
78000.000000 -26.404615 -0.000339 
78100.000000 -25.604616 -0.000328 
78200.000000 -25.804617 -0.000330 
78300.000000 -26.004618 -0.000332 
78400.000000 -25.604620 -0.000327 
78500.000000 -24.604620 -0.000313 
78600.000000 -25.404623 -0.000323 
78700.000000 -23.804625 -0.000302 
78800.000000 -24.704628 -0.000314 
78900.000000 -24.704628 -0.000313 
79000.000000 -24.804628 -0.000314 
79100.000000 -24.404631 -0.000309 
79200.000000 -24.504631 -0.000309 
79300.000000 -23.904633 -0.000301 
79400.000000 -24.304634 -0.000306 
79500.000000 -24.704636 -0.000311 
79600.000000 -23.904640 -0.000300 
79700.000000 -23.904640 -0.000300 
79800.000000 -23.704643 -0.000297 
79900.000000 -22.004644 -0.000275 
80000.000000 -21.404646 -0.000268 
80100.000000 -21.504646 -0.000268 
80200.000000 -21.604650 -0.000269 
80300.000000 -20.404654 -0.000254 
80400.000000 -20.404657 -0.000254 
80500.000000 -20.904659 -0.000260 
80600.000000 -21.104660 -0.000262 
80700.000000 -21.104660 -0.000262 
80800.000000 -19.204660 -0.000238 
80900.000000 -18.804663 -0.000232 
81000.000000 -18.904663 -0.000233 
81100.000000 -17.904663 -0.000221 
81200.000000 -17.204664 -0.000212 
81300.000000 -17.204664 -0.000212 
81400.000000 -17.604666 -0.000216 
81500.000000 -16.804667 -0.000206 
81600.000000 -16.804667 -0.000206 
81700.000000 -16.804667 -0.000206 
81800.000000 -16.204668 -0.000198 
81900.000000 -15.604670 -0.000191 
82000.000000 -15.604670 -0.000190 
82100.000000 -15.604670 -0.000190 
82200.000000 -14.804670 -0.000180 
82300.000000 -14.204672 -0.000173 
82400.000000 -13.504673 -0.000164 
82500.000000 -12.704674 -0.000154 
82600.000000 -12.804674 -0.000155 
82700.000000 -11.004675 -0.000133 
82800.000000 -10.604677 -0.000128 
82900.000000 -10.604677 -0.000128 
83000.000000 -10.104679 -0.000122 
83100.000000 -10.404680 -0.000125 
83200.000000 -10.804682 -0.000130 
83300.000000 -11.104683 -0.000133 
83400.000000 -10.304684 -0.000124 
83500.000000 -9.604685 -0.000115 
83600.000000 -10.404688 -0.000124 
83700.000000 -10.404688 -0.000124 
83800.000000 -10.504688 -0.000125 
83900.000000 -9.804689 -0.000117 
84000.000000 -9.804689 -0.000117 
84100.000000 -10.604692 -0.000126 
84200.000000 -9.604692 -0.000114 
84300.000000 -10.304695 -0.000122 
84400.000000 -10.504696 -0.000124 
84500.000000 -9.904697 -0.000117 
84600.000000 -10.104698 -0.000119 
84700.000000 -10.104698 -0.000119 
84800.000000 -10.404699 -0.000123 
84900.000000 -9.704700 -0.000114 
85000.000000 -9.704700 -0.000114 
85100.000000 -9.904701 -0.000116 
85200.000000 -9.104702 -0.000107 
85300.000000 -8.104702 -0.000095 
85400.000000 -6.304702 -0.000074 
85500.000000 -5.704701 -0.000067 
85600.000000 -5.804701 -0.000068 
85700.000000 -6.204701 -0.000072 
85800.000000 -4.704700 -0.000055 
85900.000000 -4.204700 -0.000049 
86000.000000 -4.704700 -0.000055 
86100.000000 -3.704700 -0.000043 
86200.000000 -2.704700 -0.000031 
86300.000000 -1.104699 -0.000013 
86400.000000 0.495301 0.000006 
86500.000000 1.095301 0.000013 
86600.000000 1.995301 0.000023 
86700.000000 1.595301 0.000018 
86800.000000 2.295300 0.000026 
86900.000000 1.795301 0.000021 
87000.000000 2.095300 0.000024 
87100.000000 2.895300 0.000033 
87200.000000 4.495301 0.000052 
87300.000000 3.795301 0.000043 
87400.000000 4.495302 0.000051 
87500.000000 4.995302 0.000057 
87600.000000 4.695302 0.000054 
87700.000000 5.595303 0.000064 
87800.000000 5.495303 0.000063 
87900.000000 5.295303 0.000060 
88000.000000 6.095303 0.000069 
88100.000000 5.995303 0.000068 
88200.000000 6.595304 0.000075 
88300.000000 7.295304 0.000083 
88400.000000 8.195304 0.000093 
88500.000000 8.895304 0.000101 
88600.000000 8.695303 0.000098 
88700.000000 8.395302 0.000095 
88800.000000 8.395302 0.000095 
88900.000000 8.295301 0.000093 
89000.000000 8.095301 0.000091 
89100.000000 7.795301 0.000087 
89200.000000 8.495301 0.000095 
89300.000000 8.495297 0.000095 
89400.000000 8.395297 0.000094 
89500.000000 8.195296 0.000092 
89600.000000 8.195296 0.000091 
89700.000000 6.995297 0.000078 
89800.000000 6.895297 0.000077 
89900.000000 6.795297 0.000076 
90000.000000 7.795297 0.000087 
90100.000000 8.295296 0.000092 
90200.000000 8.995295 0.000100 
90300.000000 9.695293 0.000107 
90400.000000 9.095291 0.000101 
90500.000000 9.995291 0.000110 
90600.000000 11.495289 0.000127 
90700.000000 13.495289 0.000149 
90800.000000 13.495285 0.000149 
90900.000000 15.495285 0.000170 
91000.000000 15.395285 0.000169 
91100.000000 15.995283 0.000176 
91200.000000 16.895283 0.000185 
91300.000000 15.695278 0.000172 
91400.000000 15.395277 0.000168 
91500.000000 16.095276 0.000176 
91600.000000 17.795275 0.000194 
91700.000000 18.395269 0.000201 
91800.000000 18.295269 0.000199 
91900.000000 18.195265 0.000198 
92000.000000 17.795263 0.000193 
92100.000000 19.495262 0.000212 
92200.000000 20.195261 0.000219 
92300.000000 20.095261 0.000218 
92400.000000 20.895260 0.000226 
92500.000000 21.595259 0.000233 
92600.000000 21.395258 0.000231 
92700.000000 21.295258 0.000230 
92800.000000 21.895256 0.000236 
92900.000000 21.695255 0.000234 
93000.000000 21.095253 0.000227 
93100.000000 20.995253 0.000226 
93200.000000 20.595251 0.000221 
93300.000000 21.395250 0.000229 
93400.000000 21.195250 0.000227 
93500.000000 21.795248 0.000233 
93600.000000 21.595247 0.000231 
93700.000000 21.595247 0.000230 
93800.000000 22.195246 0.000237 
93900.000000 21.895245 0.000233 
94000.000000 21.895245 0.000233 
94100.000000 22.495243 0.000239 
94200.000000 23.295242 0.000247 
94300.000000 23.295242 0.000247 
94400.000000 23.895241 0.000253 
94500.000000 23.895241 0.000253 
94600.000000 23.795240 0.000252 
94700.000000 23.695240 0.000250 
94800.000000 23.695240 0.000250 
94900.000000 23.395239 0.000247 
95000.000000 23.195234 0.000244 
95100.000000 22.995234 0.000242 
95200.000000 22.695232 0.000238 
95300.000000 22.595232 0.000237 
95400.000000 23.495232 0.000246 
95500.000000 24.395231 0.000255 
95600.000000 25.095230 0.000263 
95700.000000 25.095230 0.000262 
95800.000000 24.895229 0.000260 
95900.000000 24.895229 0.000260 
96000.000000 25.695229 0.000268 
96100.000000 27.395227 0.000285 
96200.000000 27.895226 0.000290 
96300.000000 28.595224 0.000297 
96400.000000 28.595224 0.000297 
96500.000000 27.895222 0.000289 
96600.000000 27.795221 0.000288 
96700.000000 27.795221 0.000287 
96800.000000 27.795221 0.000287 
96900.000000 27.695221 0.000286 
97000.000000 26.895218 0.000277 
97100.000000 27.895218 0.000287 
97200.000000 27.895218 0.000287 
97300.000000 27.695217 0.000285 
97400.000000 27.795214 0.000285 
97500.000000 27.795214 0.000285 
97600.000000 27.195211 0.000279 
97700.000000 27.895210 0.000286 
97800.000000 27.695206 0.000283 
97900.000000 27.695206 0.000283 
98000.000000 27.395205 0.000280 
98100.000000 28.195204 0.000287 
98200.000000 28.895203 0.000294 
98300.000000 28.895203 0.000294 
98400.000000 30.295200 0.000308 
98500.000000 30.195196 0.000307 
98600.000000 30.195196 0.000306 
98700.000000 29.395193 0.000298 
98800.000000 29.295189 0.000297 
98900.000000 30.095188 0.000304 
99000.000000 29.895187 0.000302 
99100.000000 30.395185 0.000307 
99200.000000 30.095184 0.000303 
99300.000000 30.095181 0.000303 
99400.000000 31.095181 0.000313 
99500.000000 30.795179 0.000309 
99600.000000 31.395178 0.000315 
99700.000000 32.795189 0.000329 
99800.000000 32.895203 0.000330 
99900.000000 33.595207 0.000336 
100000.000000 34.195213 0.000342 
100100.000000 33.995216 0.000340 
100200.000000 34.995216 0.000349 
100300.000000 36.395226 0.000363 
100400.000000 36.195229 0.000361 
100500.000000 36.895233 0.000367 
100600.000000 36.795235 0.000366 
100700.000000 36.795235 0.000365 
100800.000000 36.695236 0.000364 
100900.000000 36.495239 0.000362 
101000.000000 36.895248 0.000365 
101100.000000 36.895248 0.000365 
101200.000000 36.495255 0.000361 
101300.000000 36.095261 0.000356 
101400.000000 35.995262 0.000355 
101500.000000 35.695267 0.000352 
101600.000000 36.595268 0.000360 
101700.000000 38.395271 0.000378 
101800.000000 37.895279 0.000372 
101900.000000 38.795280 0.000381 
102000.000000 38.695282 0.000379 
102100.000000 38.495285 0.000377 
102200.000000 38.295288 0.000375 
102300.000000 37.495300 0.000367 
102400.000000 37.495300 0.000366 
102500.000000 36.795311 0.000359 
102600.000000 37.595314 0.000366 
102700.000000 37.395317 0.000364 
102800.000000 38.095322 0.000371 
102900.000000 38.595329 0.000375 
103000.000000 38.595329 0.000375 
103100.000000 38.595329 0.000374 
103200.000000 37.895340 0.000367 
103300.000000 37.895340 0.000367 
103400.000000 37.395348 0.000362 
103500.000000 38.095352 0.000368 
103600.000000 38.995354 0.000376 
103700.000000 39.695358 0.000383 
103800.000000 39.695358 0.000382 
103900.000000 39.595360 0.000381 
104000.000000 39.295364 0.000378 
104100.000000 39.295364 0.000377 
104200.000000 38.995369 0.000374 
104300.000000 39.595375 0.000380 
104400.000000 39.195381 0.000375 
104500.000000 38.995384 0.000373 
104600.000000 38.995384 0.000373 
104700.000000 39.795387 0.000380 
104800.000000 39.595390 0.000378 
104900.000000 40.195396 0.000383 
105000.000000 40.995399 0.000390 
105100.000000 40.795418 0.000388 
105200.000000 41.695419 0.000396 
105300.000000 41.595421 0.000395 
105400.000000 39.995445 0.000379 
105500.000000 39.895447 0.000378 
105600.000000 40.895447 0.000387 
105700.000000 40.795448 0.000386 
105800.000000 40.695450 0.000385 
105900.000000 41.495453 0.000392 
106000.000000 42.395454 0.000400 
106100.000000 42.395454 0.000400 
106200.000000 42.795464 0.000403 
106300.000000 42.795464 0.000403 
106400.000000 43.395470 0.000408 
106500.000000 42.795479 0.000402 
106600.000000 43.795479 0.000411 
106700.000000 43.795479 0.000410 
106800.000000 43.495483 0.000407 
106900.000000 43.495483 0.000407 
107000.000000 44.195488 0.000413 
107100.000000 44.495499 0.000415 
107200.000000 43.895508 0.000409 
107300.000000 44.795509 0.000417 
107400.000000 44.595512 0.000415 
107500.000000 44.195518 0.000411 
107600.000000 43.895523 0.000408 
107700.000000 45.895523 0.000426 
107800.000000 45.895523 0.000426 
107900.000000 45.895523 0.000425 
108000.000000 45.895523 0.000425 
108100.000000 45.695526 0.000423 
108200.000000 45.595528 0.000421 
108300.000000 46.495529 0.000429 
108400.000000 46.495529 0.000429 
108500.000000 46.495529 0.000429 
108600.000000 47.395531 0.000436 
108700.000000 48.295532 0.000444 
108800.000000 48.295532 0.000444 
108900.000000 48.995537 0.000450 
109000.000000 49.595543 0.000455 
109100.000000 49.495544 0.000454 
109200.000000 49.195549 0.000451 
109300.000000 49.995552 0.000457 
109400.000000 49.395561 0.000452 
109500.000000 49.395561 0.000451 
109600.000000 49.295563 0.000450 
109700.000000 50.295563 0.000458 
109800.000000 50.995567 0.000464 
109900.000000 51.495575 0.000469 
110000.000000 50.995583 0.000464 
110100.000000 50.995583 0.000463 
110200.000000 50.895584 0.000462 
110300.000000 50.595589 0.000459 
110400.000000 50.295609 0.000456 
110500.000000 49.695618 0.000450 
110600.000000 49.695618 0.000449 
110700.000000 49.195625 0.000444 
110800.000000 48.995628 0.000442 
110900.000000 49.795631 0.000449 
111000.000000 49.495636 0.000446 
111100.000000 48.895645 0.000440 
111200.000000 48.895645 0.000440 
111300.000000 48.895645 0.000439 
111400.000000 48.795647 0.000438 
111500.000000 48.795647 0.000438 
111600.000000 48.695648 0.000436 
111700.000000 49.595650 0.000444 
111800.000000 49.495651 0.000443 
111900.000000 49.495651 0.000442 
112000.000000 49.495651 0.000442 
112100.000000 49.395653 0.000441 
112200.000000 49.995659 0.000446 
112300.000000 49.995659 0.000445 
112400.000000 49.995659 0.000445 
112500.000000 49.995659 0.000444 
112600.000000 49.995659 0.000444 
112700.000000 49.295670 0.000437 
112800.000000 49.195671 0.000436 
112900.000000 48.595680 0.000430 
113000.000000 48.095688 0.000426 
113100.000000 47.595695 0.000421 
113200.000000 47.595695 0.000420 
113300.000000 48.195702 0.000425 
113400.000000 48.995705 0.000432 
113500.000000 49.895706 0.000440 
113600.000000 49.895706 0.000439 
113700.000000 49.895706 0.000439 
113800.000000 49.895706 0.000438 
113900.000000 50.595711 0.000444 
114000.000000 50.495712 0.000443 
114100.000000 50.495712 0.000443 
114200.000000 49.895721 0.000437 
114300.000000 50.895721 0.000445 
114400.000000 50.895721 0.000445 
114500.000000 50.895721 0.000445 
114600.000000 50.895721 0.000444 
114700.000000 50.395729 0.000439 
114800.000000 51.195732 0.000446 
114900.000000 51.495743 0.000448 
115000.000000 52.295746 0.000455 
115100.000000 52.395760 0.000455 
115200.000000 52.695770 0.000457 
115300.000000 53.495773 0.000464 
115400.000000 54.195778 0.000470 
115500.000000 53.495789 0.000463 
115600.000000 54.495789 0.000471 
115700.000000 54.595802 0.000472 
115800.000000 54.095810 0.000467 
115900.000000 53.895813 0.000465 
116000.000000 53.395821 0.000460 
116100.000000 54.195824 0.000467 
116200.000000 52.895844 0.000455 
116300.000000 52.595848 0.000452 
116400.000000 52.995857 0.000455 
116500.000000 52.995857 0.000455 
116600.000000 53.395866 0.000458 
116700.000000 54.395866 0.000466 
116800.000000 55.295868 0.000473 
116900.000000 54.895874 0.000470 
117000.000000 55.695877 0.000476 
117100.000000 55.895889 0.000477 
117200.000000 55.895889 0.000477 
117300.000000 56.595894 0.000482 
117400.000000 56.595894 0.000482 
117500.000000 56.595894 0.000482 
117600.000000 57.395897 0.000488 
117700.000000 58.295898 0.000495 
117800.000000 60.095901 0.000510 
117900.000000 60.595909 0.000514 
118000.000000 60.595909 0.000514 
118100.000000 61.195915 0.000518 
118200.000000 61.695923 0.000522 
118300.000000 62.595924 0.000529 
118400.000000 63.495926 0.000536 
118500.000000 64.195930 0.000542 
118600.000000 63.495941 0.000535 
118700.000000 63.295944 0.000533 
118800.000000 63.595955 0.000535 
118900.000000 63.995964 0.000538 
119000.000000 64.695969 0.000544 
119100.000000 64.495972 0.000542 
119200.000000 64.195976 0.000539 
119300.000000 64.495987 0.000541 
119400.000000 64.195992 0.000538 
119500.000000 63.695999 0.000533 
119600.000000 64.396004 0.000538 
119700.000000 64.896011 0.000542 
119800.000000 64.396019 0.000538 
119900.000000 65.096024 0.000543 
120000.000000 64.996025 0.000542 
120100.000000 64.896027 0.000540 
120200.000000 64.496033 0.000537 
120300.000000 64.496033 0.000536 
120400.000000 64.496033 0.000536 
120500.000000 63.996040 0.000531 
120600.000000 64.896042 0.000538 
120700.000000 64.896042 0.000538 
120800.000000 63.796059 0.000528 
120900.000000 64.496063 0.000533 
121000.000000 65.296066 0.000540 
121100.000000 66.196068 0.000547 
121200.000000 65.396080 0.000540 
121300.000000 66.196083 0.000546 
121400.000000 67.096085 0.000553 
121500.000000 67.796089 0.000558 
121600.000000 68.096100 0.000560 
121700.000000 68.096100 0.000560 
121800.000000 67.796104 0.000557 
121900.000000 68.696106 0.000564 
122000.000000 68.396111 0.000561 
122100.000000 68.796120 0.000563 
122200.000000 68.796120 0.000563 
122300.000000 67.996132 0.000556 
122400.000000 67.596138 0.000552 
122500.000000 68.596138 0.000560 
122600.000000 68.596138 0.000560 
122700.000000 68.596138 0.000559 
122800.000000 70.196144 0.000572 
122900.000000 69.996147 0.000570 
123000.000000 70.896149 0.000576 
123100.000000 71.396156 0.000580 
123200.000000 72.196159 0.000586 
123300.000000 72.196159 0.000586 
123400.000000 73.096161 0.000592 
123500.000000 73.896164 0.000598 
123600.000000 75.796165 0.000613 
123700.000000 75.496170 0.000610 
123800.000000 77.396172 0.000625 
123900.000000 77.396172 0.000625 
124000.000000 77.596184 0.000626 
124100.000000 77.296188 0.000623 
124200.000000 79.196190 0.000638 
124300.000000 80.196190 0.000645 
124400.000000 80.996193 0.000651 
124500.000000 80.796196 0.000649 
124600.000000 81.696198 0.000656 
124700.000000 81.196205 0.000651 
124800.000000 81.996208 0.000657 
124900.000000 81.996208 0.000656 
125000.000000 81.796211 0.000654 
125100.000000 83.796211 0.000670 
125200.000000 84.496216 0.000675 
125300.000000 85.296219 0.000681 
125400.000000 86.096222 0.000687 
125500.000000 86.896225 0.000692 
125600.000000 87.896225 0.000700 
125700.000000 87.896225 0.000699 
125800.000000 87.896225 0.000699 
125900.000000 88.896225 0.000706 
126000.000000 89.896225 0.000713 
126100.000000 90.596230 0.000718 
126200.000000 90.496231 0.000717 
126300.000000 91.496231 0.000724 
126400.000000 91.896240 0.000727 
126500.000000 91.896255 0.000726 
126600.000000 91.796257 0.000725 
126700.000000 91.696259 0.000724 
126800.000000 91.496262 0.000722 
126900.000000 91.296280 0.000719 
127000.000000 92.196281 0.000726 
127100.000000 93.196281 0.000733 
127200.000000 93.996284 0.000739 
127300.000000 93.896286 0.000738 
127400.000000 93.596291 0.000735 
127500.000000 93.296295 0.000732 
127600.000000 94.296295 0.000739 
127700.000000 94.296295 0.000738 
127800.000000 94.296295 0.000738 
127900.000000 94.196297 0.000736 
128000.000000 94.996300 0.000742 
128100.000000 94.396309 0.000737 
128200.000000 93.696320 0.000731 
128300.000000 93.496323 0.000729 
128400.000000 93.296326 0.000727 
128500.000000 93.196327 0.000725 
128600.000000 92.996330 0.000723 
128700.000000 92.796333 0.000721 
128800.000000 92.496338 0.000718 
128900.000000 92.996346 0.000721 
129000.000000 92.796349 0.000719 
129100.000000 92.696350 0.000718 
129200.000000 92.696350 0.000717 
129300.000000 93.696350 0.000725 
129400.000000 94.096359 0.000727 
129500.000000 94.996361 0.000734 
129600.000000 95.996361 0.000741 
129700.000000 95.996361 0.000740 
129800.000000 95.996361 0.000740 
129900.000000 95.796364 0.000737 
130000.000000 96.796364 0.000745 
130100.000000 96.796364 0.000744 
130200.000000 96.796364 0.000743 
130300.000000 96.696365 0.000742 
130400.000000 96.696365 0.000742 
130500.000000 96.696365 0.000741 
130600.000000 96.496368 0.000739 
130700.000000 96.996376 0.000742 
130800.000000 97.996376 0.000749 
130900.000000 97.396385 0.000744 
131000.000000 96.896393 0.000740 
131100.000000 97.096405 0.000741 
131200.000000 97.096405 0.000740 
131300.000000 96.696411 0.000736 
131400.000000 96.296417 0.000733 
131500.000000 96.096420 0.000731 
131600.000000 95.296432 0.000724 
131700.000000 95.796440 0.000727 
131800.000000 95.896454 0.000728 
131900.000000 95.696457 0.000726 
132000.000000 95.296463 0.000722 
132100.000000 95.196480 0.000721 
132200.000000 94.696487 0.000716 
132300.000000 94.096497 0.000711 
132400.000000 94.996498 0.000717 
132500.000000 94.696503 0.000715 
132600.000000 95.596504 0.000721 
132700.000000 95.396507 0.000719 
132800.000000 95.196510 0.000717 
132900.000000 94.996513 0.000715 
133000.000000 94.696518 0.000712 
133100.000000 94.296524 0.000708 
133200.000000 94.996529 0.000713 
133300.000000 94.496536 0.000709 
133400.000000 94.496536 0.000708 
133500.000000 94.396538 0.000707 
133600.000000 95.196541 0.000713 
133700.000000 95.196541 0.000712 
133800.000000 95.996544 0.000717 
133900.000000 96.996544 0.000724 
134000.000000 97.796547 0.000730 
134100.000000 98.796547 0.000737 
134200.000000 99.796547 0.000744 
134300.000000 99.796547 0.000743 
134400.000000 99.796547 0.000743 
134500.000000 100.496552 0.000747 
134600.000000 100.796562 0.000749 
134700.000000 100.796562 0.000748 
134800.000000 101.796562 0.000755 
134900.000000 101.796562 0.000755 
135000.000000 101.796562 0.000754 
135100.000000 101.696564 0.000753 
135200.000000 101.696564 0.000752 
135300.000000 102.296570 0.000756 
135400.000000 103.296570 0.000763 
135500.000000 102.896576 0.000759 
135600.000000 102.896576 0.000759 
135700.000000 102.896576 0.000758 
135800.000000 103.796577 0.000764 
135900.000000 103.796577 0.000764 
136000.000000 104.796577 0.000771 
136100.000000 104.796577 0.000770 
136200.000000 105.196587 0.000772 
136300.000000 106.196587 0.000779 
136400.000000 106.196587 0.000779 
136500.000000 105.796593 0.000775 
136600.000000 105.796593 0.000774 
136700.000000 105.596596 0.000772 
136800.000000 105.496597 0.000771 
136900.000000 105.496597 0.000771 
137000.000000 105.296600 0.000769 
137100.000000 106.296600 0.000775 
137200.000000 105.796608 0.000771 
137300.000000 105.496613 0.000768 
137400.000000 105.496613 0.000768 
137500.000000 105.496613 0.000767 
137600.000000 105.196617 0.000765 
137700.000000 104.996620 0.000763 
137800.000000 104.496628 0.000758 
137900.000000 105.396629 0.000764 
138000.000000 105.396629 0.000764 
138100.000000 105.396629 0.000763 
138200.000000 106.396629 0.000770 
138300.000000 105.996635 0.000766 
138400.000000 105.896637 0.000765 
138500.000000 106.296646 0.000767 
138600.000000 107.196648 0.000773 
138700.000000 106.996651 0.000771 
138800.000000 107.796654 0.000777 
138900.000000 107.796654 0.000776 
139000.000000 107.796654 0.000776 
139100.000000 107.696655 0.000774 
139200.000000 107.496658 0.000772 
139300.000000 107.496658 0.000772 
139400.000000 107.396660 0.000770 
139500.000000 106.796669 0.000766 
139600.000000 106.696671 0.000764 
139700.000000 106.396675 0.000762 
139800.000000 106.396675 0.000761 
139900.000000 106.396675 0.000761 
140000.000000 106.296677 0.000759 
140100.000000 106.296677 0.000759 
140200.000000 106.196678 0.000757 
140300.000000 106.096680 0.000756 
140400.000000 106.096680 0.000756 
140500.000000 105.696686 0.000752 
140600.000000 105.696686 0.000752 
140700.000000 105.696686 0.000751 
140800.000000 105.696686 0.000751 
140900.000000 105.596687 0.000749 
141000.000000 104.196709 0.000739 
141100.000000 104.196709 0.000738 
141200.000000 104.196709 0.000738 
141300.000000 104.196709 0.000737 
141400.000000 105.196709 0.000744 
141500.000000 105.996712 0.000749 
141600.000000 105.996712 0.000749 
141700.000000 105.796715 0.000747 
141800.000000 105.796715 0.000746 
141900.000000 105.796715 0.000746 
142000.000000 106.696716 0.000751 
142100.000000 106.696716 0.000751 
142200.000000 106.696716 0.000750 
142300.000000 107.696716 0.000757 
142400.000000 108.696716 0.000763 
142500.000000 108.696716 0.000763 
142600.000000 108.496719 0.000761 
142700.000000 108.496719 0.000760 
142800.000000 108.496719 0.000760 
142900.000000 109.496719 0.000766 
143000.000000 109.496719 0.000766 
143100.000000 109.496719 0.000765 
143200.000000 109.496719 0.000765 
143300.000000 109.496719 0.000764 
143400.000000 109.496719 0.000764 
143500.000000 109.896729 0.000766 
143600.000000 109.596733 0.000763 
143700.000000 109.196739 0.000760 
143800.000000 109.096741 0.000759 
143900.000000 108.896744 0.000757 
144000.000000 108.596748 0.000754 
144100.000000 108.396751 0.000752 
144200.000000 108.296753 0.000751 
144300.000000 109.296753 0.000757 
144400.000000 109.096756 0.000756 
144500.000000 108.596764 0.000752 
144600.000000 108.396767 0.000750 
144700.000000 109.396767 0.000756 
144800.000000 108.796776 0.000751 
144900.000000 109.796776 0.000758 
145000.000000 109.796776 0.000757 
145100.000000 110.796776 0.000764 
145200.000000 111.696777 0.000769 
145300.000000 111.696777 0.000769 
145400.000000 112.696777 0.000775 
145500.000000 113.296783 0.000779 
145600.000000 113.196785 0.000777 
145700.000000 114.196785 0.000784 
145800.000000 114.196785 0.000783 
145900.000000 114.196785 0.000783 
146000.000000 114.096786 0.000781 
146100.000000 114.096786 0.000781 
146200.000000 113.496796 0.000776 
146300.000000 113.096802 0.000773 
146400.000000 113.096802 0.000773 
146500.000000 112.396812 0.000767 
146600.000000 112.296814 0.000766 
146700.000000 111.596825 0.000761 
146800.000000 111.596825 0.000760 
146900.000000 111.496826 0.000759 
147000.000000 111.496826 0.000758 
147100.000000 111.396828 0.000757 
147200.000000 111.296829 0.000756 
147300.000000 111.296829 0.000756 
147400.000000 112.296829 0.000762 
147500.000000 112.196831 0.000761 
147600.000000 112.196831 0.000760 
147700.000000 113.096832 0.000766 
147800.000000 114.096832 0.000772 
147900.000000 113.396843 0.000767 
148000.000000 113.196846 0.000765 
148100.000000 112.696854 0.000761 
148200.000000 113.496857 0.000766 
148300.000000 113.496857 0.000765 
148400.000000 113.396858 0.000764 
148500.000000 113.296860 0.000763 
148600.000000 113.296860 0.000762 
148700.000000 112.796867 0.000759 
148800.000000 113.796867 0.000765 
148900.000000 113.796867 0.000764 
149000.000000 114.796867 0.000770 
149100.000000 114.796867 0.000770 
149200.000000 114.796867 0.000769 
149300.000000 114.696869 0.000768 
149400.000000 114.696869 0.000768 
149500.000000 114.596870 0.000767 
149600.000000 113.896881 0.000761 
149700.000000 114.396889 0.000764 
149800.000000 114.396889 0.000764 
149900.000000 114.396889 0.000763 
150000.000000 114.196892 0.000761 
150100.000000 114.196892 0.000761 
150200.000000 114.196892 0.000760 
150300.000000 114.996895 0.000765 
150400.000000 114.996895 0.000765 
150500.000000 114.696899 0.000762 
150600.000000 114.496902 0.000760 
150700.000000 115.496902 0.000766 
150800.000000 115.496902 0.000766 
150900.000000 116.396904 0.000771 
151000.000000 116.296906 0.000770 
151100.000000 116.196907 0.000769 
151200.000000 117.196907 0.000775 
151300.000000 117.096909 0.000774 
151400.000000 117.896912 0.000779 
151500.000000 117.496918 0.000776 
151600.000000 117.296921 0.000774 
151700.000000 118.296921 0.000780 
151800.000000 117.896927 0.000777 
151900.000000 117.596931 0.000774 
152000.000000 117.296936 0.000772 
152100.000000 117.296936 0.000771 
152200.000000 117.096939 0.000769 
152300.000000 117.096939 0.000769 
152400.000000 116.996941 0.000768 
152500.000000 116.996941 0.000767 
152600.000000 116.996941 0.000767 
152700.000000 116.696945 0.000764 
152800.000000 116.596947 0.000763 
152900.000000 117.196953 0.000766 
153000.000000 116.796959 0.000763 
153100.000000 116.696960 0.000762 
153200.000000 116.296967 0.000759 
153300.000000 116.096970 0.000757 
153400.000000 115.996971 0.000756 
153500.000000 116.796974 0.000761 
153600.000000 116.396980 0.000758 
153700.000000 116.396980 0.000757 
153800.000000 116.396980 0.000757 
153900.000000 117.296982 0.000762 
154000.000000 116.996986 0.000760 
154100.000000 117.796989 0.000764 
154200.000000 117.796989 0.000764 
154300.000000 118.296997 0.000767 
154400.000000 118.097000 0.000765 
154500.000000 118.097000 0.000764 
154600.000000 117.297012 0.000759 
154700.000000 118.297012 0.000765 
154800.000000 118.297012 0.000764 
154900.000000 118.297012 0.000764 
155000.000000 119.297012 0.000770 
155100.000000 119.197014 0.000769 
155200.000000 119.997017 0.000773 
155300.000000 119.897018 0.000772 
155400.000000 119.897018 0.000772 
155500.000000 119.497025 0.000768 
155600.000000 120.097031 0.000772 
155700.000000 119.997032 0.000771 
155800.000000 119.997032 0.000770 
155900.000000 120.797035 0.000775 
156000.000000 120.597038 0.000773 
156100.000000 121.597038 0.000779 
156200.000000 122.197044 0.000782 
156300.000000 122.197044 0.000782 
156400.000000 121.597054 0.000777 
156500.000000 121.397057 0.000776 
156600.000000 121.297058 0.000775 
156700.000000 121.297058 0.000774 
156800.000000 121.297058 0.000774 
156900.000000 120.997063 0.000771 
157000.000000 120.897064 0.000770 
157100.000000 120.697067 0.000768 
157200.000000 120.597069 0.000767 
157300.000000 120.597069 0.000767 
157400.000000 120.597069 0.000766 
157500.000000 120.397072 0.000764 
157600.000000 120.197075 0.000763 
157700.000000 121.197075 0.000769 
157800.000000 121.997078 0.000773 
157900.000000 121.897079 0.000772 
158000.000000 121.897079 0.000772 
158100.000000 121.697083 0.000770 
158200.000000 122.697083 0.000776 
158300.000000 122.697083 0.000775 
158400.000000 122.697083 0.000775 
158500.000000 122.597084 0.000773 
158600.000000 122.197090 0.000770 
158700.000000 122.997093 0.000775 
158800.000000 122.997093 0.000775 
158900.000000 122.897095 0.000773 
159000.000000 122.897095 0.000773 
159100.000000 122.797096 0.000772 
159200.000000 123.597099 0.000776 
159300.000000 124.597099 0.000782 
159400.000000 125.397102 0.000787 
159500.000000 126.297104 0.000792 
159600.000000 127.097107 0.000796 
159700.000000 127.097107 0.000796 
159800.000000 127.897110 0.000800 
159900.000000 128.597107 0.000804 
160000.000000 128.597107 0.000804 
160100.000000 129.197083 0.000807 
160200.000000 128.797058 0.000804 
160300.000000 129.797058 0.000810 
160400.000000 129.697052 0.000809 
160500.000000 131.597046 0.000820 
160600.000000 132.197021 0.000823 
160700.000000 133.197021 0.000829 
160800.000000 132.997009 0.000827 
160900.000000 132.897003 0.000826 
161000.000000 134.796997 0.000837 
161100.000000 133.996948 0.000832 
161200.000000 133.396912 0.000828 
161300.000000 133.396912 0.000827 
161400.000000 133.696869 0.000828 
161500.000000 133.596863 0.000827 
161600.000000 133.596863 0.000827 
161700.000000 133.096832 0.000823 
161800.000000 133.096832 0.000823 
161900.000000 134.096832 0.000828 
162000.000000 133.996826 0.000827 
162100.000000 134.996826 0.000833 
162200.000000 135.596802 0.000836 
162300.000000 135.596802 0.000835 
162400.000000 135.596802 0.000835 
162500.000000 135.596802 0.000834 
162600.000000 135.596802 0.000834 
162700.000000 135.596802 0.000833 
162800.000000 135.596802 0.000833 
162900.000000 135.296783 0.000831 
163000.000000 136.196777 0.000836 
163100.000000 136.096771 0.000834 
163200.000000 136.896759 0.000839 
163300.000000 136.096710 0.000833 
163400.000000 136.796692 0.000837 
163500.000000 136.796692 0.000837 
163600.000000 135.696625 0.000829 
163700.000000 136.696625 0.000835 
163800.000000 135.996582 0.000830 
163900.000000 135.896576 0.000829 
164000.000000 136.696564 0.000834 
164100.000000 137.496552 0.000838 
164200.000000 137.096527 0.000835 
164300.000000 136.896515 0.000833 
164400.000000 136.996460 0.000833 
164500.000000 136.996460 0.000833 
164600.000000 137.796448 0.000837 
164700.000000 137.796448 0.000837 
164800.000000 137.796448 0.000836 
164900.000000 137.796448 0.000836 
165000.000000 137.596436 0.000834 
165100.000000 137.596436 0.000833 
165200.000000 137.596436 0.000833 
165300.000000 137.396423 0.000831 
165400.000000 137.396423 0.000831 
165500.000000 137.196411 0.000829 
165600.000000 137.196411 0.000828 
165700.000000 137.196411 0.000828 
165800.000000 137.196411 0.000827 
165900.000000 138.196411 0.000833 
166000.000000 138.196411 0.000833 
166100.000000 138.196411 0.000832 
166200.000000 138.196411 0.000832 
166300.000000 139.196411 0.000837 
166400.000000 139.196411 0.000837 
166500.000000 139.196411 0.000836 
166600.000000 138.896393 0.000834 
166700.000000 138.196350 0.000829 
166800.000000 138.096344 0.000828 
166900.000000 138.096344 0.000827 
167000.000000 138.096344 0.000827 
167100.000000 137.896332 0.000825 
167200.000000 137.896332 0.000825 
167300.000000 137.896332 0.000824 
167400.000000 137.896332 0.000824 
167500.000000 137.296295 0.000820 
167600.000000 138.196289 0.000825 
167700.000000 138.196289 0.000824 
167800.000000 138.196289 0.000824 
167900.000000 138.196289 0.000823 
168000.000000 138.196289 0.000823 
168100.000000 138.196289 0.000822 
168200.000000 139.096283 0.000827 
168300.000000 138.896271 0.000825 
168400.000000 138.796265 0.000824 
168500.000000 138.796265 0.000824 
168600.000000 139.396240 0.000827 
168700.000000 139.296234 0.000826 
168800.000000 139.196228 0.000825 
168900.000000 138.896210 0.000822 
169000.000000 138.796204 0.000821 
169100.000000 139.296173 0.000824 
169200.000000 137.596069 0.000813 
169300.000000 137.596069 0.000813 
169400.000000 137.896027 0.000814 
169500.000000 137.496002 0.000811 
169600.000000 138.496002 0.000817 
169700.000000 138.496002 0.000816 
169800.000000 138.095978 0.000813 
169900.000000 138.095978 0.000813 
170000.000000 138.995972 0.000818 
170100.000000 138.795959 0.000816 
170200.000000 138.395935 0.000813 
170300.000000 137.495880 0.000807 
170400.000000 137.295868 0.000806 
170500.000000 136.995850 0.000803 
170600.000000 136.995850 0.000803 
170700.000000 136.395813 0.000799 
170800.000000 136.095795 0.000797 
170900.000000 135.895782 0.000795 
171000.000000 135.695770 0.000794 
171100.000000 135.595764 0.000792 
171200.000000 135.395752 0.000791 
171300.000000 136.295746 0.000796 
171400.000000 136.195740 0.000795 
171500.000000 136.095734 0.000794 
171600.000000 135.395691 0.000789 
171700.000000 136.395691 0.000794 
171800.000000 136.195679 0.000793 
171900.000000 135.895660 0.000791 
172000.000000 135.795654 0.000790 
172100.000000 135.795654 0.000789 
172200.000000 135.795654 0.000789 
172300.000000 135.795654 0.000788 
172400.000000 135.795654 0.000788 
172500.000000 135.695648 0.000787 
172600.000000 135.495636 0.000785 
172700.000000 135.495636 0.000785 
172800.000000 135.295624 0.000783 
172900.000000 135.195618 0.000782 
173000.000000 134.895599 0.000780 
173100.000000 134.895599 0.000779 
173200.000000 134.395569 0.000776 
173300.000000 135.195557 0.000780 
173400.000000 135.795532 0.000783 
173500.000000 135.795532 0.000783 
173600.000000 135.795532 0.000782 
173700.000000 135.695526 0.000781 
173800.000000 135.595520 0.000780 
173900.000000 135.095490 0.000777 
174000.000000 135.095490 0.000776 
174100.000000 135.795471 0.000780 
174200.000000 135.795471 0.000780 
174300.000000 135.395447 0.000777 
174400.000000 135.395447 0.000776 
174500.000000 135.395447 0.000776 
174600.000000 135.095428 0.000774 
174700.000000 135.095428 0.000773 
174800.000000 135.095428 0.000773 
174900.000000 135.095428 0.000772 
175000.000000 135.095428 0.000772 
175100.000000 134.695404 0.000769 
175200.000000 134.695404 0.000769 
175300.000000 134.695404 0.000768 
175400.000000 135.395386 0.000772 
175500.000000 135.195374 0.000770 
175600.000000 135.895355 0.000774 
175700.000000 136.895355 0.000779 
175800.000000 136.895355 0.000779 
175900.000000 136.395325 0.000775 
176000.000000 136.295319 0.000774 
176100.000000 136.195312 0.000773 
176200.000000 136.195312 0.000773 
176300.000000 136.195312 0.000773 
176400.000000 137.195312 0.000778 
176500.000000 137.195312 0.000777 
176600.000000 137.195312 0.000777 
176700.000000 138.195312 0.000782 
176800.000000 138.195312 0.000782 
176900.000000 137.995300 0.000780 
177000.000000 137.995300 0.000780 
177100.000000 137.695282 0.000778 
177200.000000 137.595276 0.000776 
177300.000000 137.495270 0.000775 
177400.000000 137.495270 0.000775 
177500.000000 138.495270 0.000780 
177600.000000 138.495270 0.000780 
177700.000000 138.295258 0.000778 
177800.000000 138.195251 0.000777 
177900.000000 138.195251 0.000777 
178000.000000 137.695221 0.000774 
178100.000000 137.695221 0.000773 
178200.000000 137.595215 0.000772 
178300.000000 137.395203 0.000771 
178400.000000 138.095184 0.000774 
178500.000000 138.295135 0.000775 
178600.000000 138.295135 0.000774 
178700.000000 138.295135 0.000774 
178800.000000 138.095123 0.000772 
178900.000000 137.495087 0.000769 
179000.000000 138.495087 0.000774 
179100.000000 139.295074 0.000778 
179200.000000 139.095062 0.000776 
179300.000000 138.795044 0.000774 
179400.000000 138.795044 0.000774 
179500.000000 138.795044 0.000773 
179600.000000 139.795044 0.000778 
179700.000000 139.795044 0.000778 
179800.000000 139.595032 0.000776 
179900.000000 139.495026 0.000775 
180000.000000 139.495026 0.000775 
180100.000000 139.295013 0.000773 
180200.000000 139.295013 0.000773 
180300.000000 139.295013 0.000773 
180400.000000 139.095001 0.000771 
180500.000000 138.894989 0.000770 
180600.000000 138.894989 0.000769 
180700.000000 138.594971 0.000767 
180800.000000 138.494965 0.000766 
180900.000000 138.494965 0.000766 
181000.000000 138.494965 0.000765 
181100.000000 138.394958 0.000764 
181200.000000 137.994934 0.000762 
181300.000000 137.994934 0.000761 
181400.000000 138.794922 0.000765 
181500.000000 138.394897 0.000763 
181600.000000 138.394897 0.000762 
181700.000000 137.494843 0.000757 
181800.000000 137.394836 0.000756 
181900.000000 137.194824 0.000754 
182000.000000 136.994812 0.000753 
182100.000000 136.994812 0.000752 
182200.000000 136.994812 0.000752 
182300.000000 136.894806 0.000751 
182400.000000 136.894806 0.000751 
182500.000000 137.594788 0.000754 
182600.000000 138.594788 0.000759 
182700.000000 138.594788 0.000759 
182800.000000 139.294769 0.000762 
182900.000000 139.294769 0.000762 
183000.000000 139.194763 0.000761 
183100.000000 140.094757 0.000765 
183200.000000 140.094757 0.000765 
183300.000000 139.994751 0.000764 
183400.000000 139.694733 0.000762 
183500.000000 139.694733 0.000761 
183600.000000 139.694733 0.000761 
183700.000000 139.394714 0.000759 
183800.000000 139.394714 0.000758 
183900.000000 140.294708 0.000763 
184000.000000 140.994690 0.000766 
184100.000000 140.994690 0.000766 
184200.000000 141.694672 0.000769 
184300.000000 141.594666 0.000768 
184400.000000 141.594666 0.000768 
184500.000000 140.794617 0.000763 
184600.000000 141.794617 0.000768 
184700.000000 141.394592 0.000766 
184800.000000 141.394592 0.000765 
184900.000000 141.994568 0.000768 
185000.000000 141.694550 0.000766 
185100.000000 143.594543 0.000776 
185200.000000 144.394531 0.000780 
185300.000000 144.894501 0.000782 
185400.000000 144.794495 0.000781 
185500.000000 145.594482 0.000785 
185600.000000 145.594482 0.000784 
185700.000000 145.094452 0.000781 
185800.000000 144.694427 0.000779 
185900.000000 145.694427 0.000784 
186000.000000 145.594421 0.000783 
186100.000000 145.594421 0.000782 
186200.000000 146.394409 0.000786 
186300.000000 146.394409 0.000786 
186400.000000 146.394409 0.000785 
186500.000000 146.994385 0.000788 
186600.000000 145.994324 0.000782 
186700.000000 145.894318 0.000781 
186800.000000 146.894318 0.000786 
186900.000000 147.894318 0.000791 
187000.000000 147.794312 0.000790 
187100.000000 147.694305 0.000789 
187200.000000 148.594299 0.000794 
187300.000000 149.394287 0.000798 
187400.000000 149.394287 0.000797 
187500.000000 150.094269 0.000801 
187600.000000 150.094269 0.000800 
187700.000000 149.594238 0.000797 
187800.000000 150.594238 0.000802 
187900.000000 150.594238 0.000801 
188000.000000 150.494232 0.000801 
188100.000000 150.294220 0.000799 
188200.000000 151.294220 0.000804 
188300.000000 151.194214 0.000803 
188400.000000 151.194214 0.000803 
188500.000000 151.194214 0.000802 
188600.000000 151.794189 0.000805 
188700.000000 151.594177 0.000803 
188800.000000 151.594177 0.000803 
188900.000000 152.494171 0.000807 
189000.000000 153.494171 0.000812 
189100.000000 154.494171 0.000817 
189200.000000 154.494171 0.000817 
189300.000000 154.494171 0.000816 
189400.000000 154.494171 0.000816 
189500.000000 155.994141 0.000823 
189600.000000 155.894135 0.000822 
189700.000000 155.594116 0.000820 
189800.000000 156.594116 0.000825 
189900.000000 156.594116 0.000825 
190000.000000 156.494110 0.000824 
190100.000000 155.794067 0.000820 
190200.000000 155.194031 0.000816 
190300.000000 155.593994 0.000818 
190400.000000 156.593994 0.000822 
190500.000000 156.493988 0.000821 
190600.000000 156.493988 0.000821 
190700.000000 157.493988 0.000826 
190800.000000 156.693939 0.000821 
190900.000000 157.693939 0.000826 
191000.000000 157.293915 0.000824 
191100.000000 157.193909 0.000823 
191200.000000 156.693878 0.000820 
191300.000000 156.693878 0.000819 
191400.000000 156.693878 0.000819 
191500.000000 156.693878 0.000818 
191600.000000 156.593872 0.000817 
191700.000000 156.393860 0.000816 
191800.000000 156.293854 0.000815 
191900.000000 156.193848 0.000814 
192000.000000 156.193848 0.000814 
192100.000000 156.193848 0.000813 
192200.000000 156.093842 0.000812 
192300.000000 155.993835 0.000811 
192400.000000 155.993835 0.000811 
192500.000000 155.993835 0.000810 
192600.000000 155.993835 0.000810 
192700.000000 155.993835 0.000810 
192800.000000 155.593811 0.000807 
192900.000000 155.593811 0.000807 
193000.000000 155.593811 0.000806 
193100.000000 155.593811 0.000806 
193200.000000 155.593811 0.000805 
193300.000000 155.593811 0.000805 
193400.000000 156.393799 0.000809 
193500.000000 156.393799 0.000808 
193600.000000 156.393799 0.000808 
193700.000000 155.893768 0.000805 
193800.000000 155.793762 0.000804 
193900.000000 155.593750 0.000802 
194000.000000 155.593750 0.000802 
194100.000000 155.593750 0.000802 
194200.000000 155.293732 0.000800 
194300.000000 154.993713 0.000798 
194400.000000 154.693695 0.000796 
194500.000000 155.693695 0.000800 
194600.000000 155.693695 0.000800 
194700.000000 156.693695 0.000805 
194800.000000 156.593689 0.000804 
194900.000000 157.293671 0.000807 
195000.000000 156.993652 0.000805 
195100.000000 156.893646 0.000804 
195200.000000 156.893646 0.000804 
195300.000000 156.893646 0.000803 
195400.000000 157.793640 0.000808 
195500.000000 158.493622 0.000811 
195600.000000 158.193604 0.000809 
195700.000000 158.793579 0.000811 
195800.000000 158.793579 0.000811 
195900.000000 158.593567 0.000810 
196000.000000 158.593567 0.000809 
196100.000000 158.393555 0.000808 
196200.000000 158.393555 0.000807 
196300.000000 158.393555 0.000807 
196400.000000 158.393555 0.000806 
196500.000000 159.193542 0.000810 
196600.000000 159.893524 0.000813 
196700.000000 159.893524 0.000813 
196800.000000 159.893524 0.000812 
196900.000000 160.593506 0.000816 
197000.000000 160.493500 0.000815 
197100.000000 160.493500 0.000814 
197200.000000 161.293488 0.000818 
197300.000000 161.193481 0.000817 
197400.000000 160.993469 0.000816 
197500.000000 161.993469 0.000820 
197600.000000 161.693451 0.000818 
197700.000000 162.493439 0.000822 
197800.000000 162.493439 0.000822 
197900.000000 162.493439 0.000821 
198000.000000 162.493439 0.000821 
198100.000000 162.493439 0.000820 
198200.000000 163.193420 0.000823 
198300.000000 163.193420 0.000823 
198400.000000 163.093414 0.000822 
198500.000000 164.093414 0.000827 
198600.000000 163.893402 0.000825 
198700.000000 163.793396 0.000824 
198800.000000 163.793396 0.000824 
198900.000000 163.693390 0.000823 
199000.000000 164.193359 0.000825 
199100.000000 164.693329 0.000827 
199200.000000 164.693329 0.000827 
199300.000000 164.593323 0.000826 
199400.000000 164.493317 0.000825 
199500.000000 164.493317 0.000825 
199600.000000 164.493317 0.000824 
199700.000000 164.493317 0.000824 
199800.000000 164.293304 0.000822 
199900.000000 165.293304 0.000827 
200000.000000 164.893280 0.000824 
