0.000000 0.000000 17055.000000 
0.000000 1.000000 16504.000000 
0.000000 2.000000 16729.000000 
0.000000 3.000000 14602.000000 
0.000000 4.000000 10793.000000 
0.000000 5.000000 12415.000000 
0.000000 6.000000 9047.000000 
0.000000 7.000000 3147.000000 
1.000000 0.000000 6503.000000 
1.000000 1.000000 6954.000000 
1.000000 2.000000 6855.000000 
1.000000 3.000000 5134.000000 
1.000000 4.000000 3163.000000 
1.000000 5.000000 3468.000000 
1.000000 6.000000 2615.000000 
1.000000 7.000000 1455.000000 
2.000000 0.000000 2231.000000 
2.000000 1.000000 2772.000000 
2.000000 2.000000 3203.000000 
2.000000 3.000000 2199.000000 
2.000000 4.000000 1505.000000 
2.000000 5.000000 1263.000000 
2.000000 6.000000 1243.000000 
2.000000 7.000000 849.000000 
3.000000 0.000000 1080.000000 
3.000000 1.000000 1281.000000 
3.000000 2.000000 1880.000000 
3.000000 3.000000 1519.000000 
3.000000 4.000000 998.000000 
3.000000 5.000000 867.000000 
3.000000 6.000000 786.000000 
3.000000 7.000000 649.000000 
4.000000 0.000000 733.000000 
4.000000 1.000000 959.000000 
4.000000 2.000000 1185.000000 
4.000000 3.000000 1214.000000 
4.000000 4.000000 999.000000 
4.000000 5.000000 805.000000 
4.000000 6.000000 851.000000 
4.000000 7.000000 650.000000 
5.000000 0.000000 877.000000 
5.000000 1.000000 856.000000 
5.000000 2.000000 891.000000 
5.000000 3.000000 923.000000 
5.000000 4.000000 886.000000 
5.000000 5.000000 914.000000 
5.000000 6.000000 1023.000000 
5.000000 7.000000 621.000000 
6.000000 0.000000 946.000000 
6.000000 1.000000 820.000000 
6.000000 2.000000 690.000000 
6.000000 3.000000 676.000000 
6.000000 4.000000 913.000000 
6.000000 5.000000 1379.000000 
6.000000 6.000000 2019.000000 
6.000000 7.000000 855.000000 
7.000000 0.000000 888.000000 
7.000000 1.000000 683.000000 
7.000000 2.000000 581.000000 
7.000000 3.000000 599.000000 
7.000000 4.000000 971.000000 
7.000000 5.000000 2562.000000 
7.000000 6.000000 9307.000000 
7.000000 7.000000 960.000000 
