100.000000 -1.500000 -0.015000 
200.000000 -3.999998 -0.020000 
300.000000 -5.799997 -0.019333 
400.000000 -7.399995 -0.018500 
500.000000 -8.099995 -0.016200 
600.000000 -8.799997 -0.014667 
700.000000 -10.000002 -0.014286 
800.000000 -11.100006 -0.013875 
900.000000 -12.100010 -0.013444 
1000.000000 -12.400015 -0.012400 
1100.000000 -12.900017 -0.011727 
1200.000000 -13.900021 -0.011583 
1300.000000 -15.600027 -0.012000 
1400.000000 -17.100033 -0.012214 
1500.000000 -18.800039 -0.012533 
1600.000000 -19.100040 -0.011938 
1700.000000 -20.300045 -0.011941 
1800.000000 -21.500050 -0.011944 
1900.000000 -22.400057 -0.011790 
2000.000000 -23.800062 -0.011900 
2100.000000 -24.400068 -0.011619 
2200.000000 -25.100075 -0.011409 
2300.000000 -26.500080 -0.011522 
2400.000000 -27.400084 -0.011417 
2500.000000 -28.300087 -0.011320 
2600.000000 -29.300091 -0.011269 
2700.000000 -29.900093 -0.011074 
2800.000000 -29.700096 -0.010607 
2900.000000 -29.200098 -0.010069 
3000.000000 -30.000101 -0.010000 
3100.000000 -32.000107 -0.010323 
3200.000000 -33.600082 -0.010500 
3300.000000 -34.900063 -0.010576 
3400.000000 -36.100044 -0.010618 
3500.000000 -36.500023 -0.010429 
3600.000000 -37.000000 -0.010278 
3700.000000 -37.399979 -0.010108 
3800.000000 -37.599960 -0.009895 
3900.000000 -38.099937 -0.009769 
4000.000000 -38.799927 -0.009700 
4100.000000 -40.299904 -0.009829 
4200.000000 -40.699898 -0.009690 
4300.000000 -42.099876 -0.009791 
4400.000000 -43.499855 -0.009886 
4500.000000 -44.599838 -0.009911 
4600.000000 -46.499809 -0.010109 
4700.000000 -46.899788 -0.009979 
4800.000000 -47.599777 -0.009917 
4900.000000 -48.399750 -0.009878 
5000.000000 -49.099739 -0.009820 
5100.000000 -50.399719 -0.009882 
5200.000000 -50.299706 -0.009673 
5300.000000 -50.199692 -0.009472 
5400.000000 -52.099663 -0.009648 
5500.000000 -52.999634 -0.009636 
5600.000000 -54.499611 -0.009732 
5700.000000 -54.899590 -0.009632 
5800.000000 -55.799576 -0.009621 
5900.000000 -57.699547 -0.009780 
6000.000000 -59.299522 -0.009883 
6100.000000 -59.999512 -0.009836 
6200.000000 -60.699501 -0.009790 
6300.000000 -62.399475 -0.009905 
6400.000000 -62.599457 -0.009781 
6500.000000 -64.899422 -0.009985 
6600.000000 -65.799393 -0.009970 
6700.000000 -67.399368 -0.010060 
6800.000000 -67.099358 -0.009868 
6900.000000 -67.999344 -0.009855 
7000.000000 -68.599335 -0.009800 
7100.000000 -69.299324 -0.009760 
7200.000000 -69.999313 -0.009722 
7300.000000 -71.299294 -0.009767 
7400.000000 -72.199280 -0.009757 
7500.000000 -72.499275 -0.009667 
7600.000000 -71.799271 -0.009447 
7700.000000 -72.699257 -0.009441 
7800.000000 -74.299232 -0.009526 
7900.000000 -74.399216 -0.009418 
8000.000000 -74.899208 -0.009362 
8100.000000 -75.199203 -0.009284 
8200.000000 -76.799179 -0.009366 
8300.000000 -75.999176 -0.009157 
8400.000000 -76.899162 -0.009155 
8500.000000 -77.899147 -0.009165 
8600.000000 -78.599136 -0.009139 
8700.000000 -79.799118 -0.009172 
8800.000000 -80.899086 -0.009193 
8900.000000 -82.099068 -0.009225 
9000.000000 -83.399048 -0.009267 
9100.000000 -84.199036 -0.009253 
9200.000000 -83.699013 -0.009098 
9300.000000 -84.898994 -0.009129 
9400.000000 -85.898979 -0.009138 
9500.000000 -86.798965 -0.009137 
9600.000000 -87.798950 -0.009146 
9700.000000 -88.898933 -0.009165 
9800.000000 -89.298927 -0.009112 
9900.000000 -90.098915 -0.009101 
10000.000000 -89.998901 -0.009000 
10100.000000 -89.798889 -0.008891 
10200.000000 -89.398880 -0.008765 
10300.000000 -90.298866 -0.008767 
10400.000000 -90.898857 -0.008740 
10500.000000 -91.298836 -0.008695 
10600.000000 -92.198822 -0.008698 
10700.000000 -92.898811 -0.008682 
10800.000000 -93.498802 -0.008657 
10900.000000 -94.298790 -0.008651 
11000.000000 -95.098763 -0.008645 
11100.000000 -94.698753 -0.008531 
11200.000000 -95.898735 -0.008562 
11300.000000 -96.098717 -0.008504 
11400.000000 -96.198700 -0.008438 
11500.000000 -96.998688 -0.008435 
11600.000000 -96.798676 -0.008345 
11700.000000 -96.798660 -0.008273 
11800.000000 -96.798645 -0.008203 
11900.000000 -96.598633 -0.008118 
12000.000000 -97.298622 -0.008108 
12100.000000 -97.998611 -0.008099 
12200.000000 -97.798599 -0.008016 
12300.000000 -98.598587 -0.008016 
12400.000000 -99.898567 -0.008056 
12500.000000 -100.998550 -0.008080 
12600.000000 -101.698540 -0.008071 
12700.000000 -102.898521 -0.008102 
12800.000000 -103.498497 -0.008086 
12900.000000 -104.698479 -0.008116 
13000.000000 -106.398453 -0.008184 
13100.000000 -106.098442 -0.008099 
13200.000000 -106.298439 -0.008053 
13300.000000 -106.298424 -0.007992 
13400.000000 -107.198410 -0.008000 
13500.000000 -107.698402 -0.007978 
13600.000000 -107.298393 -0.007890 
13700.000000 -107.498375 -0.007847 
13800.000000 -107.898354 -0.007819 
13900.000000 -108.598343 -0.007813 
14000.000000 -109.598328 -0.007828 
14100.000000 -109.998322 -0.007801 
14200.000000 -111.198303 -0.007831 
14300.000000 -110.598297 -0.007734 
14400.000000 -110.098289 -0.007646 
14500.000000 -110.298286 -0.007607 
14600.000000 -110.798279 -0.007589 
14700.000000 -110.998260 -0.007551 
14800.000000 -110.698250 -0.007480 
14900.000000 -112.898216 -0.007577 
15000.000000 -113.498192 -0.007567 
15100.000000 -115.198166 -0.007629 
15200.000000 -114.498146 -0.007533 
15300.000000 -114.898140 -0.007510 
15400.000000 -115.398132 -0.007493 
15500.000000 -116.398117 -0.007510 
15600.000000 -116.698097 -0.007481 
15700.000000 -116.698082 -0.007433 
15800.000000 -116.598068 -0.007380 
15900.000000 -117.198059 -0.007371 
16000.000000 -117.998047 -0.007375 
16100.000000 -118.298027 -0.007348 
16200.000000 -118.998016 -0.007346 
16300.000000 -119.597992 -0.007337 
16400.000000 -120.997971 -0.007378 
16500.000000 -122.197952 -0.007406 
16600.000000 -122.397934 -0.007373 
16700.000000 -122.497917 -0.007335 
16800.000000 -122.697914 -0.007303 
16900.000000 -123.397903 -0.007302 
17000.000000 -124.097878 -0.007300 
17100.000000 -125.197861 -0.007322 
17200.000000 -127.097832 -0.007389 
17300.000000 -126.997818 -0.007341 
17400.000000 -126.497810 -0.007270 
17500.000000 -126.897789 -0.007251 
17600.000000 -126.697777 -0.007199 
17700.000000 -127.297768 -0.007192 
17800.000000 -127.297752 -0.007152 
17900.000000 -126.497734 -0.007067 
18000.000000 -126.897728 -0.007050 
18100.000000 -128.597748 -0.007105 
18200.000000 -127.697746 -0.007016 
18300.000000 -127.097740 -0.006945 
18400.000000 -127.697731 -0.006940 
18500.000000 -128.697769 -0.006957 
18600.000000 -129.997849 -0.006989 
18700.000000 -131.397934 -0.007027 
18800.000000 -132.598007 -0.007053 
18900.000000 -132.298050 -0.007000 
19000.000000 -131.898087 -0.006942 
19100.000000 -131.398117 -0.006879 
19200.000000 -131.498123 -0.006849 
19300.000000 -132.498184 -0.006865 
19400.000000 -132.898209 -0.006850 
19500.000000 -132.498245 -0.006795 
19600.000000 -132.198288 -0.006745 
19700.000000 -133.198349 -0.006761 
19800.000000 -133.198410 -0.006727 
19900.000000 -132.298416 -0.006648 
20000.000000 -132.698441 -0.006635 
20100.000000 -133.098465 -0.006622 
20200.000000 -134.598557 -0.006663 
20300.000000 -135.598618 -0.006680 
20400.000000 -136.798691 -0.006706 
20500.000000 -137.598740 -0.006712 
20600.000000 -137.798752 -0.006689 
20700.000000 -136.998764 -0.006618 
20800.000000 -136.998825 -0.006586 
20900.000000 -137.498856 -0.006579 
21000.000000 -137.098892 -0.006529 
21100.000000 -137.898941 -0.006535 
21200.000000 -138.899002 -0.006552 
21300.000000 -137.599045 -0.006460 
21400.000000 -137.299088 -0.006416 
21500.000000 -137.499161 -0.006395 
21600.000000 -137.099197 -0.006347 
21700.000000 -137.499222 -0.006336 
21800.000000 -137.499283 -0.006307 
21900.000000 -136.399338 -0.006228 
22000.000000 -136.599350 -0.006209 
22100.000000 -136.199387 -0.006163 
22200.000000 -136.399399 -0.006144 
22300.000000 -136.499405 -0.006121 
22400.000000 -135.499405 -0.006049 
22500.000000 -135.399460 -0.006018 
22600.000000 -135.999496 -0.006018 
22700.000000 -134.199509 -0.005912 
22800.000000 -133.299515 -0.005846 
22900.000000 -133.899551 -0.005847 
23000.000000 -133.199570 -0.005791 
23100.000000 -133.199631 -0.005766 
23200.000000 -132.599655 -0.005716 
23300.000000 -132.899734 -0.005704 
23400.000000 -132.599777 -0.005667 
23500.000000 -132.899796 -0.005655 
23600.000000 -133.299820 -0.005648 
23700.000000 -134.099869 -0.005658 
23800.000000 -135.199936 -0.005681 
23900.000000 -134.599960 -0.005632 
24000.000000 -134.199997 -0.005592 
24100.000000 -133.500015 -0.005539 
24200.000000 -133.800034 -0.005529 
24300.000000 -134.200058 -0.005523 
24400.000000 -134.700089 -0.005520 
24500.000000 -135.600143 -0.005535 
24600.000000 -136.500198 -0.005549 
24700.000000 -136.400253 -0.005522 
24800.000000 -135.600266 -0.005468 
24900.000000 -135.400314 -0.005438 
25000.000000 -135.700333 -0.005428 
25100.000000 -134.200363 -0.005347 
25200.000000 -134.200363 -0.005325 
25300.000000 -134.600388 -0.005320 
25400.000000 -135.000412 -0.005315 
25500.000000 -134.800461 -0.005286 
25600.000000 -134.000473 -0.005234 
25700.000000 -133.300491 -0.005187 
25800.000000 -133.800522 -0.005186 
25900.000000 -133.300552 -0.005147 
26000.000000 -133.900589 -0.005150 
26100.000000 -134.000656 -0.005134 
26200.000000 -133.300674 -0.005088 
26300.000000 -134.300797 -0.005106 
26400.000000 -134.600876 -0.005099 
26500.000000 -133.700882 -0.005045 
26600.000000 -132.900894 -0.004996 
26700.000000 -133.100906 -0.004985 
26800.000000 -133.100967 -0.004966 
26900.000000 -133.901016 -0.004978 
27000.000000 -134.501053 -0.004982 
27100.000000 -135.001083 -0.004982 
27200.000000 -133.601120 -0.004912 
27300.000000 -133.701126 -0.004897 
27400.000000 -133.001144 -0.004854 
27500.000000 -132.601181 -0.004822 
27600.000000 -133.101212 -0.004823 
27700.000000 -132.801254 -0.004794 
27800.000000 -132.301285 -0.004759 
27900.000000 -133.301346 -0.004778 
28000.000000 -134.501419 -0.004804 
28100.000000 -133.601425 -0.004754 
28200.000000 -132.801437 -0.004709 
28300.000000 -132.601486 -0.004686 
28400.000000 -133.201523 -0.004690 
28500.000000 -132.801559 -0.004660 
28600.000000 -133.201584 -0.004657 
28700.000000 -132.801620 -0.004627 
28800.000000 -132.201645 -0.004590 
28900.000000 -133.101700 -0.004606 
29000.000000 -132.201706 -0.004559 
29100.000000 -131.201706 -0.004509 
29200.000000 -131.801743 -0.004514 
29300.000000 -130.201767 -0.004444 
29400.000000 -130.001816 -0.004422 
29500.000000 -131.601974 -0.004461 
29600.000000 -131.702042 -0.004449 
29700.000000 -132.702103 -0.004468 
29800.000000 -133.302139 -0.004473 
29900.000000 -132.702164 -0.004438 
30000.000000 -133.902237 -0.004463 
30100.000000 -133.202255 -0.004425 
30200.000000 -132.502274 -0.004387 
30300.000000 -132.302322 -0.004366 
30400.000000 -131.702347 -0.004332 
30500.000000 -131.802353 -0.004321 
30600.000000 -131.102371 -0.004284 
30700.000000 -129.802414 -0.004228 
30800.000000 -128.802414 -0.004182 
30900.000000 -127.902412 -0.004139 
31000.000000 -128.202423 -0.004136 
31100.000000 -127.902527 -0.004113 
31200.000000 -126.202538 -0.004045 
31300.000000 -125.602531 -0.004013 
31400.000000 -125.902527 -0.004010 
31500.000000 -125.902512 -0.003997 
31600.000000 -125.302505 -0.003965 
31700.000000 -123.902496 -0.003909 
31800.000000 -123.502487 -0.003884 
31900.000000 -123.802483 -0.003881 
32000.000000 -123.302475 -0.003853 
32100.000000 -122.802467 -0.003826 
32200.000000 -122.202461 -0.003795 
32300.000000 -123.402443 -0.003821 
32400.000000 -124.502411 -0.003843 
32500.000000 -125.602379 -0.003865 
32600.000000 -124.902359 -0.003831 
32700.000000 -125.702347 -0.003844 
32800.000000 -125.902344 -0.003838 
32900.000000 -126.802330 -0.003854 
33000.000000 -126.502319 -0.003833 
33100.000000 -125.202309 -0.003783 
33200.000000 -126.202293 -0.003801 
33300.000000 -126.902283 -0.003811 
33400.000000 -125.302277 -0.003752 
33500.000000 -123.702271 -0.003693 
33600.000000 -123.202263 -0.003667 
33700.000000 -123.102249 -0.003653 
33800.000000 -122.502243 -0.003624 
33900.000000 -122.002220 -0.003599 
34000.000000 -121.402214 -0.003571 
34100.000000 -120.202202 -0.003525 
34200.000000 -119.502182 -0.003494 
34300.000000 -118.802177 -0.003464 
34400.000000 -118.702164 -0.003451 
34500.000000 -117.902161 -0.003417 
34600.000000 -117.302155 -0.003390 
34700.000000 -116.702148 -0.003363 
34800.000000 -116.402138 -0.003345 
34900.000000 -116.002129 -0.003324 
35000.000000 -114.602119 -0.003274 
35100.000000 -114.202110 -0.003254 
35200.000000 -113.102097 -0.003213 
35300.000000 -113.602089 -0.003218 
35400.000000 -113.102081 -0.003195 
35500.000000 -112.402077 -0.003166 
35600.000000 -111.802071 -0.003141 
35700.000000 -111.002068 -0.003109 
35800.000000 -111.602058 -0.003117 
35900.000000 -111.002052 -0.003092 
36000.000000 -111.202034 -0.003089 
36100.000000 -110.702026 -0.003067 
36200.000000 -109.102020 -0.003014 
36300.000000 -108.702011 -0.002995 
36400.000000 -108.901993 -0.002992 
36500.000000 -108.101990 -0.002962 
36600.000000 -109.201973 -0.002984 
36700.000000 -108.401970 -0.002954 
36800.000000 -108.801964 -0.002957 
36900.000000 -108.701950 -0.002946 
37000.000000 -108.301941 -0.002927 
37100.000000 -106.501938 -0.002871 
37200.000000 -107.501923 -0.002890 
37300.000000 -108.801903 -0.002917 
37400.000000 -108.001900 -0.002888 
37500.000000 -108.801888 -0.002901 
37600.000000 -108.001884 -0.002872 
37700.000000 -107.901871 -0.002862 
37800.000000 -106.301865 -0.002812 
37900.000000 -107.201836 -0.002829 
38000.000000 -106.601830 -0.002805 
38100.000000 -106.701828 -0.002801 
38200.000000 -105.701828 -0.002767 
38300.000000 -105.201820 -0.002747 
38400.000000 -105.401817 -0.002745 
38500.000000 -105.101807 -0.002730 
38600.000000 -105.101807 -0.002723 
38700.000000 -105.601799 -0.002729 
38800.000000 -105.001793 -0.002706 
38900.000000 -105.601784 -0.002715 
39000.000000 -104.501770 -0.002680 
39100.000000 -102.501770 -0.002622 
39200.000000 -100.201759 -0.002556 
39300.000000 -99.501755 -0.002532 
39400.000000 -98.701752 -0.002505 
39500.000000 -97.501740 -0.002468 
39600.000000 -97.201729 -0.002455 
39700.000000 -97.601723 -0.002458 
39800.000000 -96.901718 -0.002435 
39900.000000 -97.201714 -0.002436 
40000.000000 -96.201714 -0.002405 
40100.000000 -94.701706 -0.002362 
40200.000000 -93.701706 -0.002331 
40300.000000 -93.401695 -0.002318 
40400.000000 -91.601692 -0.002267 
40500.000000 -91.101685 -0.002249 
40600.000000 -91.501678 -0.002254 
40700.000000 -90.501678 -0.002224 
40800.000000 -90.701675 -0.002223 
40900.000000 -89.701675 -0.002193 
41000.000000 -90.401665 -0.002205 
41100.000000 -90.601662 -0.002204 
41200.000000 -90.301651 -0.002192 
41300.000000 -90.001640 -0.002179 
41400.000000 -88.401634 -0.002135 
41500.000000 -87.601631 -0.002111 
41600.000000 -87.401619 -0.002101 
41700.000000 -86.801613 -0.002082 
41800.000000 -85.501602 -0.002045 
41900.000000 -84.601601 -0.002019 
42000.000000 -83.801598 -0.001995 
42100.000000 -83.001595 -0.001972 
42200.000000 -81.701584 -0.001936 
42300.000000 -81.701584 -0.001931 
42400.000000 -80.901581 -0.001908 
42500.000000 -81.001579 -0.001906 
42600.000000 -79.401573 -0.001864 
42700.000000 -78.401573 -0.001836 
42800.000000 -78.701569 -0.001839 
42900.000000 -77.901566 -0.001816 
43000.000000 -78.101562 -0.001816 
43100.000000 -78.801552 -0.001828 
43200.000000 -77.801552 -0.001801 
43300.000000 -78.001549 -0.001801 
43400.000000 -78.401543 -0.001806 
43500.000000 -77.501541 -0.001782 
43600.000000 -76.601540 -0.001757 
43700.000000 -76.501526 -0.001751 
43800.000000 -75.001518 -0.001712 
43900.000000 -75.301498 -0.001715 
44000.000000 -75.101486 -0.001707 
44100.000000 -74.301483 -0.001685 
44200.000000 -73.301483 -0.001658 
44300.000000 -72.301483 -0.001632 
44400.000000 -71.501480 -0.001610 
44500.000000 -70.801476 -0.001591 
44600.000000 -68.301468 -0.001531 
44700.000000 -68.701462 -0.001537 
44800.000000 -68.101456 -0.001520 
44900.000000 -66.801445 -0.001488 
45000.000000 -65.701431 -0.001460 
45100.000000 -65.001427 -0.001441 
45200.000000 -65.701416 -0.001454 
45300.000000 -65.701401 -0.001450 
45400.000000 -64.801399 -0.001427 
45500.000000 -65.301392 -0.001435 
45600.000000 -65.601387 -0.001439 
45700.000000 -65.401375 -0.001431 
45800.000000 -65.801369 -0.001437 
45900.000000 -65.201363 -0.001421 
46000.000000 -64.201363 -0.001396 
46100.000000 -64.401360 -0.001397 
46200.000000 -64.401360 -0.001394 
46300.000000 -64.801353 -0.001400 
46400.000000 -63.101349 -0.001360 
46500.000000 -62.401344 -0.001342 
46600.000000 -62.401344 -0.001339 
46700.000000 -62.801338 -0.001345 
46800.000000 -62.001335 -0.001325 
46900.000000 -62.501328 -0.001333 
47000.000000 -62.701324 -0.001334 
47100.000000 -62.101318 -0.001318 
47200.000000 -62.201302 -0.001318 
47300.000000 -61.401299 -0.001298 
47400.000000 -60.401299 -0.001274 
47500.000000 -60.001289 -0.001263 
47600.000000 -60.201286 -0.001265 
47700.000000 -59.401283 -0.001245 
47800.000000 -59.101273 -0.001236 
47900.000000 -59.401253 -0.001240 
48000.000000 -59.001244 -0.001229 
48100.000000 -57.501236 -0.001195 
48200.000000 -54.701233 -0.001135 
48300.000000 -54.301224 -0.001124 
48400.000000 -52.801216 -0.001091 
48500.000000 -52.401207 -0.001080 
48600.000000 -52.101196 -0.001072 
48700.000000 -51.301193 -0.001053 
48800.000000 -50.901184 -0.001043 
48900.000000 -50.201180 -0.001027 
49000.000000 -49.601173 -0.001012 
49100.000000 -50.201164 -0.001022 
49200.000000 -49.901154 -0.001014 
49300.000000 -50.701141 -0.001028 
49400.000000 -50.901138 -0.001030 
49500.000000 -50.901123 -0.001028 
49600.000000 -50.301117 -0.001014 
49700.000000 -49.501114 -0.000996 
49800.000000 -48.701111 -0.000978 
49900.000000 -48.101105 -0.000964 
50000.000000 -48.901093 -0.000978 
50100.000000 -48.301086 -0.000964 
50200.000000 -46.801079 -0.000932 
50300.000000 -46.501068 -0.000924 
50400.000000 -45.901062 -0.000911 
50500.000000 -44.001060 -0.000871 
50600.000000 -43.301056 -0.000856 
50700.000000 -41.401054 -0.000817 
50800.000000 -40.701050 -0.000801 
50900.000000 -38.701050 -0.000760 
51000.000000 -37.101044 -0.000727 
51100.000000 -35.901031 -0.000703 
51200.000000 -35.201012 -0.000688 
51300.000000 -34.000999 -0.000663 
51400.000000 -32.100998 -0.000625 
51500.000000 -30.700989 -0.000596 
51600.000000 -29.800989 -0.000578 
51700.000000 -29.000990 -0.000561 
51800.000000 -28.900993 -0.000558 
51900.000000 -26.900993 -0.000518 
52000.000000 -26.900993 -0.000517 
52100.000000 -25.600996 -0.000491 
52200.000000 -25.800997 -0.000494 
52300.000000 -24.100998 -0.000461 
52400.000000 -24.001001 -0.000458 
52500.000000 -24.301003 -0.000463 
52600.000000 -23.801004 -0.000452 
52700.000000 -24.001005 -0.000455 
52800.000000 -23.301006 -0.000441 
52900.000000 -22.301006 -0.000422 
53000.000000 -22.301010 -0.000421 
53100.000000 -20.501011 -0.000386 
53200.000000 -19.001013 -0.000357 
53300.000000 -17.601015 -0.000330 
53400.000000 -15.701015 -0.000294 
53500.000000 -15.501019 -0.000290 
53600.000000 -13.701019 -0.000256 
53700.000000 -13.101021 -0.000244 
53800.000000 -12.901024 -0.000240 
53900.000000 -10.201025 -0.000189 
54000.000000 -9.901028 -0.000183 
54100.000000 -10.001028 -0.000185 
54200.000000 -9.101028 -0.000168 
54300.000000 -8.501030 -0.000157 
54400.000000 -6.601030 -0.000121 
54500.000000 -6.701030 -0.000123 
54600.000000 -7.001029 -0.000128 
54700.000000 -6.301029 -0.000115 
54800.000000 -5.701029 -0.000104 
54900.000000 -4.901029 -0.000089 
55000.000000 -4.101028 -0.000075 
55100.000000 -3.301027 -0.000060 
55200.000000 -3.701026 -0.000067 
55300.000000 -3.301025 -0.000060 
55400.000000 -3.501024 -0.000063 
55500.000000 -2.701024 -0.000049 
55600.000000 -2.001024 -0.000036 
55700.000000 -1.301023 -0.000023 
55800.000000 -0.501024 -0.000009 
55900.000000 0.298976 0.000005 
56000.000000 0.098976 0.000002 
56100.000000 -0.201024 -0.000004 
56200.000000 0.898976 0.000016 
56300.000000 1.498976 0.000027 
56400.000000 1.698976 0.000030 
56500.000000 1.898977 0.000034 
56600.000000 3.198977 0.000057 
56700.000000 4.898977 0.000086 
56800.000000 5.398978 0.000095 
56900.000000 6.098978 0.000107 
57000.000000 6.898979 0.000121 
57100.000000 7.698979 0.000135 
57200.000000 8.698980 0.000152 
57300.000000 8.698980 0.000152 
57400.000000 9.898977 0.000172 
57500.000000 10.198975 0.000177 
57600.000000 10.298971 0.000179 
57700.000000 10.898970 0.000189 
57800.000000 11.998966 0.000208 
57900.000000 13.798965 0.000238 
58000.000000 14.498964 0.000250 
58100.000000 15.498964 0.000267 
58200.000000 16.198963 0.000278 
58300.000000 16.698961 0.000286 
58400.000000 17.498960 0.000300 
58500.000000 17.298960 0.000296 
58600.000000 19.198959 0.000328 
58700.000000 18.598957 0.000317 
58800.000000 20.398956 0.000347 
58900.000000 21.098955 0.000358 
59000.000000 20.898954 0.000354 
59100.000000 20.698954 0.000350 
59200.000000 18.898947 0.000319 
59300.000000 19.498945 0.000329 
59400.000000 20.498945 0.000345 
59500.000000 21.498945 0.000361 
59600.000000 21.898943 0.000367 
59700.000000 22.398941 0.000375 
59800.000000 22.198940 0.000371 
59900.000000 22.798939 0.000381 
60000.000000 23.098936 0.000385 
60100.000000 23.498934 0.000391 
60200.000000 23.298933 0.000387 
60300.000000 23.598930 0.000391 
60400.000000 24.298929 0.000402 
60500.000000 23.698927 0.000392 
60600.000000 25.098925 0.000414 
60700.000000 26.698923 0.000440 
60800.000000 27.698923 0.000456 
60900.000000 28.198921 0.000463 
61000.000000 29.998920 0.000492 
61100.000000 30.398918 0.000498 
61200.000000 31.898916 0.000521 
61300.000000 32.598915 0.000532 
61400.000000 32.198921 0.000524 
61500.000000 33.098923 0.000538 
61600.000000 34.998924 0.000568 
61700.000000 34.798927 0.000564 
61800.000000 35.298935 0.000571 
61900.000000 35.298935 0.000570 
62000.000000 36.798943 0.000594 
62100.000000 36.598946 0.000589 
62200.000000 35.698959 0.000574 
62300.000000 36.598961 0.000587 
62400.000000 37.598961 0.000603 
62500.000000 37.598961 0.000602 
62600.000000 38.598961 0.000617 
62700.000000 39.598961 0.000632 
62800.000000 40.098969 0.000639 
62900.000000 39.798973 0.000633 
63000.000000 40.498978 0.000643 
63100.000000 41.498978 0.000658 
63200.000000 40.998985 0.000649 
63300.000000 42.798988 0.000676 
63400.000000 42.598991 0.000672 
63500.000000 43.198997 0.000680 
63600.000000 43.899002 0.000690 
63700.000000 44.399010 0.000697 
63800.000000 45.099014 0.000707 
63900.000000 45.599022 0.000714 
64000.000000 45.599022 0.000712 
64100.000000 47.299026 0.000738 
64200.000000 47.099045 0.000734 
64300.000000 47.699051 0.000742 
64400.000000 47.699051 0.000741 
64500.000000 49.099060 0.000761 
64600.000000 48.999062 0.000758 
64700.000000 48.899063 0.000756 
64800.000000 48.799065 0.000753 
64900.000000 49.599068 0.000764 
65000.000000 50.099075 0.000771 
65100.000000 50.899078 0.000782 
65200.000000 52.699081 0.000808 
65300.000000 53.099091 0.000813 
65400.000000 53.599098 0.000820 
65500.000000 54.099106 0.000826 
65600.000000 54.699112 0.000834 
65700.000000 55.399117 0.000843 
65800.000000 56.299118 0.000856 
65900.000000 56.199120 0.000853 
66000.000000 58.099121 0.000880 
66100.000000 58.599129 0.000887 
66200.000000 58.899139 0.000890 
66300.000000 59.299149 0.000894 
66400.000000 59.599159 0.000898 
66500.000000 60.099167 0.000904 
66600.000000 61.899170 0.000929 
66700.000000 62.599174 0.000939 
66800.000000 64.399178 0.000964 
66900.000000 65.399178 0.000978 
67000.000000 66.199181 0.000988 
67100.000000 67.099182 0.001000 
67200.000000 68.599190 0.001021 
67300.000000 70.099197 0.001042 
67400.000000 70.899200 0.001052 
67500.000000 70.699203 0.001047 
67600.000000 72.399208 0.001071 
67700.000000 73.099213 0.001080 
67800.000000 73.199226 0.001080 
67900.000000 73.799232 0.001087 
68000.000000 75.399239 0.001109 
68100.000000 75.099243 0.001103 
68200.000000 74.699249 0.001095 
68300.000000 75.699249 0.001108 
68400.000000 76.199257 0.001114 
68500.000000 78.099258 0.001140 
68600.000000 78.199272 0.001140 
68700.000000 79.899277 0.001163 
68800.000000 80.499283 0.001170 
68900.000000 81.499298 0.001183 
69000.000000 82.499298 0.001196 
69100.000000 83.199303 0.001204 
69200.000000 85.599312 0.001237 
69300.000000 86.199333 0.001244 
69400.000000 86.799355 0.001251 
69500.000000 87.499359 0.001259 
69600.000000 87.899368 0.001263 
69700.000000 88.599373 0.001271 
69800.000000 90.199379 0.001292 
69900.000000 91.399391 0.001308 
70000.000000 91.399406 0.001306 
70100.000000 92.399406 0.001318 
70200.000000 94.299408 0.001343 
70300.000000 95.099411 0.001353 
70400.000000 95.099411 0.001351 
70500.000000 97.099411 0.001377 
70600.000000 98.699417 0.001398 
70700.000000 99.399422 0.001406 
70800.000000 100.899429 0.001425 
70900.000000 102.599434 0.001447 
71000.000000 102.399437 0.001442 
71100.000000 102.599449 0.001443 
71200.000000 104.599449 0.001469 
71300.000000 103.999458 0.001459 
71400.000000 105.799461 0.001482 
71500.000000 106.299469 0.001487 
71600.000000 106.999474 0.001494 
71700.000000 108.599480 0.001515 
71800.000000 111.199486 0.001549 
71900.000000 111.599495 0.001552 
72000.000000 112.299500 0.001560 
72100.000000 113.099503 0.001569 
72200.000000 113.699509 0.001575 
72300.000000 114.399513 0.001582 
72400.000000 116.299515 0.001606 
72500.000000 117.899521 0.001626 
72600.000000 117.099533 0.001613 
72700.000000 118.899536 0.001635 
72800.000000 121.599541 0.001670 
72900.000000 121.599541 0.001668 
73000.000000 121.499542 0.001664 
73100.000000 122.299545 0.001673 
73200.000000 123.199547 0.001683 
73300.000000 124.999550 0.001705 
73400.000000 125.799553 0.001714 
73500.000000 125.699554 0.001710 
73600.000000 127.699554 0.001735 
73700.000000 129.299530 0.001754 
73800.000000 129.799500 0.001759 
73900.000000 129.999451 0.001759 
74000.000000 130.299408 0.001761 
74100.000000 130.199402 0.001757 
74200.000000 130.499359 0.001759 
74300.000000 130.599304 0.001758 
74400.000000 130.399231 0.001753 
74500.000000 132.099213 0.001773 
74600.000000 133.799194 0.001794 
74700.000000 136.399170 0.001826 
74800.000000 139.299164 0.001862 
74900.000000 139.699127 0.001865 
75000.000000 141.299103 0.001884 
75100.000000 143.099091 0.001905 
75200.000000 143.399048 0.001907 
75300.000000 145.699005 0.001935 
75400.000000 146.598999 0.001944 
75500.000000 146.298981 0.001938 
75600.000000 148.198975 0.001960 
75700.000000 149.498932 0.001975 
75800.000000 149.498932 0.001972 
75900.000000 150.298920 0.001980 
76000.000000 151.098907 0.001988 
76100.000000 151.898895 0.001996 
76200.000000 152.898895 0.002007 
76300.000000 153.798889 0.002016 
76400.000000 155.298859 0.002033 
76500.000000 157.698822 0.002061 
76600.000000 159.598816 0.002084 
76700.000000 160.898773 0.002098 
76800.000000 161.498688 0.002103 
76900.000000 162.498627 0.002113 
77000.000000 164.398621 0.002135 
77100.000000 164.398560 0.002132 
77200.000000 165.298553 0.002141 
77300.000000 166.698456 0.002157 
77400.000000 168.098419 0.002172 
77500.000000 169.498383 0.002187 
77600.000000 169.498383 0.002184 
77700.000000 170.298370 0.002192 
77800.000000 171.098358 0.002199 
77900.000000 171.098358 0.002196 
78000.000000 171.598328 0.002200 
78100.000000 172.298309 0.002206 
78200.000000 172.198303 0.002202 
78300.000000 173.598267 0.002217 
78400.000000 174.298248 0.002223 
78500.000000 173.998230 0.002217 
78600.000000 174.898224 0.002225 
78700.000000 174.398193 0.002216 
78800.000000 175.498138 0.002227 
78900.000000 177.398132 0.002248 
79000.000000 178.698090 0.002262 
79100.000000 179.698090 0.002272 
79200.000000 179.698090 0.002269 
79300.000000 179.498077 0.002264 
79400.000000 181.198059 0.002282 
79500.000000 180.898041 0.002275 
79600.000000 182.498016 0.002293 
79700.000000 186.197998 0.002336 
79800.000000 186.897980 0.002342 
79900.000000 186.997925 0.002340 
80000.000000 187.497894 0.002344 
80100.000000 188.097870 0.002348 
80200.000000 188.097870 0.002345 
80300.000000 188.397827 0.002346 
80400.000000 189.097809 0.002352 
80500.000000 189.497772 0.002354 
80600.000000 189.897736 0.002356 
80700.000000 191.897736 0.002378 
80800.000000 192.497711 0.002382 
80900.000000 194.297699 0.002402 
81000.000000 194.797668 0.002405 
81100.000000 194.097626 0.002393 
81200.000000 195.697601 0.002410 
81300.000000 196.097565 0.002412 
81400.000000 197.697540 0.002429 
81500.000000 199.397522 0.002447 
81600.000000 199.797485 0.002448 
81700.000000 201.797485 0.002470 
81800.000000 201.597473 0.002465 
81900.000000 202.997437 0.002479 
82000.000000 204.097382 0.002489 
82100.000000 205.497345 0.002503 
82200.000000 207.297333 0.002522 
82300.000000 209.097321 0.002541 
82400.000000 210.097321 0.002550 
82500.000000 212.197266 0.002572 
82600.000000 213.997253 0.002591 
82700.000000 215.497223 0.002606 
82800.000000 216.397156 0.002613 
82900.000000 217.397156 0.002622 
83000.000000 218.197144 0.002629 
83100.000000 219.797119 0.002645 
83200.000000 219.697052 0.002641 
83300.000000 220.697052 0.002649 
83400.000000 222.197021 0.002664 
83500.000000 223.097015 0.002672 
83600.000000 223.796997 0.002677 
83700.000000 223.496979 0.002670 
83800.000000 224.096954 0.002674 
83900.000000 224.996948 0.002682 
84000.000000 225.896942 0.002689 
84100.000000 226.896942 0.002698 
84200.000000 228.296906 0.002711 
84300.000000 229.296906 0.002720 
84400.000000 230.596863 0.002732 
84500.000000 229.496796 0.002716 
84600.000000 230.196777 0.002721 
84700.000000 230.096771 0.002717 
84800.000000 229.996765 0.002712 
84900.000000 230.596741 0.002716 
85000.000000 231.396729 0.002722 
85100.000000 232.696686 0.002734 
85200.000000 232.796631 0.002732 
85300.000000 233.696625 0.002740 
85400.000000 234.696625 0.002748 
85500.000000 235.496613 0.002754 
85600.000000 238.296600 0.002784 
85700.000000 239.796570 0.002798 
85800.000000 241.096527 0.002810 
85900.000000 242.896515 0.002828 
86000.000000 244.796509 0.002846 
86100.000000 246.596497 0.002864 
86200.000000 246.896454 0.002864 
86300.000000 247.196411 0.002864 
86400.000000 248.996399 0.002882 
86500.000000 250.396362 0.002895 
86600.000000 251.396362 0.002903 
86700.000000 251.096344 0.002896 
86800.000000 251.796326 0.002901 
86900.000000 251.696320 0.002896 
87000.000000 253.696320 0.002916 
87100.000000 252.596252 0.002900 
87200.000000 254.596252 0.002920 
87300.000000 255.396240 0.002926 
87400.000000 256.396240 0.002934 
87500.000000 257.296234 0.002941 
87600.000000 258.196228 0.002947 
87700.000000 257.596191 0.002937 
87800.000000 258.296173 0.002942 
87900.000000 259.996155 0.002958 
88000.000000 261.496124 0.002972 
88100.000000 263.296112 0.002989 
88200.000000 265.196106 0.003007 
88300.000000 266.896088 0.003023 
88400.000000 268.896088 0.003042 
88500.000000 269.896088 0.003050 
88600.000000 270.696075 0.003055 
88700.000000 271.596069 0.003062 
88800.000000 273.296051 0.003078 
88900.000000 275.096039 0.003094 
89000.000000 278.896027 0.003134 
89100.000000 280.496002 0.003148 
89200.000000 281.295990 0.003154 
89300.000000 282.995972 0.003169 
89400.000000 284.895966 0.003187 
89500.000000 285.895966 0.003194 
89600.000000 287.695953 0.003211 
89700.000000 288.695953 0.003218 
89800.000000 288.595947 0.003214 
89900.000000 288.395874 0.003208 
90000.000000 290.095856 0.003223 
90100.000000 292.095856 0.003242 
90200.000000 293.095856 0.003249 
90300.000000 293.795837 0.003254 
90400.000000 295.595825 0.003270 
90500.000000 297.995789 0.003293 
90600.000000 300.695770 0.003319 
90700.000000 302.095734 0.003331 
90800.000000 303.895721 0.003347 
90900.000000 305.895721 0.003365 
91000.000000 307.795715 0.003382 
91100.000000 308.595703 0.003387 
91200.000000 310.595703 0.003406 
91300.000000 312.495697 0.003423 
91400.000000 314.995667 0.003446 
91500.000000 316.895660 0.003463 
91600.000000 318.195618 0.003474 
91700.000000 319.995605 0.003490 
91800.000000 321.295563 0.003500 
91900.000000 322.295563 0.003507 
92000.000000 322.495514 0.003505 
92100.000000 322.995483 0.003507 
92200.000000 325.795471 0.003534 
92300.000000 327.195435 0.003545 
92400.000000 328.895416 0.003559 
92500.000000 329.895416 0.003566 
92600.000000 329.595398 0.003559 
92700.000000 330.495392 0.003565 
92800.000000 330.895355 0.003566 
92900.000000 331.195312 0.003565 
93000.000000 332.195312 0.003572 
93100.000000 334.095306 0.003589 
93200.000000 334.995300 0.003594 
93300.000000 335.495270 0.003596 
93400.000000 337.395264 0.003612 
93500.000000 339.195251 0.003628 
93600.000000 339.895233 0.003631 
93700.000000 340.895233 0.003638 
93800.000000 341.395203 0.003640 
93900.000000 341.495148 0.003637 
94000.000000 343.395142 0.003653 
94100.000000 342.395081 0.003639 
94200.000000 343.595032 0.003648 
94300.000000 344.095001 0.003649 
94400.000000 344.994995 0.003655 
94500.000000 344.894989 0.003650 
94600.000000 344.594971 0.003643 
94700.000000 345.994934 0.003654 
94800.000000 345.694916 0.003647 
94900.000000 346.294891 0.003649 
95000.000000 346.794861 0.003650 
95100.000000 347.394836 0.003653 
95200.000000 348.294830 0.003659 
95300.000000 349.194824 0.003664 
95400.000000 349.194824 0.003660 
95500.000000 348.894806 0.003653 
95600.000000 349.894806 0.003660 
95700.000000 350.794800 0.003666 
95800.000000 352.594788 0.003681 
95900.000000 353.494781 0.003686 
96000.000000 352.794739 0.003675 
96100.000000 353.794739 0.003682 
96200.000000 355.594727 0.003696 
96300.000000 356.394714 0.003701 
96400.000000 356.894684 0.003702 
96500.000000 357.794678 0.003708 
96600.000000 357.494659 0.003701 
96700.000000 358.494659 0.003707 
96800.000000 358.194641 0.003700 
96900.000000 357.394592 0.003688 
97000.000000 357.994568 0.003691 
97100.000000 360.894562 0.003717 
97200.000000 361.794556 0.003722 
97300.000000 362.294525 0.003723 
97400.000000 363.194519 0.003729 
97500.000000 364.794495 0.003741 
97600.000000 366.194458 0.003752 
97700.000000 365.794434 0.003744 
97800.000000 366.694427 0.003749 
97900.000000 368.694427 0.003766 
98000.000000 369.394409 0.003769 
98100.000000 370.094391 0.003773 
98200.000000 371.994385 0.003788 
98300.000000 372.894379 0.003793 
98400.000000 373.994324 0.003801 
98500.000000 373.894318 0.003796 
98600.000000 375.594299 0.003809 
98700.000000 375.094269 0.003800 
98800.000000 374.794250 0.003793 
98900.000000 377.494232 0.003817 
99000.000000 378.194214 0.003820 
99100.000000 378.894196 0.003823 
99200.000000 378.894196 0.003819 
99300.000000 381.894196 0.003846 
99400.000000 384.494171 0.003868 
99500.000000 384.494171 0.003864 
99600.000000 385.494171 0.003870 
99700.000000 387.394165 0.003886 
99800.000000 389.194153 0.003900 
99900.000000 390.194153 0.003906 
100000.000000 391.194153 0.003912 
100100.000000 392.494110 0.003921 
100200.000000 392.494110 0.003917 
100300.000000 392.394104 0.003912 
100400.000000 393.894073 0.003923 
100500.000000 394.294037 0.003923 
100600.000000 395.894012 0.003935 
100700.000000 396.694000 0.003939 
100800.000000 397.293976 0.003941 
100900.000000 397.993958 0.003944 
101000.000000 397.593933 0.003937 
101100.000000 398.193909 0.003939 
101200.000000 398.793884 0.003941 
101300.000000 398.793884 0.003937 
101400.000000 399.293854 0.003938 
101500.000000 400.193848 0.003943 
101600.000000 400.193848 0.003939 
101700.000000 399.493805 0.003928 
101800.000000 400.493805 0.003934 
101900.000000 401.293793 0.003938 
102000.000000 401.493744 0.003936 
102100.000000 402.993713 0.003947 
102200.000000 403.893707 0.003952 
102300.000000 404.893707 0.003958 
102400.000000 405.793701 0.003963 
102500.000000 406.393677 0.003965 
102600.000000 406.893646 0.003966 
102700.000000 406.793640 0.003961 
102800.000000 407.493622 0.003964 
102900.000000 408.993591 0.003975 
103000.000000 409.893585 0.003980 
103100.000000 411.293549 0.003989 
103200.000000 412.793518 0.004000 
103300.000000 413.593506 0.004004 
103400.000000 414.593506 0.004010 
103500.000000 416.393494 0.004023 
103600.000000 417.893463 0.004034 
103700.000000 418.893463 0.004039 
103800.000000 420.393433 0.004050 
103900.000000 421.093414 0.004053 
104000.000000 422.093414 0.004059 
104100.000000 423.893402 0.004072 
104200.000000 424.793396 0.004077 
104300.000000 424.593384 0.004071 
104400.000000 424.393372 0.004065 
104500.000000 425.093353 0.004068 
104600.000000 427.793335 0.004090 
104700.000000 428.793335 0.004095 
104800.000000 430.593323 0.004109 
104900.000000 433.393311 0.004131 
105000.000000 434.393311 0.004137 
105100.000000 436.293304 0.004151 
105200.000000 437.293304 0.004157 
105300.000000 438.293304 0.004162 
105400.000000 440.893280 0.004183 
105500.000000 442.793274 0.004197 
105600.000000 444.493256 0.004209 
105700.000000 443.793213 0.004199 
105800.000000 445.693207 0.004213 
105900.000000 446.493195 0.004216 
106000.000000 445.993164 0.004207 
106100.000000 447.293121 0.004216 
106200.000000 449.193115 0.004230 
106300.000000 450.193115 0.004235 
106400.000000 450.393066 0.004233 
106500.000000 451.193054 0.004237 
106600.000000 453.893036 0.004258 
106700.000000 454.593018 0.004260 
106800.000000 455.592957 0.004266 
106900.000000 457.292938 0.004278 
107000.000000 458.792908 0.004288 
107100.000000 459.392883 0.004289 
107200.000000 460.292877 0.004294 
107300.000000 460.192871 0.004289 
107400.000000 459.992859 0.004283 
107500.000000 461.992859 0.004298 
107600.000000 463.992859 0.004312 
107700.000000 463.992859 0.004308 
107800.000000 465.892853 0.004322 
107900.000000 465.892853 0.004318 
108000.000000 466.792847 0.004322 
108100.000000 468.792847 0.004337 
108200.000000 468.792847 0.004333 
108300.000000 471.492828 0.004354 
108400.000000 474.292816 0.004375 
108500.000000 476.892792 0.004395 
108600.000000 478.792786 0.004409 
108700.000000 479.592773 0.004412 
108800.000000 481.692719 0.004427 
108900.000000 481.492706 0.004421 
109000.000000 483.492706 0.004436 
109100.000000 485.192688 0.004447 
109200.000000 488.092682 0.004470 
109300.000000 488.892670 0.004473 
109400.000000 491.292633 0.004491 
109500.000000 492.292633 0.004496 
109600.000000 495.192627 0.004518 
109700.000000 495.592590 0.004518 
109800.000000 497.592590 0.004532 
109900.000000 498.192566 0.004533 
110000.000000 500.692535 0.004552 
110100.000000 502.692535 0.004566 
110200.000000 503.692535 0.004571 
110300.000000 504.492523 0.004574 
110400.000000 505.492523 0.004579 
110500.000000 508.392517 0.004601 
110600.000000 508.792480 0.004600 
110700.000000 509.292450 0.004601 
110800.000000 509.792419 0.004601 
110900.000000 510.792419 0.004606 
111000.000000 511.592407 0.004609 
111100.000000 512.592407 0.004614 
111200.000000 512.392456 0.004608 
111300.000000 512.192505 0.004602 
111400.000000 511.892517 0.004595 
111500.000000 512.692566 0.004598 
111600.000000 514.292664 0.004608 
111700.000000 515.092712 0.004611 
111800.000000 516.092712 0.004616 
111900.000000 516.792786 0.004618 
112000.000000 516.792786 0.004614 
112100.000000 517.692810 0.004618 
112200.000000 518.392883 0.004620 
112300.000000 519.292908 0.004624 
112400.000000 519.992981 0.004626 
112500.000000 519.593079 0.004619 
112600.000000 521.093201 0.004628 
112700.000000 521.693298 0.004629 
112800.000000 521.393616 0.004622 
112900.000000 522.193665 0.004625 
113000.000000 522.393860 0.004623 
113100.000000 521.994202 0.004615 
113200.000000 524.494324 0.004633 
113300.000000 525.194397 0.004635 
113400.000000 526.994446 0.004647 
113500.000000 528.794495 0.004659 
113600.000000 528.694763 0.004654 
113700.000000 530.594788 0.004667 
113800.000000 532.194885 0.004677 
113900.000000 532.794983 0.004678 
114000.000000 532.295105 0.004669 
114100.000000 532.195129 0.004664 
114200.000000 534.095154 0.004677 
114300.000000 534.895203 0.004680 
114400.000000 534.395325 0.004671 
114500.000000 535.195374 0.004674 
114600.000000 535.095398 0.004669 
114700.000000 536.795471 0.004680 
114800.000000 538.595520 0.004692 
114900.000000 539.195618 0.004693 
115000.000000 540.995667 0.004704 
115100.000000 541.995667 0.004709 
115200.000000 542.595764 0.004710 
115300.000000 542.595764 0.004706 
115400.000000 542.595764 0.004702 
115500.000000 543.195862 0.004703 
115600.000000 543.995911 0.004706 
115700.000000 544.695984 0.004708 
115800.000000 546.496033 0.004719 
115900.000000 547.396057 0.004723 
116000.000000 548.396057 0.004728 
116100.000000 550.396057 0.004741 
116200.000000 550.396057 0.004737 
116300.000000 551.196106 0.004739 
116400.000000 551.196106 0.004735 
116500.000000 552.196106 0.004740 
116600.000000 554.196106 0.004753 
116700.000000 556.096130 0.004765 
116800.000000 557.596252 0.004774 
116900.000000 557.296326 0.004767 
117000.000000 557.196594 0.004762 
117100.000000 557.096619 0.004757 
117200.000000 557.096619 0.004753 
117300.000000 557.896667 0.004756 
117400.000000 557.496765 0.004749 
117500.000000 557.296814 0.004743 
117600.000000 558.896912 0.004753 
117700.000000 560.896912 0.004765 
117800.000000 561.297058 0.004765 
117900.000000 560.997131 0.004758 
118000.000000 562.297302 0.004765 
118100.000000 561.997375 0.004759 
118200.000000 562.897400 0.004762 
118300.000000 562.697449 0.004757 
118400.000000 562.597473 0.004752 
118500.000000 563.397522 0.004754 
118600.000000 564.197571 0.004757 
118700.000000 565.097595 0.004761 
118800.000000 566.997620 0.004773 
118900.000000 567.597717 0.004774 
119000.000000 569.397766 0.004785 
119100.000000 569.797913 0.004784 
119200.000000 571.497986 0.004794 
119300.000000 571.298035 0.004789 
119400.000000 571.998108 0.004791 
119500.000000 573.798157 0.004802 
119600.000000 573.698181 0.004797 
119700.000000 574.598206 0.004800 
119800.000000 575.498230 0.004804 
119900.000000 576.998352 0.004812 
120000.000000 577.798401 0.004815 
120100.000000 579.398499 0.004824 
120200.000000 581.298523 0.004836 
120300.000000 584.198547 0.004856 
120400.000000 583.898621 0.004850 
120500.000000 584.598694 0.004851 
120600.000000 585.998840 0.004859 
120700.000000 587.698914 0.004869 
120800.000000 588.999084 0.004876 
120900.000000 590.199280 0.004882 
121000.000000 591.899353 0.004892 
121100.000000 592.699402 0.004894 
121200.000000 593.499451 0.004897 
121300.000000 593.499451 0.004893 
121400.000000 594.499451 0.004897 
121500.000000 595.299500 0.004900 
121600.000000 596.299500 0.004904 
121700.000000 597.999573 0.004914 
121800.000000 597.699646 0.004907 
121900.000000 600.199768 0.004924 
122000.000000 600.999817 0.004926 
122100.000000 600.999817 0.004922 
122200.000000 600.999817 0.004918 
122300.000000 600.999817 0.004914 
122400.000000 601.899841 0.004917 
122500.000000 602.899841 0.004922 
122600.000000 602.899841 0.004918 
122700.000000 602.699890 0.004912 
122800.000000 603.299988 0.004913 
122900.000000 604.000305 0.004915 
123000.000000 603.200745 0.004904 
123100.000000 602.800842 0.004897 
123200.000000 604.400940 0.004906 
123300.000000 605.300964 0.004909 
123400.000000 605.701111 0.004908 
123500.000000 605.201233 0.004900 
123600.000000 605.001282 0.004895 
123700.000000 605.901306 0.004898 
123800.000000 605.401428 0.004890 
123900.000000 606.301453 0.004893 
124000.000000 607.201477 0.004897 
124100.000000 608.201477 0.004901 
124200.000000 608.201477 0.004897 
124300.000000 608.001526 0.004891 
124400.000000 607.901550 0.004887 
124500.000000 607.501648 0.004880 
124600.000000 608.501648 0.004884 
124700.000000 608.401672 0.004879 
124800.000000 609.201721 0.004881 
124900.000000 611.001770 0.004892 
125000.000000 613.701843 0.004910 
125100.000000 615.601868 0.004921 
125200.000000 617.301941 0.004931 
125300.000000 618.002014 0.004932 
125400.000000 619.002014 0.004936 
125500.000000 620.402161 0.004943 
125600.000000 620.902283 0.004943 
125700.000000 621.302429 0.004943 
125800.000000 622.302429 0.004947 
125900.000000 624.302429 0.004959 
126000.000000 625.102478 0.004961 
126100.000000 628.102478 0.004981 
126200.000000 630.002502 0.004992 
126300.000000 632.002502 0.005004 
126400.000000 634.002502 0.005016 
126500.000000 634.002502 0.005012 
126600.000000 635.002502 0.005016 
126700.000000 635.802551 0.005018 
126800.000000 636.602600 0.005021 
126900.000000 637.502625 0.005024 
127000.000000 638.402649 0.005027 
127100.000000 639.302673 0.005030 
127200.000000 639.102722 0.005024 
127300.000000 639.002747 0.005020 
127400.000000 638.702820 0.005013 
127500.000000 639.502869 0.005016 
127600.000000 640.502869 0.005020 
127700.000000 642.402893 0.005031 
127800.000000 643.102966 0.005032 
127900.000000 644.002991 0.005035 
128000.000000 644.002991 0.005031 
128100.000000 644.002991 0.005027 
128200.000000 643.603088 0.005020 
128300.000000 643.303162 0.005014 
128400.000000 645.203186 0.005025 
128500.000000 646.803284 0.005033 
128600.000000 648.503357 0.005043 
128700.000000 649.603577 0.005047 
128800.000000 652.203674 0.005064 
128900.000000 653.603821 0.005071 
129000.000000 655.503845 0.005081 
129100.000000 656.203918 0.005083 
129200.000000 659.103943 0.005101 
129300.000000 659.404114 0.005100 
129400.000000 660.204163 0.005102 
129500.000000 662.004211 0.005112 
129600.000000 663.904236 0.005123 
129700.000000 665.304382 0.005130 
129800.000000 667.104431 0.005139 
129900.000000 666.904480 0.005134 
130000.000000 668.704529 0.005144 
130100.000000 669.504578 0.005146 
130200.000000 671.404602 0.005157 
130300.000000 672.504822 0.005161 
130400.000000 673.404846 0.005164 
130500.000000 674.204895 0.005166 
130600.000000 677.004944 0.005184 
130700.000000 677.605042 0.005184 
130800.000000 681.305115 0.005209 
130900.000000 681.905212 0.005209 
131000.000000 683.705261 0.005219 
131100.000000 685.405334 0.005228 
131200.000000 686.605530 0.005233 
131300.000000 686.905701 0.005232 
131400.000000 686.905945 0.005228 
131500.000000 688.006165 0.005232 
131600.000000 688.506287 0.005232 
131700.000000 688.506287 0.005228 
131800.000000 689.506287 0.005231 
131900.000000 690.306335 0.005234 
132000.000000 690.306335 0.005230 
132100.000000 690.606506 0.005228 
132200.000000 690.606750 0.005224 
132300.000000 692.606750 0.005235 
132400.000000 693.606750 0.005239 
132500.000000 694.306824 0.005240 
132600.000000 695.206848 0.005243 
132700.000000 696.206848 0.005246 
132800.000000 696.906921 0.005248 
132900.000000 697.906921 0.005251 
133000.000000 698.706970 0.005253 
133100.000000 698.706970 0.005249 
133200.000000 699.706970 0.005253 
133300.000000 699.706970 0.005249 
133400.000000 699.706970 0.005245 
133500.000000 699.706970 0.005241 
133600.000000 699.706970 0.005237 
133700.000000 699.706970 0.005233 
133800.000000 699.706970 0.005229 
133900.000000 699.706970 0.005226 
134000.000000 699.706970 0.005222 
134100.000000 700.407043 0.005223 
134200.000000 699.607239 0.005213 
134300.000000 700.607239 0.005217 
134400.000000 700.507263 0.005212 
134500.000000 700.007385 0.005205 
134600.000000 700.707458 0.005206 
134700.000000 701.707458 0.005209 
134800.000000 701.607483 0.005205 
134900.000000 701.207581 0.005198 
135000.000000 702.107605 0.005201 
135100.000000 704.007629 0.005211 
135200.000000 703.507751 0.005203 
135300.000000 705.307800 0.005213 
135400.000000 705.307800 0.005209 
135500.000000 706.707947 0.005216 
135600.000000 706.707947 0.005212 
135700.000000 707.108093 0.005211 
135800.000000 707.108093 0.005207 
135900.000000 706.908142 0.005202 
136000.000000 707.408264 0.005202 
136100.000000 706.408752 0.005190 
136200.000000 705.708923 0.005181 
136300.000000 706.708923 0.005185 
136400.000000 707.508972 0.005187 
136500.000000 709.209045 0.005196 
136600.000000 710.209045 0.005199 
136700.000000 710.009094 0.005194 
136800.000000 711.009094 0.005197 
136900.000000 713.909119 0.005215 
137000.000000 714.809143 0.005218 
137100.000000 716.509216 0.005226 
137200.000000 717.209290 0.005227 
137300.000000 717.009338 0.005222 
137400.000000 718.609436 0.005230 
137500.000000 718.409485 0.005225 
137600.000000 718.609680 0.005222 
137700.000000 719.709900 0.005227 
137800.000000 719.409973 0.005221 
137900.000000 720.409973 0.005224 
138000.000000 720.409973 0.005220 
138100.000000 720.610168 0.005218 
138200.000000 722.410217 0.005227 
138300.000000 723.010559 0.005228 
138400.000000 724.910583 0.005238 
138500.000000 726.410706 0.005245 
138600.000000 728.010803 0.005253 
138700.000000 729.810852 0.005262 
138800.000000 730.710876 0.005264 
138900.000000 731.610901 0.005267 
139000.000000 732.610901 0.005271 
139100.000000 733.510925 0.005273 
139200.000000 734.510925 0.005277 
139300.000000 735.410950 0.005279 
139400.000000 737.410950 0.005290 
139500.000000 739.310974 0.005300 
139600.000000 740.210999 0.005302 
139700.000000 742.011047 0.005311 
139800.000000 741.711121 0.005306 
139900.000000 742.611145 0.005308 
140000.000000 742.011292 0.005300 
140100.000000 742.711365 0.005301 
140200.000000 742.711365 0.005298 
140300.000000 743.611389 0.005300 
140400.000000 744.311462 0.005301 
140500.000000 745.211487 0.005304 
140600.000000 746.011536 0.005306 
140700.000000 746.011536 0.005302 
140800.000000 747.711609 0.005310 
140900.000000 749.611633 0.005320 
141000.000000 749.511658 0.005316 
141100.000000 750.511658 0.005319 
141200.000000 750.511658 0.005315 
141300.000000 751.211731 0.005316 
141400.000000 753.211731 0.005327 
141500.000000 754.111755 0.005329 
141600.000000 755.011780 0.005332 
141700.000000 755.911804 0.005335 
141800.000000 756.012024 0.005332 
141900.000000 757.012024 0.005335 
142000.000000 757.812073 0.005337 
142100.000000 758.512146 0.005338 
142200.000000 758.512146 0.005334 
142300.000000 761.112244 0.005349 
142400.000000 761.912292 0.005351 
142500.000000 763.512390 0.005358 
142600.000000 764.312439 0.005360 
142700.000000 765.512634 0.005364 
142800.000000 766.112732 0.005365 
142900.000000 767.112732 0.005368 
143000.000000 766.812805 0.005362 
143100.000000 768.512878 0.005370 
143200.000000 769.512878 0.005374 
143300.000000 771.412903 0.005383 
143400.000000 771.813049 0.005382 
143500.000000 771.613098 0.005377 
143600.000000 771.113220 0.005370 
143700.000000 772.113464 0.005373 
143800.000000 773.113464 0.005376 
143900.000000 774.913513 0.005385 
144000.000000 774.513611 0.005379 
144100.000000 775.913757 0.005385 
144200.000000 776.313904 0.005384 
144300.000000 775.714050 0.005376 
144400.000000 775.514099 0.005371 
144500.000000 776.314148 0.005372 
144600.000000 778.114197 0.005381 
144700.000000 780.114197 0.005391 
144800.000000 780.114197 0.005388 
144900.000000 780.114197 0.005384 
145000.000000 779.614319 0.005377 
145100.000000 781.514343 0.005386 
145200.000000 782.514343 0.005389 
145300.000000 784.414368 0.005399 
145400.000000 784.714539 0.005397 
145500.000000 786.414612 0.005405 
145600.000000 787.014709 0.005405 
145700.000000 788.014709 0.005408 
145800.000000 788.914734 0.005411 
145900.000000 790.414856 0.005418 
146000.000000 791.314880 0.005420 
146100.000000 792.014954 0.005421 
146200.000000 791.914978 0.005417 
146300.000000 792.515076 0.005417 
146400.000000 793.415100 0.005420 
146500.000000 793.515320 0.005416 
146600.000000 794.515320 0.005420 
146700.000000 793.915466 0.005412 
146800.000000 795.915466 0.005422 
146900.000000 795.515564 0.005415 
147000.000000 796.215637 0.005416 
147100.000000 797.115662 0.005419 
147200.000000 799.115662 0.005429 
147300.000000 800.115662 0.005432 
147400.000000 801.015686 0.005434 
147500.000000 801.815735 0.005436 
147600.000000 802.815735 0.005439 
147700.000000 803.715759 0.005442 
147800.000000 805.515808 0.005450 
147900.000000 806.415833 0.005452 
148000.000000 807.915955 0.005459 
148100.000000 808.815979 0.005461 
148200.000000 810.815979 0.005471 
148300.000000 812.716003 0.005480 
148400.000000 813.316101 0.005481 
148500.000000 815.116150 0.005489 
148600.000000 816.116150 0.005492 
148700.000000 815.916199 0.005487 
148800.000000 817.616272 0.005495 
148900.000000 818.216370 0.005495 
149000.000000 820.116394 0.005504 
149100.000000 823.116394 0.005521 
149200.000000 823.916443 0.005522 
149300.000000 824.816467 0.005525 
149400.000000 826.616516 0.005533 
149500.000000 828.616516 0.005543 
149600.000000 828.816711 0.005540 
149700.000000 830.616760 0.005549 
149800.000000 832.516785 0.005558 
149900.000000 834.216858 0.005565 
150000.000000 835.716980 0.005571 
150100.000000 835.617004 0.005567 
150200.000000 836.617004 0.005570 
150300.000000 837.617004 0.005573 
150400.000000 837.317078 0.005567 
150500.000000 837.317078 0.005564 
150600.000000 838.317078 0.005567 
150700.000000 838.017151 0.005561 
150800.000000 839.617249 0.005568 
150900.000000 840.317322 0.005569 
151000.000000 842.717468 0.005581 
151100.000000 843.417542 0.005582 
151200.000000 844.317566 0.005584 
151300.000000 846.117615 0.005592 
151400.000000 846.917664 0.005594 
151500.000000 847.217834 0.005592 
151600.000000 848.917908 0.005600 
151700.000000 848.717957 0.005595 
151800.000000 848.717957 0.005591 
151900.000000 848.717957 0.005587 
152000.000000 850.118103 0.005593 
152100.000000 849.818176 0.005587 
152200.000000 849.818176 0.005584 
152300.000000 850.718201 0.005586 
152400.000000 850.718201 0.005582 
152500.000000 850.718201 0.005578 
152600.000000 850.718201 0.005575 
152700.000000 851.318298 0.005575 
152800.000000 852.318298 0.005578 
152900.000000 854.318298 0.005587 
153000.000000 854.318298 0.005584 
153100.000000 855.218323 0.005586 
153200.000000 857.118347 0.005595 
153300.000000 858.118347 0.005598 
153400.000000 859.018372 0.005600 
153500.000000 859.618469 0.005600 
153600.000000 860.418518 0.005602 
153700.000000 862.418518 0.005611 
153800.000000 862.318542 0.005607 
153900.000000 862.218567 0.005602 
154000.000000 863.018616 0.005604 
154100.000000 866.018616 0.005620 
154200.000000 866.818665 0.005621 
154300.000000 867.318787 0.005621 
154400.000000 867.218811 0.005617 
154500.000000 868.218811 0.005620 
154600.000000 869.218811 0.005622 
154700.000000 870.218811 0.005625 
154800.000000 871.218811 0.005628 
154900.000000 872.118835 0.005630 
155000.000000 872.818909 0.005631 
155100.000000 873.818909 0.005634 
155200.000000 873.818909 0.005630 
155300.000000 874.818909 0.005633 
155400.000000 874.818909 0.005629 
155500.000000 875.518982 0.005630 
155600.000000 875.219055 0.005625 
155700.000000 875.219055 0.005621 
155800.000000 876.019104 0.005623 
155900.000000 876.019104 0.005619 
156000.000000 876.819153 0.005621 
156100.000000 876.819153 0.005617 
156200.000000 876.919373 0.005614 
156300.000000 876.919617 0.005610 
156400.000000 876.719666 0.005606 
156500.000000 877.519714 0.005607 
156600.000000 877.519714 0.005604 
156700.000000 877.519714 0.005600 
156800.000000 878.319763 0.005602 
156900.000000 878.319763 0.005598 
157000.000000 878.219788 0.005594 
157100.000000 878.219788 0.005590 
157200.000000 878.219788 0.005587 
157300.000000 878.219788 0.005583 
157400.000000 878.219788 0.005580 
157500.000000 878.219788 0.005576 
157600.000000 879.320007 0.005579 
157700.000000 880.020081 0.005580 
157800.000000 881.820129 0.005588 
157900.000000 883.520203 0.005595 
158000.000000 884.520203 0.005598 
158100.000000 885.120300 0.005598 
158200.000000 884.920349 0.005594 
158300.000000 885.920349 0.005596 
158400.000000 886.720398 0.005598 
158500.000000 887.720398 0.005601 
158600.000000 887.720398 0.005597 
158700.000000 888.620422 0.005599 
158800.000000 889.620422 0.005602 
158900.000000 890.620422 0.005605 
159000.000000 892.520447 0.005613 
159100.000000 894.520447 0.005622 
159200.000000 896.320496 0.005630 
159300.000000 897.320496 0.005633 
159400.000000 900.220520 0.005648 
159500.000000 900.020569 0.005643 
159600.000000 901.720642 0.005650 
159700.000000 902.720642 0.005653 
159800.000000 902.720642 0.005649 
159900.000000 904.720642 0.005658 
160000.000000 906.720642 0.005667 
160100.000000 907.720642 0.005670 
160200.000000 909.720642 0.005679 
160300.000000 910.720642 0.005681 
160400.000000 912.720642 0.005690 
160500.000000 914.320740 0.005697 
160600.000000 914.220764 0.005693 
160700.000000 915.120789 0.005695 
160800.000000 916.020813 0.005697 
160900.000000 918.020813 0.005706 
161000.000000 918.820862 0.005707 
161100.000000 919.420959 0.005707 
161200.000000 921.320984 0.005715 
161300.000000 921.121033 0.005711 
161400.000000 920.821106 0.005705 
161500.000000 921.621155 0.005707 
161600.000000 921.121277 0.005700 
161700.000000 921.121277 0.005696 
161800.000000 921.021301 0.005692 
161900.000000 921.621399 0.005693 
162000.000000 921.621399 0.005689 
162100.000000 920.321716 0.005677 
162200.000000 920.121765 0.005673 
162300.000000 919.721863 0.005667 
162400.000000 919.421936 0.005661 
162500.000000 919.022034 0.005656 
162600.000000 919.922058 0.005658 
162700.000000 920.022278 0.005655 
162800.000000 919.822327 0.005650 
162900.000000 919.622375 0.005645 
163000.000000 918.422668 0.005634 
163100.000000 917.922791 0.005628 
163200.000000 917.422913 0.005621 
163300.000000 916.923035 0.005615 
163400.000000 916.723083 0.005610 
163500.000000 916.423157 0.005605 
163600.000000 916.123230 0.005600 
163700.000000 915.623352 0.005593 
163800.000000 915.123474 0.005587 
163900.000000 915.023499 0.005583 
164000.000000 914.723572 0.005578 
164100.000000 915.723572 0.005580 
164200.000000 915.723572 0.005577 
164300.000000 916.223694 0.005577 
164400.000000 915.924011 0.005571 
164500.000000 916.324158 0.005570 
164600.000000 915.724548 0.005563 
164700.000000 915.624573 0.005559 
164800.000000 915.524597 0.005555 
164900.000000 915.524597 0.005552 
165000.000000 915.524597 0.005549 
165100.000000 915.124695 0.005543 
165200.000000 914.824768 0.005538 
165300.000000 914.724792 0.005534 
165400.000000 914.724792 0.005530 
165500.000000 914.724792 0.005527 
165600.000000 914.724792 0.005524 
165700.000000 914.324890 0.005518 
165800.000000 914.224915 0.005514 
165900.000000 914.024963 0.005509 
166000.000000 914.325134 0.005508 
166100.000000 914.325134 0.005505 
166200.000000 913.825256 0.005498 
166300.000000 913.025452 0.005490 
166400.000000 912.525574 0.005484 
166500.000000 912.325623 0.005479 
166600.000000 912.225647 0.005476 
166700.000000 912.025696 0.005471 
166800.000000 912.025696 0.005468 
166900.000000 912.025696 0.005465 
167000.000000 912.025696 0.005461 
167100.000000 912.025696 0.005458 
167200.000000 911.925720 0.005454 
167300.000000 911.425842 0.005448 
167400.000000 911.726013 0.005446 
167500.000000 911.726013 0.005443 
167600.000000 911.726013 0.005440 
167700.000000 911.726013 0.005437 
167800.000000 911.726013 0.005433 
167900.000000 911.726013 0.005430 
168000.000000 911.626038 0.005426 
168100.000000 911.526062 0.005423 
168200.000000 911.526062 0.005419 
168300.000000 911.526062 0.005416 
168400.000000 911.426086 0.005412 
168500.000000 909.926697 0.005400 
168600.000000 909.226868 0.005393 
168700.000000 909.627258 0.005392 
168800.000000 908.427551 0.005382 
168900.000000 910.027649 0.005388 
169000.000000 911.027649 0.005391 
169100.000000 911.027649 0.005388 
169200.000000 911.827698 0.005389 
169300.000000 911.727722 0.005385 
169400.000000 911.327820 0.005380 
169500.000000 911.327820 0.005377 
169600.000000 911.327820 0.005373 
169700.000000 911.327820 0.005370 
169800.000000 911.327820 0.005367 
169900.000000 911.327820 0.005364 
170000.000000 911.327820 0.005361 
170100.000000 912.127869 0.005362 
170200.000000 912.127869 0.005359 
170300.000000 912.727966 0.005360 
170400.000000 912.727966 0.005356 
170500.000000 912.727966 0.005353 
170600.000000 912.727966 0.005350 
170700.000000 912.727966 0.005347 
170800.000000 912.727966 0.005344 
170900.000000 912.727966 0.005341 
171000.000000 912.727966 0.005338 
171100.000000 912.727966 0.005334 
171200.000000 912.727966 0.005331 
171300.000000 912.428040 0.005326 
171400.000000 912.428040 0.005323 
171500.000000 912.328064 0.005320 
171600.000000 912.028137 0.005315 
171700.000000 912.828186 0.005316 
171800.000000 912.728210 0.005313 
171900.000000 912.228333 0.005307 
172000.000000 913.028381 0.005308 
172100.000000 913.028381 0.005305 
172200.000000 913.028381 0.005302 
172300.000000 913.028381 0.005299 
172400.000000 913.028381 0.005296 
172500.000000 913.028381 0.005293 
172600.000000 912.728455 0.005288 
172700.000000 912.528503 0.005284 
172800.000000 912.128601 0.005279 
172900.000000 913.128601 0.005281 
173000.000000 913.128601 0.005278 
173100.000000 912.928650 0.005274 
173200.000000 913.928650 0.005277 
173300.000000 913.928650 0.005274 
173400.000000 913.328796 0.005267 
173500.000000 913.328796 0.005264 
173600.000000 913.328796 0.005261 
173700.000000 913.028870 0.005256 
173800.000000 913.928894 0.005259 
173900.000000 914.928894 0.005261 
174000.000000 915.828918 0.005263 
174100.000000 916.528992 0.005264 
174200.000000 916.528992 0.005261 
174300.000000 916.528992 0.005258 
174400.000000 916.429016 0.005255 
174500.000000 916.329041 0.005251 
174600.000000 917.329041 0.005254 
174700.000000 917.329041 0.005251 
174800.000000 917.329041 0.005248 
174900.000000 917.329041 0.005245 
175000.000000 917.329041 0.005242 
175100.000000 917.129089 0.005238 
175200.000000 917.129089 0.005235 
175300.000000 916.829163 0.005230 
175400.000000 917.829163 0.005233 
175500.000000 917.829163 0.005230 
175600.000000 917.829163 0.005227 
175700.000000 917.329285 0.005221 
175800.000000 917.829407 0.005221 
175900.000000 917.729431 0.005217 
176000.000000 917.729431 0.005214 
176100.000000 917.629456 0.005211 
176200.000000 919.529480 0.005219 
176300.000000 919.129578 0.005213 
176400.000000 918.929626 0.005209 
176500.000000 919.529724 0.005210 
176600.000000 921.129822 0.005216 
176700.000000 919.730164 0.005205 
176800.000000 921.630188 0.005213 
176900.000000 922.330261 0.005214 
177000.000000 922.330261 0.005211 
177100.000000 921.930359 0.005206 
177200.000000 923.530457 0.005212 
177300.000000 923.530457 0.005209 
177400.000000 924.330505 0.005210 
177500.000000 924.330505 0.005207 
177600.000000 924.130554 0.005203 
177700.000000 924.030579 0.005200 
177800.000000 925.030579 0.005203 
177900.000000 925.030579 0.005200 
178000.000000 925.030579 0.005197 
178100.000000 925.030579 0.005194 
178200.000000 925.030579 0.005191 
178300.000000 925.030579 0.005188 
178400.000000 925.030579 0.005185 
178500.000000 925.030579 0.005182 
178600.000000 925.030579 0.005179 
178700.000000 925.930603 0.005181 
178800.000000 926.930603 0.005184 
178900.000000 927.730652 0.005186 
179000.000000 930.730652 0.005200 
179100.000000 930.730652 0.005197 
179200.000000 930.730652 0.005194 
179300.000000 930.730652 0.005191 
179400.000000 931.330750 0.005191 
179500.000000 930.930847 0.005186 
179600.000000 931.930847 0.005189 
179700.000000 931.930847 0.005186 
179800.000000 932.930847 0.005189 
179900.000000 932.930847 0.005186 
180000.000000 932.730896 0.005182 
180100.000000 933.730896 0.005185 
180200.000000 934.430969 0.005186 
180300.000000 935.031067 0.005186 
180400.000000 936.031067 0.005189 
180500.000000 936.031067 0.005186 
180600.000000 936.031067 0.005183 
180700.000000 936.031067 0.005180 
180800.000000 936.031067 0.005177 
180900.000000 935.831116 0.005173 
181000.000000 936.731140 0.005175 
181100.000000 936.731140 0.005172 
181200.000000 936.531189 0.005168 
181300.000000 936.331238 0.005165 
181400.000000 936.331238 0.005162 
181500.000000 936.331238 0.005159 
181600.000000 936.331238 0.005156 
181700.000000 936.331238 0.005153 
181800.000000 936.331238 0.005150 
181900.000000 936.331238 0.005148 
182000.000000 936.331238 0.005145 
182100.000000 936.331238 0.005142 
182200.000000 936.331238 0.005139 
182300.000000 936.331238 0.005136 
182400.000000 936.331238 0.005133 
182500.000000 936.331238 0.005131 
182600.000000 936.331238 0.005128 
182700.000000 936.331238 0.005125 
182800.000000 936.331238 0.005122 
182900.000000 936.231262 0.005119 
183000.000000 936.031311 0.005115 
183100.000000 935.931335 0.005112 
183200.000000 935.931335 0.005109 
183300.000000 935.831360 0.005105 
183400.000000 935.731384 0.005102 
183500.000000 936.531433 0.005104 
183600.000000 936.531433 0.005101 
183700.000000 936.431458 0.005098 
183800.000000 936.331482 0.005094 
183900.000000 936.231506 0.005091 
184000.000000 936.431702 0.005089 
184100.000000 936.431702 0.005087 
184200.000000 936.331726 0.005083 
184300.000000 936.331726 0.005080 
184400.000000 936.131775 0.005077 
184500.000000 936.031799 0.005073 
184600.000000 935.831848 0.005070 
184700.000000 935.631897 0.005066 
184800.000000 935.631897 0.005063 
184900.000000 935.631897 0.005060 
185000.000000 935.631897 0.005057 
185100.000000 935.531921 0.005054 
185200.000000 935.531921 0.005051 
185300.000000 935.531921 0.005049 
185400.000000 935.531921 0.005046 
185500.000000 935.531921 0.005043 
185600.000000 935.431946 0.005040 
185700.000000 935.331970 0.005037 
185800.000000 935.331970 0.005034 
185900.000000 936.231995 0.005036 
186000.000000 935.732117 0.005031 
186100.000000 935.732117 0.005028 
186200.000000 936.632141 0.005030 
186300.000000 938.032288 0.005035 
186400.000000 937.932312 0.005032 
186500.000000 938.332458 0.005031 
186600.000000 938.232483 0.005028 
186700.000000 939.232483 0.005031 
186800.000000 939.932556 0.005032 
186900.000000 940.732605 0.005033 
187000.000000 940.732605 0.005031 
187100.000000 940.632629 0.005027 
187200.000000 940.632629 0.005025 
187300.000000 940.632629 0.005022 
187400.000000 940.432678 0.005018 
187500.000000 940.432678 0.005016 
187600.000000 940.432678 0.005013 
187700.000000 940.432678 0.005010 
187800.000000 940.432678 0.005008 
187900.000000 940.432678 0.005005 
188000.000000 940.232727 0.005001 
188100.000000 941.032776 0.005003 
188200.000000 941.032776 0.005000 
188300.000000 940.732849 0.004996 
188400.000000 940.732849 0.004993 
188500.000000 940.732849 0.004991 
188600.000000 940.632874 0.004987 
188700.000000 940.432922 0.004984 
188800.000000 940.432922 0.004981 
188900.000000 940.432922 0.004978 
189000.000000 940.432922 0.004976 
189100.000000 940.432922 0.004973 
189200.000000 940.132996 0.004969 
189300.000000 939.833069 0.004965 
189400.000000 940.833069 0.004967 
189500.000000 940.833069 0.004965 
189600.000000 940.733093 0.004962 
189700.000000 940.733093 0.004959 
189800.000000 940.733093 0.004956 
189900.000000 940.733093 0.004954 
190000.000000 940.733093 0.004951 
190100.000000 940.733093 0.004949 
190200.000000 940.733093 0.004946 
190300.000000 940.733093 0.004943 
190400.000000 940.233215 0.004938 
190500.000000 941.033264 0.004940 
190600.000000 942.033264 0.004942 
190700.000000 942.033264 0.004940 
190800.000000 942.033264 0.004937 
190900.000000 942.033264 0.004935 
191000.000000 942.033264 0.004932 
191100.000000 942.033264 0.004930 
191200.000000 942.033264 0.004927 
191300.000000 942.033264 0.004924 
191400.000000 942.033264 0.004922 
191500.000000 942.033264 0.004919 
191600.000000 943.033264 0.004922 
191700.000000 942.733337 0.004918 
191800.000000 942.733337 0.004915 
191900.000000 942.733337 0.004913 
192000.000000 942.533386 0.004909 
192100.000000 942.533386 0.004906 
192200.000000 942.533386 0.004904 
192300.000000 942.533386 0.004901 
192400.000000 942.533386 0.004899 
192500.000000 942.533386 0.004896 
192600.000000 942.533386 0.004894 
192700.000000 942.533386 0.004891 
192800.000000 942.533386 0.004889 
192900.000000 942.533386 0.004886 
193000.000000 942.533386 0.004884 
193100.000000 942.533386 0.004881 
193200.000000 942.533386 0.004879 
193300.000000 942.533386 0.004876 
193400.000000 942.533386 0.004873 
193500.000000 942.533386 0.004871 
193600.000000 942.533386 0.004868 
193700.000000 942.533386 0.004866 
193800.000000 942.533386 0.004863 
193900.000000 942.533386 0.004861 
194000.000000 943.233459 0.004862 
194100.000000 943.233459 0.004860 
194200.000000 943.233459 0.004857 
194300.000000 943.133484 0.004854 
194400.000000 943.133484 0.004852 
194500.000000 943.133484 0.004849 
194600.000000 943.133484 0.004847 
194700.000000 944.133484 0.004849 
194800.000000 944.133484 0.004847 
194900.000000 944.133484 0.004844 
195000.000000 944.133484 0.004842 
195100.000000 944.133484 0.004839 
195200.000000 944.133484 0.004837 
195300.000000 944.133484 0.004834 
195400.000000 944.133484 0.004832 
195500.000000 944.133484 0.004829 
195600.000000 944.133484 0.004827 
195700.000000 944.133484 0.004824 
195800.000000 944.133484 0.004822 
195900.000000 945.133484 0.004825 
196000.000000 945.133484 0.004822 
196100.000000 946.133484 0.004825 
196200.000000 946.033508 0.004822 
196300.000000 947.033508 0.004824 
196400.000000 947.033508 0.004822 
196500.000000 947.033508 0.004820 
196600.000000 947.033508 0.004817 
196700.000000 947.033508 0.004815 
196800.000000 947.033508 0.004812 
196900.000000 947.033508 0.004810 
197000.000000 947.033508 0.004807 
197100.000000 947.033508 0.004805 
197200.000000 947.033508 0.004802 
197300.000000 947.033508 0.004800 
197400.000000 947.033508 0.004798 
197500.000000 947.033508 0.004795 
197600.000000 946.933533 0.004792 
197700.000000 946.933533 0.004790 
197800.000000 946.933533 0.004787 
197900.000000 946.933533 0.004785 
198000.000000 946.933533 0.004782 
198100.000000 946.933533 0.004780 
198200.000000 946.833557 0.004777 
198300.000000 946.833557 0.004775 
198400.000000 947.833557 0.004777 
198500.000000 947.833557 0.004775 
198600.000000 947.833557 0.004773 
198700.000000 947.833557 0.004770 
198800.000000 947.833557 0.004768 
198900.000000 947.833557 0.004765 
199000.000000 947.833557 0.004763 
199100.000000 947.833557 0.004761 
199200.000000 947.833557 0.004758 
199300.000000 947.833557 0.004756 
199400.000000 947.733582 0.004753 
199500.000000 947.733582 0.004751 
199600.000000 947.733582 0.004748 
199700.000000 947.733582 0.004746 
199800.000000 947.733582 0.004743 
199900.000000 947.733582 0.004741 
200000.000000 947.733582 0.004739 
