0.000000 0.000000 7259.000000 
0.000000 1.000000 7000.000000 
0.000000 2.000000 4990.000000 
0.000000 3.000000 3302.000000 
0.000000 4.000000 2170.000000 
0.000000 5.000000 1639.000000 
0.000000 6.000000 1070.000000 
0.000000 7.000000 627.000000 
1.000000 0.000000 5650.000000 
1.000000 1.000000 5402.000000 
1.000000 2.000000 4442.000000 
1.000000 3.000000 2661.000000 
1.000000 4.000000 1482.000000 
1.000000 5.000000 1109.000000 
1.000000 6.000000 875.000000 
1.000000 7.000000 611.000000 
2.000000 0.000000 2490.000000 
2.000000 1.000000 3305.000000 
2.000000 2.000000 3781.000000 
2.000000 3.000000 2339.000000 
2.000000 4.000000 1378.000000 
2.000000 5.000000 896.000000 
2.000000 6.000000 791.000000 
2.000000 7.000000 563.000000 
3.000000 0.000000 1125.000000 
3.000000 1.000000 1535.000000 
3.000000 2.000000 2764.000000 
3.000000 3.000000 2761.000000 
3.000000 4.000000 1737.000000 
3.000000 5.000000 1098.000000 
3.000000 6.000000 837.000000 
3.000000 7.000000 595.000000 
4.000000 0.000000 799.000000 
4.000000 1.000000 1287.000000 
4.000000 2.000000 1947.000000 
4.000000 3.000000 2577.000000 
4.000000 4.000000 2510.000000 
4.000000 5.000000 1759.000000 
4.000000 6.000000 1409.000000 
4.000000 7.000000 837.000000 
5.000000 0.000000 913.000000 
5.000000 1.000000 1142.000000 
5.000000 2.000000 1791.000000 
5.000000 3.000000 2550.000000 
5.000000 4.000000 3406.000000 
5.000000 5.000000 3070.000000 
5.000000 6.000000 2866.000000 
5.000000 7.000000 1269.000000 
6.000000 0.000000 1034.000000 
6.000000 1.000000 914.000000 
6.000000 2.000000 1285.000000 
6.000000 3.000000 2065.000000 
6.000000 4.000000 3594.000000 
6.000000 5.000000 6275.000000 
6.000000 6.000000 9829.000000 
6.000000 7.000000 2557.000000 
7.000000 0.000000 885.000000 
7.000000 1.000000 653.000000 
7.000000 2.000000 890.000000 
7.000000 3.000000 1622.000000 
7.000000 4.000000 4347.000000 
7.000000 5.000000 15618.000000 
7.000000 6.000000 37031.000000 
7.000000 7.000000 2985.000000 
