100.000000 -1.500000 -0.015000 
200.000000 -3.999998 -0.020000 
300.000000 -5.799997 -0.019333 
400.000000 -7.399995 -0.018500 
500.000000 -8.099995 -0.016200 
600.000000 -8.799997 -0.014667 
700.000000 -10.300003 -0.014714 
800.000000 -11.100006 -0.013875 
900.000000 -11.900009 -0.013222 
1000.000000 -13.100018 -0.013100 
1100.000000 -13.600019 -0.012364 
1200.000000 -14.600023 -0.012167 
1300.000000 -16.300030 -0.012538 
1400.000000 -17.800035 -0.012714 
1500.000000 -19.500042 -0.013000 
1600.000000 -19.800043 -0.012375 
1700.000000 -21.000048 -0.012353 
1800.000000 -22.300053 -0.012389 
1900.000000 -22.800058 -0.012000 
2000.000000 -24.000063 -0.012000 
2100.000000 -25.400068 -0.012095 
2200.000000 -25.600073 -0.011636 
2300.000000 -27.300079 -0.011870 
2400.000000 -28.400084 -0.011833 
2500.000000 -29.600088 -0.011840 
2600.000000 -30.700092 -0.011808 
2700.000000 -31.300095 -0.011593 
2800.000000 -31.600100 -0.011286 
2900.000000 -31.000101 -0.010690 
3000.000000 -32.400097 -0.010800 
3100.000000 -34.400066 -0.011097 
3200.000000 -36.000042 -0.011250 
3300.000000 -37.200024 -0.011273 
3400.000000 -38.600002 -0.011353 
3500.000000 -39.699970 -0.011343 
3600.000000 -41.399929 -0.011500 
3700.000000 -42.399899 -0.011459 
3800.000000 -43.099873 -0.011342 
3900.000000 -44.099842 -0.011308 
4000.000000 -44.899830 -0.011225 
4100.000000 -44.899815 -0.010951 
4200.000000 -45.299809 -0.010786 
4300.000000 -45.499790 -0.010581 
4400.000000 -46.899769 -0.010659 
4500.000000 -47.999752 -0.010667 
4600.000000 -50.299717 -0.010935 
4700.000000 -50.099705 -0.010660 
4800.000000 -50.999691 -0.010625 
4900.000000 -49.799679 -0.010163 
5000.000000 -50.199673 -0.010040 
5100.000000 -51.199657 -0.010039 
5200.000000 -51.499638 -0.009904 
5300.000000 -52.399609 -0.009887 
5400.000000 -54.099583 -0.010018 
5500.000000 -54.499561 -0.009909 
5600.000000 -55.699543 -0.009946 
5700.000000 -56.599514 -0.009930 
5800.000000 -57.599499 -0.009931 
5900.000000 -57.699482 -0.009780 
6000.000000 -59.199459 -0.009867 
6100.000000 -58.699451 -0.009623 
6200.000000 -59.599438 -0.009613 
6300.000000 -61.299412 -0.009730 
6400.000000 -62.399380 -0.009750 
6500.000000 -64.999344 -0.010000 
6600.000000 -65.599319 -0.009939 
6700.000000 -66.799301 -0.009970 
6800.000000 -66.499290 -0.009779 
6900.000000 -67.299278 -0.009754 
7000.000000 -66.799271 -0.009543 
7100.000000 -67.199265 -0.009465 
7200.000000 -67.999252 -0.009444 
7300.000000 -69.199234 -0.009479 
7400.000000 -70.599213 -0.009540 
7500.000000 -70.899208 -0.009453 
7600.000000 -70.799194 -0.009316 
7700.000000 -72.399170 -0.009402 
7800.000000 -73.799149 -0.009461 
7900.000000 -74.799133 -0.009468 
8000.000000 -75.199127 -0.009400 
8100.000000 -75.599121 -0.009333 
8200.000000 -76.799103 -0.009366 
8300.000000 -77.799088 -0.009373 
8400.000000 -78.399078 -0.009333 
8500.000000 -78.799072 -0.009270 
8600.000000 -79.799057 -0.009279 
8700.000000 -81.399033 -0.009356 
8800.000000 -83.098991 -0.009443 
8900.000000 -84.098976 -0.009449 
9000.000000 -85.798950 -0.009533 
9100.000000 -86.498940 -0.009505 
9200.000000 -86.498924 -0.009402 
9300.000000 -87.898903 -0.009451 
9400.000000 -89.398880 -0.009511 
9500.000000 -90.998856 -0.009579 
9600.000000 -91.998840 -0.009583 
9700.000000 -92.098824 -0.009495 
9800.000000 -92.698814 -0.009459 
9900.000000 -94.098793 -0.009505 
10000.000000 -94.598770 -0.009460 
10100.000000 -94.498756 -0.009356 
10200.000000 -95.298744 -0.009343 
10300.000000 -96.398727 -0.009359 
10400.000000 -96.998718 -0.009327 
10500.000000 -97.398697 -0.009276 
10600.000000 -98.198669 -0.009264 
10700.000000 -99.998642 -0.009346 
10800.000000 -100.698631 -0.009324 
10900.000000 -101.898613 -0.009348 
11000.000000 -102.598587 -0.009327 
11100.000000 -103.498573 -0.009324 
11200.000000 -102.798553 -0.009178 
11300.000000 -102.598526 -0.009080 
11400.000000 -103.198517 -0.009053 
11500.000000 -102.898506 -0.008948 
11600.000000 -103.298485 -0.008905 
11700.000000 -103.198471 -0.008820 
11800.000000 -103.498451 -0.008771 
11900.000000 -103.198441 -0.008672 
12000.000000 -104.098427 -0.008675 
12100.000000 -104.798416 -0.008661 
12200.000000 -105.298409 -0.008631 
12300.000000 -105.698402 -0.008593 
12400.000000 -107.098381 -0.008637 
12500.000000 -107.298363 -0.008584 
12600.000000 -108.598343 -0.008619 
12700.000000 -109.498329 -0.008622 
12800.000000 -110.098305 -0.008601 
12900.000000 -111.098289 -0.008612 
13000.000000 -112.398270 -0.008646 
13100.000000 -111.998260 -0.008549 
13200.000000 -112.698250 -0.008538 
13300.000000 -113.598236 -0.008541 
13400.000000 -114.298225 -0.008530 
13500.000000 -115.098213 -0.008526 
13600.000000 -114.398209 -0.008412 
13700.000000 -114.698189 -0.008372 
13800.000000 -114.898170 -0.008326 
13900.000000 -115.898155 -0.008338 
14000.000000 -116.498146 -0.008321 
14100.000000 -117.498131 -0.008333 
14200.000000 -119.198105 -0.008394 
14300.000000 -120.398087 -0.008419 
14400.000000 -121.798065 -0.008458 
14500.000000 -121.798050 -0.008400 
14600.000000 -122.498039 -0.008390 
14700.000000 -123.698021 -0.008415 
14800.000000 -123.398010 -0.008338 
14900.000000 -125.697975 -0.008436 
15000.000000 -125.697960 -0.008380 
15100.000000 -126.797943 -0.008397 
15200.000000 -125.997940 -0.008289 
15300.000000 -126.297935 -0.008255 
15400.000000 -126.697929 -0.008227 
15500.000000 -126.697914 -0.008174 
15600.000000 -127.297913 -0.008160 
15700.000000 -128.297897 -0.008172 
15800.000000 -128.797989 -0.008152 
15900.000000 -129.598038 -0.008151 
16000.000000 -130.098068 -0.008131 
16100.000000 -130.098129 -0.008081 
16200.000000 -131.698227 -0.008130 
16300.000000 -132.198318 -0.008110 
16400.000000 -133.898422 -0.008165 
16500.000000 -135.098495 -0.008188 
16600.000000 -135.498581 -0.008163 
16700.000000 -135.098618 -0.008090 
16800.000000 -135.698654 -0.008077 
16900.000000 -136.098679 -0.008053 
17000.000000 -136.398758 -0.008023 
17100.000000 -136.998795 -0.008012 
17200.000000 -138.598892 -0.008058 
17300.000000 -139.698959 -0.008075 
17400.000000 -139.198990 -0.008000 
17500.000000 -139.599075 -0.007977 
17600.000000 -139.499130 -0.007926 
17700.000000 -140.799210 -0.007955 
17800.000000 -140.499252 -0.007893 
17900.000000 -141.399368 -0.007899 
18000.000000 -142.499435 -0.007917 
18100.000000 -143.999527 -0.007956 
18200.000000 -143.499557 -0.007885 
18300.000000 -144.899643 -0.007918 
18400.000000 -145.999710 -0.007935 
18500.000000 -146.899765 -0.007941 
18600.000000 -146.299789 -0.007866 
18700.000000 -147.199905 -0.007872 
18800.000000 -147.699936 -0.007856 
18900.000000 -148.499985 -0.007857 
19000.000000 -148.400040 -0.007811 
19100.000000 -148.900070 -0.007796 
19200.000000 -149.100082 -0.007766 
19300.000000 -150.200150 -0.007782 
19400.000000 -151.000198 -0.007784 
19500.000000 -151.400284 -0.007764 
19600.000000 -151.800369 -0.007745 
19700.000000 -153.400467 -0.007787 
19800.000000 -153.200516 -0.007737 
19900.000000 -152.800552 -0.007678 
20000.000000 -153.400589 -0.007670 
20100.000000 -154.300644 -0.007677 
20200.000000 -155.100693 -0.007678 
20300.000000 -155.700729 -0.007670 
20400.000000 -157.100815 -0.007701 
20500.000000 -158.200882 -0.007717 
20600.000000 -159.300949 -0.007733 
20700.000000 -160.201004 -0.007739 
20800.000000 -161.301071 -0.007755 
20900.000000 -162.101120 -0.007756 
21000.000000 -162.001175 -0.007714 
21100.000000 -162.301254 -0.007692 
21200.000000 -163.301315 -0.007703 
21300.000000 -162.401382 -0.007624 
21400.000000 -162.801468 -0.007608 
21500.000000 -164.601578 -0.007656 
21600.000000 -166.101730 -0.007690 
21700.000000 -166.901779 -0.007691 
21800.000000 -166.901840 -0.007656 
21900.000000 -166.301926 -0.007594 
22000.000000 -167.001968 -0.007591 
22100.000000 -167.002029 -0.007557 
22200.000000 -168.002090 -0.007568 
22300.000000 -168.602127 -0.007561 
22400.000000 -168.302170 -0.007513 
22500.000000 -169.402237 -0.007529 
22600.000000 -169.702255 -0.007509 
22700.000000 -169.402298 -0.007463 
22800.000000 -170.502365 -0.007478 
22900.000000 -170.902451 -0.007463 
23000.000000 -170.402481 -0.007409 
23100.000000 -170.702560 -0.007390 
23200.000000 -171.402603 -0.007388 
23300.000000 -172.002701 -0.007382 
23400.000000 -172.102768 -0.007355 
23500.000000 -172.702805 -0.007349 
23600.000000 -173.402847 -0.007348 
23700.000000 -174.102890 -0.007346 
23800.000000 -175.102951 -0.007357 
23900.000000 -175.103012 -0.007326 
24000.000000 -176.903122 -0.007371 
24100.000000 -176.803177 -0.007336 
24200.000000 -177.203201 -0.007322 
24300.000000 -177.903244 -0.007321 
24400.000000 -178.403275 -0.007312 
24500.000000 -179.403336 -0.007323 
24600.000000 -181.003433 -0.007358 
24700.000000 -180.003494 -0.007288 
24800.000000 -180.103561 -0.007262 
24900.000000 -180.403580 -0.007245 
25000.000000 -181.603653 -0.007264 
25100.000000 -183.103745 -0.007295 
25200.000000 -184.303818 -0.007314 
25300.000000 -186.003922 -0.007352 
25400.000000 -186.603958 -0.007347 
25500.000000 -186.003983 -0.007294 
25600.000000 -185.504013 -0.007246 
25700.000000 -186.204056 -0.007245 
25800.000000 -186.904099 -0.007244 
25900.000000 -187.004166 -0.007220 
26000.000000 -186.804214 -0.007185 
26100.000000 -188.604324 -0.007226 
26200.000000 -189.904404 -0.007248 
26300.000000 -189.504440 -0.007205 
26400.000000 -190.504501 -0.007216 
26500.000000 -190.004532 -0.007170 
26600.000000 -191.504623 -0.007199 
26700.000000 -192.904709 -0.007225 
26800.000000 -193.704758 -0.007228 
26900.000000 -194.504807 -0.007231 
27000.000000 -195.104843 -0.007226 
27100.000000 -197.004959 -0.007270 
27200.000000 -197.405045 -0.007258 
27300.000000 -198.205093 -0.007260 
27400.000000 -199.005142 -0.007263 
27500.000000 -199.005203 -0.007237 
27600.000000 -199.605301 -0.007232 
27700.000000 -200.705368 -0.007246 
27800.000000 -200.605423 -0.007216 
27900.000000 -201.905502 -0.007237 
28000.000000 -202.305527 -0.007225 
28100.000000 -203.305588 -0.007235 
28200.000000 -203.805618 -0.007227 
28300.000000 -205.405716 -0.007258 
28400.000000 -205.605728 -0.007240 
28500.000000 -207.205826 -0.007270 
28600.000000 -207.705856 -0.007262 
28700.000000 -208.605911 -0.007268 
28800.000000 -210.406021 -0.007306 
28900.000000 -211.106064 -0.007305 
29000.000000 -211.306137 -0.007286 
29100.000000 -212.806229 -0.007313 
29200.000000 -213.006241 -0.007295 
29300.000000 -211.806290 -0.007229 
29400.000000 -212.106369 -0.007215 
29500.000000 -212.506454 -0.007204 
29600.000000 -213.306503 -0.007206 
29700.000000 -214.906601 -0.007236 
29800.000000 -214.506638 -0.007198 
29900.000000 -215.706711 -0.007214 
30000.000000 -215.806717 -0.007194 
30100.000000 -215.506760 -0.007160 
30200.000000 -216.906845 -0.007182 
30300.000000 -217.506882 -0.007178 
30400.000000 -217.706955 -0.007161 
30500.000000 -217.706955 -0.007138 
30600.000000 -218.006973 -0.007124 
30700.000000 -218.507065 -0.007117 
30800.000000 -218.507126 -0.007094 
30900.000000 -219.407181 -0.007101 
31000.000000 -219.907211 -0.007094 
31100.000000 -221.207291 -0.007113 
31200.000000 -220.707382 -0.007074 
31300.000000 -220.107407 -0.007032 
31400.000000 -220.307419 -0.007016 
31500.000000 -220.507492 -0.007000 
31600.000000 -221.307541 -0.007003 
31700.000000 -220.607559 -0.006959 
31800.000000 -221.207596 -0.006956 
31900.000000 -222.307663 -0.006969 
32000.000000 -222.307724 -0.006947 
32100.000000 -222.607803 -0.006935 
32200.000000 -223.007889 -0.006926 
32300.000000 -224.207962 -0.006941 
32400.000000 -224.608047 -0.006932 
32500.000000 -226.008133 -0.006954 
32600.000000 -226.208206 -0.006939 
32700.000000 -225.708237 -0.006902 
32800.000000 -226.408279 -0.006903 
32900.000000 -227.308334 -0.006909 
33000.000000 -227.708359 -0.006900 
33100.000000 -227.408401 -0.006870 
33200.000000 -228.808487 -0.006892 
33300.000000 -229.408585 -0.006889 
33400.000000 -228.008621 -0.006827 
33500.000000 -226.908676 -0.006773 
33600.000000 -227.208755 -0.006762 
33700.000000 -227.308823 -0.006745 
33800.000000 -226.808853 -0.006710 
33900.000000 -227.108932 -0.006699 
34000.000000 -228.609024 -0.006724 
34100.000000 -227.109116 -0.006660 
34200.000000 -227.109238 -0.006641 
34300.000000 -226.809280 -0.006613 
34400.000000 -226.109299 -0.006573 
34500.000000 -226.809341 -0.006574 
34600.000000 -225.609390 -0.006521 
34700.000000 -226.409439 -0.006525 
34800.000000 -227.909531 -0.006549 
34900.000000 -228.709579 -0.006553 
35000.000000 -228.209610 -0.006520 
35100.000000 -228.209671 -0.006502 
35200.000000 -230.109787 -0.006537 
35300.000000 -231.109848 -0.006547 
35400.000000 -230.709885 -0.006517 
35500.000000 -230.909897 -0.006505 
35600.000000 -230.509933 -0.006475 
35700.000000 -230.109970 -0.006446 
35800.000000 -231.410049 -0.006464 
35900.000000 -230.710068 -0.006426 
36000.000000 -230.810135 -0.006411 
36100.000000 -229.910141 -0.006369 
36200.000000 -228.410172 -0.006310 
36300.000000 -227.510178 -0.006267 
36400.000000 -229.010269 -0.006291 
36500.000000 -228.610306 -0.006263 
36600.000000 -229.410355 -0.006268 
36700.000000 -228.310410 -0.006221 
36800.000000 -228.710495 -0.006215 
36900.000000 -228.110519 -0.006182 
37000.000000 -227.610550 -0.006152 
37100.000000 -227.510605 -0.006132 
37200.000000 -227.710678 -0.006121 
37300.000000 -227.810745 -0.006108 
37400.000000 -228.010818 -0.006097 
37500.000000 -228.510910 -0.006094 
37600.000000 -228.010941 -0.006064 
37700.000000 -228.511032 -0.006061 
37800.000000 -229.011124 -0.006058 
37900.000000 -231.011246 -0.006095 
38000.000000 -231.211258 -0.006085 
38100.000000 -232.511337 -0.006103 
38200.000000 -232.611404 -0.006089 
38300.000000 -233.311447 -0.006092 
38400.000000 -235.211563 -0.006125 
38500.000000 -234.311630 -0.006086 
38600.000000 -235.211685 -0.006094 
38700.000000 -235.911728 -0.006096 
38800.000000 -236.111801 -0.006085 
38900.000000 -236.711838 -0.006085 
39000.000000 -237.411942 -0.006087 
39100.000000 -237.311996 -0.006069 
39200.000000 -236.512070 -0.006033 
39300.000000 -235.912094 -0.006003 
39400.000000 -235.812149 -0.005985 
39500.000000 -235.112228 -0.005952 
39600.000000 -235.912277 -0.005957 
39700.000000 -236.912338 -0.005968 
39800.000000 -238.212418 -0.005985 
39900.000000 -238.112473 -0.005968 
40000.000000 -239.712570 -0.005993 
40100.000000 -241.112656 -0.006013 
40200.000000 -241.012711 -0.005995 
40300.000000 -242.612808 -0.006020 
40400.000000 -241.212845 -0.005971 
40500.000000 -241.412857 -0.005961 
40600.000000 -242.212906 -0.005966 
40700.000000 -243.212967 -0.005976 
40800.000000 -243.513046 -0.005968 
40900.000000 -242.913071 -0.005939 
41000.000000 -243.613174 -0.005942 
41100.000000 -243.613235 -0.005927 
41200.000000 -243.113266 -0.005901 
41300.000000 -243.113327 -0.005887 
41400.000000 -244.413406 -0.005904 
41500.000000 -245.313522 -0.005911 
41600.000000 -246.113571 -0.005916 
41700.000000 -247.613663 -0.005938 
41800.000000 -247.513718 -0.005921 
41900.000000 -248.413773 -0.005929 
42000.000000 -247.713791 -0.005898 
42100.000000 -247.413834 -0.005877 
42200.000000 -248.613968 -0.005891 
42300.000000 -248.713974 -0.005880 
42400.000000 -248.913986 -0.005871 
42500.000000 -249.514023 -0.005871 
42600.000000 -249.614029 -0.005859 
42700.000000 -248.714035 -0.005825 
42800.000000 -249.714096 -0.005834 
42900.000000 -250.714157 -0.005844 
43000.000000 -251.114182 -0.005840 
43100.000000 -251.014236 -0.005824 
43200.000000 -251.214249 -0.005815 
43300.000000 -251.514267 -0.005809 
43400.000000 -252.614334 -0.005821 
43500.000000 -252.014359 -0.005793 
43600.000000 -252.014420 -0.005780 
43700.000000 -251.714462 -0.005760 
43800.000000 -251.914474 -0.005751 
43900.000000 -250.914536 -0.005716 
44000.000000 -250.214554 -0.005687 
44100.000000 -251.114609 -0.005694 
44200.000000 -251.114670 -0.005681 
44300.000000 -252.114731 -0.005691 
44400.000000 -252.714767 -0.005692 
44500.000000 -253.014847 -0.005686 
44600.000000 -253.514877 -0.005684 
44700.000000 -254.614944 -0.005696 
44800.000000 -256.415039 -0.005724 
44900.000000 -256.415039 -0.005711 
45000.000000 -257.115082 -0.005714 
45100.000000 -257.915131 -0.005719 
45200.000000 -258.615173 -0.005722 
45300.000000 -259.415222 -0.005727 
45400.000000 -260.415344 -0.005736 
45500.000000 -261.715424 -0.005752 
45600.000000 -262.915497 -0.005766 
45700.000000 -265.115631 -0.005801 
45800.000000 -265.315643 -0.005793 
45900.000000 -266.215698 -0.005800 
46000.000000 -267.115753 -0.005807 
46100.000000 -267.915802 -0.005812 
46200.000000 -268.215820 -0.005806 
46300.000000 -267.315826 -0.005774 
46400.000000 -266.515839 -0.005744 
46500.000000 -266.115875 -0.005723 
46600.000000 -266.815918 -0.005726 
46700.000000 -267.215942 -0.005722 
46800.000000 -267.215942 -0.005710 
46900.000000 -268.416016 -0.005723 
47000.000000 -268.916046 -0.005722 
47100.000000 -270.116119 -0.005735 
47200.000000 -272.316254 -0.005769 
47300.000000 -274.116364 -0.005795 
47400.000000 -274.116425 -0.005783 
47500.000000 -275.216492 -0.005794 
47600.000000 -276.316559 -0.005805 
47700.000000 -276.816589 -0.005803 
47800.000000 -277.816650 -0.005812 
47900.000000 -277.716705 -0.005798 
48000.000000 -278.716766 -0.005807 
48100.000000 -279.616821 -0.005813 
48200.000000 -279.416870 -0.005797 
48300.000000 -279.416931 -0.005785 
48400.000000 -278.716949 -0.005759 
48500.000000 -278.717010 -0.005747 
48600.000000 -278.617065 -0.005733 
48700.000000 -277.017090 -0.005688 
48800.000000 -276.717133 -0.005670 
48900.000000 -276.517181 -0.005655 
49000.000000 -275.717194 -0.005627 
49100.000000 -275.917267 -0.005619 
49200.000000 -277.317352 -0.005637 
49300.000000 -277.517426 -0.005629 
49400.000000 -278.517487 -0.005638 
49500.000000 -279.217529 -0.005641 
49600.000000 -279.117584 -0.005627 
49700.000000 -279.217651 -0.005618 
49800.000000 -279.717743 -0.005617 
49900.000000 -279.217773 -0.005596 
50000.000000 -279.017822 -0.005580 
50100.000000 -279.217896 -0.005573 
50200.000000 -278.817932 -0.005554 
50300.000000 -278.817932 -0.005543 
50400.000000 -278.917938 -0.005534 
50500.000000 -278.717987 -0.005519 
50600.000000 -279.718048 -0.005528 
50700.000000 -279.418091 -0.005511 
50800.000000 -279.718109 -0.005506 
50900.000000 -280.618225 -0.005513 
51000.000000 -281.218262 -0.005514 
51100.000000 -281.118317 -0.005501 
51200.000000 -281.218384 -0.005493 
51300.000000 -282.718475 -0.005511 
51400.000000 -282.118500 -0.005489 
51500.000000 -282.218567 -0.005480 
51600.000000 -282.518585 -0.005475 
51700.000000 -282.718597 -0.005468 
51800.000000 -283.118622 -0.005466 
51900.000000 -283.318634 -0.005459 
52000.000000 -283.518646 -0.005452 
52100.000000 -283.018677 -0.005432 
52200.000000 -283.218689 -0.005426 
52300.000000 -283.218750 -0.005415 
52400.000000 -282.618774 -0.005393 
52500.000000 -282.918793 -0.005389 
52600.000000 -283.318817 -0.005386 
52700.000000 -283.518829 -0.005380 
52800.000000 -283.018860 -0.005360 
52900.000000 -283.418884 -0.005358 
53000.000000 -283.018921 -0.005340 
53100.000000 -283.118927 -0.005332 
53200.000000 -283.319000 -0.005326 
53300.000000 -282.119049 -0.005293 
53400.000000 -282.419128 -0.005289 
53500.000000 -281.219177 -0.005256 
53600.000000 -281.019287 -0.005243 
53700.000000 -280.519318 -0.005224 
53800.000000 -279.819336 -0.005201 
53900.000000 -279.319366 -0.005182 
54000.000000 -278.719391 -0.005161 
54100.000000 -278.819397 -0.005154 
54200.000000 -279.319427 -0.005153 
54300.000000 -278.619446 -0.005131 
54400.000000 -279.119476 -0.005131 
54500.000000 -279.019531 -0.005120 
54600.000000 -280.419617 -0.005136 
54700.000000 -280.519623 -0.005128 
54800.000000 -281.719696 -0.005141 
54900.000000 -282.219788 -0.005141 
55000.000000 -283.519867 -0.005155 
55100.000000 -284.319977 -0.005160 
55200.000000 -285.620056 -0.005174 
55300.000000 -287.520172 -0.005199 
55400.000000 -288.320221 -0.005204 
55500.000000 -288.820251 -0.005204 
55600.000000 -288.520294 -0.005189 
55700.000000 -288.020325 -0.005171 
55800.000000 -288.320404 -0.005167 
55900.000000 -288.720428 -0.005165 
56000.000000 -287.020447 -0.005125 
56100.000000 -287.220459 -0.005120 
56200.000000 -285.520477 -0.005080 
56300.000000 -285.520538 -0.005071 
56400.000000 -286.320648 -0.005077 
56500.000000 -286.220703 -0.005066 
56600.000000 -286.120758 -0.005055 
56700.000000 -284.820801 -0.005023 
56800.000000 -283.620850 -0.004993 
56900.000000 -283.820862 -0.004988 
57000.000000 -284.020935 -0.004983 
57100.000000 -283.820984 -0.004971 
57200.000000 -283.621033 -0.004958 
57300.000000 -284.221069 -0.004960 
57400.000000 -285.721161 -0.004978 
57500.000000 -286.621216 -0.004985 
57600.000000 -287.321259 -0.004988 
57700.000000 -288.721344 -0.005004 
57800.000000 -287.021362 -0.004966 
57900.000000 -286.021423 -0.004940 
58000.000000 -286.821533 -0.004945 
58100.000000 -286.421570 -0.004930 
58200.000000 -286.921600 -0.004930 
58300.000000 -285.321625 -0.004894 
58400.000000 -285.021667 -0.004881 
58500.000000 -285.221680 -0.004876 
58600.000000 -284.621704 -0.004857 
58700.000000 -285.021729 -0.004856 
58800.000000 -284.221741 -0.004834 
58900.000000 -286.021851 -0.004856 
59000.000000 -284.521881 -0.004822 
59100.000000 -285.021912 -0.004823 
59200.000000 -284.421936 -0.004804 
59300.000000 -283.421997 -0.004779 
59400.000000 -284.322052 -0.004787 
59500.000000 -285.322113 -0.004795 
59600.000000 -284.722137 -0.004777 
59700.000000 -286.222229 -0.004794 
59800.000000 -286.322235 -0.004788 
59900.000000 -286.622253 -0.004785 
60000.000000 -286.322296 -0.004772 
60100.000000 -287.522369 -0.004784 
60200.000000 -286.622375 -0.004761 
60300.000000 -287.122406 -0.004762 
60400.000000 -286.122406 -0.004737 
60500.000000 -286.322418 -0.004733 
60600.000000 -287.122467 -0.004738 
60700.000000 -287.122528 -0.004730 
60800.000000 -286.422546 -0.004711 
60900.000000 -286.822632 -0.004710 
61000.000000 -286.222656 -0.004692 
61100.000000 -286.022705 -0.004681 
61200.000000 -286.522736 -0.004682 
61300.000000 -287.422791 -0.004689 
61400.000000 -286.922821 -0.004673 
61500.000000 -288.222900 -0.004687 
61600.000000 -288.622986 -0.004685 
61700.000000 -290.023071 -0.004701 
61800.000000 -291.023132 -0.004709 
61900.000000 -291.823181 -0.004714 
62000.000000 -291.423218 -0.004700 
62100.000000 -291.823242 -0.004699 
62200.000000 -291.823303 -0.004692 
62300.000000 -292.023315 -0.004687 
62400.000000 -292.523346 -0.004688 
62500.000000 -291.523346 -0.004664 
62600.000000 -292.223389 -0.004668 
62700.000000 -291.823425 -0.004654 
62800.000000 -293.923553 -0.004680 
62900.000000 -294.323578 -0.004679 
63000.000000 -294.423584 -0.004673 
63100.000000 -293.923615 -0.004658 
63200.000000 -293.323639 -0.004641 
63300.000000 -291.723663 -0.004609 
63400.000000 -293.123749 -0.004623 
63500.000000 -292.123749 -0.004600 
63600.000000 -292.623779 -0.004601 
63700.000000 -292.723785 -0.004595 
63800.000000 -293.323822 -0.004598 
63900.000000 -293.423889 -0.004592 
64000.000000 -293.223938 -0.004582 
64100.000000 -294.023987 -0.004587 
64200.000000 -293.324005 -0.004569 
64300.000000 -293.424011 -0.004563 
64400.000000 -293.424011 -0.004556 
64500.000000 -294.524078 -0.004566 
64600.000000 -295.024109 -0.004567 
64700.000000 -295.624146 -0.004569 
64800.000000 -296.124176 -0.004570 
64900.000000 -297.124237 -0.004578 
65000.000000 -296.824280 -0.004567 
65100.000000 -297.424377 -0.004569 
65200.000000 -297.524445 -0.004563 
65300.000000 -297.724457 -0.004559 
65400.000000 -298.124481 -0.004558 
65500.000000 -298.824524 -0.004562 
65600.000000 -298.724579 -0.004554 
65700.000000 -299.324615 -0.004556 
65800.000000 -299.524689 -0.004552 
65900.000000 -301.124786 -0.004569 
66000.000000 -303.024902 -0.004591 
66100.000000 -303.824951 -0.004596 
66200.000000 -303.725006 -0.004588 
66300.000000 -303.825012 -0.004583 
66400.000000 -303.725067 -0.004574 
66500.000000 -304.125092 -0.004573 
66600.000000 -304.125092 -0.004566 
66700.000000 -304.825134 -0.004570 
66800.000000 -305.025146 -0.004566 
66900.000000 -305.325165 -0.004564 
67000.000000 -306.325226 -0.004572 
67100.000000 -307.025269 -0.004576 
67200.000000 -306.225281 -0.004557 
67300.000000 -308.125397 -0.004578 
67400.000000 -309.125458 -0.004586 
67500.000000 -309.225464 -0.004581 
67600.000000 -309.325531 -0.004576 
67700.000000 -309.125580 -0.004566 
67800.000000 -308.825623 -0.004555 
67900.000000 -309.325653 -0.004556 
68000.000000 -309.725677 -0.004555 
68100.000000 -310.425781 -0.004558 
68200.000000 -310.325836 -0.004550 
68300.000000 -311.025879 -0.004554 
68400.000000 -311.225891 -0.004550 
68500.000000 -310.325897 -0.004530 
68600.000000 -310.725922 -0.004530 
68700.000000 -311.925995 -0.004540 
68800.000000 -312.326019 -0.004540 
68900.000000 -313.226135 -0.004546 
69000.000000 -313.526154 -0.004544 
69100.000000 -313.426208 -0.004536 
69200.000000 -312.926239 -0.004522 
69300.000000 -312.826294 -0.004514 
69400.000000 -315.226501 -0.004542 
69500.000000 -315.826538 -0.004544 
69600.000000 -316.526581 -0.004548 
69700.000000 -317.226624 -0.004551 
69800.000000 -316.826660 -0.004539 
69900.000000 -317.426697 -0.004541 
70000.000000 -318.526764 -0.004550 
70100.000000 -318.026794 -0.004537 
70200.000000 -318.026855 -0.004530 
70300.000000 -318.126862 -0.004525 
70400.000000 -318.226868 -0.004520 
70500.000000 -318.626892 -0.004520 
70600.000000 -319.026917 -0.004519 
70700.000000 -319.026917 -0.004512 
70800.000000 -318.926971 -0.004505 
70900.000000 -319.026978 -0.004500 
71000.000000 -319.126984 -0.004495 
71100.000000 -319.627014 -0.004495 
71200.000000 -319.327057 -0.004485 
71300.000000 -319.727081 -0.004484 
71400.000000 -319.727081 -0.004478 
71500.000000 -319.327118 -0.004466 
71600.000000 -319.227173 -0.004458 
71700.000000 -317.627197 -0.004430 
71800.000000 -319.427307 -0.004449 
71900.000000 -319.227356 -0.004440 
72000.000000 -317.827393 -0.004414 
72100.000000 -318.527435 -0.004418 
72200.000000 -318.327484 -0.004409 
72300.000000 -319.527557 -0.004419 
72400.000000 -319.927582 -0.004419 
72500.000000 -319.827637 -0.004411 
72600.000000 -320.527679 -0.004415 
72700.000000 -321.327728 -0.004420 
72800.000000 -320.527740 -0.004403 
72900.000000 -321.027771 -0.004404 
73000.000000 -321.327789 -0.004402 
73100.000000 -321.427795 -0.004397 
73200.000000 -321.527802 -0.004392 
73300.000000 -322.127838 -0.004395 
73400.000000 -321.927887 -0.004386 
73500.000000 -321.927887 -0.004380 
73600.000000 -322.127960 -0.004377 
73700.000000 -324.428101 -0.004402 
73800.000000 -323.528168 -0.004384 
73900.000000 -324.428223 -0.004390 
74000.000000 -323.428223 -0.004371 
74100.000000 -323.928253 -0.004372 
74200.000000 -323.228271 -0.004356 
74300.000000 -323.428345 -0.004353 
74400.000000 -324.228394 -0.004358 
74500.000000 -322.728424 -0.004332 
74600.000000 -322.228516 -0.004319 
74700.000000 -323.128632 -0.004326 
74800.000000 -322.028687 -0.004305 
74900.000000 -322.928802 -0.004311 
75000.000000 -322.828857 -0.004304 
75100.000000 -322.728912 -0.004297 
75200.000000 -323.228943 -0.004298 
75300.000000 -323.428955 -0.004295 
75400.000000 -323.928986 -0.004296 
75500.000000 -323.929047 -0.004290 
75600.000000 -324.829102 -0.004297 
75700.000000 -326.429199 -0.004312 
75800.000000 -327.029236 -0.004314 
75900.000000 -327.629272 -0.004317 
76000.000000 -327.429321 -0.004308 
76100.000000 -328.029358 -0.004311 
76200.000000 -328.029419 -0.004305 
76300.000000 -329.229492 -0.004315 
76400.000000 -329.629517 -0.004315 
76500.000000 -329.729584 -0.004310 
76600.000000 -330.429626 -0.004314 
76700.000000 -330.729645 -0.004312 
76800.000000 -330.429688 -0.004302 
76900.000000 -330.729706 -0.004301 
77000.000000 -330.229736 -0.004289 
77100.000000 -329.829773 -0.004278 
77200.000000 -330.129791 -0.004276 
77300.000000 -328.829834 -0.004254 
77400.000000 -327.929901 -0.004237 
77500.000000 -326.629944 -0.004215 
77600.000000 -328.030151 -0.004227 
77700.000000 -328.430176 -0.004227 
77800.000000 -329.130219 -0.004230 
77900.000000 -328.430237 -0.004216 
78000.000000 -328.430237 -0.004211 
78100.000000 -328.830261 -0.004210 
78200.000000 -329.430298 -0.004213 
78300.000000 -329.030334 -0.004202 
78400.000000 -328.630371 -0.004192 
78500.000000 -329.030396 -0.004191 
78600.000000 -329.830444 -0.004196 
78700.000000 -330.430481 -0.004199 
78800.000000 -330.730499 -0.004197 
78900.000000 -330.130524 -0.004184 
79000.000000 -329.530548 -0.004171 
79100.000000 -329.930573 -0.004171 
79200.000000 -330.430603 -0.004172 
79300.000000 -331.430664 -0.004179 
79400.000000 -331.530670 -0.004175 
79500.000000 -332.130707 -0.004178 
79600.000000 -331.130707 -0.004160 
79700.000000 -331.230713 -0.004156 
79800.000000 -332.430786 -0.004166 
79900.000000 -333.230835 -0.004171 
80000.000000 -332.630859 -0.004158 
80100.000000 -333.430908 -0.004163 
80200.000000 -333.630920 -0.004160 
80300.000000 -335.031006 -0.004172 
80400.000000 -336.231079 -0.004182 
80500.000000 -336.931122 -0.004185 
80600.000000 -336.531158 -0.004175 
80700.000000 -335.931183 -0.004163 
80800.000000 -336.831238 -0.004169 
80900.000000 -337.831299 -0.004176 
81000.000000 -339.131378 -0.004187 
81100.000000 -337.431396 -0.004161 
81200.000000 -336.831421 -0.004148 
81300.000000 -337.831482 -0.004155 
81400.000000 -339.131561 -0.004166 
81500.000000 -337.231567 -0.004138 
81600.000000 -336.831604 -0.004128 
81700.000000 -336.031616 -0.004113 
81800.000000 -336.131622 -0.004109 
81900.000000 -336.231628 -0.004105 
82000.000000 -335.731659 -0.004094 
82100.000000 -335.831665 -0.004091 
82200.000000 -335.231689 -0.004078 
82300.000000 -334.431702 -0.004064 
82400.000000 -334.731720 -0.004062 
82500.000000 -334.031738 -0.004049 
82600.000000 -334.131744 -0.004045 
82700.000000 -334.531769 -0.004045 
82800.000000 -334.331818 -0.004038 
82900.000000 -334.831848 -0.004039 
83000.000000 -334.031860 -0.004024 
83100.000000 -335.131927 -0.004033 
83200.000000 -335.431946 -0.004032 
83300.000000 -335.731964 -0.004030 
83400.000000 -335.931976 -0.004028 
83500.000000 -335.732025 -0.004021 
83600.000000 -336.432068 -0.004024 
83700.000000 -335.532074 -0.004009 
83800.000000 -336.532135 -0.004016 
83900.000000 -335.032166 -0.003993 
84000.000000 -335.632202 -0.003996 
84100.000000 -336.232239 -0.003998 
84200.000000 -336.132294 -0.003992 
84300.000000 -335.732330 -0.003983 
84400.000000 -336.232361 -0.003984 
84500.000000 -337.532440 -0.003994 
84600.000000 -337.732452 -0.003992 
84700.000000 -338.232483 -0.003993 
84800.000000 -338.832520 -0.003996 
84900.000000 -339.632568 -0.004000 
85000.000000 -338.832581 -0.003986 
85100.000000 -339.732635 -0.003992 
85200.000000 -339.832642 -0.003989 
85300.000000 -340.232666 -0.003989 
85400.000000 -340.832703 -0.003991 
85500.000000 -340.332733 -0.003980 
85600.000000 -340.732758 -0.003981 
85700.000000 -341.432800 -0.003984 
85800.000000 -341.632812 -0.003982 
85900.000000 -341.332855 -0.003974 
86000.000000 -342.332916 -0.003981 
86100.000000 -341.832947 -0.003970 
86200.000000 -342.232971 -0.003970 
86300.000000 -342.332977 -0.003967 
86400.000000 -341.733002 -0.003955 
86500.000000 -341.933014 -0.003953 
86600.000000 -341.933014 -0.003948 
86700.000000 -342.533051 -0.003951 
86800.000000 -341.733063 -0.003937 
86900.000000 -341.733063 -0.003932 
87000.000000 -340.933075 -0.003919 
87100.000000 -342.133148 -0.003928 
87200.000000 -342.133148 -0.003924 
87300.000000 -342.233154 -0.003920 
87400.000000 -342.833191 -0.003923 
87500.000000 -343.033203 -0.003920 
87600.000000 -343.933258 -0.003926 
87700.000000 -343.533295 -0.003917 
87800.000000 -344.033325 -0.003918 
87900.000000 -344.033325 -0.003914 
88000.000000 -345.133392 -0.003922 
88100.000000 -345.433472 -0.003921 
88200.000000 -346.233521 -0.003926 
88300.000000 -346.733551 -0.003927 
88400.000000 -347.333588 -0.003929 
88500.000000 -347.333588 -0.003925 
88600.000000 -348.633667 -0.003935 
88700.000000 -349.333710 -0.003938 
88800.000000 -348.733734 -0.003927 
88900.000000 -349.433777 -0.003931 
89000.000000 -348.433777 -0.003915 
89100.000000 -349.033813 -0.003917 
89200.000000 -349.033813 -0.003913 
89300.000000 -349.033813 -0.003909 
89400.000000 -348.433838 -0.003897 
89500.000000 -348.333893 -0.003892 
89600.000000 -348.433899 -0.003889 
89700.000000 -348.733917 -0.003888 
89800.000000 -348.933929 -0.003886 
89900.000000 -348.833984 -0.003880 
90000.000000 -349.234009 -0.003880 
90100.000000 -350.234070 -0.003887 
90200.000000 -350.434082 -0.003885 
90300.000000 -350.834106 -0.003885 
90400.000000 -351.234131 -0.003885 
90500.000000 -350.134186 -0.003869 
90600.000000 -347.234192 -0.003833 
90700.000000 -347.134247 -0.003827 
90800.000000 -346.434265 -0.003815 
90900.000000 -346.034302 -0.003807 
91000.000000 -346.734344 -0.003810 
91100.000000 -347.134369 -0.003810 
91200.000000 -346.834412 -0.003803 
91300.000000 -347.234436 -0.003803 
91400.000000 -345.634460 -0.003782 
91500.000000 -346.134491 -0.003783 
91600.000000 -345.934540 -0.003777 
91700.000000 -344.834595 -0.003760 
91800.000000 -343.934662 -0.003747 
91900.000000 -344.634705 -0.003750 
92000.000000 -344.834717 -0.003748 
92100.000000 -344.534760 -0.003741 
92200.000000 -345.134796 -0.003743 
92300.000000 -343.434814 -0.003721 
92400.000000 -344.034851 -0.003723 
92500.000000 -345.134918 -0.003731 
92600.000000 -344.734955 -0.003723 
92700.000000 -344.834961 -0.003720 
92800.000000 -344.934967 -0.003717 
92900.000000 -345.635010 -0.003721 
93000.000000 -345.635010 -0.003717 
93100.000000 -345.835022 -0.003715 
93200.000000 -346.035034 -0.003713 
93300.000000 -346.035034 -0.003709 
93400.000000 -346.135040 -0.003706 
93500.000000 -346.735077 -0.003708 
93600.000000 -346.535126 -0.003702 
93700.000000 -346.535126 -0.003698 
93800.000000 -346.735138 -0.003697 
93900.000000 -346.935150 -0.003695 
94000.000000 -347.035156 -0.003692 
94100.000000 -346.435181 -0.003682 
94200.000000 -346.135223 -0.003674 
94300.000000 -346.635254 -0.003676 
94400.000000 -347.035278 -0.003676 
94500.000000 -347.035278 -0.003672 
94600.000000 -346.535309 -0.003663 
94700.000000 -345.335358 -0.003647 
94800.000000 -344.835388 -0.003638 
94900.000000 -344.035400 -0.003625 
95000.000000 -344.835449 -0.003630 
95100.000000 -344.935455 -0.003627 
95200.000000 -345.535492 -0.003630 
95300.000000 -346.035522 -0.003631 
95400.000000 -346.035522 -0.003627 
95500.000000 -346.235535 -0.003626 
95600.000000 -345.835571 -0.003618 
95700.000000 -346.335602 -0.003619 
95800.000000 -346.735626 -0.003619 
95900.000000 -346.235657 -0.003610 
96000.000000 -347.435730 -0.003619 
96100.000000 -346.935760 -0.003610 
96200.000000 -346.335846 -0.003600 
96300.000000 -346.035889 -0.003593 
96400.000000 -346.035889 -0.003590 
96500.000000 -346.035889 -0.003586 
96600.000000 -347.235962 -0.003595 
96700.000000 -347.735992 -0.003596 
96800.000000 -348.036011 -0.003595 
96900.000000 -348.136017 -0.003593 
97000.000000 -348.336029 -0.003591 
97100.000000 -347.736053 -0.003581 
97200.000000 -348.736115 -0.003588 
97300.000000 -350.436218 -0.003602 
97400.000000 -349.536224 -0.003589 
97500.000000 -350.536285 -0.003595 
97600.000000 -349.736298 -0.003583 
97700.000000 -351.236389 -0.003595 
97800.000000 -351.736420 -0.003596 
97900.000000 -352.436462 -0.003600 
98000.000000 -352.736481 -0.003599 
98100.000000 -353.536530 -0.003604 
98200.000000 -351.236572 -0.003577 
98300.000000 -352.336639 -0.003584 
98400.000000 -352.936676 -0.003587 
98500.000000 -351.936676 -0.003573 
98600.000000 -353.036743 -0.003580 
98700.000000 -353.036743 -0.003577 
98800.000000 -353.836792 -0.003581 
98900.000000 -352.336823 -0.003563 
99000.000000 -353.036865 -0.003566 
99100.000000 -352.636902 -0.003558 
99200.000000 -352.636902 -0.003555 
99300.000000 -352.236938 -0.003547 
99400.000000 -352.537018 -0.003547 
99500.000000 -352.037048 -0.003538 
99600.000000 -352.637085 -0.003541 
99700.000000 -353.037109 -0.003541 
99800.000000 -353.637146 -0.003543 
99900.000000 -353.937164 -0.003543 
100000.000000 -354.137177 -0.003541 
100100.000000 -354.437195 -0.003541 
100200.000000 -354.537201 -0.003538 
100300.000000 -355.037231 -0.003540 
100400.000000 -355.437317 -0.003540 
100500.000000 -354.837341 -0.003531 
100600.000000 -355.037354 -0.003529 
100700.000000 -355.337372 -0.003529 
100800.000000 -355.537384 -0.003527 
100900.000000 -356.337433 -0.003532 
101000.000000 -356.837463 -0.003533 
101100.000000 -357.437500 -0.003535 
101200.000000 -358.037537 -0.003538 
101300.000000 -358.837585 -0.003542 
101400.000000 -359.137604 -0.003542 
101500.000000 -358.337616 -0.003530 
101600.000000 -358.937653 -0.003533 
101700.000000 -359.037659 -0.003530 
101800.000000 -359.637695 -0.003533 
101900.000000 -359.837708 -0.003531 
102000.000000 -360.237732 -0.003532 
102100.000000 -360.537750 -0.003531 
102200.000000 -360.537750 -0.003528 
102300.000000 -360.737762 -0.003526 
102400.000000 -360.737762 -0.003523 
102500.000000 -361.337799 -0.003525 
102600.000000 -362.937897 -0.003537 
102700.000000 -363.437927 -0.003539 
102800.000000 -363.637939 -0.003537 
102900.000000 -363.837952 -0.003536 
103000.000000 -364.137970 -0.003535 
103100.000000 -364.638000 -0.003537 
103200.000000 -364.238037 -0.003529 
103300.000000 -365.538116 -0.003539 
103400.000000 -365.538116 -0.003535 
103500.000000 -366.038147 -0.003537 
103600.000000 -366.138153 -0.003534 
103700.000000 -366.738190 -0.003537 
103800.000000 -366.938202 -0.003535 
103900.000000 -367.238220 -0.003535 
104000.000000 -367.638245 -0.003535 
104100.000000 -367.638245 -0.003532 
104200.000000 -367.838257 -0.003530 
104300.000000 -367.838257 -0.003527 
104400.000000 -367.838257 -0.003523 
104500.000000 -368.438293 -0.003526 
104600.000000 -368.738312 -0.003525 
104700.000000 -368.738312 -0.003522 
104800.000000 -368.938324 -0.003520 
104900.000000 -369.738373 -0.003525 
105000.000000 -370.038391 -0.003524 
105100.000000 -370.038391 -0.003521 
105200.000000 -370.138397 -0.003518 
105300.000000 -370.938446 -0.003523 
105400.000000 -371.438477 -0.003524 
105500.000000 -372.138580 -0.003527 
105600.000000 -372.838623 -0.003531 
105700.000000 -373.938690 -0.003538 
105800.000000 -373.938690 -0.003534 
105900.000000 -374.238708 -0.003534 
106000.000000 -374.538727 -0.003533 
106100.000000 -375.138763 -0.003536 
106200.000000 -375.438782 -0.003535 
106300.000000 -375.638794 -0.003534 
106400.000000 -375.638794 -0.003530 
106500.000000 -376.038818 -0.003531 
106600.000000 -377.938934 -0.003545 
106700.000000 -378.138947 -0.003544 
106800.000000 -378.538971 -0.003544 
106900.000000 -378.938995 -0.003545 
107000.000000 -379.139008 -0.003543 
107100.000000 -379.339020 -0.003542 
107200.000000 -380.139069 -0.003546 
107300.000000 -379.439087 -0.003536 
107400.000000 -378.839111 -0.003527 
107500.000000 -379.139130 -0.003527 
107600.000000 -377.139130 -0.003505 
107700.000000 -378.239197 -0.003512 
107800.000000 -378.139252 -0.003508 
107900.000000 -378.139252 -0.003505 
108000.000000 -378.339264 -0.003503 
108100.000000 -378.139313 -0.003498 
108200.000000 -378.139313 -0.003495 
108300.000000 -378.139313 -0.003492 
108400.000000 -377.539337 -0.003483 
108500.000000 -376.939362 -0.003474 
108600.000000 -377.539398 -0.003476 
108700.000000 -377.639404 -0.003474 
108800.000000 -377.739410 -0.003472 
108900.000000 -377.939423 -0.003471 
109000.000000 -377.939423 -0.003467 
109100.000000 -377.939423 -0.003464 
109200.000000 -378.639465 -0.003467 
109300.000000 -378.839478 -0.003466 
109400.000000 -378.839478 -0.003463 
109500.000000 -378.939484 -0.003461 
109600.000000 -378.939484 -0.003457 
109700.000000 -379.939545 -0.003463 
109800.000000 -380.939606 -0.003469 
109900.000000 -381.239624 -0.003469 
110000.000000 -381.539642 -0.003469 
110100.000000 -380.639648 -0.003457 
110200.000000 -379.939667 -0.003448 
110300.000000 -379.439697 -0.003440 
110400.000000 -379.239746 -0.003435 
110500.000000 -378.639771 -0.003427 
110600.000000 -379.339813 -0.003430 
110700.000000 -379.839844 -0.003431 
110800.000000 -380.439880 -0.003434 
110900.000000 -381.239929 -0.003438 
111000.000000 -381.439941 -0.003436 
111100.000000 -381.639954 -0.003435 
111200.000000 -382.239990 -0.003437 
111300.000000 -382.840027 -0.003440 
111400.000000 -383.040039 -0.003438 
111500.000000 -383.640076 -0.003441 
111600.000000 -383.640076 -0.003438 
111700.000000 -383.740082 -0.003435 
111800.000000 -383.740082 -0.003432 
111900.000000 -383.940094 -0.003431 
112000.000000 -383.940094 -0.003428 
112100.000000 -383.940094 -0.003425 
112200.000000 -383.940094 -0.003422 
112300.000000 -384.240112 -0.003422 
112400.000000 -385.040161 -0.003426 
112500.000000 -385.340179 -0.003425 
112600.000000 -385.440186 -0.003423 
112700.000000 -385.940216 -0.003424 
112800.000000 -386.140350 -0.003423 
112900.000000 -386.340363 -0.003422 
113000.000000 -387.340424 -0.003428 
113100.000000 -387.840454 -0.003429 
113200.000000 -388.140472 -0.003429 
113300.000000 -388.440491 -0.003428 
113400.000000 -389.340546 -0.003433 
113500.000000 -389.640564 -0.003433 
113600.000000 -389.640564 -0.003430 
113700.000000 -390.040588 -0.003430 
113800.000000 -390.340607 -0.003430 
113900.000000 -390.540619 -0.003429 
114000.000000 -390.540619 -0.003426 
114100.000000 -390.540619 -0.003423 
114200.000000 -390.640625 -0.003421 
114300.000000 -391.140656 -0.003422 
114400.000000 -391.140656 -0.003419 
114500.000000 -391.540680 -0.003420 
114600.000000 -392.340729 -0.003424 
114700.000000 -393.040771 -0.003427 
114800.000000 -393.140778 -0.003425 
114900.000000 -393.140778 -0.003422 
115000.000000 -393.640808 -0.003423 
115100.000000 -393.740814 -0.003421 
115200.000000 -393.940826 -0.003420 
115300.000000 -394.340851 -0.003420 
115400.000000 -394.540863 -0.003419 
115500.000000 -394.540863 -0.003416 
115600.000000 -394.740875 -0.003415 
115700.000000 -395.040894 -0.003414 
115800.000000 -395.040894 -0.003411 
115900.000000 -395.340912 -0.003411 
116000.000000 -395.440918 -0.003409 
116100.000000 -395.440918 -0.003406 
116200.000000 -395.540924 -0.003404 
116300.000000 -396.340973 -0.003408 
116400.000000 -396.841003 -0.003409 
116500.000000 -397.241028 -0.003410 
116600.000000 -397.241028 -0.003407 
116700.000000 -397.641052 -0.003407 
116800.000000 -397.841064 -0.003406 
116900.000000 -398.041077 -0.003405 
117000.000000 -398.441101 -0.003405 
117100.000000 -398.441101 -0.003403 
117200.000000 -398.641113 -0.003401 
117300.000000 -398.841125 -0.003400 
117400.000000 -399.141144 -0.003400 
117500.000000 -399.441162 -0.003399 
117600.000000 -399.541168 -0.003397 
117700.000000 -399.741180 -0.003396 
117800.000000 -399.841187 -0.003394 
117900.000000 -400.041199 -0.003393 
118000.000000 -400.241211 -0.003392 
118100.000000 -400.541229 -0.003392 
118200.000000 -400.641235 -0.003390 
118300.000000 -400.641235 -0.003387 
118400.000000 -400.641235 -0.003384 
118500.000000 -400.641235 -0.003381 
118600.000000 -401.041260 -0.003381 
118700.000000 -401.141266 -0.003379 
118800.000000 -401.141266 -0.003377 
118900.000000 -402.141327 -0.003382 
119000.000000 -402.941437 -0.003386 
119100.000000 -401.841492 -0.003374 
119200.000000 -402.341522 -0.003375 
119300.000000 -403.241577 -0.003380 
119400.000000 -404.241638 -0.003386 
119500.000000 -405.241699 -0.003391 
119600.000000 -406.041748 -0.003395 
119700.000000 -406.541779 -0.003396 
119800.000000 -406.941803 -0.003397 
119900.000000 -407.641846 -0.003400 
120000.000000 -407.641846 -0.003397 
120100.000000 -407.641846 -0.003394 
120200.000000 -408.141876 -0.003396 
120300.000000 -408.441895 -0.003395 
120400.000000 -408.441895 -0.003392 
120500.000000 -408.441895 -0.003390 
120600.000000 -408.441895 -0.003387 
120700.000000 -408.741913 -0.003386 
120800.000000 -408.941925 -0.003385 
120900.000000 -409.141937 -0.003384 
121000.000000 -409.141937 -0.003381 
121100.000000 -409.141937 -0.003379 
121200.000000 -409.141937 -0.003376 
121300.000000 -409.141937 -0.003373 
121400.000000 -409.141937 -0.003370 
121500.000000 -409.241943 -0.003368 
121600.000000 -409.441956 -0.003367 
121700.000000 -409.441956 -0.003364 
121800.000000 -409.541962 -0.003362 
121900.000000 -410.041992 -0.003364 
122000.000000 -410.041992 -0.003361 
122100.000000 -410.041992 -0.003358 
122200.000000 -410.041992 -0.003355 
122300.000000 -410.041992 -0.003353 
122400.000000 -410.141998 -0.003351 
122500.000000 -410.442017 -0.003351 
122600.000000 -410.442017 -0.003348 
122700.000000 -410.542023 -0.003346 
122800.000000 -410.742035 -0.003345 
122900.000000 -410.842041 -0.003343 
123000.000000 -410.942047 -0.003341 
123100.000000 -410.942047 -0.003338 
123200.000000 -410.942047 -0.003336 
123300.000000 -411.242065 -0.003335 
123400.000000 -411.442078 -0.003334 
123500.000000 -411.542084 -0.003332 
123600.000000 -411.742096 -0.003331 
123700.000000 -411.842102 -0.003329 
123800.000000 -411.842102 -0.003327 
123900.000000 -411.842102 -0.003324 
124000.000000 -412.242126 -0.003325 
124100.000000 -412.242126 -0.003322 
124200.000000 -412.242126 -0.003319 
124300.000000 -412.542145 -0.003319 
124400.000000 -412.542145 -0.003316 
124500.000000 -412.542145 -0.003314 
124600.000000 -412.542145 -0.003311 
124700.000000 -412.742157 -0.003310 
124800.000000 -413.042175 -0.003310 
124900.000000 -413.042175 -0.003307 
125000.000000 -413.342194 -0.003307 
125100.000000 -413.742218 -0.003307 
125200.000000 -413.842224 -0.003305 
125300.000000 -414.742279 -0.003310 
125400.000000 -414.842285 -0.003308 
125500.000000 -415.042297 -0.003307 
125600.000000 -415.042297 -0.003304 
125700.000000 -415.042297 -0.003302 
125800.000000 -415.142303 -0.003300 
125900.000000 -415.342316 -0.003299 
126000.000000 -415.642334 -0.003299 
126100.000000 -416.542389 -0.003303 
126200.000000 -416.542450 -0.003301 
126300.000000 -416.942474 -0.003301 
126400.000000 -417.042480 -0.003299 
126500.000000 -416.142487 -0.003290 
126600.000000 -416.642517 -0.003291 
126700.000000 -417.242554 -0.003293 
126800.000000 -417.442566 -0.003292 
126900.000000 -417.942596 -0.003293 
127000.000000 -418.442627 -0.003295 
127100.000000 -417.742645 -0.003287 
127200.000000 -418.042664 -0.003286 
127300.000000 -418.242676 -0.003285 
127400.000000 -419.142731 -0.003290 
127500.000000 -419.642761 -0.003291 
127600.000000 -420.042786 -0.003292 
127700.000000 -420.142792 -0.003290 
127800.000000 -420.642822 -0.003291 
127900.000000 -420.642822 -0.003289 
128000.000000 -420.642822 -0.003286 
128100.000000 -420.742828 -0.003284 
128200.000000 -420.742828 -0.003282 
128300.000000 -420.742828 -0.003279 
128400.000000 -420.942841 -0.003278 
128500.000000 -420.942841 -0.003276 
128600.000000 -420.942841 -0.003273 
128700.000000 -422.242920 -0.003281 
128800.000000 -422.242920 -0.003278 
128900.000000 -422.242920 -0.003276 
129000.000000 -422.542938 -0.003276 
129100.000000 -423.042969 -0.003277 
129200.000000 -423.743011 -0.003280 
129300.000000 -423.743011 -0.003277 
129400.000000 -423.743011 -0.003275 
129500.000000 -423.743011 -0.003272 
129600.000000 -423.943024 -0.003271 
129700.000000 -424.643066 -0.003274 
129800.000000 -424.743073 -0.003272 
129900.000000 -424.743073 -0.003270 
130000.000000 -424.843079 -0.003268 
130100.000000 -424.843079 -0.003266 
130200.000000 -425.643127 -0.003269 
130300.000000 -425.743134 -0.003267 
130400.000000 -426.343170 -0.003270 
130500.000000 -426.643188 -0.003269 
130600.000000 -427.343231 -0.003272 
130700.000000 -427.843262 -0.003273 
130800.000000 -428.243286 -0.003274 
130900.000000 -428.243286 -0.003272 
131000.000000 -428.643311 -0.003272 
131100.000000 -428.643311 -0.003270 
131200.000000 -428.943329 -0.003269 
131300.000000 -427.343353 -0.003255 
131400.000000 -425.443359 -0.003238 
131500.000000 -426.143402 -0.003241 
131600.000000 -426.143402 -0.003238 
131700.000000 -426.143402 -0.003236 
131800.000000 -426.643433 -0.003237 
131900.000000 -426.843445 -0.003236 
132000.000000 -426.943451 -0.003234 
132100.000000 -426.143463 -0.003226 
132200.000000 -425.643494 -0.003220 
132300.000000 -425.743561 -0.003218 
132400.000000 -424.743561 -0.003208 
132500.000000 -424.143585 -0.003201 
132600.000000 -424.443604 -0.003201 
132700.000000 -424.543610 -0.003199 
132800.000000 -424.543610 -0.003197 
132900.000000 -424.543610 -0.003194 
133000.000000 -424.943634 -0.003195 
133100.000000 -424.943634 -0.003193 
133200.000000 -425.243652 -0.003193 
133300.000000 -425.243652 -0.003190 
133400.000000 -425.443665 -0.003189 
133500.000000 -425.443665 -0.003187 
133600.000000 -425.543671 -0.003185 
133700.000000 -425.543671 -0.003183 
133800.000000 -424.543671 -0.003173 
133900.000000 -424.643677 -0.003171 
134000.000000 -424.743683 -0.003170 
134100.000000 -425.043701 -0.003170 
134200.000000 -425.543732 -0.003171 
134300.000000 -424.543732 -0.003161 
134400.000000 -424.743744 -0.003160 
134500.000000 -424.743744 -0.003158 
134600.000000 -424.743744 -0.003156 
134700.000000 -424.743744 -0.003153 
134800.000000 -424.843750 -0.003152 
134900.000000 -424.943756 -0.003150 
135000.000000 -425.143768 -0.003149 
135100.000000 -424.743805 -0.003144 
135200.000000 -424.743805 -0.003142 
135300.000000 -425.243835 -0.003143 
135400.000000 -425.243835 -0.003141 
135500.000000 -425.343842 -0.003139 
135600.000000 -425.443848 -0.003137 
135700.000000 -425.543854 -0.003136 
135800.000000 -425.543854 -0.003134 
135900.000000 -425.743866 -0.003133 
136000.000000 -424.843872 -0.003124 
136100.000000 -424.943878 -0.003122 
136200.000000 -424.943878 -0.003120 
136300.000000 -424.943878 -0.003118 
136400.000000 -424.943878 -0.003115 
136500.000000 -424.943878 -0.003113 
136600.000000 -425.043884 -0.003112 
136700.000000 -425.143890 -0.003110 
136800.000000 -425.143890 -0.003108 
136900.000000 -425.143890 -0.003106 
137000.000000 -425.743927 -0.003108 
137100.000000 -426.143951 -0.003108 
137200.000000 -426.343964 -0.003107 
137300.000000 -426.343964 -0.003105 
137400.000000 -425.743988 -0.003099 
137500.000000 -426.044006 -0.003099 
137600.000000 -426.644043 -0.003101 
137700.000000 -425.944061 -0.003093 
137800.000000 -425.344086 -0.003087 
137900.000000 -424.644165 -0.003079 
138000.000000 -425.044250 -0.003080 
138100.000000 -424.744293 -0.003076 
138200.000000 -426.744415 -0.003088 
138300.000000 -426.744476 -0.003086 
138400.000000 -427.344513 -0.003088 
138500.000000 -427.844543 -0.003089 
138600.000000 -428.544586 -0.003092 
138700.000000 -428.844604 -0.003092 
138800.000000 -428.844604 -0.003090 
138900.000000 -428.944611 -0.003088 
139000.000000 -429.044617 -0.003087 
139100.000000 -430.044678 -0.003092 
139200.000000 -430.644714 -0.003094 
139300.000000 -431.044739 -0.003094 
139400.000000 -431.344757 -0.003094 
139500.000000 -431.344818 -0.003092 
139600.000000 -430.244873 -0.003082 
139700.000000 -429.744904 -0.003076 
139800.000000 -428.944977 -0.003068 
139900.000000 -428.845032 -0.003065 
140000.000000 -427.845032 -0.003056 
140100.000000 -429.345123 -0.003065 
140200.000000 -428.845154 -0.003059 
140300.000000 -428.145172 -0.003052 
140400.000000 -426.245178 -0.003036 
140500.000000 -426.245178 -0.003034 
140600.000000 -426.445190 -0.003033 
140700.000000 -426.145233 -0.003029 
140800.000000 -425.445251 -0.003022 
140900.000000 -425.045288 -0.003017 
141000.000000 -424.245300 -0.003009 
141100.000000 -425.645386 -0.003017 
141200.000000 -424.645447 -0.003007 
141300.000000 -424.445496 -0.003004 
141400.000000 -425.145538 -0.003007 
141500.000000 -425.145538 -0.003005 
141600.000000 -425.245544 -0.003003 
141700.000000 -424.845581 -0.002998 
141800.000000 -424.845581 -0.002996 
141900.000000 -424.845581 -0.002994 
142000.000000 -424.945587 -0.002993 
142100.000000 -425.445618 -0.002994 
142200.000000 -425.445618 -0.002992 
142300.000000 -425.945648 -0.002993 
142400.000000 -425.145660 -0.002986 
142500.000000 -424.945709 -0.002982 
142600.000000 -425.145721 -0.002981 
142700.000000 -425.245789 -0.002980 
142800.000000 -425.345795 -0.002979 
142900.000000 -425.345795 -0.002977 
143000.000000 -424.545807 -0.002969 
143100.000000 -424.545807 -0.002967 
143200.000000 -424.545807 -0.002965 
143300.000000 -424.745819 -0.002964 
143400.000000 -425.645874 -0.002968 
143500.000000 -425.645874 -0.002966 
143600.000000 -425.745880 -0.002965 
143700.000000 -425.845886 -0.002963 
143800.000000 -425.845886 -0.002961 
143900.000000 -427.145966 -0.002968 
144000.000000 -427.746002 -0.002970 
144100.000000 -428.046021 -0.002970 
144200.000000 -428.946075 -0.002975 
144300.000000 -429.946136 -0.002980 
144400.000000 -430.746246 -0.002983 
144500.000000 -431.046265 -0.002983 
144600.000000 -431.446289 -0.002984 
144700.000000 -430.546295 -0.002975 
144800.000000 -430.546295 -0.002973 
144900.000000 -430.546295 -0.002971 
145000.000000 -430.946320 -0.002972 
145100.000000 -430.946320 -0.002970 
145200.000000 -431.046326 -0.002969 
145300.000000 -430.546356 -0.002963 
145400.000000 -429.746368 -0.002956 
145500.000000 -429.746368 -0.002954 
145600.000000 -431.046448 -0.002960 
145700.000000 -431.446472 -0.002961 
145800.000000 -431.446472 -0.002959 
145900.000000 -431.646484 -0.002959 
146000.000000 -431.646484 -0.002956 
146100.000000 -431.646484 -0.002954 
146200.000000 -431.646484 -0.002952 
146300.000000 -432.146515 -0.002954 
146400.000000 -432.246521 -0.002953 
146500.000000 -432.546539 -0.002953 
146600.000000 -432.746552 -0.002952 
146700.000000 -432.846558 -0.002951 
146800.000000 -432.846558 -0.002949 
146900.000000 -432.846558 -0.002947 
147000.000000 -432.846558 -0.002945 
147100.000000 -433.546600 -0.002947 
147200.000000 -434.246643 -0.002950 
147300.000000 -434.746674 -0.002951 
147400.000000 -435.346710 -0.002954 
147500.000000 -435.746735 -0.002954 
147600.000000 -436.146759 -0.002955 
147700.000000 -435.246765 -0.002947 
147800.000000 -435.546783 -0.002947 
147900.000000 -434.846802 -0.002940 
148000.000000 -436.146881 -0.002947 
148100.000000 -436.546906 -0.002948 
148200.000000 -436.846924 -0.002948 
148300.000000 -437.046936 -0.002947 
148400.000000 -437.046936 -0.002945 
148500.000000 -437.046936 -0.002943 
148600.000000 -437.046936 -0.002941 
148700.000000 -437.546967 -0.002942 
148800.000000 -436.546967 -0.002934 
148900.000000 -436.546967 -0.002932 
149000.000000 -436.546967 -0.002930 
149100.000000 -436.546967 -0.002928 
149200.000000 -436.746979 -0.002927 
149300.000000 -436.746979 -0.002925 
149400.000000 -437.247009 -0.002927 
149500.000000 -437.247009 -0.002925 
149600.000000 -437.447021 -0.002924 
149700.000000 -437.447021 -0.002922 
149800.000000 -437.447021 -0.002920 
149900.000000 -437.547028 -0.002919 
150000.000000 -437.547028 -0.002917 
150100.000000 -437.547028 -0.002915 
150200.000000 -437.547028 -0.002913 
150300.000000 -437.547028 -0.002911 
150400.000000 -437.747040 -0.002911 
150500.000000 -437.847046 -0.002909 
150600.000000 -438.047058 -0.002909 
150700.000000 -438.147064 -0.002907 
150800.000000 -438.647095 -0.002909 
150900.000000 -438.647095 -0.002907 
151000.000000 -438.647095 -0.002905 
151100.000000 -439.047119 -0.002906 
151200.000000 -439.147125 -0.002904 
151300.000000 -439.147125 -0.002902 
151400.000000 -440.347198 -0.002909 
151500.000000 -440.747223 -0.002909 
151600.000000 -441.447266 -0.002912 
151700.000000 -441.647278 -0.002911 
151800.000000 -442.447327 -0.002915 
151900.000000 -442.347443 -0.002912 
152000.000000 -443.947540 -0.002921 
152100.000000 -443.947540 -0.002919 
152200.000000 -443.947540 -0.002917 
152300.000000 -443.947540 -0.002915 
152400.000000 -443.947540 -0.002913 
152500.000000 -444.047546 -0.002912 
152600.000000 -444.247559 -0.002911 
152700.000000 -444.247559 -0.002909 
152800.000000 -444.347565 -0.002908 
152900.000000 -444.747589 -0.002909 
153000.000000 -444.747589 -0.002907 
153100.000000 -444.747589 -0.002905 
153200.000000 -444.947601 -0.002904 
153300.000000 -445.047607 -0.002903 
153400.000000 -445.047607 -0.002901 
153500.000000 -445.247620 -0.002901 
153600.000000 -445.247620 -0.002899 
153700.000000 -444.047668 -0.002889 
153800.000000 -444.047668 -0.002887 
153900.000000 -444.247681 -0.002887 
154000.000000 -444.447693 -0.002886 
154100.000000 -442.547699 -0.002872 
154200.000000 -442.547699 -0.002870 
154300.000000 -443.647766 -0.002875 
154400.000000 -443.647766 -0.002873 
154500.000000 -443.647766 -0.002872 
154600.000000 -444.147797 -0.002873 
154700.000000 -444.347809 -0.002872 
154800.000000 -443.547821 -0.002865 
154900.000000 -443.947845 -0.002866 
155000.000000 -443.347870 -0.002860 
155100.000000 -443.347870 -0.002858 
155200.000000 -443.347870 -0.002857 
155300.000000 -443.347870 -0.002855 
155400.000000 -443.447876 -0.002854 
155500.000000 -443.447876 -0.002852 
155600.000000 -443.447876 -0.002850 
155700.000000 -443.647888 -0.002849 
155800.000000 -443.647888 -0.002848 
155900.000000 -443.647888 -0.002846 
156000.000000 -443.647888 -0.002844 
156100.000000 -443.847900 -0.002843 
156200.000000 -443.947906 -0.002842 
156300.000000 -443.147919 -0.002835 
156400.000000 -443.447937 -0.002835 
156500.000000 -442.947968 -0.002830 
156600.000000 -442.947968 -0.002829 
156700.000000 -443.147980 -0.002828 
156800.000000 -443.447998 -0.002828 
156900.000000 -443.447998 -0.002826 
157000.000000 -443.548004 -0.002825 
157100.000000 -443.548004 -0.002823 
157200.000000 -443.548004 -0.002822 
157300.000000 -443.848022 -0.002822 
157400.000000 -443.848022 -0.002820 
157500.000000 -443.848022 -0.002818 
157600.000000 -443.848022 -0.002816 
157700.000000 -444.048035 -0.002816 
157800.000000 -444.848083 -0.002819 
157900.000000 -444.948090 -0.002818 
158000.000000 -444.948090 -0.002816 
158100.000000 -445.548126 -0.002818 
158200.000000 -445.648132 -0.002817 
158300.000000 -445.648132 -0.002815 
158400.000000 -446.148163 -0.002817 
158500.000000 -446.148163 -0.002815 
158600.000000 -446.148163 -0.002813 
158700.000000 -446.248169 -0.002812 
158800.000000 -446.448181 -0.002811 
158900.000000 -446.448181 -0.002810 
159000.000000 -447.148224 -0.002812 
159100.000000 -447.148224 -0.002810 
159200.000000 -447.248230 -0.002809 
159300.000000 -447.348236 -0.002808 
159400.000000 -447.848267 -0.002810 
159500.000000 -447.848267 -0.002808 
159600.000000 -448.048279 -0.002807 
159700.000000 -448.048279 -0.002806 
159800.000000 -448.048279 -0.002804 
159900.000000 -448.148285 -0.002803 
160000.000000 -448.248291 -0.002802 
160100.000000 -448.248291 -0.002800 
160200.000000 -448.248291 -0.002798 
160300.000000 -448.948334 -0.002801 
160400.000000 -449.648376 -0.002803 
160500.000000 -450.048401 -0.002804 
160600.000000 -450.148407 -0.002803 
160700.000000 -450.148407 -0.002801 
160800.000000 -450.348419 -0.002801 
160900.000000 -450.348419 -0.002799 
161000.000000 -450.348419 -0.002797 
161100.000000 -451.148468 -0.002800 
161200.000000 -451.248474 -0.002799 
161300.000000 -451.248474 -0.002798 
161400.000000 -451.348480 -0.002796 
161500.000000 -451.548492 -0.002796 
161600.000000 -451.748505 -0.002795 
161700.000000 -451.848511 -0.002794 
161800.000000 -451.948517 -0.002793 
161900.000000 -452.148529 -0.002793 
162000.000000 -452.548553 -0.002794 
162100.000000 -452.548553 -0.002792 
162200.000000 -452.548553 -0.002790 
162300.000000 -452.848572 -0.002790 
162400.000000 -452.948578 -0.002789 
162500.000000 -453.048584 -0.002788 
162600.000000 -453.248596 -0.002788 
162700.000000 -452.448608 -0.002781 
162800.000000 -452.748627 -0.002781 
162900.000000 -452.748627 -0.002779 
163000.000000 -452.748627 -0.002778 
163100.000000 -452.748627 -0.002776 
163200.000000 -452.748627 -0.002774 
163300.000000 -453.448669 -0.002777 
163400.000000 -452.448669 -0.002769 
163500.000000 -452.648682 -0.002768 
163600.000000 -452.648682 -0.002767 
163700.000000 -454.748810 -0.002778 
163800.000000 -454.748810 -0.002776 
163900.000000 -453.748810 -0.002768 
164000.000000 -454.148834 -0.002769 
164100.000000 -454.748871 -0.002771 
164200.000000 -454.548920 -0.002768 
164300.000000 -454.548920 -0.002767 
164400.000000 -455.348969 -0.002770 
164500.000000 -455.448975 -0.002769 
164600.000000 -454.548981 -0.002762 
164700.000000 -454.949005 -0.002762 
164800.000000 -455.349030 -0.002763 
164900.000000 -455.649048 -0.002763 
165000.000000 -455.649048 -0.002762 
165100.000000 -454.049072 -0.002750 
165200.000000 -452.149078 -0.002737 
165300.000000 -453.449158 -0.002743 
165400.000000 -454.649231 -0.002749 
165500.000000 -455.049255 -0.002750 
165600.000000 -455.749298 -0.002752 
165700.000000 -455.849304 -0.002751 
165800.000000 -456.549347 -0.002754 
165900.000000 -456.749359 -0.002753 
166000.000000 -457.749420 -0.002758 
166100.000000 -457.749420 -0.002756 
166200.000000 -457.749420 -0.002754 
166300.000000 -457.749420 -0.002753 
166400.000000 -458.749481 -0.002757 
166500.000000 -458.849487 -0.002756 
166600.000000 -458.949493 -0.002755 
166700.000000 -458.949493 -0.002753 
166800.000000 -458.949493 -0.002751 
166900.000000 -459.049500 -0.002750 
167000.000000 -459.449524 -0.002751 
167100.000000 -459.549530 -0.002750 
167200.000000 -459.649536 -0.002749 
167300.000000 -459.049561 -0.002744 
167400.000000 -459.149567 -0.002743 
167500.000000 -459.149567 -0.002741 
167600.000000 -459.149567 -0.002740 
167700.000000 -458.149567 -0.002732 
167800.000000 -458.249573 -0.002731 
167900.000000 -458.549591 -0.002731 
168000.000000 -458.549591 -0.002729 
168100.000000 -458.949615 -0.002730 
168200.000000 -458.949615 -0.002729 
168300.000000 -458.949615 -0.002727 
168400.000000 -459.249634 -0.002727 
168500.000000 -458.349640 -0.002720 
168600.000000 -458.349640 -0.002719 
168700.000000 -458.449646 -0.002718 
168800.000000 -458.449646 -0.002716 
168900.000000 -458.449646 -0.002714 
169000.000000 -458.649658 -0.002714 
169100.000000 -458.649658 -0.002712 
169200.000000 -458.649658 -0.002711 
169300.000000 -458.649658 -0.002709 
169400.000000 -459.349701 -0.002712 
169500.000000 -459.349701 -0.002710 
169600.000000 -459.449707 -0.002709 
169700.000000 -459.449707 -0.002707 
169800.000000 -459.549713 -0.002706 
169900.000000 -459.549713 -0.002705 
170000.000000 -459.549713 -0.002703 
170100.000000 -458.749725 -0.002697 
170200.000000 -459.249756 -0.002698 
170300.000000 -458.349762 -0.002691 
170400.000000 -458.649780 -0.002692 
170500.000000 -458.849792 -0.002691 
170600.000000 -458.849792 -0.002690 
170700.000000 -458.849792 -0.002688 
170800.000000 -458.849792 -0.002686 
170900.000000 -458.849792 -0.002685 
171000.000000 -459.949860 -0.002690 
171100.000000 -460.149872 -0.002689 
171200.000000 -460.149872 -0.002688 
171300.000000 -460.249878 -0.002687 
171400.000000 -460.649902 -0.002688 
171500.000000 -460.649902 -0.002686 
171600.000000 -460.949921 -0.002686 
171700.000000 -461.349945 -0.002687 
171800.000000 -460.049988 -0.002678 
171900.000000 -460.049988 -0.002676 
172000.000000 -459.350006 -0.002671 
172100.000000 -459.350006 -0.002669 
172200.000000 -459.750031 -0.002670 
172300.000000 -460.150055 -0.002671 
172400.000000 -460.550079 -0.002671 
172500.000000 -460.550079 -0.002670 
172600.000000 -459.950104 -0.002665 
172700.000000 -460.650146 -0.002667 
172800.000000 -459.850159 -0.002661 
172900.000000 -458.550201 -0.002652 
173000.000000 -460.250305 -0.002660 
173100.000000 -459.550323 -0.002655 
173200.000000 -459.750336 -0.002654 
173300.000000 -459.750336 -0.002653 
173400.000000 -459.750336 -0.002651 
173500.000000 -459.750336 -0.002650 
173600.000000 -460.250366 -0.002651 
173700.000000 -460.350372 -0.002650 
173800.000000 -460.550385 -0.002650 
173900.000000 -460.650391 -0.002649 
174000.000000 -460.750397 -0.002648 
174100.000000 -460.950409 -0.002648 
174200.000000 -461.050415 -0.002647 
174300.000000 -461.050415 -0.002645 
174400.000000 -461.350433 -0.002645 
174500.000000 -461.650452 -0.002646 
174600.000000 -461.750458 -0.002645 
174700.000000 -461.850464 -0.002644 
174800.000000 -462.250488 -0.002644 
174900.000000 -462.650513 -0.002645 
175000.000000 -463.250549 -0.002647 
175100.000000 -463.250549 -0.002646 
175200.000000 -463.450562 -0.002645 
175300.000000 -463.450562 -0.002644 
175400.000000 -463.450562 -0.002642 
175500.000000 -463.450562 -0.002641 
175600.000000 -463.450562 -0.002639 
175700.000000 -463.650574 -0.002639 
175800.000000 -463.650574 -0.002637 
175900.000000 -463.650574 -0.002636 
176000.000000 -463.650574 -0.002634 
176100.000000 -463.650574 -0.002633 
176200.000000 -463.650574 -0.002631 
176300.000000 -463.850586 -0.002631 
176400.000000 -464.050598 -0.002631 
176500.000000 -464.350616 -0.002631 
176600.000000 -464.550629 -0.002631 
176700.000000 -464.550629 -0.002629 
176800.000000 -464.550629 -0.002628 
176900.000000 -464.550629 -0.002626 
177000.000000 -464.550629 -0.002625 
177100.000000 -464.550629 -0.002623 
177200.000000 -464.550629 -0.002622 
177300.000000 -464.550629 -0.002620 
177400.000000 -464.650635 -0.002619 
177500.000000 -464.650635 -0.002618 
177600.000000 -465.150665 -0.002619 
177700.000000 -465.150665 -0.002618 
177800.000000 -465.250671 -0.002617 
177900.000000 -465.550690 -0.002617 
178000.000000 -465.550690 -0.002615 
178100.000000 -466.550751 -0.002620 
178200.000000 -466.550751 -0.002618 
178300.000000 -466.550751 -0.002617 
178400.000000 -466.750763 -0.002616 
178500.000000 -466.750763 -0.002615 
178600.000000 -467.550812 -0.002618 
178700.000000 -467.950836 -0.002619 
178800.000000 -467.950836 -0.002617 
178900.000000 -467.950836 -0.002616 
179000.000000 -468.050842 -0.002615 
179100.000000 -468.050842 -0.002613 
179200.000000 -468.050842 -0.002612 
179300.000000 -468.050842 -0.002610 
179400.000000 -468.050842 -0.002609 
179500.000000 -468.150848 -0.002608 
179600.000000 -468.150848 -0.002607 
179700.000000 -468.250854 -0.002606 
179800.000000 -468.250854 -0.002604 
179900.000000 -468.250854 -0.002603 
180000.000000 -468.350861 -0.002602 
180100.000000 -468.350861 -0.002601 
180200.000000 -468.350861 -0.002599 
180300.000000 -468.450867 -0.002598 
180400.000000 -469.450928 -0.002602 
180500.000000 -469.550934 -0.002601 
180600.000000 -469.850952 -0.002602 
180700.000000 -469.850952 -0.002600 
180800.000000 -469.950958 -0.002599 
180900.000000 -469.950958 -0.002598 
181000.000000 -469.950958 -0.002596 
181100.000000 -469.950958 -0.002595 
181200.000000 -469.950958 -0.002594 
181300.000000 -469.950958 -0.002592 
181400.000000 -470.250977 -0.002592 
181500.000000 -470.250977 -0.002591 
181600.000000 -470.250977 -0.002589 
181700.000000 -470.250977 -0.002588 
181800.000000 -470.250977 -0.002587 
181900.000000 -470.250977 -0.002585 
182000.000000 -470.350983 -0.002584 
182100.000000 -470.350983 -0.002583 
182200.000000 -470.450989 -0.002582 
182300.000000 -470.550995 -0.002581 
182400.000000 -470.550995 -0.002580 
182500.000000 -470.550995 -0.002578 
182600.000000 -470.550995 -0.002577 
182700.000000 -470.651001 -0.002576 
182800.000000 -470.951019 -0.002576 
182900.000000 -470.951019 -0.002575 
183000.000000 -470.951019 -0.002574 
183100.000000 -470.951019 -0.002572 
183200.000000 -471.151031 -0.002572 
183300.000000 -471.551056 -0.002573 
183400.000000 -471.551056 -0.002571 
183500.000000 -471.751068 -0.002571 
183600.000000 -471.751068 -0.002569 
183700.000000 -471.751068 -0.002568 
183800.000000 -472.251099 -0.002569 
183900.000000 -472.251099 -0.002568 
184000.000000 -472.251099 -0.002567 
184100.000000 -472.251099 -0.002565 
184200.000000 -472.251099 -0.002564 
184300.000000 -472.251099 -0.002562 
184400.000000 -472.251099 -0.002561 
184500.000000 -472.251099 -0.002560 
184600.000000 -472.251099 -0.002558 
184700.000000 -472.551117 -0.002558 
184800.000000 -472.551117 -0.002557 
184900.000000 -472.551117 -0.002556 
185000.000000 -472.651123 -0.002555 
185100.000000 -472.651123 -0.002553 
185200.000000 -472.651123 -0.002552 
185300.000000 -472.851135 -0.002552 
185400.000000 -472.951141 -0.002551 
185500.000000 -472.951141 -0.002550 
185600.000000 -473.951202 -0.002554 
185700.000000 -474.551239 -0.002555 
185800.000000 -475.551300 -0.002559 
185900.000000 -475.551300 -0.002558 
186000.000000 -475.551300 -0.002557 
186100.000000 -476.051331 -0.002558 
186200.000000 -476.051331 -0.002557 
186300.000000 -476.051331 -0.002555 
186400.000000 -476.451355 -0.002556 
186500.000000 -476.551361 -0.002555 
186600.000000 -476.651367 -0.002554 
186700.000000 -476.651367 -0.002553 
186800.000000 -476.651367 -0.002552 
186900.000000 -476.951385 -0.002552 
187000.000000 -477.251404 -0.002552 
187100.000000 -477.551422 -0.002552 
187200.000000 -477.551422 -0.002551 
187300.000000 -477.551422 -0.002550 
187400.000000 -477.751434 -0.002549 
187500.000000 -477.751434 -0.002548 
187600.000000 -477.851440 -0.002547 
187700.000000 -477.851440 -0.002546 
187800.000000 -477.851440 -0.002544 
187900.000000 -477.851440 -0.002543 
188000.000000 -477.851440 -0.002542 
188100.000000 -477.851440 -0.002540 
188200.000000 -477.851440 -0.002539 
188300.000000 -477.951447 -0.002538 
188400.000000 -477.951447 -0.002537 
188500.000000 -477.951447 -0.002536 
188600.000000 -477.951447 -0.002534 
188700.000000 -478.151459 -0.002534 
188800.000000 -478.751495 -0.002536 
188900.000000 -478.951508 -0.002535 
189000.000000 -478.951508 -0.002534 
189100.000000 -479.151520 -0.002534 
189200.000000 -479.551544 -0.002535 
189300.000000 -479.551544 -0.002533 
189400.000000 -479.551544 -0.002532 
189500.000000 -479.751556 -0.002532 
189600.000000 -479.751556 -0.002530 
189700.000000 -479.751556 -0.002529 
189800.000000 -479.751556 -0.002528 
189900.000000 -479.751556 -0.002526 
190000.000000 -479.751556 -0.002525 
190100.000000 -479.751556 -0.002524 
190200.000000 -479.751556 -0.002522 
190300.000000 -479.751556 -0.002521 
190400.000000 -479.751556 -0.002520 
190500.000000 -479.751556 -0.002518 
190600.000000 -479.751556 -0.002517 
190700.000000 -479.751556 -0.002516 
190800.000000 -479.751556 -0.002514 
190900.000000 -480.151581 -0.002515 
191000.000000 -480.251587 -0.002514 
191100.000000 -480.251587 -0.002513 
191200.000000 -480.251587 -0.002512 
191300.000000 -480.351593 -0.002511 
191400.000000 -480.451599 -0.002510 
191500.000000 -480.451599 -0.002509 
191600.000000 -480.451599 -0.002508 
191700.000000 -480.451599 -0.002506 
191800.000000 -480.451599 -0.002505 
191900.000000 -480.551605 -0.002504 
192000.000000 -480.551605 -0.002503 
192100.000000 -480.651611 -0.002502 
192200.000000 -480.651611 -0.002501 
192300.000000 -480.651611 -0.002499 
192400.000000 -480.651611 -0.002498 
192500.000000 -480.751617 -0.002497 
192600.000000 -480.751617 -0.002496 
192700.000000 -480.751617 -0.002495 
192800.000000 -480.751617 -0.002494 
192900.000000 -480.751617 -0.002492 
193000.000000 -480.751617 -0.002491 
193100.000000 -480.851624 -0.002490 
193200.000000 -480.851624 -0.002489 
193300.000000 -480.951630 -0.002488 
193400.000000 -480.951630 -0.002487 
193500.000000 -480.951630 -0.002486 
193600.000000 -480.951630 -0.002484 
193700.000000 -480.951630 -0.002483 
193800.000000 -480.951630 -0.002482 
193900.000000 -480.951630 -0.002480 
194000.000000 -480.951630 -0.002479 
194100.000000 -480.951630 -0.002478 
194200.000000 -481.151642 -0.002478 
194300.000000 -481.151642 -0.002476 
194400.000000 -481.151642 -0.002475 
194500.000000 -481.151642 -0.002474 
194600.000000 -481.351654 -0.002474 
194700.000000 -481.351654 -0.002472 
194800.000000 -481.351654 -0.002471 
194900.000000 -481.351654 -0.002470 
195000.000000 -481.351654 -0.002468 
195100.000000 -481.351654 -0.002467 
195200.000000 -481.351654 -0.002466 
195300.000000 -481.351654 -0.002465 
195400.000000 -481.451660 -0.002464 
195500.000000 -481.551666 -0.002463 
195600.000000 -481.651672 -0.002462 
195700.000000 -481.651672 -0.002461 
195800.000000 -481.651672 -0.002460 
195900.000000 -481.651672 -0.002459 
196000.000000 -481.651672 -0.002457 
196100.000000 -481.851685 -0.002457 
196200.000000 -482.051697 -0.002457 
196300.000000 -482.051697 -0.002456 
196400.000000 -482.051697 -0.002454 
196500.000000 -482.151703 -0.002454 
196600.000000 -482.151703 -0.002452 
196700.000000 -482.551727 -0.002453 
196800.000000 -482.551727 -0.002452 
196900.000000 -482.551727 -0.002451 
197000.000000 -482.551727 -0.002450 
197100.000000 -482.551727 -0.002448 
197200.000000 -482.551727 -0.002447 
197300.000000 -482.851746 -0.002447 
197400.000000 -482.851746 -0.002446 
197500.000000 -482.951752 -0.002445 
197600.000000 -483.051758 -0.002445 
197700.000000 -483.151764 -0.002444 
197800.000000 -483.151764 -0.002443 
197900.000000 -483.251770 -0.002442 
198000.000000 -483.251770 -0.002441 
198100.000000 -483.251770 -0.002439 
198200.000000 -483.251770 -0.002438 
198300.000000 -483.351776 -0.002437 
198400.000000 -483.351776 -0.002436 
198500.000000 -483.351776 -0.002435 
198600.000000 -483.351776 -0.002434 
198700.000000 -483.751801 -0.002435 
198800.000000 -483.751801 -0.002433 
198900.000000 -483.951813 -0.002433 
199000.000000 -483.951813 -0.002432 
199100.000000 -484.051819 -0.002431 
199200.000000 -484.051819 -0.002430 
199300.000000 -484.051819 -0.002429 
199400.000000 -484.251831 -0.002429 
199500.000000 -484.251831 -0.002427 
199600.000000 -484.251831 -0.002426 
199700.000000 -484.251831 -0.002425 
199800.000000 -484.251831 -0.002424 
199900.000000 -484.251831 -0.002422 
200000.000000 -484.351837 -0.002422 
