100.000000 -1.500000 -0.015000 
200.000000 -3.999998 -0.020000 
300.000000 -5.799997 -0.019333 
400.000000 -7.399995 -0.018500 
500.000000 -8.099995 -0.016200 
600.000000 -8.799997 -0.014667 
700.000000 -10.400003 -0.014857 
800.000000 -10.900005 -0.013625 
900.000000 -11.900009 -0.013222 
1000.000000 -12.600016 -0.012600 
1100.000000 -13.100018 -0.011909 
1200.000000 -14.300022 -0.011917 
1300.000000 -16.000029 -0.012308 
1400.000000 -17.500034 -0.012500 
1500.000000 -19.200041 -0.012800 
1600.000000 -19.500042 -0.012188 
1700.000000 -20.700047 -0.012176 
1800.000000 -22.000051 -0.012222 
1900.000000 -22.500057 -0.011842 
2000.000000 -23.600061 -0.011800 
2100.000000 -24.200068 -0.011524 
2200.000000 -25.200075 -0.011455 
2300.000000 -27.300083 -0.011870 
2400.000000 -28.400087 -0.011833 
2500.000000 -29.200090 -0.011680 
2600.000000 -30.600096 -0.011769 
2700.000000 -30.500099 -0.011296 
2800.000000 -30.800104 -0.011000 
2900.000000 -30.400106 -0.010483 
3000.000000 -31.200109 -0.010400 
3100.000000 -33.300091 -0.010742 
3200.000000 -34.900066 -0.010906 
3300.000000 -36.200047 -0.010970 
3400.000000 -36.900036 -0.010853 
3500.000000 -38.600010 -0.011029 
3600.000000 -38.799992 -0.010778 
3700.000000 -38.799976 -0.010486 
3800.000000 -39.499950 -0.010395 
3900.000000 -40.399921 -0.010359 
4000.000000 -41.199909 -0.010300 
4100.000000 -42.299892 -0.010317 
4200.000000 -42.699886 -0.010167 
4300.000000 -42.399876 -0.009860 
4400.000000 -43.999851 -0.010000 
4500.000000 -44.799839 -0.009956 
4600.000000 -46.799809 -0.010174 
4700.000000 -46.899792 -0.009979 
4800.000000 -47.699780 -0.009937 
4900.000000 -48.199757 -0.009837 
5000.000000 -49.099743 -0.009820 
5100.000000 -49.699734 -0.009745 
5200.000000 -49.599720 -0.009538 
5300.000000 -49.399708 -0.009321 
5400.000000 -50.899685 -0.009426 
5500.000000 -51.399662 -0.009345 
5600.000000 -53.399632 -0.009536 
5700.000000 -53.799610 -0.009439 
5800.000000 -54.299603 -0.009362 
5900.000000 -55.499584 -0.009407 
6000.000000 -57.099560 -0.009517 
6100.000000 -57.499554 -0.009426 
6200.000000 -58.399540 -0.009419 
6300.000000 -59.999516 -0.009524 
6400.000000 -60.199497 -0.009406 
6500.000000 -62.299465 -0.009585 
6600.000000 -62.899441 -0.009530 
6700.000000 -64.399422 -0.009612 
6800.000000 -64.199409 -0.009441 
6900.000000 -64.899399 -0.009406 
7000.000000 -65.699387 -0.009386 
7100.000000 -66.399376 -0.009352 
7200.000000 -67.399361 -0.009361 
7300.000000 -67.699356 -0.009274 
7400.000000 -68.299347 -0.009230 
7500.000000 -69.399330 -0.009253 
7600.000000 -69.199318 -0.009105 
7700.000000 -70.999290 -0.009221 
7800.000000 -71.999275 -0.009231 
7900.000000 -72.099274 -0.009126 
8000.000000 -72.699265 -0.009087 
8100.000000 -72.799263 -0.008988 
8200.000000 -73.399254 -0.008951 
8300.000000 -73.999245 -0.008916 
8400.000000 -74.499237 -0.008869 
8500.000000 -74.699234 -0.008788 
8600.000000 -75.399223 -0.008767 
8700.000000 -76.999199 -0.008850 
8800.000000 -77.199181 -0.008773 
8900.000000 -78.399162 -0.008809 
9000.000000 -80.399132 -0.008933 
9100.000000 -81.199120 -0.008923 
9200.000000 -80.299103 -0.008728 
9300.000000 -81.599083 -0.008774 
9400.000000 -82.599068 -0.008787 
9500.000000 -83.299057 -0.008768 
9600.000000 -84.099045 -0.008760 
9700.000000 -85.999016 -0.008866 
9800.000000 -86.499008 -0.008826 
9900.000000 -87.798988 -0.008869 
10000.000000 -87.898972 -0.008790 
10100.000000 -87.598961 -0.008673 
10200.000000 -88.298950 -0.008657 
10300.000000 -88.098938 -0.008553 
10400.000000 -87.498932 -0.008413 
10500.000000 -88.398903 -0.008419 
10600.000000 -88.998878 -0.008396 
10700.000000 -90.298859 -0.008439 
10800.000000 -90.798851 -0.008407 
10900.000000 -91.998833 -0.008440 
11000.000000 -92.498810 -0.008409 
11100.000000 -91.798805 -0.008270 
11200.000000 -91.398796 -0.008161 
11300.000000 -90.998772 -0.008053 
11400.000000 -91.398766 -0.008017 
11500.000000 -91.698761 -0.007974 
11600.000000 -92.298737 -0.007957 
11700.000000 -91.998726 -0.007863 
11800.000000 -92.198723 -0.007813 
11900.000000 -91.098709 -0.007655 
12000.000000 -91.598701 -0.007633 
12100.000000 -92.098694 -0.007611 
12200.000000 -91.698685 -0.007516 
12300.000000 -92.398674 -0.007512 
12400.000000 -93.898651 -0.007572 
12500.000000 -94.598640 -0.007568 
12600.000000 -96.098618 -0.007627 
12700.000000 -96.498611 -0.007598 
12800.000000 -96.298599 -0.007523 
12900.000000 -96.998589 -0.007519 
13000.000000 -96.298584 -0.007408 
13100.000000 -97.098572 -0.007412 
13200.000000 -97.298569 -0.007371 
13300.000000 -97.598564 -0.007338 
13400.000000 -98.798546 -0.007373 
13500.000000 -99.698532 -0.007385 
13600.000000 -99.098526 -0.007287 
13700.000000 -99.098511 -0.007233 
13800.000000 -99.198494 -0.007188 
13900.000000 -99.598488 -0.007165 
14000.000000 -100.198479 -0.007157 
14100.000000 -100.598473 -0.007135 
14200.000000 -102.098450 -0.007190 
14300.000000 -101.798439 -0.007119 
14400.000000 -101.198433 -0.007028 
14500.000000 -101.598427 -0.007007 
14600.000000 -101.898422 -0.006979 
14700.000000 -103.398399 -0.007034 
14800.000000 -104.198387 -0.007040 
14900.000000 -103.798378 -0.006966 
15000.000000 -103.898361 -0.006927 
15100.000000 -103.598351 -0.006861 
15200.000000 -102.398338 -0.006737 
15300.000000 -102.898331 -0.006725 
15400.000000 -102.198326 -0.006636 
15500.000000 -102.798317 -0.006632 
15600.000000 -102.998299 -0.006602 
15700.000000 -103.198280 -0.006573 
15800.000000 -104.898254 -0.006639 
15900.000000 -106.398232 -0.006692 
16000.000000 -105.898224 -0.006619 
16100.000000 -105.298218 -0.006540 
16200.000000 -106.198204 -0.006555 
16300.000000 -105.998192 -0.006503 
16400.000000 -105.398186 -0.006427 
16500.000000 -105.898178 -0.006418 
16600.000000 -105.098175 -0.006331 
16700.000000 -104.998161 -0.006287 
16800.000000 -105.298157 -0.006268 
16900.000000 -105.798149 -0.006260 
17000.000000 -106.098129 -0.006241 
17100.000000 -107.398109 -0.006281 
17200.000000 -108.998085 -0.006337 
17300.000000 -109.698059 -0.006341 
17400.000000 -109.398048 -0.006287 
17500.000000 -109.598030 -0.006263 
17600.000000 -109.398018 -0.006216 
17700.000000 -109.798012 -0.006203 
17800.000000 -109.598000 -0.006157 
17900.000000 -108.697983 -0.006073 
18000.000000 -109.497971 -0.006083 
18100.000000 -110.597954 -0.006110 
18200.000000 -109.697952 -0.006027 
18300.000000 -110.097946 -0.006016 
18400.000000 -110.697937 -0.006016 
18500.000000 -112.397911 -0.006076 
18600.000000 -113.697891 -0.006113 
18700.000000 -113.597878 -0.006075 
18800.000000 -114.397865 -0.006085 
18900.000000 -114.997841 -0.006085 
19000.000000 -114.397835 -0.006021 
19100.000000 -113.497833 -0.005942 
19200.000000 -113.597832 -0.005917 
19300.000000 -114.797813 -0.005948 
19400.000000 -114.597801 -0.005907 
19500.000000 -114.897781 -0.005892 
19600.000000 -114.197777 -0.005826 
19700.000000 -114.497757 -0.005812 
19800.000000 -114.497742 -0.005783 
19900.000000 -113.597740 -0.005708 
20000.000000 -114.097733 -0.005705 
20100.000000 -115.097717 -0.005726 
20200.000000 -116.397697 -0.005762 
20300.000000 -116.397682 -0.005734 
20400.000000 -117.097672 -0.005740 
20500.000000 -117.797661 -0.005746 
20600.000000 -117.897659 -0.005723 
20700.000000 -118.097656 -0.005705 
20800.000000 -118.297638 -0.005687 
20900.000000 -118.797630 -0.005684 
21000.000000 -120.297607 -0.005728 
21100.000000 -120.097595 -0.005692 
21200.000000 -119.497589 -0.005637 
21300.000000 -117.997581 -0.005540 
21400.000000 -117.897568 -0.005509 
21500.000000 -117.997551 -0.005488 
21600.000000 -118.397530 -0.005481 
21700.000000 -118.497528 -0.005461 
21800.000000 -117.897522 -0.005408 
21900.000000 -118.297501 -0.005402 
22000.000000 -118.897491 -0.005404 
22100.000000 -117.597481 -0.005321 
22200.000000 -117.697479 -0.005302 
22300.000000 -118.097473 -0.005296 
22400.000000 -117.297470 -0.005236 
22500.000000 -117.397453 -0.005218 
22600.000000 -117.897446 -0.005217 
22700.000000 -116.097443 -0.005114 
22800.000000 -115.497437 -0.005066 
22900.000000 -115.097427 -0.005026 
23000.000000 -114.897415 -0.004996 
23100.000000 -113.097412 -0.004896 
23200.000000 -112.897400 -0.004866 
23300.000000 -113.297379 -0.004863 
23400.000000 -114.397346 -0.004889 
23500.000000 -114.497345 -0.004872 
23600.000000 -114.297333 -0.004843 
23700.000000 -114.897324 -0.004848 
23800.000000 -115.797310 -0.004865 
23900.000000 -115.597298 -0.004837 
24000.000000 -114.797295 -0.004783 
24100.000000 -114.297287 -0.004743 
24200.000000 -114.297287 -0.004723 
24300.000000 -114.597282 -0.004716 
24400.000000 -115.097275 -0.004717 
24500.000000 -115.697266 -0.004722 
24600.000000 -116.497253 -0.004736 
24700.000000 -116.297241 -0.004708 
24800.000000 -116.197227 -0.004685 
24900.000000 -115.797218 -0.004650 
25000.000000 -116.397209 -0.004656 
25100.000000 -116.197197 -0.004629 
25200.000000 -116.797188 -0.004635 
25300.000000 -116.897186 -0.004620 
25400.000000 -117.097183 -0.004610 
25500.000000 -116.797173 -0.004580 
25600.000000 -116.097168 -0.004535 
25700.000000 -115.097168 -0.004478 
25800.000000 -115.797157 -0.004488 
25900.000000 -114.897156 -0.004436 
26000.000000 -115.297150 -0.004435 
26100.000000 -114.797142 -0.004398 
26200.000000 -115.097137 -0.004393 
26300.000000 -115.297119 -0.004384 
26400.000000 -114.497116 -0.004337 
26500.000000 -114.797112 -0.004332 
26600.000000 -113.497101 -0.004267 
26700.000000 -113.597099 -0.004255 
26800.000000 -114.497086 -0.004272 
26900.000000 -115.097076 -0.004279 
27000.000000 -115.697067 -0.004285 
27100.000000 -115.297058 -0.004255 
27200.000000 -114.397041 -0.004206 
27300.000000 -114.797035 -0.004205 
27400.000000 -113.897034 -0.004157 
27500.000000 -113.497025 -0.004127 
27600.000000 -112.897018 -0.004090 
27700.000000 -113.797005 -0.004108 
27800.000000 -113.196999 -0.004072 
27900.000000 -112.996986 -0.004050 
28000.000000 -113.796974 -0.004064 
28100.000000 -113.096970 -0.004025 
28200.000000 -112.596962 -0.003993 
28300.000000 -111.196953 -0.003929 
28400.000000 -111.896942 -0.003940 
28500.000000 -114.196907 -0.004007 
28600.000000 -113.596901 -0.003972 
28700.000000 -113.396889 -0.003951 
28800.000000 -112.796883 -0.003917 
28900.000000 -112.396873 -0.003889 
29000.000000 -111.496872 -0.003845 
29100.000000 -110.896866 -0.003811 
29200.000000 -111.196861 -0.003808 
29300.000000 -109.596855 -0.003741 
29400.000000 -108.896851 -0.003704 
29500.000000 -110.696823 -0.003752 
29600.000000 -111.396797 -0.003763 
29700.000000 -112.796776 -0.003798 
29800.000000 -112.596764 -0.003778 
29900.000000 -112.696747 -0.003769 
30000.000000 -113.096741 -0.003770 
30100.000000 -111.696732 -0.003711 
30200.000000 -110.796730 -0.003669 
30300.000000 -110.596718 -0.003650 
30400.000000 -110.096710 -0.003622 
30500.000000 -110.396706 -0.003620 
30600.000000 -111.196693 -0.003634 
30700.000000 -109.996681 -0.003583 
30800.000000 -109.496674 -0.003555 
30900.000000 -108.596672 -0.003514 
31000.000000 -107.596672 -0.003471 
31100.000000 -105.896667 -0.003405 
31200.000000 -104.496658 -0.003349 
31300.000000 -103.796654 -0.003316 
31400.000000 -104.196648 -0.003318 
31500.000000 -103.396645 -0.003282 
31600.000000 -102.696640 -0.003250 
31700.000000 -102.196632 -0.003224 
31800.000000 -101.896622 -0.003204 
31900.000000 -103.196602 -0.003235 
32000.000000 -103.196587 -0.003225 
32100.000000 -102.596581 -0.003196 
32200.000000 -103.296570 -0.003208 
32300.000000 -103.896561 -0.003217 
32400.000000 -102.796547 -0.003173 
32500.000000 -101.196541 -0.003114 
32600.000000 -100.896515 -0.003095 
32700.000000 -100.996513 -0.003089 
32800.000000 -99.996513 -0.003049 
32900.000000 -99.696503 -0.003030 
33000.000000 -100.096497 -0.003033 
33100.000000 -98.296494 -0.002970 
33200.000000 -98.396492 -0.002964 
33300.000000 -97.596489 -0.002931 
33400.000000 -95.896484 -0.002871 
33500.000000 -95.096481 -0.002839 
33600.000000 -93.996468 -0.002798 
33700.000000 -93.696457 -0.002780 
33800.000000 -92.096451 -0.002725 
33900.000000 -90.296448 -0.002664 
34000.000000 -89.996437 -0.002647 
34100.000000 -88.296432 -0.002589 
34200.000000 -86.896408 -0.002541 
34300.000000 -86.396400 -0.002519 
34400.000000 -84.796394 -0.002465 
34500.000000 -84.096390 -0.002438 
34600.000000 -82.996376 -0.002399 
34700.000000 -82.196373 -0.002369 
34800.000000 -83.096344 -0.002388 
34900.000000 -81.496338 -0.002335 
35000.000000 -79.796333 -0.002280 
35100.000000 -78.496323 -0.002236 
35200.000000 -77.096313 -0.002190 
35300.000000 -77.896301 -0.002207 
35400.000000 -78.796272 -0.002226 
35500.000000 -77.296265 -0.002177 
35600.000000 -76.996254 -0.002163 
35700.000000 -75.696243 -0.002120 
35800.000000 -75.596230 -0.002112 
35900.000000 -75.496216 -0.002103 
36000.000000 -73.896210 -0.002053 
36100.000000 -73.096207 -0.002025 
36200.000000 -72.296188 -0.001997 
36300.000000 -71.496185 -0.001970 
36400.000000 -71.396172 -0.001961 
36500.000000 -69.696167 -0.001909 
36600.000000 -70.696152 -0.001932 
36700.000000 -70.096146 -0.001910 
36800.000000 -68.696136 -0.001867 
36900.000000 -68.496124 -0.001856 
37000.000000 -67.696121 -0.001830 
37100.000000 -67.096115 -0.001809 
37200.000000 -66.096100 -0.001777 
37300.000000 -66.196083 -0.001775 
37400.000000 -66.196083 -0.001770 
37500.000000 -65.496078 -0.001747 
37600.000000 -63.696075 -0.001694 
37700.000000 -63.096069 -0.001674 
37800.000000 -62.696060 -0.001659 
37900.000000 -63.296036 -0.001670 
38000.000000 -64.396019 -0.001695 
38100.000000 -63.996010 -0.001680 
38200.000000 -63.096008 -0.001652 
38300.000000 -62.995995 -0.001645 
38400.000000 -63.095978 -0.001643 
38500.000000 -62.795967 -0.001631 
38600.000000 -62.695953 -0.001624 
38700.000000 -64.095932 -0.001656 
38800.000000 -62.295914 -0.001606 
38900.000000 -62.895905 -0.001617 
39000.000000 -62.695892 -0.001608 
39100.000000 -59.795891 -0.001529 
39200.000000 -60.195869 -0.001536 
39300.000000 -58.395866 -0.001486 
39400.000000 -57.195854 -0.001452 
39500.000000 -55.195839 -0.001397 
39600.000000 -54.695831 -0.001381 
39700.000000 -53.995827 -0.001360 
39800.000000 -53.995811 -0.001357 
39900.000000 -54.395805 -0.001363 
40000.000000 -53.695801 -0.001342 
40100.000000 -52.195793 -0.001302 
40200.000000 -52.895782 -0.001316 
40300.000000 -53.995766 -0.001340 
40400.000000 -52.895752 -0.001309 
40500.000000 -52.295746 -0.001291 
40600.000000 -52.195732 -0.001286 
40700.000000 -50.395729 -0.001238 
40800.000000 -49.295715 -0.001208 
40900.000000 -48.495712 -0.001186 
41000.000000 -47.895706 -0.001168 
41100.000000 -46.595695 -0.001134 
41200.000000 -44.695694 -0.001085 
41300.000000 -43.895691 -0.001063 
41400.000000 -42.395683 -0.001024 
41500.000000 -41.395683 -0.000997 
41600.000000 -39.995674 -0.000961 
41700.000000 -39.295670 -0.000942 
41800.000000 -38.895660 -0.000931 
41900.000000 -38.095657 -0.000909 
42000.000000 -36.495651 -0.000869 
42100.000000 -36.695633 -0.000872 
42200.000000 -34.195625 -0.000810 
42300.000000 -34.295624 -0.000811 
42400.000000 -33.695618 -0.000795 
42500.000000 -33.395607 -0.000786 
42600.000000 -31.795601 -0.000746 
42700.000000 -31.795601 -0.000745 
42800.000000 -32.595592 -0.000762 
42900.000000 -31.095592 -0.000725 
43000.000000 -30.395594 -0.000707 
43100.000000 -28.895596 -0.000670 
43200.000000 -28.195597 -0.000653 
43300.000000 -28.895599 -0.000667 
43400.000000 -27.695602 -0.000638 
43500.000000 -27.495605 -0.000632 
43600.000000 -25.695606 -0.000589 
43700.000000 -25.295609 -0.000579 
43800.000000 -23.695610 -0.000541 
43900.000000 -22.295612 -0.000508 
44000.000000 -22.495617 -0.000511 
44100.000000 -21.795618 -0.000494 
44200.000000 -20.795622 -0.000470 
44300.000000 -20.995626 -0.000474 
44400.000000 -20.595633 -0.000464 
44500.000000 -18.995634 -0.000427 
44600.000000 -17.295635 -0.000388 
44700.000000 -16.795637 -0.000376 
44800.000000 -16.995642 -0.000379 
44900.000000 -15.395643 -0.000343 
45000.000000 -14.895645 -0.000331 
45100.000000 -13.495647 -0.000299 
45200.000000 -13.095650 -0.000290 
45300.000000 -10.395651 -0.000229 
45400.000000 -8.795652 -0.000194 
45500.000000 -8.495655 -0.000187 
45600.000000 -9.895660 -0.000217 
45700.000000 -10.495667 -0.000230 
45800.000000 -11.295670 -0.000247 
45900.000000 -10.695671 -0.000233 
46000.000000 -10.495674 -0.000228 
46100.000000 -10.395678 -0.000226 
46200.000000 -9.995680 -0.000216 
46300.000000 -9.995680 -0.000216 
46400.000000 -9.795683 -0.000211 
46500.000000 -9.395685 -0.000202 
46600.000000 -8.495686 -0.000182 
46700.000000 -8.095688 -0.000173 
46800.000000 -7.095688 -0.000152 
46900.000000 -5.695687 -0.000121 
47000.000000 -4.995687 -0.000106 
47100.000000 -4.895686 -0.000104 
47200.000000 -4.595685 -0.000097 
47300.000000 -2.895684 -0.000061 
47400.000000 -2.095684 -0.000044 
47500.000000 -1.895684 -0.000040 
47600.000000 -1.795683 -0.000038 
47700.000000 -0.195683 -0.000004 
47800.000000 0.304317 0.000006 
47900.000000 0.704316 0.000015 
48000.000000 2.304316 0.000048 
48100.000000 3.304317 0.000069 
48200.000000 4.704318 0.000098 
48300.000000 5.104319 0.000106 
48400.000000 7.904318 0.000163 
48500.000000 9.504318 0.000196 
48600.000000 11.104317 0.000228 
48700.000000 12.704315 0.000261 
48800.000000 14.204313 0.000291 
48900.000000 14.904312 0.000305 
49000.000000 16.604311 0.000339 
49100.000000 17.004309 0.000346 
49200.000000 18.704308 0.000380 
49300.000000 19.504307 0.000396 
49400.000000 20.304306 0.000411 
49500.000000 21.604303 0.000436 
49600.000000 22.604303 0.000456 
49700.000000 24.104301 0.000485 
49800.000000 25.504299 0.000512 
49900.000000 24.804296 0.000497 
50000.000000 25.604292 0.000512 
50100.000000 26.004290 0.000519 
50200.000000 28.504288 0.000568 
50300.000000 28.504284 0.000567 
50400.000000 29.304283 0.000581 
50500.000000 30.904282 0.000612 
50600.000000 33.504288 0.000662 
50700.000000 34.504303 0.000681 
50800.000000 36.104309 0.000711 
50900.000000 37.704315 0.000741 
51000.000000 39.404320 0.000773 
51100.000000 41.104324 0.000804 
51200.000000 41.204353 0.000805 
51300.000000 44.004356 0.000858 
51400.000000 45.404366 0.000883 
51500.000000 47.804375 0.000928 
51600.000000 48.604378 0.000942 
51700.000000 48.004387 0.000929 
51800.000000 47.404411 0.000915 
51900.000000 48.804420 0.000940 
52000.000000 49.604424 0.000954 
52100.000000 51.004433 0.000979 
52200.000000 52.004433 0.000996 
52300.000000 52.904449 0.001012 
52400.000000 54.204460 0.001034 
52500.000000 55.904465 0.001065 
52600.000000 57.504471 0.001093 
52700.000000 57.804482 0.001097 
52800.000000 58.204491 0.001102 
52900.000000 59.504501 0.001125 
53000.000000 60.304520 0.001138 
53100.000000 61.504532 0.001158 
53200.000000 62.304550 0.001171 
53300.000000 63.904556 0.001199 
53400.000000 65.404564 0.001225 
53500.000000 67.904572 0.001269 
53600.000000 68.804588 0.001284 
53700.000000 69.004601 0.001285 
53800.000000 70.504608 0.001310 
53900.000000 71.804619 0.001332 
54000.000000 72.604622 0.001345 
54100.000000 72.904633 0.001348 
54200.000000 73.604637 0.001358 
54300.000000 74.304642 0.001368 
54400.000000 76.104645 0.001399 
54500.000000 76.804649 0.001409 
54600.000000 78.604652 0.001440 
54700.000000 79.004662 0.001444 
54800.000000 81.704666 0.001491 
54900.000000 82.504684 0.001503 
55000.000000 84.404686 0.001535 
55100.000000 86.104706 0.001563 
55200.000000 87.704712 0.001589 
55300.000000 89.404716 0.001617 
55400.000000 89.904724 0.001623 
55500.000000 90.604744 0.001633 
55600.000000 91.504745 0.001646 
55700.000000 92.104752 0.001654 
55800.000000 93.704758 0.001679 
55900.000000 94.204765 0.001685 
56000.000000 95.204781 0.001700 
56100.000000 95.804787 0.001708 
56200.000000 97.804787 0.001740 
56300.000000 98.704788 0.001753 
56400.000000 99.504807 0.001764 
56500.000000 99.504822 0.001761 
56600.000000 100.804832 0.001781 
56700.000000 103.504837 0.001825 
56800.000000 103.804848 0.001828 
56900.000000 104.304855 0.001833 
57000.000000 105.704865 0.001854 
57100.000000 107.204872 0.001877 
57200.000000 108.804878 0.001902 
57300.000000 109.404884 0.001909 
57400.000000 110.904892 0.001932 
57500.000000 112.704895 0.001960 
57600.000000 113.104904 0.001964 
57700.000000 113.004921 0.001958 
57800.000000 115.404930 0.001997 
57900.000000 116.504944 0.002012 
58000.000000 118.904953 0.002050 
58100.000000 119.704956 0.002060 
58200.000000 121.504959 0.002088 
58300.000000 124.104965 0.002129 
58400.000000 126.404976 0.002164 
58500.000000 127.904976 0.002186 
58600.000000 130.404938 0.002225 
58700.000000 132.104919 0.002251 
58800.000000 133.404877 0.002269 
58900.000000 134.004852 0.002275 
59000.000000 135.604828 0.002298 
59100.000000 136.204803 0.002305 
59200.000000 137.704773 0.002326 
59300.000000 139.304749 0.002349 
59400.000000 141.204742 0.002377 
59500.000000 141.904724 0.002385 
59600.000000 143.404694 0.002406 
59700.000000 145.304626 0.002434 
59800.000000 147.904602 0.002473 
59900.000000 149.404510 0.002494 
60000.000000 150.904480 0.002515 
60100.000000 153.104431 0.002547 
60200.000000 153.104431 0.002543 
60300.000000 154.204376 0.002557 
60400.000000 155.504333 0.002575 
60500.000000 156.004303 0.002579 
60600.000000 158.704285 0.002619 
60700.000000 160.104248 0.002638 
60800.000000 161.104248 0.002650 
60900.000000 163.804230 0.002690 
61000.000000 165.304199 0.002710 
61100.000000 166.804169 0.002730 
61200.000000 168.404144 0.002752 
61300.000000 169.604095 0.002767 
61400.000000 169.504028 0.002761 
61500.000000 171.504028 0.002789 
61600.000000 174.104004 0.002826 
61700.000000 175.703979 0.002848 
61800.000000 175.703918 0.002843 
61900.000000 177.003876 0.002860 
62000.000000 178.503845 0.002879 
62100.000000 179.503845 0.002891 
62200.000000 182.103821 0.002928 
62300.000000 184.703796 0.002965 
62400.000000 186.003754 0.002981 
62500.000000 187.003693 0.002992 
62600.000000 187.503662 0.002995 
62700.000000 190.203644 0.003034 
62800.000000 191.803619 0.003054 
62900.000000 191.403595 0.003043 
63000.000000 192.903564 0.003062 
63100.000000 194.403534 0.003081 
63200.000000 195.103516 0.003087 
63300.000000 197.003510 0.003112 
63400.000000 197.503479 0.003115 
63500.000000 197.303406 0.003107 
63600.000000 198.903381 0.003127 
63700.000000 200.303345 0.003144 
63800.000000 200.503296 0.003143 
63900.000000 201.903259 0.003160 
64000.000000 203.003204 0.003172 
64100.000000 204.003143 0.003183 
64200.000000 204.903076 0.003192 
64300.000000 206.303040 0.003208 
64400.000000 206.703003 0.003210 
64500.000000 207.702942 0.003220 
64600.000000 206.302795 0.003194 
64700.000000 207.102722 0.003201 
64800.000000 208.902710 0.003224 
64900.000000 210.002655 0.003236 
65000.000000 211.402618 0.003252 
65100.000000 214.102600 0.003289 
65200.000000 217.002594 0.003328 
65300.000000 219.702576 0.003365 
65400.000000 223.102539 0.003411 
65500.000000 225.702515 0.003446 
65600.000000 226.002472 0.003445 
65700.000000 226.102417 0.003441 
65800.000000 228.802399 0.003477 
65900.000000 230.402374 0.003496 
66000.000000 232.002350 0.003515 
66100.000000 232.602325 0.003519 
66200.000000 234.202301 0.003538 
66300.000000 235.402252 0.003551 
66400.000000 236.802216 0.003566 
66500.000000 238.202179 0.003582 
66600.000000 239.502136 0.003596 
66700.000000 240.402130 0.003604 
66800.000000 240.302063 0.003597 
66900.000000 242.002045 0.003617 
67000.000000 244.702026 0.003652 
67100.000000 245.502014 0.003659 
67200.000000 248.201996 0.003693 
67300.000000 248.501953 0.003692 
67400.000000 249.801910 0.003706 
67500.000000 249.701904 0.003699 
67600.000000 252.001862 0.003728 
67700.000000 253.701843 0.003747 
67800.000000 255.501831 0.003768 
67900.000000 255.501770 0.003763 
68000.000000 256.701721 0.003775 
68100.000000 258.901672 0.003802 
68200.000000 258.701660 0.003793 
68300.000000 261.301636 0.003826 
68400.000000 262.101624 0.003832 
68500.000000 263.101624 0.003841 
68600.000000 264.601593 0.003857 
68700.000000 266.001556 0.003872 
68800.000000 267.301514 0.003885 
68900.000000 268.601471 0.003898 
69000.000000 271.101440 0.003929 
69100.000000 272.201385 0.003939 
69200.000000 273.601349 0.003954 
69300.000000 274.701294 0.003964 
69400.000000 275.401215 0.003968 
69500.000000 275.701172 0.003967 
69600.000000 276.001129 0.003966 
69700.000000 277.501099 0.003981 
69800.000000 279.101074 0.003999 
69900.000000 279.901062 0.004004 
70000.000000 281.001007 0.004014 
70100.000000 282.400970 0.004029 
70200.000000 283.600922 0.004040 
70300.000000 285.000885 0.004054 
70400.000000 284.600861 0.004043 
70500.000000 286.200836 0.004060 
70600.000000 287.400787 0.004071 
70700.000000 288.100769 0.004075 
70800.000000 289.400726 0.004088 
70900.000000 292.100708 0.004120 
71000.000000 293.600677 0.004135 
71100.000000 295.100647 0.004151 
71200.000000 297.100647 0.004173 
71300.000000 297.100586 0.004167 
71400.000000 299.700562 0.004197 
71500.000000 301.000519 0.004210 
71600.000000 301.500488 0.004211 
71700.000000 303.300476 0.004230 
71800.000000 303.800446 0.004231 
71900.000000 304.200409 0.004231 
72000.000000 305.800385 0.004247 
72100.000000 307.800385 0.004269 
72200.000000 309.800385 0.004291 
72300.000000 310.400360 0.004293 
72400.000000 311.200348 0.004298 
72500.000000 312.800323 0.004314 
72600.000000 315.000275 0.004339 
72700.000000 316.500244 0.004354 
72800.000000 317.800201 0.004365 
72900.000000 320.200165 0.004392 
73000.000000 321.000153 0.004397 
73100.000000 323.600128 0.004427 
73200.000000 325.800079 0.004451 
73300.000000 328.300049 0.004479 
73400.000000 329.600006 0.004490 
73500.000000 332.600006 0.004525 
73600.000000 334.500000 0.004545 
73700.000000 335.999969 0.004559 
73800.000000 337.699951 0.004576 
73900.000000 339.199921 0.004590 
74000.000000 339.199860 0.004584 
74100.000000 339.399811 0.004580 
74200.000000 341.299805 0.004600 
74300.000000 342.999786 0.004616 
74400.000000 342.999725 0.004610 
74500.000000 344.199677 0.004620 
74600.000000 346.799652 0.004649 
74700.000000 349.099609 0.004673 
74800.000000 351.699585 0.004702 
74900.000000 352.299561 0.004704 
75000.000000 355.099548 0.004735 
75100.000000 357.699524 0.004763 
75200.000000 358.599518 0.004769 
75300.000000 360.199493 0.004784 
75400.000000 362.799469 0.004812 
75500.000000 363.299438 0.004812 
75600.000000 365.899414 0.004840 
75700.000000 368.799408 0.004872 
75800.000000 370.299377 0.004885 
75900.000000 371.999298 0.004901 
76000.000000 373.199249 0.004911 
76100.000000 375.099243 0.004929 
76200.000000 376.699219 0.004944 
76300.000000 378.199188 0.004957 
76400.000000 379.199127 0.004963 
76500.000000 381.799103 0.004991 
76600.000000 382.899048 0.004999 
76700.000000 383.599030 0.005001 
76800.000000 385.898987 0.005025 
76900.000000 386.898926 0.005031 
77000.000000 389.298889 0.005056 
77100.000000 390.198822 0.005061 
77200.000000 391.098755 0.005066 
77300.000000 393.098755 0.005085 
77400.000000 394.398651 0.005096 
77500.000000 397.098633 0.005124 
77600.000000 397.898560 0.005128 
77700.000000 399.398529 0.005140 
77800.000000 399.698486 0.005138 
77900.000000 400.598480 0.005142 
78000.000000 402.298462 0.005158 
78100.000000 402.698425 0.005156 
78200.000000 404.598419 0.005174 
78300.000000 406.298401 0.005189 
78400.000000 407.798370 0.005202 
78500.000000 409.298340 0.005214 
78600.000000 410.898315 0.005228 
78700.000000 412.498291 0.005241 
78800.000000 414.398285 0.005259 
78900.000000 415.998260 0.005272 
79000.000000 418.598236 0.005299 
79100.000000 420.498230 0.005316 
79200.000000 422.998199 0.005341 
79300.000000 423.598175 0.005342 
79400.000000 425.398163 0.005358 
79500.000000 426.098145 0.005360 
79600.000000 426.798065 0.005362 
79700.000000 429.598053 0.005390 
79800.000000 430.898010 0.005400 
79900.000000 433.798004 0.005429 
80000.000000 434.297913 0.005429 
80100.000000 436.997894 0.005456 
80200.000000 438.897888 0.005473 
80300.000000 440.797882 0.005489 
80400.000000 441.697815 0.005494 
80500.000000 442.997772 0.005503 
80600.000000 445.597748 0.005529 
80700.000000 449.597748 0.005571 
80800.000000 451.297729 0.005585 
80900.000000 453.097717 0.005601 
81000.000000 455.997711 0.005630 
81100.000000 456.897705 0.005634 
81200.000000 457.997650 0.005640 
81300.000000 459.797638 0.005656 
81400.000000 460.697571 0.005660 
81500.000000 461.897522 0.005667 
81600.000000 463.597504 0.005681 
81700.000000 465.997467 0.005704 
81800.000000 467.997406 0.005721 
81900.000000 469.597382 0.005734 
82000.000000 472.397369 0.005761 
82100.000000 472.797333 0.005759 
82200.000000 476.397308 0.005796 
82300.000000 478.597260 0.005815 
82400.000000 479.397247 0.005818 
82500.000000 480.497192 0.005824 
82600.000000 481.997162 0.005835 
82700.000000 483.497131 0.005846 
82800.000000 485.797089 0.005867 
82900.000000 485.497009 0.005856 
83000.000000 487.096985 0.005869 
83100.000000 489.196930 0.005887 
83200.000000 490.796906 0.005899 
83300.000000 490.996857 0.005894 
83400.000000 493.296814 0.005915 
83500.000000 493.696777 0.005913 
83600.000000 495.596771 0.005928 
83700.000000 497.296753 0.005941 
83800.000000 497.996735 0.005943 
83900.000000 499.696716 0.005956 
84000.000000 500.296692 0.005956 
84100.000000 501.996674 0.005969 
84200.000000 504.396637 0.005990 
84300.000000 506.296631 0.006006 
84400.000000 508.596588 0.006026 
84500.000000 511.296570 0.006051 
84600.000000 513.096558 0.006065 
84700.000000 516.396729 0.006097 
84800.000000 517.996826 0.006108 
84900.000000 520.197021 0.006127 
85000.000000 521.997070 0.006141 
85100.000000 523.997070 0.006157 
85200.000000 524.697144 0.006158 
85300.000000 527.297241 0.006182 
85400.000000 529.697388 0.006203 
85500.000000 531.297485 0.006214 
85600.000000 534.797607 0.006248 
85700.000000 537.397705 0.006271 
85800.000000 538.097778 0.006272 
85900.000000 539.897827 0.006285 
86000.000000 541.397949 0.006295 
86100.000000 541.198242 0.006286 
86200.000000 542.398438 0.006292 
86300.000000 541.198730 0.006271 
86400.000000 544.298950 0.006300 
86500.000000 544.899048 0.006299 
86600.000000 546.799072 0.006314 
86700.000000 548.499146 0.006326 
86800.000000 549.199219 0.006327 
86900.000000 549.699341 0.006326 
87000.000000 551.599365 0.006340 
87100.000000 555.199463 0.006374 
87200.000000 556.499634 0.006382 
87300.000000 557.599854 0.006387 
87400.000000 558.600098 0.006391 
87500.000000 560.200195 0.006402 
87600.000000 562.100220 0.006417 
87700.000000 563.700317 0.006428 
87800.000000 564.500366 0.006429 
87900.000000 566.200439 0.006441 
88000.000000 566.500610 0.006438 
88100.000000 569.300659 0.006462 
88200.000000 569.200684 0.006454 
88300.000000 568.700806 0.006441 
88400.000000 569.300903 0.006440 
88500.000000 570.300903 0.006444 
88600.000000 570.701050 0.006441 
88700.000000 570.901245 0.006436 
88800.000000 573.101440 0.006454 
88900.000000 574.301636 0.006460 
89000.000000 575.501831 0.006466 
89100.000000 577.901978 0.006486 
89200.000000 579.102173 0.006492 
89300.000000 580.802246 0.006504 
89400.000000 582.502319 0.006516 
89500.000000 584.402344 0.006530 
89600.000000 586.902466 0.006550 
89700.000000 588.902466 0.006565 
89800.000000 591.502563 0.006587 
89900.000000 592.802734 0.006594 
90000.000000 595.602783 0.006618 
90100.000000 599.002930 0.006648 
90200.000000 599.802979 0.006650 
90300.000000 602.503052 0.006672 
90400.000000 605.003174 0.006693 
90500.000000 608.203369 0.006720 
90600.000000 610.803467 0.006742 
90700.000000 613.303589 0.006762 
90800.000000 615.403809 0.006778 
90900.000000 618.003906 0.006799 
91000.000000 617.604004 0.006787 
91100.000000 618.204102 0.006786 
91200.000000 619.704224 0.006795 
91300.000000 619.904419 0.006790 
91400.000000 622.504517 0.006811 
91500.000000 625.204590 0.006833 
91600.000000 626.204834 0.006836 
91700.000000 629.305054 0.006863 
91800.000000 632.905151 0.006894 
91900.000000 634.605225 0.006905 
92000.000000 635.505249 0.006908 
92100.000000 637.205322 0.006919 
92200.000000 639.805420 0.006939 
92300.000000 643.405518 0.006971 
92400.000000 645.305542 0.006984 
92500.000000 647.905640 0.007004 
92600.000000 648.705688 0.007005 
92700.000000 650.105835 0.007013 
92800.000000 650.805908 0.007013 
92900.000000 653.206055 0.007031 
93000.000000 653.406250 0.007026 
93100.000000 654.106323 0.007026 
93200.000000 656.006348 0.007039 
93300.000000 658.006348 0.007053 
93400.000000 658.806396 0.007054 
93500.000000 661.406494 0.007074 
93600.000000 663.306763 0.007087 
93700.000000 664.806885 0.007095 
93800.000000 666.307007 0.007103 
93900.000000 667.607178 0.007110 
94000.000000 670.507202 0.007133 
94100.000000 673.107300 0.007153 
94200.000000 674.407471 0.007159 
94300.000000 675.207764 0.007160 
94400.000000 676.208008 0.007163 
94500.000000 676.908081 0.007163 
94600.000000 677.808105 0.007165 
94700.000000 680.408203 0.007185 
94800.000000 683.408203 0.007209 
94900.000000 686.208252 0.007231 
95000.000000 687.908569 0.007241 
95100.000000 690.608643 0.007262 
95200.000000 692.608887 0.007275 
95300.000000 694.208984 0.007284 
95400.000000 696.809082 0.007304 
95500.000000 697.609131 0.007305 
95600.000000 700.509155 0.007328 
95700.000000 702.009277 0.007336 
95800.000000 704.509399 0.007354 
95900.000000 707.309448 0.007375 
96000.000000 709.809570 0.007394 
96100.000000 710.209717 0.007390 
96200.000000 711.509888 0.007396 
96300.000000 713.209961 0.007406 
96400.000000 714.710083 0.007414 
96500.000000 716.110229 0.007421 
96600.000000 716.110474 0.007413 
96700.000000 718.110474 0.007426 
96800.000000 719.110474 0.007429 
96900.000000 719.610596 0.007426 
97000.000000 720.210693 0.007425 
97100.000000 723.210693 0.007448 
97200.000000 723.510864 0.007444 
97300.000000 725.510864 0.007456 
97400.000000 726.110962 0.007455 
97500.000000 727.811035 0.007465 
97600.000000 729.511108 0.007474 
97700.000000 730.011230 0.007472 
97800.000000 732.611328 0.007491 
97900.000000 736.011475 0.007518 
98000.000000 737.611572 0.007527 
98100.000000 737.911743 0.007522 
98200.000000 740.511841 0.007541 
98300.000000 740.512085 0.007533 
98400.000000 743.312134 0.007554 
98500.000000 745.312134 0.007567 
98600.000000 747.912231 0.007585 
98700.000000 749.512329 0.007594 
98800.000000 751.912476 0.007610 
98900.000000 755.212646 0.007636 
99000.000000 755.512817 0.007631 
99100.000000 757.512817 0.007644 
99200.000000 758.212891 0.007643 
99300.000000 760.812988 0.007662 
99400.000000 763.713013 0.007683 
99500.000000 767.213135 0.007711 
99600.000000 768.913208 0.007720 
99700.000000 771.813232 0.007741 
99800.000000 773.613281 0.007752 
99900.000000 775.213379 0.007760 
100000.000000 778.913452 0.007789 
100100.000000 780.513550 0.007797 
100200.000000 780.913696 0.007794 
100300.000000 782.313843 0.007800 
100400.000000 784.514038 0.007814 
100500.000000 785.214111 0.007813 
100600.000000 785.814209 0.007811 
100700.000000 785.814209 0.007804 
100800.000000 785.614258 0.007794 
100900.000000 786.314331 0.007793 
101000.000000 787.014404 0.007792 
101100.000000 788.914429 0.007803 
101200.000000 789.814453 0.007804 
101300.000000 790.114624 0.007800 
101400.000000 791.214844 0.007803 
101500.000000 793.014893 0.007813 
101600.000000 795.714966 0.007832 
101700.000000 798.714966 0.007854 
101800.000000 800.015137 0.007859 
101900.000000 802.815186 0.007878 
102000.000000 804.215332 0.007884 
102100.000000 807.015381 0.007904 
102200.000000 809.815430 0.007924 
102300.000000 811.615479 0.007934 
102400.000000 814.315552 0.007952 
102500.000000 816.315552 0.007964 
102600.000000 817.015625 0.007963 
102700.000000 817.515747 0.007960 
102800.000000 819.015869 0.007967 
102900.000000 820.615967 0.007975 
103000.000000 820.416016 0.007965 
103100.000000 823.016113 0.007983 
103200.000000 824.116333 0.007986 
103300.000000 824.816406 0.007985 
103400.000000 827.216553 0.008000 
103500.000000 829.116577 0.008011 
103600.000000 831.316772 0.008024 
103700.000000 832.516968 0.008028 
103800.000000 834.117065 0.008036 
103900.000000 836.917114 0.008055 
104000.000000 837.517212 0.008053 
104100.000000 839.817383 0.008067 
104200.000000 840.517456 0.008066 
104300.000000 842.217529 0.008075 
104400.000000 845.917603 0.008103 
104500.000000 847.517700 0.008110 
104600.000000 848.817871 0.008115 
104700.000000 851.317993 0.008131 
104800.000000 852.018066 0.008130 
104900.000000 853.318237 0.008135 
105000.000000 856.118286 0.008154 
105100.000000 856.918335 0.008153 
105200.000000 858.618408 0.008162 
105300.000000 861.318481 0.008180 
105400.000000 863.918579 0.008197 
105500.000000 865.018799 0.008199 
105600.000000 865.718872 0.008198 
105700.000000 867.418945 0.008206 
105800.000000 868.619141 0.008210 
105900.000000 869.919312 0.008215 
106000.000000 872.419434 0.008230 
106100.000000 874.319458 0.008241 
106200.000000 875.619629 0.008245 
106300.000000 877.519653 0.008255 
106400.000000 880.219727 0.008273 
106500.000000 880.619873 0.008269 
106600.000000 883.419922 0.008287 
106700.000000 884.119995 0.008286 
106800.000000 886.920044 0.008304 
106900.000000 888.620117 0.008313 
107000.000000 890.820312 0.008325 
107100.000000 893.020508 0.008338 
107200.000000 893.320679 0.008333 
107300.000000 892.220947 0.008315 
107400.000000 892.120972 0.008307 
107500.000000 894.821045 0.008324 
107600.000000 895.021240 0.008318 
107700.000000 895.821289 0.008318 
107800.000000 898.821289 0.008338 
107900.000000 900.721313 0.008348 
108000.000000 902.121460 0.008353 
108100.000000 904.821533 0.008370 
108200.000000 907.621582 0.008388 
108300.000000 912.321655 0.008424 
108400.000000 915.221680 0.008443 
108500.000000 916.921753 0.008451 
108600.000000 917.821777 0.008451 
108700.000000 919.621826 0.008460 
108800.000000 919.722046 0.008453 
108900.000000 919.522095 0.008444 
109000.000000 920.422119 0.008444 
109100.000000 922.022217 0.008451 
109200.000000 923.322388 0.008455 
109300.000000 923.422607 0.008449 
109400.000000 924.222656 0.008448 
109500.000000 923.822998 0.008437 
109600.000000 924.323120 0.008434 
109700.000000 926.723267 0.008448 
109800.000000 927.023438 0.008443 
109900.000000 926.823486 0.008433 
110000.000000 926.923706 0.008427 
110100.000000 927.223877 0.008422 
110200.000000 927.923950 0.008420 
110300.000000 928.024170 0.008414 
110400.000000 930.024170 0.008424 
110500.000000 930.624268 0.008422 
110600.000000 932.324341 0.008430 
110700.000000 933.324341 0.008431 
110800.000000 935.124390 0.008440 
110900.000000 935.624512 0.008437 
111000.000000 936.424561 0.008436 
111100.000000 936.824707 0.008432 
111200.000000 938.324829 0.008438 
111300.000000 938.625000 0.008433 
111400.000000 939.225098 0.008431 
111500.000000 941.225098 0.008441 
111600.000000 941.425293 0.008436 
111700.000000 942.725464 0.008440 
111800.000000 944.425537 0.008447 
111900.000000 945.425781 0.008449 
112000.000000 945.325806 0.008440 
112100.000000 946.325806 0.008442 
112200.000000 947.426025 0.008444 
112300.000000 947.826172 0.008440 
112400.000000 950.526245 0.008457 
112500.000000 952.526245 0.008467 
112600.000000 955.226318 0.008483 
112700.000000 957.226318 0.008494 
112800.000000 959.026367 0.008502 
112900.000000 961.426514 0.008516 
113000.000000 962.326538 0.008516 
113100.000000 963.826660 0.008522 
113200.000000 965.326782 0.008528 
113300.000000 966.226807 0.008528 
113400.000000 967.526978 0.008532 
113500.000000 969.526978 0.008542 
113600.000000 969.827148 0.008537 
113700.000000 971.427246 0.008544 
113800.000000 974.227295 0.008561 
113900.000000 978.127319 0.008588 
114000.000000 979.927368 0.008596 
114100.000000 982.327515 0.008609 
114200.000000 983.127808 0.008609 
114300.000000 984.627930 0.008614 
114400.000000 985.928101 0.008618 
114500.000000 987.928101 0.008628 
114600.000000 988.728149 0.008628 
114700.000000 991.528198 0.008645 
114800.000000 992.528442 0.008646 
114900.000000 994.028564 0.008651 
115000.000000 997.928589 0.008678 
115100.000000 1000.828613 0.008695 
115200.000000 1002.328735 0.008701 
115300.000000 1004.928833 0.008716 
115400.000000 1005.428955 0.008713 
115500.000000 1007.129028 0.008720 
115600.000000 1009.729126 0.008735 
115700.000000 1010.329224 0.008732 
115800.000000 1010.929321 0.008730 
115900.000000 1011.129517 0.008724 
116000.000000 1012.129761 0.008725 
116100.000000 1011.629883 0.008713 
116200.000000 1014.030029 0.008727 
116300.000000 1017.730103 0.008751 
116400.000000 1018.730103 0.008752 
116500.000000 1019.730103 0.008753 
116600.000000 1022.530151 0.008770 
116700.000000 1025.130249 0.008784 
116800.000000 1027.630371 0.008798 
116900.000000 1029.530396 0.008807 
117000.000000 1030.330444 0.008806 
117100.000000 1032.230469 0.008815 
117200.000000 1032.130493 0.008807 
117300.000000 1033.430664 0.008810 
117400.000000 1035.630859 0.008821 
117500.000000 1036.831055 0.008824 
117600.000000 1038.731079 0.008833 
117700.000000 1041.731079 0.008851 
117800.000000 1044.731079 0.008869 
117900.000000 1046.131226 0.008873 
118000.000000 1049.031250 0.008890 
118100.000000 1050.431396 0.008894 
118200.000000 1051.831543 0.008899 
118300.000000 1052.531616 0.008897 
118400.000000 1053.331665 0.008896 
118500.000000 1052.331909 0.008880 
118600.000000 1053.031982 0.008879 
118700.000000 1053.532104 0.008876 
118800.000000 1056.132202 0.008890 
118900.000000 1058.932251 0.008906 
119000.000000 1059.832275 0.008906 
119100.000000 1061.632324 0.008914 
119200.000000 1064.232422 0.008928 
119300.000000 1063.732544 0.008916 
119400.000000 1065.532593 0.008924 
119500.000000 1066.932739 0.008928 
119600.000000 1068.632812 0.008935 
119700.000000 1071.432861 0.008951 
119800.000000 1071.932983 0.008948 
119900.000000 1073.733032 0.008955 
120000.000000 1075.433105 0.008962 
120100.000000 1077.033203 0.008968 
120200.000000 1078.033203 0.008969 
120300.000000 1080.533325 0.008982 
120400.000000 1081.033447 0.008979 
120500.000000 1082.733521 0.008985 
120600.000000 1083.633789 0.008985 
120700.000000 1085.734009 0.008995 
120800.000000 1088.534058 0.009011 
120900.000000 1091.334106 0.009027 
121000.000000 1093.834229 0.009040 
121100.000000 1096.834229 0.009057 
121200.000000 1098.534302 0.009064 
121300.000000 1100.134399 0.009070 
121400.000000 1101.134399 0.009070 
121500.000000 1102.634521 0.009075 
121600.000000 1103.334595 0.009073 
121700.000000 1105.134644 0.009081 
121800.000000 1107.034668 0.009089 
121900.000000 1109.934692 0.009105 
122000.000000 1112.934692 0.009122 
122100.000000 1114.834717 0.009131 
122200.000000 1116.834717 0.009139 
122300.000000 1117.234863 0.009135 
122400.000000 1119.134888 0.009143 
122500.000000 1120.834961 0.009150 
122600.000000 1122.335083 0.009154 
122700.000000 1124.935181 0.009168 
122800.000000 1125.835205 0.009168 
122900.000000 1127.935425 0.009178 
123000.000000 1129.635498 0.009184 
123100.000000 1130.435547 0.009183 
123200.000000 1134.335571 0.009207 
123300.000000 1136.635742 0.009218 
123400.000000 1140.135864 0.009239 
123500.000000 1141.735962 0.009245 
123600.000000 1144.436035 0.009259 
123700.000000 1145.236084 0.009258 
123800.000000 1147.036133 0.009265 
123900.000000 1147.936157 0.009265 
124000.000000 1149.836182 0.009273 
124100.000000 1152.536255 0.009287 
124200.000000 1153.436279 0.009287 
124300.000000 1154.136353 0.009285 
124400.000000 1155.736450 0.009290 
124500.000000 1156.336548 0.009288 
124600.000000 1157.436768 0.009289 
124700.000000 1158.936890 0.009294 
124800.000000 1160.836914 0.009302 
124900.000000 1162.736938 0.009309 
125000.000000 1163.736938 0.009310 
125100.000000 1165.736938 0.009318 
125200.000000 1167.636963 0.009326 
125300.000000 1169.437012 0.009333 
125400.000000 1172.337036 0.009349 
125500.000000 1174.137085 0.009356 
125600.000000 1176.137085 0.009364 
125700.000000 1178.837158 0.009378 
125800.000000 1180.837158 0.009387 
125900.000000 1183.837158 0.009403 
126000.000000 1186.937378 0.009420 
126100.000000 1189.437500 0.009432 
126200.000000 1193.237549 0.009455 
126300.000000 1195.137573 0.009463 
126400.000000 1195.137573 0.009455 
126500.000000 1197.137573 0.009464 
126600.000000 1197.537720 0.009459 
126700.000000 1199.937866 0.009471 
126800.000000 1201.837891 0.009478 
126900.000000 1202.637939 0.009477 
127000.000000 1205.637939 0.009493 
127100.000000 1208.238037 0.009506 
127200.000000 1210.938110 0.009520 
127300.000000 1211.838135 0.009520 
127400.000000 1213.838135 0.009528 
127500.000000 1215.838135 0.009536 
127600.000000 1217.838135 0.009544 
127700.000000 1220.738159 0.009559 
127800.000000 1222.738159 0.009568 
127900.000000 1222.638184 0.009559 
128000.000000 1224.538208 0.009567 
128100.000000 1226.438232 0.009574 
128200.000000 1226.638428 0.009568 
128300.000000 1227.138550 0.009565 
128400.000000 1229.138550 0.009573 
128500.000000 1230.138550 0.009573 
128600.000000 1230.938843 0.009572 
128700.000000 1231.438965 0.009568 
128800.000000 1232.839111 0.009572 
128900.000000 1233.839111 0.009572 
129000.000000 1234.739136 0.009572 
129100.000000 1234.439209 0.009562 
129200.000000 1234.439209 0.009554 
129300.000000 1235.039307 0.009552 
129400.000000 1236.739380 0.009557 
129500.000000 1237.139526 0.009553 
129600.000000 1236.939575 0.009544 
129700.000000 1237.839600 0.009544 
129800.000000 1239.739624 0.009551 
129900.000000 1239.739624 0.009544 
130000.000000 1240.739624 0.009544 
130100.000000 1241.639648 0.009544 
130200.000000 1243.439697 0.009550 
130300.000000 1244.839844 0.009554 
130400.000000 1244.339966 0.009542 
130500.000000 1244.339966 0.009535 
130600.000000 1245.239990 0.009535 
130700.000000 1246.340210 0.009536 
130800.000000 1247.340454 0.009536 
130900.000000 1245.740845 0.009517 
131000.000000 1247.740845 0.009525 
131100.000000 1248.240967 0.009521 
131200.000000 1250.741089 0.009533 
131300.000000 1252.241211 0.009537 
131400.000000 1253.841309 0.009542 
131500.000000 1257.341431 0.009562 
131600.000000 1259.041504 0.009567 
131700.000000 1260.041504 0.009568 
131800.000000 1263.941528 0.009590 
131900.000000 1266.641602 0.009603 
132000.000000 1268.141724 0.009607 
132100.000000 1271.041748 0.009622 
132200.000000 1273.741821 0.009635 
132300.000000 1275.141968 0.009638 
132400.000000 1275.742065 0.009636 
132500.000000 1277.742065 0.009643 
132600.000000 1280.542114 0.009657 
132700.000000 1283.342163 0.009671 
132800.000000 1286.042236 0.009684 
132900.000000 1288.942261 0.009699 
133000.000000 1290.542358 0.009703 
133100.000000 1291.442383 0.009703 
133200.000000 1291.942505 0.009699 
133300.000000 1293.742554 0.009705 
133400.000000 1295.242676 0.009709 
133500.000000 1296.042725 0.009708 
133600.000000 1296.242920 0.009702 
133700.000000 1298.242920 0.009710 
133800.000000 1301.142944 0.009725 
133900.000000 1301.942993 0.009723 
134000.000000 1303.843018 0.009730 
134100.000000 1304.743042 0.009730 
134200.000000 1306.543091 0.009736 
134300.000000 1307.343140 0.009734 
134400.000000 1308.243164 0.009734 
134500.000000 1307.743286 0.009723 
134600.000000 1308.143433 0.009719 
134700.000000 1310.743530 0.009731 
134800.000000 1311.743530 0.009731 
134900.000000 1312.543579 0.009730 
135000.000000 1314.843750 0.009740 
135100.000000 1316.143921 0.009742 
135200.000000 1317.143921 0.009742 
135300.000000 1318.744019 0.009747 
135400.000000 1320.144165 0.009750 
135500.000000 1322.744263 0.009762 
135600.000000 1324.344360 0.009767 
135700.000000 1327.044434 0.009779 
135800.000000 1328.644531 0.009784 
135900.000000 1329.244629 0.009781 
136000.000000 1330.144653 0.009780 
136100.000000 1329.544800 0.009769 
136200.000000 1329.444824 0.009761 
136300.000000 1329.244873 0.009752 
136400.000000 1331.044922 0.009758 
136500.000000 1333.044922 0.009766 
136600.000000 1333.844971 0.009765 
136700.000000 1334.645020 0.009763 
136800.000000 1334.945190 0.009758 
136900.000000 1339.545288 0.009785 
137000.000000 1342.545288 0.009800 
137100.000000 1345.045410 0.009811 
137200.000000 1345.545532 0.009807 
137300.000000 1345.445557 0.009799 
137400.000000 1347.145630 0.009805 
137500.000000 1347.845703 0.009803 
137600.000000 1348.545776 0.009800 
137700.000000 1350.345825 0.009806 
137800.000000 1351.945923 0.009811 
137900.000000 1353.546021 0.009815 
138000.000000 1355.946167 0.009826 
138100.000000 1357.746216 0.009832 
138200.000000 1362.746216 0.009861 
138300.000000 1364.446289 0.009866 
138400.000000 1366.246338 0.009872 
138500.000000 1370.246338 0.009893 
138600.000000 1371.746460 0.009897 
138700.000000 1374.746460 0.009912 
138800.000000 1374.346558 0.009902 
138900.000000 1377.146606 0.009915 
139000.000000 1379.046631 0.009921 
139100.000000 1379.146851 0.009915 
139200.000000 1381.046875 0.009921 
139300.000000 1382.746948 0.009926 
139400.000000 1383.647217 0.009926 
139500.000000 1385.447266 0.009932 
139600.000000 1386.447266 0.009932 
139700.000000 1388.047363 0.009936 
139800.000000 1388.947388 0.009935 
139900.000000 1390.747437 0.009941 
140000.000000 1392.747437 0.009948 
140100.000000 1393.647461 0.009948 
140200.000000 1396.947632 0.009964 
140300.000000 1397.747681 0.009963 
140400.000000 1400.647705 0.009976 
140500.000000 1402.247803 0.009980 
140600.000000 1403.947876 0.009985 
140700.000000 1406.447998 0.009996 
140800.000000 1407.848145 0.009999 
140900.000000 1410.348267 0.010010 
141000.000000 1410.848389 0.010006 
141100.000000 1413.348511 0.010017 
141200.000000 1414.148560 0.010015 
141300.000000 1415.148560 0.010015 
141400.000000 1416.748657 0.010019 
141500.000000 1418.048828 0.010022 
141600.000000 1418.948853 0.010021 
141700.000000 1419.748901 0.010019 
141800.000000 1421.049072 0.010022 
141900.000000 1421.849121 0.010020 
142000.000000 1423.649170 0.010026 
142100.000000 1425.149292 0.010029 
142200.000000 1424.649414 0.010019 
142300.000000 1427.649414 0.010033 
142400.000000 1429.549438 0.010039 
142500.000000 1433.449463 0.010059 
142600.000000 1434.049561 0.010056 
142700.000000 1436.649658 0.010068 
142800.000000 1439.349731 0.010079 
142900.000000 1440.149780 0.010078 
143000.000000 1439.849854 0.010069 
143100.000000 1441.650146 0.010074 
143200.000000 1441.950317 0.010069 
143300.000000 1443.650391 0.010074 
143400.000000 1445.250488 0.010078 
143500.000000 1443.950806 0.010062 
143600.000000 1443.951050 0.010055 
143700.000000 1446.451172 0.010066 
143800.000000 1448.451172 0.010073 
143900.000000 1449.951294 0.010076 
144000.000000 1452.851318 0.010089 
144100.000000 1454.551392 0.010094 
144200.000000 1457.351440 0.010106 
144300.000000 1459.051514 0.010111 
144400.000000 1459.351685 0.010106 
144500.000000 1460.551880 0.010108 
144600.000000 1462.351929 0.010113 
144700.000000 1464.351929 0.010120 
144800.000000 1464.052002 0.010111 
144900.000000 1465.052002 0.010111 
145000.000000 1466.752075 0.010116 
145100.000000 1469.552124 0.010128 
145200.000000 1472.452148 0.010141 
145300.000000 1475.252197 0.010153 
145400.000000 1475.152222 0.010145 
145500.000000 1477.052246 0.010152 
145600.000000 1477.952271 0.010151 
145700.000000 1478.652344 0.010149 
145800.000000 1479.052490 0.010144 
145900.000000 1480.652588 0.010148 
146000.000000 1482.552612 0.010154 
146100.000000 1484.352661 0.010160 
146200.000000 1486.252686 0.010166 
146300.000000 1488.152710 0.010172 
146400.000000 1489.952759 0.010177 
146500.000000 1491.852783 0.010183 
146600.000000 1495.852783 0.010204 
146700.000000 1496.652832 0.010202 
146800.000000 1499.252930 0.010213 
146900.000000 1501.052979 0.010218 
147000.000000 1500.653076 0.010209 
147100.000000 1500.153198 0.010198 
147200.000000 1499.453369 0.010187 
147300.000000 1500.153442 0.010184 
147400.000000 1501.853516 0.010189 
147500.000000 1503.353638 0.010192 
147600.000000 1506.153687 0.010204 
147700.000000 1509.053711 0.010217 
147800.000000 1512.053711 0.010230 
147900.000000 1513.353882 0.010232 
148000.000000 1515.053955 0.010237 
148100.000000 1518.053955 0.010250 
148200.000000 1519.854004 0.010255 
148300.000000 1522.354126 0.010265 
148400.000000 1524.054199 0.010270 
148500.000000 1526.754272 0.010281 
148600.000000 1527.554321 0.010280 
148700.000000 1528.554321 0.010279 
148800.000000 1530.554321 0.010286 
148900.000000 1532.254395 0.010290 
149000.000000 1534.054443 0.010296 
149100.000000 1535.954468 0.010302 
149200.000000 1536.154663 0.010296 
149300.000000 1538.054688 0.010302 
149400.000000 1539.554810 0.010305 
149500.000000 1541.354858 0.010310 
149600.000000 1542.954956 0.010314 
149700.000000 1546.655029 0.010332 
149800.000000 1548.555054 0.010337 
149900.000000 1551.355103 0.010349 
150000.000000 1554.755249 0.010365 
150100.000000 1554.755249 0.010358 
150200.000000 1555.355347 0.010355 
150300.000000 1557.355347 0.010362 
150400.000000 1558.955444 0.010365 
150500.000000 1559.355591 0.010361 
150600.000000 1560.055664 0.010359 
150700.000000 1560.955688 0.010358 
150800.000000 1561.555786 0.010355 
150900.000000 1563.555786 0.010362 
151000.000000 1564.255859 0.010359 
151100.000000 1563.755981 0.010349 
151200.000000 1563.656006 0.010342 
151300.000000 1564.556030 0.010341 
151400.000000 1564.756226 0.010335 
151500.000000 1567.656250 0.010348 
151600.000000 1569.556274 0.010353 
151700.000000 1572.356323 0.010365 
151800.000000 1573.056396 0.010363 
151900.000000 1575.056396 0.010369 
152000.000000 1575.956421 0.010368 
152100.000000 1577.956421 0.010374 
152200.000000 1577.856445 0.010367 
152300.000000 1578.156616 0.010362 
152400.000000 1578.256836 0.010356 
152500.000000 1578.056885 0.010348 
152600.000000 1579.056885 0.010348 
152700.000000 1579.457031 0.010344 
152800.000000 1580.357056 0.010343 
152900.000000 1580.557251 0.010337 
153000.000000 1579.557495 0.010324 
153100.000000 1578.957642 0.010313 
153200.000000 1577.557983 0.010297 
153300.000000 1576.758179 0.010285 
153400.000000 1576.458252 0.010277 
153500.000000 1575.758423 0.010266 
153600.000000 1576.158569 0.010261 
153700.000000 1576.558716 0.010257 
153800.000000 1579.158813 0.010268 
153900.000000 1582.058838 0.010280 
154000.000000 1583.958862 0.010285 
154100.000000 1586.658936 0.010296 
154200.000000 1587.558960 0.010295 
154300.000000 1590.259033 0.010306 
154400.000000 1589.659180 0.010296 
154500.000000 1591.159302 0.010299 
154600.000000 1592.559448 0.010301 
154700.000000 1592.859619 0.010296 
154800.000000 1592.759644 0.010289 
154900.000000 1591.859863 0.010277 
155000.000000 1592.060059 0.010271 
155100.000000 1592.960083 0.010271 
155200.000000 1593.860107 0.010270 
155300.000000 1593.760132 0.010262 
155400.000000 1594.260254 0.010259 
155500.000000 1595.360474 0.010260 
155600.000000 1595.560669 0.010254 
155700.000000 1595.860840 0.010250 
155800.000000 1597.660889 0.010255 
155900.000000 1599.360962 0.010259 
156000.000000 1600.961060 0.010263 
156100.000000 1601.961060 0.010262 
156200.000000 1603.961060 0.010269 
156300.000000 1605.261230 0.010270 
156400.000000 1606.261230 0.010270 
156500.000000 1608.061279 0.010275 
156600.000000 1609.961304 0.010281 
156700.000000 1611.761353 0.010286 
156800.000000 1611.661621 0.010278 
156900.000000 1614.161743 0.010288 
157000.000000 1617.061768 0.010300 
157100.000000 1617.261963 0.010294 
157200.000000 1618.462158 0.010296 
157300.000000 1619.862305 0.010298 
157400.000000 1622.562378 0.010309 
157500.000000 1623.462402 0.010308 
157600.000000 1622.962524 0.010298 
157700.000000 1624.362671 0.010300 
157800.000000 1624.962769 0.010298 
157900.000000 1626.462891 0.010301 
158000.000000 1627.362915 0.010300 
158100.000000 1628.162964 0.010298 
158200.000000 1627.563110 0.010288 
158300.000000 1628.363159 0.010287 
158400.000000 1629.263184 0.010286 
158500.000000 1630.763306 0.010289 
158600.000000 1631.763306 0.010289 
158700.000000 1634.563354 0.010300 
158800.000000 1634.563599 0.010293 
158900.000000 1636.563599 0.010299 
159000.000000 1638.163696 0.010303 
159100.000000 1640.163696 0.010309 
159200.000000 1642.863770 0.010319 
159300.000000 1642.863770 0.010313 
159400.000000 1645.763794 0.010325 
159500.000000 1645.763794 0.010318 
159600.000000 1646.563843 0.010317 
159700.000000 1648.263916 0.010321 
159800.000000 1649.263916 0.010321 
159900.000000 1651.263916 0.010327 
160000.000000 1653.263916 0.010333 
160100.000000 1654.263916 0.010333 
160200.000000 1656.163940 0.010338 
160300.000000 1658.163940 0.010344 
160400.000000 1660.163940 0.010350 
160500.000000 1661.864014 0.010354 
160600.000000 1661.864258 0.010348 
160700.000000 1660.864502 0.010335 
160800.000000 1660.464600 0.010326 
160900.000000 1661.064697 0.010324 
161000.000000 1660.964722 0.010317 
161100.000000 1661.565063 0.010314 
161200.000000 1663.565063 0.010320 
161300.000000 1665.365112 0.010325 
161400.000000 1666.165161 0.010323 
161500.000000 1667.965210 0.010328 
161600.000000 1668.965210 0.010328 
161700.000000 1670.765259 0.010332 
161800.000000 1672.765259 0.010338 
161900.000000 1674.165405 0.010341 
162000.000000 1675.065430 0.010340 
162100.000000 1676.765503 0.010344 
162200.000000 1678.665527 0.010349 
162300.000000 1678.965698 0.010345 
162400.000000 1680.565796 0.010348 
162500.000000 1682.165894 0.010352 
162600.000000 1683.065918 0.010351 
162700.000000 1683.765991 0.010349 
162800.000000 1684.566040 0.010347 
162900.000000 1684.366089 0.010340 
163000.000000 1684.666260 0.010335 
163100.000000 1685.666260 0.010335 
163200.000000 1686.466309 0.010334 
163300.000000 1688.366333 0.010339 
163400.000000 1688.366333 0.010333 
163500.000000 1688.266357 0.010326 
163600.000000 1689.166382 0.010325 
163700.000000 1688.966675 0.010317 
163800.000000 1690.766724 0.010322 
163900.000000 1692.766724 0.010328 
164000.000000 1695.766724 0.010340 
164100.000000 1699.766724 0.010358 
164200.000000 1701.766724 0.010364 
164300.000000 1705.366821 0.010380 
164400.000000 1707.066895 0.010384 
164500.000000 1708.066895 0.010383 
164600.000000 1709.966919 0.010389 
164700.000000 1710.866943 0.010388 
164800.000000 1713.567017 0.010398 
164900.000000 1715.167114 0.010401 
165000.000000 1717.067139 0.010406 
165100.000000 1717.867188 0.010405 
165200.000000 1717.867188 0.010399 
165300.000000 1717.867188 0.010392 
165400.000000 1718.567261 0.010390 
165500.000000 1719.467285 0.010390 
165600.000000 1719.267334 0.010382 
165700.000000 1720.167358 0.010381 
165800.000000 1721.567505 0.010383 
165900.000000 1722.167847 0.010381 
166000.000000 1725.167847 0.010393 
166100.000000 1726.767944 0.010396 
166200.000000 1726.368286 0.010387 
166300.000000 1728.268311 0.010392 
166400.000000 1729.268311 0.010392 
166500.000000 1731.268311 0.010398 
166600.000000 1731.168579 0.010391 
166700.000000 1732.168579 0.010391 
166800.000000 1732.868896 0.010389 
166900.000000 1733.369019 0.010386 
167000.000000 1735.269043 0.010391 
167100.000000 1734.569214 0.010380 
167200.000000 1735.869385 0.010382 
167300.000000 1735.969604 0.010376 
167400.000000 1737.969604 0.010382 
167500.000000 1739.769653 0.010387 
167600.000000 1739.569702 0.010379 
167700.000000 1740.369751 0.010378 
167800.000000 1740.269775 0.010371 
167900.000000 1741.069824 0.010370 
168000.000000 1741.669922 0.010367 
168100.000000 1742.170044 0.010364 
168200.000000 1742.370239 0.010359 
168300.000000 1742.670410 0.010355 
168400.000000 1742.370483 0.010347 
168500.000000 1742.170532 0.010339 
168600.000000 1743.770630 0.010343 
168700.000000 1745.470703 0.010347 
168800.000000 1745.270752 0.010339 
168900.000000 1745.270752 0.010333 
169000.000000 1745.870850 0.010331 
169100.000000 1745.071045 0.010320 
169200.000000 1745.571167 0.010317 
169300.000000 1746.371216 0.010315 
169400.000000 1745.471680 0.010304 
169500.000000 1745.471924 0.010298 
169600.000000 1746.672119 0.010299 
169700.000000 1746.672363 0.010293 
169800.000000 1747.672363 0.010293 
169900.000000 1748.472412 0.010291 
170000.000000 1749.172485 0.010289 
170100.000000 1750.072510 0.010288 
170200.000000 1751.972534 0.010294 
170300.000000 1752.772583 0.010292 
170400.000000 1754.072754 0.010294 
170500.000000 1754.472900 0.010290 
170600.000000 1755.372925 0.010289 
170700.000000 1758.072998 0.010299 
170800.000000 1760.072998 0.010305 
170900.000000 1762.873047 0.010315 
171000.000000 1764.673096 0.010320 
171100.000000 1766.573120 0.010325 
171200.000000 1769.373169 0.010335 
171300.000000 1771.373169 0.010341 
171400.000000 1774.273193 0.010352 
171500.000000 1775.773315 0.010354 
171600.000000 1778.573364 0.010365 
171700.000000 1779.173462 0.010362 
171800.000000 1780.873535 0.010366 
171900.000000 1781.573608 0.010364 
172000.000000 1782.573608 0.010364 
172100.000000 1782.473633 0.010357 
172200.000000 1783.373657 0.010356 
172300.000000 1783.273682 0.010350 
172400.000000 1783.273682 0.010344 
172500.000000 1784.173706 0.010343 
172600.000000 1785.173706 0.010343 
172700.000000 1785.173706 0.010337 
172800.000000 1785.473877 0.010333 
172900.000000 1785.973999 0.010330 
173000.000000 1786.973999 0.010329 
173100.000000 1788.973999 0.010335 
173200.000000 1789.874023 0.010334 
173300.000000 1790.774048 0.010333 
173400.000000 1791.474121 0.010331 
173500.000000 1792.174194 0.010330 
173600.000000 1794.174194 0.010335 
173700.000000 1795.174194 0.010335 
173800.000000 1796.774292 0.010338 
173900.000000 1797.474365 0.010336 
174000.000000 1799.074463 0.010340 
174100.000000 1800.074463 0.010339 
174200.000000 1801.074463 0.010339 
174300.000000 1802.974487 0.010344 
174400.000000 1803.474609 0.010341 
174500.000000 1804.174683 0.010339 
174600.000000 1805.774780 0.010342 
174700.000000 1807.374878 0.010346 
174800.000000 1808.675049 0.010347 
174900.000000 1811.175171 0.010355 
175000.000000 1812.675293 0.010358 
175100.000000 1814.175415 0.010361 
175200.000000 1815.875488 0.010365 
175300.000000 1816.075684 0.010360 
175400.000000 1816.975708 0.010359 
175500.000000 1819.675781 0.010369 
175600.000000 1820.575806 0.010368 
175700.000000 1822.275879 0.010372 
175800.000000 1822.175903 0.010365 
175900.000000 1821.975952 0.010358 
176000.000000 1821.975952 0.010352 
176100.000000 1822.476074 0.010349 
176200.000000 1822.976440 0.010346 
176300.000000 1824.976440 0.010352 
176400.000000 1826.776489 0.010356 
176500.000000 1828.276611 0.010359 
176600.000000 1831.076660 0.010368 
176700.000000 1833.676758 0.010377 
176800.000000 1835.676758 0.010383 
176900.000000 1837.276855 0.010386 
177000.000000 1839.276855 0.010391 
177100.000000 1840.276855 0.010391 
177200.000000 1843.176880 0.010402 
177300.000000 1844.177124 0.010401 
177400.000000 1847.177124 0.010412 
177500.000000 1848.977173 0.010417 
177600.000000 1849.777222 0.010415 
177700.000000 1850.677246 0.010415 
177800.000000 1852.577271 0.010419 
177900.000000 1852.177368 0.010411 
178000.000000 1853.077393 0.010411 
178100.000000 1854.077393 0.010410 
178200.000000 1853.777466 0.010403 
178300.000000 1855.777466 0.010408 
178400.000000 1857.377563 0.010411 
178500.000000 1860.377563 0.010422 
178600.000000 1862.277588 0.010427 
178700.000000 1865.277588 0.010438 
178800.000000 1867.977661 0.010447 
178900.000000 1869.777710 0.010452 
179000.000000 1873.777710 0.010468 
179100.000000 1875.777710 0.010473 
179200.000000 1876.777710 0.010473 
179300.000000 1877.777710 0.010473 
179400.000000 1878.777710 0.010473 
179500.000000 1880.277832 0.010475 
179600.000000 1883.277832 0.010486 
179700.000000 1885.277832 0.010491 
179800.000000 1888.177856 0.010502 
179900.000000 1890.177856 0.010507 
180000.000000 1891.077881 0.010506 
180100.000000 1891.877930 0.010505 
180200.000000 1892.777954 0.010504 
180300.000000 1893.478027 0.010502 
180400.000000 1894.378052 0.010501 
180500.000000 1895.178101 0.010500 
180600.000000 1896.178101 0.010499 
180700.000000 1895.978149 0.010492 
180800.000000 1898.678223 0.010502 
180900.000000 1899.578247 0.010501 
181000.000000 1901.178345 0.010504 
181100.000000 1901.978394 0.010502 
181200.000000 1900.978638 0.010491 
181300.000000 1900.878662 0.010485 
181400.000000 1900.878906 0.010479 
181500.000000 1902.179077 0.010480 
181600.000000 1903.879150 0.010484 
181700.000000 1903.979614 0.010479 
181800.000000 1904.079834 0.010473 
181900.000000 1903.880127 0.010467 
182000.000000 1904.080566 0.010462 
182100.000000 1903.780640 0.010455 
182200.000000 1904.680664 0.010454 
182300.000000 1905.580688 0.010453 
182400.000000 1905.080811 0.010445 
182500.000000 1905.880859 0.010443 
182600.000000 1908.880859 0.010454 
182700.000000 1907.881104 0.010443 
182800.000000 1909.681396 0.010447 
182900.000000 1910.481445 0.010445 
183000.000000 1910.781616 0.010441 
183100.000000 1909.781860 0.010430 
183200.000000 1910.681885 0.010429 
183300.000000 1909.682129 0.010418 
183400.000000 1909.082275 0.010409 
183500.000000 1909.082275 0.010404 
183600.000000 1908.982300 0.010398 
183700.000000 1909.282471 0.010393 
183800.000000 1909.082764 0.010387 
183900.000000 1909.982788 0.010386 
184000.000000 1910.782837 0.010385 
184100.000000 1911.182983 0.010381 
184200.000000 1912.983032 0.010385 
184300.000000 1914.783081 0.010389 
184400.000000 1916.783081 0.010395 
184500.000000 1919.783081 0.010405 
184600.000000 1922.783081 0.010416 
184700.000000 1924.483154 0.010420 
184800.000000 1926.283203 0.010424 
184900.000000 1928.483398 0.010430 
185000.000000 1929.483398 0.010430 
185100.000000 1930.383423 0.010429 
185200.000000 1931.383423 0.010429 
185300.000000 1933.083496 0.010432 
185400.000000 1934.083496 0.010432 
185500.000000 1934.483643 0.010428 
185600.000000 1935.483643 0.010428 
185700.000000 1937.483643 0.010433 
185800.000000 1939.283691 0.010437 
185900.000000 1940.283691 0.010437 
186000.000000 1940.283691 0.010432 
186100.000000 1941.083740 0.010430 
186200.000000 1943.083740 0.010435 
186300.000000 1945.983765 0.010445 
186400.000000 1946.883789 0.010445 
186500.000000 1949.783813 0.010455 
186600.000000 1951.683838 0.010459 
186700.000000 1953.583862 0.010464 
186800.000000 1955.383911 0.010468 
186900.000000 1955.884033 0.010465 
187000.000000 1955.584106 0.010458 
187100.000000 1955.384155 0.010451 
187200.000000 1955.384155 0.010445 
187300.000000 1956.284180 0.010445 
187400.000000 1957.184204 0.010444 
187500.000000 1957.084229 0.010438 
187600.000000 1956.884277 0.010431 
187700.000000 1956.784302 0.010425 
187800.000000 1956.484375 0.010418 
187900.000000 1956.384399 0.010412 
188000.000000 1956.284424 0.010406 
188100.000000 1954.984741 0.010393 
188200.000000 1954.184937 0.010384 
188300.000000 1953.685059 0.010375 
188400.000000 1954.085205 0.010372 
188500.000000 1954.585327 0.010369 
188600.000000 1954.085449 0.010361 
188700.000000 1953.785522 0.010354 
188800.000000 1953.585571 0.010347 
188900.000000 1954.285645 0.010346 
189000.000000 1954.985718 0.010344 
189100.000000 1956.985718 0.010349 
189200.000000 1959.885742 0.010359 
189300.000000 1963.485840 0.010372 
189400.000000 1964.285889 0.010371 
189500.000000 1965.085938 0.010370 
189600.000000 1966.885986 0.010374 
189700.000000 1966.386108 0.010366 
189800.000000 1967.186157 0.010365 
189900.000000 1968.586304 0.010366 
190000.000000 1968.786499 0.010362 
190100.000000 1968.786499 0.010357 
190200.000000 1970.486572 0.010360 
190300.000000 1970.386597 0.010354 
190400.000000 1970.286621 0.010348 
190500.000000 1970.886719 0.010346 
190600.000000 1972.786743 0.010350 
190700.000000 1972.386841 0.010343 
190800.000000 1972.186890 0.010336 
190900.000000 1972.086914 0.010330 
191000.000000 1972.886963 0.010329 
191100.000000 1973.687012 0.010328 
191200.000000 1974.487061 0.010327 
191300.000000 1974.287354 0.010320 
191400.000000 1973.987427 0.010313 
191500.000000 1974.987427 0.010313 
191600.000000 1976.587524 0.010316 
191700.000000 1979.187622 0.010324 
191800.000000 1979.887695 0.010323 
191900.000000 1980.787720 0.010322 
192000.000000 1982.387817 0.010325 
192100.000000 1983.287842 0.010324 
192200.000000 1984.287842 0.010324 
192300.000000 1985.287842 0.010324 
192400.000000 1985.787964 0.010321 
192500.000000 1988.388062 0.010329 
192600.000000 1990.088135 0.010333 
192700.000000 1990.888184 0.010332 
192800.000000 1992.388306 0.010334 
192900.000000 1993.288330 0.010333 
193000.000000 1993.288330 0.010328 
193100.000000 1994.288330 0.010328 
193200.000000 1993.988403 0.010321 
193300.000000 1993.988403 0.010316 
193400.000000 1994.288574 0.010312 
193500.000000 1994.288574 0.010306 
193600.000000 1995.188599 0.010306 
193700.000000 1994.988647 0.010299 
193800.000000 1996.688721 0.010303 
193900.000000 1997.488770 0.010302 
194000.000000 1999.488770 0.010307 
194100.000000 2002.288818 0.010316 
194200.000000 2004.088867 0.010320 
194300.000000 2005.088867 0.010320 
194400.000000 2006.088867 0.010319 
194500.000000 2006.988892 0.010319 
194600.000000 2008.688965 0.010322 
194700.000000 2010.688965 0.010327 
194800.000000 2012.688965 0.010332 
194900.000000 2013.688965 0.010332 
195000.000000 2016.588989 0.010341 
195100.000000 2018.588989 0.010346 
195200.000000 2019.588989 0.010346 
195300.000000 2021.588989 0.010351 
195400.000000 2024.588989 0.010361 
195500.000000 2024.588989 0.010356 
195600.000000 2024.588989 0.010351 
195700.000000 2024.588989 0.010345 
195800.000000 2024.489014 0.010340 
195900.000000 2024.089111 0.010332 
196000.000000 2023.889160 0.010326 
196100.000000 2024.789185 0.010325 
196200.000000 2026.589233 0.010329 
196300.000000 2026.489258 0.010323 
196400.000000 2027.289307 0.010322 
196500.000000 2028.189331 0.010322 
196600.000000 2028.189331 0.010316 
196700.000000 2027.889404 0.010310 
196800.000000 2027.189575 0.010301 
196900.000000 2026.889648 0.010294 
197000.000000 2026.689697 0.010288 
197100.000000 2026.589722 0.010282 
197200.000000 2026.489746 0.010276 
197300.000000 2026.389771 0.010271 
197400.000000 2025.889893 0.010263 
197500.000000 2025.889893 0.010258 
197600.000000 2025.489990 0.010250 
197700.000000 2025.090088 0.010243 
197800.000000 2025.090088 0.010238 
197900.000000 2024.890137 0.010232 
198000.000000 2024.190308 0.010223 
198100.000000 2023.490479 0.010214 
198200.000000 2023.490479 0.010209 
198300.000000 2023.290527 0.010203 
198400.000000 2023.290527 0.010198 
198500.000000 2022.490723 0.010189 
198600.000000 2022.290771 0.010183 
198700.000000 2023.290771 0.010183 
198800.000000 2025.290771 0.010188 
198900.000000 2027.090820 0.010192 
199000.000000 2027.090820 0.010186 
199100.000000 2028.490967 0.010188 
199200.000000 2030.390991 0.010193 
199300.000000 2030.390991 0.010188 
199400.000000 2030.390991 0.010183 
199500.000000 2031.091064 0.010181 
199600.000000 2030.791138 0.010174 
199700.000000 2030.791138 0.010169 
199800.000000 2030.791138 0.010164 
199900.000000 2031.491211 0.010163 
200000.000000 2030.991333 0.010155 
