0.000000 0.000000 30872.000000 
0.000000 1.000000 21843.000000 
0.000000 2.000000 15180.000000 
0.000000 3.000000 9850.000000 
0.000000 4.000000 5672.000000 
0.000000 5.000000 4476.000000 
0.000000 6.000000 2381.000000 
0.000000 7.000000 1024.000000 
1.000000 0.000000 12113.000000 
1.000000 1.000000 9636.000000 
1.000000 2.000000 7511.000000 
1.000000 3.000000 4500.000000 
1.000000 4.000000 2365.000000 
1.000000 5.000000 1965.000000 
1.000000 6.000000 1207.000000 
1.000000 7.000000 734.000000 
2.000000 0.000000 3510.000000 
2.000000 1.000000 3912.000000 
2.000000 2.000000 3720.000000 
2.000000 3.000000 2192.000000 
2.000000 4.000000 1296.000000 
2.000000 5.000000 975.000000 
2.000000 6.000000 816.000000 
2.000000 7.000000 568.000000 
3.000000 0.000000 1330.000000 
3.000000 1.000000 1490.000000 
3.000000 2.000000 2073.000000 
3.000000 3.000000 1729.000000 
3.000000 4.000000 991.000000 
3.000000 5.000000 832.000000 
3.000000 6.000000 734.000000 
3.000000 7.000000 529.000000 
4.000000 0.000000 768.000000 
4.000000 1.000000 909.000000 
4.000000 2.000000 1247.000000 
4.000000 3.000000 1443.000000 
4.000000 4.000000 1043.000000 
4.000000 5.000000 897.000000 
4.000000 6.000000 894.000000 
4.000000 7.000000 557.000000 
5.000000 0.000000 1055.000000 
5.000000 1.000000 831.000000 
5.000000 2.000000 903.000000 
5.000000 3.000000 1106.000000 
5.000000 4.000000 984.000000 
5.000000 5.000000 1223.000000 
5.000000 6.000000 1414.000000 
5.000000 7.000000 734.000000 
6.000000 0.000000 983.000000 
6.000000 1.000000 711.000000 
6.000000 2.000000 650.000000 
6.000000 3.000000 903.000000 
6.000000 4.000000 1108.000000 
6.000000 5.000000 1884.000000 
6.000000 6.000000 3084.000000 
6.000000 7.000000 1214.000000 
7.000000 0.000000 845.000000 
7.000000 1.000000 627.000000 
7.000000 2.000000 563.000000 
7.000000 3.000000 825.000000 
7.000000 4.000000 1349.000000 
7.000000 5.000000 3244.000000 
7.000000 6.000000 7015.000000 
7.000000 7.000000 961.000000 
