100.000000 -1.500000 -0.015000 
200.000000 -3.999998 -0.020000 
300.000000 -5.799997 -0.019333 
400.000000 -7.399995 -0.018500 
500.000000 -8.099995 -0.016200 
600.000000 -8.799997 -0.014667 
700.000000 -10.500004 -0.015000 
800.000000 -11.600008 -0.014500 
900.000000 -12.600012 -0.014000 
1000.000000 -13.300018 -0.013300 
1100.000000 -13.800020 -0.012545 
1200.000000 -14.800024 -0.012333 
1300.000000 -16.500031 -0.012692 
1400.000000 -17.000036 -0.012143 
1500.000000 -17.900040 -0.011933 
1600.000000 -18.400042 -0.011500 
1700.000000 -19.700047 -0.011588 
1800.000000 -21.100052 -0.011722 
1900.000000 -22.100060 -0.011632 
2000.000000 -23.300064 -0.011650 
2100.000000 -24.700069 -0.011762 
2200.000000 -25.400076 -0.011545 
2300.000000 -27.400084 -0.011913 
2400.000000 -28.500088 -0.011875 
2500.000000 -29.900093 -0.011960 
2600.000000 -31.000097 -0.011923 
2700.000000 -30.800100 -0.011407 
2800.000000 -31.300106 -0.011179 
2900.000000 -30.800108 -0.010621 
3000.000000 -31.900112 -0.010633 
3100.000000 -33.300091 -0.010742 
3200.000000 -35.400059 -0.011063 
3300.000000 -36.500042 -0.011061 
3400.000000 -37.800022 -0.011118 
3500.000000 -39.599995 -0.011314 
3600.000000 -41.099957 -0.011417 
3700.000000 -42.199924 -0.011405 
3800.000000 -43.099895 -0.011342 
3900.000000 -44.299862 -0.011359 
4000.000000 -45.299847 -0.011325 
4100.000000 -45.299831 -0.011049 
4200.000000 -45.699825 -0.010881 
4300.000000 -46.999805 -0.010930 
4400.000000 -47.099789 -0.010704 
4500.000000 -47.999775 -0.010667 
4600.000000 -49.799747 -0.010826 
4700.000000 -49.899731 -0.010617 
4800.000000 -50.399723 -0.010500 
4900.000000 -50.399708 -0.010286 
5000.000000 -50.899700 -0.010180 
5100.000000 -51.499691 -0.010098 
5200.000000 -51.699673 -0.009942 
5300.000000 -51.499660 -0.009717 
5400.000000 -53.199635 -0.009852 
5500.000000 -52.799625 -0.009600 
5600.000000 -54.999592 -0.009821 
5700.000000 -55.399570 -0.009719 
5800.000000 -56.299557 -0.009707 
5900.000000 -56.899532 -0.009644 
6000.000000 -58.599506 -0.009767 
6100.000000 -58.999500 -0.009672 
6200.000000 -59.799488 -0.009645 
6300.000000 -61.899456 -0.009825 
6400.000000 -62.299435 -0.009734 
6500.000000 -64.699402 -0.009954 
6600.000000 -64.799385 -0.009818 
6700.000000 -66.099365 -0.009866 
6800.000000 -65.899353 -0.009691 
6900.000000 -66.599342 -0.009652 
7000.000000 -67.699326 -0.009671 
7100.000000 -68.199318 -0.009606 
7200.000000 -69.099304 -0.009597 
7300.000000 -69.599297 -0.009534 
7400.000000 -70.999275 -0.009594 
7500.000000 -71.799263 -0.009573 
7600.000000 -71.399254 -0.009395 
7700.000000 -72.499237 -0.009415 
7800.000000 -72.999229 -0.009359 
7900.000000 -73.699219 -0.009329 
8000.000000 -74.199211 -0.009275 
8100.000000 -74.399208 -0.009185 
8200.000000 -74.799202 -0.009122 
8300.000000 -75.299194 -0.009072 
8400.000000 -74.499191 -0.008869 
8500.000000 -74.799187 -0.008800 
8600.000000 -75.499176 -0.008779 
8700.000000 -76.399162 -0.008782 
8800.000000 -76.499146 -0.008693 
8900.000000 -77.399132 -0.008697 
9000.000000 -78.299118 -0.008700 
9100.000000 -79.299103 -0.008714 
9200.000000 -78.299088 -0.008511 
9300.000000 -79.599068 -0.008559 
9400.000000 -80.399055 -0.008553 
9500.000000 -81.099045 -0.008537 
9600.000000 -81.699036 -0.008510 
9700.000000 -82.899017 -0.008546 
9800.000000 -83.199013 -0.008490 
9900.000000 -84.198997 -0.008505 
10000.000000 -84.798973 -0.008480 
10100.000000 -84.098969 -0.008327 
10200.000000 -83.598961 -0.008196 
10300.000000 -84.198952 -0.008175 
10400.000000 -85.598930 -0.008231 
10500.000000 -84.298920 -0.008028 
10600.000000 -84.098907 -0.007934 
10700.000000 -85.698883 -0.008009 
10800.000000 -86.198875 -0.007981 
10900.000000 -87.198860 -0.008000 
11000.000000 -88.098831 -0.008009 
11100.000000 -87.798820 -0.007910 
11200.000000 -86.998817 -0.007768 
11300.000000 -87.698792 -0.007761 
11400.000000 -88.398781 -0.007754 
11500.000000 -88.798775 -0.007722 
11600.000000 -89.098755 -0.007681 
11700.000000 -88.998741 -0.007607 
11800.000000 -89.398735 -0.007576 
11900.000000 -88.998726 -0.007479 
12000.000000 -89.298721 -0.007442 
12100.000000 -89.598717 -0.007405 
12200.000000 -90.198708 -0.007393 
12300.000000 -90.598701 -0.007366 
12400.000000 -91.298691 -0.007363 
12500.000000 -92.498672 -0.007400 
12600.000000 -93.498657 -0.007421 
12700.000000 -93.798653 -0.007386 
12800.000000 -93.698639 -0.007320 
12900.000000 -94.998619 -0.007364 
13000.000000 -94.798607 -0.007292 
13100.000000 -95.598595 -0.007298 
13200.000000 -95.798592 -0.007257 
13300.000000 -96.298584 -0.007240 
13400.000000 -96.098572 -0.007172 
13500.000000 -96.798561 -0.007170 
13600.000000 -96.198555 -0.007073 
13700.000000 -96.198540 -0.007022 
13800.000000 -96.598518 -0.007000 
13900.000000 -96.898514 -0.006971 
14000.000000 -97.198494 -0.006943 
14100.000000 -97.298492 -0.006901 
14200.000000 -97.998482 -0.006901 
14300.000000 -97.298477 -0.006804 
14400.000000 -96.898468 -0.006729 
14500.000000 -97.298462 -0.006710 
14600.000000 -97.098450 -0.006651 
14700.000000 -97.498428 -0.006633 
14800.000000 -97.898422 -0.006615 
14900.000000 -97.898407 -0.006570 
15000.000000 -98.298386 -0.006553 
15100.000000 -97.898376 -0.006483 
15200.000000 -97.998360 -0.006447 
15300.000000 -98.498352 -0.006438 
15400.000000 -98.598351 -0.006402 
15500.000000 -98.798347 -0.006374 
15600.000000 -99.598335 -0.006385 
15700.000000 -98.298325 -0.006261 
15800.000000 -98.198311 -0.006215 
15900.000000 -98.598305 -0.006201 
16000.000000 -98.698288 -0.006169 
16100.000000 -98.498276 -0.006118 
16200.000000 -99.098267 -0.006117 
16300.000000 -98.398262 -0.006037 
16400.000000 -98.898254 -0.006030 
16500.000000 -99.198250 -0.006012 
16600.000000 -98.698242 -0.005946 
16700.000000 -98.198235 -0.005880 
16800.000000 -98.398232 -0.005857 
16900.000000 -98.798225 -0.005846 
17000.000000 -99.398201 -0.005847 
17100.000000 -100.098190 -0.005854 
17200.000000 -101.798164 -0.005918 
17300.000000 -103.298141 -0.005971 
17400.000000 -103.298126 -0.005937 
17500.000000 -102.798119 -0.005874 
17600.000000 -101.898117 -0.005790 
17700.000000 -102.498108 -0.005791 
17800.000000 -102.298096 -0.005747 
17900.000000 -101.198082 -0.005654 
18000.000000 -101.398079 -0.005633 
18100.000000 -102.898056 -0.005685 
18200.000000 -101.998055 -0.005604 
18300.000000 -102.298050 -0.005590 
18400.000000 -102.698044 -0.005581 
18500.000000 -103.798027 -0.005611 
18600.000000 -103.098022 -0.005543 
18700.000000 -104.198006 -0.005572 
18800.000000 -104.197990 -0.005542 
18900.000000 -104.797981 -0.005545 
19000.000000 -104.197975 -0.005484 
19100.000000 -103.297974 -0.005408 
19200.000000 -103.397972 -0.005385 
19300.000000 -104.397957 -0.005409 
19400.000000 -105.097946 -0.005417 
19500.000000 -105.397926 -0.005405 
19600.000000 -104.697922 -0.005342 
19700.000000 -105.397911 -0.005350 
19800.000000 -106.197899 -0.005364 
19900.000000 -105.797890 -0.005316 
20000.000000 -105.997887 -0.005300 
20100.000000 -106.297882 -0.005288 
20200.000000 -106.797874 -0.005287 
20300.000000 -107.697861 -0.005305 
20400.000000 -108.497849 -0.005319 
20500.000000 -109.597832 -0.005346 
20600.000000 -109.797829 -0.005330 
20700.000000 -109.297821 -0.005280 
20800.000000 -109.097809 -0.005245 
20900.000000 -109.497803 -0.005239 
21000.000000 -108.797798 -0.005181 
21100.000000 -109.397789 -0.005185 
21200.000000 -110.397774 -0.005207 
21300.000000 -109.297760 -0.005131 
21400.000000 -108.897751 -0.005089 
21500.000000 -109.997734 -0.005116 
21600.000000 -110.097717 -0.005097 
21700.000000 -110.497711 -0.005092 
21800.000000 -111.397697 -0.005110 
21900.000000 -111.797676 -0.005105 
22000.000000 -111.797676 -0.005082 
22100.000000 -111.897659 -0.005063 
22200.000000 -111.897659 -0.005040 
22300.000000 -111.897659 -0.005018 
22400.000000 -111.097656 -0.004960 
22500.000000 -110.897644 -0.004929 
22600.000000 -111.597633 -0.004938 
22700.000000 -111.097626 -0.004894 
22800.000000 -111.197624 -0.004877 
22900.000000 -110.797615 -0.004838 
23000.000000 -110.297607 -0.004796 
23100.000000 -110.297592 -0.004775 
23200.000000 -110.797585 -0.004776 
23300.000000 -110.897552 -0.004760 
23400.000000 -111.597542 -0.004769 
23500.000000 -111.597542 -0.004749 
23600.000000 -111.597542 -0.004729 
23700.000000 -111.797539 -0.004717 
23800.000000 -112.197533 -0.004714 
23900.000000 -111.997520 -0.004686 
24000.000000 -111.897507 -0.004662 
24100.000000 -111.397499 -0.004622 
24200.000000 -111.397499 -0.004603 
24300.000000 -110.597496 -0.004551 
24400.000000 -110.797493 -0.004541 
24500.000000 -110.897491 -0.004526 
24600.000000 -111.197487 -0.004520 
24700.000000 -111.297470 -0.004506 
24800.000000 -110.797462 -0.004468 
24900.000000 -109.797462 -0.004410 
25000.000000 -110.097458 -0.004404 
25100.000000 -108.597450 -0.004327 
25200.000000 -108.697449 -0.004313 
25300.000000 -108.697449 -0.004296 
25400.000000 -108.897446 -0.004287 
25500.000000 -107.897446 -0.004231 
25600.000000 -108.197426 -0.004226 
25700.000000 -107.797417 -0.004194 
25800.000000 -107.797417 -0.004178 
25900.000000 -107.997414 -0.004170 
26000.000000 -107.197411 -0.004123 
26100.000000 -106.797401 -0.004092 
26200.000000 -107.297394 -0.004095 
26300.000000 -107.397377 -0.004084 
26400.000000 -106.997368 -0.004053 
26500.000000 -106.097366 -0.004004 
26600.000000 -105.397362 -0.003962 
26700.000000 -105.497360 -0.003951 
26800.000000 -106.197350 -0.003963 
26900.000000 -105.497345 -0.003922 
27000.000000 -105.597343 -0.003911 
27100.000000 -105.797340 -0.003904 
27200.000000 -104.897324 -0.003857 
27300.000000 -104.897324 -0.003842 
27400.000000 -103.997322 -0.003796 
27500.000000 -103.497314 -0.003764 
27600.000000 -103.797310 -0.003761 
27700.000000 -104.797295 -0.003783 
27800.000000 -104.797295 -0.003770 
27900.000000 -104.797295 -0.003756 
28000.000000 -104.897293 -0.003746 
28100.000000 -105.197289 -0.003744 
28200.000000 -104.397285 -0.003702 
28300.000000 -104.597282 -0.003696 
28400.000000 -104.997276 -0.003697 
28500.000000 -104.597267 -0.003670 
28600.000000 -104.597267 -0.003657 
28700.000000 -104.297256 -0.003634 
28800.000000 -103.897247 -0.003608 
28900.000000 -104.397240 -0.003612 
29000.000000 -103.797234 -0.003579 
29100.000000 -103.697220 -0.003563 
29200.000000 -103.797218 -0.003555 
29300.000000 -102.397209 -0.003495 
29400.000000 -102.397209 -0.003483 
29500.000000 -102.597206 -0.003478 
29600.000000 -102.297195 -0.003456 
29700.000000 -102.797188 -0.003461 
29800.000000 -103.097183 -0.003460 
29900.000000 -102.397179 -0.003425 
30000.000000 -102.797173 -0.003427 
30100.000000 -102.497162 -0.003405 
30200.000000 -101.697159 -0.003367 
30300.000000 -101.897141 -0.003363 
30400.000000 -101.397133 -0.003335 
30500.000000 -101.397133 -0.003324 
30600.000000 -101.397133 -0.003314 
30700.000000 -101.497131 -0.003306 
30800.000000 -100.497131 -0.003263 
30900.000000 -100.497131 -0.003252 
31000.000000 -100.597130 -0.003245 
31100.000000 -99.897125 -0.003212 
31200.000000 -99.397118 -0.003186 
31300.000000 -98.597115 -0.003150 
31400.000000 -98.597115 -0.003140 
31500.000000 -97.697113 -0.003101 
31600.000000 -97.797112 -0.003095 
31700.000000 -97.397102 -0.003072 
31800.000000 -97.697098 -0.003072 
31900.000000 -98.797081 -0.003097 
32000.000000 -99.097061 -0.003097 
32100.000000 -98.597054 -0.003072 
32200.000000 -98.097046 -0.003046 
32300.000000 -98.197044 -0.003040 
32400.000000 -97.397041 -0.003006 
32500.000000 -97.397041 -0.002997 
32600.000000 -96.697037 -0.002966 
32700.000000 -96.697037 -0.002957 
32800.000000 -97.497025 -0.002972 
32900.000000 -97.597023 -0.002966 
33000.000000 -97.697021 -0.002961 
33100.000000 -97.797020 -0.002955 
33200.000000 -96.897018 -0.002919 
33300.000000 -97.097015 -0.002916 
33400.000000 -96.297012 -0.002883 
33500.000000 -96.297012 -0.002875 
33600.000000 -96.297012 -0.002866 
33700.000000 -95.797005 -0.002843 
33800.000000 -96.097000 -0.002843 
33900.000000 -95.796989 -0.002826 
34000.000000 -94.996986 -0.002794 
34100.000000 -93.596977 -0.002745 
34200.000000 -93.596962 -0.002737 
34300.000000 -92.796959 -0.002705 
34400.000000 -92.896957 -0.002700 
34500.000000 -92.596947 -0.002684 
34600.000000 -92.396935 -0.002670 
34700.000000 -93.296921 -0.002689 
34800.000000 -92.396919 -0.002655 
34900.000000 -92.596916 -0.002653 
35000.000000 -91.696915 -0.002620 
35100.000000 -91.196907 -0.002598 
35200.000000 -91.096893 -0.002588 
35300.000000 -91.396889 -0.002589 
35400.000000 -90.496887 -0.002556 
35500.000000 -90.596886 -0.002552 
35600.000000 -89.996880 -0.002528 
35700.000000 -89.196877 -0.002499 
35800.000000 -89.196877 -0.002492 
35900.000000 -88.396873 -0.002462 
36000.000000 -87.796867 -0.002439 
36100.000000 -86.796867 -0.002404 
36200.000000 -85.996849 -0.002376 
36300.000000 -85.996849 -0.002369 
36400.000000 -86.396843 -0.002374 
36500.000000 -85.596840 -0.002345 
36600.000000 -86.496826 -0.002363 
36700.000000 -86.496826 -0.002357 
36800.000000 -85.896820 -0.002334 
36900.000000 -85.696808 -0.002322 
37000.000000 -84.696808 -0.002289 
37100.000000 -84.896805 -0.002288 
37200.000000 -85.796791 -0.002306 
37300.000000 -85.296783 -0.002287 
37400.000000 -85.396782 -0.002283 
37500.000000 -86.096771 -0.002296 
37600.000000 -86.096771 -0.002290 
37700.000000 -86.096771 -0.002284 
37800.000000 -86.396767 -0.002286 
37900.000000 -87.096741 -0.002298 
38000.000000 -87.496735 -0.002303 
38100.000000 -86.496735 -0.002270 
38200.000000 -86.496735 -0.002264 
38300.000000 -86.496735 -0.002258 
38400.000000 -86.696732 -0.002258 
38500.000000 -85.696732 -0.002226 
38600.000000 -85.696732 -0.002220 
38700.000000 -85.896729 -0.002220 
38800.000000 -84.996727 -0.002191 
38900.000000 -84.996727 -0.002185 
39000.000000 -84.496719 -0.002167 
39100.000000 -85.396706 -0.002184 
39200.000000 -83.896698 -0.002140 
39300.000000 -83.996696 -0.002137 
39400.000000 -84.196693 -0.002137 
39500.000000 -84.296692 -0.002134 
39600.000000 -84.296692 -0.002129 
39700.000000 -84.396690 -0.002126 
39800.000000 -84.896683 -0.002133 
39900.000000 -84.196678 -0.002110 
40000.000000 -83.196678 -0.002080 
40100.000000 -83.596672 -0.002085 
40200.000000 -82.896667 -0.002062 
40300.000000 -82.896667 -0.002057 
40400.000000 -81.996666 -0.002030 
40500.000000 -81.996666 -0.002025 
40600.000000 -82.496658 -0.002032 
40700.000000 -82.896652 -0.002037 
40800.000000 -82.396629 -0.002020 
40900.000000 -82.396629 -0.002015 
41000.000000 -82.696625 -0.002017 
41100.000000 -83.096619 -0.002022 
41200.000000 -83.096619 -0.002017 
41300.000000 -81.296616 -0.001968 
41400.000000 -81.596611 -0.001971 
41500.000000 -80.996605 -0.001952 
41600.000000 -80.696594 -0.001940 
41700.000000 -80.696594 -0.001935 
41800.000000 -79.796593 -0.001909 
41900.000000 -79.996590 -0.001909 
42000.000000 -79.096588 -0.001883 
42100.000000 -79.196587 -0.001881 
42200.000000 -78.496582 -0.001860 
42300.000000 -78.496582 -0.001856 
42400.000000 -78.596581 -0.001854 
42500.000000 -78.596581 -0.001849 
42600.000000 -78.596581 -0.001845 
42700.000000 -77.796577 -0.001822 
42800.000000 -77.796577 -0.001818 
42900.000000 -77.796577 -0.001813 
43000.000000 -77.796577 -0.001809 
43100.000000 -77.796577 -0.001805 
43200.000000 -77.796577 -0.001801 
43300.000000 -78.096573 -0.001804 
43400.000000 -77.596565 -0.001788 
43500.000000 -77.596565 -0.001784 
43600.000000 -76.796562 -0.001761 
43700.000000 -76.796562 -0.001757 
43800.000000 -75.996559 -0.001735 
43900.000000 -76.096558 -0.001733 
44000.000000 -76.096558 -0.001729 
44100.000000 -75.896545 -0.001721 
44200.000000 -75.896545 -0.001717 
44300.000000 -75.296539 -0.001700 
44400.000000 -74.596535 -0.001680 
44500.000000 -74.696533 -0.001679 
44600.000000 -74.096527 -0.001661 
44700.000000 -74.096527 -0.001658 
44800.000000 -74.096527 -0.001654 
44900.000000 -73.296524 -0.001632 
45000.000000 -72.396523 -0.001609 
45100.000000 -72.396523 -0.001605 
45200.000000 -72.396523 -0.001602 
45300.000000 -72.096512 -0.001592 
45400.000000 -72.096512 -0.001588 
45500.000000 -72.096512 -0.001585 
45600.000000 -72.096512 -0.001581 
45700.000000 -72.696503 -0.001591 
45800.000000 -72.696503 -0.001587 
45900.000000 -71.796501 -0.001564 
46000.000000 -71.796501 -0.001561 
46100.000000 -71.896500 -0.001560 
46200.000000 -71.996498 -0.001558 
46300.000000 -72.096497 -0.001557 
46400.000000 -71.596489 -0.001543 
46500.000000 -71.696487 -0.001542 
46600.000000 -71.696487 -0.001539 
46700.000000 -71.696487 -0.001535 
46800.000000 -71.696487 -0.001532 
46900.000000 -71.696487 -0.001529 
47000.000000 -71.696487 -0.001525 
47100.000000 -71.696487 -0.001522 
47200.000000 -71.296478 -0.001511 
47300.000000 -71.296478 -0.001507 
47400.000000 -70.296478 -0.001483 
47500.000000 -70.396477 -0.001482 
47600.000000 -69.496475 -0.001460 
47700.000000 -69.496475 -0.001457 
47800.000000 -69.496475 -0.001454 
47900.000000 -69.596474 -0.001453 
48000.000000 -69.596474 -0.001450 
48100.000000 -69.296463 -0.001441 
48200.000000 -68.396461 -0.001419 
48300.000000 -67.396461 -0.001395 
48400.000000 -67.396461 -0.001392 
48500.000000 -67.396461 -0.001390 
48600.000000 -67.496460 -0.001389 
48700.000000 -65.696457 -0.001349 
48800.000000 -65.696457 -0.001346 
48900.000000 -65.696457 -0.001343 
49000.000000 -65.096451 -0.001328 
49100.000000 -64.696442 -0.001318 
49200.000000 -64.696442 -0.001315 
49300.000000 -64.796440 -0.001314 
49400.000000 -64.096436 -0.001297 
49500.000000 -64.096436 -0.001295 
49600.000000 -63.096436 -0.001272 
49700.000000 -62.396431 -0.001255 
49800.000000 -62.396431 -0.001253 
49900.000000 -62.496429 -0.001252 
50000.000000 -62.496429 -0.001250 
50100.000000 -61.796425 -0.001233 
50200.000000 -61.796425 -0.001231 
50300.000000 -61.996422 -0.001233 
50400.000000 -60.996422 -0.001210 
50500.000000 -59.996422 -0.001188 
50600.000000 -59.296417 -0.001172 
50700.000000 -58.396416 -0.001152 
50800.000000 -57.396416 -0.001130 
50900.000000 -56.496414 -0.001110 
51000.000000 -55.496414 -0.001088 
51100.000000 -54.496414 -0.001066 
51200.000000 -54.196404 -0.001059 
51300.000000 -53.896393 -0.001051 
51400.000000 -53.896393 -0.001049 
51500.000000 -53.896393 -0.001047 
51600.000000 -53.896393 -0.001045 
51700.000000 -53.896393 -0.001042 
51800.000000 -53.096390 -0.001025 
51900.000000 -53.096390 -0.001023 
52000.000000 -53.096390 -0.001021 
52100.000000 -53.296387 -0.001023 
52200.000000 -52.796379 -0.001011 
52300.000000 -51.796379 -0.000990 
52400.000000 -50.996376 -0.000973 
52500.000000 -51.196373 -0.000975 
52600.000000 -51.296371 -0.000975 
52700.000000 -51.296371 -0.000973 
52800.000000 -51.396370 -0.000973 
52900.000000 -51.396370 -0.000972 
53000.000000 -51.396370 -0.000970 
53100.000000 -51.396370 -0.000968 
53200.000000 -51.396355 -0.000966 
53300.000000 -51.396355 -0.000964 
53400.000000 -51.396355 -0.000962 
53500.000000 -51.496353 -0.000963 
53600.000000 -51.496353 -0.000961 
53700.000000 -50.696350 -0.000944 
53800.000000 -50.696350 -0.000942 
53900.000000 -49.696350 -0.000922 
54000.000000 -48.096344 -0.000891 
54100.000000 -48.096344 -0.000889 
54200.000000 -48.096344 -0.000887 
54300.000000 -48.496338 -0.000893 
54400.000000 -47.496338 -0.000873 
54500.000000 -47.496338 -0.000871 
54600.000000 -47.496338 -0.000870 
54700.000000 -47.496338 -0.000868 
54800.000000 -47.496338 -0.000867 
54900.000000 -46.496338 -0.000847 
55000.000000 -45.596336 -0.000829 
55100.000000 -45.596336 -0.000828 
55200.000000 -45.796333 -0.000830 
55300.000000 -45.796333 -0.000828 
55400.000000 -45.796333 -0.000827 
55500.000000 -45.896332 -0.000827 
55600.000000 -45.896332 -0.000825 
55700.000000 -45.896332 -0.000824 
55800.000000 -45.996330 -0.000824 
55900.000000 -45.996330 -0.000823 
56000.000000 -46.096329 -0.000823 
56100.000000 -46.196327 -0.000823 
56200.000000 -45.896317 -0.000817 
56300.000000 -45.896317 -0.000815 
56400.000000 -45.896317 -0.000814 
56500.000000 -45.296310 -0.000802 
56600.000000 -44.496307 -0.000786 
56700.000000 -42.796303 -0.000755 
56800.000000 -42.296295 -0.000745 
56900.000000 -42.496292 -0.000747 
57000.000000 -42.596291 -0.000747 
57100.000000 -41.796288 -0.000732 
57200.000000 -41.196281 -0.000720 
57300.000000 -41.196281 -0.000719 
57400.000000 -40.396278 -0.000704 
57500.000000 -40.396278 -0.000703 
57600.000000 -40.396278 -0.000701 
57700.000000 -40.396278 -0.000700 
57800.000000 -40.396278 -0.000699 
57900.000000 -38.496277 -0.000665 
58000.000000 -38.496277 -0.000664 
58100.000000 -38.496277 -0.000663 
58200.000000 -38.896271 -0.000668 
58300.000000 -37.896271 -0.000650 
58400.000000 -37.896271 -0.000649 
58500.000000 -37.896271 -0.000648 
58600.000000 -37.896271 -0.000647 
58700.000000 -38.796257 -0.000661 
58800.000000 -37.796257 -0.000643 
58900.000000 -37.796257 -0.000642 
59000.000000 -37.796257 -0.000641 
59100.000000 -37.796257 -0.000640 
59200.000000 -37.796257 -0.000638 
59300.000000 -37.196251 -0.000627 
59400.000000 -36.196251 -0.000609 
59500.000000 -36.196251 -0.000608 
59600.000000 -36.196251 -0.000607 
59700.000000 -35.496246 -0.000595 
59800.000000 -35.496246 -0.000594 
59900.000000 -35.496246 -0.000593 
60000.000000 -34.496246 -0.000575 
60100.000000 -33.696243 -0.000561 
60200.000000 -33.696243 -0.000560 
60300.000000 -33.696243 -0.000559 
60400.000000 -32.696243 -0.000541 
60500.000000 -32.696243 -0.000540 
60600.000000 -32.696243 -0.000540 
60700.000000 -32.096237 -0.000529 
60800.000000 -32.096237 -0.000528 
60900.000000 -31.196236 -0.000512 
61000.000000 -31.196236 -0.000511 
61100.000000 -31.196236 -0.000511 
61200.000000 -31.196236 -0.000510 
61300.000000 -31.196236 -0.000509 
61400.000000 -31.196236 -0.000508 
61500.000000 -31.196236 -0.000507 
61600.000000 -31.196236 -0.000506 
61700.000000 -31.196236 -0.000506 
61800.000000 -31.196236 -0.000505 
61900.000000 -31.196236 -0.000504 
62000.000000 -31.196236 -0.000503 
62100.000000 -31.196236 -0.000502 
62200.000000 -31.196236 -0.000502 
62300.000000 -31.296236 -0.000502 
62400.000000 -30.396236 -0.000487 
62500.000000 -30.396236 -0.000486 
62600.000000 -30.396236 -0.000486 
62700.000000 -29.496237 -0.000470 
62800.000000 -29.596237 -0.000471 
62900.000000 -28.596237 -0.000455 
63000.000000 -28.596237 -0.000454 
63100.000000 -28.596237 -0.000453 
63200.000000 -28.596237 -0.000452 
63300.000000 -28.596237 -0.000452 
63400.000000 -28.596237 -0.000451 
63500.000000 -28.696238 -0.000452 
63600.000000 -28.696238 -0.000451 
63700.000000 -28.696238 -0.000450 
63800.000000 -28.696238 -0.000450 
63900.000000 -28.696238 -0.000449 
64000.000000 -28.696238 -0.000448 
64100.000000 -28.696238 -0.000448 
64200.000000 -27.796238 -0.000433 
64300.000000 -26.796238 -0.000417 
64400.000000 -26.796238 -0.000416 
64500.000000 -26.996239 -0.000419 
64600.000000 -26.996239 -0.000418 
64700.000000 -27.096239 -0.000419 
64800.000000 -27.096239 -0.000418 
64900.000000 -26.296240 -0.000405 
65000.000000 -26.296240 -0.000405 
65100.000000 -24.396240 -0.000375 
65200.000000 -24.396240 -0.000374 
65300.000000 -24.396240 -0.000374 
65400.000000 -24.396240 -0.000373 
65500.000000 -23.496241 -0.000359 
65600.000000 -22.796242 -0.000348 
65700.000000 -22.796242 -0.000347 
65800.000000 -21.796242 -0.000331 
65900.000000 -20.796242 -0.000316 
66000.000000 -20.796242 -0.000315 
66100.000000 -20.296244 -0.000307 
66200.000000 -19.396244 -0.000293 
66300.000000 -19.396244 -0.000293 
66400.000000 -19.396244 -0.000292 
66500.000000 -18.596245 -0.000280 
66600.000000 -17.596245 -0.000264 
66700.000000 -17.596245 -0.000264 
66800.000000 -17.596245 -0.000263 
66900.000000 -18.096247 -0.000270 
67000.000000 -17.096247 -0.000255 
67100.000000 -16.196247 -0.000241 
67200.000000 -16.196247 -0.000241 
67300.000000 -16.196247 -0.000241 
67400.000000 -16.196247 -0.000240 
67500.000000 -16.296247 -0.000241 
67600.000000 -15.596249 -0.000231 
67700.000000 -15.596249 -0.000230 
67800.000000 -15.596249 -0.000230 
67900.000000 -15.696249 -0.000231 
68000.000000 -15.696249 -0.000231 
68100.000000 -15.696249 -0.000230 
68200.000000 -15.696249 -0.000230 
68300.000000 -15.696249 -0.000230 
68400.000000 -15.996250 -0.000234 
68500.000000 -14.996250 -0.000219 
68600.000000 -14.996250 -0.000219 
68700.000000 -14.996250 -0.000218 
68800.000000 -14.996250 -0.000218 
68900.000000 -14.196251 -0.000206 
69000.000000 -13.296251 -0.000193 
69100.000000 -13.296251 -0.000192 
69200.000000 -13.296251 -0.000192 
69300.000000 -13.296251 -0.000192 
69400.000000 -13.296251 -0.000192 
69500.000000 -13.296251 -0.000191 
69600.000000 -13.296251 -0.000191 
69700.000000 -13.296251 -0.000191 
69800.000000 -13.396252 -0.000192 
69900.000000 -13.396252 -0.000192 
70000.000000 -13.396252 -0.000191 
70100.000000 -13.396252 -0.000191 
70200.000000 -12.596252 -0.000179 
70300.000000 -11.696253 -0.000166 
70400.000000 -11.696253 -0.000166 
70500.000000 -10.696253 -0.000152 
70600.000000 -10.696253 -0.000152 
70700.000000 -10.696253 -0.000151 
70800.000000 -10.696253 -0.000151 
70900.000000 -10.696253 -0.000151 
71000.000000 -10.796253 -0.000152 
71100.000000 -10.796253 -0.000152 
71200.000000 -10.796253 -0.000152 
71300.000000 -10.796253 -0.000151 
71400.000000 -9.896254 -0.000139 
71500.000000 -9.896254 -0.000138 
71600.000000 -9.896254 -0.000138 
71700.000000 -9.096254 -0.000127 
71800.000000 -9.096254 -0.000127 
71900.000000 -9.096254 -0.000127 
72000.000000 -9.096254 -0.000126 
72100.000000 -8.296255 -0.000115 
72200.000000 -8.396255 -0.000116 
72300.000000 -7.796257 -0.000108 
72400.000000 -7.796257 -0.000108 
72500.000000 -7.796257 -0.000108 
72600.000000 -7.796257 -0.000107 
72700.000000 -7.796257 -0.000107 
72800.000000 -7.796257 -0.000107 
72900.000000 -7.796257 -0.000107 
73000.000000 -7.796257 -0.000107 
73100.000000 -7.796257 -0.000107 
73200.000000 -7.796257 -0.000107 
73300.000000 -7.896257 -0.000108 
73400.000000 -7.896257 -0.000108 
73500.000000 -7.896257 -0.000107 
73600.000000 -6.896257 -0.000094 
73700.000000 -5.896257 -0.000080 
73800.000000 -5.896257 -0.000080 
73900.000000 -6.096257 -0.000082 
74000.000000 -5.096257 -0.000069 
74100.000000 -5.096257 -0.000069 
74200.000000 -5.096257 -0.000069 
74300.000000 -5.396256 -0.000073 
74400.000000 -5.696256 -0.000077 
74500.000000 -4.696256 -0.000063 
74600.000000 -4.696256 -0.000063 
74700.000000 -3.796256 -0.000051 
74800.000000 -3.796256 -0.000051 
74900.000000 -3.896256 -0.000052 
75000.000000 -3.896256 -0.000052 
75100.000000 -3.896256 -0.000052 
75200.000000 -3.896256 -0.000052 
75300.000000 -3.896256 -0.000052 
75400.000000 -3.896256 -0.000052 
75500.000000 -3.896256 -0.000052 
75600.000000 -3.896256 -0.000052 
75700.000000 -3.096256 -0.000041 
75800.000000 -2.296256 -0.000030 
75900.000000 -2.296256 -0.000030 
76000.000000 -2.296256 -0.000030 
76100.000000 -2.296256 -0.000030 
76200.000000 -2.296256 -0.000030 
76300.000000 -2.296256 -0.000030 
76400.000000 -2.296256 -0.000030 
76500.000000 -1.296256 -0.000017 
76600.000000 -1.296256 -0.000017 
76700.000000 -1.296256 -0.000017 
76800.000000 -1.296256 -0.000017 
76900.000000 0.403744 0.000005 
77000.000000 0.403744 0.000005 
77100.000000 0.303744 0.000004 
77200.000000 0.303744 0.000004 
77300.000000 0.303744 0.000004 
77400.000000 0.303744 0.000004 
77500.000000 1.203744 0.000016 
77600.000000 1.203744 0.000016 
77700.000000 2.203744 0.000028 
77800.000000 3.103745 0.000040 
77900.000000 3.103745 0.000040 
78000.000000 3.103745 0.000040 
78100.000000 3.103745 0.000040 
78200.000000 4.103745 0.000052 
78300.000000 4.103745 0.000052 
78400.000000 4.103745 0.000052 
78500.000000 4.003745 0.000051 
78600.000000 3.903745 0.000050 
78700.000000 3.903745 0.000050 
78800.000000 3.903745 0.000050 
78900.000000 3.903745 0.000049 
79000.000000 5.603745 0.000071 
79100.000000 5.603745 0.000071 
79200.000000 5.603745 0.000071 
79300.000000 5.603745 0.000071 
79400.000000 5.603745 0.000071 
79500.000000 5.603745 0.000070 
79600.000000 5.503745 0.000069 
79700.000000 5.503745 0.000069 
79800.000000 5.503745 0.000069 
79900.000000 5.503745 0.000069 
80000.000000 5.403745 0.000068 
80100.000000 5.403745 0.000067 
80200.000000 5.403745 0.000067 
80300.000000 5.403745 0.000067 
80400.000000 5.403745 0.000067 
80500.000000 5.403745 0.000067 
80600.000000 5.303745 0.000066 
80700.000000 5.303745 0.000066 
80800.000000 5.303745 0.000066 
80900.000000 5.203745 0.000064 
81000.000000 5.203745 0.000064 
81100.000000 5.203745 0.000064 
81200.000000 5.203745 0.000064 
81300.000000 5.203745 0.000064 
81400.000000 5.103745 0.000063 
81500.000000 4.903746 0.000060 
81600.000000 4.903746 0.000060 
81700.000000 4.903746 0.000060 
81800.000000 4.903746 0.000060 
81900.000000 4.903746 0.000060 
82000.000000 4.903746 0.000060 
82100.000000 4.903746 0.000060 
82200.000000 4.903746 0.000060 
82300.000000 5.803746 0.000071 
82400.000000 5.803746 0.000070 
82500.000000 5.803746 0.000070 
82600.000000 5.803746 0.000070 
82700.000000 5.503746 0.000067 
82800.000000 5.503746 0.000066 
82900.000000 5.503746 0.000066 
83000.000000 5.503746 0.000066 
83100.000000 5.503746 0.000066 
83200.000000 6.403746 0.000077 
83300.000000 6.403746 0.000077 
83400.000000 6.403746 0.000077 
83500.000000 6.403746 0.000077 
83600.000000 6.303746 0.000075 
83700.000000 8.203747 0.000098 
83800.000000 9.003746 0.000107 
83900.000000 8.903746 0.000106 
84000.000000 8.903746 0.000106 
84100.000000 8.903746 0.000106 
84200.000000 8.903746 0.000106 
84300.000000 8.903746 0.000106 
84400.000000 8.903746 0.000105 
84500.000000 8.903746 0.000105 
84600.000000 8.903746 0.000105 
84700.000000 8.903746 0.000105 
84800.000000 8.703745 0.000103 
84900.000000 8.703745 0.000103 
85000.000000 8.703745 0.000102 
85100.000000 8.703745 0.000102 
85200.000000 8.603745 0.000101 
85300.000000 8.603745 0.000101 
85400.000000 8.603745 0.000101 
85500.000000 8.603745 0.000101 
85600.000000 8.603745 0.000101 
85700.000000 8.603745 0.000100 
85800.000000 8.603745 0.000100 
85900.000000 8.503744 0.000099 
86000.000000 9.503744 0.000111 
86100.000000 10.503744 0.000122 
86200.000000 11.503744 0.000133 
86300.000000 11.503744 0.000133 
86400.000000 11.503744 0.000133 
86500.000000 11.503744 0.000133 
86600.000000 11.503744 0.000133 
86700.000000 11.503744 0.000133 
86800.000000 11.503744 0.000133 
86900.000000 11.503744 0.000132 
87000.000000 11.503744 0.000132 
87100.000000 11.503744 0.000132 
87200.000000 11.503744 0.000132 
87300.000000 11.503744 0.000132 
87400.000000 11.503744 0.000132 
87500.000000 11.503744 0.000131 
87600.000000 12.503744 0.000143 
87700.000000 12.503744 0.000143 
87800.000000 12.503744 0.000142 
87900.000000 12.503744 0.000142 
88000.000000 12.503744 0.000142 
88100.000000 13.503744 0.000153 
88200.000000 14.403744 0.000163 
88300.000000 14.403744 0.000163 
88400.000000 14.303743 0.000162 
88500.000000 14.303743 0.000162 
88600.000000 14.303743 0.000161 
88700.000000 14.303743 0.000161 
88800.000000 14.303743 0.000161 
88900.000000 14.303743 0.000161 
89000.000000 15.203743 0.000171 
89100.000000 15.103743 0.000170 
89200.000000 15.103743 0.000169 
89300.000000 15.003742 0.000168 
89400.000000 15.003742 0.000168 
89500.000000 15.003742 0.000168 
89600.000000 15.003742 0.000167 
89700.000000 16.003742 0.000178 
89800.000000 16.003742 0.000178 
89900.000000 16.003742 0.000178 
90000.000000 16.003742 0.000178 
90100.000000 16.003742 0.000178 
90200.000000 16.003742 0.000177 
90300.000000 16.703741 0.000185 
90400.000000 16.703741 0.000185 
90500.000000 18.603741 0.000206 
90600.000000 19.503740 0.000215 
90700.000000 19.503740 0.000215 
90800.000000 19.503740 0.000215 
90900.000000 19.303740 0.000212 
91000.000000 19.203739 0.000211 
91100.000000 19.203739 0.000211 
91200.000000 19.203739 0.000211 
91300.000000 19.103739 0.000209 
91400.000000 20.103739 0.000220 
91500.000000 20.103739 0.000220 
91600.000000 20.103739 0.000219 
91700.000000 20.103739 0.000219 
91800.000000 20.103739 0.000219 
91900.000000 20.103739 0.000219 
92000.000000 20.103739 0.000219 
92100.000000 20.103739 0.000218 
92200.000000 21.103739 0.000229 
92300.000000 21.103739 0.000229 
92400.000000 21.103739 0.000228 
92500.000000 21.103739 0.000228 
92600.000000 21.103739 0.000228 
92700.000000 21.103739 0.000228 
92800.000000 21.103739 0.000227 
92900.000000 21.103739 0.000227 
93000.000000 21.003738 0.000226 
93100.000000 21.003738 0.000226 
93200.000000 21.003738 0.000225 
93300.000000 21.003738 0.000225 
93400.000000 21.003738 0.000225 
93500.000000 21.003738 0.000225 
93600.000000 21.003738 0.000224 
93700.000000 21.003738 0.000224 
93800.000000 20.603737 0.000220 
93900.000000 21.503736 0.000229 
94000.000000 21.503736 0.000229 
94100.000000 22.403736 0.000238 
94200.000000 23.303736 0.000247 
94300.000000 24.203735 0.000257 
94400.000000 24.203735 0.000256 
94500.000000 24.203735 0.000256 
94600.000000 24.203735 0.000256 
94700.000000 25.203735 0.000266 
94800.000000 25.203735 0.000266 
94900.000000 25.203735 0.000266 
95000.000000 25.203735 0.000265 
95100.000000 25.203735 0.000265 
95200.000000 25.203735 0.000265 
95300.000000 25.203735 0.000264 
95400.000000 25.203735 0.000264 
95500.000000 25.203735 0.000264 
95600.000000 26.203735 0.000274 
95700.000000 27.203735 0.000284 
95800.000000 27.103735 0.000283 
95900.000000 27.103735 0.000283 
96000.000000 27.103735 0.000282 
96100.000000 27.103735 0.000282 
96200.000000 27.103735 0.000282 
96300.000000 27.103735 0.000281 
96400.000000 27.103735 0.000281 
96500.000000 27.103735 0.000281 
96600.000000 27.103735 0.000281 
96700.000000 27.103735 0.000280 
96800.000000 27.103735 0.000280 
96900.000000 27.103735 0.000280 
97000.000000 27.103735 0.000279 
97100.000000 27.103735 0.000279 
97200.000000 27.103735 0.000279 
97300.000000 27.103735 0.000279 
97400.000000 27.103735 0.000278 
97500.000000 27.103735 0.000278 
97600.000000 27.103735 0.000278 
97700.000000 27.103735 0.000277 
97800.000000 27.103735 0.000277 
97900.000000 27.103735 0.000277 
98000.000000 27.103735 0.000277 
98100.000000 26.803734 0.000273 
98200.000000 27.803734 0.000283 
98300.000000 27.703733 0.000282 
98400.000000 27.703733 0.000282 
98500.000000 28.703733 0.000291 
98600.000000 28.703733 0.000291 
98700.000000 28.703733 0.000291 
98800.000000 28.703733 0.000291 
98900.000000 28.703733 0.000290 
99000.000000 28.703733 0.000290 
99100.000000 28.703733 0.000290 
99200.000000 28.703733 0.000289 
99300.000000 28.703733 0.000289 
99400.000000 28.703733 0.000289 
99500.000000 28.703733 0.000288 
99600.000000 28.703733 0.000288 
99700.000000 28.703733 0.000288 
99800.000000 28.703733 0.000288 
99900.000000 28.703733 0.000287 
100000.000000 28.703733 0.000287 
100100.000000 28.703733 0.000287 
100200.000000 28.703733 0.000286 
100300.000000 28.703733 0.000286 
100400.000000 28.703733 0.000286 
100500.000000 28.703733 0.000286 
100600.000000 28.703733 0.000285 
100700.000000 28.703733 0.000285 
100800.000000 28.703733 0.000285 
100900.000000 28.703733 0.000284 
101000.000000 28.703733 0.000284 
101100.000000 28.703733 0.000284 
101200.000000 28.703733 0.000284 
101300.000000 28.703733 0.000283 
101400.000000 28.703733 0.000283 
101500.000000 28.703733 0.000283 
101600.000000 28.703733 0.000283 
101700.000000 28.703733 0.000282 
101800.000000 28.703733 0.000282 
101900.000000 28.703733 0.000282 
102000.000000 28.703733 0.000281 
102100.000000 29.703733 0.000291 
102200.000000 29.703733 0.000291 
102300.000000 30.703733 0.000300 
102400.000000 30.703733 0.000300 
102500.000000 30.703733 0.000300 
102600.000000 31.703733 0.000309 
102700.000000 31.703733 0.000309 
102800.000000 31.703733 0.000308 
102900.000000 31.703733 0.000308 
103000.000000 31.703733 0.000308 
103100.000000 31.703733 0.000308 
103200.000000 31.703733 0.000307 
103300.000000 31.603733 0.000306 
103400.000000 31.603733 0.000306 
103500.000000 31.603733 0.000305 
103600.000000 31.603733 0.000305 
103700.000000 31.603733 0.000305 
103800.000000 31.603733 0.000304 
103900.000000 31.603733 0.000304 
104000.000000 31.603733 0.000304 
104100.000000 31.603733 0.000304 
104200.000000 32.603733 0.000313 
104300.000000 32.603733 0.000313 
104400.000000 32.603733 0.000312 
104500.000000 32.603733 0.000312 
104600.000000 32.603733 0.000312 
104700.000000 32.503735 0.000310 
104800.000000 32.503735 0.000310 
104900.000000 32.503735 0.000310 
105000.000000 32.503735 0.000310 
105100.000000 32.503735 0.000309 
105200.000000 32.503735 0.000309 
105300.000000 32.503735 0.000309 
105400.000000 32.503735 0.000308 
105500.000000 32.503735 0.000308 
105600.000000 32.503735 0.000308 
105700.000000 32.503735 0.000308 
105800.000000 32.503735 0.000307 
105900.000000 33.503735 0.000316 
106000.000000 33.503735 0.000316 
106100.000000 33.503735 0.000316 
106200.000000 33.503735 0.000315 
106300.000000 33.503735 0.000315 
106400.000000 33.503735 0.000315 
106500.000000 33.503735 0.000315 
106600.000000 33.503735 0.000314 
106700.000000 33.503735 0.000314 
106800.000000 34.503735 0.000323 
106900.000000 34.503735 0.000323 
107000.000000 34.503735 0.000322 
107100.000000 34.503735 0.000322 
107200.000000 34.503735 0.000322 
107300.000000 34.503735 0.000322 
107400.000000 34.503735 0.000321 
107500.000000 35.503735 0.000330 
107600.000000 35.503735 0.000330 
107700.000000 35.503735 0.000330 
107800.000000 35.503735 0.000329 
107900.000000 35.503735 0.000329 
108000.000000 35.503735 0.000329 
108100.000000 35.503735 0.000328 
108200.000000 35.503735 0.000328 
108300.000000 35.503735 0.000328 
108400.000000 35.503735 0.000328 
108500.000000 35.503735 0.000327 
108600.000000 35.403736 0.000326 
108700.000000 37.203739 0.000342 
108800.000000 37.203739 0.000342 
108900.000000 37.203739 0.000342 
109000.000000 38.203739 0.000350 
109100.000000 38.203739 0.000350 
109200.000000 39.203739 0.000359 
109300.000000 39.203739 0.000359 
109400.000000 39.203739 0.000358 
109500.000000 39.203739 0.000358 
109600.000000 39.203739 0.000358 
109700.000000 39.203739 0.000357 
109800.000000 39.203739 0.000357 
109900.000000 39.203739 0.000357 
110000.000000 41.103741 0.000374 
110100.000000 41.103741 0.000373 
110200.000000 41.103741 0.000373 
110300.000000 41.103741 0.000373 
110400.000000 41.103741 0.000372 
110500.000000 41.103741 0.000372 
110600.000000 41.103741 0.000372 
110700.000000 40.903744 0.000370 
110800.000000 40.903744 0.000369 
110900.000000 40.903744 0.000369 
111000.000000 40.903744 0.000369 
111100.000000 40.903744 0.000368 
111200.000000 40.903744 0.000368 
111300.000000 40.903744 0.000368 
111400.000000 40.903744 0.000367 
111500.000000 41.903744 0.000376 
111600.000000 41.903744 0.000375 
111700.000000 41.903744 0.000375 
111800.000000 41.903744 0.000375 
111900.000000 41.903744 0.000374 
112000.000000 41.903744 0.000374 
112100.000000 41.903744 0.000374 
112200.000000 41.903744 0.000373 
112300.000000 41.903744 0.000373 
112400.000000 41.903744 0.000373 
112500.000000 41.903744 0.000372 
112600.000000 41.903744 0.000372 
112700.000000 41.903744 0.000372 
112800.000000 42.903744 0.000380 
112900.000000 42.903744 0.000380 
113000.000000 42.903744 0.000380 
113100.000000 43.903744 0.000388 
113200.000000 43.903744 0.000388 
113300.000000 43.903744 0.000387 
113400.000000 43.903744 0.000387 
113500.000000 43.903744 0.000387 
113600.000000 43.903744 0.000386 
113700.000000 43.903744 0.000386 
113800.000000 43.903744 0.000386 
113900.000000 43.903744 0.000385 
114000.000000 43.903744 0.000385 
114100.000000 43.903744 0.000385 
114200.000000 43.903744 0.000384 
114300.000000 43.903744 0.000384 
114400.000000 43.903744 0.000384 
114500.000000 43.903744 0.000383 
114600.000000 43.903744 0.000383 
114700.000000 43.903744 0.000383 
114800.000000 43.903744 0.000382 
114900.000000 43.903744 0.000382 
115000.000000 44.703747 0.000389 
115100.000000 44.703747 0.000388 
115200.000000 44.703747 0.000388 
115300.000000 44.703747 0.000388 
115400.000000 44.703747 0.000387 
115500.000000 45.703747 0.000396 
115600.000000 45.703747 0.000395 
115700.000000 45.703747 0.000395 
115800.000000 45.703747 0.000395 
115900.000000 45.703747 0.000394 
116000.000000 45.703747 0.000394 
116100.000000 45.703747 0.000394 
116200.000000 45.703747 0.000393 
116300.000000 45.703747 0.000393 
116400.000000 45.703747 0.000393 
116500.000000 45.703747 0.000392 
116600.000000 45.703747 0.000392 
116700.000000 45.703747 0.000392 
116800.000000 45.703747 0.000391 
116900.000000 45.703747 0.000391 
117000.000000 45.703747 0.000391 
117100.000000 45.703747 0.000390 
117200.000000 45.703747 0.000390 
117300.000000 45.703747 0.000390 
117400.000000 45.703747 0.000389 
117500.000000 45.703747 0.000389 
117600.000000 45.703747 0.000389 
117700.000000 46.703747 0.000397 
117800.000000 46.703747 0.000396 
117900.000000 46.503750 0.000394 
118000.000000 47.503750 0.000403 
118100.000000 47.103756 0.000399 
118200.000000 48.103756 0.000407 
118300.000000 48.103756 0.000407 
118400.000000 48.103756 0.000406 
118500.000000 48.103756 0.000406 
118600.000000 48.103756 0.000406 
118700.000000 48.103756 0.000405 
118800.000000 48.103756 0.000405 
118900.000000 48.103756 0.000405 
119000.000000 48.103756 0.000404 
119100.000000 49.003757 0.000411 
119200.000000 49.003757 0.000411 
119300.000000 49.003757 0.000411 
119400.000000 49.003757 0.000410 
119500.000000 49.003757 0.000410 
119600.000000 49.003757 0.000410 
119700.000000 49.003757 0.000409 
119800.000000 49.003757 0.000409 
119900.000000 49.003757 0.000409 
120000.000000 49.003757 0.000408 
120100.000000 49.003757 0.000408 
120200.000000 49.003757 0.000408 
120300.000000 50.003757 0.000416 
120400.000000 50.003757 0.000415 
120500.000000 50.003757 0.000415 
120600.000000 50.003757 0.000415 
120700.000000 49.703762 0.000412 
120800.000000 50.503765 0.000418 
120900.000000 50.503765 0.000418 
121000.000000 50.503765 0.000417 
121100.000000 50.503765 0.000417 
121200.000000 50.503765 0.000417 
121300.000000 50.503765 0.000416 
121400.000000 50.503765 0.000416 
121500.000000 50.503765 0.000416 
121600.000000 50.503765 0.000415 
121700.000000 50.503765 0.000415 
121800.000000 50.503765 0.000415 
121900.000000 50.503765 0.000414 
122000.000000 50.503765 0.000414 
122100.000000 50.503765 0.000414 
122200.000000 50.503765 0.000413 
122300.000000 50.503765 0.000413 
122400.000000 50.503765 0.000413 
122500.000000 51.503765 0.000420 
122600.000000 52.303768 0.000427 
122700.000000 52.303768 0.000426 
122800.000000 52.303768 0.000426 
122900.000000 54.303768 0.000442 
123000.000000 56.303768 0.000458 
123100.000000 57.303768 0.000466 
123200.000000 61.303768 0.000498 
123300.000000 64.103775 0.000520 
123400.000000 68.103775 0.000552 
123500.000000 71.103775 0.000576 
123600.000000 74.103775 0.000600 
123700.000000 75.903778 0.000614 
123800.000000 78.803780 0.000637 
123900.000000 81.703781 0.000659 
124000.000000 83.503784 0.000673 
124100.000000 86.503784 0.000697 
124200.000000 87.503784 0.000705 
124300.000000 88.403786 0.000711 
124400.000000 91.403786 0.000735 
124500.000000 94.403786 0.000758 
124600.000000 97.403786 0.000782 
124700.000000 100.403786 0.000805 
124800.000000 103.303787 0.000828 
124900.000000 106.303787 0.000851 
125000.000000 109.303787 0.000874 
125100.000000 113.303787 0.000906 
125200.000000 115.203789 0.000920 
125300.000000 117.003792 0.000934 
125400.000000 120.803795 0.000963 
125500.000000 122.803795 0.000979 
125600.000000 126.803795 0.001010 
125700.000000 129.803802 0.001033 
125800.000000 129.703796 0.001031 
125900.000000 132.703796 0.001054 
126000.000000 135.703796 0.001077 
126100.000000 138.603790 0.001099 
126200.000000 142.603790 0.001130 
126300.000000 144.603790 0.001145 
126400.000000 145.603790 0.001152 
126500.000000 147.603790 0.001167 
126600.000000 148.403778 0.001172 
126700.000000 151.303772 0.001194 
126800.000000 153.303772 0.001209 
126900.000000 155.203766 0.001223 
127000.000000 157.103760 0.001237 
127100.000000 161.103760 0.001268 
127200.000000 163.103760 0.001282 
127300.000000 164.003754 0.001288 
127400.000000 165.003754 0.001295 
127500.000000 165.803741 0.001300 
127600.000000 168.803741 0.001323 
127700.000000 171.803741 0.001345 
127800.000000 173.803741 0.001360 
127900.000000 175.703735 0.001374 
128000.000000 177.703735 0.001388 
128100.000000 179.703735 0.001403 
128200.000000 180.603729 0.001409 
128300.000000 181.103699 0.001412 
128400.000000 183.103699 0.001426 
128500.000000 183.903687 0.001431 
128600.000000 186.803680 0.001453 
128700.000000 189.803680 0.001475 
128800.000000 193.803680 0.001505 
128900.000000 194.703674 0.001511 
129000.000000 197.703674 0.001533 
129100.000000 200.603668 0.001554 
129200.000000 202.403656 0.001567 
129300.000000 204.403656 0.001581 
129400.000000 206.303650 0.001594 
129500.000000 210.303650 0.001624 
129600.000000 211.203644 0.001630 
129700.000000 214.203644 0.001652 
129800.000000 216.203644 0.001666 
129900.000000 218.103638 0.001679 
130000.000000 219.103638 0.001685 
130100.000000 222.903625 0.001713 
130200.000000 224.703613 0.001726 
130300.000000 226.003571 0.001734 
130400.000000 228.203522 0.001750 
130500.000000 229.803497 0.001761 
130600.000000 233.503479 0.001788 
130700.000000 235.503479 0.001802 
130800.000000 239.503479 0.001831 
130900.000000 241.503479 0.001845 
131000.000000 244.503479 0.001866 
131100.000000 246.303467 0.001879 
131200.000000 249.303467 0.001900 
131300.000000 251.203461 0.001913 
131400.000000 254.203461 0.001935 
131500.000000 258.103455 0.001963 
131600.000000 260.903442 0.001983 
131700.000000 261.903442 0.001989 
131800.000000 265.803436 0.002017 
131900.000000 269.803436 0.002046 
132000.000000 272.503418 0.002064 
132100.000000 275.503418 0.002086 
132200.000000 278.503418 0.002107 
132300.000000 281.403412 0.002127 
132400.000000 284.403412 0.002148 
132500.000000 286.403412 0.002162 
132600.000000 290.403412 0.002190 
132700.000000 293.403412 0.002211 
132800.000000 297.403412 0.002239 
132900.000000 301.403412 0.002268 
133000.000000 304.403412 0.002289 
133100.000000 306.403412 0.002302 
133200.000000 310.403412 0.002330 
133300.000000 312.403412 0.002344 
133400.000000 315.303406 0.002364 
133500.000000 316.303406 0.002369 
133600.000000 320.303406 0.002397 
133700.000000 322.303406 0.002411 
133800.000000 326.303406 0.002439 
133900.000000 329.203400 0.002459 
134000.000000 332.203400 0.002479 
134100.000000 333.103394 0.002484 
134200.000000 335.103394 0.002497 
134300.000000 335.803375 0.002500 
134400.000000 337.803375 0.002513 
134500.000000 340.803375 0.002534 
134600.000000 342.803375 0.002547 
134700.000000 345.803375 0.002567 
134800.000000 346.803375 0.002573 
134900.000000 347.803375 0.002578 
135000.000000 351.803375 0.002606 
135100.000000 354.803375 0.002626 
135200.000000 356.403351 0.002636 
135300.000000 359.303345 0.002656 
135400.000000 361.203339 0.002668 
135500.000000 364.103333 0.002687 
135600.000000 366.103333 0.002700 
135700.000000 370.103333 0.002727 
135800.000000 372.103333 0.002740 
135900.000000 374.103333 0.002753 
136000.000000 375.103333 0.002758 
136100.000000 375.803314 0.002761 
136200.000000 377.803314 0.002774 
136300.000000 381.803314 0.002801 
136400.000000 384.703308 0.002820 
136500.000000 387.703308 0.002840 
136600.000000 390.603302 0.002859 
136700.000000 392.603302 0.002872 
136800.000000 392.603302 0.002870 
136900.000000 397.603302 0.002904 
137000.000000 400.603302 0.002924 
137100.000000 403.503296 0.002943 
137200.000000 405.503296 0.002956 
137300.000000 405.303284 0.002952 
137400.000000 409.203278 0.002978 
137500.000000 412.203278 0.002998 
137600.000000 414.203278 0.003010 
137700.000000 418.203278 0.003037 
137800.000000 421.203278 0.003057 
137900.000000 424.203278 0.003076 
138000.000000 428.003265 0.003101 
138100.000000 431.003265 0.003121 
138200.000000 436.003265 0.003155 
138300.000000 438.703247 0.003172 
138400.000000 441.703247 0.003191 
138500.000000 445.703247 0.003218 
138600.000000 448.703247 0.003237 
138700.000000 452.703247 0.003264 
138800.000000 454.503235 0.003275 
138900.000000 458.503235 0.003301 
139000.000000 460.403229 0.003312 
139100.000000 461.103210 0.003315 
139200.000000 466.103210 0.003348 
139300.000000 468.003204 0.003360 
139400.000000 471.003204 0.003379 
139500.000000 472.903198 0.003390 
139600.000000 473.903198 0.003395 
139700.000000 475.903198 0.003407 
139800.000000 477.603180 0.003416 
139900.000000 479.603180 0.003428 
140000.000000 481.603180 0.003440 
140100.000000 482.603180 0.003445 
140200.000000 486.403168 0.003469 
140300.000000 488.403168 0.003481 
140400.000000 491.403168 0.003500 
140500.000000 494.403168 0.003519 
140600.000000 497.303162 0.003537 
140700.000000 500.303162 0.003556 
140800.000000 502.303162 0.003567 
140900.000000 503.103149 0.003571 
141000.000000 504.103149 0.003575 
141100.000000 506.003143 0.003586 
141200.000000 507.903137 0.003597 
141300.000000 508.803131 0.003601 
141400.000000 511.403107 0.003617 
141500.000000 513.103149 0.003626 
141600.000000 513.503296 0.003626 
141700.000000 514.203369 0.003629 
141800.000000 516.103394 0.003640 
141900.000000 518.103394 0.003651 
142000.000000 518.703491 0.003653 
142100.000000 521.703491 0.003671 
142200.000000 523.303589 0.003680 
142300.000000 526.303589 0.003699 
142400.000000 529.303589 0.003717 
142500.000000 532.303589 0.003735 
142600.000000 533.303589 0.003740 
142700.000000 536.303589 0.003758 
142800.000000 538.303589 0.003770 
142900.000000 540.303589 0.003781 
143000.000000 541.203613 0.003785 
143100.000000 543.203613 0.003796 
143200.000000 545.203613 0.003807 
143300.000000 548.103638 0.003825 
143400.000000 549.903687 0.003835 
143500.000000 552.803711 0.003852 
143600.000000 553.703735 0.003856 
143700.000000 557.703735 0.003881 
143800.000000 560.703735 0.003899 
143900.000000 562.503784 0.003909 
144000.000000 564.503784 0.003920 
144100.000000 567.503784 0.003938 
144200.000000 571.403809 0.003963 
144300.000000 575.303833 0.003987 
144400.000000 578.303833 0.004005 
144500.000000 581.103882 0.004021 
144600.000000 584.103882 0.004039 
144700.000000 587.103882 0.004057 
144800.000000 590.103882 0.004075 
144900.000000 592.103882 0.004086 
145000.000000 595.103882 0.004104 
145100.000000 599.103882 0.004129 
145200.000000 602.103882 0.004147 
145300.000000 605.003906 0.004164 
145400.000000 606.003906 0.004168 
145500.000000 607.903931 0.004178 
145600.000000 611.803955 0.004202 
145700.000000 612.703979 0.004205 
145800.000000 615.703979 0.004223 
145900.000000 618.504028 0.004239 
146000.000000 620.404053 0.004249 
146100.000000 623.404053 0.004267 
146200.000000 625.304077 0.004277 
146300.000000 628.304077 0.004295 
146400.000000 631.304077 0.004312 
146500.000000 633.304077 0.004323 
146600.000000 636.304077 0.004340 
146700.000000 637.204102 0.004344 
146800.000000 639.204102 0.004354 
146900.000000 641.204102 0.004365 
147000.000000 643.204102 0.004376 
147100.000000 644.104126 0.004379 
147200.000000 646.004150 0.004389 
147300.000000 646.904175 0.004392 
147400.000000 648.904175 0.004402 
147500.000000 652.904175 0.004426 
147600.000000 655.804199 0.004443 
147700.000000 659.804199 0.004467 
147800.000000 663.804199 0.004491 
147900.000000 666.804199 0.004508 
148000.000000 667.704224 0.004512 
148100.000000 670.704224 0.004529 
148200.000000 673.704224 0.004546 
148300.000000 677.704224 0.004570 
148400.000000 679.704224 0.004580 
148500.000000 681.404297 0.004589 
148600.000000 682.404297 0.004592 
148700.000000 685.404297 0.004609 
148800.000000 687.404297 0.004620 
148900.000000 689.404297 0.004630 
149000.000000 693.404297 0.004654 
149100.000000 697.304321 0.004677 
149200.000000 698.204346 0.004680 
149300.000000 698.104370 0.004676 
149400.000000 701.004395 0.004692 
149500.000000 703.904419 0.004708 
149600.000000 705.804443 0.004718 
149700.000000 709.804443 0.004742 
149800.000000 712.804443 0.004758 
149900.000000 715.604492 0.004774 
150000.000000 719.604492 0.004797 
150100.000000 719.604492 0.004794 
150200.000000 721.204590 0.004802 
150300.000000 722.904663 0.004810 
150400.000000 725.904663 0.004826 
150500.000000 728.704712 0.004842 
150600.000000 731.704712 0.004859 
150700.000000 733.504761 0.004867 
150800.000000 736.504761 0.004884 
150900.000000 738.504761 0.004894 
151000.000000 740.504761 0.004904 
151100.000000 741.504761 0.004907 
151200.000000 742.504761 0.004911 
151300.000000 743.304810 0.004913 
151400.000000 744.304810 0.004916 
151500.000000 748.304810 0.004939 
151600.000000 749.304810 0.004943 
151700.000000 752.304810 0.004959 
151800.000000 753.304810 0.004962 
151900.000000 754.304810 0.004966 
152000.000000 755.204834 0.004968 
152100.000000 757.204834 0.004978 
152200.000000 758.204834 0.004982 
152300.000000 759.204834 0.004985 
152400.000000 759.905151 0.004986 
152500.000000 762.905151 0.005003 
152600.000000 765.905151 0.005019 
152700.000000 768.905151 0.005035 
152800.000000 770.905151 0.005045 
152900.000000 774.905151 0.005068 
153000.000000 776.805176 0.005077 
153100.000000 778.805176 0.005087 
153200.000000 781.805176 0.005103 
153300.000000 784.805176 0.005119 
153400.000000 787.705200 0.005135 
153500.000000 790.705200 0.005151 
153600.000000 792.705200 0.005161 
153700.000000 796.705200 0.005184 
153800.000000 800.705200 0.005206 
153900.000000 803.705200 0.005222 
154000.000000 806.705200 0.005238 
154100.000000 808.705200 0.005248 
154200.000000 810.705200 0.005257 
154300.000000 814.705200 0.005280 
154400.000000 814.605225 0.005276 
154500.000000 817.405273 0.005291 
154600.000000 819.405273 0.005300 
154700.000000 823.405273 0.005323 
154800.000000 826.405273 0.005339 
154900.000000 829.305298 0.005354 
155000.000000 831.105347 0.005362 
155100.000000 832.005371 0.005364 
155200.000000 833.005371 0.005367 
155300.000000 833.705444 0.005368 
155400.000000 835.705444 0.005378 
155500.000000 837.405518 0.005385 
155600.000000 837.105591 0.005380 
155700.000000 838.105591 0.005383 
155800.000000 839.005615 0.005385 
155900.000000 841.005615 0.005395 
156000.000000 843.005615 0.005404 
156100.000000 844.905640 0.005413 
156200.000000 845.805664 0.005415 
156300.000000 849.805664 0.005437 
156400.000000 850.805664 0.005440 
156500.000000 851.705688 0.005442 
156600.000000 854.605713 0.005457 
156700.000000 855.605713 0.005460 
156800.000000 857.605713 0.005469 
156900.000000 860.405762 0.005484 
157000.000000 862.305786 0.005492 
157100.000000 863.105835 0.005494 
157200.000000 864.505981 0.005499 
157300.000000 865.306030 0.005501 
157400.000000 865.206055 0.005497 
157500.000000 866.506226 0.005502 
157600.000000 867.506226 0.005504 
157700.000000 868.806396 0.005509 
157800.000000 870.806396 0.005518 
157900.000000 873.806396 0.005534 
158000.000000 874.806396 0.005537 
158100.000000 874.606445 0.005532 
158200.000000 877.606445 0.005547 
158300.000000 878.606445 0.005550 
158400.000000 878.606445 0.005547 
158500.000000 879.406494 0.005548 
158600.000000 880.406494 0.005551 
158700.000000 883.306519 0.005566 
158800.000000 885.306519 0.005575 
158900.000000 887.306519 0.005584 
159000.000000 889.306519 0.005593 
159100.000000 891.306519 0.005602 
159200.000000 892.306519 0.005605 
159300.000000 892.306519 0.005601 
159400.000000 893.206543 0.005604 
159500.000000 893.106567 0.005599 
159600.000000 895.106567 0.005608 
159700.000000 895.906616 0.005610 
159800.000000 896.906616 0.005613 
159900.000000 896.906616 0.005609 
160000.000000 896.506714 0.005603 
160100.000000 897.506714 0.005606 
160200.000000 898.406738 0.005608 
160300.000000 899.406738 0.005611 
160400.000000 900.406738 0.005614 
160500.000000 903.306763 0.005628 
160600.000000 904.006836 0.005629 
160700.000000 903.806885 0.005624 
160800.000000 903.606934 0.005619 
160900.000000 905.606934 0.005628 
161000.000000 907.506958 0.005637 
161100.000000 909.406982 0.005645 
161200.000000 912.307007 0.005659 
161300.000000 914.207031 0.005668 
161400.000000 914.807129 0.005668 
161500.000000 915.807129 0.005671 
161600.000000 915.507202 0.005665 
161700.000000 916.207275 0.005666 
161800.000000 916.807373 0.005666 
161900.000000 917.507446 0.005667 
162000.000000 916.807617 0.005659 
162100.000000 916.807617 0.005656 
162200.000000 916.107788 0.005648 
162300.000000 917.007812 0.005650 
162400.000000 918.007812 0.005653 
162500.000000 918.607910 0.005653 
162600.000000 918.607910 0.005649 
162700.000000 918.607910 0.005646 
162800.000000 918.407959 0.005641 
162900.000000 917.908081 0.005635 
163000.000000 917.908081 0.005631 
163100.000000 917.908081 0.005628 
163200.000000 918.908081 0.005631 
163300.000000 920.908081 0.005639 
163400.000000 921.908081 0.005642 
163500.000000 923.608154 0.005649 
163600.000000 924.408203 0.005650 
163700.000000 925.308472 0.005652 
163800.000000 926.808594 0.005658 
163900.000000 929.708618 0.005672 
164000.000000 932.708618 0.005687 
164100.000000 936.708618 0.005708 
164200.000000 937.708618 0.005711 
164300.000000 941.608643 0.005731 
164400.000000 944.508667 0.005745 
164500.000000 945.508667 0.005748 
164600.000000 946.408691 0.005750 
164700.000000 946.108765 0.005744 
164800.000000 947.908813 0.005752 
164900.000000 949.808838 0.005760 
165000.000000 951.808838 0.005769 
165100.000000 953.708862 0.005777 
165200.000000 954.708862 0.005779 
165300.000000 956.708862 0.005788 
165400.000000 959.708862 0.005802 
165500.000000 962.708862 0.005817 
165600.000000 965.708862 0.005832 
165700.000000 967.608887 0.005840 
165800.000000 970.608887 0.005854 
165900.000000 973.608887 0.005869 
166000.000000 976.608887 0.005883 
166100.000000 979.408936 0.005897 
166200.000000 982.308960 0.005910 
166300.000000 984.208984 0.005918 
166400.000000 985.109009 0.005920 
166500.000000 987.009033 0.005928 
166600.000000 990.009033 0.005942 
166700.000000 990.809082 0.005944 
166800.000000 992.309204 0.005949 
166900.000000 993.309204 0.005952 
167000.000000 997.209229 0.005971 
167100.000000 999.109253 0.005979 
167200.000000 1002.109253 0.005993 
167300.000000 1005.109253 0.006008 
167400.000000 1008.009277 0.006022 
167500.000000 1011.009277 0.006036 
167600.000000 1013.009277 0.006044 
167700.000000 1014.009277 0.006047 
167800.000000 1016.009277 0.006055 
167900.000000 1019.009277 0.006069 
168000.000000 1022.009277 0.006083 
168100.000000 1022.909302 0.006085 
168200.000000 1024.909302 0.006093 
168300.000000 1026.809326 0.006101 
168400.000000 1030.809326 0.006121 
168500.000000 1033.809326 0.006135 
168600.000000 1036.809326 0.006150 
168700.000000 1039.809326 0.006164 
168800.000000 1041.709351 0.006171 
168900.000000 1041.709351 0.006168 
169000.000000 1044.709351 0.006182 
169100.000000 1045.709351 0.006184 
169200.000000 1046.509399 0.006185 
169300.000000 1050.509399 0.006205 
169400.000000 1051.509399 0.006207 
169500.000000 1053.509399 0.006215 
169600.000000 1056.409424 0.006229 
169700.000000 1058.409424 0.006237 
169800.000000 1059.409424 0.006239 
169900.000000 1061.209473 0.006246 
170000.000000 1064.209473 0.006260 
170100.000000 1068.209473 0.006280 
170200.000000 1070.209473 0.006288 
170300.000000 1073.109497 0.006301 
170400.000000 1074.009521 0.006303 
170500.000000 1074.809570 0.006304 
170600.000000 1075.809570 0.006306 
170700.000000 1079.809570 0.006326 
170800.000000 1079.709595 0.006321 
170900.000000 1080.709595 0.006324 
171000.000000 1082.709595 0.006332 
171100.000000 1084.709595 0.006340 
171200.000000 1087.609619 0.006353 
171300.000000 1089.609619 0.006361 
171400.000000 1092.509644 0.006374 
171500.000000 1095.509644 0.006388 
171600.000000 1098.509644 0.006402 
171700.000000 1099.509644 0.006404 
171800.000000 1102.509644 0.006417 
171900.000000 1104.209717 0.006424 
172000.000000 1107.109741 0.006437 
172100.000000 1108.109741 0.006439 
172200.000000 1110.109741 0.006447 
172300.000000 1111.109741 0.006449 
172400.000000 1110.509888 0.006441 
172500.000000 1112.309937 0.006448 
172600.000000 1113.109985 0.006449 
172700.000000 1113.010010 0.006445 
172800.000000 1112.710083 0.006439 
172900.000000 1114.710083 0.006447 
173000.000000 1116.710083 0.006455 
173100.000000 1117.710083 0.006457 
173200.000000 1119.310181 0.006463 
173300.000000 1119.010498 0.006457 
173400.000000 1119.910522 0.006459 
173500.000000 1122.910522 0.006472 
173600.000000 1124.910522 0.006480 
173700.000000 1124.810547 0.006476 
173800.000000 1126.810547 0.006483 
173900.000000 1128.710571 0.006491 
174000.000000 1131.710571 0.006504 
174100.000000 1133.610596 0.006511 
174200.000000 1134.510620 0.006513 
174300.000000 1136.410645 0.006520 
174400.000000 1137.310669 0.006521 
174500.000000 1138.210693 0.006523 
174600.000000 1140.110718 0.006530 
174700.000000 1142.910767 0.006542 
174800.000000 1144.910767 0.006550 
174900.000000 1148.810791 0.006568 
175000.000000 1150.710815 0.006575 
175100.000000 1152.710815 0.006583 
175200.000000 1154.710815 0.006591 
175300.000000 1156.610840 0.006598 
175400.000000 1157.410889 0.006599 
175500.000000 1161.410889 0.006618 
175600.000000 1162.410889 0.006620 
175700.000000 1166.310913 0.006638 
175800.000000 1167.210938 0.006639 
175900.000000 1168.010986 0.006640 
176000.000000 1169.010986 0.006642 
176100.000000 1169.010986 0.006638 
176200.000000 1171.010986 0.006646 
176300.000000 1170.611084 0.006640 
176400.000000 1171.511108 0.006641 
176500.000000 1173.211182 0.006647 
176600.000000 1174.911255 0.006653 
176700.000000 1177.711304 0.006665 
176800.000000 1180.711304 0.006678 
176900.000000 1183.711304 0.006691 
177000.000000 1185.611328 0.006698 
177100.000000 1187.511353 0.006705 
177200.000000 1190.511353 0.006718 
177300.000000 1192.511353 0.006726 
177400.000000 1196.511353 0.006745 
177500.000000 1201.411377 0.006769 
177600.000000 1202.411377 0.006770 
177700.000000 1204.411377 0.006778 
177800.000000 1206.411377 0.006785 
177900.000000 1206.111450 0.006780 
178000.000000 1207.911499 0.006786 
178100.000000 1209.911499 0.006793 
178200.000000 1210.911499 0.006795 
178300.000000 1212.911499 0.006803 
178400.000000 1214.911499 0.006810 
178500.000000 1218.911499 0.006829 
178600.000000 1221.911499 0.006842 
178700.000000 1224.911499 0.006855 
178800.000000 1228.911499 0.006873 
178900.000000 1230.911499 0.006880 
179000.000000 1234.911499 0.006899 
179100.000000 1236.911499 0.006906 
179200.000000 1237.611572 0.006906 
179300.000000 1238.611572 0.006908 
179400.000000 1239.611572 0.006910 
179500.000000 1242.611572 0.006923 
179600.000000 1245.611572 0.006935 
179700.000000 1246.611572 0.006937 
179800.000000 1248.311646 0.006943 
179900.000000 1250.311646 0.006950 
180000.000000 1251.311646 0.006952 
180100.000000 1253.311646 0.006959 
180200.000000 1254.211670 0.006960 
180300.000000 1255.011719 0.006961 
180400.000000 1254.911743 0.006956 
180500.000000 1256.511841 0.006961 
180600.000000 1255.812012 0.006954 
180700.000000 1257.812012 0.006961 
180800.000000 1260.712036 0.006973 
180900.000000 1262.612061 0.006980 
181000.000000 1265.612061 0.006992 
181100.000000 1265.612061 0.006988 
181200.000000 1268.612061 0.007001 
181300.000000 1269.612061 0.007003 
181400.000000 1272.412109 0.007014 
181500.000000 1272.912231 0.007013 
181600.000000 1276.812256 0.007031 
181700.000000 1278.812256 0.007038 
181800.000000 1280.812256 0.007045 
181900.000000 1281.812256 0.007047 
182000.000000 1283.612305 0.007053 
182100.000000 1282.612549 0.007043 
182200.000000 1282.612549 0.007040 
182300.000000 1282.312622 0.007034 
182400.000000 1282.312622 0.007030 
182500.000000 1283.212646 0.007031 
182600.000000 1283.912720 0.007031 
182700.000000 1284.912720 0.007033 
182800.000000 1287.712769 0.007044 
182900.000000 1290.712769 0.007057 
183000.000000 1291.712769 0.007059 
183100.000000 1292.312866 0.007058 
183200.000000 1293.312866 0.007060 
183300.000000 1293.312866 0.007056 
183400.000000 1293.912964 0.007055 
183500.000000 1292.313354 0.007043 
183600.000000 1292.113403 0.007038 
183700.000000 1291.413574 0.007030 
183800.000000 1292.413574 0.007032 
183900.000000 1292.313599 0.007027 
184000.000000 1292.213623 0.007023 
184100.000000 1293.113647 0.007024 
184200.000000 1296.113647 0.007036 
184300.000000 1298.113647 0.007043 
184400.000000 1300.113647 0.007051 
184500.000000 1301.813721 0.007056 
184600.000000 1302.613770 0.007056 
184700.000000 1302.513794 0.007052 
184800.000000 1302.513794 0.007048 
184900.000000 1305.513794 0.007061 
185000.000000 1306.513794 0.007062 
185100.000000 1307.513794 0.007064 
185200.000000 1308.413818 0.007065 
185300.000000 1311.413818 0.007077 
185400.000000 1313.413818 0.007084 
185500.000000 1318.413818 0.007107 
185600.000000 1319.413818 0.007109 
185700.000000 1321.313843 0.007115 
185800.000000 1324.313843 0.007128 
185900.000000 1325.313843 0.007129 
186000.000000 1328.313843 0.007141 
186100.000000 1329.113892 0.007142 
186200.000000 1331.113892 0.007149 
186300.000000 1335.113892 0.007166 
186400.000000 1336.113892 0.007168 
186500.000000 1339.113892 0.007180 
186600.000000 1341.113892 0.007187 
186700.000000 1343.113892 0.007194 
186800.000000 1345.013916 0.007200 
186900.000000 1348.013916 0.007212 
187000.000000 1350.013916 0.007219 
187100.000000 1351.013916 0.007221 
187200.000000 1353.013916 0.007228 
187300.000000 1354.013916 0.007229 
187400.000000 1354.013916 0.007225 
187500.000000 1356.913940 0.007237 
187600.000000 1357.913940 0.007238 
187700.000000 1358.913940 0.007240 
187800.000000 1359.913940 0.007241 
187900.000000 1363.813965 0.007258 
188000.000000 1365.713989 0.007264 
188100.000000 1367.614014 0.007271 
188200.000000 1369.614014 0.007277 
188300.000000 1370.314087 0.007277 
188400.000000 1370.114136 0.007272 
188500.000000 1371.114136 0.007274 
188600.000000 1371.114136 0.007270 
188700.000000 1371.014160 0.007266 
188800.000000 1372.014160 0.007267 
188900.000000 1372.914185 0.007268 
189000.000000 1371.914429 0.007259 
189100.000000 1374.814453 0.007270 
189200.000000 1377.814453 0.007282 
189300.000000 1380.814453 0.007294 
189400.000000 1381.814453 0.007296 
189500.000000 1382.814453 0.007297 
189600.000000 1384.814453 0.007304 
189700.000000 1385.814453 0.007305 
189800.000000 1386.714478 0.007306 
189900.000000 1388.514526 0.007312 
190000.000000 1390.514526 0.007318 
190100.000000 1392.414551 0.007325 
190200.000000 1397.414551 0.007347 
190300.000000 1398.414551 0.007348 
190400.000000 1399.414551 0.007350 
190500.000000 1400.414551 0.007351 
190600.000000 1402.414551 0.007358 
190700.000000 1403.414551 0.007359 
190800.000000 1404.214600 0.007360 
190900.000000 1406.214600 0.007366 
191000.000000 1409.214600 0.007378 
191100.000000 1411.214600 0.007385 
191200.000000 1414.114624 0.007396 
191300.000000 1418.114624 0.007413 
191400.000000 1420.114624 0.007420 
191500.000000 1423.114624 0.007431 
191600.000000 1427.114624 0.007448 
191700.000000 1431.114624 0.007465 
191800.000000 1433.114624 0.007472 
191900.000000 1435.114624 0.007478 
192000.000000 1437.114624 0.007485 
192100.000000 1438.114624 0.007486 
192200.000000 1439.114624 0.007488 
192300.000000 1440.114624 0.007489 
192400.000000 1441.114624 0.007490 
192500.000000 1445.114624 0.007507 
192600.000000 1446.114624 0.007508 
192700.000000 1447.114624 0.007510 
192800.000000 1450.114624 0.007521 
192900.000000 1451.114624 0.007523 
193000.000000 1451.114624 0.007519 
193100.000000 1451.114624 0.007515 
193200.000000 1451.014648 0.007510 
193300.000000 1451.014648 0.007507 
193400.000000 1451.014648 0.007503 
193500.000000 1451.014648 0.007499 
193600.000000 1453.014648 0.007505 
193700.000000 1453.914673 0.007506 
193800.000000 1454.514771 0.007505 
193900.000000 1454.314819 0.007500 
194000.000000 1454.014893 0.007495 
194100.000000 1453.914917 0.007491 
194200.000000 1453.515015 0.007485 
194300.000000 1453.515015 0.007481 
194400.000000 1454.515015 0.007482 
194500.000000 1454.515015 0.007478 
194600.000000 1456.515015 0.007485 
194700.000000 1457.415039 0.007485 
194800.000000 1459.415039 0.007492 
194900.000000 1459.415039 0.007488 
195000.000000 1460.015137 0.007487 
195100.000000 1461.915161 0.007493 
195200.000000 1463.915161 0.007500 
195300.000000 1465.915161 0.007506 
195400.000000 1468.915161 0.007517 
195500.000000 1469.915161 0.007519 
195600.000000 1469.815186 0.007514 
195700.000000 1470.415283 0.007514 
195800.000000 1472.215332 0.007519 
195900.000000 1474.015381 0.007524 
196000.000000 1474.815430 0.007525 
196100.000000 1474.715454 0.007520 
196200.000000 1476.115601 0.007524 
196300.000000 1477.915649 0.007529 
196400.000000 1477.815674 0.007525 
196500.000000 1478.815674 0.007526 
196600.000000 1478.416016 0.007520 
196700.000000 1478.416016 0.007516 
196800.000000 1478.516235 0.007513 
196900.000000 1482.516235 0.007529 
197000.000000 1482.216309 0.007524 
197100.000000 1485.216309 0.007535 
197200.000000 1488.216309 0.007547 
197300.000000 1488.216309 0.007543 
197400.000000 1490.216309 0.007549 
197500.000000 1493.216309 0.007561 
197600.000000 1496.016357 0.007571 
197700.000000 1496.916382 0.007572 
197800.000000 1498.916382 0.007578 
197900.000000 1499.916382 0.007579 
198000.000000 1500.916382 0.007580 
198100.000000 1501.616455 0.007580 
198200.000000 1503.616455 0.007586 
198300.000000 1505.616455 0.007593 
198400.000000 1506.516479 0.007593 
198500.000000 1506.516479 0.007590 
198600.000000 1508.516479 0.007596 
198700.000000 1510.516479 0.007602 
198800.000000 1512.516479 0.007608 
198900.000000 1515.516479 0.007619 
199000.000000 1516.516479 0.007621 
199100.000000 1519.516479 0.007632 
199200.000000 1521.516479 0.007638 
199300.000000 1521.516479 0.007634 
199400.000000 1522.316528 0.007634 
199500.000000 1524.316528 0.007641 
199600.000000 1525.216553 0.007641 
199700.000000 1526.216553 0.007643 
199800.000000 1527.216553 0.007644 
199900.000000 1529.116577 0.007649 
200000.000000 1532.916626 0.007665 
