100.000000 -1.500000 -0.015000 
200.000000 -3.999998 -0.020000 
300.000000 -5.799997 -0.019333 
400.000000 -7.399995 -0.018500 
500.000000 -8.099995 -0.016200 
600.000000 -8.799997 -0.014667 
700.000000 -10.400003 -0.014857 
800.000000 -10.900005 -0.013625 
900.000000 -11.900009 -0.013222 
1000.000000 -12.300014 -0.012300 
1100.000000 -12.800016 -0.011636 
1200.000000 -13.900021 -0.011583 
1300.000000 -15.600027 -0.012000 
1400.000000 -17.100033 -0.012214 
1500.000000 -18.800039 -0.012533 
1600.000000 -19.100040 -0.011938 
1700.000000 -20.300045 -0.011941 
1800.000000 -21.500050 -0.011944 
1900.000000 -22.000055 -0.011579 
2000.000000 -23.100060 -0.011550 
2100.000000 -24.500065 -0.011667 
2200.000000 -25.300072 -0.011500 
2300.000000 -26.900078 -0.011696 
2400.000000 -27.900082 -0.011625 
2500.000000 -29.000086 -0.011600 
2600.000000 -31.000093 -0.011923 
2700.000000 -31.600096 -0.011704 
2800.000000 -32.000099 -0.011429 
2900.000000 -31.400097 -0.010828 
3000.000000 -32.600090 -0.010867 
3100.000000 -34.700058 -0.011194 
3200.000000 -36.300034 -0.011344 
3300.000000 -37.200020 -0.011273 
3400.000000 -37.900009 -0.011147 
3500.000000 -38.399986 -0.010971 
3600.000000 -38.899963 -0.010806 
3700.000000 -37.599953 -0.010162 
3800.000000 -37.999931 -0.010000 
3900.000000 -38.399910 -0.009846 
4000.000000 -39.199898 -0.009800 
4100.000000 -39.199883 -0.009561 
4200.000000 -39.499878 -0.009405 
4300.000000 -39.499863 -0.009186 
4400.000000 -39.799843 -0.009045 
4500.000000 -40.399834 -0.008978 
4600.000000 -42.199806 -0.009174 
4700.000000 -42.299789 -0.009000 
4800.000000 -43.099777 -0.008979 
4900.000000 -43.699753 -0.008918 
5000.000000 -44.199745 -0.008840 
5100.000000 -44.899734 -0.008804 
5200.000000 -44.699722 -0.008596 
5300.000000 -44.499710 -0.008396 
5400.000000 -46.099686 -0.008537 
5500.000000 -45.699677 -0.008309 
5600.000000 -47.699646 -0.008518 
5700.000000 -48.199623 -0.008456 
5800.000000 -49.199608 -0.008483 
5900.000000 -49.799583 -0.008441 
6000.000000 -51.299561 -0.008550 
6100.000000 -51.699554 -0.008475 
6200.000000 -52.299545 -0.008435 
6300.000000 -53.499527 -0.008492 
6400.000000 -53.499512 -0.008359 
6500.000000 -55.499481 -0.008538 
6600.000000 -55.799461 -0.008454 
6700.000000 -57.199440 -0.008537 
6800.000000 -56.999428 -0.008382 
6900.000000 -57.999413 -0.008406 
7000.000000 -58.799400 -0.008400 
7100.000000 -59.299393 -0.008352 
7200.000000 -59.899384 -0.008319 
7300.000000 -59.999382 -0.008219 
7400.000000 -60.999367 -0.008243 
7500.000000 -61.999352 -0.008267 
7600.000000 -61.399345 -0.008079 
7700.000000 -62.099335 -0.008065 
7800.000000 -63.199318 -0.008102 
7900.000000 -63.299316 -0.008013 
8000.000000 -63.799309 -0.007975 
8100.000000 -63.899307 -0.007889 
8200.000000 -64.099304 -0.007817 
8300.000000 -64.699295 -0.007795 
8400.000000 -63.999290 -0.007619 
8500.000000 -64.399284 -0.007576 
8600.000000 -65.099274 -0.007570 
8700.000000 -66.099258 -0.007598 
8800.000000 -66.099243 -0.007511 
8900.000000 -66.899231 -0.007517 
9000.000000 -68.199211 -0.007578 
9100.000000 -69.199196 -0.007604 
9200.000000 -68.099182 -0.007402 
9300.000000 -69.399162 -0.007462 
9400.000000 -70.199150 -0.007468 
9500.000000 -70.999138 -0.007474 
9600.000000 -71.599129 -0.007458 
9700.000000 -72.899109 -0.007515 
9800.000000 -73.299103 -0.007480 
9900.000000 -74.199089 -0.007495 
10000.000000 -74.799065 -0.007480 
10100.000000 -74.499054 -0.007376 
10200.000000 -73.999046 -0.007255 
10300.000000 -74.099045 -0.007194 
10400.000000 -73.699036 -0.007086 
10500.000000 -75.098999 -0.007152 
10600.000000 -77.198967 -0.007283 
10700.000000 -77.698959 -0.007262 
10800.000000 -78.298950 -0.007250 
10900.000000 -79.098938 -0.007257 
11000.000000 -79.998909 -0.007273 
11100.000000 -79.698898 -0.007180 
11200.000000 -79.298889 -0.007080 
11300.000000 -79.198860 -0.007009 
11400.000000 -79.798851 -0.007000 
11500.000000 -80.498840 -0.007000 
11600.000000 -81.098816 -0.006991 
11700.000000 -80.998802 -0.006923 
11800.000000 -81.598793 -0.006915 
11900.000000 -81.498779 -0.006849 
12000.000000 -81.598778 -0.006800 
12100.000000 -82.698761 -0.006835 
12200.000000 -83.498749 -0.006844 
12300.000000 -83.998741 -0.006829 
12400.000000 -85.098724 -0.006863 
12500.000000 -85.898712 -0.006872 
12600.000000 -86.698700 -0.006881 
12700.000000 -87.098694 -0.006858 
12800.000000 -87.598671 -0.006844 
12900.000000 -88.098663 -0.006829 
13000.000000 -87.698654 -0.006746 
13100.000000 -87.398643 -0.006672 
13200.000000 -87.398643 -0.006621 
13300.000000 -87.598640 -0.006586 
13400.000000 -89.198616 -0.006657 
13500.000000 -89.898605 -0.006659 
13600.000000 -88.998604 -0.006544 
13700.000000 -89.098587 -0.006504 
13800.000000 -89.298569 -0.006471 
13900.000000 -89.898560 -0.006468 
14000.000000 -89.598549 -0.006400 
14100.000000 -89.598549 -0.006355 
14200.000000 -90.198540 -0.006352 
14300.000000 -89.698532 -0.006273 
14400.000000 -89.698517 -0.006229 
14500.000000 -90.198509 -0.006221 
14600.000000 -89.898499 -0.006157 
14700.000000 -90.698486 -0.006170 
14800.000000 -91.498474 -0.006182 
14900.000000 -93.498444 -0.006275 
15000.000000 -93.698425 -0.006247 
15100.000000 -94.598412 -0.006265 
15200.000000 -93.898392 -0.006178 
15300.000000 -93.998390 -0.006144 
15400.000000 -93.198387 -0.006052 
15500.000000 -93.498383 -0.006032 
15600.000000 -93.398369 -0.005987 
15700.000000 -93.398354 -0.005949 
15800.000000 -93.498337 -0.005918 
15900.000000 -93.598335 -0.005887 
16000.000000 -93.898331 -0.005869 
16100.000000 -93.698318 -0.005820 
16200.000000 -94.298309 -0.005821 
16300.000000 -94.098297 -0.005773 
16400.000000 -93.498291 -0.005701 
16500.000000 -93.798286 -0.005685 
16600.000000 -93.298279 -0.005620 
16700.000000 -92.698273 -0.005551 
16800.000000 -92.998268 -0.005536 
16900.000000 -93.498260 -0.005532 
17000.000000 -93.798241 -0.005518 
17100.000000 -94.598228 -0.005532 
17200.000000 -96.298203 -0.005599 
17300.000000 -97.698181 -0.005647 
17400.000000 -97.398170 -0.005598 
17500.000000 -97.698151 -0.005583 
17600.000000 -97.198143 -0.005523 
17700.000000 -97.698135 -0.005520 
17800.000000 -97.398125 -0.005472 
17900.000000 -96.398109 -0.005385 
18000.000000 -96.598106 -0.005367 
18100.000000 -97.898087 -0.005409 
18200.000000 -96.998085 -0.005330 
18300.000000 -97.398079 -0.005322 
18400.000000 -97.698074 -0.005310 
18500.000000 -98.598061 -0.005330 
18600.000000 -97.898056 -0.005263 
18700.000000 -98.798042 -0.005283 
18800.000000 -98.798027 -0.005255 
18900.000000 -99.298019 -0.005254 
19000.000000 -98.598015 -0.005189 
19100.000000 -97.698013 -0.005115 
19200.000000 -97.698013 -0.005088 
19300.000000 -98.298004 -0.005093 
19400.000000 -98.398003 -0.005072 
19500.000000 -96.797997 -0.004964 
19600.000000 -95.797997 -0.004888 
19700.000000 -96.497986 -0.004898 
19800.000000 -96.397972 -0.004869 
19900.000000 -94.897964 -0.004769 
20000.000000 -94.997963 -0.004750 
20100.000000 -95.297958 -0.004741 
20200.000000 -96.497940 -0.004777 
20300.000000 -96.097931 -0.004734 
20400.000000 -96.497925 -0.004730 
20500.000000 -97.497910 -0.004756 
20600.000000 -97.797905 -0.004747 
20700.000000 -96.997902 -0.004686 
20800.000000 -96.997887 -0.004663 
20900.000000 -97.197884 -0.004651 
21000.000000 -97.597878 -0.004648 
21100.000000 -99.097855 -0.004697 
21200.000000 -98.797844 -0.004660 
21300.000000 -97.497833 -0.004577 
21400.000000 -97.297821 -0.004547 
21500.000000 -98.597801 -0.004586 
21600.000000 -98.097794 -0.004542 
21700.000000 -98.497787 -0.004539 
21800.000000 -98.497772 -0.004518 
21900.000000 -98.297760 -0.004488 
22000.000000 -98.397758 -0.004473 
22100.000000 -98.097748 -0.004439 
22200.000000 -98.097748 -0.004419 
22300.000000 -98.097748 -0.004399 
22400.000000 -97.297745 -0.004344 
22500.000000 -97.097733 -0.004315 
22600.000000 -97.397728 -0.004310 
22700.000000 -95.497726 -0.004207 
22800.000000 -95.697723 -0.004197 
22900.000000 -94.897720 -0.004144 
23000.000000 -94.397713 -0.004104 
23100.000000 -94.197701 -0.004078 
23200.000000 -94.797691 -0.004086 
23300.000000 -95.597664 -0.004103 
23400.000000 -95.597649 -0.004085 
23500.000000 -95.597649 -0.004068 
23600.000000 -94.697647 -0.004013 
23700.000000 -94.897644 -0.004004 
23800.000000 -95.497635 -0.004013 
23900.000000 -95.297623 -0.003987 
24000.000000 -94.997612 -0.003958 
24100.000000 -94.597603 -0.003925 
24200.000000 -94.597603 -0.003909 
24300.000000 -94.897598 -0.003905 
24400.000000 -95.397591 -0.003910 
24500.000000 -95.497589 -0.003898 
24600.000000 -96.197578 -0.003910 
24700.000000 -95.697571 -0.003874 
24800.000000 -94.997566 -0.003831 
24900.000000 -94.397560 -0.003791 
25000.000000 -94.697556 -0.003788 
25100.000000 -93.597542 -0.003729 
25200.000000 -93.797539 -0.003722 
25300.000000 -93.797523 -0.003707 
25400.000000 -93.897522 -0.003697 
25500.000000 -92.897522 -0.003643 
25600.000000 -93.297516 -0.003644 
25700.000000 -92.497513 -0.003599 
25800.000000 -92.497513 -0.003585 
25900.000000 -92.697510 -0.003579 
26000.000000 -91.997505 -0.003538 
26100.000000 -91.997490 -0.003525 
26200.000000 -92.297485 -0.003523 
26300.000000 -91.897476 -0.003494 
26400.000000 -91.197472 -0.003454 
26500.000000 -90.197472 -0.003404 
26600.000000 -89.297470 -0.003357 
26700.000000 -89.397469 -0.003348 
26800.000000 -89.297455 -0.003332 
26900.000000 -89.397453 -0.003323 
27000.000000 -89.497452 -0.003315 
27100.000000 -89.497452 -0.003302 
27200.000000 -88.597450 -0.003257 
27300.000000 -88.597450 -0.003245 
27400.000000 -87.697449 -0.003201 
27500.000000 -87.097443 -0.003167 
27600.000000 -87.197441 -0.003159 
27700.000000 -88.097427 -0.003180 
27800.000000 -88.197426 -0.003173 
27900.000000 -88.197426 -0.003161 
28000.000000 -88.297424 -0.003153 
28100.000000 -88.597420 -0.003153 
28200.000000 -87.797417 -0.003113 
28300.000000 -86.997414 -0.003074 
28400.000000 -87.397408 -0.003077 
28500.000000 -86.997398 -0.003053 
28600.000000 -86.997398 -0.003042 
28700.000000 -85.497391 -0.002979 
28800.000000 -85.997383 -0.002986 
28900.000000 -86.597374 -0.002996 
29000.000000 -85.697372 -0.002955 
29100.000000 -84.697372 -0.002911 
29200.000000 -83.797371 -0.002870 
29300.000000 -81.997368 -0.002799 
29400.000000 -80.997368 -0.002755 
29500.000000 -82.197350 -0.002786 
29600.000000 -83.197319 -0.002811 
29700.000000 -82.497314 -0.002778 
29800.000000 -82.797310 -0.002778 
29900.000000 -83.397301 -0.002789 
30000.000000 -82.797295 -0.002760 
30100.000000 -81.897293 -0.002721 
30200.000000 -80.997292 -0.002682 
30300.000000 -80.097290 -0.002643 
30400.000000 -79.597282 -0.002618 
30500.000000 -79.597282 -0.002610 
30600.000000 -79.197273 -0.002588 
30700.000000 -79.097260 -0.002576 
30800.000000 -78.297256 -0.002542 
30900.000000 -78.397255 -0.002537 
31000.000000 -78.597252 -0.002535 
31100.000000 -78.097244 -0.002511 
31200.000000 -77.197243 -0.002474 
31300.000000 -76.297241 -0.002438 
31400.000000 -76.497238 -0.002436 
31500.000000 -76.097229 -0.002416 
31600.000000 -76.097229 -0.002408 
31700.000000 -75.297226 -0.002375 
31800.000000 -75.597221 -0.002377 
31900.000000 -76.897202 -0.002411 
32000.000000 -77.597191 -0.002425 
32100.000000 -77.097183 -0.002402 
32200.000000 -76.397179 -0.002373 
32300.000000 -75.797173 -0.002347 
32400.000000 -74.997169 -0.002315 
32500.000000 -74.997169 -0.002308 
32600.000000 -74.797157 -0.002294 
32700.000000 -74.797157 -0.002287 
32800.000000 -75.597145 -0.002305 
32900.000000 -75.697144 -0.002301 
33000.000000 -75.797142 -0.002297 
33100.000000 -75.497131 -0.002281 
33200.000000 -74.597130 -0.002247 
33300.000000 -74.797127 -0.002246 
33400.000000 -73.997124 -0.002215 
33500.000000 -73.197121 -0.002185 
33600.000000 -73.197121 -0.002178 
33700.000000 -72.497116 -0.002151 
33800.000000 -72.897110 -0.002157 
33900.000000 -72.397102 -0.002136 
34000.000000 -71.597099 -0.002106 
34100.000000 -70.197090 -0.002059 
34200.000000 -69.997078 -0.002047 
34300.000000 -69.197075 -0.002017 
34400.000000 -69.197075 -0.002012 
34500.000000 -68.397072 -0.001983 
34600.000000 -68.197060 -0.001971 
34700.000000 -67.397057 -0.001942 
34800.000000 -66.897049 -0.001922 
34900.000000 -67.197044 -0.001925 
35000.000000 -66.297043 -0.001894 
35100.000000 -66.597038 -0.001897 
35200.000000 -65.097031 -0.001849 
35300.000000 -65.397026 -0.001853 
35400.000000 -64.397026 -0.001819 
35500.000000 -64.397026 -0.001814 
35600.000000 -63.697021 -0.001789 
35700.000000 -63.797020 -0.001787 
35800.000000 -63.797020 -0.001782 
35900.000000 -62.997017 -0.001755 
36000.000000 -62.097015 -0.001725 
36100.000000 -61.097015 -0.001692 
36200.000000 -59.597008 -0.001646 
36300.000000 -59.797005 -0.001647 
36400.000000 -60.396996 -0.001659 
36500.000000 -59.396996 -0.001627 
36600.000000 -60.296982 -0.001647 
36700.000000 -60.296982 -0.001643 
36800.000000 -59.696976 -0.001622 
36900.000000 -59.496964 -0.001612 
37000.000000 -58.796959 -0.001589 
37100.000000 -58.196953 -0.001569 
37200.000000 -58.896942 -0.001583 
37300.000000 -58.696930 -0.001574 
37400.000000 -58.696930 -0.001569 
37500.000000 -59.696915 -0.001592 
37600.000000 -59.696915 -0.001588 
37700.000000 -59.696915 -0.001583 
37800.000000 -59.896912 -0.001585 
37900.000000 -60.696884 -0.001602 
38000.000000 -61.096878 -0.001608 
38100.000000 -60.096878 -0.001577 
38200.000000 -60.096878 -0.001573 
38300.000000 -60.196877 -0.001572 
38400.000000 -60.196877 -0.001568 
38500.000000 -59.296875 -0.001540 
38600.000000 -59.296875 -0.001536 
38700.000000 -59.496872 -0.001537 
38800.000000 -58.596870 -0.001510 
38900.000000 -58.596870 -0.001506 
39000.000000 -58.096863 -0.001490 
39100.000000 -57.596855 -0.001473 
39200.000000 -55.996849 -0.001428 
39300.000000 -55.996849 -0.001425 
39400.000000 -56.096848 -0.001424 
39500.000000 -55.296844 -0.001400 
39600.000000 -55.296844 -0.001396 
39700.000000 -55.396843 -0.001395 
39800.000000 -55.696838 -0.001399 
39900.000000 -55.996834 -0.001403 
40000.000000 -54.996834 -0.001375 
40100.000000 -54.996834 -0.001371 
40200.000000 -53.996834 -0.001343 
40300.000000 -53.996834 -0.001340 
40400.000000 -53.296829 -0.001319 
40500.000000 -53.296829 -0.001316 
40600.000000 -53.796822 -0.001325 
40700.000000 -52.896820 -0.001300 
40800.000000 -51.996819 -0.001274 
40900.000000 -51.996819 -0.001271 
41000.000000 -52.096817 -0.001271 
41100.000000 -51.096817 -0.001243 
41200.000000 -50.096817 -0.001216 
41300.000000 -48.296814 -0.001169 
41400.000000 -48.696808 -0.001176 
41500.000000 -47.796806 -0.001152 
41600.000000 -48.496796 -0.001166 
41700.000000 -47.596794 -0.001141 
41800.000000 -46.896790 -0.001122 
41900.000000 -46.896790 -0.001119 
42000.000000 -46.196785 -0.001100 
42100.000000 -46.196785 -0.001097 
42200.000000 -45.396782 -0.001076 
42300.000000 -45.396782 -0.001073 
42400.000000 -44.496780 -0.001049 
42500.000000 -44.496780 -0.001047 
42600.000000 -44.496780 -0.001045 
42700.000000 -43.596779 -0.001021 
42800.000000 -43.596779 -0.001019 
42900.000000 -43.596779 -0.001016 
43000.000000 -43.596779 -0.001014 
43100.000000 -43.696777 -0.001014 
43200.000000 -43.696777 -0.001011 
43300.000000 -44.096771 -0.001018 
43400.000000 -44.296768 -0.001021 
43500.000000 -44.596764 -0.001025 
43600.000000 -43.796761 -0.001005 
43700.000000 -42.796761 -0.000979 
43800.000000 -41.996758 -0.000959 
43900.000000 -42.096756 -0.000959 
44000.000000 -41.196754 -0.000936 
44100.000000 -40.196754 -0.000911 
44200.000000 -40.196754 -0.000909 
44300.000000 -39.596748 -0.000894 
44400.000000 -38.596748 -0.000869 
44500.000000 -37.896744 -0.000852 
44600.000000 -37.296738 -0.000836 
44700.000000 -37.296738 -0.000834 
44800.000000 -36.596733 -0.000817 
44900.000000 -35.696732 -0.000795 
45000.000000 -34.796730 -0.000773 
45100.000000 -34.796730 -0.000772 
45200.000000 -34.796730 -0.000770 
45300.000000 -34.496719 -0.000762 
45400.000000 -32.696716 -0.000720 
45500.000000 -32.696716 -0.000719 
45600.000000 -32.596703 -0.000715 
45700.000000 -32.496696 -0.000711 
45800.000000 -31.596695 -0.000690 
45900.000000 -31.196697 -0.000680 
46000.000000 -29.496698 -0.000641 
46100.000000 -28.596699 -0.000620 
46200.000000 -28.696699 -0.000621 
46300.000000 -28.796700 -0.000622 
46400.000000 -28.596703 -0.000616 
46500.000000 -27.796703 -0.000598 
46600.000000 -27.796703 -0.000596 
46700.000000 -28.496706 -0.000610 
46800.000000 -27.596706 -0.000590 
46900.000000 -26.596706 -0.000567 
47000.000000 -26.596706 -0.000566 
47100.000000 -25.596706 -0.000543 
47200.000000 -25.496710 -0.000540 
47300.000000 -23.796711 -0.000503 
47400.000000 -22.796711 -0.000481 
47500.000000 -22.896711 -0.000482 
47600.000000 -22.096712 -0.000464 
47700.000000 -21.096712 -0.000442 
47800.000000 -21.096712 -0.000441 
47900.000000 -21.296713 -0.000445 
48000.000000 -21.296713 -0.000444 
48100.000000 -20.996716 -0.000437 
48200.000000 -20.096716 -0.000417 
48300.000000 -19.096716 -0.000395 
48400.000000 -19.096716 -0.000395 
48500.000000 -18.196716 -0.000375 
48600.000000 -18.296717 -0.000376 
48700.000000 -16.296717 -0.000335 
48800.000000 -16.296717 -0.000334 
48900.000000 -16.296717 -0.000333 
49000.000000 -15.596718 -0.000318 
49100.000000 -15.496721 -0.000316 
49200.000000 -15.496721 -0.000315 
49300.000000 -14.596722 -0.000296 
49400.000000 -13.696722 -0.000277 
49500.000000 -12.896723 -0.000261 
49600.000000 -11.296724 -0.000228 
49700.000000 -10.596725 -0.000213 
49800.000000 -10.596725 -0.000213 
49900.000000 -10.596725 -0.000212 
50000.000000 -9.596725 -0.000192 
50100.000000 -9.496729 -0.000190 
50200.000000 -8.496729 -0.000169 
50300.000000 -8.496729 -0.000169 
50400.000000 -8.496729 -0.000169 
50500.000000 -7.496729 -0.000148 
50600.000000 -6.496729 -0.000128 
50700.000000 -5.696729 -0.000112 
50800.000000 -4.696729 -0.000092 
50900.000000 -3.696729 -0.000073 
51000.000000 -1.796729 -0.000035 
51100.000000 -0.896729 -0.000018 
51200.000000 -1.296729 -0.000025 
51300.000000 -0.696729 -0.000014 
51400.000000 -0.696729 -0.000014 
51500.000000 0.203271 0.000004 
51600.000000 0.203271 0.000004 
51700.000000 0.203271 0.000004 
51800.000000 0.503271 0.000010 
51900.000000 0.503271 0.000010 
52000.000000 0.503271 0.000010 
52100.000000 1.303271 0.000025 
52200.000000 1.803271 0.000035 
52300.000000 2.803271 0.000054 
52400.000000 3.803271 0.000073 
52500.000000 3.603271 0.000069 
52600.000000 3.503271 0.000067 
52700.000000 3.503271 0.000066 
52800.000000 3.503271 0.000066 
52900.000000 4.503271 0.000085 
53000.000000 4.503271 0.000085 
53100.000000 4.503271 0.000085 
53200.000000 5.303271 0.000100 
53300.000000 5.803272 0.000109 
53400.000000 5.803272 0.000109 
53500.000000 6.703272 0.000125 
53600.000000 6.703272 0.000125 
53700.000000 7.603272 0.000142 
53800.000000 7.603272 0.000141 
53900.000000 8.603271 0.000160 
54000.000000 10.203270 0.000189 
54100.000000 10.203270 0.000189 
54200.000000 10.203270 0.000188 
54300.000000 10.003269 0.000184 
54400.000000 12.003269 0.000221 
54500.000000 12.003269 0.000220 
54600.000000 12.003269 0.000220 
54700.000000 12.003269 0.000219 
54800.000000 13.003269 0.000237 
54900.000000 14.003269 0.000255 
55000.000000 14.903269 0.000271 
55100.000000 14.903269 0.000270 
55200.000000 14.703268 0.000266 
55300.000000 14.703268 0.000266 
55400.000000 14.703268 0.000265 
55500.000000 14.603268 0.000263 
55600.000000 15.603268 0.000281 
55700.000000 15.603268 0.000280 
55800.000000 16.503267 0.000296 
55900.000000 16.503267 0.000295 
56000.000000 16.403267 0.000293 
56100.000000 17.203266 0.000307 
56200.000000 18.903265 0.000336 
56300.000000 18.903265 0.000336 
56400.000000 18.903265 0.000335 
56500.000000 19.803265 0.000351 
56600.000000 20.503263 0.000362 
56700.000000 22.303263 0.000393 
56800.000000 23.103262 0.000407 
56900.000000 24.003262 0.000422 
57000.000000 24.003262 0.000421 
57100.000000 25.603260 0.000448 
57200.000000 26.003258 0.000455 
57300.000000 25.803257 0.000450 
57400.000000 26.803257 0.000467 
57500.000000 26.803257 0.000466 
57600.000000 26.803257 0.000465 
57700.000000 26.803257 0.000465 
57800.000000 26.803257 0.000464 
57900.000000 28.703257 0.000496 
58000.000000 28.703257 0.000495 
58100.000000 28.703257 0.000494 
58200.000000 29.603256 0.000509 
58300.000000 29.603256 0.000508 
58400.000000 29.603256 0.000507 
58500.000000 29.603256 0.000506 
58600.000000 29.603256 0.000505 
58700.000000 29.003254 0.000494 
58800.000000 30.003254 0.000510 
58900.000000 30.003254 0.000509 
59000.000000 30.003254 0.000509 
59100.000000 29.903254 0.000506 
59200.000000 30.903254 0.000522 
59300.000000 32.803253 0.000553 
59400.000000 32.803253 0.000552 
59500.000000 32.803253 0.000551 
59600.000000 32.803253 0.000550 
59700.000000 33.703255 0.000565 
59800.000000 33.703255 0.000564 
59900.000000 33.703255 0.000563 
60000.000000 34.603256 0.000577 
60100.000000 35.503258 0.000591 
60200.000000 35.503258 0.000590 
60300.000000 35.503258 0.000589 
60400.000000 36.503258 0.000604 
60500.000000 36.503258 0.000603 
60600.000000 36.503258 0.000602 
60700.000000 37.203262 0.000613 
60800.000000 37.203262 0.000612 
60900.000000 38.103264 0.000626 
61000.000000 38.103264 0.000625 
61100.000000 38.103264 0.000624 
61200.000000 38.103264 0.000623 
61300.000000 38.103264 0.000622 
61400.000000 38.103264 0.000621 
61500.000000 38.103264 0.000620 
61600.000000 38.103264 0.000619 
61700.000000 38.103264 0.000618 
61800.000000 38.103264 0.000617 
61900.000000 38.103264 0.000616 
62000.000000 38.103264 0.000615 
62100.000000 38.103264 0.000614 
62200.000000 38.103264 0.000613 
62300.000000 38.003265 0.000610 
62400.000000 38.903267 0.000623 
62500.000000 38.903267 0.000622 
62600.000000 38.903267 0.000621 
62700.000000 39.803268 0.000635 
62800.000000 39.703270 0.000632 
62900.000000 40.703270 0.000647 
63000.000000 40.703270 0.000646 
63100.000000 40.703270 0.000645 
63200.000000 40.703270 0.000644 
63300.000000 40.703270 0.000643 
63400.000000 40.703270 0.000642 
63500.000000 41.703270 0.000657 
63600.000000 41.703270 0.000656 
63700.000000 41.703270 0.000655 
63800.000000 41.703270 0.000654 
63900.000000 41.703270 0.000653 
64000.000000 41.703270 0.000652 
64100.000000 41.703270 0.000651 
64200.000000 42.603271 0.000664 
64300.000000 43.603271 0.000678 
64400.000000 43.603271 0.000677 
64500.000000 43.403275 0.000673 
64600.000000 43.403275 0.000672 
64700.000000 43.303276 0.000669 
64800.000000 43.303276 0.000668 
64900.000000 43.203278 0.000666 
65000.000000 44.003281 0.000677 
65100.000000 45.703285 0.000702 
65200.000000 45.703285 0.000701 
65300.000000 45.703285 0.000700 
65400.000000 45.703285 0.000699 
65500.000000 46.603287 0.000712 
65600.000000 47.103294 0.000718 
65700.000000 47.103294 0.000717 
65800.000000 48.103294 0.000731 
65900.000000 49.103294 0.000745 
66000.000000 49.103294 0.000744 
66100.000000 49.603302 0.000750 
66200.000000 50.503304 0.000763 
66300.000000 50.503304 0.000762 
66400.000000 50.503304 0.000761 
66500.000000 51.303307 0.000771 
66600.000000 52.303307 0.000785 
66700.000000 52.303307 0.000784 
66800.000000 52.303307 0.000783 
66900.000000 53.203308 0.000795 
67000.000000 53.203308 0.000794 
67100.000000 54.103310 0.000806 
67200.000000 54.103310 0.000805 
67300.000000 54.103310 0.000804 
67400.000000 54.103310 0.000803 
67500.000000 54.003311 0.000800 
67600.000000 54.703316 0.000809 
67700.000000 54.703316 0.000808 
67800.000000 54.703316 0.000807 
67900.000000 54.603317 0.000804 
68000.000000 54.603317 0.000803 
68100.000000 54.603317 0.000802 
68200.000000 54.603317 0.000801 
68300.000000 54.603317 0.000799 
68400.000000 54.303322 0.000794 
68500.000000 55.303322 0.000807 
68600.000000 55.303322 0.000806 
68700.000000 55.303322 0.000805 
68800.000000 55.303322 0.000804 
68900.000000 56.103325 0.000814 
69000.000000 57.003326 0.000826 
69100.000000 57.003326 0.000825 
69200.000000 57.003326 0.000824 
69300.000000 57.003326 0.000823 
69400.000000 57.003326 0.000821 
69500.000000 57.003326 0.000820 
69600.000000 57.003326 0.000819 
69700.000000 57.003326 0.000818 
69800.000000 56.903328 0.000815 
69900.000000 56.903328 0.000814 
70000.000000 56.903328 0.000813 
70100.000000 56.903328 0.000812 
70200.000000 57.703331 0.000822 
70300.000000 58.603333 0.000834 
70400.000000 58.603333 0.000832 
70500.000000 59.503334 0.000844 
70600.000000 59.503334 0.000843 
70700.000000 59.503334 0.000842 
70800.000000 59.503334 0.000840 
70900.000000 59.503334 0.000839 
71000.000000 59.403336 0.000837 
71100.000000 59.403336 0.000835 
71200.000000 59.403336 0.000834 
71300.000000 59.403336 0.000833 
71400.000000 60.203339 0.000843 
71500.000000 60.203339 0.000842 
71600.000000 60.203339 0.000841 
71700.000000 61.003342 0.000851 
71800.000000 61.003342 0.000850 
71900.000000 61.003342 0.000848 
72000.000000 61.003342 0.000847 
72100.000000 62.003342 0.000860 
72200.000000 62.003342 0.000859 
72300.000000 62.603348 0.000866 
72400.000000 62.603348 0.000865 
72500.000000 62.603348 0.000863 
72600.000000 63.603348 0.000876 
72700.000000 63.603348 0.000875 
72800.000000 63.603348 0.000874 
72900.000000 63.603348 0.000872 
73000.000000 63.603348 0.000871 
73100.000000 63.603348 0.000870 
73200.000000 63.603348 0.000869 
73300.000000 63.503349 0.000866 
73400.000000 63.503349 0.000865 
73500.000000 63.503349 0.000864 
73600.000000 64.503349 0.000876 
73700.000000 65.503349 0.000889 
73800.000000 65.503349 0.000888 
73900.000000 65.303352 0.000884 
74000.000000 66.303352 0.000896 
74100.000000 66.303352 0.000895 
74200.000000 66.303352 0.000894 
74300.000000 66.903358 0.000900 
74400.000000 67.203369 0.000903 
74500.000000 68.203369 0.000915 
74600.000000 68.203369 0.000914 
74700.000000 69.103371 0.000925 
74800.000000 69.103371 0.000924 
74900.000000 69.103371 0.000923 
75000.000000 69.103371 0.000921 
75100.000000 69.103371 0.000920 
75200.000000 69.103371 0.000919 
75300.000000 69.103371 0.000918 
75400.000000 69.103371 0.000916 
75500.000000 69.103371 0.000915 
75600.000000 69.103371 0.000914 
75700.000000 69.903374 0.000923 
75800.000000 70.703377 0.000933 
75900.000000 70.703377 0.000932 
76000.000000 70.703377 0.000930 
76100.000000 70.603378 0.000928 
76200.000000 70.603378 0.000927 
76300.000000 70.603378 0.000925 
76400.000000 71.603378 0.000937 
76500.000000 71.603378 0.000936 
76600.000000 71.603378 0.000935 
76700.000000 71.603378 0.000934 
76800.000000 71.603378 0.000932 
76900.000000 73.203384 0.000952 
77000.000000 73.203384 0.000951 
77100.000000 73.103386 0.000948 
77200.000000 73.103386 0.000947 
77300.000000 73.103386 0.000946 
77400.000000 74.003387 0.000956 
77500.000000 75.003387 0.000968 
77600.000000 75.003387 0.000967 
77700.000000 76.003387 0.000978 
77800.000000 76.903389 0.000988 
77900.000000 76.903389 0.000987 
78000.000000 76.903389 0.000986 
78100.000000 76.903389 0.000985 
78200.000000 77.903389 0.000996 
78300.000000 77.903389 0.000995 
78400.000000 77.903389 0.000994 
78500.000000 78.903389 0.001005 
78600.000000 78.903389 0.001004 
78700.000000 78.903389 0.001003 
78800.000000 78.903389 0.001001 
78900.000000 78.803391 0.000999 
79000.000000 80.203400 0.001015 
79100.000000 80.203400 0.001014 
79200.000000 80.203400 0.001013 
79300.000000 80.203400 0.001011 
79400.000000 80.203400 0.001010 
79500.000000 80.203400 0.001009 
79600.000000 81.003403 0.001018 
79700.000000 81.003403 0.001016 
79800.000000 81.003403 0.001015 
79900.000000 81.003403 0.001014 
80000.000000 81.803406 0.001023 
80100.000000 81.803406 0.001021 
80200.000000 82.803406 0.001032 
80300.000000 82.803406 0.001031 
80400.000000 82.803406 0.001030 
80500.000000 82.803406 0.001029 
80600.000000 83.003418 0.001030 
80700.000000 84.003418 0.001041 
80800.000000 84.003418 0.001040 
80900.000000 84.903419 0.001049 
81000.000000 84.903419 0.001048 
81100.000000 84.903419 0.001047 
81200.000000 84.903419 0.001046 
81300.000000 84.903419 0.001044 
81400.000000 84.903419 0.001043 
81500.000000 85.803421 0.001053 
81600.000000 85.803421 0.001052 
81700.000000 85.803421 0.001050 
81800.000000 85.803421 0.001049 
81900.000000 85.803421 0.001048 
82000.000000 86.603424 0.001056 
82100.000000 86.603424 0.001055 
82200.000000 86.603424 0.001054 
82300.000000 87.503426 0.001063 
82400.000000 87.503426 0.001062 
82500.000000 87.503426 0.001061 
82600.000000 87.503426 0.001059 
82700.000000 88.303429 0.001068 
82800.000000 88.303429 0.001066 
82900.000000 88.303429 0.001065 
83000.000000 88.303429 0.001064 
83100.000000 88.303429 0.001063 
83200.000000 89.203430 0.001072 
83300.000000 89.203430 0.001071 
83400.000000 89.203430 0.001070 
83500.000000 89.203430 0.001068 
83600.000000 89.103432 0.001066 
83700.000000 91.003433 0.001087 
83800.000000 91.803436 0.001096 
83900.000000 92.803436 0.001106 
84000.000000 92.803436 0.001105 
84100.000000 92.803436 0.001103 
84200.000000 92.803436 0.001102 
84300.000000 92.803436 0.001101 
84400.000000 92.803436 0.001100 
84500.000000 92.803436 0.001098 
84600.000000 92.803436 0.001097 
84700.000000 92.803436 0.001096 
84800.000000 92.603439 0.001092 
84900.000000 92.603439 0.001091 
85000.000000 93.603439 0.001101 
85100.000000 93.603439 0.001100 
85200.000000 94.503441 0.001109 
85300.000000 94.503441 0.001108 
85400.000000 94.503441 0.001107 
85500.000000 94.503441 0.001105 
85600.000000 95.203445 0.001112 
85700.000000 95.203445 0.001111 
85800.000000 95.203445 0.001110 
85900.000000 94.803452 0.001104 
86000.000000 95.803452 0.001114 
86100.000000 96.803452 0.001124 
86200.000000 97.803452 0.001135 
86300.000000 98.803452 0.001145 
86400.000000 98.803452 0.001144 
86500.000000 98.803452 0.001142 
86600.000000 98.803452 0.001141 
86700.000000 98.803452 0.001140 
86800.000000 98.803452 0.001138 
86900.000000 98.803452 0.001137 
87000.000000 98.803452 0.001136 
87100.000000 98.803452 0.001134 
87200.000000 98.803452 0.001133 
87300.000000 99.803452 0.001143 
87400.000000 100.803452 0.001153 
87500.000000 100.803452 0.001152 
87600.000000 101.803452 0.001162 
87700.000000 101.803452 0.001161 
87800.000000 101.803452 0.001159 
87900.000000 101.803452 0.001158 
88000.000000 102.603455 0.001166 
88100.000000 104.603455 0.001187 
88200.000000 105.503456 0.001196 
88300.000000 105.503456 0.001195 
88400.000000 106.203461 0.001201 
88500.000000 106.203461 0.001200 
88600.000000 107.203461 0.001210 
88700.000000 108.203461 0.001220 
88800.000000 109.003464 0.001228 
88900.000000 110.003464 0.001237 
89000.000000 111.003464 0.001247 
89100.000000 112.603470 0.001264 
89200.000000 112.603470 0.001262 
89300.000000 112.503471 0.001260 
89400.000000 114.303474 0.001279 
89500.000000 114.303474 0.001277 
89600.000000 116.303474 0.001298 
89700.000000 117.303474 0.001308 
89800.000000 118.303474 0.001317 
89900.000000 118.303474 0.001316 
90000.000000 119.303474 0.001326 
90100.000000 122.103477 0.001355 
90200.000000 123.103477 0.001365 
90300.000000 126.103477 0.001396 
90400.000000 129.003479 0.001427 
90500.000000 132.703461 0.001466 
90600.000000 136.503448 0.001507 
90700.000000 139.203430 0.001535 
90800.000000 142.103424 0.001565 
90900.000000 144.903412 0.001594 
91000.000000 146.303375 0.001608 
91100.000000 147.303375 0.001617 
91200.000000 150.103363 0.001646 
91300.000000 151.903351 0.001664 
91400.000000 156.803345 0.001716 
91500.000000 160.803345 0.001757 
91600.000000 163.703339 0.001787 
91700.000000 167.503326 0.001827 
91800.000000 171.503326 0.001868 
91900.000000 174.503326 0.001899 
92000.000000 176.503326 0.001919 
92100.000000 179.303314 0.001947 
92200.000000 182.003296 0.001974 
92300.000000 184.803284 0.002002 
92400.000000 186.703278 0.002021 
92500.000000 189.703278 0.002051 
92600.000000 191.503265 0.002068 
92700.000000 194.203247 0.002095 
92800.000000 195.103241 0.002102 
92900.000000 197.903229 0.002130 
93000.000000 200.803223 0.002159 
93100.000000 202.703217 0.002177 
93200.000000 205.303192 0.002203 
93300.000000 208.303192 0.002233 
93400.000000 211.303192 0.002262 
93500.000000 214.203186 0.002291 
93600.000000 217.103180 0.002319 
93700.000000 219.103180 0.002338 
93800.000000 221.903168 0.002366 
93900.000000 224.903168 0.002395 
94000.000000 227.903168 0.002425 
94100.000000 230.503143 0.002450 
94200.000000 233.503143 0.002479 
94300.000000 235.503143 0.002497 
94400.000000 238.403137 0.002525 
94500.000000 240.403137 0.002544 
94600.000000 243.103119 0.002570 
94700.000000 245.803101 0.002596 
94800.000000 247.703094 0.002613 
94900.000000 250.403076 0.002639 
95000.000000 253.403076 0.002667 
95100.000000 256.403076 0.002696 
95200.000000 259.003052 0.002721 
95300.000000 262.003052 0.002749 
95400.000000 265.003052 0.002778 
95500.000000 266.003052 0.002785 
95600.000000 269.003052 0.002814 
95700.000000 269.903046 0.002820 
95800.000000 274.903046 0.002870 
95900.000000 277.903046 0.002898 
96000.000000 280.903046 0.002926 
96100.000000 282.903046 0.002944 
96200.000000 286.903046 0.002982 
96300.000000 288.903046 0.003000 
96400.000000 292.803040 0.003037 
96500.000000 294.403015 0.003051 
96600.000000 296.303009 0.003067 
96700.000000 298.203003 0.003084 
96800.000000 300.203003 0.003101 
96900.000000 302.102997 0.003118 
97000.000000 305.102997 0.003145 
97100.000000 308.102997 0.003173 
97200.000000 311.002991 0.003200 
97300.000000 312.902985 0.003216 
97400.000000 312.902985 0.003213 
97500.000000 316.702972 0.003248 
97600.000000 319.602966 0.003275 
97700.000000 322.402954 0.003300 
97800.000000 325.402954 0.003327 
97900.000000 329.202942 0.003363 
98000.000000 331.202942 0.003380 
98100.000000 332.802917 0.003392 
98200.000000 336.602905 0.003428 
98300.000000 338.302887 0.003442 
98400.000000 341.202881 0.003468 
98500.000000 343.102875 0.003483 
98600.000000 346.002869 0.003509 
98700.000000 347.902863 0.003525 
98800.000000 350.702850 0.003550 
98900.000000 354.502838 0.003584 
99000.000000 356.502838 0.003601 
99100.000000 358.402832 0.003617 
99200.000000 359.302826 0.003622 
99300.000000 363.202820 0.003658 
99400.000000 366.102814 0.003683 
99500.000000 369.702789 0.003716 
99600.000000 372.702789 0.003742 
99700.000000 375.702789 0.003768 
99800.000000 378.702789 0.003795 
99900.000000 379.702789 0.003801 
100000.000000 382.702789 0.003827 
100100.000000 385.602783 0.003852 
100200.000000 388.602783 0.003878 
100300.000000 390.502777 0.003893 
100400.000000 394.402771 0.003928 
100500.000000 396.202759 0.003942 
100600.000000 399.102753 0.003967 
100700.000000 400.102753 0.003973 
100800.000000 399.902740 0.003967 
100900.000000 401.802734 0.003982 
101000.000000 403.702728 0.003997 
101100.000000 405.502716 0.004011 
101200.000000 406.302704 0.004015 
101300.000000 407.202698 0.004020 
101400.000000 408.902679 0.004033 
101500.000000 411.802673 0.004057 
101600.000000 413.502655 0.004070 
101700.000000 416.502655 0.004095 
101800.000000 419.202637 0.004118 
101900.000000 421.602600 0.004137 
102000.000000 424.402588 0.004161 
102100.000000 427.402588 0.004186 
102200.000000 430.302582 0.004210 
102300.000000 432.102570 0.004224 
102400.000000 435.002563 0.004248 
102500.000000 436.902557 0.004262 
102600.000000 440.902557 0.004297 
102700.000000 442.802551 0.004312 
102800.000000 446.802551 0.004346 
102900.000000 449.702545 0.004370 
103000.000000 450.702545 0.004376 
103100.000000 454.702545 0.004410 
103200.000000 457.602539 0.004434 
103300.000000 460.502533 0.004458 
103400.000000 463.302521 0.004481 
103500.000000 466.302521 0.004505 
103600.000000 469.302521 0.004530 
103700.000000 473.302521 0.004564 
103800.000000 476.302521 0.004589 
103900.000000 479.302521 0.004613 
104000.000000 481.202515 0.004627 
104100.000000 484.202515 0.004651 
104200.000000 485.002502 0.004655 
104300.000000 486.902496 0.004668 
104400.000000 490.902496 0.004702 
104500.000000 492.702484 0.004715 
104600.000000 497.602478 0.004757 
104700.000000 500.602478 0.004781 
104800.000000 502.602478 0.004796 
104900.000000 505.602478 0.004820 
105000.000000 508.602478 0.004844 
105100.000000 510.502472 0.004857 
105200.000000 512.502441 0.004872 
105300.000000 514.402466 0.004885 
105400.000000 517.202515 0.004907 
105500.000000 520.202515 0.004931 
105600.000000 523.202515 0.004955 
105700.000000 525.202515 0.004969 
105800.000000 528.002563 0.004991 
105900.000000 530.902588 0.005013 
106000.000000 534.902588 0.005046 
106100.000000 537.802612 0.005069 
106200.000000 540.802612 0.005092 
106300.000000 542.802612 0.005106 
106400.000000 545.702637 0.005129 
106500.000000 548.702637 0.005152 
106600.000000 551.602661 0.005175 
106700.000000 553.402710 0.005187 
106800.000000 556.202759 0.005208 
106900.000000 559.102783 0.005230 
107000.000000 561.802856 0.005250 
107100.000000 565.702881 0.005282 
107200.000000 568.702881 0.005305 
107300.000000 570.502930 0.005317 
107400.000000 571.302979 0.005319 
107500.000000 575.302979 0.005352 
107600.000000 578.203003 0.005374 
107700.000000 579.103027 0.005377 
107800.000000 582.103027 0.005400 
107900.000000 584.003052 0.005412 
108000.000000 586.003052 0.005426 
108100.000000 589.003052 0.005449 
108200.000000 592.003052 0.005471 
108300.000000 598.003052 0.005522 
108400.000000 600.903076 0.005543 
108500.000000 603.503174 0.005562 
108600.000000 605.403198 0.005575 
108700.000000 606.203247 0.005577 
108800.000000 607.003296 0.005579 
108900.000000 608.003296 0.005583 
109000.000000 610.003296 0.005596 
109100.000000 611.003296 0.005600 
109200.000000 613.403442 0.005617 
109300.000000 615.503662 0.005631 
109400.000000 618.003784 0.005649 
109500.000000 620.503906 0.005667 
109600.000000 624.303955 0.005696 
109700.000000 627.303955 0.005718 
109800.000000 629.303955 0.005731 
109900.000000 633.004028 0.005760 
110000.000000 635.704102 0.005779 
110100.000000 638.704102 0.005801 
110200.000000 641.704102 0.005823 
110300.000000 643.504150 0.005834 
110400.000000 645.404175 0.005846 
110500.000000 648.204224 0.005866 
110600.000000 650.104248 0.005878 
110700.000000 652.104248 0.005891 
110800.000000 653.004272 0.005894 
110900.000000 653.904297 0.005896 
111000.000000 656.804321 0.005917 
111100.000000 658.804321 0.005930 
111200.000000 659.804321 0.005933 
111300.000000 661.604370 0.005944 
111400.000000 662.404419 0.005946 
111500.000000 664.304443 0.005958 
111600.000000 666.104492 0.005969 
111700.000000 669.004517 0.005989 
111800.000000 672.004517 0.006011 
111900.000000 675.004517 0.006032 
112000.000000 677.004517 0.006045 
112100.000000 679.904541 0.006065 
112200.000000 681.804565 0.006077 
112300.000000 683.704590 0.006088 
112400.000000 685.704590 0.006101 
112500.000000 688.704590 0.006122 
112600.000000 691.704590 0.006143 
112700.000000 692.704590 0.006146 
112800.000000 694.704590 0.006159 
112900.000000 697.704590 0.006180 
113000.000000 699.704590 0.006192 
113100.000000 702.704590 0.006213 
113200.000000 705.604614 0.006233 
113300.000000 707.504639 0.006245 
113400.000000 711.504639 0.006274 
113500.000000 713.504639 0.006286 
113600.000000 714.404663 0.006289 
113700.000000 716.304688 0.006300 
113800.000000 719.204712 0.006320 
113900.000000 723.204712 0.006349 
114000.000000 725.204712 0.006361 
114100.000000 728.104736 0.006381 
114200.000000 731.004761 0.006401 
114300.000000 733.004761 0.006413 
114400.000000 734.804810 0.006423 
114500.000000 737.704834 0.006443 
114600.000000 739.504883 0.006453 
114700.000000 741.304932 0.006463 
114800.000000 743.005005 0.006472 
114900.000000 745.005005 0.006484 
115000.000000 748.805054 0.006511 
115100.000000 751.805054 0.006532 
115200.000000 754.705078 0.006551 
115300.000000 757.605103 0.006571 
115400.000000 760.605103 0.006591 
115500.000000 763.405151 0.006610 
115600.000000 766.405151 0.006630 
115700.000000 769.305176 0.006649 
115800.000000 771.305176 0.006661 
115900.000000 773.305176 0.006672 
116000.000000 775.205200 0.006683 
116100.000000 777.005249 0.006693 
116200.000000 780.005249 0.006713 
116300.000000 784.005249 0.006741 
116400.000000 784.905273 0.006743 
116500.000000 784.905273 0.006737 
116600.000000 787.705322 0.006756 
116700.000000 790.705322 0.006776 
116800.000000 793.705322 0.006795 
116900.000000 795.705322 0.006807 
117000.000000 797.705322 0.006818 
117100.000000 799.605347 0.006828 
117200.000000 799.605347 0.006823 
117300.000000 801.505371 0.006833 
117400.000000 804.505371 0.006853 
117500.000000 805.505371 0.006855 
117600.000000 808.405396 0.006874 
117700.000000 811.405396 0.006894 
117800.000000 814.205444 0.006912 
117900.000000 815.205444 0.006914 
118000.000000 817.205444 0.006925 
118100.000000 819.005493 0.006935 
118200.000000 823.005493 0.006963 
118300.000000 824.805542 0.006972 
118400.000000 825.705566 0.006974 
118500.000000 827.305664 0.006981 
118600.000000 830.305664 0.007001 
118700.000000 833.305664 0.007020 
118800.000000 836.305664 0.007040 
118900.000000 839.305664 0.007059 
119000.000000 841.305664 0.007070 
119100.000000 844.305664 0.007089 
119200.000000 848.305664 0.007117 
119300.000000 850.305664 0.007127 
119400.000000 852.305664 0.007138 
119500.000000 856.205688 0.007165 
119600.000000 858.205688 0.007176 
119700.000000 861.105713 0.007194 
119800.000000 863.105713 0.007205 
119900.000000 866.005737 0.007223 
120000.000000 868.905762 0.007241 
120100.000000 871.805786 0.007259 
120200.000000 873.805786 0.007270 
120300.000000 877.705811 0.007296 
120400.000000 879.605835 0.007306 
120500.000000 881.505859 0.007315 
120600.000000 883.505859 0.007326 
120700.000000 886.405884 0.007344 
120800.000000 889.405884 0.007363 
120900.000000 893.405884 0.007390 
121000.000000 897.405884 0.007417 
121100.000000 900.405884 0.007435 
121200.000000 902.405884 0.007446 
121300.000000 905.405884 0.007464 
121400.000000 905.405884 0.007458 
121500.000000 906.105957 0.007458 
121600.000000 907.005981 0.007459 
121700.000000 907.906006 0.007460 
121800.000000 909.906006 0.007470 
121900.000000 911.606079 0.007478 
122000.000000 913.406128 0.007487 
122100.000000 915.406128 0.007497 
122200.000000 915.406128 0.007491 
122300.000000 916.006226 0.007490 
122400.000000 919.006226 0.007508 
122500.000000 920.906250 0.007518 
122600.000000 925.906250 0.007552 
122700.000000 926.806274 0.007553 
122800.000000 927.706299 0.007555 
122900.000000 930.306396 0.007570 
123000.000000 933.306396 0.007588 
123100.000000 934.306396 0.007590 
123200.000000 938.306396 0.007616 
123300.000000 941.206421 0.007633 
123400.000000 945.206421 0.007660 
123500.000000 948.206421 0.007678 
123600.000000 951.206421 0.007696 
123700.000000 952.906494 0.007703 
123800.000000 956.806519 0.007729 
123900.000000 959.706543 0.007746 
124000.000000 961.506592 0.007754 
124100.000000 964.406616 0.007771 
124200.000000 964.406616 0.007765 
124300.000000 965.906738 0.007771 
124400.000000 968.906738 0.007789 
124500.000000 971.806763 0.007806 
124600.000000 974.806763 0.007823 
124700.000000 977.806763 0.007841 
124800.000000 981.706787 0.007866 
124900.000000 984.706787 0.007884 
125000.000000 987.706787 0.007902 
125100.000000 991.706787 0.007927 
125200.000000 993.606812 0.007936 
125300.000000 995.406860 0.007944 
125400.000000 999.306885 0.007969 
125500.000000 1001.306885 0.007979 
125600.000000 1005.306885 0.008004 
125700.000000 1008.306885 0.008022 
125800.000000 1010.206909 0.008030 
125900.000000 1013.206909 0.008048 
126000.000000 1017.106934 0.008072 
126100.000000 1020.006958 0.008089 
126200.000000 1024.006958 0.008114 
126300.000000 1026.006958 0.008124 
126400.000000 1028.006958 0.008133 
126500.000000 1030.006958 0.008142 
126600.000000 1029.807007 0.008134 
126700.000000 1032.607056 0.008150 
126800.000000 1035.607056 0.008167 
126900.000000 1037.507080 0.008176 
127000.000000 1039.307129 0.008184 
127100.000000 1041.307129 0.008193 
127200.000000 1043.307129 0.008202 
127300.000000 1044.307129 0.008204 
127400.000000 1045.307129 0.008205 
127500.000000 1046.307129 0.008206 
127600.000000 1049.307129 0.008223 
127700.000000 1050.207153 0.008224 
127800.000000 1051.207153 0.008225 
127900.000000 1053.107178 0.008234 
128000.000000 1055.107178 0.008243 
128100.000000 1054.807251 0.008234 
128200.000000 1055.807251 0.008236 
128300.000000 1057.507324 0.008242 
128400.000000 1059.507324 0.008252 
128500.000000 1062.407349 0.008268 
128600.000000 1065.307373 0.008284 
128700.000000 1068.307373 0.008301 
128800.000000 1072.207397 0.008325 
128900.000000 1073.007446 0.008324 
129000.000000 1076.007446 0.008341 
129100.000000 1077.907471 0.008349 
129200.000000 1080.907471 0.008366 
129300.000000 1081.807495 0.008367 
129400.000000 1082.807495 0.008368 
129500.000000 1086.807495 0.008392 
129600.000000 1087.707520 0.008393 
129700.000000 1090.707520 0.008409 
129800.000000 1093.707520 0.008426 
129900.000000 1093.707520 0.008420 
130000.000000 1095.707520 0.008429 
130100.000000 1099.407593 0.008450 
130200.000000 1099.007690 0.008441 
130300.000000 1099.507812 0.008438 
130400.000000 1099.507812 0.008432 
130500.000000 1100.907959 0.008436 
130600.000000 1104.907959 0.008460 
130700.000000 1105.907959 0.008461 
130800.000000 1108.907959 0.008478 
130900.000000 1110.907959 0.008487 
131000.000000 1113.907959 0.008503 
131100.000000 1115.508057 0.008509 
131200.000000 1117.308105 0.008516 
131300.000000 1119.208130 0.008524 
131400.000000 1122.208130 0.008540 
131500.000000 1126.108154 0.008564 
131600.000000 1128.908203 0.008578 
131700.000000 1129.908203 0.008579 
131800.000000 1131.808228 0.008587 
131900.000000 1133.808228 0.008596 
132000.000000 1134.608276 0.008596 
132100.000000 1137.608276 0.008612 
132200.000000 1139.608276 0.008620 
132300.000000 1142.508301 0.008636 
132400.000000 1145.508301 0.008652 
132500.000000 1147.508301 0.008660 
132600.000000 1151.508301 0.008684 
132700.000000 1154.508301 0.008700 
132800.000000 1158.508301 0.008724 
132900.000000 1162.508301 0.008747 
133000.000000 1166.508301 0.008771 
133100.000000 1168.508301 0.008779 
133200.000000 1172.408325 0.008802 
133300.000000 1174.408325 0.008810 
133400.000000 1176.208374 0.008817 
133500.000000 1177.208374 0.008818 
133600.000000 1180.208374 0.008834 
133700.000000 1179.808472 0.008824 
133800.000000 1183.808472 0.008848 
133900.000000 1186.708496 0.008863 
134000.000000 1189.708496 0.008878 
134100.000000 1190.608521 0.008879 
134200.000000 1193.608521 0.008894 
134300.000000 1194.308594 0.008893 
134400.000000 1195.308594 0.008894 
134500.000000 1198.308594 0.008909 
134600.000000 1201.208618 0.008924 
134700.000000 1204.208618 0.008940 
134800.000000 1205.208618 0.008941 
134900.000000 1206.208618 0.008942 
135000.000000 1210.108643 0.008964 
135100.000000 1213.108643 0.008979 
135200.000000 1214.708740 0.008985 
135300.000000 1217.608765 0.008999 
135400.000000 1219.308838 0.009005 
135500.000000 1222.208862 0.009020 
135600.000000 1223.208862 0.009021 
135700.000000 1227.108887 0.009043 
135800.000000 1229.108887 0.009051 
135900.000000 1232.108887 0.009066 
136000.000000 1235.008911 0.009081 
136100.000000 1235.908936 0.009081 
136200.000000 1235.808960 0.009073 
136300.000000 1238.708984 0.009088 
136400.000000 1241.609009 0.009103 
136500.000000 1244.609009 0.009118 
136600.000000 1247.609009 0.009133 
136700.000000 1249.609009 0.009141 
136800.000000 1251.609009 0.009149 
136900.000000 1255.609009 0.009172 
137000.000000 1258.609009 0.009187 
137100.000000 1261.609009 0.009202 
137200.000000 1263.609009 0.009210 
137300.000000 1263.509033 0.009203 
137400.000000 1266.209106 0.009215 
137500.000000 1269.009155 0.009229 
137600.000000 1270.009155 0.009230 
137700.000000 1274.009155 0.009252 
137800.000000 1275.909180 0.009259 
137900.000000 1278.909180 0.009274 
138000.000000 1280.809204 0.009281 
138100.000000 1281.609253 0.009280 
138200.000000 1284.509277 0.009295 
138300.000000 1286.209351 0.009300 
138400.000000 1289.109375 0.009314 
138500.000000 1293.109375 0.009337 
138600.000000 1296.109375 0.009351 
138700.000000 1300.109375 0.009374 
138800.000000 1302.009399 0.009380 
138900.000000 1306.009399 0.009403 
139000.000000 1307.909424 0.009409 
139100.000000 1309.609497 0.009415 
139200.000000 1313.609497 0.009437 
139300.000000 1315.509521 0.009444 
139400.000000 1318.509521 0.009458 
139500.000000 1321.409546 0.009472 
139600.000000 1322.409546 0.009473 
139700.000000 1323.309570 0.009473 
139800.000000 1325.309570 0.009480 
139900.000000 1327.309570 0.009488 
140000.000000 1329.309570 0.009495 
140100.000000 1330.309570 0.009495 
140200.000000 1334.209595 0.009516 
140300.000000 1335.009644 0.009515 
140400.000000 1337.909668 0.009529 
140500.000000 1341.909668 0.009551 
140600.000000 1344.709717 0.009564 
140700.000000 1347.709717 0.009579 
140800.000000 1349.609741 0.009585 
140900.000000 1352.609741 0.009600 
141000.000000 1354.609741 0.009607 
141100.000000 1357.509766 0.009621 
141200.000000 1359.309814 0.009627 
141300.000000 1360.209839 0.009626 
141400.000000 1362.009888 0.009632 
141500.000000 1363.809937 0.009638 
141600.000000 1364.709961 0.009638 
141700.000000 1367.609985 0.009651 
141800.000000 1370.609985 0.009666 
141900.000000 1372.609985 0.009673 
142000.000000 1374.609985 0.009680 
142100.000000 1377.609985 0.009695 
142200.000000 1379.210083 0.009699 
142300.000000 1382.210083 0.009713 
142400.000000 1385.110107 0.009727 
142500.000000 1388.110107 0.009741 
142600.000000 1388.110107 0.009734 
142700.000000 1391.110107 0.009748 
142800.000000 1394.110107 0.009763 
142900.000000 1396.110107 0.009770 
143000.000000 1397.110107 0.009770 
143100.000000 1400.010132 0.009783 
143200.000000 1400.610229 0.009781 
143300.000000 1401.010376 0.009777 
143400.000000 1402.710449 0.009782 
143500.000000 1405.610474 0.009795 
143600.000000 1406.610474 0.009795 
143700.000000 1408.510498 0.009802 
143800.000000 1411.410522 0.009815 
143900.000000 1412.310547 0.009815 
144000.000000 1415.310547 0.009829 
144100.000000 1418.310547 0.009843 
144200.000000 1422.210571 0.009863 
144300.000000 1426.110596 0.009883 
144400.000000 1428.910645 0.009896 
144500.000000 1431.710693 0.009908 
144600.000000 1434.710693 0.009922 
144700.000000 1437.710693 0.009936 
144800.000000 1440.710693 0.009950 
144900.000000 1443.710693 0.009963 
145000.000000 1446.610718 0.009977 
145100.000000 1450.610718 0.009997 
145200.000000 1453.610718 0.010011 
145300.000000 1456.510742 0.010024 
145400.000000 1457.510742 0.010024 
145500.000000 1459.510742 0.010031 
145600.000000 1462.410767 0.010044 
145700.000000 1464.410767 0.010051 
145800.000000 1467.410767 0.010065 
145900.000000 1470.310791 0.010078 
146000.000000 1471.210815 0.010077 
146100.000000 1474.210815 0.010090 
146200.000000 1476.210815 0.010097 
146300.000000 1479.210815 0.010111 
146400.000000 1482.210815 0.010124 
146500.000000 1484.210815 0.010131 
146600.000000 1487.210815 0.010145 
146700.000000 1489.210815 0.010151 
146800.000000 1491.210815 0.010158 
146900.000000 1493.210815 0.010165 
147000.000000 1496.210815 0.010178 
147100.000000 1498.210815 0.010185 
147200.000000 1500.210815 0.010192 
147300.000000 1502.110840 0.010198 
147400.000000 1504.010864 0.010204 
147500.000000 1505.810913 0.010209 
147600.000000 1506.710938 0.010208 
147700.000000 1511.710938 0.010235 
147800.000000 1515.710938 0.010255 
147900.000000 1518.710938 0.010268 
148000.000000 1519.610962 0.010268 
148100.000000 1522.610962 0.010281 
148200.000000 1525.610962 0.010294 
148300.000000 1529.610962 0.010314 
148400.000000 1532.610962 0.010328 
148500.000000 1535.411011 0.010339 
148600.000000 1536.411011 0.010339 
148700.000000 1539.411011 0.010352 
148800.000000 1542.411011 0.010366 
148900.000000 1544.411011 0.010372 
149000.000000 1546.411011 0.010379 
149100.000000 1549.311035 0.010391 
149200.000000 1549.111084 0.010383 
149300.000000 1551.011108 0.010389 
149400.000000 1553.911133 0.010401 
149500.000000 1556.811157 0.010413 
149600.000000 1558.711182 0.010419 
149700.000000 1562.711182 0.010439 
149800.000000 1565.711182 0.010452 
149900.000000 1569.611206 0.010471 
150000.000000 1573.611206 0.010491 
150100.000000 1573.611206 0.010484 
150200.000000 1576.511230 0.010496 
150300.000000 1579.311279 0.010508 
150400.000000 1582.311279 0.010521 
150500.000000 1585.111328 0.010532 
150600.000000 1588.111328 0.010545 
150700.000000 1589.911377 0.010550 
150800.000000 1592.811401 0.010562 
150900.000000 1594.811401 0.010569 
151000.000000 1594.611450 0.010560 
151100.000000 1595.611450 0.010560 
151200.000000 1596.611450 0.010560 
151300.000000 1598.611450 0.010566 
151400.000000 1601.611450 0.010579 
151500.000000 1604.511475 0.010591 
151600.000000 1607.511475 0.010604 
151700.000000 1612.511475 0.010630 
151800.000000 1614.511475 0.010636 
151900.000000 1617.511475 0.010649 
152000.000000 1621.511475 0.010668 
152100.000000 1624.511475 0.010681 
152200.000000 1626.511475 0.010687 
152300.000000 1628.511475 0.010693 
152400.000000 1629.511475 0.010692 
152500.000000 1631.411499 0.010698 
152600.000000 1632.111572 0.010695 
152700.000000 1635.111572 0.010708 
152800.000000 1637.111572 0.010714 
152900.000000 1639.111572 0.010720 
153000.000000 1641.011597 0.010726 
153100.000000 1640.911621 0.010718 
153200.000000 1640.811646 0.010710 
153300.000000 1640.711670 0.010703 
153400.000000 1640.711670 0.010696 
153500.000000 1640.011841 0.010684 
153600.000000 1639.711914 0.010675 
153700.000000 1640.711914 0.010675 
153800.000000 1643.711914 0.010687 
153900.000000 1646.611938 0.010699 
154000.000000 1649.611938 0.010712 
154100.000000 1653.611938 0.010731 
154200.000000 1656.611938 0.010743 
154300.000000 1660.611938 0.010762 
154400.000000 1660.511963 0.010755 
154500.000000 1663.411987 0.010766 
154600.000000 1663.411987 0.010759 
154700.000000 1666.212036 0.010771 
154800.000000 1669.212036 0.010783 
154900.000000 1672.112061 0.010795 
155000.000000 1673.112061 0.010794 
155100.000000 1674.012085 0.010793 
155200.000000 1674.012085 0.010786 
155300.000000 1675.012085 0.010786 
155400.000000 1675.912109 0.010785 
155500.000000 1677.712158 0.010789 
155600.000000 1679.712158 0.010795 
155700.000000 1682.712158 0.010807 
155800.000000 1684.612183 0.010813 
155900.000000 1686.612183 0.010819 
156000.000000 1687.612183 0.010818 
156100.000000 1689.612183 0.010824 
156200.000000 1691.612183 0.010830 
156300.000000 1695.612183 0.010848 
156400.000000 1696.612183 0.010848 
156500.000000 1698.612183 0.010854 
156600.000000 1701.612183 0.010866 
156700.000000 1702.612183 0.010865 
156800.000000 1703.512207 0.010864 
156900.000000 1706.512207 0.010876 
157000.000000 1709.512207 0.010889 
157100.000000 1712.512207 0.010901 
157200.000000 1714.512207 0.010907 
157300.000000 1716.412231 0.010912 
157400.000000 1719.312256 0.010923 
157500.000000 1721.312256 0.010929 
157600.000000 1722.312256 0.010928 
157700.000000 1725.312256 0.010940 
157800.000000 1727.312256 0.010946 
157900.000000 1728.312256 0.010946 
158000.000000 1728.212280 0.010938 
158100.000000 1728.212280 0.010931 
158200.000000 1732.212280 0.010950 
158300.000000 1733.212280 0.010949 
158400.000000 1734.212280 0.010948 
158500.000000 1738.212280 0.010967 
158600.000000 1740.212280 0.010972 
158700.000000 1743.112305 0.010984 
158800.000000 1746.112305 0.010996 
158900.000000 1748.112305 0.011001 
159000.000000 1750.112305 0.011007 
159100.000000 1752.112305 0.011013 
159200.000000 1754.112305 0.011018 
159300.000000 1754.112305 0.011011 
159400.000000 1756.012329 0.011016 
159500.000000 1756.912354 0.011015 
159600.000000 1757.912354 0.011014 
159700.000000 1759.712402 0.011019 
159800.000000 1760.712402 0.011018 
159900.000000 1762.712402 0.011024 
160000.000000 1762.712402 0.011017 
160100.000000 1762.512451 0.011009 
160200.000000 1762.412476 0.011001 
160300.000000 1762.412476 0.010994 
160400.000000 1764.412476 0.011000 
160500.000000 1766.412476 0.011006 
160600.000000 1768.212524 0.011010 
160700.000000 1770.212524 0.011016 
160800.000000 1771.212524 0.011015 
160900.000000 1773.112549 0.011020 
161000.000000 1775.112549 0.011026 
161100.000000 1778.012573 0.011037 
161200.000000 1780.912598 0.011048 
161300.000000 1782.812622 0.011053 
161400.000000 1784.612671 0.011057 
161500.000000 1786.612671 0.011063 
161600.000000 1787.412720 0.011061 
161700.000000 1787.312744 0.011053 
161800.000000 1789.212769 0.011058 
161900.000000 1791.212769 0.011064 
162000.000000 1791.712891 0.011060 
162100.000000 1791.913330 0.011054 
162200.000000 1791.813354 0.011047 
162300.000000 1793.613403 0.011051 
162400.000000 1794.613403 0.011051 
162500.000000 1796.313477 0.011054 
162600.000000 1795.613647 0.011043 
162700.000000 1797.613647 0.011049 
162800.000000 1799.513672 0.011054 
162900.000000 1800.513672 0.011053 
163000.000000 1800.513672 0.011046 
163100.000000 1800.213745 0.011037 
163200.000000 1800.813843 0.011034 
163300.000000 1801.613892 0.011033 
163400.000000 1802.613892 0.011032 
163500.000000 1803.914062 0.011033 
163600.000000 1804.714111 0.011031 
163700.000000 1805.914307 0.011032 
163800.000000 1807.414429 0.011034 
163900.000000 1809.314453 0.011039 
164000.000000 1811.214478 0.011044 
164100.000000 1814.214478 0.011056 
164200.000000 1815.214478 0.011055 
164300.000000 1818.214478 0.011066 
164400.000000 1819.914551 0.011070 
164500.000000 1820.914551 0.011069 
164600.000000 1822.814575 0.011074 
164700.000000 1822.514648 0.011066 
164800.000000 1823.414673 0.011064 
164900.000000 1825.414673 0.011070 
165000.000000 1826.314697 0.011069 
165100.000000 1828.214722 0.011073 
165200.000000 1828.114746 0.011066 
165300.000000 1828.914795 0.011064 
165400.000000 1831.514893 0.011073 
165500.000000 1834.514893 0.011085 
165600.000000 1837.514893 0.011096 
165700.000000 1839.414917 0.011101 
165800.000000 1842.414917 0.011112 
165900.000000 1846.414917 0.011130 
166000.000000 1849.414917 0.011141 
166100.000000 1852.314941 0.011152 
166200.000000 1855.314941 0.011163 
166300.000000 1857.214966 0.011168 
166400.000000 1858.114990 0.011167 
166500.000000 1860.015015 0.011171 
166600.000000 1863.915039 0.011188 
166700.000000 1865.915039 0.011193 
166800.000000 1867.815063 0.011198 
166900.000000 1868.815063 0.011197 
167000.000000 1872.815063 0.011214 
167100.000000 1874.615112 0.011219 
167200.000000 1877.615112 0.011230 
167300.000000 1880.615112 0.011241 
167400.000000 1883.615112 0.011252 
167500.000000 1886.615112 0.011263 
167600.000000 1888.615112 0.011269 
167700.000000 1889.615112 0.011268 
167800.000000 1891.615112 0.011273 
167900.000000 1894.615112 0.011284 
168000.000000 1897.615112 0.011295 
168100.000000 1899.615112 0.011301 
168200.000000 1902.615112 0.011312 
168300.000000 1904.615112 0.011317 
168400.000000 1908.615112 0.011334 
168500.000000 1911.615112 0.011345 
168600.000000 1914.615112 0.011356 
168700.000000 1917.615112 0.011367 
168800.000000 1919.515137 0.011372 
168900.000000 1920.515137 0.011371 
169000.000000 1923.515137 0.011382 
169100.000000 1924.515137 0.011381 
169200.000000 1926.515137 0.011386 
169300.000000 1927.515137 0.011385 
169400.000000 1928.515137 0.011384 
169500.000000 1928.415161 0.011377 
169600.000000 1931.315186 0.011387 
169700.000000 1932.315186 0.011387 
169800.000000 1933.315186 0.011386 
169900.000000 1936.115234 0.011396 
170000.000000 1939.115234 0.011407 
170100.000000 1943.115234 0.011423 
170200.000000 1945.115234 0.011428 
170300.000000 1948.115234 0.011439 
170400.000000 1950.115234 0.011444 
170500.000000 1952.115234 0.011449 
170600.000000 1954.115234 0.011454 
170700.000000 1958.115234 0.011471 
170800.000000 1960.115234 0.011476 
170900.000000 1963.115234 0.011487 
171000.000000 1965.015259 0.011491 
171100.000000 1967.015259 0.011496 
171200.000000 1968.915283 0.011501 
171300.000000 1969.915283 0.011500 
171400.000000 1971.915283 0.011505 
171500.000000 1974.915283 0.011516 
171600.000000 1977.915283 0.011526 
171700.000000 1978.815308 0.011525 
171800.000000 1981.815308 0.011536 
171900.000000 1983.715332 0.011540 
172000.000000 1986.615356 0.011550 
172100.000000 1987.615356 0.011549 
172200.000000 1989.615356 0.011554 
172300.000000 1989.615356 0.011547 
172400.000000 1989.615356 0.011541 
172500.000000 1989.615356 0.011534 
172600.000000 1991.615356 0.011539 
172700.000000 1991.615356 0.011532 
172800.000000 1992.515381 0.011531 
172900.000000 1995.515381 0.011541 
173000.000000 1998.515381 0.011552 
173100.000000 2000.515381 0.011557 
173200.000000 2002.515381 0.011562 
173300.000000 2004.415405 0.011566 
173400.000000 2005.315430 0.011565 
173500.000000 2006.315430 0.011564 
173600.000000 2007.215454 0.011562 
173700.000000 2007.215454 0.011556 
173800.000000 2007.215454 0.011549 
173900.000000 2006.915527 0.011541 
174000.000000 2006.915527 0.011534 
174100.000000 2007.915527 0.011533 
174200.000000 2007.415649 0.011524 
174300.000000 2008.315674 0.011522 
174400.000000 2010.315674 0.011527 
174500.000000 2012.215698 0.011531 
174600.000000 2014.115723 0.011536 
174700.000000 2017.115723 0.011546 
174800.000000 2019.115723 0.011551 
174900.000000 2023.115723 0.011567 
175000.000000 2024.915771 0.011571 
175100.000000 2026.915771 0.011576 
175200.000000 2028.915771 0.011581 
175300.000000 2030.915771 0.011585 
175400.000000 2033.915771 0.011596 
175500.000000 2037.915771 0.011612 
175600.000000 2038.915771 0.011611 
175700.000000 2042.915771 0.011627 
175800.000000 2043.815796 0.011626 
175900.000000 2045.815796 0.011631 
176000.000000 2046.815796 0.011630 
176100.000000 2047.815796 0.011629 
176200.000000 2049.715820 0.011633 
176300.000000 2050.415527 0.011630 
176400.000000 2051.315430 0.011629 
176500.000000 2053.315430 0.011634 
176600.000000 2056.315430 0.011644 
176700.000000 2059.215332 0.011654 
176800.000000 2062.215332 0.011664 
176900.000000 2065.215332 0.011674 
177000.000000 2067.215332 0.011679 
177100.000000 2069.215332 0.011684 
177200.000000 2072.215332 0.011694 
177300.000000 2073.215332 0.011693 
177400.000000 2075.215332 0.011698 
177500.000000 2079.115234 0.011713 
177600.000000 2081.115234 0.011718 
177700.000000 2083.115234 0.011723 
177800.000000 2084.115234 0.011722 
177900.000000 2084.015137 0.011715 
178000.000000 2087.015137 0.011725 
178100.000000 2089.015137 0.011729 
178200.000000 2089.015137 0.011723 
178300.000000 2090.814941 0.011726 
178400.000000 2092.814941 0.011731 
178500.000000 2096.814941 0.011747 
178600.000000 2099.814941 0.011757 
178700.000000 2102.814941 0.011767 
178800.000000 2106.814941 0.011783 
178900.000000 2108.814941 0.011788 
179000.000000 2112.814941 0.011803 
179100.000000 2114.814941 0.011808 
179200.000000 2115.814941 0.011807 
179300.000000 2116.814941 0.011806 
179400.000000 2118.814941 0.011811 
179500.000000 2122.814941 0.011826 
179600.000000 2125.814941 0.011836 
179700.000000 2127.814941 0.011841 
179800.000000 2131.814941 0.011857 
179900.000000 2133.814941 0.011861 
180000.000000 2134.814941 0.011860 
180100.000000 2135.814941 0.011859 
180200.000000 2136.814941 0.011858 
180300.000000 2136.514648 0.011850 
180400.000000 2136.514648 0.011843 
180500.000000 2137.514648 0.011842 
180600.000000 2137.514648 0.011836 
180700.000000 2138.414551 0.011834 
180800.000000 2141.414551 0.011844 
180900.000000 2143.314453 0.011848 
181000.000000 2146.314453 0.011858 
181100.000000 2146.314453 0.011852 
181200.000000 2148.214355 0.011855 
181300.000000 2149.214355 0.011854 
181400.000000 2150.114258 0.011853 
181500.000000 2149.914062 0.011845 
181600.000000 2149.313477 0.011835 
181700.000000 2150.213379 0.011834 
181800.000000 2150.213379 0.011827 
181900.000000 2149.913086 0.011819 
182000.000000 2149.712891 0.011812 
182100.000000 2149.612793 0.011805 
182200.000000 2149.312500 0.011796 
182300.000000 2149.112305 0.011789 
182400.000000 2149.012207 0.011782 
182500.000000 2148.812012 0.011774 
182600.000000 2148.511719 0.011766 
182700.000000 2148.111328 0.011758 
182800.000000 2149.011230 0.011756 
182900.000000 2149.911133 0.011755 
183000.000000 2151.610840 0.011757 
183100.000000 2153.510742 0.011761 
183200.000000 2154.510742 0.011760 
183300.000000 2155.510742 0.011759 
183400.000000 2156.510742 0.011759 
183500.000000 2157.510742 0.011758 
183600.000000 2158.510742 0.011757 
183700.000000 2162.510742 0.011772 
183800.000000 2163.510742 0.011771 
183900.000000 2165.510742 0.011775 
184000.000000 2168.510742 0.011785 
184100.000000 2170.510742 0.011790 
184200.000000 2173.510742 0.011800 
184300.000000 2176.510742 0.011810 
184400.000000 2178.510742 0.011814 
184500.000000 2181.310547 0.011823 
184600.000000 2184.310547 0.011833 
184700.000000 2187.310547 0.011843 
184800.000000 2189.310547 0.011847 
184900.000000 2193.310547 0.011862 
185000.000000 2195.310547 0.011867 
185100.000000 2196.310547 0.011866 
185200.000000 2196.210449 0.011859 
185300.000000 2199.210449 0.011868 
185400.000000 2202.110352 0.011878 
185500.000000 2204.910156 0.011886 
185600.000000 2205.910156 0.011885 
185700.000000 2207.810059 0.011889 
185800.000000 2208.810059 0.011888 
185900.000000 2209.810059 0.011887 
186000.000000 2211.709961 0.011891 
186100.000000 2212.409668 0.011888 
186200.000000 2214.409668 0.011893 
186300.000000 2218.409668 0.011908 
186400.000000 2219.409668 0.011907 
186500.000000 2221.409668 0.011911 
186600.000000 2223.409668 0.011915 
186700.000000 2225.409668 0.011920 
186800.000000 2226.109375 0.011917 
186900.000000 2229.109375 0.011927 
187000.000000 2231.109375 0.011931 
187100.000000 2232.109375 0.011930 
187200.000000 2234.109375 0.011934 
187300.000000 2235.109375 0.011933 
187400.000000 2237.109375 0.011938 
187500.000000 2239.009277 0.011941 
187600.000000 2240.009277 0.011940 
187700.000000 2240.809082 0.011938 
187800.000000 2240.708984 0.011931 
187900.000000 2243.708984 0.011941 
188000.000000 2245.708984 0.011945 
188100.000000 2247.708984 0.011950 
188200.000000 2249.708984 0.011954 
188300.000000 2250.508789 0.011952 
188400.000000 2252.408691 0.011955 
188500.000000 2254.408691 0.011960 
188600.000000 2256.408691 0.011964 
188700.000000 2258.408691 0.011968 
188800.000000 2261.308594 0.011977 
188900.000000 2262.308594 0.011976 
189000.000000 2263.308594 0.011975 
189100.000000 2266.308594 0.011985 
189200.000000 2269.308594 0.011994 
189300.000000 2271.308594 0.011998 
189400.000000 2272.308594 0.011997 
189500.000000 2274.308594 0.012002 
189600.000000 2276.308594 0.012006 
189700.000000 2277.308594 0.012005 
189800.000000 2278.308594 0.012004 
189900.000000 2280.308594 0.012008 
190000.000000 2282.308594 0.012012 
190100.000000 2282.308594 0.012006 
190200.000000 2287.308594 0.012026 
190300.000000 2288.308594 0.012025 
190400.000000 2289.308594 0.012024 
190500.000000 2289.308594 0.012017 
190600.000000 2289.308594 0.012011 
190700.000000 2289.208496 0.012004 
190800.000000 2290.108398 0.012003 
190900.000000 2291.008301 0.012001 
191000.000000 2294.008301 0.012011 
191100.000000 2294.908203 0.012009 
191200.000000 2296.708008 0.012012 
191300.000000 2299.306641 0.012019 
191400.000000 2301.306641 0.012024 
191500.000000 2304.306641 0.012033 
191600.000000 2308.306641 0.012048 
191700.000000 2312.206543 0.012062 
191800.000000 2314.206543 0.012066 
191900.000000 2316.206543 0.012070 
192000.000000 2318.206543 0.012074 
192100.000000 2319.206543 0.012073 
192200.000000 2320.206543 0.012072 
192300.000000 2321.206543 0.012071 
192400.000000 2321.206543 0.012064 
192500.000000 2324.106445 0.012073 
192600.000000 2325.106445 0.012072 
192700.000000 2324.906250 0.012065 
192800.000000 2327.806152 0.012074 
192900.000000 2328.706055 0.012072 
193000.000000 2328.706055 0.012066 
193100.000000 2329.405762 0.012063 
193200.000000 2329.305664 0.012056 
193300.000000 2329.105469 0.012049 
193400.000000 2328.805176 0.012041 
193500.000000 2328.705078 0.012035 
193600.000000 2329.504883 0.012033 
193700.000000 2328.503906 0.012021 
193800.000000 2328.103516 0.012013 
193900.000000 2328.103516 0.012007 
194000.000000 2328.003418 0.012000 
194100.000000 2329.803223 0.012003 
194200.000000 2330.803223 0.012002 
194300.000000 2331.803223 0.012001 
194400.000000 2332.803223 0.012000 
194500.000000 2333.803223 0.011999 
194600.000000 2337.803223 0.012013 
194700.000000 2339.803223 0.012017 
194800.000000 2341.803223 0.012022 
194900.000000 2342.803223 0.012021 
195000.000000 2346.703125 0.012034 
195100.000000 2348.703125 0.012038 
195200.000000 2350.703125 0.012043 
195300.000000 2352.703125 0.012047 
195400.000000 2354.502930 0.012050 
195500.000000 2354.402832 0.012043 
195600.000000 2355.402832 0.012042 
195700.000000 2355.102539 0.012034 
195800.000000 2355.102539 0.012028 
195900.000000 2358.102539 0.012037 
196000.000000 2361.102539 0.012046 
196100.000000 2362.102539 0.012045 
196200.000000 2365.102539 0.012055 
196300.000000 2366.102539 0.012054 
196400.000000 2367.102539 0.012052 
196500.000000 2368.102539 0.012051 
196600.000000 2368.102539 0.012045 
196700.000000 2369.102539 0.012044 
196800.000000 2371.102539 0.012048 
196900.000000 2375.102539 0.012062 
197000.000000 2376.002441 0.012061 
197100.000000 2378.902344 0.012070 
197200.000000 2381.902344 0.012079 
197300.000000 2382.902344 0.012078 
197400.000000 2384.802246 0.012081 
197500.000000 2387.802246 0.012090 
197600.000000 2390.702148 0.012099 
197700.000000 2392.602051 0.012102 
197800.000000 2394.602051 0.012106 
197900.000000 2395.602051 0.012105 
198000.000000 2395.501953 0.012098 
198100.000000 2396.501953 0.012097 
198200.000000 2397.501953 0.012096 
198300.000000 2398.401855 0.012095 
198400.000000 2398.201660 0.012088 
198500.000000 2398.201660 0.012082 
198600.000000 2397.701172 0.012073 
198700.000000 2399.500977 0.012076 
198800.000000 2401.500977 0.012080 
198900.000000 2404.500977 0.012089 
199000.000000 2405.500977 0.012088 
199100.000000 2408.500977 0.012097 
199200.000000 2410.500977 0.012101 
199300.000000 2411.500977 0.012100 
199400.000000 2412.300781 0.012098 
199500.000000 2412.200684 0.012091 
199600.000000 2412.000488 0.012084 
199700.000000 2411.900391 0.012078 
199800.000000 2412.900391 0.012077 
199900.000000 2414.900391 0.012081 
200000.000000 2417.900391 0.012090 
