100.000000 -1.500000 -0.015000 
200.000000 -3.999998 -0.020000 
300.000000 -5.799997 -0.019333 
400.000000 -7.399995 -0.018500 
500.000000 -8.099995 -0.016200 
600.000000 -8.799997 -0.014667 
700.000000 -10.700005 -0.015286 
800.000000 -11.600008 -0.014500 
900.000000 -12.600012 -0.014000 
1000.000000 -13.400019 -0.013400 
1100.000000 -13.900021 -0.012636 
1200.000000 -14.900024 -0.012417 
1300.000000 -16.600031 -0.012769 
1400.000000 -17.100037 -0.012214 
1500.000000 -18.000040 -0.012000 
1600.000000 -18.300041 -0.011438 
1700.000000 -19.600046 -0.011529 
1800.000000 -21.000051 -0.011667 
1900.000000 -22.000059 -0.011579 
2000.000000 -23.400064 -0.011700 
2100.000000 -25.300072 -0.012048 
2200.000000 -26.000078 -0.011818 
2300.000000 -27.500084 -0.011957 
2400.000000 -28.700089 -0.011958 
2500.000000 -29.600092 -0.011840 
2600.000000 -31.400099 -0.012077 
2700.000000 -31.100098 -0.011519 
2800.000000 -31.500101 -0.011250 
2900.000000 -31.200104 -0.010759 
3000.000000 -31.800095 -0.010600 
3100.000000 -32.200092 -0.010387 
3200.000000 -33.200077 -0.010375 
3300.000000 -34.100063 -0.010333 
3400.000000 -35.000050 -0.010294 
3500.000000 -36.500027 -0.010429 
3600.000000 -37.100002 -0.010306 
3700.000000 -37.799976 -0.010216 
3800.000000 -38.499950 -0.010132 
3900.000000 -39.399921 -0.010103 
4000.000000 -40.399906 -0.010100 
4100.000000 -41.399891 -0.010098 
4200.000000 -41.799885 -0.009952 
4300.000000 -43.299862 -0.010070 
4400.000000 -43.499844 -0.009886 
4500.000000 -43.999836 -0.009778 
4600.000000 -45.999805 -0.010000 
4700.000000 -45.799793 -0.009745 
4800.000000 -46.699780 -0.009729 
4900.000000 -45.499767 -0.009286 
5000.000000 -46.199757 -0.009240 
5100.000000 -47.399738 -0.009294 
5200.000000 -47.099728 -0.009058 
5300.000000 -46.999714 -0.008868 
5400.000000 -48.599689 -0.009000 
5500.000000 -49.299664 -0.008964 
5600.000000 -50.699642 -0.009054 
5700.000000 -50.599628 -0.008877 
5800.000000 -51.999607 -0.008965 
5900.000000 -53.299587 -0.009034 
6000.000000 -53.699566 -0.008950 
6100.000000 -54.999546 -0.009016 
6200.000000 -55.699535 -0.008984 
6300.000000 -56.999516 -0.009048 
6400.000000 -57.099499 -0.008922 
6500.000000 -58.799473 -0.009046 
6600.000000 -59.399448 -0.009000 
6700.000000 -61.199421 -0.009134 
6800.000000 -60.799412 -0.008941 
6900.000000 -61.899395 -0.008971 
7000.000000 -63.099377 -0.009014 
7100.000000 -63.899364 -0.009000 
7200.000000 -64.299362 -0.008930 
7300.000000 -64.399361 -0.008822 
7400.000000 -66.099335 -0.008932 
7500.000000 -67.199318 -0.008960 
7600.000000 -66.799309 -0.008789 
7700.000000 -68.099289 -0.008844 
7800.000000 -69.499268 -0.008910 
7900.000000 -69.499252 -0.008797 
8000.000000 -70.199242 -0.008775 
8100.000000 -70.599236 -0.008716 
8200.000000 -71.299225 -0.008695 
8300.000000 -71.699219 -0.008638 
8400.000000 -72.499207 -0.008631 
8500.000000 -72.799202 -0.008565 
8600.000000 -74.699173 -0.008686 
8700.000000 -76.399147 -0.008782 
8800.000000 -77.399117 -0.008795 
8900.000000 -78.499100 -0.008820 
9000.000000 -80.399071 -0.008933 
9100.000000 -82.299042 -0.009044 
9200.000000 -82.299026 -0.008946 
9300.000000 -83.399010 -0.008968 
9400.000000 -85.698975 -0.009117 
9500.000000 -87.598946 -0.009221 
9600.000000 -88.198936 -0.009187 
9700.000000 -90.498901 -0.009330 
9800.000000 -90.898895 -0.009275 
9900.000000 -91.298889 -0.009222 
10000.000000 -91.598869 -0.009160 
10100.000000 -91.198860 -0.009030 
10200.000000 -90.598854 -0.008882 
10300.000000 -91.298843 -0.008864 
10400.000000 -91.898834 -0.008836 
10500.000000 -90.998817 -0.008667 
10600.000000 -91.798805 -0.008660 
10700.000000 -93.098785 -0.008701 
10800.000000 -93.598778 -0.008667 
10900.000000 -94.498764 -0.008670 
11000.000000 -94.698746 -0.008609 
11100.000000 -95.498734 -0.008603 
11200.000000 -95.398720 -0.008518 
11300.000000 -94.298706 -0.008345 
11400.000000 -94.798698 -0.008316 
11500.000000 -95.398689 -0.008296 
11600.000000 -96.798668 -0.008345 
11700.000000 -96.698654 -0.008265 
11800.000000 -97.398643 -0.008254 
11900.000000 -96.998634 -0.008151 
12000.000000 -97.698624 -0.008142 
12100.000000 -99.098602 -0.008190 
12200.000000 -99.798592 -0.008180 
12300.000000 -100.498581 -0.008171 
12400.000000 -101.698563 -0.008201 
12500.000000 -102.298553 -0.008184 
12600.000000 -103.298538 -0.008198 
12700.000000 -103.598534 -0.008157 
12800.000000 -103.798515 -0.008109 
12900.000000 -105.098495 -0.008147 
13000.000000 -106.498474 -0.008192 
13100.000000 -106.998451 -0.008168 
13200.000000 -107.698441 -0.008159 
13300.000000 -108.298431 -0.008143 
13400.000000 -108.198418 -0.008075 
13500.000000 -109.398399 -0.008104 
13600.000000 -108.598396 -0.007985 
13700.000000 -108.598381 -0.007927 
13800.000000 -108.198372 -0.007840 
13900.000000 -108.698364 -0.007820 
14000.000000 -109.698349 -0.007836 
14100.000000 -109.698349 -0.007780 
14200.000000 -110.398338 -0.007775 
14300.000000 -109.598335 -0.007664 
14400.000000 -110.798317 -0.007694 
14500.000000 -110.998314 -0.007655 
14600.000000 -112.198296 -0.007685 
14700.000000 -112.898285 -0.007680 
14800.000000 -114.098267 -0.007709 
14900.000000 -114.298248 -0.007671 
15000.000000 -115.398232 -0.007693 
15100.000000 -116.298218 -0.007702 
15200.000000 -115.998207 -0.007631 
15300.000000 -116.098206 -0.007588 
15400.000000 -116.298203 -0.007552 
15500.000000 -116.898193 -0.007542 
15600.000000 -116.698181 -0.007481 
15700.000000 -114.998177 -0.007325 
15800.000000 -114.898163 -0.007272 
15900.000000 -114.998161 -0.007233 
16000.000000 -114.598152 -0.007162 
16100.000000 -115.198143 -0.007155 
16200.000000 -116.098129 -0.007167 
16300.000000 -115.898117 -0.007110 
16400.000000 -116.498108 -0.007104 
16500.000000 -117.798088 -0.007139 
16600.000000 -118.798073 -0.007157 
16700.000000 -118.698059 -0.007108 
16800.000000 -119.098053 -0.007089 
16900.000000 -119.498047 -0.007071 
17000.000000 -119.598030 -0.007035 
17100.000000 -120.298019 -0.007035 
17200.000000 -121.997993 -0.007093 
17300.000000 -122.697983 -0.007092 
17400.000000 -121.897980 -0.007006 
17500.000000 -122.497955 -0.007000 
17600.000000 -122.897949 -0.006983 
17700.000000 -123.297943 -0.006966 
17800.000000 -122.997932 -0.006910 
17900.000000 -121.997917 -0.006816 
18000.000000 -122.697906 -0.006817 
18100.000000 -124.197884 -0.006862 
18200.000000 -123.297882 -0.006775 
18300.000000 -123.597878 -0.006754 
18400.000000 -123.997871 -0.006739 
18500.000000 -124.897858 -0.006751 
18600.000000 -123.997856 -0.006667 
18700.000000 -125.097839 -0.006690 
18800.000000 -125.897827 -0.006697 
18900.000000 -126.497818 -0.006693 
19000.000000 -125.997810 -0.006631 
19100.000000 -126.097809 -0.006602 
19200.000000 -125.197807 -0.006521 
19300.000000 -125.697800 -0.006513 
19400.000000 -126.097794 -0.006500 
19500.000000 -125.397789 -0.006431 
19600.000000 -124.897781 -0.006372 
19700.000000 -125.697769 -0.006381 
19800.000000 -125.197762 -0.006323 
19900.000000 -124.397758 -0.006251 
20000.000000 -124.397758 -0.006220 
20100.000000 -124.497757 -0.006194 
20200.000000 -125.197746 -0.006198 
20300.000000 -125.997734 -0.006207 
20400.000000 -126.597725 -0.006206 
20500.000000 -126.197716 -0.006156 
20600.000000 -126.297714 -0.006131 
20700.000000 -126.497711 -0.006111 
20800.000000 -126.597694 -0.006086 
20900.000000 -126.997688 -0.006076 
21000.000000 -126.397682 -0.006019 
21100.000000 -128.097656 -0.006071 
21200.000000 -128.397675 -0.006056 
21300.000000 -127.297684 -0.005976 
21400.000000 -126.997673 -0.005934 
21500.000000 -125.597664 -0.005842 
21600.000000 -124.797661 -0.005778 
21700.000000 -125.197655 -0.005769 
21800.000000 -124.497650 -0.005711 
21900.000000 -124.197639 -0.005671 
22000.000000 -124.197639 -0.005645 
22100.000000 -123.897629 -0.005606 
22200.000000 -123.897629 -0.005581 
22300.000000 -123.897629 -0.005556 
22400.000000 -122.897629 -0.005487 
22500.000000 -122.697617 -0.005453 
22600.000000 -122.997612 -0.005442 
22700.000000 -121.297607 -0.005344 
22800.000000 -121.497604 -0.005329 
22900.000000 -121.197594 -0.005292 
23000.000000 -122.097580 -0.005309 
23100.000000 -121.397575 -0.005255 
23200.000000 -122.097565 -0.005263 
23300.000000 -122.397545 -0.005253 
23400.000000 -122.497528 -0.005235 
23500.000000 -122.497528 -0.005213 
23600.000000 -122.497528 -0.005191 
23700.000000 -122.697525 -0.005177 
23800.000000 -122.997520 -0.005168 
23900.000000 -122.197517 -0.005113 
24000.000000 -123.397499 -0.005142 
24100.000000 -122.797493 -0.005095 
24200.000000 -122.797493 -0.005074 
24300.000000 -122.997490 -0.005062 
24400.000000 -123.497482 -0.005061 
24500.000000 -123.897476 -0.005057 
24600.000000 -123.797462 -0.005032 
24700.000000 -122.097458 -0.004943 
24800.000000 -121.397453 -0.004895 
24900.000000 -120.397453 -0.004835 
25000.000000 -120.497452 -0.004820 
25100.000000 -118.897446 -0.004737 
25200.000000 -118.897446 -0.004718 
25300.000000 -118.897446 -0.004700 
25400.000000 -119.097443 -0.004689 
25500.000000 -119.197441 -0.004674 
25600.000000 -118.397438 -0.004625 
25700.000000 -117.497437 -0.004572 
25800.000000 -117.497437 -0.004554 
25900.000000 -117.797432 -0.004548 
26000.000000 -117.297424 -0.004511 
26100.000000 -117.697418 -0.004509 
26200.000000 -116.997414 -0.004466 
26300.000000 -117.597404 -0.004471 
26400.000000 -117.197395 -0.004439 
26500.000000 -116.297394 -0.004389 
26600.000000 -115.397392 -0.004338 
26700.000000 -115.597389 -0.004329 
26800.000000 -116.197380 -0.004336 
26900.000000 -116.297379 -0.004323 
27000.000000 -116.397377 -0.004311 
27100.000000 -116.497375 -0.004299 
27200.000000 -115.497375 -0.004246 
27300.000000 -115.497375 -0.004231 
27400.000000 -114.597374 -0.004182 
27500.000000 -113.997368 -0.004145 
27600.000000 -114.097366 -0.004134 
27700.000000 -115.997337 -0.004188 
27800.000000 -115.997337 -0.004173 
27900.000000 -115.997337 -0.004158 
28000.000000 -116.097336 -0.004146 
28100.000000 -116.197334 -0.004135 
28200.000000 -115.397331 -0.004092 
28300.000000 -115.497330 -0.004081 
28400.000000 -115.797325 -0.004077 
28500.000000 -115.397316 -0.004049 
28600.000000 -115.397316 -0.004035 
28700.000000 -114.897308 -0.004003 
28800.000000 -114.197304 -0.003965 
28900.000000 -114.697296 -0.003969 
29000.000000 -113.797295 -0.003924 
29100.000000 -112.897293 -0.003880 
29200.000000 -112.997292 -0.003870 
29300.000000 -111.197289 -0.003795 
29400.000000 -111.197289 -0.003782 
29500.000000 -112.397270 -0.003810 
29600.000000 -112.097260 -0.003787 
29700.000000 -112.597252 -0.003791 
29800.000000 -112.897247 -0.003788 
29900.000000 -113.497238 -0.003796 
30000.000000 -112.697235 -0.003757 
30100.000000 -110.897232 -0.003684 
30200.000000 -110.997231 -0.003675 
30300.000000 -110.297226 -0.003640 
30400.000000 -109.797218 -0.003612 
30500.000000 -109.797218 -0.003600 
30600.000000 -110.197212 -0.003601 
30700.000000 -109.397209 -0.003563 
30800.000000 -108.797203 -0.003532 
30900.000000 -108.897202 -0.003524 
31000.000000 -108.997200 -0.003516 
31100.000000 -107.897186 -0.003469 
31200.000000 -107.097183 -0.003433 
31300.000000 -106.197182 -0.003393 
31400.000000 -106.197182 -0.003382 
31500.000000 -105.397179 -0.003346 
31600.000000 -105.497177 -0.003339 
31700.000000 -105.097168 -0.003315 
31800.000000 -105.297165 -0.003311 
31900.000000 -106.297150 -0.003332 
32000.000000 -106.797142 -0.003337 
32100.000000 -107.297134 -0.003343 
32200.000000 -106.397133 -0.003304 
32300.000000 -106.497131 -0.003297 
32400.000000 -105.797127 -0.003265 
32500.000000 -105.897125 -0.003258 
32600.000000 -105.397118 -0.003233 
32700.000000 -105.397118 -0.003223 
32800.000000 -106.097107 -0.003235 
32900.000000 -106.197105 -0.003228 
33000.000000 -106.297104 -0.003221 
33100.000000 -106.397102 -0.003214 
33200.000000 -105.797096 -0.003187 
33300.000000 -105.997093 -0.003183 
33400.000000 -105.297089 -0.003153 
33500.000000 -105.497086 -0.003149 
33600.000000 -105.597084 -0.003143 
33700.000000 -105.297073 -0.003125 
33800.000000 -104.497070 -0.003092 
33900.000000 -104.997063 -0.003097 
34000.000000 -104.397057 -0.003071 
34100.000000 -102.797050 -0.003015 
34200.000000 -103.397041 -0.003023 
34300.000000 -102.697037 -0.002994 
34400.000000 -102.797035 -0.002988 
34500.000000 -101.997032 -0.002956 
34600.000000 -102.797020 -0.002971 
34700.000000 -102.197014 -0.002945 
34800.000000 -102.897003 -0.002957 
34900.000000 -103.196999 -0.002957 
35000.000000 -102.296997 -0.002923 
35100.000000 -102.996986 -0.002934 
35200.000000 -101.996986 -0.002898 
35300.000000 -102.296982 -0.002898 
35400.000000 -101.296982 -0.002861 
35500.000000 -101.396980 -0.002856 
35600.000000 -101.496979 -0.002851 
35700.000000 -101.596977 -0.002846 
35800.000000 -101.596977 -0.002838 
35900.000000 -100.796974 -0.002808 
36000.000000 -100.096970 -0.002780 
36100.000000 -99.096970 -0.002745 
36200.000000 -97.796959 -0.002702 
36300.000000 -97.796959 -0.002694 
36400.000000 -98.096954 -0.002695 
36500.000000 -98.196938 -0.002690 
36600.000000 -98.596931 -0.002694 
36700.000000 -98.596931 -0.002687 
36800.000000 -98.096924 -0.002666 
36900.000000 -98.196907 -0.002661 
37000.000000 -97.196907 -0.002627 
37100.000000 -96.396904 -0.002598 
37200.000000 -97.196892 -0.002613 
37300.000000 -96.996880 -0.002600 
37400.000000 -96.996880 -0.002593 
37500.000000 -97.696869 -0.002605 
37600.000000 -97.696869 -0.002598 
37700.000000 -97.696869 -0.002591 
37800.000000 -97.896866 -0.002590 
37900.000000 -97.196861 -0.002565 
38000.000000 -97.596855 -0.002568 
38100.000000 -97.596855 -0.002562 
38200.000000 -97.596855 -0.002555 
38300.000000 -97.596855 -0.002548 
38400.000000 -97.796852 -0.002547 
38500.000000 -96.796852 -0.002514 
38600.000000 -96.796852 -0.002508 
38700.000000 -96.996849 -0.002506 
38800.000000 -96.496841 -0.002487 
38900.000000 -96.496841 -0.002481 
39000.000000 -96.896835 -0.002485 
39100.000000 -96.396828 -0.002465 
39200.000000 -95.396828 -0.002434 
39300.000000 -95.396828 -0.002427 
39400.000000 -95.496826 -0.002424 
39500.000000 -95.596825 -0.002420 
39600.000000 -95.596825 -0.002414 
39700.000000 -95.696823 -0.002410 
39800.000000 -95.996819 -0.002412 
39900.000000 -96.296814 -0.002413 
40000.000000 -95.296814 -0.002382 
40100.000000 -95.596809 -0.002384 
40200.000000 -94.696808 -0.002356 
40300.000000 -94.796806 -0.002352 
40400.000000 -93.896805 -0.002324 
40500.000000 -93.896805 -0.002318 
40600.000000 -94.096802 -0.002318 
40700.000000 -94.296799 -0.002317 
40800.000000 -92.296799 -0.002262 
40900.000000 -92.296799 -0.002257 
41000.000000 -92.496796 -0.002256 
41100.000000 -92.596794 -0.002253 
41200.000000 -92.596794 -0.002247 
41300.000000 -92.196785 -0.002232 
41400.000000 -91.896774 -0.002220 
41500.000000 -92.296768 -0.002224 
41600.000000 -91.996758 -0.002211 
41700.000000 -91.996758 -0.002206 
41800.000000 -91.096756 -0.002179 
41900.000000 -91.296753 -0.002179 
42000.000000 -90.496750 -0.002155 
42100.000000 -90.496750 -0.002150 
42200.000000 -89.796745 -0.002128 
42300.000000 -89.796745 -0.002123 
42400.000000 -89.896744 -0.002120 
42500.000000 -89.896744 -0.002115 
42600.000000 -89.896744 -0.002110 
42700.000000 -89.196739 -0.002089 
42800.000000 -89.196739 -0.002084 
42900.000000 -89.196739 -0.002079 
43000.000000 -89.196739 -0.002074 
43100.000000 -89.196739 -0.002070 
43200.000000 -89.196739 -0.002065 
43300.000000 -89.396736 -0.002065 
43400.000000 -89.496735 -0.002062 
43500.000000 -89.596733 -0.002060 
43600.000000 -88.796730 -0.002037 
43700.000000 -88.796730 -0.002032 
43800.000000 -87.996727 -0.002009 
43900.000000 -88.096725 -0.002007 
44000.000000 -88.096725 -0.002002 
44100.000000 -87.496719 -0.001984 
44200.000000 -87.496719 -0.001980 
44300.000000 -86.896713 -0.001962 
44400.000000 -85.896713 -0.001935 
44500.000000 -85.196709 -0.001915 
44600.000000 -84.596703 -0.001897 
44700.000000 -84.596703 -0.001893 
44800.000000 -84.696701 -0.001891 
44900.000000 -83.796700 -0.001866 
45000.000000 -82.896698 -0.001842 
45100.000000 -82.896698 -0.001838 
45200.000000 -82.896698 -0.001834 
45300.000000 -82.596687 -0.001823 
45400.000000 -82.596687 -0.001819 
45500.000000 -82.596687 -0.001815 
45600.000000 -82.596687 -0.001811 
45700.000000 -82.796684 -0.001812 
45800.000000 -82.796684 -0.001808 
45900.000000 -81.896683 -0.001784 
46000.000000 -81.896683 -0.001780 
46100.000000 -81.996681 -0.001779 
46200.000000 -82.096680 -0.001777 
46300.000000 -82.196678 -0.001775 
46400.000000 -81.596672 -0.001759 
46500.000000 -81.596672 -0.001755 
46600.000000 -81.596672 -0.001751 
46700.000000 -81.596672 -0.001747 
46800.000000 -81.596672 -0.001744 
46900.000000 -81.596672 -0.001740 
47000.000000 -81.596672 -0.001736 
47100.000000 -81.596672 -0.001732 
47200.000000 -81.696655 -0.001731 
47300.000000 -80.696655 -0.001706 
47400.000000 -79.696655 -0.001681 
47500.000000 -79.796654 -0.001680 
47600.000000 -79.896652 -0.001679 
47700.000000 -79.896652 -0.001675 
47800.000000 -79.896652 -0.001671 
47900.000000 -79.996651 -0.001670 
48000.000000 -79.996651 -0.001667 
48100.000000 -80.496643 -0.001674 
48200.000000 -79.596642 -0.001651 
48300.000000 -78.596642 -0.001627 
48400.000000 -78.596642 -0.001624 
48500.000000 -78.696640 -0.001623 
48600.000000 -78.796638 -0.001621 
48700.000000 -76.796638 -0.001577 
48800.000000 -76.796638 -0.001574 
48900.000000 -76.796638 -0.001570 
49000.000000 -76.196632 -0.001555 
49100.000000 -76.196632 -0.001552 
49200.000000 -76.196632 -0.001549 
49300.000000 -76.296631 -0.001548 
49400.000000 -76.396629 -0.001546 
49500.000000 -76.396629 -0.001543 
49600.000000 -75.596626 -0.001524 
49700.000000 -74.596626 -0.001501 
49800.000000 -74.596626 -0.001498 
49900.000000 -74.596626 -0.001495 
50000.000000 -74.596626 -0.001492 
50100.000000 -74.396614 -0.001485 
50200.000000 -73.396614 -0.001462 
50300.000000 -73.496613 -0.001461 
50400.000000 -73.496613 -0.001458 
50500.000000 -72.496613 -0.001436 
50600.000000 -72.496613 -0.001433 
50700.000000 -72.696609 -0.001434 
50800.000000 -71.696609 -0.001411 
50900.000000 -71.896606 -0.001413 
51000.000000 -70.896606 -0.001390 
51100.000000 -69.696594 -0.001364 
51200.000000 -69.096588 -0.001350 
51300.000000 -69.096588 -0.001347 
51400.000000 -69.096588 -0.001344 
51500.000000 -69.096588 -0.001342 
51600.000000 -69.096588 -0.001339 
51700.000000 -69.096588 -0.001336 
51800.000000 -68.296585 -0.001318 
51900.000000 -68.296585 -0.001316 
52000.000000 -68.296585 -0.001313 
52100.000000 -68.396584 -0.001313 
52200.000000 -67.696579 -0.001297 
52300.000000 -66.696579 -0.001275 
52400.000000 -65.696579 -0.001254 
52500.000000 -65.896576 -0.001255 
52600.000000 -65.896576 -0.001253 
52700.000000 -65.896576 -0.001250 
52800.000000 -65.896576 -0.001248 
52900.000000 -65.896576 -0.001246 
53000.000000 -65.896576 -0.001243 
53100.000000 -66.096573 -0.001245 
53200.000000 -65.296570 -0.001227 
53300.000000 -65.296570 -0.001225 
53400.000000 -65.296570 -0.001223 
53500.000000 -65.296570 -0.001220 
53600.000000 -65.296570 -0.001218 
53700.000000 -65.396568 -0.001218 
53800.000000 -65.396568 -0.001216 
53900.000000 -64.396568 -0.001195 
54000.000000 -63.696564 -0.001180 
54100.000000 -63.696564 -0.001177 
54200.000000 -63.696564 -0.001175 
54300.000000 -63.896561 -0.001177 
54400.000000 -62.896561 -0.001156 
54500.000000 -62.896561 -0.001154 
54600.000000 -62.996559 -0.001154 
54700.000000 -62.996559 -0.001152 
54800.000000 -62.996559 -0.001150 
54900.000000 -62.996559 -0.001147 
55000.000000 -62.196556 -0.001131 
55100.000000 -62.196556 -0.001129 
55200.000000 -62.296555 -0.001129 
55300.000000 -62.296555 -0.001127 
55400.000000 -62.296555 -0.001124 
55500.000000 -62.396553 -0.001124 
55600.000000 -62.396553 -0.001122 
55700.000000 -62.396553 -0.001120 
55800.000000 -62.496552 -0.001120 
55900.000000 -62.496552 -0.001118 
56000.000000 -62.496552 -0.001116 
56100.000000 -62.496552 -0.001114 
56200.000000 -61.596550 -0.001096 
56300.000000 -61.596550 -0.001094 
56400.000000 -61.596550 -0.001092 
56500.000000 -60.796547 -0.001076 
56600.000000 -60.096542 -0.001062 
56700.000000 -59.096542 -0.001042 
56800.000000 -59.396538 -0.001046 
56900.000000 -58.896530 -0.001035 
57000.000000 -59.096527 -0.001037 
57100.000000 -58.296524 -0.001021 
57200.000000 -58.496521 -0.001023 
57300.000000 -58.496521 -0.001021 
57400.000000 -57.596519 -0.001003 
57500.000000 -57.596519 -0.001002 
57600.000000 -57.596519 -0.001000 
57700.000000 -57.596519 -0.000998 
57800.000000 -57.596519 -0.000996 
57900.000000 -55.896515 -0.000965 
58000.000000 -55.896515 -0.000964 
58100.000000 -55.896515 -0.000962 
58200.000000 -55.996513 -0.000962 
58300.000000 -55.996513 -0.000960 
58400.000000 -55.996513 -0.000959 
58500.000000 -55.996513 -0.000957 
58600.000000 -55.996513 -0.000956 
58700.000000 -56.496506 -0.000962 
58800.000000 -55.496506 -0.000944 
58900.000000 -55.496506 -0.000942 
59000.000000 -55.496506 -0.000941 
59100.000000 -55.496506 -0.000939 
59200.000000 -55.496506 -0.000937 
59300.000000 -54.696503 -0.000922 
59400.000000 -53.996498 -0.000909 
59500.000000 -53.996498 -0.000908 
59600.000000 -53.996498 -0.000906 
59700.000000 -53.096497 -0.000889 
59800.000000 -53.096497 -0.000888 
59900.000000 -53.096497 -0.000886 
60000.000000 -52.096497 -0.000868 
60100.000000 -51.196495 -0.000852 
60200.000000 -51.196495 -0.000850 
60300.000000 -51.196495 -0.000849 
60400.000000 -50.296494 -0.000833 
60500.000000 -50.296494 -0.000831 
60600.000000 -50.296494 -0.000830 
60700.000000 -49.296494 -0.000812 
60800.000000 -49.296494 -0.000811 
60900.000000 -48.396492 -0.000795 
61000.000000 -48.396492 -0.000793 
61100.000000 -47.596489 -0.000779 
61200.000000 -47.596489 -0.000778 
61300.000000 -47.596489 -0.000776 
61400.000000 -47.596489 -0.000775 
61500.000000 -47.596489 -0.000774 
61600.000000 -47.596489 -0.000773 
61700.000000 -46.596489 -0.000755 
61800.000000 -46.596489 -0.000754 
61900.000000 -46.596489 -0.000753 
62000.000000 -46.596489 -0.000752 
62100.000000 -46.596489 -0.000750 
62200.000000 -46.596489 -0.000749 
62300.000000 -46.696487 -0.000750 
62400.000000 -46.696487 -0.000748 
62500.000000 -46.696487 -0.000747 
62600.000000 -46.696487 -0.000746 
62700.000000 -46.796486 -0.000746 
62800.000000 -46.796486 -0.000745 
62900.000000 -45.796486 -0.000728 
63000.000000 -45.796486 -0.000727 
63100.000000 -45.796486 -0.000726 
63200.000000 -45.796486 -0.000725 
63300.000000 -45.796486 -0.000723 
63400.000000 -45.796486 -0.000722 
63500.000000 -45.896484 -0.000723 
63600.000000 -45.896484 -0.000722 
63700.000000 -45.896484 -0.000721 
63800.000000 -45.896484 -0.000719 
63900.000000 -45.896484 -0.000718 
64000.000000 -45.896484 -0.000717 
64100.000000 -45.896484 -0.000716 
64200.000000 -45.996483 -0.000716 
64300.000000 -44.996483 -0.000700 
64400.000000 -44.996483 -0.000699 
64500.000000 -44.996483 -0.000698 
64600.000000 -44.996483 -0.000697 
64700.000000 -44.996483 -0.000695 
64800.000000 -44.996483 -0.000694 
64900.000000 -45.096481 -0.000695 
65000.000000 -45.096481 -0.000694 
65100.000000 -44.196480 -0.000679 
65200.000000 -44.196480 -0.000678 
65300.000000 -44.196480 -0.000677 
65400.000000 -44.196480 -0.000676 
65500.000000 -43.296478 -0.000661 
65600.000000 -42.496475 -0.000648 
65700.000000 -42.496475 -0.000647 
65800.000000 -41.496475 -0.000631 
65900.000000 -41.496475 -0.000630 
66000.000000 -41.496475 -0.000629 
66100.000000 -41.996468 -0.000635 
66200.000000 -41.096466 -0.000621 
66300.000000 -41.096466 -0.000620 
66400.000000 -41.096466 -0.000619 
66500.000000 -41.196465 -0.000619 
66600.000000 -41.296463 -0.000620 
66700.000000 -41.296463 -0.000619 
66800.000000 -41.296463 -0.000618 
66900.000000 -40.396461 -0.000604 
67000.000000 -40.396461 -0.000603 
67100.000000 -39.496460 -0.000589 
67200.000000 -39.496460 -0.000588 
67300.000000 -39.596458 -0.000588 
67400.000000 -39.596458 -0.000587 
67500.000000 -39.696457 -0.000588 
67600.000000 -39.796455 -0.000589 
67700.000000 -39.796455 -0.000588 
67800.000000 -39.796455 -0.000587 
67900.000000 -39.796455 -0.000586 
68000.000000 -39.796455 -0.000585 
68100.000000 -39.796455 -0.000584 
68200.000000 -39.796455 -0.000584 
68300.000000 -39.796455 -0.000583 
68400.000000 -40.096451 -0.000586 
68500.000000 -39.096451 -0.000571 
68600.000000 -39.096451 -0.000570 
68700.000000 -39.096451 -0.000569 
68800.000000 -39.096451 -0.000568 
68900.000000 -39.296448 -0.000570 
69000.000000 -38.396446 -0.000556 
69100.000000 -38.396446 -0.000556 
69200.000000 -38.396446 -0.000555 
69300.000000 -38.396446 -0.000554 
69400.000000 -38.396446 -0.000553 
69500.000000 -38.396446 -0.000552 
69600.000000 -38.396446 -0.000552 
69700.000000 -38.396446 -0.000551 
69800.000000 -38.496445 -0.000552 
69900.000000 -38.496445 -0.000551 
70000.000000 -38.496445 -0.000550 
70100.000000 -38.496445 -0.000549 
70200.000000 -38.596443 -0.000550 
70300.000000 -38.896439 -0.000553 
70400.000000 -37.996437 -0.000540 
70500.000000 -37.096436 -0.000526 
70600.000000 -37.096436 -0.000525 
70700.000000 -37.096436 -0.000525 
70800.000000 -37.096436 -0.000524 
70900.000000 -37.096436 -0.000523 
71000.000000 -37.196434 -0.000524 
71100.000000 -37.196434 -0.000523 
71200.000000 -37.196434 -0.000522 
71300.000000 -37.196434 -0.000522 
71400.000000 -36.396431 -0.000510 
71500.000000 -36.396431 -0.000509 
71600.000000 -36.396431 -0.000508 
71700.000000 -36.596428 -0.000510 
71800.000000 -36.596428 -0.000510 
71900.000000 -36.596428 -0.000509 
72000.000000 -36.596428 -0.000508 
72100.000000 -36.596428 -0.000508 
72200.000000 -36.596428 -0.000507 
72300.000000 -36.596428 -0.000506 
72400.000000 -36.596428 -0.000505 
72500.000000 -36.596428 -0.000505 
72600.000000 -35.596428 -0.000490 
72700.000000 -35.596428 -0.000490 
72800.000000 -35.596428 -0.000489 
72900.000000 -35.596428 -0.000488 
73000.000000 -35.596428 -0.000488 
73100.000000 -35.596428 -0.000487 
73200.000000 -35.596428 -0.000486 
73300.000000 -35.596428 -0.000486 
73400.000000 -35.596428 -0.000485 
73500.000000 -35.596428 -0.000484 
73600.000000 -34.596428 -0.000470 
73700.000000 -34.596428 -0.000469 
73800.000000 -34.596428 -0.000469 
73900.000000 -34.696426 -0.000470 
74000.000000 -34.696426 -0.000469 
74100.000000 -34.696426 -0.000468 
74200.000000 -34.696426 -0.000468 
74300.000000 -34.896423 -0.000470 
74400.000000 -35.296417 -0.000474 
74500.000000 -34.396416 -0.000462 
74600.000000 -34.396416 -0.000461 
74700.000000 -33.396416 -0.000447 
74800.000000 -33.396416 -0.000446 
74900.000000 -33.396416 -0.000446 
75000.000000 -33.396416 -0.000445 
75100.000000 -33.396416 -0.000445 
75200.000000 -33.396416 -0.000444 
75300.000000 -32.396416 -0.000430 
75400.000000 -32.396416 -0.000430 
75500.000000 -32.396416 -0.000429 
75600.000000 -32.396416 -0.000429 
75700.000000 -31.396416 -0.000415 
75800.000000 -30.496416 -0.000402 
75900.000000 -30.496416 -0.000402 
76000.000000 -30.496416 -0.000401 
76100.000000 -30.496416 -0.000401 
76200.000000 -30.496416 -0.000400 
76300.000000 -30.496416 -0.000400 
76400.000000 -30.496416 -0.000399 
76500.000000 -30.496416 -0.000399 
76600.000000 -30.496416 -0.000398 
76700.000000 -30.496416 -0.000398 
76800.000000 -30.496416 -0.000397 
76900.000000 -28.896418 -0.000376 
77000.000000 -28.896418 -0.000375 
77100.000000 -28.996418 -0.000376 
77200.000000 -28.996418 -0.000376 
77300.000000 -28.996418 -0.000375 
77400.000000 -28.996418 -0.000375 
77500.000000 -27.996418 -0.000361 
77600.000000 -27.996418 -0.000361 
77700.000000 -27.996418 -0.000360 
77800.000000 -27.996418 -0.000360 
77900.000000 -27.996418 -0.000359 
78000.000000 -27.996418 -0.000359 
78100.000000 -27.996418 -0.000358 
78200.000000 -27.996418 -0.000358 
78300.000000 -27.996418 -0.000358 
78400.000000 -27.996418 -0.000357 
78500.000000 -28.096418 -0.000358 
78600.000000 -28.196419 -0.000359 
78700.000000 -28.196419 -0.000358 
78800.000000 -28.196419 -0.000358 
78900.000000 -28.196419 -0.000357 
79000.000000 -27.196419 -0.000344 
79100.000000 -27.196419 -0.000344 
79200.000000 -27.196419 -0.000343 
79300.000000 -27.196419 -0.000343 
79400.000000 -27.196419 -0.000343 
79500.000000 -27.196419 -0.000342 
79600.000000 -27.196419 -0.000342 
79700.000000 -27.196419 -0.000341 
79800.000000 -27.196419 -0.000341 
79900.000000 -27.196419 -0.000340 
80000.000000 -27.496420 -0.000344 
80100.000000 -27.496420 -0.000343 
80200.000000 -27.496420 -0.000343 
80300.000000 -27.496420 -0.000342 
80400.000000 -27.496420 -0.000342 
80500.000000 -27.496420 -0.000342 
80600.000000 -27.596420 -0.000342 
80700.000000 -27.596420 -0.000342 
80800.000000 -27.596420 -0.000342 
80900.000000 -27.696421 -0.000342 
81000.000000 -27.696421 -0.000342 
81100.000000 -27.696421 -0.000342 
81200.000000 -27.696421 -0.000341 
81300.000000 -27.696421 -0.000341 
81400.000000 -27.796421 -0.000341 
81500.000000 -27.896421 -0.000342 
81600.000000 -27.896421 -0.000342 
81700.000000 -27.896421 -0.000341 
81800.000000 -27.896421 -0.000341 
81900.000000 -27.896421 -0.000341 
82000.000000 -27.896421 -0.000340 
82100.000000 -27.896421 -0.000340 
82200.000000 -27.896421 -0.000339 
82300.000000 -26.996422 -0.000328 
82400.000000 -26.996422 -0.000328 
82500.000000 -26.996422 -0.000327 
82600.000000 -26.996422 -0.000327 
82700.000000 -27.196423 -0.000329 
82800.000000 -27.196423 -0.000328 
82900.000000 -27.196423 -0.000328 
83000.000000 -27.196423 -0.000328 
83100.000000 -27.196423 -0.000327 
83200.000000 -26.396423 -0.000317 
83300.000000 -26.396423 -0.000317 
83400.000000 -26.396423 -0.000317 
83500.000000 -26.396423 -0.000316 
83600.000000 -26.396423 -0.000316 
83700.000000 -25.496424 -0.000305 
83800.000000 -25.696424 -0.000307 
83900.000000 -25.696424 -0.000306 
84000.000000 -25.696424 -0.000306 
84100.000000 -25.696424 -0.000306 
84200.000000 -25.696424 -0.000305 
84300.000000 -25.696424 -0.000305 
84400.000000 -25.696424 -0.000304 
84500.000000 -25.696424 -0.000304 
84600.000000 -25.696424 -0.000304 
84700.000000 -25.696424 -0.000303 
84800.000000 -25.796425 -0.000304 
84900.000000 -25.796425 -0.000304 
85000.000000 -24.796425 -0.000292 
85100.000000 -24.796425 -0.000291 
85200.000000 -24.896425 -0.000292 
85300.000000 -24.896425 -0.000292 
85400.000000 -24.896425 -0.000292 
85500.000000 -24.896425 -0.000291 
85600.000000 -24.896425 -0.000291 
85700.000000 -24.896425 -0.000291 
85800.000000 -24.896425 -0.000290 
85900.000000 -25.196426 -0.000293 
86000.000000 -24.196426 -0.000281 
86100.000000 -23.196426 -0.000269 
86200.000000 -22.196426 -0.000257 
86300.000000 -22.196426 -0.000257 
86400.000000 -22.196426 -0.000257 
86500.000000 -22.196426 -0.000257 
86600.000000 -22.196426 -0.000256 
86700.000000 -22.196426 -0.000256 
86800.000000 -22.196426 -0.000256 
86900.000000 -22.196426 -0.000255 
87000.000000 -22.196426 -0.000255 
87100.000000 -22.196426 -0.000255 
87200.000000 -22.196426 -0.000255 
87300.000000 -22.196426 -0.000254 
87400.000000 -22.196426 -0.000254 
87500.000000 -22.196426 -0.000254 
87600.000000 -22.196426 -0.000253 
87700.000000 -22.196426 -0.000253 
87800.000000 -22.196426 -0.000253 
87900.000000 -22.196426 -0.000253 
88000.000000 -22.196426 -0.000252 
88100.000000 -21.196426 -0.000241 
88200.000000 -20.296427 -0.000230 
88300.000000 -20.296427 -0.000230 
88400.000000 -20.496428 -0.000232 
88500.000000 -20.496428 -0.000232 
88600.000000 -20.496428 -0.000231 
88700.000000 -20.496428 -0.000231 
88800.000000 -20.496428 -0.000231 
88900.000000 -20.496428 -0.000231 
89000.000000 -19.496428 -0.000219 
89100.000000 -19.596428 -0.000220 
89200.000000 -19.596428 -0.000220 
89300.000000 -19.696428 -0.000221 
89400.000000 -19.696428 -0.000220 
89500.000000 -19.696428 -0.000220 
89600.000000 -19.696428 -0.000220 
89700.000000 -19.696428 -0.000220 
89800.000000 -19.696428 -0.000219 
89900.000000 -19.696428 -0.000219 
90000.000000 -19.696428 -0.000219 
90100.000000 -19.696428 -0.000219 
90200.000000 -19.696428 -0.000218 
90300.000000 -19.696428 -0.000218 
90400.000000 -19.696428 -0.000218 
90500.000000 -18.796429 -0.000208 
90600.000000 -17.996429 -0.000199 
90700.000000 -17.996429 -0.000198 
90800.000000 -17.996429 -0.000198 
90900.000000 -18.196430 -0.000200 
91000.000000 -18.296431 -0.000201 
91100.000000 -18.296431 -0.000201 
91200.000000 -18.296431 -0.000201 
91300.000000 -18.396431 -0.000201 
91400.000000 -17.396431 -0.000190 
91500.000000 -17.396431 -0.000190 
91600.000000 -16.496431 -0.000180 
91700.000000 -15.696432 -0.000171 
91800.000000 -15.696432 -0.000171 
91900.000000 -15.696432 -0.000171 
92000.000000 -15.696432 -0.000171 
92100.000000 -15.696432 -0.000170 
92200.000000 -15.696432 -0.000170 
92300.000000 -15.696432 -0.000170 
92400.000000 -15.696432 -0.000170 
92500.000000 -15.696432 -0.000170 
92600.000000 -15.696432 -0.000170 
92700.000000 -15.696432 -0.000169 
92800.000000 -15.696432 -0.000169 
92900.000000 -14.696432 -0.000158 
93000.000000 -14.796432 -0.000159 
93100.000000 -14.796432 -0.000159 
93200.000000 -14.796432 -0.000159 
93300.000000 -14.796432 -0.000159 
93400.000000 -14.796432 -0.000158 
93500.000000 -14.796432 -0.000158 
93600.000000 -14.796432 -0.000158 
93700.000000 -14.796432 -0.000158 
93800.000000 -13.996433 -0.000149 
93900.000000 -13.996433 -0.000149 
94000.000000 -13.996433 -0.000149 
94100.000000 -13.996433 -0.000149 
94200.000000 -12.996433 -0.000138 
94300.000000 -12.096434 -0.000128 
94400.000000 -12.096434 -0.000128 
94500.000000 -12.096434 -0.000128 
94600.000000 -12.096434 -0.000128 
94700.000000 -12.096434 -0.000128 
94800.000000 -12.096434 -0.000128 
94900.000000 -12.096434 -0.000127 
95000.000000 -12.096434 -0.000127 
95100.000000 -12.096434 -0.000127 
95200.000000 -12.096434 -0.000127 
95300.000000 -12.096434 -0.000127 
95400.000000 -12.096434 -0.000127 
95500.000000 -12.096434 -0.000127 
95600.000000 -11.096434 -0.000116 
95700.000000 -11.096434 -0.000116 
95800.000000 -11.196434 -0.000117 
95900.000000 -10.196434 -0.000106 
96000.000000 -10.196434 -0.000106 
96100.000000 -10.196434 -0.000106 
96200.000000 -10.196434 -0.000106 
96300.000000 -10.196434 -0.000106 
96400.000000 -10.196434 -0.000106 
96500.000000 -10.196434 -0.000106 
96600.000000 -10.196434 -0.000106 
96700.000000 -10.196434 -0.000105 
96800.000000 -10.196434 -0.000105 
96900.000000 -10.196434 -0.000105 
97000.000000 -10.196434 -0.000105 
97100.000000 -9.196434 -0.000095 
97200.000000 -9.196434 -0.000095 
97300.000000 -9.196434 -0.000095 
97400.000000 -9.196434 -0.000094 
97500.000000 -9.196434 -0.000094 
97600.000000 -9.196434 -0.000094 
97700.000000 -9.196434 -0.000094 
97800.000000 -9.196434 -0.000094 
97900.000000 -9.196434 -0.000094 
98000.000000 -9.196434 -0.000094 
98100.000000 -9.496435 -0.000097 
98200.000000 -8.496435 -0.000087 
98300.000000 -8.596436 -0.000087 
98400.000000 -8.596436 -0.000087 
98500.000000 -8.596436 -0.000087 
98600.000000 -8.596436 -0.000087 
98700.000000 -8.596436 -0.000087 
98800.000000 -8.596436 -0.000087 
98900.000000 -8.596436 -0.000087 
99000.000000 -8.596436 -0.000087 
99100.000000 -8.596436 -0.000087 
99200.000000 -8.596436 -0.000087 
99300.000000 -8.596436 -0.000087 
99400.000000 -7.596436 -0.000076 
99500.000000 -7.596436 -0.000076 
99600.000000 -7.596436 -0.000076 
99700.000000 -7.596436 -0.000076 
99800.000000 -7.596436 -0.000076 
99900.000000 -7.596436 -0.000076 
100000.000000 -7.596436 -0.000076 
100100.000000 -7.596436 -0.000076 
100200.000000 -7.596436 -0.000076 
100300.000000 -7.596436 -0.000076 
100400.000000 -7.596436 -0.000076 
100500.000000 -7.596436 -0.000076 
100600.000000 -7.596436 -0.000076 
100700.000000 -7.596436 -0.000075 
100800.000000 -7.596436 -0.000075 
100900.000000 -7.596436 -0.000075 
101000.000000 -7.596436 -0.000075 
101100.000000 -7.596436 -0.000075 
101200.000000 -7.596436 -0.000075 
101300.000000 -7.596436 -0.000075 
101400.000000 -7.696435 -0.000076 
101500.000000 -7.696435 -0.000076 
101600.000000 -7.696435 -0.000076 
101700.000000 -7.696435 -0.000076 
101800.000000 -7.696435 -0.000076 
101900.000000 -7.696435 -0.000076 
102000.000000 -7.696435 -0.000075 
102100.000000 -6.696435 -0.000066 
102200.000000 -6.696435 -0.000066 
102300.000000 -5.696435 -0.000056 
102400.000000 -5.696435 -0.000056 
102500.000000 -5.696435 -0.000056 
102600.000000 -5.696435 -0.000056 
102700.000000 -5.696435 -0.000055 
102800.000000 -5.696435 -0.000055 
102900.000000 -5.696435 -0.000055 
103000.000000 -5.696435 -0.000055 
103100.000000 -5.696435 -0.000055 
103200.000000 -5.696435 -0.000055 
103300.000000 -5.796435 -0.000056 
103400.000000 -5.796435 -0.000056 
103500.000000 -5.796435 -0.000056 
103600.000000 -5.796435 -0.000056 
103700.000000 -5.796435 -0.000056 
103800.000000 -5.796435 -0.000056 
103900.000000 -5.796435 -0.000056 
104000.000000 -5.796435 -0.000056 
104100.000000 -5.796435 -0.000056 
104200.000000 -5.796435 -0.000056 
104300.000000 -5.796435 -0.000056 
104400.000000 -5.796435 -0.000056 
104500.000000 -5.796435 -0.000055 
104600.000000 -5.796435 -0.000055 
104700.000000 -5.796435 -0.000055 
104800.000000 -5.796435 -0.000055 
104900.000000 -5.796435 -0.000055 
105000.000000 -5.796435 -0.000055 
105100.000000 -5.796435 -0.000055 
105200.000000 -5.796435 -0.000055 
105300.000000 -5.796435 -0.000055 
105400.000000 -5.796435 -0.000055 
105500.000000 -5.796435 -0.000055 
105600.000000 -5.796435 -0.000055 
105700.000000 -5.796435 -0.000055 
105800.000000 -5.796435 -0.000055 
105900.000000 -5.796435 -0.000055 
106000.000000 -5.796435 -0.000055 
106100.000000 -5.796435 -0.000055 
106200.000000 -5.796435 -0.000055 
106300.000000 -5.796435 -0.000055 
106400.000000 -5.796435 -0.000054 
106500.000000 -5.796435 -0.000054 
106600.000000 -5.796435 -0.000054 
106700.000000 -5.796435 -0.000054 
106800.000000 -5.796435 -0.000054 
106900.000000 -5.796435 -0.000054 
107000.000000 -5.796435 -0.000054 
107100.000000 -5.796435 -0.000054 
107200.000000 -5.796435 -0.000054 
107300.000000 -5.796435 -0.000054 
107400.000000 -5.796435 -0.000054 
107500.000000 -5.796435 -0.000054 
107600.000000 -5.796435 -0.000054 
107700.000000 -5.796435 -0.000054 
107800.000000 -5.796435 -0.000054 
107900.000000 -5.796435 -0.000054 
108000.000000 -5.796435 -0.000054 
108100.000000 -5.796435 -0.000054 
108200.000000 -5.796435 -0.000054 
108300.000000 -5.796435 -0.000054 
108400.000000 -5.796435 -0.000053 
108500.000000 -5.796435 -0.000053 
108600.000000 -5.796435 -0.000053 
108700.000000 -3.996435 -0.000037 
108800.000000 -3.996435 -0.000037 
108900.000000 -3.996435 -0.000037 
109000.000000 -3.996435 -0.000037 
109100.000000 -3.996435 -0.000037 
109200.000000 -3.996435 -0.000037 
109300.000000 -3.996435 -0.000037 
109400.000000 -3.996435 -0.000037 
109500.000000 -3.996435 -0.000036 
109600.000000 -3.996435 -0.000036 
109700.000000 -3.996435 -0.000036 
109800.000000 -3.996435 -0.000036 
109900.000000 -4.096435 -0.000037 
110000.000000 -4.196435 -0.000038 
110100.000000 -4.196435 -0.000038 
110200.000000 -4.196435 -0.000038 
110300.000000 -4.196435 -0.000038 
110400.000000 -4.196435 -0.000038 
110500.000000 -4.196435 -0.000038 
110600.000000 -4.196435 -0.000038 
110700.000000 -4.196435 -0.000038 
110800.000000 -4.196435 -0.000038 
110900.000000 -4.196435 -0.000038 
111000.000000 -4.196435 -0.000038 
111100.000000 -4.196435 -0.000038 
111200.000000 -4.196435 -0.000038 
111300.000000 -4.196435 -0.000038 
111400.000000 -4.196435 -0.000038 
111500.000000 -4.196435 -0.000038 
111600.000000 -4.196435 -0.000038 
111700.000000 -4.196435 -0.000038 
111800.000000 -4.196435 -0.000038 
111900.000000 -4.196435 -0.000038 
112000.000000 -4.196435 -0.000037 
112100.000000 -4.196435 -0.000037 
112200.000000 -4.196435 -0.000037 
112300.000000 -4.196435 -0.000037 
112400.000000 -4.196435 -0.000037 
112500.000000 -4.196435 -0.000037 
112600.000000 -4.196435 -0.000037 
112700.000000 -3.296435 -0.000029 
112800.000000 -3.296435 -0.000029 
112900.000000 -3.296435 -0.000029 
113000.000000 -3.296435 -0.000029 
113100.000000 -3.296435 -0.000029 
113200.000000 -3.296435 -0.000029 
113300.000000 -3.296435 -0.000029 
113400.000000 -2.296435 -0.000020 
113500.000000 -2.296435 -0.000020 
113600.000000 -2.296435 -0.000020 
113700.000000 -2.296435 -0.000020 
113800.000000 -2.296435 -0.000020 
113900.000000 -2.296435 -0.000020 
114000.000000 -2.296435 -0.000020 
114100.000000 -2.296435 -0.000020 
114200.000000 -2.296435 -0.000020 
114300.000000 -2.296435 -0.000020 
114400.000000 -2.296435 -0.000020 
114500.000000 -2.296435 -0.000020 
114600.000000 -2.296435 -0.000020 
114700.000000 -2.296435 -0.000020 
114800.000000 -2.296435 -0.000020 
114900.000000 -2.296435 -0.000020 
115000.000000 -1.496435 -0.000013 
115100.000000 -1.496435 -0.000013 
115200.000000 -1.496435 -0.000013 
115300.000000 -1.496435 -0.000013 
115400.000000 -1.496435 -0.000013 
115500.000000 -0.496435 -0.000004 
115600.000000 -0.496435 -0.000004 
115700.000000 -0.496435 -0.000004 
115800.000000 -0.496435 -0.000004 
115900.000000 -0.496435 -0.000004 
116000.000000 -0.496435 -0.000004 
116100.000000 -0.496435 -0.000004 
116200.000000 -0.496435 -0.000004 
116300.000000 -0.496435 -0.000004 
116400.000000 -0.496435 -0.000004 
116500.000000 -0.496435 -0.000004 
116600.000000 -0.496435 -0.000004 
116700.000000 -0.496435 -0.000004 
116800.000000 -0.496435 -0.000004 
116900.000000 -0.496435 -0.000004 
117000.000000 -0.496435 -0.000004 
117100.000000 -0.496435 -0.000004 
117200.000000 -0.496435 -0.000004 
117300.000000 -0.496435 -0.000004 
117400.000000 -0.496435 -0.000004 
117500.000000 -0.496435 -0.000004 
117600.000000 -0.496435 -0.000004 
117700.000000 0.503565 0.000004 
117800.000000 0.503565 0.000004 
117900.000000 0.503565 0.000004 
118000.000000 1.503565 0.000013 
118100.000000 2.403565 0.000020 
118200.000000 2.403565 0.000020 
118300.000000 2.403565 0.000020 
118400.000000 2.403565 0.000020 
118500.000000 3.403565 0.000029 
118600.000000 3.403565 0.000029 
118700.000000 3.403565 0.000029 
118800.000000 3.403565 0.000029 
118900.000000 4.403565 0.000037 
119000.000000 5.403565 0.000045 
119100.000000 7.403565 0.000062 
119200.000000 8.403565 0.000070 
119300.000000 8.403565 0.000070 
119400.000000 8.403565 0.000070 
119500.000000 8.403565 0.000070 
119600.000000 8.403565 0.000070 
119700.000000 8.403565 0.000070 
119800.000000 8.403565 0.000070 
119900.000000 8.403565 0.000070 
120000.000000 8.403565 0.000070 
120100.000000 8.403565 0.000070 
120200.000000 8.403565 0.000070 
120300.000000 9.403565 0.000078 
120400.000000 9.403565 0.000078 
120500.000000 9.403565 0.000078 
120600.000000 9.403565 0.000078 
120700.000000 10.103564 0.000084 
120800.000000 12.003564 0.000099 
120900.000000 12.003564 0.000099 
121000.000000 12.003564 0.000099 
121100.000000 12.003564 0.000099 
121200.000000 13.003564 0.000107 
121300.000000 13.003564 0.000107 
121400.000000 13.003564 0.000107 
121500.000000 14.003564 0.000115 
121600.000000 14.003564 0.000115 
121700.000000 14.003564 0.000115 
121800.000000 14.003564 0.000115 
121900.000000 15.003564 0.000123 
122000.000000 16.003563 0.000131 
122100.000000 16.003563 0.000131 
122200.000000 16.003563 0.000131 
122300.000000 16.003563 0.000131 
122400.000000 16.003563 0.000131 
122500.000000 17.003563 0.000139 
122600.000000 17.003563 0.000139 
122700.000000 17.003563 0.000139 
122800.000000 17.003563 0.000138 
122900.000000 18.003563 0.000146 
123000.000000 19.003563 0.000155 
123100.000000 19.003563 0.000154 
123200.000000 20.003563 0.000162 
123300.000000 20.003563 0.000162 
123400.000000 20.003563 0.000162 
123500.000000 20.903563 0.000169 
123600.000000 23.903563 0.000193 
123700.000000 24.603561 0.000199 
123800.000000 27.503561 0.000222 
123900.000000 29.403561 0.000237 
124000.000000 31.303560 0.000252 
124100.000000 32.203560 0.000259 
124200.000000 32.203560 0.000259 
124300.000000 33.803566 0.000272 
124400.000000 36.803566 0.000296 
124500.000000 39.803566 0.000320 
124600.000000 42.703568 0.000343 
124700.000000 45.703568 0.000367 
124800.000000 48.503571 0.000389 
124900.000000 51.503571 0.000412 
125000.000000 54.303574 0.000434 
125100.000000 58.303574 0.000466 
125200.000000 60.103577 0.000480 
125300.000000 61.903580 0.000494 
125400.000000 65.703583 0.000524 
125500.000000 67.703583 0.000539 
125600.000000 71.703583 0.000571 
125700.000000 74.603584 0.000594 
125800.000000 74.503586 0.000592 
125900.000000 77.503586 0.000616 
126000.000000 78.503586 0.000623 
126100.000000 81.403587 0.000646 
126200.000000 85.303589 0.000676 
126300.000000 87.303589 0.000691 
126400.000000 88.303589 0.000699 
126500.000000 89.203590 0.000705 
126600.000000 88.903595 0.000702 
126700.000000 90.803596 0.000717 
126800.000000 92.803596 0.000732 
126900.000000 93.703598 0.000738 
127000.000000 93.703598 0.000738 
127100.000000 96.703598 0.000761 
127200.000000 99.703598 0.000784 
127300.000000 100.603600 0.000790 
127400.000000 101.603600 0.000798 
127500.000000 103.603600 0.000813 
127600.000000 105.603600 0.000828 
127700.000000 108.603600 0.000850 
127800.000000 109.603600 0.000858 
127900.000000 110.603600 0.000865 
128000.000000 110.603600 0.000864 
128100.000000 111.303604 0.000869 
128200.000000 111.303604 0.000868 
128300.000000 114.103607 0.000889 
128400.000000 117.103607 0.000912 
128500.000000 120.003609 0.000934 
128600.000000 122.903610 0.000956 
128700.000000 126.803612 0.000985 
128800.000000 129.503601 0.001005 
128900.000000 131.403595 0.001019 
129000.000000 134.403595 0.001042 
129100.000000 136.003571 0.001053 
129200.000000 137.603546 0.001065 
129300.000000 140.403534 0.001086 
129400.000000 143.403534 0.001108 
129500.000000 147.103516 0.001136 
129600.000000 149.103516 0.001150 
129700.000000 152.103516 0.001173 
129800.000000 154.103516 0.001187 
129900.000000 156.003510 0.001201 
130000.000000 156.903503 0.001207 
130100.000000 160.703491 0.001235 
130200.000000 162.703491 0.001250 
130300.000000 165.303467 0.001269 
130400.000000 166.703430 0.001278 
130500.000000 168.903381 0.001294 
130600.000000 172.803375 0.001323 
130700.000000 174.803375 0.001337 
130800.000000 178.603363 0.001365 
130900.000000 180.603363 0.001380 
131000.000000 183.503357 0.001401 
131100.000000 185.203339 0.001413 
131200.000000 188.203339 0.001434 
131300.000000 190.103333 0.001448 
131400.000000 192.803314 0.001467 
131500.000000 196.003265 0.001491 
131600.000000 198.803253 0.001511 
131700.000000 199.603241 0.001516 
131800.000000 201.403168 0.001528 
131900.000000 205.403168 0.001557 
132000.000000 208.203156 0.001577 
132100.000000 211.203156 0.001599 
132200.000000 214.203156 0.001620 
132300.000000 217.103149 0.001641 
132400.000000 220.003143 0.001662 
132500.000000 222.003143 0.001675 
132600.000000 225.903137 0.001704 
132700.000000 229.803131 0.001732 
132800.000000 233.703125 0.001760 
132900.000000 237.703125 0.001789 
133000.000000 241.503113 0.001816 
133100.000000 243.503113 0.001829 
133200.000000 247.403107 0.001857 
133300.000000 249.403107 0.001871 
133400.000000 251.403107 0.001885 
133500.000000 252.103088 0.001888 
133600.000000 255.103088 0.001909 
133700.000000 257.003082 0.001922 
133800.000000 260.903076 0.001950 
133900.000000 263.803070 0.001970 
134000.000000 266.803070 0.001991 
134100.000000 267.703064 0.001996 
134200.000000 270.703064 0.002017 
134300.000000 271.403046 0.002021 
134400.000000 273.403046 0.002034 
134500.000000 276.403046 0.002055 
134600.000000 277.303040 0.002060 
134700.000000 281.003021 0.002086 
134800.000000 282.003021 0.002092 
134900.000000 284.003021 0.002105 
135000.000000 287.903015 0.002133 
135100.000000 290.903015 0.002153 
135200.000000 292.502991 0.002163 
135300.000000 295.402985 0.002183 
135400.000000 297.302979 0.002196 
135500.000000 300.202972 0.002216 
135600.000000 302.202972 0.002229 
135700.000000 306.202972 0.002256 
135800.000000 308.202972 0.002270 
135900.000000 309.202972 0.002275 
136000.000000 312.002960 0.002294 
136100.000000 313.802948 0.002306 
136200.000000 313.802948 0.002304 
136300.000000 316.702942 0.002324 
136400.000000 319.602936 0.002343 
136500.000000 322.602936 0.002363 
136600.000000 325.502930 0.002383 
136700.000000 326.402924 0.002388 
136800.000000 328.302917 0.002400 
136900.000000 332.302917 0.002427 
137000.000000 335.302917 0.002447 
137100.000000 338.202911 0.002467 
137200.000000 339.902893 0.002477 
137300.000000 339.702881 0.002474 
137400.000000 343.602875 0.002501 
137500.000000 346.602875 0.002521 
137600.000000 348.602875 0.002533 
137700.000000 352.602875 0.002561 
137800.000000 355.602875 0.002581 
137900.000000 358.602875 0.002600 
138000.000000 362.402863 0.002626 
138100.000000 365.302856 0.002645 
138200.000000 370.302856 0.002679 
138300.000000 373.002838 0.002697 
138400.000000 375.902832 0.002716 
138500.000000 379.802826 0.002742 
138600.000000 382.802826 0.002762 
138700.000000 386.702820 0.002788 
138800.000000 388.502808 0.002799 
138900.000000 392.502808 0.002826 
139000.000000 394.402802 0.002837 
139100.000000 396.102783 0.002848 
139200.000000 400.102783 0.002874 
139300.000000 402.102783 0.002887 
139400.000000 405.102783 0.002906 
139500.000000 408.002777 0.002925 
139600.000000 409.002777 0.002930 
139700.000000 411.002777 0.002942 
139800.000000 412.702759 0.002952 
139900.000000 414.702759 0.002964 
140000.000000 416.702759 0.002976 
140100.000000 417.702759 0.002981 
140200.000000 421.502747 0.003006 
140300.000000 423.502747 0.003019 
140400.000000 426.502747 0.003038 
140500.000000 429.502747 0.003057 
140600.000000 432.302734 0.003075 
140700.000000 433.902710 0.003084 
140800.000000 435.102661 0.003090 
140900.000000 438.002655 0.003109 
141000.000000 438.902649 0.003113 
141100.000000 438.702637 0.003109 
141200.000000 440.602631 0.003120 
141300.000000 441.302612 0.003123 
141400.000000 443.102600 0.003134 
141500.000000 445.102600 0.003146 
141600.000000 445.002533 0.003143 
141700.000000 446.602509 0.003152 
141800.000000 448.102478 0.003160 
141900.000000 450.002472 0.003171 
142000.000000 451.502441 0.003180 
142100.000000 454.502441 0.003198 
142200.000000 455.102417 0.003200 
142300.000000 456.102417 0.003205 
142400.000000 458.702393 0.003221 
142500.000000 461.702393 0.003240 
142600.000000 461.702393 0.003238 
142700.000000 463.702393 0.003249 
142800.000000 464.702393 0.003254 
142900.000000 464.702393 0.003252 
143000.000000 465.602386 0.003256 
143100.000000 466.802338 0.003262 
143200.000000 466.502319 0.003258 
143300.000000 468.402313 0.003269 
143400.000000 469.002289 0.003271 
143500.000000 468.402252 0.003264 
143600.000000 468.902222 0.003265 
143700.000000 467.702087 0.003255 
143800.000000 467.702087 0.003252 
143900.000000 467.702087 0.003250 
144000.000000 468.702087 0.003255 
144100.000000 469.502075 0.003258 
144200.000000 469.102051 0.003253 
144300.000000 469.902039 0.003256 
144400.000000 469.902039 0.003254 
144500.000000 470.802032 0.003258 
144600.000000 471.801971 0.003263 
144700.000000 470.701904 0.003253 
144800.000000 470.301880 0.003248 
144900.000000 471.201874 0.003252 
145000.000000 472.201874 0.003257 
145100.000000 474.201874 0.003268 
145200.000000 475.201874 0.003273 
145300.000000 477.101868 0.003284 
145400.000000 477.101868 0.003281 
145500.000000 478.101868 0.003286 
145600.000000 480.001862 0.003297 
145700.000000 480.801849 0.003300 
145800.000000 482.501831 0.003309 
145900.000000 483.001801 0.003310 
146000.000000 483.701782 0.003313 
146100.000000 486.701782 0.003331 
146200.000000 488.601776 0.003342 
146300.000000 490.601776 0.003353 
146400.000000 493.601776 0.003372 
146500.000000 495.601776 0.003383 
146600.000000 499.601776 0.003408 
146700.000000 501.401764 0.003418 
146800.000000 503.401764 0.003429 
146900.000000 505.201752 0.003439 
147000.000000 507.001740 0.003449 
147100.000000 509.001740 0.003460 
147200.000000 510.901733 0.003471 
147300.000000 511.701721 0.003474 
147400.000000 514.601746 0.003491 
147500.000000 518.501770 0.003515 
147600.000000 521.401794 0.003533 
147700.000000 524.401794 0.003550 
147800.000000 528.401794 0.003575 
147900.000000 530.401794 0.003586 
148000.000000 532.301819 0.003597 
148100.000000 535.201843 0.003614 
148200.000000 537.901917 0.003630 
148300.000000 541.901917 0.003654 
148400.000000 544.901917 0.003672 
148500.000000 547.601990 0.003688 
148600.000000 548.601990 0.003692 
148700.000000 550.402039 0.003701 
148800.000000 552.202087 0.003711 
148900.000000 553.102112 0.003715 
149000.000000 554.902161 0.003724 
149100.000000 558.702209 0.003747 
149200.000000 559.302307 0.003749 
149300.000000 561.202332 0.003759 
149400.000000 562.702454 0.003766 
149500.000000 565.602478 0.003783 
149600.000000 567.402527 0.003793 
149700.000000 571.202576 0.003816 
149800.000000 574.202576 0.003833 
149900.000000 577.002625 0.003849 
150000.000000 580.902649 0.003873 
150100.000000 580.902649 0.003870 
150200.000000 582.602722 0.003879 
150300.000000 583.202820 0.003880 
150400.000000 585.002869 0.003890 
150500.000000 588.802917 0.003912 
150600.000000 591.802917 0.003930 
150700.000000 592.403015 0.003931 
150800.000000 594.303040 0.003941 
150900.000000 596.303040 0.003952 
151000.000000 599.303040 0.003969 
151100.000000 600.303040 0.003973 
151200.000000 601.203064 0.003976 
151300.000000 604.203064 0.003993 
151400.000000 607.703186 0.004014 
151500.000000 609.303284 0.004022 
151600.000000 611.203308 0.004032 
151700.000000 616.203308 0.004062 
151800.000000 618.203308 0.004072 
151900.000000 622.203308 0.004096 
152000.000000 622.903381 0.004098 
152100.000000 624.603455 0.004107 
152200.000000 624.403503 0.004103 
152300.000000 626.203552 0.004112 
152400.000000 625.603699 0.004105 
152500.000000 625.503723 0.004102 
152600.000000 625.303772 0.004098 
152700.000000 629.303772 0.004121 
152800.000000 631.303772 0.004132 
152900.000000 635.303772 0.004155 
153000.000000 637.203796 0.004165 
153100.000000 640.203796 0.004182 
153200.000000 643.103821 0.004198 
153300.000000 645.103821 0.004208 
153400.000000 646.003845 0.004211 
153500.000000 646.003845 0.004208 
153600.000000 647.003845 0.004212 
153700.000000 649.803894 0.004228 
153800.000000 652.603943 0.004243 
153900.000000 655.603943 0.004260 
154000.000000 657.403992 0.004269 
154100.000000 660.304016 0.004285 
154200.000000 662.204041 0.004294 
154300.000000 665.004089 0.004310 
154400.000000 664.904114 0.004306 
154500.000000 667.204285 0.004318 
154600.000000 668.604431 0.004325 
154700.000000 668.804626 0.004323 
154800.000000 667.105042 0.004309 
154900.000000 667.705139 0.004311 
155000.000000 669.405212 0.004319 
155100.000000 670.405212 0.004322 
155200.000000 670.905334 0.004323 
155300.000000 670.505432 0.004317 
155400.000000 670.505432 0.004315 
155500.000000 670.405457 0.004311 
155600.000000 670.405457 0.004309 
155700.000000 670.505676 0.004306 
155800.000000 670.505676 0.004304 
155900.000000 670.505676 0.004301 
156000.000000 670.505676 0.004298 
156100.000000 670.505676 0.004295 
156200.000000 670.505676 0.004293 
156300.000000 670.905823 0.004292 
156400.000000 670.705872 0.004288 
156500.000000 670.505920 0.004284 
156600.000000 670.106018 0.004279 
156700.000000 670.706116 0.004280 
156800.000000 671.706116 0.004284 
156900.000000 671.706116 0.004281 
157000.000000 673.506165 0.004290 
157100.000000 675.306213 0.004299 
157200.000000 677.206238 0.004308 
157300.000000 678.006531 0.004310 
157400.000000 680.706604 0.004325 
157500.000000 683.706604 0.004341 
157600.000000 685.706604 0.004351 
157700.000000 688.706604 0.004367 
157800.000000 690.706604 0.004377 
157900.000000 693.706604 0.004393 
158000.000000 694.706604 0.004397 
158100.000000 696.606628 0.004406 
158200.000000 698.606628 0.004416 
158300.000000 699.606628 0.004419 
158400.000000 701.606628 0.004429 
158500.000000 702.406677 0.004432 
158600.000000 703.406677 0.004435 
158700.000000 704.306702 0.004438 
158800.000000 705.306702 0.004441 
158900.000000 706.106750 0.004444 
159000.000000 708.006775 0.004453 
159100.000000 710.006775 0.004463 
159200.000000 710.706848 0.004464 
159300.000000 710.706848 0.004461 
159400.000000 714.706848 0.004484 
159500.000000 714.706848 0.004481 
159600.000000 714.606873 0.004477 
159700.000000 714.506897 0.004474 
159800.000000 715.506897 0.004478 
159900.000000 716.506897 0.004481 
160000.000000 717.506897 0.004484 
160100.000000 719.506897 0.004494 
160200.000000 719.406921 0.004491 
160300.000000 719.406921 0.004488 
160400.000000 719.406921 0.004485 
160500.000000 719.406921 0.004482 
160600.000000 719.406921 0.004479 
160700.000000 719.406921 0.004477 
160800.000000 719.406921 0.004474 
160900.000000 720.707092 0.004479 
161000.000000 722.707092 0.004489 
161100.000000 725.707092 0.004505 
161200.000000 728.607117 0.004520 
161300.000000 731.607117 0.004536 
161400.000000 734.607117 0.004551 
161500.000000 736.607117 0.004561 
161600.000000 737.307190 0.004563 
161700.000000 739.307190 0.004572 
161800.000000 741.207214 0.004581 
161900.000000 743.207214 0.004591 
162000.000000 744.107239 0.004593 
162100.000000 745.007263 0.004596 
162200.000000 748.007263 0.004612 
162300.000000 751.007263 0.004627 
162400.000000 752.007263 0.004631 
162500.000000 754.907288 0.004646 
162600.000000 755.707336 0.004648 
162700.000000 756.607361 0.004650 
162800.000000 758.607361 0.004660 
162900.000000 759.607361 0.004663 
163000.000000 761.507385 0.004672 
163100.000000 762.307434 0.004674 
163200.000000 764.207458 0.004683 
163300.000000 767.107483 0.004698 
163400.000000 768.107483 0.004701 
163500.000000 770.107483 0.004710 
163600.000000 772.107483 0.004719 
163700.000000 774.907532 0.004734 
163800.000000 777.807556 0.004749 
163900.000000 779.707581 0.004757 
164000.000000 780.407654 0.004759 
164100.000000 784.407654 0.004780 
164200.000000 786.407654 0.004789 
164300.000000 790.407654 0.004811 
164400.000000 793.407654 0.004826 
164500.000000 794.407654 0.004829 
164600.000000 796.407654 0.004838 
164700.000000 796.107727 0.004834 
164800.000000 799.107727 0.004849 
164900.000000 801.107727 0.004858 
165000.000000 803.107727 0.004867 
165100.000000 803.007751 0.004864 
165200.000000 804.007751 0.004867 
165300.000000 806.007751 0.004876 
165400.000000 809.007751 0.004891 
165500.000000 811.007751 0.004900 
165600.000000 814.007751 0.004916 
165700.000000 815.907776 0.004924 
165800.000000 817.907776 0.004933 
165900.000000 820.907776 0.004948 
166000.000000 823.907776 0.004963 
166100.000000 826.707825 0.004977 
166200.000000 829.707825 0.004992 
166300.000000 831.607849 0.005001 
166400.000000 832.607849 0.005004 
166500.000000 835.507874 0.005018 
166600.000000 839.507874 0.005039 
166700.000000 841.407898 0.005047 
166800.000000 843.407898 0.005056 
166900.000000 843.407898 0.005053 
167000.000000 847.407898 0.005074 
167100.000000 849.307922 0.005083 
167200.000000 852.307922 0.005098 
167300.000000 855.307922 0.005112 
167400.000000 856.307922 0.005115 
167500.000000 857.207947 0.005118 
167600.000000 858.207947 0.005121 
167700.000000 859.207947 0.005123 
167800.000000 861.207947 0.005132 
167900.000000 861.107971 0.005129 
168000.000000 863.007996 0.005137 
168100.000000 863.908020 0.005139 
168200.000000 864.708069 0.005141 
168300.000000 866.608093 0.005149 
168400.000000 870.608093 0.005170 
168500.000000 873.608093 0.005185 
168600.000000 876.608093 0.005199 
168700.000000 879.508118 0.005213 
168800.000000 881.408142 0.005222 
168900.000000 883.408142 0.005230 
169000.000000 886.408142 0.005245 
169100.000000 887.308167 0.005247 
169200.000000 888.208191 0.005249 
169300.000000 892.208191 0.005270 
169400.000000 893.208191 0.005273 
169500.000000 895.008240 0.005280 
169600.000000 897.808289 0.005294 
169700.000000 898.708313 0.005296 
169800.000000 899.708313 0.005299 
169900.000000 901.508362 0.005306 
170000.000000 904.508362 0.005321 
170100.000000 908.508362 0.005341 
170200.000000 909.308411 0.005343 
170300.000000 912.208435 0.005356 
170400.000000 914.208435 0.005365 
170500.000000 915.208435 0.005368 
170600.000000 916.208435 0.005371 
170700.000000 920.208435 0.005391 
170800.000000 920.108459 0.005387 
170900.000000 922.108459 0.005396 
171000.000000 924.108459 0.005404 
171100.000000 926.108459 0.005413 
171200.000000 929.008484 0.005426 
171300.000000 931.008484 0.005435 
171400.000000 934.008484 0.005449 
171500.000000 937.008484 0.005464 
171600.000000 940.008484 0.005478 
171700.000000 941.008484 0.005481 
171800.000000 942.708557 0.005487 
171900.000000 943.608582 0.005489 
172000.000000 945.508606 0.005497 
172100.000000 946.508606 0.005500 
172200.000000 948.508606 0.005508 
172300.000000 948.408630 0.005504 
172400.000000 948.408630 0.005501 
172500.000000 949.208679 0.005503 
172600.000000 949.908752 0.005504 
172700.000000 949.808777 0.005500 
172800.000000 951.308899 0.005505 
172900.000000 955.308899 0.005525 
173000.000000 957.208923 0.005533 
173100.000000 958.108948 0.005535 
173200.000000 960.008972 0.005543 
173300.000000 959.009460 0.005534 
173400.000000 959.009460 0.005531 
173500.000000 961.009460 0.005539 
173600.000000 962.009460 0.005542 
173700.000000 963.009460 0.005544 
173800.000000 964.009460 0.005547 
173900.000000 965.909485 0.005554 
174000.000000 968.609558 0.005567 
174100.000000 970.509583 0.005574 
174200.000000 971.509583 0.005577 
174300.000000 973.409607 0.005585 
174400.000000 972.709778 0.005577 
174500.000000 972.709778 0.005574 
174600.000000 972.709778 0.005571 
174700.000000 974.609802 0.005579 
174800.000000 976.609802 0.005587 
174900.000000 980.509827 0.005606 
175000.000000 982.409851 0.005614 
175100.000000 984.409851 0.005622 
175200.000000 986.409851 0.005630 
175300.000000 988.409851 0.005638 
175400.000000 990.309875 0.005646 
175500.000000 994.209900 0.005665 
175600.000000 995.209900 0.005667 
175700.000000 999.209900 0.005687 
175800.000000 1000.109924 0.005689 
175900.000000 1001.109924 0.005691 
176000.000000 1002.109924 0.005694 
176100.000000 1003.109924 0.005696 
176200.000000 1005.109924 0.005704 
176300.000000 1004.809998 0.005699 
176400.000000 1004.510071 0.005695 
176500.000000 1006.410095 0.005702 
176600.000000 1009.210144 0.005715 
176700.000000 1012.110168 0.005728 
176800.000000 1014.010193 0.005735 
176900.000000 1013.810242 0.005731 
177000.000000 1015.810242 0.005739 
177100.000000 1016.710266 0.005741 
177200.000000 1019.710266 0.005755 
177300.000000 1020.710266 0.005757 
177400.000000 1022.610291 0.005764 
177500.000000 1027.410400 0.005788 
177600.000000 1028.210449 0.005789 
177700.000000 1029.210449 0.005792 
177800.000000 1030.110474 0.005794 
177900.000000 1030.810547 0.005794 
178000.000000 1031.610596 0.005796 
178100.000000 1033.610596 0.005804 
178200.000000 1035.410645 0.005810 
178300.000000 1038.410645 0.005824 
178400.000000 1037.611084 0.005816 
178500.000000 1039.511108 0.005824 
178600.000000 1042.511108 0.005837 
178700.000000 1045.511108 0.005851 
178800.000000 1048.411133 0.005864 
178900.000000 1051.411133 0.005877 
179000.000000 1055.411133 0.005896 
179100.000000 1057.411133 0.005904 
179200.000000 1058.411133 0.005906 
179300.000000 1058.311157 0.005902 
179400.000000 1059.311157 0.005905 
179500.000000 1062.311157 0.005918 
179600.000000 1064.311157 0.005926 
179700.000000 1064.311157 0.005923 
179800.000000 1066.311157 0.005931 
179900.000000 1067.311157 0.005933 
180000.000000 1068.311157 0.005935 
180100.000000 1070.311157 0.005943 
180200.000000 1071.311157 0.005945 
180300.000000 1073.311157 0.005953 
180400.000000 1073.311157 0.005950 
180500.000000 1074.211182 0.005951 
180600.000000 1074.211182 0.005948 
180700.000000 1075.211182 0.005950 
180800.000000 1078.211182 0.005964 
180900.000000 1080.111206 0.005971 
181000.000000 1083.111206 0.005984 
181100.000000 1083.111206 0.005981 
181200.000000 1087.111206 0.006000 
181300.000000 1088.111206 0.006002 
181400.000000 1091.011230 0.006014 
181500.000000 1091.811523 0.006015 
181600.000000 1095.711548 0.006034 
181700.000000 1097.711548 0.006041 
181800.000000 1099.711548 0.006049 
181900.000000 1100.711548 0.006051 
182000.000000 1101.611572 0.006053 
182100.000000 1101.411621 0.006048 
182200.000000 1101.411621 0.006045 
182300.000000 1102.211670 0.006046 
182400.000000 1101.811768 0.006041 
182500.000000 1102.611816 0.006042 
182600.000000 1106.611816 0.006060 
182700.000000 1107.611816 0.006062 
182800.000000 1110.511841 0.006075 
182900.000000 1113.511841 0.006088 
183000.000000 1114.511841 0.006090 
183100.000000 1118.411865 0.006108 
183200.000000 1119.411865 0.006110 
183300.000000 1120.411865 0.006112 
183400.000000 1121.411865 0.006115 
183500.000000 1122.411865 0.006117 
183600.000000 1122.411865 0.006113 
183700.000000 1122.812012 0.006112 
183800.000000 1123.812012 0.006114 
183900.000000 1124.712036 0.006116 
184000.000000 1127.712036 0.006129 
184100.000000 1128.612061 0.006130 
184200.000000 1130.512085 0.006137 
184300.000000 1132.412109 0.006144 
184400.000000 1134.412109 0.006152 
184500.000000 1137.312134 0.006164 
184600.000000 1137.112183 0.006160 
184700.000000 1139.112183 0.006167 
184800.000000 1140.112183 0.006169 
184900.000000 1142.112183 0.006177 
185000.000000 1143.112183 0.006179 
185100.000000 1143.112183 0.006176 
185200.000000 1143.012207 0.006172 
185300.000000 1144.912231 0.006179 
185400.000000 1145.912231 0.006181 
185500.000000 1150.912231 0.006204 
185600.000000 1151.912231 0.006206 
185700.000000 1153.812256 0.006213 
185800.000000 1156.812256 0.006226 
185900.000000 1157.812256 0.006228 
186000.000000 1158.712280 0.006230 
186100.000000 1159.412354 0.006230 
186200.000000 1161.412354 0.006237 
186300.000000 1165.312378 0.006255 
186400.000000 1166.312378 0.006257 
186500.000000 1170.212402 0.006275 
186600.000000 1170.312866 0.006272 
186700.000000 1171.613037 0.006275 
186800.000000 1172.913208 0.006279 
186900.000000 1174.813232 0.006286 
187000.000000 1176.813232 0.006293 
187100.000000 1177.813232 0.006295 
187200.000000 1179.813232 0.006302 
187300.000000 1179.713257 0.006299 
187400.000000 1181.713257 0.006306 
187500.000000 1181.313354 0.006300 
187600.000000 1181.313354 0.006297 
187700.000000 1182.313599 0.006299 
187800.000000 1181.214111 0.006290 
187900.000000 1182.014160 0.006291 
188000.000000 1183.114380 0.006293 
188100.000000 1185.014404 0.006300 
188200.000000 1187.014404 0.006307 
188300.000000 1188.814453 0.006313 
188400.000000 1188.614502 0.006309 
188500.000000 1189.614502 0.006311 
188600.000000 1191.614502 0.006318 
188700.000000 1193.514526 0.006325 
188800.000000 1196.514526 0.006337 
188900.000000 1197.514526 0.006339 
189000.000000 1199.514526 0.006347 
189100.000000 1202.514526 0.006359 
189200.000000 1206.514526 0.006377 
189300.000000 1209.414551 0.006389 
189400.000000 1210.414551 0.006391 
189500.000000 1211.414551 0.006393 
189600.000000 1214.414551 0.006405 
189700.000000 1215.414551 0.006407 
189800.000000 1216.414551 0.006409 
189900.000000 1219.314575 0.006421 
190000.000000 1221.314575 0.006428 
190100.000000 1222.314575 0.006430 
190200.000000 1226.114624 0.006446 
190300.000000 1227.114624 0.006448 
190400.000000 1228.114624 0.006450 
190500.000000 1229.114624 0.006452 
190600.000000 1231.114624 0.006459 
190700.000000 1232.114624 0.006461 
190800.000000 1233.014648 0.006462 
190900.000000 1234.914673 0.006469 
191000.000000 1237.914673 0.006481 
191100.000000 1238.914673 0.006483 
191200.000000 1241.914673 0.006495 
191300.000000 1245.914673 0.006513 
191400.000000 1247.814697 0.006519 
191500.000000 1250.814697 0.006532 
191600.000000 1254.814697 0.006549 
191700.000000 1257.714722 0.006561 
191800.000000 1257.714722 0.006557 
191900.000000 1258.714722 0.006559 
192000.000000 1260.714722 0.006566 
192100.000000 1261.714722 0.006568 
192200.000000 1262.714722 0.006570 
192300.000000 1262.714722 0.006566 
192400.000000 1262.714722 0.006563 
192500.000000 1265.714722 0.006575 
192600.000000 1267.614746 0.006582 
192700.000000 1268.614746 0.006583 
192800.000000 1270.214844 0.006588 
192900.000000 1271.214844 0.006590 
193000.000000 1271.214844 0.006587 
193100.000000 1271.214844 0.006583 
193200.000000 1271.114868 0.006579 
193300.000000 1274.114868 0.006591 
193400.000000 1276.114868 0.006598 
193500.000000 1277.114868 0.006600 
193600.000000 1280.114868 0.006612 
193700.000000 1282.114868 0.006619 
193800.000000 1283.914917 0.006625 
193900.000000 1284.914917 0.006627 
194000.000000 1284.914917 0.006623 
194100.000000 1288.914917 0.006640 
194200.000000 1291.914917 0.006652 
194300.000000 1292.914917 0.006654 
194400.000000 1294.714966 0.006660 
194500.000000 1295.714966 0.006662 
194600.000000 1299.714966 0.006679 
194700.000000 1301.714966 0.006686 
194800.000000 1303.714966 0.006693 
194900.000000 1304.714966 0.006694 
195000.000000 1306.415039 0.006700 
195100.000000 1308.415039 0.006706 
195200.000000 1309.415039 0.006708 
195300.000000 1311.415039 0.006715 
195400.000000 1314.215088 0.006726 
195500.000000 1315.215088 0.006727 
195600.000000 1315.215088 0.006724 
195700.000000 1315.515259 0.006722 
195800.000000 1318.515259 0.006734 
195900.000000 1321.515259 0.006746 
196000.000000 1324.515259 0.006758 
196100.000000 1325.515259 0.006759 
196200.000000 1328.515259 0.006771 
196300.000000 1328.515259 0.006768 
196400.000000 1328.515259 0.006764 
196500.000000 1328.415283 0.006760 
196600.000000 1330.415283 0.006767 
196700.000000 1331.415283 0.006769 
196800.000000 1332.415283 0.006770 
196900.000000 1334.415283 0.006777 
197000.000000 1335.315308 0.006778 
197100.000000 1338.315308 0.006790 
197200.000000 1340.215332 0.006796 
197300.000000 1340.215332 0.006793 
197400.000000 1343.215332 0.006805 
197500.000000 1343.215332 0.006801 
197600.000000 1346.115356 0.006812 
197700.000000 1347.115356 0.006814 
197800.000000 1347.115356 0.006810 
197900.000000 1348.115356 0.006812 
198000.000000 1348.015381 0.006808 
198100.000000 1347.915405 0.006804 
198200.000000 1347.815430 0.006800 
198300.000000 1347.715454 0.006796 
198400.000000 1347.715454 0.006793 
198500.000000 1348.115601 0.006792 
198600.000000 1346.715942 0.006781 
198700.000000 1347.615967 0.006782 
198800.000000 1349.615967 0.006789 
198900.000000 1350.515991 0.006790 
199000.000000 1350.515991 0.006787 
199100.000000 1350.316040 0.006782 
199200.000000 1350.316040 0.006779 
199300.000000 1350.316040 0.006775 
199400.000000 1351.116089 0.006776 
199500.000000 1350.816162 0.006771 
199600.000000 1350.816162 0.006768 
199700.000000 1350.716187 0.006764 
199800.000000 1350.716187 0.006760 
199900.000000 1350.616211 0.006756 
200000.000000 1350.416260 0.006752 
