100.000000 -1.500000 -0.015000 
200.000000 -3.999998 -0.020000 
300.000000 -5.799997 -0.019333 
400.000000 -7.399995 -0.018500 
500.000000 -8.099995 -0.016200 
600.000000 -8.799997 -0.014667 
700.000000 -10.100002 -0.014429 
800.000000 -11.200006 -0.014000 
900.000000 -12.200010 -0.013556 
1000.000000 -12.700016 -0.012700 
1100.000000 -13.200018 -0.012000 
1200.000000 -14.200022 -0.011833 
1300.000000 -15.900028 -0.012231 
1400.000000 -17.400034 -0.012429 
1500.000000 -18.700039 -0.012467 
1600.000000 -19.000040 -0.011875 
1700.000000 -20.200045 -0.011882 
1800.000000 -21.500050 -0.011944 
1900.000000 -21.900055 -0.011526 
2000.000000 -23.300060 -0.011650 
2100.000000 -23.900066 -0.011381 
2200.000000 -24.400072 -0.011091 
2300.000000 -26.400080 -0.011478 
2400.000000 -27.500084 -0.011458 
2500.000000 -28.300087 -0.011320 
2600.000000 -29.700092 -0.011423 
2700.000000 -29.400095 -0.010889 
2800.000000 -29.700100 -0.010607 
2900.000000 -29.200102 -0.010069 
3000.000000 -29.700108 -0.009900 
3100.000000 -30.700111 -0.009903 
3200.000000 -32.300110 -0.010094 
3300.000000 -33.500092 -0.010152 
3400.000000 -34.300079 -0.010088 
3500.000000 -35.800056 -0.010229 
3600.000000 -37.800011 -0.010500 
3700.000000 -38.799980 -0.010486 
3800.000000 -39.299957 -0.010342 
3900.000000 -40.299927 -0.010333 
4000.000000 -41.099915 -0.010275 
4100.000000 -41.199898 -0.010049 
4200.000000 -41.599892 -0.009905 
4300.000000 -42.699875 -0.009930 
4400.000000 -42.999855 -0.009773 
4500.000000 -43.699844 -0.009711 
4600.000000 -45.499817 -0.009891 
4700.000000 -45.599800 -0.009702 
4800.000000 -46.099792 -0.009604 
4900.000000 -46.099777 -0.009408 
5000.000000 -46.799767 -0.009360 
5100.000000 -48.199745 -0.009451 
5200.000000 -48.299728 -0.009288 
5300.000000 -48.799706 -0.009207 
5400.000000 -50.399681 -0.009333 
5500.000000 -49.999672 -0.009091 
5600.000000 -51.999641 -0.009286 
5700.000000 -52.299622 -0.009175 
5800.000000 -53.299606 -0.009190 
5900.000000 -53.899582 -0.009136 
6000.000000 -55.499557 -0.009250 
6100.000000 -55.899551 -0.009164 
6200.000000 -56.499542 -0.009113 
6300.000000 -58.299515 -0.009254 
6400.000000 -58.699493 -0.009172 
6500.000000 -60.999458 -0.009385 
6600.000000 -60.799446 -0.009212 
6700.000000 -62.599419 -0.009343 
6800.000000 -62.399406 -0.009176 
6900.000000 -63.199394 -0.009159 
7000.000000 -63.999382 -0.009143 
7100.000000 -64.699371 -0.009113 
7200.000000 -65.699356 -0.009125 
7300.000000 -65.799355 -0.009014 
7400.000000 -66.599342 -0.009000 
7500.000000 -67.699326 -0.009027 
7600.000000 -66.799324 -0.008789 
7700.000000 -67.199318 -0.008727 
7800.000000 -67.599312 -0.008667 
7900.000000 -67.699310 -0.008570 
8000.000000 -68.199303 -0.008525 
8100.000000 -68.399300 -0.008444 
8200.000000 -68.999290 -0.008415 
8300.000000 -68.599281 -0.008265 
8400.000000 -68.899277 -0.008202 
8500.000000 -69.199272 -0.008141 
8600.000000 -69.899261 -0.008128 
8700.000000 -70.799248 -0.008138 
8800.000000 -70.899231 -0.008057 
8900.000000 -71.799217 -0.008067 
9000.000000 -73.599190 -0.008178 
9100.000000 -74.699173 -0.008209 
9200.000000 -73.799156 -0.008022 
9300.000000 -74.699142 -0.008032 
9400.000000 -75.399132 -0.008021 
9500.000000 -76.599113 -0.008063 
9600.000000 -77.199104 -0.008042 
9700.000000 -77.199089 -0.007959 
9800.000000 -77.599083 -0.007918 
9900.000000 -78.199074 -0.007899 
10000.000000 -77.999062 -0.007800 
10100.000000 -77.999046 -0.007723 
10200.000000 -77.399040 -0.007588 
10300.000000 -77.999031 -0.007573 
10400.000000 -77.799019 -0.007481 
10500.000000 -77.499008 -0.007381 
10600.000000 -78.098984 -0.007368 
10700.000000 -80.398949 -0.007514 
10800.000000 -80.998940 -0.007500 
10900.000000 -81.798927 -0.007504 
11000.000000 -81.798912 -0.007436 
11100.000000 -81.298904 -0.007324 
11200.000000 -80.898895 -0.007223 
11300.000000 -79.998878 -0.007080 
11400.000000 -78.998878 -0.006930 
11500.000000 -78.398872 -0.006817 
11600.000000 -78.698853 -0.006784 
11700.000000 -78.698837 -0.006726 
11800.000000 -78.498825 -0.006652 
11900.000000 -78.298813 -0.006580 
12000.000000 -78.798805 -0.006567 
12100.000000 -78.398796 -0.006479 
12200.000000 -79.898773 -0.006549 
12300.000000 -80.898758 -0.006577 
12400.000000 -81.598747 -0.006581 
12500.000000 -82.198738 -0.006576 
12600.000000 -83.198723 -0.006603 
12700.000000 -83.898712 -0.006606 
12800.000000 -84.498688 -0.006601 
12900.000000 -84.998680 -0.006589 
13000.000000 -84.498672 -0.006500 
13100.000000 -85.898651 -0.006557 
13200.000000 -86.598640 -0.006561 
13300.000000 -86.898636 -0.006534 
13400.000000 -87.898621 -0.006560 
13500.000000 -88.798607 -0.006578 
13600.000000 -87.998604 -0.006470 
13700.000000 -87.498581 -0.006387 
13800.000000 -87.598564 -0.006348 
13900.000000 -87.998558 -0.006331 
14000.000000 -87.998543 -0.006286 
14100.000000 -88.398537 -0.006269 
14200.000000 -89.298523 -0.006289 
14300.000000 -88.698517 -0.006203 
14400.000000 -88.198509 -0.006125 
14500.000000 -88.398506 -0.006096 
14600.000000 -88.798500 -0.006082 
14700.000000 -90.098480 -0.006129 
14800.000000 -91.398460 -0.006176 
14900.000000 -93.098434 -0.006248 
15000.000000 -93.398415 -0.006227 
15100.000000 -92.998405 -0.006159 
15200.000000 -92.398399 -0.006079 
15300.000000 -92.598396 -0.006052 
15400.000000 -91.798393 -0.005961 
15500.000000 -90.998390 -0.005871 
15600.000000 -90.698380 -0.005814 
15700.000000 -90.398369 -0.005758 
15800.000000 -88.998360 -0.005633 
15900.000000 -89.998344 -0.005660 
16000.000000 -89.498337 -0.005594 
16100.000000 -88.898331 -0.005522 
16200.000000 -89.498322 -0.005525 
16300.000000 -89.198311 -0.005472 
16400.000000 -87.498306 -0.005335 
16500.000000 -87.798302 -0.005321 
16600.000000 -87.598289 -0.005277 
16700.000000 -86.998283 -0.005209 
16800.000000 -87.298279 -0.005196 
16900.000000 -87.798271 -0.005195 
17000.000000 -88.698242 -0.005218 
17100.000000 -89.498230 -0.005234 
17200.000000 -90.898209 -0.005285 
17300.000000 -91.198189 -0.005272 
17400.000000 -90.598183 -0.005207 
17500.000000 -91.198158 -0.005211 
17600.000000 -90.498154 -0.005142 
17700.000000 -91.598137 -0.005175 
17800.000000 -91.098129 -0.005118 
17900.000000 -90.398109 -0.005050 
18000.000000 -90.498108 -0.005028 
18100.000000 -91.598091 -0.005061 
18200.000000 -90.698090 -0.004983 
18300.000000 -91.098083 -0.004978 
18400.000000 -90.398079 -0.004913 
18500.000000 -91.398064 -0.004940 
18600.000000 -91.698044 -0.004930 
18700.000000 -91.798027 -0.004909 
18800.000000 -92.398018 -0.004915 
18900.000000 -91.598015 -0.004846 
19000.000000 -90.898010 -0.004784 
19100.000000 -89.998009 -0.004712 
19200.000000 -90.098007 -0.004693 
19300.000000 -90.697998 -0.004699 
19400.000000 -89.897995 -0.004634 
19500.000000 -89.597984 -0.004595 
19600.000000 -88.897980 -0.004536 
19700.000000 -88.097961 -0.004472 
19800.000000 -89.497940 -0.004520 
19900.000000 -89.697922 -0.004507 
20000.000000 -89.297913 -0.004465 
20100.000000 -89.397911 -0.004448 
20200.000000 -90.397896 -0.004475 
20300.000000 -89.997887 -0.004433 
20400.000000 -90.397881 -0.004431 
20500.000000 -91.397865 -0.004458 
20600.000000 -91.697861 -0.004451 
20700.000000 -91.097855 -0.004401 
20800.000000 -91.197838 -0.004385 
20900.000000 -91.497833 -0.004378 
21000.000000 -91.597816 -0.004362 
21100.000000 -93.197792 -0.004417 
21200.000000 -94.197777 -0.004443 
21300.000000 -92.097763 -0.004324 
21400.000000 -92.297745 -0.004313 
21500.000000 -91.097733 -0.004237 
21600.000000 -90.497726 -0.004190 
21700.000000 -90.697723 -0.004180 
21800.000000 -90.297714 -0.004142 
21900.000000 -89.997704 -0.004109 
22000.000000 -90.697693 -0.004123 
22100.000000 -90.797676 -0.004108 
22200.000000 -90.197670 -0.004063 
22300.000000 -90.297668 -0.004049 
22400.000000 -89.497665 -0.003995 
22500.000000 -89.297653 -0.003969 
22600.000000 -90.197639 -0.003991 
22700.000000 -89.397621 -0.003938 
22800.000000 -90.097595 -0.003952 
22900.000000 -90.297577 -0.003943 
23000.000000 -89.897568 -0.003909 
23100.000000 -89.597557 -0.003879 
23200.000000 -89.797539 -0.003871 
23300.000000 -90.797508 -0.003897 
23400.000000 -90.297501 -0.003859 
23500.000000 -90.497498 -0.003851 
23600.000000 -89.797493 -0.003805 
23700.000000 -89.997490 -0.003797 
23800.000000 -90.197487 -0.003790 
23900.000000 -90.297470 -0.003778 
24000.000000 -91.397453 -0.003808 
24100.000000 -90.797447 -0.003768 
24200.000000 -90.797447 -0.003752 
24300.000000 -91.197441 -0.003753 
24400.000000 -91.597435 -0.003754 
24500.000000 -92.097427 -0.003759 
24600.000000 -92.297409 -0.003752 
24700.000000 -92.397392 -0.003741 
24800.000000 -90.997383 -0.003669 
24900.000000 -91.197380 -0.003663 
25000.000000 -91.497375 -0.003660 
25100.000000 -89.997368 -0.003586 
25200.000000 -90.697357 -0.003599 
25300.000000 -92.997322 -0.003676 
25400.000000 -92.297318 -0.003634 
25500.000000 -91.597313 -0.003592 
25600.000000 -90.997307 -0.003555 
25700.000000 -90.397301 -0.003517 
25800.000000 -89.897293 -0.003484 
25900.000000 -89.597282 -0.003459 
26000.000000 -89.797279 -0.003454 
26100.000000 -89.797264 -0.003441 
26200.000000 -90.197258 -0.003443 
26300.000000 -90.297241 -0.003433 
26400.000000 -89.497238 -0.003390 
26500.000000 -88.597237 -0.003343 
26600.000000 -88.497223 -0.003327 
26700.000000 -88.597221 -0.003318 
26800.000000 -89.597206 -0.003343 
26900.000000 -90.197197 -0.003353 
27000.000000 -90.897186 -0.003367 
27100.000000 -91.597176 -0.003380 
27200.000000 -90.197166 -0.003316 
27300.000000 -90.297165 -0.003308 
27400.000000 -89.497162 -0.003266 
27500.000000 -88.997154 -0.003236 
27600.000000 -88.197151 -0.003196 
27700.000000 -89.197136 -0.003220 
27800.000000 -89.297134 -0.003212 
27900.000000 -89.397133 -0.003204 
28000.000000 -89.497131 -0.003196 
28100.000000 -90.097122 -0.003206 
28200.000000 -89.397118 -0.003170 
28300.000000 -88.697113 -0.003134 
28400.000000 -89.097107 -0.003137 
28500.000000 -88.897095 -0.003119 
28600.000000 -88.897095 -0.003108 
28700.000000 -87.097092 -0.003035 
28800.000000 -87.497070 -0.003038 
28900.000000 -87.797066 -0.003038 
29000.000000 -86.897064 -0.002996 
29100.000000 -85.897064 -0.002952 
29200.000000 -85.497055 -0.002928 
29300.000000 -83.897049 -0.002863 
29400.000000 -83.297043 -0.002833 
29500.000000 -85.397011 -0.002895 
29600.000000 -86.196983 -0.002912 
29700.000000 -87.096970 -0.002933 
29800.000000 -86.496964 -0.002903 
29900.000000 -86.396950 -0.002890 
30000.000000 -84.896942 -0.002830 
30100.000000 -84.096939 -0.002794 
30200.000000 -83.496933 -0.002765 
30300.000000 -82.896927 -0.002736 
30400.000000 -82.496918 -0.002714 
30500.000000 -82.496918 -0.002705 
30600.000000 -82.596916 -0.002699 
30700.000000 -81.996910 -0.002671 
30800.000000 -81.496902 -0.002646 
30900.000000 -81.496902 -0.002637 
31000.000000 -81.596901 -0.002632 
31100.000000 -81.096893 -0.002608 
31200.000000 -79.196892 -0.002538 
31300.000000 -78.296890 -0.002501 
31400.000000 -78.296890 -0.002494 
31500.000000 -76.696884 -0.002435 
31600.000000 -75.996880 -0.002405 
31700.000000 -75.796867 -0.002391 
31800.000000 -75.096863 -0.002362 
31900.000000 -75.396858 -0.002364 
32000.000000 -75.096848 -0.002347 
32100.000000 -74.296844 -0.002315 
32200.000000 -73.496841 -0.002283 
32300.000000 -72.796837 -0.002254 
32400.000000 -71.996834 -0.002222 
32500.000000 -72.496826 -0.002231 
32600.000000 -70.996819 -0.002178 
32700.000000 -70.196815 -0.002147 
32800.000000 -70.996803 -0.002165 
32900.000000 -70.496796 -0.002143 
33000.000000 -70.596794 -0.002139 
33100.000000 -69.196785 -0.002091 
33200.000000 -69.196785 -0.002084 
33300.000000 -68.596779 -0.002060 
33400.000000 -67.996773 -0.002036 
33500.000000 -67.396767 -0.002012 
33600.000000 -67.496765 -0.002009 
33700.000000 -67.296753 -0.001997 
33800.000000 -65.796745 -0.001947 
33900.000000 -65.496735 -0.001932 
34000.000000 -64.596733 -0.001900 
34100.000000 -62.696716 -0.001839 
34200.000000 -63.096695 -0.001845 
34300.000000 -62.296692 -0.001816 
34400.000000 -62.096680 -0.001805 
34500.000000 -61.296677 -0.001777 
34600.000000 -59.596672 -0.001722 
34700.000000 -59.296661 -0.001709 
34800.000000 -58.796654 -0.001690 
34900.000000 -58.096649 -0.001665 
35000.000000 -56.496643 -0.001614 
35100.000000 -55.796638 -0.001590 
35200.000000 -54.496628 -0.001548 
35300.000000 -54.796623 -0.001552 
35400.000000 -53.896622 -0.001523 
35500.000000 -54.196617 -0.001527 
35600.000000 -52.396614 -0.001472 
35700.000000 -52.396614 -0.001468 
35800.000000 -51.996605 -0.001452 
35900.000000 -51.396599 -0.001432 
36000.000000 -50.096588 -0.001392 
36100.000000 -49.696579 -0.001377 
36200.000000 -48.396568 -0.001337 
36300.000000 -47.096558 -0.001297 
36400.000000 -47.696548 -0.001310 
36500.000000 -46.296539 -0.001268 
36600.000000 -47.496521 -0.001298 
36700.000000 -46.896515 -0.001278 
36800.000000 -45.696503 -0.001242 
36900.000000 -45.596489 -0.001236 
37000.000000 -44.596489 -0.001205 
37100.000000 -44.296478 -0.001194 
37200.000000 -42.996468 -0.001156 
37300.000000 -42.496460 -0.001139 
37400.000000 -41.596458 -0.001112 
37500.000000 -42.796440 -0.001141 
37600.000000 -41.196434 -0.001096 
37700.000000 -40.596428 -0.001077 
37800.000000 -39.196419 -0.001037 
37900.000000 -40.196388 -0.001061 
38000.000000 -40.396385 -0.001063 
38100.000000 -39.896378 -0.001047 
38200.000000 -39.296371 -0.001029 
38300.000000 -38.496368 -0.001005 
38400.000000 -39.396355 -0.001026 
38500.000000 -37.596352 -0.000977 
38600.000000 -37.196342 -0.000964 
38700.000000 -37.096329 -0.000959 
38800.000000 -34.596321 -0.000892 
38900.000000 -33.896317 -0.000871 
39000.000000 -33.396309 -0.000856 
39100.000000 -32.596291 -0.000834 
39200.000000 -31.396290 -0.000801 
39300.000000 -30.496286 -0.000776 
39400.000000 -28.996288 -0.000736 
39500.000000 -28.996292 -0.000734 
39600.000000 -28.396294 -0.000717 
39700.000000 -27.796295 -0.000700 
39800.000000 -28.296301 -0.000711 
39900.000000 -27.996304 -0.000702 
40000.000000 -27.396305 -0.000685 
40100.000000 -26.096308 -0.000651 
40200.000000 -26.996311 -0.000672 
40300.000000 -25.396313 -0.000630 
40400.000000 -24.496313 -0.000606 
40500.000000 -24.496313 -0.000605 
40600.000000 -24.696314 -0.000608 
40700.000000 -22.896315 -0.000563 
40800.000000 -22.396317 -0.000549 
40900.000000 -21.396317 -0.000523 
41000.000000 -20.396317 -0.000497 
41100.000000 -18.696318 -0.000455 
41200.000000 -18.796318 -0.000456 
41300.000000 -18.096323 -0.000438 
41400.000000 -17.396324 -0.000420 
41500.000000 -16.796326 -0.000405 
41600.000000 -14.296328 -0.000344 
41700.000000 -13.496328 -0.000324 
41800.000000 -13.596329 -0.000325 
41900.000000 -13.696329 -0.000327 
42000.000000 -12.896330 -0.000307 
42100.000000 -12.096331 -0.000287 
42200.000000 -10.396332 -0.000246 
42300.000000 -10.396332 -0.000246 
42400.000000 -9.696333 -0.000229 
42500.000000 -9.996334 -0.000235 
42600.000000 -9.996334 -0.000235 
42700.000000 -9.096334 -0.000213 
42800.000000 -9.296335 -0.000217 
42900.000000 -7.396336 -0.000172 
43000.000000 -7.496336 -0.000174 
43100.000000 -6.896335 -0.000160 
43200.000000 -6.096335 -0.000141 
43300.000000 -6.296335 -0.000145 
43400.000000 -6.796334 -0.000157 
43500.000000 -5.896334 -0.000136 
43600.000000 -5.096334 -0.000117 
43700.000000 -4.296334 -0.000098 
43800.000000 -2.696333 -0.000062 
43900.000000 -1.496333 -0.000034 
44000.000000 -0.896333 -0.000020 
44100.000000 -0.196333 -0.000004 
44200.000000 0.703667 0.000016 
44300.000000 0.103667 0.000002 
44400.000000 1.603667 0.000036 
44500.000000 3.103667 0.000070 
44600.000000 5.003667 0.000112 
44700.000000 5.803668 0.000130 
44800.000000 7.403668 0.000165 
44900.000000 8.203668 0.000183 
45000.000000 9.103667 0.000202 
45100.000000 9.003667 0.000200 
45200.000000 10.003667 0.000221 
45300.000000 12.703666 0.000280 
45400.000000 13.203664 0.000291 
45500.000000 14.003663 0.000308 
45600.000000 13.803662 0.000303 
45700.000000 14.503661 0.000317 
45800.000000 15.403661 0.000336 
45900.000000 16.003658 0.000349 
46000.000000 16.803658 0.000365 
46100.000000 16.903654 0.000367 
46200.000000 17.403652 0.000377 
46300.000000 17.303652 0.000374 
46400.000000 18.703650 0.000403 
46500.000000 19.603649 0.000422 
46600.000000 20.203648 0.000434 
46700.000000 20.603645 0.000441 
46800.000000 21.103643 0.000451 
46900.000000 21.603642 0.000461 
47000.000000 22.503641 0.000479 
47100.000000 23.103640 0.000491 
47200.000000 23.703638 0.000502 
47300.000000 25.603638 0.000541 
47400.000000 26.503637 0.000559 
47500.000000 27.203636 0.000573 
47600.000000 28.003635 0.000588 
47700.000000 28.003635 0.000587 
47800.000000 28.803635 0.000603 
47900.000000 29.203632 0.000610 
48000.000000 30.003632 0.000625 
48100.000000 30.503630 0.000634 
48200.000000 32.103638 0.000666 
48300.000000 32.303642 0.000669 
48400.000000 34.203644 0.000707 
48500.000000 35.303658 0.000728 
48600.000000 35.203659 0.000724 
48700.000000 37.103661 0.000762 
48800.000000 38.303673 0.000785 
48900.000000 38.103676 0.000779 
49000.000000 38.703682 0.000790 
49100.000000 39.603683 0.000807 
49200.000000 41.403687 0.000842 
49300.000000 42.203690 0.000856 
49400.000000 43.103691 0.000873 
49500.000000 43.703697 0.000883 
49600.000000 45.303703 0.000913 
49700.000000 46.003708 0.000926 
49800.000000 47.003708 0.000944 
49900.000000 47.003708 0.000942 
50000.000000 48.803711 0.000976 
50100.000000 50.403717 0.001006 
50200.000000 51.903725 0.001034 
50300.000000 52.803726 0.001050 
50400.000000 53.203735 0.001056 
50500.000000 53.903740 0.001067 
50600.000000 55.403748 0.001095 
50700.000000 56.303749 0.001111 
50800.000000 57.403763 0.001130 
50900.000000 58.203766 0.001143 
51000.000000 60.103767 0.001179 
51100.000000 61.603775 0.001206 
51200.000000 62.403793 0.001219 
51300.000000 63.703804 0.001242 
51400.000000 65.703804 0.001278 
51500.000000 68.403809 0.001328 
51600.000000 69.403809 0.001345 
51700.000000 71.203812 0.001377 
51800.000000 70.903831 0.001369 
51900.000000 72.703835 0.001401 
52000.000000 73.703835 0.001417 
52100.000000 75.603836 0.001451 
52200.000000 76.103844 0.001458 
52300.000000 78.003845 0.001491 
52400.000000 79.603851 0.001519 
52500.000000 80.403854 0.001532 
52600.000000 82.403854 0.001567 
52700.000000 83.003860 0.001575 
52800.000000 84.603867 0.001602 
52900.000000 85.603882 0.001618 
53000.000000 88.503883 0.001670 
53100.000000 90.003891 0.001695 
53200.000000 91.103905 0.001712 
53300.000000 91.903923 0.001724 
53400.000000 93.603928 0.001753 
53500.000000 95.703941 0.001789 
53600.000000 97.003952 0.001810 
53700.000000 97.703957 0.001819 
53800.000000 98.003967 0.001822 
53900.000000 100.703972 0.001868 
54000.000000 102.503975 0.001898 
54100.000000 102.703987 0.001898 
54200.000000 104.503990 0.001928 
54300.000000 104.804001 0.001930 
54400.000000 106.404007 0.001956 
54500.000000 107.004013 0.001963 
54600.000000 107.904015 0.001976 
54700.000000 108.604019 0.001985 
54800.000000 111.204025 0.002029 
54900.000000 113.604034 0.002069 
55000.000000 115.304039 0.002096 
55100.000000 117.504051 0.002133 
55200.000000 118.504066 0.002147 
55300.000000 119.904076 0.002168 
55400.000000 120.004089 0.002166 
55500.000000 122.704094 0.002211 
55600.000000 124.104103 0.002232 
55700.000000 125.504112 0.002253 
55800.000000 126.204117 0.002262 
55900.000000 128.104126 0.002292 
56000.000000 129.804108 0.002318 
56100.000000 130.504089 0.002326 
56200.000000 132.104065 0.002351 
56300.000000 135.904053 0.002414 
56400.000000 137.003998 0.002429 
56500.000000 138.503967 0.002451 
56600.000000 140.403900 0.002481 
56700.000000 143.203888 0.002526 
56800.000000 144.903870 0.002551 
56900.000000 146.703857 0.002578 
57000.000000 148.303833 0.002602 
57100.000000 149.703796 0.002622 
57200.000000 151.903748 0.002656 
57300.000000 152.603729 0.002663 
57400.000000 154.503723 0.002692 
57500.000000 156.403717 0.002720 
57600.000000 157.303711 0.002731 
57700.000000 159.003693 0.002756 
57800.000000 161.003693 0.002786 
57900.000000 163.903687 0.002831 
58000.000000 165.803680 0.002859 
58100.000000 166.603668 0.002868 
58200.000000 167.303650 0.002875 
58300.000000 168.803619 0.002895 
58400.000000 172.503601 0.002954 
58500.000000 173.303589 0.002962 
58600.000000 175.803558 0.003000 
58700.000000 177.703552 0.003027 
58800.000000 179.303528 0.003049 
58900.000000 181.003510 0.003073 
59000.000000 182.903503 0.003100 
59100.000000 183.503479 0.003105 
59200.000000 184.503479 0.003117 
59300.000000 185.403473 0.003127 
59400.000000 187.103455 0.003150 
59500.000000 188.003448 0.003160 
59600.000000 190.603424 0.003198 
59700.000000 191.603363 0.003209 
59800.000000 194.403351 0.003251 
59900.000000 195.303345 0.003260 
60000.000000 197.003326 0.003283 
60100.000000 198.903259 0.003310 
60200.000000 199.903259 0.003321 
60300.000000 202.703247 0.003362 
60400.000000 204.303223 0.003383 
60500.000000 205.103210 0.003390 
60600.000000 207.703186 0.003427 
60700.000000 210.603180 0.003470 
60800.000000 211.503174 0.003479 
60900.000000 214.103149 0.003516 
61000.000000 215.903137 0.003539 
61100.000000 217.503113 0.003560 
61200.000000 218.903076 0.003577 
61300.000000 219.703064 0.003584 
61400.000000 221.203033 0.003603 
61500.000000 223.203033 0.003629 
61600.000000 226.003021 0.003669 
61700.000000 227.903015 0.003694 
61800.000000 228.302979 0.003694 
61900.000000 230.202972 0.003719 
62000.000000 232.002960 0.003742 
62100.000000 233.002960 0.003752 
62200.000000 233.602936 0.003756 
62300.000000 236.502930 0.003796 
62400.000000 237.002899 0.003798 
62500.000000 238.502869 0.003816 
62600.000000 240.502869 0.003842 
62700.000000 244.502869 0.003900 
62800.000000 245.802826 0.003914 
62900.000000 246.602814 0.003921 
63000.000000 249.302795 0.003957 
63100.000000 251.202789 0.003981 
63200.000000 253.002777 0.004003 
63300.000000 256.002777 0.004044 
63400.000000 257.902771 0.004068 
63500.000000 259.802765 0.004091 
63600.000000 261.402740 0.004110 
63700.000000 263.902710 0.004143 
63800.000000 264.702698 0.004149 
63900.000000 266.502686 0.004171 
64000.000000 268.202667 0.004191 
64100.000000 268.702637 0.004192 
64200.000000 270.102600 0.004207 
64300.000000 271.302551 0.004219 
64400.000000 272.102539 0.004225 
64500.000000 273.202484 0.004236 
64600.000000 275.702454 0.004268 
64700.000000 277.102417 0.004283 
64800.000000 279.102417 0.004307 
64900.000000 280.902405 0.004328 
65000.000000 282.302368 0.004343 
65100.000000 285.302368 0.004383 
65200.000000 288.302368 0.004422 
65300.000000 290.302368 0.004446 
65400.000000 293.002350 0.004480 
65500.000000 295.802338 0.004516 
65600.000000 296.302307 0.004517 
65700.000000 297.902283 0.004534 
65800.000000 300.902283 0.004573 
65900.000000 301.802277 0.004580 
66000.000000 303.702271 0.004602 
66100.000000 305.402252 0.004620 
66200.000000 308.202240 0.004656 
66300.000000 309.802216 0.004673 
66400.000000 312.602203 0.004708 
66500.000000 314.302185 0.004726 
66600.000000 316.002167 0.004745 
66700.000000 316.802155 0.004750 
66800.000000 318.502136 0.004768 
66900.000000 320.202118 0.004786 
67000.000000 322.702087 0.004816 
67100.000000 324.602081 0.004838 
67200.000000 327.402069 0.004872 
67300.000000 328.902039 0.004887 
67400.000000 332.702026 0.004936 
67500.000000 332.502014 0.004926 
67600.000000 333.901978 0.004939 
67700.000000 336.501953 0.004970 
67800.000000 338.601898 0.004994 
67900.000000 339.201874 0.004996 
68000.000000 341.001862 0.005015 
68100.000000 343.601837 0.005046 
68200.000000 344.201813 0.005047 
68300.000000 346.801788 0.005078 
68400.000000 348.201752 0.005091 
68500.000000 350.001740 0.005110 
68600.000000 351.701721 0.005127 
68700.000000 354.401703 0.005159 
68800.000000 356.301697 0.005179 
68900.000000 357.401642 0.005187 
69000.000000 360.401642 0.005223 
69100.000000 363.201630 0.005256 
69200.000000 365.201630 0.005277 
69300.000000 367.501587 0.005303 
69400.000000 370.301514 0.005336 
69500.000000 370.501465 0.005331 
69600.000000 373.001434 0.005359 
69700.000000 374.401398 0.005372 
69800.000000 374.901306 0.005371 
69900.000000 376.901306 0.005392 
70000.000000 377.501282 0.005393 
70100.000000 380.401276 0.005427 
70200.000000 382.801239 0.005453 
70300.000000 384.301208 0.005467 
70400.000000 384.301208 0.005459 
70500.000000 387.201202 0.005492 
70600.000000 388.501160 0.005503 
70700.000000 389.201141 0.005505 
70800.000000 391.701111 0.005533 
70900.000000 394.701111 0.005567 
71000.000000 396.301086 0.005582 
71100.000000 398.301086 0.005602 
71200.000000 402.301086 0.005650 
71300.000000 403.601044 0.005661 
71400.000000 405.401031 0.005678 
71500.000000 407.201019 0.005695 
71600.000000 410.101013 0.005728 
71700.000000 412.101013 0.005748 
71800.000000 414.800995 0.005777 
71900.000000 416.200958 0.005789 
72000.000000 419.200958 0.005822 
72100.000000 421.200958 0.005842 
72200.000000 423.200958 0.005862 
72300.000000 424.900940 0.005877 
72400.000000 426.600922 0.005892 
72500.000000 429.600922 0.005926 
72600.000000 432.500916 0.005957 
72700.000000 434.100891 0.005971 
72800.000000 437.800873 0.006014 
72900.000000 439.700867 0.006032 
73000.000000 441.700867 0.006051 
73100.000000 445.500854 0.006094 
73200.000000 448.500854 0.006127 
73300.000000 450.500854 0.006146 
73400.000000 452.200836 0.006161 
73500.000000 455.200836 0.006193 
73600.000000 458.000824 0.006223 
73700.000000 460.900818 0.006254 
73800.000000 463.500793 0.006280 
73900.000000 464.100769 0.006280 
74000.000000 465.800751 0.006295 
74100.000000 467.500732 0.006309 
74200.000000 470.400726 0.006340 
74300.000000 472.300720 0.006357 
74400.000000 472.300659 0.006348 
74500.000000 475.800629 0.006387 
74600.000000 479.500610 0.006428 
74700.000000 481.900574 0.006451 
74800.000000 484.800568 0.006481 
74900.000000 485.200531 0.006478 
75000.000000 487.900513 0.006505 
75100.000000 490.600494 0.006533 
75200.000000 492.600494 0.006551 
75300.000000 494.600433 0.006568 
75400.000000 497.100403 0.006593 
75500.000000 498.100403 0.006597 
75600.000000 499.700378 0.006610 
75700.000000 502.500366 0.006638 
75800.000000 502.300354 0.006627 
75900.000000 505.200348 0.006656 
76000.000000 507.900330 0.006683 
76100.000000 508.900330 0.006687 
76200.000000 510.300293 0.006697 
76300.000000 512.100342 0.006712 
76400.000000 515.800415 0.006751 
76500.000000 518.100586 0.006773 
76600.000000 520.500732 0.006795 
76700.000000 521.401001 0.006798 
76800.000000 525.101074 0.006837 
76900.000000 526.601196 0.006848 
77000.000000 529.301270 0.006874 
77100.000000 531.501465 0.006894 
77200.000000 534.301514 0.006921 
77300.000000 536.401733 0.006939 
77400.000000 541.201782 0.006992 
77500.000000 544.201782 0.007022 
77600.000000 547.101807 0.007050 
77700.000000 548.701904 0.007062 
77800.000000 548.902100 0.007055 
77900.000000 551.502197 0.007080 
78000.000000 554.102295 0.007104 
78100.000000 558.002319 0.007145 
78200.000000 559.402466 0.007153 
78300.000000 561.002563 0.007165 
78400.000000 563.902588 0.007193 
78500.000000 565.802612 0.007208 
78600.000000 567.602661 0.007221 
78700.000000 569.302734 0.007234 
78800.000000 570.902832 0.007245 
78900.000000 573.902832 0.007274 
79000.000000 575.802856 0.007289 
79100.000000 578.602905 0.007315 
79200.000000 581.502930 0.007342 
79300.000000 582.302979 0.007343 
79400.000000 584.302979 0.007359 
79500.000000 587.203003 0.007386 
79600.000000 590.203003 0.007415 
79700.000000 593.903076 0.007452 
79800.000000 595.903076 0.007467 
79900.000000 598.803101 0.007494 
80000.000000 600.503174 0.007506 
80100.000000 602.303223 0.007519 
80200.000000 604.303223 0.007535 
80300.000000 606.103271 0.007548 
80400.000000 607.803345 0.007560 
80500.000000 610.503418 0.007584 
80600.000000 613.503418 0.007612 
80700.000000 617.303467 0.007649 
80800.000000 620.103516 0.007675 
80900.000000 621.903564 0.007687 
81000.000000 624.603638 0.007711 
81100.000000 627.603638 0.007739 
81200.000000 628.803833 0.007744 
81300.000000 630.403931 0.007754 
81400.000000 632.004028 0.007764 
81500.000000 633.504150 0.007773 
81600.000000 636.404175 0.007799 
81700.000000 638.104248 0.007810 
81800.000000 640.504395 0.007830 
81900.000000 643.304443 0.007855 
82000.000000 646.104492 0.007879 
82100.000000 648.004517 0.007893 
82200.000000 651.804565 0.007929 
82300.000000 655.404663 0.007964 
82400.000000 656.204712 0.007964 
82500.000000 657.404907 0.007969 
82600.000000 660.204956 0.007993 
82700.000000 661.605103 0.008000 
82800.000000 664.005249 0.008019 
82900.000000 664.605347 0.008017 
83000.000000 665.305420 0.008016 
83100.000000 666.905518 0.008025 
83200.000000 669.805542 0.008051 
83300.000000 673.705566 0.008088 
83400.000000 676.505615 0.008112 
83500.000000 679.205688 0.008134 
83600.000000 680.505859 0.008140 
83700.000000 683.105957 0.008161 
83800.000000 683.906006 0.008161 
83900.000000 686.406128 0.008181 
84000.000000 688.406128 0.008195 
84100.000000 690.406128 0.008209 
84200.000000 693.206177 0.008233 
84300.000000 694.106201 0.008234 
84400.000000 696.906250 0.008257 
84500.000000 699.806274 0.008282 
84600.000000 701.306396 0.008290 
84700.000000 704.006470 0.008312 
84800.000000 705.806519 0.008323 
84900.000000 709.506592 0.008357 
85000.000000 711.406616 0.008369 
85100.000000 713.406616 0.008383 
85200.000000 715.306641 0.008396 
85300.000000 717.106689 0.008407 
85400.000000 718.106689 0.008409 
85500.000000 720.806763 0.008430 
85600.000000 723.906982 0.008457 
85700.000000 725.307129 0.008463 
85800.000000 725.207397 0.008452 
85900.000000 726.007446 0.008452 
86000.000000 726.807495 0.008451 
86100.000000 728.707520 0.008464 
86200.000000 730.907715 0.008479 
86300.000000 730.208130 0.008461 
86400.000000 733.908203 0.008494 
86500.000000 733.808228 0.008483 
86600.000000 734.508301 0.008482 
86700.000000 735.008423 0.008478 
86800.000000 735.908447 0.008478 
86900.000000 737.608521 0.008488 
87000.000000 740.408569 0.008510 
87100.000000 744.408569 0.008547 
87200.000000 746.308594 0.008559 
87300.000000 749.208618 0.008582 
87400.000000 751.008667 0.008593 
87500.000000 754.008667 0.008617 
87600.000000 755.508789 0.008625 
87700.000000 757.408813 0.008636 
87800.000000 757.908936 0.008632 
87900.000000 761.708984 0.008666 
88000.000000 764.409058 0.008686 
88100.000000 767.309082 0.008710 
88200.000000 768.909180 0.008718 
88300.000000 772.909180 0.008753 
88400.000000 774.709229 0.008764 
88500.000000 776.309326 0.008772 
88600.000000 780.009399 0.008804 
88700.000000 782.009399 0.008816 
88800.000000 785.909424 0.008850 
88900.000000 788.509521 0.008870 
89000.000000 791.509521 0.008893 
89100.000000 793.409546 0.008905 
89200.000000 795.109619 0.008914 
89300.000000 797.109619 0.008926 
89400.000000 800.109619 0.008950 
89500.000000 800.609741 0.008945 
89600.000000 803.509766 0.008968 
89700.000000 806.509766 0.008991 
89800.000000 807.509766 0.008992 
89900.000000 810.309814 0.009013 
90000.000000 813.309814 0.009037 
90100.000000 816.209839 0.009059 
90200.000000 817.109863 0.009059 
90300.000000 819.909912 0.009080 
90400.000000 822.510010 0.009099 
90500.000000 824.910156 0.009115 
90600.000000 827.210327 0.009130 
90700.000000 829.910400 0.009150 
90800.000000 833.710449 0.009182 
90900.000000 836.610474 0.009204 
91000.000000 837.910645 0.009208 
91100.000000 838.710693 0.009206 
91200.000000 841.310791 0.009225 
91300.000000 844.010864 0.009244 
91400.000000 848.810913 0.009287 
91500.000000 852.810913 0.009320 
91600.000000 855.510986 0.009340 
91700.000000 859.311035 0.009371 
91800.000000 863.311035 0.009404 
91900.000000 866.211060 0.009426 
92000.000000 868.111084 0.009436 
92100.000000 870.811157 0.009455 
92200.000000 873.611206 0.009475 
92300.000000 876.311279 0.009494 
92400.000000 877.811401 0.009500 
92500.000000 878.711426 0.009500 
92600.000000 880.211548 0.009506 
92700.000000 882.011597 0.009515 
92800.000000 882.511719 0.009510 
92900.000000 884.211792 0.009518 
93000.000000 886.711914 0.009535 
93100.000000 888.711914 0.009546 
93200.000000 891.411987 0.009565 
93300.000000 894.312012 0.009585 
93400.000000 896.312012 0.009596 
93500.000000 899.112061 0.009616 
93600.000000 902.112061 0.009638 
93700.000000 903.812134 0.009646 
93800.000000 905.312256 0.009652 
93900.000000 907.012329 0.009659 
94000.000000 909.012329 0.009670 
94100.000000 910.312500 0.009674 
94200.000000 912.312500 0.009685 
94300.000000 914.212524 0.009695 
94400.000000 915.112549 0.009694 
94500.000000 917.012573 0.009704 
94600.000000 918.612671 0.009710 
94700.000000 918.812866 0.009702 
94800.000000 920.312988 0.009708 
94900.000000 921.713135 0.009712 
95000.000000 924.613159 0.009733 
95100.000000 926.413208 0.009741 
95200.000000 928.913330 0.009757 
95300.000000 929.913330 0.009758 
95400.000000 932.913330 0.009779 
95500.000000 933.913330 0.009779 
95600.000000 935.713379 0.009788 
95700.000000 936.613403 0.009787 
95800.000000 938.613403 0.009798 
95900.000000 941.413452 0.009817 
96000.000000 941.713623 0.009810 
96100.000000 943.713623 0.009820 
96200.000000 946.913818 0.009843 
96300.000000 949.613892 0.009861 
96400.000000 953.513916 0.009891 
96500.000000 954.914062 0.009895 
96600.000000 956.814087 0.009905 
96700.000000 958.614136 0.009913 
96800.000000 960.614136 0.009924 
96900.000000 961.114258 0.009919 
97000.000000 963.714355 0.009935 
97100.000000 966.614380 0.009955 
97200.000000 968.314453 0.009962 
97300.000000 969.114502 0.009960 
97400.000000 971.014526 0.009969 
97500.000000 974.414673 0.009994 
97600.000000 977.214722 0.010012 
97700.000000 980.014771 0.010031 
97800.000000 983.014771 0.010051 
97900.000000 985.914795 0.010071 
98000.000000 986.814819 0.010070 
98100.000000 987.815063 0.010069 
98200.000000 991.415161 0.010096 
98300.000000 993.015259 0.010102 
98400.000000 995.715332 0.010119 
98500.000000 997.615356 0.010128 
98600.000000 1000.415405 0.010146 
98700.000000 1003.215454 0.010164 
98800.000000 1006.015503 0.010182 
98900.000000 1009.815552 0.010210 
99000.000000 1011.615601 0.010218 
99100.000000 1013.315674 0.010225 
99200.000000 1014.015747 0.010222 
99300.000000 1017.615845 0.010248 
99400.000000 1020.115967 0.010263 
99500.000000 1023.916016 0.010291 
99600.000000 1025.616089 0.010297 
99700.000000 1028.616089 0.010317 
99800.000000 1031.416138 0.010335 
99900.000000 1033.116211 0.010342 
100000.000000 1034.816284 0.010348 
100100.000000 1037.316406 0.010363 
100200.000000 1037.816528 0.010357 
100300.000000 1039.516602 0.010364 
100400.000000 1041.916748 0.010378 
100500.000000 1043.416870 0.010382 
100600.000000 1045.517090 0.010393 
100700.000000 1046.417114 0.010391 
100800.000000 1046.417114 0.010381 
100900.000000 1046.817261 0.010375 
101000.000000 1047.817261 0.010374 
101100.000000 1049.617310 0.010382 
101200.000000 1052.517334 0.010400 
101300.000000 1051.617554 0.010381 
101400.000000 1053.217651 0.010387 
101500.000000 1056.117676 0.010405 
101600.000000 1057.717773 0.010411 
101700.000000 1059.717773 0.010420 
101800.000000 1061.417847 0.010427 
101900.000000 1063.817993 0.010440 
102000.000000 1065.218140 0.010443 
102100.000000 1068.118164 0.010461 
102200.000000 1069.818237 0.010468 
102300.000000 1072.218384 0.010481 
102400.000000 1074.818481 0.010496 
102500.000000 1077.418579 0.010511 
102600.000000 1081.318604 0.010539 
102700.000000 1083.218628 0.010547 
102800.000000 1085.818726 0.010562 
102900.000000 1088.618774 0.010579 
103000.000000 1089.318848 0.010576 
103100.000000 1092.918945 0.010601 
103200.000000 1095.619019 0.010616 
103300.000000 1098.119141 0.010630 
103400.000000 1100.919189 0.010647 
103500.000000 1103.619263 0.010663 
103600.000000 1107.219360 0.010687 
103700.000000 1110.719482 0.010711 
103800.000000 1113.619507 0.010729 
103900.000000 1115.619507 0.010737 
104000.000000 1117.419556 0.010744 
104100.000000 1120.419556 0.010763 
104200.000000 1121.019653 0.010758 
104300.000000 1122.719727 0.010764 
104400.000000 1126.419800 0.010789 
104500.000000 1127.319824 0.010788 
104600.000000 1131.019897 0.010813 
104700.000000 1133.819946 0.010829 
104800.000000 1135.520020 0.010835 
104900.000000 1138.020142 0.010849 
105000.000000 1140.920166 0.010866 
105100.000000 1142.720215 0.010873 
105200.000000 1144.620239 0.010880 
105300.000000 1147.420288 0.010897 
105400.000000 1150.220337 0.010913 
105500.000000 1154.220337 0.010940 
105600.000000 1157.120361 0.010958 
105700.000000 1158.720459 0.010962 
105800.000000 1161.420532 0.010978 
105900.000000 1163.020630 0.010982 
106000.000000 1167.020630 0.011010 
106100.000000 1169.620728 0.011024 
106200.000000 1173.220825 0.011047 
106300.000000 1175.020874 0.011054 
106400.000000 1177.820923 0.011070 
106500.000000 1180.520996 0.011085 
106600.000000 1183.221069 0.011100 
106700.000000 1184.921143 0.011105 
106800.000000 1187.821167 0.011122 
106900.000000 1190.221313 0.011134 
107000.000000 1190.421509 0.011125 
107100.000000 1194.221558 0.011151 
107200.000000 1194.021851 0.011138 
107300.000000 1196.721924 0.011153 
107400.000000 1199.222046 0.011166 
107500.000000 1202.422241 0.011185 
107600.000000 1204.122314 0.011191 
107700.000000 1204.022583 0.011179 
107800.000000 1206.722656 0.011194 
107900.000000 1207.622681 0.011192 
108000.000000 1209.622681 0.011200 
108100.000000 1211.122803 0.011204 
108200.000000 1213.022827 0.011211 
108300.000000 1217.522949 0.011242 
108400.000000 1220.522949 0.011259 
108500.000000 1223.422974 0.011276 
108600.000000 1224.422974 0.011275 
108700.000000 1226.123047 0.011280 
108800.000000 1228.723145 0.011293 
108900.000000 1230.623169 0.011300 
109000.000000 1231.523193 0.011298 
109100.000000 1234.523193 0.011316 
109200.000000 1237.123291 0.011329 
109300.000000 1239.123291 0.011337 
109400.000000 1242.323486 0.011356 
109500.000000 1244.423706 0.011365 
109600.000000 1248.023804 0.011387 
109700.000000 1250.823853 0.011402 
109800.000000 1252.723877 0.011409 
109900.000000 1255.623901 0.011425 
110000.000000 1258.124023 0.011437 
110100.000000 1260.824097 0.011452 
110200.000000 1263.824097 0.011468 
110300.000000 1265.624146 0.011474 
110400.000000 1267.424194 0.011480 
110500.000000 1269.224243 0.011486 
110600.000000 1270.824341 0.011490 
110700.000000 1272.724365 0.011497 
110800.000000 1273.424438 0.011493 
110900.000000 1275.424438 0.011501 
111000.000000 1277.724609 0.011511 
111100.000000 1279.224731 0.011514 
111200.000000 1280.224731 0.011513 
111300.000000 1282.924805 0.011527 
111400.000000 1282.925049 0.011516 
111500.000000 1284.625122 0.011521 
111600.000000 1287.625122 0.011538 
111700.000000 1289.625122 0.011545 
111800.000000 1291.525146 0.011552 
111900.000000 1294.425171 0.011568 
112000.000000 1296.425171 0.011575 
112100.000000 1299.425171 0.011592 
112200.000000 1301.125244 0.011596 
112300.000000 1302.925293 0.011602 
112400.000000 1305.625366 0.011616 
112500.000000 1308.625366 0.011632 
112600.000000 1311.525391 0.011648 
112700.000000 1313.525391 0.011655 
112800.000000 1316.225464 0.011669 
112900.000000 1318.325684 0.011677 
113000.000000 1321.225708 0.011692 
113100.000000 1322.825806 0.011696 
113200.000000 1324.926025 0.011704 
113300.000000 1326.626099 0.011709 
113400.000000 1330.326172 0.011731 
113500.000000 1332.226196 0.011738 
113600.000000 1333.026245 0.011734 
113700.000000 1333.826294 0.011731 
113800.000000 1335.526367 0.011736 
113900.000000 1339.426392 0.011760 
114000.000000 1340.226440 0.011756 
114100.000000 1339.326904 0.011738 
114200.000000 1341.226929 0.011745 
114300.000000 1343.126953 0.011751 
114400.000000 1345.026978 0.011757 
114500.000000 1348.026978 0.011773 
114600.000000 1350.827026 0.011787 
114700.000000 1353.427124 0.011800 
114800.000000 1354.727295 0.011801 
114900.000000 1356.627319 0.011807 
115000.000000 1360.527344 0.011831 
115100.000000 1363.527344 0.011846 
115200.000000 1366.327393 0.011860 
115300.000000 1368.927490 0.011873 
115400.000000 1371.927490 0.011888 
115500.000000 1374.527588 0.011901 
115600.000000 1377.527588 0.011916 
115700.000000 1380.127686 0.011929 
115800.000000 1380.927734 0.011925 
115900.000000 1382.827759 0.011931 
116000.000000 1384.527832 0.011936 
116100.000000 1387.327881 0.011949 
116200.000000 1391.227905 0.011973 
116300.000000 1394.227905 0.011988 
116400.000000 1395.127930 0.011986 
116500.000000 1396.027954 0.011983 
116600.000000 1398.828003 0.011997 
116700.000000 1401.628052 0.012011 
116800.000000 1404.528076 0.012025 
116900.000000 1406.528076 0.012032 
117000.000000 1407.428101 0.012029 
117100.000000 1410.128174 0.012042 
117200.000000 1409.428345 0.012026 
117300.000000 1411.428345 0.012033 
117400.000000 1414.428345 0.012048 
117500.000000 1416.328369 0.012054 
117600.000000 1418.128418 0.012059 
117700.000000 1419.528564 0.012061 
117800.000000 1421.528564 0.012067 
117900.000000 1425.428589 0.012090 
118000.000000 1427.428589 0.012097 
118100.000000 1430.128662 0.012109 
118200.000000 1432.928711 0.012123 
118300.000000 1433.728760 0.012119 
118400.000000 1433.628784 0.012108 
118500.000000 1436.228882 0.012120 
118600.000000 1438.529053 0.012129 
118700.000000 1441.429077 0.012143 
118800.000000 1444.429077 0.012158 
118900.000000 1447.429077 0.012173 
119000.000000 1449.429077 0.012180 
119100.000000 1452.229126 0.012193 
119200.000000 1456.229126 0.012217 
119300.000000 1458.229126 0.012223 
119400.000000 1460.129150 0.012229 
119500.000000 1464.029175 0.012251 
119600.000000 1466.029175 0.012258 
119700.000000 1468.029175 0.012264 
119800.000000 1468.629272 0.012259 
119900.000000 1471.529297 0.012273 
120000.000000 1472.229370 0.012269 
120100.000000 1476.029419 0.012290 
120200.000000 1477.629517 0.012293 
120300.000000 1480.329590 0.012305 
120400.000000 1482.029663 0.012309 
120500.000000 1484.529785 0.012320 
120600.000000 1488.429810 0.012342 
120700.000000 1491.329834 0.012356 
120800.000000 1494.129883 0.012369 
120900.000000 1497.029907 0.012382 
121000.000000 1500.929932 0.012404 
121100.000000 1503.929932 0.012419 
121200.000000 1505.829956 0.012424 
121300.000000 1508.530029 0.012436 
121400.000000 1509.530029 0.012434 
121500.000000 1511.430054 0.012440 
121600.000000 1511.730225 0.012432 
121700.000000 1514.630249 0.012446 
121800.000000 1517.630249 0.012460 
121900.000000 1520.330322 0.012472 
122000.000000 1522.130371 0.012476 
122100.000000 1524.030396 0.012482 
122200.000000 1525.030396 0.012480 
122300.000000 1525.830444 0.012476 
122400.000000 1527.530518 0.012480 
122500.000000 1529.530518 0.012486 
122600.000000 1531.930664 0.012495 
122700.000000 1533.930664 0.012501 
122800.000000 1534.930664 0.012499 
122900.000000 1537.430786 0.012510 
123000.000000 1539.330811 0.012515 
123100.000000 1540.330811 0.012513 
123200.000000 1542.330811 0.012519 
123300.000000 1542.930908 0.012514 
123400.000000 1545.630981 0.012525 
123500.000000 1548.531006 0.012539 
123600.000000 1551.331055 0.012551 
123700.000000 1553.131104 0.012556 
123800.000000 1555.931152 0.012568 
123900.000000 1557.731201 0.012572 
124000.000000 1559.531250 0.012577 
124100.000000 1562.531250 0.012591 
124200.000000 1562.531250 0.012581 
124300.000000 1563.231323 0.012576 
124400.000000 1567.231323 0.012598 
124500.000000 1569.931396 0.012610 
124600.000000 1572.631470 0.012621 
124700.000000 1575.231567 0.012632 
124800.000000 1577.931641 0.012644 
124900.000000 1580.631714 0.012655 
125000.000000 1583.631714 0.012669 
125100.000000 1587.631714 0.012691 
125200.000000 1588.431763 0.012687 
125300.000000 1590.031860 0.012690 
125400.000000 1593.731934 0.012709 
125500.000000 1595.731934 0.012715 
125600.000000 1598.731934 0.012729 
125700.000000 1601.631958 0.012742 
125800.000000 1601.631958 0.012732 
125900.000000 1604.232056 0.012742 
126000.000000 1605.732178 0.012744 
126100.000000 1606.732178 0.012742 
126200.000000 1608.332520 0.012744 
126300.000000 1609.732666 0.012745 
126400.000000 1610.132812 0.012738 
126500.000000 1611.732910 0.012741 
126600.000000 1612.632935 0.012738 
126700.000000 1615.333008 0.012749 
126800.000000 1617.333008 0.012755 
126900.000000 1619.233032 0.012760 
127000.000000 1623.033081 0.012780 
127100.000000 1625.833130 0.012792 
127200.000000 1627.533203 0.012795 
127300.000000 1628.533203 0.012793 
127400.000000 1630.533203 0.012799 
127500.000000 1633.533203 0.012812 
127600.000000 1636.333252 0.012824 
127700.000000 1639.233276 0.012837 
127800.000000 1641.133301 0.012841 
127900.000000 1642.733398 0.012844 
128000.000000 1642.533447 0.012832 
128100.000000 1644.333496 0.012836 
128200.000000 1646.233521 0.012841 
128300.000000 1648.633667 0.012850 
128400.000000 1651.533691 0.012862 
128500.000000 1653.433716 0.012867 
128600.000000 1656.233765 0.012879 
128700.000000 1659.033813 0.012891 
128800.000000 1663.033813 0.012912 
128900.000000 1663.733887 0.012907 
129000.000000 1666.733887 0.012920 
129100.000000 1669.533936 0.012932 
129200.000000 1671.134033 0.012934 
129300.000000 1672.034058 0.012931 
129400.000000 1673.834106 0.012935 
129500.000000 1676.634155 0.012947 
129600.000000 1678.534180 0.012952 
129700.000000 1681.434204 0.012964 
129800.000000 1684.434204 0.012977 
129900.000000 1685.334229 0.012974 
130000.000000 1686.334229 0.012972 
130100.000000 1687.934326 0.012974 
130200.000000 1689.434448 0.012976 
130300.000000 1691.734619 0.012983 
130400.000000 1693.134766 0.012984 
130500.000000 1695.134766 0.012990 
130600.000000 1698.534912 0.013006 
130700.000000 1700.434937 0.013010 
130800.000000 1704.434937 0.013031 
130900.000000 1706.334961 0.013035 
131000.000000 1709.234985 0.013048 
131100.000000 1710.835083 0.013050 
131200.000000 1712.735107 0.013054 
131300.000000 1714.435181 0.013057 
131400.000000 1717.435181 0.013070 
131500.000000 1720.135254 0.013081 
131600.000000 1722.835327 0.013091 
131700.000000 1723.835327 0.013089 
131800.000000 1726.435425 0.013099 
131900.000000 1729.335449 0.013111 
132000.000000 1731.235474 0.013115 
132100.000000 1734.035522 0.013127 
132200.000000 1737.035522 0.013139 
132300.000000 1740.035522 0.013152 
132400.000000 1741.435669 0.013153 
132500.000000 1743.335693 0.013157 
132600.000000 1746.135742 0.013168 
132700.000000 1748.135742 0.013174 
132800.000000 1751.035767 0.013186 
132900.000000 1754.035767 0.013198 
133000.000000 1757.035767 0.013211 
133100.000000 1758.835815 0.013214 
133200.000000 1761.635864 0.013225 
133300.000000 1762.535889 0.013222 
133400.000000 1764.936035 0.013230 
133500.000000 1765.736084 0.013226 
133600.000000 1768.036255 0.013234 
133700.000000 1769.936279 0.013238 
133800.000000 1772.836304 0.013250 
133900.000000 1775.436401 0.013259 
134000.000000 1778.336426 0.013271 
134100.000000 1779.236450 0.013268 
134200.000000 1781.236450 0.013273 
134300.000000 1783.036499 0.013277 
134400.000000 1783.836548 0.013273 
134500.000000 1786.836548 0.013285 
134600.000000 1789.536621 0.013295 
134700.000000 1792.336670 0.013306 
134800.000000 1793.336670 0.013304 
134900.000000 1793.336670 0.013294 
135000.000000 1796.336670 0.013306 
135100.000000 1798.336670 0.013311 
135200.000000 1800.036743 0.013314 
135300.000000 1801.936768 0.013318 
135400.000000 1803.736816 0.013322 
135500.000000 1806.536865 0.013332 
135600.000000 1808.336914 0.013336 
135700.000000 1812.336914 0.013355 
135800.000000 1814.336914 0.013360 
135900.000000 1816.236938 0.013365 
136000.000000 1818.437134 0.013371 
136100.000000 1818.737549 0.013363 
136200.000000 1820.837769 0.013369 
136300.000000 1821.837769 0.013366 
136400.000000 1821.838013 0.013357 
136500.000000 1822.638062 0.013353 
136600.000000 1823.638062 0.013350 
136700.000000 1824.338135 0.013346 
136800.000000 1824.738281 0.013339 
136900.000000 1829.638306 0.013365 
137000.000000 1832.638306 0.013377 
137100.000000 1835.538330 0.013388 
137200.000000 1837.538330 0.013393 
137300.000000 1837.338379 0.013382 
137400.000000 1838.238403 0.013379 
137500.000000 1840.938477 0.013389 
137600.000000 1841.838501 0.013385 
137700.000000 1844.538574 0.013395 
137800.000000 1847.238647 0.013405 
137900.000000 1849.038696 0.013409 
138000.000000 1851.538818 0.013417 
138100.000000 1853.138916 0.013419 
138200.000000 1857.038940 0.013437 
138300.000000 1859.838989 0.013448 
138400.000000 1861.838989 0.013453 
138500.000000 1864.838989 0.013465 
138600.000000 1867.439087 0.013474 
138700.000000 1869.339111 0.013478 
138800.000000 1869.339111 0.013468 
138900.000000 1873.239136 0.013486 
139000.000000 1875.239136 0.013491 
139100.000000 1877.039185 0.013494 
139200.000000 1880.039185 0.013506 
139300.000000 1881.739258 0.013509 
139400.000000 1883.439331 0.013511 
139500.000000 1886.339355 0.013522 
139600.000000 1887.339355 0.013520 
139700.000000 1887.139404 0.013509 
139800.000000 1888.339600 0.013507 
139900.000000 1890.239624 0.013511 
140000.000000 1891.239624 0.013509 
140100.000000 1890.839722 0.013496 
140200.000000 1892.539795 0.013499 
140300.000000 1892.939941 0.013492 
140400.000000 1894.739990 0.013495 
140500.000000 1897.640015 0.013506 
140600.000000 1900.440063 0.013517 
140700.000000 1902.340088 0.013521 
140800.000000 1904.240112 0.013524 
140900.000000 1907.240112 0.013536 
141000.000000 1908.840210 0.013538 
141100.000000 1911.840210 0.013550 
141200.000000 1913.440308 0.013551 
141300.000000 1913.840454 0.013545 
141400.000000 1917.740479 0.013563 
141500.000000 1919.140625 0.013563 
141600.000000 1919.940674 0.013559 
141700.000000 1921.440796 0.013560 
141800.000000 1923.440796 0.013564 
141900.000000 1925.340820 0.013568 
142000.000000 1926.840942 0.013569 
142100.000000 1929.740967 0.013580 
142200.000000 1931.041138 0.013580 
142300.000000 1932.241333 0.013579 
142400.000000 1935.241333 0.013590 
142500.000000 1938.241333 0.013602 
142600.000000 1938.241333 0.013592 
142700.000000 1940.041382 0.013595 
142800.000000 1940.841431 0.013591 
142900.000000 1942.541504 0.013594 
143000.000000 1943.341553 0.013590 
143100.000000 1945.341553 0.013594 
143200.000000 1945.941650 0.013589 
143300.000000 1945.141846 0.013574 
143400.000000 1945.841919 0.013569 
143500.000000 1945.142090 0.013555 
143600.000000 1946.142090 0.013553 
143700.000000 1949.842163 0.013569 
143800.000000 1951.842163 0.013573 
143900.000000 1952.742188 0.013570 
144000.000000 1955.642212 0.013581 
144100.000000 1957.442261 0.013584 
144200.000000 1961.142334 0.013600 
144300.000000 1965.142334 0.013618 
144400.000000 1968.042358 0.013629 
144500.000000 1970.442505 0.013636 
144600.000000 1972.142578 0.013639 
144700.000000 1974.942627 0.013649 
144800.000000 1977.842651 0.013659 
144900.000000 1979.742676 0.013663 
145000.000000 1981.042847 0.013662 
145100.000000 1982.042847 0.013660 
145200.000000 1984.942871 0.013670 
145300.000000 1987.542969 0.013679 
145400.000000 1987.442993 0.013669 
145500.000000 1988.243042 0.013665 
145600.000000 1990.043091 0.013668 
145700.000000 1990.043091 0.013658 
145800.000000 1990.943115 0.013655 
145900.000000 1990.443237 0.013643 
146000.000000 1989.843384 0.013629 
146100.000000 1990.743408 0.013626 
146200.000000 1991.043579 0.013619 
146300.000000 1993.443726 0.013626 
146400.000000 1995.343750 0.013629 
146500.000000 1996.343750 0.013627 
146600.000000 1999.343750 0.013638 
146700.000000 2001.043823 0.013640 
146800.000000 2003.943848 0.013651 
146900.000000 2005.943848 0.013655 
147000.000000 2006.943848 0.013653 
147100.000000 2007.943848 0.013650 
147200.000000 2009.943848 0.013655 
147300.000000 2009.743896 0.013644 
147400.000000 2011.743896 0.013648 
147500.000000 2014.543945 0.013658 
147600.000000 2017.343994 0.013668 
147700.000000 2018.844116 0.013669 
147800.000000 2021.544189 0.013678 
147900.000000 2023.244263 0.013680 
148000.000000 2025.144287 0.013683 
148100.000000 2026.744385 0.013685 
148200.000000 2028.644409 0.013689 
148300.000000 2032.644409 0.013706 
148400.000000 2034.144531 0.013707 
148500.000000 2036.844604 0.013716 
148600.000000 2037.744629 0.013713 
148700.000000 2040.744629 0.013724 
148800.000000 2042.744629 0.013728 
148900.000000 2044.644653 0.013732 
149000.000000 2047.644653 0.013743 
149100.000000 2051.544434 0.013760 
149200.000000 2052.244141 0.013755 
149300.000000 2054.144043 0.013759 
149400.000000 2056.743652 0.013767 
149500.000000 2059.443359 0.013776 
149600.000000 2061.343262 0.013779 
149700.000000 2065.343262 0.013797 
149800.000000 2068.343262 0.013807 
149900.000000 2071.143066 0.013817 
150000.000000 2075.143066 0.013834 
150100.000000 2075.143066 0.013825 
150200.000000 2077.942871 0.013835 
150300.000000 2080.742676 0.013844 
150400.000000 2083.442383 0.013853 
150500.000000 2085.941895 0.013860 
150600.000000 2087.841797 0.013863 
150700.000000 2088.741699 0.013860 
150800.000000 2091.641602 0.013870 
150900.000000 2092.541504 0.013867 
151000.000000 2092.939941 0.013861 
151100.000000 2093.739746 0.013857 
151200.000000 2094.639648 0.013853 
151300.000000 2097.639648 0.013864 
151400.000000 2100.639648 0.013875 
151500.000000 2103.139160 0.013882 
151600.000000 2105.039062 0.013885 
151700.000000 2107.838867 0.013895 
151800.000000 2109.838867 0.013899 
151900.000000 2112.838867 0.013909 
152000.000000 2116.438477 0.013924 
152100.000000 2119.438477 0.013935 
152200.000000 2121.438477 0.013938 
152300.000000 2122.438477 0.013936 
152400.000000 2123.338379 0.013933 
152500.000000 2125.537598 0.013938 
152600.000000 2126.937012 0.013938 
152700.000000 2128.836914 0.013941 
152800.000000 2130.836914 0.013945 
152900.000000 2134.836914 0.013962 
153000.000000 2136.736816 0.013966 
153100.000000 2137.636719 0.013962 
153200.000000 2139.336426 0.013964 
153300.000000 2140.036133 0.013960 
153400.000000 2140.936035 0.013957 
153500.000000 2141.635742 0.013952 
153600.000000 2142.635742 0.013949 
153700.000000 2145.535645 0.013959 
153800.000000 2147.335449 0.013962 
153900.000000 2150.235352 0.013972 
154000.000000 2152.235352 0.013976 
154100.000000 2155.135254 0.013985 
154200.000000 2156.035156 0.013982 
154300.000000 2158.834961 0.013991 
154400.000000 2158.734863 0.013981 
154500.000000 2160.534668 0.013984 
154600.000000 2162.534668 0.013988 
154700.000000 2163.633789 0.013986 
154800.000000 2166.633789 0.013996 
154900.000000 2169.233398 0.014004 
155000.000000 2171.233398 0.014008 
155100.000000 2173.233398 0.014012 
155200.000000 2175.233398 0.014016 
155300.000000 2176.233398 0.014013 
155400.000000 2177.233398 0.014011 
155500.000000 2178.033203 0.014007 
155600.000000 2177.933105 0.013997 
155700.000000 2178.833008 0.013994 
155800.000000 2180.632812 0.013996 
155900.000000 2182.632812 0.014000 
156000.000000 2184.632812 0.014004 
156100.000000 2186.532715 0.014007 
156200.000000 2188.432617 0.014010 
156300.000000 2190.132324 0.014012 
156400.000000 2191.132324 0.014010 
156500.000000 2193.032227 0.014013 
156600.000000 2195.832031 0.014022 
156700.000000 2196.731934 0.014019 
156800.000000 2198.731934 0.014023 
156900.000000 2200.631836 0.014026 
157000.000000 2202.131348 0.014026 
157100.000000 2203.031250 0.014023 
157200.000000 2203.730957 0.014019 
157300.000000 2205.630859 0.014022 
157400.000000 2207.430664 0.014024 
157500.000000 2210.330566 0.014034 
157600.000000 2211.729980 0.014034 
157700.000000 2214.429688 0.014042 
157800.000000 2213.729004 0.014029 
157900.000000 2214.628906 0.014026 
158000.000000 2215.628906 0.014023 
158100.000000 2216.828125 0.014022 
158200.000000 2217.728027 0.014019 
158300.000000 2218.627930 0.014015 
158400.000000 2218.627930 0.014006 
158500.000000 2220.027344 0.014006 
158600.000000 2222.727051 0.014015 
158700.000000 2221.224609 0.013996 
158800.000000 2222.124512 0.013993 
158900.000000 2223.824219 0.013995 
159000.000000 2224.724121 0.013992 
159100.000000 2225.624023 0.013989 
159200.000000 2226.423828 0.013985 
159300.000000 2227.423828 0.013983 
159400.000000 2230.323730 0.013992 
159500.000000 2231.123535 0.013988 
159600.000000 2231.823242 0.013984 
159700.000000 2231.723145 0.013974 
159800.000000 2231.623047 0.013965 
159900.000000 2233.522949 0.013968 
160000.000000 2233.022461 0.013956 
160100.000000 2232.421875 0.013944 
160200.000000 2232.421875 0.013935 
160300.000000 2232.321777 0.013926 
160400.000000 2232.821289 0.013920 
160500.000000 2232.621094 0.013910 
160600.000000 2232.120605 0.013899 
160700.000000 2231.720215 0.013887 
160800.000000 2231.720215 0.013879 
160900.000000 2233.620117 0.013882 
161000.000000 2235.620117 0.013886 
161100.000000 2238.219727 0.013893 
161200.000000 2240.819336 0.013901 
161300.000000 2243.819336 0.013911 
161400.000000 2245.318848 0.013912 
161500.000000 2247.218750 0.013915 
161600.000000 2248.018555 0.013911 
161700.000000 2249.518066 0.013912 
161800.000000 2250.217773 0.013907 
161900.000000 2250.017578 0.013898 
162000.000000 2250.917480 0.013895 
162100.000000 2251.416992 0.013889 
162200.000000 2253.116699 0.013891 
162300.000000 2254.616211 0.013892 
162400.000000 2256.416016 0.013894 
162500.000000 2259.115723 0.013902 
162600.000000 2259.915527 0.013899 
162700.000000 2260.715332 0.013895 
162800.000000 2262.314941 0.013896 
162900.000000 2262.114746 0.013887 
163000.000000 2264.114746 0.013890 
163100.000000 2265.914551 0.013893 
163200.000000 2267.614258 0.013895 
163300.000000 2270.213867 0.013902 
163400.000000 2270.013672 0.013892 
163500.000000 2271.613281 0.013894 
163600.000000 2272.513184 0.013891 
163700.000000 2272.812500 0.013884 
163800.000000 2272.612305 0.013874 
163900.000000 2273.512207 0.013871 
164000.000000 2276.512207 0.013881 
164100.000000 2280.312012 0.013896 
164200.000000 2281.211914 0.013893 
164300.000000 2285.011719 0.013908 
164400.000000 2286.311035 0.013907 
164500.000000 2287.210938 0.013904 
164600.000000 2288.110840 0.013901 
164700.000000 2288.910645 0.013897 
164800.000000 2291.610352 0.013905 
164900.000000 2293.410156 0.013908 
165000.000000 2295.209961 0.013910 
165100.000000 2296.909668 0.013912 
165200.000000 2297.208984 0.013906 
165300.000000 2298.108887 0.013903 
165400.000000 2300.808594 0.013911 
165500.000000 2302.508301 0.013912 
165600.000000 2305.408203 0.013922 
165700.000000 2307.107910 0.013923 
165800.000000 2309.007812 0.013926 
165900.000000 2310.807617 0.013929 
166000.000000 2313.707520 0.013938 
166100.000000 2316.607422 0.013947 
166200.000000 2319.607422 0.013957 
166300.000000 2321.407227 0.013959 
166400.000000 2322.307129 0.013956 
166500.000000 2323.307129 0.013954 
166600.000000 2325.006836 0.013956 
166700.000000 2325.906738 0.013953 
166800.000000 2329.906738 0.013968 
166900.000000 2331.806641 0.013971 
167000.000000 2335.806641 0.013987 
167100.000000 2337.406250 0.013988 
167200.000000 2339.206055 0.013990 
167300.000000 2341.206055 0.013994 
167400.000000 2343.905762 0.014002 
167500.000000 2346.905762 0.014011 
167600.000000 2348.705566 0.014014 
167700.000000 2349.605469 0.014011 
167800.000000 2351.505371 0.014014 
167900.000000 2354.505371 0.014023 
168000.000000 2357.405273 0.014032 
168100.000000 2358.305176 0.014029 
168200.000000 2360.305176 0.014033 
168300.000000 2362.305176 0.014036 
168400.000000 2366.305176 0.014052 
168500.000000 2369.104980 0.014060 
168600.000000 2372.104980 0.014069 
168700.000000 2375.104980 0.014079 
168800.000000 2376.904785 0.014081 
168900.000000 2378.704590 0.014084 
169000.000000 2380.704590 0.014087 
169100.000000 2380.604492 0.014078 
169200.000000 2382.504395 0.014081 
169300.000000 2385.204102 0.014089 
169400.000000 2386.003906 0.014085 
169500.000000 2387.903809 0.014088 
169600.000000 2390.503418 0.014095 
169700.000000 2392.403320 0.014098 
169800.000000 2393.403320 0.014095 
169900.000000 2395.203125 0.014098 
170000.000000 2398.203125 0.014107 
170100.000000 2402.002930 0.014121 
170200.000000 2403.702637 0.014123 
170300.000000 2406.602539 0.014132 
170400.000000 2408.602539 0.014135 
170500.000000 2409.602539 0.014133 
170600.000000 2410.502441 0.014130 
170700.000000 2413.202148 0.014137 
170800.000000 2415.001953 0.014139 
170900.000000 2418.001953 0.014149 
171000.000000 2419.901855 0.014151 
171100.000000 2421.901855 0.014155 
171200.000000 2423.601562 0.014157 
171300.000000 2425.501465 0.014159 
171400.000000 2428.501465 0.014169 
171500.000000 2431.401367 0.014177 
171600.000000 2433.201172 0.014179 
171700.000000 2433.800781 0.014175 
171800.000000 2435.600586 0.014177 
171900.000000 2437.300293 0.014179 
172000.000000 2439.100098 0.014181 
172100.000000 2440.100098 0.014178 
172200.000000 2441.100098 0.014176 
172300.000000 2441.799805 0.014172 
172400.000000 2441.399414 0.014161 
172500.000000 2442.399414 0.014159 
172600.000000 2445.299316 0.014167 
172700.000000 2446.299316 0.014165 
172800.000000 2448.299316 0.014168 
172900.000000 2450.199219 0.014171 
173000.000000 2453.199219 0.014180 
173100.000000 2453.798828 0.014176 
173200.000000 2455.598633 0.014178 
173300.000000 2457.498535 0.014181 
173400.000000 2458.398438 0.014178 
173500.000000 2461.298340 0.014186 
173600.000000 2463.298340 0.014190 
173700.000000 2464.198242 0.014187 
173800.000000 2466.198242 0.014190 
173900.000000 2468.098145 0.014193 
174000.000000 2469.897949 0.014195 
174100.000000 2470.697754 0.014191 
174200.000000 2471.297363 0.014187 
174300.000000 2473.197266 0.014189 
174400.000000 2473.596680 0.014183 
174500.000000 2475.596680 0.014187 
174600.000000 2477.496582 0.014190 
174700.000000 2481.296387 0.014203 
174800.000000 2483.296387 0.014207 
174900.000000 2487.296387 0.014221 
175000.000000 2489.196289 0.014224 
175100.000000 2490.395508 0.014223 
175200.000000 2492.295410 0.014225 
175300.000000 2494.195312 0.014228 
175400.000000 2495.995117 0.014230 
175500.000000 2499.895020 0.014244 
175600.000000 2500.895020 0.014242 
175700.000000 2503.694824 0.014250 
175800.000000 2504.594727 0.014247 
175900.000000 2505.494629 0.014244 
176000.000000 2506.294434 0.014240 
176100.000000 2506.294434 0.014232 
176200.000000 2508.294434 0.014235 
176300.000000 2509.094238 0.014232 
176400.000000 2510.894043 0.014234 
176500.000000 2512.894043 0.014237 
176600.000000 2516.693848 0.014251 
176700.000000 2519.493652 0.014259 
176800.000000 2522.493652 0.014267 
176900.000000 2525.193359 0.014275 
177000.000000 2527.193359 0.014278 
177100.000000 2528.193359 0.014276 
177200.000000 2529.993164 0.014278 
177300.000000 2531.993164 0.014281 
177400.000000 2533.692871 0.014282 
177500.000000 2538.592773 0.014302 
177600.000000 2539.292480 0.014298 
177700.000000 2541.192383 0.014300 
177800.000000 2542.092285 0.014297 
177900.000000 2542.992188 0.014295 
178000.000000 2544.892090 0.014297 
178100.000000 2546.691895 0.014299 
178200.000000 2547.691895 0.014297 
178300.000000 2548.691895 0.014294 
178400.000000 2550.291504 0.014295 
178500.000000 2550.191406 0.014287 
178600.000000 2550.590820 0.014281 
178700.000000 2553.090332 0.014287 
178800.000000 2556.990234 0.014301 
178900.000000 2558.890137 0.014303 
179000.000000 2562.890137 0.014318 
179100.000000 2564.890137 0.014321 
179200.000000 2564.890137 0.014313 
179300.000000 2564.890137 0.014305 
179400.000000 2565.790039 0.014302 
179500.000000 2567.489746 0.014304 
179600.000000 2570.489746 0.014312 
179700.000000 2572.489746 0.014315 
179800.000000 2573.989258 0.014316 
179900.000000 2575.789062 0.014318 
180000.000000 2576.789062 0.014315 
180100.000000 2578.688965 0.014318 
180200.000000 2580.588867 0.014321 
180300.000000 2581.288574 0.014317 
180400.000000 2581.188477 0.014308 
180500.000000 2582.188477 0.014306 
180600.000000 2583.188477 0.014303 
180700.000000 2583.888184 0.014299 
180800.000000 2585.888184 0.014302 
180900.000000 2587.888184 0.014306 
181000.000000 2590.888184 0.014314 
181100.000000 2590.888184 0.014306 
181200.000000 2591.587891 0.014302 
181300.000000 2592.587891 0.014300 
181400.000000 2594.487793 0.014303 
181500.000000 2595.487793 0.014300 
181600.000000 2597.387695 0.014303 
181700.000000 2597.387695 0.014295 
181800.000000 2596.787109 0.014284 
181900.000000 2595.686035 0.014270 
182000.000000 2597.485840 0.014272 
182100.000000 2597.484863 0.014264 
182200.000000 2596.884277 0.014253 
182300.000000 2598.583984 0.014254 
182400.000000 2599.483887 0.014252 
182500.000000 2600.283691 0.014248 
182600.000000 2603.083496 0.014256 
182700.000000 2604.083496 0.014253 
182800.000000 2605.783203 0.014255 
182900.000000 2606.182617 0.014249 
183000.000000 2607.082520 0.014246 
183100.000000 2609.982422 0.014254 
183200.000000 2610.582031 0.014250 
183300.000000 2611.582031 0.014248 
183400.000000 2611.582031 0.014240 
183500.000000 2611.281738 0.014230 
183600.000000 2611.081543 0.014222 
183700.000000 2611.781250 0.014218 
183800.000000 2611.480957 0.014208 
183900.000000 2611.080566 0.014198 
184000.000000 2613.780273 0.014205 
184100.000000 2613.178711 0.014194 
184200.000000 2614.978516 0.014196 
184300.000000 2617.377930 0.014202 
184400.000000 2619.377930 0.014205 
184500.000000 2621.677246 0.014210 
184600.000000 2623.577148 0.014212 
184700.000000 2626.176758 0.014219 
184800.000000 2628.076660 0.014221 
184900.000000 2629.275879 0.014220 
185000.000000 2631.275879 0.014223 
185100.000000 2630.875488 0.014213 
185200.000000 2631.675293 0.014210 
185300.000000 2632.173828 0.014205 
185400.000000 2633.173828 0.014203 
185500.000000 2635.773438 0.014209 
185600.000000 2636.673340 0.014206 
185700.000000 2638.573242 0.014209 
185800.000000 2640.272949 0.014210 
185900.000000 2641.272949 0.014208 
186000.000000 2644.272949 0.014217 
186100.000000 2644.972656 0.014213 
186200.000000 2645.972656 0.014210 
186300.000000 2648.872559 0.014218 
186400.000000 2649.872559 0.014216 
186500.000000 2653.672363 0.014229 
186600.000000 2655.572266 0.014231 
186700.000000 2657.372070 0.014233 
186800.000000 2659.271973 0.014236 
186900.000000 2659.871582 0.014232 
187000.000000 2660.871582 0.014229 
187100.000000 2660.671387 0.014221 
187200.000000 2660.371094 0.014211 
187300.000000 2660.870605 0.014206 
187400.000000 2661.870605 0.014204 
187500.000000 2662.670410 0.014201 
187600.000000 2662.470215 0.014192 
187700.000000 2663.169922 0.014188 
187800.000000 2662.769531 0.014179 
187900.000000 2661.668457 0.014165 
188000.000000 2662.067871 0.014160 
188100.000000 2663.767578 0.014161 
188200.000000 2664.066895 0.014156 
188300.000000 2665.866699 0.014158 
188400.000000 2665.766602 0.014150 
188500.000000 2666.266113 0.014145 
188600.000000 2666.166016 0.014137 
188700.000000 2667.965820 0.014139 
188800.000000 2668.965820 0.014136 
188900.000000 2669.965820 0.014134 
189000.000000 2670.965820 0.014132 
189100.000000 2673.965820 0.014140 
189200.000000 2676.765625 0.014148 
189300.000000 2679.765625 0.014156 
189400.000000 2680.765625 0.014154 
189500.000000 2681.565430 0.014151 
189600.000000 2684.565430 0.014159 
189700.000000 2685.064941 0.014154 
189800.000000 2686.064941 0.014152 
189900.000000 2687.964844 0.014155 
190000.000000 2688.864746 0.014152 
190100.000000 2689.764648 0.014149 
190200.000000 2693.564453 0.014162 
190300.000000 2694.364258 0.014159 
190400.000000 2695.264160 0.014156 
190500.000000 2695.963867 0.014152 
190600.000000 2696.762695 0.014149 
190700.000000 2695.861816 0.014137 
190800.000000 2695.761719 0.014129 
190900.000000 2697.561523 0.014131 
191000.000000 2698.660645 0.014129 
191100.000000 2699.660645 0.014127 
191200.000000 2700.160156 0.014122 
191300.000000 2701.959961 0.014124 
191400.000000 2703.959961 0.014127 
191500.000000 2706.959961 0.014136 
191600.000000 2706.959961 0.014128 
191700.000000 2708.859863 0.014131 
191800.000000 2707.958984 0.014119 
191900.000000 2707.658691 0.014110 
192000.000000 2708.058105 0.014104 
192100.000000 2707.557617 0.014095 
192200.000000 2708.357422 0.014091 
192300.000000 2708.157227 0.014083 
192400.000000 2707.156250 0.014070 
192500.000000 2708.956055 0.014072 
192600.000000 2709.255371 0.014067 
192700.000000 2708.654785 0.014056 
192800.000000 2708.753906 0.014050 
192900.000000 2709.653809 0.014047 
193000.000000 2709.653809 0.014040 
193100.000000 2709.953125 0.014034 
193200.000000 2708.952148 0.014021 
193300.000000 2709.251465 0.014016 
193400.000000 2708.350586 0.014004 
193500.000000 2707.950195 0.013995 
193600.000000 2707.750000 0.013986 
193700.000000 2707.949219 0.013980 
193800.000000 2707.048340 0.013968 
193900.000000 2706.547852 0.013958 
194000.000000 2706.047363 0.013949 
194100.000000 2705.046387 0.013936 
194200.000000 2704.545898 0.013927 
194300.000000 2704.345703 0.013918 
194400.000000 2705.045410 0.013915 
194500.000000 2704.845215 0.013907 
194600.000000 2705.844238 0.013905 
194700.000000 2705.644043 0.013896 
194800.000000 2705.644043 0.013889 
194900.000000 2705.644043 0.013882 
195000.000000 2705.343750 0.013874 
195100.000000 2703.742188 0.013858 
195200.000000 2703.141602 0.013848 
195300.000000 2702.841309 0.013839 
195400.000000 2702.741211 0.013832 
195500.000000 2702.240723 0.013822 
195600.000000 2702.840332 0.013818 
195700.000000 2703.640137 0.013815 
195800.000000 2703.540039 0.013808 
195900.000000 2704.039551 0.013803 
196000.000000 2703.938477 0.013796 
196100.000000 2704.838379 0.013793 
196200.000000 2707.538086 0.013800 
196300.000000 2709.137695 0.013801 
196400.000000 2710.037598 0.013799 
196500.000000 2709.637207 0.013790 
196600.000000 2710.537109 0.013787 
196700.000000 2709.536133 0.013775 
196800.000000 2709.535156 0.013768 
196900.000000 2709.435059 0.013760 
197000.000000 2709.435059 0.013753 
197100.000000 2709.934570 0.013749 
197200.000000 2711.734375 0.013751 
197300.000000 2711.734375 0.013744 
197400.000000 2713.734375 0.013747 
197500.000000 2714.734375 0.013745 
197600.000000 2717.534180 0.013753 
197700.000000 2718.033691 0.013748 
197800.000000 2719.733398 0.013750 
197900.000000 2719.733398 0.013743 
198000.000000 2721.533203 0.013745 
198100.000000 2723.533203 0.013748 
198200.000000 2725.132812 0.013749 
198300.000000 2726.132812 0.013748 
198400.000000 2727.132812 0.013746 
198500.000000 2726.932617 0.013738 
198600.000000 2727.832520 0.013735 
198700.000000 2729.532227 0.013737 
198800.000000 2731.532227 0.013740 
198900.000000 2732.332031 0.013737 
199000.000000 2732.332031 0.013730 
199100.000000 2733.332031 0.013728 
199200.000000 2733.332031 0.013722 
199300.000000 2734.332031 0.013720 
199400.000000 2736.231934 0.013722 
199500.000000 2738.231934 0.013725 
199600.000000 2739.231934 0.013724 
199700.000000 2740.031738 0.013721 
199800.000000 2740.831543 0.013718 
199900.000000 2740.731445 0.013711 
200000.000000 2741.230957 0.013706 
