100.000000 -1.500000 -0.015000 
200.000000 -3.999998 -0.020000 
300.000000 -5.799997 -0.019333 
400.000000 -7.399995 -0.018500 
500.000000 -8.099995 -0.016200 
600.000000 -8.799997 -0.014667 
700.000000 -10.400003 -0.014857 
800.000000 -11.600008 -0.014500 
900.000000 -12.600012 -0.014000 
1000.000000 -13.000017 -0.013000 
1100.000000 -13.500019 -0.012273 
1200.000000 -14.700024 -0.012250 
1300.000000 -16.400030 -0.012615 
1400.000000 -17.900036 -0.012786 
1500.000000 -19.600042 -0.013067 
1600.000000 -20.100044 -0.012563 
1700.000000 -21.300049 -0.012529 
1800.000000 -22.500053 -0.012500 
1900.000000 -23.100060 -0.012158 
2000.000000 -24.100063 -0.012050 
2100.000000 -25.900070 -0.012333 
2200.000000 -26.600077 -0.012091 
2300.000000 -28.300083 -0.012304 
2400.000000 -29.300087 -0.012208 
2500.000000 -30.100090 -0.012040 
2600.000000 -31.800097 -0.012231 
2700.000000 -31.500088 -0.011667 
2800.000000 -32.000088 -0.011429 
2900.000000 -31.400085 -0.010828 
3000.000000 -31.600079 -0.010533 
3100.000000 -32.400074 -0.010452 
3200.000000 -33.300060 -0.010406 
3300.000000 -34.300045 -0.010394 
3400.000000 -35.000034 -0.010294 
3500.000000 -36.500011 -0.010429 
3600.000000 -38.499966 -0.010694 
3700.000000 -39.399937 -0.010649 
3800.000000 -38.199924 -0.010053 
3900.000000 -38.599903 -0.009897 
4000.000000 -39.399891 -0.009850 
4100.000000 -40.399876 -0.009854 
4200.000000 -40.699871 -0.009690 
4300.000000 -41.199848 -0.009581 
4400.000000 -41.699825 -0.009477 
4500.000000 -42.599812 -0.009467 
4600.000000 -44.399784 -0.009652 
4700.000000 -44.499767 -0.009468 
4800.000000 -45.299755 -0.009437 
4900.000000 -45.899731 -0.009367 
5000.000000 -46.299725 -0.009260 
5100.000000 -46.999714 -0.009216 
5200.000000 -46.799702 -0.009000 
5300.000000 -46.499691 -0.008774 
5400.000000 -47.699673 -0.008833 
5500.000000 -48.599644 -0.008836 
5600.000000 -50.599613 -0.009036 
5700.000000 -51.099590 -0.008965 
5800.000000 -50.999577 -0.008793 
5900.000000 -52.199558 -0.008847 
6000.000000 -53.799534 -0.008967 
6100.000000 -54.199528 -0.008885 
6200.000000 -54.899517 -0.008855 
6300.000000 -56.599491 -0.008984 
6400.000000 -56.999470 -0.008906 
6500.000000 -58.999439 -0.009077 
6600.000000 -59.199421 -0.008970 
6700.000000 -60.599400 -0.009045 
6800.000000 -60.299389 -0.008868 
6900.000000 -60.699383 -0.008797 
7000.000000 -60.299374 -0.008614 
7100.000000 -60.399372 -0.008507 
7200.000000 -60.399372 -0.008389 
7300.000000 -60.499371 -0.008288 
7400.000000 -61.399357 -0.008297 
7500.000000 -62.499340 -0.008333 
7600.000000 -61.899334 -0.008145 
7700.000000 -62.699322 -0.008143 
7800.000000 -63.699306 -0.008167 
7900.000000 -63.799305 -0.008076 
8000.000000 -64.299301 -0.008037 
8100.000000 -64.399300 -0.007951 
8200.000000 -64.599297 -0.007878 
8300.000000 -65.099289 -0.007843 
8400.000000 -64.299286 -0.007655 
8500.000000 -64.699280 -0.007612 
8600.000000 -65.399269 -0.007605 
8700.000000 -66.399254 -0.007632 
8800.000000 -66.499237 -0.007557 
8900.000000 -67.299225 -0.007562 
9000.000000 -68.399208 -0.007600 
9100.000000 -69.799187 -0.007670 
9200.000000 -70.099167 -0.007619 
9300.000000 -71.299149 -0.007667 
9400.000000 -72.099136 -0.007670 
9500.000000 -72.899124 -0.007674 
9600.000000 -73.499115 -0.007656 
9700.000000 -74.999092 -0.007732 
9800.000000 -75.399086 -0.007694 
9900.000000 -76.499069 -0.007727 
10000.000000 -77.099045 -0.007710 
10100.000000 -76.399040 -0.007564 
10200.000000 -75.999031 -0.007451 
10300.000000 -76.299026 -0.007408 
10400.000000 -75.699020 -0.007279 
10500.000000 -75.799004 -0.007219 
10600.000000 -76.598991 -0.007226 
10700.000000 -77.198982 -0.007215 
10800.000000 -77.798973 -0.007204 
10900.000000 -78.598961 -0.007211 
11000.000000 -79.598930 -0.007236 
11100.000000 -79.498917 -0.007162 
11200.000000 -79.098907 -0.007062 
11300.000000 -77.898895 -0.006894 
11400.000000 -78.498886 -0.006886 
11500.000000 -79.298874 -0.006896 
11600.000000 -79.798851 -0.006879 
11700.000000 -80.298828 -0.006863 
11800.000000 -80.098816 -0.006788 
11900.000000 -79.898804 -0.006714 
12000.000000 -79.998802 -0.006667 
12100.000000 -80.298798 -0.006636 
12200.000000 -81.098785 -0.006647 
12300.000000 -81.798775 -0.006650 
12400.000000 -82.898758 -0.006685 
12500.000000 -83.998741 -0.006720 
12600.000000 -84.998726 -0.006746 
12700.000000 -85.198723 -0.006709 
12800.000000 -85.298706 -0.006664 
12900.000000 -85.798698 -0.006651 
13000.000000 -85.798683 -0.006600 
13100.000000 -86.498672 -0.006603 
13200.000000 -86.998665 -0.006591 
13300.000000 -87.198662 -0.006556 
13400.000000 -87.098648 -0.006500 
13500.000000 -87.698639 -0.006496 
13600.000000 -86.798637 -0.006382 
13700.000000 -86.898621 -0.006343 
13800.000000 -86.998604 -0.006304 
13900.000000 -87.498596 -0.006295 
14000.000000 -87.398582 -0.006243 
14100.000000 -87.398582 -0.006198 
14200.000000 -87.998573 -0.006197 
14300.000000 -87.298569 -0.006105 
14400.000000 -86.798561 -0.006028 
14500.000000 -87.298553 -0.006021 
14600.000000 -87.598549 -0.006000 
14700.000000 -86.998543 -0.005918 
14800.000000 -87.398537 -0.005905 
14900.000000 -87.398521 -0.005866 
15000.000000 -87.898514 -0.005860 
15100.000000 -87.498505 -0.005795 
15200.000000 -86.798500 -0.005710 
15300.000000 -87.098495 -0.005693 
15400.000000 -87.198494 -0.005662 
15500.000000 -87.598488 -0.005652 
15600.000000 -87.198479 -0.005590 
15700.000000 -86.998466 -0.005541 
15800.000000 -87.098450 -0.005513 
15900.000000 -87.198448 -0.005484 
16000.000000 -86.898438 -0.005431 
16100.000000 -86.198433 -0.005354 
16200.000000 -86.898422 -0.005364 
16300.000000 -86.698410 -0.005319 
16400.000000 -85.098404 -0.005189 
16500.000000 -85.398399 -0.005176 
16600.000000 -84.998390 -0.005120 
16700.000000 -84.298386 -0.005048 
16800.000000 -84.298386 -0.005018 
16900.000000 -84.798378 -0.005018 
17000.000000 -85.098358 -0.005006 
17100.000000 -85.698349 -0.005012 
17200.000000 -87.098328 -0.005064 
17300.000000 -87.098312 -0.005035 
17400.000000 -88.098297 -0.005063 
17500.000000 -87.598289 -0.005006 
17600.000000 -87.098282 -0.004949 
17700.000000 -87.598274 -0.004949 
17800.000000 -87.298264 -0.004904 
17900.000000 -86.298248 -0.004821 
18000.000000 -85.598244 -0.004755 
18100.000000 -86.698227 -0.004790 
18200.000000 -85.798225 -0.004714 
18300.000000 -86.198219 -0.004710 
18400.000000 -86.498215 -0.004701 
18500.000000 -87.498199 -0.004730 
18600.000000 -86.798195 -0.004667 
18700.000000 -87.598183 -0.004684 
18800.000000 -87.598167 -0.004659 
18900.000000 -88.098160 -0.004661 
19000.000000 -87.398155 -0.004600 
19100.000000 -86.498154 -0.004529 
19200.000000 -86.498154 -0.004505 
19300.000000 -87.198143 -0.004518 
19400.000000 -86.298141 -0.004448 
19500.000000 -86.098129 -0.004415 
19600.000000 -85.098129 -0.004342 
19700.000000 -85.898117 -0.004360 
19800.000000 -86.698105 -0.004379 
19900.000000 -85.398094 -0.004291 
20000.000000 -85.598091 -0.004280 
20100.000000 -85.998085 -0.004279 
20200.000000 -86.498077 -0.004282 
20300.000000 -86.098068 -0.004241 
20400.000000 -86.398064 -0.004235 
20500.000000 -87.298050 -0.004258 
20600.000000 -87.398048 -0.004243 
20700.000000 -86.598045 -0.004183 
20800.000000 -86.498032 -0.004159 
20900.000000 -86.898026 -0.004158 
21000.000000 -86.398018 -0.004114 
21100.000000 -88.397987 -0.004189 
21200.000000 -87.597984 -0.004132 
21300.000000 -86.497971 -0.004061 
21400.000000 -86.197960 -0.004028 
21500.000000 -85.997948 -0.004000 
21600.000000 -86.997917 -0.004028 
21700.000000 -87.397911 -0.004028 
21800.000000 -88.097900 -0.004041 
21900.000000 -87.497894 -0.003995 
22000.000000 -87.497894 -0.003977 
22100.000000 -87.197884 -0.003946 
22200.000000 -87.197884 -0.003928 
22300.000000 -87.197884 -0.003910 
22400.000000 -86.397881 -0.003857 
22500.000000 -86.497864 -0.003844 
22600.000000 -86.997856 -0.003849 
22700.000000 -86.997841 -0.003833 
22800.000000 -87.197838 -0.003824 
22900.000000 -86.697830 -0.003786 
23000.000000 -85.997826 -0.003739 
23100.000000 -85.797813 -0.003714 
23200.000000 -85.597801 -0.003690 
23300.000000 -84.897797 -0.003644 
23400.000000 -84.497787 -0.003611 
23500.000000 -84.597786 -0.003600 
23600.000000 -84.597786 -0.003585 
23700.000000 -84.797783 -0.003578 
23800.000000 -85.397774 -0.003588 
23900.000000 -84.997765 -0.003556 
24000.000000 -84.697754 -0.003529 
24100.000000 -83.997749 -0.003485 
24200.000000 -83.997749 -0.003471 
24300.000000 -83.197746 -0.003424 
24400.000000 -84.097733 -0.003447 
24500.000000 -84.297729 -0.003441 
24600.000000 -83.897720 -0.003410 
24700.000000 -82.197716 -0.003328 
24800.000000 -81.497711 -0.003286 
24900.000000 -80.497711 -0.003233 
25000.000000 -80.697708 -0.003228 
25100.000000 -79.297699 -0.003159 
25200.000000 -79.497696 -0.003155 
25300.000000 -79.397682 -0.003138 
25400.000000 -79.497681 -0.003130 
25500.000000 -78.497681 -0.003078 
25600.000000 -77.697678 -0.003035 
25700.000000 -76.797676 -0.002988 
25800.000000 -76.797676 -0.002977 
25900.000000 -76.997673 -0.002973 
26000.000000 -76.097672 -0.002927 
26100.000000 -75.997658 -0.002912 
26200.000000 -76.597649 -0.002924 
26300.000000 -76.897629 -0.002924 
26400.000000 -77.397621 -0.002932 
26500.000000 -76.497620 -0.002887 
26600.000000 -76.397606 -0.002872 
26700.000000 -76.497604 -0.002865 
26800.000000 -76.897598 -0.002869 
26900.000000 -76.597588 -0.002847 
27000.000000 -76.697586 -0.002841 
27100.000000 -76.697586 -0.002830 
27200.000000 -75.097580 -0.002761 
27300.000000 -75.097580 -0.002751 
27400.000000 -74.197578 -0.002708 
27500.000000 -73.597572 -0.002676 
27600.000000 -73.897568 -0.002677 
27700.000000 -74.797554 -0.002700 
27800.000000 -74.897552 -0.002694 
27900.000000 -74.897552 -0.002685 
28000.000000 -74.997551 -0.002678 
28100.000000 -75.397545 -0.002683 
28200.000000 -74.597542 -0.002645 
28300.000000 -73.897537 -0.002611 
28400.000000 -74.197533 -0.002613 
28500.000000 -75.397514 -0.002646 
28600.000000 -74.397514 -0.002601 
28700.000000 -73.897507 -0.002575 
28800.000000 -73.797493 -0.002562 
28900.000000 -74.297485 -0.002571 
29000.000000 -73.397484 -0.002531 
29100.000000 -72.497482 -0.002491 
29200.000000 -71.597481 -0.002452 
29300.000000 -69.797478 -0.002382 
29400.000000 -69.797478 -0.002374 
29500.000000 -70.397469 -0.002386 
29600.000000 -70.497452 -0.002382 
29700.000000 -71.397438 -0.002404 
29800.000000 -71.797432 -0.002409 
29900.000000 -72.397423 -0.002421 
30000.000000 -71.797417 -0.002393 
30100.000000 -70.897415 -0.002355 
30200.000000 -69.997414 -0.002318 
30300.000000 -69.097412 -0.002280 
30400.000000 -68.597404 -0.002256 
30500.000000 -68.597404 -0.002249 
30600.000000 -68.597404 -0.002242 
30700.000000 -68.197395 -0.002221 
30800.000000 -67.197395 -0.002182 
30900.000000 -67.197395 -0.002175 
31000.000000 -67.297394 -0.002171 
31100.000000 -67.197380 -0.002161 
31200.000000 -66.397377 -0.002128 
31300.000000 -65.497375 -0.002093 
31400.000000 -65.497375 -0.002086 
31500.000000 -64.497375 -0.002048 
31600.000000 -64.597374 -0.002044 
31700.000000 -63.797371 -0.002013 
31800.000000 -64.297363 -0.002022 
31900.000000 -65.597343 -0.002056 
32000.000000 -65.697327 -0.002053 
32100.000000 -65.097321 -0.002028 
32200.000000 -64.297318 -0.001997 
32300.000000 -64.297318 -0.001991 
32400.000000 -63.597313 -0.001963 
32500.000000 -63.697311 -0.001960 
32600.000000 -63.497299 -0.001948 
32700.000000 -63.497299 -0.001942 
32800.000000 -64.197289 -0.001957 
32900.000000 -64.297287 -0.001954 
33000.000000 -64.397285 -0.001951 
33100.000000 -63.797279 -0.001927 
33200.000000 -62.897278 -0.001894 
33300.000000 -63.097275 -0.001895 
33400.000000 -62.297272 -0.001865 
33500.000000 -61.497269 -0.001836 
33600.000000 -61.497269 -0.001830 
33700.000000 -60.797264 -0.001804 
33800.000000 -61.197258 -0.001811 
33900.000000 -60.697250 -0.001790 
34000.000000 -59.897247 -0.001762 
34100.000000 -58.397240 -0.001713 
34200.000000 -58.097229 -0.001699 
34300.000000 -57.297226 -0.001670 
34400.000000 -57.297226 -0.001666 
34500.000000 -56.497223 -0.001638 
34600.000000 -55.997215 -0.001618 
34700.000000 -55.197212 -0.001591 
34800.000000 -54.997200 -0.001580 
34900.000000 -55.297195 -0.001584 
35000.000000 -54.397194 -0.001554 
35100.000000 -53.897186 -0.001536 
35200.000000 -53.397179 -0.001517 
35300.000000 -53.697174 -0.001521 
35400.000000 -52.697174 -0.001489 
35500.000000 -52.697174 -0.001484 
35600.000000 -51.997169 -0.001461 
35700.000000 -51.097168 -0.001431 
35800.000000 -50.097168 -0.001399 
35900.000000 -49.297165 -0.001373 
36000.000000 -49.197151 -0.001367 
36100.000000 -48.197151 -0.001335 
36200.000000 -47.297134 -0.001307 
36300.000000 -47.397133 -0.001306 
36400.000000 -47.697113 -0.001310 
36500.000000 -46.697113 -0.001279 
36600.000000 -47.597099 -0.001300 
36700.000000 -47.597099 -0.001297 
36800.000000 -46.997093 -0.001277 
36900.000000 -46.797081 -0.001268 
37000.000000 -45.997078 -0.001243 
37100.000000 -45.397072 -0.001224 
37200.000000 -46.097061 -0.001239 
37300.000000 -45.597054 -0.001222 
37400.000000 -45.597054 -0.001219 
37500.000000 -46.897034 -0.001251 
37600.000000 -46.597023 -0.001239 
37700.000000 -45.597023 -0.001209 
37800.000000 -45.797020 -0.001212 
37900.000000 -46.496994 -0.001227 
38000.000000 -46.896988 -0.001234 
38100.000000 -45.896988 -0.001205 
38200.000000 -45.896988 -0.001201 
38300.000000 -45.996986 -0.001201 
38400.000000 -46.196983 -0.001203 
38500.000000 -45.196983 -0.001174 
38600.000000 -45.196983 -0.001171 
38700.000000 -45.396980 -0.001173 
38800.000000 -44.496979 -0.001147 
38900.000000 -44.496979 -0.001144 
39000.000000 -43.996971 -0.001128 
39100.000000 -43.296967 -0.001107 
39200.000000 -41.796959 -0.001066 
39300.000000 -40.896957 -0.001041 
39400.000000 -41.096954 -0.001043 
39500.000000 -39.496948 -0.001000 
39600.000000 -39.496948 -0.000997 
39700.000000 -39.496948 -0.000995 
39800.000000 -39.796944 -0.001000 
39900.000000 -40.096939 -0.001005 
40000.000000 -39.096939 -0.000977 
40100.000000 -38.396935 -0.000958 
40200.000000 -39.096924 -0.000973 
40300.000000 -39.296921 -0.000975 
40400.000000 -38.796913 -0.000960 
40500.000000 -38.796913 -0.000958 
40600.000000 -38.696899 -0.000953 
40700.000000 -37.696899 -0.000926 
40800.000000 -36.796883 -0.000902 
40900.000000 -36.796883 -0.000900 
41000.000000 -36.896881 -0.000900 
41100.000000 -35.896881 -0.000873 
41200.000000 -34.896881 -0.000847 
41300.000000 -33.196877 -0.000804 
41400.000000 -33.696869 -0.000814 
41500.000000 -32.796867 -0.000790 
41600.000000 -33.596855 -0.000808 
41700.000000 -32.696854 -0.000784 
41800.000000 -31.796852 -0.000761 
41900.000000 -31.796852 -0.000759 
42000.000000 -30.896852 -0.000736 
42100.000000 -30.296854 -0.000720 
42200.000000 -29.496855 -0.000699 
42300.000000 -29.496855 -0.000697 
42400.000000 -28.596855 -0.000674 
42500.000000 -28.896856 -0.000680 
42600.000000 -27.996857 -0.000657 
42700.000000 -27.096857 -0.000635 
42800.000000 -27.096857 -0.000633 
42900.000000 -27.096857 -0.000632 
43000.000000 -27.096857 -0.000630 
43100.000000 -27.096857 -0.000629 
43200.000000 -27.096857 -0.000627 
43300.000000 -27.096857 -0.000626 
43400.000000 -26.296858 -0.000606 
43500.000000 -26.296858 -0.000605 
43600.000000 -25.496859 -0.000585 
43700.000000 -24.596859 -0.000563 
43800.000000 -22.896860 -0.000523 
43900.000000 -22.996861 -0.000524 
44000.000000 -22.996861 -0.000523 
44100.000000 -21.996861 -0.000499 
44200.000000 -21.996861 -0.000498 
44300.000000 -21.396862 -0.000483 
44400.000000 -20.396862 -0.000459 
44500.000000 -19.496862 -0.000438 
44600.000000 -18.896864 -0.000424 
44700.000000 -18.896864 -0.000423 
44800.000000 -18.896864 -0.000422 
44900.000000 -18.096865 -0.000403 
45000.000000 -17.196865 -0.000382 
45100.000000 -17.196865 -0.000381 
45200.000000 -17.196865 -0.000380 
45300.000000 -16.896868 -0.000373 
45400.000000 -16.896868 -0.000372 
45500.000000 -16.896868 -0.000371 
45600.000000 -16.896868 -0.000371 
45700.000000 -17.196869 -0.000376 
45800.000000 -17.496870 -0.000382 
45900.000000 -16.596870 -0.000362 
46000.000000 -16.596870 -0.000361 
46100.000000 -16.696871 -0.000362 
46200.000000 -16.796871 -0.000364 
46300.000000 -16.896872 -0.000365 
46400.000000 -16.296873 -0.000351 
46500.000000 -16.296873 -0.000350 
46600.000000 -16.296873 -0.000350 
46700.000000 -17.096876 -0.000366 
46800.000000 -16.196877 -0.000346 
46900.000000 -16.196877 -0.000345 
47000.000000 -16.196877 -0.000345 
47100.000000 -16.196877 -0.000344 
47200.000000 -15.896879 -0.000337 
47300.000000 -14.896879 -0.000315 
47400.000000 -13.896879 -0.000293 
47500.000000 -13.996880 -0.000295 
47600.000000 -13.196880 -0.000277 
47700.000000 -13.196880 -0.000277 
47800.000000 -13.196880 -0.000276 
47900.000000 -13.296881 -0.000278 
48000.000000 -13.296881 -0.000277 
48100.000000 -13.896883 -0.000289 
48200.000000 -12.996883 -0.000270 
48300.000000 -11.996883 -0.000248 
48400.000000 -11.996883 -0.000248 
48500.000000 -11.096884 -0.000229 
48600.000000 -11.196884 -0.000230 
48700.000000 -10.196884 -0.000209 
48800.000000 -10.196884 -0.000209 
48900.000000 -10.196884 -0.000209 
49000.000000 -9.396885 -0.000192 
49100.000000 -8.996887 -0.000183 
49200.000000 -8.996887 -0.000183 
49300.000000 -9.096888 -0.000185 
49400.000000 -8.196888 -0.000166 
49500.000000 -7.396889 -0.000149 
49600.000000 -5.796888 -0.000117 
49700.000000 -4.996888 -0.000101 
49800.000000 -4.996888 -0.000100 
49900.000000 -5.096888 -0.000102 
50000.000000 -4.096888 -0.000082 
50100.000000 -4.496887 -0.000090 
50200.000000 -4.496887 -0.000090 
50300.000000 -4.496887 -0.000089 
50400.000000 -4.496887 -0.000089 
50500.000000 -3.496887 -0.000069 
50600.000000 -2.696887 -0.000053 
50700.000000 -1.796887 -0.000035 
50800.000000 -0.796887 -0.000016 
50900.000000 0.003113 0.000000 
51000.000000 1.003113 0.000020 
51100.000000 2.903113 0.000057 
51200.000000 3.203114 0.000063 
51300.000000 3.803114 0.000074 
51400.000000 3.803114 0.000074 
51500.000000 3.803114 0.000074 
51600.000000 3.803114 0.000074 
51700.000000 3.803114 0.000074 
51800.000000 4.103115 0.000079 
51900.000000 5.103115 0.000098 
52000.000000 5.103115 0.000098 
52100.000000 4.903115 0.000094 
52200.000000 5.403116 0.000104 
52300.000000 6.403116 0.000122 
52400.000000 7.403116 0.000141 
52500.000000 7.203116 0.000137 
52600.000000 7.203116 0.000137 
52700.000000 7.203116 0.000137 
52800.000000 7.203116 0.000136 
52900.000000 7.803116 0.000148 
53000.000000 7.803116 0.000147 
53100.000000 7.803116 0.000147 
53200.000000 8.603117 0.000162 
53300.000000 8.603117 0.000161 
53400.000000 8.603117 0.000161 
53500.000000 9.503117 0.000178 
53600.000000 9.503117 0.000177 
53700.000000 10.403116 0.000194 
53800.000000 10.403116 0.000193 
53900.000000 11.203115 0.000208 
54000.000000 12.903114 0.000239 
54100.000000 12.903114 0.000239 
54200.000000 12.903114 0.000238 
54300.000000 13.703114 0.000252 
54400.000000 13.703114 0.000252 
54500.000000 13.703114 0.000251 
54600.000000 13.203112 0.000242 
54700.000000 14.203112 0.000260 
54800.000000 15.203112 0.000277 
54900.000000 16.203112 0.000295 
55000.000000 17.103111 0.000311 
55100.000000 17.903111 0.000325 
55200.000000 17.703110 0.000321 
55300.000000 17.703110 0.000320 
55400.000000 17.703110 0.000320 
55500.000000 17.603109 0.000317 
55600.000000 17.603109 0.000317 
55700.000000 17.503109 0.000314 
55800.000000 17.403109 0.000312 
55900.000000 17.403109 0.000311 
56000.000000 17.303108 0.000309 
56100.000000 17.203108 0.000307 
56200.000000 18.703106 0.000333 
56300.000000 18.703106 0.000332 
56400.000000 18.703106 0.000332 
56500.000000 19.403105 0.000343 
56600.000000 20.003103 0.000353 
56700.000000 21.803102 0.000385 
56800.000000 22.303101 0.000393 
56900.000000 22.203100 0.000390 
57000.000000 22.103100 0.000388 
57100.000000 22.903099 0.000401 
57200.000000 23.503098 0.000411 
57300.000000 23.303097 0.000407 
57400.000000 24.303097 0.000423 
57500.000000 24.103096 0.000419 
57600.000000 25.003096 0.000434 
57700.000000 25.003096 0.000433 
57800.000000 24.603094 0.000426 
57900.000000 26.503094 0.000458 
58000.000000 26.503094 0.000457 
58100.000000 26.503094 0.000456 
58200.000000 26.403093 0.000454 
58300.000000 26.403093 0.000453 
58400.000000 26.303093 0.000450 
58500.000000 26.303093 0.000450 
58600.000000 26.303093 0.000449 
58700.000000 25.903088 0.000441 
58800.000000 26.903088 0.000458 
58900.000000 26.903088 0.000457 
59000.000000 26.903088 0.000456 
59100.000000 26.803087 0.000454 
59200.000000 27.703087 0.000468 
59300.000000 28.303085 0.000477 
59400.000000 29.303085 0.000493 
59500.000000 29.303085 0.000492 
59600.000000 29.303085 0.000492 
59700.000000 30.203085 0.000506 
59800.000000 31.003084 0.000518 
59900.000000 31.003084 0.000518 
60000.000000 31.903084 0.000532 
60100.000000 32.803085 0.000546 
60200.000000 32.803085 0.000545 
60300.000000 32.803085 0.000544 
60400.000000 33.803085 0.000560 
60500.000000 33.803085 0.000559 
60600.000000 33.803085 0.000558 
60700.000000 35.803085 0.000590 
60800.000000 35.803085 0.000589 
60900.000000 36.703087 0.000603 
61000.000000 36.703087 0.000602 
61100.000000 37.603088 0.000615 
61200.000000 37.603088 0.000614 
61300.000000 37.603088 0.000613 
61400.000000 37.603088 0.000612 
61500.000000 37.603088 0.000611 
61600.000000 39.403091 0.000640 
61700.000000 40.403091 0.000655 
61800.000000 40.403091 0.000654 
61900.000000 40.403091 0.000653 
62000.000000 40.403091 0.000652 
62100.000000 40.403091 0.000651 
62200.000000 40.403091 0.000650 
62300.000000 40.303093 0.000647 
62400.000000 40.303093 0.000646 
62500.000000 41.303093 0.000661 
62600.000000 41.303093 0.000660 
62700.000000 42.103096 0.000672 
62800.000000 43.003098 0.000685 
62900.000000 43.003098 0.000684 
63000.000000 43.003098 0.000683 
63100.000000 42.903099 0.000680 
63200.000000 43.903099 0.000695 
63300.000000 43.903099 0.000694 
63400.000000 43.903099 0.000692 
63500.000000 44.903099 0.000707 
63600.000000 44.903099 0.000706 
63700.000000 44.903099 0.000705 
63800.000000 44.903099 0.000704 
63900.000000 44.903099 0.000703 
64000.000000 44.903099 0.000702 
64100.000000 45.803101 0.000715 
64200.000000 46.703102 0.000727 
64300.000000 47.703102 0.000742 
64400.000000 47.703102 0.000741 
64500.000000 48.503105 0.000752 
64600.000000 48.503105 0.000751 
64700.000000 49.203110 0.000760 
64800.000000 49.203110 0.000759 
64900.000000 50.003113 0.000770 
65000.000000 50.003113 0.000769 
65100.000000 51.803116 0.000796 
65200.000000 51.803116 0.000795 
65300.000000 51.803116 0.000793 
65400.000000 51.803116 0.000792 
65500.000000 52.703117 0.000805 
65600.000000 53.403122 0.000814 
65700.000000 53.403122 0.000813 
65800.000000 54.403122 0.000827 
65900.000000 55.403122 0.000841 
66000.000000 56.303123 0.000853 
66100.000000 55.803131 0.000844 
66200.000000 56.603134 0.000855 
66300.000000 56.603134 0.000854 
66400.000000 56.603134 0.000852 
66500.000000 56.503136 0.000850 
66600.000000 57.503136 0.000863 
66700.000000 57.503136 0.000862 
66800.000000 57.503136 0.000861 
66900.000000 58.403137 0.000873 
67000.000000 59.403137 0.000887 
67100.000000 60.303139 0.000899 
67200.000000 62.203140 0.000926 
67300.000000 62.203140 0.000924 
67400.000000 62.203140 0.000923 
67500.000000 62.103142 0.000920 
67600.000000 62.803146 0.000929 
67700.000000 62.603149 0.000925 
67800.000000 63.503151 0.000937 
67900.000000 63.403152 0.000934 
68000.000000 64.103157 0.000943 
68100.000000 64.103157 0.000941 
68200.000000 65.003159 0.000953 
68300.000000 65.003159 0.000952 
68400.000000 64.903160 0.000949 
68500.000000 65.903160 0.000962 
68600.000000 65.903160 0.000961 
68700.000000 65.903160 0.000959 
68800.000000 65.903160 0.000958 
68900.000000 67.303169 0.000977 
69000.000000 68.203171 0.000988 
69100.000000 68.203171 0.000987 
69200.000000 68.203171 0.000986 
69300.000000 68.203171 0.000984 
69400.000000 68.203171 0.000983 
69500.000000 68.203171 0.000981 
69600.000000 68.203171 0.000980 
69700.000000 68.203171 0.000979 
69800.000000 68.103172 0.000976 
69900.000000 68.103172 0.000974 
70000.000000 68.103172 0.000973 
70100.000000 68.103172 0.000972 
70200.000000 68.003174 0.000969 
70300.000000 68.903175 0.000980 
70400.000000 68.903175 0.000979 
70500.000000 69.903175 0.000992 
70600.000000 70.803177 0.001003 
70700.000000 71.803177 0.001016 
70800.000000 72.803177 0.001028 
70900.000000 72.803177 0.001027 
71000.000000 72.803177 0.001025 
71100.000000 72.803177 0.001024 
71200.000000 72.803177 0.001023 
71300.000000 72.803177 0.001021 
71400.000000 73.803177 0.001034 
71500.000000 74.803177 0.001046 
71600.000000 74.803177 0.001045 
71700.000000 76.503181 0.001067 
71800.000000 76.503181 0.001066 
71900.000000 76.403183 0.001063 
72000.000000 77.203186 0.001072 
72100.000000 78.203186 0.001085 
72200.000000 78.203186 0.001083 
72300.000000 78.103188 0.001080 
72400.000000 79.103188 0.001093 
72500.000000 79.103188 0.001091 
72600.000000 80.103188 0.001103 
72700.000000 81.003189 0.001114 
72800.000000 81.003189 0.001113 
72900.000000 81.003189 0.001111 
73000.000000 82.003189 0.001123 
73100.000000 83.003189 0.001135 
73200.000000 83.003189 0.001134 
73300.000000 84.003189 0.001146 
73400.000000 84.003189 0.001144 
73500.000000 84.003189 0.001143 
73600.000000 86.003189 0.001169 
73700.000000 87.003189 0.001181 
73800.000000 88.003189 0.001192 
73900.000000 88.603195 0.001199 
74000.000000 88.603195 0.001197 
74100.000000 88.603195 0.001196 
74200.000000 88.603195 0.001194 
74300.000000 89.203201 0.001201 
74400.000000 89.503212 0.001203 
74500.000000 89.503212 0.001201 
74600.000000 90.503212 0.001213 
74700.000000 91.403214 0.001224 
74800.000000 92.403214 0.001235 
74900.000000 92.403214 0.001234 
75000.000000 95.303215 0.001271 
75100.000000 96.303215 0.001282 
75200.000000 98.203217 0.001306 
75300.000000 100.203217 0.001331 
75400.000000 102.003220 0.001353 
75500.000000 102.903221 0.001363 
75600.000000 105.703224 0.001398 
75700.000000 108.503227 0.001433 
75800.000000 109.303230 0.001442 
75900.000000 112.303230 0.001480 
76000.000000 115.803238 0.001524 
76100.000000 117.603241 0.001545 
76200.000000 119.503242 0.001568 
76300.000000 122.403244 0.001604 
76400.000000 125.403244 0.001641 
76500.000000 128.403244 0.001678 
76600.000000 131.003220 0.001710 
76700.000000 133.003220 0.001734 
76800.000000 136.603195 0.001779 
76900.000000 138.303177 0.001798 
77000.000000 141.203171 0.001834 
77100.000000 142.903152 0.001853 
77200.000000 145.903152 0.001890 
77300.000000 148.903152 0.001926 
77400.000000 152.503128 0.001970 
77500.000000 155.503128 0.002006 
77600.000000 157.403122 0.002028 
77700.000000 159.403122 0.002052 
77800.000000 160.403122 0.002062 
77900.000000 163.003098 0.002092 
78000.000000 164.703079 0.002112 
78100.000000 168.703079 0.002160 
78200.000000 170.303055 0.002178 
78300.000000 172.803024 0.002207 
78400.000000 175.703018 0.002241 
78500.000000 177.703018 0.002264 
78600.000000 180.603012 0.002298 
78700.000000 182.302994 0.002316 
78800.000000 185.902969 0.002359 
78900.000000 188.902969 0.002394 
79000.000000 191.702957 0.002427 
79100.000000 193.702957 0.002449 
79200.000000 196.602951 0.002482 
79300.000000 198.602951 0.002504 
79400.000000 200.502945 0.002525 
79500.000000 203.402939 0.002559 
79600.000000 206.402939 0.002593 
79700.000000 210.302933 0.002639 
79800.000000 212.302933 0.002660 
79900.000000 215.102921 0.002692 
80000.000000 216.602890 0.002708 
80100.000000 219.302872 0.002738 
80200.000000 221.202866 0.002758 
80300.000000 223.502823 0.002783 
80400.000000 225.202805 0.002801 
80500.000000 228.102798 0.002834 
80600.000000 231.102798 0.002867 
80700.000000 235.102798 0.002913 
80800.000000 237.602768 0.002941 
80900.000000 239.602768 0.002962 
81000.000000 242.602768 0.002995 
81100.000000 245.502762 0.003027 
81200.000000 247.302750 0.003046 
81300.000000 249.102737 0.003064 
81400.000000 250.702713 0.003080 
81500.000000 252.302689 0.003096 
81600.000000 255.102676 0.003126 
81700.000000 258.002655 0.003158 
81800.000000 260.702637 0.003187 
81900.000000 263.602631 0.003219 
82000.000000 265.602631 0.003239 
82100.000000 268.602631 0.003272 
82200.000000 271.602631 0.003304 
82300.000000 275.502625 0.003348 
82400.000000 276.502625 0.003356 
82500.000000 279.402618 0.003387 
82600.000000 280.302612 0.003393 
82700.000000 282.202606 0.003412 
82800.000000 284.902588 0.003441 
82900.000000 287.702576 0.003470 
83000.000000 289.702576 0.003490 
83100.000000 292.002533 0.003514 
83200.000000 293.802521 0.003531 
83300.000000 297.602509 0.003573 
83400.000000 300.502502 0.003603 
83500.000000 303.502502 0.003635 
83600.000000 305.102478 0.003650 
83700.000000 307.902466 0.003679 
83800.000000 308.902466 0.003686 
83900.000000 311.702454 0.003715 
84000.000000 312.702454 0.003723 
84100.000000 314.702454 0.003742 
84200.000000 318.602448 0.003784 
84300.000000 320.402435 0.003801 
84400.000000 323.102417 0.003828 
84500.000000 326.102417 0.003859 
84600.000000 327.902405 0.003876 
84700.000000 331.802399 0.003917 
84800.000000 333.802399 0.003936 
84900.000000 337.802399 0.003979 
85000.000000 339.702393 0.003996 
85100.000000 341.702393 0.004015 
85200.000000 344.702393 0.004046 
85300.000000 348.702393 0.004088 
85400.000000 350.602386 0.004105 
85500.000000 352.602386 0.004124 
85600.000000 356.202362 0.004161 
85700.000000 359.102356 0.004190 
85800.000000 361.502319 0.004213 
85900.000000 363.502319 0.004232 
86000.000000 365.402313 0.004249 
86100.000000 368.402313 0.004279 
86200.000000 371.302307 0.004307 
86300.000000 373.202301 0.004324 
86400.000000 377.102295 0.004365 
86500.000000 380.002289 0.004393 
86600.000000 381.702271 0.004408 
86700.000000 383.702271 0.004426 
86800.000000 386.602264 0.004454 
86900.000000 389.302246 0.004480 
87000.000000 392.202240 0.004508 
87100.000000 396.002228 0.004547 
87200.000000 398.602203 0.004571 
87300.000000 402.402191 0.004609 
87400.000000 404.402191 0.004627 
87500.000000 407.402191 0.004656 
87600.000000 409.202179 0.004671 
87700.000000 411.102173 0.004688 
87800.000000 412.902161 0.004703 
87900.000000 416.802155 0.004742 
88000.000000 419.302124 0.004765 
88100.000000 422.102112 0.004791 
88200.000000 424.002106 0.004807 
88300.000000 427.802094 0.004845 
88400.000000 430.802094 0.004873 
88500.000000 432.702087 0.004889 
88600.000000 436.602081 0.004928 
88700.000000 439.602081 0.004956 
88800.000000 443.602081 0.004996 
88900.000000 447.402069 0.005033 
89000.000000 451.302063 0.005071 
89100.000000 454.302063 0.005099 
89200.000000 456.202057 0.005114 
89300.000000 458.202057 0.005131 
89400.000000 461.202057 0.005159 
89500.000000 462.102051 0.005163 
89600.000000 465.102051 0.005191 
89700.000000 468.102051 0.005219 
89800.000000 468.902039 0.005222 
89900.000000 471.602020 0.005246 
90000.000000 474.602020 0.005273 
90100.000000 478.302002 0.005309 
90200.000000 479.302002 0.005314 
90300.000000 482.302002 0.005341 
90400.000000 485.201996 0.005367 
90500.000000 488.701965 0.005400 
90600.000000 492.501953 0.005436 
90700.000000 494.101929 0.005448 
90800.000000 498.001923 0.005485 
90900.000000 500.801910 0.005509 
91000.000000 502.101868 0.005518 
91100.000000 503.101868 0.005523 
91200.000000 506.101868 0.005549 
91300.000000 506.801849 0.005551 
91400.000000 509.601837 0.005576 
91500.000000 512.601807 0.005602 
91600.000000 515.501831 0.005628 
91700.000000 518.301880 0.005652 
91800.000000 522.301880 0.005690 
91900.000000 525.301880 0.005716 
92000.000000 527.201904 0.005730 
92100.000000 529.201904 0.005746 
92200.000000 533.101929 0.005782 
92300.000000 535.802002 0.005805 
92400.000000 537.702026 0.005819 
92500.000000 540.602051 0.005844 
92600.000000 542.502075 0.005859 
92700.000000 545.302124 0.005882 
92800.000000 546.202148 0.005886 
92900.000000 549.002197 0.005910 
93000.000000 551.902222 0.005934 
93100.000000 553.802246 0.005948 
93200.000000 556.402344 0.005970 
93300.000000 559.402344 0.005996 
93400.000000 562.402344 0.006021 
93500.000000 566.302368 0.006057 
93600.000000 568.302368 0.006072 
93700.000000 570.302368 0.006086 
93800.000000 573.102417 0.006110 
93900.000000 576.102417 0.006135 
94000.000000 579.102417 0.006161 
94100.000000 581.402588 0.006179 
94200.000000 583.402588 0.006193 
94300.000000 585.402588 0.006208 
94400.000000 588.302612 0.006232 
94500.000000 590.302612 0.006247 
94600.000000 593.002686 0.006269 
94700.000000 595.702759 0.006290 
94800.000000 597.602783 0.006304 
94900.000000 601.102905 0.006334 
95000.000000 604.102905 0.006359 
95100.000000 607.002930 0.006383 
95200.000000 609.603027 0.006403 
95300.000000 612.603027 0.006428 
95400.000000 615.603027 0.006453 
95500.000000 616.603027 0.006457 
95600.000000 619.503052 0.006480 
95700.000000 621.503052 0.006494 
95800.000000 624.503052 0.006519 
95900.000000 627.503052 0.006543 
96000.000000 630.503052 0.006568 
96100.000000 632.503052 0.006582 
96200.000000 635.503052 0.006606 
96300.000000 637.503052 0.006620 
96400.000000 638.903198 0.006628 
96500.000000 640.403320 0.006636 
96600.000000 642.303345 0.006649 
96700.000000 644.203369 0.006662 
96800.000000 644.203369 0.006655 
96900.000000 645.103394 0.006657 
97000.000000 648.103394 0.006681 
97100.000000 651.103394 0.006705 
97200.000000 654.003418 0.006728 
97300.000000 655.703491 0.006739 
97400.000000 658.703491 0.006763 
97500.000000 662.603516 0.006796 
97600.000000 665.503540 0.006819 
97700.000000 668.203613 0.006839 
97800.000000 671.003662 0.006861 
97900.000000 674.903687 0.006894 
98000.000000 676.903687 0.006907 
98100.000000 678.603760 0.006917 
98200.000000 682.403809 0.006949 
98300.000000 684.103882 0.006959 
98400.000000 687.003906 0.006982 
98500.000000 688.903931 0.006994 
98600.000000 691.803955 0.007016 
98700.000000 693.703979 0.007028 
98800.000000 696.504028 0.007050 
98900.000000 700.304077 0.007081 
99000.000000 702.304077 0.007094 
99100.000000 704.304077 0.007107 
99200.000000 705.204102 0.007109 
99300.000000 709.104126 0.007141 
99400.000000 712.104126 0.007164 
99500.000000 716.004150 0.007196 
99600.000000 719.004150 0.007219 
99700.000000 722.004150 0.007242 
99800.000000 725.004150 0.007265 
99900.000000 727.004150 0.007277 
100000.000000 730.004150 0.007300 
100100.000000 732.904175 0.007322 
100200.000000 735.904175 0.007344 
100300.000000 737.804199 0.007356 
100400.000000 741.704224 0.007387 
100500.000000 743.604248 0.007399 
100600.000000 746.504272 0.007421 
100700.000000 748.504272 0.007433 
100800.000000 748.304321 0.007424 
100900.000000 750.204346 0.007435 
101000.000000 752.104370 0.007447 
101100.000000 753.904419 0.007457 
101200.000000 754.704468 0.007458 
101300.000000 755.504517 0.007458 
101400.000000 758.004639 0.007475 
101500.000000 759.704712 0.007485 
101600.000000 761.304810 0.007493 
101700.000000 763.104858 0.007503 
101800.000000 765.704956 0.007522 
101900.000000 768.105103 0.007538 
102000.000000 770.705200 0.007556 
102100.000000 773.705200 0.007578 
102200.000000 776.605225 0.007599 
102300.000000 778.505249 0.007610 
102400.000000 781.405273 0.007631 
102500.000000 783.905396 0.007648 
102600.000000 787.905396 0.007679 
102700.000000 789.805420 0.007690 
102800.000000 792.505493 0.007709 
102900.000000 795.305542 0.007729 
103000.000000 796.105591 0.007729 
103100.000000 800.105591 0.007760 
103200.000000 803.005615 0.007781 
103300.000000 805.905640 0.007802 
103400.000000 808.805664 0.007822 
103500.000000 811.705688 0.007843 
103600.000000 814.605713 0.007863 
103700.000000 818.605713 0.007894 
103800.000000 821.505737 0.007914 
103900.000000 824.505737 0.007936 
104000.000000 826.405762 0.007946 
104100.000000 829.405762 0.007967 
104200.000000 830.005859 0.007966 
104300.000000 831.005859 0.007967 
104400.000000 833.905884 0.007988 
104500.000000 835.605957 0.007996 
104600.000000 839.505981 0.008026 
104700.000000 842.505981 0.008047 
104800.000000 844.505981 0.008058 
104900.000000 847.306030 0.008077 
105000.000000 850.306030 0.008098 
105100.000000 852.206055 0.008109 
105200.000000 854.206055 0.008120 
105300.000000 856.006104 0.008129 
105400.000000 858.806152 0.008148 
105500.000000 862.706177 0.008177 
105600.000000 865.706177 0.008198 
105700.000000 867.706177 0.008209 
105800.000000 870.506226 0.008228 
105900.000000 873.306274 0.008247 
106000.000000 877.306274 0.008276 
106100.000000 880.206299 0.008296 
106200.000000 883.006348 0.008315 
106300.000000 885.006348 0.008326 
106400.000000 887.906372 0.008345 
106500.000000 890.906372 0.008365 
106600.000000 893.806396 0.008385 
106700.000000 895.606445 0.008394 
106800.000000 898.506470 0.008413 
106900.000000 901.406494 0.008432 
107000.000000 904.106567 0.008450 
107100.000000 908.006592 0.008478 
107200.000000 909.506714 0.008484 
107300.000000 911.306763 0.008493 
107400.000000 912.206787 0.008494 
107500.000000 916.106812 0.008522 
107600.000000 919.006836 0.008541 
107700.000000 919.906860 0.008541 
107800.000000 921.706909 0.008550 
107900.000000 923.706909 0.008561 
108000.000000 924.506958 0.008560 
108100.000000 927.506958 0.008580 
108200.000000 930.506958 0.008600 
108300.000000 936.506958 0.008647 
108400.000000 939.406982 0.008666 
108500.000000 942.007080 0.008682 
108600.000000 943.907104 0.008692 
108700.000000 945.607178 0.008699 
108800.000000 949.407227 0.008726 
108900.000000 951.407227 0.008737 
109000.000000 954.407227 0.008756 
109100.000000 957.407227 0.008776 
109200.000000 960.207275 0.008793 
109300.000000 963.107300 0.008812 
109400.000000 966.007324 0.008830 
109500.000000 967.907349 0.008839 
109600.000000 971.707397 0.008866 
109700.000000 973.707397 0.008876 
109800.000000 976.607422 0.008894 
109900.000000 979.307495 0.008911 
110000.000000 981.007568 0.008918 
110100.000000 984.007568 0.008937 
110200.000000 986.907593 0.008956 
110300.000000 988.707642 0.008964 
110400.000000 990.607666 0.008973 
110500.000000 993.407715 0.008990 
110600.000000 996.307739 0.009008 
110700.000000 998.307739 0.009018 
110800.000000 1000.207764 0.009027 
110900.000000 1001.207764 0.009028 
111000.000000 1003.107788 0.009037 
111100.000000 1005.107788 0.009047 
111200.000000 1007.907837 0.009064 
111300.000000 1011.807861 0.009091 
111400.000000 1012.707886 0.009091 
111500.000000 1014.607910 0.009100 
111600.000000 1016.407959 0.009108 
111700.000000 1018.208008 0.009116 
111800.000000 1018.908081 0.009114 
111900.000000 1021.708130 0.009131 
112000.000000 1023.708130 0.009140 
112100.000000 1025.608154 0.009149 
112200.000000 1027.308228 0.009156 
112300.000000 1027.908325 0.009153 
112400.000000 1030.708374 0.009170 
112500.000000 1033.708374 0.009189 
112600.000000 1036.708374 0.009207 
112700.000000 1038.708374 0.009217 
112800.000000 1041.608398 0.009234 
112900.000000 1044.608398 0.009253 
113000.000000 1046.508423 0.009261 
113100.000000 1049.508423 0.009279 
113200.000000 1052.508423 0.009298 
113300.000000 1054.408447 0.009306 
113400.000000 1058.408447 0.009333 
113500.000000 1060.408447 0.009343 
113600.000000 1062.308472 0.009351 
113700.000000 1064.208496 0.009360 
113800.000000 1066.208496 0.009369 
113900.000000 1069.008545 0.009386 
114000.000000 1070.808594 0.009393 
114100.000000 1073.608643 0.009409 
114200.000000 1076.508667 0.009427 
114300.000000 1078.508667 0.009436 
114400.000000 1080.308716 0.009443 
114500.000000 1082.208740 0.009452 
114600.000000 1084.108765 0.009460 
114700.000000 1088.108765 0.009487 
114800.000000 1089.808838 0.009493 
114900.000000 1091.808838 0.009502 
115000.000000 1095.608887 0.009527 
115100.000000 1098.608887 0.009545 
115200.000000 1101.508911 0.009562 
115300.000000 1104.508911 0.009579 
115400.000000 1107.508911 0.009597 
115500.000000 1110.308960 0.009613 
115600.000000 1113.308960 0.009631 
115700.000000 1116.208984 0.009647 
115800.000000 1118.208984 0.009656 
115900.000000 1120.208984 0.009665 
116000.000000 1122.109009 0.009673 
116100.000000 1123.909058 0.009681 
116200.000000 1126.909058 0.009698 
116300.000000 1130.909058 0.009724 
116400.000000 1131.809082 0.009723 
116500.000000 1131.809082 0.009715 
116600.000000 1134.709106 0.009732 
116700.000000 1137.509155 0.009747 
116800.000000 1140.509155 0.009765 
116900.000000 1142.509155 0.009773 
117000.000000 1143.509155 0.009774 
117100.000000 1145.409180 0.009781 
117200.000000 1145.309204 0.009772 
117300.000000 1148.209229 0.009789 
117400.000000 1151.109253 0.009805 
117500.000000 1153.109253 0.009814 
117600.000000 1155.909302 0.009829 
117700.000000 1158.709351 0.009845 
117800.000000 1161.709351 0.009862 
117900.000000 1165.609375 0.009886 
118000.000000 1167.609375 0.009895 
118100.000000 1170.409424 0.009910 
118200.000000 1173.209473 0.009926 
118300.000000 1174.909546 0.009932 
118400.000000 1175.809570 0.009931 
118500.000000 1178.509644 0.009945 
118600.000000 1181.309692 0.009960 
118700.000000 1184.309692 0.009977 
118800.000000 1186.909790 0.009991 
118900.000000 1189.809814 0.010007 
119000.000000 1191.809814 0.010015 
119100.000000 1194.809814 0.010032 
119200.000000 1198.509888 0.010055 
119300.000000 1200.409912 0.010062 
119400.000000 1202.409912 0.010070 
119500.000000 1206.309937 0.010095 
119600.000000 1208.309937 0.010103 
119700.000000 1211.209961 0.010119 
119800.000000 1211.910034 0.010116 
119900.000000 1214.810059 0.010132 
120000.000000 1217.710083 0.010148 
120100.000000 1220.610107 0.010163 
120200.000000 1222.610107 0.010171 
120300.000000 1226.610107 0.010196 
120400.000000 1228.410156 0.010203 
120500.000000 1230.310181 0.010210 
120600.000000 1232.210205 0.010217 
120700.000000 1235.010254 0.010232 
120800.000000 1238.010254 0.010248 
120900.000000 1241.910278 0.010272 
121000.000000 1246.710327 0.010303 
121100.000000 1249.710327 0.010320 
121200.000000 1251.710327 0.010328 
121300.000000 1254.610352 0.010343 
121400.000000 1254.510376 0.010334 
121500.000000 1256.210449 0.010339 
121600.000000 1258.210449 0.010347 
121700.000000 1261.210449 0.010363 
121800.000000 1261.010498 0.010353 
121900.000000 1262.610596 0.010358 
122000.000000 1264.210693 0.010362 
122100.000000 1266.010742 0.010369 
122200.000000 1266.710815 0.010366 
122300.000000 1267.310913 0.010362 
122400.000000 1269.310913 0.010370 
122500.000000 1270.210938 0.010369 
122600.000000 1271.111206 0.010368 
122700.000000 1271.911255 0.010366 
122800.000000 1272.911255 0.010366 
122900.000000 1274.011475 0.010366 
123000.000000 1274.811523 0.010364 
123100.000000 1274.811523 0.010356 
123200.000000 1276.411621 0.010360 
123300.000000 1277.111694 0.010358 
123400.000000 1278.911743 0.010364 
123500.000000 1280.911743 0.010372 
123600.000000 1282.811768 0.010379 
123700.000000 1284.411865 0.010383 
123800.000000 1287.411865 0.010399 
123900.000000 1289.411865 0.010407 
124000.000000 1291.411865 0.010415 
124100.000000 1293.411865 0.010422 
124200.000000 1294.411865 0.010422 
124300.000000 1294.111938 0.010411 
124400.000000 1294.111938 0.010403 
124500.000000 1295.011963 0.010402 
124600.000000 1298.011963 0.010417 
124700.000000 1300.911987 0.010432 
124800.000000 1304.812012 0.010455 
124900.000000 1307.812012 0.010471 
125000.000000 1310.812012 0.010486 
125100.000000 1314.812012 0.010510 
125200.000000 1316.712036 0.010517 
125300.000000 1318.512085 0.010523 
125400.000000 1322.412109 0.010546 
125500.000000 1324.412109 0.010553 
125600.000000 1328.412109 0.010577 
125700.000000 1331.412109 0.010592 
125800.000000 1333.312134 0.010599 
125900.000000 1336.312134 0.010614 
126000.000000 1340.212158 0.010637 
126100.000000 1343.112183 0.010651 
126200.000000 1347.112183 0.010674 
126300.000000 1349.112183 0.010682 
126400.000000 1352.112183 0.010697 
126500.000000 1354.112183 0.010704 
126600.000000 1353.612305 0.010692 
126700.000000 1356.412354 0.010706 
126800.000000 1358.412354 0.010713 
126900.000000 1360.412354 0.010720 
127000.000000 1362.212402 0.010726 
127100.000000 1364.212402 0.010733 
127200.000000 1366.212402 0.010741 
127300.000000 1366.112427 0.010731 
127400.000000 1366.112427 0.010723 
127500.000000 1367.912476 0.010729 
127600.000000 1370.912476 0.010744 
127700.000000 1374.912476 0.010767 
127800.000000 1376.912476 0.010774 
127900.000000 1378.812500 0.010780 
128000.000000 1380.812500 0.010788 
128100.000000 1383.712524 0.010802 
128200.000000 1384.612549 0.010800 
128300.000000 1386.612549 0.010808 
128400.000000 1387.612549 0.010807 
128500.000000 1389.412598 0.010813 
128600.000000 1391.312622 0.010819 
128700.000000 1393.312622 0.010826 
128800.000000 1397.212646 0.010848 
128900.000000 1397.212646 0.010840 
129000.000000 1400.112671 0.010854 
129100.000000 1402.012695 0.010860 
129200.000000 1405.012695 0.010875 
129300.000000 1407.012695 0.010882 
129400.000000 1409.912720 0.010896 
129500.000000 1413.912720 0.010918 
129600.000000 1414.812744 0.010917 
129700.000000 1417.812744 0.010931 
129800.000000 1420.812744 0.010946 
129900.000000 1421.612793 0.010944 
130000.000000 1423.512817 0.010950 
130100.000000 1426.112915 0.010962 
130200.000000 1427.812988 0.010966 
130300.000000 1429.613037 0.010972 
130400.000000 1431.513062 0.010978 
130500.000000 1433.513062 0.010985 
130600.000000 1436.213135 0.010997 
130700.000000 1439.513306 0.011014 
130800.000000 1442.513306 0.011028 
130900.000000 1444.513306 0.011035 
131000.000000 1447.413330 0.011049 
131100.000000 1448.013672 0.011045 
131200.000000 1450.713745 0.011057 
131300.000000 1452.613770 0.011063 
131400.000000 1455.613770 0.011078 
131500.000000 1459.513794 0.011099 
131600.000000 1462.313843 0.011112 
131700.000000 1463.313843 0.011111 
131800.000000 1464.913940 0.011115 
131900.000000 1468.913940 0.011137 
132000.000000 1471.614014 0.011149 
132100.000000 1474.614014 0.011163 
132200.000000 1477.614014 0.011177 
132300.000000 1480.514038 0.011191 
132400.000000 1483.514038 0.011205 
132500.000000 1485.514038 0.011211 
132600.000000 1489.514038 0.011233 
132700.000000 1492.514038 0.011247 
132800.000000 1496.514038 0.011269 
132900.000000 1500.514038 0.011291 
133000.000000 1504.514038 0.011312 
133100.000000 1506.514038 0.011319 
133200.000000 1510.414062 0.011339 
133300.000000 1512.414062 0.011346 
133400.000000 1514.314087 0.011352 
133500.000000 1516.314087 0.011358 
133600.000000 1519.114136 0.011371 
133700.000000 1521.114136 0.011377 
133800.000000 1525.114136 0.011398 
133900.000000 1528.014160 0.011412 
134000.000000 1531.014160 0.011425 
134100.000000 1531.914185 0.011424 
134200.000000 1533.914185 0.011430 
134300.000000 1535.714233 0.011435 
134400.000000 1537.714233 0.011441 
134500.000000 1540.714233 0.011455 
134600.000000 1543.714233 0.011469 
134700.000000 1546.714233 0.011483 
134800.000000 1547.714233 0.011482 
134900.000000 1547.714233 0.011473 
135000.000000 1551.614258 0.011493 
135100.000000 1554.614258 0.011507 
135200.000000 1556.214355 0.011510 
135300.000000 1559.114380 0.011523 
135400.000000 1561.014404 0.011529 
135500.000000 1563.914429 0.011542 
135600.000000 1563.914429 0.011533 
135700.000000 1567.914429 0.011554 
135800.000000 1569.914429 0.011560 
135900.000000 1572.914429 0.011574 
136000.000000 1573.714478 0.011571 
136100.000000 1575.714478 0.011578 
136200.000000 1575.614502 0.011568 
136300.000000 1577.514526 0.011574 
136400.000000 1580.414551 0.011587 
136500.000000 1583.414551 0.011600 
136600.000000 1586.414551 0.011614 
136700.000000 1588.414551 0.011620 
136800.000000 1588.414551 0.011611 
136900.000000 1593.414551 0.011639 
137000.000000 1596.414551 0.011653 
137100.000000 1599.314575 0.011665 
137200.000000 1601.314575 0.011671 
137300.000000 1601.114624 0.011661 
137400.000000 1605.014648 0.011681 
137500.000000 1607.814697 0.011693 
137600.000000 1609.814697 0.011699 
137700.000000 1612.514771 0.011710 
137800.000000 1615.514771 0.011724 
137900.000000 1618.514771 0.011737 
138000.000000 1622.314819 0.011756 
138100.000000 1625.314819 0.011769 
138200.000000 1630.314819 0.011797 
138300.000000 1633.314819 0.011810 
138400.000000 1636.314819 0.011823 
138500.000000 1640.314819 0.011843 
138600.000000 1643.314819 0.011857 
138700.000000 1647.314819 0.011877 
138800.000000 1649.214844 0.011882 
138900.000000 1653.214844 0.011902 
139000.000000 1655.214844 0.011908 
139100.000000 1657.114868 0.011913 
139200.000000 1661.114868 0.011933 
139300.000000 1663.114868 0.011939 
139400.000000 1666.114868 0.011952 
139500.000000 1669.014893 0.011964 
139600.000000 1670.014893 0.011963 
139700.000000 1671.814941 0.011967 
139800.000000 1673.714966 0.011972 
139900.000000 1675.714966 0.011978 
140000.000000 1677.714966 0.011984 
140100.000000 1679.115112 0.011985 
140200.000000 1683.015137 0.012004 
140300.000000 1684.615234 0.012007 
140400.000000 1687.615234 0.012020 
140500.000000 1691.615234 0.012040 
140600.000000 1694.415283 0.012051 
140700.000000 1697.415283 0.012064 
140800.000000 1699.315308 0.012069 
140900.000000 1702.315308 0.012082 
141000.000000 1704.315308 0.012087 
141100.000000 1707.215332 0.012099 
141200.000000 1709.015381 0.012104 
141300.000000 1709.915405 0.012101 
141400.000000 1712.915405 0.012114 
141500.000000 1714.615479 0.012117 
141600.000000 1715.615479 0.012116 
141700.000000 1718.515503 0.012128 
141800.000000 1721.515503 0.012140 
141900.000000 1723.415527 0.012145 
142000.000000 1726.415527 0.012158 
142100.000000 1729.315552 0.012170 
142200.000000 1730.915649 0.012172 
142300.000000 1733.915649 0.012185 
142400.000000 1736.915649 0.012197 
142500.000000 1739.915649 0.012210 
142600.000000 1739.715698 0.012200 
142700.000000 1742.715698 0.012212 
142800.000000 1745.715698 0.012225 
142900.000000 1747.715698 0.012230 
143000.000000 1748.715698 0.012229 
143100.000000 1750.615723 0.012234 
143200.000000 1752.315796 0.012237 
143300.000000 1753.515991 0.012237 
143400.000000 1755.515991 0.012242 
143500.000000 1758.416016 0.012254 
143600.000000 1760.416016 0.012259 
143700.000000 1760.116089 0.012249 
143800.000000 1759.816162 0.012238 
143900.000000 1762.416260 0.012248 
144000.000000 1762.816406 0.012242 
144100.000000 1764.516479 0.012245 
144200.000000 1766.316528 0.012249 
144300.000000 1768.316528 0.012254 
144400.000000 1768.116577 0.012245 
144500.000000 1768.816650 0.012241 
144600.000000 1768.516724 0.012230 
144700.000000 1768.516724 0.012222 
144800.000000 1770.316772 0.012226 
144900.000000 1772.216797 0.012231 
145000.000000 1773.416992 0.012230 
145100.000000 1775.317261 0.012235 
145200.000000 1778.317261 0.012247 
145300.000000 1781.217285 0.012259 
145400.000000 1782.217285 0.012257 
145500.000000 1784.117310 0.012262 
145600.000000 1786.517456 0.012270 
145700.000000 1788.217529 0.012273 
145800.000000 1789.417725 0.012273 
145900.000000 1790.917847 0.012275 
146000.000000 1792.817871 0.012280 
146100.000000 1795.817871 0.012292 
146200.000000 1797.717896 0.012296 
146300.000000 1800.717896 0.012308 
146400.000000 1803.617920 0.012320 
146500.000000 1805.517944 0.012324 
146600.000000 1808.417969 0.012336 
146700.000000 1809.218018 0.012333 
146800.000000 1811.218018 0.012338 
146900.000000 1813.218018 0.012343 
147000.000000 1815.118042 0.012348 
147100.000000 1817.118042 0.012353 
147200.000000 1819.018066 0.012357 
147300.000000 1819.918091 0.012355 
147400.000000 1822.618164 0.012365 
147500.000000 1826.618164 0.012384 
147600.000000 1829.618164 0.012396 
147700.000000 1833.618164 0.012414 
147800.000000 1837.618164 0.012433 
147900.000000 1839.618164 0.012438 
148000.000000 1840.418213 0.012435 
148100.000000 1843.418213 0.012447 
148200.000000 1846.418213 0.012459 
148300.000000 1850.318237 0.012477 
148400.000000 1853.318237 0.012489 
148500.000000 1856.318237 0.012500 
148600.000000 1857.218262 0.012498 
148700.000000 1857.918335 0.012494 
148800.000000 1859.718384 0.012498 
148900.000000 1861.718384 0.012503 
149000.000000 1863.518433 0.012507 
149100.000000 1866.518433 0.012519 
149200.000000 1867.418457 0.012516 
149300.000000 1868.418457 0.012515 
149400.000000 1870.218506 0.012518 
149500.000000 1873.218506 0.012530 
149600.000000 1875.118530 0.012534 
149700.000000 1878.918579 0.012551 
149800.000000 1881.918579 0.012563 
149900.000000 1885.818604 0.012581 
150000.000000 1889.818604 0.012599 
150100.000000 1889.818604 0.012590 
150200.000000 1891.418701 0.012593 
150300.000000 1894.218750 0.012603 
150400.000000 1897.218750 0.012614 
150500.000000 1899.918823 0.012624 
150600.000000 1902.918823 0.012636 
150700.000000 1904.718872 0.012639 
150800.000000 1907.518921 0.012649 
150900.000000 1909.518921 0.012654 
151000.000000 1909.318970 0.012644 
151100.000000 1909.218994 0.012635 
151200.000000 1908.919312 0.012625 
151300.000000 1909.519409 0.012621 
151400.000000 1912.119507 0.012630 
151500.000000 1912.619629 0.012625 
151600.000000 1913.419678 0.012622 
151700.000000 1916.319702 0.012632 
151800.000000 1918.319702 0.012637 
151900.000000 1921.319702 0.012649 
152000.000000 1925.319702 0.012667 
152100.000000 1928.319702 0.012678 
152200.000000 1930.319702 0.012683 
152300.000000 1932.319702 0.012688 
152400.000000 1933.319702 0.012686 
152500.000000 1936.319702 0.012697 
152600.000000 1939.319702 0.012709 
152700.000000 1942.319702 0.012720 
152800.000000 1944.219727 0.012724 
152900.000000 1948.219727 0.012742 
153000.000000 1950.119751 0.012746 
153100.000000 1952.119751 0.012751 
153200.000000 1955.119751 0.012762 
153300.000000 1958.119751 0.012773 
153400.000000 1961.019775 0.012784 
153500.000000 1964.019775 0.012795 
153600.000000 1965.919800 0.012799 
153700.000000 1969.919800 0.012817 
153800.000000 1973.919800 0.012834 
153900.000000 1976.919800 0.012845 
154000.000000 1979.919800 0.012857 
154100.000000 1983.919800 0.012874 
154200.000000 1986.919800 0.012885 
154300.000000 1990.919800 0.012903 
154400.000000 1990.819824 0.012894 
154500.000000 1993.719849 0.012904 
154600.000000 1995.619873 0.012908 
154700.000000 1999.619873 0.012926 
154800.000000 2002.619873 0.012937 
154900.000000 2006.519897 0.012954 
155000.000000 2008.519897 0.012958 
155100.000000 2009.519897 0.012956 
155200.000000 2011.519897 0.012961 
155300.000000 2013.419922 0.012965 
155400.000000 2015.419922 0.012969 
155500.000000 2017.319946 0.012973 
155600.000000 2018.119995 0.012970 
155700.000000 2021.020020 0.012980 
155800.000000 2022.920044 0.012984 
155900.000000 2024.920044 0.012989 
156000.000000 2026.920044 0.012993 
156100.000000 2028.920044 0.012998 
156200.000000 2029.820068 0.012995 
156300.000000 2031.820068 0.012999 
156400.000000 2032.820068 0.012998 
156500.000000 2033.820068 0.012996 
156600.000000 2034.620117 0.012992 
156700.000000 2035.620117 0.012991 
156800.000000 2035.620117 0.012982 
156900.000000 2036.020264 0.012977 
157000.000000 2037.820312 0.012980 
157100.000000 2039.720337 0.012984 
157200.000000 2041.420410 0.012986 
157300.000000 2043.020508 0.012988 
157400.000000 2045.920532 0.012998 
157500.000000 2047.920532 0.013003 
157600.000000 2049.920410 0.013007 
157700.000000 2051.520020 0.013009 
157800.000000 2053.520020 0.013013 
157900.000000 2055.019531 0.013015 
158000.000000 2054.418945 0.013003 
158100.000000 2055.218750 0.012999 
158200.000000 2058.118652 0.013010 
158300.000000 2059.018555 0.013007 
158400.000000 2059.918457 0.013005 
158500.000000 2062.918457 0.013015 
158600.000000 2063.918457 0.013013 
158700.000000 2066.718262 0.013023 
158800.000000 2069.718262 0.013033 
158900.000000 2071.718262 0.013038 
159000.000000 2073.718262 0.013042 
159100.000000 2076.718262 0.013053 
159200.000000 2078.618164 0.013057 
159300.000000 2078.518066 0.013048 
159400.000000 2080.217773 0.013050 
159500.000000 2080.117676 0.013041 
159600.000000 2080.017578 0.013033 
159700.000000 2082.017578 0.013037 
159800.000000 2083.017578 0.013035 
159900.000000 2084.617188 0.013037 
160000.000000 2086.617188 0.013041 
160100.000000 2088.617188 0.013046 
160200.000000 2089.617188 0.013044 
160300.000000 2089.416992 0.013034 
160400.000000 2089.315918 0.013026 
160500.000000 2089.015625 0.013016 
160600.000000 2089.815430 0.013013 
160700.000000 2089.615234 0.013003 
160800.000000 2089.415039 0.012994 
160900.000000 2091.314941 0.012998 
161000.000000 2093.214844 0.013001 
161100.000000 2095.214844 0.013006 
161200.000000 2098.114746 0.013016 
161300.000000 2100.014648 0.013019 
161400.000000 2101.614258 0.013021 
161500.000000 2103.514160 0.013025 
161600.000000 2103.213867 0.013015 
161700.000000 2105.213867 0.013019 
161800.000000 2107.213867 0.013024 
161900.000000 2109.213867 0.013028 
162000.000000 2110.213867 0.013026 
162100.000000 2112.013672 0.013029 
162200.000000 2115.013672 0.013040 
162300.000000 2118.013672 0.013050 
162400.000000 2119.013672 0.013048 
162500.000000 2122.013672 0.013059 
162600.000000 2122.813477 0.013055 
162700.000000 2123.713379 0.013053 
162800.000000 2125.613281 0.013057 
162900.000000 2126.613281 0.013055 
163000.000000 2128.413086 0.013058 
163100.000000 2129.112793 0.013054 
163200.000000 2129.912598 0.013051 
163300.000000 2131.812500 0.013055 
163400.000000 2131.712402 0.013046 
163500.000000 2133.512207 0.013049 
163600.000000 2133.810547 0.013043 
163700.000000 2134.909668 0.013042 
163800.000000 2138.309082 0.013054 
163900.000000 2140.908691 0.013062 
164000.000000 2143.908691 0.013073 
164100.000000 2147.908691 0.013089 
164200.000000 2149.908691 0.013093 
164300.000000 2153.908691 0.013110 
164400.000000 2155.708496 0.013113 
164500.000000 2156.708496 0.013111 
164600.000000 2158.708496 0.013115 
164700.000000 2158.408203 0.013105 
164800.000000 2161.408203 0.013115 
164900.000000 2163.408203 0.013120 
165000.000000 2164.408203 0.013118 
165100.000000 2165.208008 0.013115 
165200.000000 2166.107910 0.013112 
165300.000000 2167.107910 0.013110 
165400.000000 2169.007812 0.013114 
165500.000000 2169.807617 0.013111 
165600.000000 2170.807617 0.013109 
165700.000000 2170.607422 0.013100 
165800.000000 2172.507324 0.013103 
165900.000000 2176.407227 0.013119 
166000.000000 2179.407227 0.013129 
166100.000000 2182.307129 0.013139 
166200.000000 2185.307129 0.013149 
166300.000000 2187.207031 0.013152 
166400.000000 2188.106934 0.013150 
166500.000000 2191.106934 0.013160 
166600.000000 2195.106934 0.013176 
166700.000000 2197.006836 0.013179 
166800.000000 2198.806641 0.013182 
166900.000000 2200.806641 0.013186 
167000.000000 2204.806641 0.013202 
167100.000000 2206.706543 0.013206 
167200.000000 2209.706543 0.013216 
167300.000000 2212.706543 0.013226 
167400.000000 2215.706543 0.013236 
167500.000000 2218.706543 0.013246 
167600.000000 2220.706543 0.013250 
167700.000000 2221.706543 0.013248 
167800.000000 2223.706543 0.013252 
167900.000000 2226.706543 0.013262 
168000.000000 2229.706543 0.013272 
168100.000000 2231.706543 0.013276 
168200.000000 2234.706543 0.013286 
168300.000000 2236.706543 0.013290 
168400.000000 2240.706543 0.013306 
168500.000000 2243.706543 0.013316 
168600.000000 2246.706543 0.013326 
168700.000000 2249.706543 0.013336 
168800.000000 2251.606445 0.013339 
168900.000000 2252.606445 0.013337 
169000.000000 2255.606445 0.013347 
169100.000000 2256.606445 0.013345 
169200.000000 2257.606445 0.013343 
169300.000000 2258.506348 0.013340 
169400.000000 2258.506348 0.013332 
169500.000000 2258.306152 0.013323 
169600.000000 2261.206055 0.013333 
169700.000000 2263.206055 0.013337 
169800.000000 2264.206055 0.013335 
169900.000000 2267.005859 0.013343 
170000.000000 2270.005859 0.013353 
170100.000000 2274.005859 0.013369 
170200.000000 2276.005859 0.013373 
170300.000000 2279.005859 0.013382 
170400.000000 2281.005859 0.013386 
170500.000000 2283.005859 0.013390 
170600.000000 2285.005859 0.013394 
170700.000000 2289.005859 0.013410 
170800.000000 2291.005859 0.013413 
170900.000000 2294.005859 0.013423 
171000.000000 2295.905762 0.013426 
171100.000000 2297.905762 0.013430 
171200.000000 2298.905762 0.013428 
171300.000000 2300.905762 0.013432 
171400.000000 2302.905762 0.013436 
171500.000000 2304.705566 0.013439 
171600.000000 2306.705566 0.013442 
171700.000000 2307.605469 0.013440 
171800.000000 2310.605469 0.013449 
171900.000000 2312.505371 0.013453 
172000.000000 2315.405273 0.013462 
172100.000000 2316.405273 0.013460 
172200.000000 2317.405273 0.013458 
172300.000000 2318.405273 0.013456 
172400.000000 2318.405273 0.013448 
172500.000000 2320.305176 0.013451 
172600.000000 2321.004883 0.013447 
172700.000000 2320.904785 0.013439 
172800.000000 2320.804688 0.013431 
172900.000000 2322.704590 0.013434 
173000.000000 2323.604492 0.013431 
173100.000000 2324.504395 0.013429 
173200.000000 2326.504395 0.013432 
173300.000000 2327.103027 0.013428 
173400.000000 2327.002930 0.013420 
173500.000000 2328.002930 0.013418 
173600.000000 2327.802734 0.013409 
173700.000000 2327.602539 0.013400 
173800.000000 2327.602539 0.013392 
173900.000000 2328.402344 0.013389 
174000.000000 2330.402344 0.013393 
174100.000000 2331.402344 0.013391 
174200.000000 2331.302246 0.013383 
174300.000000 2330.701660 0.013372 
174400.000000 2330.701660 0.013364 
174500.000000 2330.601562 0.013356 
174600.000000 2330.501465 0.013348 
174700.000000 2330.300293 0.013339 
174800.000000 2329.899902 0.013329 
174900.000000 2331.899902 0.013333 
175000.000000 2333.799805 0.013336 
175100.000000 2334.799805 0.013334 
175200.000000 2336.799805 0.013338 
175300.000000 2338.699707 0.013341 
175400.000000 2340.599609 0.013344 
175500.000000 2344.599609 0.013360 
175600.000000 2345.599609 0.013358 
175700.000000 2348.599609 0.013367 
175800.000000 2349.499512 0.013365 
175900.000000 2351.499512 0.013368 
176000.000000 2351.499512 0.013361 
176100.000000 2352.499512 0.013359 
176200.000000 2354.399414 0.013362 
176300.000000 2353.999023 0.013352 
176400.000000 2353.898926 0.013344 
176500.000000 2355.898926 0.013348 
176600.000000 2358.798828 0.013357 
176700.000000 2361.698730 0.013366 
176800.000000 2363.698730 0.013369 
176900.000000 2366.698730 0.013379 
177000.000000 2368.698730 0.013382 
177100.000000 2370.698730 0.013386 
177200.000000 2373.698730 0.013396 
177300.000000 2374.698730 0.013394 
177400.000000 2377.598633 0.013402 
177500.000000 2381.498535 0.013417 
177600.000000 2383.498535 0.013421 
177700.000000 2383.498535 0.013413 
177800.000000 2385.498535 0.013417 
177900.000000 2386.198242 0.013413 
178000.000000 2389.198242 0.013422 
178100.000000 2391.198242 0.013426 
178200.000000 2392.198242 0.013424 
178300.000000 2394.198242 0.013428 
178400.000000 2394.198242 0.013420 
178500.000000 2396.198242 0.013424 
178600.000000 2399.198242 0.013433 
178700.000000 2402.198242 0.013443 
178800.000000 2405.098145 0.013451 
178900.000000 2407.098145 0.013455 
179000.000000 2411.098145 0.013470 
179100.000000 2413.098145 0.013473 
179200.000000 2413.998047 0.013471 
179300.000000 2414.998047 0.013469 
179400.000000 2415.897949 0.013467 
179500.000000 2418.897949 0.013476 
179600.000000 2419.697754 0.013473 
179700.000000 2420.597656 0.013470 
179800.000000 2424.597656 0.013485 
179900.000000 2426.597656 0.013489 
180000.000000 2427.597656 0.013487 
180100.000000 2429.597656 0.013490 
180200.000000 2430.597656 0.013488 
180300.000000 2430.297363 0.013479 
180400.000000 2430.297363 0.013472 
180500.000000 2430.297363 0.013464 
180600.000000 2429.896973 0.013455 
180700.000000 2431.796875 0.013458 
180800.000000 2434.796875 0.013467 
180900.000000 2436.696777 0.013470 
181000.000000 2439.696777 0.013479 
181100.000000 2439.696777 0.013472 
181200.000000 2442.596680 0.013480 
181300.000000 2443.596680 0.013478 
181400.000000 2444.895996 0.013478 
181500.000000 2445.795898 0.013475 
181600.000000 2448.795898 0.013485 
181700.000000 2450.795898 0.013488 
181800.000000 2451.595703 0.013485 
181900.000000 2452.595703 0.013483 
182000.000000 2452.095215 0.013473 
182100.000000 2451.895020 0.013465 
182200.000000 2451.895020 0.013457 
182300.000000 2452.594727 0.013454 
182400.000000 2452.494629 0.013446 
182500.000000 2452.394531 0.013438 
182600.000000 2452.194336 0.013429 
182700.000000 2451.894043 0.013420 
182800.000000 2451.894043 0.013413 
182900.000000 2451.693848 0.013405 
183000.000000 2451.493652 0.013396 
183100.000000 2451.993164 0.013392 
183200.000000 2452.993164 0.013390 
183300.000000 2452.993164 0.013382 
183400.000000 2452.792969 0.013374 
183500.000000 2452.692871 0.013366 
183600.000000 2452.292480 0.013357 
183700.000000 2451.992188 0.013348 
183800.000000 2451.691895 0.013339 
183900.000000 2451.491699 0.013331 
184000.000000 2452.391602 0.013328 
184100.000000 2450.589844 0.013311 
184200.000000 2451.589844 0.013309 
184300.000000 2453.489746 0.013312 
184400.000000 2453.489746 0.013305 
184500.000000 2455.389648 0.013308 
184600.000000 2456.389648 0.013307 
184700.000000 2456.389648 0.013299 
184800.000000 2457.289551 0.013297 
184900.000000 2458.189453 0.013295 
185000.000000 2459.089355 0.013292 
185100.000000 2460.089355 0.013291 
185200.000000 2461.089355 0.013289 
185300.000000 2462.089355 0.013287 
185400.000000 2462.089355 0.013280 
185500.000000 2461.989258 0.013272 
185600.000000 2461.889160 0.013264 
185700.000000 2461.688965 0.013256 
185800.000000 2460.988281 0.013245 
185900.000000 2460.988281 0.013238 
186000.000000 2460.587891 0.013229 
186100.000000 2460.587891 0.013222 
186200.000000 2460.587891 0.013215 
186300.000000 2461.187500 0.013211 
186400.000000 2461.187500 0.013204 
186500.000000 2462.187500 0.013202 
186600.000000 2462.187500 0.013195 
186700.000000 2462.187500 0.013188 
186800.000000 2461.786133 0.013179 
186900.000000 2462.385742 0.013175 
187000.000000 2461.785156 0.013165 
187100.000000 2462.785156 0.013163 
187200.000000 2464.685059 0.013166 
187300.000000 2465.685059 0.013164 
187400.000000 2466.685059 0.013163 
187500.000000 2467.884277 0.013162 
187600.000000 2468.884277 0.013160 
187700.000000 2469.884277 0.013159 
187800.000000 2470.884277 0.013157 
187900.000000 2473.784180 0.013165 
188000.000000 2474.784180 0.013164 
188100.000000 2475.684082 0.013162 
188200.000000 2476.684082 0.013160 
188300.000000 2477.483887 0.013157 
188400.000000 2480.483887 0.013166 
188500.000000 2481.483887 0.013164 
188600.000000 2482.483887 0.013163 
188700.000000 2483.383789 0.013160 
188800.000000 2483.883301 0.013156 
188900.000000 2483.883301 0.013149 
189000.000000 2485.883301 0.013153 
189100.000000 2486.883301 0.013151 
189200.000000 2488.883301 0.013155 
189300.000000 2491.883301 0.013164 
189400.000000 2492.883301 0.013162 
189500.000000 2493.783203 0.013160 
189600.000000 2495.783203 0.013163 
189700.000000 2496.783203 0.013162 
189800.000000 2498.783203 0.013165 
189900.000000 2500.783203 0.013169 
190000.000000 2502.783203 0.013173 
190100.000000 2504.683105 0.013176 
190200.000000 2508.482910 0.013189 
190300.000000 2509.282715 0.013186 
190400.000000 2510.282715 0.013184 
190500.000000 2512.282715 0.013188 
190600.000000 2514.282715 0.013191 
190700.000000 2515.282715 0.013190 
190800.000000 2516.282715 0.013188 
190900.000000 2519.282715 0.013197 
191000.000000 2521.282715 0.013200 
191100.000000 2523.282715 0.013204 
191200.000000 2526.182617 0.013212 
191300.000000 2530.182617 0.013226 
191400.000000 2532.082520 0.013229 
191500.000000 2535.082520 0.013238 
191600.000000 2539.082520 0.013252 
191700.000000 2543.082520 0.013266 
191800.000000 2545.082520 0.013269 
191900.000000 2547.082520 0.013273 
192000.000000 2549.082520 0.013276 
192100.000000 2550.082520 0.013275 
192200.000000 2551.082520 0.013273 
192300.000000 2551.082520 0.013266 
192400.000000 2550.982422 0.013259 
192500.000000 2553.982422 0.013267 
192600.000000 2555.982422 0.013271 
192700.000000 2556.882324 0.013269 
192800.000000 2557.682129 0.013266 
192900.000000 2558.682129 0.013264 
193000.000000 2558.682129 0.013257 
193100.000000 2559.682129 0.013256 
193200.000000 2560.682129 0.013254 
193300.000000 2561.582031 0.013252 
193400.000000 2563.582031 0.013255 
193500.000000 2564.582031 0.013254 
193600.000000 2567.582031 0.013262 
193700.000000 2569.582031 0.013266 
193800.000000 2571.481934 0.013269 
193900.000000 2572.481934 0.013267 
194000.000000 2574.481934 0.013271 
194100.000000 2577.481934 0.013279 
194200.000000 2578.481934 0.013277 
194300.000000 2579.481934 0.013276 
194400.000000 2581.381836 0.013279 
194500.000000 2582.381836 0.013277 
194600.000000 2586.381836 0.013291 
194700.000000 2588.381836 0.013294 
194800.000000 2590.381836 0.013298 
194900.000000 2591.381836 0.013296 
195000.000000 2595.381836 0.013310 
195100.000000 2597.381836 0.013313 
195200.000000 2599.381836 0.013317 
195300.000000 2600.381836 0.013315 
195400.000000 2602.381836 0.013318 
195500.000000 2603.381836 0.013317 
195600.000000 2604.381836 0.013315 
195700.000000 2604.081543 0.013306 
195800.000000 2606.081543 0.013310 
195900.000000 2609.081543 0.013318 
196000.000000 2610.081543 0.013317 
196100.000000 2611.081543 0.013315 
196200.000000 2613.081543 0.013318 
196300.000000 2616.081543 0.013327 
196400.000000 2617.081543 0.013325 
196500.000000 2618.081543 0.013324 
196600.000000 2618.981445 0.013321 
196700.000000 2619.981445 0.013320 
196800.000000 2620.981445 0.013318 
196900.000000 2624.981445 0.013332 
197000.000000 2625.881348 0.013329 
197100.000000 2628.781250 0.013337 
197200.000000 2631.781250 0.013346 
197300.000000 2633.781250 0.013349 
197400.000000 2634.781250 0.013347 
197500.000000 2637.781250 0.013356 
197600.000000 2640.681152 0.013364 
197700.000000 2642.581055 0.013367 
197800.000000 2644.581055 0.013370 
197900.000000 2645.581055 0.013368 
198000.000000 2645.581055 0.013362 
198100.000000 2646.380859 0.013359 
198200.000000 2647.380859 0.013357 
198300.000000 2648.380859 0.013355 
198400.000000 2648.280762 0.013348 
198500.000000 2648.280762 0.013341 
198600.000000 2649.180664 0.013339 
198700.000000 2649.180664 0.013333 
198800.000000 2651.180664 0.013336 
198900.000000 2654.180664 0.013344 
199000.000000 2655.180664 0.013343 
199100.000000 2657.180664 0.013346 
199200.000000 2659.180664 0.013349 
199300.000000 2660.180664 0.013348 
199400.000000 2660.980469 0.013345 
199500.000000 2663.980469 0.013353 
199600.000000 2663.880371 0.013346 
199700.000000 2664.880371 0.013344 
199800.000000 2664.780273 0.013337 
199900.000000 2665.680176 0.013335 
200000.000000 2667.379883 0.013337 
