0.000000 0.000000 21132.000000 
0.000000 1.000000 35777.000000 
0.000000 2.000000 18862.000000 
0.000000 3.000000 4354.000000 
0.000000 4.000000 1565.000000 
0.000000 5.000000 834.000000 
0.000000 6.000000 523.000000 
0.000000 7.000000 378.000000 
1.000000 0.000000 5168.000000 
1.000000 1.000000 6420.000000 
1.000000 2.000000 5474.000000 
1.000000 3.000000 1762.000000 
1.000000 4.000000 820.000000 
1.000000 5.000000 513.000000 
1.000000 6.000000 394.000000 
1.000000 7.000000 281.000000 
2.000000 0.000000 1426.000000 
2.000000 1.000000 1634.000000 
2.000000 2.000000 2787.000000 
2.000000 3.000000 1983.000000 
2.000000 4.000000 541.000000 
2.000000 5.000000 357.000000 
2.000000 6.000000 342.000000 
2.000000 7.000000 283.000000 
3.000000 0.000000 589.000000 
3.000000 1.000000 626.000000 
3.000000 2.000000 1151.000000 
3.000000 3.000000 2210.000000 
3.000000 4.000000 746.000000 
3.000000 5.000000 370.000000 
3.000000 6.000000 310.000000 
3.000000 7.000000 268.000000 
4.000000 0.000000 410.000000 
4.000000 1.000000 406.000000 
4.000000 2.000000 581.000000 
4.000000 3.000000 2172.000000 
4.000000 4.000000 2226.000000 
4.000000 5.000000 683.000000 
4.000000 6.000000 415.000000 
4.000000 7.000000 317.000000 
5.000000 0.000000 475.000000 
5.000000 1.000000 396.000000 
5.000000 2.000000 460.000000 
5.000000 3.000000 966.000000 
5.000000 4.000000 2691.000000 
5.000000 5.000000 2061.000000 
5.000000 6.000000 1297.000000 
5.000000 7.000000 353.000000 
6.000000 0.000000 709.000000 
6.000000 1.000000 370.000000 
6.000000 2.000000 391.000000 
6.000000 3.000000 605.000000 
6.000000 4.000000 2452.000000 
6.000000 5.000000 4498.000000 
6.000000 6.000000 7648.000000 
6.000000 7.000000 1059.000000 
7.000000 0.000000 715.000000 
7.000000 1.000000 357.000000 
7.000000 2.000000 342.000000 
7.000000 3.000000 571.000000 
7.000000 4.000000 2513.000000 
7.000000 5.000000 10614.000000 
7.000000 6.000000 29631.000000 
7.000000 7.000000 1736.000000 
