0.000000 0.000000 4857.000000 
0.000000 1.000000 9357.000000 
0.000000 2.000000 10261.000000 
0.000000 3.000000 3148.000000 
0.000000 4.000000 1292.000000 
0.000000 5.000000 766.000000 
0.000000 6.000000 380.000000 
0.000000 7.000000 282.000000 
1.000000 0.000000 2377.000000 
1.000000 1.000000 3289.000000 
1.000000 2.000000 6501.000000 
1.000000 3.000000 2129.000000 
1.000000 4.000000 781.000000 
1.000000 5.000000 441.000000 
1.000000 6.000000 259.000000 
1.000000 7.000000 226.000000 
2.000000 0.000000 926.000000 
2.000000 1.000000 1398.000000 
2.000000 2.000000 4895.000000 
2.000000 3.000000 3611.000000 
2.000000 4.000000 731.000000 
2.000000 5.000000 330.000000 
2.000000 6.000000 259.000000 
2.000000 7.000000 227.000000 
3.000000 0.000000 490.000000 
3.000000 1.000000 758.000000 
3.000000 2.000000 2704.000000 
3.000000 3.000000 4720.000000 
3.000000 4.000000 1432.000000 
3.000000 5.000000 509.000000 
3.000000 6.000000 347.000000 
3.000000 7.000000 297.000000 
4.000000 0.000000 346.000000 
4.000000 1.000000 430.000000 
4.000000 2.000000 1130.000000 
4.000000 3.000000 4512.000000 
4.000000 4.000000 4465.000000 
4.000000 5.000000 1337.000000 
4.000000 6.000000 645.000000 
4.000000 7.000000 423.000000 
5.000000 0.000000 370.000000 
5.000000 1.000000 383.000000 
5.000000 2.000000 653.000000 
5.000000 3.000000 1782.000000 
5.000000 4.000000 5085.000000 
5.000000 5.000000 3956.000000 
5.000000 6.000000 2213.000000 
5.000000 7.000000 781.000000 
6.000000 0.000000 488.000000 
6.000000 1.000000 322.000000 
6.000000 2.000000 442.000000 
6.000000 3.000000 982.000000 
6.000000 4.000000 3878.000000 
6.000000 5.000000 7816.000000 
6.000000 6.000000 10570.000000 
6.000000 7.000000 1872.000000 
7.000000 0.000000 379.000000 
7.000000 1.000000 290.000000 
7.000000 2.000000 357.000000 
7.000000 3.000000 715.000000 
7.000000 4.000000 3233.000000 
7.000000 5.000000 17585.000000 
7.000000 6.000000 48919.000000 
7.000000 7.000000 3661.000000 
