100.000000 -1.500000 -0.015000 
200.000000 -3.999998 -0.020000 
300.000000 -5.799997 -0.019333 
400.000000 -7.399995 -0.018500 
500.000000 -8.099995 -0.016200 
600.000000 -8.799997 -0.014667 
700.000000 -10.600004 -0.015143 
800.000000 -11.800009 -0.014750 
900.000000 -12.800013 -0.014222 
1000.000000 -13.300018 -0.013300 
1100.000000 -13.800020 -0.012545 
1200.000000 -14.800024 -0.012333 
1300.000000 -16.500031 -0.012692 
1400.000000 -18.000036 -0.012857 
1500.000000 -19.700043 -0.013133 
1600.000000 -20.000044 -0.012500 
1700.000000 -21.200048 -0.012471 
1800.000000 -22.500053 -0.012500 
1900.000000 -23.400061 -0.012316 
2000.000000 -24.800066 -0.012400 
2100.000000 -26.700073 -0.012714 
2200.000000 -26.600077 -0.012091 
2300.000000 -28.600084 -0.012435 
2400.000000 -29.800089 -0.012417 
2500.000000 -30.800093 -0.012320 
2600.000000 -31.800097 -0.012231 
2700.000000 -31.500088 -0.011667 
2800.000000 -31.900084 -0.011393 
2900.000000 -31.400084 -0.010828 
3000.000000 -32.700073 -0.010900 
3100.000000 -34.600044 -0.011161 
3200.000000 -35.400032 -0.011063 
3300.000000 -36.500015 -0.011061 
3400.000000 -37.699997 -0.011088 
3500.000000 -37.999977 -0.010857 
3600.000000 -38.499954 -0.010694 
3700.000000 -38.899933 -0.010513 
3800.000000 -39.599907 -0.010421 
3900.000000 -40.299881 -0.010333 
4000.000000 -41.299866 -0.010325 
4100.000000 -41.299850 -0.010073 
4200.000000 -41.699844 -0.009929 
4300.000000 -43.199821 -0.010046 
4400.000000 -44.199806 -0.010045 
4500.000000 -45.299789 -0.010067 
4600.000000 -47.199760 -0.010261 
4700.000000 -47.199745 -0.010042 
4800.000000 -48.399727 -0.010083 
4900.000000 -49.299698 -0.010061 
5000.000000 -49.999687 -0.010000 
5100.000000 -50.699677 -0.009941 
5200.000000 -50.699661 -0.009750 
5300.000000 -50.999641 -0.009623 
5400.000000 -52.999611 -0.009815 
5500.000000 -52.999596 -0.009636 
5600.000000 -54.199577 -0.009678 
5700.000000 -55.499557 -0.009737 
5800.000000 -56.899536 -0.009810 
5900.000000 -56.899521 -0.009644 
6000.000000 -58.799492 -0.009800 
6100.000000 -59.699478 -0.009787 
6200.000000 -60.599464 -0.009774 
6300.000000 -62.699432 -0.009952 
6400.000000 -63.499405 -0.009922 
6500.000000 -65.699371 -0.010108 
6600.000000 -65.899353 -0.009985 
6700.000000 -67.399330 -0.010060 
6800.000000 -67.199318 -0.009882 
6900.000000 -68.199303 -0.009884 
7000.000000 -69.299286 -0.009900 
7100.000000 -70.699265 -0.009958 
7200.000000 -71.699249 -0.009958 
7300.000000 -71.799248 -0.009836 
7400.000000 -73.399223 -0.009919 
7500.000000 -74.199211 -0.009893 
7600.000000 -73.999199 -0.009737 
7700.000000 -76.099167 -0.009883 
7800.000000 -77.599144 -0.009949 
7900.000000 -77.699127 -0.009835 
8000.000000 -78.199120 -0.009775 
8100.000000 -78.699112 -0.009716 
8200.000000 -80.299088 -0.009793 
8300.000000 -80.899078 -0.009747 
8400.000000 -81.899063 -0.009750 
8500.000000 -82.499054 -0.009706 
8600.000000 -83.299042 -0.009686 
8700.000000 -84.299026 -0.009690 
8800.000000 -84.899002 -0.009648 
8900.000000 -85.798988 -0.009640 
9000.000000 -86.698975 -0.009633 
9100.000000 -88.398949 -0.009714 
9200.000000 -87.898941 -0.009554 
9300.000000 -88.998924 -0.009570 
9400.000000 -89.898911 -0.009564 
9500.000000 -90.898895 -0.009568 
9600.000000 -91.798882 -0.009562 
9700.000000 -92.198860 -0.009505 
9800.000000 -92.998848 -0.009490 
9900.000000 -94.198830 -0.009515 
10000.000000 -94.898804 -0.009490 
10100.000000 -94.298798 -0.009337 
10200.000000 -94.998787 -0.009314 
10300.000000 -94.898773 -0.009213 
10400.000000 -95.498749 -0.009183 
10500.000000 -95.598732 -0.009105 
10600.000000 -95.698715 -0.009028 
10700.000000 -97.098694 -0.009075 
10800.000000 -97.598686 -0.009037 
10900.000000 -98.398674 -0.009027 
11000.000000 -98.998650 -0.009000 
11100.000000 -98.598640 -0.008883 
11200.000000 -99.498627 -0.008884 
11300.000000 -98.898605 -0.008752 
11400.000000 -99.098602 -0.008693 
11500.000000 -98.598595 -0.008574 
11600.000000 -99.298569 -0.008560 
11700.000000 -99.298569 -0.008487 
11800.000000 -99.498550 -0.008432 
11900.000000 -99.298538 -0.008344 
12000.000000 -100.198524 -0.008350 
12100.000000 -100.998512 -0.008347 
12200.000000 -102.198494 -0.008377 
12300.000000 -102.998482 -0.008374 
12400.000000 -103.998466 -0.008387 
12500.000000 -104.998451 -0.008400 
12600.000000 -105.498444 -0.008373 
12700.000000 -105.898438 -0.008338 
12800.000000 -106.298416 -0.008305 
12900.000000 -107.598396 -0.008341 
13000.000000 -108.198387 -0.008323 
13100.000000 -109.598366 -0.008366 
13200.000000 -109.698364 -0.008310 
13300.000000 -110.398354 -0.008301 
13400.000000 -109.998344 -0.008209 
13500.000000 -110.598335 -0.008192 
13600.000000 -110.798332 -0.008147 
13700.000000 -110.598320 -0.008073 
13800.000000 -108.898315 -0.007891 
13900.000000 -110.098297 -0.007921 
14000.000000 -109.698288 -0.007836 
14100.000000 -109.798286 -0.007787 
14200.000000 -111.598259 -0.007859 
14300.000000 -110.898254 -0.007755 
14400.000000 -112.198235 -0.007792 
14500.000000 -112.798225 -0.007779 
14600.000000 -112.998222 -0.007740 
14700.000000 -113.998207 -0.007755 
14800.000000 -115.398186 -0.007797 
14900.000000 -117.298157 -0.007872 
15000.000000 -117.198143 -0.007813 
15100.000000 -116.898132 -0.007742 
15200.000000 -116.198128 -0.007645 
15300.000000 -116.798119 -0.007634 
15400.000000 -117.498108 -0.007630 
15500.000000 -117.898102 -0.007606 
15600.000000 -117.998085 -0.007564 
15700.000000 -117.998070 -0.007516 
15800.000000 -117.298065 -0.007424 
15900.000000 -117.398064 -0.007384 
16000.000000 -117.798058 -0.007362 
16100.000000 -117.598045 -0.007304 
16200.000000 -118.498032 -0.007315 
16300.000000 -118.398018 -0.007264 
16400.000000 -118.898010 -0.007250 
16500.000000 -119.098007 -0.007218 
16600.000000 -118.697998 -0.007150 
16700.000000 -117.997993 -0.007066 
16800.000000 -118.297989 -0.007042 
16900.000000 -119.097977 -0.007047 
17000.000000 -118.997963 -0.007000 
17100.000000 -119.797951 -0.007006 
17200.000000 -121.497925 -0.007064 
17300.000000 -121.397911 -0.007017 
17400.000000 -120.997902 -0.006954 
17500.000000 -121.197884 -0.006926 
17600.000000 -120.697876 -0.006858 
17700.000000 -121.397865 -0.006859 
17800.000000 -121.297852 -0.006814 
17900.000000 -120.297836 -0.006721 
18000.000000 -120.697830 -0.006705 
18100.000000 -122.097809 -0.006746 
18200.000000 -121.197807 -0.006659 
18300.000000 -120.597801 -0.006590 
18400.000000 -121.797783 -0.006619 
18500.000000 -122.897766 -0.006643 
18600.000000 -124.097748 -0.006672 
18700.000000 -123.797737 -0.006620 
18800.000000 -124.097733 -0.006601 
18900.000000 -124.697723 -0.006598 
19000.000000 -124.697708 -0.006563 
19100.000000 -125.297699 -0.006560 
19200.000000 -124.397697 -0.006479 
19300.000000 -125.697678 -0.006513 
19400.000000 -125.397667 -0.006464 
19500.000000 -125.597649 -0.006441 
19600.000000 -124.897644 -0.006372 
19700.000000 -124.897629 -0.006340 
19800.000000 -124.497620 -0.006288 
19900.000000 -123.597603 -0.006211 
20000.000000 -123.897598 -0.006195 
20100.000000 -123.897598 -0.006164 
20200.000000 -124.497589 -0.006163 
20300.000000 -125.397575 -0.006177 
20400.000000 -125.697571 -0.006162 
20500.000000 -126.997551 -0.006195 
20600.000000 -127.197548 -0.006175 
20700.000000 -127.397545 -0.006154 
20800.000000 -127.297531 -0.006120 
20900.000000 -127.997520 -0.006124 
21000.000000 -129.197586 -0.006152 
21100.000000 -129.297653 -0.006128 
21200.000000 -129.697678 -0.006118 
21300.000000 -127.497726 -0.005986 
21400.000000 -126.997719 -0.005934 
21500.000000 -127.897705 -0.005949 
21600.000000 -127.397713 -0.005898 
21700.000000 -127.697708 -0.005885 
21800.000000 -128.197708 -0.005881 
21900.000000 -128.397781 -0.005863 
22000.000000 -128.397781 -0.005836 
22100.000000 -128.497849 -0.005814 
22200.000000 -128.597855 -0.005793 
22300.000000 -128.597855 -0.005767 
22400.000000 -127.797867 -0.005705 
22500.000000 -127.797897 -0.005680 
22600.000000 -127.897896 -0.005659 
22700.000000 -127.397903 -0.005612 
22800.000000 -126.797897 -0.005561 
22900.000000 -127.597885 -0.005572 
23000.000000 -126.997879 -0.005522 
23100.000000 -126.997864 -0.005498 
23200.000000 -127.297859 -0.005487 
23300.000000 -127.397842 -0.005468 
23400.000000 -127.597824 -0.005453 
23500.000000 -127.597824 -0.005430 
23600.000000 -126.897820 -0.005377 
23700.000000 -127.897804 -0.005397 
23800.000000 -128.597839 -0.005403 
23900.000000 -128.697906 -0.005385 
24000.000000 -128.197937 -0.005342 
24100.000000 -127.597954 -0.005295 
24200.000000 -127.597954 -0.005273 
24300.000000 -127.697952 -0.005255 
24400.000000 -128.197952 -0.005254 
24500.000000 -128.397964 -0.005241 
24600.000000 -129.498032 -0.005264 
24700.000000 -128.798050 -0.005214 
24800.000000 -128.598083 -0.005185 
24900.000000 -129.698151 -0.005209 
25000.000000 -129.398193 -0.005176 
25100.000000 -128.598206 -0.005123 
25200.000000 -129.498260 -0.005139 
25300.000000 -128.998291 -0.005099 
25400.000000 -129.198303 -0.005087 
25500.000000 -128.498322 -0.005039 
25600.000000 -127.898331 -0.004996 
25700.000000 -127.098328 -0.004945 
25800.000000 -126.698318 -0.004911 
25900.000000 -127.098312 -0.004907 
26000.000000 -127.298309 -0.004896 
26100.000000 -128.498322 -0.004923 
26200.000000 -128.098312 -0.004889 
26300.000000 -128.298386 -0.004878 
26400.000000 -127.498390 -0.004829 
26500.000000 -126.598389 -0.004777 
26600.000000 -127.698372 -0.004801 
26700.000000 -127.798370 -0.004786 
26800.000000 -126.698357 -0.004728 
26900.000000 -127.198349 -0.004729 
27000.000000 -127.398346 -0.004718 
27100.000000 -128.498367 -0.004742 
27200.000000 -127.298401 -0.004680 
27300.000000 -127.398399 -0.004667 
27400.000000 -126.498398 -0.004617 
27500.000000 -126.398384 -0.004596 
27600.000000 -125.698380 -0.004554 
27700.000000 -126.298370 -0.004560 
27800.000000 -126.298370 -0.004543 
27900.000000 -126.398369 -0.004530 
28000.000000 -126.798363 -0.004529 
28100.000000 -127.398354 -0.004534 
28200.000000 -127.898346 -0.004535 
28300.000000 -129.198410 -0.004565 
28400.000000 -129.298416 -0.004553 
28500.000000 -128.898453 -0.004523 
28600.000000 -129.198471 -0.004517 
28700.000000 -129.298538 -0.004505 
28800.000000 -128.698563 -0.004469 
28900.000000 -128.998581 -0.004464 
29000.000000 -128.098587 -0.004417 
29100.000000 -128.398605 -0.004412 
29200.000000 -129.198654 -0.004425 
29300.000000 -127.498672 -0.004351 
29400.000000 -126.098663 -0.004289 
29500.000000 -127.298645 -0.004315 
29600.000000 -126.998634 -0.004290 
29700.000000 -127.798622 -0.004303 
29800.000000 -128.698715 -0.004319 
29900.000000 -128.198746 -0.004288 
30000.000000 -128.798782 -0.004293 
30100.000000 -127.298813 -0.004229 
30200.000000 -126.598808 -0.004192 
30300.000000 -126.498795 -0.004175 
30400.000000 -126.098785 -0.004148 
30500.000000 -126.098785 -0.004134 
30600.000000 -126.398781 -0.004131 
30700.000000 -126.198769 -0.004111 
30800.000000 -125.998756 -0.004091 
30900.000000 -125.198753 -0.004052 
31000.000000 -125.198753 -0.004039 
31100.000000 -124.598747 -0.004006 
31200.000000 -124.098740 -0.003978 
31300.000000 -123.198738 -0.003936 
31400.000000 -123.398735 -0.003930 
31500.000000 -121.798729 -0.003867 
31600.000000 -121.198723 -0.003835 
31700.000000 -120.298721 -0.003795 
31800.000000 -120.598717 -0.003792 
31900.000000 -121.498703 -0.003809 
32000.000000 -120.598701 -0.003769 
32100.000000 -120.498688 -0.003754 
32200.000000 -119.898682 -0.003724 
32300.000000 -120.098679 -0.003718 
32400.000000 -120.598656 -0.003722 
32500.000000 -120.198647 -0.003698 
32600.000000 -120.098633 -0.003684 
32700.000000 -119.298630 -0.003648 
32800.000000 -119.998619 -0.003658 
32900.000000 -120.298615 -0.003656 
33000.000000 -120.498611 -0.003651 
33100.000000 -119.898605 -0.003622 
33200.000000 -120.398598 -0.003626 
33300.000000 -120.598595 -0.003622 
33400.000000 -119.998589 -0.003593 
33500.000000 -119.098587 -0.003555 
33600.000000 -119.198586 -0.003548 
33700.000000 -119.498566 -0.003546 
33800.000000 -117.598564 -0.003479 
33900.000000 -118.198555 -0.003487 
34000.000000 -117.498550 -0.003456 
34100.000000 -116.598534 -0.003419 
34200.000000 -115.298523 -0.003371 
34300.000000 -114.998512 -0.003353 
34400.000000 -115.398506 -0.003355 
34500.000000 -114.598503 -0.003322 
34600.000000 -114.798485 -0.003318 
34700.000000 -113.998482 -0.003285 
34800.000000 -113.598473 -0.003264 
34900.000000 -113.898468 -0.003264 
35000.000000 -113.198463 -0.003234 
35100.000000 -113.098450 -0.003222 
35200.000000 -112.598442 -0.003199 
35300.000000 -112.998436 -0.003201 
35400.000000 -111.998436 -0.003164 
35500.000000 -112.398430 -0.003166 
35600.000000 -111.498428 -0.003132 
35700.000000 -110.498428 -0.003095 
35800.000000 -110.498428 -0.003087 
35900.000000 -110.898422 -0.003089 
36000.000000 -110.198418 -0.003061 
36100.000000 -109.198418 -0.003025 
36200.000000 -108.198402 -0.002989 
36300.000000 -107.598396 -0.002964 
36400.000000 -107.998390 -0.002967 
36500.000000 -107.698364 -0.002951 
36600.000000 -108.298355 -0.002959 
36700.000000 -107.598351 -0.002932 
36800.000000 -107.498337 -0.002921 
36900.000000 -107.598320 -0.002916 
37000.000000 -107.098312 -0.002895 
37100.000000 -106.998299 -0.002884 
37200.000000 -107.298279 -0.002884 
37300.000000 -106.898270 -0.002866 
37400.000000 -106.098267 -0.002837 
37500.000000 -106.598259 -0.002843 
37600.000000 -105.598259 -0.002808 
37700.000000 -105.098251 -0.002788 
37800.000000 -104.298248 -0.002759 
37900.000000 -105.198219 -0.002776 
38000.000000 -105.398216 -0.002774 
38100.000000 -104.998207 -0.002756 
38200.000000 -104.198204 -0.002728 
38300.000000 -104.498199 -0.002728 
38400.000000 -103.798195 -0.002703 
38500.000000 -103.498184 -0.002688 
38600.000000 -104.098175 -0.002697 
38700.000000 -103.198174 -0.002667 
38800.000000 -102.398170 -0.002639 
38900.000000 -102.598167 -0.002637 
39000.000000 -102.898163 -0.002638 
39100.000000 -102.598152 -0.002624 
39200.000000 -101.698135 -0.002594 
39300.000000 -101.298126 -0.002578 
39400.000000 -100.498123 -0.002551 
39500.000000 -98.898117 -0.002504 
39600.000000 -98.898117 -0.002497 
39700.000000 -98.998116 -0.002494 
39800.000000 -99.498108 -0.002500 
39900.000000 -98.898102 -0.002479 
40000.000000 -98.198097 -0.002455 
40100.000000 -96.598091 -0.002409 
40200.000000 -96.898087 -0.002410 
40300.000000 -97.398079 -0.002417 
40400.000000 -96.798073 -0.002396 
40500.000000 -96.898071 -0.002393 
40600.000000 -97.398064 -0.002399 
40700.000000 -97.998055 -0.002408 
40800.000000 -96.798042 -0.002373 
40900.000000 -95.998039 -0.002347 
41000.000000 -95.098038 -0.002319 
41100.000000 -95.198036 -0.002316 
41200.000000 -94.398033 -0.002291 
41300.000000 -94.598030 -0.002291 
41400.000000 -95.198021 -0.002299 
41500.000000 -95.998009 -0.002313 
41600.000000 -94.697998 -0.002276 
41700.000000 -93.697998 -0.002247 
41800.000000 -94.097992 -0.002251 
41900.000000 -94.097992 -0.002246 
42000.000000 -93.697983 -0.002231 
42100.000000 -93.197975 -0.002214 
42200.000000 -92.697952 -0.002197 
42300.000000 -92.697952 -0.002191 
42400.000000 -91.997948 -0.002170 
42500.000000 -92.097946 -0.002167 
42600.000000 -92.397942 -0.002169 
42700.000000 -91.597939 -0.002145 
42800.000000 -91.897934 -0.002147 
42900.000000 -91.897934 -0.002142 
43000.000000 -92.197929 -0.002144 
43100.000000 -91.797920 -0.002130 
43200.000000 -91.297913 -0.002113 
43300.000000 -91.397911 -0.002111 
43400.000000 -91.997902 -0.002120 
43500.000000 -92.297897 -0.002122 
43600.000000 -91.597893 -0.002101 
43700.000000 -91.897888 -0.002103 
43800.000000 -90.197884 -0.002059 
43900.000000 -90.497864 -0.002061 
44000.000000 -90.397850 -0.002054 
44100.000000 -89.797844 -0.002036 
44200.000000 -89.897842 -0.002034 
44300.000000 -90.497833 -0.002043 
44400.000000 -89.597832 -0.002018 
44500.000000 -88.697830 -0.001993 
44600.000000 -88.797829 -0.001991 
44700.000000 -89.097824 -0.001993 
44800.000000 -88.097824 -0.001966 
44900.000000 -86.897812 -0.001935 
45000.000000 -84.997810 -0.001889 
45100.000000 -84.197807 -0.001867 
45200.000000 -84.197807 -0.001863 
45300.000000 -83.597801 -0.001845 
45400.000000 -82.897797 -0.001826 
45500.000000 -83.297791 -0.001831 
45600.000000 -83.497787 -0.001831 
45700.000000 -83.297775 -0.001823 
45800.000000 -83.497772 -0.001823 
45900.000000 -82.897766 -0.001806 
46000.000000 -82.097763 -0.001785 
46100.000000 -81.697754 -0.001772 
46200.000000 -81.697754 -0.001768 
46300.000000 -81.897751 -0.001769 
46400.000000 -81.097748 -0.001748 
46500.000000 -80.597740 -0.001733 
46600.000000 -80.797737 -0.001734 
46700.000000 -81.297729 -0.001741 
46800.000000 -80.397728 -0.001718 
46900.000000 -80.597725 -0.001719 
47000.000000 -80.097717 -0.001704 
47100.000000 -80.497711 -0.001709 
47200.000000 -80.897690 -0.001714 
47300.000000 -79.297684 -0.001676 
47400.000000 -78.297684 -0.001652 
47500.000000 -78.697678 -0.001657 
47600.000000 -76.997673 -0.001618 
47700.000000 -76.097672 -0.001595 
47800.000000 -76.097672 -0.001592 
47900.000000 -76.697662 -0.001601 
48000.000000 -75.797661 -0.001579 
48100.000000 -76.497650 -0.001590 
48200.000000 -75.097641 -0.001558 
48300.000000 -75.897629 -0.001571 
48400.000000 -75.897629 -0.001568 
48500.000000 -75.397621 -0.001555 
48600.000000 -75.497620 -0.001553 
48700.000000 -73.697617 -0.001513 
48800.000000 -72.697617 -0.001490 
48900.000000 -71.997612 -0.001472 
49000.000000 -72.197594 -0.001473 
49100.000000 -71.597588 -0.001458 
49200.000000 -70.097580 -0.001425 
49300.000000 -69.297577 -0.001406 
49400.000000 -68.597572 -0.001389 
49500.000000 -67.897568 -0.001372 
49600.000000 -67.097565 -0.001353 
49700.000000 -66.297562 -0.001334 
49800.000000 -65.497559 -0.001315 
49900.000000 -65.497559 -0.001313 
50000.000000 -64.097549 -0.001282 
50100.000000 -63.597542 -0.001269 
50200.000000 -61.697540 -0.001229 
50300.000000 -60.697540 -0.001207 
50400.000000 -60.797539 -0.001206 
50500.000000 -59.497528 -0.001178 
50600.000000 -59.597527 -0.001178 
50700.000000 -58.797523 -0.001160 
50800.000000 -57.997520 -0.001142 
50900.000000 -56.997520 -0.001120 
51000.000000 -55.197517 -0.001082 
51100.000000 -53.597511 -0.001049 
51200.000000 -53.897491 -0.001053 
51300.000000 -52.997490 -0.001033 
51400.000000 -52.097488 -0.001014 
51500.000000 -50.297485 -0.000977 
51600.000000 -49.297485 -0.000955 
51700.000000 -49.397484 -0.000955 
51800.000000 -50.697464 -0.000979 
51900.000000 -48.797462 -0.000940 
52000.000000 -48.797462 -0.000938 
52100.000000 -48.197456 -0.000925 
52200.000000 -47.897446 -0.000918 
52300.000000 -46.597435 -0.000891 
52400.000000 -45.997429 -0.000878 
52500.000000 -46.297424 -0.000882 
52600.000000 -45.597420 -0.000867 
52700.000000 -44.797417 -0.000850 
52800.000000 -45.297409 -0.000858 
52900.000000 -45.297409 -0.000856 
53000.000000 -44.397408 -0.000838 
53100.000000 -43.797401 -0.000825 
53200.000000 -42.497391 -0.000799 
53300.000000 -40.597389 -0.000762 
53400.000000 -40.597389 -0.000760 
53500.000000 -39.997368 -0.000748 
53600.000000 -39.997368 -0.000746 
53700.000000 -38.997368 -0.000726 
53800.000000 -37.597359 -0.000699 
53900.000000 -35.997353 -0.000668 
54000.000000 -35.497345 -0.000657 
54100.000000 -36.397331 -0.000673 
54200.000000 -35.097321 -0.000648 
54300.000000 -34.297318 -0.000632 
54400.000000 -33.897308 -0.000623 
54500.000000 -34.397301 -0.000631 
54600.000000 -33.297287 -0.000610 
54700.000000 -32.497284 -0.000594 
54800.000000 -32.497284 -0.000593 
54900.000000 -32.197273 -0.000586 
55000.000000 -31.397274 -0.000571 
55100.000000 -30.797276 -0.000559 
55200.000000 -32.097279 -0.000581 
55300.000000 -31.497278 -0.000570 
55400.000000 -30.997280 -0.000560 
55500.000000 -30.597282 -0.000551 
55600.000000 -29.797283 -0.000536 
55700.000000 -29.597286 -0.000531 
55800.000000 -29.797287 -0.000534 
55900.000000 -28.897287 -0.000517 
56000.000000 -29.097288 -0.000520 
56100.000000 -28.297289 -0.000504 
56200.000000 -27.597290 -0.000491 
56300.000000 -27.597290 -0.000490 
56400.000000 -27.197292 -0.000482 
56500.000000 -25.797295 -0.000457 
56600.000000 -25.097296 -0.000443 
56700.000000 -22.697298 -0.000400 
56800.000000 -21.897299 -0.000386 
56900.000000 -22.097300 -0.000388 
57000.000000 -22.297300 -0.000391 
57100.000000 -21.497301 -0.000376 
57200.000000 -20.697302 -0.000362 
57300.000000 -20.797302 -0.000363 
57400.000000 -18.997303 -0.000331 
57500.000000 -16.997303 -0.000296 
57600.000000 -16.497305 -0.000286 
57700.000000 -16.597305 -0.000288 
57800.000000 -14.897306 -0.000258 
57900.000000 -13.497309 -0.000233 
58000.000000 -12.597309 -0.000217 
58100.000000 -11.797310 -0.000203 
58200.000000 -11.297312 -0.000194 
58300.000000 -11.297312 -0.000194 
58400.000000 -11.797314 -0.000202 
58500.000000 -11.197315 -0.000191 
58600.000000 -11.197315 -0.000191 
58700.000000 -10.797318 -0.000184 
58800.000000 -9.797318 -0.000167 
58900.000000 -8.797318 -0.000149 
59000.000000 -7.997318 -0.000136 
59100.000000 -8.197319 -0.000139 
59200.000000 -7.597320 -0.000128 
59300.000000 -6.897320 -0.000116 
59400.000000 -6.997320 -0.000118 
59500.000000 -6.397319 -0.000108 
59600.000000 -5.397319 -0.000091 
59700.000000 -4.697319 -0.000079 
59800.000000 -4.697319 -0.000079 
59900.000000 -3.797319 -0.000063 
60000.000000 -3.097319 -0.000052 
60100.000000 -1.697318 -0.000028 
60200.000000 -1.697318 -0.000028 
60300.000000 -0.397318 -0.000007 
60400.000000 0.302682 0.000005 
60500.000000 0.102682 0.000002 
60600.000000 1.602682 0.000026 
60700.000000 2.402682 0.000040 
60800.000000 2.402682 0.000040 
60900.000000 3.102682 0.000051 
61000.000000 3.902682 0.000064 
61100.000000 4.602683 0.000075 
61200.000000 4.602683 0.000075 
61300.000000 5.202683 0.000085 
61400.000000 5.202683 0.000085 
61500.000000 6.002683 0.000098 
61600.000000 6.002683 0.000097 
61700.000000 6.802683 0.000110 
61800.000000 6.502684 0.000105 
61900.000000 7.502684 0.000121 
62000.000000 8.602684 0.000139 
62100.000000 8.402683 0.000135 
62200.000000 9.402683 0.000151 
62300.000000 9.202682 0.000148 
62400.000000 10.102682 0.000162 
62500.000000 12.002682 0.000192 
62600.000000 12.202679 0.000195 
62700.000000 13.102678 0.000209 
62800.000000 14.402676 0.000229 
62900.000000 13.902674 0.000221 
63000.000000 14.402672 0.000229 
63100.000000 15.902670 0.000252 
63200.000000 15.302668 0.000242 
63300.000000 16.302668 0.000258 
63400.000000 16.202667 0.000256 
63500.000000 17.002666 0.000268 
63600.000000 17.002666 0.000267 
63700.000000 17.002666 0.000267 
63800.000000 17.002666 0.000266 
63900.000000 17.702665 0.000277 
64000.000000 18.702665 0.000292 
64100.000000 19.602665 0.000306 
64200.000000 20.602665 0.000321 
64300.000000 20.602665 0.000320 
64400.000000 20.602665 0.000320 
64500.000000 22.102663 0.000343 
64600.000000 23.002663 0.000356 
64700.000000 24.002663 0.000371 
64800.000000 24.002663 0.000370 
64900.000000 25.802662 0.000398 
65000.000000 26.302660 0.000405 
65100.000000 27.202660 0.000418 
65200.000000 28.202660 0.000433 
65300.000000 27.902658 0.000427 
65400.000000 27.702658 0.000424 
65500.000000 29.202656 0.000446 
65600.000000 30.702654 0.000468 
65700.000000 31.602654 0.000481 
65800.000000 31.602654 0.000480 
65900.000000 32.502655 0.000493 
66000.000000 33.302658 0.000505 
66100.000000 32.602669 0.000493 
66200.000000 33.302673 0.000503 
66300.000000 34.102676 0.000514 
66400.000000 34.002678 0.000512 
66500.000000 34.802681 0.000523 
66600.000000 35.802681 0.000538 
66700.000000 35.502686 0.000532 
66800.000000 36.402687 0.000545 
66900.000000 37.102692 0.000555 
67000.000000 38.002693 0.000567 
67100.000000 38.902695 0.000580 
67200.000000 40.602699 0.000604 
67300.000000 41.802711 0.000621 
67400.000000 41.702713 0.000619 
67500.000000 41.302719 0.000612 
67600.000000 41.702728 0.000617 
67700.000000 42.502731 0.000628 
67800.000000 43.102737 0.000636 
67900.000000 42.802742 0.000630 
68000.000000 44.502747 0.000654 
68100.000000 46.002754 0.000676 
68200.000000 45.702759 0.000670 
68300.000000 46.602760 0.000682 
68400.000000 47.402763 0.000693 
68500.000000 48.402763 0.000707 
68600.000000 49.302765 0.000719 
68700.000000 49.102768 0.000715 
68800.000000 49.502777 0.000720 
68900.000000 50.802788 0.000737 
69000.000000 51.602791 0.000748 
69100.000000 53.002800 0.000767 
69200.000000 53.802803 0.000777 
69300.000000 55.602806 0.000802 
69400.000000 55.202812 0.000795 
69500.000000 55.002815 0.000791 
69600.000000 55.002815 0.000790 
69700.000000 55.802818 0.000801 
69800.000000 57.302826 0.000821 
69900.000000 58.302826 0.000834 
70000.000000 60.102829 0.000859 
70100.000000 60.802834 0.000867 
70200.000000 61.802834 0.000880 
70300.000000 62.402840 0.000888 
70400.000000 63.002846 0.000895 
70500.000000 63.702850 0.000904 
70600.000000 64.602852 0.000915 
70700.000000 65.502853 0.000926 
70800.000000 66.002861 0.000932 
70900.000000 66.602867 0.000939 
71000.000000 66.302872 0.000934 
71100.000000 67.202873 0.000945 
71200.000000 68.102875 0.000957 
71300.000000 68.402885 0.000959 
71400.000000 69.002892 0.000966 
71500.000000 69.802895 0.000976 
71600.000000 70.702896 0.000987 
71700.000000 71.602898 0.000999 
71800.000000 71.402901 0.000994 
71900.000000 71.902908 0.001000 
72000.000000 72.102921 0.001001 
72100.000000 73.102921 0.001014 
72200.000000 73.902924 0.001024 
72300.000000 74.702927 0.001033 
72400.000000 75.602928 0.001044 
72500.000000 76.402931 0.001054 
72600.000000 77.202934 0.001063 
72700.000000 78.002937 0.001073 
72800.000000 78.902939 0.001084 
72900.000000 79.802940 0.001095 
73000.000000 79.702942 0.001092 
73100.000000 79.702942 0.001090 
73200.000000 79.602943 0.001087 
73300.000000 81.402946 0.001111 
73400.000000 82.702957 0.001127 
73500.000000 82.702957 0.001125 
73600.000000 83.402962 0.001133 
73700.000000 83.202965 0.001129 
73800.000000 83.002968 0.001125 
73900.000000 82.802971 0.001120 
74000.000000 83.802971 0.001132 
74100.000000 83.302979 0.001124 
74200.000000 84.202980 0.001135 
74300.000000 84.402992 0.001136 
74400.000000 84.803001 0.001140 
74500.000000 84.803001 0.001138 
74600.000000 84.803001 0.001137 
74700.000000 84.403023 0.001130 
74800.000000 86.803032 0.001160 
74900.000000 86.103043 0.001150 
75000.000000 87.003044 0.001160 
75100.000000 88.703049 0.001181 
75200.000000 89.603050 0.001192 
75300.000000 91.103058 0.001210 
75400.000000 92.603065 0.001228 
75500.000000 93.003075 0.001232 
75600.000000 93.003075 0.001230 
75700.000000 94.003075 0.001242 
75800.000000 94.803078 0.001251 
75900.000000 95.303085 0.001256 
76000.000000 96.803093 0.001274 
76100.000000 97.803093 0.001285 
76200.000000 98.603096 0.001294 
76300.000000 99.403099 0.001303 
76400.000000 101.303101 0.001326 
76500.000000 103.103104 0.001348 
76600.000000 104.103104 0.001359 
76700.000000 105.003105 0.001369 
76800.000000 106.603111 0.001388 
76900.000000 107.903122 0.001403 
77000.000000 109.903137 0.001427 
77100.000000 110.703156 0.001436 
77200.000000 111.703156 0.001447 
77300.000000 113.603157 0.001470 
77400.000000 114.803169 0.001483 
77500.000000 116.703171 0.001506 
77600.000000 117.003181 0.001508 
77700.000000 118.803185 0.001529 
77800.000000 119.303192 0.001533 
77900.000000 121.203194 0.001556 
78000.000000 123.103195 0.001578 
78100.000000 125.003197 0.001601 
78200.000000 125.903198 0.001610 
78300.000000 126.703201 0.001618 
78400.000000 127.103210 0.001621 
78500.000000 128.103210 0.001632 
78600.000000 127.903206 0.001627 
78700.000000 128.703217 0.001635 
78800.000000 128.603210 0.001632 
78900.000000 128.303192 0.001626 
79000.000000 128.603180 0.001628 
79100.000000 128.603180 0.001626 
79200.000000 128.603180 0.001624 
79300.000000 129.303162 0.001631 
79400.000000 130.103149 0.001639 
79500.000000 131.103149 0.001649 
79600.000000 131.903137 0.001657 
79700.000000 132.903137 0.001668 
79800.000000 134.503113 0.001686 
79900.000000 136.303101 0.001706 
80000.000000 138.003082 0.001725 
80100.000000 141.003082 0.001760 
80200.000000 141.903076 0.001769 
80300.000000 141.502991 0.001762 
80400.000000 141.402985 0.001759 
80500.000000 142.902954 0.001775 
80600.000000 144.402924 0.001792 
80700.000000 146.402924 0.001814 
80800.000000 148.302917 0.001835 
80900.000000 150.302917 0.001858 
81000.000000 152.202911 0.001879 
81100.000000 154.202911 0.001901 
81200.000000 154.902893 0.001908 
81300.000000 156.502869 0.001925 
81400.000000 157.302856 0.001932 
81500.000000 158.102844 0.001940 
81600.000000 158.002838 0.001936 
81700.000000 159.002838 0.001946 
81800.000000 160.002838 0.001956 
81900.000000 161.602814 0.001973 
82000.000000 164.402802 0.002005 
82100.000000 164.302795 0.002001 
82200.000000 166.202789 0.002022 
82300.000000 167.902771 0.002040 
82400.000000 168.902771 0.002050 
82500.000000 169.002716 0.002049 
82600.000000 169.002716 0.002046 
82700.000000 169.602692 0.002051 
82800.000000 171.202667 0.002068 
82900.000000 172.802643 0.002084 
83000.000000 173.702637 0.002093 
83100.000000 174.902588 0.002105 
83200.000000 175.602570 0.002111 
83300.000000 177.602570 0.002132 
83400.000000 178.602570 0.002142 
83500.000000 178.302551 0.002135 
83600.000000 180.002533 0.002153 
83700.000000 181.902527 0.002173 
83800.000000 182.702515 0.002180 
83900.000000 183.602509 0.002188 
84000.000000 185.402496 0.002207 
84100.000000 186.402496 0.002216 
84200.000000 187.202484 0.002223 
84300.000000 186.902466 0.002217 
84400.000000 188.702454 0.002236 
84500.000000 189.602448 0.002244 
84600.000000 191.502441 0.002264 
84700.000000 193.402435 0.002283 
84800.000000 193.202423 0.002278 
84900.000000 194.602386 0.002292 
85000.000000 196.502380 0.002312 
85100.000000 198.302368 0.002330 
85200.000000 199.102356 0.002337 
85300.000000 199.902344 0.002344 
85400.000000 201.502319 0.002360 
85500.000000 203.502319 0.002380 
85600.000000 206.202301 0.002409 
85700.000000 209.202301 0.002441 
85800.000000 211.202301 0.002462 
85900.000000 212.102295 0.002469 
86000.000000 214.102295 0.002490 
86100.000000 215.902283 0.002508 
86200.000000 217.602264 0.002524 
86300.000000 218.502258 0.002532 
86400.000000 223.002228 0.002581 
86500.000000 223.902222 0.002588 
86600.000000 224.602203 0.002594 
86700.000000 226.402191 0.002611 
86800.000000 228.102173 0.002628 
86900.000000 228.802155 0.002633 
87000.000000 231.702148 0.002663 
87100.000000 233.502136 0.002681 
87200.000000 235.402130 0.002700 
87300.000000 236.802094 0.002713 
87400.000000 237.602081 0.002719 
87500.000000 238.602081 0.002727 
87600.000000 239.402069 0.002733 
87700.000000 240.102051 0.002738 
87800.000000 241.802032 0.002754 
87900.000000 242.602020 0.002760 
88000.000000 244.302002 0.002776 
88100.000000 245.801971 0.002790 
88200.000000 247.601959 0.002807 
88300.000000 248.501953 0.002814 
88400.000000 251.501953 0.002845 
88500.000000 253.201935 0.002861 
88600.000000 253.801910 0.002865 
88700.000000 253.501892 0.002858 
88800.000000 254.901855 0.002871 
88900.000000 257.601837 0.002898 
89000.000000 260.501831 0.002927 
89100.000000 262.301819 0.002944 
89200.000000 264.301819 0.002963 
89300.000000 266.101807 0.002980 
89400.000000 269.001801 0.003009 
89500.000000 269.601776 0.003012 
89600.000000 272.601776 0.003042 
89700.000000 273.601776 0.003050 
89800.000000 275.501770 0.003068 
89900.000000 277.101746 0.003082 
90000.000000 276.501709 0.003072 
90100.000000 278.801666 0.003094 
90200.000000 279.201630 0.003095 
90300.000000 282.101624 0.003124 
90400.000000 284.001617 0.003142 
90500.000000 286.801605 0.003169 
90600.000000 288.701599 0.003187 
90700.000000 290.401581 0.003202 
90800.000000 292.101562 0.003217 
90900.000000 294.101562 0.003235 
91000.000000 295.901550 0.003252 
91100.000000 296.701538 0.003257 
91200.000000 298.601532 0.003274 
91300.000000 298.901489 0.003274 
91400.000000 301.601471 0.003300 
91500.000000 303.301453 0.003315 
91600.000000 303.901367 0.003318 
91700.000000 307.801361 0.003357 
91800.000000 309.501343 0.003371 
91900.000000 311.301331 0.003387 
92000.000000 311.801300 0.003389 
92100.000000 312.301270 0.003391 
92200.000000 313.701233 0.003402 
92300.000000 313.401154 0.003395 
92400.000000 315.401154 0.003413 
92500.000000 316.301147 0.003419 
92600.000000 318.201141 0.003436 
92700.000000 320.201141 0.003454 
92800.000000 321.101135 0.003460 
92900.000000 324.001129 0.003488 
93000.000000 324.401093 0.003488 
93100.000000 326.301086 0.003505 
93200.000000 328.101074 0.003520 
93300.000000 330.101074 0.003538 
93400.000000 332.101074 0.003556 
93500.000000 335.001068 0.003583 
93600.000000 337.001068 0.003600 
93700.000000 338.601044 0.003614 
93800.000000 341.501038 0.003641 
93900.000000 343.301025 0.003656 
94000.000000 345.301025 0.003673 
94100.000000 347.301025 0.003691 
94200.000000 349.201019 0.003707 
94300.000000 351.201019 0.003724 
94400.000000 352.101013 0.003730 
94500.000000 354.001007 0.003746 
94600.000000 355.800995 0.003761 
94700.000000 357.500977 0.003775 
94800.000000 359.200958 0.003789 
94900.000000 361.000946 0.003804 
95000.000000 363.000946 0.003821 
95100.000000 367.000946 0.003859 
95200.000000 368.500916 0.003871 
95300.000000 371.400909 0.003897 
95400.000000 373.300903 0.003913 
95500.000000 374.300903 0.003919 
95600.000000 376.300903 0.003936 
95700.000000 377.100891 0.003940 
95800.000000 381.000885 0.003977 
95900.000000 384.000885 0.004004 
96000.000000 386.800873 0.004029 
96100.000000 388.800873 0.004046 
96200.000000 391.600861 0.004071 
96300.000000 394.000824 0.004091 
96400.000000 397.700806 0.004126 
96500.000000 399.600800 0.004141 
96600.000000 401.500793 0.004156 
96700.000000 402.000763 0.004157 
96800.000000 404.000763 0.004174 
96900.000000 403.700745 0.004166 
97000.000000 404.700745 0.004172 
97100.000000 407.400726 0.004196 
97200.000000 408.200714 0.004200 
97300.000000 409.800690 0.004212 
97400.000000 409.400665 0.004203 
97500.000000 412.100647 0.004227 
97600.000000 414.100647 0.004243 
97700.000000 416.800629 0.004266 
97800.000000 419.200592 0.004286 
97900.000000 423.200592 0.004323 
98000.000000 423.200592 0.004318 
98100.000000 425.100586 0.004333 
98200.000000 428.700562 0.004366 
98300.000000 430.600555 0.004380 
98400.000000 433.400543 0.004404 
98500.000000 435.400543 0.004420 
98600.000000 437.200531 0.004434 
98700.000000 439.200531 0.004450 
98800.000000 441.900513 0.004473 
98900.000000 445.600494 0.004506 
99000.000000 446.600494 0.004511 
99100.000000 448.600494 0.004527 
99200.000000 449.500488 0.004531 
99300.000000 453.400482 0.004566 
99400.000000 456.400482 0.004592 
99500.000000 460.400482 0.004627 
99600.000000 462.300476 0.004642 
99700.000000 465.300476 0.004667 
99800.000000 466.200470 0.004671 
99900.000000 467.000458 0.004675 
100000.000000 468.600433 0.004686 
100100.000000 471.100403 0.004706 
100200.000000 472.000397 0.004711 
100300.000000 472.600372 0.004712 
100400.000000 473.400360 0.004715 
100500.000000 475.100342 0.004727 
100600.000000 475.900330 0.004731 
100700.000000 476.900330 0.004736 
100800.000000 476.900330 0.004731 
100900.000000 478.000275 0.004737 
101000.000000 479.800262 0.004750 
101100.000000 481.600250 0.004764 
101200.000000 482.400238 0.004767 
101300.000000 481.800201 0.004756 
101400.000000 482.400177 0.004757 
101500.000000 483.100159 0.004760 
101600.000000 483.700134 0.004761 
101700.000000 483.300049 0.004752 
101800.000000 483.900024 0.004753 
101900.000000 486.500000 0.004774 
102000.000000 487.299988 0.004777 
102100.000000 490.199982 0.004801 
102200.000000 491.799957 0.004812 
102300.000000 493.399933 0.004823 
102400.000000 495.299927 0.004837 
102500.000000 498.099915 0.004860 
102600.000000 501.999908 0.004893 
102700.000000 503.699890 0.004905 
102800.000000 505.299866 0.004915 
102900.000000 507.199860 0.004929 
103000.000000 507.999847 0.004932 
103100.000000 510.999847 0.004956 
103200.000000 514.699829 0.004987 
103300.000000 517.399902 0.005009 
103400.000000 520.299927 0.005032 
103500.000000 522.199951 0.005045 
103600.000000 525.199951 0.005069 
103700.000000 528.199951 0.005094 
103800.000000 531.000000 0.005116 
103900.000000 534.000000 0.005140 
104000.000000 535.900024 0.005153 
104100.000000 538.700073 0.005175 
104200.000000 539.000244 0.005173 
104300.000000 540.700317 0.005184 
104400.000000 543.600342 0.005207 
104500.000000 544.600342 0.005211 
104600.000000 548.600342 0.005245 
104700.000000 550.500366 0.005258 
104800.000000 552.400391 0.005271 
104900.000000 554.100464 0.005282 
105000.000000 556.800537 0.005303 
105100.000000 558.700562 0.005316 
105200.000000 560.600586 0.005329 
105300.000000 563.600586 0.005352 
105400.000000 566.100708 0.005371 
105500.000000 568.100708 0.005385 
105600.000000 568.600830 0.005384 
105700.000000 570.100952 0.005394 
105800.000000 571.901001 0.005405 
105900.000000 573.401123 0.005415 
106000.000000 576.301147 0.005437 
106100.000000 578.101196 0.005449 
106200.000000 581.001221 0.005471 
106300.000000 582.901245 0.005484 
106400.000000 585.701294 0.005505 
106500.000000 587.601318 0.005517 
106600.000000 590.601318 0.005540 
106700.000000 591.301392 0.005542 
106800.000000 593.201416 0.005554 
106900.000000 594.801514 0.005564 
107000.000000 594.801758 0.005559 
107100.000000 596.302124 0.005568 
107200.000000 598.402344 0.005582 
107300.000000 599.302612 0.005585 
107400.000000 600.902710 0.005595 
107500.000000 602.203125 0.005602 
107600.000000 603.203613 0.005606 
107700.000000 602.903931 0.005598 
107800.000000 605.304077 0.005615 
107900.000000 606.104126 0.005617 
108000.000000 607.004150 0.005620 
108100.000000 609.504272 0.005638 
108200.000000 611.504272 0.005652 
108300.000000 615.404297 0.005682 
108400.000000 617.104370 0.005693 
108500.000000 619.304565 0.005708 
108600.000000 621.204590 0.005720 
108700.000000 622.904663 0.005730 
108800.000000 625.604736 0.005750 
108900.000000 627.604736 0.005763 
109000.000000 629.604736 0.005776 
109100.000000 631.404785 0.005787 
109200.000000 634.004883 0.005806 
109300.000000 634.205078 0.005802 
109400.000000 636.905151 0.005822 
109500.000000 638.405273 0.005830 
109600.000000 640.805420 0.005847 
109700.000000 643.805420 0.005869 
109800.000000 645.705444 0.005881 
109900.000000 648.305542 0.005899 
110000.000000 649.905640 0.005908 
110100.000000 651.605713 0.005918 
110200.000000 654.505737 0.005939 
110300.000000 655.205811 0.005940 
110400.000000 657.105835 0.005952 
110500.000000 657.705933 0.005952 
110600.000000 658.406006 0.005953 
110700.000000 660.206055 0.005964 
110800.000000 662.106079 0.005976 
110900.000000 662.806152 0.005977 
111000.000000 664.706177 0.005988 
111100.000000 663.906372 0.005976 
111200.000000 665.606445 0.005986 
111300.000000 668.306519 0.006005 
111400.000000 670.206543 0.006016 
111500.000000 671.106567 0.006019 
111600.000000 670.606689 0.006009 
111700.000000 671.506714 0.006012 
111800.000000 672.307007 0.006013 
111900.000000 674.907104 0.006031 
112000.000000 673.407471 0.006013 
112100.000000 674.107544 0.006013 
112200.000000 674.707642 0.006013 
112300.000000 674.607666 0.006007 
112400.000000 674.707886 0.006003 
112500.000000 676.108032 0.006010 
112600.000000 676.908081 0.006012 
112700.000000 677.908081 0.006015 
112800.000000 679.108276 0.006020 
112900.000000 682.008301 0.006041 
113000.000000 682.908325 0.006043 
113100.000000 685.708374 0.006063 
113200.000000 688.508423 0.006082 
113300.000000 690.308472 0.006093 
113400.000000 693.208496 0.006113 
113500.000000 695.208496 0.006125 
113600.000000 696.008545 0.006127 
113700.000000 698.008545 0.006139 
113800.000000 700.808594 0.006158 
113900.000000 703.808594 0.006179 
114000.000000 705.508667 0.006189 
114100.000000 708.408691 0.006209 
114200.000000 710.108765 0.006218 
114300.000000 712.008789 0.006229 
114400.000000 712.708862 0.006230 
114500.000000 714.308960 0.006239 
114600.000000 716.208984 0.006250 
114700.000000 719.709106 0.006275 
114800.000000 721.509155 0.006285 
114900.000000 723.409180 0.006296 
115000.000000 727.009277 0.006322 
115100.000000 729.809326 0.006341 
115200.000000 730.609375 0.006342 
115300.000000 732.909546 0.006357 
115400.000000 735.809570 0.006376 
115500.000000 736.509644 0.006377 
115600.000000 739.209717 0.006395 
115700.000000 739.809814 0.006394 
115800.000000 741.809814 0.006406 
115900.000000 743.609863 0.006416 
116000.000000 745.409912 0.006426 
116100.000000 747.109985 0.006435 
116200.000000 748.010010 0.006437 
116300.000000 750.810059 0.006456 
116400.000000 751.610107 0.006457 
116500.000000 752.510132 0.006459 
116600.000000 754.510132 0.006471 
116700.000000 756.310181 0.006481 
116800.000000 758.910278 0.006498 
116900.000000 760.810303 0.006508 
117000.000000 762.810303 0.006520 
117100.000000 762.610352 0.006512 
117200.000000 763.010498 0.006510 
117300.000000 763.610840 0.006510 
117400.000000 763.211182 0.006501 
117500.000000 765.011230 0.006511 
117600.000000 768.011230 0.006531 
117700.000000 769.911255 0.006541 
117800.000000 771.711304 0.006551 
117900.000000 775.611328 0.006579 
118000.000000 777.511353 0.006589 
118100.000000 779.211426 0.006598 
118200.000000 780.911499 0.006607 
118300.000000 782.711548 0.006616 
118400.000000 783.511597 0.006617 
118500.000000 784.111694 0.006617 
118600.000000 785.811768 0.006626 
118700.000000 786.711792 0.006628 
118800.000000 788.611816 0.006638 
118900.000000 790.211914 0.006646 
119000.000000 791.011963 0.006647 
119100.000000 792.911987 0.006658 
119200.000000 794.812012 0.006668 
119300.000000 796.812012 0.006679 
119400.000000 797.812012 0.006682 
119500.000000 801.712036 0.006709 
119600.000000 803.312134 0.006717 
119700.000000 806.012207 0.006734 
119800.000000 807.012207 0.006736 
119900.000000 808.612305 0.006744 
120000.000000 809.512329 0.006746 
120100.000000 812.212402 0.006763 
120200.000000 813.812500 0.006770 
120300.000000 817.512573 0.006796 
120400.000000 819.312622 0.006805 
120500.000000 822.012695 0.006822 
120600.000000 823.612793 0.006829 
120700.000000 825.512817 0.006839 
120800.000000 827.212891 0.006848 
120900.000000 827.613037 0.006845 
121000.000000 829.313110 0.006854 
121100.000000 829.713257 0.006851 
121200.000000 831.613281 0.006861 
121300.000000 834.513306 0.006880 
121400.000000 835.313354 0.006881 
121500.000000 835.713501 0.006878 
121600.000000 836.513550 0.006879 
121700.000000 837.513550 0.006882 
121800.000000 839.413574 0.006892 
121900.000000 841.413574 0.006902 
122000.000000 844.413574 0.006921 
122100.000000 845.413574 0.006924 
122200.000000 846.213623 0.006925 
122300.000000 847.013672 0.006926 
122400.000000 846.613770 0.006917 
122500.000000 847.213867 0.006916 
122600.000000 850.213867 0.006935 
122700.000000 850.913940 0.006935 
122800.000000 852.713989 0.006944 
122900.000000 854.614014 0.006954 
123000.000000 855.414062 0.006955 
123100.000000 856.414062 0.006957 
123200.000000 857.014160 0.006956 
123300.000000 858.514282 0.006963 
123400.000000 860.014404 0.006969 
123500.000000 862.014404 0.006980 
123600.000000 863.914429 0.006990 
123700.000000 865.614502 0.006998 
123800.000000 868.514526 0.007015 
123900.000000 870.414551 0.007025 
124000.000000 871.414551 0.007028 
124100.000000 875.114624 0.007052 
124200.000000 875.014648 0.007045 
124300.000000 875.714722 0.007045 
124400.000000 876.214844 0.007044 
124500.000000 877.814941 0.007051 
124600.000000 880.415039 0.007066 
124700.000000 883.315063 0.007084 
124800.000000 884.815186 0.007090 
124900.000000 887.615234 0.007107 
125000.000000 890.515259 0.007124 
125100.000000 893.515259 0.007142 
125200.000000 895.215332 0.007150 
125300.000000 897.015381 0.007159 
125400.000000 899.615479 0.007174 
125500.000000 901.415527 0.007183 
125600.000000 903.415527 0.007193 
125700.000000 906.315552 0.007210 
125800.000000 908.215576 0.007220 
125900.000000 910.815674 0.007234 
126000.000000 912.715698 0.007244 
126100.000000 915.415771 0.007259 
126200.000000 919.315796 0.007285 
126300.000000 921.215820 0.007294 
126400.000000 922.015869 0.007294 
126500.000000 924.815918 0.007311 
126600.000000 925.615967 0.007311 
126700.000000 928.316040 0.007327 
126800.000000 930.316040 0.007337 
126900.000000 931.116089 0.007337 
127000.000000 933.016113 0.007347 
127100.000000 934.816162 0.007355 
127200.000000 935.616211 0.007355 
127300.000000 936.616211 0.007358 
127400.000000 938.516235 0.007367 
127500.000000 938.516235 0.007361 
127600.000000 941.316284 0.007377 
127700.000000 942.816406 0.007383 
127800.000000 944.816406 0.007393 
127900.000000 945.816406 0.007395 
128000.000000 946.716431 0.007396 
128100.000000 948.216553 0.007402 
128200.000000 948.216553 0.007396 
128300.000000 948.016602 0.007389 
128400.000000 949.816650 0.007397 
128500.000000 952.716675 0.007414 
128600.000000 954.316772 0.007421 
128700.000000 957.216797 0.007438 
128800.000000 961.116821 0.007462 
128900.000000 961.816895 0.007462 
129000.000000 964.816895 0.007479 
129100.000000 965.317017 0.007477 
129200.000000 968.217041 0.007494 
129300.000000 970.217041 0.007504 
129400.000000 972.017090 0.007512 
129500.000000 974.817139 0.007528 
129600.000000 974.717163 0.007521 
129700.000000 977.517212 0.007537 
129800.000000 980.517212 0.007554 
129900.000000 981.417236 0.007555 
130000.000000 983.417236 0.007565 
130100.000000 986.317261 0.007581 
130200.000000 987.317261 0.007583 
130300.000000 988.117310 0.007583 
130400.000000 988.417480 0.007580 
130500.000000 990.517700 0.007590 
130600.000000 991.817871 0.007594 
130700.000000 994.617920 0.007610 
130800.000000 998.417969 0.007633 
130900.000000 1000.218018 0.007641 
131000.000000 1002.018066 0.007649 
131100.000000 1003.518188 0.007655 
131200.000000 1005.518188 0.007664 
131300.000000 1007.018311 0.007670 
131400.000000 1009.618408 0.007684 
131500.000000 1012.618652 0.007701 
131600.000000 1013.618896 0.007702 
131700.000000 1014.318970 0.007702 
131800.000000 1016.519165 0.007713 
131900.000000 1019.119263 0.007726 
132000.000000 1020.819336 0.007733 
132100.000000 1021.619385 0.007734 
132200.000000 1023.319458 0.007741 
132300.000000 1026.019531 0.007755 
132400.000000 1027.819580 0.007763 
132500.000000 1029.519653 0.007770 
132600.000000 1033.019775 0.007790 
132700.000000 1034.619873 0.007797 
132800.000000 1036.319946 0.007804 
132900.000000 1039.219971 0.007820 
133000.000000 1040.820068 0.007826 
133100.000000 1042.820068 0.007835 
133200.000000 1045.420166 0.007848 
133300.000000 1046.120239 0.007848 
133400.000000 1047.420410 0.007852 
133500.000000 1048.020508 0.007850 
133600.000000 1048.920532 0.007851 
133700.000000 1048.720581 0.007844 
133800.000000 1049.620605 0.007845 
133900.000000 1050.620605 0.007846 
134000.000000 1050.520630 0.007840 
134100.000000 1050.720825 0.007835 
134200.000000 1052.921021 0.007846 
134300.000000 1052.821289 0.007839 
134400.000000 1053.321411 0.007837 
134500.000000 1053.121460 0.007830 
134600.000000 1054.021484 0.007831 
134700.000000 1055.021484 0.007832 
134800.000000 1055.821533 0.007833 
134900.000000 1056.421631 0.007831 
135000.000000 1058.221680 0.007839 
135100.000000 1058.121704 0.007832 
135200.000000 1059.621826 0.007837 
135300.000000 1061.421875 0.007845 
135400.000000 1062.321899 0.007846 
135500.000000 1064.921997 0.007859 
135600.000000 1065.722046 0.007859 
135700.000000 1068.422119 0.007873 
135800.000000 1070.022217 0.007879 
135900.000000 1070.922241 0.007880 
136000.000000 1072.522339 0.007886 
136100.000000 1073.222412 0.007886 
136200.000000 1073.322632 0.007880 
136300.000000 1075.022705 0.007887 
136400.000000 1077.522827 0.007900 
136500.000000 1079.422852 0.007908 
136600.000000 1081.322876 0.007916 
136700.000000 1081.222900 0.007909 
136800.000000 1081.922974 0.007909 
136900.000000 1083.623047 0.007915 
137000.000000 1084.023193 0.007913 
137100.000000 1084.523315 0.007910 
137200.000000 1085.323364 0.007911 
137300.000000 1085.123413 0.007903 
137400.000000 1084.623535 0.007894 
137500.000000 1085.823730 0.007897 
137600.000000 1085.423828 0.007888 
137700.000000 1086.423828 0.007890 
137800.000000 1086.423828 0.007884 
137900.000000 1087.223877 0.007884 
138000.000000 1089.624023 0.007896 
138100.000000 1091.024170 0.007900 
138200.000000 1095.924194 0.007930 
138300.000000 1097.724243 0.007937 
138400.000000 1099.524292 0.007945 
138500.000000 1101.324585 0.007952 
138600.000000 1102.924683 0.007958 
138700.000000 1104.624756 0.007964 
138800.000000 1104.224854 0.007956 
138900.000000 1108.024902 0.007977 
139000.000000 1109.924927 0.007985 
139100.000000 1111.425049 0.007990 
139200.000000 1113.425049 0.007999 
139300.000000 1115.125122 0.008005 
139400.000000 1117.425293 0.008016 
139500.000000 1120.125366 0.008030 
139600.000000 1121.125366 0.008031 
139700.000000 1122.625488 0.008036 
139800.000000 1121.625732 0.008023 
139900.000000 1123.525757 0.008031 
140000.000000 1123.425781 0.008024 
140100.000000 1124.125854 0.008024 
140200.000000 1124.925903 0.008024 
140300.000000 1125.625977 0.008023 
140400.000000 1126.625977 0.008024 
140500.000000 1128.226074 0.008030 
140600.000000 1128.226074 0.008024 
140700.000000 1129.826172 0.008030 
140800.000000 1130.526245 0.008029 
140900.000000 1133.226318 0.008043 
141000.000000 1134.126343 0.008043 
141100.000000 1135.126343 0.008045 
141200.000000 1135.926392 0.008045 
141300.000000 1136.826416 0.008045 
141400.000000 1138.626465 0.008053 
141500.000000 1138.526489 0.008046 
141600.000000 1139.326538 0.008046 
141700.000000 1139.726685 0.008043 
141800.000000 1140.226807 0.008041 
141900.000000 1138.427246 0.008023 
142000.000000 1137.527466 0.008011 
142100.000000 1137.427490 0.008004 
142200.000000 1138.427490 0.008006 
142300.000000 1140.227539 0.008013 
142400.000000 1141.927612 0.008019 
142500.000000 1143.827637 0.008027 
142600.000000 1144.727661 0.008028 
142700.000000 1147.327759 0.008040 
142800.000000 1149.127808 0.008047 
142900.000000 1150.027832 0.008048 
143000.000000 1150.727905 0.008047 
143100.000000 1152.627930 0.008055 
143200.000000 1153.527954 0.008055 
143300.000000 1156.328003 0.008069 
143400.000000 1156.828125 0.008067 
143500.000000 1159.428223 0.008080 
143600.000000 1160.328247 0.008080 
143700.000000 1163.028320 0.008093 
143800.000000 1163.928345 0.008094 
143900.000000 1165.828369 0.008102 
144000.000000 1166.828369 0.008103 
144100.000000 1167.728394 0.008104 
144200.000000 1168.628418 0.008104 
144300.000000 1170.528442 0.008112 
144400.000000 1172.028564 0.008117 
144500.000000 1172.728638 0.008116 
144600.000000 1174.728638 0.008124 
144700.000000 1176.528687 0.008131 
144800.000000 1177.428711 0.008131 
144900.000000 1178.328735 0.008132 
145000.000000 1179.328735 0.008133 
145100.000000 1181.228760 0.008141 
145200.000000 1183.228760 0.008149 
145300.000000 1186.228760 0.008164 
145400.000000 1187.228760 0.008165 
145500.000000 1189.028809 0.008172 
145600.000000 1190.828857 0.008179 
145700.000000 1191.828857 0.008180 
145800.000000 1192.628906 0.008180 
145900.000000 1193.229004 0.008178 
146000.000000 1195.029053 0.008185 
146100.000000 1195.729126 0.008184 
146200.000000 1196.629150 0.008185 
146300.000000 1199.629150 0.008200 
146400.000000 1202.629150 0.008215 
146500.000000 1204.629150 0.008223 
146600.000000 1207.329224 0.008236 
146700.000000 1208.129272 0.008235 
146800.000000 1210.129272 0.008243 
146900.000000 1213.029297 0.008258 
147000.000000 1215.029297 0.008266 
147100.000000 1217.029297 0.008273 
147200.000000 1219.029297 0.008281 
147300.000000 1221.029297 0.008289 
147400.000000 1221.929321 0.008290 
147500.000000 1225.729370 0.008310 
147600.000000 1228.729370 0.008325 
147700.000000 1232.529419 0.008345 
147800.000000 1236.429443 0.008366 
147900.000000 1239.329468 0.008380 
148000.000000 1240.229492 0.008380 
148100.000000 1242.229492 0.008388 
148200.000000 1243.229492 0.008389 
148300.000000 1244.029541 0.008389 
148400.000000 1244.929565 0.008389 
148500.000000 1247.729614 0.008402 
148600.000000 1248.629639 0.008403 
148700.000000 1250.529663 0.008410 
148800.000000 1253.329712 0.008423 
148900.000000 1254.829834 0.008427 
149000.000000 1255.429932 0.008426 
149100.000000 1258.229980 0.008439 
149200.000000 1259.229980 0.008440 
149300.000000 1259.930054 0.008439 
149400.000000 1263.130249 0.008455 
149500.000000 1263.530640 0.008452 
149600.000000 1265.330688 0.008458 
149700.000000 1267.930786 0.008470 
149800.000000 1270.630859 0.008482 
149900.000000 1273.130981 0.008493 
150000.000000 1275.031006 0.008500 
150100.000000 1275.031006 0.008495 
150200.000000 1278.031006 0.008509 
150300.000000 1279.731079 0.008515 
150400.000000 1282.731079 0.008529 
150500.000000 1284.631104 0.008536 
150600.000000 1284.431152 0.008529 
150700.000000 1284.731323 0.008525 
150800.000000 1284.131470 0.008515 
150900.000000 1285.131470 0.008516 
151000.000000 1287.031494 0.008523 
151100.000000 1288.031494 0.008524 
151200.000000 1289.031494 0.008525 
151300.000000 1290.031494 0.008526 
151400.000000 1292.731567 0.008539 
151500.000000 1293.531616 0.008538 
151600.000000 1294.331665 0.008538 
151700.000000 1296.231689 0.008545 
151800.000000 1298.231689 0.008552 
151900.000000 1299.031738 0.008552 
152000.000000 1302.031738 0.008566 
152100.000000 1303.931763 0.008573 
152200.000000 1304.931763 0.008574 
152300.000000 1305.831787 0.008574 
152400.000000 1306.831787 0.008575 
152500.000000 1309.831787 0.008589 
152600.000000 1311.531860 0.008595 
152700.000000 1311.531860 0.008589 
152800.000000 1313.331909 0.008595 
152900.000000 1316.231934 0.008608 
153000.000000 1318.031982 0.008615 
153100.000000 1320.932007 0.008628 
153200.000000 1322.832031 0.008635 
153300.000000 1323.732056 0.008635 
153400.000000 1324.632080 0.008635 
153500.000000 1326.332153 0.008641 
153600.000000 1328.332153 0.008648 
153700.000000 1332.132202 0.008667 
153800.000000 1334.932251 0.008680 
153900.000000 1337.632324 0.008692 
154000.000000 1339.532349 0.008698 
154100.000000 1342.432373 0.008711 
154200.000000 1343.232422 0.008711 
154300.000000 1346.032471 0.008723 
154400.000000 1346.032471 0.008718 
154500.000000 1347.832520 0.008724 
154600.000000 1347.532593 0.008716 
154700.000000 1350.232666 0.008728 
154800.000000 1351.532837 0.008731 
154900.000000 1354.432861 0.008744 
155000.000000 1356.232910 0.008750 
155100.000000 1358.232910 0.008757 
155200.000000 1360.132935 0.008764 
155300.000000 1362.032959 0.008770 
155400.000000 1363.032959 0.008771 
155500.000000 1363.833008 0.008771 
155600.000000 1363.833008 0.008765 
155700.000000 1363.533081 0.008757 
155800.000000 1364.533081 0.008758 
155900.000000 1365.333130 0.008758 
156000.000000 1367.233154 0.008764 
156100.000000 1368.133179 0.008764 
156200.000000 1369.133179 0.008765 
156300.000000 1370.833252 0.008771 
156400.000000 1371.733276 0.008771 
156500.000000 1371.833496 0.008766 
156600.000000 1372.533569 0.008765 
156700.000000 1373.233643 0.008763 
156800.000000 1372.933716 0.008756 
156900.000000 1372.733765 0.008749 
157000.000000 1372.133911 0.008740 
157100.000000 1374.133911 0.008747 
157200.000000 1376.033936 0.008753 
157300.000000 1377.833984 0.008759 
157400.000000 1380.734009 0.008772 
157500.000000 1382.734009 0.008779 
157600.000000 1384.534058 0.008785 
157700.000000 1387.534058 0.008799 
157800.000000 1388.134155 0.008797 
157900.000000 1391.034180 0.008810 
158000.000000 1391.034180 0.008804 
158100.000000 1391.834229 0.008804 
158200.000000 1393.834229 0.008811 
158300.000000 1393.734253 0.008804 
158400.000000 1394.734253 0.008805 
158500.000000 1396.234375 0.008809 
158600.000000 1397.234375 0.008810 
158700.000000 1399.234375 0.008817 
158800.000000 1401.234375 0.008824 
158900.000000 1403.234375 0.008831 
159000.000000 1405.734497 0.008841 
159100.000000 1407.634521 0.008847 
159200.000000 1408.134888 0.008845 
159300.000000 1409.134888 0.008846 
159400.000000 1411.934937 0.008858 
159500.000000 1412.834961 0.008858 
159600.000000 1413.635010 0.008857 
159700.000000 1414.435059 0.008857 
159800.000000 1415.435059 0.008858 
159900.000000 1416.335083 0.008858 
160000.000000 1418.335083 0.008865 
160100.000000 1418.935181 0.008863 
160200.000000 1419.835205 0.008863 
160300.000000 1421.735229 0.008869 
160400.000000 1423.635254 0.008876 
160500.000000 1425.535278 0.008882 
160600.000000 1426.935425 0.008885 
160700.000000 1428.735474 0.008891 
160800.000000 1429.735474 0.008891 
160900.000000 1431.735474 0.008898 
161000.000000 1432.635498 0.008898 
161100.000000 1434.635498 0.008905 
161200.000000 1437.335571 0.008916 
161300.000000 1440.135620 0.008928 
161400.000000 1442.935669 0.008940 
161500.000000 1443.635742 0.008939 
161600.000000 1443.435791 0.008932 
161700.000000 1444.235840 0.008932 
161800.000000 1445.235840 0.008932 
161900.000000 1446.135864 0.008932 
162000.000000 1446.035889 0.008926 
162100.000000 1445.636230 0.008918 
162200.000000 1445.036377 0.008909 
162300.000000 1445.036621 0.008903 
162400.000000 1445.236816 0.008899 
162500.000000 1445.936890 0.008898 
162600.000000 1445.936890 0.008893 
162700.000000 1446.836914 0.008893 
162800.000000 1446.536987 0.008885 
162900.000000 1446.437012 0.008879 
163000.000000 1447.137085 0.008878 
163100.000000 1446.937378 0.008871 
163200.000000 1447.937378 0.008872 
163300.000000 1449.437500 0.008876 
163400.000000 1449.337769 0.008870 
163500.000000 1450.137817 0.008869 
163600.000000 1451.837891 0.008874 
163700.000000 1451.637939 0.008868 
163800.000000 1453.437988 0.008873 
163900.000000 1453.838135 0.008870 
164000.000000 1454.638184 0.008870 
164100.000000 1456.338257 0.008875 
164200.000000 1458.338257 0.008881 
164300.000000 1460.038330 0.008886 
164400.000000 1461.838379 0.008892 
164500.000000 1461.638428 0.008885 
164600.000000 1461.538452 0.008879 
164700.000000 1461.338501 0.008873 
164800.000000 1461.338501 0.008867 
164900.000000 1461.338501 0.008862 
165000.000000 1461.238525 0.008856 
165100.000000 1461.138550 0.008850 
165200.000000 1461.138550 0.008845 
165300.000000 1460.838623 0.008837 
165400.000000 1460.838623 0.008832 
165500.000000 1460.838623 0.008827 
165600.000000 1461.638672 0.008826 
165700.000000 1461.238770 0.008819 
165800.000000 1462.238770 0.008819 
165900.000000 1463.038818 0.008819 
166000.000000 1463.038818 0.008813 
166100.000000 1463.738892 0.008812 
166200.000000 1463.239014 0.008804 
166300.000000 1464.539185 0.008807 
166400.000000 1465.339233 0.008806 
166500.000000 1466.039307 0.008805 
166600.000000 1467.739380 0.008810 
166700.000000 1468.739380 0.008811 
166800.000000 1468.539429 0.008804 
166900.000000 1468.339478 0.008798 
167000.000000 1468.839600 0.008795 
167100.000000 1469.739624 0.008796 
167200.000000 1470.739624 0.008796 
167300.000000 1471.639648 0.008796 
167400.000000 1473.139771 0.008800 
167500.000000 1473.839844 0.008799 
167600.000000 1474.839844 0.008800 
167700.000000 1474.639893 0.008793 
167800.000000 1474.339966 0.008786 
167900.000000 1474.040039 0.008779 
168000.000000 1473.940063 0.008773 
168100.000000 1473.240234 0.008764 
168200.000000 1473.040283 0.008758 
168300.000000 1472.740356 0.008751 
168400.000000 1472.540405 0.008744 
168500.000000 1473.640625 0.008746 
168600.000000 1473.340942 0.008739 
168700.000000 1472.641113 0.008729 
168800.000000 1472.541382 0.008724 
168900.000000 1472.341431 0.008717 
169000.000000 1474.041504 0.008722 
169100.000000 1472.541870 0.008708 
169200.000000 1472.742065 0.008704 
169300.000000 1472.442139 0.008697 
169400.000000 1473.442139 0.008698 
169500.000000 1472.942261 0.008690 
169600.000000 1474.342407 0.008693 
169700.000000 1476.042480 0.008698 
169800.000000 1476.842529 0.008698 
169900.000000 1477.342651 0.008695 
170000.000000 1479.242676 0.008701 
170100.000000 1481.142700 0.008707 
170200.000000 1481.842773 0.008706 
170300.000000 1483.742798 0.008713 
170400.000000 1484.742798 0.008713 
170500.000000 1485.742798 0.008714 
170600.000000 1486.442871 0.008713 
170700.000000 1486.242920 0.008707 
170800.000000 1487.242920 0.008708 
170900.000000 1489.142944 0.008714 
171000.000000 1488.643066 0.008706 
171100.000000 1489.643066 0.008706 
171200.000000 1489.343140 0.008699 
171300.000000 1490.043213 0.008698 
171400.000000 1490.943237 0.008699 
171500.000000 1491.343384 0.008696 
171600.000000 1491.943481 0.008694 
171700.000000 1491.343628 0.008686 
171800.000000 1492.043701 0.008685 
171900.000000 1492.043701 0.008680 
172000.000000 1492.043701 0.008675 
172100.000000 1491.943726 0.008669 
172200.000000 1493.543823 0.008673 
172300.000000 1493.343872 0.008667 
172400.000000 1493.243896 0.008662 
172500.000000 1494.243896 0.008662 
172600.000000 1495.243896 0.008663 
172700.000000 1495.243896 0.008658 
172800.000000 1496.243896 0.008659 
172900.000000 1495.744019 0.008651 
173000.000000 1496.644043 0.008651 
173100.000000 1497.444092 0.008651 
173200.000000 1498.344116 0.008651 
173300.000000 1498.344116 0.008646 
173400.000000 1498.244141 0.008640 
173500.000000 1497.544312 0.008631 
173600.000000 1496.844482 0.008622 
173700.000000 1498.644531 0.008628 
173800.000000 1498.644531 0.008623 
173900.000000 1499.544556 0.008623 
174000.000000 1500.544556 0.008624 
174100.000000 1501.544556 0.008625 
174200.000000 1502.444580 0.008625 
174300.000000 1503.844727 0.008628 
174400.000000 1504.344849 0.008626 
174500.000000 1505.044922 0.008625 
174600.000000 1507.044922 0.008631 
174700.000000 1507.744995 0.008630 
174800.000000 1507.545044 0.008624 
174900.000000 1507.545044 0.008619 
175000.000000 1507.545044 0.008615 
175100.000000 1507.445068 0.008609 
175200.000000 1506.445312 0.008598 
175300.000000 1507.145386 0.008598 
175400.000000 1506.745483 0.008590 
175500.000000 1506.745483 0.008585 
175600.000000 1506.245605 0.008578 
175700.000000 1507.245605 0.008579 
175800.000000 1507.145630 0.008573 
175900.000000 1508.045654 0.008573 
176000.000000 1508.645752 0.008572 
176100.000000 1509.645752 0.008573 
176200.000000 1510.345825 0.008572 
176300.000000 1510.245850 0.008566 
176400.000000 1510.845947 0.008565 
176500.000000 1511.146118 0.008562 
176600.000000 1513.846191 0.008572 
176700.000000 1516.746216 0.008584 
176800.000000 1517.646240 0.008584 
176900.000000 1520.646240 0.008596 
177000.000000 1522.546265 0.008602 
177100.000000 1523.546265 0.008603 
177200.000000 1525.546265 0.008609 
177300.000000 1527.246338 0.008614 
177400.000000 1529.646484 0.008623 
177500.000000 1529.546509 0.008617 
177600.000000 1530.446533 0.008617 
177700.000000 1531.146606 0.008616 
177800.000000 1532.646729 0.008620 
177900.000000 1532.646729 0.008615 
178000.000000 1532.546753 0.008610 
178100.000000 1534.346802 0.008615 
178200.000000 1535.146851 0.008615 
178300.000000 1535.046875 0.008609 
178400.000000 1535.046875 0.008605 
178500.000000 1535.946899 0.008605 
178600.000000 1536.846924 0.008605 
178700.000000 1536.846924 0.008600 
178800.000000 1536.846924 0.008595 
178900.000000 1536.846924 0.008591 
179000.000000 1537.646973 0.008590 
179100.000000 1537.646973 0.008585 
179200.000000 1538.247070 0.008584 
179300.000000 1538.147095 0.008579 
179400.000000 1539.147095 0.008579 
179500.000000 1540.147095 0.008580 
179600.000000 1541.147095 0.008581 
179700.000000 1542.147095 0.008582 
179800.000000 1544.147095 0.008588 
179900.000000 1546.047119 0.008594 
180000.000000 1546.947144 0.008594 
180100.000000 1547.947144 0.008595 
180200.000000 1548.847168 0.008595 
180300.000000 1548.547241 0.008589 
180400.000000 1548.447266 0.008583 
180500.000000 1549.647461 0.008585 
180600.000000 1550.347534 0.008584 
180700.000000 1550.147583 0.008579 
180800.000000 1550.547974 0.008576 
180900.000000 1550.048340 0.008569 
181000.000000 1550.548462 0.008567 
181100.000000 1550.548462 0.008562 
181200.000000 1551.248535 0.008561 
181300.000000 1550.348755 0.008551 
181400.000000 1549.948853 0.008544 
181500.000000 1549.748901 0.008539 
181600.000000 1550.648926 0.008539 
181700.000000 1551.548950 0.008539 
181800.000000 1551.348999 0.008533 
181900.000000 1551.949097 0.008532 
182000.000000 1553.949097 0.008538 
182100.000000 1554.949097 0.008539 
182200.000000 1554.749146 0.008533 
182300.000000 1555.649170 0.008533 
182400.000000 1555.249268 0.008527 
182500.000000 1555.749390 0.008525 
182600.000000 1558.549438 0.008535 
182700.000000 1559.349487 0.008535 
182800.000000 1561.149536 0.008540 
182900.000000 1563.149536 0.008546 
183000.000000 1565.149536 0.008553 
183100.000000 1568.949585 0.008569 
183200.000000 1569.949585 0.008570 
183300.000000 1570.949585 0.008570 
183400.000000 1572.949585 0.008577 
183500.000000 1573.749634 0.008576 
183600.000000 1573.549683 0.008571 
183700.000000 1577.249756 0.008586 
183800.000000 1578.249756 0.008587 
183900.000000 1579.049805 0.008586 
184000.000000 1581.949829 0.008598 
184100.000000 1582.749878 0.008597 
184200.000000 1584.549927 0.008602 
184300.000000 1586.549927 0.008609 
184400.000000 1588.549927 0.008615 
184500.000000 1590.449951 0.008620 
184600.000000 1592.150024 0.008625 
184700.000000 1594.050049 0.008630 
184800.000000 1596.050049 0.008637 
184900.000000 1597.850098 0.008642 
185000.000000 1599.550171 0.008646 
185100.000000 1600.550171 0.008647 
185200.000000 1601.450195 0.008647 
185300.000000 1603.250244 0.008652 
185400.000000 1605.150269 0.008658 
185500.000000 1607.950317 0.008668 
185600.000000 1608.250488 0.008665 
185700.000000 1610.150513 0.008671 
185800.000000 1611.750610 0.008675 
185900.000000 1612.750610 0.008675 
186000.000000 1613.750610 0.008676 
186100.000000 1614.550659 0.008676 
186200.000000 1615.450684 0.008676 
186300.000000 1617.250732 0.008681 
186400.000000 1617.250732 0.008676 
186500.000000 1618.150757 0.008676 
186600.000000 1619.850830 0.008681 
186700.000000 1620.850830 0.008682 
186800.000000 1620.850830 0.008677 
186900.000000 1622.550903 0.008681 
187000.000000 1623.350952 0.008681 
187100.000000 1623.350952 0.008676 
187200.000000 1624.250977 0.008677 
187300.000000 1624.250977 0.008672 
187400.000000 1625.451172 0.008674 
187500.000000 1625.851318 0.008671 
187600.000000 1625.451416 0.008664 
187700.000000 1626.351440 0.008665 
187800.000000 1626.351440 0.008660 
187900.000000 1626.351440 0.008655 
188000.000000 1626.051514 0.008649 
188100.000000 1625.651611 0.008642 
188200.000000 1624.951782 0.008634 
188300.000000 1624.751831 0.008629 
188400.000000 1625.551880 0.008628 
188500.000000 1626.551880 0.008629 
188600.000000 1627.451904 0.008629 
188700.000000 1629.451904 0.008635 
188800.000000 1631.451904 0.008641 
188900.000000 1632.451904 0.008642 
189000.000000 1633.451904 0.008643 
189100.000000 1635.251953 0.008648 
189200.000000 1637.151978 0.008653 
189300.000000 1637.952026 0.008653 
189400.000000 1638.852051 0.008653 
189500.000000 1639.652100 0.008653 
189600.000000 1640.652100 0.008653 
189700.000000 1641.552124 0.008653 
189800.000000 1642.452148 0.008654 
189900.000000 1643.352173 0.008654 
190000.000000 1643.352173 0.008649 
190100.000000 1644.252197 0.008649 
190200.000000 1645.152222 0.008650 
190300.000000 1645.552368 0.008647 
190400.000000 1646.552368 0.008648 
190500.000000 1647.452393 0.008648 
190600.000000 1649.452393 0.008654 
190700.000000 1649.452393 0.008649 
190800.000000 1650.452393 0.008650 
190900.000000 1651.352417 0.008650 
191000.000000 1654.352417 0.008662 
191100.000000 1655.352417 0.008662 
191200.000000 1657.252441 0.008668 
191300.000000 1660.052490 0.008678 
191400.000000 1660.852539 0.008677 
191500.000000 1661.752563 0.008678 
191600.000000 1662.352661 0.008676 
191700.000000 1664.752808 0.008684 
191800.000000 1665.552856 0.008684 
191900.000000 1666.552856 0.008684 
192000.000000 1668.552856 0.008690 
192100.000000 1669.552856 0.008691 
192200.000000 1669.452881 0.008686 
192300.000000 1670.352905 0.008686 
192400.000000 1671.352905 0.008687 
192500.000000 1674.252930 0.008697 
192600.000000 1675.152954 0.008698 
192700.000000 1675.953003 0.008697 
192800.000000 1675.953003 0.008693 
192900.000000 1675.953003 0.008688 
193000.000000 1675.953003 0.008684 
193100.000000 1675.953003 0.008679 
193200.000000 1675.953003 0.008675 
193300.000000 1675.953003 0.008670 
193400.000000 1676.353149 0.008668 
193500.000000 1676.353149 0.008663 
193600.000000 1676.353149 0.008659 
193700.000000 1676.353149 0.008654 
193800.000000 1676.353149 0.008650 
193900.000000 1676.353149 0.008645 
194000.000000 1676.253174 0.008640 
194100.000000 1678.153198 0.008646 
194200.000000 1679.053223 0.008646 
194300.000000 1678.953247 0.008641 
194400.000000 1680.753296 0.008646 
194500.000000 1680.753296 0.008641 
194600.000000 1683.653320 0.008652 
194700.000000 1685.653320 0.008658 
194800.000000 1686.553345 0.008658 
194900.000000 1686.553345 0.008653 
195000.000000 1688.353394 0.008658 
195100.000000 1690.253418 0.008664 
195200.000000 1691.253418 0.008664 
195300.000000 1692.253418 0.008665 
195400.000000 1695.253418 0.008676 
195500.000000 1696.253418 0.008676 
195600.000000 1697.253418 0.008677 
195700.000000 1698.253418 0.008678 
195800.000000 1700.253418 0.008684 
195900.000000 1700.953491 0.008683 
196000.000000 1701.953491 0.008683 
196100.000000 1701.953491 0.008679 
196200.000000 1702.753540 0.008679 
196300.000000 1704.753540 0.008684 
196400.000000 1705.753540 0.008685 
196500.000000 1705.653564 0.008680 
196600.000000 1706.153687 0.008678 
196700.000000 1705.853760 0.008672 
196800.000000 1705.453857 0.008666 
196900.000000 1705.953979 0.008664 
197000.000000 1706.854004 0.008664 
197100.000000 1709.854004 0.008675 
197200.000000 1710.854004 0.008676 
197300.000000 1711.854004 0.008676 
197400.000000 1712.854004 0.008677 
197500.000000 1713.854004 0.008678 
197600.000000 1714.854004 0.008678 
197700.000000 1716.754028 0.008684 
197800.000000 1717.454102 0.008683 
197900.000000 1718.054199 0.008681 
198000.000000 1718.854248 0.008681 
198100.000000 1719.854248 0.008682 
198200.000000 1721.854248 0.008687 
198300.000000 1723.854248 0.008693 
198400.000000 1723.854248 0.008689 
198500.000000 1723.854248 0.008684 
198600.000000 1723.454346 0.008678 
198700.000000 1723.454346 0.008674 
198800.000000 1723.454346 0.008669 
198900.000000 1724.354370 0.008669 
199000.000000 1724.354370 0.008665 
199100.000000 1726.354370 0.008671 
199200.000000 1727.154419 0.008670 
199300.000000 1726.654541 0.008664 
199400.000000 1726.454590 0.008658 
199500.000000 1728.254639 0.008663 
199600.000000 1727.954712 0.008657 
199700.000000 1728.854736 0.008657 
199800.000000 1729.754761 0.008657 
199900.000000 1730.154907 0.008655 
200000.000000 1731.854980 0.008659 
