100.000000 -1.500000 -0.015000 
200.000000 -3.999998 -0.020000 
300.000000 -5.799997 -0.019333 
400.000000 -7.399995 -0.018500 
500.000000 -8.099995 -0.016200 
600.000000 -8.799997 -0.014667 
700.000000 -10.500004 -0.015000 
800.000000 -11.700008 -0.014625 
900.000000 -12.700012 -0.014111 
1000.000000 -13.000017 -0.013000 
1100.000000 -13.500019 -0.012273 
1200.000000 -14.500023 -0.012083 
1300.000000 -16.200029 -0.012462 
1400.000000 -17.700035 -0.012643 
1500.000000 -19.400042 -0.012933 
1600.000000 -19.700043 -0.012313 
1700.000000 -21.000048 -0.012353 
1800.000000 -22.400053 -0.012444 
1900.000000 -23.400061 -0.012316 
2000.000000 -24.500065 -0.012250 
2100.000000 -25.100071 -0.011952 
2200.000000 -25.800077 -0.011727 
2300.000000 -27.200083 -0.011826 
2400.000000 -28.300087 -0.011792 
2500.000000 -29.400091 -0.011760 
2600.000000 -30.500095 -0.011731 
2700.000000 -31.100098 -0.011519 
2800.000000 -31.300102 -0.011179 
2900.000000 -31.100105 -0.010724 
3000.000000 -32.000107 -0.010667 
3100.000000 -34.000076 -0.010968 
3200.000000 -35.500053 -0.011094 
3300.000000 -36.800034 -0.011152 
3400.000000 -37.700020 -0.011088 
3500.000000 -39.499992 -0.011286 
3600.000000 -41.299950 -0.011472 
3700.000000 -42.299919 -0.011432 
3800.000000 -43.199890 -0.011368 
3900.000000 -43.699867 -0.011205 
4000.000000 -44.399857 -0.011100 
4100.000000 -44.399841 -0.010829 
4200.000000 -44.799835 -0.010667 
4300.000000 -46.699806 -0.010860 
4400.000000 -48.099785 -0.010932 
4500.000000 -48.999771 -0.010889 
4600.000000 -50.699745 -0.011022 
4700.000000 -51.199722 -0.010894 
4800.000000 -51.999710 -0.010833 
4900.000000 -50.699699 -0.010347 
5000.000000 -51.499687 -0.010300 
5100.000000 -52.199677 -0.010235 
5200.000000 -52.099663 -0.010019 
5300.000000 -51.999649 -0.009811 
5400.000000 -53.799622 -0.009963 
5500.000000 -55.799591 -0.010145 
5600.000000 -57.799561 -0.010321 
5700.000000 -58.999527 -0.010351 
5800.000000 -60.099510 -0.010362 
5900.000000 -60.099495 -0.010186 
6000.000000 -62.499458 -0.010417 
6100.000000 -62.699440 -0.010279 
6200.000000 -63.199432 -0.010193 
6300.000000 -64.199417 -0.010190 
6400.000000 -65.199387 -0.010187 
6500.000000 -66.899361 -0.010292 
6600.000000 -67.799332 -0.010273 
6700.000000 -69.399307 -0.010358 
6800.000000 -68.899300 -0.010132 
6900.000000 -69.699287 -0.010101 
7000.000000 -70.899269 -0.010128 
7100.000000 -71.899254 -0.010127 
7200.000000 -72.299248 -0.010042 
7300.000000 -73.799225 -0.010109 
7400.000000 -75.299202 -0.010176 
7500.000000 -75.799194 -0.010107 
7600.000000 -76.099174 -0.010013 
7700.000000 -76.999161 -0.010000 
7800.000000 -77.799149 -0.009974 
7900.000000 -77.299141 -0.009785 
8000.000000 -77.699135 -0.009712 
8100.000000 -77.999130 -0.009630 
8200.000000 -78.299126 -0.009549 
8300.000000 -78.999115 -0.009518 
8400.000000 -79.299110 -0.009440 
8500.000000 -79.699104 -0.009376 
8600.000000 -81.699074 -0.009500 
8700.000000 -82.799057 -0.009517 
8800.000000 -84.199020 -0.009568 
8900.000000 -84.899010 -0.009539 
9000.000000 -85.998993 -0.009555 
9100.000000 -86.798981 -0.009538 
9200.000000 -87.098961 -0.009467 
9300.000000 -88.298943 -0.009495 
9400.000000 -88.598938 -0.009425 
9500.000000 -89.698921 -0.009442 
9600.000000 -90.798904 -0.009458 
9700.000000 -91.998886 -0.009484 
9800.000000 -92.998871 -0.009490 
9900.000000 -93.898857 -0.009485 
10000.000000 -94.298836 -0.009430 
10100.000000 -93.598831 -0.009267 
10200.000000 -93.098824 -0.009127 
10300.000000 -93.698814 -0.009097 
10400.000000 -94.398788 -0.009077 
10500.000000 -95.198761 -0.009067 
10600.000000 -95.998749 -0.009056 
10700.000000 -96.898735 -0.009056 
10800.000000 -97.498726 -0.009028 
10900.000000 -98.398712 -0.009027 
11000.000000 -99.198685 -0.009018 
11100.000000 -98.698677 -0.008892 
11200.000000 -99.798660 -0.008911 
11300.000000 -98.498650 -0.008717 
11400.000000 -98.998642 -0.008684 
11500.000000 -100.198624 -0.008713 
11600.000000 -101.898598 -0.008784 
11700.000000 -101.798584 -0.008701 
11800.000000 -102.198578 -0.008661 
11900.000000 -101.598572 -0.008538 
12000.000000 -101.698570 -0.008475 
12100.000000 -102.898552 -0.008504 
12200.000000 -103.698540 -0.008500 
12300.000000 -104.798523 -0.008520 
12400.000000 -106.398499 -0.008581 
12500.000000 -107.398483 -0.008592 
12600.000000 -107.898476 -0.008563 
12700.000000 -108.298470 -0.008527 
12800.000000 -108.698448 -0.008492 
12900.000000 -109.598434 -0.008496 
13000.000000 -110.898415 -0.008531 
13100.000000 -112.898384 -0.008618 
13200.000000 -112.998383 -0.008560 
13300.000000 -113.798370 -0.008556 
13400.000000 -114.098366 -0.008515 
13500.000000 -115.098351 -0.008526 
13600.000000 -114.398346 -0.008412 
13700.000000 -114.098335 -0.008328 
13800.000000 -115.798309 -0.008391 
13900.000000 -116.798294 -0.008403 
14000.000000 -117.798279 -0.008414 
14100.000000 -117.898277 -0.008362 
14200.000000 -119.998245 -0.008451 
14300.000000 -119.298241 -0.008343 
14400.000000 -118.698235 -0.008243 
14500.000000 -118.398224 -0.008165 
14600.000000 -118.798218 -0.008137 
14700.000000 -118.498207 -0.008061 
14800.000000 -118.498192 -0.008007 
14900.000000 -120.798157 -0.008107 
15000.000000 -121.198151 -0.008080 
15100.000000 -122.098137 -0.008086 
15200.000000 -122.098122 -0.008033 
15300.000000 -122.298119 -0.007993 
15400.000000 -122.798111 -0.007974 
15500.000000 -123.898094 -0.007993 
15600.000000 -123.898079 -0.007942 
15700.000000 -123.998062 -0.007898 
15800.000000 -124.198044 -0.007861 
15900.000000 -125.598022 -0.007899 
16000.000000 -125.998001 -0.007875 
16100.000000 -125.797989 -0.007814 
16200.000000 -126.997971 -0.007839 
16300.000000 -126.897957 -0.007785 
16400.000000 -128.797989 -0.007854 
16500.000000 -130.198074 -0.007891 
16600.000000 -129.898117 -0.007825 
16700.000000 -129.598160 -0.007760 
16800.000000 -129.998184 -0.007738 
16900.000000 -131.298264 -0.007769 
17000.000000 -131.898361 -0.007759 
17100.000000 -132.798416 -0.007766 
17200.000000 -134.398514 -0.007814 
17300.000000 -134.498581 -0.007774 
17400.000000 -134.698654 -0.007741 
17500.000000 -134.098740 -0.007663 
17600.000000 -134.198807 -0.007625 
17700.000000 -135.298874 -0.007644 
17800.000000 -135.098923 -0.007590 
17900.000000 -135.298996 -0.007559 
18000.000000 -135.099045 -0.007506 
18100.000000 -136.699142 -0.007552 
18200.000000 -135.999161 -0.007472 
18300.000000 -136.499191 -0.007459 
18400.000000 -137.499252 -0.007473 
18500.000000 -138.399307 -0.007481 
18600.000000 -137.499313 -0.007392 
18700.000000 -138.899399 -0.007428 
18800.000000 -139.999466 -0.007447 
18900.000000 -140.499496 -0.007434 
19000.000000 -141.399612 -0.007442 
19100.000000 -140.599625 -0.007361 
19200.000000 -140.599625 -0.007323 
19300.000000 -141.599686 -0.007337 
19400.000000 -142.999771 -0.007371 
19500.000000 -141.599808 -0.007262 
19600.000000 -140.699814 -0.007179 
19700.000000 -140.599869 -0.007137 
19800.000000 -142.099960 -0.007177 
19900.000000 -142.300034 -0.007151 
20000.000000 -142.500046 -0.007125 
20100.000000 -143.300095 -0.007129 
20200.000000 -144.100143 -0.007134 
20300.000000 -145.200211 -0.007153 
20400.000000 -146.200272 -0.007167 
20500.000000 -146.100327 -0.007127 
20600.000000 -146.400345 -0.007107 
20700.000000 -147.500412 -0.007126 
20800.000000 -147.400467 -0.007087 
20900.000000 -148.600540 -0.007110 
21000.000000 -148.000565 -0.007048 
21100.000000 -149.600662 -0.007090 
21200.000000 -150.000687 -0.007076 
21300.000000 -149.100754 -0.007000 
21400.000000 -149.100815 -0.006967 
21500.000000 -150.100876 -0.006981 
21600.000000 -150.100937 -0.006949 
21700.000000 -150.800980 -0.006949 
21800.000000 -151.201065 -0.006936 
21900.000000 -149.601089 -0.006831 
22000.000000 -150.901169 -0.006859 
22100.000000 -151.401260 -0.006851 
22200.000000 -152.001297 -0.006847 
22300.000000 -152.501328 -0.006839 
22400.000000 -151.801346 -0.006777 
22500.000000 -152.301437 -0.006769 
22600.000000 -153.301498 -0.006783 
22700.000000 -152.801529 -0.006731 
22800.000000 -152.601578 -0.006693 
22900.000000 -153.801651 -0.006716 
23000.000000 -153.701706 -0.006683 
23100.000000 -153.401749 -0.006641 
23200.000000 -154.001785 -0.006638 
23300.000000 -154.301926 -0.006622 
23400.000000 -154.001968 -0.006581 
23500.000000 -154.902023 -0.006592 
23600.000000 -155.902084 -0.006606 
23700.000000 -156.302109 -0.006595 
23800.000000 -157.302170 -0.006609 
23900.000000 -156.502182 -0.006548 
24000.000000 -156.202225 -0.006508 
24100.000000 -155.902267 -0.006469 
24200.000000 -156.302292 -0.006459 
24300.000000 -156.602310 -0.006445 
24400.000000 -157.502365 -0.006455 
24500.000000 -158.202408 -0.006457 
24600.000000 -158.802444 -0.006455 
24700.000000 -159.002518 -0.006437 
24800.000000 -158.702560 -0.006399 
24900.000000 -159.602615 -0.006410 
25000.000000 -159.402664 -0.006376 
25100.000000 -160.002762 -0.006375 
25200.000000 -159.902817 -0.006345 
25300.000000 -160.002823 -0.006324 
25400.000000 -160.302841 -0.006311 
25500.000000 -160.002884 -0.006275 
25600.000000 -159.802933 -0.006242 
25700.000000 -159.502975 -0.006206 
25800.000000 -159.103012 -0.006167 
25900.000000 -159.603043 -0.006162 
26000.000000 -159.203079 -0.006123 
26100.000000 -160.103134 -0.006134 
26200.000000 -160.303207 -0.006118 
26300.000000 -160.103256 -0.006088 
26400.000000 -161.203323 -0.006106 
26500.000000 -160.403336 -0.006053 
26600.000000 -161.903427 -0.006087 
26700.000000 -162.103439 -0.006071 
26800.000000 -162.803482 -0.006075 
26900.000000 -162.503525 -0.006041 
27000.000000 -162.503525 -0.006019 
27100.000000 -162.603531 -0.006000 
27200.000000 -162.803604 -0.005985 
27300.000000 -163.703659 -0.005996 
27400.000000 -163.003677 -0.005949 
27500.000000 -162.403702 -0.005906 
27600.000000 -162.903732 -0.005902 
27700.000000 -163.103806 -0.005888 
27800.000000 -162.603836 -0.005849 
27900.000000 -162.103867 -0.005810 
28000.000000 -162.503891 -0.005804 
28100.000000 -163.003922 -0.005801 
28200.000000 -162.003922 -0.005745 
28300.000000 -161.303940 -0.005700 
28400.000000 -161.903976 -0.005701 
28500.000000 -164.004105 -0.005755 
28600.000000 -165.004166 -0.005769 
28700.000000 -165.104233 -0.005753 
28800.000000 -165.204300 -0.005736 
28900.000000 -166.304367 -0.005754 
29000.000000 -165.504379 -0.005707 
29100.000000 -164.704391 -0.005660 
29200.000000 -165.804459 -0.005678 
29300.000000 -164.304489 -0.005608 
29400.000000 -163.704514 -0.005568 
29500.000000 -165.104599 -0.005597 
29600.000000 -165.404678 -0.005588 
29700.000000 -166.304733 -0.005599 
29800.000000 -167.604813 -0.005624 
29900.000000 -167.004837 -0.005585 
30000.000000 -167.504868 -0.005583 
30100.000000 -166.204910 -0.005522 
30200.000000 -166.904953 -0.005527 
30300.000000 -165.904953 -0.005475 
30400.000000 -165.504990 -0.005444 
30500.000000 -165.504990 -0.005426 
30600.000000 -165.505051 -0.005409 
30700.000000 -165.405106 -0.005388 
30800.000000 -166.005142 -0.005390 
30900.000000 -165.205154 -0.005346 
31000.000000 -165.505173 -0.005339 
31100.000000 -165.905197 -0.005335 
31200.000000 -165.105209 -0.005292 
31300.000000 -164.305222 -0.005249 
31400.000000 -164.605240 -0.005242 
31500.000000 -165.605301 -0.005257 
31600.000000 -166.805374 -0.005279 
31700.000000 -166.105453 -0.005240 
31800.000000 -166.705490 -0.005242 
31900.000000 -167.605545 -0.005254 
32000.000000 -166.805557 -0.005213 
32100.000000 -166.805618 -0.005196 
32200.000000 -165.805618 -0.005149 
32300.000000 -166.905685 -0.005167 
32400.000000 -166.205765 -0.005130 
32500.000000 -166.605850 -0.005126 
32600.000000 -166.005875 -0.005092 
32700.000000 -166.205887 -0.005083 
32800.000000 -166.605911 -0.005079 
32900.000000 -167.105942 -0.005079 
33000.000000 -167.505966 -0.005076 
33100.000000 -167.106003 -0.005049 
33200.000000 -167.706039 -0.005051 
33300.000000 -166.806046 -0.005009 
33400.000000 -165.906052 -0.004967 
33500.000000 -164.706100 -0.004917 
33600.000000 -164.906174 -0.004908 
33700.000000 -165.206253 -0.004902 
33800.000000 -165.506332 -0.004897 
33900.000000 -164.006363 -0.004838 
34000.000000 -163.906418 -0.004821 
34100.000000 -161.606461 -0.004739 
34200.000000 -160.406509 -0.004690 
34300.000000 -160.206558 -0.004671 
34400.000000 -159.906601 -0.004648 
34500.000000 -160.206619 -0.004644 
34600.000000 -157.606644 -0.004555 
34700.000000 -156.806656 -0.004519 
34800.000000 -157.206680 -0.004517 
34900.000000 -157.106735 -0.004502 
35000.000000 -155.506760 -0.004443 
35100.000000 -154.606766 -0.004405 
35200.000000 -153.306808 -0.004355 
35300.000000 -153.706833 -0.004354 
35400.000000 -152.706833 -0.004314 
35500.000000 -153.306870 -0.004319 
35600.000000 -152.606888 -0.004287 
35700.000000 -151.706894 -0.004249 
35800.000000 -150.906906 -0.004215 
35900.000000 -150.306931 -0.004187 
36000.000000 -150.707016 -0.004186 
36100.000000 -150.107040 -0.004158 
36200.000000 -149.307114 -0.004125 
36300.000000 -148.707138 -0.004097 
36400.000000 -148.407181 -0.004077 
36500.000000 -148.907272 -0.004080 
36600.000000 -149.507309 -0.004085 
36700.000000 -148.907333 -0.004057 
36800.000000 -148.507370 -0.004036 
36900.000000 -149.107468 -0.004041 
37000.000000 -149.007523 -0.004027 
37100.000000 -149.607559 -0.004033 
37200.000000 -149.907639 -0.004030 
37300.000000 -150.607742 -0.004038 
37400.000000 -149.907761 -0.004008 
37500.000000 -149.707809 -0.003992 
37600.000000 -148.807816 -0.003958 
37700.000000 -149.107834 -0.003955 
37800.000000 -148.807877 -0.003937 
37900.000000 -149.407974 -0.003942 
38000.000000 -150.008011 -0.003948 
38100.000000 -149.408035 -0.003921 
38200.000000 -149.508041 -0.003914 
38300.000000 -149.608047 -0.003906 
38400.000000 -149.908066 -0.003904 
38500.000000 -148.608109 -0.003860 
38600.000000 -148.608109 -0.003850 
38700.000000 -148.608170 -0.003840 
38800.000000 -147.408218 -0.003799 
38900.000000 -145.408218 -0.003738 
39000.000000 -145.008255 -0.003718 
39100.000000 -145.308334 -0.003716 
39200.000000 -144.708420 -0.003692 
39300.000000 -144.608475 -0.003680 
39400.000000 -145.408524 -0.003691 
39500.000000 -143.708542 -0.003638 
39600.000000 -143.108566 -0.003614 
39700.000000 -142.308578 -0.003585 
39800.000000 -142.908615 -0.003591 
39900.000000 -143.308640 -0.003592 
40000.000000 -142.408646 -0.003560 
40100.000000 -141.908676 -0.003539 
40200.000000 -142.108688 -0.003535 
40300.000000 -142.208755 -0.003529 
40400.000000 -141.108810 -0.003493 
40500.000000 -141.108810 -0.003484 
40600.000000 -140.808853 -0.003468 
40700.000000 -140.608902 -0.003455 
40800.000000 -139.708969 -0.003424 
40900.000000 -139.309006 -0.003406 
41000.000000 -138.809036 -0.003386 
41100.000000 -137.809036 -0.003353 
41200.000000 -137.009048 -0.003325 
41300.000000 -136.909103 -0.003315 
41400.000000 -136.409134 -0.003295 
41500.000000 -136.009171 -0.003277 
41600.000000 -136.109238 -0.003272 
41700.000000 -136.609268 -0.003276 
41800.000000 -137.109299 -0.003280 
41900.000000 -137.509323 -0.003282 
42000.000000 -136.909348 -0.003260 
42100.000000 -136.209366 -0.003235 
42200.000000 -135.709396 -0.003216 
42300.000000 -135.909409 -0.003213 
42400.000000 -135.609451 -0.003198 
42500.000000 -135.909470 -0.003198 
42600.000000 -135.009476 -0.003169 
42700.000000 -134.409500 -0.003148 
42800.000000 -134.709518 -0.003147 
42900.000000 -133.709518 -0.003117 
43000.000000 -134.009537 -0.003117 
43100.000000 -134.409561 -0.003119 
43200.000000 -134.509567 -0.003114 
43300.000000 -134.709579 -0.003111 
43400.000000 -135.709641 -0.003127 
43500.000000 -134.809647 -0.003099 
43600.000000 -134.009659 -0.003074 
43700.000000 -134.609695 -0.003080 
43800.000000 -134.309738 -0.003066 
43900.000000 -133.909775 -0.003050 
44000.000000 -134.309799 -0.003052 
44100.000000 -133.709824 -0.003032 
44200.000000 -133.709824 -0.003025 
44300.000000 -131.909836 -0.002978 
44400.000000 -131.009842 -0.002951 
44500.000000 -129.009842 -0.002899 
44600.000000 -128.709885 -0.002886 
44700.000000 -129.509933 -0.002897 
44800.000000 -128.909958 -0.002877 
44900.000000 -129.010025 -0.002873 
45000.000000 -128.410049 -0.002854 
45100.000000 -128.810074 -0.002856 
45200.000000 -128.010086 -0.002832 
45300.000000 -126.110085 -0.002784 
45400.000000 -125.110085 -0.002756 
45500.000000 -125.410080 -0.002756 
45600.000000 -125.710060 -0.002757 
45700.000000 -126.410049 -0.002766 
45800.000000 -126.910042 -0.002771 
45900.000000 -127.510033 -0.002778 
46000.000000 -126.610031 -0.002752 
46100.000000 -126.910027 -0.002753 
46200.000000 -127.010025 -0.002749 
46300.000000 -127.410019 -0.002752 
46400.000000 -127.110008 -0.002739 
46500.000000 -126.610001 -0.002723 
46600.000000 -127.209991 -0.002730 
46700.000000 -127.509987 -0.002730 
46800.000000 -127.009979 -0.002714 
46900.000000 -125.209976 -0.002670 
47000.000000 -125.609970 -0.002673 
47100.000000 -127.109947 -0.002699 
47200.000000 -127.809921 -0.002708 
47300.000000 -128.209991 -0.002711 
47400.000000 -127.910004 -0.002699 
47500.000000 -127.210007 -0.002678 
47600.000000 -127.909996 -0.002687 
47700.000000 -128.009995 -0.002684 
47800.000000 -128.310013 -0.002684 
47900.000000 -128.710037 -0.002687 
48000.000000 -129.010056 -0.002688 
48100.000000 -129.510086 -0.002693 
48200.000000 -128.510147 -0.002666 
48300.000000 -128.810165 -0.002667 
48400.000000 -128.510193 -0.002655 
48500.000000 -129.110291 -0.002662 
48600.000000 -128.410309 -0.002642 
48700.000000 -126.810310 -0.002604 
48800.000000 -126.110306 -0.002584 
48900.000000 -126.810295 -0.002593 
49000.000000 -127.310272 -0.002598 
49100.000000 -125.610268 -0.002558 
49200.000000 -123.910263 -0.002519 
49300.000000 -123.310257 -0.002501 
49400.000000 -122.610252 -0.002482 
49500.000000 -122.710236 -0.002479 
49600.000000 -121.810234 -0.002456 
49700.000000 -121.410225 -0.002443 
49800.000000 -120.610222 -0.002422 
49900.000000 -119.710220 -0.002399 
50000.000000 -118.710205 -0.002374 
50100.000000 -119.110184 -0.002377 
50200.000000 -118.610176 -0.002363 
50300.000000 -118.810158 -0.002362 
50400.000000 -119.010139 -0.002361 
50500.000000 -118.610130 -0.002349 
50600.000000 -117.610130 -0.002324 
50700.000000 -117.610115 -0.002320 
50800.000000 -116.810112 -0.002299 
50900.000000 -117.310104 -0.002305 
51000.000000 -116.910095 -0.002292 
51100.000000 -116.010078 -0.002270 
51200.000000 -115.410057 -0.002254 
51300.000000 -114.510056 -0.002232 
51400.000000 -113.710052 -0.002212 
51500.000000 -112.010048 -0.002175 
51600.000000 -112.010048 -0.002171 
51700.000000 -112.010048 -0.002167 
51800.000000 -113.610023 -0.002193 
51900.000000 -112.010017 -0.002158 
52000.000000 -112.110016 -0.002156 
52100.000000 -111.910004 -0.002148 
52200.000000 -112.209999 -0.002150 
52300.000000 -111.709991 -0.002136 
52400.000000 -110.309982 -0.002105 
52500.000000 -110.509979 -0.002105 
52600.000000 -109.609978 -0.002084 
52700.000000 -109.809975 -0.002084 
52800.000000 -110.309952 -0.002089 
52900.000000 -111.109940 -0.002100 
53000.000000 -110.909927 -0.002093 
53100.000000 -109.909927 -0.002070 
53200.000000 -110.109909 -0.002070 
53300.000000 -110.309891 -0.002070 
53400.000000 -110.709885 -0.002073 
53500.000000 -110.209877 -0.002060 
53600.000000 -109.309860 -0.002039 
53700.000000 -108.709854 -0.002024 
53800.000000 -108.509842 -0.002017 
53900.000000 -106.609840 -0.001978 
54000.000000 -106.809837 -0.001978 
54100.000000 -106.609825 -0.001971 
54200.000000 -106.309814 -0.001961 
54300.000000 -107.009804 -0.001971 
54400.000000 -106.409798 -0.001956 
54500.000000 -106.409798 -0.001952 
54600.000000 -105.809792 -0.001938 
54700.000000 -106.209785 -0.001942 
54800.000000 -104.209785 -0.001902 
54900.000000 -102.709778 -0.001871 
55000.000000 -101.109772 -0.001838 
55100.000000 -101.309769 -0.001839 
55200.000000 -102.809746 -0.001862 
55300.000000 -103.009727 -0.001863 
55400.000000 -102.309723 -0.001847 
55500.000000 -102.709717 -0.001851 
55600.000000 -102.809715 -0.001849 
55700.000000 -102.409706 -0.001839 
55800.000000 -101.709702 -0.001823 
55900.000000 -101.409691 -0.001814 
56000.000000 -101.709686 -0.001816 
56100.000000 -101.109680 -0.001802 
56200.000000 -99.309677 -0.001767 
56300.000000 -98.609673 -0.001752 
56400.000000 -97.809669 -0.001734 
56500.000000 -97.609657 -0.001728 
56600.000000 -94.909653 -0.001677 
56700.000000 -93.309647 -0.001646 
56800.000000 -92.109634 -0.001622 
56900.000000 -91.409630 -0.001606 
57000.000000 -89.709625 -0.001574 
57100.000000 -89.109619 -0.001561 
57200.000000 -88.909607 -0.001554 
57300.000000 -89.809593 -0.001567 
57400.000000 -89.109589 -0.001552 
57500.000000 -88.309586 -0.001536 
57600.000000 -87.909576 -0.001526 
57700.000000 -88.209572 -0.001529 
57800.000000 -87.009560 -0.001505 
57900.000000 -85.309555 -0.001473 
58000.000000 -85.309555 -0.001471 
58100.000000 -84.809547 -0.001460 
58200.000000 -84.409538 -0.001450 
58300.000000 -83.609535 -0.001434 
58400.000000 -84.609520 -0.001449 
58500.000000 -84.609520 -0.001446 
58600.000000 -84.609520 -0.001444 
58700.000000 -84.109512 -0.001433 
58800.000000 -82.509506 -0.001403 
58900.000000 -82.609505 -0.001403 
59000.000000 -80.709503 -0.001368 
59100.000000 -79.909500 -0.001352 
59200.000000 -79.109497 -0.001336 
59300.000000 -78.709488 -0.001327 
59400.000000 -76.709488 -0.001291 
59500.000000 -76.909485 -0.001293 
59600.000000 -76.609474 -0.001285 
59700.000000 -76.109451 -0.001275 
59800.000000 -75.309448 -0.001259 
59900.000000 -75.509445 -0.001261 
60000.000000 -74.609444 -0.001243 
60100.000000 -74.209435 -0.001235 
60200.000000 -73.209435 -0.001216 
60300.000000 -71.909424 -0.001193 
60400.000000 -71.109421 -0.001177 
60500.000000 -70.609413 -0.001167 
60600.000000 -68.509399 -0.001131 
60700.000000 -67.109390 -0.001106 
60800.000000 -66.809380 -0.001099 
60900.000000 -65.109375 -0.001069 
61000.000000 -64.309357 -0.001054 
61100.000000 -62.609352 -0.001025 
61200.000000 -62.009346 -0.001013 
61300.000000 -61.509338 -0.001003 
61400.000000 -61.409325 -0.001000 
61500.000000 -61.309311 -0.000997 
61600.000000 -60.709305 -0.000986 
61700.000000 -59.609291 -0.000966 
61800.000000 -60.809273 -0.000984 
61900.000000 -59.509262 -0.000961 
62000.000000 -58.709259 -0.000947 
62100.000000 -57.709259 -0.000929 
62200.000000 -57.509247 -0.000925 
62300.000000 -56.409233 -0.000905 
62400.000000 -56.609230 -0.000907 
62500.000000 -57.009224 -0.000912 
62600.000000 -56.609215 -0.000904 
62700.000000 -56.209206 -0.000896 
62800.000000 -55.809196 -0.000889 
62900.000000 -56.409187 -0.000897 
63000.000000 -56.009178 -0.000889 
63100.000000 -54.609169 -0.000865 
63200.000000 -54.609169 -0.000864 
63300.000000 -53.609169 -0.000847 
63400.000000 -53.909164 -0.000850 
63500.000000 -52.509155 -0.000827 
63600.000000 -52.809151 -0.000830 
63700.000000 -52.509140 -0.000824 
63800.000000 -52.909134 -0.000829 
63900.000000 -52.509125 -0.000822 
64000.000000 -51.809120 -0.000810 
64100.000000 -51.709106 -0.000807 
64200.000000 -51.009102 -0.000795 
64300.000000 -49.009102 -0.000762 
64400.000000 -49.309097 -0.000766 
64500.000000 -46.509094 -0.000721 
64600.000000 -47.209084 -0.000731 
64700.000000 -47.209084 -0.000730 
64800.000000 -47.209084 -0.000729 
64900.000000 -45.709076 -0.000704 
65000.000000 -45.809059 -0.000705 
65100.000000 -43.909058 -0.000674 
65200.000000 -43.309052 -0.000664 
65300.000000 -41.809044 -0.000640 
65400.000000 -39.409035 -0.000603 
65500.000000 -38.909027 -0.000594 
65600.000000 -38.909012 -0.000593 
65700.000000 -37.808998 -0.000575 
65800.000000 -36.808998 -0.000559 
65900.000000 -36.908997 -0.000560 
66000.000000 -36.508987 -0.000553 
66100.000000 -35.808983 -0.000542 
66200.000000 -34.508972 -0.000521 
66300.000000 -33.908966 -0.000511 
66400.000000 -34.008965 -0.000512 
66500.000000 -34.108963 -0.000513 
66600.000000 -33.908951 -0.000509 
66700.000000 -33.008949 -0.000495 
66800.000000 -32.308945 -0.000484 
66900.000000 -31.508942 -0.000471 
67000.000000 -30.908943 -0.000461 
67100.000000 -29.108944 -0.000434 
67200.000000 -27.308945 -0.000406 
67300.000000 -26.808947 -0.000398 
67400.000000 -26.308949 -0.000390 
67500.000000 -26.908951 -0.000399 
67600.000000 -26.408953 -0.000391 
67700.000000 -25.108955 -0.000371 
67800.000000 -24.908958 -0.000367 
67900.000000 -24.308960 -0.000358 
68000.000000 -22.608961 -0.000332 
68100.000000 -23.108963 -0.000339 
68200.000000 -23.708965 -0.000348 
68300.000000 -22.808966 -0.000334 
68400.000000 -23.608969 -0.000345 
68500.000000 -22.808969 -0.000333 
68600.000000 -22.208971 -0.000324 
68700.000000 -22.208971 -0.000323 
68800.000000 -22.308971 -0.000324 
68900.000000 -21.308975 -0.000309 
69000.000000 -21.008978 -0.000304 
69100.000000 -19.908981 -0.000288 
69200.000000 -19.008982 -0.000275 
69300.000000 -19.208990 -0.000277 
69400.000000 -18.808996 -0.000271 
69500.000000 -18.709000 -0.000269 
69600.000000 -18.109001 -0.000260 
69700.000000 -18.509003 -0.000266 
69800.000000 -17.009005 -0.000244 
69900.000000 -16.709007 -0.000239 
70000.000000 -15.009008 -0.000214 
70100.000000 -15.309010 -0.000218 
70200.000000 -15.509014 -0.000221 
70300.000000 -13.809015 -0.000196 
70400.000000 -13.909016 -0.000198 
70500.000000 -12.109016 -0.000172 
70600.000000 -11.809019 -0.000167 
70700.000000 -11.909019 -0.000168 
70800.000000 -11.009020 -0.000155 
70900.000000 -10.109020 -0.000143 
71000.000000 -10.509022 -0.000148 
71100.000000 -10.809023 -0.000152 
71200.000000 -9.109024 -0.000128 
71300.000000 -8.409025 -0.000118 
71400.000000 -7.809027 -0.000109 
71500.000000 -6.909027 -0.000097 
71600.000000 -5.209026 -0.000073 
71700.000000 -2.809026 -0.000039 
71800.000000 -1.309025 -0.000018 
71900.000000 -1.109025 -0.000015 
72000.000000 0.790974 0.000011 
72100.000000 1.690974 0.000023 
72200.000000 3.490975 0.000048 
72300.000000 3.990975 0.000055 
72400.000000 4.690975 0.000065 
72500.000000 6.390975 0.000088 
72600.000000 6.590976 0.000091 
72700.000000 8.490976 0.000117 
72800.000000 8.590975 0.000118 
72900.000000 8.190973 0.000112 
73000.000000 7.690973 0.000105 
73100.000000 8.390972 0.000115 
73200.000000 9.390972 0.000128 
73300.000000 10.190971 0.000139 
73400.000000 11.790970 0.000161 
73500.000000 12.490969 0.000170 
73600.000000 13.990967 0.000190 
73700.000000 16.490965 0.000224 
73800.000000 17.290964 0.000234 
73900.000000 18.090963 0.000245 
74000.000000 18.790962 0.000254 
74100.000000 18.790962 0.000254 
74200.000000 20.190960 0.000272 
74300.000000 21.790958 0.000293 
74400.000000 21.390957 0.000288 
74500.000000 22.290956 0.000299 
74600.000000 24.990955 0.000335 
74700.000000 26.290953 0.000352 
74800.000000 27.790951 0.000372 
74900.000000 27.490950 0.000367 
75000.000000 29.190948 0.000389 
75100.000000 30.190948 0.000402 
75200.000000 29.790947 0.000396 
75300.000000 29.290945 0.000389 
75400.000000 31.190945 0.000414 
75500.000000 31.090944 0.000412 
75600.000000 32.090942 0.000424 
75700.000000 32.690941 0.000432 
75800.000000 32.490944 0.000429 
75900.000000 33.490944 0.000441 
76000.000000 34.290947 0.000451 
76100.000000 33.690956 0.000443 
76200.000000 34.490959 0.000453 
76300.000000 34.390961 0.000451 
76400.000000 35.290962 0.000462 
76500.000000 35.890968 0.000469 
76600.000000 37.790970 0.000493 
76700.000000 38.790970 0.000506 
76800.000000 39.590973 0.000516 
76900.000000 40.090981 0.000521 
77000.000000 42.590988 0.000553 
77100.000000 42.990997 0.000558 
77200.000000 42.191010 0.000547 
77300.000000 43.091011 0.000557 
77400.000000 45.291023 0.000585 
77500.000000 45.891029 0.000592 
77600.000000 45.691032 0.000589 
77700.000000 46.391037 0.000597 
77800.000000 46.291039 0.000595 
77900.000000 46.291039 0.000594 
78000.000000 46.291039 0.000593 
78100.000000 47.991043 0.000614 
78200.000000 47.291054 0.000605 
78300.000000 48.191055 0.000615 
78400.000000 48.791061 0.000622 
78500.000000 48.391068 0.000616 
78600.000000 48.191071 0.000613 
78700.000000 48.991074 0.000623 
78800.000000 49.791077 0.000632 
78900.000000 48.991089 0.000621 
79000.000000 49.491096 0.000626 
79100.000000 49.391098 0.000624 
79200.000000 50.191101 0.000634 
79300.000000 49.691109 0.000627 
79400.000000 49.691109 0.000626 
79500.000000 49.491112 0.000623 
79600.000000 50.191116 0.000631 
79700.000000 50.491127 0.000634 
79800.000000 51.091133 0.000640 
79900.000000 50.991150 0.000638 
80000.000000 51.591156 0.000645 
80100.000000 53.091164 0.000663 
80200.000000 53.891167 0.000672 
80300.000000 54.491173 0.000679 
80400.000000 54.491173 0.000678 
80500.000000 53.591187 0.000666 
80600.000000 55.291191 0.000686 
80700.000000 57.791199 0.000716 
80800.000000 59.191208 0.000733 
80900.000000 59.891212 0.000740 
81000.000000 60.691216 0.000749 
81100.000000 60.491219 0.000746 
81200.000000 61.991226 0.000763 
81300.000000 62.391235 0.000767 
81400.000000 62.791245 0.000771 
81500.000000 63.391251 0.000778 
81600.000000 64.291252 0.000788 
81700.000000 67.291252 0.000824 
81800.000000 67.891258 0.000830 
81900.000000 68.691261 0.000839 
82000.000000 68.991272 0.000841 
82100.000000 70.791275 0.000862 
82200.000000 69.591293 0.000847 
82300.000000 70.991302 0.000863 
82400.000000 71.991302 0.000874 
82500.000000 72.391312 0.000877 
82600.000000 72.291313 0.000875 
82700.000000 74.791321 0.000904 
82800.000000 74.991333 0.000906 
82900.000000 76.191345 0.000919 
83000.000000 75.891350 0.000914 
83100.000000 76.691353 0.000923 
83200.000000 75.991364 0.000913 
83300.000000 76.691368 0.000921 
83400.000000 77.491371 0.000929 
83500.000000 78.491371 0.000940 
83600.000000 77.891380 0.000932 
83700.000000 79.791382 0.000953 
83800.000000 79.491386 0.000949 
83900.000000 80.491386 0.000959 
84000.000000 79.891396 0.000951 
84100.000000 79.891396 0.000950 
84200.000000 80.891396 0.000961 
84300.000000 81.391403 0.000965 
84400.000000 81.191406 0.000962 
84500.000000 81.091423 0.000960 
84600.000000 80.591431 0.000953 
84700.000000 80.391449 0.000949 
84800.000000 79.791458 0.000941 
84900.000000 81.291466 0.000957 
85000.000000 82.891472 0.000975 
85100.000000 84.891472 0.000998 
85200.000000 86.491478 0.001015 
85300.000000 87.091484 0.001021 
85400.000000 87.391495 0.001023 
85500.000000 88.191498 0.001031 
85600.000000 89.691505 0.001048 
85700.000000 90.391510 0.001055 
85800.000000 91.891518 0.001071 
85900.000000 92.291527 0.001074 
86000.000000 93.991531 0.001093 
86100.000000 94.691536 0.001100 
86200.000000 95.091545 0.001103 
86300.000000 95.591553 0.001108 
86400.000000 97.891563 0.001133 
86500.000000 98.791565 0.001142 
86600.000000 100.291573 0.001158 
86700.000000 101.891579 0.001175 
86800.000000 102.591583 0.001182 
86900.000000 102.991592 0.001185 
87000.000000 102.791595 0.001182 
87100.000000 104.591599 0.001201 
87200.000000 105.591599 0.001211 
87300.000000 105.191605 0.001205 
87400.000000 105.091606 0.001202 
87500.000000 105.991608 0.001211 
87600.000000 105.491615 0.001204 
87700.000000 105.391617 0.001202 
87800.000000 106.291618 0.001211 
87900.000000 106.491631 0.001212 
88000.000000 106.791641 0.001214 
88100.000000 107.591644 0.001221 
88200.000000 106.891670 0.001212 
88300.000000 105.691704 0.001197 
88400.000000 105.991714 0.001199 
88500.000000 106.791718 0.001207 
88600.000000 107.791718 0.001217 
88700.000000 107.791718 0.001215 
88800.000000 108.491722 0.001222 
88900.000000 109.191727 0.001228 
89000.000000 109.591736 0.001231 
89100.000000 110.191742 0.001237 
89200.000000 109.991745 0.001233 
89300.000000 109.891747 0.001231 
89400.000000 109.191757 0.001221 
89500.000000 110.091759 0.001230 
89600.000000 109.691765 0.001224 
89700.000000 109.291771 0.001218 
89800.000000 108.691780 0.001210 
89900.000000 107.991791 0.001201 
90000.000000 107.991791 0.001200 
90100.000000 107.891792 0.001197 
90200.000000 108.791794 0.001206 
90300.000000 109.391800 0.001211 
90400.000000 107.991821 0.001195 
90500.000000 109.191833 0.001207 
90600.000000 110.691841 0.001222 
90700.000000 111.791855 0.001233 
90800.000000 113.791870 0.001253 
90900.000000 115.991882 0.001276 
91000.000000 116.491890 0.001280 
91100.000000 116.291893 0.001277 
91200.000000 117.191895 0.001285 
91300.000000 117.791901 0.001290 
91400.000000 119.191910 0.001304 
91500.000000 120.991913 0.001322 
91600.000000 119.991928 0.001310 
91700.000000 121.991928 0.001330 
91800.000000 123.591934 0.001346 
91900.000000 123.191940 0.001340 
92000.000000 123.191940 0.001339 
92100.000000 123.091942 0.001337 
92200.000000 123.491951 0.001339 
92300.000000 123.491951 0.001338 
92400.000000 123.391953 0.001335 
92500.000000 123.191956 0.001332 
92600.000000 123.691963 0.001336 
92700.000000 123.691963 0.001334 
92800.000000 123.191971 0.001327 
92900.000000 123.091972 0.001325 
93000.000000 123.691978 0.001330 
93100.000000 124.391983 0.001336 
93200.000000 125.191986 0.001343 
93300.000000 125.791992 0.001348 
93400.000000 125.791992 0.001347 
93500.000000 126.691994 0.001355 
93600.000000 126.391998 0.001350 
93700.000000 127.192001 0.001357 
93800.000000 127.792007 0.001362 
93900.000000 128.592010 0.001369 
94000.000000 128.191986 0.001364 
94100.000000 129.991974 0.001381 
94200.000000 130.891968 0.001390 
94300.000000 130.591949 0.001385 
94400.000000 130.291931 0.001380 
94500.000000 130.291931 0.001379 
94600.000000 129.591888 0.001370 
94700.000000 130.491882 0.001378 
94800.000000 130.091858 0.001372 
94900.000000 130.791840 0.001378 
95000.000000 130.791779 0.001377 
95100.000000 130.791779 0.001375 
95200.000000 130.791779 0.001374 
95300.000000 130.691772 0.001371 
95400.000000 131.691772 0.001380 
95500.000000 131.491760 0.001377 
95600.000000 132.491760 0.001386 
95700.000000 133.391754 0.001394 
95800.000000 134.291748 0.001402 
95900.000000 134.791718 0.001406 
96000.000000 134.591705 0.001402 
96100.000000 135.591705 0.001411 
96200.000000 136.591705 0.001420 
96300.000000 137.591705 0.001429 
96400.000000 137.591705 0.001427 
96500.000000 137.591705 0.001426 
96600.000000 137.391693 0.001422 
96700.000000 138.791656 0.001435 
96800.000000 138.591644 0.001432 
96900.000000 138.391632 0.001428 
97000.000000 139.291626 0.001436 
97100.000000 140.191620 0.001444 
97200.000000 140.191620 0.001442 
97300.000000 140.891602 0.001448 
97400.000000 140.691589 0.001444 
97500.000000 142.291565 0.001459 
97600.000000 142.191559 0.001457 
97700.000000 142.191559 0.001455 
97800.000000 141.891541 0.001451 
97900.000000 142.791534 0.001459 
98000.000000 142.391510 0.001453 
98100.000000 143.291504 0.001461 
98200.000000 143.591461 0.001462 
98300.000000 141.991364 0.001444 
98400.000000 143.591339 0.001459 
98500.000000 143.591339 0.001458 
98600.000000 144.091309 0.001461 
98700.000000 143.991302 0.001459 
98800.000000 145.291260 0.001471 
98900.000000 146.091248 0.001477 
99000.000000 146.891235 0.001484 
99100.000000 147.891235 0.001492 
99200.000000 147.691223 0.001489 
99300.000000 148.491211 0.001495 
99400.000000 150.391205 0.001513 
99500.000000 150.891174 0.001516 
99600.000000 151.491150 0.001521 
99700.000000 153.391144 0.001539 
99800.000000 152.991119 0.001533 
99900.000000 152.791107 0.001529 
100000.000000 153.591095 0.001536 
100100.000000 153.091064 0.001529 
100200.000000 153.091064 0.001528 
100300.000000 152.791046 0.001523 
100400.000000 152.291016 0.001517 
100500.000000 152.191010 0.001514 
100600.000000 151.990997 0.001511 
100700.000000 151.790985 0.001507 
100800.000000 151.690979 0.001505 
100900.000000 150.990936 0.001496 
101000.000000 150.890930 0.001494 
101100.000000 150.790924 0.001492 
101200.000000 151.590912 0.001498 
101300.000000 151.590912 0.001496 
101400.000000 151.290894 0.001492 
101500.000000 152.790863 0.001505 
101600.000000 152.690857 0.001503 
101700.000000 152.690857 0.001501 
101800.000000 152.690857 0.001500 
101900.000000 153.590851 0.001507 
102000.000000 152.890808 0.001499 
102100.000000 153.490784 0.001503 
102200.000000 153.290771 0.001500 
102300.000000 153.690735 0.001502 
102400.000000 154.490723 0.001509 
102500.000000 155.090698 0.001513 
102600.000000 154.590607 0.001507 
102700.000000 154.090576 0.001500 
102800.000000 155.090576 0.001509 
102900.000000 155.790558 0.001514 
103000.000000 155.690552 0.001512 
103100.000000 156.290527 0.001516 
103200.000000 157.590485 0.001527 
103300.000000 158.190460 0.001531 
103400.000000 159.090454 0.001539 
103500.000000 160.990448 0.001555 
103600.000000 162.590424 0.001569 
103700.000000 161.890381 0.001561 
103800.000000 163.790375 0.001578 
103900.000000 163.690369 0.001575 
104000.000000 164.090332 0.001578 
104100.000000 163.790314 0.001573 
104200.000000 163.090271 0.001565 
104300.000000 162.590240 0.001559 
104400.000000 163.590240 0.001567 
104500.000000 164.290222 0.001572 
104600.000000 164.990204 0.001577 
104700.000000 165.790192 0.001583 
104800.000000 164.890137 0.001573 
104900.000000 165.890137 0.001581 
105000.000000 165.690125 0.001578 
105100.000000 165.590118 0.001576 
105200.000000 165.590118 0.001574 
105300.000000 165.590118 0.001573 
105400.000000 165.490112 0.001570 
105500.000000 166.890076 0.001582 
105600.000000 166.790070 0.001579 
105700.000000 166.490051 0.001575 
105800.000000 166.190033 0.001571 
105900.000000 166.090027 0.001568 
106000.000000 167.090027 0.001576 
106100.000000 167.790009 0.001581 
106200.000000 168.389984 0.001586 
106300.000000 169.389984 0.001594 
106400.000000 170.289978 0.001600 
106500.000000 170.989960 0.001606 
106600.000000 170.789948 0.001602 
106700.000000 170.789948 0.001601 
106800.000000 171.289917 0.001604 
106900.000000 171.989899 0.001609 
107000.000000 172.689880 0.001614 
107100.000000 173.389862 0.001619 
107200.000000 173.589813 0.001619 
107300.000000 175.589813 0.001636 
107400.000000 175.589813 0.001635 
107500.000000 176.289795 0.001640 
107600.000000 176.289795 0.001638 
107700.000000 175.289734 0.001628 
107800.000000 176.289734 0.001635 
107900.000000 176.089722 0.001632 
108000.000000 176.089722 0.001630 
108100.000000 176.689697 0.001635 
108200.000000 177.489685 0.001640 
108300.000000 177.889648 0.001643 
108400.000000 179.589630 0.001657 
108500.000000 181.489624 0.001673 
108600.000000 181.889587 0.001675 
108700.000000 181.289551 0.001668 
108800.000000 181.989532 0.001673 
108900.000000 181.889526 0.001670 
109000.000000 181.189484 0.001662 
109100.000000 181.189484 0.001661 
109200.000000 182.089478 0.001667 
109300.000000 181.989471 0.001665 
109400.000000 181.989471 0.001664 
109500.000000 182.889465 0.001670 
109600.000000 182.189423 0.001662 
109700.000000 182.489380 0.001664 
109800.000000 182.489380 0.001662 
109900.000000 181.889343 0.001655 
110000.000000 181.589325 0.001651 
110100.000000 182.089294 0.001654 
110200.000000 181.389252 0.001646 
110300.000000 181.189240 0.001643 
110400.000000 182.089233 0.001649 
110500.000000 182.489197 0.001651 
110600.000000 182.989166 0.001655 
110700.000000 182.389069 0.001648 
110800.000000 181.989044 0.001643 
110900.000000 181.789032 0.001639 
111000.000000 181.489014 0.001635 
111100.000000 181.489014 0.001634 
111200.000000 181.389008 0.001631 
111300.000000 181.188934 0.001628 
111400.000000 181.688904 0.001631 
111500.000000 182.488892 0.001637 
111600.000000 182.388885 0.001634 
111700.000000 183.988861 0.001647 
111800.000000 183.588837 0.001642 
111900.000000 184.288818 0.001647 
112000.000000 184.288818 0.001645 
112100.000000 184.088806 0.001642 
112200.000000 184.088806 0.001641 
112300.000000 183.688782 0.001636 
112400.000000 182.888733 0.001627 
112500.000000 183.188690 0.001628 
112600.000000 183.088684 0.001626 
112700.000000 184.988678 0.001641 
112800.000000 185.188629 0.001642 
112900.000000 187.988617 0.001665 
113000.000000 187.488586 0.001659 
113100.000000 188.288574 0.001665 
113200.000000 189.888550 0.001677 
113300.000000 190.588531 0.001682 
113400.000000 190.988495 0.001684 
113500.000000 190.888489 0.001682 
113600.000000 190.788483 0.001679 
113700.000000 191.588470 0.001685 
113800.000000 191.488464 0.001683 
113900.000000 191.388458 0.001680 
114000.000000 191.288452 0.001678 
114100.000000 190.888428 0.001673 
114200.000000 190.888428 0.001672 
114300.000000 190.688416 0.001668 
114400.000000 189.888367 0.001660 
114500.000000 189.788361 0.001658 
114600.000000 189.688354 0.001655 
114700.000000 189.388336 0.001651 
114800.000000 190.288330 0.001658 
114900.000000 190.988312 0.001662 
115000.000000 190.488220 0.001656 
115100.000000 191.488220 0.001664 
115200.000000 191.888184 0.001666 
115300.000000 191.888184 0.001664 
115400.000000 191.688171 0.001661 
115500.000000 192.288147 0.001665 
115600.000000 192.088135 0.001662 
115700.000000 191.688110 0.001657 
115800.000000 191.388092 0.001653 
115900.000000 191.188080 0.001650 
116000.000000 192.188080 0.001657 
116100.000000 192.988068 0.001662 
116200.000000 192.888062 0.001660 
116300.000000 192.888062 0.001659 
116400.000000 192.488037 0.001654 
116500.000000 192.488037 0.001652 
116600.000000 192.488037 0.001651 
116700.000000 193.088013 0.001655 
116800.000000 192.888000 0.001651 
116900.000000 192.787994 0.001649 
117000.000000 192.687988 0.001647 
117100.000000 192.687988 0.001645 
117200.000000 192.687988 0.001644 
117300.000000 192.387970 0.001640 
117400.000000 193.187958 0.001646 
117500.000000 193.087952 0.001643 
117600.000000 192.987946 0.001641 
117700.000000 192.987946 0.001640 
117800.000000 192.587921 0.001635 
117900.000000 192.387909 0.001632 
118000.000000 192.087891 0.001628 
118100.000000 191.987885 0.001626 
118200.000000 191.987885 0.001624 
118300.000000 192.787872 0.001630 
118400.000000 192.787872 0.001628 
118500.000000 192.687866 0.001626 
118600.000000 192.287842 0.001621 
118700.000000 192.287842 0.001620 
118800.000000 192.287842 0.001619 
118900.000000 192.287842 0.001617 
119000.000000 191.687805 0.001611 
119100.000000 192.487793 0.001616 
119200.000000 192.387787 0.001614 
119300.000000 193.087769 0.001619 
119400.000000 193.087769 0.001617 
119500.000000 194.687744 0.001629 
119600.000000 194.687744 0.001628 
119700.000000 194.387726 0.001624 
119800.000000 194.387726 0.001623 
119900.000000 194.387726 0.001621 
120000.000000 194.087708 0.001617 
120100.000000 194.087708 0.001616 
120200.000000 194.787689 0.001621 
120300.000000 194.087646 0.001613 
120400.000000 194.887634 0.001619 
120500.000000 194.487610 0.001614 
120600.000000 194.887573 0.001616 
120700.000000 195.687561 0.001621 
120800.000000 195.287537 0.001617 
120900.000000 195.987518 0.001621 
121000.000000 196.387482 0.001623 
121100.000000 196.387482 0.001622 
121200.000000 195.787445 0.001615 
121300.000000 195.287415 0.001610 
121400.000000 195.687378 0.001612 
121500.000000 195.587372 0.001610 
121600.000000 194.987335 0.001604 
121700.000000 194.987335 0.001602 
121800.000000 194.987335 0.001601 
121900.000000 194.887329 0.001599 
122000.000000 195.387299 0.001602 
122100.000000 195.387299 0.001600 
122200.000000 195.387299 0.001599 
122300.000000 195.387299 0.001598 
122400.000000 194.987274 0.001593 
122500.000000 194.887268 0.001591 
122600.000000 194.887268 0.001590 
122700.000000 194.287231 0.001583 
122800.000000 195.087219 0.001589 
122900.000000 194.687195 0.001584 
123000.000000 194.887146 0.001584 
123100.000000 194.887146 0.001583 
123200.000000 194.887146 0.001582 
123300.000000 194.887146 0.001581 
123400.000000 194.587128 0.001577 
123500.000000 194.387115 0.001574 
123600.000000 195.287109 0.001580 
123700.000000 195.287109 0.001579 
123800.000000 195.287109 0.001577 
123900.000000 195.287109 0.001576 
124000.000000 195.287109 0.001575 
124100.000000 194.887085 0.001570 
124200.000000 194.787079 0.001568 
124300.000000 195.487061 0.001573 
124400.000000 195.487061 0.001571 
124500.000000 196.387054 0.001577 
124600.000000 196.387054 0.001576 
124700.000000 196.287048 0.001574 
124800.000000 197.087036 0.001579 
124900.000000 196.987030 0.001577 
125000.000000 198.987030 0.001592 
125100.000000 198.787018 0.001589 
125200.000000 197.986969 0.001581 
125300.000000 197.986969 0.001580 
125400.000000 198.986969 0.001587 
125500.000000 198.886963 0.001585 
125600.000000 198.886963 0.001583 
125700.000000 199.486938 0.001587 
125800.000000 200.386932 0.001593 
125900.000000 200.986908 0.001596 
126000.000000 200.886902 0.001594 
126100.000000 201.586884 0.001599 
126200.000000 202.486877 0.001604 
126300.000000 202.386871 0.001602 
126400.000000 203.386871 0.001609 
126500.000000 203.386871 0.001608 
126600.000000 203.086853 0.001604 
126700.000000 203.886841 0.001609 
126800.000000 203.886841 0.001608 
126900.000000 203.886841 0.001607 
127000.000000 204.786835 0.001612 
127100.000000 205.586823 0.001618 
127200.000000 206.386810 0.001623 
127300.000000 206.286804 0.001620 
127400.000000 207.286804 0.001627 
127500.000000 207.286804 0.001626 
127600.000000 206.986786 0.001622 
127700.000000 207.786774 0.001627 
127800.000000 207.586761 0.001624 
127900.000000 208.486755 0.001630 
128000.000000 208.486755 0.001629 
128100.000000 208.186737 0.001625 
128200.000000 207.786713 0.001621 
128300.000000 207.586700 0.001618 
128400.000000 208.586700 0.001625 
128500.000000 208.086670 0.001619 
128600.000000 208.086670 0.001618 
128700.000000 207.986664 0.001616 
128800.000000 207.986664 0.001615 
128900.000000 207.986664 0.001614 
129000.000000 207.786652 0.001611 
129100.000000 207.586639 0.001608 
129200.000000 207.986603 0.001610 
129300.000000 207.386566 0.001604 
129400.000000 208.386566 0.001610 
129500.000000 209.086548 0.001615 
129600.000000 209.686523 0.001618 
129700.000000 209.686523 0.001617 
129800.000000 209.286499 0.001612 
129900.000000 210.086487 0.001617 
130000.000000 210.786469 0.001621 
130100.000000 211.786469 0.001628 
130200.000000 213.786469 0.001642 
130300.000000 215.786469 0.001656 
130400.000000 216.786469 0.001662 
130500.000000 217.586456 0.001667 
130600.000000 218.286438 0.001671 
130700.000000 219.286438 0.001678 
130800.000000 221.286438 0.001692 
130900.000000 221.186432 0.001690 
131000.000000 223.086426 0.001703 
131100.000000 222.486389 0.001697 
131200.000000 221.986359 0.001692 
131300.000000 221.686340 0.001688 
131400.000000 221.686340 0.001687 
131500.000000 221.586334 0.001685 
131600.000000 222.586334 0.001691 
131700.000000 222.386322 0.001689 
131800.000000 222.286316 0.001687 
131900.000000 222.186310 0.001685 
132000.000000 222.486267 0.001686 
132100.000000 221.286194 0.001675 
132200.000000 220.586151 0.001669 
132300.000000 220.386139 0.001666 
132400.000000 221.286133 0.001671 
132500.000000 221.186127 0.001669 
132600.000000 220.986115 0.001667 
132700.000000 220.886108 0.001665 
132800.000000 220.886108 0.001663 
132900.000000 220.786102 0.001661 
133000.000000 220.086060 0.001655 
133100.000000 219.386017 0.001648 
133200.000000 218.985992 0.001644 
133300.000000 218.785980 0.001641 
133400.000000 218.185944 0.001636 
133500.000000 218.085938 0.001634 
133600.000000 218.085938 0.001632 
133700.000000 218.085938 0.001631 
133800.000000 218.085938 0.001630 
133900.000000 218.085938 0.001629 
134000.000000 217.985931 0.001627 
134100.000000 217.985931 0.001626 
134200.000000 217.985931 0.001624 
134300.000000 216.685852 0.001613 
134400.000000 216.685852 0.001612 
134500.000000 217.485840 0.001617 
134600.000000 217.485840 0.001616 
134700.000000 217.485840 0.001615 
134800.000000 217.485840 0.001613 
134900.000000 217.485840 0.001612 
135000.000000 217.485840 0.001611 
135100.000000 218.385834 0.001616 
135200.000000 218.285828 0.001615 
135300.000000 218.085815 0.001612 
135400.000000 217.685791 0.001608 
135500.000000 217.585785 0.001606 
135600.000000 217.585785 0.001605 
135700.000000 217.485779 0.001603 
135800.000000 217.485779 0.001602 
135900.000000 217.485779 0.001600 
136000.000000 217.485779 0.001599 
136100.000000 217.285767 0.001597 
136200.000000 217.285767 0.001595 
136300.000000 217.285767 0.001594 
136400.000000 217.285767 0.001593 
136500.000000 218.185760 0.001598 
136600.000000 218.185760 0.001597 
136700.000000 218.185760 0.001596 
136800.000000 218.185760 0.001595 
136900.000000 218.185760 0.001594 
137000.000000 218.185760 0.001593 
137100.000000 217.885742 0.001589 
137200.000000 217.885742 0.001588 
137300.000000 217.785736 0.001586 
137400.000000 217.685730 0.001584 
137500.000000 217.685730 0.001583 
137600.000000 217.685730 0.001582 
137700.000000 218.485718 0.001587 
137800.000000 217.985687 0.001582 
137900.000000 217.985687 0.001581 
138000.000000 217.885681 0.001579 
138100.000000 217.885681 0.001578 
138200.000000 217.885681 0.001577 
138300.000000 217.685669 0.001574 
138400.000000 217.685669 0.001573 
138500.000000 217.585663 0.001571 
138600.000000 217.585663 0.001570 
138700.000000 217.585663 0.001569 
138800.000000 217.585663 0.001568 
138900.000000 217.585663 0.001566 
139000.000000 217.585663 0.001565 
139100.000000 217.585663 0.001564 
139200.000000 217.485657 0.001562 
139300.000000 217.285645 0.001560 
139400.000000 218.185638 0.001565 
139500.000000 218.185638 0.001564 
139600.000000 218.185638 0.001563 
139700.000000 218.085632 0.001561 
139800.000000 217.985626 0.001559 
139900.000000 217.985626 0.001558 
140000.000000 217.985626 0.001557 
140100.000000 217.985626 0.001556 
140200.000000 218.985626 0.001562 
140300.000000 218.985626 0.001561 
140400.000000 218.985626 0.001560 
140500.000000 218.985626 0.001559 
140600.000000 218.985626 0.001558 
140700.000000 218.985626 0.001556 
140800.000000 218.985626 0.001555 
140900.000000 218.685608 0.001552 
141000.000000 218.585602 0.001550 
141100.000000 218.385590 0.001548 
141200.000000 218.085571 0.001545 
141300.000000 217.985565 0.001543 
141400.000000 217.985565 0.001542 
141500.000000 217.985565 0.001541 
141600.000000 217.985565 0.001539 
141700.000000 217.985565 0.001538 
141800.000000 217.885559 0.001537 
141900.000000 217.885559 0.001535 
142000.000000 217.885559 0.001534 
142100.000000 217.885559 0.001533 
142200.000000 217.885559 0.001532 
142300.000000 217.685547 0.001530 
142400.000000 218.485535 0.001534 
142500.000000 219.185516 0.001538 
142600.000000 218.985504 0.001536 
142700.000000 218.985504 0.001535 
142800.000000 218.885498 0.001533 
142900.000000 218.885498 0.001532 
143000.000000 218.885498 0.001531 
143100.000000 218.785492 0.001529 
143200.000000 218.485474 0.001526 
143300.000000 218.385468 0.001524 
143400.000000 218.385468 0.001523 
143500.000000 218.385468 0.001522 
143600.000000 218.285461 0.001520 
143700.000000 219.885437 0.001530 
143800.000000 219.885437 0.001529 
143900.000000 220.585419 0.001533 
144000.000000 221.485413 0.001538 
144100.000000 221.485413 0.001537 
144200.000000 221.485413 0.001536 
144300.000000 221.985382 0.001538 
144400.000000 222.285339 0.001539 
144500.000000 222.085327 0.001537 
144600.000000 222.085327 0.001536 
144700.000000 222.085327 0.001535 
144800.000000 222.085327 0.001534 
144900.000000 222.085327 0.001533 
145000.000000 222.085327 0.001532 
145100.000000 222.085327 0.001531 
145200.000000 223.085327 0.001536 
145300.000000 222.785309 0.001533 
145400.000000 222.785309 0.001532 
145500.000000 222.785309 0.001531 
145600.000000 222.785309 0.001530 
145700.000000 222.785309 0.001529 
145800.000000 222.685303 0.001527 
145900.000000 222.685303 0.001526 
146000.000000 222.585297 0.001525 
146100.000000 222.385284 0.001522 
146200.000000 222.385284 0.001521 
146300.000000 222.385284 0.001520 
146400.000000 222.385284 0.001519 
146500.000000 222.285278 0.001517 
146600.000000 222.185272 0.001516 
146700.000000 222.985260 0.001520 
146800.000000 222.985260 0.001519 
146900.000000 222.985260 0.001518 
147000.000000 222.985260 0.001517 
147100.000000 222.785248 0.001515 
147200.000000 223.785248 0.001520 
147300.000000 223.785248 0.001519 
147400.000000 222.885193 0.001512 
147500.000000 222.885193 0.001511 
147600.000000 222.785187 0.001509 
147700.000000 223.085144 0.001510 
147800.000000 222.785126 0.001507 
147900.000000 224.785126 0.001520 
148000.000000 224.785126 0.001519 
148100.000000 224.685120 0.001517 
148200.000000 224.685120 0.001516 
148300.000000 224.685120 0.001515 
148400.000000 224.685120 0.001514 
148500.000000 224.585114 0.001512 
148600.000000 224.585114 0.001511 
148700.000000 224.585114 0.001510 
148800.000000 224.585114 0.001509 
148900.000000 224.385101 0.001507 
149000.000000 224.385101 0.001506 
149100.000000 224.385101 0.001505 
149200.000000 224.385101 0.001504 
149300.000000 224.385101 0.001503 
149400.000000 224.285095 0.001501 
149500.000000 224.185089 0.001500 
149600.000000 224.185089 0.001499 
149700.000000 224.185089 0.001498 
149800.000000 224.185089 0.001497 
149900.000000 224.185089 0.001496 
150000.000000 224.185089 0.001495 
150100.000000 224.185089 0.001494 
150200.000000 224.185089 0.001493 
150300.000000 224.185089 0.001492 
150400.000000 224.185089 0.001491 
150500.000000 224.185089 0.001490 
150600.000000 224.085083 0.001488 
150700.000000 223.785065 0.001485 
150800.000000 224.585052 0.001489 
150900.000000 224.585052 0.001488 
151000.000000 224.585052 0.001487 
151100.000000 224.585052 0.001486 
151200.000000 224.585052 0.001485 
151300.000000 224.485046 0.001484 
151400.000000 224.385040 0.001482 
151500.000000 225.285034 0.001487 
151600.000000 225.285034 0.001486 
151700.000000 225.285034 0.001485 
151800.000000 225.285034 0.001484 
151900.000000 225.085022 0.001482 
152000.000000 224.885010 0.001480 
152100.000000 224.885010 0.001479 
152200.000000 224.885010 0.001478 
152300.000000 225.584991 0.001481 
152400.000000 225.584991 0.001480 
152500.000000 225.584991 0.001479 
152600.000000 225.284973 0.001476 
152700.000000 225.284973 0.001475 
152800.000000 225.284973 0.001474 
152900.000000 225.184967 0.001473 
153000.000000 225.184967 0.001472 
153100.000000 224.984955 0.001470 
153200.000000 225.284912 0.001471 
153300.000000 225.284912 0.001470 
153400.000000 225.284912 0.001469 
153500.000000 225.184906 0.001467 
153600.000000 225.784882 0.001470 
153700.000000 225.784882 0.001469 
153800.000000 225.984833 0.001469 
153900.000000 225.984833 0.001468 
154000.000000 225.984833 0.001467 
154100.000000 225.984833 0.001466 
154200.000000 225.984833 0.001466 
154300.000000 225.684814 0.001463 
154400.000000 225.284790 0.001459 
154500.000000 225.284790 0.001458 
154600.000000 225.284790 0.001457 
154700.000000 225.284790 0.001456 
154800.000000 225.284790 0.001455 
154900.000000 224.884766 0.001452 
155000.000000 224.884766 0.001451 
155100.000000 224.884766 0.001450 
155200.000000 225.684753 0.001454 
155300.000000 225.384735 0.001451 
155400.000000 225.384735 0.001450 
155500.000000 225.384735 0.001449 
155600.000000 225.384735 0.001448 
155700.000000 225.384735 0.001448 
155800.000000 225.384735 0.001447 
155900.000000 225.384735 0.001446 
156000.000000 225.084717 0.001443 
156100.000000 224.784698 0.001440 
156200.000000 225.384674 0.001443 
156300.000000 226.184662 0.001447 
156400.000000 225.884644 0.001444 
156500.000000 227.884644 0.001456 
156600.000000 228.484619 0.001459 
156700.000000 228.384613 0.001457 
156800.000000 228.484558 0.001457 
156900.000000 228.284546 0.001455 
157000.000000 228.284546 0.001454 
157100.000000 228.284546 0.001453 
157200.000000 228.184540 0.001452 
157300.000000 228.184540 0.001451 
157400.000000 228.184540 0.001450 
157500.000000 228.184540 0.001449 
157600.000000 227.884521 0.001446 
157700.000000 227.684509 0.001444 
157800.000000 227.684509 0.001443 
157900.000000 228.684509 0.001448 
158000.000000 228.584503 0.001447 
158100.000000 228.484497 0.001445 
158200.000000 228.484497 0.001444 
158300.000000 228.484497 0.001443 
158400.000000 228.384491 0.001442 
158500.000000 228.384491 0.001441 
158600.000000 228.384491 0.001440 
158700.000000 228.184479 0.001438 
158800.000000 229.184479 0.001443 
158900.000000 229.184479 0.001442 
159000.000000 229.184479 0.001441 
159100.000000 229.184479 0.001441 
159200.000000 229.984467 0.001445 
159300.000000 229.884460 0.001443 
159400.000000 229.884460 0.001442 
159500.000000 229.884460 0.001441 
159600.000000 229.884460 0.001440 
159700.000000 229.784454 0.001439 
159800.000000 229.684448 0.001437 
159900.000000 229.684448 0.001436 
160000.000000 229.684448 0.001436 
160100.000000 229.684448 0.001435 
160200.000000 229.684448 0.001434 
160300.000000 229.584442 0.001432 
160400.000000 229.484436 0.001431 
160500.000000 229.484436 0.001430 
160600.000000 229.484436 0.001429 
160700.000000 230.384430 0.001434 
160800.000000 230.384430 0.001433 
160900.000000 230.384430 0.001432 
161000.000000 230.384430 0.001431 
161100.000000 231.184418 0.001435 
161200.000000 231.184357 0.001434 
161300.000000 231.184357 0.001433 
161400.000000 231.184357 0.001432 
161500.000000 230.884338 0.001430 
161600.000000 230.584320 0.001427 
161700.000000 230.284302 0.001424 
161800.000000 230.284302 0.001423 
161900.000000 230.284302 0.001422 
162000.000000 230.284302 0.001422 
162100.000000 230.184296 0.001420 
162200.000000 230.184296 0.001419 
162300.000000 230.184296 0.001418 
162400.000000 230.184296 0.001417 
162500.000000 229.784271 0.001414 
162600.000000 229.784271 0.001413 
162700.000000 229.784271 0.001412 
162800.000000 229.784271 0.001411 
162900.000000 229.784271 0.001411 
163000.000000 229.784271 0.001410 
163100.000000 229.784271 0.001409 
163200.000000 229.684265 0.001407 
163300.000000 229.684265 0.001407 
163400.000000 228.984161 0.001401 
163500.000000 228.884155 0.001400 
163600.000000 228.784149 0.001398 
163700.000000 228.884094 0.001398 
163800.000000 228.884094 0.001397 
163900.000000 228.784088 0.001396 
164000.000000 228.684082 0.001394 
164100.000000 228.984039 0.001395 
164200.000000 229.984039 0.001401 
164300.000000 230.684021 0.001404 
164400.000000 230.584015 0.001403 
164500.000000 230.384003 0.001401 
164600.000000 230.384003 0.001400 
164700.000000 230.384003 0.001399 
164800.000000 230.384003 0.001398 
164900.000000 230.384003 0.001397 
165000.000000 230.384003 0.001396 
165100.000000 230.384003 0.001395 
165200.000000 229.983978 0.001392 
165300.000000 229.883972 0.001391 
165400.000000 229.883972 0.001390 
165500.000000 229.883972 0.001389 
165600.000000 229.883972 0.001388 
165700.000000 229.283936 0.001384 
165800.000000 228.183868 0.001376 
165900.000000 228.083862 0.001375 
166000.000000 228.083862 0.001374 
166100.000000 228.083862 0.001373 
166200.000000 227.983856 0.001372 
166300.000000 227.783844 0.001370 
166400.000000 227.683838 0.001368 
166500.000000 227.683838 0.001367 
166600.000000 227.683838 0.001367 
166700.000000 227.683838 0.001366 
166800.000000 227.483826 0.001364 
166900.000000 227.683777 0.001364 
167000.000000 228.383759 0.001368 
167100.000000 228.383759 0.001367 
167200.000000 227.983734 0.001364 
167300.000000 227.983734 0.001363 
167400.000000 227.983734 0.001362 
167500.000000 227.983734 0.001361 
167600.000000 227.983734 0.001360 
167700.000000 227.983734 0.001359 
167800.000000 227.983734 0.001359 
167900.000000 227.983734 0.001358 
168000.000000 227.983734 0.001357 
168100.000000 227.983734 0.001356 
168200.000000 227.983734 0.001355 
168300.000000 227.983734 0.001355 
168400.000000 227.783722 0.001353 
168500.000000 227.583710 0.001351 
168600.000000 228.583710 0.001356 
168700.000000 228.483704 0.001354 
168800.000000 228.483704 0.001354 
168900.000000 227.983673 0.001350 
169000.000000 227.983673 0.001349 
169100.000000 227.983673 0.001348 
169200.000000 227.983673 0.001347 
169300.000000 227.983673 0.001347 
169400.000000 227.983673 0.001346 
169500.000000 227.983673 0.001345 
169600.000000 227.883667 0.001344 
169700.000000 227.883667 0.001343 
169800.000000 227.683655 0.001341 
169900.000000 227.683655 0.001340 
170000.000000 227.683655 0.001339 
170100.000000 227.683655 0.001339 
170200.000000 227.683655 0.001338 
170300.000000 227.683655 0.001337 
170400.000000 227.683655 0.001336 
170500.000000 227.483643 0.001334 
170600.000000 227.483643 0.001333 
170700.000000 227.483643 0.001333 
170800.000000 227.483643 0.001332 
170900.000000 227.483643 0.001331 
171000.000000 227.383636 0.001330 
171100.000000 227.383636 0.001329 
171200.000000 227.383636 0.001328 
171300.000000 227.383636 0.001327 
171400.000000 227.383636 0.001327 
171500.000000 227.383636 0.001326 
171600.000000 227.383636 0.001325 
171700.000000 227.383636 0.001324 
171800.000000 227.383636 0.001324 
171900.000000 226.983612 0.001320 
172000.000000 226.983612 0.001320 
172100.000000 226.983612 0.001319 
172200.000000 226.683594 0.001316 
172300.000000 226.683594 0.001316 
172400.000000 226.683594 0.001315 
172500.000000 226.683594 0.001314 
172600.000000 226.583588 0.001313 
172700.000000 226.583588 0.001312 
172800.000000 226.583588 0.001311 
172900.000000 226.583588 0.001310 
173000.000000 226.483582 0.001309 
173100.000000 226.483582 0.001308 
173200.000000 226.483582 0.001308 
173300.000000 226.383575 0.001306 
173400.000000 226.383575 0.001306 
173500.000000 226.383575 0.001305 
173600.000000 226.383575 0.001304 
173700.000000 226.383575 0.001303 
173800.000000 226.383575 0.001303 
173900.000000 226.383575 0.001302 
174000.000000 226.283569 0.001300 
174100.000000 226.283569 0.001300 
174200.000000 226.283569 0.001299 
174300.000000 226.283569 0.001298 
174400.000000 226.283569 0.001297 
174500.000000 226.283569 0.001297 
174600.000000 226.283569 0.001296 
174700.000000 226.283569 0.001295 
174800.000000 226.283569 0.001295 
174900.000000 226.183563 0.001293 
175000.000000 226.183563 0.001292 
175100.000000 226.183563 0.001292 
175200.000000 226.183563 0.001291 
175300.000000 226.183563 0.001290 
175400.000000 226.183563 0.001290 
175500.000000 226.183563 0.001289 
175600.000000 226.183563 0.001288 
175700.000000 226.083557 0.001287 
175800.000000 226.083557 0.001286 
175900.000000 226.083557 0.001285 
176000.000000 226.083557 0.001285 
176100.000000 226.083557 0.001284 
176200.000000 226.083557 0.001283 
176300.000000 226.083557 0.001282 
176400.000000 226.083557 0.001282 
176500.000000 226.083557 0.001281 
176600.000000 226.083557 0.001280 
176700.000000 226.083557 0.001279 
176800.000000 226.083557 0.001279 
176900.000000 226.083557 0.001278 
177000.000000 225.983551 0.001277 
177100.000000 225.983551 0.001276 
177200.000000 225.883545 0.001275 
177300.000000 225.883545 0.001274 
177400.000000 225.883545 0.001273 
177500.000000 225.683533 0.001271 
177600.000000 225.683533 0.001271 
177700.000000 225.683533 0.001270 
177800.000000 225.683533 0.001269 
177900.000000 225.683533 0.001269 
178000.000000 225.683533 0.001268 
178100.000000 225.683533 0.001267 
178200.000000 225.583527 0.001266 
178300.000000 225.383514 0.001264 
178400.000000 225.383514 0.001263 
178500.000000 225.083496 0.001261 
178600.000000 224.983490 0.001260 
178700.000000 224.983490 0.001259 
178800.000000 224.983490 0.001258 
178900.000000 224.983490 0.001258 
179000.000000 224.983490 0.001257 
179100.000000 224.983490 0.001256 
179200.000000 224.983490 0.001255 
179300.000000 224.983490 0.001255 
179400.000000 224.983490 0.001254 
179500.000000 224.983490 0.001253 
179600.000000 224.983490 0.001253 
179700.000000 224.983490 0.001252 
179800.000000 224.983490 0.001251 
179900.000000 224.983490 0.001251 
180000.000000 224.983490 0.001250 
180100.000000 224.983490 0.001249 
180200.000000 224.983490 0.001249 
180300.000000 224.883484 0.001247 
180400.000000 224.883484 0.001247 
180500.000000 224.883484 0.001246 
180600.000000 224.883484 0.001245 
180700.000000 224.883484 0.001245 
180800.000000 224.883484 0.001244 
180900.000000 224.883484 0.001243 
181000.000000 224.883484 0.001242 
181100.000000 224.883484 0.001242 
181200.000000 224.683472 0.001240 
181300.000000 224.683472 0.001239 
181400.000000 224.583466 0.001238 
181500.000000 224.483459 0.001237 
181600.000000 224.483459 0.001236 
181700.000000 224.483459 0.001235 
181800.000000 224.283447 0.001234 
181900.000000 224.283447 0.001233 
182000.000000 224.283447 0.001232 
182100.000000 224.283447 0.001232 
182200.000000 224.283447 0.001231 
182300.000000 224.283447 0.001230 
182400.000000 224.283447 0.001230 
182500.000000 224.283447 0.001229 
182600.000000 224.283447 0.001228 
182700.000000 224.283447 0.001228 
182800.000000 224.183441 0.001226 
182900.000000 224.183441 0.001226 
183000.000000 224.183441 0.001225 
183100.000000 224.183441 0.001224 
183200.000000 223.983429 0.001223 
183300.000000 223.983429 0.001222 
183400.000000 223.983429 0.001221 
183500.000000 223.983429 0.001221 
183600.000000 223.983429 0.001220 
183700.000000 223.983429 0.001219 
183800.000000 223.983429 0.001219 
183900.000000 223.983429 0.001218 
184000.000000 223.983429 0.001217 
184100.000000 223.983429 0.001217 
184200.000000 223.983429 0.001216 
184300.000000 223.983429 0.001215 
184400.000000 223.983429 0.001215 
184500.000000 223.883423 0.001213 
184600.000000 223.883423 0.001213 
184700.000000 223.883423 0.001212 
184800.000000 223.883423 0.001211 
184900.000000 223.883423 0.001211 
185000.000000 223.883423 0.001210 
185100.000000 223.883423 0.001210 
185200.000000 223.883423 0.001209 
185300.000000 223.783417 0.001208 
185400.000000 223.783417 0.001207 
185500.000000 223.783417 0.001206 
185600.000000 223.783417 0.001206 
185700.000000 223.583405 0.001204 
185800.000000 223.183380 0.001201 
185900.000000 223.183380 0.001201 
186000.000000 223.183380 0.001200 
186100.000000 223.183380 0.001199 
186200.000000 223.183380 0.001199 
186300.000000 222.983368 0.001197 
186400.000000 222.983368 0.001196 
186500.000000 222.983368 0.001196 
186600.000000 222.983368 0.001195 
186700.000000 222.983368 0.001194 
186800.000000 222.983368 0.001194 
186900.000000 222.983368 0.001193 
187000.000000 222.983368 0.001192 
187100.000000 222.983368 0.001192 
187200.000000 222.983368 0.001191 
187300.000000 222.983368 0.001191 
187400.000000 222.783356 0.001189 
187500.000000 222.783356 0.001188 
187600.000000 222.783356 0.001188 
187700.000000 222.783356 0.001187 
187800.000000 222.783356 0.001186 
187900.000000 222.783356 0.001186 
188000.000000 222.783356 0.001185 
188100.000000 222.783356 0.001184 
188200.000000 222.783356 0.001184 
188300.000000 222.683350 0.001183 
188400.000000 222.683350 0.001182 
188500.000000 222.683350 0.001181 
188600.000000 222.683350 0.001181 
188700.000000 222.683350 0.001180 
188800.000000 222.683350 0.001179 
188900.000000 222.683350 0.001179 
189000.000000 222.683350 0.001178 
189100.000000 222.683350 0.001178 
189200.000000 222.583344 0.001176 
189300.000000 222.583344 0.001176 
189400.000000 222.583344 0.001175 
189500.000000 222.583344 0.001175 
189600.000000 222.583344 0.001174 
189700.000000 222.583344 0.001173 
189800.000000 222.583344 0.001173 
189900.000000 222.583344 0.001172 
190000.000000 222.583344 0.001171 
190100.000000 222.583344 0.001171 
190200.000000 222.483337 0.001170 
190300.000000 222.483337 0.001169 
190400.000000 222.483337 0.001169 
190500.000000 222.483337 0.001168 
190600.000000 222.483337 0.001167 
190700.000000 222.483337 0.001167 
190800.000000 222.483337 0.001166 
190900.000000 222.483337 0.001165 
191000.000000 222.383331 0.001164 
191100.000000 222.383331 0.001164 
191200.000000 222.383331 0.001163 
191300.000000 222.383331 0.001162 
191400.000000 222.383331 0.001162 
191500.000000 222.383331 0.001161 
191600.000000 222.383331 0.001161 
191700.000000 222.383331 0.001160 
191800.000000 222.383331 0.001159 
191900.000000 222.383331 0.001159 
192000.000000 222.383331 0.001158 
192100.000000 222.183319 0.001157 
192200.000000 222.083313 0.001155 
192300.000000 222.083313 0.001155 
192400.000000 222.083313 0.001154 
192500.000000 222.083313 0.001154 
192600.000000 222.083313 0.001153 
192700.000000 222.083313 0.001152 
192800.000000 222.083313 0.001152 
192900.000000 222.083313 0.001151 
193000.000000 221.983307 0.001150 
193100.000000 221.983307 0.001150 
193200.000000 221.983307 0.001149 
193300.000000 221.983307 0.001148 
193400.000000 221.983307 0.001148 
193500.000000 221.983307 0.001147 
193600.000000 221.983307 0.001147 
193700.000000 221.983307 0.001146 
193800.000000 221.983307 0.001145 
193900.000000 221.983307 0.001145 
194000.000000 221.983307 0.001144 
194100.000000 221.983307 0.001144 
194200.000000 221.983307 0.001143 
194300.000000 221.983307 0.001142 
194400.000000 221.983307 0.001142 
194500.000000 221.983307 0.001141 
194600.000000 221.983307 0.001141 
194700.000000 221.983307 0.001140 
194800.000000 221.883301 0.001139 
194900.000000 221.883301 0.001138 
195000.000000 221.883301 0.001138 
195100.000000 221.883301 0.001137 
195200.000000 221.883301 0.001137 
195300.000000 221.883301 0.001136 
195400.000000 221.883301 0.001136 
195500.000000 221.683289 0.001134 
195600.000000 221.683289 0.001133 
195700.000000 221.683289 0.001133 
195800.000000 221.683289 0.001132 
195900.000000 221.683289 0.001132 
196000.000000 221.683289 0.001131 
196100.000000 221.683289 0.001130 
196200.000000 221.683289 0.001130 
196300.000000 221.683289 0.001129 
196400.000000 221.683289 0.001129 
196500.000000 221.683289 0.001128 
196600.000000 221.683289 0.001128 
196700.000000 221.683289 0.001127 
196800.000000 221.683289 0.001126 
196900.000000 221.683289 0.001126 
197000.000000 221.683289 0.001125 
197100.000000 221.683289 0.001125 
197200.000000 221.683289 0.001124 
197300.000000 221.483276 0.001123 
197400.000000 221.483276 0.001122 
197500.000000 221.483276 0.001121 
197600.000000 221.383270 0.001120 
197700.000000 221.383270 0.001120 
197800.000000 221.383270 0.001119 
197900.000000 221.383270 0.001119 
198000.000000 221.383270 0.001118 
198100.000000 221.383270 0.001118 
198200.000000 220.783234 0.001114 
198300.000000 220.783234 0.001113 
198400.000000 220.783234 0.001113 
198500.000000 220.683228 0.001112 
198600.000000 220.583221 0.001111 
198700.000000 220.583221 0.001110 
198800.000000 220.583221 0.001110 
198900.000000 220.583221 0.001109 
199000.000000 220.583221 0.001108 
199100.000000 220.583221 0.001108 
199200.000000 220.583221 0.001107 
199300.000000 220.483215 0.001106 
199400.000000 220.483215 0.001106 
199500.000000 220.483215 0.001105 
199600.000000 220.483215 0.001105 
199700.000000 220.283203 0.001103 
199800.000000 220.283203 0.001103 
199900.000000 220.283203 0.001102 
200000.000000 220.283203 0.001101 
