0.000000 0.000000 13846.000000 
0.000000 1.000000 23495.000000 
0.000000 2.000000 9193.000000 
0.000000 3.000000 3100.000000 
0.000000 4.000000 1184.000000 
0.000000 5.000000 693.000000 
0.000000 6.000000 419.000000 
0.000000 7.000000 311.000000 
1.000000 0.000000 4229.000000 
1.000000 1.000000 7504.000000 
1.000000 2.000000 5796.000000 
1.000000 3.000000 1729.000000 
1.000000 4.000000 752.000000 
1.000000 5.000000 461.000000 
1.000000 6.000000 291.000000 
1.000000 7.000000 247.000000 
2.000000 0.000000 1225.000000 
2.000000 1.000000 1687.000000 
2.000000 2.000000 3890.000000 
2.000000 3.000000 1424.000000 
2.000000 4.000000 547.000000 
2.000000 5.000000 339.000000 
2.000000 6.000000 250.000000 
2.000000 7.000000 223.000000 
3.000000 0.000000 536.000000 
3.000000 1.000000 824.000000 
3.000000 2.000000 3223.000000 
3.000000 3.000000 3477.000000 
3.000000 4.000000 943.000000 
3.000000 5.000000 380.000000 
3.000000 6.000000 302.000000 
3.000000 7.000000 271.000000 
4.000000 0.000000 309.000000 
4.000000 1.000000 418.000000 
4.000000 2.000000 826.000000 
4.000000 3.000000 3407.000000 
4.000000 4.000000 3408.000000 
4.000000 5.000000 820.000000 
4.000000 6.000000 427.000000 
4.000000 7.000000 295.000000 
5.000000 0.000000 299.000000 
5.000000 1.000000 400.000000 
5.000000 2.000000 547.000000 
5.000000 3.000000 1246.000000 
5.000000 4.000000 3842.000000 
5.000000 5.000000 2749.000000 
5.000000 6.000000 1275.000000 
5.000000 7.000000 441.000000 
6.000000 0.000000 393.000000 
6.000000 1.000000 327.000000 
6.000000 2.000000 389.000000 
6.000000 3.000000 765.000000 
6.000000 4.000000 3199.000000 
6.000000 5.000000 6498.000000 
6.000000 6.000000 7992.000000 
6.000000 7.000000 1094.000000 
7.000000 0.000000 367.000000 
7.000000 1.000000 253.000000 
7.000000 2.000000 318.000000 
7.000000 3.000000 608.000000 
7.000000 4.000000 2704.000000 
7.000000 5.000000 16105.000000 
7.000000 6.000000 42689.000000 
7.000000 7.000000 2799.000000 
