100.000000 -1.500000 -0.015000 
200.000000 -3.999998 -0.020000 
300.000000 -5.799997 -0.019333 
400.000000 -7.399995 -0.018500 
500.000000 -8.099995 -0.016200 
600.000000 -8.799997 -0.014667 
700.000000 -9.800001 -0.014000 
800.000000 -10.500004 -0.013125 
900.000000 -11.500008 -0.012778 
1000.000000 -13.300014 -0.013300 
1100.000000 -13.800016 -0.012545 
1200.000000 -14.900021 -0.012417 
1300.000000 -16.600027 -0.012769 
1400.000000 -18.100033 -0.012929 
1500.000000 -19.400038 -0.012933 
1600.000000 -19.700039 -0.012313 
1700.000000 -20.900043 -0.012294 
1800.000000 -22.100048 -0.012278 
1900.000000 -22.700054 -0.011947 
2000.000000 -24.100060 -0.012050 
2100.000000 -24.700066 -0.011762 
2200.000000 -25.100071 -0.011409 
2300.000000 -26.800077 -0.011652 
2400.000000 -28.000082 -0.011667 
2500.000000 -29.000086 -0.011600 
2600.000000 -30.400091 -0.011692 
2700.000000 -31.000093 -0.011482 
2800.000000 -31.200098 -0.011143 
2900.000000 -30.700100 -0.010586 
3000.000000 -31.900105 -0.010633 
3100.000000 -34.000072 -0.010968 
3200.000000 -35.800045 -0.011188 
3300.000000 -36.900028 -0.011182 
3400.000000 -37.500019 -0.011029 
3500.000000 -38.899998 -0.011114 
3600.000000 -39.499973 -0.010972 
3700.000000 -39.799953 -0.010757 
3800.000000 -40.499928 -0.010658 
3900.000000 -40.899906 -0.010487 
4000.000000 -41.699894 -0.010425 
4100.000000 -41.699879 -0.010171 
4200.000000 -41.999874 -0.010000 
4300.000000 -41.999859 -0.009767 
4400.000000 -42.399837 -0.009636 
4500.000000 -42.999828 -0.009556 
4600.000000 -44.899799 -0.009761 
4700.000000 -45.399776 -0.009660 
4800.000000 -45.999767 -0.009583 
4900.000000 -46.499744 -0.009490 
5000.000000 -46.999737 -0.009400 
5100.000000 -47.699726 -0.009353 
5200.000000 -47.699711 -0.009173 
5300.000000 -47.399700 -0.008943 
5400.000000 -48.999676 -0.009074 
5500.000000 -48.999660 -0.008909 
5600.000000 -50.599636 -0.009036 
5700.000000 -50.999615 -0.008947 
5800.000000 -51.599606 -0.008896 
5900.000000 -52.199581 -0.008847 
6000.000000 -53.799557 -0.008967 
6100.000000 -54.199551 -0.008885 
6200.000000 -54.799541 -0.008839 
6300.000000 -55.299534 -0.008778 
6400.000000 -55.299519 -0.008641 
6500.000000 -57.299488 -0.008815 
6600.000000 -57.799465 -0.008757 
6700.000000 -59.199444 -0.008836 
6800.000000 -58.999432 -0.008676 
6900.000000 -60.199413 -0.008725 
7000.000000 -60.799404 -0.008686 
7100.000000 -61.099400 -0.008606 
7200.000000 -61.699390 -0.008569 
7300.000000 -61.799389 -0.008466 
7400.000000 -62.499378 -0.008446 
7500.000000 -63.399364 -0.008453 
7600.000000 -62.799358 -0.008263 
7700.000000 -63.499348 -0.008247 
7800.000000 -64.499336 -0.008269 
7900.000000 -64.599335 -0.008177 
8000.000000 -65.099327 -0.008137 
8100.000000 -65.199326 -0.008049 
8200.000000 -65.399323 -0.007976 
8300.000000 -65.999313 -0.007952 
8400.000000 -65.199310 -0.007762 
8500.000000 -65.599304 -0.007718 
8600.000000 -66.299294 -0.007709 
8700.000000 -67.299278 -0.007736 
8800.000000 -67.299263 -0.007648 
8900.000000 -68.099251 -0.007652 
9000.000000 -69.199234 -0.007689 
9100.000000 -70.199219 -0.007714 
9200.000000 -69.199203 -0.007522 
9300.000000 -70.399185 -0.007570 
9400.000000 -71.199173 -0.007574 
9500.000000 -71.599167 -0.007537 
9600.000000 -72.199158 -0.007521 
9700.000000 -72.199142 -0.007443 
9800.000000 -72.599136 -0.007408 
9900.000000 -73.299126 -0.007404 
10000.000000 -73.399109 -0.007340 
10100.000000 -72.799103 -0.007208 
10200.000000 -72.399094 -0.007098 
10300.000000 -72.699089 -0.007058 
10400.000000 -72.199081 -0.006942 
10500.000000 -72.799057 -0.006933 
10600.000000 -73.899025 -0.006972 
10700.000000 -75.299004 -0.007037 
10800.000000 -75.898994 -0.007028 
10900.000000 -76.698982 -0.007037 
11000.000000 -77.298958 -0.007027 
11100.000000 -76.798950 -0.006919 
11200.000000 -76.398941 -0.006821 
11300.000000 -74.898933 -0.006628 
11400.000000 -75.698921 -0.006640 
11500.000000 -76.398911 -0.006643 
11600.000000 -76.898888 -0.006629 
11700.000000 -76.798874 -0.006564 
11800.000000 -76.998871 -0.006525 
11900.000000 -75.998856 -0.006386 
12000.000000 -76.098854 -0.006342 
12100.000000 -76.398849 -0.006314 
12200.000000 -77.298836 -0.006336 
12300.000000 -77.898827 -0.006333 
12400.000000 -79.098808 -0.006379 
12500.000000 -80.598785 -0.006448 
12600.000000 -80.998779 -0.006428 
12700.000000 -81.198776 -0.006394 
12800.000000 -81.298759 -0.006351 
12900.000000 -81.998749 -0.006356 
13000.000000 -82.298729 -0.006331 
13100.000000 -82.998718 -0.006336 
13200.000000 -83.498711 -0.006326 
13300.000000 -83.998703 -0.006316 
13400.000000 -83.798691 -0.006254 
13500.000000 -84.398682 -0.006252 
13600.000000 -83.498680 -0.006140 
13700.000000 -83.598663 -0.006102 
13800.000000 -83.998642 -0.006087 
13900.000000 -84.598633 -0.006086 
14000.000000 -84.598618 -0.006043 
14100.000000 -84.598618 -0.006000 
14200.000000 -85.698601 -0.006035 
14300.000000 -84.998596 -0.005944 
14400.000000 -84.898582 -0.005896 
14500.000000 -85.198578 -0.005876 
14600.000000 -84.898567 -0.005815 
14700.000000 -84.298561 -0.005735 
14800.000000 -84.698555 -0.005723 
14900.000000 -84.698540 -0.005684 
15000.000000 -84.898521 -0.005660 
15100.000000 -84.598511 -0.005603 
15200.000000 -83.898506 -0.005520 
15300.000000 -84.398499 -0.005516 
15400.000000 -84.498497 -0.005487 
15500.000000 -84.698494 -0.005464 
15600.000000 -85.198486 -0.005461 
15700.000000 -84.898476 -0.005408 
15800.000000 -84.998459 -0.005380 
15900.000000 -85.198456 -0.005358 
16000.000000 -85.498451 -0.005344 
16100.000000 -85.498436 -0.005310 
16200.000000 -86.098427 -0.005315 
16300.000000 -86.298409 -0.005294 
16400.000000 -85.698402 -0.005226 
16500.000000 -85.998398 -0.005212 
16600.000000 -85.598389 -0.005157 
16700.000000 -85.098381 -0.005096 
16800.000000 -85.198380 -0.005071 
16900.000000 -85.598373 -0.005065 
17000.000000 -85.198349 -0.005012 
17100.000000 -85.998337 -0.005029 
17200.000000 -87.498314 -0.005087 
17300.000000 -87.698296 -0.005069 
17400.000000 -87.298286 -0.005017 
17500.000000 -87.098274 -0.004977 
17600.000000 -86.598267 -0.004920 
17700.000000 -86.998260 -0.004915 
17800.000000 -86.598251 -0.004865 
17900.000000 -85.598236 -0.004782 
18000.000000 -84.898232 -0.004717 
18100.000000 -85.998215 -0.004751 
18200.000000 -85.098213 -0.004676 
18300.000000 -85.598206 -0.004677 
18400.000000 -85.898201 -0.004668 
18500.000000 -87.098183 -0.004708 
18600.000000 -86.398178 -0.004645 
18700.000000 -87.198166 -0.004663 
18800.000000 -87.198151 -0.004638 
18900.000000 -87.798141 -0.004645 
19000.000000 -87.198135 -0.004589 
19100.000000 -86.298134 -0.004518 
19200.000000 -86.398132 -0.004500 
19300.000000 -86.998123 -0.004508 
19400.000000 -87.598114 -0.004515 
19500.000000 -87.898094 -0.004508 
19600.000000 -86.898094 -0.004434 
19700.000000 -87.598083 -0.004447 
19800.000000 -88.398071 -0.004465 
19900.000000 -87.098061 -0.004377 
20000.000000 -87.098061 -0.004355 
20100.000000 -87.398056 -0.004348 
20200.000000 -87.898048 -0.004351 
20300.000000 -88.798035 -0.004374 
20400.000000 -89.598022 -0.004392 
20500.000000 -90.598007 -0.004419 
20600.000000 -90.898003 -0.004413 
20700.000000 -90.098000 -0.004353 
20800.000000 -90.097984 -0.004332 
20900.000000 -90.497978 -0.004330 
21000.000000 -90.897972 -0.004328 
21100.000000 -92.097954 -0.004365 
21200.000000 -92.897942 -0.004382 
21300.000000 -91.397934 -0.004291 
21400.000000 -90.897926 -0.004248 
21500.000000 -91.997910 -0.004279 
21600.000000 -91.397903 -0.004231 
21700.000000 -91.797897 -0.004230 
21800.000000 -92.497887 -0.004243 
21900.000000 -91.197876 -0.004164 
22000.000000 -91.497871 -0.004159 
22100.000000 -91.197861 -0.004127 
22200.000000 -91.197861 -0.004108 
22300.000000 -91.197861 -0.004090 
22400.000000 -90.397858 -0.004036 
22500.000000 -90.497841 -0.004022 
22600.000000 -91.097832 -0.004031 
22700.000000 -90.397827 -0.003982 
22800.000000 -90.397827 -0.003965 
22900.000000 -91.097816 -0.003978 
23000.000000 -90.997803 -0.003956 
23100.000000 -90.397797 -0.003913 
23200.000000 -90.897789 -0.003918 
23300.000000 -90.397766 -0.003880 
23400.000000 -89.497765 -0.003825 
23500.000000 -89.497765 -0.003808 
23600.000000 -89.497765 -0.003792 
23700.000000 -89.697762 -0.003785 
23800.000000 -90.097755 -0.003786 
23900.000000 -89.897743 -0.003761 
24000.000000 -89.797729 -0.003742 
24100.000000 -89.497719 -0.003714 
24200.000000 -89.497719 -0.003698 
24300.000000 -88.697716 -0.003650 
24400.000000 -89.197708 -0.003656 
24500.000000 -89.397705 -0.003649 
24600.000000 -89.097694 -0.003622 
24700.000000 -89.097679 -0.003607 
24800.000000 -88.597672 -0.003572 
24900.000000 -87.597672 -0.003518 
25000.000000 -87.797668 -0.003512 
25100.000000 -87.197647 -0.003474 
25200.000000 -87.497643 -0.003472 
25300.000000 -87.497627 -0.003458 
25400.000000 -87.597626 -0.003449 
25500.000000 -86.597626 -0.003396 
25600.000000 -85.797623 -0.003351 
25700.000000 -85.097618 -0.003311 
25800.000000 -85.097618 -0.003298 
25900.000000 -85.097618 -0.003286 
26000.000000 -84.397614 -0.003246 
26100.000000 -84.097603 -0.003222 
26200.000000 -83.997589 -0.003206 
26300.000000 -83.897575 -0.003190 
26400.000000 -83.397568 -0.003159 
26500.000000 -82.497566 -0.003113 
26600.000000 -81.697563 -0.003071 
26700.000000 -81.797562 -0.003064 
26800.000000 -82.497551 -0.003078 
26900.000000 -81.797546 -0.003041 
27000.000000 -81.797546 -0.003030 
27100.000000 -81.797546 -0.003018 
27200.000000 -80.197540 -0.002948 
27300.000000 -80.197540 -0.002938 
27400.000000 -79.297539 -0.002894 
27500.000000 -78.697533 -0.002862 
27600.000000 -79.097527 -0.002866 
27700.000000 -78.797516 -0.002845 
27800.000000 -78.897514 -0.002838 
27900.000000 -78.897514 -0.002828 
28000.000000 -78.997513 -0.002821 
28100.000000 -79.197510 -0.002818 
28200.000000 -78.497505 -0.002784 
28300.000000 -77.697502 -0.002745 
28400.000000 -78.097496 -0.002750 
28500.000000 -77.697487 -0.002726 
28600.000000 -77.697487 -0.002717 
28700.000000 -77.197479 -0.002690 
28800.000000 -76.397476 -0.002653 
28900.000000 -76.597473 -0.002650 
29000.000000 -75.697472 -0.002610 
29100.000000 -74.797470 -0.002570 
29200.000000 -73.897469 -0.002531 
29300.000000 -72.497459 -0.002474 
29400.000000 -71.497459 -0.002432 
29500.000000 -72.097450 -0.002444 
29600.000000 -71.597443 -0.002419 
29700.000000 -71.997437 -0.002424 
29800.000000 -71.997437 -0.002416 
29900.000000 -71.597427 -0.002395 
30000.000000 -71.197418 -0.002373 
30100.000000 -70.297417 -0.002335 
30200.000000 -69.397415 -0.002298 
30300.000000 -68.497414 -0.002261 
30400.000000 -67.997406 -0.002237 
30500.000000 -67.997406 -0.002229 
30600.000000 -67.497398 -0.002206 
30700.000000 -67.697395 -0.002205 
30800.000000 -66.697395 -0.002165 
30900.000000 -66.697395 -0.002158 
31000.000000 -66.897392 -0.002158 
31100.000000 -65.197388 -0.002096 
31200.000000 -64.597382 -0.002070 
31300.000000 -64.197372 -0.002051 
31400.000000 -64.197372 -0.002045 
31500.000000 -63.297371 -0.002009 
31600.000000 -63.397369 -0.002006 
31700.000000 -62.597366 -0.001975 
31800.000000 -62.897362 -0.001978 
31900.000000 -64.097343 -0.002009 
32000.000000 -62.997330 -0.001969 
32100.000000 -63.197327 -0.001969 
32200.000000 -62.697319 -0.001947 
32300.000000 -62.197311 -0.001926 
32400.000000 -61.497307 -0.001898 
32500.000000 -61.497307 -0.001892 
32600.000000 -61.397293 -0.001883 
32700.000000 -61.397293 -0.001878 
32800.000000 -61.997284 -0.001890 
32900.000000 -62.097282 -0.001887 
33000.000000 -62.197281 -0.001885 
33100.000000 -62.197281 -0.001879 
33200.000000 -61.297279 -0.001846 
33300.000000 -61.497276 -0.001847 
33400.000000 -60.597275 -0.001814 
33500.000000 -59.797272 -0.001785 
33600.000000 -59.897270 -0.001783 
33700.000000 -59.197266 -0.001757 
33800.000000 -58.397263 -0.001728 
33900.000000 -57.997253 -0.001711 
34000.000000 -57.197250 -0.001682 
34100.000000 -55.597244 -0.001630 
34200.000000 -55.397232 -0.001620 
34300.000000 -54.597229 -0.001592 
34400.000000 -54.597229 -0.001587 
34500.000000 -53.797226 -0.001559 
34600.000000 -53.197220 -0.001537 
34700.000000 -52.397217 -0.001510 
34800.000000 -51.997208 -0.001494 
34900.000000 -52.097206 -0.001493 
35000.000000 -51.097206 -0.001460 
35100.000000 -50.597198 -0.001442 
35200.000000 -50.097191 -0.001423 
35300.000000 -50.397186 -0.001428 
35400.000000 -48.897179 -0.001381 
35500.000000 -48.897179 -0.001377 
35600.000000 -48.197174 -0.001354 
35700.000000 -48.297173 -0.001353 
35800.000000 -48.297173 -0.001349 
35900.000000 -47.497169 -0.001323 
36000.000000 -46.497169 -0.001292 
36100.000000 -45.497169 -0.001260 
36200.000000 -43.997162 -0.001215 
36300.000000 -43.297157 -0.001193 
36400.000000 -43.697151 -0.001200 
36500.000000 -42.697151 -0.001170 
36600.000000 -43.597137 -0.001191 
36700.000000 -43.597137 -0.001188 
36800.000000 -42.997131 -0.001168 
36900.000000 -42.797119 -0.001160 
37000.000000 -41.797119 -0.001130 
37100.000000 -41.997116 -0.001132 
37200.000000 -41.697105 -0.001121 
37300.000000 -41.397095 -0.001110 
37400.000000 -41.397095 -0.001107 
37500.000000 -42.597076 -0.001136 
37600.000000 -42.397064 -0.001128 
37700.000000 -41.497063 -0.001101 
37800.000000 -41.697060 -0.001103 
37900.000000 -42.097038 -0.001111 
38000.000000 -42.497032 -0.001118 
38100.000000 -41.497032 -0.001089 
38200.000000 -41.497032 -0.001086 
38300.000000 -41.497032 -0.001083 
38400.000000 -41.697029 -0.001086 
38500.000000 -40.697029 -0.001057 
38600.000000 -40.697029 -0.001054 
38700.000000 -40.797028 -0.001054 
38800.000000 -39.897026 -0.001028 
38900.000000 -39.897026 -0.001026 
39000.000000 -40.297020 -0.001033 
39100.000000 -38.497017 -0.000985 
39200.000000 -36.997009 -0.000944 
39300.000000 -36.097008 -0.000918 
39400.000000 -36.297005 -0.000921 
39500.000000 -34.597000 -0.000876 
39600.000000 -34.597000 -0.000874 
39700.000000 -34.597000 -0.000871 
39800.000000 -34.896996 -0.000877 
39900.000000 -35.196991 -0.000882 
40000.000000 -34.196991 -0.000855 
40100.000000 -33.496986 -0.000835 
40200.000000 -34.196976 -0.000851 
40300.000000 -34.196976 -0.000849 
40400.000000 -33.496971 -0.000829 
40500.000000 -33.496971 -0.000827 
40600.000000 -33.996964 -0.000837 
40700.000000 -32.996964 -0.000811 
40800.000000 -31.296959 -0.000767 
40900.000000 -31.296959 -0.000765 
41000.000000 -31.396959 -0.000766 
41100.000000 -30.396959 -0.000740 
41200.000000 -29.396959 -0.000714 
41300.000000 -27.796961 -0.000673 
41400.000000 -28.096962 -0.000679 
41500.000000 -27.096962 -0.000653 
41600.000000 -26.796965 -0.000644 
41700.000000 -26.796965 -0.000643 
41800.000000 -26.096966 -0.000624 
41900.000000 -26.096966 -0.000623 
42000.000000 -25.196966 -0.000600 
42100.000000 -24.396967 -0.000580 
42200.000000 -23.696968 -0.000562 
42300.000000 -23.696968 -0.000560 
42400.000000 -22.796968 -0.000538 
42500.000000 -23.196970 -0.000546 
42600.000000 -22.396971 -0.000526 
42700.000000 -21.596972 -0.000506 
42800.000000 -21.596972 -0.000505 
42900.000000 -21.596972 -0.000503 
43000.000000 -21.596972 -0.000502 
43100.000000 -21.296974 -0.000494 
43200.000000 -20.496975 -0.000474 
43300.000000 -20.796976 -0.000480 
43400.000000 -19.996977 -0.000461 
43500.000000 -20.096977 -0.000462 
43600.000000 -19.296978 -0.000443 
43700.000000 -18.296978 -0.000419 
43800.000000 -16.496979 -0.000377 
43900.000000 -16.596979 -0.000378 
44000.000000 -16.196981 -0.000368 
44100.000000 -15.896984 -0.000360 
44200.000000 -15.896984 -0.000360 
44300.000000 -15.296986 -0.000345 
44400.000000 -14.296986 -0.000322 
44500.000000 -12.396986 -0.000279 
44600.000000 -11.796988 -0.000265 
44700.000000 -11.796988 -0.000264 
44800.000000 -10.996988 -0.000245 
44900.000000 -10.196989 -0.000227 
45000.000000 -9.296989 -0.000207 
45100.000000 -9.296989 -0.000206 
45200.000000 -9.296989 -0.000206 
45300.000000 -8.996992 -0.000199 
45400.000000 -8.796995 -0.000194 
45500.000000 -8.796995 -0.000193 
45600.000000 -8.796995 -0.000193 
45700.000000 -9.896999 -0.000217 
45800.000000 -9.297001 -0.000203 
45900.000000 -8.497002 -0.000185 
46000.000000 -8.697002 -0.000189 
46100.000000 -8.797003 -0.000191 
46200.000000 -8.897003 -0.000193 
46300.000000 -8.997004 -0.000194 
46400.000000 -8.397005 -0.000181 
46500.000000 -7.597006 -0.000163 
46600.000000 -7.597006 -0.000163 
46700.000000 -6.797006 -0.000146 
46800.000000 -6.797006 -0.000145 
46900.000000 -6.797006 -0.000145 
47000.000000 -6.097005 -0.000130 
47100.000000 -5.197005 -0.000110 
47200.000000 -4.997005 -0.000106 
47300.000000 -3.997005 -0.000085 
47400.000000 -2.997005 -0.000063 
47500.000000 -3.097004 -0.000065 
47600.000000 -2.597004 -0.000055 
47700.000000 -1.597004 -0.000033 
47800.000000 -1.597004 -0.000033 
47900.000000 -1.797004 -0.000038 
48000.000000 -1.797004 -0.000037 
48100.000000 -0.497004 -0.000010 
48200.000000 0.302996 0.000006 
48300.000000 1.302996 0.000027 
48400.000000 2.102996 0.000043 
48500.000000 2.902996 0.000060 
48600.000000 2.802996 0.000058 
48700.000000 4.802996 0.000099 
48800.000000 4.802996 0.000098 
48900.000000 4.802996 0.000098 
49000.000000 5.402997 0.000110 
49100.000000 5.802997 0.000118 
49200.000000 5.802997 0.000118 
49300.000000 5.702997 0.000116 
49400.000000 7.602997 0.000154 
49500.000000 8.202997 0.000166 
49600.000000 9.202997 0.000186 
49700.000000 10.002996 0.000201 
49800.000000 10.002996 0.000201 
49900.000000 9.602995 0.000192 
50000.000000 11.002993 0.000220 
50100.000000 11.302990 0.000226 
50200.000000 11.302990 0.000225 
50300.000000 11.302990 0.000225 
50400.000000 11.302990 0.000224 
50500.000000 12.302990 0.000244 
50600.000000 13.302990 0.000263 
50700.000000 14.202990 0.000280 
50800.000000 15.202990 0.000299 
50900.000000 16.102989 0.000316 
51000.000000 17.102989 0.000335 
51100.000000 18.802988 0.000368 
51200.000000 18.002981 0.000352 
51300.000000 18.502979 0.000361 
51400.000000 18.502979 0.000360 
51500.000000 19.502979 0.000379 
51600.000000 19.502979 0.000378 
51700.000000 19.502979 0.000377 
51800.000000 20.202978 0.000390 
51900.000000 20.202978 0.000389 
52000.000000 20.202978 0.000389 
52100.000000 21.002977 0.000403 
52200.000000 21.502975 0.000412 
52300.000000 22.502975 0.000430 
52400.000000 23.502975 0.000449 
52500.000000 23.302975 0.000444 
52600.000000 24.202974 0.000460 
52700.000000 24.202974 0.000459 
52800.000000 25.102974 0.000475 
52900.000000 25.702972 0.000486 
53000.000000 25.702972 0.000485 
53100.000000 25.702972 0.000484 
53200.000000 26.502972 0.000498 
53300.000000 26.502972 0.000497 
53400.000000 27.502972 0.000515 
53500.000000 28.402971 0.000531 
53600.000000 28.402971 0.000530 
53700.000000 29.302971 0.000546 
53800.000000 29.302971 0.000545 
53900.000000 30.202971 0.000560 
54000.000000 31.902969 0.000591 
54100.000000 31.902969 0.000590 
54200.000000 31.902969 0.000589 
54300.000000 32.602970 0.000600 
54400.000000 33.502972 0.000616 
54500.000000 33.502972 0.000615 
54600.000000 34.002979 0.000623 
54700.000000 34.002979 0.000622 
54800.000000 35.002979 0.000639 
54900.000000 36.002979 0.000656 
55000.000000 36.902981 0.000671 
55100.000000 36.302990 0.000659 
55200.000000 36.802998 0.000667 
55300.000000 37.802998 0.000684 
55400.000000 38.802998 0.000700 
55500.000000 39.603001 0.000714 
55600.000000 40.603001 0.000730 
55700.000000 40.503002 0.000727 
55800.000000 41.303005 0.000740 
55900.000000 41.303005 0.000739 
56000.000000 42.303005 0.000755 
56100.000000 43.103008 0.000768 
56200.000000 44.803013 0.000797 
56300.000000 44.803013 0.000796 
56400.000000 45.803013 0.000812 
56500.000000 46.703014 0.000827 
56600.000000 47.403019 0.000838 
56700.000000 50.103024 0.000884 
56800.000000 50.903027 0.000896 
56900.000000 51.503033 0.000905 
57000.000000 52.303036 0.000918 
57100.000000 53.903042 0.000944 
57200.000000 55.603046 0.000972 
57300.000000 56.403049 0.000984 
57400.000000 57.403049 0.001000 
57500.000000 59.203053 0.001030 
57600.000000 59.503063 0.001033 
57700.000000 60.303066 0.001045 
57800.000000 63.103069 0.001092 
57900.000000 65.903069 0.001138 
58000.000000 67.803070 0.001169 
58100.000000 68.703072 0.001182 
58200.000000 70.603073 0.001213 
58300.000000 70.603073 0.001211 
58400.000000 71.603073 0.001226 
58500.000000 72.603073 0.001241 
58600.000000 72.603073 0.001239 
58700.000000 73.003082 0.001244 
58800.000000 74.003082 0.001259 
58900.000000 74.003082 0.001256 
59000.000000 76.703087 0.001300 
59100.000000 76.603088 0.001296 
59200.000000 78.603088 0.001328 
59300.000000 80.403091 0.001356 
59400.000000 80.403091 0.001354 
59500.000000 81.403091 0.001368 
59600.000000 82.303093 0.001381 
59700.000000 84.203094 0.001410 
59800.000000 86.203094 0.001442 
59900.000000 86.203094 0.001439 
60000.000000 88.203094 0.001470 
60100.000000 90.003098 0.001498 
60200.000000 91.003098 0.001512 
60300.000000 92.503105 0.001534 
60400.000000 94.203110 0.001560 
60500.000000 94.103111 0.001555 
60600.000000 97.003113 0.001601 
60700.000000 99.003113 0.001631 
60800.000000 99.703117 0.001640 
60900.000000 102.503120 0.001683 
61000.000000 104.503120 0.001713 
61100.000000 106.303123 0.001740 
61200.000000 108.103127 0.001766 
61300.000000 109.903130 0.001793 
61400.000000 111.403137 0.001814 
61500.000000 113.103142 0.001839 
61600.000000 115.803146 0.001880 
61700.000000 117.803146 0.001909 
61800.000000 118.403152 0.001916 
61900.000000 120.003159 0.001939 
62000.000000 122.303169 0.001973 
62100.000000 124.303169 0.002002 
62200.000000 125.803177 0.002023 
62300.000000 128.303192 0.002059 
62400.000000 128.703156 0.002063 
62500.000000 130.503143 0.002088 
62600.000000 130.803101 0.002090 
62700.000000 134.703094 0.002148 
62800.000000 137.603088 0.002191 
62900.000000 138.103058 0.002196 
63000.000000 141.003052 0.002238 
63100.000000 142.903046 0.002265 
63200.000000 144.603027 0.002288 
63300.000000 147.303009 0.002327 
63400.000000 149.102997 0.002352 
63500.000000 150.802979 0.002375 
63600.000000 152.802979 0.002403 
63700.000000 155.802979 0.002446 
63800.000000 156.602966 0.002455 
63900.000000 159.602966 0.002498 
64000.000000 161.402954 0.002522 
64100.000000 162.902924 0.002541 
64200.000000 163.602905 0.002548 
64300.000000 165.002869 0.002566 
64400.000000 165.202820 0.002565 
64500.000000 168.702789 0.002616 
64600.000000 170.602783 0.002641 
64700.000000 172.402771 0.002665 
64800.000000 176.302765 0.002721 
64900.000000 178.902740 0.002757 
65000.000000 180.602722 0.002779 
65100.000000 182.602722 0.002805 
65200.000000 185.402710 0.002844 
65300.000000 187.302704 0.002868 
65400.000000 191.202698 0.002924 
65500.000000 193.902679 0.002960 
65600.000000 195.302643 0.002977 
65700.000000 197.302643 0.003003 
65800.000000 198.702606 0.003020 
65900.000000 200.202576 0.003038 
66000.000000 203.002563 0.003076 
66100.000000 203.902557 0.003085 
66200.000000 205.602539 0.003106 
66300.000000 208.602539 0.003146 
66400.000000 211.602539 0.003187 
66500.000000 213.402527 0.003209 
66600.000000 215.202515 0.003231 
66700.000000 216.102509 0.003240 
66800.000000 217.902496 0.003262 
66900.000000 219.802490 0.003286 
67000.000000 222.202454 0.003316 
67100.000000 224.102448 0.003340 
67200.000000 226.902435 0.003377 
67300.000000 228.502411 0.003395 
67400.000000 232.502411 0.003450 
67500.000000 232.202393 0.003440 
67600.000000 235.002380 0.003476 
67700.000000 236.702362 0.003496 
67800.000000 239.202332 0.003528 
67900.000000 239.902313 0.003533 
68000.000000 240.502289 0.003537 
68100.000000 243.502289 0.003576 
68200.000000 245.502289 0.003600 
68300.000000 248.302277 0.003635 
68400.000000 250.202271 0.003658 
68500.000000 252.202271 0.003682 
68600.000000 253.802246 0.003700 
68700.000000 256.702240 0.003737 
68800.000000 258.602234 0.003759 
68900.000000 259.802185 0.003771 
69000.000000 262.302155 0.003801 
69100.000000 266.202148 0.003852 
69200.000000 269.102142 0.003889 
69300.000000 271.602112 0.003919 
69400.000000 274.102081 0.003950 
69500.000000 275.802063 0.003968 
69600.000000 278.002014 0.003994 
69700.000000 279.601990 0.004012 
69800.000000 281.001953 0.004026 
69900.000000 283.901947 0.004062 
70000.000000 286.801941 0.004097 
70100.000000 289.501923 0.004130 
70200.000000 292.201904 0.004162 
70300.000000 293.801880 0.004179 
70400.000000 294.601868 0.004185 
70500.000000 298.401855 0.004233 
70600.000000 299.901825 0.004248 
70700.000000 300.701813 0.004253 
70800.000000 303.501801 0.004287 
70900.000000 306.401794 0.004322 
71000.000000 308.001770 0.004338 
71100.000000 310.001770 0.004360 
71200.000000 314.001770 0.004410 
71300.000000 315.601746 0.004426 
71400.000000 317.401733 0.004445 
71500.000000 319.101715 0.004463 
71600.000000 321.901703 0.004496 
71700.000000 323.901703 0.004517 
71800.000000 326.701691 0.004550 
71900.000000 330.701691 0.004599 
72000.000000 332.401672 0.004617 
72100.000000 334.301666 0.004637 
72200.000000 336.301666 0.004658 
72300.000000 337.901642 0.004674 
72400.000000 339.201599 0.004685 
72500.000000 342.201599 0.004720 
72600.000000 345.101593 0.004753 
72700.000000 347.001587 0.004773 
72800.000000 350.701569 0.004817 
72900.000000 352.601562 0.004837 
73000.000000 354.501556 0.004856 
73100.000000 358.101532 0.004899 
73200.000000 362.001526 0.004945 
73300.000000 364.901520 0.004978 
73400.000000 366.701508 0.004996 
73500.000000 369.701508 0.005030 
73600.000000 372.401489 0.005060 
73700.000000 376.201477 0.005104 
73800.000000 378.701447 0.005131 
73900.000000 379.401428 0.005134 
74000.000000 380.701385 0.005145 
74100.000000 382.601379 0.005163 
74200.000000 384.401367 0.005181 
74300.000000 387.401367 0.005214 
74400.000000 387.901337 0.005214 
74500.000000 391.901337 0.005260 
74600.000000 395.901337 0.005307 
74700.000000 398.601318 0.005336 
74800.000000 402.601318 0.005382 
74900.000000 402.801270 0.005378 
75000.000000 405.501251 0.005407 
75100.000000 408.301239 0.005437 
75200.000000 410.201233 0.005455 
75300.000000 413.101227 0.005486 
75400.000000 415.901215 0.005516 
75500.000000 416.901215 0.005522 
75600.000000 419.601196 0.005550 
75700.000000 423.401184 0.005593 
75800.000000 425.301178 0.005611 
75900.000000 429.301178 0.005656 
76000.000000 432.301178 0.005688 
76100.000000 434.101166 0.005704 
76200.000000 436.001160 0.005722 
76300.000000 438.901154 0.005752 
76400.000000 441.901154 0.005784 
76500.000000 444.901154 0.005816 
76600.000000 447.501129 0.005842 
76700.000000 449.501129 0.005861 
76800.000000 453.301117 0.005902 
76900.000000 455.001099 0.005917 
77000.000000 457.901093 0.005947 
77100.000000 459.601074 0.005961 
77200.000000 462.601074 0.005992 
77300.000000 466.501068 0.006035 
77400.000000 470.201050 0.006075 
77500.000000 473.201050 0.006106 
77600.000000 475.101044 0.006122 
77700.000000 477.101044 0.006140 
77800.000000 479.101044 0.006158 
77900.000000 482.101044 0.006189 
78000.000000 484.901031 0.006217 
78100.000000 488.901031 0.006260 
78200.000000 490.300995 0.006270 
78300.000000 492.800964 0.006294 
78400.000000 495.600952 0.006321 
78500.000000 497.600952 0.006339 
78600.000000 500.400940 0.006366 
78700.000000 502.100922 0.006380 
78800.000000 505.700897 0.006418 
78900.000000 508.700897 0.006447 
79000.000000 511.500885 0.006475 
79100.000000 513.500854 0.006492 
79200.000000 516.400879 0.006520 
79300.000000 518.400879 0.006537 
79400.000000 520.300903 0.006553 
79500.000000 523.200928 0.006581 
79600.000000 526.200928 0.006611 
79700.000000 530.000977 0.006650 
79800.000000 532.000977 0.006667 
79900.000000 534.801025 0.006693 
80000.000000 537.301147 0.006716 
80100.000000 540.001221 0.006742 
80200.000000 541.901245 0.006757 
80300.000000 543.501343 0.006768 
80400.000000 545.201416 0.006781 
80500.000000 546.001465 0.006783 
80600.000000 548.001465 0.006799 
80700.000000 551.001465 0.006828 
80800.000000 554.401611 0.006861 
80900.000000 556.301636 0.006876 
81000.000000 559.301636 0.006905 
81100.000000 561.201660 0.006920 
81200.000000 561.801758 0.006919 
81300.000000 563.601807 0.006932 
81400.000000 565.201904 0.006944 
81500.000000 566.802002 0.006955 
81600.000000 569.502075 0.006979 
81700.000000 572.402100 0.007006 
81800.000000 575.002197 0.007029 
81900.000000 577.902222 0.007056 
82000.000000 580.902222 0.007084 
82100.000000 582.902222 0.007100 
82200.000000 586.902222 0.007140 
82300.000000 590.802246 0.007179 
82400.000000 591.802246 0.007182 
82500.000000 593.602295 0.007195 
82600.000000 595.502319 0.007209 
82700.000000 598.402344 0.007236 
82800.000000 601.102417 0.007260 
82900.000000 603.902466 0.007285 
83000.000000 605.902466 0.007300 
83100.000000 608.202637 0.007319 
83200.000000 610.002686 0.007332 
83300.000000 613.802734 0.007369 
83400.000000 616.702759 0.007395 
83500.000000 619.702759 0.007422 
83600.000000 621.402832 0.007433 
83700.000000 624.202881 0.007458 
83800.000000 625.202881 0.007461 
83900.000000 628.102905 0.007486 
84000.000000 630.102905 0.007501 
84100.000000 633.102905 0.007528 
84200.000000 636.802979 0.007563 
84300.000000 638.603027 0.007575 
84400.000000 641.303101 0.007598 
84500.000000 643.303101 0.007613 
84600.000000 645.103149 0.007625 
84700.000000 649.003174 0.007662 
84800.000000 651.003174 0.007677 
84900.000000 655.003174 0.007715 
85000.000000 656.903198 0.007728 
85100.000000 658.903198 0.007743 
85200.000000 661.903198 0.007769 
85300.000000 665.903198 0.007807 
85400.000000 667.803223 0.007820 
85500.000000 669.803223 0.007834 
85600.000000 673.303345 0.007866 
85700.000000 676.303345 0.007892 
85800.000000 678.703491 0.007910 
85900.000000 680.703491 0.007924 
86000.000000 682.203613 0.007933 
86100.000000 685.203613 0.007958 
86200.000000 688.103638 0.007983 
86300.000000 690.003662 0.007995 
86400.000000 693.903687 0.008031 
86500.000000 696.803711 0.008056 
86600.000000 698.503784 0.008066 
86700.000000 700.503784 0.008080 
86800.000000 703.403809 0.008104 
86900.000000 706.103882 0.008125 
87000.000000 709.003906 0.008149 
87100.000000 712.803955 0.008184 
87200.000000 715.404053 0.008204 
87300.000000 719.204102 0.008238 
87400.000000 721.204102 0.008252 
87500.000000 724.104126 0.008275 
87600.000000 725.904175 0.008287 
87700.000000 727.804199 0.008299 
87800.000000 729.604248 0.008310 
87900.000000 733.604248 0.008346 
88000.000000 735.304321 0.008356 
88100.000000 738.204346 0.008379 
88200.000000 740.204346 0.008392 
88300.000000 743.904419 0.008425 
88400.000000 746.904419 0.008449 
88500.000000 748.804443 0.008461 
88600.000000 752.704468 0.008496 
88700.000000 755.704468 0.008520 
88800.000000 759.704468 0.008555 
88900.000000 762.704468 0.008579 
89000.000000 766.704468 0.008615 
89100.000000 769.704468 0.008639 
89200.000000 771.604492 0.008650 
89300.000000 773.604492 0.008663 
89400.000000 776.604492 0.008687 
89500.000000 777.504517 0.008687 
89600.000000 780.504517 0.008711 
89700.000000 783.504517 0.008735 
89800.000000 784.304565 0.008734 
89900.000000 787.104614 0.008755 
90000.000000 790.104614 0.008779 
90100.000000 793.804688 0.008810 
90200.000000 794.804688 0.008812 
90300.000000 797.804688 0.008835 
90400.000000 800.704712 0.008857 
90500.000000 804.404785 0.008888 
90600.000000 808.204834 0.008921 
90700.000000 810.904907 0.008941 
90800.000000 814.804932 0.008974 
90900.000000 817.604980 0.008995 
91000.000000 819.105103 0.009001 
91100.000000 820.105103 0.009002 
91200.000000 823.105103 0.009025 
91300.000000 824.805176 0.009034 
91400.000000 829.705200 0.009078 
91500.000000 833.705200 0.009112 
91600.000000 836.605225 0.009133 
91700.000000 840.405273 0.009165 
91800.000000 844.405273 0.009198 
91900.000000 847.405273 0.009221 
92000.000000 849.405273 0.009233 
92100.000000 852.205322 0.009253 
92200.000000 853.905396 0.009261 
92300.000000 857.805420 0.009294 
92400.000000 859.705444 0.009304 
92500.000000 862.605469 0.009325 
92600.000000 864.405518 0.009335 
92700.000000 867.205566 0.009355 
92800.000000 868.105591 0.009355 
92900.000000 869.905640 0.009364 
93000.000000 872.905640 0.009386 
93100.000000 874.805664 0.009396 
93200.000000 877.705688 0.009417 
93300.000000 880.705688 0.009440 
93400.000000 883.705688 0.009462 
93500.000000 887.605713 0.009493 
93600.000000 889.605713 0.009504 
93700.000000 891.605713 0.009516 
93800.000000 894.405762 0.009535 
93900.000000 897.405762 0.009557 
94000.000000 900.405762 0.009579 
94100.000000 903.005859 0.009596 
94200.000000 906.005859 0.009618 
94300.000000 908.005859 0.009629 
94400.000000 910.905884 0.009649 
94500.000000 912.905884 0.009660 
94600.000000 915.705933 0.009680 
94700.000000 918.406006 0.009698 
94800.000000 920.306030 0.009708 
94900.000000 923.806152 0.009735 
95000.000000 926.806152 0.009756 
95100.000000 929.706177 0.009776 
95200.000000 932.306274 0.009793 
95300.000000 935.306274 0.009814 
95400.000000 938.306274 0.009835 
95500.000000 939.306274 0.009836 
95600.000000 941.206299 0.009845 
95700.000000 943.106323 0.009855 
95800.000000 948.106323 0.009897 
95900.000000 951.106323 0.009918 
96000.000000 954.106323 0.009939 
96100.000000 956.106323 0.009949 
96200.000000 959.106323 0.009970 
96300.000000 961.106323 0.009980 
96400.000000 965.006348 0.010010 
96500.000000 966.506470 0.010016 
96600.000000 968.406494 0.010025 
96700.000000 970.306519 0.010034 
96800.000000 971.206543 0.010033 
96900.000000 973.106567 0.010042 
97000.000000 976.106567 0.010063 
97100.000000 980.006592 0.010093 
97200.000000 982.906616 0.010112 
97300.000000 984.706665 0.010120 
97400.000000 987.706665 0.010141 
97500.000000 991.706665 0.010171 
97600.000000 994.606689 0.010191 
97700.000000 997.306763 0.010208 
97800.000000 1000.106812 0.010226 
97900.000000 1004.006836 0.010255 
98000.000000 1006.006836 0.010265 
98100.000000 1007.706909 0.010272 
98200.000000 1011.506958 0.010300 
98300.000000 1013.207031 0.010307 
98400.000000 1016.107056 0.010326 
98500.000000 1018.007080 0.010335 
98600.000000 1020.907104 0.010354 
98700.000000 1022.807129 0.010363 
98800.000000 1025.607178 0.010381 
98900.000000 1029.407227 0.010409 
99000.000000 1031.407227 0.010418 
99100.000000 1033.407227 0.010428 
99200.000000 1034.307251 0.010426 
99300.000000 1038.207275 0.010455 
99400.000000 1041.107300 0.010474 
99500.000000 1044.507446 0.010498 
99600.000000 1047.507446 0.010517 
99700.000000 1050.507446 0.010537 
99800.000000 1053.507446 0.010556 
99900.000000 1055.507446 0.010566 
100000.000000 1058.507446 0.010585 
100100.000000 1061.407471 0.010603 
100200.000000 1064.407471 0.010623 
100300.000000 1066.307495 0.010631 
100400.000000 1070.207520 0.010659 
100500.000000 1072.007568 0.010667 
100600.000000 1074.907593 0.010685 
100700.000000 1075.907593 0.010684 
100800.000000 1075.707642 0.010672 
100900.000000 1076.607666 0.010670 
101000.000000 1078.507690 0.010678 
101100.000000 1080.407715 0.010687 
101200.000000 1081.207764 0.010684 
101300.000000 1081.907837 0.010680 
101400.000000 1083.707886 0.010687 
101500.000000 1086.607910 0.010705 
101600.000000 1088.307983 0.010712 
101700.000000 1091.307983 0.010731 
101800.000000 1094.008057 0.010747 
101900.000000 1096.408203 0.010760 
102000.000000 1099.008301 0.010775 
102100.000000 1102.008301 0.010793 
102200.000000 1104.908325 0.010811 
102300.000000 1106.908325 0.010820 
102400.000000 1109.808350 0.010838 
102500.000000 1112.708374 0.010856 
102600.000000 1116.708374 0.010884 
102700.000000 1118.608398 0.010892 
102800.000000 1122.608398 0.010920 
102900.000000 1125.608398 0.010939 
103000.000000 1126.408447 0.010936 
103100.000000 1130.408447 0.010964 
103200.000000 1133.308472 0.010982 
103300.000000 1136.208496 0.010999 
103400.000000 1139.108521 0.011017 
103500.000000 1142.108521 0.011035 
103600.000000 1145.108521 0.011053 
103700.000000 1149.108521 0.011081 
103800.000000 1152.108521 0.011099 
103900.000000 1155.108521 0.011118 
104000.000000 1157.008545 0.011125 
104100.000000 1159.008545 0.011134 
104200.000000 1160.708618 0.011139 
104300.000000 1162.608643 0.011147 
104400.000000 1165.608643 0.011165 
104500.000000 1167.308716 0.011170 
104600.000000 1171.308716 0.011198 
104700.000000 1174.308716 0.011216 
104800.000000 1176.308716 0.011224 
104900.000000 1179.208740 0.011241 
105000.000000 1182.208740 0.011259 
105100.000000 1184.008789 0.011266 
105200.000000 1186.008789 0.011274 
105300.000000 1189.008789 0.011292 
105400.000000 1191.708862 0.011307 
105500.000000 1193.708862 0.011315 
105600.000000 1194.208984 0.011309 
105700.000000 1197.109009 0.011326 
105800.000000 1199.109009 0.011334 
105900.000000 1202.109009 0.011351 
106000.000000 1206.109009 0.011378 
106100.000000 1209.109009 0.011396 
106200.000000 1212.109009 0.011413 
106300.000000 1214.109009 0.011422 
106400.000000 1217.009033 0.011438 
106500.000000 1220.009033 0.011455 
106600.000000 1222.909058 0.011472 
106700.000000 1224.809082 0.011479 
106800.000000 1227.809082 0.011496 
106900.000000 1230.709106 0.011513 
107000.000000 1231.309204 0.011508 
107100.000000 1235.309204 0.011534 
107200.000000 1238.309204 0.011551 
107300.000000 1240.109253 0.011557 
107400.000000 1241.009277 0.011555 
107500.000000 1244.909302 0.011581 
107600.000000 1247.809326 0.011597 
107700.000000 1248.709351 0.011594 
107800.000000 1251.709351 0.011611 
107900.000000 1253.609375 0.011618 
108000.000000 1255.609375 0.011626 
108100.000000 1258.609375 0.011643 
108200.000000 1261.609375 0.011660 
108300.000000 1267.609375 0.011705 
108400.000000 1270.509399 0.011721 
108500.000000 1273.109497 0.011734 
108600.000000 1275.009521 0.011740 
108700.000000 1275.609619 0.011735 
108800.000000 1279.409668 0.011759 
108900.000000 1281.409668 0.011767 
109000.000000 1282.409668 0.011765 
109100.000000 1284.309692 0.011772 
109200.000000 1287.309692 0.011789 
109300.000000 1290.109741 0.011803 
109400.000000 1289.509888 0.011787 
109500.000000 1293.309937 0.011811 
109600.000000 1296.010010 0.011825 
109700.000000 1299.010010 0.011841 
109800.000000 1300.910034 0.011848 
109900.000000 1304.410156 0.011869 
110000.000000 1307.210205 0.011884 
110100.000000 1310.210205 0.011900 
110200.000000 1313.210205 0.011917 
110300.000000 1315.010254 0.011922 
110400.000000 1316.910278 0.011929 
110500.000000 1319.810303 0.011944 
110600.000000 1321.710327 0.011950 
110700.000000 1323.710327 0.011958 
110800.000000 1325.610352 0.011964 
110900.000000 1327.610352 0.011971 
111000.000000 1331.410400 0.011995 
111100.000000 1333.410400 0.012002 
111200.000000 1336.210449 0.012016 
111300.000000 1340.110474 0.012041 
111400.000000 1341.010498 0.012038 
111500.000000 1343.010498 0.012045 
111600.000000 1345.810547 0.012059 
111700.000000 1347.610596 0.012065 
111800.000000 1350.610596 0.012081 
111900.000000 1353.610596 0.012097 
112000.000000 1355.610596 0.012104 
112100.000000 1358.510620 0.012119 
112200.000000 1360.410645 0.012125 
112300.000000 1362.310669 0.012131 
112400.000000 1364.310669 0.012138 
112500.000000 1367.310669 0.012154 
112600.000000 1370.310669 0.012170 
112700.000000 1372.310669 0.012177 
112800.000000 1375.210693 0.012192 
112900.000000 1378.210693 0.012207 
113000.000000 1378.110718 0.012196 
113100.000000 1379.910767 0.012201 
113200.000000 1382.910767 0.012217 
113300.000000 1384.710815 0.012222 
113400.000000 1388.710815 0.012246 
113500.000000 1390.710815 0.012253 
113600.000000 1392.110962 0.012254 
113700.000000 1392.711060 0.012249 
113800.000000 1395.611084 0.012264 
113900.000000 1399.611084 0.012288 
114000.000000 1401.411133 0.012293 
114100.000000 1404.311157 0.012308 
114200.000000 1407.211182 0.012322 
114300.000000 1409.211182 0.012329 
114400.000000 1411.011230 0.012334 
114500.000000 1413.911255 0.012349 
114600.000000 1415.711304 0.012354 
114700.000000 1417.611328 0.012359 
114800.000000 1419.311401 0.012363 
114900.000000 1421.311401 0.012370 
115000.000000 1425.111450 0.012392 
115100.000000 1428.111450 0.012408 
115200.000000 1431.011475 0.012422 
115300.000000 1434.011475 0.012437 
115400.000000 1437.011475 0.012452 
115500.000000 1439.811523 0.012466 
115600.000000 1442.811523 0.012481 
115700.000000 1445.711548 0.012495 
115800.000000 1447.711548 0.012502 
115900.000000 1447.611572 0.012490 
116000.000000 1449.411621 0.012495 
116100.000000 1452.211670 0.012508 
116200.000000 1455.211670 0.012523 
116300.000000 1459.211670 0.012547 
116400.000000 1460.111694 0.012544 
116500.000000 1461.111694 0.012542 
116600.000000 1464.011719 0.012556 
116700.000000 1467.011719 0.012571 
116800.000000 1470.011719 0.012586 
116900.000000 1472.011719 0.012592 
117000.000000 1472.911743 0.012589 
117100.000000 1474.911743 0.012595 
117200.000000 1476.611816 0.012599 
117300.000000 1478.612061 0.012605 
117400.000000 1479.012207 0.012598 
117500.000000 1481.012207 0.012604 
117600.000000 1481.912231 0.012601 
117700.000000 1482.612305 0.012597 
117800.000000 1483.412354 0.012593 
117900.000000 1486.312378 0.012607 
118000.000000 1487.312378 0.012604 
118100.000000 1490.112427 0.012617 
118200.000000 1494.112427 0.012641 
118300.000000 1495.812500 0.012644 
118400.000000 1496.712524 0.012641 
118500.000000 1499.412598 0.012653 
118600.000000 1502.412598 0.012668 
118700.000000 1505.412598 0.012682 
118800.000000 1508.412598 0.012697 
118900.000000 1511.412598 0.012712 
119000.000000 1513.412598 0.012718 
119100.000000 1516.412598 0.012732 
119200.000000 1520.412598 0.012755 
119300.000000 1522.412598 0.012761 
119400.000000 1524.412598 0.012767 
119500.000000 1528.312622 0.012789 
119600.000000 1530.312622 0.012795 
119700.000000 1533.212646 0.012809 
119800.000000 1535.212646 0.012815 
119900.000000 1538.112671 0.012828 
120000.000000 1541.012695 0.012842 
120100.000000 1543.912720 0.012855 
120200.000000 1545.912720 0.012861 
120300.000000 1549.912720 0.012884 
120400.000000 1551.812744 0.012889 
120500.000000 1553.712769 0.012894 
120600.000000 1555.712769 0.012900 
120700.000000 1558.612793 0.012913 
120800.000000 1561.612793 0.012927 
120900.000000 1565.612793 0.012950 
121000.000000 1569.612793 0.012972 
121100.000000 1572.612793 0.012986 
121200.000000 1574.612793 0.012992 
121300.000000 1576.612793 0.012998 
121400.000000 1577.612793 0.012995 
121500.000000 1579.512817 0.013000 
121600.000000 1581.512817 0.013006 
121700.000000 1584.512817 0.013020 
121800.000000 1587.512817 0.013034 
121900.000000 1590.112915 0.013044 
122000.000000 1591.812988 0.013048 
122100.000000 1593.812988 0.013053 
122200.000000 1594.812988 0.013051 
122300.000000 1596.513062 0.013054 
122400.000000 1597.513062 0.013052 
122500.000000 1599.513062 0.013057 
122600.000000 1602.113159 0.013068 
122700.000000 1604.113159 0.013073 
122800.000000 1605.113159 0.013071 
122900.000000 1606.613281 0.013073 
123000.000000 1609.613281 0.013086 
123100.000000 1610.613281 0.013084 
123200.000000 1614.613281 0.013106 
123300.000000 1617.413330 0.013118 
123400.000000 1621.413330 0.013139 
123500.000000 1624.413330 0.013153 
123600.000000 1627.413330 0.013167 
123700.000000 1629.213379 0.013171 
123800.000000 1633.113403 0.013192 
123900.000000 1635.813477 0.013203 
124000.000000 1637.813477 0.013208 
124100.000000 1639.513550 0.013211 
124200.000000 1639.513550 0.013201 
124300.000000 1641.413574 0.013205 
124400.000000 1644.313599 0.013218 
124500.000000 1647.113647 0.013230 
124600.000000 1647.813721 0.013225 
124700.000000 1650.013916 0.013232 
124800.000000 1653.913940 0.013253 
124900.000000 1656.813965 0.013265 
125000.000000 1659.813965 0.013279 
125100.000000 1663.813965 0.013300 
125200.000000 1665.713989 0.013304 
125300.000000 1667.514038 0.013308 
125400.000000 1671.514038 0.013329 
125500.000000 1673.514038 0.013335 
125600.000000 1677.514038 0.013356 
125700.000000 1680.414062 0.013368 
125800.000000 1681.214111 0.013364 
125900.000000 1685.214111 0.013385 
126000.000000 1686.914185 0.013388 
126100.000000 1688.714233 0.013392 
126200.000000 1691.414307 0.013403 
126300.000000 1693.014404 0.013405 
126400.000000 1694.914429 0.013409 
126500.000000 1695.614502 0.013404 
126600.000000 1696.814697 0.013403 
126700.000000 1699.514771 0.013414 
126800.000000 1702.514771 0.013427 
126900.000000 1704.414795 0.013431 
127000.000000 1708.214844 0.013451 
127100.000000 1711.214844 0.013464 
127200.000000 1714.214844 0.013477 
127300.000000 1715.114868 0.013473 
127400.000000 1717.114868 0.013478 
127500.000000 1719.114868 0.013483 
127600.000000 1721.114868 0.013488 
127700.000000 1725.114868 0.013509 
127800.000000 1726.114868 0.013506 
127900.000000 1728.114868 0.013511 
128000.000000 1729.014893 0.013508 
128100.000000 1732.014893 0.013521 
128200.000000 1732.914917 0.013517 
128300.000000 1735.614990 0.013528 
128400.000000 1738.614990 0.013541 
128500.000000 1741.515015 0.013553 
128600.000000 1744.415039 0.013565 
128700.000000 1747.415039 0.013577 
128800.000000 1751.315063 0.013597 
128900.000000 1752.115112 0.013593 
129000.000000 1755.115112 0.013606 
129100.000000 1757.015137 0.013610 
129200.000000 1760.015137 0.013622 
129300.000000 1762.015137 0.013627 
129400.000000 1765.015137 0.013640 
129500.000000 1769.015137 0.013660 
129600.000000 1771.015137 0.013665 
129700.000000 1773.015137 0.013670 
129800.000000 1773.715210 0.013665 
129900.000000 1775.715210 0.013670 
130000.000000 1777.715210 0.013675 
130100.000000 1781.515259 0.013693 
130200.000000 1783.515259 0.013698 
130300.000000 1785.515259 0.013703 
130400.000000 1787.115356 0.013705 
130500.000000 1789.115356 0.013710 
130600.000000 1793.015381 0.013729 
130700.000000 1796.815430 0.013748 
130800.000000 1799.815430 0.013760 
130900.000000 1801.815430 0.013765 
131000.000000 1804.815430 0.013777 
131100.000000 1805.715698 0.013774 
131200.000000 1807.315796 0.013775 
131300.000000 1809.215820 0.013779 
131400.000000 1812.215820 0.013792 
131500.000000 1816.115845 0.013811 
131600.000000 1818.915894 0.013822 
131700.000000 1819.915894 0.013819 
131800.000000 1821.915894 0.013823 
131900.000000 1825.915894 0.013843 
132000.000000 1828.615967 0.013853 
132100.000000 1831.615967 0.013865 
132200.000000 1834.615967 0.013878 
132300.000000 1837.515991 0.013889 
132400.000000 1840.515991 0.013901 
132500.000000 1842.515991 0.013906 
132600.000000 1846.515991 0.013925 
132700.000000 1849.515991 0.013938 
132800.000000 1853.515991 0.013957 
132900.000000 1857.515991 0.013977 
133000.000000 1861.515991 0.013996 
133100.000000 1863.515991 0.014001 
133200.000000 1867.416016 0.014020 
133300.000000 1869.416016 0.014024 
133400.000000 1872.316040 0.014035 
133500.000000 1873.316040 0.014032 
133600.000000 1876.216064 0.014044 
133700.000000 1878.116089 0.014047 
133800.000000 1882.116089 0.014067 
133900.000000 1885.016113 0.014078 
134000.000000 1888.016113 0.014090 
134100.000000 1888.916138 0.014086 
134200.000000 1891.916138 0.014098 
134300.000000 1893.516235 0.014099 
134400.000000 1895.516235 0.014104 
134500.000000 1898.516235 0.014115 
134600.000000 1901.516235 0.014127 
134700.000000 1904.516235 0.014139 
134800.000000 1905.516235 0.014136 
134900.000000 1905.516235 0.014125 
135000.000000 1909.416260 0.014144 
135100.000000 1912.416260 0.014156 
135200.000000 1914.016357 0.014157 
135300.000000 1915.916382 0.014161 
135400.000000 1917.816406 0.014164 
135500.000000 1920.716431 0.014175 
135600.000000 1921.716431 0.014172 
135700.000000 1925.716431 0.014191 
135800.000000 1927.716431 0.014195 
135900.000000 1930.716431 0.014207 
136000.000000 1933.616455 0.014218 
136100.000000 1935.516479 0.014221 
136200.000000 1937.516479 0.014226 
136300.000000 1940.316528 0.014236 
136400.000000 1943.216553 0.014246 
136500.000000 1946.216553 0.014258 
136600.000000 1949.216553 0.014270 
136700.000000 1951.216553 0.014274 
136800.000000 1954.216553 0.014285 
136900.000000 1958.216553 0.014304 
137000.000000 1961.216553 0.014315 
137100.000000 1964.216553 0.014327 
137200.000000 1965.216553 0.014324 
137300.000000 1965.016602 0.014312 
137400.000000 1967.816650 0.014322 
137500.000000 1970.416748 0.014330 
137600.000000 1972.416748 0.014334 
137700.000000 1977.416748 0.014360 
137800.000000 1979.316772 0.014364 
137900.000000 1982.316772 0.014375 
138000.000000 1984.116821 0.014378 
138100.000000 1985.116821 0.014374 
138200.000000 1989.016846 0.014392 
138300.000000 1990.716919 0.014394 
138400.000000 1992.416992 0.014396 
138500.000000 1994.817139 0.014403 
138600.000000 1997.817139 0.014414 
138700.000000 2001.717163 0.014432 
138800.000000 2003.617188 0.014435 
138900.000000 2007.617188 0.014454 
139000.000000 2009.517212 0.014457 
139100.000000 2011.217285 0.014459 
139200.000000 2015.217285 0.014477 
139300.000000 2017.117310 0.014480 
139400.000000 2020.117310 0.014492 
139500.000000 2023.017334 0.014502 
139600.000000 2024.017334 0.014499 
139700.000000 2025.817383 0.014501 
139800.000000 2027.717407 0.014504 
139900.000000 2029.717407 0.014508 
140000.000000 2031.617432 0.014512 
140100.000000 2033.117554 0.014512 
140200.000000 2037.017578 0.014529 
140300.000000 2038.517700 0.014530 
140400.000000 2041.517700 0.014541 
140500.000000 2045.517700 0.014559 
140600.000000 2048.317871 0.014568 
140700.000000 2051.317871 0.014579 
140800.000000 2053.217773 0.014583 
140900.000000 2056.217773 0.014593 
141000.000000 2058.217773 0.014597 
141100.000000 2061.117676 0.014607 
141200.000000 2063.117676 0.014611 
141300.000000 2063.917480 0.014607 
141400.000000 2064.517090 0.014601 
141500.000000 2067.316895 0.014610 
141600.000000 2068.216797 0.014606 
141700.000000 2068.916504 0.014601 
141800.000000 2068.916504 0.014590 
141900.000000 2070.616211 0.014592 
142000.000000 2073.115723 0.014599 
142100.000000 2076.015625 0.014610 
142200.000000 2077.615234 0.014611 
142300.000000 2080.615234 0.014621 
142400.000000 2083.515137 0.014631 
142500.000000 2087.415039 0.014649 
142600.000000 2088.814453 0.014648 
142700.000000 2091.814453 0.014659 
142800.000000 2094.714355 0.014669 
142900.000000 2096.514160 0.014671 
143000.000000 2098.414062 0.014674 
143100.000000 2100.313965 0.014677 
143200.000000 2100.713379 0.014670 
143300.000000 2102.713379 0.014674 
143400.000000 2104.713379 0.014677 
143500.000000 2107.613281 0.014687 
143600.000000 2107.513184 0.014676 
143700.000000 2110.513184 0.014687 
143800.000000 2113.312988 0.014696 
143900.000000 2115.112793 0.014698 
144000.000000 2117.112793 0.014702 
144100.000000 2119.712402 0.014710 
144200.000000 2123.612305 0.014727 
144300.000000 2127.612305 0.014744 
144400.000000 2130.412109 0.014754 
144500.000000 2133.211914 0.014763 
144600.000000 2136.211914 0.014773 
144700.000000 2138.011719 0.014775 
144800.000000 2141.011719 0.014786 
144900.000000 2143.911621 0.014796 
145000.000000 2146.511230 0.014804 
145100.000000 2150.511230 0.014821 
145200.000000 2153.511230 0.014831 
145300.000000 2156.411133 0.014841 
145400.000000 2157.411133 0.014838 
145500.000000 2159.311035 0.014841 
145600.000000 2162.110840 0.014850 
145700.000000 2164.110840 0.014853 
145800.000000 2167.110840 0.014864 
145900.000000 2169.910645 0.014873 
146000.000000 2171.810547 0.014875 
146100.000000 2174.810547 0.014886 
146200.000000 2176.710449 0.014889 
146300.000000 2179.710449 0.014899 
146400.000000 2182.610352 0.014909 
146500.000000 2183.510254 0.014905 
146600.000000 2186.510254 0.014915 
146700.000000 2188.410156 0.014918 
146800.000000 2190.410156 0.014921 
146900.000000 2192.310059 0.014924 
147000.000000 2194.310059 0.014927 
147100.000000 2196.310059 0.014931 
147200.000000 2198.310059 0.014934 
147300.000000 2200.310059 0.014938 
147400.000000 2203.209961 0.014947 
147500.000000 2207.209961 0.014964 
147600.000000 2210.109863 0.014974 
147700.000000 2215.109863 0.014997 
147800.000000 2219.109863 0.015014 
147900.000000 2222.109863 0.015024 
148000.000000 2224.009766 0.015027 
148100.000000 2227.009766 0.015037 
148200.000000 2230.009766 0.015047 
148300.000000 2233.909668 0.015063 
148400.000000 2236.909668 0.015074 
148500.000000 2239.909668 0.015084 
148600.000000 2240.709473 0.015079 
148700.000000 2243.609375 0.015088 
148800.000000 2245.609375 0.015091 
148900.000000 2246.409180 0.015087 
149000.000000 2250.208984 0.015102 
149100.000000 2254.108887 0.015118 
149200.000000 2255.908691 0.015120 
149300.000000 2257.808594 0.015123 
149400.000000 2260.708496 0.015132 
149500.000000 2263.608398 0.015141 
149600.000000 2265.508301 0.015144 
149700.000000 2269.308105 0.015159 
149800.000000 2272.308105 0.015169 
149900.000000 2276.208008 0.015185 
150000.000000 2280.208008 0.015201 
150100.000000 2280.208008 0.015191 
150200.000000 2281.807617 0.015192 
150300.000000 2284.607422 0.015200 
150400.000000 2287.607422 0.015210 
150500.000000 2290.307129 0.015218 
150600.000000 2293.307129 0.015228 
150700.000000 2295.106934 0.015230 
150800.000000 2296.906738 0.015231 
150900.000000 2298.906738 0.015235 
151000.000000 2300.906738 0.015238 
151100.000000 2300.506348 0.015225 
151200.000000 2302.005859 0.015225 
151300.000000 2301.505371 0.015212 
151400.000000 2304.505371 0.015221 
151500.000000 2307.505371 0.015231 
151600.000000 2308.505371 0.015228 
151700.000000 2313.505371 0.015251 
151800.000000 2315.505371 0.015254 
151900.000000 2318.505371 0.015263 
152000.000000 2322.505371 0.015280 
152100.000000 2325.505371 0.015289 
152200.000000 2327.505371 0.015292 
152300.000000 2329.505371 0.015296 
152400.000000 2330.505371 0.015292 
152500.000000 2333.505371 0.015302 
152600.000000 2336.505371 0.015311 
152700.000000 2339.505371 0.015321 
152800.000000 2341.505371 0.015324 
152900.000000 2343.505371 0.015327 
153000.000000 2345.405273 0.015329 
153100.000000 2347.405273 0.015332 
153200.000000 2350.405273 0.015342 
153300.000000 2353.405273 0.015352 
153400.000000 2356.305176 0.015361 
153500.000000 2359.305176 0.015370 
153600.000000 2361.305176 0.015373 
153700.000000 2365.305176 0.015389 
153800.000000 2369.305176 0.015405 
153900.000000 2372.305176 0.015415 
154000.000000 2375.305176 0.015424 
154100.000000 2379.305176 0.015440 
154200.000000 2382.305176 0.015449 
154300.000000 2386.305176 0.015465 
154400.000000 2386.205078 0.015455 
154500.000000 2389.104980 0.015463 
154600.000000 2391.104980 0.015466 
154700.000000 2394.104980 0.015476 
154800.000000 2397.104980 0.015485 
154900.000000 2401.004883 0.015500 
155000.000000 2403.004883 0.015503 
155100.000000 2403.004883 0.015493 
155200.000000 2402.904785 0.015483 
155300.000000 2403.904785 0.015479 
155400.000000 2405.904785 0.015482 
155500.000000 2406.804688 0.015478 
155600.000000 2407.704590 0.015474 
155700.000000 2410.604492 0.015482 
155800.000000 2412.504395 0.015485 
155900.000000 2414.404297 0.015487 
156000.000000 2414.404297 0.015477 
156100.000000 2413.803711 0.015463 
156200.000000 2413.503418 0.015451 
156300.000000 2415.503418 0.015454 
156400.000000 2415.303223 0.015443 
156500.000000 2415.001953 0.015431 
156600.000000 2414.701660 0.015420 
156700.000000 2414.601562 0.015409 
156800.000000 2415.501465 0.015405 
156900.000000 2415.501465 0.015395 
157000.000000 2417.101074 0.015396 
157100.000000 2417.000977 0.015385 
157200.000000 2417.799805 0.015380 
157300.000000 2418.499512 0.015375 
157400.000000 2417.797852 0.015361 
157500.000000 2418.597656 0.015356 
157600.000000 2420.597656 0.015359 
157700.000000 2423.597656 0.015368 
157800.000000 2425.597656 0.015371 
157900.000000 2428.597656 0.015381 
158000.000000 2429.597656 0.015377 
158100.000000 2432.597656 0.015386 
158200.000000 2435.597656 0.015396 
158300.000000 2436.297363 0.015390 
158400.000000 2437.297363 0.015387 
158500.000000 2441.297363 0.015403 
158600.000000 2442.297363 0.015399 
158700.000000 2445.197266 0.015408 
158800.000000 2446.197266 0.015404 
158900.000000 2448.197266 0.015407 
159000.000000 2450.197266 0.015410 
159100.000000 2450.197266 0.015400 
159200.000000 2451.097168 0.015396 
159300.000000 2451.097168 0.015387 
159400.000000 2452.796875 0.015388 
159500.000000 2453.696777 0.015384 
159600.000000 2455.696777 0.015387 
159700.000000 2455.496582 0.015376 
159800.000000 2456.496582 0.015372 
159900.000000 2458.496582 0.015375 
160000.000000 2460.496582 0.015378 
160100.000000 2462.496582 0.015381 
160200.000000 2462.496582 0.015371 
160300.000000 2462.396484 0.015361 
160400.000000 2461.995117 0.015349 
160500.000000 2461.794922 0.015338 
160600.000000 2461.594727 0.015327 
160700.000000 2462.594727 0.015324 
160800.000000 2462.394531 0.015313 
160900.000000 2462.294434 0.015303 
161000.000000 2462.094238 0.015293 
161100.000000 2462.994141 0.015289 
161200.000000 2464.894043 0.015291 
161300.000000 2466.894043 0.015294 
161400.000000 2467.894043 0.015291 
161500.000000 2468.493652 0.015285 
161600.000000 2469.393555 0.015281 
161700.000000 2471.393555 0.015284 
161800.000000 2473.393555 0.015287 
161900.000000 2475.393555 0.015290 
162000.000000 2476.293457 0.015286 
162100.000000 2479.293457 0.015295 
162200.000000 2482.293457 0.015304 
162300.000000 2484.093262 0.015306 
162400.000000 2485.993164 0.015308 
162500.000000 2488.993164 0.015317 
162600.000000 2489.792969 0.015312 
162700.000000 2490.792969 0.015309 
162800.000000 2491.592773 0.015305 
162900.000000 2492.592773 0.015301 
163000.000000 2493.492676 0.015298 
163100.000000 2496.492676 0.015307 
163200.000000 2498.392578 0.015309 
163300.000000 2501.292480 0.015317 
163400.000000 2502.292480 0.015314 
163500.000000 2505.192383 0.015322 
163600.000000 2507.092285 0.015325 
163700.000000 2509.892090 0.015332 
163800.000000 2512.791992 0.015341 
163900.000000 2514.691895 0.015343 
164000.000000 2515.391602 0.015338 
164100.000000 2519.391602 0.015353 
164200.000000 2521.291504 0.015355 
164300.000000 2525.291504 0.015370 
164400.000000 2528.291504 0.015379 
164500.000000 2529.291504 0.015376 
164600.000000 2529.291504 0.015366 
164700.000000 2528.991211 0.015355 
164800.000000 2529.891113 0.015351 
164900.000000 2531.891113 0.015354 
165000.000000 2531.791016 0.015344 
165100.000000 2532.589844 0.015340 
165200.000000 2532.389648 0.015329 
165300.000000 2532.189453 0.015319 
165400.000000 2531.889160 0.015308 
165500.000000 2531.789062 0.015298 
165600.000000 2531.488770 0.015287 
165700.000000 2531.188477 0.015276 
165800.000000 2532.187500 0.015273 
165900.000000 2532.687012 0.015266 
166000.000000 2532.687012 0.015257 
166100.000000 2532.586914 0.015247 
166200.000000 2532.386719 0.015237 
166300.000000 2533.286621 0.015233 
166400.000000 2535.186523 0.015235 
166500.000000 2538.186523 0.015244 
166600.000000 2540.186523 0.015247 
166700.000000 2541.186523 0.015244 
166800.000000 2543.086426 0.015246 
166900.000000 2545.086426 0.015249 
167000.000000 2548.086426 0.015258 
167100.000000 2549.986328 0.015260 
167200.000000 2551.986328 0.015263 
167300.000000 2554.986328 0.015272 
167400.000000 2556.986328 0.015275 
167500.000000 2558.986328 0.015278 
167600.000000 2560.986328 0.015280 
167700.000000 2561.986328 0.015277 
167800.000000 2563.986328 0.015280 
167900.000000 2566.986328 0.015289 
168000.000000 2569.986328 0.015298 
168100.000000 2571.986328 0.015300 
168200.000000 2574.986328 0.015309 
168300.000000 2576.886230 0.015311 
168400.000000 2580.886230 0.015326 
168500.000000 2583.886230 0.015335 
168600.000000 2586.886230 0.015343 
168700.000000 2589.886230 0.015352 
168800.000000 2591.786133 0.015354 
168900.000000 2591.786133 0.015345 
169000.000000 2593.686035 0.015347 
169100.000000 2594.686035 0.015344 
169200.000000 2595.585938 0.015340 
169300.000000 2599.585938 0.015355 
169400.000000 2600.585938 0.015352 
169500.000000 2602.485840 0.015354 
169600.000000 2605.385742 0.015362 
169700.000000 2607.385742 0.015365 
169800.000000 2608.385742 0.015362 
169900.000000 2611.185547 0.015369 
170000.000000 2614.185547 0.015378 
170100.000000 2618.185547 0.015392 
170200.000000 2620.185547 0.015395 
170300.000000 2623.185547 0.015403 
170400.000000 2625.185547 0.015406 
170500.000000 2627.185547 0.015409 
170600.000000 2629.185547 0.015411 
170700.000000 2633.185547 0.015426 
170800.000000 2635.185547 0.015428 
170900.000000 2638.185547 0.015437 
171000.000000 2640.185547 0.015440 
171100.000000 2642.185547 0.015442 
171200.000000 2643.185547 0.015439 
171300.000000 2644.185547 0.015436 
171400.000000 2647.185547 0.015444 
171500.000000 2650.185547 0.015453 
171600.000000 2653.185547 0.015461 
171700.000000 2654.085449 0.015458 
171800.000000 2657.085449 0.015466 
171900.000000 2658.985352 0.015468 
172000.000000 2661.885254 0.015476 
172100.000000 2662.885254 0.015473 
172200.000000 2664.885254 0.015476 
172300.000000 2664.785156 0.015466 
172400.000000 2664.785156 0.015457 
172500.000000 2664.785156 0.015448 
172600.000000 2666.785156 0.015451 
172700.000000 2667.785156 0.015448 
172800.000000 2667.685059 0.015438 
172900.000000 2667.584961 0.015428 
173000.000000 2667.484863 0.015419 
173100.000000 2668.484863 0.015416 
173200.000000 2670.484863 0.015419 
173300.000000 2672.384766 0.015421 
173400.000000 2672.184570 0.015411 
173500.000000 2672.084473 0.015401 
173600.000000 2671.684082 0.015390 
173700.000000 2671.684082 0.015381 
173800.000000 2671.183594 0.015369 
173900.000000 2670.983398 0.015359 
174000.000000 2670.983398 0.015350 
174100.000000 2670.282715 0.015338 
174200.000000 2670.182617 0.015328 
174300.000000 2670.082520 0.015319 
174400.000000 2669.782227 0.015308 
174500.000000 2669.782227 0.015300 
174600.000000 2669.681152 0.015290 
174700.000000 2668.880371 0.015277 
174800.000000 2668.880371 0.015268 
174900.000000 2668.780273 0.015259 
175000.000000 2668.680176 0.015250 
175100.000000 2668.680176 0.015241 
175200.000000 2668.580078 0.015232 
175300.000000 2669.580078 0.015229 
175400.000000 2669.479980 0.015219 
175500.000000 2671.279785 0.015221 
175600.000000 2671.079590 0.015211 
175700.000000 2671.778320 0.015206 
175800.000000 2671.777344 0.015198 
175900.000000 2671.677246 0.015189 
176000.000000 2671.376953 0.015178 
176100.000000 2671.376953 0.015170 
176200.000000 2672.876465 0.015170 
176300.000000 2672.776367 0.015160 
176400.000000 2672.476074 0.015150 
176500.000000 2671.975586 0.015139 
176600.000000 2672.875488 0.015135 
176700.000000 2673.775391 0.015132 
176800.000000 2675.775391 0.015134 
176900.000000 2676.775391 0.015132 
177000.000000 2677.775391 0.015129 
177100.000000 2678.775391 0.015126 
177200.000000 2681.775391 0.015134 
177300.000000 2681.675293 0.015125 
177400.000000 2684.675293 0.015133 
177500.000000 2687.475098 0.015141 
177600.000000 2688.475098 0.015138 
177700.000000 2689.475098 0.015135 
177800.000000 2690.475098 0.015132 
177900.000000 2690.475098 0.015124 
178000.000000 2691.375000 0.015120 
178100.000000 2695.375000 0.015134 
178200.000000 2696.375000 0.015131 
178300.000000 2699.375000 0.015140 
178400.000000 2701.375000 0.015142 
178500.000000 2705.375000 0.015156 
178600.000000 2707.375000 0.015159 
178700.000000 2710.174805 0.015166 
178800.000000 2713.174805 0.015174 
178900.000000 2716.174805 0.015183 
179000.000000 2720.074707 0.015196 
179100.000000 2722.074707 0.015199 
179200.000000 2723.074707 0.015196 
179300.000000 2723.074707 0.015187 
179400.000000 2724.074707 0.015184 
179500.000000 2725.974609 0.015186 
179600.000000 2727.974609 0.015189 
179700.000000 2729.974609 0.015192 
179800.000000 2732.874512 0.015200 
179900.000000 2734.874512 0.015202 
180000.000000 2735.774414 0.015199 
180100.000000 2737.774414 0.015201 
180200.000000 2739.774414 0.015204 
180300.000000 2739.674316 0.015195 
180400.000000 2740.674316 0.015192 
180500.000000 2741.674316 0.015189 
180600.000000 2742.674316 0.015186 
180700.000000 2744.674316 0.015189 
180800.000000 2747.674316 0.015197 
180900.000000 2749.574219 0.015199 
181000.000000 2752.574219 0.015208 
181100.000000 2752.574219 0.015199 
181200.000000 2756.574219 0.015213 
181300.000000 2757.574219 0.015210 
181400.000000 2758.574219 0.015207 
181500.000000 2760.574219 0.015210 
181600.000000 2763.574219 0.015218 
181700.000000 2763.474121 0.015209 
181800.000000 2765.374023 0.015211 
181900.000000 2766.374023 0.015208 
182000.000000 2766.273926 0.015199 
182100.000000 2767.273926 0.015196 
182200.000000 2767.273926 0.015188 
182300.000000 2767.173828 0.015179 
182400.000000 2768.173828 0.015176 
182500.000000 2768.873535 0.015172 
182600.000000 2770.673340 0.015173 
182700.000000 2771.673340 0.015171 
182800.000000 2774.573242 0.015178 
182900.000000 2777.573242 0.015186 
183000.000000 2779.573242 0.015189 
183100.000000 2780.473145 0.015186 
183200.000000 2781.473145 0.015183 
183300.000000 2782.473145 0.015180 
183400.000000 2783.473145 0.015177 
183500.000000 2784.473145 0.015174 
183600.000000 2784.473145 0.015166 
183700.000000 2784.373047 0.015157 
183800.000000 2785.373047 0.015154 
183900.000000 2785.373047 0.015146 
184000.000000 2785.672363 0.015140 
184100.000000 2785.372070 0.015130 
184200.000000 2785.372070 0.015121 
184300.000000 2785.171875 0.015112 
184400.000000 2784.871582 0.015102 
184500.000000 2784.471191 0.015092 
184600.000000 2786.371094 0.015094 
184700.000000 2788.371094 0.015097 
184800.000000 2790.270996 0.015099 
184900.000000 2793.170898 0.015106 
185000.000000 2795.170898 0.015109 
185100.000000 2796.170898 0.015106 
185200.000000 2797.170898 0.015104 
185300.000000 2800.170898 0.015112 
185400.000000 2803.170898 0.015120 
185500.000000 2807.070801 0.015132 
185600.000000 2808.070801 0.015130 
185700.000000 2809.970703 0.015132 
185800.000000 2812.970703 0.015140 
185900.000000 2813.970703 0.015137 
186000.000000 2814.870605 0.015134 
186100.000000 2815.670410 0.015130 
186200.000000 2817.670410 0.015132 
186300.000000 2820.670410 0.015140 
186400.000000 2821.670410 0.015138 
186500.000000 2824.670410 0.015146 
186600.000000 2826.670410 0.015148 
186700.000000 2828.670410 0.015151 
186800.000000 2830.370117 0.015152 
186900.000000 2832.370117 0.015154 
187000.000000 2834.370117 0.015157 
187100.000000 2835.370117 0.015154 
187200.000000 2836.270020 0.015151 
187300.000000 2836.069824 0.015142 
187400.000000 2835.869629 0.015133 
187500.000000 2836.469238 0.015128 
187600.000000 2836.269043 0.015119 
187700.000000 2836.768555 0.015113 
187800.000000 2836.768555 0.015105 
187900.000000 2839.268066 0.015111 
188000.000000 2841.268066 0.015113 
188100.000000 2843.268066 0.015116 
188200.000000 2845.268066 0.015118 
188300.000000 2846.067871 0.015115 
188400.000000 2849.067871 0.015122 
188500.000000 2849.967773 0.015119 
188600.000000 2850.967773 0.015116 
188700.000000 2851.767578 0.015113 
188800.000000 2854.767578 0.015121 
188900.000000 2855.667480 0.015117 
189000.000000 2857.567383 0.015119 
189100.000000 2860.567383 0.015127 
189200.000000 2862.267090 0.015128 
189300.000000 2862.466309 0.015121 
189400.000000 2863.065918 0.015117 
189500.000000 2864.565430 0.015116 
189600.000000 2866.565430 0.015119 
189700.000000 2867.464355 0.015116 
189800.000000 2869.464355 0.015118 
189900.000000 2872.464355 0.015126 
190000.000000 2874.464355 0.015129 
190100.000000 2876.364258 0.015131 
190200.000000 2881.264160 0.015149 
190300.000000 2882.264160 0.015146 
190400.000000 2883.264160 0.015143 
190500.000000 2885.264160 0.015146 
190600.000000 2888.264160 0.015154 
190700.000000 2889.264160 0.015151 
190800.000000 2889.264160 0.015143 
190900.000000 2891.264160 0.015145 
191000.000000 2894.264160 0.015153 
191100.000000 2895.164062 0.015150 
191200.000000 2898.063965 0.015157 
191300.000000 2901.063965 0.015165 
191400.000000 2904.063965 0.015173 
191500.000000 2907.063965 0.015180 
191600.000000 2910.063965 0.015188 
191700.000000 2914.063965 0.015201 
191800.000000 2916.063965 0.015204 
191900.000000 2918.063965 0.015206 
192000.000000 2920.063965 0.015209 
192100.000000 2921.063965 0.015206 
192200.000000 2922.063965 0.015203 
192300.000000 2923.063965 0.015201 
192400.000000 2922.963867 0.015192 
192500.000000 2923.863770 0.015189 
192600.000000 2924.863770 0.015186 
192700.000000 2924.763672 0.015178 
192800.000000 2926.563477 0.015179 
192900.000000 2926.563477 0.015171 
193000.000000 2926.563477 0.015164 
193100.000000 2927.563477 0.015161 
193200.000000 2928.563477 0.015158 
193300.000000 2931.463379 0.015165 
193400.000000 2933.463379 0.015168 
193500.000000 2933.463379 0.015160 
193600.000000 2936.463379 0.015168 
193700.000000 2938.463379 0.015170 
193800.000000 2939.062988 0.015165 
193900.000000 2939.962891 0.015162 
194000.000000 2941.962891 0.015165 
194100.000000 2945.862793 0.015177 
194200.000000 2948.762695 0.015184 
194300.000000 2949.762695 0.015181 
194400.000000 2951.662598 0.015183 
194500.000000 2952.662598 0.015181 
194600.000000 2955.562500 0.015188 
194700.000000 2957.562500 0.015190 
194800.000000 2959.462402 0.015192 
194900.000000 2959.462402 0.015185 
195000.000000 2963.462402 0.015197 
195100.000000 2965.462402 0.015200 
195200.000000 2967.462402 0.015202 
195300.000000 2969.462402 0.015205 
195400.000000 2971.162109 0.015206 
195500.000000 2972.162109 0.015203 
195600.000000 2973.162109 0.015200 
195700.000000 2974.162109 0.015198 
195800.000000 2974.162109 0.015190 
195900.000000 2973.261230 0.015177 
196000.000000 2974.261230 0.015175 
196100.000000 2975.261230 0.015172 
196200.000000 2977.161133 0.015174 
196300.000000 2978.161133 0.015171 
196400.000000 2978.161133 0.015164 
196500.000000 2978.061035 0.015156 
196600.000000 2977.660645 0.015146 
196700.000000 2979.060059 0.015145 
196800.000000 2976.958008 0.015127 
196900.000000 2976.157227 0.015115 
197000.000000 2976.057129 0.015107 
197100.000000 2977.456543 0.015106 
197200.000000 2979.256348 0.015108 
197300.000000 2979.256348 0.015100 
197400.000000 2980.956055 0.015101 
197500.000000 2982.956055 0.015104 
197600.000000 2985.855957 0.015111 
197700.000000 2987.755859 0.015113 
197800.000000 2989.755859 0.015115 
197900.000000 2990.755859 0.015112 
198000.000000 2990.755859 0.015105 
198100.000000 2991.455566 0.015101 
198200.000000 2993.455566 0.015103 
198300.000000 2995.355469 0.015105 
198400.000000 2996.255371 0.015102 
198500.000000 2996.255371 0.015094 
198600.000000 2998.155273 0.015096 
198700.000000 2999.055176 0.015093 
198800.000000 3000.955078 0.015095 
198900.000000 3003.955078 0.015103 
199000.000000 3004.955078 0.015100 
199100.000000 3006.754883 0.015102 
199200.000000 3008.754883 0.015104 
199300.000000 3009.754883 0.015102 
199400.000000 3011.754883 0.015104 
199500.000000 3013.754883 0.015107 
199600.000000 3013.654785 0.015098 
199700.000000 3013.554688 0.015090 
199800.000000 3013.554688 0.015083 
199900.000000 3012.954102 0.015072 
200000.000000 3014.753906 0.015074 
