100.000000 -1.500000 -0.015000 
200.000000 -3.999998 -0.020000 
300.000000 -5.799997 -0.019333 
400.000000 -7.399995 -0.018500 
500.000000 -8.099995 -0.016200 
600.000000 -8.799997 -0.014667 
700.000000 -10.000002 -0.014286 
800.000000 -11.100006 -0.013875 
900.000000 -12.100010 -0.013444 
1000.000000 -12.000013 -0.012000 
1100.000000 -12.500015 -0.011364 
1200.000000 -13.600019 -0.011333 
1300.000000 -15.300026 -0.011769 
1400.000000 -16.800032 -0.012000 
1500.000000 -18.100037 -0.012067 
1600.000000 -18.400038 -0.011500 
1700.000000 -19.600042 -0.011529 
1800.000000 -20.900047 -0.011611 
1900.000000 -21.300053 -0.011211 
2000.000000 -22.700058 -0.011350 
2100.000000 -24.300064 -0.011571 
2200.000000 -24.700069 -0.011227 
2300.000000 -26.300076 -0.011435 
2400.000000 -27.200079 -0.011333 
2500.000000 -28.100082 -0.011240 
2600.000000 -29.300087 -0.011269 
2700.000000 -29.900089 -0.011074 
2800.000000 -30.200094 -0.010786 
2900.000000 -29.600096 -0.010207 
3000.000000 -29.900101 -0.009967 
3100.000000 -30.700104 -0.009903 
3200.000000 -31.600107 -0.009875 
3300.000000 -32.500099 -0.009849 
3400.000000 -33.200089 -0.009765 
3500.000000 -33.700066 -0.009629 
3600.000000 -34.200043 -0.009500 
3700.000000 -32.900032 -0.008892 
3800.000000 -33.300011 -0.008763 
3900.000000 -33.699989 -0.008641 
4000.000000 -34.499977 -0.008625 
4100.000000 -34.599960 -0.008439 
4200.000000 -34.899956 -0.008310 
4300.000000 -34.899940 -0.008116 
4400.000000 -36.199921 -0.008227 
4500.000000 -36.799911 -0.008178 
4600.000000 -38.599884 -0.008391 
4700.000000 -38.699867 -0.008234 
4800.000000 -39.199860 -0.008167 
4900.000000 -37.899849 -0.007735 
5000.000000 -38.499840 -0.007700 
5100.000000 -39.699821 -0.007784 
5200.000000 -39.499809 -0.007596 
5300.000000 -39.399796 -0.007434 
5400.000000 -40.999771 -0.007593 
5500.000000 -41.099754 -0.007473 
5600.000000 -42.699730 -0.007625 
5700.000000 -42.999710 -0.007544 
5800.000000 -42.299706 -0.007293 
5900.000000 -43.799683 -0.007424 
6000.000000 -45.299660 -0.007550 
6100.000000 -45.699654 -0.007492 
6200.000000 -46.199646 -0.007452 
6300.000000 -46.699638 -0.007413 
6400.000000 -46.899620 -0.007328 
6500.000000 -46.399612 -0.007138 
6600.000000 -46.699593 -0.007076 
6700.000000 -47.999573 -0.007164 
6800.000000 -47.699562 -0.007015 
6900.000000 -48.099556 -0.006971 
7000.000000 -47.799545 -0.006829 
7100.000000 -47.999542 -0.006760 
7200.000000 -48.599533 -0.006750 
7300.000000 -49.099525 -0.006726 
7400.000000 -49.699516 -0.006716 
7500.000000 -50.799500 -0.006773 
7600.000000 -50.099495 -0.006592 
7700.000000 -50.799484 -0.006597 
7800.000000 -51.799469 -0.006641 
7900.000000 -51.899452 -0.006570 
8000.000000 -52.399445 -0.006550 
8100.000000 -52.599442 -0.006494 
8200.000000 -52.799438 -0.006439 
8300.000000 -52.299431 -0.006301 
8400.000000 -52.599426 -0.006262 
8500.000000 -52.899422 -0.006223 
8600.000000 -53.599411 -0.006232 
8700.000000 -54.599396 -0.006276 
8800.000000 -54.599380 -0.006204 
8900.000000 -55.399368 -0.006225 
9000.000000 -56.499352 -0.006278 
9100.000000 -57.499336 -0.006319 
9200.000000 -56.399323 -0.006130 
9300.000000 -57.699303 -0.006204 
9400.000000 -58.499290 -0.006223 
9500.000000 -59.299278 -0.006242 
9600.000000 -59.899269 -0.006240 
9700.000000 -60.799255 -0.006268 
9800.000000 -61.199249 -0.006245 
9900.000000 -62.699226 -0.006333 
10000.000000 -63.299202 -0.006330 
10100.000000 -62.599197 -0.006198 
10200.000000 -62.099190 -0.006088 
10300.000000 -62.399185 -0.006058 
10400.000000 -61.899178 -0.005952 
10500.000000 -63.199142 -0.006019 
10600.000000 -63.099129 -0.005953 
10700.000000 -64.899101 -0.006065 
10800.000000 -65.499092 -0.006065 
10900.000000 -66.299080 -0.006082 
11000.000000 -67.199051 -0.006109 
11100.000000 -66.499046 -0.005991 
11200.000000 -66.899025 -0.005973 
11300.000000 -66.798996 -0.005911 
11400.000000 -66.298988 -0.005816 
11500.000000 -65.598984 -0.005704 
11600.000000 -65.998962 -0.005690 
11700.000000 -65.998947 -0.005641 
11800.000000 -65.798935 -0.005576 
11900.000000 -65.598923 -0.005513 
12000.000000 -65.898918 -0.005492 
12100.000000 -66.198914 -0.005471 
12200.000000 -66.998901 -0.005492 
12300.000000 -67.698891 -0.005504 
12400.000000 -68.598877 -0.005532 
12500.000000 -69.698860 -0.005576 
12600.000000 -70.298851 -0.005579 
12700.000000 -70.598846 -0.005559 
12800.000000 -70.898827 -0.005539 
12900.000000 -71.598816 -0.005550 
13000.000000 -71.898796 -0.005531 
13100.000000 -72.498787 -0.005534 
13200.000000 -72.998779 -0.005530 
13300.000000 -73.198776 -0.005504 
13400.000000 -73.198761 -0.005463 
13500.000000 -73.898750 -0.005474 
13600.000000 -72.298744 -0.005316 
13700.000000 -72.398727 -0.005285 
13800.000000 -72.498711 -0.005254 
13900.000000 -72.798706 -0.005237 
14000.000000 -72.398697 -0.005171 
14100.000000 -72.398697 -0.005135 
14200.000000 -73.598679 -0.005183 
14300.000000 -72.898674 -0.005098 
14400.000000 -72.498665 -0.005035 
14500.000000 -72.898659 -0.005027 
14600.000000 -72.598648 -0.004973 
14700.000000 -73.198639 -0.004979 
14800.000000 -73.798630 -0.004986 
14900.000000 -73.498619 -0.004933 
15000.000000 -73.798599 -0.004920 
15100.000000 -73.398590 -0.004861 
15200.000000 -72.698586 -0.004783 
15300.000000 -72.798584 -0.004758 
15400.000000 -71.998581 -0.004675 
15500.000000 -72.698570 -0.004690 
15600.000000 -72.798553 -0.004667 
15700.000000 -72.298546 -0.004605 
15800.000000 -70.598541 -0.004468 
15900.000000 -71.098534 -0.004472 
16000.000000 -71.598511 -0.004475 
16100.000000 -71.398499 -0.004435 
16200.000000 -71.998489 -0.004444 
16300.000000 -72.198471 -0.004429 
16400.000000 -70.598465 -0.004305 
16500.000000 -70.898460 -0.004297 
16600.000000 -70.298454 -0.004235 
16700.000000 -68.898445 -0.004126 
16800.000000 -69.098442 -0.004113 
16900.000000 -69.598434 -0.004118 
17000.000000 -70.198410 -0.004129 
17100.000000 -71.098396 -0.004158 
17200.000000 -72.798370 -0.004232 
17300.000000 -74.098351 -0.004283 
17400.000000 -73.798340 -0.004241 
17500.000000 -74.098320 -0.004234 
17600.000000 -73.598312 -0.004182 
17700.000000 -73.998306 -0.004181 
17800.000000 -73.598297 -0.004135 
17900.000000 -72.398285 -0.004045 
18000.000000 -71.598282 -0.003978 
18100.000000 -72.898262 -0.004028 
18200.000000 -72.098259 -0.003961 
18300.000000 -72.598251 -0.003967 
18400.000000 -71.998245 -0.003913 
18500.000000 -72.998230 -0.003946 
18600.000000 -72.298225 -0.003887 
18700.000000 -73.098213 -0.003909 
18800.000000 -73.098198 -0.003888 
18900.000000 -73.798187 -0.003905 
19000.000000 -72.098183 -0.003795 
19100.000000 -71.198181 -0.003728 
19200.000000 -71.298180 -0.003713 
19300.000000 -71.898170 -0.003725 
19400.000000 -70.898170 -0.003655 
19500.000000 -71.198151 -0.003651 
19600.000000 -70.398148 -0.003592 
19700.000000 -70.298134 -0.003568 
19800.000000 -69.498131 -0.003510 
19900.000000 -68.198120 -0.003427 
20000.000000 -68.498116 -0.003425 
20100.000000 -69.298103 -0.003448 
20200.000000 -69.798096 -0.003455 
20300.000000 -70.798080 -0.003488 
20400.000000 -71.498070 -0.003505 
20500.000000 -70.998062 -0.003463 
20600.000000 -71.098061 -0.003451 
20700.000000 -70.498055 -0.003406 
20800.000000 -70.598038 -0.003394 
20900.000000 -70.998032 -0.003397 
21000.000000 -70.498024 -0.003357 
21100.000000 -72.297997 -0.003426 
21200.000000 -73.497978 -0.003467 
21300.000000 -72.397964 -0.003399 
21400.000000 -72.197952 -0.003374 
21500.000000 -72.397934 -0.003367 
21600.000000 -72.597916 -0.003361 
21700.000000 -72.997910 -0.003364 
21800.000000 -73.797897 -0.003385 
21900.000000 -74.197876 -0.003388 
22000.000000 -74.197876 -0.003373 
22100.000000 -72.797867 -0.003294 
22200.000000 -72.797867 -0.003279 
22300.000000 -72.797867 -0.003264 
22400.000000 -71.997864 -0.003214 
22500.000000 -71.997849 -0.003200 
22600.000000 -72.597839 -0.003212 
22700.000000 -70.897835 -0.003123 
22800.000000 -70.997833 -0.003114 
22900.000000 -71.397827 -0.003118 
23000.000000 -70.997818 -0.003087 
23100.000000 -69.597809 -0.003013 
23200.000000 -69.397797 -0.002991 
23300.000000 -68.897789 -0.002957 
23400.000000 -68.997772 -0.002949 
23500.000000 -68.997772 -0.002936 
23600.000000 -68.997772 -0.002924 
23700.000000 -69.097771 -0.002916 
23800.000000 -69.897758 -0.002937 
23900.000000 -69.697746 -0.002916 
24000.000000 -69.897728 -0.002912 
24100.000000 -69.297722 -0.002875 
24200.000000 -69.297722 -0.002864 
24300.000000 -68.497719 -0.002819 
24400.000000 -68.997711 -0.002828 
24500.000000 -69.197708 -0.002824 
24600.000000 -68.797699 -0.002797 
24700.000000 -67.697685 -0.002741 
24800.000000 -66.997681 -0.002702 
24900.000000 -65.997681 -0.002651 
25000.000000 -66.197678 -0.002648 
25100.000000 -65.097664 -0.002594 
25200.000000 -65.397659 -0.002595 
25300.000000 -66.397629 -0.002624 
25400.000000 -66.497627 -0.002618 
25500.000000 -65.497627 -0.002569 
25600.000000 -65.697609 -0.002566 
25700.000000 -64.797607 -0.002521 
25800.000000 -64.797607 -0.002512 
25900.000000 -63.897606 -0.002467 
26000.000000 -64.097603 -0.002465 
26100.000000 -64.097588 -0.002456 
26200.000000 -63.997574 -0.002443 
26300.000000 -63.597565 -0.002418 
26400.000000 -63.097557 -0.002390 
26500.000000 -62.197556 -0.002347 
26600.000000 -61.397552 -0.002308 
26700.000000 -61.597549 -0.002307 
26800.000000 -62.497536 -0.002332 
26900.000000 -62.197525 -0.002312 
27000.000000 -62.297523 -0.002307 
27100.000000 -62.597519 -0.002310 
27200.000000 -61.297508 -0.002254 
27300.000000 -60.397507 -0.002212 
27400.000000 -59.497505 -0.002171 
27500.000000 -58.897499 -0.002142 
27600.000000 -59.197495 -0.002145 
27700.000000 -60.197479 -0.002173 
27800.000000 -60.197479 -0.002165 
27900.000000 -60.197479 -0.002158 
28000.000000 -60.297478 -0.002153 
28100.000000 -60.697472 -0.002160 
28200.000000 -59.897469 -0.002124 
28300.000000 -59.097466 -0.002088 
28400.000000 -59.397461 -0.002091 
28500.000000 -58.997452 -0.002070 
28600.000000 -58.997452 -0.002063 
28700.000000 -58.197449 -0.002028 
28800.000000 -57.597443 -0.002000 
28900.000000 -58.597427 -0.002028 
29000.000000 -56.697426 -0.001955 
29100.000000 -55.797424 -0.001917 
29200.000000 -54.897423 -0.001880 
29300.000000 -53.097420 -0.001812 
29400.000000 -52.097420 -0.001772 
29500.000000 -52.697411 -0.001786 
29600.000000 -52.397400 -0.001770 
29700.000000 -52.797394 -0.001778 
29800.000000 -52.197388 -0.001752 
29900.000000 -51.597382 -0.001726 
30000.000000 -51.497368 -0.001717 
30100.000000 -50.597366 -0.001681 
30200.000000 -49.797363 -0.001649 
30300.000000 -48.897362 -0.001614 
30400.000000 -48.397354 -0.001592 
30500.000000 -48.397354 -0.001587 
30600.000000 -47.997345 -0.001569 
30700.000000 -47.397339 -0.001544 
30800.000000 -46.397339 -0.001506 
30900.000000 -46.397339 -0.001502 
31000.000000 -46.597336 -0.001503 
31100.000000 -44.897331 -0.001444 
31200.000000 -44.097328 -0.001413 
31300.000000 -43.197327 -0.001380 
31400.000000 -43.397324 -0.001382 
31500.000000 -42.997314 -0.001365 
31600.000000 -42.997314 -0.001361 
31700.000000 -42.397308 -0.001337 
31800.000000 -42.897301 -0.001349 
31900.000000 -43.997284 -0.001379 
32000.000000 -44.097267 -0.001378 
32100.000000 -44.497261 -0.001386 
32200.000000 -43.697258 -0.001357 
32300.000000 -43.797256 -0.001356 
32400.000000 -43.197250 -0.001333 
32500.000000 -43.297249 -0.001332 
32600.000000 -43.297234 -0.001328 
32700.000000 -43.297234 -0.001324 
32800.000000 -43.497231 -0.001326 
32900.000000 -43.597229 -0.001325 
33000.000000 -43.697227 -0.001324 
33100.000000 -43.697227 -0.001320 
33200.000000 -42.797226 -0.001289 
33300.000000 -42.897224 -0.001288 
33400.000000 -41.997223 -0.001257 
33500.000000 -41.197220 -0.001230 
33600.000000 -41.297218 -0.001229 
33700.000000 -40.597214 -0.001205 
33800.000000 -39.797211 -0.001177 
33900.000000 -39.297203 -0.001159 
34000.000000 -38.497200 -0.001132 
34100.000000 -36.997192 -0.001085 
34200.000000 -36.797180 -0.001076 
34300.000000 -35.997177 -0.001049 
34400.000000 -36.097176 -0.001049 
34500.000000 -35.297173 -0.001023 
34600.000000 -35.097160 -0.001014 
34700.000000 -34.297157 -0.000988 
34800.000000 -34.897148 -0.001003 
34900.000000 -35.197144 -0.001009 
35000.000000 -34.197144 -0.000977 
35100.000000 -34.397141 -0.000980 
35200.000000 -32.897133 -0.000935 
35300.000000 -33.197128 -0.000940 
35400.000000 -32.197128 -0.000910 
35500.000000 -32.197128 -0.000907 
35600.000000 -31.497124 -0.000885 
35700.000000 -30.597124 -0.000857 
35800.000000 -30.197126 -0.000843 
35900.000000 -29.297127 -0.000816 
36000.000000 -28.397127 -0.000789 
36100.000000 -27.397127 -0.000759 
36200.000000 -26.097130 -0.000721 
36300.000000 -25.397131 -0.000700 
36400.000000 -25.897133 -0.000711 
36500.000000 -24.897133 -0.000682 
36600.000000 -25.897137 -0.000708 
36700.000000 -25.897137 -0.000706 
36800.000000 -25.297138 -0.000687 
36900.000000 -24.797140 -0.000672 
37000.000000 -23.897141 -0.000646 
37100.000000 -23.497143 -0.000633 
37200.000000 -24.197145 -0.000650 
37300.000000 -23.997149 -0.000643 
37400.000000 -23.997149 -0.000642 
37500.000000 -24.997152 -0.000667 
37600.000000 -24.997152 -0.000665 
37700.000000 -23.997152 -0.000637 
37800.000000 -24.197153 -0.000640 
37900.000000 -24.897160 -0.000657 
38000.000000 -25.297161 -0.000666 
38100.000000 -24.297161 -0.000638 
38200.000000 -24.297161 -0.000636 
38300.000000 -24.397161 -0.000637 
38400.000000 -24.597162 -0.000641 
38500.000000 -23.597162 -0.000613 
38600.000000 -23.597162 -0.000611 
38700.000000 -23.797163 -0.000615 
38800.000000 -22.897163 -0.000590 
38900.000000 -22.897163 -0.000589 
39000.000000 -23.197165 -0.000595 
39100.000000 -21.497166 -0.000550 
39200.000000 -19.697170 -0.000502 
39300.000000 -19.897171 -0.000506 
39400.000000 -19.097172 -0.000485 
39500.000000 -18.497173 -0.000468 
39600.000000 -18.497173 -0.000467 
39700.000000 -17.697174 -0.000446 
39800.000000 -17.997175 -0.000452 
39900.000000 -17.397177 -0.000436 
40000.000000 -16.397177 -0.000410 
40100.000000 -15.697178 -0.000391 
40200.000000 -14.697178 -0.000366 
40300.000000 -14.597181 -0.000362 
40400.000000 -13.897182 -0.000344 
40500.000000 -13.897182 -0.000343 
40600.000000 -13.797186 -0.000340 
40700.000000 -12.897186 -0.000317 
40800.000000 -11.397188 -0.000279 
40900.000000 -11.397188 -0.000279 
41000.000000 -11.497189 -0.000280 
41100.000000 -10.497189 -0.000255 
41200.000000 -9.497189 -0.000231 
41300.000000 -7.897190 -0.000191 
41400.000000 -7.397191 -0.000179 
41500.000000 -7.397191 -0.000178 
41600.000000 -7.097190 -0.000171 
41700.000000 -7.097190 -0.000170 
41800.000000 -6.197190 -0.000148 
41900.000000 -6.297190 -0.000150 
42000.000000 -5.597189 -0.000133 
42100.000000 -4.597189 -0.000109 
42200.000000 -4.297189 -0.000102 
42300.000000 -4.297189 -0.000102 
42400.000000 -3.397189 -0.000080 
42500.000000 -3.397189 -0.000080 
42600.000000 -3.397189 -0.000080 
42700.000000 -2.997188 -0.000070 
42800.000000 -3.197188 -0.000075 
42900.000000 -2.197188 -0.000051 
43000.000000 -2.697187 -0.000063 
43100.000000 -0.797187 -0.000018 
43200.000000 -0.197188 -0.000005 
43300.000000 -0.197188 -0.000005 
43400.000000 0.602812 0.000014 
43500.000000 0.602812 0.000014 
43600.000000 1.402812 0.000032 
43700.000000 2.402812 0.000055 
43800.000000 4.202813 0.000096 
43900.000000 4.102813 0.000093 
44000.000000 4.002813 0.000091 
44100.000000 5.002813 0.000113 
44200.000000 5.002813 0.000113 
44300.000000 5.502813 0.000124 
44400.000000 6.502813 0.000146 
44500.000000 8.202814 0.000184 
44600.000000 8.802814 0.000197 
44700.000000 8.802814 0.000197 
44800.000000 9.502812 0.000212 
44900.000000 10.402812 0.000232 
45000.000000 11.302812 0.000251 
45100.000000 11.302812 0.000251 
45200.000000 11.302812 0.000250 
45300.000000 11.602809 0.000256 
45400.000000 12.602809 0.000278 
45500.000000 12.602809 0.000277 
45600.000000 12.602809 0.000276 
45700.000000 11.802806 0.000258 
45800.000000 11.802806 0.000258 
45900.000000 12.702806 0.000277 
46000.000000 14.302804 0.000311 
46100.000000 14.302804 0.000310 
46200.000000 14.202804 0.000307 
46300.000000 14.102803 0.000305 
46400.000000 15.602801 0.000336 
46500.000000 15.602801 0.000336 
46600.000000 15.602801 0.000335 
46700.000000 15.302800 0.000328 
46800.000000 16.202801 0.000346 
46900.000000 17.202801 0.000367 
47000.000000 17.202801 0.000366 
47100.000000 17.502798 0.000372 
47200.000000 17.202793 0.000364 
47300.000000 18.602791 0.000393 
47400.000000 19.602791 0.000414 
47500.000000 19.502790 0.000411 
47600.000000 20.302790 0.000427 
47700.000000 21.302790 0.000447 
47800.000000 22.002789 0.000460 
47900.000000 21.702787 0.000453 
48000.000000 21.702787 0.000452 
48100.000000 23.102785 0.000480 
48200.000000 24.802784 0.000515 
48300.000000 25.802784 0.000534 
48400.000000 26.602783 0.000550 
48500.000000 27.502783 0.000567 
48600.000000 27.402782 0.000564 
48700.000000 30.202782 0.000620 
48800.000000 30.902781 0.000633 
48900.000000 31.502779 0.000644 
49000.000000 32.202782 0.000657 
49100.000000 33.202782 0.000676 
49200.000000 34.002785 0.000691 
49300.000000 34.902786 0.000708 
49400.000000 35.802788 0.000725 
49500.000000 36.602791 0.000739 
49600.000000 38.402794 0.000774 
49700.000000 39.202797 0.000789 
49800.000000 39.502808 0.000793 
49900.000000 40.502808 0.000812 
50000.000000 42.202812 0.000844 
50100.000000 43.502823 0.000868 
50200.000000 44.302826 0.000883 
50300.000000 45.302826 0.000901 
50400.000000 45.402840 0.000901 
50500.000000 47.102844 0.000933 
50600.000000 48.702850 0.000963 
50700.000000 50.402855 0.000994 
50800.000000 52.102859 0.001026 
50900.000000 53.902863 0.001059 
51000.000000 55.802864 0.001094 
51100.000000 58.402870 0.001143 
51200.000000 59.902878 0.001170 
51300.000000 62.402885 0.001216 
51400.000000 64.302887 0.001251 
51500.000000 66.902893 0.001299 
51600.000000 68.902893 0.001335 
51700.000000 69.902893 0.001352 
51800.000000 69.902908 0.001349 
51900.000000 72.902908 0.001405 
52000.000000 74.902908 0.001440 
52100.000000 76.502914 0.001468 
52200.000000 77.002922 0.001475 
52300.000000 79.002922 0.001511 
52400.000000 80.602928 0.001538 
52500.000000 82.202934 0.001566 
52600.000000 84.102936 0.001599 
52700.000000 85.302948 0.001619 
52800.000000 86.802956 0.001644 
52900.000000 88.702957 0.001677 
53000.000000 91.502960 0.001726 
53100.000000 92.902969 0.001750 
53200.000000 94.502975 0.001776 
53300.000000 97.302979 0.001826 
53400.000000 99.302979 0.001860 
53500.000000 101.802986 0.001903 
53600.000000 103.802986 0.001937 
53700.000000 105.302994 0.001961 
53800.000000 106.202995 0.001974 
53900.000000 108.603004 0.002015 
54000.000000 110.403008 0.002045 
54100.000000 111.703018 0.002065 
54200.000000 113.103027 0.002087 
54300.000000 114.803032 0.002114 
54400.000000 117.303040 0.002156 
54500.000000 118.803047 0.002180 
54600.000000 120.103058 0.002200 
54700.000000 121.903061 0.002229 
54800.000000 124.803062 0.002277 
54900.000000 128.503067 0.002341 
55000.000000 130.103043 0.002366 
55100.000000 132.302994 0.002401 
55200.000000 133.502945 0.002419 
55300.000000 135.302933 0.002447 
55400.000000 137.002914 0.002473 
55500.000000 137.502884 0.002478 
55600.000000 139.402817 0.002507 
55700.000000 142.302811 0.002555 
55800.000000 143.002792 0.002563 
55900.000000 144.602768 0.002587 
56000.000000 146.302750 0.002613 
56100.000000 148.102737 0.002640 
56200.000000 150.102737 0.002671 
56300.000000 153.102737 0.002719 
56400.000000 155.602707 0.002759 
56500.000000 158.202682 0.002800 
56600.000000 161.102676 0.002846 
56700.000000 163.702652 0.002887 
56800.000000 165.402634 0.002912 
56900.000000 166.702591 0.002930 
57000.000000 169.602585 0.002975 
57100.000000 170.502579 0.002986 
57200.000000 172.702530 0.003019 
57300.000000 173.302505 0.003024 
57400.000000 175.202499 0.003052 
57500.000000 178.102493 0.003097 
57600.000000 179.602463 0.003118 
57700.000000 181.302444 0.003142 
57800.000000 184.202438 0.003187 
57900.000000 188.202438 0.003250 
58000.000000 190.102432 0.003278 
58100.000000 191.702408 0.003300 
58200.000000 193.302383 0.003321 
58300.000000 197.102371 0.003381 
58400.000000 200.102371 0.003426 
58500.000000 203.102371 0.003472 
58600.000000 205.902359 0.003514 
58700.000000 207.502335 0.003535 
58800.000000 209.002304 0.003554 
58900.000000 209.702286 0.003560 
59000.000000 212.202255 0.003597 
59100.000000 212.802231 0.003601 
59200.000000 214.402206 0.003622 
59300.000000 216.302200 0.003648 
59400.000000 218.002182 0.003670 
59500.000000 218.002182 0.003664 
59600.000000 220.302139 0.003696 
59700.000000 222.302139 0.003724 
59800.000000 224.902115 0.003761 
59900.000000 226.802109 0.003786 
60000.000000 229.802109 0.003830 
60100.000000 231.502029 0.003852 
60200.000000 232.502029 0.003862 
60300.000000 235.102005 0.003899 
60400.000000 236.301956 0.003912 
60500.000000 236.901932 0.003916 
60600.000000 239.501907 0.003952 
60700.000000 243.301895 0.004008 
60800.000000 244.301895 0.004018 
60900.000000 246.901871 0.004054 
61000.000000 248.401840 0.004072 
61100.000000 250.201828 0.004095 
61200.000000 252.001816 0.004118 
61300.000000 253.801804 0.004140 
61400.000000 255.401779 0.004160 
61500.000000 257.401794 0.004185 
61600.000000 260.001770 0.004221 
61700.000000 262.001770 0.004246 
61800.000000 262.501740 0.004248 
61900.000000 264.301727 0.004270 
62000.000000 266.601685 0.004300 
62100.000000 268.601685 0.004325 
62200.000000 271.401672 0.004363 
62300.000000 274.201660 0.004401 
62400.000000 274.901642 0.004405 
62500.000000 276.501617 0.004424 
62600.000000 278.401611 0.004447 
62700.000000 282.201599 0.004501 
62800.000000 284.801575 0.004535 
62900.000000 285.701569 0.004542 
63000.000000 288.301544 0.004576 
63100.000000 291.201538 0.004615 
63200.000000 292.901520 0.004635 
63300.000000 295.701508 0.004671 
63400.000000 298.401489 0.004707 
63500.000000 300.101471 0.004726 
63600.000000 302.001465 0.004748 
63700.000000 304.401428 0.004779 
63800.000000 306.101410 0.004798 
63900.000000 309.101410 0.004837 
64000.000000 310.901398 0.004858 
64100.000000 313.401367 0.004889 
64200.000000 314.101349 0.004893 
64300.000000 316.001343 0.004914 
64400.000000 317.301300 0.004927 
64500.000000 320.801270 0.004974 
64600.000000 322.701263 0.004995 
64700.000000 324.501251 0.005015 
64800.000000 328.501251 0.005069 
64900.000000 330.101227 0.005086 
65000.000000 332.501190 0.005115 
65100.000000 334.201172 0.005134 
65200.000000 337.201172 0.005172 
65300.000000 340.001160 0.005207 
65400.000000 343.901154 0.005258 
65500.000000 346.501129 0.005290 
65600.000000 345.901031 0.005273 
65700.000000 347.501007 0.005289 
65800.000000 350.401001 0.005325 
65900.000000 352.300995 0.005346 
66000.000000 354.100983 0.005365 
66100.000000 355.500946 0.005378 
66200.000000 357.900909 0.005406 
66300.000000 360.700897 0.005440 
66400.000000 363.600891 0.005476 
66500.000000 365.600891 0.005498 
66600.000000 367.500885 0.005518 
66700.000000 368.400879 0.005523 
66800.000000 370.300873 0.005543 
66900.000000 372.200867 0.005564 
67000.000000 374.700836 0.005593 
67100.000000 376.600830 0.005613 
67200.000000 379.500824 0.005647 
67300.000000 381.100800 0.005663 
67400.000000 385.000793 0.005712 
67500.000000 384.800781 0.005701 
67600.000000 387.600769 0.005734 
67700.000000 389.300751 0.005750 
67800.000000 391.700714 0.005777 
67900.000000 392.400696 0.005779 
68000.000000 393.300690 0.005784 
68100.000000 396.200684 0.005818 
68200.000000 397.900665 0.005834 
68300.000000 400.700653 0.005867 
68400.000000 402.300629 0.005882 
68500.000000 404.100616 0.005899 
68600.000000 405.900604 0.005917 
68700.000000 408.700592 0.005949 
68800.000000 410.500580 0.005967 
68900.000000 411.800537 0.005977 
69000.000000 414.500519 0.006007 
69100.000000 417.400513 0.006041 
69200.000000 420.300507 0.006074 
69300.000000 422.700470 0.006100 
69400.000000 425.200439 0.006127 
69500.000000 426.900421 0.006142 
69600.000000 428.900360 0.006162 
69700.000000 430.500336 0.006176 
69800.000000 432.200317 0.006192 
69900.000000 435.200317 0.006226 
70000.000000 438.100311 0.006259 
70100.000000 440.900299 0.006290 
70200.000000 442.300262 0.006301 
70300.000000 445.000244 0.006330 
70400.000000 445.000244 0.006321 
70500.000000 447.700226 0.006350 
70600.000000 448.300201 0.006350 
70700.000000 449.200195 0.006354 
70800.000000 451.600159 0.006379 
70900.000000 454.600159 0.006412 
71000.000000 456.100128 0.006424 
71100.000000 458.100128 0.006443 
71200.000000 462.100128 0.006490 
71300.000000 463.800110 0.006505 
71400.000000 465.600098 0.006521 
71500.000000 467.200073 0.006534 
71600.000000 470.000061 0.006564 
71700.000000 472.000061 0.006583 
71800.000000 474.900055 0.006614 
71900.000000 478.900055 0.006661 
72000.000000 480.600037 0.006675 
72100.000000 482.500031 0.006692 
72200.000000 484.500031 0.006711 
72300.000000 486.200012 0.006725 
72400.000000 487.799988 0.006738 
72500.000000 490.699982 0.006768 
72600.000000 492.599976 0.006785 
72700.000000 494.599976 0.006803 
72800.000000 497.399963 0.006832 
72900.000000 499.199951 0.006848 
73000.000000 501.099945 0.006864 
73100.000000 504.699921 0.006904 
73200.000000 507.599915 0.006934 
73300.000000 510.499908 0.006965 
73400.000000 512.399902 0.006981 
73500.000000 515.399902 0.007012 
73600.000000 518.299927 0.007042 
73700.000000 521.299927 0.007073 
73800.000000 523.900024 0.007099 
73900.000000 524.600098 0.007099 
74000.000000 526.100220 0.007109 
74100.000000 528.000244 0.007126 
74200.000000 531.000244 0.007156 
74300.000000 533.000244 0.007174 
74400.000000 533.200439 0.007167 
74500.000000 537.100464 0.007209 
74600.000000 541.100464 0.007253 
74700.000000 544.000488 0.007282 
74800.000000 547.000488 0.007313 
74900.000000 547.200684 0.007306 
75000.000000 549.900757 0.007332 
75100.000000 552.600830 0.007358 
75200.000000 554.500854 0.007374 
75300.000000 557.400879 0.007402 
75400.000000 560.200928 0.007430 
75500.000000 561.200928 0.007433 
75600.000000 564.000977 0.007460 
75700.000000 567.801025 0.007501 
75800.000000 569.701050 0.007516 
75900.000000 573.701050 0.007559 
76000.000000 576.701050 0.007588 
76100.000000 578.501099 0.007602 
76200.000000 580.401123 0.007617 
76300.000000 583.301147 0.007645 
76400.000000 586.301147 0.007674 
76500.000000 589.301147 0.007703 
76600.000000 591.901245 0.007727 
76700.000000 593.901245 0.007743 
76800.000000 597.701294 0.007783 
76900.000000 599.501343 0.007796 
77000.000000 602.401367 0.007823 
77100.000000 605.101440 0.007848 
77200.000000 608.101440 0.007877 
77300.000000 611.001465 0.007904 
77400.000000 614.701538 0.007942 
77500.000000 617.701538 0.007970 
77600.000000 620.601562 0.007997 
77700.000000 622.401611 0.008010 
77800.000000 624.401611 0.008026 
77900.000000 627.401611 0.008054 
78000.000000 630.301636 0.008081 
78100.000000 634.301636 0.008122 
78200.000000 635.701782 0.008129 
78300.000000 638.201904 0.008151 
78400.000000 641.101929 0.008177 
78500.000000 643.101929 0.008192 
78600.000000 645.901978 0.008218 
78700.000000 647.602051 0.008229 
78800.000000 651.202148 0.008264 
78900.000000 654.202148 0.008292 
79000.000000 657.002197 0.008316 
79100.000000 658.902222 0.008330 
79200.000000 661.802246 0.008356 
79300.000000 664.602295 0.008381 
79400.000000 666.502319 0.008394 
79500.000000 669.402344 0.008420 
79600.000000 672.402344 0.008447 
79700.000000 676.202393 0.008484 
79800.000000 678.202393 0.008499 
79900.000000 681.202393 0.008526 
80000.000000 682.902466 0.008536 
80100.000000 685.602539 0.008559 
80200.000000 687.502563 0.008572 
80300.000000 689.802734 0.008590 
80400.000000 691.502808 0.008601 
80500.000000 694.402832 0.008626 
80600.000000 696.102905 0.008637 
80700.000000 699.102905 0.008663 
80800.000000 702.503052 0.008694 
80900.000000 704.503052 0.008708 
81000.000000 707.503052 0.008735 
81100.000000 709.503052 0.008748 
81200.000000 709.303101 0.008735 
81300.000000 711.103149 0.008747 
81400.000000 711.903198 0.008746 
81500.000000 714.903198 0.008772 
81600.000000 716.803223 0.008784 
81700.000000 719.803223 0.008810 
81800.000000 722.503296 0.008833 
81900.000000 725.403320 0.008857 
82000.000000 728.403320 0.008883 
82100.000000 730.403320 0.008897 
82200.000000 734.403320 0.008934 
82300.000000 738.403320 0.008972 
82400.000000 739.403320 0.008973 
82500.000000 741.203369 0.008984 
82600.000000 742.103394 0.008984 
82700.000000 745.003418 0.009009 
82800.000000 747.703491 0.009030 
82900.000000 750.503540 0.009053 
83000.000000 752.503540 0.009066 
83100.000000 754.803711 0.009083 
83200.000000 756.603760 0.009094 
83300.000000 760.403809 0.009128 
83400.000000 763.303833 0.009152 
83500.000000 766.303833 0.009177 
83600.000000 768.003906 0.009187 
83700.000000 770.803955 0.009209 
83800.000000 771.803955 0.009210 
83900.000000 774.604004 0.009232 
84000.000000 775.604004 0.009233 
84100.000000 777.604004 0.009246 
84200.000000 780.404053 0.009268 
84300.000000 782.204102 0.009279 
84400.000000 784.904175 0.009300 
84500.000000 787.904175 0.009324 
84600.000000 789.704224 0.009335 
84700.000000 793.604248 0.009370 
84800.000000 795.604248 0.009382 
84900.000000 799.604248 0.009418 
85000.000000 801.504272 0.009429 
85100.000000 803.504272 0.009442 
85200.000000 806.504272 0.009466 
85300.000000 810.504272 0.009502 
85400.000000 812.404297 0.009513 
85500.000000 814.404297 0.009525 
85600.000000 817.904419 0.009555 
85700.000000 820.904419 0.009579 
85800.000000 823.304565 0.009596 
85900.000000 825.304565 0.009608 
86000.000000 827.304565 0.009620 
86100.000000 830.304565 0.009643 
86200.000000 833.204590 0.009666 
86300.000000 834.604736 0.009671 
86400.000000 838.504761 0.009705 
86500.000000 841.404785 0.009727 
86600.000000 843.104858 0.009736 
86700.000000 845.104858 0.009747 
86800.000000 848.004883 0.009770 
86900.000000 850.804932 0.009791 
87000.000000 853.704956 0.009813 
87100.000000 857.704956 0.009847 
87200.000000 859.704956 0.009859 
87300.000000 863.105103 0.009887 
87400.000000 865.005127 0.009897 
87500.000000 868.005127 0.009920 
87600.000000 869.805176 0.009929 
87700.000000 870.705200 0.009928 
87800.000000 871.605225 0.009927 
87900.000000 875.605225 0.009961 
88000.000000 877.305298 0.009969 
88100.000000 880.205322 0.009991 
88200.000000 882.205322 0.010002 
88300.000000 886.005371 0.010034 
88400.000000 889.005371 0.010057 
88500.000000 890.905396 0.010067 
88600.000000 894.805420 0.010099 
88700.000000 897.805420 0.010122 
88800.000000 901.805420 0.010155 
88900.000000 904.805420 0.010178 
89000.000000 908.805420 0.010211 
89100.000000 911.805420 0.010234 
89200.000000 913.705444 0.010243 
89300.000000 915.705444 0.010254 
89400.000000 918.705444 0.010276 
89500.000000 919.605469 0.010275 
89600.000000 922.605469 0.010297 
89700.000000 925.605469 0.010319 
89800.000000 926.405518 0.010316 
89900.000000 929.005615 0.010334 
90000.000000 932.005615 0.010356 
90100.000000 935.905640 0.010387 
90200.000000 936.905640 0.010387 
90300.000000 939.805664 0.010408 
90400.000000 941.705688 0.010417 
90500.000000 945.405762 0.010446 
90600.000000 949.205811 0.010477 
90700.000000 951.805908 0.010494 
90800.000000 955.705933 0.010525 
90900.000000 958.505981 0.010545 
91000.000000 960.006104 0.010550 
91100.000000 961.006104 0.010549 
91200.000000 964.006104 0.010570 
91300.000000 964.706177 0.010566 
91400.000000 967.506226 0.010585 
91500.000000 971.506226 0.010618 
91600.000000 973.206299 0.010625 
91700.000000 977.006348 0.010654 
91800.000000 981.006348 0.010686 
91900.000000 984.006348 0.010707 
92000.000000 985.906372 0.010716 
92100.000000 988.906372 0.010737 
92200.000000 991.606445 0.010755 
92300.000000 994.306519 0.010773 
92400.000000 996.106567 0.010780 
92500.000000 998.906616 0.010799 
92600.000000 1000.706665 0.010807 
92700.000000 1003.606689 0.010826 
92800.000000 1004.506714 0.010824 
92900.000000 1007.306763 0.010843 
93000.000000 1010.306763 0.010864 
93100.000000 1012.206787 0.010872 
93200.000000 1014.806885 0.010888 
93300.000000 1017.806885 0.010909 
93400.000000 1020.806885 0.010929 
93500.000000 1024.706909 0.010959 
93600.000000 1026.706909 0.010969 
93700.000000 1028.706909 0.010979 
93800.000000 1031.506958 0.010997 
93900.000000 1034.506958 0.011017 
94000.000000 1037.506958 0.011037 
94100.000000 1040.307007 0.011055 
94200.000000 1043.307007 0.011075 
94300.000000 1045.307007 0.011085 
94400.000000 1048.207031 0.011104 
94500.000000 1050.207031 0.011113 
94600.000000 1052.907104 0.011130 
94700.000000 1055.607178 0.011147 
94800.000000 1057.607178 0.011156 
94900.000000 1061.307251 0.011183 
95000.000000 1064.307251 0.011203 
95100.000000 1067.207275 0.011222 
95200.000000 1069.707397 0.011236 
95300.000000 1072.707397 0.011256 
95400.000000 1075.707397 0.011276 
95500.000000 1076.707397 0.011274 
95600.000000 1078.707397 0.011284 
95700.000000 1080.607422 0.011292 
95800.000000 1085.607422 0.011332 
95900.000000 1088.607422 0.011351 
96000.000000 1091.407471 0.011369 
96100.000000 1093.407471 0.011378 
96200.000000 1096.407471 0.011397 
96300.000000 1099.407471 0.011416 
96400.000000 1102.307495 0.011435 
96500.000000 1103.907593 0.011439 
96600.000000 1104.807617 0.011437 
96700.000000 1106.707642 0.011445 
96800.000000 1107.707642 0.011443 
96900.000000 1109.607666 0.011451 
97000.000000 1112.607666 0.011470 
97100.000000 1116.507690 0.011499 
97200.000000 1119.407715 0.011517 
97300.000000 1121.307739 0.011524 
97400.000000 1124.307739 0.011543 
97500.000000 1128.007812 0.011569 
97600.000000 1130.907837 0.011587 
97700.000000 1133.707886 0.011604 
97800.000000 1136.507935 0.011621 
97900.000000 1140.407959 0.011649 
98000.000000 1142.407959 0.011657 
98100.000000 1144.208008 0.011664 
98200.000000 1148.008057 0.011691 
98300.000000 1149.708130 0.011696 
98400.000000 1152.708130 0.011715 
98500.000000 1154.708130 0.011723 
98600.000000 1157.608154 0.011740 
98700.000000 1159.508179 0.011748 
98800.000000 1162.308228 0.011764 
98900.000000 1166.108276 0.011791 
99000.000000 1168.108276 0.011799 
99100.000000 1170.008301 0.011806 
99200.000000 1170.908325 0.011804 
99300.000000 1174.808350 0.011831 
99400.000000 1177.808350 0.011849 
99500.000000 1181.708374 0.011876 
99600.000000 1184.708374 0.011895 
99700.000000 1187.708374 0.011913 
99800.000000 1190.708374 0.011931 
99900.000000 1190.708374 0.011919 
100000.000000 1192.508423 0.011925 
100100.000000 1195.408447 0.011942 
100200.000000 1198.408447 0.011960 
100300.000000 1200.308472 0.011967 
100400.000000 1204.208496 0.011994 
100500.000000 1206.008545 0.012000 
100600.000000 1209.908569 0.012027 
100700.000000 1211.808594 0.012034 
100800.000000 1211.808594 0.012022 
100900.000000 1212.708618 0.012019 
101000.000000 1214.708618 0.012027 
101100.000000 1216.508667 0.012033 
101200.000000 1217.408691 0.012030 
101300.000000 1218.208740 0.012026 
101400.000000 1219.508911 0.012027 
101500.000000 1220.308960 0.012023 
101600.000000 1221.909058 0.012027 
101700.000000 1223.709106 0.012033 
101800.000000 1226.409180 0.012047 
101900.000000 1228.809326 0.012059 
102000.000000 1231.709351 0.012076 
102100.000000 1234.709351 0.012093 
102200.000000 1237.609375 0.012110 
102300.000000 1239.509399 0.012116 
102400.000000 1242.409424 0.012133 
102500.000000 1246.209473 0.012158 
102600.000000 1250.209473 0.012185 
102700.000000 1252.109497 0.012192 
102800.000000 1256.109497 0.012219 
102900.000000 1259.109497 0.012236 
103000.000000 1259.909546 0.012232 
103100.000000 1263.909546 0.012259 
103200.000000 1266.809570 0.012275 
103300.000000 1269.709595 0.012291 
103400.000000 1272.609619 0.012308 
103500.000000 1275.509644 0.012324 
103600.000000 1278.509644 0.012341 
103700.000000 1282.509644 0.012367 
103800.000000 1285.509644 0.012384 
103900.000000 1288.509644 0.012401 
104000.000000 1290.409668 0.012408 
104100.000000 1293.309692 0.012424 
104200.000000 1294.109741 0.012419 
104300.000000 1296.109741 0.012427 
104400.000000 1300.109741 0.012453 
104500.000000 1301.909790 0.012458 
104600.000000 1306.809814 0.012493 
104700.000000 1309.809814 0.012510 
104800.000000 1311.809814 0.012517 
104900.000000 1314.709839 0.012533 
105000.000000 1317.609863 0.012549 
105100.000000 1319.509888 0.012555 
105200.000000 1320.409912 0.012551 
105300.000000 1322.409912 0.012558 
105400.000000 1325.209961 0.012573 
105500.000000 1328.109985 0.012589 
105600.000000 1331.109985 0.012605 
105700.000000 1333.109985 0.012612 
105800.000000 1334.910034 0.012617 
105900.000000 1337.910034 0.012634 
106000.000000 1340.910034 0.012650 
106100.000000 1343.910034 0.012666 
106200.000000 1346.910034 0.012683 
106300.000000 1348.910034 0.012690 
106400.000000 1351.810059 0.012705 
106500.000000 1354.810059 0.012721 
106600.000000 1357.710083 0.012736 
106700.000000 1359.510132 0.012741 
106800.000000 1362.410156 0.012757 
106900.000000 1365.310181 0.012772 
107000.000000 1366.110229 0.012767 
107100.000000 1369.910278 0.012791 
107200.000000 1372.910278 0.012807 
107300.000000 1374.710327 0.012812 
107400.000000 1375.610352 0.012808 
107500.000000 1378.410400 0.012822 
107600.000000 1382.310425 0.012847 
107700.000000 1383.310425 0.012844 
107800.000000 1385.310425 0.012851 
107900.000000 1387.310425 0.012857 
108000.000000 1388.210449 0.012854 
108100.000000 1389.610596 0.012855 
108200.000000 1391.610596 0.012861 
108300.000000 1397.610596 0.012905 
108400.000000 1400.510620 0.012920 
108500.000000 1403.110718 0.012932 
108600.000000 1405.010742 0.012937 
108700.000000 1405.910767 0.012934 
108800.000000 1408.710815 0.012948 
108900.000000 1410.710815 0.012954 
109000.000000 1412.610840 0.012960 
109100.000000 1414.310913 0.012963 
109200.000000 1417.110962 0.012977 
109300.000000 1419.911011 0.012991 
109400.000000 1419.411133 0.012975 
109500.000000 1418.811279 0.012957 
109600.000000 1422.611328 0.012980 
109700.000000 1425.611328 0.012996 
109800.000000 1427.611328 0.013002 
109900.000000 1431.311401 0.013024 
110000.000000 1434.011475 0.013036 
110100.000000 1437.011475 0.013052 
110200.000000 1440.011475 0.013067 
110300.000000 1441.811523 0.013072 
110400.000000 1443.711548 0.013077 
110500.000000 1446.611572 0.013092 
110600.000000 1449.511597 0.013106 
110700.000000 1451.511597 0.013112 
110800.000000 1453.411621 0.013117 
110900.000000 1455.311646 0.013123 
111000.000000 1459.111694 0.013145 
111100.000000 1461.111694 0.013151 
111200.000000 1463.911743 0.013165 
111300.000000 1466.811768 0.013179 
111400.000000 1468.711792 0.013184 
111500.000000 1469.611816 0.013180 
111600.000000 1471.411865 0.013185 
111700.000000 1474.411865 0.013200 
111800.000000 1477.411865 0.013215 
111900.000000 1480.411865 0.013230 
112000.000000 1482.411865 0.013236 
112100.000000 1485.311890 0.013250 
112200.000000 1487.211914 0.013255 
112300.000000 1489.111938 0.013260 
112400.000000 1491.111938 0.013266 
112500.000000 1494.111938 0.013281 
112600.000000 1497.111938 0.013296 
112700.000000 1499.111938 0.013302 
112800.000000 1502.011963 0.013316 
112900.000000 1505.011963 0.013330 
113000.000000 1507.911987 0.013344 
113100.000000 1511.911987 0.013368 
113200.000000 1514.812012 0.013382 
113300.000000 1516.712036 0.013387 
113400.000000 1520.712036 0.013410 
113500.000000 1521.512085 0.013405 
113600.000000 1522.212158 0.013400 
113700.000000 1524.212158 0.013406 
113800.000000 1527.012207 0.013418 
113900.000000 1531.012207 0.013442 
114000.000000 1532.912231 0.013447 
114100.000000 1535.812256 0.013460 
114200.000000 1538.712280 0.013474 
114300.000000 1540.612305 0.013479 
114400.000000 1542.412354 0.013483 
114500.000000 1545.312378 0.013496 
114600.000000 1547.112427 0.013500 
114700.000000 1549.012451 0.013505 
114800.000000 1550.512573 0.013506 
114900.000000 1552.512573 0.013512 
115000.000000 1556.312622 0.013533 
115100.000000 1559.312622 0.013547 
115200.000000 1562.212646 0.013561 
115300.000000 1565.212646 0.013575 
115400.000000 1568.212646 0.013589 
115500.000000 1571.112671 0.013603 
115600.000000 1574.112671 0.013617 
115700.000000 1577.112671 0.013631 
115800.000000 1579.112671 0.013637 
115900.000000 1581.112671 0.013642 
116000.000000 1583.012695 0.013647 
116100.000000 1585.812744 0.013659 
116200.000000 1588.812744 0.013673 
116300.000000 1592.812744 0.013696 
116400.000000 1593.712769 0.013692 
116500.000000 1594.712769 0.013689 
116600.000000 1596.612793 0.013693 
116700.000000 1599.412842 0.013705 
116800.000000 1602.112915 0.013717 
116900.000000 1602.912964 0.013712 
117000.000000 1603.613037 0.013706 
117100.000000 1604.513062 0.013702 
117200.000000 1604.513062 0.013690 
117300.000000 1606.413086 0.013695 
117400.000000 1609.313110 0.013708 
117500.000000 1611.313110 0.013713 
117600.000000 1614.213135 0.013726 
117700.000000 1617.013184 0.013738 
117800.000000 1619.813232 0.013751 
117900.000000 1620.813232 0.013747 
118000.000000 1622.613281 0.013751 
118100.000000 1624.113403 0.013752 
118200.000000 1628.113403 0.013774 
118300.000000 1629.813477 0.013777 
118400.000000 1630.713501 0.013773 
118500.000000 1633.413574 0.013784 
118600.000000 1636.413574 0.013798 
118700.000000 1639.413574 0.013811 
118800.000000 1642.313599 0.013824 
118900.000000 1645.313599 0.013838 
119000.000000 1647.313599 0.013843 
119100.000000 1650.313599 0.013857 
119200.000000 1654.313599 0.013878 
119300.000000 1656.313599 0.013884 
119400.000000 1657.213623 0.013880 
119500.000000 1659.913696 0.013890 
119600.000000 1661.813721 0.013895 
119700.000000 1664.513794 0.013906 
119800.000000 1665.213867 0.013900 
119900.000000 1668.113892 0.013913 
120000.000000 1671.013916 0.013925 
120100.000000 1673.913940 0.013938 
120200.000000 1675.913940 0.013943 
120300.000000 1679.913940 0.013964 
120400.000000 1681.813965 0.013969 
120500.000000 1683.713989 0.013973 
120600.000000 1687.713989 0.013994 
120700.000000 1690.713989 0.014008 
120800.000000 1693.713989 0.014021 
120900.000000 1697.614014 0.014041 
121000.000000 1701.614014 0.014063 
121100.000000 1704.614014 0.014076 
121200.000000 1706.614014 0.014081 
121300.000000 1709.614014 0.014094 
121400.000000 1710.414062 0.014089 
121500.000000 1712.314087 0.014093 
121600.000000 1714.214111 0.014097 
121700.000000 1717.214111 0.014110 
121800.000000 1717.014160 0.014097 
121900.000000 1719.614258 0.014107 
122000.000000 1721.414307 0.014110 
122100.000000 1722.414307 0.014107 
122200.000000 1722.314331 0.014094 
122300.000000 1723.914429 0.014096 
122400.000000 1724.914429 0.014092 
122500.000000 1724.714478 0.014079 
122600.000000 1724.714722 0.014068 
122700.000000 1725.714722 0.014065 
122800.000000 1726.614746 0.014060 
122900.000000 1728.814941 0.014067 
123000.000000 1731.814941 0.014080 
123100.000000 1732.814941 0.014076 
123200.000000 1736.814941 0.014098 
123300.000000 1739.614990 0.014109 
123400.000000 1743.614990 0.014130 
123500.000000 1746.614990 0.014143 
123600.000000 1749.614990 0.014155 
123700.000000 1750.915161 0.014155 
123800.000000 1753.815186 0.014167 
123900.000000 1756.715210 0.014178 
124000.000000 1758.715210 0.014183 
124100.000000 1761.615234 0.014195 
124200.000000 1761.515259 0.014183 
124300.000000 1763.215332 0.014185 
124400.000000 1767.215332 0.014206 
124500.000000 1770.015381 0.014217 
124600.000000 1773.015381 0.014230 
124700.000000 1776.015381 0.014242 
124800.000000 1779.915405 0.014262 
124900.000000 1782.915405 0.014275 
125000.000000 1785.915405 0.014287 
125100.000000 1789.915405 0.014308 
125200.000000 1791.815430 0.014312 
125300.000000 1793.615479 0.014315 
125400.000000 1796.615479 0.014327 
125500.000000 1798.615479 0.014332 
125600.000000 1802.615479 0.014352 
125700.000000 1805.615479 0.014364 
125800.000000 1806.315552 0.014359 
125900.000000 1810.315552 0.014379 
126000.000000 1812.015625 0.014381 
126100.000000 1814.915649 0.014393 
126200.000000 1818.915649 0.014413 
126300.000000 1820.915649 0.014417 
126400.000000 1822.915649 0.014422 
126500.000000 1823.815674 0.014418 
126600.000000 1824.615723 0.014412 
126700.000000 1827.315796 0.014422 
126800.000000 1830.115845 0.014433 
126900.000000 1832.015869 0.014437 
127000.000000 1835.815918 0.014455 
127100.000000 1838.815918 0.014467 
127200.000000 1841.815918 0.014480 
127300.000000 1842.715942 0.014475 
127400.000000 1844.715942 0.014480 
127500.000000 1846.615967 0.014483 
127600.000000 1849.416016 0.014494 
127700.000000 1851.316040 0.014497 
127800.000000 1853.316040 0.014502 
127900.000000 1853.316040 0.014490 
128000.000000 1855.316040 0.014495 
128100.000000 1858.316040 0.014507 
128200.000000 1859.216064 0.014502 
128300.000000 1860.916138 0.014504 
128400.000000 1863.916138 0.014516 
128500.000000 1866.916138 0.014529 
128600.000000 1867.716187 0.014523 
128700.000000 1869.716187 0.014528 
128800.000000 1873.616211 0.014547 
128900.000000 1874.516235 0.014542 
129000.000000 1876.516235 0.014547 
129100.000000 1878.416260 0.014550 
129200.000000 1880.216309 0.014553 
129300.000000 1882.016357 0.014555 
129400.000000 1885.016357 0.014567 
129500.000000 1889.016357 0.014587 
129600.000000 1889.916382 0.014583 
129700.000000 1892.916382 0.014595 
129800.000000 1896.916382 0.014614 
129900.000000 1897.916382 0.014611 
130000.000000 1898.916382 0.014607 
130100.000000 1901.816406 0.014618 
130200.000000 1903.816406 0.014622 
130300.000000 1906.616455 0.014633 
130400.000000 1908.116577 0.014633 
130500.000000 1910.016602 0.014636 
130600.000000 1913.916626 0.014655 
130700.000000 1915.916626 0.014659 
130800.000000 1919.916626 0.014678 
130900.000000 1921.916626 0.014682 
131000.000000 1924.916626 0.014694 
131100.000000 1926.716675 0.014697 
131200.000000 1930.516724 0.014714 
131300.000000 1932.816895 0.014721 
131400.000000 1934.416992 0.014722 
131500.000000 1938.117065 0.014739 
131600.000000 1940.917114 0.014749 
131700.000000 1941.917114 0.014745 
131800.000000 1942.717163 0.014740 
131900.000000 1946.717163 0.014759 
132000.000000 1949.417236 0.014768 
132100.000000 1952.417236 0.014780 
132200.000000 1955.417236 0.014791 
132300.000000 1958.317261 0.014802 
132400.000000 1961.317261 0.014814 
132500.000000 1963.317261 0.014817 
132600.000000 1967.317261 0.014836 
132700.000000 1970.317261 0.014848 
132800.000000 1974.317261 0.014867 
132900.000000 1978.317261 0.014886 
133000.000000 1982.317261 0.014905 
133100.000000 1984.317261 0.014908 
133200.000000 1988.217285 0.014927 
133300.000000 1990.217285 0.014930 
133400.000000 1992.117310 0.014933 
133500.000000 1993.117310 0.014930 
133600.000000 1995.017334 0.014933 
133700.000000 1997.017334 0.014937 
133800.000000 2001.017334 0.014955 
133900.000000 2003.917358 0.014966 
134000.000000 2006.917358 0.014977 
134100.000000 2007.817383 0.014973 
134200.000000 2010.817383 0.014984 
134300.000000 2011.417480 0.014977 
134400.000000 2012.417480 0.014973 
134500.000000 2015.417480 0.014985 
134600.000000 2018.417480 0.014996 
134700.000000 2021.417480 0.015007 
134800.000000 2022.417480 0.015003 
134900.000000 2023.417480 0.014999 
135000.000000 2027.317505 0.015017 
135100.000000 2030.317505 0.015028 
135200.000000 2031.917603 0.015029 
135300.000000 2033.817627 0.015032 
135400.000000 2035.717651 0.015035 
135500.000000 2038.617676 0.015045 
135600.000000 2039.617676 0.015041 
135700.000000 2042.617676 0.015052 
135800.000000 2044.617676 0.015056 
135900.000000 2046.617676 0.015060 
136000.000000 2049.517578 0.015070 
136100.000000 2051.517578 0.015074 
136200.000000 2053.517578 0.015077 
136300.000000 2056.317383 0.015087 
136400.000000 2059.217285 0.015097 
136500.000000 2062.217285 0.015108 
136600.000000 2065.117188 0.015118 
136700.000000 2067.117188 0.015122 
136800.000000 2067.017090 0.015110 
136900.000000 2070.916992 0.015127 
137000.000000 2073.916992 0.015138 
137100.000000 2076.916992 0.015149 
137200.000000 2078.916992 0.015152 
137300.000000 2078.816895 0.015141 
137400.000000 2079.716797 0.015136 
137500.000000 2080.616699 0.015132 
137600.000000 2080.216309 0.015118 
137700.000000 2080.916016 0.015112 
137800.000000 2081.315430 0.015104 
137900.000000 2082.814941 0.015104 
138000.000000 2084.713867 0.015107 
138100.000000 2083.212402 0.015085 
138200.000000 2082.912109 0.015072 
138300.000000 2082.611816 0.015059 
138400.000000 2082.411621 0.015046 
138500.000000 2083.111328 0.015041 
138600.000000 2084.111328 0.015037 
138700.000000 2085.610840 0.015037 
138800.000000 2084.709961 0.015020 
138900.000000 2087.709961 0.015030 
139000.000000 2089.709961 0.015034 
139100.000000 2091.409668 0.015035 
139200.000000 2095.409668 0.015053 
139300.000000 2097.409668 0.015057 
139400.000000 2100.409668 0.015068 
139500.000000 2103.309570 0.015077 
139600.000000 2104.309570 0.015074 
139700.000000 2106.309570 0.015077 
139800.000000 2109.309570 0.015088 
139900.000000 2111.209473 0.015091 
140000.000000 2113.209473 0.015094 
140100.000000 2114.109375 0.015090 
140200.000000 2118.009277 0.015107 
140300.000000 2118.708984 0.015101 
140400.000000 2121.708984 0.015112 
140500.000000 2125.708984 0.015130 
140600.000000 2128.508789 0.015139 
140700.000000 2131.508789 0.015149 
140800.000000 2133.408691 0.015152 
140900.000000 2136.408691 0.015163 
141000.000000 2138.408691 0.015166 
141100.000000 2141.308594 0.015176 
141200.000000 2143.208496 0.015179 
141300.000000 2144.108398 0.015174 
141400.000000 2147.108398 0.015185 
141500.000000 2149.908203 0.015194 
141600.000000 2150.808105 0.015189 
141700.000000 2153.708008 0.015199 
141800.000000 2156.708008 0.015210 
141900.000000 2158.708008 0.015213 
142000.000000 2160.708008 0.015216 
142100.000000 2163.407715 0.015225 
142200.000000 2165.007324 0.015225 
142300.000000 2168.007324 0.015235 
142400.000000 2171.007324 0.015246 
142500.000000 2174.007324 0.015256 
142600.000000 2175.007324 0.015253 
142700.000000 2178.007324 0.015263 
142800.000000 2180.907227 0.015272 
142900.000000 2182.907227 0.015276 
143000.000000 2183.907227 0.015272 
143100.000000 2185.807129 0.015275 
143200.000000 2186.707031 0.015270 
143300.000000 2188.406738 0.015272 
143400.000000 2189.306641 0.015267 
143500.000000 2190.806152 0.015267 
143600.000000 2190.205566 0.015252 
143700.000000 2194.005371 0.015268 
143800.000000 2196.905273 0.015278 
143900.000000 2198.705078 0.015279 
144000.000000 2200.705078 0.015283 
144100.000000 2203.705078 0.015293 
144200.000000 2207.604980 0.015309 
144300.000000 2211.504883 0.015326 
144400.000000 2214.304688 0.015335 
144500.000000 2218.004395 0.015350 
144600.000000 2221.004395 0.015360 
144700.000000 2224.004395 0.015370 
144800.000000 2227.004395 0.015380 
144900.000000 2230.004395 0.015390 
145000.000000 2232.904297 0.015399 
145100.000000 2236.904297 0.015416 
145200.000000 2239.904297 0.015426 
145300.000000 2242.804199 0.015436 
145400.000000 2243.804199 0.015432 
145500.000000 2245.804199 0.015435 
145600.000000 2249.704102 0.015451 
145700.000000 2250.604004 0.015447 
145800.000000 2252.503906 0.015449 
145900.000000 2255.303711 0.015458 
146000.000000 2257.203613 0.015460 
146100.000000 2258.103516 0.015456 
146200.000000 2260.003418 0.015458 
146300.000000 2263.003418 0.015468 
146400.000000 2266.003418 0.015478 
146500.000000 2268.003418 0.015481 
146600.000000 2271.003418 0.015491 
146700.000000 2272.903320 0.015494 
146800.000000 2273.903320 0.015490 
146900.000000 2274.903320 0.015486 
147000.000000 2277.903320 0.015496 
147100.000000 2279.903320 0.015499 
147200.000000 2281.903320 0.015502 
147300.000000 2283.903320 0.015505 
147400.000000 2286.803223 0.015514 
147500.000000 2290.803223 0.015531 
147600.000000 2293.803223 0.015541 
147700.000000 2298.803223 0.015564 
147800.000000 2302.803223 0.015581 
147900.000000 2305.803223 0.015590 
148000.000000 2306.703125 0.015586 
148100.000000 2309.703125 0.015596 
148200.000000 2312.703125 0.015605 
148300.000000 2316.703125 0.015622 
148400.000000 2319.703125 0.015631 
148500.000000 2322.703125 0.015641 
148600.000000 2323.603027 0.015637 
148700.000000 2324.402832 0.015631 
148800.000000 2325.002441 0.015625 
148900.000000 2325.902344 0.015621 
149000.000000 2326.802246 0.015616 
149100.000000 2330.702148 0.015632 
149200.000000 2331.602051 0.015627 
149300.000000 2332.501953 0.015623 
149400.000000 2335.501953 0.015633 
149500.000000 2335.501953 0.015622 
149600.000000 2335.501953 0.015612 
149700.000000 2336.501953 0.015608 
149800.000000 2336.001465 0.015594 
149900.000000 2335.500977 0.015580 
150000.000000 2337.500977 0.015583 
150100.000000 2337.500977 0.015573 
150200.000000 2339.700195 0.015577 
150300.000000 2340.699219 0.015574 
150400.000000 2340.699219 0.015563 
150500.000000 2340.699219 0.015553 
150600.000000 2340.499023 0.015541 
150700.000000 2341.499023 0.015537 
150800.000000 2342.298828 0.015532 
150900.000000 2342.498047 0.015524 
151000.000000 2344.096680 0.015524 
151100.000000 2345.096680 0.015520 
151200.000000 2344.796387 0.015508 
151300.000000 2344.395996 0.015495 
151400.000000 2345.095703 0.015489 
151500.000000 2348.095703 0.015499 
151600.000000 2350.095703 0.015502 
151700.000000 2355.095703 0.015525 
151800.000000 2357.095703 0.015528 
151900.000000 2361.095703 0.015544 
152000.000000 2363.995605 0.015553 
152100.000000 2366.995605 0.015562 
152200.000000 2368.995605 0.015565 
152300.000000 2369.895508 0.015561 
152400.000000 2370.895508 0.015557 
152500.000000 2372.695312 0.015559 
152600.000000 2374.395020 0.015560 
152700.000000 2374.294922 0.015549 
152800.000000 2375.294922 0.015545 
152900.000000 2377.094727 0.015547 
153000.000000 2378.994629 0.015549 
153100.000000 2378.694336 0.015537 
153200.000000 2380.494141 0.015538 
153300.000000 2381.293945 0.015534 
153400.000000 2384.193848 0.015542 
153500.000000 2386.093750 0.015545 
153600.000000 2386.793457 0.015539 
153700.000000 2390.793457 0.015555 
153800.000000 2394.793457 0.015571 
153900.000000 2397.793457 0.015580 
154000.000000 2400.793457 0.015590 
154100.000000 2404.793457 0.015605 
154200.000000 2407.793457 0.015615 
154300.000000 2411.693359 0.015630 
154400.000000 2411.593262 0.015619 
154500.000000 2414.593262 0.015628 
154600.000000 2416.192871 0.015629 
154700.000000 2417.992676 0.015630 
154800.000000 2420.992676 0.015639 
154900.000000 2424.692383 0.015653 
155000.000000 2426.692383 0.015656 
155100.000000 2427.592285 0.015652 
155200.000000 2429.592285 0.015655 
155300.000000 2430.492188 0.015650 
155400.000000 2432.291992 0.015652 
155500.000000 2432.991699 0.015646 
155600.000000 2433.891602 0.015642 
155700.000000 2436.891602 0.015651 
155800.000000 2438.791504 0.015653 
155900.000000 2440.791504 0.015656 
156000.000000 2440.791504 0.015646 
156100.000000 2440.391113 0.015634 
156200.000000 2443.090820 0.015641 
156300.000000 2446.090820 0.015650 
156400.000000 2445.890625 0.015639 
156500.000000 2448.590332 0.015646 
156600.000000 2450.390137 0.015647 
156700.000000 2451.889648 0.015647 
156800.000000 2452.289062 0.015640 
156900.000000 2455.289062 0.015649 
157000.000000 2456.988770 0.015650 
157100.000000 2459.988770 0.015659 
157200.000000 2461.988770 0.015662 
157300.000000 2463.888672 0.015664 
157400.000000 2466.788574 0.015672 
157500.000000 2468.788574 0.015675 
157600.000000 2470.788574 0.015678 
157700.000000 2473.788574 0.015687 
157800.000000 2475.788574 0.015689 
157900.000000 2478.788574 0.015698 
158000.000000 2479.788574 0.015695 
158100.000000 2482.788574 0.015704 
158200.000000 2485.788574 0.015713 
158300.000000 2486.688477 0.015709 
158400.000000 2487.688477 0.015705 
158500.000000 2491.688477 0.015720 
158600.000000 2492.688477 0.015717 
158700.000000 2493.588379 0.015713 
158800.000000 2494.488281 0.015708 
158900.000000 2496.488281 0.015711 
159000.000000 2498.488281 0.015714 
159100.000000 2499.687500 0.015711 
159200.000000 2501.786621 0.015715 
159300.000000 2502.786621 0.015711 
159400.000000 2506.786621 0.015726 
159500.000000 2507.686523 0.015722 
159600.000000 2509.686523 0.015725 
159700.000000 2511.586426 0.015727 
159800.000000 2512.586426 0.015723 
159900.000000 2512.586426 0.015713 
160000.000000 2512.286133 0.015702 
160100.000000 2512.085938 0.015691 
160200.000000 2511.885742 0.015680 
160300.000000 2511.785645 0.015669 
160400.000000 2511.385254 0.015657 
160500.000000 2510.884766 0.015644 
160600.000000 2510.684570 0.015633 
160700.000000 2510.484375 0.015622 
160800.000000 2510.384277 0.015612 
160900.000000 2510.083984 0.015600 
161000.000000 2510.683594 0.015594 
161100.000000 2512.683594 0.015597 
161200.000000 2515.583496 0.015605 
161300.000000 2516.383301 0.015601 
161400.000000 2518.183105 0.015602 
161500.000000 2520.183105 0.015605 
161600.000000 2519.882812 0.015593 
161700.000000 2520.882812 0.015590 
161800.000000 2522.782715 0.015592 
161900.000000 2524.782715 0.015595 
162000.000000 2525.682617 0.015591 
162100.000000 2527.682617 0.015593 
162200.000000 2529.682617 0.015596 
162300.000000 2531.582520 0.015598 
162400.000000 2533.482422 0.015600 
162500.000000 2536.482422 0.015609 
162600.000000 2537.282227 0.015604 
162700.000000 2538.282227 0.015601 
162800.000000 2540.282227 0.015604 
162900.000000 2541.282227 0.015600 
163000.000000 2543.182129 0.015602 
163100.000000 2546.182129 0.015611 
163200.000000 2548.082031 0.015613 
163300.000000 2550.981934 0.015621 
163400.000000 2551.981934 0.015618 
163500.000000 2554.981934 0.015627 
163600.000000 2556.981934 0.015629 
163700.000000 2559.781738 0.015637 
163800.000000 2562.681641 0.015645 
163900.000000 2564.581543 0.015647 
164000.000000 2565.281250 0.015642 
164100.000000 2569.281250 0.015657 
164200.000000 2571.281250 0.015659 
164300.000000 2575.281250 0.015674 
164400.000000 2578.281250 0.015683 
164500.000000 2579.281250 0.015680 
164600.000000 2580.281250 0.015676 
164700.000000 2581.281250 0.015673 
164800.000000 2584.281250 0.015681 
164900.000000 2586.281250 0.015684 
165000.000000 2587.281250 0.015680 
165100.000000 2589.081055 0.015682 
165200.000000 2588.980957 0.015672 
165300.000000 2588.980957 0.015662 
165400.000000 2590.880859 0.015664 
165500.000000 2591.680664 0.015660 
165600.000000 2594.280273 0.015666 
165700.000000 2596.180176 0.015668 
165800.000000 2599.180176 0.015677 
165900.000000 2603.180176 0.015691 
166000.000000 2606.180176 0.015700 
166100.000000 2608.979980 0.015707 
166200.000000 2611.979980 0.015716 
166300.000000 2613.879883 0.015718 
166400.000000 2615.779785 0.015720 
166500.000000 2617.679688 0.015722 
166600.000000 2621.679688 0.015736 
166700.000000 2623.679688 0.015739 
166800.000000 2626.579590 0.015747 
166900.000000 2628.579590 0.015749 
167000.000000 2632.579590 0.015764 
167100.000000 2634.479492 0.015766 
167200.000000 2637.479492 0.015774 
167300.000000 2640.479492 0.015783 
167400.000000 2643.479492 0.015791 
167500.000000 2646.379395 0.015799 
167600.000000 2648.379395 0.015802 
167700.000000 2649.379395 0.015798 
167800.000000 2651.379395 0.015801 
167900.000000 2654.379395 0.015809 
168000.000000 2657.379395 0.015818 
168100.000000 2659.379395 0.015820 
168200.000000 2662.379395 0.015829 
168300.000000 2664.379395 0.015831 
168400.000000 2668.379395 0.015845 
168500.000000 2671.379395 0.015854 
168600.000000 2674.379395 0.015862 
168700.000000 2677.379395 0.015871 
168800.000000 2679.279297 0.015873 
168900.000000 2680.279297 0.015869 
169000.000000 2683.279297 0.015877 
169100.000000 2684.279297 0.015874 
169200.000000 2686.279297 0.015876 
169300.000000 2688.279297 0.015879 
169400.000000 2689.279297 0.015875 
169500.000000 2690.279297 0.015872 
169600.000000 2691.279297 0.015868 
169700.000000 2691.279297 0.015859 
169800.000000 2692.279297 0.015856 
169900.000000 2695.079102 0.015863 
170000.000000 2698.079102 0.015871 
170100.000000 2702.079102 0.015885 
170200.000000 2704.079102 0.015888 
170300.000000 2707.079102 0.015896 
170400.000000 2709.079102 0.015898 
170500.000000 2710.079102 0.015895 
170600.000000 2712.079102 0.015897 
170700.000000 2716.079102 0.015911 
170800.000000 2718.079102 0.015914 
170900.000000 2721.079102 0.015922 
171000.000000 2722.979004 0.015924 
171100.000000 2724.979004 0.015926 
171200.000000 2725.979004 0.015923 
171300.000000 2727.979004 0.015925 
171400.000000 2730.979004 0.015933 
171500.000000 2732.878906 0.015935 
171600.000000 2735.878906 0.015943 
171700.000000 2735.878906 0.015934 
171800.000000 2737.878906 0.015936 
171900.000000 2738.778809 0.015932 
172000.000000 2740.778809 0.015935 
172100.000000 2741.778809 0.015931 
172200.000000 2743.778809 0.015934 
172300.000000 2744.778809 0.015930 
172400.000000 2744.778809 0.015921 
172500.000000 2746.678711 0.015923 
172600.000000 2749.678711 0.015931 
172700.000000 2750.678711 0.015927 
172800.000000 2753.478516 0.015934 
172900.000000 2757.478516 0.015948 
173000.000000 2760.478516 0.015957 
173100.000000 2762.478516 0.015959 
173200.000000 2764.478516 0.015961 
173300.000000 2766.378418 0.015963 
173400.000000 2767.278320 0.015959 
173500.000000 2768.178223 0.015955 
173600.000000 2769.178223 0.015951 
173700.000000 2770.078125 0.015947 
173800.000000 2770.978027 0.015943 
173900.000000 2770.677734 0.015933 
174000.000000 2770.677734 0.015923 
174100.000000 2770.077148 0.015911 
174200.000000 2769.776855 0.015900 
174300.000000 2769.376465 0.015889 
174400.000000 2769.076172 0.015878 
174500.000000 2768.976074 0.015868 
174600.000000 2768.575684 0.015857 
174700.000000 2768.274414 0.015846 
174800.000000 2769.274414 0.015843 
174900.000000 2771.174316 0.015844 
175000.000000 2771.074219 0.015835 
175100.000000 2771.074219 0.015826 
175200.000000 2770.773926 0.015815 
175300.000000 2770.673828 0.015805 
175400.000000 2771.673828 0.015802 
175500.000000 2772.573730 0.015798 
175600.000000 2773.573730 0.015795 
175700.000000 2775.573730 0.015797 
175800.000000 2776.473633 0.015793 
175900.000000 2778.473633 0.015796 
176000.000000 2778.473633 0.015787 
176100.000000 2778.273438 0.015777 
176200.000000 2778.073242 0.015767 
176300.000000 2777.572754 0.015755 
176400.000000 2777.272461 0.015744 
176500.000000 2776.972168 0.015734 
176600.000000 2778.771973 0.015735 
176700.000000 2778.371582 0.015724 
176800.000000 2778.371582 0.015715 
176900.000000 2779.171387 0.015710 
177000.000000 2778.470703 0.015698 
177100.000000 2779.470703 0.015694 
177200.000000 2779.270508 0.015684 
177300.000000 2781.170410 0.015686 
177400.000000 2781.669922 0.015680 
177500.000000 2783.269531 0.015680 
177600.000000 2782.969238 0.015670 
177700.000000 2782.869141 0.015660 
177800.000000 2782.668945 0.015651 
177900.000000 2782.068359 0.015638 
178000.000000 2783.968262 0.015640 
178100.000000 2785.968262 0.015643 
178200.000000 2786.968262 0.015640 
178300.000000 2788.968262 0.015642 
178400.000000 2790.968262 0.015644 
178500.000000 2792.768066 0.015646 
178600.000000 2794.768066 0.015648 
178700.000000 2797.768066 0.015656 
178800.000000 2800.667969 0.015664 
178900.000000 2802.567871 0.015666 
179000.000000 2806.567871 0.015679 
179100.000000 2808.467773 0.015681 
179200.000000 2809.167480 0.015676 
179300.000000 2810.167480 0.015673 
179400.000000 2811.067383 0.015669 
179500.000000 2813.967285 0.015677 
179600.000000 2816.967285 0.015685 
179700.000000 2818.967285 0.015687 
179800.000000 2821.867188 0.015694 
179900.000000 2823.867188 0.015697 
180000.000000 2824.867188 0.015694 
180100.000000 2826.867188 0.015696 
180200.000000 2827.767090 0.015692 
180300.000000 2829.767090 0.015695 
180400.000000 2829.666992 0.015686 
180500.000000 2830.666992 0.015682 
180600.000000 2831.566895 0.015679 
180700.000000 2834.366699 0.015685 
180800.000000 2837.366699 0.015693 
180900.000000 2839.266602 0.015695 
181000.000000 2842.266602 0.015703 
181100.000000 2842.266602 0.015694 
181200.000000 2845.266602 0.015702 
181300.000000 2845.266602 0.015694 
181400.000000 2848.166504 0.015701 
181500.000000 2848.065430 0.015692 
181600.000000 2850.965332 0.015699 
181700.000000 2851.965332 0.015696 
181800.000000 2853.965332 0.015698 
181900.000000 2854.965332 0.015695 
182000.000000 2856.965332 0.015698 
182100.000000 2857.965332 0.015694 
182200.000000 2858.665039 0.015690 
182300.000000 2860.665039 0.015692 
182400.000000 2861.564941 0.015688 
182500.000000 2863.464844 0.015690 
182600.000000 2867.464844 0.015704 
182700.000000 2868.464844 0.015700 
182800.000000 2871.364746 0.015708 
182900.000000 2874.364746 0.015715 
183000.000000 2876.364746 0.015718 
183100.000000 2880.264648 0.015731 
183200.000000 2881.264648 0.015727 
183300.000000 2882.264648 0.015724 
183400.000000 2883.164551 0.015721 
183500.000000 2884.164551 0.015718 
183600.000000 2884.064453 0.015708 
183700.000000 2887.964355 0.015721 
183800.000000 2888.964355 0.015718 
183900.000000 2890.964355 0.015720 
184000.000000 2893.964355 0.015728 
184100.000000 2895.964355 0.015730 
184200.000000 2898.964355 0.015738 
184300.000000 2901.964355 0.015746 
184400.000000 2903.964355 0.015748 
184500.000000 2906.964355 0.015756 
184600.000000 2909.964355 0.015764 
184700.000000 2912.964355 0.015771 
184800.000000 2914.964355 0.015774 
184900.000000 2918.964355 0.015787 
185000.000000 2920.964355 0.015789 
185100.000000 2921.964355 0.015786 
185200.000000 2922.964355 0.015783 
185300.000000 2924.864258 0.015784 
185400.000000 2927.864258 0.015792 
185500.000000 2932.864258 0.015811 
185600.000000 2933.864258 0.015807 
185700.000000 2935.764160 0.015809 
185800.000000 2937.664062 0.015811 
185900.000000 2938.664062 0.015808 
186000.000000 2941.664062 0.015815 
186100.000000 2942.463867 0.015811 
186200.000000 2944.463867 0.015813 
186300.000000 2947.463867 0.015821 
186400.000000 2948.463867 0.015818 
186500.000000 2952.463867 0.015831 
186600.000000 2954.463867 0.015833 
186700.000000 2956.463867 0.015835 
186800.000000 2958.263672 0.015837 
186900.000000 2959.063477 0.015832 
187000.000000 2961.063477 0.015835 
187100.000000 2962.063477 0.015831 
187200.000000 2964.063477 0.015834 
187300.000000 2964.063477 0.015825 
187400.000000 2964.963379 0.015822 
187500.000000 2965.763184 0.015817 
187600.000000 2965.162598 0.015806 
187700.000000 2965.662109 0.015800 
187800.000000 2965.461914 0.015791 
187900.000000 2967.261719 0.015792 
188000.000000 2969.261719 0.015794 
188100.000000 2971.261719 0.015796 
188200.000000 2973.261719 0.015798 
188300.000000 2973.961426 0.015794 
188400.000000 2973.761230 0.015784 
188500.000000 2973.460938 0.015774 
188600.000000 2973.060547 0.015764 
188700.000000 2975.060547 0.015766 
188800.000000 2976.960449 0.015768 
188900.000000 2977.960449 0.015765 
189000.000000 2979.960449 0.015767 
189100.000000 2982.960449 0.015775 
189200.000000 2986.960449 0.015787 
189300.000000 2989.960449 0.015795 
189400.000000 2990.860352 0.015791 
189500.000000 2992.860352 0.015793 
189600.000000 2994.760254 0.015795 
189700.000000 2995.760254 0.015792 
189800.000000 2996.760254 0.015789 
189900.000000 2998.760254 0.015791 
190000.000000 3000.760254 0.015793 
190100.000000 3001.760254 0.015790 
190200.000000 3006.760254 0.015808 
190300.000000 3007.660156 0.015805 
190400.000000 3008.660156 0.015802 
190500.000000 3009.660156 0.015799 
190600.000000 3012.660156 0.015806 
190700.000000 3013.660156 0.015803 
190800.000000 3016.660156 0.015811 
190900.000000 3019.560059 0.015817 
191000.000000 3022.560059 0.015825 
191100.000000 3023.459961 0.015821 
191200.000000 3024.359863 0.015818 
191300.000000 3027.259766 0.015825 
191400.000000 3030.259766 0.015832 
191500.000000 3033.259766 0.015839 
191600.000000 3033.259766 0.015831 
191700.000000 3037.159668 0.015843 
191800.000000 3037.159668 0.015835 
191900.000000 3037.959473 0.015831 
192000.000000 3038.759277 0.015827 
192100.000000 3039.559082 0.015823 
192200.000000 3040.058594 0.015817 
192300.000000 3041.058594 0.015814 
192400.000000 3041.558105 0.015809 
192500.000000 3041.457031 0.015800 
192600.000000 3042.356934 0.015796 
192700.000000 3043.356934 0.015793 
192800.000000 3044.356934 0.015790 
192900.000000 3045.256836 0.015787 
193000.000000 3045.956543 0.015782 
193100.000000 3047.955566 0.015784 
193200.000000 3045.953613 0.015766 
193300.000000 3045.252930 0.015754 
193400.000000 3045.152832 0.015745 
193500.000000 3045.052734 0.015737 
193600.000000 3044.952637 0.015728 
193700.000000 3044.852539 0.015719 
193800.000000 3044.652344 0.015710 
193900.000000 3044.552246 0.015702 
194000.000000 3044.552246 0.015694 
194100.000000 3044.151855 0.015683 
194200.000000 3044.151855 0.015675 
194300.000000 3043.951660 0.015666 
194400.000000 3043.050781 0.015654 
194500.000000 3042.850586 0.015644 
194600.000000 3042.650391 0.015635 
194700.000000 3042.350098 0.015626 
194800.000000 3042.350098 0.015618 
194900.000000 3042.949707 0.015613 
195000.000000 3044.849609 0.015615 
195100.000000 3045.849609 0.015612 
195200.000000 3046.749512 0.015608 
195300.000000 3048.649414 0.015610 
195400.000000 3050.649414 0.015612 
195500.000000 3051.649414 0.015609 
195600.000000 3052.549316 0.015606 
195700.000000 3053.449219 0.015603 
195800.000000 3055.449219 0.015605 
195900.000000 3058.449219 0.015612 
196000.000000 3059.449219 0.015609 
196100.000000 3060.449219 0.015607 
196200.000000 3063.349121 0.015613 
196300.000000 3066.349121 0.015621 
196400.000000 3066.349121 0.015613 
196500.000000 3067.349121 0.015610 
196600.000000 3067.349121 0.015602 
196700.000000 3067.349121 0.015594 
196800.000000 3067.349121 0.015586 
196900.000000 3068.148926 0.015582 
197000.000000 3068.948730 0.015578 
197100.000000 3071.948730 0.015586 
197200.000000 3074.948730 0.015593 
197300.000000 3075.948730 0.015590 
197400.000000 3076.848633 0.015587 
197500.000000 3076.848633 0.015579 
197600.000000 3079.848633 0.015586 
197700.000000 3080.848633 0.015583 
197800.000000 3081.848633 0.015581 
197900.000000 3082.848633 0.015578 
198000.000000 3082.848633 0.015570 
198100.000000 3082.848633 0.015562 
198200.000000 3083.848633 0.015559 
198300.000000 3083.348145 0.015549 
198400.000000 3083.147949 0.015540 
198500.000000 3083.047852 0.015532 
198600.000000 3082.847656 0.015523 
198700.000000 3082.647461 0.015514 
198800.000000 3082.046875 0.015503 
198900.000000 3082.046875 0.015495 
199000.000000 3082.046875 0.015488 
199100.000000 3081.546387 0.015477 
199200.000000 3081.446289 0.015469 
199300.000000 3081.246094 0.015460 
199400.000000 3081.246094 0.015453 
199500.000000 3081.145996 0.015444 
199600.000000 3080.645508 0.015434 
199700.000000 3080.345215 0.015425 
199800.000000 3080.245117 0.015417 
199900.000000 3079.944824 0.015407 
200000.000000 3079.644531 0.015398 
