0.000000 0.000000 10334.000000 
0.000000 1.000000 18308.000000 
0.000000 2.000000 7749.000000 
0.000000 3.000000 2833.000000 
0.000000 4.000000 1160.000000 
0.000000 5.000000 664.000000 
0.000000 6.000000 402.000000 
0.000000 7.000000 308.000000 
1.000000 0.000000 3941.000000 
1.000000 1.000000 7255.000000 
1.000000 2.000000 6110.000000 
1.000000 3.000000 1802.000000 
1.000000 4.000000 771.000000 
1.000000 5.000000 454.000000 
1.000000 6.000000 302.000000 
1.000000 7.000000 244.000000 
2.000000 0.000000 1219.000000 
2.000000 1.000000 1701.000000 
2.000000 2.000000 4386.000000 
2.000000 3.000000 1755.000000 
2.000000 4.000000 607.000000 
2.000000 5.000000 351.000000 
2.000000 6.000000 248.000000 
2.000000 7.000000 217.000000 
3.000000 0.000000 540.000000 
3.000000 1.000000 818.000000 
3.000000 2.000000 3586.000000 
3.000000 3.000000 3974.000000 
3.000000 4.000000 867.000000 
3.000000 5.000000 362.000000 
3.000000 6.000000 262.000000 
3.000000 7.000000 251.000000 
4.000000 0.000000 352.000000 
4.000000 1.000000 435.000000 
4.000000 2.000000 1075.000000 
4.000000 3.000000 4076.000000 
4.000000 4.000000 1870.000000 
4.000000 5.000000 819.000000 
4.000000 6.000000 428.000000 
4.000000 7.000000 293.000000 
5.000000 0.000000 304.000000 
5.000000 1.000000 349.000000 
5.000000 2.000000 744.000000 
5.000000 3.000000 3532.000000 
5.000000 4.000000 4440.000000 
5.000000 5.000000 3079.000000 
5.000000 6.000000 1630.000000 
5.000000 7.000000 538.000000 
6.000000 0.000000 390.000000 
6.000000 1.000000 308.000000 
6.000000 2.000000 401.000000 
6.000000 3.000000 995.000000 
6.000000 4.000000 3714.000000 
6.000000 5.000000 6743.000000 
6.000000 6.000000 9573.000000 
6.000000 7.000000 1508.000000 
7.000000 0.000000 386.000000 
7.000000 1.000000 252.000000 
7.000000 2.000000 319.000000 
7.000000 3.000000 723.000000 
7.000000 4.000000 3240.000000 
7.000000 5.000000 16106.000000 
7.000000 6.000000 44503.000000 
7.000000 7.000000 3094.000000 
