-0.106489 1
0 0
0 0
0 0
0 0
0 0
0 0
0 0
0 0
0 0
0 0
0 0
0 0
0 0
0 0
0 0
0 0
0 0
0 0
0 0
0 0
0 0
0 0
0 0
0 0
0 0
-0.030464 1
0 0
0 0
0 0
-0.0182123 1
0 0
0 0
0 0
0 0
0 0
0 0
0 0
0 0
0 0
0 0
0 0
0 0
0 0
0 0
0 0
0 0
0 0
0 0
0 0
0 0
0 0
0.0474543 1
0 0
0 0
0 0
0.0571456 1
0 0
0 0
0 0
0 0
0 0
0 0
0 0
0 0
0 0
0 0
0.0909787 1
0 0
0 0
0 0
0 0
0.103302 1
0.108676 1
0 0
0.113218 2
0.117277 1
0 0
0 0
0 0
0.128566 1
0 0
0.132265 1
0 0
0 0
0.143263 2
0 0
0 0
0 0
0 0
0 0
0.16029 3
0 0
0 0
0 0
0 0
0 0
0 0
0 0
0 0
0 0
0 0
0.192215 1
0 0
0 0
0 0
0.2044 1
0 0
0 0
0.212914 1
0.213953 1
0 0
0 0
0 0
0 0
0 0
0 0
0.236443 1
0 0
0 0
0 0
0 0
0 0
0 0
0 0
0 0
0.262838 1
0 0
0 0
0 0
0 0
0 0
0 0
0 0
0 0
0.28823 1
0 0
0 0
0 0
0 0
0 0
0 0
0 0
0 0
0 0
0 0
0 0
0 0
0 0
0 0
0 0
0 0
0 0
0 0
0 0
0 0
0 0
0 0
0 0
0 0
0 0
0 0
0 0
0 0
0 0
0 0
0 0
0 0
0 0
0 0
0 0
0 0
0 0
0 0
0 0
0 0
0 0
0 0
0 0
0 0
0 0
0 0
0 0
0 0
0 0
0 0
0.437077 1
0 0
0 0
0 0
0 0
0 0
0 0
0 0
0 0
0 0
0 0
0 0
0 0
0.475701 1
0 0
