-0.10429 1
0 0
-0.0984638 4
-0.0949528 3
-0.0926653 3
-0.0893722 2
-0.0880739 2
-0.085084 2
-0.0825632 4
-0.0801226 3
-0.0764401 1
-0.0747851 3
-0.0716666 3
-0.0692196 2
-0.0670568 3
-0.0641978 2
-0.0622805 2
-0.0593345 4
-0.0566684 3
-0.0544834 4
-0.0512704 4
-0.0492045 1
-0.0461448 3
-0.0437378 4
-0.0417461 5
-0.0383797 1
-0.0367211 2
-0.0333814 4
-0.0320758 2
-0.0292498 3
-0.0259395 5
-0.0231886 5
-0.0211623 4
-0.0183405 4
-0.0159801 4
-0.0129878 3
-0.0102879 2
-0.00797874 2
-0.00598045 2
-0.00303641 4
-0.00142823 2
0.000825363 3
0.00456949 3
0 0
0.00898958 1
0.0125784 1
0.0145497 3
0.0181317 3
0.0186934 1
0.0228567 3
0.0246826 5
0.0277565 3
0.0297243 3
0.0324148 3
0.0345123 1
0.0374852 4
0.04016 3
0.0437128 1
0.044842 1
0.0481346 5
0 0
0.0537351 3
0.0546507 2
0.0580209 4
0.0607198 3
0.0637947 3
0.0659168 4
0 0
0.0712091 1
0.0735275 2
0.0759688 3
0.0777019 1
0.081365 4
0.0842562 1
0.0863792 1
0.0893245 4
0.0915329 5
0 0
0.0957637 2
0 0
0.102537 1
0.104371 3
0.106036 1
0.110425 1
0 0
0.115013 2
0.116896 3
0.11945 1
0.122867 1
0.123847 3
0 0
0.130811 1
0.13205 1
0.13521 1
0 0
0 0
0.14314 3
0.146536 1
0 0
0.149948 1
0 0
0.156103 1
0.158466 1
0 0
0 0
0.166891 1
0 0
0 0
0.173472 1
0.176152 3
0 0
0 0
0.183661 1
0.185202 1
0 0
0.191236 2
0.193465 1
0.195872 1
0.198939 1
0 0
0 0
0.20753 2
0 0
0 0
0 0
0 0
0 0
0 0
0.225466 1
0 0
0 0
0 0
0 0
0 0
0 0
0 0
0.24569 1
0.248531 1
0.25087 1
0.251986 3
0 0
0 0
0.260628 1
0 0
0 0
0 0
0 0
0 0
0.275266 1
0.277776 2
0 0
0 0
0 0
0.288064 1
0 0
0 0
0.29533 1
0.297951 1
0 0
0 0
0 0
0 0
0.311518 1
0 0
0 0
0 0
0 0
0 0
0 0
0 0
0 0
0 0
0 0
0 0
0 0
0 0
0 0
0 0
0 0
0 0
0 0
0 0
0 0
0 0
0 0
0 0
0 0
0 0
0 0
0 0
0 0
0 0
0 0
0 0
0.392573 1
0 0
0 0
0 0
0 0
0 0
0.407677 1
