-0.0995318 41
-0.0985763 26
-0.0974726 39
-0.0964493 27
-0.0954782 31
-0.0944789 36
-0.0935147 36
-0.0925137 27
-0.0913308 34
-0.0904411 26
-0.0894456 41
-0.0885184 29
-0.0874732 32
-0.0865109 37
-0.0855259 29
-0.0845799 28
-0.083467 29
-0.0825791 26
-0.0814309 36
-0.0805024 29
-0.0794389 35
-0.0784257 31
-0.0774731 38
-0.076525 28
-0.0754128 23
-0.074476 22
-0.0735472 29
-0.0725077 35
-0.0714355 36
-0.070538 41
-0.0695571 32
-0.0684703 24
-0.0674952 32
-0.0664934 27
-0.0655234 33
-0.0644693 32
-0.0634963 32
-0.0624417 30
-0.0614965 27
-0.0604456 32
-0.0595197 37
-0.0584263 27
-0.0574713 33
-0.0564272 29
-0.0553603 26
-0.0544423 31
-0.0534527 32
-0.0524772 29
-0.0514786 32
-0.0504614 27
-0.0494214 32
-0.0484519 34
-0.0475917 30
-0.0464361 23
-0.0455617 34
-0.0445499 42
-0.0433783 34
-0.0423574 27
-0.0414374 22
-0.0404981 37
-0.039546 25
-0.0383709 27
-0.0374996 46
-0.0365156 20
-0.0354314 36
-0.0345308 37
-0.0335547 31
-0.0324097 32
-0.031431 22
-0.0305197 31
-0.0295814 22
-0.0284573 37
-0.0273694 27
-0.0265441 27
-0.0254174 28
-0.0243995 36
-0.0235725 25
-0.0224983 34
-0.0215374 41
-0.0204683 45
-0.0195481 27
-0.0185679 33
-0.0174354 27
-0.0165624 35
-0.0154517 29
-0.0145685 23
-0.0134444 38
-0.0125149 25
-0.0114379 33
-0.0105111 33
-0.00952141 32
-0.00845654 31
-0.00757827 32
-0.00658069 26
-0.00552663 29
-0.00446492 23
-0.00346212 29
-0.0025032 29
-0.00151248 29
-0.000529717 27
0.000475146 36
0.0014102 22
0.00250781 34
0.00348133 34
0.00454265 30
0.0056223 27
0.00654082 30
0.00749523 32
0.00849632 36
0.00953018 31
0.010544 33
0.0115361 25
0.0125374 39
0.0134114 33
0.0144705 26
0.0155071 31
0.0164861 29
0.0175165 40
0.0184689 45
0.0195336 36
0.0204671 25
0.0214482 26
0.0224438 25
0.0235348 26
0.0244462 28
0.0255461 33
0.02646 32
0.0275167 37
0.0285497 19
0.0294693 31
0.0304914 24
0.0315367 28
0.03244 43
0.0335685 23
0.0344913 24
0.0354779 25
0.0365742 34
0.0375302 41
0.0384353 28
0.0395011 27
0.0405389 40
0.0415413 28
0.0424378 36
0.0435064 27
0.0445471 29
0.0454228 26
0.046474 26
0.0475116 37
0.0484501 20
0.049447 28
0.050508 31
0.0515556 23
0.0524969 29
0.0533954 38
0.0543959 36
0.0554806 29
0.056458 38
0.0574574 35
0.0585407 26
0.0594352 27
0.0604207 33
0.0615262 35
0.0625053 21
0.0634153 30
0.0645254 24
0.0655691 33
0.0665468 23
0.0675299 29
0.0685256 29
0.0693657 30
0.0704619 36
0.0714708 41
0.0724464 31
0.0734065 25
0.0744759 35
0.0754945 38
0.0764667 22
0.077529 27
0.0785082 27
0.0794519 28
0.0805732 28
0.0814607 39
0.0825503 23
0.0834681 30
0.0844976 34
0.085489 26
0.0863591 26
0.087526 31
0.0885 30
0.0894988 24
0.0904578 34
0.0914391 30
0.0924181 35
0.0935981 38
0.0945543 24
0.095462 42
0.0964325 21
0.0974865 31
0.0984813 38
0.0995353 30
0.0999804 1
