-0.0995497 25
-0.0985137 34
-0.0974419 29
-0.0964081 24
-0.095339 28
-0.0944007 35
-0.0934843 38
-0.0925003 39
-0.0914727 34
-0.0905233 24
-0.0895404 36
-0.0884795 31
-0.0875146 30
-0.0864661 19
-0.0854408 31
-0.0844838 30
-0.0834971 24
-0.0824721 32
-0.0815033 30
-0.0805336 28
-0.0795234 31
-0.0784205 29
-0.077504 40
-0.0765214 30
-0.0754151 27
-0.0744885 34
-0.0734047 28
-0.0724622 39
-0.0713744 31
-0.0705031 28
-0.069476 24
-0.0684269 29
-0.0676203 25
-0.0664902 40
-0.0655219 35
-0.0643539 27
-0.0634264 21
-0.0625061 31
-0.0614316 25
-0.0603927 35
-0.0595122 32
-0.0585122 36
-0.0574502 27
-0.0565902 33
-0.0554501 35
-0.0543968 26
-0.0535066 36
-0.0524313 31
-0.0514827 32
-0.0505421 26
-0.0494222 22
-0.048465 33
-0.0474474 34
-0.0463687 37
-0.0455137 29
-0.0444946 23
-0.0435315 17
-0.0425169 30
-0.0414679 30
-0.0405674 38
-0.0395506 27
-0.0384961 23
-0.0374798 33
-0.0365602 25
-0.0354615 34
-0.0344668 26
-0.033506 30
-0.0325174 30
-0.0314833 24
-0.0305605 31
-0.0295186 30
-0.0284885 35
-0.0275376 21
-0.0264587 24
-0.0255578 25
-0.0245939 26
-0.0233908 25
-0.0224255 26
-0.0214934 29
-0.020464 35
-0.019419 27
-0.0185352 28
-0.0175544 33
-0.0165651 38
-0.0154686 32
-0.0145085 24
-0.0135428 36
-0.0125207 31
-0.0113889 31
-0.0105131 33
-0.0095266 27
-0.00846038 36
-0.00752433 34
-0.00650013 30
-0.0055488 31
-0.0045017 32
-0.00363582 29
-0.00248261 27
-0.00147128 40
-0.000493637 22
0.000512615 33
0.00142195 34
0.00246285 23
0.00355474 31
0.0045843 41
0.00553027 30
0.00654642 45
0.00744912 34
0.00845288 29
0.00943316 50
0.01047 34
0.0114976 25
0.0125571 30
0.0133951 36
0.0144925 35
0.0154867 27
0.016465 38
0.0175292 46
0.0184968 30
0.019454 37
0.0204426 26
0.0214387 26
0.0224194 30
0.0234359 29
0.0244156 25
0.0255386 28
0.0264547 30
0.0274312 42
0.0284527 26
0.029535 21
0.0305126 25
0.0315064 34
0.0324437 30
0.0334573 44
0.0344508 34
0.0355639 26
0.0364595 32
0.0375332 28
0.0384823 34
0.0395131 33
0.0404579 36
0.0414834 30
0.042522 30
0.0435231 33
0.0444645 35
0.0454896 32
0.0464642 23
0.0475614 31
0.048584 26
0.0495309 34
0.0504668 33
0.051488 28
0.052552 25
0.0534288 35
0.0544741 38
0.0555237 32
0.0565499 34
0.0574386 27
0.0585133 31
0.0594982 39
0.0604681 31
0.0614987 29
0.062454 39
0.0634856 31
0.0646001 30
0.0654416 35
0.0665108 36
0.0673986 28
0.0684388 28
0.0695229 40
0.0704057 35
0.0715497 23
0.0724706 25
0.0735123 37
0.0745763 38
0.0755341 30
0.0765247 30
0.0775179 26
0.078446 32
0.0795685 35
0.0804403 34
0.0815144 35
0.0825849 30
0.0833864 31
0.084457 30
0.0855261 27
0.0865002 34
0.0874885 29
0.0884502 38
0.0895128 21
0.0905477 30
0.0915232 31
0.0924569 32
0.0934206 33
0.094468 24
0.095456 30
0.0964078 31
0.0975866 30
0.0984842 35
0.0994614 31
0.0999731 1
