-0.0996328 11
-0.098554 9
-0.0974691 8
-0.0964865 15
-0.0954439 6
-0.0945179 19
-0.0934502 13
-0.0925369 8
-0.0916133 9
-0.090559 13
-0.0893978 14
-0.0884143 13
-0.0875221 14
-0.0863986 13
-0.0853526 15
-0.0843958 11
-0.0834473 10
-0.0825607 11
-0.0815163 13
-0.0804241 12
-0.0794758 7
-0.0784342 16
-0.0776195 10
-0.0766269 12
-0.075497 10
-0.0744754 14
-0.0734617 9
-0.072479 10
-0.0715142 14
-0.0704322 8
-0.0693325 4
-0.0684327 18
-0.0674965 13
-0.0664536 7
-0.0655269 13
-0.0643762 12
-0.0633978 9
-0.0625564 17
-0.0616005 12
-0.0608259 6
-0.0595866 8
-0.0585269 8
-0.0574884 13
-0.0565035 9
-0.0555268 10
-0.0544232 13
-0.0535553 12
-0.0525032 13
-0.051546 13
-0.050516 10
-0.0496379 9
-0.0485586 10
-0.0475322 7
-0.0467066 6
-0.0454516 13
-0.0444367 14
-0.0434661 12
-0.0424736 12
-0.0415113 12
-0.0403647 10
-0.0395556 14
-0.0383567 15
-0.0375109 11
-0.0366918 4
-0.0354377 10
-0.0344798 9
-0.0335106 5
-0.0324848 11
-0.0313943 8
-0.0306623 11
-0.0295989 8
-0.0283308 10
-0.0276088 8
-0.0266138 7
-0.0253934 14
-0.0245416 10
-0.0235319 19
-0.0224565 7
-0.021442 12
-0.0204818 16
-0.0195923 9
-0.0185137 10
-0.0174652 11
-0.0165615 11
-0.0154964 10
-0.0145697 16
-0.0134412 14
-0.0123944 6
-0.0115607 17
-0.0105005 8
-0.00943471 12
-0.00858081 7
-0.00745951 13
-0.00654967 11
-0.0056969 6
-0.00467298 9
-0.00339048 7
-0.00252385 5
-0.00133108 7
-0.000376819 9
0.000558086 8
0.00152341 7
0.0024488 7
0.003568 12
0.00451671 12
0.00551668 13
0.00642451 12
0.00748383 9
0.00868582 6
0.00956395 5
0.010435 9
0.0115202 15
0.0125045 12
0.0134529 8
0.0146404 13
0.0154739 13
0.0164204 12
0.0174198 8
0.0185516 15
0.0194194 12
0.0203812 12
0.0214485 12
0.0225309 16
0.023564 9
0.0243968 12
0.0254937 13
0.0264711 11
0.0274259 8
0.0284859 12
0.0295325 16
0.0304984 13
0.0314952 7
0.0325201 9
0.0336611 5
0.0344807 10
0.0355233 7
0.0364815 7
0.0374656 5
0.0383409 9
0.0393297 10
0.0404971 12
0.0414963 10
0.0426386 8
0.0436263 8
0.0445049 11
0.0454575 10
0.0464011 10
0.0475388 5
0.0484408 10
0.0495399 9
0.0505258 11
0.0513598 11
0.0525619 10
0.0534272 11
0.0544537 11
0.0555046 7
0.0564665 15
0.057689 8
0.0584859 12
0.0593901 12
0.0606217 7
0.0614889 16
0.0625645 10
0.0635496 12
0.0644244 17
0.0654559 14
0.0665079 15
0.0675207 17
0.0688662 4
0.0696815 8
0.0705093 9
0.0715317 7
0.0724415 10
0.0734602 6
0.0744107 16
0.0755577 12
0.0765261 5
0.0774513 6
0.0784448 12
0.0795355 9
0.0804781 8
0.0814609 9
0.0826367 10
0.0834858 13
0.0845013 10
0.0855378 11
0.0864787 11
0.0874204 9
0.0883398 6
0.0894902 10
0.0904642 12
0.0913841 11
0.0924266 13
0.0936101 13
0.0945744 6
0.0954527 11
0.096347 9
0.0974127 16
0.0984688 11
0.0995055 9
0.0999757 1
