-0.0995697 21
-0.0984562 6
-0.0974581 6
-0.0963577 14
-0.0955355 17
-0.094385 16
-0.0934468 14
-0.0924968 8
-0.0914701 8
-0.09049 9
-0.0895269 6
-0.0884216 11
-0.0873011 10
-0.0864734 19
-0.0853742 10
-0.0845378 10
-0.0834457 7
-0.0824516 7
-0.0813541 19
-0.0806483 5
-0.0795803 5
-0.0784792 5
-0.0774182 10
-0.0767073 8
-0.0754668 12
-0.0745555 9
-0.0732838 8
-0.0723265 10
-0.0714832 9
-0.0703954 11
-0.0694595 19
-0.0684242 14
-0.0674887 14
-0.0665153 7
-0.0654269 14
-0.0642665 6
-0.063408 10
-0.0625113 13
-0.0614243 11
-0.0605707 15
-0.0594536 7
-0.0583765 18
-0.0574013 11
-0.0562973 7
-0.0555064 9
-0.0545714 9
-0.0534885 13
-0.0524997 8
-0.0514989 11
-0.0503359 10
-0.0494333 12
-0.0486262 10
-0.04734 5
-0.0464553 7
-0.0455525 10
-0.044472 10
-0.0434178 8
-0.042461 6
-0.0415577 13
-0.0405799 18
-0.0394532 14
-0.0384694 14
-0.0374013 19
-0.0365182 5
-0.035484 10
-0.0345652 10
-0.0335865 7
-0.0325197 6
-0.0316248 7
-0.0305024 9
-0.0294477 9
-0.028435 13
-0.0276018 10
-0.0264548 16
-0.0256434 6
-0.0245199 6
-0.0234503 11
-0.0225857 10
-0.0216045 17
-0.0206475 8
-0.0195767 16
-0.0185148 13
-0.0175331 9
-0.0164322 11
-0.0155498 11
-0.0145099 15
-0.013436 10
-0.0124877 12
-0.011459 6
-0.0105103 7
-0.0097078 5
-0.00856498 15
-0.00753684 8
-0.00642579 11
-0.00561264 7
-0.00465844 14
-0.00346439 11
-0.00269269 7
-0.00146317 8
-0.000577763 12
0.000387884 9
0.00154698 9
0.00245918 12
0.00336926 6
0.00446957 16
0.00542826 14
0.00666576 18
0.00739302 12
0.00838499 11
0.00936322 13
0.0104451 11
0.0115973 5
0.0125551 14
0.0134076 9
0.0144889 15
0.0153342 9
0.0165771 12
0.0174494 14
0.0185063 11
0.019423 11
0.0203561 8
0.0214426 15
0.022446 9
0.0233643 9
0.0244972 12
0.0254984 18
0.0264796 10
0.0273579 12
0.0285025 7
0.0293494 10
0.0303149 9
0.0314059 13
0.0324853 3
0.0334342 11
0.0344397 9
0.0354671 14
0.0364369 11
0.0376468 5
0.0385461 5
0.0395771 7
0.0404501 7
0.0415124 10
0.0426704 5
0.0433778 10
0.0445166 8
0.0454892 9
0.0463654 14
0.0475705 12
0.0483552 7
0.0494583 13
0.0502683 10
0.0513649 17
0.0523822 13
0.0534188 13
0.0543296 9
0.0553842 5
0.056275 5
0.0573818 12
0.0583676 10
0.0594035 7
0.0605508 11
0.0613191 10
0.062356 14
0.0633608 9
0.0643303 11
0.065227 7
0.0664856 8
0.067597 11
0.0684775 14
0.0693601 8
0.0703131 9
0.0715677 12
0.0724589 6
0.0736016 2
0.0744782 14
0.0754315 6
0.0764305 11
0.0773756 15
0.0784245 15
0.0794339 14
0.080486 7
0.0814141 11
0.0823855 12
0.0834224 10
0.0843354 12
0.0855555 11
0.0864943 13
0.0874114 8
0.0883984 8
0.0894697 10
0.0903939 6
0.0914112 13
0.0922786 8
0.0934032 11
0.0945135 8
0.0953578 10
0.0965548 9
0.0974485 9
0.0985138 12
0.0993914 10
0.0998909 1
