0 9.770977 
59999 71.987198 
119998 80.348038 
179997 84.248428 
239996 86.708672 
299995 87.948792 
359994 88.698868 
419993 89.268929 
479992 90.039001 
539991 90.189018 
599990 90.579056 
659989 90.799080 
719988 91.029106 
779987 91.289131 
839986 91.699173 
899985 91.919189 
959984 91.989197 
1019983 92.279228 
1079982 92.529251 
1139981 92.759277 
1199980 92.849281 
1259979 92.989296 
1319978 93.219322 
1379977 93.399338 
1439976 93.499352 
1499975 93.659363 
1559974 93.719376 
1619973 93.809380 
1679972 93.979401 
1739971 94.079407 
1799970 94.109413 
1859969 94.279427 
1919968 94.299431 
1979967 94.449448 
2039966 94.479446 
2099965 94.599457 
2159964 94.609459 
2219963 94.729469 
2279962 94.659470 
2339961 94.749474 
2399960 94.809479 
2459959 94.809479 
2519958 94.919495 
2579957 95.019501 
2639956 94.989502 
2699955 95.019501 
2759954 95.069504 
2819953 95.099510 
2879952 95.139511 
2939951 95.339531 
2999950 95.279526 
3059949 95.339531 
3119948 95.339531 
3179947 95.409538 
3239946 95.329536 
3299945 95.359535 
3359944 95.479546 
3419943 95.559555 
3479942 95.539551 
3539941 95.559555 
3599940 95.519554 
3659939 95.589561 
3719938 95.649567 
3779937 95.619560 
3839936 95.719574 
3899935 95.779579 
3959934 95.699570 
4019933 95.629562 
4079932 95.679565 
4139931 95.659569 
4199930 95.829582 
4259929 95.819580 
4319928 95.789581 
4379927 95.919594 
4439926 95.899590 
4499925 95.919594 
4559924 95.909592 
4619923 95.929596 
4679922 95.969597 
4739921 96.019600 
4799920 95.989601 
4859919 96.039604 
4919918 96.009598 
4979917 96.059608 
5039916 96.039604 
5099915 96.219620 
5159914 96.079605 
5219913 96.079605 
5279912 96.109612 
5339911 96.219620 
5399910 96.209618 
5459909 96.229622 
5519908 96.279625 
5579907 96.199623 
5639906 96.239624 
5699905 96.209618 
5759904 96.379639 
5819903 96.219620 
5879902 96.309631 
5939901 96.419640 
