-0.0838476 1
0 0
-0.0814019 1
-0.080675 1
-0.0800479 5
0 0
-0.078246 2
-0.0779919 1
-0.0770058 1
0 0
-0.0750192 5
-0.0743768 1
-0.0735568 2
-0.0728232 2
0 0
-0.0708235 1
-0.0700542 3
-0.0693982 4
-0.0686974 1
-0.0673879 2
0 0
-0.066087 3
0 0
-0.0648478 1
-0.0633908 1
-0.0628672 1
-0.0619553 4
-0.0612914 1
-0.0600114 1
0 0
0 0
-0.0581753 1
-0.0567411 2
-0.0559903 1
-0.0551042 2
-0.0544521 1
-0.0537427 5
-0.0525444 1
-0.0522238 1
-0.0512438 1
-0.0505636 2
-0.0495018 2
0 0
-0.0480542 2
-0.0467558 1
-0.0461275 4
-0.0454114 1
-0.0444295 2
-0.0437935 2
-0.0431089 3
0 0
-0.0414346 2
-0.0403523 2
-0.0397092 6
-0.0385898 1
-0.0381028 2
0 0
-0.036248 5
-0.0354946 4
0 0
-0.0341094 1
-0.0330516 3
-0.0323347 3
-0.0314146 2
-0.0305789 6
-0.0298114 5
-0.0287135 3
-0.0284829 1
-0.0275017 4
-0.0264184 1
-0.0257264 4
-0.0244893 2
-0.0237061 2
-0.0234309 1
-0.0222265 5
-0.0212625 1
-0.0207042 2
-0.0198443 3
-0.0189469 2
-0.0181659 3
-0.0173639 1
-0.0165071 2
-0.016049 1
0 0
-0.0142032 1
-0.0132039 2
-0.0126204 2
-0.011711 3
-0.0107359 6
-0.00996014 5
0 0
-0.00816625 1
-0.00752924 3
-0.0067082 4
-0.00604569 1
0 0
-0.00408728 2
0 0
-0.00235961 2
-0.00177445 2
-0.00113979 4
2.95418e-06 171
0.00062683 1
0 0
0.00245696 3
0.00321668 4
0 0
0.0050127 6
0.00559637 4
0.00643456 4
0.00736957 5
0.00830861 3
0.00914057 4
0.0100443 2
0.0110576 2
0.0115696 2
0.01221 1
0.0131218 3
0.01414 2
0.0149037 3
0.0156147 3
0.0164584 3
0.0171968 4
0.0182821 2
0.018986 6
0.0198582 4
0 0
0.0216297 3
0.0222524 4
0.0230137 2
0.0240427 3
0.0248674 1
0.0256437 3
0.0265063 3
0.0274957 1
0.0284 2
0.0288903 3
0 0
0.0306757 3
0.0310321 2
0.0322003 4
0 0
0.033839 2
0.0344055 3
0.0351532 2
0.0364742 2
0.0369726 3
0.0380539 1
0 0
0.0395941 4
0 0
0.0411832 2
0.0421496 5
0.0428122 4
0.0437048 2
0.0444923 1
0.0457241 1
0 0
0.0469179 1
0.047907 5
0.0487405 4
0.0498064 1
0.0500488 2
0.0509396 3
0.0518213 2
0.0526938 2
0.0537205 2
0.0546029 3
0.05525 2
0.0560968 3
0.0567224 2
0.057684 3
0.0583382 2
0.0593948 1
0 0
0.0609833 2
0.0623122 1
0.0627277 2
0.0634122 1
0.0644346 3
0.0652005 1
0.0661264 4
0.066774 4
0 0
0.068271 3
0.0694348 1
0.0700449 1
0 0
0.0716716 1
0.0729083 1
0 0
0.0741627 2
0.075206 2
0 0
0.0764971 2
0 0
0 0
0 0
0 0
0.0812864 1
0.0813146 1
