-0.114045 1
0 0
0 0
-0.107506 1
0 0
-0.103441 1
0 0
0 0
0 0
0 0
0 0
0 0
-0.0923115 1
0 0
0 0
0 0
0 0
0 0
-0.0808541 3
-0.0800733 1
-0.0773317 2
0 0
0 0
-0.0722932 3
0 0
-0.068697 3
0 0
-0.065308 2
-0.0634563 3
-0.0610671 1
-0.0594255 2
-0.058518 2
0 0
-0.0535744 1
-0.0517157 1
-0.0506759 1
0 0
-0.04774 2
0 0
-0.0435822 3
0 0
-0.0397678 1
-0.0381684 1
-0.036163 2
0 0
-0.0324606 3
-0.0307444 2
-0.0290411 6
-0.0271851 2
-0.0255423 4
-0.0233076 1
-0.0216572 2
-0.0198558 2
-0.0182576 2
-0.0168352 3
-0.0145634 3
-0.0124522 1
0 0
-0.00969692 3
-0.00802272 6
-0.00570844 1
-0.00441137 3
-0.0023114 5
-1.41386e-05 31
0.00110113 11
0.00253584 6
0.00457939 4
0.0063858 3
0.0081928 3
0.0104461 5
0.012078 3
0.0137557 2
0.014903 2
0.0179038 1
0.0189622 2
0.0206696 4
0.022371 4
0.0243243 5
0.0258902 4
0.0276358 4
0.0297848 3
0.0318258 2
0 0
0.0350416 2
0.037404 1
0.038701 3
0.0399811 3
0.042654 1
0.0440894 3
0.0457101 3
0.0480562 3
0.0496281 2
0.0516862 4
0.0533188 1
0.0545396 4
0.0564851 1
0.0585573 3
0.0605616 3
0.0621149 3
0 0
0.0653656 1
0.0671491 3
0.0692565 4
0.0706448 2
0 0
0.0743695 3
0 0
0 0
0.0799662 1
0.0817205 1
0.0837099 2
0.086012 1
0 0
0.0881093 2
0.0910018 1
0.0927103 1
0.0942693 1
0 0
0 0
0 0
0 0
0.103355 1
0.105072 1
0.106081 1
0 0
0.110071 1
0 0
0 0
0.114804 1
0 0
0 0
0.12082 1
0 0
0 0
0.125472 2
0 0
0 0
0.131383 1
0 0
0.134639 1
0 0
0 0
0 0
0 0
0 0
0 0
0.148006 1
0.149489 2
0 0
0 0
0 0
0 0
0 0
0 0
0 0
0 0
0 0
0 0
0 0
0 0
0 0
0 0
0 0
0 0
0 0
0 0
0 0
0 0
0 0
0 0
0 0
0 0
0 0
0 0
0 0
0 0
0 0
0 0
0 0
0 0
0 0
0.210769 1
0 0
0 0
0 0
0 0
0 0
0 0
0 0
0 0
0 0
0 0
0 0
0 0
0 0
0 0
0 0
0 0
0 0
0 0
0.243234 1
