-0.0757716 2
-0.0746111 1
0 0
-0.0735949 1
-0.0726222 5
-0.0718239 3
-0.0711985 1
-0.07026 4
0 0
-0.0689841 1
-0.0678588 3
-0.0670045 1
-0.0661878 2
0 0
-0.0645839 1
-0.0636016 3
-0.0630258 2
0 0
0 0
0 0
-0.0597463 1
0 0
0 0
0 0
-0.0570015 1
-0.055903 3
0 0
0 0
0 0
0 0
0 0
-0.0511656 1
0 0
0 0
-0.048914 1
-0.0483061 2
-0.0474138 2
-0.046582 1
-0.0454517 2
0 0
0 0
0 0
0 0
-0.0418552 1
-0.0408118 1
0 0
-0.0395761 1
-0.0384649 2
-0.0374504 2
-0.0365864 1
-0.0358487 1
0 0
-0.0346159 1
0 0
-0.0329632 1
0 0
0 0
0 0
-0.0296838 3
-0.0291673 1
-0.028245 2
-0.0275815 2
-0.026709 1
-0.0256343 2
0 0
-0.0242847 2
-0.0230902 1
0 0
-0.0217552 4
0 0
-0.0203589 3
0 0
-0.0188255 1
-0.0179851 1
-0.0171058 2
0 0
-0.0154324 1
0 0
-0.0139296 2
-0.0132031 2
-0.0120279 1
0 0
0 0
-0.00998874 3
-0.00896466 1
0 0
-0.00758395 2
-0.00712118 2
0 0
0 0
-0.00450015 1
0 0
0 0
-0.00175008 2
0 0
-0.000558645 2
7.07501e-06 66
0.000904696 1
0.00184286 1
0.00252943 1
0.00350702 1
0.00408159 2
0.00537702 1
0.00613077 2
0.00664436 3
0.00780724 1
0.00798951 2
0.00915749 1
0.00989916 3
0.0108013 2
0 0
0 0
0 0
0.0138592 2
0.0145862 1
0.0151826 4
0 0
0 0
0.0180271 1
0.0187677 2
0.0196956 1
0.0200593 2
0.0210978 2
0.0214101 1
0.0223405 2
0.0229467 1
0.0243879 1
0.0248713 2
0.0256757 2
0 0
0.0273138 4
0.0281314 2
0.0288935 1
0.0296605 1
0.0303969 1
0 0
0 0
0 0
0.0337445 2
0.0346287 1
0 0
0.0356108 1
0 0
0.0372925 2
0 0
0 0
0.039609 1
0 0
0.0416169 1
0.0421659 1
0 0
0.0440088 1
0.0443725 1
0 0
0 0
0 0
0 0
0 0
0.0494242 1
0.0502274 2
0.051303 1
0 0
0 0
0.0531901 2
0.0540654 3
0 0
0 0
0 0
0.0573687 2
0.058084 2
0 0
0 0
0 0
0.0609241 1
0.0619138 1
0.0626109 1
0.063719 2
0.0644966 3
0.0655204 1
0.0659498 1
0.0667462 2
0.0673159 1
0 0
0 0
0.0700484 1
0 0
0.0714375 2
0 0
0 0
0.0736458 1
0.0749025 3
0 0
0 0
0 0
0 0
0 0
0 0
0 0
0 0
0 0
0.0823032 1
