-0.069171 1
0 0
0 0
0 0
0 0
0 0
0 0
0 0
0 0
0 0
0 0
0 0
0 0
-0.0596444 1
0 0
0 0
0 0
0 0
0 0
0 0
0 0
0 0
0 0
-0.0530304 1
0 0
0 0
0 0
0 0
0 0
0 0
0 0
0 0
0 0
0 0
0 0
0 0
0 0
0 0
0 0
0 0
0 0
0 0
0 0
0 0
0 0
0 0
0 0
0 0
0 0
0 0
0 0
-0.0340328 1
0 0
0 0
0 0
0 0
0 0
0 0
0 0
0 0
0 0
0 0
0 0
0 0
0 0
-0.0244666 2
0 0
0 0
0 0
0 0
0 0
0 0
0 0
-0.0185646 1
0 0
0 0
0 0
0 0
-0.0155886 1
0 0
0 0
0 0
0 0
0 0
0 0
-0.0105118 1
0 0
0 0
0 0
0 0
0 0
0 0
0 0
-0.00481163 1
0 0
0 0
0 0
0 0
0 0
0 0
0 0
-1.87567e-09 10
0 0
0 0
0.00223661 1
0 0
0.00357289 1
0 0
0 0
0.0061104 1
0 0
0 0
0 0
0 0
0 0
0 0
0 0
0.0115556 1
0 0
0 0
0 0
0 0
0 0
0 0
0 0
0 0
0 0
0 0
0 0
0 0
0 0
0 0
0 0
0 0
0 0
0 0
0 0
0 0
0 0
0 0
0.0268715 1
0 0
0 0
0 0
0 0
0 0
0 0
0 0
0 0
0 0
0 0
0 0
0 0
0 0
0 0
0 0
0 0
0 0
0 0
0 0
0 0
0.0417144 1
0 0
0 0
0 0
0 0
0 0
0 0
0 0
0 0
0 0
0 0
0 0
0 0
0 0
0 0
0 0
0 0
0 0
0 0
0 0
0 0
0 0
0 0
0 0
0 0
0 0
0 0
0 0
0 0
0 0
0 0
0 0
0 0
0 0
0 0
0 0
0 0
0 0
0 0
0.0677877 1
