-0.0771534 2
-0.0759151 3
-0.0751423 1
-0.0742049 1
-0.0739973 1
0 0
-0.0720788 1
-0.0712169 1
-0.0706788 4
-0.0699335 6
-0.0689905 3
-0.0683956 2
-0.0672406 1
-0.0666971 3
-0.0659449 1
-0.0650681 1
-0.064376 2
-0.0638638 2
-0.0627492 1
-0.0620942 5
0 0
-0.0603811 4
0 0
-0.0587653 2
-0.0584949 1
-0.0572257 3
-0.0565312 4
-0.0556203 2
-0.0549499 1
-0.0543085 2
0 0
-0.0524885 1
-0.0519306 1
-0.0510628 1
-0.0506011 3
-0.0495027 1
-0.0487278 1
0 0
-0.0474006 3
-0.0464002 2
-0.045825 2
-0.0446313 1
-0.0442154 1
-0.043099 1
0 0
-0.0420043 5
0 0
-0.0404225 2
-0.0394886 2
0 0
-0.0381737 2
-0.0373197 2
-0.0365383 3
-0.0355668 2
-0.0349732 2
-0.0343301 1
-0.0332662 1
0 0
-0.0318248 2
-0.0310473 4
-0.030215 2
-0.0296207 1
-0.0289175 2
-0.0281661 2
-0.0270825 2
-0.0261125 4
-0.025475 1
-0.0249875 4
-0.0241579 2
-0.0230529 1
-0.0224181 7
-0.0218022 2
-0.0211773 3
-0.0201667 4
-0.0191755 1
-0.018736 1
-0.0179665 2
-0.0170502 2
-0.0162605 4
-0.0156159 2
-0.0151125 1
-0.0142648 1
-0.0131182 2
0 0
-0.0116729 3
-0.0109014 2
-0.010136 4
-0.00969062 1
-0.00864827 5
-0.00768255 2
-0.00705537 5
-0.00650319 3
-0.0053697 1
-0.00455872 5
-0.00401531 1
-0.00308784 2
-0.00259842 2
-0.00166027 4
-0.00109572 3
-2.7793e-06 179
0.000824117 1
0.00155535 4
0.00222655 2
0.00311607 2
0.00381904 3
0.00453322 2
0.00539739 3
0.00607985 3
0.0067961 3
0.00765056 5
0.00867011 2
0.00916998 4
0.00984934 2
0.010941 2
0 0
0.0123416 3
0.0130403 3
0.0138587 6
0.0145122 3
0.0155476 2
0.016105 2
0.0169012 3
0.0173572 1
0.0186115 3
0.0191844 4
0 0
0.0210018 2
0.0218718 1
0 0
0.0232692 2
0 0
0.0246009 5
0.0253675 3
0.0265406 2
0.0269559 2
0.0278596 1
0.0284242 2
0.0292459 6
0.0301508 5
0.0307365 1
0 0
0 0
0 0
0.0339027 2
0 0
0.0354103 1
0.0364875 1
0.0372951 2
0.0377408 1
0.0390139 1
0.039536 1
0.0401946 2
0.041095 2
0.042094 1
0.0424499 4
0.0433519 1
0.0444255 1
0.0448852 2
0.0459013 1
0.0461629 1
0.0471573 3
0 0
0.048698 1
0 0
0.0504172 3
0.0511757 1
0 0
0.0526716 1
0.0531369 1
0.0541014 2
0.054558 1
0.0557397 3
0 0
0 0
0.0580686 1
0.0589364 6
0.0592436 1
0.0602 1
0.061392 2
0.0615803 1
0.0627756 4
0 0
0.0641918 5
0.0648218 2
0.0657458 3
0.0665746 5
0 0
0.0681867 4
0 0
0.0696984 3
0.0702705 3
0.0709463 2
0 0
0.0724514 1
0.073635 2
0 0
0.0750078 1
0.075727 4
0.0765536 3
0 0
0.0777785 1
