-0.622748 1
0 0
0 0
0 0
0 0
0 0
0 0
0 0
0 0
0 0
-0.541064 1
-0.533336 2
0 0
0 0
0 0
-0.50424 2
0 0
-0.4894 2
0 0
-0.476515 2
-0.465643 1
-0.457326 1
0 0
0 0
-0.439701 1
-0.426722 1
-0.419801 1
-0.4176 1
-0.40712 4
-0.398396 6
-0.392449 3
-0.383705 6
-0.374935 8
-0.369548 7
-0.362156 4
-0.353728 10
-0.345217 14
-0.338368 13
-0.330626 16
-0.324004 14
-0.316051 23
-0.307298 27
-0.30042 28
-0.291928 41
-0.285395 45
-0.277769 49
-0.270415 50
-0.262992 56
-0.254602 75
-0.246967 104
-0.239674 106
-0.232025 149
-0.224686 140
-0.216814 148
-0.209322 155
-0.201756 158
-0.19411 153
-0.18653 151
-0.178751 171
-0.171221 163
-0.163481 175
-0.15676 158
-0.148491 174
-0.14106 135
-0.133684 154
-0.126335 92
-0.118239 59
-0.110674 80
-0.103036 92
-0.0953834 109
-0.0881897 128
-0.0802972 163
-0.0727331 212
-0.064582 278
-0.0575201 292
-0.0500389 268
-0.0424529 263
-0.0349161 248
-0.0269714 158
-0.01965 206
-0.0120583 294
-0.00382749 358
0.000738094 1224
0.0107457 310
0.0184119 222
0.0258394 211
0.0338696 215
0.0411292 294
0.0486461 295
0.0563302 330
0.0632277 285
0.0713008 199
0.0788481 137
0.0864449 113
0.0940733 92
0.101589 99
0.108998 82
0.116467 59
0.125374 96
0.132292 154
0.139368 157
0.147421 185
0.154604 173
0.162484 147
0.169805 160
0.177896 137
0.185295 178
0.192606 139
0.200614 151
0.208034 114
0.215601 121
0.223199 104
0.230608 108
0.23841 117
0.246004 66
0.252667 54
0.259924 32
0.268617 14
0.276308 21
0.28363 9
0.290716 7
0.298376 6
0.3069 6
0.314419 3
0.321006 3
0.329296 3
0.335247 1
0.342209 1
0 0
0.360705 1
0.364899 1
0 0
0 0
0 0
0 0
0 0
0.410896 1
0.419871 1
0.42582 1
0 0
0 0
0 0
0 0
0 0
0 0
0 0
0 0
0 0
0 0
0 0
0 0
0 0
0.535053 1
0 0
0 0
0 0
0 0
0 0
0 0
0 0
0 0
0 0
0 0
0 0
0 0
0 0
0 0
0 0
0 0
0 0
0 0
0 0
0 0
0 0
0 0
0 0
0 0
0 0
0 0
0 0
0 0
0 0
0 0
0 0
0 0
0 0
0 0
0 0
0 0
0 0
0 0
0 0
0 0
0 0
0 0
0 0
0 0
0 0
0 0
0 0
0.894444 1
