-0.851977 2
0 0
-0.830097 2
-0.821891 2
0 0
0 0
0 0
0 0
-0.772337 3
0 0
0 0
0 0
0 0
0 0
0 0
0 0
-0.692894 1
0 0
0 0
0 0
0 0
0 0
0 0
0 0
0 0
0 0
0 0
0 0
0 0
0 0
0 0
0 0
0 0
0 0
0 0
0 0
0 0
0 0
0 0
0 0
0 0
0 0
0 0
0 0
0 0
0 0
0 0
0 0
0 0
0 0
0 0
0 0
0 0
0 0
0 0
0 0
-0.315576 1
0 0
0 0
0 0
-0.283263 1
0 0
0 0
0 0
0 0
0 0
0 0
0 0
0 0
0 0
-0.186997 1
-0.178976 1
0 0
0 0
-0.14902 1
0 0
-0.131634 1
-0.120026 2
-0.111165 3
-0.102594 6
-0.0933839 6
-0.0837949 14
-0.0758225 14
-0.0641768 23
-0.0560107 21
-0.0456877 36
-0.0361807 43
-0.02653 57
-0.0179452 66
-0.00836681 70
0.000862686 53
0.00971065 27
0.0198095 10
0.0272251 1
0.0380236 3
0.0446269 2
0.057261 3
0 0
0.078812 1
0 0
0 0
0 0
0 0
0 0
0 0
0 0
0.149494 2
0.160372 1
0.167206 1
0 0
0 0
0 0
0.211825 2
0 0
0 0
0.236533 2
0 0
0 0
0.265693 2
0 0
0 0
0.297402 1
0 0
0.311812 2
0 0
0.329315 2
0.345061 1
0 0
0 0
0.370343 2
0.378345 2
0 0
0 0
0 0
0 0
0 0
0 0
0.445478 2
0 0
0 0
0 0
0 0
0.49441 1
0.498489 2
0 0
0 0
0.531241 1
0.543361 1
0 0
0 0
0 0
0 0
0.587401 1
0 0
0 0
0 0
0 0
0 0
0 0
0 0
0 0
0 0
0 0
0 0
0.700147 1
0 0
0 0
0 0
0 0
0.742465 1
0 0
0 0
0 0
0 0
0.797865 1
0 0
0 0
0 0
0 0
0 0
0 0
0 0
0 0
0.881829 1
0 0
0 0
0 0
0 0
0 0
0 0
0 0
0 0
0 0
0 0
0 0
0 0
0 0
0 0
0 0
0 0
1.03416 1
