-0.784751 1
0 0
0 0
0 0
0 0
0 0
0 0
-0.730021 1
0 0
0 0
0 0
0 0
0 0
0 0
0 0
0 0
0 0
0 0
0 0
0 0
0 0
0 0
0 0
0 0
0 0
0 0
0 0
0 0
0 0
0 0
0 0
0 0
0 0
0 0
0 0
0 0
0 0
0 0
0 0
0 0
0 0
0 0
0 0
0 0
0 0
0 0
0 0
0 0
0 0
0 0
0 0
0 0
0 0
0 0
0 0
0 0
0 0
0 0
0 0
0 0
0 0
0 0
0 0
0 0
0 0
-0.325327 1
0 0
0 0
-0.306307 1
0 0
0 0
0 0
0 0
0 0
0 0
0 0
0 0
0 0
0 0
0 0
-0.224821 1
0 0
-0.209005 2
0 0
0 0
0 0
0 0
0 0
0 0
0 0
0 0
0 0
-0.137975 1
0 0
-0.125228 4
0 0
0 0
-0.105129 1
-0.0977492 3
-0.0909834 1
-0.082704 1
-0.0798614 1
0 0
-0.0650195 2
0 0
0 0
0 0
-0.0326676 1
-0.0284471 3
-0.0239801 1
0 0
-0.0091883 2
-7.42054e-05 8
0 0
0.0159982 1
0 0
0 0
0.033339 2
0.0449125 1
0.0499225 2
0.0550688 3
0.0637809 3
0.0699843 2
0 0
0 0
0.0894117 1
0.100755 1
0 0
0 0
0.119687 1
0 0
0.135719 1
0.138597 2
0 0
0.154711 2
0 0
0 0
0.176835 1
0.178208 1
0 0
0 0
0 0
0 0
0 0
0 0
0 0
0 0
0.24079 1
0.249262 1
0 0
0 0
0 0
0 0
0 0
0 0
0 0
0.308651 1
0 0
0 0
0 0
0.332992 1
0 0
0 0
0 0
0 0
0 0
0 0
0 0
0 0
0 0
0 0
0 0
0 0
0 0
0 0
0 0
0 0
0 0
0 0
0 0
0 0
0 0
0 0
0 0
0 0
0 0
0 0
0 0
0 0
0.536587 1
0 0
0 0
0 0
0 0
0 0
0 0
0 0
0 0
0 0
0 0
0.61049 1
