-0.813043 1
0 0
0 0
0 0
0 0
0 0
0 0
0 0
0 0
0 0
0 0
0 0
0 0
0 0
0 0
0 0
0 0
0 0
0 0
-0.677798 1
0 0
0 0
0 0
0 0
0 0
0 0
0 0
0 0
0 0
0 0
-0.598644 1
-0.590166 2
0 0
0 0
0 0
0 0
0 0
-0.548588 4
0 0
0 0
-0.530649 1
0 0
-0.516258 1
0 0
-0.497748 1
-0.492259 1
-0.487387 2
-0.475783 1
-0.472501 4
-0.466583 1
-0.454626 1
-0.450284 2
-0.443687 3
0 0
-0.428418 5
-0.422952 5
-0.414219 4
-0.409522 2
-0.40346 1
-0.394589 4
-0.388447 3
-0.379907 3
-0.374445 5
-0.366305 13
-0.358846 5
-0.351439 2
-0.345972 7
-0.338931 5
-0.332082 8
-0.323713 8
-0.316824 3
-0.311032 11
-0.30124 11
-0.29536 6
-0.288018 7
-0.282337 18
-0.274553 9
-0.269062 6
-0.260029 11
-0.254278 7
-0.246696 6
-0.239493 9
-0.2323 9
-0.225616 10
-0.218272 13
-0.211088 6
-0.204134 18
-0.197037 22
-0.190594 15
-0.183128 17
-0.175822 25
-0.168891 26
-0.161588 22
-0.154746 30
-0.148019 32
-0.141132 40
-0.133567 45
-0.127747 41
-0.119684 69
-0.112602 57
-0.106192 68
-0.0987603 53
-0.0920261 62
-0.0851663 68
-0.0773995 85
-0.0707476 92
-0.0640493 93
-0.0568606 124
-0.0497944 78
-0.0425185 113
-0.0356524 107
-0.0282828 154
-0.0215453 176
-0.0142897 188
-0.00689157 301
-0.000125684 1114
0.00629787 421
0.0136917 303
0.020738 254
0.0277162 238
0.0349092 188
0.0417212 165
0.04868 148
0.0559033 113
0.0630528 120
0.0699943 121
0.0766532 105
0.0841993 60
0.0908877 53
0.0979356 50
0.105357 38
0.112439 29
0.119159 17
0.125317 11
0.133873 12
0.139609 10
0.147085 9
0.15414 7
0.161951 3
0.169391 5
0.176121 8
0.181907 5
0.189032 3
0.197346 6
0.201387 3
0.208875 2
0 0
0 0
0.232866 5
0.238721 3
0.245202 1
0 0
0 0
0.267461 2
0 0
0 0
0 0
0.295576 3
0.299229 2
0.310216 2
0.315289 3
0.322398 2
0.32859 3
0.337973 1
0.34511 2
0.351112 2
0.356118 1
0.364418 1
0 0
0.379901 3
0.38335 1
0.393845 2
0 0
0 0
0 0
0.422645 2
0.431115 2
0.437616 1
0.446129 2
0.449011 2
0 0
0 0
0.469053 1
0 0
0 0
0 0
0 0
0 0
0 0
0 0
0 0
0 0
0 0
0 0
0 0
0.563033 2
0 0
0 0
0 0
0.59187 1
0.594183 1
