-0.344064 1
0 0
0 0
0 0
0 0
0 0
0 0
0 0
0 0
0 0
0 0
0 0
0 0
0 0
0 0
0 0
0 0
0 0
0 0
0 0
0 0
-0.265061 1
-0.261808 1
0 0
-0.252538 2
-0.248274 1
0 0
0 0
0 0
0 0
-0.231247 2
0 0
0 0
0 0
-0.214426 1
0 0
-0.207572 3
-0.205581 2
-0.200709 2
-0.197415 3
-0.193555 2
-0.189124 5
-0.185397 7
-0.181455 5
-0.177994 1
-0.174709 4
-0.17034 4
-0.167031 3
-0.164563 2
-0.158647 3
-0.156368 9
-0.152787 5
-0.148943 11
-0.145574 8
-0.141106 8
-0.138122 12
-0.133766 8
-0.130413 8
-0.125807 10
-0.122566 14
-0.119089 17
-0.115358 11
-0.111458 25
-0.107555 13
-0.104346 14
-0.100576 17
-0.0972577 16
-0.0928485 13
-0.089271 12
-0.0856284 17
-0.0817738 23
-0.0783323 15
-0.075069 14
-0.070434 22
-0.0668821 18
-0.0630913 20
-0.0594414 27
-0.0559297 23
-0.0521381 17
-0.0479704 15
-0.0444946 23
-0.0410275 22
-0.0372151 24
-0.0335615 37
-0.0299375 21
-0.0260022 32
-0.0222345 31
-0.0185186 29
-0.014549 33
-0.0113188 38
-0.00734246 51
-0.00337936 77
0.000285787 131
0.0037828 75
0.00730542 52
0.0109405 29
0.0146389 45
0.0184782 34
0.022302 36
0.0261318 26
0.0296135 20
0.0337224 24
0.0369631 34
0.0408999 19
0.0442774 19
0.0485558 22
0.0516843 11
0.0556856 17
0.0591317 18
0.0634603 30
0.0673367 19
0.0707315 27
0.0746426 16
0.0777864 16
0.0816972 21
0.0855776 17
0.0896527 14
0.0935113 18
0.0971141 17
0.100467 20
0.104245 19
0.107843 17
0.111445 19
0.115639 18
0.118745 18
0.123062 16
0.126372 10
0.13045 11
0.133672 13
0.138108 11
0.141489 9
0.145589 5
0.148978 7
0.152459 9
0.156156 9
0.160355 4
0.16471 4
0.166582 5
0.170907 5
0.174591 2
0.178609 9
0.182773 5
0.185906 2
0.18947 8
0.193745 8
0.197433 7
0.199952 3
0.2044 7
0.20799 1
0.21188 4
0.214451 5
0.218677 1
0.222183 4
0.227572 5
0.229822 1
0.233561 3
0.238824 3
0.240753 1
0.245352 3
0.249699 3
0.25239 1
0.256124 2
0.259826 4
0.264417 2
0.267322 1
0.271759 2
0.274407 1
0.280389 2
0.281794 1
0 0
0.29079 2
0.293823 1
0.297435 2
0.301688 3
0.304049 2
0.308996 2
0.31367 2
0.317091 3
0.320286 2
0 0
0 0
0.330241 2
0.334908 1
0 0
0 0
0 0
0.350896 2
0.352901 1
0.356602 1
0 0
0 0
0 0
0 0
0 0
0 0
0.383104 1
0 0
0 0
0 0
0 0
0.399912 1
