-0.289436 1
0 0
-0.276062 1
0 0
-0.266365 1
-0.259261 1
0 0
-0.249504 1
-0.245512 2
-0.242165 2
-0.233387 1
-0.229935 1
-0.22522 1
-0.220432 1
-0.215538 2
-0.209195 7
-0.203183 3
-0.197796 4
-0.19376 9
-0.188446 3
-0.183377 8
-0.17941 10
-0.172175 8
-0.168372 15
-0.163873 10
-0.157276 6
-0.151965 11
-0.147693 7
-0.142707 11
-0.137469 11
-0.132091 9
-0.128189 15
-0.121603 10
-0.11676 19
-0.111801 14
-0.106788 16
-0.101672 19
-0.0961518 28
-0.0905433 29
-0.0857853 43
-0.0804899 36
-0.075819 41
-0.0706011 37
-0.0651876 54
-0.0601329 64
-0.0555227 59
-0.0498743 64
-0.0446335 65
-0.0398175 81
-0.0343728 69
-0.029436 85
-0.0240838 106
-0.0187386 103
-0.0134681 151
-0.00820729 198
-0.00202092 967
0.000135591 11570
0.00657666 253
0.0120777 143
0.0173532 119
0.0225324 104
0.0275733 89
0.0326495 110
0.0378055 96
0.0430777 69
0.0480647 76
0.0536715 77
0.0587496 75
0.0635189 63
0.0686447 46
0.0738338 49
0.0787098 37
0.0841462 42
0.089539 35
0.0946851 33
0.100079 28
0.104979 41
0.110282 38
0.115303 30
0.120173 22
0.12556 14
0.130689 29
0.135489 25
0.141084 25
0.146338 29
0.151343 20
0.155857 18
0.161286 13
0.166287 21
0.171832 18
0.17699 20
0.182122 22
0.187418 16
0.192348 20
0.198172 13
0.203101 25
0.20748 14
0.213318 20
0.217727 10
0.223241 12
0.228927 14
0.234194 12
0.239241 18
0.244579 11
0.250184 16
0.254538 18
0.259478 7
0.265252 9
0.270021 11
0.273979 6
0.279844 9
0.284867 9
0.289871 16
0.295686 8
0.299879 6
0.306171 4
0.311686 10
0.315621 12
0.321685 10
0.326037 7
0.332206 4
0.335169 1
0.341801 12
0.346476 4
0.352642 5
0.356593 3
0.363153 10
0.369163 3
0.373574 4
0.377976 3
0.38465 3
0.388402 2
0.392308 2
0.399255 3
0 0
0.408586 2
0.415485 4
0.417897 2
0.42643 2
0 0
0.432291 1
0.439702 2
0 0
0.452298 1
0 0
0 0
0.467526 1
0.471942 2
0.477178 3
0 0
0 0
0.492406 1
0 0
0 0
0 0
0.510154 2
0 0
0 0
0 0
0 0
0 0
0 0
0 0
0 0
0 0
0 0
0 0
0 0
0 0
0 0
0 0
0 0
0 0
0 0
0 0
0 0
0 0
0 0
0 0
0.635356 1
0 0
0 0
0.651646 1
0 0
0 0
0 0
0 0
0 0
0 0
0 0
0 0
0 0
0.702057 1
0 0
0 0
0 0
0 0
0 0
0 0
0 0
0.741561 1
