-0.659131 1
0 0
0 0
0 0
0 0
0 0
0 0
0 0
0 0
0 0
0 0
0 0
-0.593304 1
0 0
0 0
0 0
0 0
0 0
0 0
0 0
0 0
0 0
0 0
0 0
0 0
0 0
0 0
0 0
0 0
0 0
0 0
0 0
0 0
0 0
0 0
0 0
0 0
0 0
-0.460116 1
0 0
0 0
-0.447426 1
-0.442107 1
0 0
0 0
-0.424147 1
-0.418781 3
0 0
0 0
-0.401957 1
0 0
-0.393046 1
0 0
-0.38075 1
-0.377784 4
-0.372798 3
0 0
-0.361249 2
-0.355211 1
-0.351107 2
-0.348046 2
0 0
-0.335327 3
-0.330419 2
-0.326591 3
-0.321272 2
-0.316441 3
-0.310825 3
-0.305071 6
-0.300287 1
-0.293997 5
-0.290206 6
-0.284556 7
-0.279703 3
-0.274349 8
-0.269598 7
-0.264743 10
-0.259836 5
-0.253672 13
-0.249772 19
-0.243526 15
-0.238638 11
-0.232898 15
-0.227764 11
-0.223152 15
-0.217166 11
-0.212523 10
-0.208155 16
-0.202119 12
-0.196847 15
-0.191973 18
-0.187131 16
-0.182199 20
-0.176277 22
-0.171687 21
-0.166542 13
-0.160486 15
-0.1552 25
-0.15072 21
-0.145584 32
-0.139893 27
-0.135453 24
-0.130445 21
-0.125146 17
-0.120182 27
-0.114983 37
-0.109131 33
-0.10409 44
-0.0994913 35
-0.0937191 33
-0.0888309 47
-0.0835395 50
-0.0784786 50
-0.0732072 63
-0.0681451 69
-0.0629728 62
-0.057886 74
-0.0528465 76
-0.0477551 81
-0.0424556 74
-0.0370642 98
-0.0322583 107
-0.0270815 101
-0.0217621 139
-0.0165891 152
-0.0114279 185
-0.00570884 297
-1.97552e-05 13624
0.00300106 1954
0.00885186 486
0.0142216 335
0.0193921 217
0.024714 203
0.0297158 178
0.034976 153
0.040048 112
0.0452743 99
0.0502031 96
0.055548 84
0.0606835 76
0.0658695 71
0.0711481 66
0.0760633 52
0.0813397 50
0.0869238 48
0.0916532 48
0.096642 33
0.101919 40
0.107346 22
0.112494 29
0.117714 23
0.12231 22
0.127964 17
0.132815 18
0.137636 15
0.142794 16
0.149355 15
0.153215 14
0.158493 18
0.163433 20
0.168945 16
0.17408 13
0.179756 25
0.184258 9
0.189335 15
0.1948 12
0.200408 5
0.205619 10
0.210125 13
0.214993 9
0.220267 7
0.224864 12
0.230335 7
0.23656 10
0.240714 12
0.245933 5
0.251641 14
0.256532 6
0.262356 8
0.267901 2
0.273521 1
0.277537 5
0.283407 8
0.289248 5
0.29258 2
0.299061 2
0.303285 4
0.306171 1
0.312579 2
0.320268 1
0 0
0.331299 1
0.332127 1
0 0
0.344202 1
0.351197 1
0.355132 1
0.358018 1
0.366203 1
0 0
0.372992 1
