-0.440816 1
0 0
-0.42868 1
0 0
-0.415303 1
-0.405518 1
0 0
-0.395231 1
0 0
-0.380592 2
0 0
-0.36916 1
0 0
0 0
-0.355114 1
0 0
0 0
-0.332769 1
-0.328254 3
-0.322945 2
-0.316433 2
-0.310512 3
-0.303776 2
-0.299264 2
-0.292738 2
-0.286532 4
-0.279915 5
-0.275166 7
-0.267516 5
-0.26189 4
-0.255535 6
-0.249994 16
-0.243244 18
-0.237465 13
-0.230818 13
-0.225165 16
-0.219583 13
-0.212598 20
-0.206957 16
-0.200704 19
-0.194206 20
-0.18863 23
-0.18232 28
-0.177098 24
-0.170773 33
-0.164284 35
-0.158506 36
-0.152383 38
-0.146433 51
-0.140376 45
-0.134178 49
-0.127883 45
-0.122166 48
-0.116086 60
-0.109699 47
-0.103843 54
-0.0982281 74
-0.0916426 75
-0.0859203 74
-0.0795982 101
-0.073744 91
-0.0674646 117
-0.0618534 116
-0.0553678 145
-0.0492794 141
-0.0433203 177
-0.037366 163
-0.0313256 187
-0.0251337 222
-0.0188664 281
-0.0130739 347
-0.00642867 602
-0.000127889 9395
0.00452414 1141
0.0109408 466
0.0169875 328
0.0232319 244
0.029269 207
0.0354162 161
0.041401 143
0.047336 107
0.0535378 83
0.0598277 87
0.0657071 67
0.0721263 42
0.0774083 39
0.0841048 45
0.0901635 28
0.0963828 30
0.102432 19
0.108926 11
0.114614 16
0.119791 16
0.125926 11
0.131939 6
0.139138 7
0.143865 12
0.151086 9
0.156794 6
0.163186 8
0.16787 4
0.175827 4
0.180659 6
0.187781 7
0.193584 2
0.199189 6
0.204022 1
0.21254 3
0.215874 1
0.223713 7
0.231936 3
0.234408 3
0.242903 3
0.249501 2
0.253413 2
0.261191 5
0.264349 3
0.270135 4
0.278322 1
0.28532 3
0.290979 3
0.294856 2
0.302709 2
0.311025 1
0.315439 1
0.323048 2
0 0
0.333927 4
0.340509 1
0.343282 1
0.350833 3
0.357119 3
0.36252 2
0.367663 2
0.374948 3
0.380106 1
0.388574 8
0.394943 2
0.401598 1
0.404708 2
0 0
0.417997 1
0.426388 1
0 0
0.436079 3
0.442801 5
0.447783 4
0.455231 2
0.459478 1
0.4661 1
0 0
0.478949 2
0.487463 1
0.491711 2
0.496887 2
0.5033 2
0.507696 3
0.517373 2
0.518655 1
0 0
0.531402 2
0 0
0.545612 1
0.552836 1
0 0
0.565534 1
0 0
0 0
0 0
0 0
0.594808 1
0 0
0 0
0 0
0 0
0 0
0 0
0 0
0.643667 1
0 0
0 0
0 0
0.666932 1
0 0
0 0
0 0
0 0
0 0
0 0
0 0
0 0
0 0
0 0
0 0
0 0
0 0
0 0
0 0
0 0
0 0
0.772675 1
