-0.499027 1
0 0
-0.479054 1
0 0
-0.464366 2
0 0
0 0
-0.442486 1
0 0
-0.423286 3
0 0
0 0
0 0
-0.395245 1
0 0
-0.375966 1
-0.367258 4
-0.362206 2
-0.352843 4
-0.34324 3
-0.338729 5
-0.328128 4
-0.323036 1
-0.312815 5
-0.304358 6
-0.298157 5
-0.288935 5
-0.281461 6
-0.271846 3
-0.265837 7
-0.257302 8
-0.250506 7
-0.24189 6
-0.232972 4
-0.229774 2
-0.21856 8
-0.209568 8
-0.200946 8
-0.195532 10
-0.185775 5
-0.17744 6
-0.171376 3
-0.163403 10
-0.154854 9
-0.145802 18
-0.138702 9
-0.131591 8
-0.12343 6
-0.116018 18
-0.108409 18
-0.0984505 14
-0.0913093 20
-0.0833211 20
-0.0759696 19
-0.0669069 26
-0.0606548 27
-0.0517303 31
-0.0441572 25
-0.0360888 35
-0.0274777 50
-0.0194857 38
-0.0118321 51
-0.00232103 324
0.000738122 894
0.011046 46
0.0192562 45
0.0269026 35
0.0348148 31
0.0430984 41
0.0508963 27
0.0589022 25
0.0661608 24
0.0743603 21
0.0825174 21
0.0899614 21
0.0991356 21
0.106016 19
0.114417 11
0.121898 15
0.130014 16
0.138195 18
0.146823 13
0.154817 15
0.162029 11
0.169497 11
0.177733 9
0.185687 6
0.193535 12
0.20043 10
0.209915 10
0.216293 11
0.226985 5
0.232259 3
0.241818 9
0.248824 8
0.257528 9
0.264873 12
0.271697 12
0.280803 5
0.288287 6
0.297332 3
0.304537 4
0.312054 5
0.320075 8
0.327993 2
0.335927 5
0.344099 5
0.352266 4
0.358921 4
0.367825 4
0.37343 5
0.384324 4
0.391173 4
0.398685 8
0.407362 3
0.417636 2
0.423434 5
0.43063 3
0.440727 2
0.446433 2
0.454314 3
0.463346 4
0.470055 5
0.478378 3
0.484743 1
0.494345 2
0.500665 2
0.509387 1
0.518182 2
0.526892 3
0.534016 4
0.541881 1
0.553412 1
0 0
0 0
0.577316 1
0.579363 2
0.586711 1
0.598304 3
0.605466 1
0.611389 2
0 0
0.627672 2
0.635037 1
0.644671 1
0.651675 1
0.656898 1
0 0
0.676858 4
0.683934 3
0.691387 2
0.698354 2
0 0
0 0
0.722305 1
0.730879 1
0.743258 1
0 0
0.757768 2
0.760561 1
0 0
0.781818 2
0.786621 2
0.798105 1
0.801359 1
0.813355 1
0.820781 2
0 0
0.831218 1
0.842774 1
0 0
0.86188 1
0.867534 1
0 0
0.880637 1
0.887989 1
0 0
0.903049 1
0 0
0 0
0.927238 1
0.938294 1
0.94744 1
0 0
0.962789 1
0.965469 1
0 0
0.98613 1
0 0
0 0
0 0
0 0
1.02538 1
0 0
0 0
0 0
0 0
0 0
0 0
0 0
1.08403 1
