-0.441376 1
-0.430028 1
-0.426516 1
0 0
-0.408656 1
0 0
0 0
-0.386449 4
-0.37985 2
0 0
-0.366048 1
0 0
-0.349057 1
-0.347074 3
-0.337123 3
-0.334281 1
-0.323448 4
-0.316833 5
0 0
-0.303453 3
-0.29588 7
-0.289492 4
-0.278765 6
-0.272426 7
-0.266182 4
-0.259299 5
-0.252424 11
-0.244996 13
-0.237761 13
-0.230906 15
-0.223938 19
-0.217326 12
-0.21005 16
-0.203487 18
-0.195291 19
-0.188738 22
-0.180907 27
-0.174724 22
-0.166684 25
-0.159564 29
-0.152404 30
-0.145882 34
-0.139199 35
-0.131598 37
-0.123938 40
-0.11686 47
-0.109686 61
-0.10287 55
-0.0955404 72
-0.0881426 68
-0.0810911 87
-0.0739195 98
-0.0669339 117
-0.0599853 125
-0.0526375 154
-0.045793 177
-0.0384945 168
-0.0314631 203
-0.0241983 229
-0.0169031 294
-0.00976411 465
-0.000242309 12904
0.00276037 1766
0.0110739 560
0.018165 375
0.0254491 332
0.0325698 232
0.0395768 187
0.0470042 187
0.0543523 157
0.0612186 145
0.0685011 126
0.0752126 90
0.0828992 85
0.0891853 82
0.0970988 60
0.104069 51
0.110816 52
0.118146 45
0.12564 40
0.132089 39
0.139377 34
0.147358 25
0.15379 30
0.160863 31
0.167771 24
0.175122 15
0.182037 13
0.189594 18
0.196291 15
0.203537 13
0.210951 14
0.219131 5
0.225584 6
0.232277 7
0.238776 4
0.246442 15
0.252782 6
0.262295 5
0.267982 5
0.276062 4
0.284537 2
0.287706 4
0.295778 3
0.306028 3
0.312718 7
0.316983 4
0.324534 4
0.332589 1
0.338994 3
0.349761 1
0.353175 1
0.358658 2
0 0
0 0
0.380599 1
0 0
0.394252 1
0.405652 1
0.408676 1
0.414552 1
0 0
0 0
0 0
0 0
0 0
0.459835 1
0.468204 1
0 0
0.478659 1
0 0
0 0
0 0
0 0
0 0
0 0
0 0
0 0
0.549217 1
0 0
0 0
0 0
0.571267 1
0 0
0 0
0.594181 1
0 0
0 0
0 0
0 0
0 0
0 0
0 0
0 0
0.663203 1
0 0
0.671867 1
0 0
0.686727 2
0 0
0.701467 1
0 0
0.72024 1
0.723285 1
0.728558 1
0 0
0 0
0 0
0.756508 1
0.76443 1
0.776929 1
0.783262 1
0 0
0.796315 1
0 0
0.806456 1
0 0
0 0
0.83134 1
0 0
0.845741 1
0 0
0.861913 1
0 0
0.877189 1
0 0
0 0
0 0
0 0
0 0
0.919383 1
0 0
0.929612 1
0.938483 2
0.94189 1
0.952557 2
0.960828 4
0.965859 3
0.974168 7
0.981882 6
0.984549 1
