-0.712696 1
0 0
-0.683216 1
0 0
0 0
0 0
-0.638918 1
0 0
0 0
-0.605258 1
-0.595315 4
0 0
0 0
-0.562628 2
-0.551322 1
-0.539715 4
0 0
-0.514574 2
-0.500635 4
-0.49018 2
-0.480421 7
-0.471947 4
-0.459071 3
-0.445073 5
-0.435743 3
-0.420483 2
-0.41248 4
-0.399484 6
-0.390508 5
-0.379018 6
-0.365005 4
-0.355256 7
-0.343498 4
-0.333607 5
-0.319801 8
-0.310277 1
-0.295737 7
-0.286658 12
-0.276776 5
-0.263762 14
-0.253448 13
-0.242594 14
-0.230137 8
-0.21943 22
-0.208289 15
-0.196156 12
-0.185839 15
-0.174045 12
-0.162041 20
-0.149743 17
-0.140788 13
-0.127807 12
-0.118375 16
-0.1072 22
-0.0928608 14
-0.0839054 27
-0.0724799 25
-0.0595224 34
-0.0497878 46
-0.0373928 49
-0.0261494 47
-0.0149369 76
-0.00082552 956
0.00540506 215
0.018144 85
0.029924 71
0.0405241 82
0.0533008 43
0.0638392 35
0.0748128 42
0.0868102 41
0.0976654 28
0.10953 32
0.120079 26
0.132122 20
0.144448 22
0.153522 13
0.165851 16
0.178053 16
0.188985 14
0.200393 15
0.211272 13
0.221944 6
0.234027 13
0.24596 17
0.254421 10
0.267323 8
0.280959 4
0.292051 6
0.30301 4
0.313704 4
0.323997 10
0.338665 4
0.345246 3
0.359761 3
0.36964 9
0.379974 5
0.394607 1
0.404536 2
0.413841 2
0.426297 3
0.438113 2
0.450393 4
0.458835 2
0.473919 3
0.48025 3
0 0
0 0
0.521291 1
0.530708 1
0.540222 5
0.55286 1
0 0
0.577508 1
0.59121 1
0.596989 2
0.610103 1
0.61659 2
0 0
0.637032 1
0 0
0.666633 2
0 0
0.683244 1
0.698997 1
0.709119 2
0.71949 1
0 0
0.749624 2
0 0
0.767331 2
0.77644 2
0.7915 1
0 0
0.815068 1
0 0
0.833804 1
0.844245 1
0.859082 1
0.871364 1
0.88365 1
0.888202 1
0 0
0 0
0.921981 1
0 0
0 0
0 0
0.974124 1
0 0
0 0
0 0
0 0
0 0
0 0
0 0
0 0
0 0
0 0
0 0
1.11038 1
0 0
0 0
0 0
0 0
0 0
1.17308 1
0 0
0 0
1.20646 2
0 0
0 0
0 0
0 0
0 0
0 0
0 0
1.29893 1
0 0
1.32807 1
0 0
0 0
0 0
0 0
0 0
1.39503 1
0 0
0 0
0 0
0 0
0 0
0 0
0 0
0 0
0 0
0 0
0 0
0 0
0 0
0 0
1.55515 1
