-0.688773 1
0 0
0 0
0 0
0 0
0 0
0 0
0 0
0 0
0 0
0 0
0 0
0 0
0 0
0 0
0 0
0 0
0 0
0 0
0 0
0 0
0 0
0 0
0 0
0 0
0 0
0 0
-0.508573 1
0 0
0 0
0 0
0 0
0 0
0 0
0 0
0 0
0 0
0 0
0 0
0 0
0 0
0 0
0 0
0 0
0 0
0 0
0 0
0 0
-0.366415 2
-0.359687 1
0 0
0 0
0 0
0 0
0 0
-0.323565 1
0 0
0 0
0 0
-0.29784 1
0 0
-0.284148 1
0 0
0 0
0 0
0 0
-0.247904 2
0 0
0 0
0 0
-0.224404 1
0 0
0 0
-0.204919 1
-0.194539 1
-0.189288 1
-0.180703 1
0 0
0 0
0 0
0 0
-0.147902 1
-0.140457 1
-0.137543 1
-0.130985 1
0 0
0 0
0 0
0 0
-0.0963222 3
0 0
-0.0858133 2
-0.075243 1
-0.0723788 1
0 0
-0.0588167 1
-0.0474088 1
-0.0464841 1
0 0
-0.0298489 3
-0.0226728 1
0 0
-0.0119316 1
0 0
0.0029924 2
0 0
0.0174379 1
0.0247668 2
0 0
0.036366 1
0 0
0.047675 1
0.0550532 1
0.059172 1
0 0
0.0775174 1
0 0
0 0
0.0938736 1
0.101604 1
0 0
0.117926 1
0.122365 2
0.131622 1
0 0
0 0
0.14571 1
0 0
0 0
0 0
0.173613 2
0 0
0 0
0 0
0.198344 1
0 0
0 0
0.223189 1
0.224842 1
0.233988 1
0 0
0 0
0 0
0 0
0.267307 2
0 0
0 0
0 0
0 0
0.302278 1
0 0
0 0
0 0
0 0
0 0
0 0
0.348468 1
0 0
0 0
0 0
0 0
0.377971 1
0 0
0 0
0 0
0 0
0 0
0 0
0 0
0 0
0 0
0 0
0 0
0 0
0 0
0 0
0 0
0 0
0.490939 1
0 0
0 0
0 0
0 0
0.522584 1
0 0
0 0
0 0
0.55464 1
0 0
0 0
0 0
0 0
0 0
0 0
0 0
0 0
0 0
0 0
0 0
0 0
0.634883 1
