-0.383056 1
0 0
0 0
0 0
0 0
0 0
0 0
0 0
0 0
0 0
0 0
0 0
0 0
0 0
0 0
0 0
0 0
0 0
0 0
0 0
0 0
0 0
0 0
0 0
0 0
-0.28367 1
0 0
0 0
0 0
0 0
-0.265478 1
-0.261424 1
-0.257827 2
0 0
-0.248891 1
-0.247207 1
-0.244335 1
-0.239326 1
-0.235186 1
0 0
-0.227643 1
0 0
0 0
0 0
-0.210773 1
-0.208351 4
0 0
-0.200743 3
-0.195932 2
-0.193588 3
-0.189401 5
-0.186195 2
-0.18077 6
-0.17785 2
-0.174508 7
-0.170081 6
-0.168023 3
-0.162849 7
-0.159742 5
-0.154404 4
-0.151239 7
-0.147175 6
-0.144074 7
-0.138493 6
-0.135812 3
-0.132127 6
-0.12838 14
-0.124153 10
-0.120702 12
-0.116913 7
-0.112997 16
-0.10961 7
-0.105008 10
-0.101493 20
-0.097484 25
-0.0938309 22
-0.0897059 21
-0.0857724 29
-0.0823428 26
-0.0782207 30
-0.0741218 18
-0.0707835 23
-0.0668246 27
-0.0630979 29
-0.0586874 32
-0.0555936 26
-0.051361 25
-0.0473806 34
-0.0433982 24
-0.0401414 24
-0.0356358 28
-0.032091 25
-0.028563 36
-0.0246315 29
-0.0203501 26
-0.0169387 31
-0.0132602 23
-0.00916294 27
-0.00521822 29
-0.00110522 22
0.00237071 33
0.00589764 31
0.0106047 21
0.0138841 23
0.0178284 25
0.0215628 33
0.025248 25
0.0293858 25
0.0327586 23
0.0370375 19
0.0406337 31
0.0446374 28
0.0482482 39
0.052486 15
0.0563671 34
0.0596009 31
0.0637985 32
0.0678037 22
0.071155 33
0.0752701 35
0.0793145 27
0.0826659 38
0.0866386 25
0.0905463 27
0.0944764 22
0.098203 30
0.101802 24
0.105425 19
0.109561 20
0.113314 20
0.117189 27
0.121215 15
0.125218 11
0.128986 13
0.132865 16
0.136466 13
0.140524 20
0.144079 13
0.147609 13
0.15189 14
0.155315 8
0.159801 10
0.163478 12
0.167187 5
0.171195 6
0.175431 11
0.179002 4
0.182776 8
0.186614 13
0.190647 8
0.193936 11
0.198208 6
0.201134 7
0.20554 8
0.209119 7
0.212687 7
0.21783 8
0.220639 6
0.22476 4
0.228394 9
0.233059 4
0.237049 2
0.240318 5
0.244369 2
0.247663 4
0.251554 3
0.256126 3
0.2587 4
0.262802 5
0.265116 1
0.269973 3
0.274731 1
0.279522 2
0.281929 1
0.286007 1
0.289219 3
0 0
0.298835 2
0.302639 2
0.305702 3
0.308175 1
0 0
0 0
0.320818 2
0.3252 1
0.328751 1
0.33227 1
0.334186 1
0 0
0.343674 1
0.347934 1
0 0
0.355102 1
0 0
0 0
0 0
0 0
0 0
0.379302 1
0 0
0.383972 1
