-0.495601 1
0 0
0 0
0 0
0 0
0 0
0 0
-0.455177 2
-0.450846 1
0 0
-0.435392 2
-0.431214 4
-0.426671 1
0 0
-0.41648 1
-0.410488 2
0 0
-0.398128 2
0 0
0 0
-0.379763 4
-0.376831 3
-0.368386 1
-0.364067 3
0 0
-0.353474 4
-0.347416 5
-0.342282 1
-0.334085 1
-0.330968 4
-0.327104 4
-0.319255 4
-0.3123 4
-0.307661 5
-0.302714 7
-0.297234 9
-0.291159 8
-0.287157 9
-0.280546 8
-0.275989 5
-0.269838 10
-0.263826 7
-0.257725 11
-0.252501 11
-0.247605 9
-0.240931 12
-0.235555 15
-0.230911 12
-0.224275 12
-0.219038 19
-0.213092 16
-0.207391 17
-0.202586 18
-0.196081 21
-0.191731 18
-0.184906 36
-0.179237 38
-0.173848 16
-0.168036 25
-0.163509 28
-0.15747 35
-0.151821 44
-0.146051 37
-0.140302 38
-0.134878 53
-0.129619 52
-0.123895 43
-0.118316 44
-0.112685 52
-0.107059 50
-0.101508 64
-0.0958002 80
-0.0901163 104
-0.0848105 121
-0.0790677 122
-0.0735082 95
-0.0677085 116
-0.0624729 126
-0.0564613 103
-0.050914 127
-0.0453219 127
-0.0400261 142
-0.034263 133
-0.0286127 142
-0.0229485 156
-0.0173972 151
-0.0121211 121
-0.00634187 130
-0.000664664 140
0.00471312 143
0.0104407 146
0.0160828 145
0.0218203 165
0.027327 149
0.0326099 150
0.0385062 155
0.0438767 134
0.0494682 167
0.0552399 126
0.0607303 140
0.0664124 121
0.0717795 137
0.0777144 122
0.0828773 124
0.0885642 105
0.0942239 104
0.099787 74
0.105451 64
0.111252 46
0.116383 46
0.12229 24
0.127878 34
0.133457 37
0.139003 24
0.144146 22
0.150671 21
0.15588 21
0.161038 20
0.167133 14
0.172299 11
0.177793 11
0.183724 13
0.189148 7
0.194528 9
0.199364 6
0.20708 8
0.2125 4
0.217934 6
0.223668 4
0.227956 8
0.232236 2
0.239571 6
0.24284 1
0.250328 4
0 0
0.26188 2
0.267823 2
0.272796 4
0.278488 2
0.285244 2
0.291544 2
0.297219 2
0.298997 1
0 0
0 0
0.317767 6
0.323064 7
0.327032 1
0 0
0.341601 4
0 0
0 0
0 0
0.360014 1
0.369895 3
0.371243 1
0.379297 1
0 0
0.389631 3
0.39478 2
0.402163 2
0.410094 1
0.414268 2
0.417483 1
0 0
0 0
0 0
0 0
0.444937 2
0 0
0 0
0 0
0 0
0.473322 1
0 0
0 0
0 0
0.497693 2
0.501422 1
0 0
0.5118 1
0 0
0 0
0 0
0 0
0 0
0 0
0 0
0 0
0 0
0 0
0 0
0 0
0 0
0 0
0 0
0 0
0 0
0 0
0 0
0.622686 1
