-0.0993034 9
-0.0984929 9
-0.097422 16
-0.0964066 15
-0.095275 11
-0.0942245 8
-0.093271 9
-0.0923276 12
-0.0913632 20
-0.0901572 6
-0.0894093 8
-0.0884159 9
-0.0873564 6
-0.0863001 13
-0.0853043 9
-0.0843256 13
-0.0834718 11
-0.0823728 8
-0.0814357 14
-0.0803556 10
-0.0793881 11
-0.0783202 5
-0.0772548 10
-0.07644 11
-0.0753535 8
-0.0742951 9
-0.0734348 13
-0.072413 9
-0.0711773 6
-0.0704642 13
-0.0693148 9
-0.068477 12
-0.0673868 12
-0.0663146 10
-0.0652024 7
-0.0642748 9
-0.0632147 7
-0.0624663 8
-0.0613977 8
-0.0605196 7
-0.0593566 10
-0.0585196 7
-0.0574764 11
-0.0564569 8
-0.0553537 13
-0.0543421 9
-0.0534586 16
-0.0522953 15
-0.0514795 8
-0.0503841 19
-0.0494257 9
-0.0483473 5
-0.0473051 10
-0.0468723 2
-0.0453153 13
-0.0443341 15
-0.0433525 14
-0.0422312 13
-0.0413378 7
-0.0403289 8
-0.0394828 12
-0.0385769 10
-0.0374495 14
-0.0364651 14
-0.0354828 14
-0.0343844 13
-0.033384 13
-0.0324277 9
-0.0314785 9
-0.0303942 13
-0.0294513 6
-0.028406 5
-0.0274498 13
-0.0264513 12
-0.0254661 11
-0.0242727 10
-0.0233924 7
-0.0223362 10
-0.0215654 10
-0.020265 6
-0.0194467 18
-0.0184002 14
-0.0175486 10
-0.0163394 12
-0.0155336 8
-0.0144817 17
-0.0135008 12
-0.0126372 9
-0.0115087 12
-0.0103837 13
-0.00945976 15
-0.00857292 11
-0.00728626 6
-0.0064455 13
-0.00547621 9
-0.00441548 11
-0.00355093 14
-0.00232899 9
-0.00149827 11
-0.000389975 6
0.000499746 7
0.00147316 11
0.00265886 16
0.00364822 10
0.00451329 11
0.00551046 11
0.00651834 8
0.00743748 10
0.00846293 14
0.00946254 11
0.0104905 9
0.0113754 16
0.0125519 10
0.0136626 5
0.0145168 10
0.0154819 13
0.0166325 11
0.0174446 10
0.0185669 12
0.0194692 14
0.0203871 9
0.0215472 19
0.0225749 14
0.0234148 10
0.0245654 8
0.0255399 6
0.0267254 10
0.0274148 12
0.0284552 17
0.0294627 6
0.0304933 12
0.0314386 11
0.0326864 7
0.0334044 18
0.0344928 6
0.035267 7
0.0364967 18
0.0374821 9
0.0383994 12
0.039486 11
0.040596 10
0.0415956 8
0.0424102 10
0.0434026 20
0.0443297 14
0.0455627 10
0.0464219 6
0.0475003 7
0.0485498 6
0.0495614 5
0.0504222 4
0.0513319 12
0.0525459 14
0.0535425 17
0.0543526 12
0.0554566 9
0.0564806 7
0.0575662 7
0.0584854 11
0.0595188 12
0.0604321 9
0.0612271 9
0.062489 14
0.0634108 9
0.06446 9
0.0652959 16
0.0663545 12
0.067514 8
0.0683182 13
0.0695333 7
0.0704206 6
0.071434 10
0.0723415 9
0.0735015 14
0.0743924 6
0.0753325 12
0.0762987 6
0.0773747 15
0.0784094 16
0.0792784 15
0.0804523 16
0.0815312 9
0.0826297 9
0.0833396 7
0.084438 15
0.0854374 12
0.0864534 10
0.0874466 16
0.0884453 7
0.0893602 13
0.0904787 9
0.0914599 8
0.0923599 5
0.0934645 13
0.0944037 10
0.0953515 9
0.0963327 2
0.0974248 12
0.0984362 8
0.0994489 11
0.0999104 1
