-0.0995166 13
-0.0984512 10
-0.0973814 11
-0.0964906 10
-0.0953155 11
-0.0945547 11
-0.0934718 10
-0.0923053 10
-0.0914055 12
-0.0904877 10
-0.0892759 14
-0.0884058 6
-0.0875595 12
-0.0864967 7
-0.0855216 9
-0.0844348 11
-0.0833691 14
-0.0824514 11
-0.0815786 8
-0.080345 9
-0.0793591 8
-0.0783272 4
-0.0774645 4
-0.0765654 6
-0.075454 14
-0.0744145 8
-0.073412 12
-0.0723978 15
-0.0715933 7
-0.0704803 7
-0.0695094 9
-0.0684891 13
-0.0673422 11
-0.0663347 8
-0.0654917 9
-0.0642781 7
-0.0635817 9
-0.0623654 12
-0.0614623 9
-0.0603829 14
-0.0595728 10
-0.0583555 8
-0.0573326 14
-0.056275 13
-0.0555508 8
-0.0543763 10
-0.053245 4
-0.0525364 18
-0.0514395 13
-0.0505874 11
-0.0494272 9
-0.0485231 14
-0.0475189 21
-0.0464245 9
-0.0456393 13
-0.0444946 14
-0.0435395 9
-0.0426214 12
-0.0414429 6
-0.0404863 9
-0.0395765 15
-0.0384467 15
-0.0373815 14
-0.0365221 15
-0.035483 8
-0.034578 18
-0.0335473 8
-0.0323814 7
-0.0314932 9
-0.0305447 14
-0.0293853 12
-0.0285093 10
-0.0273841 9
-0.0265068 12
-0.0256355 15
-0.0245591 12
-0.0235313 13
-0.022524 9
-0.0214053 13
-0.0203707 12
-0.0192911 12
-0.0182812 10
-0.017386 11
-0.0163338 11
-0.0154928 10
-0.0143179 9
-0.0135541 15
-0.0125418 8
-0.0115281 16
-0.010394 12
-0.00931602 10
-0.00852403 10
-0.00750382 11
-0.00636904 13
-0.00564994 15
-0.00453455 12
-0.0036526 10
-0.00243905 8
-0.00152184 7
-0.000490348 14
0.000589407 9
0.00150188 10
0.00265296 11
0.00364232 6
0.00452231 17
0.005439 13
0.00645144 18
0.00772893 5
0.0084445 8
0.0095101 11
0.0106081 6
0.0115434 9
0.0125717 11
0.0134762 12
0.0145146 10
0.0153903 15
0.0164735 10
0.0175526 12
0.0184957 6
0.0193767 9
0.020567 13
0.0215623 15
0.0225943 7
0.0235047 12
0.0245745 6
0.0253735 7
0.0263956 7
0.0274442 8
0.0285462 7
0.0294851 7
0.03046 11
0.0314366 12
0.032346 11
0.0335676 11
0.0345994 11
0.0354836 13
0.0364444 9
0.0375588 6
0.0386235 7
0.0396949 9
0.0403572 8
0.0414704 10
0.0424669 11
0.0434567 7
0.0445372 17
0.045551 9
0.0465948 16
0.0477184 7
0.0485967 8
0.0495343 9
0.0504991 16
0.0516535 7
0.0525312 5
0.0535862 8
0.0545982 8
0.0554644 9
0.056316 9
0.0575336 8
0.0585713 6
0.0594841 5
0.0605227 13
0.0615286 7
0.0624599 7
0.0633049 5
0.0645394 18
0.0656286 13
0.0666779 13
0.0674815 14
0.0686381 8
0.0695192 11
0.0704961 16
0.0716908 7
0.0724195 13
0.0735285 9
0.0745327 10
0.0754386 11
0.0766017 9
0.0775991 11
0.0784683 10
0.0793531 8
0.0804543 8
0.0815422 9
0.0825699 14
0.0834228 12
0.0844517 15
0.0853505 9
0.0864795 6
0.0874115 9
0.0884735 12
0.0895474 6
0.090498 14
0.0916044 11
0.0924983 10
0.093392 12
0.0943929 13
0.0954365 11
0.0963679 12
0.0973402 10
0.0984438 6
0.0994125 3
0.0999915 1
