-0.0995237 36
-0.0984813 33
-0.0974831 34
-0.0964885 26
-0.0954053 43
-0.0945023 45
-0.0934444 30
-0.092491 28
-0.0914957 23
-0.0905274 33
-0.0895692 28
-0.0884902 38
-0.0875699 33
-0.0864762 35
-0.0855512 29
-0.084535 33
-0.0835002 42
-0.0825241 30
-0.0815459 34
-0.0804209 32
-0.0794802 28
-0.0785897 25
-0.0774613 31
-0.0764931 27
-0.0755235 30
-0.0745329 27
-0.0734433 34
-0.0725337 28
-0.0713926 31
-0.0704832 27
-0.0694899 28
-0.068634 30
-0.0675496 31
-0.0664414 26
-0.065435 23
-0.0644813 39
-0.0635047 24
-0.0624203 39
-0.0615044 30
-0.0604903 36
-0.0594493 26
-0.0584738 27
-0.0574868 29
-0.056612 27
-0.0555078 27
-0.0544618 37
-0.0534508 30
-0.0525004 25
-0.0514571 33
-0.0506062 26
-0.0494623 32
-0.0485334 33
-0.0474574 24
-0.0464604 24
-0.0455674 33
-0.0444583 24
-0.0435466 29
-0.0424688 33
-0.0415498 24
-0.0405821 26
-0.0395562 36
-0.038423 32
-0.0374164 28
-0.036524 33
-0.0354538 40
-0.0345326 36
-0.0334285 41
-0.0324814 22
-0.0315032 31
-0.030504 37
-0.0295071 30
-0.0284622 36
-0.0275066 26
-0.0264485 27
-0.0255164 39
-0.0245149 32
-0.0235167 36
-0.0223994 27
-0.021606 29
-0.02053 26
-0.0194868 28
-0.0185221 29
-0.0175794 23
-0.0165251 37
-0.0153571 22
-0.0145233 32
-0.0135414 24
-0.0125121 33
-0.0116094 26
-0.0104491 34
-0.00949868 33
-0.00854698 31
-0.00743627 38
-0.00651208 31
-0.00559796 24
-0.00446376 31
-0.0034738 38
-0.00249129 35
-0.0015462 31
-0.00055153 28
0.000587819 34
0.00151382 33
0.00245419 39
0.00344368 31
0.004522 21
0.00545002 29
0.00648921 33
0.00749951 31
0.00844545 24
0.00939444 29
0.0104374 31
0.0115666 25
0.0124416 29
0.0135011 31
0.0144351 32
0.0155444 30
0.0164606 32
0.0174459 28
0.0185061 26
0.0195432 20
0.020535 29
0.0215347 26
0.022563 35
0.0234888 27
0.0244907 22
0.0254739 29
0.0264379 38
0.0275822 25
0.0285482 31
0.029503 33
0.0305794 35
0.0315187 28
0.0324914 29
0.0334766 34
0.0344312 44
0.035503 41
0.0364275 27
0.0375165 30
0.0385196 31
0.0395369 32
0.0404449 24
0.0415709 22
0.0426151 24
0.0434818 26
0.0444442 35
0.0455757 31
0.0464522 30
0.0474603 38
0.0484856 35
0.0494857 28
0.0505068 30
0.0515043 28
0.0524818 35
0.053499 45
0.0544169 42
0.0555124 36
0.0564698 44
0.0575183 40
0.0585501 28
0.0595636 34
0.0606078 25
0.0614454 26
0.062462 33
0.0633889 35
0.064376 27
0.0654946 35
0.0665057 31
0.0675397 18
0.0684693 27
0.0695177 34
0.0704956 32
0.0715863 33
0.0725818 26
0.073501 27
0.0744238 33
0.0754693 32
0.0763833 29
0.0775067 33
0.0784911 39
0.0794907 37
0.0804135 27
0.0814263 30
0.0824001 28
0.0834087 43
0.0845216 21
0.0855163 34
0.086375 29
0.08746 35
0.0885049 32
0.0894169 38
0.0904889 32
0.09145 33
0.0925386 32
0.0934526 29
0.0945225 32
0.095471 27
0.0964185 30
0.0974471 29
0.0985165 25
0.0994937 27
0.0999712 1
