-0.127238 1
0 0
0 0
0 0
-0.114521 1
0 0
0 0
-0.108379 1
0 0
0 0
0 0
0 0
-0.0937293 1
-0.0921279 5
-0.0884475 1
-0.0857868 1
-0.0848043 5
-0.081944 4
-0.0797771 3
0 0
-0.0739948 5
-0.0707441 1
-0.0691562 1
-0.0658605 5
0 0
-0.0598879 2
-0.0579265 3
-0.0554789 6
-0.0529183 6
-0.0503664 2
-0.0477471 4
0 0
-0.0425248 5
-0.0411003 1
0 0
-0.0343067 4
-0.03309 2
-0.0301004 4
-0.0269289 6
-0.0233295 1
-0.0224792 2
-0.0198777 1
0 0
-0.0137689 5
-0.0111883 1
-0.00904141 5
-0.00490694 2
-0.00322172 3
-0.000207594 18
0.00178302 4
0.00543313 1
0.00607218 1
0.00883502 4
0.0125295 2
0.0140886 2
0.0175003 5
0.02018 3
0.0225875 1
0.0252155 5
0.0279027 3
0.0310769 3
0.0339458 2
0.0361132 1
0.0384296 1
0.0412471 1
0.0441034 3
0.0460436 6
0 0
0.0516453 3
0.0542324 4
0.0567749 5
0.0599372 2
0.062924 1
0.0642676 2
0.0672595 4
0.0693067 3
0.0723227 3
0.0734544 1
0.0774313 1
0.0789787 1
0.0825551 4
0.0855248 3
0.0875601 6
0 0
0.0929772 4
0 0
0 0
0.0998535 2
0 0
0 0
0 0
0.110703 1
0.112772 1
0 0
0.119043 1
0 0
0.123622 1
0.125744 1
0.129793 2
0.131411 1
0 0
0.13608 2
0.138631 1
0 0
0 0
0 0
0 0
0 0
0.155349 4
0.158297 3
0.161074 2
0 0
0.166714 1
0 0
0 0
0.17393 1
0 0
0.178902 2
0.182351 2
0.183077 1
0.186124 1
0.18898 3
0 0
0 0
0.196849 2
0 0
0 0
0 0
0 0
0 0
0 0
0 0
0 0
0 0
0.223058 1
0.225931 1
0 0
0 0
0.234846 1
0 0
0 0
0 0
0 0
0.246032 1
0 0
0 0
0 0
0 0
0 0
0 0
0.264948 1
0 0
0 0
0.272158 1
0 0
0.276834 1
0.280896 1
0 0
0 0
0.288251 1
0.291447 1
0 0
0 0
0 0
0 0
0 0
0 0
0 0
0 0
0 0
0 0
0.320628 1
0 0
0 0
0 0
0.329762 1
0 0
0 0
0 0
0 0
0 0
0 0
0 0
0 0
0 0
0 0
0 0
0 0
0.363946 2
0 0
0.369156 1
0 0
0 0
0 0
0 0
0 0
0 0
0 0
0 0
0 0
0.393916 1
