-0.28899 1
0 0
0 0
-0.277476 1
-0.272694 1
0 0
0 0
0 0
0 0
0 0
0 0
0 0
-0.248333 2
0 0
0 0
0 0
-0.2349 1
0 0
0 0
-0.225633 2
0 0
-0.217678 1
-0.214193 1
-0.211825 4
-0.208161 1
0 0
-0.202199 2
0 0
-0.196066 1
-0.194057 1
-0.188321 1
-0.185543 2
-0.18131 2
-0.179678 4
-0.175484 1
0 0
-0.169773 3
-0.166686 1
-0.163374 3
-0.159966 1
-0.156243 3
-0.154146 1
-0.150345 6
-0.146685 3
-0.143666 3
-0.141235 1
-0.137149 5
-0.133297 4
-0.130099 4
-0.128081 3
-0.122929 5
-0.119909 1
-0.117042 1
-0.114328 3
-0.110837 8
-0.107171 12
-0.104045 4
-0.0997609 2
-0.0978753 4
-0.0937767 7
-0.0911161 10
-0.0877032 5
-0.0848538 7
-0.0818442 4
-0.0781715 6
-0.074482 4
-0.0718654 6
-0.0677342 6
-0.0647639 7
-0.0619925 11
-0.058345 6
-0.0551072 7
-0.0512787 7
-0.0483603 6
-0.0453878 8
-0.0419731 11
-0.0394471 3
-0.0358976 4
-0.0318255 6
-0.0290892 8
-0.0255933 7
-0.0223781 11
-0.019544 9
-0.0151197 4
-0.0123824 5
-0.0095796 4
-0.00628656 13
-0.00249475 3
0.000587333 9
0.0038344 2
0.00683959 6
0.0102772 5
0.0139301 5
0.0165823 8
0.02018 10
0.0237712 7
0.0275054 2
0.0297626 4
0.0326877 5
0.0369851 10
0.0391136 5
0.0433098 8
0.0462096 9
0.0495363 9
0.0524299 5
0.0556378 6
0.0597887 7
0.063142 4
0.0660607 5
0.0696493 4
0.0727175 5
0.0760023 4
0.0791717 6
0.0818579 6
0.0860049 4
0.0890632 2
0.092373 1
0.0960941 4
0.0990075 2
0.10216 3
0.106213 1
0.108163 2
0.111423 4
0.115088 3
0.118514 3
0.12054 2
0.12395 3
0.128924 3
0.131283 2
0.13453 3
0.137295 2
0.141585 1
0.143876 3
0.14865 5
0.151164 2
0.154122 2
0.158268 1
0.160537 4
0.163574 2
0.167357 3
0.170805 6
0.175406 1
0.176753 3
0.180784 3
0.183687 3
0.186278 4
0.191218 2
0 0
0 0
0 0
0 0
0 0
0.210368 2
0.213005 1
0 0
0.220453 2
0.224559 1
0.227232 2
0.228144 1
0.231687 1
0.236402 2
0.239231 2
0.244158 1
0 0
0 0
0 0
0 0
0.260314 1
0.262251 2
0 0
0 0
0.271939 1
0 0
0.278412 1
0.282521 2
0 0
0.288904 1
0 0
0 0
0 0
0.300355 1
0 0
0 0
0 0
0 0
0 0
0 0
0.324164 1
0 0
0 0
0 0
0 0
0 0
0 0
0 0
0 0
0 0
0 0
0 0
0 0
0.365308 1
