-0.320499 1
0 0
-0.31207 1
0 0
0 0
0 0
0 0
0 0
0 0
0 0
0 0
-0.284266 1
-0.280582 1
0 0
0 0
-0.270766 1
-0.265901 1
0 0
-0.260494 1
0 0
0 0
-0.251212 2
0 0
-0.243263 1
-0.24145 1
0 0
0 0
-0.230592 1
-0.229613 1
-0.223839 1
-0.220726 1
-0.220116 1
-0.214881 1
-0.211138 1
-0.208853 1
-0.207531 1
0 0
-0.200203 2
-0.196379 3
-0.193999 2
-0.189333 1
-0.185673 3
-0.183419 2
-0.180487 2
-0.178494 1
0 0
-0.170966 4
-0.166575 2
-0.164559 8
-0.160777 5
-0.158839 1
-0.153842 2
-0.151072 6
-0.148043 3
-0.145316 3
-0.14083 2
-0.138873 3
-0.135281 4
-0.130385 1
-0.129174 4
-0.125307 6
-0.120891 1
-0.119097 3
-0.11653 3
-0.112624 8
-0.109947 5
-0.105859 3
-0.102768 5
-0.0986788 2
-0.0967483 6
-0.0933647 6
-0.0899041 3
-0.0866586 8
-0.0835864 9
-0.0802925 6
-0.0775372 9
-0.0738649 15
-0.0706339 5
-0.0674801 7
-0.0637596 8
-0.061496 9
-0.057608 4
-0.0540397 3
-0.0517993 4
-0.0480418 4
-0.0450565 8
-0.0418837 10
-0.0387481 6
-0.0355067 9
-0.0318994 13
-0.0292184 9
-0.0264552 4
-0.022043 9
-0.0186666 6
-0.0157286 4
-0.0121947 5
-0.00962933 6
-0.00700427 6
-0.00367944 2
2.66313e-05 4
0.0028625 9
0.00657706 6
0.0101634 3
0.0118661 3
0.0167539 6
0.0190516 4
0.0233277 5
0.0262831 6
0.0299167 4
0.0325902 6
0.0358511 6
0.0390635 8
0.0417693 4
0.0455593 6
0.04857 5
0.0515022 5
0.055294 3
0.0577288 3
0.0620347 3
0.0640657 1
0.0677464 2
0.0711424 8
0.0743927 5
0.0769609 7
0.0812245 5
0.0839904 8
0.0865351 6
0.0905495 7
0.0937201 4
0.096539 2
0.100582 1
0.103779 3
0 0
0 0
0.114155 1
0.11633 2
0.119091 4
0.121915 2
0.125394 1
0 0
0.132581 3
0.135115 1
0 0
0.142089 3
0.146576 1
0.147711 5
0.151406 4
0.153837 1
0.158312 2
0.160511 2
0.163802 3
0.167241 4
0.170965 3
0.172575 1
0.175982 1
0.181179 2
0 0
0 0
0.190484 1
0.192609 2
0.19658 1
0.201097 1
0.202083 1
0.207775 1
0.209802 3
0 0
0 0
0 0
0 0
0.225621 1
0.229438 2
0.231722 2
0 0
0.238885 1
0.242463 2
0.244388 3
0.24733 1
0 0
0 0
0.258395 2
0.25999 1
0 0
0.269023 1
0 0
0.274692 1
0 0
0 0
0.283938 1
0.285457 1
0 0
0.29202 1
0 0
0 0
0.303128 3
0 0
0 0
0 0
0 0
0 0
0 0
0.324008 1
