0 11.891190 
59999 80.618065 
119998 83.948395 
179997 85.948593 
239996 87.278725 
299995 88.478851 
359994 89.108910 
419993 89.788979 
479992 90.309029 
539991 90.279030 
599990 90.699066 
659989 9.800981 
719988 9.800981 
779987 9.800981 
839986 9.800981 
899985 9.800981 
959984 9.800981 
1019983 9.800981 
1079982 9.800981 
1139981 9.800981 
1199980 9.800981 
1259979 9.800981 
1319978 9.800981 
1379977 9.800981 
1439976 9.800981 
1499975 9.800981 
1559974 9.800981 
1619973 9.800981 
1679972 9.800981 
1739971 9.800981 
1799970 9.800981 
1859969 9.800981 
1919968 9.800981 
1979967 9.800981 
2039966 9.800981 
2099965 9.800981 
2159964 9.800981 
2219963 9.800981 
2279962 9.800981 
2339961 9.800981 
2399960 9.800981 
2459959 9.800981 
2519958 9.800981 
2579957 9.800981 
2639956 9.800981 
2699955 9.800981 
2759954 9.800981 
2819953 9.800981 
2879952 9.800981 
2939951 9.800981 
2999950 9.800981 
3059949 9.800981 
3119948 9.800981 
3179947 9.800981 
3239946 9.800981 
3299945 9.800981 
3359944 9.800981 
3419943 9.800981 
3479942 9.800981 
3539941 9.800981 
3599940 9.800981 
3659939 9.800981 
3719938 9.800981 
3779937 9.800981 
3839936 9.800981 
3899935 9.800981 
3959934 9.800981 
4019933 9.800981 
4079932 9.800981 
4139931 9.800981 
4199930 9.800981 
4259929 9.800981 
4319928 9.800981 
4379927 9.800981 
4439926 9.800981 
4499925 9.800981 
4559924 9.800981 
4619923 9.800981 
4679922 9.800981 
4739921 9.800981 
4799920 9.800981 
4859919 9.800981 
4919918 9.800981 
4979917 9.800981 
5039916 9.800981 
5099915 9.800981 
5159914 9.800981 
5219913 9.800981 
5279912 9.800981 
5339911 9.800981 
5399910 9.800981 
5459909 9.800981 
5519908 9.800981 
5579907 9.800981 
5639906 9.800981 
5699905 9.800981 
5759904 9.800981 
5819903 9.800981 
5879902 9.800981 
5939901 9.800981 
