-0.0992895 13
-0.0982698 10
-0.0972221 12
-0.0962688 12
-0.095311 11
-0.0942285 8
-0.0932411 12
-0.0923373 6
-0.0912149 10
-0.0902645 9
-0.0892744 19
-0.0883438 19
-0.0873681 13
-0.0863041 11
-0.0853631 18
-0.0843536 7
-0.0833453 12
-0.0821956 8
-0.0813799 7
-0.0803281 10
-0.0794524 12
-0.0782423 13
-0.0773018 13
-0.0762967 10
-0.0752225 12
-0.0744054 8
-0.0731871 8
-0.0724223 18
-0.0711292 4
-0.0703043 13
-0.0693841 11
-0.0683406 14
-0.0674689 10
-0.0664956 9
-0.0653102 15
-0.064437 7
-0.0632007 7
-0.0624724 12
-0.0612862 9
-0.0603655 12
-0.0593649 13
-0.0585024 4
-0.0571831 12
-0.0562448 7
-0.0552899 10
-0.054405 9
-0.0532766 14
-0.0525698 7
-0.0515277 11
-0.0503504 12
-0.049379 9
-0.048229 12
-0.0473581 12
-0.0462483 9
-0.0453931 10
-0.0444307 13
-0.0432557 6
-0.0424897 8
-0.0414254 14
-0.0403773 20
-0.0395324 11
-0.038373 20
-0.0373845 19
-0.0364007 9
-0.0356068 9
-0.0344471 8
-0.0331864 7
-0.0323838 11
-0.0313804 17
-0.0303808 4
-0.0292879 7
-0.0285284 13
-0.027286 14
-0.0264187 14
-0.025458 9
-0.0243675 6
-0.0234201 19
-0.0226131 8
-0.0214942 10
-0.0204001 10
-0.0197144 9
-0.0184174 2
-0.0173814 16
-0.016445 8
-0.0155362 11
-0.0144153 14
-0.0135031 9
-0.012381 17
-0.0113949 11
-0.0105849 10
-0.00941738 8
-0.00869025 8
-0.00756979 7
-0.00652918 6
-0.0056211 4
-0.0045534 11
-0.00349532 9
-0.00228894 12
-0.00148415 21
-0.000355066 5
0.000657692 12
0.00144904 7
0.00239506 8
0.00354491 16
0.00445021 17
0.00540901 11
0.0064849 2
0.00744235 11
0.00847669 9
0.00935383 11
0.0106088 14
0.0116688 12
0.0124002 7
0.0135586 11
0.014578 8
0.0155626 11
0.0165365 13
0.0175284 17
0.0185101 13
0.0196986 12
0.0204898 9
0.0213843 7
0.0227174 11
0.0233049 15
0.0244635 13
0.0255132 8
0.0264255 11
0.02743 11
0.0285097 11
0.0296217 13
0.0305557 9
0.0315062 12
0.0323531 9
0.033631 7
0.034655 6
0.0354306 12
0.0366457 13
0.0375035 8
0.0383254 14
0.0393529 15
0.0404723 8
0.04145 14
0.0424886 16
0.0434538 4
0.0444301 6
0.0453235 11
0.0464614 11
0.0474957 10
0.0484843 13
0.0495137 7
0.0504672 10
0.051351 8
0.0522676 13
0.0534046 9
0.0545307 13
0.0553538 16
0.0563784 9
0.057511 8
0.0583258 10
0.0594528 8
0.0603792 11
0.0613989 11
0.0624248 12
0.0633067 15
0.0643815 14
0.0654788 8
0.0662732 12
0.067487 10
0.0683903 9
0.0693408 10
0.0702772 7
0.0714391 16
0.0723823 6
0.0733872 13
0.0741683 7
0.0753893 7
0.0764889 11
0.0773352 9
0.0785068 7
0.0794833 6
0.0803884 13
0.0814553 11
0.0822471 8
0.083458 5
0.0842562 12
0.08521 8
0.0864449 6
0.0872715 5
0.088384 6
0.0893167 11
0.0903501 8
0.0912626 17
0.0922542 10
0.0932654 12
0.0943156 9
0.0954228 10
0.0964113 13
0.0974171 10
0.0982159 7
0.0991413 10
0.0998007 1
