-0.099428 36
-0.0984683 27
-0.0974385 45
-0.0965175 31
-0.0955073 30
-0.0944643 26
-0.0935125 29
-0.0925271 33
-0.0913928 36
-0.0904805 24
-0.0894142 33
-0.0884926 30
-0.0874269 32
-0.0864905 34
-0.0855294 31
-0.0845436 30
-0.0834661 36
-0.0825366 39
-0.0814517 26
-0.0804624 42
-0.0794248 33
-0.0784464 24
-0.0774164 31
-0.0763743 26
-0.075461 38
-0.0744407 26
-0.0734416 43
-0.0725076 36
-0.0714891 26
-0.0704409 31
-0.0694673 30
-0.0684684 27
-0.0674821 36
-0.0664075 32
-0.0654962 24
-0.0644902 26
-0.0633438 30
-0.0625579 42
-0.0614615 30
-0.0604652 29
-0.0595301 27
-0.058476 27
-0.0574087 25
-0.0564532 28
-0.0554921 31
-0.0545833 24
-0.053503 34
-0.0525311 32
-0.0515387 34
-0.0504825 40
-0.0494673 29
-0.0485042 30
-0.0473754 30
-0.0464816 31
-0.0455449 40
-0.0444576 27
-0.043567 27
-0.0424048 29
-0.0414236 36
-0.040574 28
-0.0395145 36
-0.0384771 27
-0.0374883 30
-0.0364302 35
-0.0355755 31
-0.0344519 35
-0.0335751 30
-0.032553 33
-0.0315486 27
-0.0304443 26
-0.0295539 34
-0.028469 30
-0.027438 26
-0.0264809 33
-0.0254224 30
-0.0244455 25
-0.0234671 31
-0.0224892 37
-0.0215917 29
-0.0205365 39
-0.0195144 24
-0.0185508 26
-0.0175571 30
-0.0164766 36
-0.0155123 28
-0.0145449 33
-0.0135178 30
-0.0124307 29
-0.0115306 33
-0.0105373 28
-0.00951826 24
-0.00847042 29
-0.00754718 29
-0.00660836 28
-0.0055525 24
-0.00446272 41
-0.00349116 28
-0.00251846 28
-0.00146723 22
-0.000528251 29
0.000573032 33
0.00146046 29
0.0025461 29
0.00348481 31
0.00454887 33
0.00552161 30
0.00654667 25
0.00752504 31
0.00852349 35
0.00954648 26
0.0105373 34
0.0115459 26
0.0125581 32
0.0134338 34
0.0145463 35
0.0154598 32
0.0164778 37
0.0174256 31
0.0185784 33
0.0195694 30
0.0204278 27
0.0214677 36
0.0225483 33
0.0234328 29
0.0244363 36
0.0255101 32
0.026453 22
0.0274547 32
0.0284443 31
0.0294717 30
0.0304594 35
0.0315371 26
0.0325043 32
0.0334584 30
0.0345227 32
0.0354705 34
0.036473 31
0.0375564 29
0.0385381 35
0.0394751 31
0.0405032 41
0.0414682 34
0.0425702 28
0.0434368 35
0.0444849 36
0.0455079 29
0.0465153 35
0.0474581 30
0.0484728 31
0.049422 22
0.050426 23
0.0513515 26
0.0524308 28
0.0534837 38
0.054449 22
0.0553907 35
0.0565077 28
0.057411 31
0.0584869 35
0.0595437 33
0.0605335 31
0.061473 28
0.0624395 33
0.0634282 30
0.0643783 26
0.0655054 30
0.0665023 34
0.0675332 35
0.0683968 34
0.0694108 30
0.0704225 31
0.0714964 31
0.0724716 30
0.0734856 33
0.0745151 32
0.0755397 27
0.0764676 32
0.0774195 22
0.0784069 30
0.0794809 27
0.0804478 25
0.0814596 30
0.0823983 29
0.0834145 37
0.0845223 31
0.0854952 40
0.0865005 21
0.0874537 42
0.0885247 34
0.0894692 22
0.0905711 30
0.0914852 25
0.092437 28
0.0934015 22
0.0944839 34
0.0954336 33
0.0964373 30
0.0974978 32
0.0984035 33
0.099437 39
0.0999628 1
