-0.0994536 10
-0.0984331 13
-0.0974361 11
-0.096321 13
-0.0954138 10
-0.0943165 10
-0.0934293 10
-0.0927426 7
-0.0914004 13
-0.0905749 10
-0.0893907 16
-0.088466 12
-0.0874416 9
-0.0864612 14
-0.0854048 16
-0.0843462 12
-0.0834558 12
-0.0822065 9
-0.0813922 7
-0.0803968 9
-0.079437 6
-0.0784068 9
-0.0776963 4
-0.0765212 13
-0.0754498 13
-0.074358 18
-0.0733364 15
-0.0725389 7
-0.0715922 10
-0.0702987 11
-0.0695129 9
-0.0684371 10
-0.0675407 11
-0.0668636 1
-0.0653559 19
-0.0643957 14
-0.0634529 8
-0.062371 12
-0.0613846 11
-0.0605699 7
-0.0594756 9
-0.0583568 16
-0.0573459 7
-0.0564373 12
-0.0553804 8
-0.0542931 6
-0.0533752 10
-0.052499 14
-0.0515126 12
-0.050354 15
-0.0494435 12
-0.0483516 12
-0.0472817 11
-0.0465264 9
-0.0454235 5
-0.04444 15
-0.0433894 7
-0.0424098 8
-0.0414535 9
-0.0405658 10
-0.039304 8
-0.0384681 8
-0.037482 9
-0.0364167 11
-0.0355383 8
-0.0344718 11
-0.0333297 5
-0.0324721 8
-0.0314669 20
-0.0305074 17
-0.0295037 9
-0.0284713 13
-0.0273784 13
-0.0264926 7
-0.0255329 6
-0.0245733 9
-0.0235138 16
-0.0223635 9
-0.0213711 11
-0.0204857 14
-0.0195909 11
-0.0186275 9
-0.0174601 12
-0.0167491 11
-0.0156118 13
-0.0145713 14
-0.0133568 6
-0.0124677 13
-0.0113751 13
-0.0104985 10
-0.00954553 11
-0.0084922 8
-0.00742951 13
-0.00644028 12
-0.0054596 8
-0.00441522 13
-0.0035216 10
-0.00240402 12
-0.00142498 8
-0.00048908 19
0.000500884 7
0.00164654 10
0.00255885 9
0.00353218 14
0.00437868 8
0.0055254 12
0.00634023 8
0.0075288 12
0.00845248 14
0.0095954 8
0.0103897 8
0.0115586 7
0.0124684 6
0.0136195 8
0.0145296 14
0.0155209 15
0.0162269 4
0.0176095 13
0.0185002 10
0.0195222 11
0.020452 10
0.021632 5
0.0225246 18
0.0236092 14
0.0244188 8
0.0255253 9
0.0265022 12
0.0274667 19
0.0285349 8
0.0295397 11
0.030648 10
0.0315417 10
0.0326581 10
0.0335328 11
0.0345903 14
0.0356768 12
0.0366451 8
0.0374787 10
0.0385897 6
0.0394689 14
0.0405542 8
0.0413821 9
0.0425634 5
0.0433529 7
0.0444079 13
0.0455815 4
0.04647 7
0.0475321 11
0.0484849 16
0.0494318 9
0.0506184 9
0.0515461 8
0.0526727 12
0.0534617 4
0.0546024 5
0.0556594 10
0.0565138 9
0.0574049 8
0.0583411 9
0.0595346 8
0.0605369 11
0.0615324 8
0.0626067 3
0.0637806 5
0.0645974 12
0.0653942 9
0.0664315 11
0.0674444 15
0.068402 10
0.0695684 13
0.0704867 9
0.0714496 13
0.0725904 9
0.0734748 10
0.074387 10
0.0755961 10
0.0764954 8
0.0775787 7
0.0783324 11
0.079529 12
0.0806712 9
0.0813762 7
0.0824831 14
0.0835124 10
0.0844636 12
0.0854091 11
0.0866029 12
0.0874579 6
0.0881573 12
0.0896249 9
0.0905655 11
0.0915998 13
0.0925315 5
0.0933197 15
0.0945552 18
0.095591 10
0.0965869 10
0.0974453 15
0.0985496 9
0.0997106 11
0.0999825 1
