-0.477681 1
-0.467281 1
0 0
0 0
0 0
0 0
0 0
-0.437794 1
0 0
-0.422728 1
-0.418844 1
-0.414647 1
-0.408594 3
-0.401635 1
-0.39921 1
0 0
0 0
0 0
-0.376429 2
-0.369666 3
-0.361432 1
-0.359276 2
-0.351373 2
-0.345677 3
-0.340134 4
-0.33562 9
-0.330627 3
-0.323967 8
-0.31771 7
-0.314389 3
-0.30753 5
-0.302197 14
-0.296239 8
-0.292224 6
-0.285598 13
-0.279635 14
-0.274713 9
-0.269705 12
-0.262863 13
-0.258354 6
-0.252614 8
-0.246345 11
-0.240356 15
-0.2351 16
-0.230243 12
-0.224011 13
-0.21874 18
-0.212937 17
-0.20724 16
-0.201024 8
-0.196455 14
-0.191001 8
-0.184877 14
-0.178825 18
-0.173514 14
-0.168284 11
-0.163711 13
-0.15681 9
-0.1525 12
-0.147115 12
-0.140303 11
-0.135716 11
-0.129634 8
-0.123176 8
-0.119016 11
-0.113101 11
-0.10675 14
-0.101245 10
-0.0963345 11
-0.0904058 18
-0.0846114 9
-0.0792755 12
-0.073444 14
-0.0678199 14
-0.0623618 21
-0.0571675 15
-0.0515797 22
-0.0463016 17
-0.040511 25
-0.0351069 28
-0.0289444 34
-0.023238 47
-0.017885 64
-0.0118752 63
-0.00650921 132
-0.000624431 455
0.00357668 178
0.00955767 96
0.0151477 67
0.0210311 40
0.0264503 32
0.0321919 20
0.0373519 10
0.0431891 11
0.0483103 18
0.0542318 10
0.0593636 7
0.06474 4
0.0706611 2
0.0758588 1
0 0
0 0
0 0
0 0
0.104018 1
0 0
0 0
0 0
0 0
0 0
0.140033 1
0.142469 1
0 0
0 0
0 0
0 0
0 0
0 0
0 0
0 0
0 0
0 0
0 0
0 0
0 0
0 0
0 0
0 0
0.236241 1
0 0
0 0
0 0
0.261753 1
0 0
0 0
0.277683 1
0.284531 1
0.288382 2
0 0
0.299765 1
0 0
0 0
0.3155 1
0 0
0.325216 1
0.331467 2
0.336584 1
0.346516 1
0 0
0.356584 1
0.361744 2
0 0
0 0
0 0
0.380496 1
0 0
0.392058 1
0 0
0 0
0.411451 1
0.415616 1
0.421614 2
0.428527 2
0 0
0.438595 2
0 0
0.448959 1
0.457903 1
0 0
0.46481 2
0.47452 1
0.477567 1
0.484495 2
0.489242 1
0 0
0.502949 1
0.508177 1
0 0
0 0
0.51987 1
0 0
0.534277 2
0 0
0.546374 1
0 0
0 0
0.560028 1
0.566901 1
0.570427 1
0.579792 1
0.586064 1
0 0
0.595567 1
0 0
0 0
0 0
0 0
0.623899 1
0 0
0 0
0.636692 1
