-0.881517 3
0 0
0 0
0 0
0 0
-0.832683 1
0 0
-0.809036 1
-0.806394 1
-0.794775 1
0 0
0 0
0 0
-0.750128 1
-0.748135 1
-0.733909 1
0 0
0 0
0 0
0 0
0 0
0 0
0 0
0 0
0 0
0 0
0 0
0 0
0 0
0 0
0 0
0 0
0 0
0 0
0 0
0 0
0 0
0 0
0 0
0 0
0 0
0 0
0 0
0 0
0 0
0 0
0 0
0 0
0 0
0 0
0 0
-0.38408 1
-0.368346 1
0 0
-0.346941 1
0 0
-0.333314 1
0 0
0 0
-0.304509 2
0 0
0 0
-0.272455 1
-0.264304 2
-0.249143 1
-0.242009 1
-0.230781 4
-0.222486 5
-0.214578 4
-0.202952 3
-0.194207 5
-0.183432 8
-0.17448 12
-0.164028 18
-0.154068 11
-0.144129 20
-0.134674 19
-0.125248 13
-0.115174 18
-0.105883 18
-0.0952647 21
-0.0867859 35
-0.0764789 20
-0.0662273 37
-0.0573928 28
-0.0472766 23
-0.03631 29
-0.0260289 12
-0.0168337 20
-0.0087557 15
-0.000869208 6
0 0
0.0225506 3
0.0330069 1
0.0466004 1
0 0
0 0
0.0682397 2
0 0
0 0
0.0990176 2
0.105683 1
0.119668 1
0 0
0 0
0 0
0 0
0 0
0.180508 3
0.192115 2
0.194521 1
0.206512 1
0.217835 2
0.224772 1
0.241499 2
0.245357 1
0.2616 1
0.269241 3
0.273209 2
0.286495 2
0.297105 3
0 0
0 0
0.328903 1
0.338837 1
0 0
0.353382 1
0 0
0.373321 1
0.387599 1
0.391357 1
0 0
0 0
0.426382 2
0 0
0 0
0.453819 4
0 0
0 0
0.481488 1
0.491073 1
0 0
0 0
0.522859 2
0 0
0 0
0 0
0.557906 1
0 0
0 0
0 0
0 0
0 0
0.622658 1
0 0
0 0
0.645628 1
0.658371 1
0.674203 1
0.679439 2
0 0
0 0
0 0
0.723453 1
0 0
0 0
0 0
0.756606 1
0 0
0 0
0 0
0.794603 1
0 0
0.82026 1
0 0
0 0
0.84982 1
0.856443 1
0.862696 2
0.875354 1
0.888791 1
0.899066 1
0.906601 2
0 0
0 0
0 0
0.949511 1
0 0
0.965364 1
0 0
0.982252 2
0.997423 1
1.00323 1
1.01263 2
1.02542 2
1.03725 1
1.0439 1
0 0
0 0
1.0772 1
1.07731 1
