-0.570693 1
0 0
0 0
0 0
0 0
0 0
0 0
0 0
0 0
0 0
0 0
0 0
0 0
0 0
-0.492289 1
-0.485261 1
0 0
0 0
0 0
0 0
0 0
-0.453655 1
0 0
0 0
0 0
0 0
0 0
0 0
-0.414244 3
-0.410296 1
0 0
0 0
-0.391353 2
-0.389238 1
-0.381322 2
-0.376077 1
0 0
0 0
-0.356441 1
-0.353668 1
-0.347377 1
-0.340123 1
-0.335419 1
-0.33131 3
-0.327668 2
-0.322963 1
-0.316441 4
-0.309637 3
-0.303636 7
-0.298531 5
-0.292709 6
-0.289638 2
-0.281672 8
-0.276162 4
-0.269953 6
-0.266097 5
-0.260667 11
-0.255045 3
-0.24959 6
-0.244652 10
-0.238299 11
-0.232426 10
-0.227598 14
-0.221817 13
-0.216789 20
-0.2102 16
-0.205347 18
-0.199184 9
-0.194311 23
-0.189065 18
-0.18291 20
-0.17674 19
-0.171783 22
-0.167164 24
-0.160885 18
-0.155684 26
-0.150311 35
-0.144648 36
-0.138593 34
-0.133602 32
-0.128214 36
-0.122201 32
-0.117068 45
-0.111793 45
-0.105746 53
-0.100521 62
-0.0949598 64
-0.0893669 66
-0.0843338 84
-0.0786569 92
-0.0729457 123
-0.0674415 179
-0.0624734 228
-0.0566352 204
-0.0512664 194
-0.0457955 251
-0.0401569 266
-0.0345476 292
-0.0289227 372
-0.02368 495
-0.0179588 754
-0.012618 925
-0.0069721 1268
-0.000506738 8368
0.00298841 1622
0.00921322 558
0.0148375 533
0.0201988 362
0.02571 286
0.0312055 242
0.0369125 209
0.0422808 222
0.0476525 187
0.0532593 186
0.0586071 184
0.0639555 183
0.0693563 145
0.0750439 97
0.0807045 83
0.0863471 74
0.0916642 58
0.0974214 58
0.102769 47
0.107997 34
0.11404 25
0.119219 41
0.124577 31
0.12992 25
0.135479 20
0.141345 28
0.146478 29
0.152494 22
0.15716 24
0.163583 23
0.168749 28
0.173781 22
0.179674 18
0.185698 15
0.190724 18
0.196064 24
0.20192 11
0.20751 9
0.213046 11
0.217979 11
0.223966 16
0.229227 12
0.234541 10
0.240176 11
0.245273 7
0.251071 7
0.258054 8
0.261378 11
0.267035 7
0.27232 8
0.279311 6
0.283366 6
0.289164 4
0.294141 5
0.300475 2
0.304022 3
0.311115 5
0.318774 3
0.320202 1
0.329505 4
0.334054 3
0.338284 3
0.343904 3
0.350812 3
0.357535 1
0.360915 3
0.365905 2
0 0
0.378227 2
0.38513 1
0 0
0.394471 1
0 0
0.403809 3
0 0
0.416064 2
0 0
0 0
0.433422 1
0 0
0 0
0 0
0 0
0 0
0 0
0 0
0 0
0 0
0 0
0 0
0.496101 1
0 0
0 0
0 0
0 0
0 0
0.528814 1
