-0.621704 1
-0.606888 1
0 0
0 0
0 0
-0.570613 2
0 0
-0.557916 2
0 0
0 0
0 0
0 0
-0.51181 3
-0.504159 3
-0.497416 1
-0.484646 3
-0.476287 4
-0.467893 2
-0.459221 6
-0.448459 4
-0.440776 4
-0.430497 3
-0.42721 3
-0.414418 5
-0.407054 4
-0.397754 3
-0.389586 3
-0.377803 3
-0.37333 4
-0.359894 4
-0.353216 4
-0.344365 6
-0.335539 2
-0.327176 6
-0.317494 7
-0.309809 10
-0.300979 8
-0.292621 5
-0.28276 11
-0.272761 10
-0.266261 4
-0.257144 7
-0.249357 7
-0.23904 8
-0.23144 11
-0.222195 11
-0.214033 10
-0.202914 11
-0.197443 7
-0.186582 8
-0.178879 18
-0.169318 12
-0.160898 15
-0.153332 15
-0.142919 16
-0.13373 18
-0.124187 21
-0.115897 17
-0.107453 27
-0.0991846 29
-0.0894355 37
-0.080865 30
-0.0721388 45
-0.0639163 70
-0.0551658 54
-0.0464738 40
-0.0379022 61
-0.0282496 34
-0.0199427 73
-0.0114468 80
-0.000397833 647
0.00597136 114
0.0150929 78
0.0236312 66
0.0328474 58
0.0416227 42
0.0503554 54
0.0590579 49
0.0676983 43
0.0765662 28
0.0851858 19
0.0939381 24
0.101164 15
0.111442 25
0.120282 13
0.129667 13
0.138318 10
0.146185 11
0.156188 6
0.164616 12
0.173761 11
0.182983 11
0.191645 9
0.200534 12
0.20717 16
0.216498 14
0.226176 12
0.234611 13
0.243189 7
0.252219 8
0.260401 8
0.269581 13
0.281237 5
0.286339 7
0.298258 10
0.305252 9
0.313742 5
0.321949 4
0.33084 7
0.340806 7
0.352491 5
0.356752 5
0.36802 5
0.374454 1
0.387499 1
0.393447 8
0.402057 5
0.411637 2
0.418099 5
0.427593 1
0.43432 3
0.446016 3
0.45444 4
0.461974 3
0.472502 4
0.479121 3
0.488974 5
0 0
0.507614 5
0.517325 3
0.5274 5
0.533452 3
0.541227 2
0.549221 5
0.559423 2
0.565623 1
0.576282 2
0.586178 1
0.595383 1
0 0
0.615285 1
0.618738 1
0 0
0.63663 1
0.649463 1
0.654227 4
0.66939 1
0.673764 2
0.68621 2
0.69166 1
0 0
0.710613 2
0 0
0 0
0.734349 4
0.743996 3
0 0
0.760326 2
0.768823 4
0.780169 1
0.791641 1
0.794737 6
0 0
0 0
0.818971 1
0 0
0.839649 2
0 0
0.862313 1
0.870503 2
0.876098 1
0.886995 1
0 0
0.901161 1
0 0
0.918232 1
0.926861 3
0 0
0 0
0.957574 1
0 0
0 0
0 0
0 0
0.995879 1
1.00873 2
1.02013 1
0 0
1.03101 1
0 0
0 0
0 0
1.07249 2
0 0
0 0
0 0
0 0
0 0
0 0
0 0
1.13495 1
