-0.621506 1
0 0
0 0
0 0
0 0
0 0
0 0
0 0
0 0
0 0
0 0
0 0
0 0
0 0
-0.508586 1
0 0
0 0
0 0
0 0
-0.465423 1
0 0
0 0
-0.440949 1
-0.431515 2
0 0
-0.415427 1
-0.409075 3
-0.404042 1
-0.390829 4
-0.386765 1
-0.375133 4
-0.370458 4
-0.358999 7
-0.35237 2
-0.346201 3
-0.337535 5
-0.329148 7
-0.319572 10
-0.312985 9
-0.304288 14
-0.297002 12
-0.288622 8
-0.28108 15
-0.272343 9
-0.263386 21
-0.255387 19
-0.24855 18
-0.240428 9
-0.231562 13
-0.224711 16
-0.214757 17
-0.207904 26
-0.200061 26
-0.191674 20
-0.184039 37
-0.175872 42
-0.16829 29
-0.159682 38
-0.152312 40
-0.143824 37
-0.136168 46
-0.127596 47
-0.119602 40
-0.111106 57
-0.103317 83
-0.095453 70
-0.0878372 96
-0.0794754 106
-0.0711058 115
-0.0633826 146
-0.0554028 166
-0.0471345 193
-0.0392838 251
-0.0312209 296
-0.0231587 313
-0.0151538 450
-0.00673238 731
7.92967e-05 13299
0.00836782 826
0.0166107 551
0.024555 391
0.03268 312
0.0405903 253
0.0487498 194
0.0567734 158
0.0645896 135
0.0727331 96
0.0807554 85
0.0888364 75
0.0967222 84
0.104971 58
0.113231 37
0.120488 47
0.12879 44
0.136766 44
0.144695 36
0.153393 27
0.160984 25
0.168398 25
0.177655 20
0.184768 20
0.192913 22
0.20059 17
0.209878 23
0.217659 11
0.2259 14
0.232484 11
0.240902 7
0.250083 6
0.25724 10
0.26453 9
0.272841 9
0.282918 3
0.289143 3
0.296523 5
0.303848 2
0.31438 3
0.322277 6
0.329996 4
0.339918 1
0.347378 1
0.352514 2
0.360983 2
0.369989 1
0.379828 2
0.385016 1
0 0
0.404369 1
0.412428 1
0.420448 1
0.423018 1
0.432232 1
0.445125 1
0 0
0 0
0.467673 1
0.476316 3
0 0
0 0
0 0
0 0
0 0
0.522267 1
0 0
0 0
0 0
0 0
0 0
0 0
0 0
0 0
0 0
0 0
0 0
0 0
0 0
0 0
0 0
0 0
0 0
0 0
0 0
0.682664 2
0 0
0 0
0.708285 2
0 0
0 0
0 0
0 0
0 0
0 0
0 0
0 0
0 0
0.786798 2
0.799363 1
0.802745 1
0.812038 1
0.818251 1
0 0
0 0
0.843775 1
0.851265 1
0.859936 1
0.86974 3
0.877181 1
0.883121 1
0.894178 1
0.896265 1
0 0
0.914046 2
0 0
0 0
0.938255 1
0.948128 3
0.956647 4
0.963589 4
0.973924 6
0.98054 9
0.984089 1
