-0.429625 1
0 0
0 0
0 0
0 0
-0.391592 1
0 0
0 0
-0.375829 2
0 0
0 0
-0.356759 2
-0.347393 1
-0.342376 2
-0.336687 3
-0.332096 1
-0.324438 2
-0.318033 3
-0.310651 2
-0.306838 1
-0.298386 4
-0.291945 4
-0.286576 7
-0.277623 2
-0.271488 3
-0.267003 4
-0.259248 6
-0.252364 4
-0.248106 10
-0.240463 13
-0.234338 9
-0.227337 9
-0.221285 12
-0.214123 11
-0.208679 14
-0.201815 12
-0.196005 13
-0.189829 13
-0.183037 8
-0.176564 9
-0.170165 12
-0.163814 12
-0.157681 12
-0.149999 20
-0.144636 16
-0.138907 13
-0.132218 16
-0.12507 21
-0.119572 24
-0.113489 19
-0.106042 32
-0.0999091 39
-0.0930492 33
-0.0866752 38
-0.0807475 35
-0.0737673 43
-0.067456 48
-0.0614261 48
-0.0548087 58
-0.0483819 69
-0.0425532 74
-0.0356006 75
-0.0294352 77
-0.0232998 101
-0.0163925 115
-0.00969683 145
-0.00185461 724
0.000124856 12282
0.00877405 202
0.0154022 138
0.0216375 147
0.0278888 101
0.0347348 88
0.040824 101
0.0468854 84
0.0538357 87
0.0599799 73
0.0663412 74
0.073011 52
0.0795816 36
0.0856916 50
0.0925302 46
0.0984819 49
0.105565 36
0.111708 42
0.118036 24
0.124213 28
0.131032 29
0.137122 30
0.143628 27
0.149277 18
0.156993 22
0.162864 31
0.168698 23
0.175769 16
0.181879 15
0.188251 14
0.194903 17
0.201456 15
0.208005 6
0.213815 17
0.219921 13
0.227463 11
0.233589 15
0.239229 15
0.246138 9
0.252099 17
0.258982 10
0.265439 9
0.272065 8
0.277795 10
0.283208 7
0.291402 9
0.297634 6
0.302987 7
0.310141 9
0.316391 5
0.323258 13
0.329979 10
0.334811 12
0.341419 6
0.348456 6
0.354787 4
0.359118 2
0.366526 1
0.37483 8
0.380644 7
0.386219 5
0.393471 7
0.3986 2
0.406997 2
0.413211 3
0.418909 2
0.424614 2
0.431226 3
0.437991 3
0.443714 4
0.451728 3
0.456307 1
0.465431 1
0 0
0.479522 2
0.481925 2
0.489033 4
0.495374 3
0.502279 6
0.507823 3
0.517784 1
0.519511 3
0 0
0.532462 1
0.542271 2
0 0
0.550609 1
0.560979 2
0.563523 1
0.572626 1
0.581513 1
0 0
0.593877 2
0 0
0.605355 1
0 0
0 0
0.62354 2
0 0
0.634609 2
0.643008 1
0 0
0 0
0.662895 2
0 0
0.675444 3
0 0
0 0
0 0
0.700533 1
0 0
0 0
0 0
0.7243 2
0 0
0.740051 1
0.744238 2
0 0
0.75636 1
0 0
0 0
0 0
0 0
0 0
0 0
0 0
0 0
0 0
0 0
0 0
0 0
0 0
0 0
0.851288 1
