-0.433667 1
-0.423857 2
-0.42029 2
0 0
0 0
-0.399778 2
-0.393189 3
0 0
-0.379443 1
-0.377217 1
0 0
0 0
-0.357292 2
-0.346718 2
-0.342638 2
-0.337264 4
-0.330186 1
-0.32325 5
-0.317908 8
-0.311704 3
-0.304625 4
-0.299098 8
-0.293693 5
-0.287278 6
-0.280267 5
-0.273858 8
-0.268564 6
-0.261031 6
-0.255221 20
-0.249467 24
-0.243461 11
-0.236893 7
-0.230352 13
-0.224159 8
-0.218081 21
-0.211707 15
-0.205738 21
-0.199332 19
-0.193902 21
-0.186754 17
-0.180943 22
-0.174242 28
-0.168296 29
-0.162143 33
-0.156404 34
-0.149483 26
-0.143287 30
-0.137264 40
-0.130799 31
-0.124074 42
-0.118161 33
-0.112236 47
-0.106069 61
-0.0998887 57
-0.0931063 69
-0.0866721 81
-0.080987 66
-0.0746521 93
-0.0680693 102
-0.0619893 117
-0.0556909 133
-0.0495021 140
-0.043395 151
-0.0370541 179
-0.0307767 191
-0.0244591 232
-0.0183286 228
-0.0118406 342
-0.00530439 498
3.79695e-05 10459
0.00626366 530
0.0128835 321
0.0189796 267
0.0251692 249
0.0313428 182
0.0377384 148
0.0441346 133
0.0502883 96
0.0566194 89
0.0624556 74
0.0689637 63
0.0751851 52
0.0812686 41
0.0877126 36
0.0940373 37
0.10048 33
0.106686 28
0.112411 22
0.11976 17
0.125255 19
0.13178 13
0.136806 16
0.144097 17
0.150431 15
0.156902 16
0.163614 6
0.16969 11
0.174804 8
0.18195 6
0.188792 10
0.193156 7
0.200694 7
0.206887 3
0.213259 7
0.219316 4
0.22391 6
0.231315 5
0.236465 5
0.243994 4
0.251114 6
0.256567 4
0.262753 3
0.269181 3
0.275258 6
0.28152 7
0.288257 4
0.292905 4
0.300306 6
0.307983 1
0.31167 4
0.319975 5
0.324866 3
0.33096 4
0.337772 1
0 0
0.350867 2
0.355249 1
0.360395 1
0.370641 2
0 0
0.380699 2
0.389644 1
0.395759 2
0.400029 3
0.406057 3
0.413191 2
0.417748 5
0.424668 2
0.431253 4
0.435355 2
0.44348 5
0 0
0.455424 2
0.462864 3
0.465985 2
0.473225 1
0.483051 4
0.487 1
0.492293 2
0.497881 1
0.506088 2
0.511932 5
0.516952 2
0.523271 1
0.531876 3
0.538905 1
0.543454 4
0.550496 1
0.555227 3
0 0
0 0
0.574796 3
0 0
0.586151 4
0.596054 1
0.602936 1
0 0
0 0
0.619433 2
0 0
0.631538 1
0.635257 1
0 0
0 0
0.655998 1
0.660933 2
0.668034 1
0 0
0 0
0 0
0 0
0 0
0 0
0.713701 1
0.718536 1
0 0
0 0
0.738343 2
0 0
0 0
0 0
0 0
0.767252 1
0 0
0 0
0 0
0 0
0 0
0 0
0 0
0.815444 1
