0 19.291929 
59999 82.848282 
119998 83.918388 
179997 86.298630 
239996 87.678764 
299995 88.758873 
359994 89.338936 
419993 89.908989 
479992 90.519051 
539991 90.949097 
599990 91.529152 
659989 91.949196 
719988 92.209221 
779987 92.509254 
839986 92.769279 
899985 92.979301 
959984 93.239326 
1019983 93.609360 
1079982 93.749374 
1139981 93.909393 
1199980 93.999397 
1259979 94.259422 
1319978 94.299431 
1379977 94.509453 
1439976 94.599457 
1499975 94.659470 
1559974 94.659470 
1619973 94.859489 
1679972 94.929489 
1739971 95.039505 
1799970 95.009499 
1859969 95.039505 
1919968 95.129517 
1979967 95.249527 
2039966 95.299530 
2099965 95.409538 
2159964 95.509552 
2219963 95.489548 
2279962 95.479546 
2339961 95.569557 
2399960 95.529556 
2459959 95.649567 
2519958 95.769577 
2579957 95.699570 
2639956 95.839584 
2699955 95.749573 
2759954 95.899590 
2819953 96.089607 
2879952 96.049606 
2939951 96.129616 
2999950 96.069611 
3059949 95.919594 
3119948 96.039604 
3179947 96.149612 
3239946 96.189621 
3299945 96.269630 
3359944 96.249626 
3419943 96.269630 
3479942 96.239624 
3539941 96.329636 
3599940 96.449646 
3659939 96.379639 
3719938 96.479645 
3779937 96.439644 
3839936 96.499649 
3899935 96.479645 
3959934 96.439644 
4019933 96.509651 
4079932 96.539658 
4139931 96.569656 
4199930 96.619659 
4259929 96.649666 
4319928 96.589661 
4379927 96.619659 
4439926 96.609657 
4499925 96.599663 
4559924 96.549652 
4619923 96.659668 
4679922 96.609657 
4739921 96.609657 
4799920 96.629662 
4859919 96.599663 
4919918 96.619659 
4979917 96.649666 
5039916 96.729675 
5099915 96.779678 
5159914 96.739677 
5219913 96.679665 
5279912 96.719673 
5339911 96.659668 
5399910 96.729675 
5459909 96.729675 
5519908 96.809685 
5579907 96.719673 
5639906 96.759674 
5699905 96.819679 
5759904 96.759674 
5819903 96.789680 
5879902 96.779678 
5939901 96.769676 
