-0.0993554 7
-0.0983553 9
-0.097216 10
-0.0963302 11
-0.0953624 14
-0.0944537 17
-0.0934036 11
-0.0923965 10
-0.0917467 2
-0.0904271 10
-0.0894115 9
-0.0883407 15
-0.0874229 11
-0.086448 13
-0.0854238 13
-0.0844429 9
-0.0832816 13
-0.0824029 7
-0.0812481 7
-0.0804139 12
-0.0793466 6
-0.0783727 19
-0.0773711 8
-0.0763158 9
-0.0754831 18
-0.0741681 6
-0.073483 9
-0.0724543 11
-0.0713894 12
-0.0705058 10
-0.069535 13
-0.068434 15
-0.0673701 13
-0.0664674 14
-0.0655497 9
-0.0645335 13
-0.0634267 12
-0.0625359 9
-0.0615087 11
-0.0605702 8
-0.0594982 12
-0.0584738 15
-0.0576433 5
-0.0564007 10
-0.0554568 11
-0.0545143 12
-0.0533349 3
-0.0524462 11
-0.051161 6
-0.0503529 14
-0.0494862 5
-0.0486363 14
-0.0473169 7
-0.0465972 9
-0.0456232 7
-0.0443897 13
-0.0435373 6
-0.0424785 14
-0.0414464 8
-0.0405495 11
-0.0395595 15
-0.0385168 14
-0.0374584 13
-0.0365079 12
-0.0353504 7
-0.0345068 12
-0.0334919 10
-0.0325112 6
-0.0312913 7
-0.0304231 12
-0.0296116 7
-0.0284289 10
-0.0275129 10
-0.0263408 13
-0.0254324 14
-0.024624 15
-0.0233866 12
-0.0224335 16
-0.0215061 11
-0.0204023 11
-0.0194343 11
-0.01854 9
-0.0174704 18
-0.0165502 13
-0.0155126 14
-0.0145953 12
-0.0135732 10
-0.0124791 18
-0.0114018 10
-0.0104785 5
-0.00948587 13
-0.00864612 11
-0.00762508 13
-0.00667233 11
-0.00544616 12
-0.00462481 8
-0.00351433 8
-0.00258461 7
-0.00134341 10
-0.000516791 8
0.000295099 10
0.00147988 13
0.00236107 11
0.0034612 8
0.00453121 10
0.00559247 11
0.00651891 9
0.00746698 8
0.0085117 12
0.00939194 15
0.0103551 9
0.0114632 13
0.0125267 12
0.0135201 12
0.0144265 7
0.0154758 12
0.0163825 8
0.0173142 10
0.0186 12
0.0194896 10
0.0203037 8
0.0213396 8
0.0224792 7
0.0234193 14
0.0244479 11
0.0252998 6
0.0265442 9
0.0274072 6
0.0284983 10
0.029489 8
0.030507 11
0.0315064 13
0.0323646 9
0.0334131 13
0.0344118 8
0.0354697 11
0.0363608 9
0.0372947 15
0.0383771 11
0.0392888 7
0.0405122 9
0.0414347 9
0.0425171 11
0.0434434 8
0.0444607 9
0.0455563 16
0.0465612 12
0.0473143 7
0.0483972 9
0.0493688 12
0.0503845 15
0.0513964 11
0.0526244 13
0.0535653 3
0.0542251 13
0.0554608 8
0.0564421 6
0.0574234 4
0.0584301 7
0.0593723 17
0.0605453 9
0.0613067 11
0.0625165 7
0.0633384 10
0.0644078 12
0.0653296 10
0.0664835 8
0.0673397 9
0.0685651 8
0.0693333 6
0.0705031 10
0.0714661 13
0.0724518 9
0.0733676 11
0.0744298 14
0.0754748 14
0.0762612 11
0.0774619 12
0.0783713 9
0.0790966 8
0.0803017 11
0.0813554 15
0.0822027 7
0.0833455 11
0.0843268 11
0.0853514 15
0.0863542 9
0.0874247 7
0.0883317 14
0.08945 10
0.0903426 12
0.0915626 9
0.0924154 11
0.0935294 14
0.0942654 17
0.0954239 10
0.0963018 17
0.0972739 13
0.0983176 5
0.0993034 11
0.0998482 1
