-0.0993873 39
-0.09842 33
-0.0974152 33
-0.0963007 18
-0.0953765 37
-0.0943813 36
-0.0933346 29
-0.0924177 30
-0.0913385 26
-0.0904458 39
-0.0894392 30
-0.0884377 28
-0.0873981 31
-0.0864109 30
-0.0854243 29
-0.0843832 24
-0.0833847 30
-0.0823955 34
-0.0814373 33
-0.0803635 39
-0.0793875 25
-0.0785002 26
-0.0774033 27
-0.0764481 28
-0.0753948 30
-0.0744545 33
-0.0734494 24
-0.072489 41
-0.0713974 42
-0.0704787 31
-0.0695409 29
-0.0683722 38
-0.0673954 26
-0.0664277 27
-0.0654024 39
-0.0643598 24
-0.0634193 33
-0.0624763 28
-0.0615203 32
-0.0603764 26
-0.0593584 33
-0.0584965 25
-0.0573954 25
-0.0564609 35
-0.0554041 28
-0.0543923 30
-0.0534609 38
-0.0524725 34
-0.0514414 26
-0.050443 28
-0.0494648 39
-0.0484905 30
-0.047388 40
-0.0464042 32
-0.0454303 28
-0.0444115 24
-0.0433822 17
-0.0424458 21
-0.0414596 33
-0.0404651 40
-0.0395244 18
-0.0384819 30
-0.037378 26
-0.0363448 30
-0.0354182 39
-0.0344184 34
-0.0335207 32
-0.0324196 38
-0.0314323 35
-0.0303076 25
-0.0292707 28
-0.0285272 46
-0.0274176 29
-0.0264032 25
-0.0253578 27
-0.024505 30
-0.0234201 29
-0.0223959 33
-0.0215022 37
-0.0204638 31
-0.019448 32
-0.0184283 25
-0.0174472 29
-0.0164709 36
-0.0154386 30
-0.0144283 35
-0.013423 34
-0.0125296 26
-0.0115411 28
-0.0104219 32
-0.00942029 34
-0.00848103 37
-0.007479 26
-0.00633192 23
-0.00544392 25
-0.0044986 32
-0.00343943 32
-0.00237609 29
-0.00152899 34
-0.000474975 37
0.000480508 26
0.00167533 38
0.00249881 31
0.00344666 32
0.00460748 31
0.00552773 27
0.00655724 41
0.00753788 45
0.00859735 24
0.00948827 33
0.0105764 29
0.0115546 32
0.0125895 27
0.0135421 35
0.0145599 28
0.0155052 36
0.0166866 29
0.0175506 33
0.0185099 25
0.0194833 41
0.0206129 36
0.0215526 27
0.0224186 32
0.0235107 36
0.02443 40
0.0254895 34
0.0264925 32
0.0274958 35
0.028635 29
0.0294937 38
0.0306303 26
0.0314765 23
0.0326002 28
0.0335178 34
0.0345304 32
0.0355075 38
0.036372 23
0.0374501 27
0.0384685 29
0.0394951 33
0.0405203 40
0.041495 36
0.0425374 31
0.0434693 31
0.04453 32
0.0454574 25
0.0465599 26
0.0475299 30
0.0484882 26
0.0495048 23
0.0505708 31
0.0516851 29
0.0525454 29
0.053534 26
0.054476 41
0.0554675 33
0.0564719 37
0.0575426 29
0.0584936 37
0.0594807 34
0.0605388 24
0.0615542 33
0.0625673 24
0.0634618 36
0.0644617 38
0.0655475 32
0.066553 22
0.0674499 30
0.0684788 29
0.0694997 19
0.0704977 33
0.0716128 26
0.0725275 32
0.0734958 39
0.0745213 25
0.0755013 28
0.0764825 36
0.0775526 33
0.0785003 33
0.0794318 22
0.0805127 25
0.0814241 24
0.0824517 33
0.0834774 30
0.0845643 20
0.0855581 22
0.0865067 23
0.0874006 30
0.0885008 28
0.0894764 27
0.0904168 19
0.0915504 28
0.092462 31
0.0934229 37
0.0944129 30
0.0955374 31
0.0963973 33
0.0974192 33
0.0985029 22
0.0995349 41
0.0999786 1
