-0.670441 1
0 0
0 0
0 0
0 0
0 0
0 0
0 0
0 0
0 0
0 0
0 0
0 0
0 0
0 0
0 0
0 0
-0.559927 1
0 0
-0.542305 1
-0.535303 1
0 0
-0.525271 2
0 0
-0.512611 2
-0.505784 3
-0.500067 1
-0.493472 1
-0.483911 1
-0.479335 1
0 0
-0.464463 1
-0.460895 2
-0.453244 1
-0.445357 3
-0.438085 3
-0.430558 2
-0.426546 5
-0.42232 1
-0.415863 3
-0.40838 1
-0.398297 1
-0.393105 3
-0.38763 3
-0.380914 9
-0.375442 10
-0.368636 8
-0.361555 4
-0.356031 6
-0.347704 6
-0.343225 5
-0.336945 7
-0.330366 6
-0.323537 7
-0.317865 7
-0.310011 12
-0.302991 11
-0.297083 10
-0.290475 20
-0.283596 6
-0.277129 11
-0.271382 22
-0.264885 16
-0.257934 16
-0.252125 12
-0.24519 15
-0.238735 23
-0.232541 23
-0.225678 19
-0.219027 15
-0.213853 13
-0.205868 23
-0.200388 31
-0.193124 22
-0.186674 26
-0.180275 30
-0.173781 27
-0.167399 39
-0.160721 31
-0.155125 28
-0.147886 45
-0.141471 53
-0.135302 35
-0.12875 40
-0.122135 46
-0.115635 43
-0.109321 51
-0.102274 54
-0.0960282 111
-0.0897686 99
-0.0831343 106
-0.0770193 93
-0.0704098 120
-0.0634442 111
-0.0574771 100
-0.0505126 106
-0.0443473 130
-0.0377562 134
-0.0312249 128
-0.0247632 158
-0.0181398 168
-0.0119333 176
-0.00513375 169
0.00109386 183
0.0076321 190
0.0141493 205
0.0203633 210
0.0269749 227
0.0334815 208
0.0401627 265
0.0464444 218
0.05308 196
0.0594256 175
0.0661401 188
0.072391 152
0.0790896 167
0.0852864 146
0.0919291 111
0.0984797 97
0.104936 60
0.111912 32
0.118044 31
0.124748 24
0.130924 18
0.137638 13
0.144703 13
0.150024 10
0.158122 6
0.162132 7
0.169635 3
0.176743 8
0.18259 3
0.190348 5
0.195902 7
0.201706 5
0 0
0.214292 2
0.220486 6
0 0
0.236239 1
0.242099 2
0.248071 4
0.254289 2
0.261071 2
0 0
0.274161 3
0.28021 3
0.28764 4
0.293354 3
0.300294 1
0.305179 3
0.310361 1
0.320175 1
0.326915 1
0.330625 2
0.338104 1
0.346053 2
0.351168 2
0 0
0.361373 1
0 0
0.37649 2
0.381253 2
0 0
0 0
0 0
0.412058 1
0 0
0 0
0 0
0.437283 3
0.442973 2
0 0
0 0
0 0
0.471411 1
0.473665 1
0.484428 1
0 0
0.495243 2
0.502112 1
0 0
0 0
0 0
0 0
0 0
0 0
0 0
0 0
0.560415 1
0 0
0 0
0 0
0 0
0 0
0 0
0 0
0 0
0 0
0 0
0.627322 1
