-0.311716 1
0 0
0 0
-0.300063 1
0 0
-0.290724 1
0 0
-0.282626 1
0 0
0 0
-0.273171 1
-0.265668 1
0 0
0 0
-0.255763 1
-0.253199 1
-0.247506 1
-0.24524 1
-0.242032 1
-0.235745 1
-0.23219 1
0 0
-0.224069 2
-0.221337 2
-0.218111 5
-0.213344 2
-0.210433 2
-0.205724 3
-0.201807 1
-0.19883 7
-0.195579 4
-0.190616 10
-0.186155 9
-0.182572 3
-0.177847 2
-0.175527 8
-0.171608 4
-0.167835 4
-0.1634 8
-0.160585 9
-0.156334 10
-0.152301 11
-0.148013 10
-0.143912 7
-0.140927 10
-0.136866 17
-0.13234 10
-0.129247 9
-0.125351 16
-0.121208 16
-0.117693 13
-0.113467 10
-0.110037 21
-0.106458 18
-0.102828 16
-0.0984737 27
-0.0946762 19
-0.0908385 14
-0.0866403 18
-0.0827139 22
-0.0792448 18
-0.0757027 32
-0.0711754 23
-0.0677176 26
-0.0633615 30
-0.0596779 29
-0.0559764 26
-0.0522981 23
-0.0481808 29
-0.0443848 35
-0.0407675 31
-0.0367904 38
-0.0330095 42
-0.0288836 31
-0.0249235 16
-0.0209918 27
-0.0176713 36
-0.013776 27
-0.0104276 26
-0.00643399 29
-0.00252123 24
0.00173874 26
0.00512358 25
0.0092554 22
0.0133531 27
0.0167805 24
0.020725 19
0.0243641 25
0.028447 34
0.0323706 30
0.0359535 21
0.040024 26
0.0437283 24
0.0477812 27
0.0513971 36
0.0551671 22
0.0587889 20
0.0630632 30
0.066979 25
0.0711039 25
0.0743833 31
0.0784735 35
0.0824238 19
0.0859815 13
0.0901552 22
0.0938112 23
0.0975158 17
0.101751 21
0.105954 11
0.108779 12
0.112928 25
0.116806 14
0.120457 19
0.12424 15
0.128391 18
0.131825 18
0.135842 11
0.139497 13
0.14395 18
0.147664 11
0.151856 9
0.155562 16
0.159111 16
0.162873 10
0.166411 9
0.170109 6
0.174826 7
0.179133 6
0.182409 9
0.186067 12
0.189925 6
0.194047 3
0.197311 7
0.202241 10
0.204131 4
0.208494 4
0.21252 1
0.216754 7
0.220118 2
0.224543 8
0.227809 4
0.23208 3
0.236325 3
0.240648 5
0.242072 1
0.247359 3
0.251414 5
0.254612 6
0.257133 1
0.261864 2
0.26646 3
0.270444 3
0.274503 3
0.277945 2
0.282542 3
0.284394 1
0.289861 2
0.294707 1
0 0
0.301178 3
0.305117 3
0.308742 2
0.31267 1
0.315556 2
0.320673 3
0.325566 2
0 0
0.331632 2
0 0
0.340648 2
0.342453 1
0 0
0.352511 2
0 0
0.359267 1
0 0
0 0
0.368848 1
0.373797 2
0 0
0 0
0.386438 1
0 0
0.395451 1
0.397329 1
0 0
0 0
0 0
0 0
0.416987 1
0 0
0 0
0 0
0 0
0 0
0 0
0 0
0 0
0.450935 1
0 0
0.456976 1
