-0.0996363 1
-0.0977056 1
-0.0971001 2
-0.0962032 1
-0.0950096 5
-0.0938646 4
-0.093069 6
-0.092353 4
-0.0912259 4
0 0
-0.0889904 2
-0.0880223 2
-0.0871359 4
-0.0860945 2
-0.0851179 3
-0.0840172 8
-0.0829708 2
-0.0820131 3
-0.0812864 5
-0.0801092 4
-0.0787493 1
-0.0783676 3
-0.077258 5
-0.0764112 5
-0.0754584 4
-0.0741166 3
-0.0730698 7
-0.0721954 2
-0.0710803 4
-0.0704835 4
-0.0694546 4
-0.0683327 1
-0.0673202 4
-0.0658859 2
-0.0652449 2
-0.0642231 3
-0.063183 3
-0.0622343 2
-0.0614433 2
-0.0599762 3
-0.0590279 4
-0.0578531 2
-0.0572195 2
-0.056187 5
-0.0552322 4
-0.05417 3
-0.0532718 4
-0.0519416 1
-0.0512243 2
-0.0499418 3
-0.0490766 2
-0.0485032 2
-0.0472918 2
-0.0462159 7
-0.0451228 3
-0.044171 1
-0.0436494 1
-0.0423049 2
-0.0412057 3
-0.0404467 4
-0.0392803 5
-0.0383961 8
-0.0372829 3
-0.0362875 2
-0.0356788 1
-0.0341742 3
-0.0330752 3
-0.0323763 3
-0.0309065 3
-0.030733 1
-0.0292391 2
-0.0281672 2
0 0
0 0
-0.0252452 2
-0.0241969 1
-0.0232673 2
0 0
-0.0210324 4
-0.0204844 3
-0.0192129 2
-0.0183486 7
-0.0176761 4
-0.0162067 4
-0.0154562 2
-0.0145817 2
0 0
-0.0123648 2
-0.0111765 6
-0.0104483 4
-0.00939258 4
-0.00839325 5
-0.00747814 2
-0.00643831 6
-0.00577463 1
-0.00455587 3
0 0
-0.00237641 3
-0.00152832 3
-0.000322095 2
0.00041428 3
0.00181547 3
0.00254347 5
0.00370058 3
0.00442125 3
0.00589151 2
0 0
0.00748032 1
0.00884459 3
0 0
0.0105589 4
0.0118093 3
0.0124365 3
0.013565 5
0.0145832 4
0.0152306 2
0.016422 6
0.0177052 3
0.0185802 6
0.0196707 1
0.0202575 2
0.0214626 2
0.0224903 2
0.0235507 3
0.0246166 1
0.025603 3
0.0263716 1
0.0277749 2
0.0285922 3
0.0292909 1
0.0303366 1
0.0319329 4
0.0324711 4
0.0337197 5
0.0344627 2
0.0356476 1
0.0364692 2
0.0374722 2
0.038655 3
0 0
0.0408586 2
0.0414526 4
0.0426136 3
0.0434016 4
0.0445163 5
0.0456023 5
0.0464961 3
0.0475113 3
0.0485998 2
0.0498389 1
0.0505868 2
0.0514945 4
0.052522 1
0 0
0.0542017 2
0.0551955 3
0.0566022 1
0.0574181 5
0.0586323 3
0.0596742 3
0.0603565 7
0.0611832 1
0.0625303 4
0.0631487 1
0.0642537 3
0.0656213 5
0.0663377 4
0.0672438 2
0.0685989 3
0.0695966 5
0.0701705 3
0 0
0.0725071 3
0.0733105 5
0.0743544 1
0.0753962 6
0.0765332 4
0.0774008 4
0.0785153 3
0.0794281 5
0.0806166 1
0.0817086 1
0.0824059 3
0.0835545 5
0.0846458 3
0.0853474 3
0.0864456 1
0.0873637 2
0.0888049 2
0.0894261 1
0.0903317 1
0.0914379 6
0.0925258 5
0.0935797 5
0.0940147 2
0.0952891 2
0.0961217 2
0.0971464 3
0 0
0.0991505 4
0.0999089 1
