-0.0993676 5
-0.0981687 14
-0.0973972 13
-0.0963666 11
-0.0955255 7
-0.0943796 14
-0.0931427 14
-0.0923195 15
-0.0914332 17
-0.090302 11
-0.0892947 10
-0.0884363 7
-0.08744 7
-0.0863832 7
-0.0852951 10
-0.0845464 5
-0.0832574 10
-0.0822913 11
-0.0813264 12
-0.0803402 9
-0.0793992 16
-0.0784361 10
-0.0776239 8
-0.0765437 9
-0.0754489 11
-0.0743814 10
-0.0733932 10
-0.0721464 12
-0.0712942 11
-0.0702726 13
-0.0695872 12
-0.0684245 10
-0.0675656 10
-0.0663746 17
-0.0653163 10
-0.0644786 14
-0.0633938 17
-0.0624672 6
-0.0613011 9
-0.0603286 8
-0.0593921 3
-0.0583621 10
-0.0574248 10
-0.0563011 14
-0.0554042 10
-0.0543435 14
-0.0535214 14
-0.052359 13
-0.0513369 9
-0.0504329 7
-0.0493197 11
-0.0484449 16
-0.0473083 11
-0.0464597 11
-0.0453816 12
-0.0443559 12
-0.0433566 11
-0.0424236 8
-0.0413526 13
-0.0405284 9
-0.0394281 14
-0.038463 10
-0.0372304 5
-0.036438 11
-0.0354402 11
-0.0342366 10
-0.033455 10
-0.0324111 8
-0.0314069 8
-0.0304953 11
-0.0293363 18
-0.0283016 15
-0.0274235 15
-0.0264064 10
-0.0252917 6
-0.0243516 10
-0.0234744 6
-0.0221991 5
-0.0215298 9
-0.0204102 14
-0.0193998 12
-0.0184617 10
-0.0175124 12
-0.016436 8
-0.0155187 12
-0.0143751 16
-0.0134962 9
-0.0124604 11
-0.0113771 13
-0.0105601 11
-0.00951635 8
-0.00855828 22
-0.00738828 11
-0.00655487 15
-0.00543575 14
-0.0043634 11
-0.0034539 11
-0.00262757 8
-0.00143727 13
-0.000353622 9
0.000632081 11
0.00156909 15
0.00272253 7
0.00347831 10
0.004577 8
0.00567503 9
0.00656763 13
0.00741229 7
0.00840445 9
0.0095231 6
0.0106151 10
0.011478 9
0.0124577 8
0.0135769 10
0.0147036 10
0.0154774 11
0.0166911 9
0.0175387 8
0.018425 12
0.0196653 11
0.0206394 8
0.0214078 10
0.0224923 5
0.0234552 11
0.0245164 13
0.0253692 13
0.0264629 12
0.0274414 12
0.0282818 10
0.0294334 10
0.0304753 10
0.0317047 9
0.0323847 7
0.0335536 13
0.0345046 10
0.0355342 10
0.0364735 17
0.0375023 19
0.0384502 8
0.0394969 5
0.0405902 6
0.0413979 8
0.0424587 14
0.043315 9
0.0444809 9
0.0453969 14
0.0463278 15
0.0474358 9
0.0484479 16
0.0494486 8
0.0505105 14
0.0514511 7
0.0526039 7
0.0535137 11
0.0544872 10
0.0553778 14
0.0564402 7
0.0574251 8
0.0585267 10
0.0593695 6
0.060654 5
0.0614498 12
0.0625594 11
0.063675 9
0.0646004 5
0.0651883 7
0.0664107 7
0.0674483 13
0.0684073 12
0.0694816 12
0.0703876 13
0.0714198 12
0.072534 8
0.0734725 18
0.0745622 13
0.0754912 7
0.0764263 12
0.0773332 9
0.0784138 13
0.0794448 9
0.0802596 13
0.0814064 11
0.082248 12
0.0834613 7
0.0845483 11
0.0854942 13
0.0863631 9
0.087358 13
0.0884252 10
0.0893723 12
0.0903248 9
0.0913788 6
0.0921349 8
0.0933647 11
0.0943972 16
0.0954484 12
0.0964353 13
0.0976482 4
0.0984461 5
0.0993897 10
0.0998871 1
