-0.0996113 27
-0.0985009 32
-0.0974002 34
-0.0965074 33
-0.0955237 34
-0.0944765 34
-0.0934847 30
-0.0924224 36
-0.0913993 27
-0.0905009 39
-0.0894894 23
-0.0885872 35
-0.0875597 24
-0.0865842 41
-0.085497 26
-0.0845287 26
-0.083355 28
-0.0825469 26
-0.081489 28
-0.0805051 30
-0.0794867 33
-0.0784884 34
-0.0774265 31
-0.0764927 27
-0.0755293 30
-0.0744956 31
-0.0734497 31
-0.072412 36
-0.0714851 34
-0.0705149 32
-0.0696046 21
-0.0685382 17
-0.0676653 26
-0.0664189 25
-0.0655741 33
-0.0645246 40
-0.0635272 22
-0.0624831 33
-0.0614747 24
-0.0604601 32
-0.0595425 31
-0.0584627 33
-0.0574452 26
-0.0564421 20
-0.0555136 27
-0.0544541 35
-0.0533431 41
-0.0524882 22
-0.0515132 33
-0.050491 29
-0.0495442 32
-0.0485845 33
-0.0474577 35
-0.0465351 33
-0.0455383 34
-0.0444561 26
-0.0434864 35
-0.0424645 30
-0.0415527 23
-0.0404873 31
-0.0393972 31
-0.0384438 33
-0.0375374 36
-0.0365034 25
-0.0355597 40
-0.0344909 31
-0.0334516 37
-0.0325386 34
-0.0315252 35
-0.0305326 23
-0.0294382 34
-0.0284624 34
-0.027532 18
-0.026511 29
-0.0254203 27
-0.0244367 29
-0.0235336 41
-0.0225244 32
-0.0214697 33
-0.0205182 24
-0.0195992 21
-0.0185275 22
-0.017543 30
-0.0165661 28
-0.0154781 39
-0.0145414 37
-0.0135046 37
-0.0124924 30
-0.0114198 22
-0.0105318 26
-0.0094813 35
-0.00849444 35
-0.00751212 37
-0.00654334 28
-0.00554026 35
-0.00443378 22
-0.00354758 27
-0.00246686 32
-0.00150506 29
-0.000585152 31
0.000485548 37
0.00150307 35
0.00247519 26
0.00366319 34
0.00452309 41
0.00550878 30
0.0065598 31
0.00738953 31
0.00863675 36
0.00942126 30
0.0104897 34
0.0115706 31
0.0124608 32
0.013389 35
0.0145382 34
0.0155541 30
0.0165105 22
0.0174673 37
0.0184569 26
0.0194504 33
0.0204144 25
0.0215492 26
0.0225098 34
0.0235681 40
0.0245816 32
0.0255534 34
0.0265213 29
0.0275145 22
0.0284829 31
0.0295127 28
0.0304187 36
0.0315007 28
0.0325547 34
0.033571 26
0.0345409 29
0.035427 31
0.0365875 37
0.0375121 34
0.0384892 30
0.039532 31
0.0405461 35
0.041538 32
0.0424937 38
0.0435379 37
0.0445464 29
0.0454978 32
0.0464885 35
0.0474838 25
0.0485498 32
0.049407 26
0.0504822 32
0.0514775 24
0.0525366 31
0.0534571 30
0.054394 26
0.0553946 27
0.0565269 34
0.0574903 25
0.0584 31
0.0595696 27
0.0604689 35
0.0614468 38
0.0623914 30
0.0634741 28
0.0645792 32
0.0654114 30
0.0664873 26
0.0674986 38
0.0685245 33
0.0694892 28
0.0705581 33
0.0714833 44
0.072426 24
0.0735012 29
0.0744723 42
0.0754947 30
0.0765951 38
0.0774572 16
0.0785272 27
0.0795128 39
0.0805085 40
0.0815034 19
0.0824872 28
0.0835616 20
0.084438 29
0.085506 42
0.0865088 33
0.0875276 34
0.0884837 27
0.0895325 35
0.090438 27
0.091571 25
0.0925004 38
0.0934158 32
0.0944476 40
0.0956029 19
0.0964277 33
0.0975193 36
0.0985031 38
0.0995582 26
0.099992 1
