-0.0994794 5
-0.0983599 4
-0.0975502 13
-0.0963005 8
-0.0953432 12
-0.0944688 16
-0.0932829 3
-0.092542 10
-0.0915022 11
-0.0905486 14
-0.0894133 7
-0.0884634 8
-0.0874834 12
-0.0865094 10
-0.0854872 9
-0.0843962 9
-0.0835259 12
-0.0824755 15
-0.0815199 13
-0.0805883 5
-0.0795476 8
-0.0783221 6
-0.0774712 5
-0.0764954 16
-0.075474 12
-0.0743973 12
-0.0737084 7
-0.0726191 6
-0.0713839 10
-0.0704815 5
-0.0694454 12
-0.0685291 7
-0.0673296 11
-0.0663973 10
-0.0653564 5
-0.0644139 14
-0.0636082 10
-0.0624779 13
-0.0616426 10
-0.0604694 10
-0.0593565 10
-0.0583983 14
-0.057502 11
-0.0564197 6
-0.0555189 9
-0.05428 8
-0.0533945 13
-0.0526031 7
-0.0514543 14
-0.0506311 10
-0.049693 6
-0.0483874 10
-0.0474181 12
-0.0464984 11
-0.0455653 11
-0.0444739 15
-0.0434458 9
-0.0425351 10
-0.0416228 10
-0.0405449 8
-0.0394979 13
-0.038479 17
-0.0375143 10
-0.0363836 9
-0.0355897 5
-0.0344079 9
-0.0335579 10
-0.0325015 11
-0.0315719 9
-0.030481 9
-0.0297214 8
-0.0284806 12
-0.0274392 15
-0.0265826 5
-0.025409 10
-0.0244627 11
-0.0234162 13
-0.0225149 9
-0.0213517 12
-0.0203809 13
-0.0194048 12
-0.0183525 10
-0.0175975 11
-0.0164558 6
-0.0153395 8
-0.0144224 8
-0.0135381 9
-0.0123588 11
-0.0113954 10
-0.0103696 14
-0.00959752 14
-0.00847796 14
-0.00739106 8
-0.00632483 7
-0.00561458 8
-0.00443659 11
-0.00362923 9
-0.00251523 12
-0.00158611 12
-0.000312302 9
0.000521327 9
0.00142943 9
0.00258975 5
0.00348711 9
0.00457071 16
0.00549968 8
0.00642915 12
0.00755021 6
0.00843282 11
0.00938736 12
0.0104674 17
0.0115651 10
0.0124738 16
0.0135868 12
0.0146056 6
0.0153864 13
0.0165467 5
0.0173478 7
0.0186395 9
0.0195017 10
0.0205851 17
0.0215645 14
0.0224761 11
0.0234031 9
0.0245242 10
0.0254511 9
0.0264281 10
0.0275866 11
0.0284742 17
0.0293867 7
0.0304015 13
0.03161 8
0.0324905 11
0.0335829 14
0.0345203 14
0.0354021 10
0.0365007 13
0.0375528 6
0.0386732 8
0.0396306 8
0.0404986 11
0.0414255 9
0.0424389 14
0.043326 11
0.0444986 8
0.0454651 12
0.0463713 10
0.0475212 14
0.0484125 11
0.049373 7
0.0504498 12
0.0516073 12
0.0524162 9
0.0535579 12
0.0544425 14
0.0554107 12
0.0565586 9
0.0574391 17
0.0586159 11
0.0595785 17
0.0606521 11
0.0614892 12
0.0623439 4
0.0634394 15
0.0644261 13
0.0655555 13
0.0664066 8
0.0675386 12
0.0686041 16
0.069562 10
0.0704021 12
0.0714305 8
0.072453 7
0.0734315 15
0.0746302 7
0.0755254 7
0.0763626 10
0.0772478 6
0.0785469 6
0.0795168 6
0.0803576 10
0.0814638 15
0.0825161 10
0.0833702 5
0.0844506 11
0.0853539 17
0.0863839 16
0.0874913 6
0.0885274 13
0.0895207 13
0.0904723 12
0.0914044 13
0.0924526 12
0.0934924 15
0.0946242 11
0.0954712 10
0.0964708 6
0.097408 11
0.0986461 10
0.0994238 9
0.0999799 1
