-0.0972878 4
-0.0926559 2
-0.0891652 1
-0.0872346 2
-0.0826503 1
-0.0764207 2
-0.0736582 2
-0.0699159 2
-0.0659979 5
-0.0614151 7
-0.0582709 1
-0.054115 4
-0.0504357 4
-0.0464418 1
-0.0443047 1
-0.0382652 3
-0.0344487 6
-0.0315136 3
-0.0270352 9
-0.0228258 3
-0.0189547 10
-0.0151119 7
-0.0107365 4
-0.00603523 2
-0.00355469 4
-0.000543392 5
0.00407116 5
0.00858523 3
0.0126063 3
0.0155879 6
0.0196514 4
0.0242628 6
0.0275022 5
0.0325744 4
0.0364931 4
0.040147 4
0.042807 4
0.0482322 6
0.0510757 4
0.0558372 7
0.0590134 6
0.0630439 5
0.0662908 3
0.0703217 4
0.0741271 6
0.0785835 3
0.0826751 6
0.0858257 2
0.0910673 10
0.0949263 3
0.0981632 3
0.102546 4
0.105628 3
0.110659 2
0.11295 3
0.118167 4
0.122126 4
0 0
0.130277 3
0.135224 3
0.136378 4
0.141057 1
0.145169 2
0.149242 3
0.154964 1
0.157291 2
0.16167 1
0 0
0.168127 2
0 0
0 0
0.178957 1
0.18389 1
0 0
0 0
0 0
0 0
0 0
0 0
0 0
0.215606 1
0.219759 1
0 0
0 0
0.230611 1
0 0
0 0
0 0
0 0
0.252858 1
0 0
0 0
0 0
0 0
0 0
0 0
0 0
0.28185 1
0 0
0 0
0 0
0 0
0 0
0 0
0 0
0 0
0 0
0 0
0.325412 1
0 0
0 0
0 0
0 0
0 0
0 0
0 0
0 0
0.360023 1
0 0
0 0
0 0
0 0
0 0
0 0
0 0
0 0
0 0
0 0
0 0
0 0
0 0
0 0
0 0
0 0
0 0
0 0
0 0
0 0
0 0
0 0
0 0
0 0
0 0
0 0
0 0
0 0
0 0
0 0
0 0
0 0
0 0
0 0
0 0
0 0
0 0
0 0
0 0
0 0
0 0
0 0
0 0
0 0
0 0
0 0
0 0
0 0
0 0
0 0
0 0
0 0
0 0
0 0
0 0
0 0
0 0
0 0
0 0
0 0
0 0
0 0
0 0
0 0
0 0
0 0
0 0
0 0
0 0
0 0
0 0
0 0
0.647567 1
0 0
0 0
0 0
0 0
0 0
0 0
0 0
0 0
0 0
0.683687 1
