-0.247911 1
0 0
0 0
0 0
0 0
0 0
-0.207093 1
0 0
0 0
0 0
0 0
0 0
0 0
-0.165524 1
0 0
0 0
0 0
0 0
0 0
0 0
0 0
0 0
0 0
0 0
0 0
-0.0895802 1
0 0
0 0
0 0
0 0
0 0
0 0
-0.047998 1
-0.0365645 1
0 0
0 0
0 0
-0.0156119 1
0 0
0 0
0.00767964 1
0 0
0 0
0 0
0.0303286 1
0 0
0 0
0 0
0 0
0 0
0 0
0 0
0 0
0 0
0.0938679 1
0 0
0 0
0 0
0 0
0 0
0.130504 1
0 0
0 0
0 0
0 0
0.158482 1
0.168851 1
0 0
0 0
0 0
0 0
0 0
0 0
0 0
0 0
0.22532 2
0.226579 1
0 0
0 0
0 0
0 0
0 0
0 0
0 0
0 0
0.288457 1
0 0
0 0
0 0
0 0
0 0
0 0
0.326425 1
0.338432 1
0 0
0 0
0 0
0 0
0 0
0.373354 1
0 0
0 0
0 0
0 0
0 0
0 0
0.415049 1
0 0
0 0
0 0
0 0
0 0
0 0
0.461248 1
0 0
0 0
0.477713 1
0.487285 1
0 0
0 0
0.505487 1
0.512423 1
0 0
0 0
0 0
0 0
0 0
0 0
0 0
0 0
0 0
0 0
0 0
0 0
0 0
0 0
0 0
0 0
0 0
0 0
0 0
0 0
0 0
0 0
0 0
0 0
0 0
0 0
0 0
0 0
0 0
0 0
0 0
0 0
0 0
0 0
0 0
0 0
0 0
0 0
0 0
0 0
0 0
0 0
0 0
0 0
0 0
0 0
0 0
0 0
0 0
0 0
0 0
0 0
0 0
0 0
0 0
0 0
0 0
0 0
0 0
0 0
0 0
0 0
0 0
0 0
0 0
0 0
0 0
0 0
0 0
0 0
0 0
0 0
0 0
0 0
0 0
0 0
0 0
0 0
1.00064 1
