-0.851793 1
0 0
0 0
0 0
0 0
-0.802743 1
0 0
-0.784079 1
0 0
0 0
0 0
0 0
-0.737647 1
0 0
0 0
0 0
0 0
0 0
-0.684482 1
0 0
0 0
-0.661151 1
-0.651007 1
0 0
-0.630686 2
-0.623531 2
-0.613939 1
0 0
-0.593984 1
0 0
-0.578858 1
-0.56986 1
-0.561324 1
-0.553839 1
-0.540944 1
0 0
-0.520628 3
-0.515898 1
-0.503237 2
-0.501268 1
-0.489019 2
-0.480688 3
-0.471684 2
-0.461028 2
-0.452802 4
-0.442278 4
-0.435868 4
-0.425015 2
-0.417068 5
-0.407209 5
-0.396359 4
-0.389592 8
-0.382764 3
-0.37236 6
-0.363335 6
-0.352266 6
-0.343691 6
-0.335192 14
-0.325955 10
-0.316273 5
-0.308104 10
-0.299076 16
-0.289054 8
-0.280896 15
-0.273393 13
-0.26285 14
-0.254219 17
-0.245692 12
-0.235387 18
-0.227699 22
-0.218265 25
-0.209925 27
-0.200259 28
-0.19012 23
-0.181822 32
-0.173479 31
-0.164267 28
-0.155667 30
-0.147289 49
-0.137289 28
-0.127976 56
-0.119868 65
-0.110073 54
-0.101601 55
-0.0920113 71
-0.0831373 76
-0.0742752 76
-0.0651997 74
-0.0561261 85
-0.0477084 106
-0.0380762 120
-0.0293408 134
-0.020215 169
-0.011144 257
-0.00119415 1172
0.00576688 516
0.0151098 319
0.0243197 311
0.0334368 264
0.0423114 254
0.051455 246
0.0602098 209
0.0688585 173
0.0781989 156
0.0872693 134
0.0962452 105
0.104619 77
0.113554 62
0.123644 52
0.131241 32
0.141256 23
0.149659 16
0.159917 17
0.168193 10
0.176675 7
0.185072 3
0.196679 2
0.205551 2
0.212013 3
0 0
0.234081 2
0.239816 2
0.246644 1
0.261577 1
0.266625 2
0.272751 1
0.285862 3
0.291101 1
0 0
0.310981 4
0.319939 1
0.327834 1
0.334763 1
0.348674 1
0.360116 1
0.365741 1
0.375534 2
0 0
0.396408 1
0 0
0 0
0 0
0.431199 1
0.436588 1
0 0
0 0
0 0
0 0
0 0
0 0
0 0
0 0
0.517633 2
0.526219 1
0 0
0 0
0 0
0 0
0 0
0 0
0.593945 1
0.599786 2
0.608078 1
0 0
0 0
0 0
0 0
0 0
0 0
0 0
0 0
0 0
0 0
0.710081 1
0.720785 1
0 0
0 0
0 0
0 0
0 0
0.76676 1
0 0
0 0
0 0
0 0
0 0
0 0
0 0
0 0
0 0
0 0
0.870173 1
0 0
0 0
0 0
0 0
0 0
0 0
0 0
0 0
0.945466 1
