-0.707349 1
0 0
-0.690884 1
0 0
0 0
0 0
0 0
0 0
0 0
0 0
0 0
0 0
0 0
0 0
-0.606748 1
0 0
0 0
-0.586865 1
-0.576387 1
0 0
-0.563843 2
0 0
-0.551889 3
-0.54173 1
-0.536074 1
0 0
-0.522041 2
0 0
0 0
-0.499733 2
-0.496867 1
-0.484523 1
-0.477337 2
-0.475548 2
-0.465103 2
-0.461811 1
-0.452323 4
-0.44376 1
-0.439647 2
-0.43015 3
0 0
-0.418816 1
-0.410117 6
-0.403086 5
-0.396066 4
-0.388572 6
-0.382326 6
-0.375868 5
-0.367883 6
-0.361467 11
-0.354446 7
-0.347353 7
-0.340598 6
-0.332391 9
-0.326829 10
-0.318867 14
-0.3117 6
-0.305824 15
-0.297797 16
-0.291872 17
-0.284618 16
-0.276245 11
-0.269962 13
-0.263705 10
-0.255713 14
-0.248383 11
-0.242264 21
-0.234925 16
-0.22885 24
-0.221796 19
-0.214038 17
-0.207628 29
-0.199836 19
-0.193097 18
-0.185593 33
-0.179289 22
-0.17212 29
-0.165146 38
-0.15801 25
-0.151641 39
-0.144168 37
-0.137191 29
-0.13047 45
-0.123415 53
-0.116487 56
-0.109112 41
-0.102393 59
-0.0955243 65
-0.0881326 92
-0.0809288 108
-0.0739493 102
-0.0673875 105
-0.0602747 119
-0.0532473 101
-0.0463828 147
-0.0391692 130
-0.0321753 160
-0.0253762 169
-0.0184209 166
-0.0113331 177
-0.00379776 238
0.00169343 442
0.00954472 276
0.0165984 270
0.0236563 255
0.0306052 253
0.0377181 228
0.044724 236
0.0515931 203
0.0585218 192
0.0658655 197
0.0728 177
0.0794322 186
0.08626 149
0.0930769 87
0.100699 52
0.107474 26
0.114518 16
0.12135 20
0.12882 5
0.135487 5
0.142324 6
0.149937 2
0.155575 5
0.161086 1
0.17006 1
0.176782 1
0.181223 1
0 0
0.200217 1
0.205125 2
0 0
0.21611 1
0.227274 1
0.235957 2
0.240348 1
0.246099 3
0.255357 1
0.259277 1
0 0
0 0
0.280255 1
0.292403 1
0 0
0 0
0 0
0.314938 3
0.321146 1
0.330664 1
0 0
0 0
0.349237 1
0.359185 1
0.368041 1
0 0
0 0
0.388414 1
0 0
0 0
0 0
0 0
0 0
0 0
0 0
0 0
0.450621 1
0 0
0.46313 1
0 0
0.479497 1
0.486717 1
0.493706 1
0 0
0 0
0 0
0.517698 1
0 0
0.533701 1
0 0
0 0
0 0
0 0
0 0
0 0
0.580333 1
0.58871 1
0 0
0 0
0 0
0 0
0.622196 1
0.631469 1
0 0
0 0
0.654405 1
0 0
0 0
0 0
0 0
0 0
0.691559 1
