-0.267812 1
0 0
0 0
0 0
-0.253527 1
-0.24781 1
-0.244507 1
-0.240626 1
-0.239042 1
-0.233865 1
-0.232256 1
0 0
-0.226568 1
-0.220607 1
-0.217512 1
-0.21455 2
-0.210334 2
-0.20835 2
0 0
-0.201399 1
-0.196899 3
-0.195067 2
-0.190846 3
-0.187808 2
-0.18334 1
-0.180469 6
-0.177037 5
-0.173481 5
-0.170141 2
-0.166511 4
-0.163383 8
-0.159472 8
-0.156519 7
-0.152918 10
-0.149368 9
-0.145124 3
-0.142623 5
-0.139032 10
-0.1356 9
-0.132459 15
-0.12824 10
-0.125331 12
-0.122309 12
-0.11888 9
-0.115285 19
-0.11198 18
-0.108336 20
-0.105153 17
-0.102039 11
-0.0983447 18
-0.0951182 27
-0.0914984 22
-0.0880148 24
-0.0848101 16
-0.0809861 19
-0.0774265 28
-0.0741819 26
-0.0710614 24
-0.0671304 25
-0.0638176 27
-0.0603921 21
-0.057347 30
-0.0539773 21
-0.0501059 22
-0.0469969 30
-0.0435394 29
-0.0402435 33
-0.036474 30
-0.0332567 19
-0.0299861 19
-0.0262414 20
-0.0230601 27
-0.0195544 30
-0.0157873 27
-0.0125683 34
-0.00907402 41
-0.00575211 28
-0.00217246 27
0.00145619 36
0.00442833 32
0.00772046 27
0.0112689 22
0.014855 31
0.0184373 22
0.02187 24
0.0252016 25
0.0287737 30
0.0319804 25
0.0359468 20
0.0387676 17
0.0422985 24
0.0453659 23
0.0485354 18
0.0525886 17
0.0559721 19
0.0595864 28
0.0627457 23
0.0661611 13
0.0695784 22
0.0731461 23
0.0767148 22
0.0804185 18
0.0835479 17
0.0871204 17
0.0904495 22
0.0936939 13
0.0967767 14
0.100759 26
0.104265 13
0.107492 16
0.110667 14
0.1141 15
0.117526 10
0.120752 14
0.124301 12
0.127645 7
0.13154 17
0.134551 11
0.138389 9
0.14159 12
0.144748 10
0.148276 9
0.151586 9
0.1564 6
0.158449 10
0.161812 14
0.165438 7
0.169086 8
0.17273 6
0.175396 2
0.179475 3
0.181882 8
0.186196 13
0.189536 7
0.193707 2
0.196532 8
0.200249 7
0.202899 3
0.206361 8
0.209735 5
0.21326 6
0.215613 4
0.220148 4
0.223453 3
0.227008 5
0.230472 5
0.234255 6
0.238295 6
0.241078 4
0.244843 5
0.24813 2
0.251429 3
0.255224 5
0.25868 4
0.260958 1
0.266485 1
0 0
0.272112 2
0.275251 2
0.278939 2
0.281695 2
0.285317 3
0.289358 2
0.292076 2
0.296276 2
0.29966 3
0 0
0.305821 1
0.308671 2
0.313322 1
0.316263 2
0.319909 2
0.322342 1
0.327177 1
0.330386 1
0.333251 1
0.336519 1
0.340435 1
0 0
0 0
0 0
0.352736 1
0.357999 2
0 0
0.36343 1
0 0
0 0
0 0
0.377235 2
0.381035 1
0.386041 1
0 0
0 0
0 0
0 0
0 0
0.40577 1
0 0
0 0
0 0
0.417419 1
