-0.0995387 10
-0.0983949 9
-0.0974419 16
-0.096217 7
-0.0953976 15
-0.0946402 7
-0.0933981 13
-0.0925032 11
-0.0913596 9
-0.0902238 7
-0.0893441 10
-0.0883831 15
-0.0875567 14
-0.0864237 8
-0.0853883 11
-0.0844896 7
-0.0834477 10
-0.082584 9
-0.0813822 14
-0.0805867 12
-0.0794753 16
-0.0785644 7
-0.0775217 9
-0.0763885 7
-0.0754316 12
-0.0743567 14
-0.0734359 6
-0.0724031 12
-0.0714206 9
-0.0704 13
-0.0694308 12
-0.0685159 13
-0.0672716 7
-0.0663125 8
-0.0656343 7
-0.0643701 10
-0.063565 4
-0.0624517 10
-0.0615288 13
-0.0604156 7
-0.0595669 9
-0.0584759 11
-0.0573795 9
-0.0562895 16
-0.0554847 13
-0.0544716 14
-0.0534777 11
-0.0526056 16
-0.0515053 8
-0.0503504 13
-0.0495267 9
-0.0483757 7
-0.0475304 7
-0.0465001 13
-0.0452053 7
-0.0443483 14
-0.0433077 15
-0.0424368 8
-0.0415493 14
-0.0404417 10
-0.0393413 18
-0.0384087 12
-0.0373552 13
-0.0365388 15
-0.0352986 11
-0.034509 15
-0.0333329 7
-0.0326897 12
-0.0314248 11
-0.0303061 8
-0.0295498 10
-0.0284465 12
-0.027506 22
-0.0265492 10
-0.025479 7
-0.024517 5
-0.0233694 3
-0.0224144 8
-0.0214684 11
-0.0203199 8
-0.0194855 15
-0.0185015 9
-0.0173716 7
-0.0162665 10
-0.0154124 5
-0.0145325 12
-0.0135239 14
-0.0125507 13
-0.011416 11
-0.0104611 19
-0.00955057 7
-0.00858017 11
-0.00743781 9
-0.00642429 9
-0.00553782 9
-0.00434813 2
-0.00358209 11
-0.00251362 9
-0.00157526 9
-0.000368035 8
0.000390441 8
0.00136693 9
0.00251152 13
0.0036031 13
0.00435207 8
0.00556685 7
0.00651297 9
0.00772397 8
0.00841376 13
0.00958197 10
0.0104336 10
0.0115948 5
0.0126157 10
0.0134151 13
0.01453 10
0.0153377 12
0.0166006 9
0.0174678 14
0.0184789 16
0.0194732 10
0.0206812 9
0.0215267 15
0.022528 16
0.0235331 16
0.024545 12
0.0255044 13
0.0265986 7
0.0274553 11
0.0286959 6
0.0296369 10
0.0306263 11
0.0313033 10
0.0324354 12
0.0335763 6
0.0345557 9
0.0355439 11
0.0363578 8
0.0375749 10
0.0384523 13
0.0393603 7
0.0404794 9
0.041476 9
0.0424987 13
0.0432749 7
0.0446217 8
0.0455081 3
0.0464877 7
0.0475779 8
0.0485893 15
0.0496113 8
0.0503097 10
0.0515095 7
0.0523977 11
0.0534452 8
0.0545917 8
0.0554197 11
0.0565474 8
0.0574037 7
0.0583608 11
0.0595644 14
0.0603622 10
0.0613883 12
0.0625705 16
0.0635637 11
0.0644215 16
0.0655731 13
0.0664104 7
0.067438 12
0.0683488 11
0.069448 19
0.0704877 9
0.0714616 11
0.0723616 7
0.0734044 7
0.0743858 12
0.0753878 7
0.0765708 13
0.0773994 7
0.0784682 13
0.0795479 7
0.0805948 7
0.0814282 5
0.0823208 4
0.0835295 9
0.0844694 10
0.085429 8
0.0862775 6
0.0875241 15
0.0885733 10
0.0892882 11
0.0904861 18
0.0914862 17
0.0925525 12
0.0934759 8
0.0945115 15
0.0954817 8
0.0964369 11
0.0972346 10
0.098449 12
0.0995493 11
0.0999499 1
