-0.278378 1
0 0
0 0
0 0
0 0
0 0
0 0
0 0
0 0
0 0
0 0
0 0
0 0
0 0
0 0
0 0
0 0
0 0
0 0
0 0
0 0
0 0
0 0
0 0
0 0
0 0
0 0
0 0
0 0
-0.163515 2
0 0
-0.155903 1
-0.151318 1
0 0
-0.14678 1
0 0
0 0
0 0
-0.129542 1
-0.127641 1
0 0
-0.116436 1
0 0
-0.110389 3
-0.106814 2
-0.101658 1
-0.0984226 7
-0.0964638 2
-0.091187 8
-0.0880668 5
-0.0825201 5
-0.0800349 4
-0.0765158 5
-0.0720795 6
-0.0664468 2
-0.06366 4
-0.0604636 4
-0.0557146 6
-0.0518407 6
-0.0488275 2
-0.0443194 5
-0.0406838 4
-0.0377159 6
-0.0338022 4
-0.0292108 5
-0.0252404 7
-0.0214734 6
-0.0188112 4
-0.0139517 5
-0.00977774 4
-0.0060922 2
-0.00262399 5
0.00207728 8
0.00530131 3
0.00909375 3
0.0141019 4
0.0179687 2
0.0206291 2
0.0246356 5
0.028948 3
0.032447 3
0.0366861 3
0.0395788 3
0.0445837 3
0.0488507 6
0.0520154 9
0.0550299 3
0.0588789 3
0.063923 6
0.0667201 4
0.0707311 3
0.0756994 2
0.0788362 2
0.0823086 3
0.0872302 1
0.0915541 1
0.0938316 2
0.0971429 1
0.101364 5
0.104761 3
0.110271 1
0.114304 3
0.116417 2
0 0
0.124262 1
0.130588 1
0 0
0.137125 1
0.140499 1
0.143912 4
0 0
0.150752 3
0 0
0.159922 4
0 0
0 0
0.170595 1
0.173816 1
0.180707 1
0 0
0.185223 1
0.191111 3
0 0
0.199462 3
0 0
0.206458 2
0 0
0 0
0.219496 1
0.222167 2
0.226896 2
0.230154 1
0 0
0 0
0 0
0 0
0.248203 1
0.252165 1
0 0
0.261811 1
0.262524 1
0 0
0 0
0 0
0 0
0 0
0.286647 1
0.290834 2
0.296395 1
0.300576 1
0 0
0.305214 1
0 0
0 0
0 0
0.321709 1
0 0
0 0
0 0
0 0
0.342979 1
0.34495 1
0 0
0 0
0 0
0 0
0 0
0.366935 1
0 0
0 0
0 0
0 0
0 0
0 0
0 0
0 0
0 0
0 0
0 0
0 0
0 0
0 0
0 0
0 0
0 0
0 0
0 0
0 0
0 0
0 0
0 0
0 0
0 0
0 0
0 0
0 0
0 0
0 0
0 0
0 0
0.494032 1
