-0.260919 1
0 0
0 0
0 0
0 0
0 0
0 0
0 0
0 0
0 0
0 0
-0.240224 1
0 0
0 0
0 0
0 0
0 0
0 0
0 0
0 0
0 0
0 0
0 0
0 0
0 0
0 0
0 0
0 0
0 0
0 0
0 0
0 0
-0.201271 1
-0.200218 1
0 0
0 0
0 0
0 0
0 0
0 0
-0.187359 1
-0.184468 1
0 0
0 0
0 0
0 0
0 0
0 0
0 0
0 0
0 0
0 0
0 0
0 0
0 0
0 0
0 0
0 0
-0.154267 1
0 0
0 0
0 0
0 0
0 0
0 0
0 0
0 0
0 0
0 0
0 0
0 0
0 0
0 0
0 0
0 0
0 0
0 0
0 0
0 0
0 0
0 0
0 0
-0.1104 1
0 0
0 0
0 0
0 0
-0.101204 1
0 0
0 0
0 0
0 0
0 0
0 0
-0.0888403 1
0 0
0 0
0 0
0 0
0 0
-0.0779289 1
0 0
0 0
0 0
0 0
0 0
0 0
0 0
0 0
0 0
0 0
0 0
0 0
0 0
0 0
-0.050773 1
0 0
-0.0470004 1
0 0
-0.0428151 1
0 0
0 0
0 0
0 0
-0.0337883 1
0 0
0 0
-0.0277425 1
0 0
0 0
0 0
0 0
-0.0198059 1
0 0
0 0
0 0
0 0
0 0
0 0
0 0
0 0
-0.00222894 1
0 0
0 0
0 0
0 0
0.00568303 1
0 0
0 0
0 0
0 0
0.0157101 1
0 0
0 0
0 0
0 0
0 0
0 0
0 0
0 0
0 0
0 0
0 0
0 0
0 0
0 0
0 0
0 0
0 0
0 0
0 0
0 0
0 0
0 0
0 0
0 0
0.0617519 1
0 0
0 0
0 0
0 0
0.0696485 1
0.0717425 1
0 0
0 0
0 0
0 0
0 0
0.0834 1
0 0
0 0
0 0
0.0911578 1
0 0
0.0946116 1
0 0
0 0
0 0
0 0
0 0
0.10399 1
