-0.135743 1
0 0
0 0
0 0
0 0
0 0
0 0
0 0
0 0
-0.110023 1
0 0
-0.105818 1
0 0
0 0
-0.0978432 2
-0.0955384 1
-0.0922452 1
-0.0898192 1
-0.0874051 2
0 0
-0.08222 4
-0.0803869 1
-0.0764733 4
-0.0736217 2
-0.0717889 1
-0.0682766 1
-0.0664691 4
-0.0642852 4
-0.061346 3
-0.0593228 3
-0.0562272 3
-0.0529337 3
-0.0506587 3
0 0
-0.0461941 3
-0.0424893 3
-0.0408892 6
-0.0376064 2
-0.0350104 5
-0.0328382 1
-0.0296021 3
-0.0270178 3
-0.0251196 3
-0.0210869 3
-0.0190163 4
0 0
-0.0136355 2
-0.0123228 3
-0.00931221 4
-0.00650579 3
-0.00416503 4
-0.00162643 3
0.00187234 5
0.00419991 5
0.00657058 3
0.00881646 2
0.0115797 4
0.0144641 4
0.0165785 3
0.0196317 4
0.0227194 5
0.024962 4
0.028883 1
0.0305236 3
0.0334335 6
0.0344891 1
0.0374637 3
0.0408505 3
0.0438602 3
0.0456424 3
0.0486002 6
0.0512001 3
0.0540258 3
0.0565535 2
0.0591563 4
0.0616826 1
0.0632406 2
0.0670654 3
0.0694723 2
0.0718323 3
0.0745469 3
0.0769736 2
0.0798787 2
0.0824577 2
0.0849167 1
0.0882512 3
0.0903813 3
0 0
0 0
0 0
0 0
0.104645 1
0 0
0.108608 3
0 0
0.112835 1
0.115967 1
0.11955 2
0 0
0 0
0.126256 2
0 0
0.131513 3
0.135005 1
0.138543 1
0.139223 1
0.142311 3
0 0
0 0
0.150051 2
0.154018 1
0 0
0 0
0.161256 1
0.162671 1
0 0
0.168441 1
0.170839 2
0.174982 1
0.176579 1
0 0
0 0
0 0
0.187761 1
0.189991 2
0 0
0.195559 1
0 0
0.201033 2
0.202747 1
0.204505 1
0 0
0.211393 1
0.212928 1
0 0
0 0
0.220048 1
0.224884 1
0 0
0 0
0.230369 1
0 0
0.236903 1
0.239205 1
0.241644 2
0 0
0.246899 1
0 0
0 0
0 0
0 0
0 0
0 0
0 0
0 0
0 0
0 0
0.277103 1
0 0
0 0
0 0
0 0
0 0
0 0
0 0
0 0
0 0
0 0
0.304416 1
0 0
0.310248 1
0 0
0 0
0 0
0.31977 1
0 0
0 0
0 0
0 0
0 0
0 0
0 0
0 0
0 0
0.347387 1
0 0
0 0
0 0
0 0
0 0
0.361893 1
0 0
0.368542 1
0 0
0 0
0 0
0 0
0 0
0.382361 1
0 0
0.38716 1
