-0.320152 1
0 0
0 0
0 0
0 0
0 0
0 0
0 0
0 0
0 0
0 0
0 0
0 0
0 0
0 0
-0.267725 1
-0.265014 1
-0.262356 1
-0.25665 1
-0.255481 1
0 0
0 0
-0.244444 1
0 0
0 0
0 0
-0.231261 3
0 0
-0.225245 1
0 0
0 0
-0.212867 2
-0.210824 1
-0.207553 2
0 0
-0.200809 3
-0.196014 3
-0.192745 1
-0.192487 1
-0.186603 1
-0.184966 2
-0.181808 1
-0.176935 3
-0.175458 1
-0.169511 1
-0.167995 1
0 0
-0.160737 2
-0.157288 1
-0.154838 3
-0.150643 5
-0.146913 3
-0.144572 2
-0.14022 2
-0.136489 4
-0.133267 6
-0.129252 3
-0.127862 2
-0.12415 2
0 0
-0.117817 3
-0.113677 5
-0.11035 8
-0.107138 5
-0.103911 4
-0.100114 2
-0.0967088 5
-0.0937755 8
-0.089682 7
-0.0865634 6
-0.0834967 5
-0.0802335 8
-0.0760044 4
-0.0727014 2
-0.0695706 5
-0.0661154 9
-0.0623093 3
-0.0607058 5
-0.0567164 3
-0.0527535 7
-0.0502982 5
-0.0468298 6
-0.0427398 6
-0.0395303 5
-0.0366816 2
-0.0332584 7
-0.0289136 5
-0.0270165 4
-0.0221486 5
-0.0203723 3
-0.0162178 12
-0.0111651 1
-0.00970464 5
-0.00662673 6
-0.00260684 7
0.000968212 6
0.00441742 14
0.00755706 9
0.0101768 8
0.0139216 6
0.0175935 7
0.0210923 5
0.0245242 4
0.0274226 12
0.0306586 5
0.0343312 6
0.0375833 2
0.0409695 5
0.0442773 8
0.0470765 8
0.0513606 10
0.0539323 4
0.0577236 7
0.0611627 9
0.064074 9
0.0676599 8
0.07159 2
0.0744322 4
0.0781557 8
0.08116 6
0.0845075 6
0.0880268 6
0.0913384 5
0.0949831 11
0.0981361 4
0.101764 6
0.104618 3
0.108118 7
0.111815 2
0.116007 2
0.118543 2
0.121929 8
0.125233 8
0 0
0.131892 6
0.134376 3
0.13961 2
0.141692 4
0.146233 5
0.149356 2
0.151672 4
0.154093 1
0 0
0.162081 5
0.164925 3
0.168684 4
0.171353 2
0.175309 2
0.178944 3
0.181922 4
0.18553 3
0.188837 4
0.193155 2
0 0
0.198413 2
0.20212 2
0 0
0.209431 2
0.211486 2
0 0
0.218814 1
0.222587 1
0.225531 1
0 0
0.232204 2
0 0
0 0
0.243288 1
0 0
0.250791 1
0.253426 1
0.255658 1
0.258857 2
0 0
0 0
0 0
0.272081 2
0 0
0 0
0 0
0 0
0 0
0 0
0 0
0 0
0 0
0 0
0 0
0 0
0 0
0 0
0 0
0 0
0 0
0 0
0 0
0.338391 1
0 0
0 0
0 0
0.351748 1
