-0.358855 1
0 0
0 0
-0.344311 1
-0.338396 1
0 0
0 0
0 0
0 0
0 0
0 0
0 0
0 0
0 0
0 0
0 0
-0.287047 1
-0.282326 1
0 0
0 0
-0.269218 2
-0.264672 2
0 0
-0.257295 3
-0.251442 2
-0.248773 4
-0.24591 1
-0.241035 2
-0.235773 1
0 0
-0.226024 2
-0.222014 3
-0.21765 2
-0.215902 1
-0.211125 3
-0.206794 2
-0.200065 3
-0.197101 5
-0.193079 7
-0.188396 7
-0.183801 3
-0.179563 6
-0.174691 8
-0.171587 9
-0.167221 7
-0.162604 13
-0.158451 7
-0.153653 10
-0.149927 11
-0.145181 14
-0.141657 8
-0.136707 15
-0.132373 14
-0.128507 17
-0.12384 25
-0.119646 11
-0.115124 12
-0.110958 14
-0.105978 20
-0.102337 17
-0.0980926 30
-0.093555 21
-0.0892067 32
-0.0853022 26
-0.080851 41
-0.076741 24
-0.0727632 26
-0.0683322 24
-0.0636897 26
-0.0590853 46
-0.0550348 30
-0.0505674 36
-0.0466113 28
-0.0420178 36
-0.0380908 31
-0.0334771 31
-0.0291572 25
-0.0250985 30
-0.0202338 34
-0.0161068 41
-0.0116476 33
-0.00778624 28
-0.00275942 29
0.00110179 28
0.00554505 30
0.00995392 36
0.0134173 31
0.0182169 27
0.022145 29
0.026711 24
0.0311603 37
0.0358374 27
0.0397595 23
0.044328 30
0.0488401 27
0.0529802 33
0.0566282 28
0.0615692 30
0.0659896 32
0.0700183 22
0.0744066 37
0.078645 15
0.0830966 29
0.0866628 19
0.0915591 29
0.0955525 18
0.100194 16
0.104278 10
0.108432 21
0.11306 9
0.117288 19
0.121366 12
0.126139 14
0.130518 18
0.134789 12
0.139398 16
0.143337 14
0.147919 13
0.151946 18
0.155361 9
0.159941 13
0.164842 15
0.169097 17
0.173565 10
0.177562 7
0.182204 10
0.187863 3
0.190251 7
0.194977 5
0.199533 6
0.2028 6
0.207676 8
0.212354 8
0.216443 5
0.22141 4
0.225614 7
0.22838 1
0.234097 8
0.238015 6
0.241725 4
0.245778 9
0.250674 5
0.254694 5
0.259575 5
0.264488 4
0.269721 1
0.272205 5
0.276699 4
0.281508 2
0.286409 2
0.290298 3
0.294894 2
0.298735 2
0.303181 2
0.307182 3
0.311707 3
0.314633 4
0.318532 1
0.325282 1
0.328434 2
0.332514 6
0.335186 1
0.339601 2
0.344671 1
0.350285 2
0 0
0 0
0 0
0.366374 1
0 0
0 0
0.379607 1
0 0
0 0
0.391766 1
0 0
0 0
0 0
0 0
0 0
0 0
0 0
0 0
0 0
0 0
0 0
0 0
0 0
0.455007 1
0 0
0 0
0 0
0 0
0 0
0 0
0 0
0 0
0 0
0 0
0 0
0.503194 1
