-0.572096 1
0 0
0 0
0 0
0 0
0 0
0 0
0 0
0 0
0 0
0 0
0 0
0 0
0 0
0 0
0 0
0 0
0 0
0 0
0 0
0 0
0 0
0 0
0 0
0 0
0 0
0 0
0 0
0 0
0 0
0 0
0 0
-0.376042 1
0 0
0 0
0 0
0 0
0 0
0 0
0 0
0 0
0 0
-0.316933 1
0 0
0 0
0 0
0 0
-0.284327 1
0 0
-0.268799 1
0 0
-0.260864 1
0 0
0 0
-0.239502 1
0 0
0 0
0 0
0 0
0 0
0 0
0 0
-0.194334 2
-0.18849 2
0 0
0 0
0 0
0 0
0 0
-0.150821 1
0 0
0 0
0 0
-0.123794 1
0 0
0 0
0 0
-0.100306 1
0 0
-0.0905285 2
-0.0826951 2
-0.0797688 1
-0.0706253 1
-0.0639983 1
-0.0591709 2
0 0
-0.0492159 2
0 0
0 0
-0.0281872 3
0 0
0 0
0 0
-0.00387243 3
-2.88991e-05 4
0.00491163 2
0 0
0 0
0.0225674 1
0 0
0.0362612 1
0.0458315 1
0.0489643 1
0.053693 1
0.0613246 2
0.0696563 3
0 0
0 0
0.0844986 3
0 0
0.0953797 1
0 0
0 0
0 0
0.121999 1
0.127687 2
0 0
0.13802 1
0.14407 1
0 0
0.160904 1
0.163735 1
0 0
0 0
0.181527 1
0 0
0.196901 1
0 0
0 0
0 0
0 0
0 0
0.23385 1
0 0
0 0
0 0
0.25451 1
0 0
0.270609 1
0 0
0 0
0 0
0.289954 1
0 0
0 0
0 0
0 0
0 0
0 0
0 0
0 0
0 0
0 0
0 0
0 0
0 0
0 0
0 0
0 0
0 0
0 0
0 0
0 0
0 0
0 0
0 0
0 0
0 0
0 0
0 0
0 0
0 0
0 0
0 0
0 0
0 0
0 0
0 0
0 0
0 0
0 0
0 0
0 0
0 0
0 0
0 0
0 0
0 0
0 0
0 0
0 0
0.592435 1
0 0
0 0
0 0
0 0
0 0
0 0
0 0
0 0
0.641193 1
