-0.746272 1
0 0
0 0
0 0
0 0
0 0
0 0
-0.692459 1
-0.684106 1
0 0
0 0
0 0
0 0
0 0
0 0
0 0
0 0
-0.612662 2
0 0
0 0
-0.593032 1
0 0
0 0
0 0
0 0
-0.551555 1
-0.547699 1
0 0
-0.533178 1
0 0
-0.514514 2
-0.507604 2
-0.50119 2
-0.490457 1
-0.487798 1
-0.476445 2
-0.468436 1
-0.461869 2
0 0
-0.447794 2
-0.438266 5
-0.432475 2
-0.424264 2
-0.416002 2
-0.409227 3
0 0
-0.391947 5
-0.386527 5
-0.380739 2
-0.370598 4
-0.363164 6
-0.354876 5
-0.348619 6
-0.34091 6
-0.333262 6
-0.325375 5
-0.318444 10
-0.309824 13
-0.302534 11
-0.293859 10
-0.287152 13
-0.279856 10
-0.271268 12
-0.264837 11
-0.255985 10
-0.251092 6
-0.241711 4
-0.233578 9
-0.227052 9
-0.219007 11
-0.212782 8
-0.203442 22
-0.19644 19
-0.18892 17
-0.181803 21
-0.173792 21
-0.1662 39
-0.158447 25
-0.149729 24
-0.143088 40
-0.135704 41
-0.127723 51
-0.120436 70
-0.113105 65
-0.105741 74
-0.097984 65
-0.0902556 58
-0.0831148 73
-0.0744684 103
-0.0673109 102
-0.0597903 97
-0.0520469 94
-0.0446809 114
-0.0366866 129
-0.02944 177
-0.0219692 164
-0.0143414 200
-0.0063129 319
0.000504079 1125
0.00821034 369
0.0159018 284
0.0232865 293
0.0309301 267
0.0386322 209
0.0460184 154
0.0538177 166
0.0614553 132
0.0687847 132
0.0763121 124
0.0843341 90
0.0915225 60
0.0992958 59
0.106319 39
0.114989 28
0.12268 17
0.129559 16
0.137843 10
0.143796 11
0.15275 12
0.159799 7
0.169096 5
0.174953 4
0.182259 7
0.188344 1
0.197334 5
0.207279 2
0.21319 2
0.220599 2
0.230015 1
0.233231 1
0.243806 2
0.25163 3
0.25744 2
0.266186 2
0.272129 3
0.278546 2
0.288561 4
0.296138 3
0.304748 2
0.309372 1
0.322206 1
0.330194 1
0.332231 2
0.341617 2
0 0
0 0
0 0
0.369857 1
0.383756 1
0 0
0.397737 1
0 0
0.410994 1
0 0
0.422742 2
0 0
0.440629 1
0.449136 1
0.456956 1
0.4663 1
0.471709 2
0.475927 1
0 0
0 0
0 0
0 0
0.519221 1
0 0
0 0
0 0
0 0
0.551859 1
0.561989 1
0 0
0 0
0 0
0 0
0.597018 1
0 0
0.615997 1
0 0
0 0
0 0
0 0
0 0
0 0
0 0
0 0
0 0
0.694645 1
0 0
0 0
0.712905 1
0 0
0 0
0 0
0 0
0 0
0 0
0 0
0.770641 1
