-0.330105 1
0 0
-0.319201 1
0 0
0 0
0 0
0 0
-0.299555 1
0 0
-0.290586 1
0 0
0 0
0 0
-0.277375 1
0 0
-0.266177 1
-0.26493 1
-0.260036 2
0 0
-0.251606 2
0 0
-0.244097 1
0 0
-0.235609 3
-0.230944 3
0 0
0 0
0 0
-0.215334 1
0 0
-0.207051 2
-0.203359 7
-0.200846 2
-0.195444 3
-0.191632 5
-0.186554 2
-0.181967 3
-0.180332 2
-0.174982 3
-0.170924 3
-0.166858 5
-0.163377 4
-0.157468 3
-0.155028 6
-0.150363 3
-0.146829 6
-0.142278 2
-0.13854 3
-0.134498 7
-0.130874 8
-0.126324 5
-0.122634 8
-0.118954 13
-0.114671 6
-0.110266 8
-0.10642 13
-0.102988 12
-0.0983067 12
-0.0946767 11
-0.090221 12
-0.0865201 14
-0.0828565 17
-0.0781583 21
-0.0748231 20
-0.0702508 35
-0.0667057 19
-0.0620018 21
-0.0582311 21
-0.0541764 17
-0.0507217 22
-0.0464441 31
-0.0419302 29
-0.0378399 29
-0.034128 24
-0.0303433 29
-0.0262034 26
-0.0219302 21
-0.0179084 24
-0.0141868 38
-0.0101626 31
-0.00607463 39
-0.000977711 162
0.00151741 149
0.00605731 41
0.0101547 32
0.0143624 31
0.0180085 41
0.0220733 43
0.0258391 37
0.0300774 27
0.0345845 33
0.0378277 29
0.0423439 26
0.0459661 29
0.0497103 33
0.0541234 29
0.0587914 23
0.0621468 26
0.0665303 22
0.0701999 19
0.0742972 28
0.0786789 17
0.0829931 14
0.0865302 26
0.0905955 16
0.0944954 16
0.0982276 15
0.102925 17
0.10682 17
0.110782 20
0.114433 12
0.118727 13
0.122728 17
0.126847 20
0.130627 14
0.134888 17
0.139127 17
0.142738 20
0.14668 13
0.150659 6
0.154621 17
0.158708 8
0.163368 15
0.16743 7
0.17124 9
0.17531 6
0.178789 8
0.183544 5
0.187386 10
0.190993 7
0.193834 2
0.198815 6
0.203511 11
0.207506 3
0.210722 3
0.214719 1
0.220113 6
0.223585 7
0.2272 5
0.23145 7
0.235616 6
0.240948 1
0.244495 4
0.2493 1
0.251729 6
0 0
0.259921 2
0.264188 5
0.267799 3
0.273754 1
0.276086 1
0 0
0.284044 1
0.287879 2
0 0
0 0
0.300764 2
0.305068 1
0.308067 2
0 0
0.314782 1
0.320573 1
0.322498 1
0.329322 1
0 0
0 0
0 0
0 0
0 0
0 0
0 0
0 0
0.363789 1
0 0
0 0
0 0
0 0
0 0
0 0
0 0
0 0
0 0
0 0
0 0
0 0
0 0
0 0
0 0
0 0
0 0
0 0
0 0
0 0
0 0
0 0
0 0
0 0
0 0
0 0
0 0
0.475053 1
