-0.0995157 25
-0.0985449 28
-0.0975075 26
-0.0965213 26
-0.0954793 18
-0.0944827 35
-0.0934876 28
-0.0926043 30
-0.0914354 39
-0.0904528 27
-0.0894774 30
-0.0884486 37
-0.087518 45
-0.0865195 29
-0.0855207 28
-0.0845708 35
-0.0834295 33
-0.0826085 22
-0.0814898 34
-0.0804298 35
-0.0795054 29
-0.078609 50
-0.0775045 26
-0.0765274 26
-0.0755208 28
-0.0745331 45
-0.0735041 45
-0.0724595 33
-0.0715379 33
-0.0705039 31
-0.0694532 37
-0.068487 27
-0.0674305 23
-0.0665058 33
-0.0655375 32
-0.0644924 30
-0.0634318 34
-0.0625134 43
-0.0615425 31
-0.0605664 29
-0.0594939 23
-0.0584927 29
-0.0575774 30
-0.0565522 36
-0.0555206 40
-0.0545328 28
-0.0535551 24
-0.0524881 26
-0.0515047 34
-0.0504791 31
-0.0494274 31
-0.0486025 33
-0.0474688 27
-0.0464348 35
-0.0454902 33
-0.0445317 24
-0.0435261 23
-0.0424023 33
-0.0415151 20
-0.0405319 21
-0.0395454 32
-0.0385348 37
-0.0375268 30
-0.0365554 27
-0.0355426 33
-0.0344897 28
-0.0334922 27
-0.0324918 34
-0.0315801 34
-0.0304248 27
-0.0294618 24
-0.0285275 29
-0.0275394 32
-0.0264895 42
-0.0254653 24
-0.0244785 34
-0.0235857 26
-0.0226197 33
-0.021562 40
-0.0205893 34
-0.0194294 32
-0.0185509 30
-0.0174883 36
-0.0164116 34
-0.0155418 28
-0.0145655 26
-0.0135753 31
-0.0125221 28
-0.0115732 40
-0.0104508 21
-0.00950361 36
-0.0084811 33
-0.00751865 27
-0.00649327 21
-0.00553528 30
-0.00456382 40
-0.00351151 28
-0.0025427 38
-0.00155907 29
-0.000451148 33
0.000458019 37
0.00159131 33
0.00250779 38
0.00344196 35
0.00447327 33
0.0055077 33
0.00647664 29
0.00749195 29
0.00847676 30
0.00954326 29
0.0104835 28
0.0115264 40
0.0124834 31
0.013476 39
0.014361 28
0.0154567 33
0.0164381 23
0.0174107 25
0.0184712 19
0.0194424 34
0.0204269 33
0.0215176 35
0.0224393 23
0.0234711 35
0.0245008 26
0.0255963 21
0.026463 33
0.0275262 34
0.0285263 34
0.0294276 38
0.0305464 32
0.0315024 46
0.0324726 31
0.0334992 31
0.0345989 35
0.0355105 21
0.0365022 25
0.0375787 29
0.0384791 19
0.0394662 33
0.0405489 31
0.0414433 36
0.0424354 32
0.0434362 25
0.0444001 24
0.0454945 29
0.0465442 39
0.0475011 37
0.0485709 39
0.0495096 31
0.0505609 27
0.0514869 26
0.0524035 26
0.053491 40
0.0544451 23
0.055541 25
0.0565034 22
0.0575107 28
0.0585526 29
0.0593917 22
0.0604401 34
0.0616308 29
0.0625589 28
0.0634689 30
0.0644509 39
0.0655155 41
0.0664196 29
0.0673489 27
0.0684682 24
0.0694405 35
0.0704504 30
0.07144 33
0.0724426 31
0.0733635 22
0.074453 36
0.0755147 25
0.0764539 25
0.0774056 31
0.0784786 37
0.0796308 36
0.0804187 36
0.081534 37
0.0823679 29
0.0834076 30
0.0845077 26
0.0855779 36
0.0865254 25
0.0874227 29
0.088466 34
0.0894795 25
0.0904631 27
0.0914071 26
0.0924485 33
0.0934774 20
0.0944537 32
0.095485 33
0.0964816 24
0.0974743 20
0.0984444 28
0.0995055 36
0.099976 1
