-0.0993575 15
-0.0984432 15
-0.0972853 13
-0.096415 13
-0.0952619 9
-0.0944517 6
-0.0934611 12
-0.0923049 10
-0.0915551 8
-0.090392 12
-0.0894228 12
-0.0884949 12
-0.0873301 6
-0.0865196 14
-0.0853769 12
-0.0844483 15
-0.0835153 7
-0.0823287 11
-0.0813695 8
-0.0805915 9
-0.0794774 13
-0.0783589 8
-0.0773943 9
-0.0763999 12
-0.0754189 8
-0.0744773 5
-0.0733491 10
-0.0725323 16
-0.0714319 12
-0.0703405 15
-0.0694291 6
-0.0685676 16
-0.0673042 4
-0.0665714 7
-0.0653955 9
-0.0643829 7
-0.0634358 7
-0.0623878 8
-0.0614727 15
-0.0603199 11
-0.0593718 9
-0.058337 10
-0.0573213 11
-0.0564207 14
-0.0554068 13
-0.0543717 11
-0.0534344 12
-0.0522896 3
-0.0516598 7
-0.0504344 15
-0.0494308 11
-0.0484752 10
-0.0474276 8
-0.0466169 10
-0.0453762 9
-0.0444065 13
-0.0434418 11
-0.0424731 11
-0.0413717 8
-0.0404531 18
-0.0395269 13
-0.0385468 5
-0.0373556 9
-0.0364415 15
-0.035492 11
-0.0344575 13
-0.0334786 12
-0.0323943 17
-0.031485 10
-0.0302205 6
-0.029469 9
-0.0284377 11
-0.027335 16
-0.0264455 8
-0.0255024 7
-0.0245415 12
-0.0236345 8
-0.0224691 13
-0.0214672 10
-0.0204495 14
-0.0195044 9
-0.0185123 11
-0.0174385 17
-0.0164957 13
-0.0153834 8
-0.0145298 9
-0.0132904 8
-0.012507 7
-0.0116166 9
-0.0103529 6
-0.0094412 11
-0.00850058 10
-0.00756558 17
-0.00628252 9
-0.00545632 10
-0.0042817 16
-0.00354595 11
-0.00248768 6
-0.00151227 11
-0.00039462 7
0.000568159 8
0.00138345 6
0.00251959 16
0.00343498 12
0.00463747 3
0.00539602 14
0.00661351 16
0.00758421 11
0.00854 14
0.00955092 13
0.0104969 12
0.0114613 10
0.012425 4
0.0134407 15
0.0143767 10
0.0154945 14
0.0166141 12
0.0173801 9
0.0184504 10
0.0196121 9
0.0205589 9
0.0215258 5
0.0225838 7
0.0235891 15
0.0243673 16
0.0255831 14
0.0263869 11
0.0275142 8
0.0284578 16
0.0296619 12
0.0305966 11
0.0314995 11
0.0324096 9
0.0334586 13
0.0344525 17
0.035516 12
0.0364912 18
0.0373456 8
0.0384208 8
0.0396197 5
0.0405948 13
0.0412889 8
0.0426774 9
0.0434922 16
0.0445338 4
0.0456398 10
0.0464861 14
0.0475678 12
0.0483807 5
0.0496361 7
0.050486 12
0.0516086 8
0.052687 6
0.0532974 9
0.0543898 7
0.0554043 11
0.0564872 11
0.057493 11
0.0585161 10
0.0594497 11
0.0603058 7
0.0615246 10
0.0624012 9
0.0634739 4
0.0643828 13
0.0653891 13
0.0665978 9
0.0675596 18
0.0683948 9
0.0692894 7
0.0704649 11
0.0713603 10
0.0723818 10
0.0735931 11
0.0743262 9
0.0754032 10
0.0763332 10
0.0774196 8
0.0783234 14
0.0793266 13
0.0804477 12
0.0813469 14
0.0825786 6
0.0834395 13
0.08447 8
0.0853853 9
0.0863435 10
0.0873292 8
0.0884382 7
0.0894852 13
0.0904693 10
0.0915086 12
0.0923358 8
0.0934031 7
0.0942679 14
0.0954394 7
0.0964194 6
0.0971593 5
0.0984158 8
0.0994786 5
0.0999316 1
