-0.466735 1
0 0
0 0
0 0
0 0
-0.435552 2
-0.430078 1
-0.425551 1
-0.418863 1
-0.414083 1
0 0
-0.402659 2
0 0
-0.390972 4
-0.387812 3
-0.379322 3
-0.376338 4
0 0
-0.362713 2
-0.357952 3
-0.351694 4
-0.347525 2
-0.342477 4
-0.336169 4
-0.332105 3
-0.326404 5
-0.319784 9
-0.313334 9
-0.309444 2
-0.304545 5
-0.298428 2
-0.294684 2
-0.287778 4
-0.280375 2
-0.275329 6
-0.268659 5
-0.264261 9
-0.259972 7
-0.253171 12
-0.248109 14
-0.24275 10
-0.23723 14
-0.231767 10
-0.226409 11
-0.219988 12
-0.213925 14
-0.209381 19
-0.203804 18
-0.197398 16
-0.192684 22
-0.18741 25
-0.181135 26
-0.175986 25
-0.170499 20
-0.164913 27
-0.159259 28
-0.153906 41
-0.148333 49
-0.142675 38
-0.137344 43
-0.131683 41
-0.125911 39
-0.120354 50
-0.114976 45
-0.109539 53
-0.10399 50
-0.0983069 74
-0.0929901 68
-0.0871938 56
-0.0819548 76
-0.0760895 75
-0.0704127 94
-0.0653911 96
-0.0593789 102
-0.0537829 104
-0.04838 101
-0.0428424 126
-0.0372123 126
-0.0316187 133
-0.0261079 138
-0.0207921 170
-0.0150754 168
-0.00970639 204
-0.00391216 201
0.00158132 197
0.00678035 181
0.0125013 218
0.0178996 178
0.0235409 189
0.029045 141
0.034405 136
0.040228 129
0.0457147 127
0.0516546 121
0.0566299 99
0.0625329 93
0.067744 111
0.0737349 86
0.0786713 70
0.0846125 83
0.0902134 69
0.0954909 74
0.100936 66
0.106665 60
0.111988 79
0.117785 63
0.123112 56
0.128645 55
0.134228 43
0.14012 36
0.145391 40
0.15131 33
0.1564 27
0.162112 42
0.167643 25
0.173013 26
0.177929 30
0.184465 13
0.189714 20
0.195398 15
0.200503 11
0.206586 11
0.212137 11
0.217846 13
0.223067 9
0.228951 11
0.234381 8
0.239925 5
0.244517 4
0.250663 8
0.25679 6
0.261189 5
0.268574 2
0.271347 5
0.278926 5
0.283953 1
0.288014 3
0.29545 5
0.301025 1
0.307139 3
0.311684 2
0.317614 2
0.323543 3
0 0
0 0
0 0
0 0
0 0
0.355908 1
0.363364 1
0 0
0 0
0 0
0 0
0 0
0.39739 2
0 0
0 0
0.408904 1
0 0
0 0
0 0
0 0
0 0
0.446432 1
0.44943 1
0 0
0 0
0.469085 1
0 0
0 0
0 0
0.486466 1
0.4935 1
0 0
0 0
0 0
0 0
0 0
0 0
0 0
0 0
0 0
0.552352 1
0 0
0 0
0 0
0 0
0.577811 1
0 0
0 0
0 0
0 0
0 0
0 0
0 0
0 0
0 0
0 0
0.636892 1
0.6413 1
