-0.335346 1
-0.33154 1
0 0
0 0
0 0
0 0
0 0
0 0
0 0
0 0
0 0
0 0
0 0
-0.283495 2
0 0
-0.277922 1
0 0
0 0
-0.264761 1
0 0
0 0
-0.254772 1
-0.251233 2
0 0
-0.24237 1
0 0
-0.235108 1
-0.231218 1
-0.227124 1
-0.223717 1
-0.219679 2
-0.217256 1
-0.212554 6
-0.208496 4
-0.204515 1
-0.20121 2
0 0
-0.19348 4
-0.189939 1
-0.185918 5
-0.182567 4
-0.178783 6
-0.174236 6
-0.170535 5
-0.167151 3
-0.163108 2
-0.159167 2
-0.15501 3
-0.151851 9
-0.14815 6
-0.144495 8
-0.140771 10
-0.136982 5
-0.133723 6
-0.128721 10
-0.124517 12
-0.121688 14
-0.117563 4
-0.114404 15
-0.109744 4
-0.106769 8
-0.102304 16
-0.0989155 29
-0.0949144 21
-0.0910711 19
-0.0875314 28
-0.083802 30
-0.0796335 21
-0.0759825 27
-0.0723339 23
-0.0686422 19
-0.0647636 28
-0.061223 23
-0.0571217 27
-0.053448 21
-0.0497808 26
-0.0459591 23
-0.0422297 33
-0.038205 21
-0.0344303 31
-0.0306559 25
-0.0264458 30
-0.0232398 22
-0.0194662 24
-0.015631 25
-0.0117641 30
-0.00813199 25
-0.00386307 32
-0.000653523 40
0.00325938 35
0.0072061 27
0.0106529 34
0.014724 30
0.0185102 32
0.0224715 30
0.0258978 25
0.0294834 32
0.0336286 24
0.0376844 28
0.0411859 25
0.0449246 18
0.048847 31
0.0525249 30
0.0559851 29
0.0598043 35
0.0637617 27
0.0676021 23
0.0716241 26
0.075244 23
0.0789076 29
0.0828037 31
0.0863211 30
0.0902731 27
0.0939604 37
0.0977579 23
0.101111 14
0.105411 25
0.10904 21
0.112863 20
0.117074 16
0.120367 21
0.124439 17
0.12796 11
0.131685 7
0.135736 19
0.139466 11
0.143045 18
0.147439 14
0.15042 22
0.154988 13
0.158884 16
0.16237 8
0.16548 7
0.169987 12
0.172882 6
0.177617 8
0.180674 6
0.184819 7
0.188901 5
0.192106 4
0.195827 8
0.200005 5
0.204202 7
0.206967 10
0.210358 4
0.215166 5
0.218472 8
0.222887 3
0.226779 6
0.230361 5
0.233388 5
0.2372 5
0.241726 2
0.244281 4
0.249912 5
0.253567 2
0.256191 2
0.260163 4
0.262947 1
0.266812 2
0.27152 4
0 0
0 0
0.283776 2
0 0
0.292313 1
0.294851 1
0.299517 2
0.302136 2
0.305136 1
0 0
0 0
0 0
0 0
0 0
0 0
0 0
0 0
0 0
0 0
0 0
0.353044 1
0 0
0 0
0 0
0 0
0 0
0 0
0 0
0 0
0 0
0 0
0 0
0 0
0 0
0 0
0 0
0 0
0.415625 2
0.421377 1
0 0
