-0.356143 2
0 0
0 0
0 0
0 0
0 0
0 0
-0.326504 1
-0.321205 1
0 0
0 0
0 0
0 0
0 0
-0.299496 1
0 0
0 0
-0.284668 1
-0.282923 1
0 0
0 0
-0.267912 1
-0.26439 2
-0.261672 2
-0.256112 3
0 0
-0.247019 1
-0.244122 3
-0.239767 4
-0.233677 2
-0.231724 2
-0.225775 2
0 0
-0.218905 3
-0.214681 3
-0.210876 4
-0.206896 8
-0.202426 7
-0.198626 4
-0.19471 7
-0.189646 3
-0.185993 5
-0.181699 4
-0.177459 3
-0.173543 6
-0.169674 9
-0.165564 3
-0.161024 6
-0.157479 7
-0.152615 7
-0.147432 1
-0.144802 6
-0.139602 10
-0.136538 9
-0.132042 10
-0.127591 9
-0.123872 11
-0.119513 9
-0.115655 17
-0.111596 13
-0.107919 19
-0.103114 9
-0.0987176 25
-0.0948608 35
-0.0908923 30
-0.0867082 32
-0.0822236 30
-0.0782563 22
-0.0742052 27
-0.0702101 30
-0.0660352 23
-0.0619065 26
-0.0578066 41
-0.0536099 41
-0.0493191 25
-0.0453249 45
-0.0415143 29
-0.0369628 17
-0.033107 32
-0.0287088 42
-0.0242323 23
-0.0204274 40
-0.0167821 34
-0.0119461 30
-0.00812841 39
-0.00380062 42
0.000172751 30
0.00388051 30
0.00823848 41
0.0128063 30
0.0170287 37
0.0210525 30
0.0249302 32
0.0287522 35
0.0334093 39
0.0377739 34
0.0413331 32
0.0456937 28
0.0498761 28
0.0540375 33
0.0581313 25
0.0627058 22
0.0667786 17
0.070537 32
0.074863 30
0.0792037 23
0.0831197 27
0.0873298 25
0.0915151 32
0.0953679 34
0.0997397 26
0.104277 10
0.107793 25
0.111682 18
0.115806 16
0.120101 19
0.123884 19
0.128485 14
0.132778 7
0.136701 10
0.140787 7
0.14426 14
0.149569 17
0.152911 17
0.157029 9
0.161323 10
0.165631 13
0.169626 13
0.173435 4
0.177654 11
0.182683 6
0.186694 6
0.189987 7
0.195487 2
0.19845 8
0.203286 5
0.20618 5
0.211445 10
0.214837 1
0.219914 7
0 0
0.229735 2
0.232161 4
0.235779 6
0.241541 1
0.244945 2
0.248669 8
0.251847 1
0.257128 4
0.259831 1
0.264869 2
0.270275 2
0.273966 1
0.277615 1
0.28018 1
0.285189 2
0.288725 2
0.292052 1
0 0
0 0
0 0
0 0
0 0
0 0
0 0
0 0
0 0
0.337336 1
0.340329 1
0 0
0 0
0.351879 2
0 0
0 0
0 0
0 0
0 0
0 0
0 0
0.384792 1
0 0
0.39365 1
0 0
0 0
0 0
0 0
0 0
0 0
0 0
0 0
0 0
0 0
0 0
0 0
0 0
0 0
0.456134 1
0 0
0 0
0 0
0.469782 1
