-0.0916805 1
0 0
-0.0859099 1
0 0
-0.0813859 1
-0.0775172 1
-0.076318 2
-0.0729393 5
-0.0704412 3
-0.0688925 1
-0.065876 3
-0.0630901 1
-0.0608557 3
0 0
-0.0566408 1
0 0
-0.0518742 1
-0.0494205 1
-0.0465376 3
-0.0427263 1
-0.0413366 2
-0.0397503 2
-0.03719 1
-0.033401 1
-0.0320879 4
0 0
-0.0268746 4
0 0
-0.0219132 2
-0.0195143 3
-0.0167002 3
-0.0152179 1
-0.0118653 5
-0.00924997 7
-0.00677559 2
0 0
-0.0019983 6
1.13876e-05 12
0.00249381 6
0.00540558 2
0.00721062 7
0.00995584 6
0.0120886 8
0.0141732 1
0.0167359 1
0.0205105 1
0.0222727 8
0.0249558 3
0.0270578 5
0.0298116 4
0.0321891 5
0.0351296 3
0.0360342 2
0.0390206 4
0.0423333 3
0.0442082 1
0.0460407 2
0.0485244 3
0.0520058 2
0.0532373 4
0.0570251 2
0.0589928 2
0.0620999 4
0.0640829 2
0.0662136 2
0.0690046 4
0.0716801 3
0 0
0.0760153 3
0 0
0.0807308 3
0.0832237 4
0.0864023 2
0.0881401 2
0 0
0 0
0.0957043 1
0.0985446 3
0.100861 2
0.104107 1
0.104863 1
0.107001 1
0.111282 1
0.113119 4
0.11512 3
0.117879 3
0 0
0.122345 2
0 0
0.127364 2
0.129303 2
0.131812 1
0.134965 1
0 0
0.138822 2
0.141563 1
0 0
0 0
0.149535 1
0 0
0.153438 1
0.157037 2
0.158189 1
0 0
0.16418 1
0 0
0 0
0.171047 1
0 0
0 0
0 0
0 0
0 0
0.185494 1
0 0
0.1908 2
0.193854 2
0 0
0.198251 1
0 0
0 0
0 0
0.207499 1
0.210621 2
0 0
0.215057 1
0 0
0 0
0.223785 1
0 0
0 0
0 0
0.232111 1
0 0
0 0
0 0
0.243569 1
0 0
0 0
0 0
0 0
0 0
0 0
0 0
0 0
0 0
0 0
0 0
0.270999 1
0 0
0 0
0.279653 2
0 0
0 0
0.2864 1
0 0
0.290666 1
0 0
0 0
0 0
0.300542 1
0 0
0 0
0.309226 1
0.311937 1
0 0
0 0
0 0
0.320021 2
0 0
0 0
0 0
0 0
0 0
0 0
0 0
0 0
0.343204 1
0.346429 1
0 0
0 0
0 0
0 0
0.357347 1
0 0
0 0
0 0
0 0
0 0
0 0
0 0
0 0
0 0
0 0
0.384013 1
0 0
0 0
0 0
0 0
0 0
0.398024 1
