-0.377631 1
0 0
0 0
0 0
0 0
0 0
0 0
0 0
0 0
0 0
0 0
0 0
0 0
0 0
0 0
0 0
0 0
0 0
0 0
0 0
0 0
0 0
0 0
0 0
0 0
0 0
0 0
0 0
0 0
0 0
0 0
0 0
0 0
0 0
0 0
0 0
0 0
0 0
0 0
-0.256758 1
0 0
0 0
0 0
0 0
0 0
-0.236155 1
0 0
0 0
0 0
0 0
0 0
0 0
-0.216339 1
0 0
-0.209271 1
-0.206223 1
0 0
0 0
0 0
0 0
0 0
-0.188368 1
0 0
0 0
0 0
0 0
0 0
0 0
0 0
0 0
0 0
-0.15739 1
0 0
0 0
0 0
0 0
0 0
-0.137453 1
0 0
0 0
-0.128639 1
0 0
0 0
-0.120855 1
0 0
0 0
0 0
0 0
0 0
0 0
0 0
0 0
0 0
0 0
0 0
0 0
0 0
0 0
0 0
0 0
0 0
0 0
0 0
0 0
-0.0551629 1
0 0
0 0
0 0
0 0
0 0
-0.0364645 2
-0.032083 1
0 0
-0.0269009 1
0 0
-0.0204192 1
0 0
0 0
0 0
0 0
0 0
0 0
0.00142771 1
0.00345048 1
0.00575431 1
0.00979297 1
0.0143987 1
0 0
0 0
0 0
0.0242421 1
0 0
0 0
0 0
0 0
0 0
0 0
0.0485878 1
0.0498579 1
0 0
0 0
0 0
0 0
0 0
0 0
0 0
0 0
0 0
0 0
0.0852185 1
0 0
0 0
0 0
0 0
0 0
0 0
0 0
0 0
0 0
0 0
0 0
0 0
0 0
0 0
0 0
0 0
0 0
0 0
0 0
0 0
0 0
0 0
0 0
0 0
0 0
0 0
0 0
0 0
0 0
0 0
0 0
0 0
0 0
0 0
0 0
0 0
0 0
0 0
0 0
0 0
0 0
0 0
0 0
0 0
0 0
0 0
0 0
0 0
0 0
0 0
0.24024 1
