-0.366439 1
0 0
0 0
0 0
0 0
0 0
0 0
0 0
-0.333076 1
0 0
0 0
0 0
0 0
0 0
0 0
0 0
0 0
-0.299476 1
0 0
0 0
0 0
0 0
0 0
0 0
0 0
0 0
0 0
0 0
0 0
0 0
0 0
0 0
0 0
-0.236272 1
0 0
0 0
-0.226178 2
-0.221905 1
0 0
-0.213284 4
0 0
-0.204889 2
-0.201407 1
-0.198738 2
-0.193106 2
-0.191286 1
-0.186315 4
-0.180925 2
-0.180121 1
-0.174255 5
-0.171591 3
-0.16848 1
-0.163735 3
-0.159957 3
-0.155827 1
-0.151377 4
-0.147538 2
-0.143223 2
-0.139864 4
-0.136327 5
-0.131584 9
-0.128964 5
-0.124476 3
-0.121381 3
-0.116798 5
-0.112737 7
-0.108724 3
-0.104934 3
-0.100599 7
-0.0970083 13
-0.0934334 12
-0.0891333 10
-0.0863272 9
-0.0817615 4
-0.0784265 13
-0.074348 5
-0.0692488 4
-0.0662069 11
-0.0617469 8
-0.0586823 11
-0.0543795 10
-0.0509513 6
-0.0468929 5
-0.0427507 7
-0.0390983 8
-0.0346391 8
-0.0312001 7
-0.0271254 13
-0.0238378 10
-0.0194409 6
-0.0163964 7
-0.0121827 7
-0.0075628 8
-0.00432086 6
-0.00080539 2
0.00380846 6
0.0067639 6
0.0108308 5
0.0144773 6
0.0187975 2
0.022619 6
0.025758 9
0.0303902 8
0.0356504 2
0.038561 9
0.042295 6
0.0464157 8
0.0503652 6
0.0540518 12
0.0570312 5
0.0620111 6
0.0660188 3
0.0697946 6
0.0728418 6
0.0772174 6
0.0810268 6
0.0849298 3
0.08872 5
0.0923156 7
0.0966066 6
0.101554 3
0.104167 3
0.107863 4
0.111723 5
0.115491 6
0.119529 2
0.123193 6
0.127868 6
0.131382 5
0.135836 1
0.139908 2
0.142263 1
0.146727 4
0.151352 3
0.155011 3
0.157097 1
0.160833 1
0.166606 1
0.170015 3
0.173915 2
0.17693 5
0.182371 2
0.185932 2
0.189362 1
0.193548 6
0.195839 4
0.201167 2
0.20646 1
0.20702 1
0.212095 1
0.214659 1
0 0
0.224151 2
0.227806 1
0.231649 2
0.235512 4
0 0
0.242353 1
0 0
0.25277 1
0 0
0.258017 2
0.263664 1
0.265868 1
0.269505 1
0.276177 1
0 0
0 0
0 0
0.290011 1
0 0
0 0
0 0
0 0
0 0
0.313904 2
0 0
0 0
0 0
0 0
0.33296 1
0 0
0 0
0.343685 1
0 0
0 0
0 0
0 0
0.362855 1
0 0
0 0
0 0
0 0
0 0
0 0
0 0
0 0
0 0
0 0
0 0
0.408241 1
