-0.61357 1
-0.606044 1
-0.593168 1
0 0
0 0
0 0
0 0
0 0
0 0
0 0
0 0
-0.528458 1
0 0
0 0
0 0
-0.495921 1
0 0
0 0
-0.475819 2
0 0
0 0
0 0
0 0
0 0
-0.435291 1
-0.426006 1
-0.421905 1
-0.408351 2
-0.402583 1
0 0
-0.392389 1
-0.382912 2
0 0
-0.363263 1
-0.358631 2
-0.35494 2
-0.347116 1
-0.337811 4
-0.330886 6
-0.322709 3
-0.315835 4
-0.308503 4
-0.30011 7
-0.293772 7
0 0
-0.278946 3
-0.271167 9
-0.263909 8
-0.256724 10
-0.249352 6
-0.241377 11
-0.234417 10
-0.226704 11
-0.219158 6
-0.21315 7
-0.20514 7
-0.197476 9
-0.190116 20
-0.183393 16
-0.17515 10
-0.168486 13
-0.160039 8
-0.155457 10
-0.147294 17
-0.13835 19
-0.131859 12
-0.124654 14
-0.116461 19
-0.109053 28
-0.101011 13
-0.0948226 27
-0.0863115 25
-0.0793568 35
-0.0722551 32
-0.0647556 44
-0.0576114 43
-0.0493814 31
-0.0426642 40
-0.0348835 36
-0.0276962 46
-0.0210734 68
-0.0130165 72
-0.00536839 115
2.83329e-05 10574
0.00853853 80
0.0164058 71
0.0236105 70
0.0305046 44
0.0389099 54
0.0452293 54
0.0529102 45
0.0605131 55
0.0678232 46
0.0748712 35
0.0820713 34
0.0895464 29
0.096907 33
0.104653 26
0.111302 24
0.119694 31
0.126035 13
0.134328 32
0.141804 22
0.148449 24
0.156215 28
0.163824 23
0.17089 22
0.17782 22
0.185239 18
0.192674 20
0.199813 19
0.205771 13
0.214614 13
0.222703 15
0.230576 17
0.23655 11
0.245056 16
0.251644 24
0.257979 10
0.26681 12
0.273898 8
0.28186 14
0.288378 3
0.294315 7
0.30324 9
0.310222 15
0.318393 8
0.324338 6
0.332372 8
0.339483 9
0.347488 8
0.355721 9
0.363753 9
0.370014 6
0.376851 7
0.387447 2
0 0
0.397806 4
0.406209 2
0.414526 5
0.421423 4
0.427922 4
0.437157 1
0.444724 3
0.450434 3
0.458514 2
0 0
0.473457 3
0.478166 1
0.487754 2
0.49332 4
0.503587 2
0.513058 1
0.519172 1
0.525309 2
0.531969 3
0.540321 3
0.548944 1
0 0
0 0
0.568661 3
0.577189 3
0 0
0.590222 3
0.597935 1
0.60786 1
0.612862 1
0 0
0.627044 4
0 0
0 0
0 0
0 0
0 0
0.672731 1
0.680805 1
0.684213 1
0 0
0 0
0 0
0 0
0 0
0.730823 1
0.737924 2
0 0
0 0
0 0
0 0
0.772463 1
0.782127 1
0 0
0 0
0 0
0 0
0 0
0 0
0 0
0 0
0 0
0.859353 1
0 0
