-0.872851 2
0 0
0 0
0 0
0 0
-0.832283 1
0 0
0 0
0 0
0 0
0 0
0 0
0 0
0 0
0 0
0 0
0 0
0 0
0 0
0 0
0 0
-0.701764 1
0 0
-0.682322 1
0 0
0 0
0 0
-0.65274 1
0 0
0 0
0 0
0 0
0 0
0 0
0 0
0 0
-0.577611 1
-0.571848 1
0 0
0 0
-0.548554 1
0 0
-0.532571 2
0 0
0 0
0 0
-0.501664 4
0 0
0 0
0 0
-0.468918 1
-0.462964 1
-0.45461 1
-0.441029 1
-0.432958 1
-0.428274 3
-0.420357 3
-0.411884 2
0 0
-0.39465 2
-0.385109 1
-0.377478 1
-0.371967 5
-0.363064 4
-0.355937 6
-0.347035 11
-0.339474 4
-0.332191 7
-0.323169 7
-0.314001 4
-0.305855 5
-0.29757 5
-0.290695 5
-0.282532 13
-0.274652 13
-0.265455 8
-0.259753 14
-0.251449 20
-0.243411 16
-0.233226 14
-0.226082 16
-0.220023 13
-0.211069 21
-0.20176 19
-0.193554 19
-0.185695 21
-0.177999 18
-0.170578 27
-0.162542 22
-0.153932 28
-0.146225 36
-0.137497 41
-0.130636 36
-0.121196 46
-0.113713 60
-0.106302 50
-0.0979368 57
-0.0893827 59
-0.0817869 84
-0.0731665 97
-0.0653022 94
-0.0575311 98
-0.0496187 124
-0.0415768 118
-0.0334185 132
-0.0250502 163
-0.0171512 178
-0.00868194 209
-4.10145e-05 9397
0.00631618 267
0.0150413 168
0.0231629 164
0.0312794 123
0.0392795 96
0.0474271 87
0.0554879 86
0.0634187 59
0.0709254 48
0.0796159 47
0.087721 39
0.0953237 36
0.103682 29
0.112726 19
0.119728 11
0.128551 18
0.135872 13
0.144489 12
0.150979 6
0.159989 13
0.167288 10
0.174264 9
0.183826 8
0.192699 9
0.200874 7
0.208623 8
0.217274 3
0.222973 3
0.231875 3
0.241927 6
0.24756 5
0.25545 10
0.264248 7
0.274319 2
0.280281 10
0.290977 2
0.297258 7
0.30546 4
0 0
0.322299 6
0.33035 4
0.338657 4
0.343885 6
0.352698 4
0.36214 5
0.367922 1
0.379851 4
0.384165 2
0.393193 6
0.401671 4
0.410269 8
0.418187 10
0.426354 2
0.435857 2
0.444485 1
0.449459 3
0.458745 5
0.465405 4
0.47437 4
0.482634 1
0.489894 6
0.500351 4
0.507376 4
0.514844 2
0.52223 3
0.53333 2
0 0
0.546018 2
0.557095 4
0.565962 1
0.572308 2
0.577328 2
0 0
0.596283 1
0.603769 2
0.611966 1
0.617286 1
0 0
0 0
0 0
0 0
0 0
0.66688 1
0 0
0 0
0 0
0 0
0 0
0 0
0 0
0.729489 1
0.73636 1
