-0.448878 1
-0.441563 1
0 0
-0.422462 1
-0.413417 1
0 0
-0.405754 1
0 0
0 0
-0.380494 1
-0.375663 1
-0.366763 1
-0.358672 1
0 0
0 0
-0.336771 1
-0.329922 1
-0.322378 4
-0.317632 4
-0.311849 2
-0.302434 3
-0.295995 2
-0.288159 5
-0.281901 3
-0.27105 5
-0.26668 4
-0.26186 2
-0.25188 10
-0.24522 6
-0.238157 13
-0.230669 15
-0.223278 11
-0.21569 6
-0.208701 19
-0.201794 11
-0.194876 15
-0.187317 20
-0.180757 29
-0.17353 29
-0.165768 30
-0.159011 27
-0.151656 26
-0.143693 31
-0.137422 51
-0.129986 46
-0.122594 44
-0.116145 59
-0.10901 68
-0.10175 78
-0.0943366 93
-0.0873012 126
-0.0799859 113
-0.0727806 128
-0.0657479 153
-0.0587095 191
-0.051368 219
-0.0443209 245
-0.037021 250
-0.0298035 308
-0.0226149 369
-0.0154293 460
-0.00827148 699
-9.94888e-05 12214
0.00516548 1244
0.0128156 601
0.019752 458
0.0270983 310
0.0341814 278
0.0416092 243
0.0486197 176
0.0559143 157
0.0627727 134
0.0701871 113
0.0770402 103
0.0843298 87
0.0914774 75
0.0987641 51
0.105942 64
0.112942 41
0.120454 34
0.127772 35
0.134382 34
0.142609 31
0.148714 24
0.157047 21
0.163311 18
0.169941 20
0.177048 21
0.185026 12
0.19253 9
0.200204 7
0.207298 15
0.212579 9
0.220957 4
0.228841 8
0.233188 2
0.242677 2
0.250089 9
0.257931 4
0.263933 5
0.271742 5
0.277852 3
0.28393 5
0.292636 5
0.299466 6
0.306852 2
0.312712 2
0.320784 3
0.32668 1
0 0
0 0
0.349036 3
0 0
0 0
0 0
0.380595 2
0.385881 1
0 0
0.400703 1
0 0
0 0
0.420617 1
0 0
0 0
0 0
0.449191 3
0 0
0 0
0.46846 1
0.477841 1
0 0
0 0
0 0
0.505741 1
0 0
0.524647 1
0 0
0 0
0.541717 2
0 0
0 0
0 0
0 0
0.578393 1
0 0
0 0
0 0
0 0
0 0
0 0
0 0
0 0
0.644269 1
0 0
0 0
0 0
0 0
0.678691 1
0 0
0.692611 1
0 0
0 0
0 0
0 0
0 0
0.735311 1
0.741478 1
0 0
0 0
0 0
0 0
0.78141 1
0 0
0.793303 2
0 0
0.810935 1
0 0
0.820115 1
0.826191 1
0 0
0.845666 1
0 0
0 0
0.863915 2
0.870818 3
0 0
0 0
0.893864 1
0.903485 1
0.9045 1
0.91589 2
0 0
0.929361 1
0.937685 4
0.942297 1
0 0
0.958249 2
0.965438 5
0.971922 9
0.979758 6
0.983085 1
