-0.0995138 12
-0.0982979 9
-0.0971933 8
-0.0965044 10
-0.0953582 12
-0.0943714 12
-0.0933602 8
-0.0922449 12
-0.0912376 8
-0.0902452 9
-0.0891941 4
-0.0882257 4
-0.0874316 11
-0.0864454 13
-0.085374 17
-0.0843406 10
-0.0833108 14
-0.0824177 11
-0.081325 7
-0.0805169 13
-0.0793899 9
-0.0783483 14
-0.0773824 10
-0.0763528 10
-0.0751989 14
-0.0743261 10
-0.0733545 11
-0.0722796 14
-0.0713337 11
-0.0703967 10
-0.0694382 8
-0.0685282 12
-0.0673215 14
-0.0664624 13
-0.0653139 13
-0.0644814 15
-0.0634327 10
-0.0622893 9
-0.0614682 18
-0.0603959 6
-0.0594076 9
-0.0585061 13
-0.0574112 11
-0.0562502 5
-0.0555145 5
-0.0544515 11
-0.0536509 6
-0.052407 7
-0.0513468 13
-0.0503712 14
-0.0493161 17
-0.0482612 12
-0.0472971 12
-0.0462031 15
-0.0454216 7
-0.0445471 11
-0.0434765 8
-0.0425231 8
-0.0413231 10
-0.0403464 8
-0.0390986 9
-0.0385732 7
-0.0373575 12
-0.0365181 11
-0.0354464 13
-0.0344544 9
-0.0334608 8
-0.0322537 6
-0.0313917 6
-0.0303164 12
-0.0294452 7
-0.0283078 9
-0.0273286 13
-0.0265511 9
-0.0254853 9
-0.0244974 11
-0.0234641 3
-0.02242 15
-0.0214593 18
-0.020231 12
-0.0193676 12
-0.0183451 13
-0.0174223 9
-0.0165974 11
-0.0156311 16
-0.0143416 18
-0.0135215 10
-0.0125 15
-0.0113039 10
-0.0103804 9
-0.0092717 16
-0.00840077 10
-0.00742768 6
-0.00623122 13
-0.00532831 13
-0.00413241 9
-0.00328147 6
-0.0024107 11
-0.00143365 12
-0.000394025 12
0.000536199 7
0.00152281 14
0.00253618 12
0.00361157 17
0.00457174 11
0.00557532 14
0.00653177 10
0.00747668 16
0.00843531 9
0.00948131 7
0.0105187 17
0.0114913 11
0.0126272 16
0.0136181 11
0.0145943 10
0.0155486 11
0.0165287 7
0.0175685 9
0.0185221 11
0.0195128 13
0.0206528 8
0.0213752 9
0.0224946 9
0.0234377 8
0.0245802 7
0.0253207 9
0.0266165 8
0.0274735 10
0.0284901 9
0.029569 9
0.0305855 12
0.0315375 16
0.0324995 5
0.0334361 10
0.0346649 8
0.0354733 8
0.0366286 10
0.0375008 5
0.0386276 10
0.0394838 10
0.0404509 8
0.0416038 6
0.0425393 9
0.0436276 14
0.044474 7
0.0455045 14
0.0465452 11
0.0473782 9
0.0486534 13
0.0497334 8
0.0504557 4
0.0516219 13
0.0525408 14
0.0535073 8
0.0544889 12
0.0556532 6
0.0564388 11
0.0575037 16
0.0584782 15
0.0595037 6
0.0604551 14
0.0616855 8
0.0625755 10
0.06346 14
0.0644419 11
0.0655808 9
0.0663838 15
0.0674441 11
0.0685371 7
0.069567 10
0.0703982 10
0.0713412 7
0.0726019 12
0.0734883 12
0.0745756 13
0.0754264 9
0.0764571 9
0.0776268 7
0.0785206 10
0.0794959 9
0.0805339 13
0.0814834 10
0.0825197 8
0.0835598 8
0.0844891 17
0.0853604 11
0.0866138 12
0.0874891 9
0.0884935 10
0.0894092 13
0.0904528 14
0.0916151 11
0.0924386 11
0.0934762 12
0.0944687 11
0.0953197 12
0.0968285 8
0.0975413 11
0.0986015 7
0.09937 12
0.0999912 1
