-0.0995267 44
-0.0984565 30
-0.097471 32
-0.0964611 36
-0.0953855 22
-0.0945287 35
-0.0934837 29
-0.0924238 35
-0.0914364 35
-0.0905154 43
-0.0895586 31
-0.088378 27
-0.0875037 25
-0.0865483 24
-0.0854901 29
-0.0846031 35
-0.0835281 33
-0.0824644 34
-0.0813867 31
-0.0804534 35
-0.0793603 42
-0.0785517 33
-0.0775172 23
-0.0765668 31
-0.0755274 26
-0.0745204 32
-0.0734157 25
-0.0724642 34
-0.0714351 26
-0.0705431 35
-0.0695462 38
-0.0685115 26
-0.0674896 27
-0.0664465 34
-0.0654253 31
-0.0644564 31
-0.0633948 29
-0.0624563 25
-0.0614844 24
-0.0605425 31
-0.0595451 27
-0.0585125 35
-0.0575898 33
-0.0564585 38
-0.0554694 33
-0.0544299 30
-0.0534473 37
-0.0524815 28
-0.0515671 37
-0.0504793 27
-0.0495442 26
-0.0485135 37
-0.0474987 31
-0.0464742 32
-0.0454965 31
-0.0444967 27
-0.0434979 32
-0.0425336 24
-0.0414905 18
-0.0406005 31
-0.0394386 41
-0.0385583 46
-0.0375534 34
-0.0365243 27
-0.0355227 29
-0.0344856 45
-0.0334425 33
-0.0324343 30
-0.0316131 26
-0.0304591 33
-0.0294896 33
-0.0284593 27
-0.0276309 36
-0.0265041 28
-0.0255033 34
-0.0244969 25
-0.023471 41
-0.0226087 25
-0.0214474 31
-0.0204229 31
-0.0195753 25
-0.0186104 27
-0.0175713 46
-0.0165882 35
-0.0155628 51
-0.0144846 28
-0.0134899 31
-0.0124584 30
-0.0115705 34
-0.0105337 39
-0.00955637 37
-0.00847371 24
-0.00755078 27
-0.00650227 40
-0.00554976 33
-0.00450585 37
-0.00352074 25
-0.00249521 28
-0.00153793 31
-0.000625713 31
0.000421597 27
0.00143651 35
0.00251176 28
0.00346927 47
0.00450144 32
0.00542712 23
0.00646401 33
0.00742575 33
0.00855063 25
0.00958353 28
0.0104951 28
0.0114762 37
0.0124278 33
0.0134668 30
0.0144556 26
0.0153518 28
0.0165321 29
0.0173598 28
0.0184503 36
0.0193846 34
0.0202935 27
0.0215391 38
0.0225084 43
0.0234894 25
0.0244541 25
0.0254389 35
0.0264058 21
0.0274826 35
0.0283121 19
0.0294909 31
0.0305973 29
0.0315167 27
0.0324881 32
0.0333708 29
0.0344473 36
0.035491 29
0.0364238 27
0.0374032 29
0.0384731 33
0.0394048 35
0.0403908 28
0.0414691 37
0.042429 34
0.0434386 41
0.0445497 28
0.0454516 27
0.0464958 32
0.047533 20
0.0484897 35
0.0494186 26
0.0503675 36
0.0514237 40
0.0524296 28
0.0534502 35
0.0544788 32
0.055358 22
0.0563116 27
0.0574275 28
0.0584415 28
0.059414 25
0.0604738 33
0.0614155 22
0.0624744 35
0.0633944 40
0.0644001 30
0.0654848 22
0.0664123 31
0.0674455 26
0.0684461 29
0.0693456 31
0.0704359 37
0.0714128 33
0.0722876 27
0.0734064 21
0.0744167 21
0.0753928 22
0.0763809 28
0.0775205 30
0.0784509 31
0.0794296 39
0.0803938 28
0.081534 26
0.0824648 26
0.0835387 31
0.0844212 26
0.0854703 31
0.0864079 21
0.0873732 22
0.0883804 28
0.0894672 26
0.0903996 43
0.0914081 26
0.092539 26
0.0933313 38
0.0943243 26
0.0953836 28
0.0964841 35
0.097434 33
0.0984204 21
0.0994595 35
0.0999187 1
