-0.502157 1
0 0
-0.483055 1
-0.479447 1
-0.472244 1
0 0
-0.460161 1
0 0
0 0
-0.441805 1
-0.433349 1
0 0
0 0
0 0
-0.404664 1
-0.395671 1
0 0
0 0
-0.379101 2
0 0
-0.364791 2
-0.359808 3
-0.352225 4
0 0
-0.341702 1
-0.331215 1
-0.325427 3
-0.318281 4
-0.314056 2
-0.303283 3
-0.298633 10
-0.292489 3
-0.285445 6
-0.27996 6
-0.271823 10
-0.265245 7
-0.258964 8
-0.252051 6
-0.246827 8
-0.239295 6
-0.232428 10
-0.226366 7
-0.218542 12
-0.210629 8
-0.205885 7
-0.199152 22
-0.19194 13
-0.185285 11
-0.179459 15
-0.171577 14
-0.165581 7
-0.158144 14
-0.15199 18
-0.144687 19
-0.139664 18
-0.131352 19
-0.125528 22
-0.119068 23
-0.111848 28
-0.105641 28
-0.0982839 32
-0.0925215 33
-0.0853571 33
-0.0783703 43
-0.0719649 53
-0.0657127 54
-0.0591373 46
-0.0523156 61
-0.0457825 46
-0.0389624 72
-0.0323709 77
-0.0255544 90
-0.0190081 85
-0.012404 89
-0.00481943 157
4.87852e-05 9640
0.00719862 158
0.0145053 118
0.0212383 104
0.0277103 73
0.0345998 78
0.0409609 91
0.0479314 87
0.0542127 67
0.0611808 75
0.0677007 65
0.0739396 58
0.081241 46
0.0883159 36
0.0944474 39
0.101287 34
0.108004 31
0.11386 39
0.120982 32
0.128174 25
0.13396 35
0.14108 22
0.147705 26
0.153903 24
0.161195 16
0.167561 25
0.174079 14
0.180458 14
0.187751 11
0.19456 18
0.200795 21
0.207882 23
0.213866 17
0.220739 19
0.227792 13
0.234063 12
0.240669 15
0.247583 15
0.254009 19
0.260521 12
0.265832 9
0.273476 12
0.27932 4
0.287357 5
0.294041 9
0.300321 6
0.30821 9
0.314451 9
0.321101 5
0.329144 3
0.333088 5
0.341359 4
0.347968 10
0.354761 4
0.360086 2
0.367584 4
0.374361 6
0.381705 5
0.388578 3
0.393245 2
0.400269 4
0.404886 1
0.415015 3
0.421725 1
0.425609 1
0.433768 2
0.439939 2
0.448253 2
0.454745 4
0 0
0.469711 4
0.473624 3
0.48016 5
0.488174 4
0.493658 3
0.501114 3
0 0
0 0
0 0
0.528478 4
0.534333 2
0.539129 2
0.544896 2
0.555418 3
0.560937 2
0.566988 2
0.571731 1
0 0
0.588912 2
0.594734 2
0.598148 1
0 0
0 0
0.624244 1
0 0
0.635212 2
0 0
0 0
0.651798 1
0 0
0.668849 2
0 0
0 0
0 0
0 0
0.70119 1
0 0
0 0
0 0
0.725013 1
0 0
0.741015 1
0 0
0 0
0 0
0.768198 2
0 0
0 0
0 0
0 0
0 0
0 0
0 0
0 0
0 0
0.830972 1
