-0.472778 2
0 0
-0.456214 1
0 0
-0.443118 2
0 0
-0.424476 1
-0.420059 1
-0.409082 2
-0.402225 1
0 0
0 0
-0.386396 1
-0.375933 3
0 0
0 0
-0.351704 3
-0.34675 3
-0.3394 3
-0.332958 3
-0.323538 2
-0.316644 3
-0.30984 5
-0.302485 5
-0.295249 4
-0.288349 7
-0.2811 9
-0.27402 7
-0.266548 11
-0.258559 6
-0.251224 11
-0.244476 21
-0.236134 7
-0.230463 14
-0.222864 15
-0.214961 20
-0.207269 20
-0.200567 23
-0.192827 27
-0.185897 31
-0.179345 33
-0.171111 43
-0.163743 28
-0.156251 37
-0.149652 34
-0.142918 39
-0.135077 53
-0.128013 51
-0.120472 53
-0.112977 68
-0.105459 54
-0.0984685 71
-0.0916 87
-0.0836931 97
-0.0763044 98
-0.0693133 121
-0.0620351 157
-0.0550788 191
-0.0477711 220
-0.0401849 233
-0.032875 269
-0.0255112 279
-0.0183254 395
-0.0108936 503
-0.00147912 2873
0.000499817 10810
0.0105528 711
0.0180576 478
0.0253264 369
0.0326523 284
0.0397849 258
0.0470838 195
0.0547156 166
0.0619915 144
0.069024 139
0.076298 95
0.0837961 89
0.0908573 75
0.0981323 70
0.105585 46
0.113489 41
0.119729 36
0.128921 31
0.134779 39
0.14259 30
0.149468 31
0.156475 40
0.163278 25
0.171617 21
0.177914 14
0.184166 9
0.192999 16
0.19988 12
0.207799 20
0.213988 4
0.222006 15
0.229945 6
0.237529 12
0.244043 12
0.251525 14
0.258088 2
0.266004 5
0.272998 4
0.280793 3
0.285653 1
0.293855 2
0.304597 2
0.30978 1
0.318419 2
0.32654 3
0.333808 3
0.340357 1
0.344099 3
0.353193 1
0.363291 1
0.370718 1
0.374691 1
0 0
0.391376 1
0 0
0.404485 1
0.409573 1
0.418211 1
0.426162 1
0 0
0.440455 1
0 0
0 0
0 0
0 0
0.480402 1
0 0
0.49375 2
0.499335 1
0 0
0 0
0 0
0 0
0 0
0 0
0 0
0.558378 1
0 0
0 0
0.579613 2
0 0
0 0
0 0
0 0
0 0
0 0
0 0
0 0
0 0
0.652197 1
0 0
0 0
0 0
0.68228 2
0 0
0 0
0 0
0 0
0 0
0 0
0 0
0 0
0 0
0.757486 1
0 0
0 0
0 0
0.786331 3
0 0
0.80153 1
0.807523 1
0 0
0 0
0.828071 2
0 0
0.843208 2
0 0
0 0
0 0
0 0
0.87991 3
0.88502 1
0.891761 1
0.902131 1
0 0
0 0
0.921224 2
0.932786 2
0 0
0 0
0.951812 3
0.957604 2
0.966128 5
0.974826 10
0.980115 6
0.98499 1
