-0.61461 1
0 0
0 0
0 0
0 0
0 0
0 0
0 0
0 0
-0.564537 1
0 0
-0.552839 1
0 0
0 0
-0.536144 1
-0.529226 1
0 0
0 0
-0.514201 1
0 0
0 0
-0.495333 1
0 0
0 0
-0.479288 2
-0.471848 2
-0.468018 3
0 0
-0.456889 1
-0.450242 1
-0.444754 3
-0.439944 2
0 0
-0.429626 2
0 0
-0.416824 3
-0.413528 1
-0.406802 4
-0.401621 5
-0.393394 1
-0.388704 1
-0.386746 2
-0.379634 3
-0.373747 2
-0.366799 4
0 0
-0.357165 2
-0.351789 5
-0.344836 4
-0.340708 7
-0.333333 2
-0.328998 5
-0.324714 6
-0.319381 8
-0.313265 6
-0.307511 7
-0.301618 5
-0.296571 6
-0.29127 7
-0.284736 7
-0.28095 9
-0.275192 10
-0.268997 7
-0.263413 14
-0.257963 11
-0.252363 10
-0.246055 12
-0.242063 13
-0.236165 15
-0.229118 19
-0.22493 8
-0.219381 12
-0.21359 11
-0.207311 16
-0.201922 13
-0.197453 21
-0.191691 16
-0.186314 13
-0.180118 10
-0.175134 32
-0.169174 20
-0.16371 22
-0.158043 30
-0.15236 20
-0.147393 28
-0.141797 18
-0.135931 18
-0.130964 28
-0.125133 17
-0.118702 23
-0.113488 33
-0.10843 29
-0.10245 27
-0.0969131 33
-0.0915887 31
-0.0859622 38
-0.0804912 36
-0.0747787 42
-0.0697759 51
-0.063941 66
-0.0586311 62
-0.053321 65
-0.047487 69
-0.0422109 80
-0.0366152 74
-0.0307572 105
-0.0252326 109
-0.0196637 139
-0.0143461 137
-0.00864632 200
-0.00146834 1349
0.000372738 14440
0.00755947 588
0.0130727 419
0.0187443 289
0.024245 227
0.0298178 165
0.0354034 159
0.0409141 103
0.0462875 126
0.0517063 89
0.0576934 85
0.0629743 86
0.0688123 48
0.0743782 55
0.0791695 48
0.0849767 37
0.090454 45
0.0965221 37
0.101593 24
0.107862 22
0.113444 32
0.118753 18
0.123731 23
0.129747 29
0.135649 28
0.141077 16
0.145694 22
0.151463 21
0.157097 23
0.16196 17
0.168379 12
0.173089 20
0.17918 10
0.185258 15
0.190154 15
0.195681 13
0.20168 9
0.207218 12
0.212817 8
0.218755 12
0.223186 5
0.229797 8
0.234424 9
0.23937 10
0.245098 4
0.251187 9
0.256387 8
0.261651 6
0.267366 9
0.273185 7
0.279123 9
0.284447 4
0.291169 8
0.296262 1
0.301302 5
0.306647 3
0.312927 6
0.317661 3
0.323977 2
0.328529 2
0.333549 1
0.341808 1
0.344428 3
0.351815 3
0.355466 3
0.361006 1
0.369306 1
0.375045 2
0.380952 2
0.383953 2
0 0
0 0
0.398987 2
0 0
0.413425 1
0 0
0.423915 4
0 0
0.433054 1
0 0
0.445076 1
0.450984 1
0 0
0 0
0 0
0 0
0 0
0 0
0 0
0.491925 1
